survYears 71 72 73 74 75 76 77 78 79 80 81 82 83 84 85 86 87 88 89 90 91 92 93 94 95 96 97 98 99
SurvLenYear 71 72 73 74 75 76 77 78 79 80 81 82 83 84 85 86 87 88 89 90 91 92 93 94 95 96 97 98 99
catchBiomass 5125.88 5042.5 5564.04 5532.1 6553.92 9144.05 11987.9 11787.7 16489.2 32119.4 44071.8 63098.6 73847.6 102893 102888 96397.7 89119.6 82619.6 83550.4 84471.8 83217.7 88693.7 93364.6 98580.5 107773 128251 115678 108020 148755
steep0.999
25
Out
1 0 38087.4

Initial statistics: 76 variables; iteration 0; function evaluation 0; phase 1
Function value   3.8087416e+04; maximum gradient component mag  -2.6455e+05
Var   Value    Gradient   |Var   Value    Gradient   |Var   Value    Gradient
  1  0.24563  2.39687e+03 |  2  0.24838  4.36373e+03 |  3  0.22365  3.34664e+03
  4  0.20455  2.60333e+03 |  5  0.19480  2.42695e+03 |  6  0.16597  1.25329e+03
  7  0.16647  1.49969e+03 |  8  0.14388  8.77254e+02 |  9  0.12521  5.60724e+02
 10  0.11752  5.94387e+02 | 11  0.08319  1.15295e+02 | 12  0.08500  2.98540e+02
 13  0.07049  2.17891e+02 | 14  0.04331 -8.20937e+01 | 15  0.06924  2.57076e+02
 16 -0.02060 -6.15988e+03 | 17  0.00000 -2.04724e+04 | 18  0.00000 -1.53729e+03
 19  0.00000 -4.38628e+03 | 20  0.00000 -6.14549e+02 | 21  0.00000  2.02463e+03
 22  0.00000  8.09930e+02 | 23  0.00000 -7.46092e+02 | 24  0.00000  8.29064e+03
 25  0.00000  1.28624e+04 | 26  0.00000  6.93813e+03 | 27  0.00000  7.30377e+03
 28  0.00000  4.73364e+03 | 29  0.00000  6.22426e+03 | 30  0.00000  1.89729e+02
 31  0.00000 -1.49972e+03 | 32  0.00000 -1.35093e+03 | 33  0.00000 -5.62931e+02
 34  0.00000  5.94921e+02 | 35  0.00000  6.25381e+02 | 36  0.00000  9.12074e+02
 37  0.00000  2.80864e+03 | 38  0.00000  2.26251e+03 | 39  0.00000  2.42310e+03
 40  0.00000  3.73872e+03 | 41  0.00000  3.50921e+03 | 42  0.00000 -1.38001e+03
 43  0.00000 -1.53649e+03 | 44  0.00000 -4.03423e+03 | 45  0.00000 -2.81307e+04
 46  0.11490 -2.64552e+05 | 47  0.00000  6.72853e+04 | 48  0.00000  6.01460e+04
 49  0.00000  5.47356e+04 | 50  0.00000  4.58997e+04 | 51  0.00000  3.87681e+04
 52  0.00000  3.39149e+04 | 53  0.00000  2.53098e+04 | 54  0.00000  1.14460e+04
 55  0.00000  1.45031e+02 | 56  0.00000 -7.24027e+03 | 57  0.00000 -1.40519e+04
 58  0.00000 -1.94951e+04 | 59  0.00000 -2.23669e+04 | 60  0.00000 -2.01502e+04
 61  0.00000 -1.79446e+04 | 62  0.00000 -1.71864e+04 | 63  0.00000 -1.67401e+04
 64  0.00000 -1.68559e+04 | 65  0.00000 -1.72587e+04 | 66  0.00000 -1.88377e+04
 67  0.00000 -2.04654e+04 | 68  0.00000 -2.15303e+04 | 69  0.00000 -2.37251e+04
 70  0.00000 -2.61590e+04 | 71  0.00000 -2.56472e+04 | 72  0.00000 -2.22916e+04
 73  0.00000 -1.76120e+04 | 74  0.00000 -4.45640e+03 | 75  0.00000  1.23641e+04
 76  0.01503  3.55701e+04 |
1 0 38087.4
1 0 38087.2
1 0 38085.2
1 0 38065.2
1 0 37867.8
1 0 36127.8
1 0 32532.3
1 0 31315.5
1 0 29434.3
1 0 28250
1 0 26783.7
1 0 33928
1 0 26487.1
1 0 26243.8
1 0 26138.1
1 0 26118.3

Intermediate statistics: 76 variables; iteration 10; function evaluation 16; phase 1
Function value   2.6118361e+04; maximum gradient component mag  -1.0838e+05
Var   Value    Gradient   |Var   Value    Gradient   |Var   Value    Gradient
  1  0.22461  6.44612e+01 |  2  0.22994  3.23890e+02 |  3  0.20920  2.46844e+02
  4  0.19205  2.15988e+02 |  5  0.18086  2.47751e+02 |  6  0.16012  1.03711e+02
  7  0.15574  1.92831e+02 |  8  0.13825  1.03844e+02 |  9  0.12209  6.04445e+01
 10  0.11127  1.11448e+02 | 11  0.08526 -3.78554e+01 | 12  0.08149  6.44217e+01
 13  0.06790  4.28511e+01 | 14  0.04852 -1.03927e+02 | 15  0.06514  7.72669e+01
 16  0.11275 -8.06743e+03 | 17  0.31864  2.82603e+03 | 18 -0.04830  1.55792e+03
 19 -0.05498 -1.09691e+04 | 20 -0.05925  9.46982e+02 | 21 -0.06652  3.93843e+03
 22 -0.06010  6.60004e+02 | 23 -0.04259 -2.99879e+03 | 24 -0.00451  7.52945e+03
 25  0.04475  3.99945e+03 | 26  0.00369  4.61347e+03 | 27  0.11241  1.86815e+03
 28  0.07182  2.36236e+02 | 29  0.10802  1.93406e+03 | 30 -0.05072 -4.16144e+03
 31 -0.04223 -2.69367e+03 | 32  0.00201  1.61551e+03 | 33 -0.01307 -1.12677e+03
 34 -0.01597 -4.90268e+02 | 35 -0.02116 -7.06129e+02 | 36 -0.00358  1.53281e+03
 37 -0.00212  1.86975e+03 | 38 -0.03379 -2.09988e+03 | 39 -0.01236 -2.02315e+02
 40  0.01634  4.74818e+03 | 41 -0.00901 -5.56625e+02 | 42 -0.02624  1.08986e+03
 43  0.00011  1.90125e+03 | 44 -0.03459 -5.95749e+03 | 45 -0.06310 -1.13887e+04
 46  0.15482 -1.08377e+05 | 47 -0.02394  5.82668e+03 | 48 -0.08887 -4.29339e+03
 49 -0.01717  1.63214e+04 | 50 -0.00859  1.61779e+04 | 51 -0.01970  9.11406e+03
 52 -0.03362  7.61921e+03 | 53 -0.04454  6.57247e+03 | 54 -0.04782  5.90215e+02
 55 -0.00343  2.58752e+03 | 56 -0.02493  1.23952e+02 | 57 -0.00653 -2.43662e+03
 58 -0.01028 -9.55693e+03 | 59  0.06508 -9.70302e+02 | 60  0.00164 -4.22400e+03
 61 -0.03306 -4.21840e+03 | 62  0.02522 -4.59774e+03 | 63  0.01905 -3.04920e+03
 64  0.02499 -2.01075e+03 | 65  0.00329 -2.86363e+03 | 66  0.01547 -3.06781e+03
 67  0.04200 -3.38394e+03 | 68 -0.01418 -4.71169e+03 | 69  0.00642 -4.84880e+03
 70  0.02971 -5.16917e+03 | 71  0.04876 -7.64701e+02 | 72 -0.02747 -5.03912e+03
 73  0.04535 -4.83062e+03 | 74  0.07231 -3.73346e+02 | 75  0.00361  4.69934e+03
 76  0.21162  2.35226e+04 |
1 0 26082.9
1 0 26020
1 0 25907.4
1 0 25935.8
1 0 25857.6
1 0 25851.4
1 0 25841.8
1 0 25828.4
1 0 25825.1
1 0 25820
1 0 25814.6
76 variables; iteration 20; function evaluation 27; phase 1
Function value   2.5815027e+04; maximum gradient component mag  -9.7458e+04
Var   Value    Gradient   |Var   Value    Gradient   |Var   Value    Gradient
  1  0.23383  4.66502e+01 |  2  0.24919  4.63966e+02 |  3  0.22398  3.22147e+02
  4  0.20174  2.50131e+02 |  5  0.18617  2.46072e+02 |  6  0.16507  1.24257e+02
  7  0.15586  1.65234e+02 |  8  0.13921  1.00776e+02 |  9  0.12324  7.02901e+01
 10  0.10854  6.85742e+01 | 11  0.08951  6.31356e+00 | 12  0.07951  3.78874e+01
 13  0.06672  1.55735e+01 | 14  0.05574 -3.94515e+01 | 15  0.06176  3.91975e+01
 16  0.14114 -1.27133e+04 | 17  0.29365  3.34601e+03 | 18 -0.06286 -4.51682e+03
 19 -0.05720 -7.80547e+03 | 20 -0.04516  6.68043e+03 | 21 -0.07027 -1.89816e+03
 22 -0.06619 -3.05421e+03 | 23 -0.03876  7.56185e+02 | 24 -0.00364  6.79733e+03
 25  0.10245  2.98409e+03 | 26 -0.00588  3.29743e+03 | 27  0.17102  2.90466e+03
 28  0.11965  9.92132e+02 | 29  0.17225  3.18612e+03 | 30 -0.05735 -1.91609e+03
 31 -0.04918 -9.36586e+02 | 32 -0.00907  1.89855e+03 | 33 -0.02248  9.59323e+02
 34 -0.02988 -5.33472e+02 | 35 -0.03165 -1.30960e+02 | 36 -0.01994  2.28959e+02
 37 -0.01782  2.96714e+02 | 38 -0.04930 -4.04598e+03 | 39 -0.03353  2.00307e+02
 40  0.00092  3.33335e+03 | 41 -0.01909  7.84056e+02 | 42 -0.03843 -2.25051e+03
 43 -0.00670  3.57755e+03 | 44 -0.04258 -7.83684e+03 | 45 -0.07304 -1.10020e+04
 46  0.15757 -9.74585e+04 | 47 -0.02675  2.67764e+03 | 48 -0.09247 -3.98157e+03
 49 -0.03350  1.34307e+04 | 50 -0.01931  7.36776e+03 | 51 -0.02209  8.31312e+03
 52 -0.03670  8.08240e+03 | 53 -0.04682  7.08235e+03 | 54 -0.04704  4.14666e+03
 55 -0.00378  2.44488e+03 | 56 -0.02479  1.99938e+03 | 57 -0.01004 -2.51073e+03
 58 -0.01097 -8.22960e+03 | 59  0.06749  6.19058e+03 | 60  0.00317 -3.69266e+03
 61 -0.02349 -3.80043e+03 | 62  0.02857 -1.18481e+03 | 63  0.02256 -2.42967e+03
 64  0.02354 -2.22018e+03 | 65  0.00694 -3.68604e+03 | 66  0.01503 -4.06649e+03
 67  0.04499 -2.98102e+03 | 68  0.00465 -4.12548e+03 | 69 -0.00392 -4.72862e+03
 70  0.03118 -4.16059e+03 | 71  0.04646 -2.24435e+03 | 72 -0.02925 -5.35961e+03
 73  0.04066 -8.17312e+03 | 74  0.07409 -9.18080e+02 | 75  0.01779  4.19985e+03
 76  0.21478  2.32377e+04 |
1 0 25814.8
1 0 25812
1 0 25808.8
1 0 25809.2
1 0 25807.2
1 0 25805.1
1 0 25804.1
1 0 25802.9
1 0 25801.9
1 0 25800.5
1 0 25799.4
1 0 25800.7
1 0 25799.3
76 variables; iteration 30; function evaluation 40; phase 1
Function value   2.5799310e+04; maximum gradient component mag  -9.7107e+04
Var   Value    Gradient   |Var   Value    Gradient   |Var   Value    Gradient
  1  0.24811  7.04722e+01 |  2  0.26329  5.46962e+02 |  3  0.23711  4.01890e+02
  4  0.21160  2.90090e+02 |  5  0.19230  2.50596e+02 |  6  0.17009  1.38935e+02
  7  0.15667  1.43528e+02 |  8  0.13992  9.51738e+01 |  9  0.12357  6.98465e+01
 10  0.10695  4.12143e+01 | 11  0.09257  3.50753e+01 | 12  0.07828  1.54660e+01
 13  0.06712 -1.13309e+00 | 14  0.06237  1.25391e+01 | 15  0.05927  6.54172e+00
 16  0.14280 -1.24531e+04 | 17  0.29814  3.40485e+03 | 18 -0.06138 -4.02921e+03
 19 -0.05697 -8.11792e+03 | 20 -0.04371  7.37271e+03 | 21 -0.07037 -1.58897e+03
 22 -0.06549 -2.35008e+03 | 23 -0.03913  7.54828e+02 | 24 -0.00702  6.84424e+03
 25  0.10149  3.04904e+03 | 26 -0.00770  3.17583e+03 | 27  0.15421  2.80876e+03
 28  0.11951  9.94627e+02 | 29  0.19939  3.51306e+03 | 30 -0.05692 -2.18365e+03
 31 -0.04923 -1.03423e+03 | 32 -0.00923  2.32113e+03 | 33 -0.02311  9.52079e+02
 34 -0.03007 -5.81261e+02 | 35 -0.03159 -2.49324e+02 | 36 -0.02047  2.48816e+02
 37 -0.01790  3.68934e+02 | 38 -0.05052 -4.39657e+03 | 39 -0.03616  2.70928e+02
 40  0.00236  3.90829e+03 | 41 -0.01965  6.01124e+02 | 42 -0.03858 -2.13580e+03
 43 -0.00898  3.65107e+03 | 44 -0.04021 -6.96346e+03 | 45 -0.07545 -1.14753e+04
 46  0.15829 -9.71074e+04 | 47 -0.02856  2.54425e+03 | 48 -0.09324 -3.91682e+03
 49 -0.03440  1.42190e+04 | 50 -0.01929  8.23675e+03 | 51 -0.02352  8.38878e+03
 52 -0.03798  7.70793e+03 | 53 -0.04477  7.60075e+03 | 54 -0.04957  3.40849e+03
 55 -0.00347  2.73791e+03 | 56 -0.02569  2.19043e+03 | 57 -0.01080 -2.73154e+03
 58 -0.01252 -9.12847e+03 | 59  0.06604  6.19366e+03 | 60  0.00413 -3.32739e+03
 61 -0.02366 -3.66526e+03 | 62  0.02784 -1.51451e+03 | 63  0.02092 -2.82255e+03
 64  0.02199 -2.58370e+03 | 65  0.00676 -3.75492e+03 | 66  0.01381 -4.15241e+03
 67  0.04482 -3.00600e+03 | 68  0.00777 -3.74676e+03 | 69 -0.01024 -4.52005e+03
 70  0.03082 -4.24227e+03 | 71  0.04598 -1.62428e+03 | 72 -0.02390 -5.03619e+03
 73  0.03805 -7.72474e+03 | 74  0.07545 -1.33469e+03 | 75  0.03532  4.31939e+03
 76  0.21259  2.25725e+04 |
1 0 25798.6
1 0 25798.1
1 0 25797.7
1 0 25797.4
1 0 25796.8
1 0 25796.4
1 0 25796
1 0 25795.8
1 0 25795.3
1 0 25794.8
76 variables; iteration 40; function evaluation 50; phase 1
Function value   2.5795104e+04; maximum gradient component mag  -9.7663e+04
Var   Value    Gradient   |Var   Value    Gradient   |Var   Value    Gradient
  1  0.26998  1.51923e+02 |  2  0.27385  5.72805e+02 |  3  0.24634  4.36614e+02
  4  0.22175  3.33718e+02 |  5  0.20207  2.86529e+02 |  6  0.17733  1.47676e+02
  7  0.16210  1.49183e+02 |  8  0.14273  8.85890e+01 |  9  0.12481  5.80875e+01
 10  0.10883  4.32437e+01 | 11  0.09364  2.68790e+01 | 12  0.08030  1.13447e+01
 13  0.07094  6.02328e+00 | 14  0.06577  1.68888e+01 | 15  0.06081 -5.83742e-01
 16  0.14297 -1.24730e+04 | 17  0.30442  3.34443e+03 | 18 -0.06194 -4.22344e+03
 19 -0.05747 -8.13647e+03 | 20 -0.04471  7.03289e+03 | 21 -0.07081 -1.87459e+03
 22 -0.06501 -2.24938e+03 | 23 -0.03906  5.29334e+02 | 24 -0.00631  6.72606e+03
 25  0.10040  2.95817e+03 | 26 -0.00856  2.89972e+03 | 27  0.15583  2.74436e+03
 28  0.12017  9.51943e+02 | 29  0.19138  3.35066e+03 | 30 -0.05663 -2.32002e+03
 31 -0.04841 -7.53638e+02 | 32 -0.00908  2.29421e+03 | 33 -0.02312  8.63833e+02
 34 -0.03035 -7.31112e+02 | 35 -0.03191 -4.08180e+02 | 36 -0.02095  1.05469e+02
 37 -0.01836  1.90056e+02 | 38 -0.05057 -4.41912e+03 | 39 -0.03681 -3.83154e+01
 40  0.00174  3.76639e+03 | 41 -0.01933  9.56307e+02 | 42 -0.03821 -1.89064e+03
 43 -0.00851  3.56171e+03 | 44 -0.04028 -7.03012e+03 | 45 -0.07570 -1.15996e+04
 46  0.15895 -9.76626e+04 | 47 -0.02882  2.61275e+03 | 48 -0.09383 -3.94578e+03
 49 -0.03475  1.39621e+04 | 50 -0.02010  8.08464e+03 | 51 -0.02476  8.17937e+03
 52 -0.03871  7.64025e+03 | 53 -0.04603  7.42829e+03 | 54 -0.04961  3.51915e+03
 55 -0.00379  2.65481e+03 | 56 -0.02651  2.19621e+03 | 57 -0.01164 -3.00734e+03
 58 -0.01295 -9.04891e+03 | 59  0.06496  6.05964e+03 | 60  0.00370 -3.32055e+03
 61 -0.02267 -3.59641e+03 | 62  0.02705 -1.66229e+03 | 63  0.02045 -2.92960e+03
 64  0.02135 -2.67487e+03 | 65  0.00638 -3.79057e+03 | 66  0.01324 -4.19663e+03
 67  0.04418 -2.98527e+03 | 68  0.00805 -3.65197e+03 | 69 -0.01083 -4.39376e+03
 70  0.03061 -3.66447e+03 | 71  0.04523 -1.67293e+03 | 72 -0.02554 -5.11026e+03
 73  0.03753 -7.75956e+03 | 74  0.07493 -1.46249e+03 | 75  0.04972  4.39911e+03
 76  0.21237  2.27133e+04 |
1 0 25794.5
1 0 25794.6
1 0 25794.4
1 0 25794.2
1 0 25794.3
1 0 25794.1
1 0 25794
1 0 25793.7
1 0 25793.2
1 0 25792.3
1 0 25791.3
1 0 25790.1
76 variables; iteration 50; function evaluation 62; phase 1
Function value   2.5790353e+04; maximum gradient component mag  -9.6526e+04
Var   Value    Gradient   |Var   Value    Gradient   |Var   Value    Gradient
  1  0.28141  1.98357e+02 |  2  0.27908  5.83769e+02 |  3  0.24803  4.11113e+02
  4  0.22363  3.12954e+02 |  5  0.20773  2.96633e+02 |  6  0.18823  1.94001e+02
  7  0.17390  1.83413e+02 |  8  0.15369  1.09252e+02 |  9  0.13409  7.09298e+01
 10  0.11549  4.04114e+01 | 11  0.09981  1.88440e+01 | 12  0.08920  2.71954e+01
 13  0.07882  1.35279e+01 | 14  0.07107 -5.70441e+00 | 15  0.07070  1.72842e+01
 16  0.14325 -1.22725e+04 | 17  0.30793  3.34008e+03 | 18 -0.06156 -3.97405e+03
 19 -0.05760 -8.05693e+03 | 20 -0.04460  7.05421e+03 | 21 -0.06999 -1.72435e+03
 22 -0.06497 -2.41894e+03 | 23 -0.03872  5.81405e+02 | 24 -0.00631  6.86095e+03
 25  0.10023  2.93714e+03 | 26 -0.00803  3.02755e+03 | 27  0.15693  2.75328e+03
 28  0.11831  9.07424e+02 | 29  0.19192  3.35308e+03 | 30 -0.05599 -2.03637e+03
 31 -0.04832 -6.96913e+02 | 32 -0.00985  2.07643e+03 | 33 -0.02332  8.19021e+02
 34 -0.03053 -7.11808e+02 | 35 -0.03226 -3.44632e+02 | 36 -0.02151  1.23025e+02
 37 -0.01732  3.19773e+02 | 38 -0.05121 -4.47258e+03 | 39 -0.03708 -1.62489e+02
 40  0.00134  3.73379e+03 | 41 -0.02075  7.95251e+02 | 42 -0.03820 -1.84229e+03
 43 -0.00888  3.54810e+03 | 44 -0.04056 -7.04515e+03 | 45 -0.07604 -1.16360e+04
 46  0.15843 -9.65261e+04 | 47 -0.02850  3.12025e+03 | 48 -0.09352 -3.96108e+03
 49 -0.03468  1.39671e+04 | 50 -0.02072  7.92152e+03 | 51 -0.02443  8.27776e+03
 52 -0.03901  7.48976e+03 | 53 -0.04511  7.62719e+03 | 54 -0.04965  3.24710e+03
 55 -0.00368  2.68506e+03 | 56 -0.02593  2.15937e+03 | 57 -0.01129 -3.10633e+03
 58 -0.01251 -9.04413e+03 | 59  0.06497  6.16372e+03 | 60  0.00374 -3.44421e+03
 61 -0.02204 -3.68502e+03 | 62  0.02733 -1.65753e+03 | 63  0.02082 -2.84473e+03
 64  0.02197 -2.57452e+03 | 65  0.00667 -3.83085e+03 | 66  0.01219 -4.34611e+03
 67  0.04527 -2.89757e+03 | 68  0.00609 -3.84482e+03 | 69 -0.00960 -4.36608e+03
 70  0.03188 -3.55287e+03 | 71  0.04495 -1.70352e+03 | 72 -0.02411 -5.11571e+03
 73  0.03792 -7.78641e+03 | 74  0.07535 -1.47267e+03 | 75  0.04224  4.29656e+03
 76  0.21098  2.23621e+04 |
1 0 25788.9
1 0 25788.2
1 0 25786.8
1 0 25785.2
1 0 25782.5
1 0 25778.5
1 0 25773.3
1 0 25764.9
1 0 25756.4
1 0 25748.4
76 variables; iteration 60; function evaluation 72; phase 1
Function value   2.5748603e+04; maximum gradient component mag  -9.6308e+04
Var   Value    Gradient   |Var   Value    Gradient   |Var   Value    Gradient
  1  0.26972  1.11141e+02 |  2  0.27737  5.30049e+02 |  3  0.24773  3.66650e+02
  4  0.22101  2.28782e+02 |  5  0.21170  3.00909e+02 |  6  0.19309  2.10847e+02
  7  0.17251  1.07394e+02 |  8  0.16264  6.98911e+01 |  9  0.16845  1.57273e+02
 10  0.16877  1.73036e+02 | 11  0.16001  1.02578e+02 | 12  0.15724  1.18595e+02
 13  0.15341  1.27455e+02 | 14  0.14301  3.38572e+01 | 15  0.14875  1.15159e+02
 16  0.14290 -1.23281e+04 | 17  0.30709  3.32435e+03 | 18 -0.06226 -4.53698e+03
 19 -0.05779 -7.98512e+03 | 20 -0.04605  6.56410e+03 | 21 -0.06973 -1.68062e+03
 22 -0.06457 -2.28396e+03 | 23 -0.03951  4.92167e+02 | 24 -0.01040  6.23107e+03
 25  0.09826  2.90358e+03 | 26 -0.00622  3.21507e+03 | 27  0.15760  2.70492e+03
 28  0.12306  9.49501e+02 | 29  0.19150  3.30422e+03 | 30 -0.05590 -2.03943e+03
 31 -0.04771 -4.44195e+02 | 32 -0.00832  2.26726e+03 | 33 -0.02552  5.22624e+02
 34 -0.03063 -7.02329e+02 | 35 -0.02744 -3.86991e+02 | 36 -0.02372  4.91145e+02
 37 -0.01860  4.54597e+02 | 38 -0.05221 -4.51008e+03 | 39 -0.03810 -5.03956e+02
 40  0.00161  3.81983e+03 | 41 -0.01860  1.02240e+03 | 42 -0.03738 -1.80454e+03
 43 -0.00980  3.56553e+03 | 44 -0.04163 -7.06473e+03 | 45 -0.07519 -1.15766e+04
 46  0.15912 -9.63079e+04 | 47 -0.02906  2.63412e+03 | 48 -0.09441 -3.97434e+03
 49 -0.03461  1.37815e+04 | 50 -0.02202  7.74020e+03 | 51 -0.02517  8.05037e+03
 52 -0.03934  7.15131e+03 | 53 -0.04462  7.27531e+03 | 54 -0.05177  2.97489e+03
 55 -0.00506  2.67644e+03 | 56 -0.02508  2.54557e+03 | 57 -0.01189 -3.18209e+03
 58 -0.01207 -8.22513e+03 | 59  0.06452  6.40241e+03 | 60  0.00060 -3.65262e+03
 61 -0.02361 -3.67560e+03 | 62  0.02877 -1.47947e+03 | 63  0.01863 -2.88668e+03
 64  0.01621 -2.55939e+03 | 65  0.01561 -2.53200e+03 | 66  0.01051 -3.73220e+03
 67  0.04562 -2.78705e+03 | 68  0.00387 -3.96961e+03 | 69 -0.01092 -4.25835e+03
 70  0.02982 -3.72348e+03 | 71  0.04452 -1.56268e+03 | 72 -0.01901 -4.75637e+03
 73  0.03829 -7.49105e+03 | 74  0.07375 -1.49425e+03 | 75  0.05753  4.44833e+03
 76  0.20994  2.23558e+04 |
1 0 25736.1
1 0 25726.5
1 0 25711
1 0 25683.1
1 0 25644
1 0 25568.7
1 0 25138.8
1 0 24329.3
1 0 31280.9
1 0 24188.2
1 0 23938.2
1 0 24030.8
1 0 23837.2
76 variables; iteration 70; function evaluation 85; phase 1
Function value   2.3837475e+04; maximum gradient component mag  -4.7066e+04
Var   Value    Gradient   |Var   Value    Gradient   |Var   Value    Gradient
  1  0.20389 -1.75486e+02 |  2  0.27578  6.66178e+02 |  3  0.27238  1.13037e+03
  4  0.11603 -8.08513e+02 |  5  0.22729  1.04310e+03 |  6  0.13108  2.42797e+00
  7  0.05435 -2.98622e+02 |  8  0.07166  1.75226e+02 |  9  0.04076 -1.52146e+02
 10  0.05828  1.01717e+02 | 11  0.04888 -2.39847e+02 | 12  0.11546  1.78374e+02
 13  0.14258 -2.84081e+01 | 14  0.20875  6.67854e+02 | 15  0.18719  1.86417e+02
 16  0.15811 -2.61789e+03 | 17  0.18452  1.64884e+03 | 18 -0.06545 -3.47920e+03
 19 -0.06906 -6.09251e+03 | 20 -0.05470  3.52947e+03 | 21 -0.05615  7.21358e+02
 22 -0.05099 -2.40625e+03 | 23 -0.03346 -1.27691e+03 | 24 -0.01667  1.89326e+03
 25  0.10479  1.65490e+03 | 26 -0.00917  1.97827e+03 | 27  0.16682  1.33201e+03
 28  0.14942 -3.27425e+02 | 29  0.23315  2.13281e+03 | 30 -0.03503 -6.34577e+02
 31 -0.03502 -1.51596e+03 | 32 -0.01980  4.64588e+03 | 33 -0.02446  2.22775e+03
 34 -0.03384 -9.68561e+02 | 35 -0.02712  1.04815e+02 | 36 -0.02764 -3.98811e+02
 37 -0.02653  3.90918e+02 | 38 -0.03436 -9.98880e+02 | 39 -0.02317 -1.59057e+03
 40 -0.01754  2.69267e+03 | 41 -0.02416  1.93156e+03 | 42 -0.03633 -3.14495e+03
 43 -0.02120  3.21591e+03 | 44 -0.04591 -4.92875e+03 | 45 -0.04506 -5.91314e+03
 46  0.15441 -4.70660e+04 | 47 -0.02359  1.10061e+04 | 48 -0.07111 -2.26470e+03
 49 -0.03965  1.04123e+04 | 50 -0.04205  3.04243e+03 | 51 -0.03915  1.73930e+03
 52 -0.04406  2.09014e+03 | 53 -0.04448  2.69253e+03 | 54 -0.04969  8.41010e+02
 55 -0.00468 -8.38190e+02 | 56 -0.02500 -1.39366e+03 | 57 -0.00725 -4.18829e+03
 58 -0.00536 -7.48488e+03 | 59  0.05109  7.46041e+03 | 60  0.02202  7.25983e+02
 61  0.02548  4.42890e+03 | 62  0.02475  3.23225e+02 | 63  0.02436 -1.92084e+03
 64  0.01248 -3.08360e+03 | 65  0.02055 -2.30145e+03 | 66  0.01673 -3.48786e+03
 67  0.02756 -4.17522e+03 | 68  0.00662 -4.68968e+03 | 69  0.02623  6.29105e+02
 70  0.03153 -1.76322e+03 | 71  0.04044 -1.39915e+03 | 72  0.01361 -3.34382e+03
 73  0.04250 -3.64582e+03 | 74  0.04196 -6.61168e+02 | 75 -0.03112  1.81552e+03
 76  0.18088  9.58966e+03 |
1 0 24876.3
1 0 23829.1
1 0 23852.3
1 0 23827.4
1 0 23825.9
1 0 23822.9
1 0 23798.2
1 0 23747.6
1 0 23654.2
1 0 23487.8
1 0 25931.2
1 0 23477
1 0 23455.5
1 0 23262.4
1 0 22935.8
76 variables; iteration 80; function evaluation 100; phase 1
Function value   2.2936041e+04; maximum gradient component mag  -2.1586e+04
Var   Value    Gradient   |Var   Value    Gradient   |Var   Value    Gradient
  1  0.14154 -1.03056e+02 |  2  0.17832  1.82106e+02 |  3  0.18209  3.91645e+02
  4  0.10517 -3.38369e+02 |  5  0.14396  3.76595e+02 |  6  0.09433  4.69098e+01
  7  0.04144 -2.25351e+02 |  8  0.05999  2.13878e+02 |  9  0.01923 -1.15415e+02
 10  0.01533  2.76046e+01 | 11  0.00513 -2.10886e+02 | 12  0.05993  8.50760e+01
 13  0.09507  2.49776e+01 | 14  0.13645  2.57845e+02 | 15  0.13295  9.48629e+01
 16  0.14926 -2.35266e+02 | 17  0.11547  9.43964e+02 | 18 -0.05899 -2.30912e+03
 19 -0.06718 -4.24612e+03 | 20 -0.05549  1.84426e+03 | 21 -0.05023  7.72092e+02
 22 -0.04056 -7.89767e+02 | 23 -0.02632 -6.48421e+02 | 24 -0.01676  7.00139e+01
 25  0.09806  1.27155e+03 | 26 -0.00973  7.52573e+02 | 27  0.15484  7.70684e+02
 28  0.17188 -1.92337e+02 | 29  0.21162  1.43162e+03 | 30 -0.02203 -1.38347e+02
 31 -0.02582 -1.33090e+03 | 32 -0.02114  2.46101e+03 | 33 -0.02276  2.16914e+03
 34 -0.02782 -1.77063e+02 | 35 -0.02655 -2.82732e+02 | 36 -0.02587 -5.84446e+02
 37 -0.02706 -3.93320e+01 | 38 -0.02667 -2.63880e+02 | 39 -0.02414  5.88072e+02
 40 -0.02096  1.47276e+02 | 41 -0.02562  5.00182e+02 | 42 -0.02978 -1.76216e+03
 43 -0.03036  2.33704e+02 | 44 -0.03397  4.08236e+02 | 45 -0.03243 -4.67028e+03
 46  0.15494 -2.15865e+04 | 47 -0.02615  1.54162e+04 | 48 -0.06209  4.72316e+02
 49 -0.04953  6.78550e+03 | 50 -0.05083  1.76123e+03 | 51 -0.04738  3.02869e+02
 52 -0.04696  4.70104e+02 | 53 -0.04704  2.84858e+02 | 54 -0.05103 -2.65524e+02
 55 -0.00451 -9.70229e+02 | 56 -0.02538 -1.27305e+03 | 57 -0.00442 -2.45636e+03
 58 -0.00069 -4.08327e+03 | 59  0.03958  1.29415e+03 | 60  0.02296 -8.65948e+01
 61  0.02722  4.31270e+03 | 62  0.02139  2.79530e+02 | 63  0.01931 -2.01702e+03
 64  0.01572 -2.51453e+03 | 65  0.01718 -2.12974e+03 | 66  0.01867 -2.25408e+03
 67  0.02052 -2.65806e+03 | 68  0.02058 -1.97515e+03 | 69  0.01788 -3.13055e+03
 70  0.03083 -2.10446e+03 | 71  0.03434 -1.39502e+03 | 72  0.03014 -1.29532e+02
 73  0.03072 -1.04289e+03 | 74  0.03471 -1.72572e+03 | 75  0.01416  9.04453e+02
 76  0.15910  3.71571e+03 |
1 0 22609.2
1 0 22489.1
1 0 22325.6
1 0 22008.2
1 0 22138.5
1 0 21948
1 0 21850.3
1 0 21690.9
1 0 21427.1
1 0 21273.5
1 0 21214.6
1 0 21143.6
76 variables; iteration 90; function evaluation 112; phase 1
Function value   2.1143624e+04; maximum gradient component mag   6.9601e+03
Var   Value    Gradient   |Var   Value    Gradient   |Var   Value    Gradient
  1 -0.09902 -9.14284e+01 |  2 -0.08534 -3.21658e+01 |  3 -0.06381  1.66164e+02
  4 -0.09351 -4.86753e+02 |  5  0.02507  4.02767e+02 |  6  0.02337 -7.90677e+01
  7  0.04690 -1.57544e+02 |  8  0.12128  2.52697e+02 |  9  0.13468  8.49851e+01
 10  0.14561  2.04169e+02 | 11  0.12400  1.00876e+01 | 12  0.11896  1.24939e+02
 13  0.09283 -2.68464e+01 | 14  0.08466  8.88726e+01 | 15  0.05741 -7.58905e+01
 16  0.06869  2.46178e+03 | 17  0.02316  1.10061e+02 | 18  0.00845  1.40098e+03
 19 -0.00302 -2.66229e+03 | 20 -0.00336  2.30242e+02 | 21 -0.00864  1.28332e+03
 22 -0.01015 -1.16907e+03 | 23 -0.00029 -7.91630e+02 | 24 -0.00844 -2.41726e+03
 25 -0.01084  2.94431e+03 | 26 -0.00308  9.03557e+00 | 27  0.03898  6.96011e+03
 28  0.02246  1.48650e+02 | 29  0.02625  6.86956e+03 | 30  0.00050  5.52827e+01
 31 -0.00099  2.10952e+03 | 32 -0.00252 -9.73900e+02 | 33 -0.00759 -2.52979e+03
 34 -0.00486 -1.70502e+02 | 35 -0.00367 -4.58234e+02 | 36 -0.01041 -3.32642e+03
 37 -0.00396  2.17942e+03 | 38 -0.00559  1.44078e+03 | 39 -0.00214 -9.99745e+02
 40 -0.00434 -1.04165e+03 | 41 -0.01362 -3.15066e+03 | 42 -0.00912 -1.93480e+03
 43 -0.01257 -2.64821e+03 | 44 -0.01507 -2.48843e+03 | 45  0.02445  9.54098e+02
 46  0.14456 -1.99883e+03 | 47 -0.06335 -4.51062e+03 | 48 -0.06344  6.96618e+00
 49 -0.06240  2.76442e+03 | 50 -0.05015  2.05465e+03 | 51 -0.05019 -1.81978e+03
 52 -0.04891 -1.60369e+03 | 53 -0.03509  1.35964e+03 | 54 -0.01291  5.04176e+03
 55 -0.01081 -1.07068e+03 | 56 -0.02175 -4.09516e+03 | 57  0.00722 -6.14469e+03
 58  0.02418  5.57109e+03 | 59  0.03925  2.99365e+03 | 60  0.02158 -1.93168e+03
 61  0.01582 -3.23700e+03 | 62  0.02278 -5.37725e+02 | 63  0.01380 -1.72054e+03
 64  0.01882 -3.23377e+02 | 65  0.02468  2.48671e+03 | 66  0.01456 -1.24453e+03
 67  0.02409 -1.85678e+03 | 68  0.00732 -5.48614e+03 | 69  0.02772 -8.77501e+02
 70  0.03499  1.34173e+03 | 71  0.03272  1.97090e+03 | 72  0.03499  5.18001e+03
 73  0.03355  5.96166e+03 | 74  0.01700  2.39417e+02 | 75  0.00444  3.94649e+01
 76  0.07940 -2.73746e+02 |
1 0 21204
1 0 21075.3
1 0 20953.8
1 0 20751.6
1 0 20523
1 0 20433.5
1 0 20330.1
1 0 20307.8
1 0 24812.8
1 0 20301.7
1 0 20291.8
1 0 20262.9
1 0 20213.1
1 0 20146.2
76 variables; iteration 100; function evaluation 126; phase 1
Function value   2.0146191e+04; maximum gradient component mag   4.4335e+03
Var   Value    Gradient   |Var   Value    Gradient   |Var   Value    Gradient
  1  0.24857 -7.06291e+01 |  2  0.11577 -2.59911e+02 |  3  0.02710 -2.29516e+02
  4  0.00328 -3.13274e+01 |  5 -0.01153 -5.65332e+01 |  6 -0.00877 -9.57413e+00
  7 -0.00227  3.61247e-02 |  8  0.00530 -3.03881e+01 |  9  0.02333  1.42236e+01
 10  0.03916  5.90999e+00 | 11  0.05624  2.93537e+01 | 12  0.06898  1.32792e+01
 13  0.08384  4.16593e+01 | 14  0.09472  5.63726e+01 | 15  0.09959  5.68545e+01
 16  0.05264 -1.90002e+01 | 17  0.00104  4.85600e+02 | 18 -0.00105  6.51650e+02
 19 -0.00166  9.14987e+01 | 20 -0.00012 -1.22341e+01 | 21 -0.00170  4.89250e+01
 22 -0.00101  6.12695e+01 | 23  0.00434  2.23414e+01 | 24 -0.00286 -4.27903e+02
 25 -0.01026 -3.87677e+02 | 26 -0.00385 -2.14457e+02 | 27 -0.00412 -2.18251e+02
 28 -0.00126 -1.63226e+02 | 29 -0.00325 -2.68509e+02 | 30  0.00108 -9.57924e+01
 31  0.00157 -3.79510e+02 | 32  0.00211 -2.61694e+02 | 33  0.00216  2.22895e+02
 34  0.00174  4.17332e+02 | 35  0.00026 -3.77707e+02 | 36  0.00093 -9.24314e+01
 37 -0.00018  3.71953e+02 | 38 -0.00083 -1.44320e+02 | 39  0.00014  6.66219e+01
 40 -0.00140 -3.66158e+02 | 41 -0.00167  5.88466e+02 | 42  0.00108  9.87471e+01
 43  0.00044  2.50102e+02 | 44 -0.00030  2.04579e+02 | 45  0.01870 -1.25288e+02
 46  0.14582  1.58721e+03 | 47 -0.05980  4.43355e+03 | 48 -0.07172 -6.78834e+02
 49 -0.07048 -6.00072e+02 | 50 -0.05773 -7.19390e+02 | 51 -0.04881 -5.21318e+02
 52 -0.04578 -4.11763e+02 | 53 -0.03880 -3.25890e+02 | 54 -0.02052 -1.47979e+02
 55 -0.00547  5.04239e+02 | 56  0.00366  1.32255e+03 | 57  0.01232  5.73277e+02
 58  0.01631 -1.11899e+03 | 59  0.02523 -8.96572e+02 | 60  0.02299 -5.93846e+01
 61  0.01973  4.74271e+02 | 62  0.01909  2.64841e+02 | 63  0.01690 -3.65097e+02
 64  0.01870  3.57291e+02 | 65  0.01677 -4.12673e+01 | 66  0.01848 -2.98297e+02
 67  0.02169 -1.96554e+02 | 68  0.02069 -1.95035e+02 | 69  0.02392  1.02574e+02
 70  0.02873 -1.46180e+01 | 71  0.02980 -3.57538e+02 | 72  0.02548 -3.90195e+02
 73  0.02450 -4.55842e+02 | 74  0.02677 -1.79302e+02 | 75  0.02684 -7.48797e+01
 76  0.07099 -1.56286e+02 |
1 0 20123.4
1 0 20110.8
1 0 20102.1
1 0 20091.3
1 0 20080.7
1 0 20076.8
1 0 20075
1 0 20073.6
1 0 20073.1
1 0 20072.6
76 variables; iteration 110; function evaluation 136; phase 1
Function value   2.0072619e+04; maximum gradient component mag   1.7249e+02
Var   Value    Gradient   |Var   Value    Gradient   |Var   Value    Gradient
  1  0.25311 -8.75734e+00 |  2  0.18904 -3.67015e-01 |  3  0.13618 -1.64931e+00
  4  0.09943 -1.14947e+00 |  5  0.07388  2.09971e+00 |  6  0.05471 -3.51100e-01
  7  0.04034 -1.17832e+00 |  8  0.02975 -2.05989e-01 |  9  0.02191 -3.88021e-01
 10  0.01644 -9.46926e-01 | 11  0.01326 -1.86250e+00 | 12  0.01249  2.21534e-01
 13  0.01349  2.13217e+00 | 14  0.01574  1.01429e+01 | 15  0.01692  1.07497e+01
 16  0.05590  2.87202e+01 | 17 -0.00409  3.30760e+01 | 18 -0.00241 -5.01809e+01
 19 -0.00020 -4.84445e+01 | 20  0.00012  6.57381e+01 | 21 -0.00268 -2.72477e+01
 22 -0.00193 -1.33648e+01 | 23  0.00416 -1.79584e+01 | 24 -0.00137  1.80099e+01
 25 -0.00921 -5.01099e-01 | 26 -0.00309 -3.84131e+01 | 27 -0.00133 -3.97414e+00
 28  0.00292 -2.38158e+01 | 29 -0.00088  4.42882e+01 | 30  0.00095 -4.33503e+01
 31  0.00140 -1.88193e+01 | 32  0.00222 -1.50651e+01 | 33  0.00164 -2.39475e+01
 34  0.00028  2.73928e+01 | 35  0.00059  4.17305e+01 | 36  0.00138  6.33886e+01
 37 -0.00109 -2.48099e+00 | 38 -0.00121 -8.79548e+00 | 39 -0.00042 -2.95170e+00
 40 -0.00114  6.19063e+01 | 41 -0.00291  5.37217e+00 | 42  0.00019 -2.17630e+01
 43 -0.00079 -5.81021e+00 | 44 -0.00158 -2.56871e+01 | 45  0.02053  8.34380e+01
 46  0.14463  1.72491e+02 | 47 -0.06994 -2.81804e+01 | 48 -0.06876  7.86878e+01
 49 -0.06881 -3.52413e+01 | 50 -0.05629 -5.88802e+01 | 51 -0.04821 -2.67914e+01
 52 -0.04551  2.34717e-01 | 53 -0.03897  3.52310e+01 | 54 -0.02007  5.07864e+01
 55 -0.00622 -3.51511e+01 | 56  0.00058 -7.54652e-01 | 57  0.01082 -1.06692e+02
 58  0.01935 -4.69965e+01 | 59  0.02747  2.65420e+01 | 60  0.02310  1.63072e+01
 61  0.01911  3.28644e+01 | 62  0.01947  1.24624e+02 | 63  0.01821  7.39655e+01
 64  0.01742  3.38662e+01 | 65  0.01721 -7.92973e+01 | 66  0.01961 -2.49801e+01
 67  0.02193  2.20856e+01 | 68  0.02106 -5.84629e+01 | 69  0.02375 -3.83683e+01
 70  0.02926 -4.47586e+01 | 71  0.03047  3.39971e+01 | 72  0.02621  2.27044e+01
 73  0.02519  3.29374e+01 | 74  0.02594  1.19987e+01 | 75  0.02611 -6.93657e+00
 76  0.06461 -1.28782e+02 |
1 0 20072.5
1 0 20072.4
1 0 20072.3
1 0 20072.2
1 0 20072.1
1 0 20072
1 0 20071.9
1 0 20071.9
1 0 20071.9
1 0 20071.9
76 variables; iteration 120; function evaluation 146; phase 1
Function value   2.0071850e+04; maximum gradient component mag   6.2489e+01
Var   Value    Gradient   |Var   Value    Gradient   |Var   Value    Gradient
  1  0.25364 -6.91792e-01 |  2  0.18985  1.77581e+00 |  3  0.13709  3.03839e-01
  4  0.09988 -4.13232e-01 |  5  0.07348  8.43261e-01 |  6  0.05359 -3.46363e-02
  7  0.03815 -3.23916e-01 |  8  0.02594  3.42997e-01 |  9  0.01599  9.83644e-02
 10  0.00792  1.51040e-01 | 11  0.00136 -3.82867e-01 | 12 -0.00373  1.31291e-01
 13 -0.00765 -7.50834e-01 | 14 -0.01026 -8.68031e-01 | 15 -0.01157 -1.02076e+00
 16  0.05425  1.30236e+01 | 17 -0.00430  6.49012e-01 | 18 -0.00213  1.73186e+01
 19  0.00009 -4.08020e+00 | 20  0.00023  2.48308e+00 | 21 -0.00251  6.47199e+00
 22 -0.00176  9.39513e+00 | 23  0.00432 -1.39275e-01 | 24 -0.00123 -2.10508e+00
 25 -0.00887  1.02207e+01 | 26 -0.00277 -1.43196e+01 | 27 -0.00099  1.30187e+01
 28  0.00312 -1.33715e+00 | 29 -0.00103 -6.16883e+00 | 30  0.00102 -2.84266e+01
 31  0.00153 -1.07364e+01 | 32  0.00234  2.40569e+00 | 33  0.00182  4.46945e+00
 34  0.00040  6.18259e+00 | 35  0.00070  7.69537e+00 | 36  0.00137  1.05751e+01
 37 -0.00103  1.12956e+01 | 38 -0.00107 -1.22612e+01 | 39 -0.00030 -3.78948e-01
 40 -0.00120 -1.84566e+00 | 41 -0.00293 -1.03448e+01 | 42  0.00029  4.58854e+00
 43 -0.00075 -4.33956e-01 | 44 -0.00184  2.35089e+00 | 45  0.01748 -1.94508e+01
 46  0.14525  6.24887e+01 | 47 -0.06983  4.46358e+01 | 48 -0.06900  1.94781e+01
 49 -0.06872  1.11818e+01 | 50 -0.05629  1.31251e+01 | 51 -0.04825  8.61304e+00
 52 -0.04560  5.14115e+00 | 53 -0.03911  7.50077e+00 | 54 -0.02030  4.29175e+00
 55 -0.00621  7.73569e-01 | 56  0.00046  7.65834e+00 | 57  0.01091 -3.96131e+01
 58  0.01948  1.28933e+01 | 59  0.02714 -5.09616e+01 | 60  0.02300 -7.58303e+00
 61  0.01900 -5.84645e+00 | 62  0.01917 -9.96301e-01 | 63  0.01808 -4.40486e+00
 64  0.01728 -8.20786e+00 | 65  0.01731 -9.60230e+00 | 66  0.01948 -1.90555e+01
 67  0.02175 -9.29875e+00 | 68  0.02113 -8.98615e+00 | 69  0.02379  9.90342e+00
 70  0.02925  7.54578e+00 | 71  0.03033  2.30415e+01 | 72  0.02620  1.01475e+01
 73  0.02537  1.13940e+00 | 74  0.02686 -1.82260e+01 | 75  0.02684 -3.00176e+00
 76  0.06886 -3.97338e+01 |
1 0 20071.8
1 0 20071.8
1 0 20071.8
1 0 20071.8
1 0 20071.8
1 0 20071.8
1 0 20071.8
1 0 20071.8
1 0 20071.8
1 0 20071.8
76 variables; iteration 130; function evaluation 156; phase 1
Function value   2.0071791e+04; maximum gradient component mag  -9.2176e+00
Var   Value    Gradient   |Var   Value    Gradient   |Var   Value    Gradient
  1  0.25363  5.97943e-02 |  2  0.18951  1.22876e-01 |  3  0.13676 -4.68752e-01
  4  0.09968 -1.22752e-01 |  5  0.07328  6.99921e-02 |  6  0.05360  8.23311e-02
  7  0.03833 -1.04951e-02 |  8  0.02621 -7.45060e-02 |  9  0.01650 -8.88038e-02
 10  0.00873 -1.45407e-01 | 11  0.00260 -1.84586e-01 | 12 -0.00209 -5.07292e-02
 13 -0.00552 -6.41987e-02 | 14 -0.00777 -1.26187e-01 | 15 -0.00890 -1.91493e-01
 16  0.05380  1.87401e+00 | 17 -0.00474 -2.41475e-01 | 18 -0.00226 -2.21173e-01
 19  0.00006 -7.55254e-01 | 20  0.00020  3.46460e-01 | 21 -0.00257  2.29274e+00
 22 -0.00181  1.09561e-01 | 23  0.00429 -2.88455e-01 | 24 -0.00125 -6.71104e-01
 25 -0.00891 -2.52676e-01 | 26 -0.00277  1.56805e-01 | 27 -0.00099 -8.74574e-01
 28  0.00311  8.47407e-01 | 29 -0.00094  8.56217e-01 | 30  0.00108  4.72624e-01
 31  0.00154  8.66654e-01 | 32  0.00231 -8.23339e-01 | 33  0.00177 -7.55479e-01
 34  0.00034 -8.73374e-01 | 35  0.00064 -7.07647e-02 | 36  0.00130 -1.33226e-01
 37 -0.00110 -9.12707e-01 | 38 -0.00110 -1.01630e+00 | 39 -0.00035  6.56098e-01
 40 -0.00122 -1.22205e+00 | 41 -0.00294  6.84852e-01 | 42  0.00027 -3.42443e-01
 43 -0.00072 -7.51967e-02 | 44 -0.00166 -2.80664e+00 | 45  0.01841  4.39804e+00
 46  0.14545 -9.21761e+00 | 47 -0.06992  1.29148e+00 | 48 -0.06901 -6.42961e-01
 49 -0.06870  2.32459e+00 | 50 -0.05626  1.62062e+00 | 51 -0.04823 -8.13006e-01
 52 -0.04560 -1.06124e+00 | 53 -0.03910 -1.74847e+00 | 54 -0.02025 -2.91954e+00
 55 -0.00617 -3.28811e-01 | 56  0.00046 -1.63736e+00 | 57  0.01099 -3.79432e+00
 58  0.01941  2.20780e+00 | 59  0.02729  2.20674e+00 | 60  0.02306  2.43289e+00
 61  0.01904  2.64923e-01 | 62  0.01920  7.02937e-01 | 63  0.01811 -5.42126e-01
 64  0.01732  4.78236e-02 | 65  0.01735  1.32412e+00 | 66  0.01955  2.11303e+00
 67  0.02178 -3.97402e+00 | 68  0.02118 -4.26029e-01 | 69  0.02379 -1.68109e+00
 70  0.02929 -2.10480e-01 | 71  0.03033 -3.94657e-01 | 72  0.02619 -1.37602e+00
 73  0.02528 -6.19680e-01 | 74  0.02657  4.95870e+00 | 75  0.02656  3.74622e-01
 76  0.07088  8.01892e-01 |
1 0 20071.8
1 0 20071.8
1 0 20071.8
1 0 20071.8
1 0 20071.8
1 0 20071.8
1 0 20071.8
1 0 20071.8
1 0 20071.8
1 0 20071.8
76 variables; iteration 140; function evaluation 166; phase 1
Function value   2.0071790e+04; maximum gradient component mag   8.4648e-01
Var   Value    Gradient   |Var   Value    Gradient   |Var   Value    Gradient
  1  0.25361 -1.28215e-02 |  2  0.18948 -1.67339e-03 |  3  0.13680 -6.46054e-03
  4  0.09972  7.07998e-03 |  5  0.07333  1.06598e-02 |  6  0.05368  1.40906e-03
  7  0.03850  1.23324e-03 |  8  0.02648  5.90579e-04 |  9  0.01687  2.77106e-03
 10  0.00919  1.71249e-03 | 11  0.00314  4.38588e-03 | 12 -0.00151  3.04724e-04
 13 -0.00489 -7.38480e-03 | 14 -0.00709 -4.80022e-03 | 15 -0.00818  2.56400e-03
 16  0.05377 -1.42133e-01 | 17 -0.00474  5.52615e-02 | 18 -0.00225 -3.04804e-01
 19  0.00007 -8.33730e-03 | 20  0.00020  1.16756e-01 | 21 -0.00257 -8.21515e-02
 22 -0.00181  1.66223e-02 | 23  0.00430  6.75932e-02 | 24 -0.00124 -9.89382e-03
 25 -0.00891 -3.67731e-02 | 26 -0.00277 -1.97015e-02 | 27 -0.00098  5.14370e-02
 28  0.00310 -3.29282e-02 | 29 -0.00095  7.20631e-02 | 30  0.00108  4.45329e-03
 31  0.00154  3.08744e-02 | 32  0.00232  6.79335e-02 | 33  0.00178  1.61386e-02
 34  0.00035  5.62858e-02 | 35  0.00065 -1.92589e-02 | 36  0.00131 -2.91329e-03
 37 -0.00109 -1.05886e-03 | 38 -0.00109 -1.02153e-01 | 39 -0.00034 -1.30143e-01
 40 -0.00121  7.38426e-02 | 41 -0.00294  5.65655e-02 | 42  0.00027  4.40122e-02
 43 -0.00072 -1.64062e-02 | 44 -0.00167 -1.35994e-02 | 45  0.01830  4.79647e-02
 46  0.14546  8.46484e-01 | 47 -0.06993  1.00345e-01 | 48 -0.06901 -6.92369e-02
 49 -0.06870 -8.87170e-02 | 50 -0.05626 -1.27043e-01 | 51 -0.04823  1.75315e-02
 52 -0.04561 -2.56162e-02 | 53 -0.03910 -2.78961e-02 | 54 -0.02025 -1.47627e-02
 55 -0.00618  1.24924e-01 | 56  0.00046  8.58614e-02 | 57  0.01100 -3.53819e-02
 58  0.01940  1.66324e-01 | 59  0.02728  1.22386e-01 | 60  0.02305 -2.30332e-02
 61  0.01904  4.44702e-02 | 62  0.01920  2.03967e-02 | 63  0.01811  5.24423e-02
 64  0.01731 -1.07491e-05 | 65  0.01734 -4.61488e-02 | 66  0.01954 -1.45322e-01
 67  0.02178 -8.57155e-02 | 68  0.02118 -6.67297e-02 | 69  0.02379  1.03692e-01
 70  0.02929  1.18516e-01 | 71  0.03032 -4.21486e-02 | 72  0.02619 -6.15226e-03
 73  0.02530 -7.00412e-02 | 74  0.02660 -2.46946e-02 | 75  0.02660 -3.85366e-02
 76  0.07090 -1.43258e-01 |
1 0 20071.8
1 0 20071.8
1 0 20071.8

 - final statistics:
76 variables; iteration 143; function evaluation 169
Function value   2.0072e+04; maximum gradient component mag   2.3621e-02
Exit code = 1;  converg criter   1.0000e-01
Var   Value    Gradient   |Var   Value    Gradient   |Var   Value    Gradient
  1  0.25361 -1.45608e-04 |  2  0.18948 -1.57082e-03 |  3  0.13680  1.79728e-03
  4  0.09972 -1.53212e-03 |  5  0.07332  1.09110e-04 |  6  0.05368  1.35704e-04
  7  0.03849 -2.49751e-04 |  8  0.02648  5.21970e-04 |  9  0.01687  4.62853e-04
 10  0.00919  4.55698e-04 | 11  0.00314 -1.26443e-04 | 12 -0.00151  1.16503e-04
 13 -0.00488  3.62625e-04 | 14 -0.00709 -7.45459e-04 | 15 -0.00817 -1.75979e-04
 16  0.05377 -7.84054e-03 | 17 -0.00474 -2.10003e-03 | 18 -0.00225 -1.72579e-02
 19  0.00007 -3.42181e-03 | 20  0.00020 -8.00200e-03 | 21 -0.00257  2.24662e-02
 22 -0.00181  2.78901e-03 | 23  0.00430  2.19452e-04 | 24 -0.00124  6.60820e-05
 25 -0.00891 -1.50903e-03 | 26 -0.00277  1.11842e-02 | 27 -0.00098 -4.12666e-03
 28  0.00310  3.16239e-03 | 29 -0.00095 -2.52682e-03 | 30  0.00108 -6.58717e-03
 31  0.00154 -6.43242e-03 | 32  0.00232 -5.40168e-03 | 33  0.00178  1.23246e-02
 34  0.00035 -1.57062e-03 | 35  0.00065  8.41488e-04 | 36  0.00131 -2.95076e-03
 37 -0.00109  5.29289e-03 | 38 -0.00109  1.00234e-02 | 39 -0.00034  1.25875e-02
 40 -0.00121 -5.42767e-03 | 41 -0.00294  8.12825e-03 | 42  0.00027 -1.04154e-02
 43 -0.00072  1.05476e-02 | 44 -0.00167 -1.84598e-02 | 45  0.01830  2.47582e-04
 46  0.14546 -1.49919e-02 | 47 -0.06993 -7.02864e-03 | 48 -0.06901  8.91197e-04
 49 -0.06870 -1.19162e-02 | 50 -0.05626  2.02633e-02 | 51 -0.04823 -3.74956e-03
 52 -0.04561 -1.01303e-02 | 53 -0.03910 -4.26329e-03 | 54 -0.02025 -7.31700e-03
 55 -0.00618  1.29887e-02 | 56  0.00046 -1.30328e-04 | 57  0.01100  3.13815e-03
 58  0.01940 -1.38929e-02 | 59  0.02728 -1.72377e-02 | 60  0.02305 -8.08620e-04
 61  0.01904 -5.19103e-03 | 62  0.01920  1.82909e-02 | 63  0.01811 -6.28457e-03
 64  0.01731 -2.21787e-04 | 65  0.01734  1.28310e-02 | 66  0.01954  2.36206e-02
 67  0.02178  1.57700e-02 | 68  0.02118  5.56091e-03 | 69  0.02379 -5.03045e-03
 70  0.02929 -2.62068e-03 | 71  0.03032  7.13517e-03 | 72  0.02619 -7.25537e-03
 73  0.02530 -1.88220e-02 | 74  0.02660 -6.57893e-06 | 75  0.02660  3.21104e-05
 76  0.07090 -9.37276e-04 |
1 0 20071.8
B031888.8
0.3 0.480621
0.411961 0.38698
0.455487 0.357875
0.465735 0.351504
0.467736 0.35028
0.46811 0.350052
0.46818 0.35001
0.468193 0.350002
0.468195 0.35
0.468195 0.35
0.468196 0.35
0.468196 0.35
0.468196 0.35
0.468196 0.35
0.468196 0.35
0.468196 0.35
0.468196 0.35
0.468196 0.35
0.468196 0.35
0.468196 0.35
0.468196 0.35
2 0 20071.8

Initial statistics: 80 variables; iteration 0; function evaluation 0; phase 2
Function value   2.0071790e+04; maximum gradient component mag  -2.6588e+02
Var   Value    Gradient   |Var   Value    Gradient   |Var   Value    Gradient
  1 -0.80746  3.25304e+01 |  2 -0.59242  5.81254e+01 |  3  0.25361 -1.45608e-04
  4  0.18948 -1.57082e-03 |  5  0.13680  1.79728e-03 |  6  0.09972 -1.53212e-03
  7  0.07332  1.09110e-04 |  8  0.05368  1.35704e-04 |  9  0.03849 -2.49751e-04
 10  0.02648  5.21970e-04 | 11  0.01687  4.62853e-04 | 12  0.00919  4.55698e-04
 13  0.00314 -1.26443e-04 | 14 -0.00151  1.16503e-04 | 15 -0.00488  3.62625e-04
 16 -0.00709 -7.45459e-04 | 17 -0.00817 -1.75979e-04 | 18  0.05377 -7.84054e-03
 19 -0.00474 -2.22731e-03 | 20 -0.00225 -1.73851e-02 | 21  0.00007 -3.54908e-03
 22  0.00020 -8.12928e-03 | 23 -0.00257  2.23389e-02 | 24 -0.00181  2.66173e-03
 25  0.00430  9.21765e-05 | 26 -0.00124 -6.11962e-05 | 27 -0.00891 -1.63630e-03
 28 -0.00277  1.10569e-02 | 29 -0.00098 -4.25394e-03 | 30  0.00310  3.03511e-03
 31 -0.00095 -2.65410e-03 | 32  0.00108 -6.71445e-03 | 33  0.00154 -6.55970e-03
 34  0.00232 -5.52896e-03 | 35  0.00178  1.21973e-02 | 36  0.00035 -1.69789e-03
 37  0.00065  7.14209e-04 | 38  0.00131 -3.07803e-03 | 39 -0.00109  5.16562e-03
 40 -0.00109  9.89615e-03 | 41 -0.00034  1.24602e-02 | 42 -0.00121 -5.55495e-03
 43 -0.00294  8.00097e-03 | 44  0.00027 -1.05426e-02 | 45 -0.00072  1.04203e-02
 46 -0.00167 -1.85871e-02 | 47  0.01830  1.20357e-04 | 48  0.14546 -1.49919e-02
 49 -0.06993 -6.97823e-03 | 50 -0.06901  9.41607e-04 | 51 -0.06870 -1.18658e-02
 52 -0.05626  2.03138e-02 | 53 -0.04823 -3.69899e-03 | 54 -0.04561 -1.00797e-02
 55 -0.03910 -4.21268e-03 | 56 -0.02025 -7.26631e-03 | 57 -0.00618  1.30394e-02
 58  0.00046 -7.96201e-05 | 59  0.01100  3.18885e-03 | 60  0.01940 -1.38422e-02
 61  0.02728 -1.71870e-02 | 62  0.02305 -7.57946e-04 | 63  0.01904 -5.14035e-03
 64  0.01920  1.83416e-02 | 65  0.01811 -6.23388e-03 | 66  0.01731 -1.71098e-04
 67  0.01734  1.28817e-02 | 68  0.01954  2.36713e-02 | 69  0.02178  1.58207e-02
 70  0.02118  5.61159e-03 | 71  0.02379 -4.97978e-03 | 72  0.02929 -2.57003e-03
 73  0.03032  7.18582e-03 | 74  0.02619 -7.20471e-03 | 75  0.02530 -1.87713e-02
 76  0.02660  4.40847e-05 | 77  0.02660  8.27740e-05 | 78  0.07090 -9.37276e-04
 79 -0.70040 -2.65881e+02 | 80 -0.62387 -9.26590e+01 |
2 0 20071.8
2 0 20071.6
2 0 20071.5
2 0 20071.3
2 0 20071
2 0 20072.2
2 0 20071
2 0 20070.9
2 0 20070.9
2 0 20070.8
2 0 20070.9
2 0 20070.7
2 0 20070.7

Intermediate statistics: 80 variables; iteration 10; function evaluation 13; phase 2
Function value   2.0070725e+04; maximum gradient component mag  -2.2673e+03
Var   Value    Gradient   |Var   Value    Gradient   |Var   Value    Gradient
  1 -0.80938  1.83251e+01 |  2 -0.59588  3.89183e+01 |  3  0.25333 -2.63582e+00
  4  0.18989  2.74235e+00 |  5  0.13703 -3.77858e-01 |  6  0.09982 -3.84714e-01
  7  0.07338 -1.80996e-01 |  8  0.05372 -9.22271e-02 |  9  0.03852 -5.40686e-02
 10  0.02650 -3.49612e-02 | 11  0.01688 -2.48835e-02 | 12  0.00921 -1.90790e-02
 13  0.00315 -1.58484e-02 | 14 -0.00150 -1.34817e-02 | 15 -0.00487 -1.19718e-02
 16 -0.00708 -1.16878e-02 | 17 -0.00816 -1.09985e-02 | 18  0.05506 -2.88320e+00
 19 -0.00542 -2.73700e+00 | 20 -0.00223  5.53087e+01 | 21  0.00004 -6.15433e+00
 22  0.00026  3.44141e+01 | 23 -0.00252 -3.67814e+01 | 24 -0.00178 -3.06070e+01
 25  0.00425 -7.68173e+01 | 26 -0.00120 -4.05171e+01 | 27 -0.00873  1.02929e+02
 28 -0.00269  4.68175e+01 | 29 -0.00092 -3.77490e+00 | 30  0.00320  1.05151e+01
 31 -0.00084 -3.15526e+01 | 32  0.00104 -3.95318e+01 | 33  0.00144 -1.88092e+01
 34  0.00234  3.25030e+01 | 35  0.00184  1.79915e+01 | 36  0.00037  4.46128e+00
 37  0.00068  7.30079e+00 | 38  0.00137  2.60315e+01 | 39 -0.00105 -2.74230e+00
 40 -0.00111 -5.46295e+00 | 41 -0.00033  1.50091e+01 | 42 -0.00112  1.92967e+01
 43 -0.00292 -1.50800e+01 | 44  0.00020 -1.75240e+01 | 45 -0.00076 -7.15066e+00
 46 -0.00156  2.77521e+01 | 47  0.01815 -6.47007e+01 | 48  0.14580 -2.26728e+03
 49 -0.06984  6.05404e+01 | 50 -0.06904 -3.28764e+00 | 51 -0.06876 -2.72688e+01
 52 -0.05634 -9.09140e+01 | 53 -0.04826 -5.35411e+01 | 54 -0.04561  2.42853e+01
 55 -0.03897  1.30141e+02 | 56 -0.01993  2.10510e+02 | 57 -0.00609  5.24584e+01
 58  0.00039 -3.49450e+01 | 59  0.01095 -4.58454e+01 | 60  0.01926 -1.04978e+02
 61  0.02739  1.93343e+00 | 62  0.02301  8.82290e+00 | 63  0.01897  4.03316e+00
 64  0.01917 -9.73347e+00 | 65  0.01811 -1.19101e+01 | 66  0.01729 -7.63388e+00
 67  0.01733 -1.45706e+01 | 68  0.01950 -4.47022e+01 | 69  0.02183 -7.94310e+00
 70  0.02114 -2.25812e+01 | 71  0.02371 -5.21984e+01 | 72  0.02931 -4.67365e+01
 73  0.03037 -2.95869e-01 | 74  0.02610 -2.04561e+01 | 75  0.02522 -2.46967e+01
 76  0.02663  2.06827e+01 | 77  0.02668  1.07092e+02 | 78  0.07526  3.20588e+02
 79 -0.69582 -1.84974e+02 | 80 -0.62143 -6.47910e+01 |
2 0 20070.8
2 0 20070.7
2 0 20070.7
2 0 20070.7
2 0 20070.7
2 0 20070.7
2 0 20070.7
2 0 20070.6
2 0 20070.6
2 0 20070.6
2 0 20070.5
80 variables; iteration 20; function evaluation 24; phase 2
Function value   2.0070526e+04; maximum gradient component mag  -2.1957e+03
Var   Value    Gradient   |Var   Value    Gradient   |Var   Value    Gradient
  1 -0.81138  1.24971e+01 |  2 -0.60483  3.33457e+01 |  3  0.25331  3.38385e+00
  4  0.19003  6.98923e+00 |  5  0.13805  6.90229e+00 |  6  0.10061  1.83089e+00
  7  0.07382  2.10763e-01 |  8  0.05398  1.54665e-01 |  9  0.03869  1.99767e-01
 10  0.02662  1.99952e-01 | 11  0.01698  1.83625e-01 | 12  0.00928  1.66406e-01
 13  0.00321  1.51512e-01 | 14 -0.00144  1.40128e-01 | 15 -0.00482  1.32253e-01
 16 -0.00703  1.26870e-01 | 17 -0.00812  1.24610e-01 | 18  0.05526  5.04470e+01
 19 -0.00521 -1.89819e+01 | 20 -0.00236  5.41851e+01 | 21 -0.00006  5.99192e+00
 22  0.00015  2.02665e+01 | 23 -0.00263 -5.91168e+01 | 24 -0.00188 -5.59322e+01
 25  0.00424 -5.68631e+01 | 26 -0.00119 -7.07653e+01 | 27 -0.00869  1.24086e+02
 28 -0.00273  3.66293e+01 | 29 -0.00097  1.48873e+00 | 30  0.00312 -2.72965e+01
 31 -0.00082  3.40511e+01 | 32  0.00101 -2.33281e+01 | 33  0.00137 -2.42105e+01
 34  0.00220 -1.55171e+01 | 35  0.00176 -2.96970e+00 | 36  0.00037  3.12848e+01
 37  0.00068  2.85509e+01 | 38  0.00138  3.21178e+01 | 39 -0.00100  2.90488e+01
 40 -0.00107  2.55163e+00 | 41 -0.00031  2.03676e+01 | 42 -0.00113  8.22599e+00
 43 -0.00295 -1.92909e+01 | 44  0.00018 -1.11793e+01 | 45 -0.00078 -3.40670e-01
 46 -0.00150  4.07477e+01 | 47  0.01884 -6.04942e+01 | 48  0.14540 -2.19565e+03
 49 -0.06987  4.50548e+01 | 50 -0.06907 -4.70734e+01 | 51 -0.06883 -8.75179e+01
 52 -0.05642 -1.62735e+02 | 53 -0.04829 -9.42584e+01 | 54 -0.04563 -5.92055e+00
 55 -0.03905  8.89597e+01 | 56 -0.01992  2.29788e+02 | 57 -0.00607  4.78555e+01
 58  0.00042 -2.80942e+01 | 59  0.01097 -3.64601e+01 | 60  0.01938 -3.40111e+01
 61  0.02735 -3.80520e+01 | 62  0.02307 -7.33571e+00 | 63  0.01896 -1.16687e+01
 64  0.01921  1.92089e+01 | 65  0.01817  2.41244e+01 | 66  0.01731 -1.06455e+01
 67  0.01730 -4.11619e+01 | 68  0.01950 -6.35143e+01 | 69  0.02177 -6.22616e+01
 70  0.02114 -5.44539e+01 | 71  0.02369 -7.29968e+01 | 72  0.02938 -2.59823e+01
 73  0.03038  6.57273e-02 | 74  0.02615 -8.48456e+00 | 75  0.02511 -5.26698e+01
 76  0.02636 -3.80353e+00 | 77  0.02645  9.01447e+01 | 78  0.07233  3.22887e+02
 79 -0.69927 -2.19857e+02 | 80 -0.61474 -7.41913e+01 |
2 0 20070.5
2 0 20070.8
2 0 20070.5
2 0 20070.5
2 0 20070.5
2 0 20070.4
2 0 20070.4
2 0 20070.4
2 0 20070.4
2 0 20070.4
2 0 20070.4
2 0 20070.4
2 0 20070.4
2 0 20070.4
80 variables; iteration 30; function evaluation 38; phase 2
Function value   2.0070363e+04; maximum gradient component mag  -2.2147e+03
Var   Value    Gradient   |Var   Value    Gradient   |Var   Value    Gradient
  1 -0.80887  8.45677e+00 |  2 -0.61399  2.79071e+01 |  3  0.25275 -2.02040e+01
  4  0.18846 -6.57475e+00 |  5  0.13648  1.46764e+00 |  6  0.09919 -4.69430e+00
  7  0.07377  2.58408e+00 |  8  0.05432  1.40669e+00 |  9  0.03891 -1.89185e-01
 10  0.02672 -3.09178e-01 | 11  0.01703 -1.84861e-01 | 12  0.00931 -1.10618e-01
 13  0.00323 -7.60785e-02 | 14 -0.00143 -5.88235e-02 | 15 -0.00482 -4.95429e-02
 16 -0.00703 -4.52410e-02 | 17 -0.00812 -4.30810e-02 | 18  0.05518  6.71628e+01
 19 -0.00515  2.73631e+01 | 20 -0.00219  6.41912e+01 | 21  0.00010  1.36172e+01
 22  0.00043  6.26186e+01 | 23 -0.00247 -3.73237e+01 | 24 -0.00191 -1.96807e+01
 25  0.00391 -1.52812e+02 | 26 -0.00129 -6.48817e+01 | 27 -0.00863  9.85489e+01
 28 -0.00264  6.81966e+01 | 29 -0.00100  1.34501e+01 | 30  0.00313 -3.07539e+01
 31 -0.00077  6.22259e+01 | 32  0.00096 -6.82363e+01 | 33  0.00137 -3.03587e+01
 34  0.00219 -9.87816e+00 | 35  0.00186  2.17423e+01 | 36  0.00061  7.08847e+01
 37  0.00083  5.11261e+01 | 38  0.00145  4.93815e+01 | 39 -0.00109 -2.95237e+00
 40 -0.00125 -1.58569e+01 | 41 -0.00050 -2.10795e+01 | 42 -0.00133 -4.47472e+01
 43 -0.00290  1.83287e+00 | 44  0.00027 -1.31156e+01 | 45 -0.00060  3.75542e+01
 46 -0.00139  8.70861e+01 | 47  0.01823 -6.95998e+01 | 48  0.14518 -2.21472e+03
 49 -0.06982  5.81821e+01 | 50 -0.06910 -3.52643e+01 | 51 -0.06891 -7.44252e+01
 52 -0.05635 -1.27449e+02 | 53 -0.04813 -4.86424e+01 | 54 -0.04563 -2.38729e+01
 55 -0.03919  7.98646e+01 | 56 -0.02007  2.12659e+02 | 57 -0.00596  1.21373e+02
 58  0.00049  7.72873e+00 | 59  0.01085 -6.69093e+01 | 60  0.01938 -2.83839e+01
 61  0.02733 -5.31228e+01 | 62  0.02309  1.90885e+01 | 63  0.01899  1.76972e+01
 64  0.01902 -2.86530e+01 | 65  0.01810  2.02068e+00 | 66  0.01740  1.49442e+01
 67  0.01731 -4.11486e+01 | 68  0.01959 -3.58445e+01 | 69  0.02181 -4.47776e+01
 70  0.02101 -9.13265e+01 | 71  0.02369 -5.43782e+01 | 72  0.02918 -5.04896e+01
 73  0.03040  2.92497e+01 | 74  0.02607 -1.00310e+01 | 75  0.02524 -1.33931e+01
 76  0.02675  3.82418e+01 | 77  0.02678  1.00254e+02 | 78  0.07025  3.39033e+02
 79 -0.70378 -2.28366e+02 | 80 -0.60343 -7.60796e+01 |
2 0 20070.3
2 0 20070.3
2 0 20070.4
2 0 20070.3
2 0 20070.2
2 0 20070.2
2 0 20070.2
2 0 20070.2
2 0 20070.1
2 0 20070.2
2 0 20070.1
2 0 20070.1
80 variables; iteration 40; function evaluation 50; phase 2
Function value   2.0070108e+04; maximum gradient component mag  -2.3201e+03
Var   Value    Gradient   |Var   Value    Gradient   |Var   Value    Gradient
  1 -0.79499  9.89131e+00 |  2 -0.62377  2.63402e+01 |  3  0.25264 -3.68545e+01
  4  0.18863 -2.84482e+00 |  5  0.13588  4.95293e+00 |  6  0.09608 -1.66395e+01
  7  0.07081 -6.89674e+00 |  8  0.05376  5.41604e+00 |  9  0.03935  3.12709e+00
 10  0.02711 -2.00183e-02 | 11  0.01722 -6.21318e-01 | 12  0.00939 -4.59217e-01
 13  0.00326 -3.06311e-01 | 14 -0.00142 -2.29509e-01 | 15 -0.00482 -1.91236e-01
 16 -0.00704 -1.71843e-01 | 17 -0.00813 -1.64001e-01 | 18  0.05533  4.37741e+01
 19 -0.00513  4.34612e+01 | 20 -0.00213  6.62717e+01 | 21  0.00009  1.59077e+01
 22  0.00031  1.47237e+01 | 23 -0.00262 -5.05203e+01 | 24 -0.00206 -7.94182e+01
 25  0.00385 -1.34754e+02 | 26 -0.00142 -9.08775e+01 | 27 -0.00865  9.06059e+01
 28 -0.00255  9.42165e+01 | 29 -0.00084  1.56334e+01 | 30  0.00314 -2.48584e+01
 31 -0.00084  2.45096e+01 | 32  0.00096 -8.26164e+01 | 33  0.00142 -3.45989e+01
 34  0.00224 -3.36952e+01 | 35  0.00193  1.25308e+01 | 36  0.00069  9.56379e+01
 37  0.00079  4.61429e+01 | 38  0.00139  2.73079e+01 | 39 -0.00115 -2.96422e+01
 40 -0.00120 -3.23161e+01 | 41 -0.00032 -1.51934e-01 | 42 -0.00122  3.13470e-01
 43 -0.00294 -2.50312e+01 | 44  0.00025 -3.08327e+00 | 45 -0.00065  2.33455e+01
 46 -0.00152  2.45437e+01 | 47  0.01803 -8.03263e+01 | 48  0.14523 -2.32008e+03
 49 -0.06973  6.30184e+01 | 50 -0.06906 -5.12797e+01 | 51 -0.06889 -9.02307e+01
 52 -0.05631 -1.25725e+02 | 53 -0.04813 -4.79671e+01 | 54 -0.04556  1.38820e+01
 55 -0.03920  5.95411e+01 | 56 -0.02013  1.95216e+02 | 57 -0.00598  1.08586e+02
 58  0.00037 -4.15555e+01 | 59  0.01098 -5.03908e+01 | 60  0.01936 -6.07856e+01
 61  0.02731 -5.38502e+01 | 62  0.02313  3.80467e+01 | 63  0.01896  2.03476e+01
 64  0.01910  2.07552e+01 | 65  0.01820  5.28887e+01 | 66  0.01753  4.87752e+01
 67  0.01724 -6.79678e+01 | 68  0.01961 -2.79287e+01 | 69  0.02174 -5.35234e+01
 70  0.02102 -6.51327e+01 | 71  0.02386  3.84490e+00 | 72  0.02918 -7.26991e+01
 73  0.03041  5.98252e+00 | 74  0.02601 -7.29315e+01 | 75  0.02522 -4.52555e+01
 76  0.02674  3.67668e+01 | 77  0.02629  1.01246e+02 | 78  0.07046  3.53804e+02
 79 -0.71072 -2.11056e+02 | 80 -0.58036 -6.45779e+01 |
2 0 20070.1
2 0 20070.1
2 0 20070.1
2 0 20070.1
2 0 20070.1
2 0 20070.1
2 0 20070.1
2 0 20070.1
2 0 20070
2 0 20070.1
2 0 20070
2 0 20070
80 variables; iteration 50; function evaluation 62; phase 2
Function value   2.0070047e+04; maximum gradient component mag  -2.3668e+03
Var   Value    Gradient   |Var   Value    Gradient   |Var   Value    Gradient
  1 -0.78989  1.16573e+01 |  2 -0.62641  2.70111e+01 |  3  0.25309 -2.36979e+01
  4  0.18798 -1.09423e+01 |  5  0.13649  6.68887e+00 |  6  0.09770 -1.10821e+01
  7  0.07216  1.29430e-01 |  8  0.05293 -1.42601e+00 |  9  0.03837 -1.56351e-01
 10  0.02690  1.40859e+00 | 11  0.01737  5.88107e-01 | 12  0.00955 -1.89663e-01
 13  0.00336 -3.24700e-01 | 14 -0.00136 -2.53822e-01 | 15 -0.00478 -1.90715e-01
 16 -0.00700 -1.58858e-01 | 17 -0.00809 -1.46094e-01 | 18  0.05540  3.33389e+01
 19 -0.00507  3.68943e+01 | 20 -0.00213  6.59541e+01 | 21  0.00015  1.73574e+01
 22  0.00045  5.37679e+01 | 23 -0.00260 -5.55279e+01 | 24 -0.00206 -8.19981e+01
 25  0.00387 -1.29672e+02 | 26 -0.00134 -7.92592e+01 | 27 -0.00871  8.02483e+01
 28 -0.00264  7.92158e+01 | 29 -0.00092  1.44846e+01 | 30  0.00307 -3.65231e+01
 31 -0.00083  2.87323e+01 | 32  0.00100 -6.25261e+01 | 33  0.00141 -5.33678e+01
 34  0.00226 -2.86017e+01 | 35  0.00195  1.77790e+01 | 36  0.00073  1.19640e+02
 37  0.00078  5.09811e+01 | 38  0.00132 -7.72210e+00 | 39 -0.00113 -3.74312e+01
 40 -0.00116 -3.14625e+01 | 41 -0.00028  3.16990e+01 | 42 -0.00131 -2.09024e+01
 43 -0.00307 -5.53567e+01 | 44  0.00019 -1.57698e+01 | 45 -0.00062  4.30020e+01
 46 -0.00148  2.13594e+01 | 47  0.01800 -7.73296e+01 | 48  0.14530 -2.36684e+03
 49 -0.06979  4.88888e+01 | 50 -0.06910 -5.48663e+01 | 51 -0.06890 -8.31933e+01
 52 -0.05630 -1.38352e+02 | 53 -0.04811 -4.52308e+01 | 54 -0.04559  6.05740e+00
 55 -0.03927  3.85573e+01 | 56 -0.02004  2.08892e+02 | 57 -0.00595  1.16155e+02
 58  0.00038 -3.17581e+01 | 59  0.01095 -5.48027e+01 | 60  0.01930 -6.93610e+01
 61  0.02731 -5.47943e+01 | 62  0.02314  3.84176e+01 | 63  0.01897  3.26557e+01
 64  0.01907  1.75631e+01 | 65  0.01819  4.64215e+01 | 66  0.01753  2.82834e+01
 67  0.01719 -9.49972e+01 | 68  0.01955 -3.20113e+01 | 69  0.02178 -2.03617e+01
 70  0.02109 -3.16832e+01 | 71  0.02392  1.42823e+01 | 72  0.02919 -6.12569e+01
 73  0.03036  3.22904e+00 | 74  0.02595 -8.46918e+01 | 75  0.02519 -5.69437e+01
 76  0.02679  4.97939e+01 | 77  0.02645  1.04009e+02 | 78  0.07089  3.56282e+02
 79 -0.71241 -2.05014e+02 | 80 -0.57421 -6.04736e+01 |
2 0 20070
2 0 20070
2 0 20070
2 0 20070
2 0 20070
2 0 20070
2 0 20070
2 0 20070.1
2 0 20070
2 0 20070
2 0 20070
2 0 20070
2 0 20070
2 0 20070
80 variables; iteration 60; function evaluation 76; phase 2
Function value   2.0070025e+04; maximum gradient component mag  -2.3606e+03
Var   Value    Gradient   |Var   Value    Gradient   |Var   Value    Gradient
  1 -0.78419  1.30043e+01 |  2 -0.63080  2.72594e+01 |  3  0.25313 -2.20569e+01
  4  0.18816 -9.05277e+00 |  5  0.13675  6.46339e+00 |  6  0.09845 -1.11044e+01
  7  0.07370  3.52144e+00 |  8  0.05455  4.43996e-01 |  9  0.03971  4.18727e+00
 10  0.02681  1.54223e+00 | 11  0.01583 -6.29107e+00 | 12  0.00859 -1.52792e+00
 13  0.00337  1.99922e+00 | 14 -0.00105  9.96400e-01 | 15 -0.00451 -1.06084e-02
 16 -0.00681 -2.18051e-01 | 17 -0.00795 -1.96596e-01 | 18  0.05548  3.58787e+01
 19 -0.00497  3.58943e+01 | 20 -0.00215  6.30993e+01 | 21  0.00015  2.40885e+01
 22  0.00040  5.14430e+01 | 23 -0.00260 -7.06203e+01 | 24 -0.00200 -6.65179e+01
 25  0.00392 -1.18481e+02 | 26 -0.00138 -8.22390e+01 | 27 -0.00870  8.14229e+01
 28 -0.00260  8.81523e+01 | 29 -0.00092  1.21366e+01 | 30  0.00305 -4.05284e+01
 31 -0.00087  2.30671e+01 | 32  0.00095 -7.00474e+01 | 33  0.00136 -5.75028e+01
 34  0.00219 -5.13722e+01 | 35  0.00194  2.81384e+01 | 36  0.00075  1.26233e+02
 37  0.00079  5.51786e+01 | 38  0.00134 -5.83036e+00 | 39 -0.00114 -4.40726e+01
 40 -0.00112 -1.07621e+01 | 41 -0.00030  2.05384e+01 | 42 -0.00134 -2.67253e+01
 43 -0.00311 -6.01275e+01 | 44  0.00017 -1.17840e+01 | 45 -0.00062  3.48903e+01
 46 -0.00143  3.60407e+01 | 47  0.01805 -7.57094e+01 | 48  0.14529 -2.36058e+03
 49 -0.06979  5.09047e+01 | 50 -0.06907 -4.92899e+01 | 51 -0.06886 -7.95141e+01
 52 -0.05636 -1.60226e+02 | 53 -0.04811 -3.51986e+01 | 54 -0.04555  1.95062e+01
 55 -0.03920  5.54402e+01 | 56 -0.02009  1.97079e+02 | 57 -0.00597  1.08641e+02
 58  0.00041 -2.99724e+01 | 59  0.01096 -5.58604e+01 | 60  0.01931 -6.95375e+01
 61  0.02733 -4.88729e+01 | 62  0.02313  3.29877e+01 | 63  0.01897  3.15390e+01
 64  0.01907  1.88344e+01 | 65  0.01818  3.65578e+01 | 66  0.01753  1.97278e+01
 67  0.01719 -1.03035e+02 | 68  0.01958 -2.76440e+01 | 69  0.02177 -2.51925e+01
 70  0.02113 -2.72397e+01 | 71  0.02394  2.09236e+01 | 72  0.02922 -5.24364e+01
 73  0.03034 -1.92106e+00 | 74  0.02592 -9.45870e+01 | 75  0.02520 -5.11390e+01
 76  0.02683  5.69098e+01 | 77  0.02627  1.02468e+02 | 78  0.07087  3.56508e+02
 79 -0.71223 -2.05661e+02 | 80 -0.57497 -6.09163e+01 |
2 0 20070
2 0 20070.1
2 0 20070
2 0 20070
2 0 20070
2 0 20070
2 0 20070
2 0 20070
2 0 20070
2 0 20070
2 0 20070
2 0 20070
2 0 20070
2 0 20070
80 variables; iteration 70; function evaluation 90; phase 2
Function value   2.0069997e+04; maximum gradient component mag  -2.3345e+03
Var   Value    Gradient   |Var   Value    Gradient   |Var   Value    Gradient
  1 -0.77404  1.56070e+01 |  2 -0.63993  2.79209e+01 |  3  0.25293 -2.54139e+01
  4  0.18814 -9.38566e+00 |  5  0.13697  7.43155e+00 |  6  0.09877 -9.78646e+00
  7  0.07385  2.65622e+00 |  8  0.05485 -8.09559e-01 |  9  0.04060  7.46913e+00
 10  0.02738 -2.11492e+00 | 11  0.01723  3.61216e+00 | 12  0.00792 -5.25666e+00
 13  0.00175 -4.71574e+00 | 14 -0.00167  1.50907e+00 | 15 -0.00429  2.18648e+00
 16 -0.00639  6.01953e-01 | 17 -0.00755 -2.33819e-01 | 18  0.05558  4.54006e+01
 19 -0.00498  3.96917e+01 | 20 -0.00222  4.80976e+01 | 21  0.00009  1.04768e+01
 22  0.00040  5.06695e+01 | 23 -0.00254 -5.22199e+01 | 24 -0.00204 -7.81859e+01
 25  0.00389 -1.29894e+02 | 26 -0.00132 -7.11305e+01 | 27 -0.00872  7.11576e+01
 28 -0.00256  9.29904e+01 | 29 -0.00088  1.99468e+01 | 30  0.00301 -5.15134e+01
 31 -0.00087  2.47475e+01 | 32  0.00098 -6.23337e+01 | 33  0.00140 -4.81537e+01
 34  0.00223 -3.91824e+01 | 35  0.00191  1.46208e+01 | 36  0.00071  1.34979e+02
 37  0.00074  2.82537e+01 | 38  0.00137  8.65933e+00 | 39 -0.00112 -3.71465e+01
 40 -0.00113 -1.56863e+01 | 41 -0.00030  1.98897e+01 | 42 -0.00135 -2.41030e+01
 43 -0.00311 -5.87774e+01 | 44  0.00018 -8.39674e+00 | 45 -0.00061  4.25054e+01
 46 -0.00143  3.60267e+01 | 47  0.01812 -7.59260e+01 | 48  0.14522 -2.33454e+03
 49 -0.06973  6.98752e+01 | 50 -0.06914 -6.49583e+01 | 51 -0.06887 -7.56545e+01
 52 -0.05640 -1.65759e+02 | 53 -0.04804 -2.03833e+01 | 54 -0.04560  4.20601e+00
 55 -0.03924  5.23371e+01 | 56 -0.02005  2.09108e+02 | 57 -0.00604  9.62213e+01
 58  0.00043 -2.35069e+01 | 59  0.01102 -4.25047e+01 | 60  0.01927 -7.89406e+01
 61  0.02732 -5.06412e+01 | 62  0.02313  3.14062e+01 | 63  0.01899  3.19952e+01
 64  0.01913  3.20288e+01 | 65  0.01818  3.72356e+01 | 66  0.01747 -1.79653e+00
 67  0.01718 -9.64940e+01 | 68  0.01960 -2.34808e+01 | 69  0.02177 -2.82714e+01
 70  0.02114 -2.41445e+01 | 71  0.02395  2.42975e+01 | 72  0.02920 -5.70555e+01
 73  0.03034 -3.66337e+00 | 74  0.02594 -9.18517e+01 | 75  0.02521 -5.05260e+01
 76  0.02681  5.33756e+01 | 77  0.02630  1.01660e+02 | 78  0.07046  3.54967e+02
 79 -0.71133 -2.07674e+02 | 80 -0.57900 -6.31337e+01 |
2 0 20070
2 0 20070
2 0 20070.1
2 0 20070
2 0 20070
2 0 20070
2 0 20070
2 0 20070
2 0 20070
2 0 20070
2 0 20070
2 0 20070
2 0 20069.9
2 0 20069.9
2 0 20069.6
80 variables; iteration 80; function evaluation 105; phase 2
Function value   2.0069610e+04; maximum gradient component mag  -1.9194e+03
Var   Value    Gradient   |Var   Value    Gradient   |Var   Value    Gradient
  1 -0.76747  7.51936e+00 |  2 -0.65202  1.71902e+01 |  3  0.25270 -2.20397e+01
  4  0.18825 -8.98787e+00 |  5  0.13695  6.35830e+00 |  6  0.09860 -6.27907e+00
  7  0.07218  1.42102e+00 |  8  0.05164 -2.33138e+00 |  9  0.03588  4.45657e+00
 10  0.02163 -7.17219e+00 | 11  0.01159  2.61882e+00 | 12  0.00240 -6.53321e+00
 13 -0.00352 -1.47443e-01 | 14 -0.00824 -2.41271e+00 | 15 -0.01120 -3.93295e+00
 16 -0.01202  3.85744e+00 | 17 -0.01305 -3.55695e-01 | 18  0.05612  7.08472e+01
 19 -0.00523  2.51299e+01 | 20 -0.00223  4.19611e+01 | 21  0.00007  9.23882e+00
 22  0.00035  3.66507e+01 | 23 -0.00254 -4.28834e+01 | 24 -0.00201 -6.63551e+01
 25  0.00398 -1.04315e+02 | 26 -0.00128 -5.99041e+01 | 27 -0.00873  5.67768e+01
 28 -0.00260  7.32428e+01 | 29 -0.00089  1.72008e+01 | 30  0.00302 -4.25762e+01
 31 -0.00089  1.92020e+01 | 32  0.00099 -4.81452e+01 | 33  0.00141 -3.73116e+01
 34  0.00222 -3.13567e+01 | 35  0.00187  1.25050e+01 | 36  0.00064  1.11495e+02
 37  0.00072  2.40718e+01 | 38  0.00135  7.88764e+00 | 39 -0.00111 -2.85657e+01
 40 -0.00111 -1.07114e+01 | 41 -0.00031  1.64902e+01 | 42 -0.00133 -1.93760e+01
 43 -0.00309 -4.66218e+01 | 44  0.00019 -3.61783e+00 | 45 -0.00063  3.60297e+01
 46 -0.00146  2.97810e+01 | 47  0.01853 -6.44193e+01 | 48  0.14497 -1.91941e+03
 49 -0.06969  5.54052e+01 | 50 -0.06904 -4.90250e+01 | 51 -0.06877 -5.87008e+01
 52 -0.05632 -1.33651e+02 | 53 -0.04800 -1.18855e+01 | 54 -0.04556 -1.62965e+00
 55 -0.03915  4.96538e+01 | 56 -0.02004  1.73311e+02 | 57 -0.00599  8.21284e+01
 58  0.00049 -2.05451e+01 | 59  0.01110 -2.93261e+01 | 60  0.01937 -6.23454e+01
 61  0.02739 -4.29197e+01 | 62  0.02319  2.47080e+01 | 63  0.01906  2.53133e+01
 64  0.01920  2.47490e+01 | 65  0.01823  2.73830e+01 | 66  0.01751 -1.93809e+00
 67  0.01728 -7.90828e+01 | 68  0.01964 -1.98596e+01 | 69  0.02184 -2.36064e+01
 70  0.02122 -1.91523e+01 | 71  0.02398  2.00457e+01 | 72  0.02928 -4.59523e+01
 73  0.03039 -4.36912e+00 | 74  0.02604 -7.51700e+01 | 75  0.02526 -4.15673e+01
 76  0.02667  4.24010e+01 | 77  0.02474  7.49555e+01 | 78  0.06907  3.07530e+02
 79 -0.71097 -1.96498e+02 | 80 -0.57921 -6.02608e+01 |
2 0 20069.1
2 0 20068.5
2 0 20068
2 0 20067.7
2 0 20067.3
2 0 20067.1
2 0 20066.8
2 0 20066.6
2 0 20066.4
2 0 20066.2
80 variables; iteration 90; function evaluation 115; phase 2
Function value   2.0066191e+04; maximum gradient component mag  -2.0337e+02
Var   Value    Gradient   |Var   Value    Gradient   |Var   Value    Gradient
  1 -0.81990 -9.35991e+00 |  2 -0.51485 -5.67399e+00 |  3  0.25779 -1.87952e+00
  4  0.19186  8.64727e-01 |  5  0.13989  5.47814e-01 |  6  0.10317  2.84821e-01
  7  0.07676 -1.37610e-01 |  8  0.05702 -1.20213e-01 |  9  0.04171  1.92007e-01
 10  0.02949 -9.55372e-02 | 11  0.01968  1.36714e-02 | 12  0.01179 -5.22542e-01
 13  0.00565 -2.55600e-01 | 14  0.00098 -1.13833e-01 | 15 -0.00240 -8.76685e-02
 16 -0.00460  4.02657e-02 | 17 -0.00571 -1.01383e-01 | 18  0.06185  3.11082e+01
 19 -0.00645 -7.68204e-01 | 20 -0.00211  8.43380e+00 | 21  0.00022  1.99196e+00
 22  0.00012 -2.63837e+00 | 23 -0.00276  2.65000e+00 | 24 -0.00180 -4.01972e-02
 25  0.00425 -5.32872e+00 | 26 -0.00181 -2.25750e+00 | 27 -0.00964  3.30559e+00
 28 -0.00322  2.71831e+00 | 29 -0.00106 -1.41311e+00 | 30  0.00328  7.34258e-01
 31 -0.00074  3.61778e+00 | 32  0.00137  3.65021e+00 | 33  0.00181 -2.56303e+00
 34  0.00268 -4.07574e+00 | 35  0.00210  2.63345e+00 | 36  0.00050  2.45778e+00
 37  0.00084 -5.55184e-01 | 38  0.00149 -1.08853e+00 | 39 -0.00101 -1.39780e+00
 40 -0.00114  5.98705e-01 | 41 -0.00033 -8.87487e-01 | 42 -0.00103 -2.12468e+00
 43 -0.00273 -1.12647e-01 | 44  0.00061  1.31477e+00 | 45 -0.00036  4.19890e-01
 46 -0.00112 -5.01337e+00 | 47  0.01804 -6.20135e+00 | 48  0.15075 -2.03374e+02
 49 -0.06969  3.68635e+00 | 50 -0.06893 -5.98024e+00 | 51 -0.06860 -2.44648e+00
 52 -0.05602  7.85044e-02 | 53 -0.04815  4.57936e+00 | 54 -0.04575  6.52692e+00
 55 -0.03869  9.58433e+00 | 56 -0.01943  1.07689e+01 | 57 -0.00590  2.07527e+00
 58  0.00039  3.98465e-01 | 59  0.01077  3.24594e+00 | 60  0.01940  2.45588e+00
 61  0.02717 -1.01978e+00 | 62  0.02286 -4.02823e+00 | 63  0.01877 -4.22492e+00
 64  0.01906 -7.21237e+00 | 65  0.01809 -8.71216e+00 | 66  0.01720 -8.03082e+00
 67  0.01727 -4.74997e+00 | 68  0.01964 -2.08672e+00 | 69  0.02189 -2.87384e+00
 70  0.02116 -1.24809e+00 | 71  0.02381  1.89872e+00 | 72  0.02946  4.08441e-01
 73  0.03027 -4.11290e+00 | 74  0.02616 -6.88264e+00 | 75  0.02520 -8.25045e-01
 76  0.02608  9.20243e+00 | 77  0.02600  9.07750e+00 | 78  0.10466  3.49072e+01
 79 -0.68367 -2.04603e+01 | 80 -0.47440 -1.99414e+00 |
2 0 20065.8
2 0 20065.8
2 0 20065.6
2 0 20065.4
2 0 20065.1
2 0 20064.8
2 0 20064.5
2 0 20064.3
2 0 20064.1
2 0 20064.6
2 0 20064
2 0 20063.8
80 variables; iteration 100; function evaluation 127; phase 2
Function value   2.0063822e+04; maximum gradient component mag  -1.4956e+03
Var   Value    Gradient   |Var   Value    Gradient   |Var   Value    Gradient
  1 -0.70633  1.37598e+01 |  2 -0.32901  1.33781e+01 |  3  0.27029 -2.49095e+01
  4  0.20014 -5.35119e+00 |  5  0.14679 -1.00980e+00 |  6  0.10925 -2.04950e+00
  7  0.08259 -3.56921e-01 |  8  0.06260 -4.08055e-01 |  9  0.04711  4.88679e-01
 10  0.03463 -9.63048e-01 | 11  0.02483  2.38849e-01 | 12  0.01690 -9.16630e-01
 13  0.01086 -5.90770e-03 | 14  0.00623 -1.68466e-01 | 15  0.00293 -3.22518e-01
 16  0.00092  6.28451e-01 | 17 -0.00015  1.14274e-01 | 18  0.06407 -1.91140e+01
 19 -0.00708  3.38931e+01 | 20 -0.00172  1.34945e+01 | 21  0.00046  9.48493e+00
 22 -0.00008 -3.65332e+00 | 23 -0.00332 -2.71692e+00 | 24 -0.00204 -1.39302e+01
 25  0.00387 -2.40072e+01 | 26 -0.00306 -2.44874e+01 | 27 -0.01112 -2.18986e+00
 28 -0.00423  4.71704e+00 | 29 -0.00137 -8.44209e+00 | 30  0.00339 -4.96861e+00
 31 -0.00052  3.20420e+00 | 32  0.00177  3.93074e+00 | 33  0.00228 -6.92193e+00
 34  0.00340 -4.53453e+00 | 35  0.00268  1.77951e+01 | 36  0.00075  2.45536e+01
 37  0.00113  8.40051e+00 | 38  0.00177  3.98983e+00 | 39 -0.00096 -3.27235e+00
 40 -0.00136 -1.15666e+00 | 41 -0.00036 -4.31282e+00 | 42 -0.00069 -8.11609e+00
 43 -0.00231 -4.14973e+00 | 44  0.00123  5.04435e+00 | 45  0.00032  5.66406e+00
 46 -0.00015 -1.11417e+01 | 47  0.01730 -1.68835e+01 | 48  0.16198 -1.49563e+03
 49 -0.06934 -3.88895e+00 | 50 -0.06880 -2.07723e+01 | 51 -0.06836 -1.55126e+01
 52 -0.05551 -3.19935e+01 | 53 -0.04798 -9.64497e+00 | 54 -0.04590  5.66438e-01
 55 -0.03781  1.01546e+01 | 56 -0.01782  2.02491e+01 | 57 -0.00523 -2.33859e+00
 58  0.00033 -5.69658e+00 | 59  0.01030 -6.83032e+00 | 60  0.01925 -1.12623e+01
 61  0.02685 -1.44684e+01 | 62  0.02242 -8.42204e-02 | 63  0.01822  8.73320e+00
 64  0.01877 -3.37372e-01 | 65  0.01803 -4.64029e+00 | 66  0.01699 -8.07741e+00
 67  0.01708 -1.32938e+01 | 68  0.01984 -8.13832e+00 | 69  0.02215 -1.31643e+01
 70  0.02111 -6.49760e+00 | 71  0.02376  4.59221e+00 | 72  0.02962 -5.58376e+00
 73  0.03011 -5.62935e+00 | 74  0.02602 -1.14314e+01 | 75  0.02494  1.26306e+01
 76  0.02536  5.39266e+01 | 77  0.02509  6.87580e+01 | 78  0.15454  3.27222e+02
 79 -0.62227 -3.38065e+01 | 80 -0.36694  1.28812e+01 |
2 0 20063.6
2 0 20063.4
2 0 20063.1
2 0 20062.9
2 0 20062.7
2 0 20062.6
2 0 20062.5
2 0 20062.3
2 0 20062.2
2 0 20062.1
80 variables; iteration 110; function evaluation 137; phase 2
Function value   2.0062081e+04; maximum gradient component mag  -9.1669e+02
Var   Value    Gradient   |Var   Value    Gradient   |Var   Value    Gradient
  1 -0.60959  8.37507e+00 |  2 -0.25730 -2.63721e+00 |  3  0.28327 -1.24505e+01
  4  0.20825 -5.01410e+00 |  5  0.15269 -1.36304e+00 |  6  0.11404 -2.42792e+00
  7  0.08675 -1.97586e-01 |  8  0.06625 -3.52163e-01 |  9  0.05037  4.57036e-01
 10  0.03760 -1.21288e+00 | 11  0.02766  1.98447e-01 | 12  0.01965 -8.38326e-01
 13  0.01357  1.04665e-01 | 14  0.00893 -1.71776e-01 | 15  0.00565 -2.72945e-01
 16  0.00369  8.80679e-01 | 17  0.00264  3.30051e-01 | 18  0.06726 -1.33531e+02
 19 -0.00736  3.72481e+01 | 20 -0.00133  4.13997e-02 | 21  0.00058 -5.67305e+00
 22 -0.00032  1.17088e+01 | 23 -0.00388 -1.05233e+00 | 24 -0.00226 -6.67376e+00
 25  0.00358  2.05318e-01 | 26 -0.00393  3.33672e+00 | 27 -0.01215 -8.61826e-01
 28 -0.00498  1.44426e+00 | 29 -0.00160 -2.00192e+00 | 30  0.00342 -1.99853e+00
 31 -0.00040  1.12224e+01 | 32  0.00210 -5.59797e+00 | 33  0.00271 -2.95760e+00
 34  0.00402 -3.95363e+00 | 35  0.00305 -6.33611e+00 | 36  0.00082  7.63748e+00
 37  0.00126 -5.94319e+00 | 38  0.00192 -1.09570e+00 | 39 -0.00095 -5.16174e+00
 40 -0.00154  1.78976e+00 | 41 -0.00032  1.07674e+01 | 42 -0.00028  1.53078e-01
 43 -0.00181 -4.26041e+00 | 44  0.00186 -3.72727e+00 | 45  0.00094  5.45100e+00
 46  0.00055 -6.15328e+00 | 47  0.01627 -3.90867e+01 | 48  0.17344 -9.16691e+02
 49 -0.06911  3.78952e+00 | 50 -0.06867 -5.46897e+00 | 51 -0.06808 -7.59827e+00
 52 -0.05494 -1.94573e+01 | 53 -0.04779  9.35140e+00 | 54 -0.04592  1.41597e+01
 55 -0.03702 -3.87915e+00 | 56 -0.01646 -1.49479e+01 | 57 -0.00447 -1.53879e+01
 58  0.00038 -1.01764e+01 | 59  0.00996 -5.72080e-01 | 60  0.01912  2.79214e-01
 61  0.02650  4.31299e+00 | 62  0.02192  1.09520e+01 | 63  0.01760  2.49318e+00
 64  0.01845 -1.00611e+01 | 65  0.01792 -1.02435e+01 | 66  0.01678 -1.63994e+00
 67  0.01687 -5.94215e+00 | 68  0.02000  7.09157e+00 | 69  0.02239  5.26028e+00
 70  0.02102  7.14359e-02 | 71  0.02357  5.36500e+00 | 72  0.02957 -4.89498e+00
 73  0.02984  5.68622e+00 | 74  0.02578 -1.26323e+01 | 75  0.02462 -1.71334e+01
 76  0.02497  6.77860e+00 | 77  0.02469  4.12816e+01 | 78  0.18855  2.15189e+02
 79 -0.56030  4.62455e+01 | 80 -0.28575  1.11454e+01 |
2 0 20061.9
2 0 20061.8
2 0 20061.7
2 0 20061.6
2 0 20061.5
2 0 20061.7
2 0 20061.4
2 0 20061.3
2 0 20061.2
2 0 20061.1
2 0 20061.1
2 0 20061.1
2 0 20061
80 variables; iteration 120; function evaluation 150; phase 2
Function value   2.0061048e+04; maximum gradient component mag  -7.4668e+02
Var   Value    Gradient   |Var   Value    Gradient   |Var   Value    Gradient
  1 -0.54617  7.33521e+00 |  2 -0.22648 -5.01559e+00 |  3  0.29576  7.20418e+00
  4  0.21685  1.69540e+00 |  5  0.15906  3.18935e-01 |  6  0.11932  6.73682e-01
  7  0.09087  1.59435e-01 |  8  0.06963  1.86816e-01 |  9  0.05317 -5.30084e-02
 10  0.04019  2.78951e-01 | 11  0.02978 -5.57285e-02 | 12  0.02151  1.79226e-01
 13  0.01495 -1.97023e-02 | 14  0.00994  6.97687e-02 | 15  0.00628  1.23969e-01
 16  0.00385 -1.42821e-01 | 17  0.00267 -2.53820e-02 | 18  0.07146 -9.32079e+01
 19 -0.00820  1.80111e+00 | 20 -0.00109  1.47026e+01 | 21  0.00057  5.62449e+00
 22 -0.00073  5.54022e+00 | 23 -0.00445 -3.90227e+00 | 24 -0.00255 -7.18035e+00
 25  0.00322 -5.67805e+00 | 26 -0.00474 -2.05416e+01 | 27 -0.01309 -3.17658e+01
 28 -0.00576 -2.47251e+01 | 29 -0.00202 -1.44620e+01 | 30  0.00329 -3.89604e+00
 31 -0.00038  3.52091e-01 | 32  0.00240  1.01701e+01 | 33  0.00313  1.31225e+01
 34  0.00463  1.15015e+01 | 35  0.00348  6.19103e+00 | 36  0.00090 -6.37807e-01
 37  0.00139 -6.77078e-01 | 38  0.00204  2.71120e+00 | 39 -0.00093  3.56136e+00
 40 -0.00168  8.52967e+00 | 41 -0.00031  1.02609e+01 | 42  0.00011  5.11861e+00
 43 -0.00130  5.03822e+00 | 44  0.00255  1.25073e+01 | 45  0.00167  1.67997e+01
 46  0.00146  9.14203e+00 | 47  0.01638 -2.62864e+01 | 48  0.18481 -7.46685e+02
 49 -0.06893  4.43864e+01 | 50 -0.06845  3.54267e+01 | 51 -0.06762  2.03999e+01
 52 -0.05433  2.91934e+00 | 53 -0.04757 -4.59755e+00 | 54 -0.04584 -4.12230e+00
 55 -0.03620 -1.54423e+01 | 56 -0.01516 -2.75719e+01 | 57 -0.00367 -9.51493e+00
 58  0.00064  8.95099e+00 | 59  0.00978  1.09497e+01 | 60  0.01901  2.02874e+00
 61  0.02611 -8.86443e+00 | 62  0.02138 -9.09394e+00 | 63  0.01701 -8.47032e+00
 64  0.01816 -1.29044e+01 | 65  0.01788 -1.11739e+01 | 66  0.01661  1.26803e+00
 67  0.01676  8.82029e+00 | 68  0.02013  7.30036e+00 | 69  0.02261  3.27821e+00
 70  0.02098  2.35326e+00 | 71  0.02334 -3.83806e-01 | 72  0.02942 -7.24930e+00
 73  0.02938 -1.33018e+01 | 74  0.02538 -1.71297e+01 | 75  0.02411 -2.28417e+01
 76  0.02429 -7.19756e+00 | 77  0.02434  3.62515e+01 | 78  0.21532  2.22036e+02
 79 -0.51895  8.61001e+01 | 80 -0.26243 -2.17178e+01 |
2 0 20061
2 0 20061
2 0 20061
2 0 20060.9
2 0 20060.9
2 0 20060.9
2 0 20060.8
2 0 20060.8
2 0 20060.8
2 0 20060.8
2 0 20060.8
80 variables; iteration 130; function evaluation 161; phase 2
Function value   2.0060778e+04; maximum gradient component mag  -3.5039e+02
Var   Value    Gradient   |Var   Value    Gradient   |Var   Value    Gradient
  1 -0.51269  3.22920e+00 |  2 -0.20212 -1.41143e+00 |  3  0.30414  8.41116e-01
  4  0.22263 -2.07046e-02 |  5  0.16319 -3.33646e-01 |  6  0.12237  1.08653e-02
  7  0.09324 -3.25892e-02 |  8  0.07150 -7.97330e-02 |  9  0.05470 -1.20214e-01
 10  0.04146  6.88164e-04 | 11  0.03090 -3.96209e-02 | 12  0.02251  8.36846e-02
 13  0.01588  1.81769e-02 | 14  0.01080  2.25524e-03 | 15  0.00712  2.15177e-02
 16  0.00471 -2.63530e-02 | 17  0.00352  5.36185e-03 | 18  0.07365 -4.83879e+01
 19 -0.00685  1.36158e+01 | 20 -0.00068  1.32704e+01 | 21  0.00073  2.86822e+00
 22 -0.00077  6.59141e+00 | 23 -0.00461  3.90039e+00 | 24 -0.00260  3.93626e+00
 25  0.00311  3.86923e+00 | 26 -0.00503 -1.68118e+01 | 27 -0.01348 -2.59517e+01
 28 -0.00612 -2.24760e+01 | 29 -0.00223 -1.41218e+01 | 30  0.00319 -2.30457e+00
 31 -0.00037  9.80208e+00 | 32  0.00251  1.41820e+01 | 33  0.00323  1.20676e+01
 34  0.00479  6.94911e+00 | 35  0.00354  5.88812e-01 | 36  0.00081 -2.37510e+00
 37  0.00132 -2.61532e+00 | 38  0.00200  4.60101e+00 | 39 -0.00099  4.66737e+00
 40 -0.00184  5.63050e+00 | 41 -0.00041  4.13598e+00 | 42  0.00018 -3.50806e+00
 43 -0.00119 -5.54871e+00 | 44  0.00269 -3.95218e+00 | 45  0.00178  3.85889e+00
 46  0.00154 -3.02362e+00 | 47  0.01574 -1.12903e+01 | 48  0.19201 -3.50390e+02
 49 -0.06900  1.95348e+01 | 50 -0.06850  1.66068e+01 | 51 -0.06754  8.08387e+00
 52 -0.05410 -2.41452e+00 | 53 -0.04749 -8.50175e+00 | 54 -0.04586 -1.66887e+01
 55 -0.03587 -2.74435e+01 | 56 -0.01449 -2.42349e+01 | 57 -0.00321 -4.37407e+00
 58  0.00075  9.83142e+00 | 59  0.00967  1.30048e+01 | 60  0.01891  4.65097e+00
 61  0.02591 -4.47630e+00 | 62  0.02111 -5.51405e+00 | 63  0.01667 -5.53689e+00
 64  0.01798 -5.13081e+00 | 65  0.01787  1.21756e+00 | 66  0.01653  9.62661e+00
 67  0.01665  7.54544e+00 | 68  0.02017  3.37600e+00 | 69  0.02274 -2.07095e+00
 70  0.02096 -3.59130e+00 | 71  0.02323  1.86400e-01 | 72  0.02936  1.49858e+00
 73  0.02921  2.45160e+00 | 74  0.02522 -4.27725e+00 | 75  0.02400 -5.57363e+00
 76  0.02432  5.40576e+00 | 77  0.02433  1.69192e+01 | 78  0.22835  1.16499e+02
 79 -0.49433  5.75578e+01 | 80 -0.24180 -1.72944e+01 |
2 0 20060.8
2 0 20060.8
2 0 20060.8
2 0 20060.8
2 0 20060.7
2 0 20060.7
2 0 20060.7
2 0 20060.7
2 0 20060.7
2 0 20060.7
80 variables; iteration 140; function evaluation 171; phase 2
Function value   2.0060746e+04; maximum gradient component mag  -4.2059e+01
Var   Value    Gradient   |Var   Value    Gradient   |Var   Value    Gradient
  1 -0.50340  1.98743e+00 |  2 -0.19431 -2.66257e-01 |  3  0.30625  1.17370e+00
  4  0.22397  3.23328e-01 |  5  0.16420  1.31830e-01 |  6  0.12315  6.79371e-02
  7  0.09390  3.35048e-02 |  8  0.07207  1.57512e-02 |  9  0.05521  2.16286e-02
 10  0.04190  1.01800e-02 | 11  0.03128  1.52305e-02 | 12  0.02283  2.91067e-03
 13  0.01618  6.49942e-03 | 14  0.01108  5.88702e-03 | 15  0.00739  3.90070e-03
 16  0.00498  8.90003e-03 | 17  0.00379  5.54090e-03 | 18  0.07400 -9.04873e+00
 19 -0.00730 -2.04773e+00 | 20 -0.00065  9.88248e-01 | 21  0.00078  7.73641e-03
 22 -0.00079 -1.61951e+00 | 23 -0.00469 -1.76047e+00 | 24 -0.00267 -4.58047e-01
 25  0.00301  1.14001e+00 | 26 -0.00513  1.07092e+00 | 27 -0.01351  9.72747e-02
 28 -0.00608 -2.32267e-01 | 29 -0.00213  1.47369e-01 | 30  0.00327  7.16376e-01
 31 -0.00036  6.66949e-01 | 32  0.00249  6.60700e-01 | 33  0.00318  3.13882e-02
 34  0.00478 -5.79683e-01 | 35  0.00354 -9.15146e-01 | 36  0.00081 -9.50907e-01
 37  0.00135 -3.14570e-01 | 38  0.00203 -2.31961e-03 | 39 -0.00098  6.72724e-01
 40 -0.00187  5.93470e-01 | 41 -0.00042  1.13560e-01 | 42  0.00025 -1.34767e-02
 43 -0.00107 -3.59627e-01 | 44  0.00284  3.17296e-01 | 45  0.00190  6.36871e-01
 46  0.00167  1.16118e+00 | 47  0.01576  1.49092e-01 | 48  0.19409 -4.20593e+01
 49 -0.06902  2.63645e+00 | 50 -0.06852 -3.29539e-01 | 51 -0.06748 -1.36352e+00
 52 -0.05397 -1.98101e+00 | 53 -0.04739 -1.38582e+00 | 54 -0.04578 -8.35825e-01
 55 -0.03572 -7.64319e-01 | 56 -0.01434 -7.66643e-01 | 57 -0.00315  7.68293e-02
 58  0.00072  6.89216e-01 | 59  0.00962  3.38682e-01 | 60  0.01894 -2.38328e-01
 61  0.02592 -3.39125e-01 | 62  0.02110  3.62936e-01 | 63  0.01662  9.50755e-01
 64  0.01794  1.08430e+00 | 65  0.01786  1.03126e+00 | 66  0.01649  2.96234e-01
 67  0.01663 -2.59646e-01 | 68  0.02019 -1.40653e+00 | 69  0.02280 -1.71459e+00
 70  0.02097 -8.20066e-01 | 71  0.02317 -1.90430e-01 | 72  0.02930  5.90189e-01
 73  0.02912  8.47280e-01 | 74  0.02516  9.79226e-01 | 75  0.02393  5.08200e-01
 76  0.02421 -5.12850e-02 | 77  0.02421  2.00924e+00 | 78  0.23166  8.43242e+00
 79 -0.48739  8.21198e+00 | 80 -0.23547 -2.11219e+00 |
2 0 20060.7
2 0 20060.7
2 0 20060.7
2 0 20060.7
2 0 20060.7
2 0 20060.7
2 0 20060.7
2 0 20060.7
2 0 20060.7
2 0 20060.7
80 variables; iteration 150; function evaluation 181; phase 2
Function value   2.0060744e+04; maximum gradient component mag  -2.2152e-01
Var   Value    Gradient   |Var   Value    Gradient   |Var   Value    Gradient
  1 -0.50165 -2.38871e-03 |  2 -0.19471  2.91257e-03 |  3  0.30694 -2.05647e-02
  4  0.22445 -5.71310e-03 |  5  0.16453 -2.52890e-03 |  6  0.12338  1.01234e-03
  7  0.09406 -6.32820e-04 |  8  0.07219 -4.30655e-04 |  9  0.05530 -1.03889e-03
 10  0.04196  8.12303e-04 | 11  0.03133 -3.92104e-04 | 12  0.02286  8.28690e-04
 13  0.01620 -1.53627e-04 | 14  0.01110  1.35922e-05 | 15  0.00740  1.42585e-04
 16  0.00498 -9.09298e-04 | 17  0.00379 -3.50733e-04 | 18  0.07428 -2.17264e-02
 19 -0.00712  3.79523e-02 | 20 -0.00061 -1.88875e-02 | 21  0.00079 -6.73100e-03
 22 -0.00080  1.35847e-02 | 23 -0.00471  5.78184e-02 | 24 -0.00269  6.12401e-02
 25  0.00298  3.51092e-02 | 26 -0.00518 -1.58815e-02 | 27 -0.01355 -2.18173e-02
 28 -0.00611  1.13759e-02 | 29 -0.00214  1.28818e-02 | 30  0.00326  5.86094e-04
 31 -0.00037  5.27171e-03 | 32  0.00249  7.60738e-02 | 33  0.00319  6.28318e-02
 34  0.00479 -1.25651e-02 | 35  0.00356 -4.83776e-02 | 36  0.00081 -1.62898e-02
 37  0.00136  2.57360e-02 | 38  0.00203  2.91358e-02 | 39 -0.00099  1.09505e-02
 40 -0.00189 -1.01318e-02 | 41 -0.00044 -2.64310e-02 | 42  0.00025 -1.04021e-02
 43 -0.00106 -1.52363e-03 | 44  0.00286 -7.53376e-02 | 45  0.00191 -9.96356e-02
 46  0.00168 -2.82981e-02 | 47  0.01571 -3.66280e-02 | 48  0.19470 -2.21520e-01
 49 -0.06903 -5.90716e-02 | 50 -0.06852  5.51329e-02 | 51 -0.06747  1.56484e-01
 52 -0.05394  2.14072e-01 | 53 -0.04738  1.18740e-01 | 54 -0.04577  3.61068e-02
 55 -0.03568  4.02989e-03 | 56 -0.01429  9.79215e-04 | 57 -0.00312  1.58640e-02
 58  0.00073  7.30234e-03 | 59  0.00961 -2.09758e-02 | 60  0.01894 -7.45825e-02
 61  0.02590 -1.38207e-01 | 62  0.02107 -1.29417e-01 | 63  0.01659 -7.14223e-02
 64  0.01792 -2.18746e-02 | 65  0.01785 -2.43749e-02 | 66  0.01648 -5.51102e-02
 67  0.01662 -8.23898e-02 | 68  0.02020 -1.08716e-01 | 69  0.02282 -4.77590e-02
 70  0.02097  6.24276e-02 | 71  0.02316  1.22923e-01 | 72  0.02929  1.05253e-01
 73  0.02910  3.93575e-02 | 74  0.02515  4.72334e-03 | 75  0.02392 -4.97179e-02
 76  0.02422 -5.36994e-02 | 77  0.02422  1.27202e-02 | 78  0.23275  5.06945e-02
 79 -0.48601  6.39299e-02 | 80 -0.23528 -1.78158e-02 |
2 0 20060.7
2 0 20060.7
2 0 20060.7
2 0 20060.7
2 0 20060.7
2 0 20060.7
2 0 20060.7
2 0 20060.7
2 0 20060.7
2 0 20060.7
2 0 20060.7
2 0 20060.7
B04015.89
0.3 0.878647
0.753126 0.745345
1.60382 0.583163
2.67226 0.460277
3.51422 0.396026
3.97635 0.368325
4.18454 0.357189
4.27049 0.352807
4.30473 0.351094
4.31819 0.350426
4.32344 0.350166
4.32549 0.350065
4.32629 0.350025
4.3266 0.35001
4.32672 0.350004
4.32677 0.350001
4.32679 0.350001
4.3268 0.35
4.3268 0.35
4.3268 0.35
4.3268 0.35
Survey Bio31.5859
Survey len9973.36
CPUE22.6222
Catch0.632026
Catch len10006
initsmo_penal20.9678
F_pen1.76757
Rec_pen3.75993
M_pen0


Starting time: Sat Oct  6 10:02:21 2018
Finishing time: Sat Oct  6 10:02:26 2018
This run took: 0 hours, 0 minutes, 5 seconds.

