survYears 71 72 73 74 75 76 77 78 79 80 81 82 83 84 85 86 87 88 89 90 91 92 93 94 95 96 97 98
SurvLenYear 71 72 73 74 75 76 77 78 79 80 81 82 83 84 85 86 87 88 89 90 91 92 93 94 95 96 97 98
catchBiomass 5054.69 4818.35 6247.31 5261.74 6112.66 8667.05 11122.6 11450.7 19660.4 34996.1 47832.7 56253.9 73361.9 94297.8 109408 88710.6 85554.9 80632.7 93829.7 84870.1 83589.2 85866.8 94744.8 98697.3 113595 133632 112893 107208
steep0.999
25
Out
1 0 37127.3

Initial statistics: 73 variables; iteration 0; function evaluation 0; phase 1
Function value   3.7127251e+04; maximum gradient component mag  -2.5779e+05
Var   Value    Gradient   |Var   Value    Gradient   |Var   Value    Gradient
  1  0.26308  4.62986e+03 |  2  0.24231  4.17507e+03 |  3  0.22165  3.49465e+03
  4  0.21710  3.85815e+03 |  5  0.19249  2.46128e+03 |  6  0.17182  1.67185e+03
  7  0.15436  1.16281e+03 |  8  0.14714  1.10848e+03 |  9  0.12171  5.96003e+02
 10  0.09885  3.55011e+02 | 11  0.07868  1.81530e+02 | 12  0.07350  2.47871e+02
 13  0.05560  1.26546e+02 | 14  0.04076 -6.29052e+01 | 15  0.07417  3.21246e+02
 16 -0.02813 -7.11623e+03 | 17  0.00000 -2.20189e+04 | 18  0.00000 -2.93924e+02
 19  0.00000 -7.63611e+03 | 20  0.00000 -7.99839e+02 | 21  0.00000  2.98304e+03
 22  0.00000  1.77918e+03 | 23  0.00000  2.03083e+03 | 24  0.00000  1.18921e+04
 25  0.00000  1.14481e+04 | 26  0.00000  6.47851e+03 | 27  0.00000  5.48530e+03
 28  0.00000  7.28872e+03 | 29  0.00000  5.69774e+03 | 30  0.00000  1.73224e+03
 31  0.00000 -3.58222e+03 | 32  0.00000 -6.43781e+02 | 33  0.00000  1.59024e+02
 34  0.00000  2.51725e+03 | 35  0.00000 -1.29805e+03 | 36  0.00000  7.77816e+02
 37  0.00000  1.34548e+03 | 38  0.00000  3.47075e+03 | 39  0.00000  3.23316e+03
 40  0.00000  4.39784e+03 | 41  0.00000  1.57897e+03 | 42  0.00000 -5.41341e+03
 43  0.00000 -9.24713e+03 | 44  0.00000 -2.33627e+04 | 45  0.11205 -2.57794e+05
 46  0.00000  6.57375e+04 | 47  0.00000  5.92284e+04 | 48  0.00000  5.52033e+04
 49  0.00000  4.58081e+04 | 50  0.00000  3.79504e+04 | 51  0.00000  3.18798e+04
 52  0.00000  2.13773e+04 | 53  0.00000  7.28147e+03 | 54  0.00000 -2.55048e+03
 55  0.00000 -8.77698e+03 | 56  0.00000 -1.49581e+04 | 57  0.00000 -2.03615e+04
 58  0.00000 -2.26254e+04 | 59  0.00000 -2.04518e+04 | 60  0.00000 -1.77704e+04
 61  0.00000 -1.77362e+04 | 62  0.00000 -1.85837e+04 | 63  0.00000 -1.90706e+04
 64  0.00000 -1.83278e+04 | 65  0.00000 -1.90459e+04 | 66  0.00000 -2.09071e+04
 67  0.00000 -2.36727e+04 | 68  0.00000 -2.57242e+04 | 69  0.00000 -2.67123e+04
 70  0.00000 -2.33144e+04 | 71  0.00000 -1.49916e+04 | 72  0.00000 -1.35371e+03
 73  0.00000  1.24685e+04 |
1 0 37127.2
1 0 37127
1 0 37125
1 0 37105.1
1 0 36907.6
1 0 35165.6
1 0 31576.4
1 0 29628.6
1 0 27713.8
1 0 27151.6
1 0 26610
1 0 26276.8
1 0 26183.6
1 0 26084.2
1 0 25945.1

Intermediate statistics: 73 variables; iteration 10; function evaluation 15; phase 1
Function value   2.5945139e+04; maximum gradient component mag  -5.5280e+04
Var   Value    Gradient   |Var   Value    Gradient   |Var   Value    Gradient
  1  0.23314  1.18263e+02 |  2  0.23105  3.42981e+02 |  3  0.21206  2.82703e+02
  4  0.20395  3.89019e+02 |  5  0.18252  2.51558e+02 |  6  0.16399  1.82974e+02
  7  0.14897  1.32090e+02 |  8  0.13951  1.65060e+02 |  9  0.11827  8.22143e+01
 10  0.09693  4.06618e+01 | 11  0.07892  2.30743e+00 | 12  0.07074  5.30217e+01
 13  0.05522  1.74588e-02 | 14  0.04582 -9.11128e+01 | 15  0.06890  1.04182e+02
 16  0.13874 -7.01979e+03 | 17  0.37900  2.63786e+03 | 18 -0.00055  3.42987e+03
 19 -0.02298 -1.09004e+04 | 20  0.00413  3.71132e+03 | 21  0.00211  6.46253e+03
 22 -0.00652  3.13202e+03 | 23 -0.00206  1.71607e+03 | 24  0.05012  2.93076e+03
 25  0.07851  1.67677e+03 | 26  0.00152  3.35539e+03 | 27  0.03424  8.99366e+03
 28  0.14511  2.57448e+03 | 29 -0.01363  3.06454e+03 | 30 -0.04946 -4.17738e+03
 31 -0.05337 -1.18617e+03 | 32 -0.05312 -2.59408e+03 | 33 -0.03647 -2.83130e+03
 34 -0.02470 -1.88134e+03 | 35 -0.04018 -1.67547e+03 | 36 -0.05371 -3.68833e+03
 37 -0.04257 -1.64858e+03 | 38 -0.01713  5.55644e+02 | 39 -0.02087  9.91176e+02
 40 -0.01880  8.38632e+02 | 41 -0.04009 -3.41027e+03 | 42 -0.04796 -6.90033e+02
 43 -0.05623 -1.87183e+03 | 44 -0.06981 -8.87887e+03 | 45  0.12173 -5.52798e+04
 46 -0.05578 -5.86492e+03 | 47 -0.04979  2.13475e+03 | 48 -0.02511  2.81595e+04
 49 -0.03251  1.52057e+04 | 50 -0.02540  1.08150e+04 | 51 -0.02560  8.86302e+03
 52 -0.03152  6.99902e+03 | 53 -0.01506 -8.63706e+02 | 54  0.01248 -2.16223e+02
 55  0.00658 -9.18394e+01 | 56  0.01324 -3.37277e+03 | 57  0.04018 -4.08979e+03
 58  0.05712 -9.63418e+02 | 59 -0.00137 -6.84508e+03 | 60 -0.06758 -8.60116e+03
 61 -0.03412 -7.55267e+03 | 62  0.02048 -4.56581e+03 | 63  0.05202  2.07816e+03
 64 -0.01320 -6.89673e+03 | 65 -0.01579 -6.14115e+03 | 66 -0.03074 -7.09830e+03
 67  0.04195 -3.13542e+03 | 68  0.01318 -5.33761e+03 | 69  0.06122  3.46212e+03
 70  0.04305 -1.11056e+03 | 71  0.00897 -6.40613e+03 | 72  0.05037 -1.18742e+03
 73  0.00241  2.38810e+03 |
1 0 25732.8
1 0 25638.1
1 0 25563.5
1 0 25488.3
1 0 25433.5
1 0 25421.8
1 0 25406.6
1 0 25387.7
1 0 25382.6
1 0 25374.8
73 variables; iteration 20; function evaluation 25; phase 1
Function value   2.5374949e+04; maximum gradient component mag  -7.2011e+04
Var   Value    Gradient   |Var   Value    Gradient   |Var   Value    Gradient
  1  0.27867  2.22518e+02 |  2  0.27554  6.13432e+02 |  3  0.24909  4.73760e+02
  4  0.23562  5.65037e+02 |  5  0.20225  2.74624e+02 |  6  0.17579  1.61260e+02
  7  0.15710  1.22296e+02 |  8  0.14145  1.13821e+02 |  9  0.12078  6.64918e+01
 10  0.09921  2.31291e+01 | 11  0.08280  1.89924e+01 | 12  0.06904  1.29675e+01
 13  0.05753 -1.95482e+01 | 14  0.05668 -5.42659e+00 | 15  0.06214  3.56124e+01
 16  0.19012 -9.74985e+03 | 17  0.38653  3.16003e+03 | 18 -0.02438  2.38278e+03
 19 -0.03153 -8.07620e+03 | 20 -0.01327  3.88060e+03 | 21 -0.00356  8.05415e+03
 22 -0.01759  3.67264e+03 | 23 -0.00962  3.73597e+03 | 24  0.13677  1.83445e+03
 25  0.23244  3.29046e+03 | 26 -0.01375  3.14127e+03 | 27 -0.00646  3.10182e+03
 28  0.30422  4.70588e+03 | 29 -0.04077  2.93312e+03 | 30 -0.06476 -2.54223e+03
 31 -0.06656 -2.70995e+03 | 32 -0.06494 -3.60472e+03 | 33 -0.04715 -4.28551e+03
 34 -0.04143 -3.82749e+01 | 35 -0.05177  9.60075e+02 | 36 -0.06706 -5.08516e+03
 37 -0.06556 -6.66208e+03 | 38 -0.05402 -2.02103e+03 | 39 -0.04477  4.87576e+02
 40 -0.04399  8.10157e+02 | 41 -0.05431 -3.85960e+03 | 42 -0.05637 -2.59589e+03
 43 -0.06078 -1.09305e+03 | 44 -0.07214 -2.30252e+03 | 45  0.12445 -7.20106e+04
 46 -0.05713 -1.08725e+04 | 47 -0.07026 -3.51800e+03 | 48 -0.04364  1.56484e+04
 49 -0.04659  7.84981e+03 | 50 -0.03057  6.94410e+03 | 51 -0.03301  5.51086e+03
 52 -0.03718  5.03537e+03 | 53 -0.01424  2.78268e+03 | 54  0.01306  2.05964e+03
 55  0.00748  6.99361e+02 | 56  0.01548  4.68619e+03 | 57  0.04782 -4.10482e+03
 58  0.03825 -6.04424e+03 | 59  0.00784 -5.84505e+03 | 60 -0.09789 -7.85197e+03
 61 -0.02589 -5.74250e+03 | 62  0.03169 -1.03121e+03 | 63  0.04086 -6.94739e+02
 64  0.00555 -4.70911e+03 | 65  0.00763 -2.74480e+03 | 66  0.00762 -2.45422e+03
 67  0.02679 -3.21624e+02 | 68  0.02709 -1.71795e+03 | 69  0.04668  1.94591e+03
 70  0.04016  1.74760e+03 | 71  0.01877 -2.91988e+03 | 72  0.05479  2.43871e+03
 73  0.01832  3.27744e+03 |
1 0 25370.8
1 0 25370.9
1 0 25368.9
1 0 25366.7
1 0 25364.9
1 0 25362.6
1 0 25360.4
1 0 25357.5
1 0 25356.5
1 0 25355.5
1 0 25354.4
73 variables; iteration 30; function evaluation 36; phase 1
Function value   2.5354623e+04; maximum gradient component mag  -7.8403e+04
Var   Value    Gradient   |Var   Value    Gradient   |Var   Value    Gradient
  1  0.32175  4.56167e+02 |  2  0.29831  6.95963e+02 |  3  0.26858  5.64505e+02
  4  0.25030  5.76485e+02 |  5  0.21832  3.17094e+02 |  6  0.18900  1.73193e+02
  7  0.16606  1.18118e+02 |  8  0.14541  8.52251e+01 |  9  0.12411  5.20877e+01
 10  0.10320  2.01739e+01 | 11  0.08653  2.23917e+01 | 12  0.07019 -1.33509e+01
 13  0.06285 -1.60944e+01 | 14  0.06456  4.17932e+01 | 15  0.05795 -9.46312e+00
 16  0.19152 -9.24571e+03 | 17  0.39404  3.10287e+03 | 18 -0.02451  2.28238e+03
 19 -0.03220 -8.40848e+03 | 20 -0.01198  4.62684e+03 | 21 -0.00392  7.73311e+03
 22 -0.01567  4.64771e+03 | 23 -0.00981  3.48955e+03 | 24  0.12819  1.66736e+03
 25  0.23310  3.27171e+03 | 26 -0.01368  2.32580e+03 | 27 -0.00785  3.02619e+03
 28  0.31356  4.69421e+03 | 29 -0.04027  4.03221e+03 | 30 -0.06605 -2.72128e+03
 31 -0.06842 -3.85778e+03 | 32 -0.06429 -2.77799e+03 | 33 -0.04784 -4.93778e+03
 34 -0.04245 -3.89462e+02 | 35 -0.05162  2.41018e+03 | 36 -0.06822 -5.34801e+03
 37 -0.06444 -5.98274e+03 | 38 -0.05287 -2.77281e+03 | 39 -0.04178  5.63832e+02
 40 -0.03975  1.68580e+03 | 41 -0.05413 -3.72889e+03 | 42 -0.05897 -2.89504e+03
 43 -0.06495 -1.96828e+03 | 44 -0.07759 -2.55837e+03 | 45  0.12573 -7.84025e+04
 46 -0.05847 -1.08730e+04 | 47 -0.07081 -3.24603e+03 | 48 -0.04554  1.52110e+04
 49 -0.04856  7.17086e+03 | 50 -0.03273  6.30981e+03 | 51 -0.03461  4.81397e+03
 52 -0.03819  5.16019e+03 | 53 -0.01586  2.48925e+03 | 54  0.01057  1.26181e+03
 55  0.00966  2.37009e+03 | 56  0.01338  4.59196e+03 | 57  0.04742 -3.48154e+03
 58  0.03785 -6.46205e+03 | 59  0.00067 -5.95887e+03 | 60 -0.07377 -7.51091e+03
 61 -0.02851 -5.64620e+03 | 62  0.03171 -4.96382e+02 | 63  0.04051 -6.96517e+02
 64  0.00016 -5.16293e+03 | 65  0.00239 -3.36301e+03 | 66  0.00341 -2.78707e+03
 67  0.02605 -1.06664e+01 | 68  0.02617 -1.41485e+03 | 69  0.04913  2.46994e+03
 70  0.03984  1.65610e+03 | 71  0.01761 -2.98129e+03 | 72  0.05901  3.00672e+03
 73  0.03129  3.64034e+03 |
1 0 25353
1 0 25350.7
1 0 25350.4
1 0 25350.3
1 0 25349.3
1 0 25349.5
1 0 25348.9
1 0 25348.6
1 0 25348.2
1 0 25348
1 0 25347.8
73 variables; iteration 40; function evaluation 47; phase 1
Function value   2.5347970e+04; maximum gradient component mag  -7.8149e+04
Var   Value    Gradient   |Var   Value    Gradient   |Var   Value    Gradient
  1  0.34264  5.49161e+02 |  2  0.31428  7.62936e+02 |  3  0.28212  5.91702e+02
  4  0.26563  6.39061e+02 |  5  0.23374  3.54609e+02 |  6  0.20504  2.10197e+02
  7  0.17970  1.31719e+02 |  8  0.15594  8.60462e+01 |  9  0.13185  4.48411e+01
 10  0.10979  1.78802e+01 | 11  0.09203  1.45046e+01 | 12  0.07642 -1.46594e+01
 13  0.06987 -5.09658e+00 | 14  0.06882  4.00392e+01 | 15  0.05949 -2.04704e+01
 16  0.19123 -9.16813e+03 | 17  0.40545  3.10786e+03 | 18 -0.02498  1.91760e+03
 19 -0.03177 -8.08658e+03 | 20 -0.01274  4.40908e+03 | 21 -0.00481  7.52473e+03
 22 -0.01538  4.87852e+03 | 23 -0.00969  3.55267e+03 | 24  0.12817  1.69076e+03
 25  0.22827  3.23316e+03 | 26 -0.01427  2.09474e+03 | 27 -0.00834  2.97027e+03
 28  0.30193  4.62662e+03 | 29 -0.03920  3.83128e+03 | 30 -0.06449 -2.53803e+03
 31 -0.06727 -3.54745e+03 | 32 -0.06367 -2.50026e+03 | 33 -0.04723 -4.40618e+03
 34 -0.04270 -7.20619e+02 | 35 -0.05165  1.93083e+03 | 36 -0.06825 -5.74905e+03
 37 -0.06378 -5.53529e+03 | 38 -0.05257 -2.58287e+03 | 39 -0.04249  4.13757e+02
 40 -0.04104  1.37542e+03 | 41 -0.05324 -3.29271e+03 | 42 -0.05804 -3.15158e+03
 43 -0.06340 -1.96590e+03 | 44 -0.07618 -1.96744e+03 | 45  0.12597 -7.81487e+04
 46 -0.05828 -1.06654e+04 | 47 -0.07136 -3.09649e+03 | 48 -0.04503  1.56135e+04
 49 -0.04898  7.10019e+03 | 50 -0.03288  6.44568e+03 | 51 -0.03510  4.54440e+03
 52 -0.03874  4.87525e+03 | 53 -0.01598  2.53073e+03 | 54  0.01025  9.51875e+02
 55  0.00943  2.37717e+03 | 56  0.01298  4.54645e+03 | 57  0.04620 -3.64618e+03
 58  0.03779 -6.36281e+03 | 59  0.00531 -5.69703e+03 | 60 -0.08234 -7.58567e+03
 61 -0.02586 -5.54622e+03 | 62  0.03047 -1.14928e+03 | 63  0.03996 -7.63849e+02
 64  0.00165 -4.88205e+03 | 65  0.00276 -3.20640e+03 | 66  0.00296 -2.85966e+03
 67  0.02698  9.95715e+01 | 68  0.02563 -1.49632e+03 | 69  0.04746  2.12386e+03
 70  0.03916  1.57730e+03 | 71  0.01817 -2.74144e+03 | 72  0.05980  3.37277e+03
 73  0.03739  3.65954e+03 |
1 0 25347.4
1 0 25346.8
1 0 25346.1
1 0 25345.3
1 0 25346.8
1 0 25345.1
1 0 25344.8
1 0 25344.3
1 0 25343.6
1 0 25342.9
1 0 25342.2
73 variables; iteration 50; function evaluation 58; phase 1
Function value   2.5342520e+04; maximum gradient component mag  -7.9291e+04
Var   Value    Gradient   |Var   Value    Gradient   |Var   Value    Gradient
  1  0.34092  5.00133e+02 |  2  0.31473  7.24664e+02 |  3  0.28420  5.82161e+02
  4  0.26824  6.24586e+02 |  5  0.24019  3.79181e+02 |  6  0.21646  2.53235e+02
  7  0.19657  1.89634e+02 |  8  0.17536  1.35971e+02 |  9  0.14993  7.15675e+01
 10  0.12479  2.09039e+01 | 11  0.10628  2.01528e+01 | 12  0.09020  1.11611e+00
 13  0.07975 -8.04025e+00 | 14  0.07645  2.59814e+01 | 15  0.06960 -1.02759e+01
 16  0.19185 -9.15010e+03 | 17  0.40817  3.10755e+03 | 18 -0.02573  1.49740e+03
 19 -0.03193 -7.97775e+03 | 20 -0.01301  4.43753e+03 | 21 -0.00525  7.42872e+03
 22 -0.01579  4.73945e+03 | 23 -0.00920  3.83824e+03 | 24  0.12828  1.67444e+03
 25  0.22988  3.24031e+03 | 26 -0.01415  2.09409e+03 | 27 -0.00831  2.98158e+03
 28  0.29985  4.61167e+03 | 29 -0.03955  3.85218e+03 | 30 -0.06504 -2.72125e+03
 31 -0.06726 -3.29270e+03 | 32 -0.06361 -2.31133e+03 | 33 -0.04746 -4.51937e+03
 34 -0.04282 -7.39265e+02 | 35 -0.05195  2.10180e+03 | 36 -0.06867 -5.68681e+03
 37 -0.06453 -5.90360e+03 | 38 -0.05264 -2.48172e+03 | 39 -0.04266  2.65728e+02
 40 -0.04095  1.46032e+03 | 41 -0.05318 -3.32935e+03 | 42 -0.05795 -3.26935e+03
 43 -0.06281 -1.82120e+03 | 44 -0.07478 -1.85933e+03 | 45  0.12562 -7.92912e+04
 46 -0.05813 -1.08726e+04 | 47 -0.07146 -3.02683e+03 | 48 -0.04502  1.54619e+04
 49 -0.04916  6.84906e+03 | 50 -0.03273  6.43467e+03 | 51 -0.03513  4.50987e+03
 52 -0.03863  4.67537e+03 | 53 -0.01630  2.09413e+03 | 54  0.01017  8.02353e+02
 55  0.00979  2.43348e+03 | 56  0.01335  4.65000e+03 | 57  0.04650 -3.67758e+03
 58  0.03793 -6.37209e+03 | 59  0.00442 -5.80389e+03 | 60 -0.07756 -7.60447e+03
 61 -0.02603 -5.64088e+03 | 62  0.03048 -1.29779e+03 | 63  0.04055 -9.08752e+02
 64  0.00010 -5.16819e+03 | 65  0.00301 -3.24934e+03 | 66  0.00195 -3.07059e+03
 67  0.02716  3.28850e+01 | 68  0.02574 -1.52263e+03 | 69  0.04742  2.05970e+03
 70  0.03929  1.67104e+03 | 71  0.01784 -2.73333e+03 | 72  0.05821  3.28203e+03
 73  0.03251  3.60740e+03 |
1 0 25342.6
1 0 25342
1 0 25341.4
1 0 25340.9
1 0 25340.1
1 0 25338.8
1 0 25338.9
1 0 25338.2
1 0 25337.3
1 0 25335.7
1 0 25334.6
1 0 25332.6
73 variables; iteration 60; function evaluation 70; phase 1
Function value   2.5332907e+04; maximum gradient component mag  -7.9961e+04
Var   Value    Gradient   |Var   Value    Gradient   |Var   Value    Gradient
  1  0.34365  5.09692e+02 |  2  0.31689  7.34418e+02 |  3  0.28467  5.61660e+02
  4  0.26927  6.26952e+02 |  5  0.23840  3.51282e+02 |  6  0.21227  2.11857e+02
  7  0.19350  1.52253e+02 |  8  0.17982  1.30644e+02 |  9  0.16617  1.05919e+02
 10  0.15068  7.49348e+01 | 11  0.13449  5.64692e+01 | 12  0.11670  1.14987e+01
 13  0.10612  3.85588e+00 | 14  0.10278  4.27430e+01 | 15  0.09412 -7.27966e+00
 16  0.19289 -8.63935e+03 | 17  0.40866  3.04834e+03 | 18 -0.02561  1.58936e+03
 19 -0.03185 -7.93664e+03 | 20 -0.01229  4.56821e+03 | 21 -0.00337  7.67488e+03
 22 -0.01588  4.83511e+03 | 23 -0.01036  3.51593e+03 | 24  0.12782  1.61873e+03
 25  0.22717  3.14502e+03 | 26 -0.01304  2.44732e+03 | 27 -0.00849  2.96403e+03
 28  0.30066  4.54688e+03 | 29 -0.03860  4.09001e+03 | 30 -0.06443 -2.62986e+03
 31 -0.06693 -3.20656e+03 | 32 -0.06336 -2.33909e+03 | 33 -0.04691 -4.46069e+03
 34 -0.04204 -6.91555e+02 | 35 -0.05136  2.49336e+03 | 36 -0.06901 -5.95892e+03
 37 -0.06465 -5.79643e+03 | 38 -0.05337 -2.60849e+03 | 39 -0.04319  3.43635e+02
 40 -0.04186  1.13301e+03 | 41 -0.05450 -3.90670e+03 | 42 -0.05873 -3.67926e+03
 43 -0.06250 -1.54822e+03 | 44 -0.07496 -1.73360e+03 | 45  0.12573 -7.99608e+04
 46 -0.05807 -1.05172e+04 | 47 -0.07126 -2.93074e+03 | 48 -0.04553  1.52360e+04
 49 -0.04935  6.87820e+03 | 50 -0.03189  6.89913e+03 | 51 -0.03534  4.40731e+03
 52 -0.03921  4.59648e+03 | 53 -0.01655  1.96635e+03 | 54  0.00994  1.00004e+03
 55  0.01038  2.53675e+03 | 56  0.01282  4.40307e+03 | 57  0.04575 -3.69549e+03
 58  0.03822 -6.63959e+03 | 59  0.00499 -5.82434e+03 | 60 -0.07754 -7.55608e+03
 61 -0.02515 -5.52544e+03 | 62  0.02996 -1.25466e+03 | 63  0.04121 -8.18439e+02
 64  0.00013 -5.18006e+03 | 65  0.00359 -3.19187e+03 | 66  0.00223 -3.06949e+03
 67  0.02636 -2.75043e+02 | 68  0.02549 -1.71633e+03 | 69  0.04757  2.19414e+03
 70  0.03827  1.71744e+03 | 71  0.01824 -2.49998e+03 | 72  0.05882  3.50962e+03
 73  0.03321  3.66548e+03 |
1 0 25329.2
1 0 25323.6
1 0 25321.3
1 0 25317.2
1 0 25309.3
1 0 25294.3
1 0 25217.4
1 0 25049.2
1 0 24726.7
1 0 27723.2
1 0 23798.7
1 0 43338.6
1 0 23693.7
1 0 24033.8
1 0 23673.5
73 variables; iteration 70; function evaluation 85; phase 1
Function value   2.3673517e+04; maximum gradient component mag  -5.6825e+04
Var   Value    Gradient   |Var   Value    Gradient   |Var   Value    Gradient
  1  0.27438  8.46753e+01 |  2  0.29845  8.93294e+02 |  3  0.24074  3.21829e+02
  4  0.18708 -1.71134e+02 |  5  0.23518  7.30618e+02 |  6  0.19100  1.71640e+01
  7  0.20692  6.15486e+02 |  8  0.12046 -3.03608e+02 |  9  0.14441  1.84556e+02
 10  0.13637  2.10499e+02 | 11  0.08486  5.27372e+01 | 12  0.02464 -3.84959e+02
 13  0.08220 -2.09672e+02 | 14  0.21319  8.73946e+02 | 15  0.19159  1.90866e+02
 16  0.18577 -6.83098e+03 | 17  0.30611  2.53254e+03 | 18 -0.02406  4.63014e+02
 19 -0.02596 -2.42275e+03 | 20 -0.02184  1.68781e+03 | 21 -0.01406  4.78225e+03
 22 -0.01870  3.68980e+03 | 23 -0.01034  3.06508e+03 | 24  0.11237  1.09164e+03
 25  0.21594  2.73160e+03 | 26 -0.01337  1.93436e+03 | 27 -0.01011  2.28417e+03
 28  0.28714  4.06358e+03 | 29 -0.03350  1.65038e+03 | 30 -0.05673 -5.21582e+03
 31 -0.06030 -1.08693e+04 | 32 -0.05418 -6.75026e+03 | 33 -0.03609  3.69040e+03
 34 -0.03320  3.27184e+03 | 35 -0.04664  1.81461e+03 | 36 -0.06045 -3.46023e+03
 37 -0.05447 -4.00758e+03 | 38 -0.04227 -1.55247e+03 | 39 -0.03622  5.58874e+02
 40 -0.03355  2.17263e+03 | 41 -0.04474 -1.16821e+03 | 42 -0.05043 -3.57375e+03
 43 -0.05199 -2.45465e+03 | 44 -0.06512 -2.19117e+03 | 45  0.13463 -5.68249e+04
 46 -0.05317  3.27055e+03 | 47 -0.06855  1.51388e+03 | 48 -0.05972  8.12456e+03
 49 -0.05986  3.27680e+03 | 50 -0.04102  4.41733e+03 | 51 -0.04500  2.06844e+03
 52 -0.04715  2.69844e+03 | 53 -0.02248  1.40021e+03 | 54  0.00319 -1.03830e+03
 55  0.00242  2.13602e+02 | 56  0.00237  1.36050e+03 | 57  0.03706 -1.93232e+03
 58  0.03141 -1.11631e+03 | 59 -0.00974 -4.48228e+03 | 60  0.02700  1.06892e+04
 61 -0.02203 -5.11906e+03 | 62  0.02196  9.14032e+02 | 63  0.03520 -1.26061e+03
 64 -0.00857 -6.49833e+03 | 65 -0.00755 -5.31936e+03 | 66 -0.00075 -4.23602e+03
 67  0.02246 -2.12575e+03 | 68  0.01564 -3.90806e+03 | 69  0.03853 -2.30421e+03
 70  0.02538 -2.63606e+03 | 71  0.01196 -3.60532e+03 | 72  0.04969  1.73657e+03
 73  0.12081  3.10483e+03 |
1 0 23718.4
1 0 23668.7
1 0 23665.2
1 0 23658.5
1 0 23625.3
1 0 23547.1
1 0 22960.7
1 0 22242.2
1 0 21620.6
1 0 21340.1
1 0 21121.8
1 0 20918.4
1 0 21340.1
1 0 20825.3
73 variables; iteration 80; function evaluation 99; phase 1
Function value   2.0827924e+04; maximum gradient component mag  -1.1449e+04
Var   Value    Gradient   |Var   Value    Gradient   |Var   Value    Gradient
  1  0.11085  5.84535e+01 |  2  0.09541 -6.56253e+01 |  3  0.10515  7.06912e+01
  4  0.10323  1.39580e+02 |  5  0.07122 -8.26630e+01 |  6  0.07164  1.31028e+02
  7  0.04047 -1.22486e+02 |  8  0.05052  1.67821e+01 |  9  0.06118  5.05062e+01
 10  0.06412 -1.32709e+01 | 11  0.07943 -3.66466e+01 | 12  0.11825  1.66871e+02
 13  0.13612  2.47879e+02 | 14  0.12311  2.75741e+01 | 15  0.13642  1.94384e+02
 16  0.11633  8.93700e+02 | 17  0.14969  1.12794e+03 | 18 -0.00817 -8.46515e+02
 19 -0.00345  1.39107e+03 | 20 -0.01632 -2.25199e+03 | 21 -0.01794  8.48449e+02
 22 -0.01627 -8.28516e+02 | 23 -0.00327  5.88064e+02 | 24  0.08657  8.24177e+02
 25  0.07925  7.37891e+02 | 26 -0.00484  7.79037e+02 | 27 -0.00650  2.77464e+03
 28  0.01145  3.56432e+03 | 29 -0.00990  1.74124e+02 | 30 -0.01552  9.62117e+01
 31 -0.01120 -2.15746e+02 | 32 -0.01193 -1.41254e+03 | 33 -0.01649 -2.65000e+03
 34 -0.01382  1.49203e+03 | 35 -0.00746 -1.61906e+03 | 36 -0.00767  3.24955e+03
 37 -0.01275  3.19813e+03 | 38 -0.01822 -1.67295e+03 | 39 -0.01383  9.26116e+02
 40 -0.01392  8.87515e+02 | 41 -0.01141  2.73138e+02 | 42 -0.01039  1.66037e+03
 43 -0.02278 -1.01126e+03 | 44 -0.03668 -1.95959e+03 | 45  0.13777 -1.14492e+04
 46 -0.05621  3.75144e+02 | 47 -0.07077 -1.29238e+03 | 48 -0.06019  3.49413e+03
 49 -0.05936  6.17678e+02 | 50 -0.05104 -1.07010e+01 | 51 -0.04928  5.33595e+02
 52 -0.05598 -3.49961e+02 | 53 -0.02312  1.68317e+02 | 54  0.00727  3.74209e+02
 55  0.00142 -1.87242e+03 | 56 -0.00833 -5.55282e+03 | 57  0.03350  5.45632e+03
 58  0.02915  2.36247e+03 | 59  0.02160  2.20609e+02 | 60  0.01687  8.61466e+02
 61  0.02885  7.16267e+03 | 62  0.01126 -4.00547e+02 | 63  0.01981  1.09233e+03
 64  0.03239  7.42857e+03 | 65  0.01615 -2.15992e+03 | 66  0.01078 -4.57621e+03
 67  0.01931 -3.37902e+03 | 68  0.01957 -4.00594e+03 | 69  0.02491 -3.49577e+03
 70  0.03499 -6.79936e+02 | 71  0.02933 -1.82062e+03 | 72  0.03645 -7.87559e+02
 73  0.04079  5.96567e+02 |
1 0 20688.7
1 0 20480.6
1 0 20657.5
1 0 20362.7
1 0 20255.9
1 0 20183.7
1 0 20121.6
1 0 20073.8
1 0 20001.8
1 0 19856.1
1 0 33512.9
1 0 19829.4
1 0 28531.4
1 0 19798.7
73 variables; iteration 90; function evaluation 113; phase 1
Function value   1.9802356e+04; maximum gradient component mag   5.8209e+03
Var   Value    Gradient   |Var   Value    Gradient   |Var   Value    Gradient
  1  0.26790  5.24345e+02 |  2  0.05485 -5.90572e+02 |  3  0.01079 -1.54587e+02
  4  0.00877  9.63020e+01 |  5 -0.02164 -2.81733e+02 |  6  0.03369  1.61111e+02
  7  0.04556 -2.70924e+00 |  8  0.06545 -1.16567e+01 |  9  0.10106  1.77734e+02
 10  0.11083  1.38798e+02 | 11  0.11461  1.39950e+02 | 12  0.11597  1.47713e+02
 13  0.11422  1.20116e+02 | 14  0.11654  4.51454e+01 | 15  0.14884  3.97409e+02
 16  0.07390  7.65064e+02 | 17  0.01257  5.69852e+02 | 18 -0.00528 -3.16569e+01
 19 -0.00276 -2.89533e+03 | 20  0.00057  1.10064e+03 | 21 -0.00291  9.22615e+02
 22 -0.00212  9.26983e+02 | 23  0.00643  1.13676e+03 | 24  0.04122  5.82086e+03
 25  0.00200  9.26736e+02 | 26 -0.00115  1.10524e+02 | 27 -0.00252 -7.04730e+02
 28  0.00228  4.55140e+03 | 29 -0.00712 -2.70589e+03 | 30 -0.00559 -6.21757e+02
 31 -0.00597 -3.48680e+03 | 32 -0.00406 -8.53401e+02 | 33 -0.00057  7.40915e+02
 34 -0.00060  8.02601e+02 | 35  0.00186 -2.03171e+03 | 36  0.00438  2.32868e+03
 37  0.00582  2.50529e+03 | 38 -0.00038 -1.40537e+03 | 39 -0.00066  1.45395e+03
 40 -0.00457  4.25135e+02 | 41 -0.00193  1.32462e+03 | 42  0.00012  6.46787e+02
 43 -0.00330  5.65759e+02 | 44 -0.00880 -1.86547e+02 | 45  0.13718 -1.05166e+03
 46 -0.05899  4.91544e+03 | 47 -0.06896  6.65021e+02 | 48 -0.06594  2.95731e+03
 49 -0.05668  9.98531e+02 | 50 -0.04747  3.42585e+02 | 51 -0.04910 -9.57596e+02
 52 -0.05502 -2.97449e+03 | 53 -0.01109 -1.45558e+03 | 54 -0.00370 -2.32669e+03
 55  0.00390 -1.14431e+03 | 56  0.00798 -2.78252e+03 | 57  0.01606 -5.35821e+03
 58  0.02681 -6.82779e+02 | 59  0.02621  1.48251e+03 | 60  0.01506  3.08865e+02
 61  0.02095  1.91818e+03 | 62  0.01521 -9.45614e+02 | 63  0.02384  1.47800e+03
 64  0.02619  4.17891e+03 | 65  0.01778 -6.84648e+02 | 66  0.02140  1.04382e+02
 67  0.03170  3.37585e+03 | 68  0.02372 -1.02218e+03 | 69  0.03105 -4.01452e+02
 70  0.03152 -8.84105e+02 | 71  0.02692 -1.08659e+03 | 72  0.02995 -3.61941e+02
 73  0.01977 -2.07192e+01 |
1 0 19757.7
1 0 19690.4
1 0 19585.8
1 0 19476.2
1 0 19423.3
1 0 19399.3
1 0 19379.5
1 0 19369.3
1 0 19366
1 0 19363.4
73 variables; iteration 100; function evaluation 123; phase 1
Function value   1.9363365e+04; maximum gradient component mag   4.3564e+02
Var   Value    Gradient   |Var   Value    Gradient   |Var   Value    Gradient
  1  0.24064 -2.90290e+01 |  2  0.17838  1.05595e+01 |  3  0.12536  1.57895e+01
  4  0.08405 -5.08408e+00 |  5  0.05472 -8.07769e+00 |  6  0.03405 -1.55394e+01
  7  0.02208 -9.61253e+00 |  8  0.01612 -1.14879e+00 |  9  0.01326 -3.58746e-01
 10  0.01311  2.40763e+00 | 11  0.01487  1.13489e+01 | 12  0.01595  5.19738e+00
 13  0.01831  1.51027e+01 | 14  0.01914  3.18308e+00 | 15  0.02207  2.07133e+01
 16  0.06290  1.77448e+02 | 17 -0.00395  7.85872e+00 | 18 -0.00160  2.66047e+01
 19  0.00591  1.48515e+02 | 20  0.00317 -1.54549e+02 | 21 -0.00090  1.68761e+02
 22 -0.00167 -2.31139e+02 | 23  0.00270  4.08541e+01 | 24 -0.00389 -1.08423e+02
 25 -0.00515  1.88014e+00 | 26 -0.00023 -7.67484e+01 | 27  0.00208  1.59021e+02
 28 -0.00033 -1.03258e+02 | 29 -0.00145  6.98102e+01 | 30 -0.00076  8.53368e+01
 31  0.00392 -8.91281e+01 | 32  0.00269  2.95619e+01 | 33  0.00287  4.90028e+01
 34  0.00003 -8.65766e+01 | 35  0.00395 -7.82319e+00 | 36  0.00190 -3.57752e+01
 37  0.00252  1.06600e+02 | 38  0.00051 -1.02711e+02 | 39  0.00027 -1.89460e+02
 40 -0.00198  1.57555e+01 | 41 -0.00150  9.24483e+00 | 42  0.00172 -2.74552e+01
 43 -0.00239 -2.86293e+01 | 44 -0.00879  5.40575e+01 | 45  0.13860  3.30976e+02
 46 -0.06981  2.94988e+02 | 47 -0.06731 -5.17707e+01 | 48 -0.06999 -2.50229e-01
 49 -0.05805 -1.35635e+02 | 50 -0.04841 -3.15379e+01 | 51 -0.04602 -1.13116e+01
 52 -0.03746  1.48396e+02 | 53 -0.01666  3.05651e+02 | 54 -0.00460 -3.42264e+02
 55  0.00301 -1.50019e+02 | 56  0.01088 -2.86149e+02 | 57  0.02100  4.35641e+02
 58  0.02558  2.09510e+02 | 59  0.02357  9.00124e+01 | 60  0.01813  1.61982e+02
 61  0.01796  7.16955e+01 | 62  0.01857 -6.94944e+00 | 63  0.02088 -1.29757e+02
 64  0.01892  5.47506e+01 | 65  0.01846 -1.95846e+02 | 66  0.01856 -4.10292e+02
 67  0.02399 -1.95609e+02 | 68  0.02608 -5.79398e+01 | 69  0.03055  8.37769e+01
 70  0.03115  5.81666e+01 | 71  0.02796  4.53483e+01 | 72  0.03087  1.01397e+02
 73  0.03176 -9.14030e+00 |
1 0 19362
1 0 19361.5
1 0 19361.2
1 0 19361.1
1 0 19361.1
1 0 19361
1 0 19360.9
1 0 19360.9
1 0 19360.9
1 0 19360.9
73 variables; iteration 110; function evaluation 133; phase 1
Function value   1.9360885e+04; maximum gradient component mag  -9.0339e+01
Var   Value    Gradient   |Var   Value    Gradient   |Var   Value    Gradient
  1  0.24118 -9.11748e-01 |  2  0.17820  5.71801e-01 |  3  0.12622  2.62814e+00
  4  0.08937  1.84924e+00 |  5  0.06301  1.20114e+00 |  6  0.04329  1.42106e-01
  7  0.02814 -1.44095e-01 |  8  0.01633  5.48398e-01 |  9  0.00688  4.37289e-01
 10 -0.00068  3.92922e-01 | 11 -0.00664  7.56492e-02 | 12 -0.01112  4.04909e-01
 13 -0.01439  3.70681e-01 | 14 -0.01651  1.67096e+00 | 15 -0.01794 -9.20972e-01
 16  0.06229  6.37026e+00 | 17 -0.00486 -4.91975e-01 | 18 -0.00172  4.32152e+00
 19  0.00580  3.78674e-01 | 20  0.00353 -2.89223e+00 | 21 -0.00121 -2.37784e+00
 22 -0.00134 -4.66084e+00 | 23  0.00265  1.62959e+00 | 24 -0.00337  1.61359e+01
 25 -0.00415 -5.47511e+00 | 26  0.00018  4.63117e+00 | 27  0.00161 -1.98346e+00
 28 -0.00113  2.25911e+00 | 29 -0.00209  7.98795e+00 | 30 -0.00103 -7.14460e+00
 31  0.00392  4.45345e+00 | 32  0.00260  4.17289e-01 | 33  0.00290 -6.22945e+00
 34  0.00039 -2.01550e+00 | 35  0.00411  5.57195e+00 | 36  0.00224  1.10709e+01
 37  0.00288  4.53459e+00 | 38  0.00092 -1.09924e+01 | 39  0.00060  5.95248e+00
 40 -0.00213 -2.18252e+00 | 41 -0.00164 -9.14431e+00 | 42  0.00170  2.66349e+00
 43 -0.00246  1.15661e+00 | 44 -0.00885 -2.30301e+00 | 45  0.13846 -9.03390e+01
 46 -0.07062 -4.80899e+01 | 47 -0.06709  5.36436e+00 | 48 -0.07010  3.22450e+00
 49 -0.05754  1.77644e+01 | 50 -0.04849  1.13757e+01 | 51 -0.04579  5.91612e+00
 52 -0.03791 -7.37209e+00 | 53 -0.01735  1.32070e+01 | 54 -0.00348  3.29698e+00
 55  0.00342 -6.02517e+00 | 56  0.01169 -1.40146e+00 | 57  0.02009 -3.08960e+00
 58  0.02523 -1.48848e+01 | 59  0.02351  1.10633e-01 | 60  0.01789 -2.18732e+00
 61  0.01784  1.88199e+00 | 62  0.01857  1.63909e+00 | 63  0.02129 -1.03478e+00
 64  0.01869  3.07900e+00 | 65  0.01880 -4.74287e+00 | 66  0.01931 -4.44289e+00
 67  0.02437  2.72357e+00 | 68  0.02636 -1.14182e+01 | 69  0.03040  1.01880e+01
 70  0.03110  9.49189e+00 | 71  0.02803  5.30880e+00 | 72  0.03066  4.24911e+00
 73  0.03063  4.20174e+00 |
1 0 19360.9
1 0 19360.9
1 0 19360.9
1 0 19360.9
1 0 19360.9
1 0 19360.9
1 0 19360.9
1 0 19360.9
1 0 19360.9
1 0 19360.9
73 variables; iteration 120; function evaluation 143; phase 1
Function value   1.9360874e+04; maximum gradient component mag   6.6056e-01
Var   Value    Gradient   |Var   Value    Gradient   |Var   Value    Gradient
  1  0.24127  4.59261e-02 |  2  0.17818  1.12825e-02 |  3  0.12564 -6.10037e-03
  4  0.08852  2.38955e-02 |  5  0.06207  1.31784e-02 |  6  0.04238 -6.30459e-03
  7  0.02715 -2.50245e-02 |  8  0.01510 -8.37255e-03 |  9  0.00546 -1.12692e-02
 10 -0.00223  1.04984e-02 | 11 -0.00830  5.60917e-03 | 12 -0.01296  1.24270e-02
 13 -0.01635  1.48578e-02 | 14 -0.01856 -1.12408e-02 | 15 -0.01966 -1.35224e-02
 16  0.06228 -2.64935e-01 | 17 -0.00482 -1.92273e-01 | 18 -0.00172 -1.44103e-01
 19  0.00577 -2.96386e-02 | 20  0.00351  1.61506e-01 | 21 -0.00120  1.34321e-01
 22 -0.00132  1.06427e-01 | 23  0.00264  8.22841e-02 | 24 -0.00347  9.92754e-02
 25 -0.00416  4.01738e-02 | 26  0.00018 -3.74850e-02 | 27  0.00161  8.94174e-02
 28 -0.00114  2.05444e-01 | 29 -0.00210 -2.07894e-01 | 30 -0.00102 -7.34657e-02
 31  0.00392 -2.67193e-01 | 32  0.00260 -1.26492e-01 | 33  0.00291  2.12919e-01
 34  0.00040  1.50978e-01 | 35  0.00409 -8.39166e-02 | 36  0.00222 -9.19428e-02
 37  0.00287  8.94431e-02 | 38  0.00094  1.11552e-01 | 39  0.00061 -3.37583e-02
 40 -0.00213  1.06594e-01 | 41 -0.00163  1.50424e-01 | 42  0.00170  1.67641e-01
 43 -0.00245  1.82863e-02 | 44 -0.00881 -2.55266e-01 | 45  0.13847  4.47330e-01
 46 -0.07047 -3.13242e-02 | 47 -0.06714  5.65503e-02 | 48 -0.07011 -1.53089e-01
 49 -0.05758 -1.31638e-01 | 50 -0.04851 -1.84957e-01 | 51 -0.04578 -7.83453e-02
 52 -0.03786  9.10494e-03 | 53 -0.01740  9.94327e-03 | 54 -0.00349 -1.19909e-01
 55  0.00343  2.26311e-02 | 56  0.01169 -9.32825e-02 | 57  0.02009  8.56587e-02
 58  0.02525  6.60556e-01 | 59  0.02351  3.07618e-01 | 60  0.01789  9.71249e-02
 61  0.01783  1.64492e-01 | 62  0.01857  5.70923e-02 | 63  0.02130  5.77762e-02
 64  0.01868  1.89089e-01 | 65  0.01879 -8.12106e-02 | 66  0.01932 -7.32244e-02
 67  0.02437  5.69608e-03 | 68  0.02639  6.44858e-02 | 69  0.03038 -2.50262e-01
 70  0.03109 -1.45735e-01 | 71  0.02801 -1.54620e-01 | 72  0.03063 -2.35433e-01
 73  0.03063 -2.30658e-02 |
1 0 19360.9
1 0 19360.9
1 0 19360.9

 - final statistics:
73 variables; iteration 123; function evaluation 146
Function value   1.9361e+04; maximum gradient component mag  -5.9339e-02
Exit code = 1;  converg criter   1.0000e-01
Var   Value    Gradient   |Var   Value    Gradient   |Var   Value    Gradient
  1  0.24127 -5.01778e-03 |  2  0.17818 -7.52937e-03 |  3  0.12565  7.76358e-03
  4  0.08852  2.42547e-03 |  5  0.06207  1.09211e-03 |  6  0.04238 -2.30772e-03
  7  0.02716  1.16784e-03 |  8  0.01511 -5.87827e-05 |  9  0.00547  1.03798e-03
 10 -0.00223 -1.60007e-03 | 11 -0.00830 -1.19551e-03 | 12 -0.01296 -3.56129e-03
 13 -0.01635 -4.29126e-03 | 14 -0.01856 -2.03843e-04 | 15 -0.01965  7.52019e-03
 16  0.06228 -1.72706e-02 | 17 -0.00481  2.31474e-02 | 18 -0.00172  1.18987e-02
 19  0.00577 -8.85747e-03 | 20  0.00351  1.01795e-02 | 21 -0.00120 -5.53480e-03
 22 -0.00132 -7.18826e-03 | 23  0.00264  6.52392e-04 | 24 -0.00347 -8.38116e-03
 25 -0.00416  2.65065e-03 | 26  0.00018 -7.26196e-03 | 27  0.00161 -3.70467e-03
 28 -0.00114 -6.19392e-03 | 29 -0.00210 -1.82654e-03 | 30 -0.00102 -2.17601e-02
 31  0.00392 -1.60497e-02 | 32  0.00260  9.78368e-03 | 33  0.00291  1.36249e-02
 34  0.00040  2.87064e-03 | 35  0.00409 -4.14359e-03 | 36  0.00222  1.52804e-02
 37  0.00287 -1.98446e-02 | 38  0.00094  5.62126e-03 | 39  0.00060  2.41602e-02
 40 -0.00213  1.42142e-02 | 41 -0.00164 -4.67020e-03 | 42  0.00170 -9.83931e-03
 43 -0.00245 -1.77178e-02 | 44 -0.00881 -2.31519e-02 | 45  0.13847 -5.09137e-02
 46 -0.07047 -2.24650e-02 | 47 -0.06713 -7.86254e-03 | 48 -0.07011 -5.86453e-02
 49 -0.05758  3.10854e-04 | 50 -0.04850  4.50778e-02 | 51 -0.04578  1.47282e-02
 52 -0.03786  1.60064e-05 | 53 -0.01740  4.65434e-02 | 54 -0.00349  9.84687e-03
 55  0.00343  1.46229e-02 | 56  0.01169  1.17457e-02 | 57  0.02009  8.24039e-03
 58  0.02525  4.39227e-02 | 59  0.02351 -1.70590e-02 | 60  0.01789 -1.11516e-02
 61  0.01783 -2.45811e-02 | 62  0.01857  2.92884e-02 | 63  0.02130  9.37210e-03
 64  0.01868 -1.70545e-02 | 65  0.01879  1.74721e-02 | 66  0.01932  2.08220e-02
 67  0.02437  2.12014e-03 | 68  0.02639 -2.66401e-02 | 69  0.03038 -5.93390e-02
 70  0.03109 -2.99184e-02 | 71  0.02801 -2.49764e-03 | 72  0.03063 -9.17653e-03
 73  0.03063  2.69034e-03 |
1 0 19360.9
B064189.3
0.3 0.386936
0.33166 0.357786
0.339038 0.351465
0.340457 0.350268
0.340717 0.350049
0.340765 0.350009
0.340774 0.350002
0.340775 0.35
0.340776 0.35
0.340776 0.35
0.340776 0.35
0.340776 0.35
0.340776 0.35
0.340776 0.35
0.340776 0.35
0.340776 0.35
0.340776 0.35
0.340776 0.35
0.340776 0.35
0.340776 0.35
0.340776 0.35
FutMOrt0.112008
FutMOrt0.112008
FutMOrt0.112008
FutMOrt0.112008
FutMOrt0.112008
FutMOrt0.112008
FutMOrt0.112008
FutMOrt0.112008
FutMOrt0.112008
FutMOrt0.112008
2 0 19360.9

Initial statistics: 77 variables; iteration 0; function evaluation 0; phase 2
Function value   1.9360874e+04; maximum gradient component mag   5.1904e+02
Var   Value    Gradient   |Var   Value    Gradient   |Var   Value    Gradient
  1 -0.80487  1.19176e+02 |  2 -0.60695  1.62153e+02 |  3  0.24127 -5.01778e-03
  4  0.17818 -7.52937e-03 |  5  0.12565  7.76358e-03 |  6  0.08852  2.42547e-03
  7  0.06207  1.09211e-03 |  8  0.04238 -2.30772e-03 |  9  0.02716  1.16784e-03
 10  0.01511 -5.87827e-05 | 11  0.00547  1.03798e-03 | 12 -0.00223 -1.60007e-03
 13 -0.00830 -1.19551e-03 | 14 -0.01296 -3.56129e-03 | 15 -0.01635 -4.29126e-03
 16 -0.01856 -2.03843e-04 | 17 -0.01965  7.52019e-03 | 18  0.06228 -1.72706e-02
 19 -0.00481  2.42918e-02 | 20 -0.00172  1.30431e-02 | 21  0.00577 -7.71307e-03
 22  0.00351  1.13239e-02 | 23 -0.00120 -4.39036e-03 | 24 -0.00132 -6.04382e-03
 25  0.00264  1.79683e-03 | 26 -0.00347 -7.23674e-03 | 27 -0.00416  3.79506e-03
 28  0.00018 -6.11751e-03 | 29  0.00161 -2.56023e-03 | 30 -0.00114 -5.04948e-03
 31 -0.00210 -6.82108e-04 | 32 -0.00102 -2.06157e-02 | 33  0.00392 -1.49053e-02
 34  0.00260  1.09281e-02 | 35  0.00291  1.47693e-02 | 36  0.00040  4.01508e-03
 37  0.00409 -2.99917e-03 | 38  0.00222  1.64248e-02 | 39  0.00287 -1.87002e-02
 40  0.00094  6.76571e-03 | 41  0.00060  2.53047e-02 | 42 -0.00213  1.53586e-02
 43 -0.00164 -3.52576e-03 | 44  0.00170 -8.69487e-03 | 45 -0.00245 -1.65734e-02
 46 -0.00881 -2.20076e-02 | 47  0.13847 -5.09137e-02 | 48 -0.07047 -2.21095e-02
 49 -0.06713 -7.50689e-03 | 50 -0.07011 -5.82898e-02 | 51 -0.05758  6.67032e-04
 52 -0.04850  4.54344e-02 | 53 -0.04578  1.50849e-02 | 54 -0.03786  3.73014e-04
 55 -0.01740  4.69009e-02 | 56 -0.00349  1.02045e-02 | 57  0.00343  1.49805e-02
 58  0.01169  1.21033e-02 | 59  0.02009  8.59785e-03 | 60  0.02525  4.42801e-02
 61  0.02351 -1.67016e-02 | 62  0.01789 -1.07941e-02 | 63  0.01783 -2.42236e-02
 64  0.01857  2.96459e-02 | 65  0.02130  9.72954e-03 | 66  0.01868 -1.66970e-02
 67  0.01879  1.78296e-02 | 68  0.01932  2.11795e-02 | 69  0.02437  2.47752e-03
 70  0.02639 -2.62828e-02 | 71  0.03038 -5.89818e-02 | 72  0.03109 -2.95612e-02
 73  0.02801 -2.14035e-03 | 74  0.03063 -8.81931e-03 | 75  0.03063  3.04756e-03
 76 -0.70091  5.19038e+02 | 77 -0.62290  1.65791e+02 |
2 0 19360.9
2 0 19360.7
2 0 19359.4
2 0 19369.3
2 0 19359.2
2 0 19358.8
2 0 19357.1
2 0 19355.4
2 0 19367.3
2 0 19355.3
2 0 19355
2 0 19354.5
2 0 19353.8
2 0 19352.6
2 0 19351.2

Intermediate statistics: 77 variables; iteration 10; function evaluation 15; phase 2
Function value   1.9351156e+04; maximum gradient component mag   6.4248e+02
Var   Value    Gradient   |Var   Value    Gradient   |Var   Value    Gradient
  1 -0.82459  4.65606e+01 |  2 -0.63840  9.85854e+01 |  3  0.24326  6.53108e+00
  4  0.17609 -1.43948e+01 |  5  0.12441  3.18933e+00 |  6  0.08790  3.23214e+00
  7  0.06171  1.90793e+00 |  8  0.04215  1.22737e+00 |  9  0.02699  8.72263e-01
 10  0.01498  6.67870e-01 | 11  0.00536  5.37827e-01 | 12 -0.00232  4.52383e-01
 13 -0.00838  3.92747e-01 | 14 -0.01303  3.52962e-01 | 15 -0.01641  3.27847e-01
 16 -0.01862  3.14435e-01 | 17 -0.01971  3.08836e-01 | 18  0.05334 -4.72747e+02
 19 -0.00410  1.25636e+02 | 20 -0.00197 -6.98053e+01 | 21  0.00590  1.35578e+02
 22  0.00325 -1.11237e+02 | 23 -0.00131  7.88314e+01 | 24 -0.00138  5.91959e+01
 25  0.00274  9.82441e+01 | 26 -0.00323 -6.99371e+01 | 27 -0.00378  1.49766e+02
 28  0.00020  6.07970e+01 | 29  0.00170  8.67220e+01 | 30 -0.00112  6.03234e+01
 31 -0.00233  1.65897e+01 | 32 -0.00125  4.77307e+00 | 33  0.00370 -1.10540e+02
 34  0.00231  5.72420e+00 | 35  0.00234 -8.76310e+01 | 36 -0.00029 -1.16957e+02
 37  0.00369 -4.59396e+01 | 38  0.00180 -2.81177e+01 | 39  0.00233 -6.30330e+01
 40  0.00038 -8.02142e+01 | 41  0.00026  4.29173e+00 | 42 -0.00259 -6.60037e+01
 43 -0.00204 -5.53658e+01 | 44  0.00166 -4.91444e+01 | 45 -0.00188 -2.32689e+01
 46 -0.00500  9.06817e+01 | 47  0.13815  6.42484e+02 | 48 -0.07037 -5.94568e+01
 49 -0.06728 -1.23302e+02 | 50 -0.06963  7.03936e+01 | 51 -0.05740  6.56706e+01
 52 -0.04822  1.88006e+01 | 53 -0.04569 -4.58362e+01 | 54 -0.03804 -8.55881e+01
 55 -0.01690  2.27000e+02 | 56 -0.00293  1.55159e+02 | 57  0.00367  7.86679e+01
 58  0.01197  3.51337e+01 | 59  0.02055  5.47052e+01 | 60  0.02531 -7.45176e+01
 61  0.02350 -5.21957e+01 | 62  0.01842  1.35822e+02 | 63  0.01782 -4.84977e+01
 64  0.01879  3.20132e+01 | 65  0.02101 -1.19277e+02 | 66  0.01910  9.46508e+01
 67  0.01867 -1.25093e+02 | 68  0.01960  6.29401e+01 | 69  0.02425 -9.44366e+01
 70  0.02678  3.21895e+01 | 71  0.03032 -9.47664e+01 | 72  0.03086 -8.38747e+01
 73  0.02805  1.48795e+02 | 74  0.02761 -1.59822e+02 | 75  0.02973 -1.78149e+01
 76 -0.71335  2.16275e+02 | 77 -0.63995  1.28161e+02 |
2 0 19354.5
2 0 19350.8
2 0 19351
2 0 19350.7
2 0 19350.5
2 0 19350.4
2 0 19350.3
2 0 19350.7
2 0 19350.2
2 0 19350.2
2 0 19350.1
2 0 19350.1
2 0 19350
77 variables; iteration 20; function evaluation 28; phase 2
Function value   1.9349989e+04; maximum gradient component mag   3.2031e+02
Var   Value    Gradient   |Var   Value    Gradient   |Var   Value    Gradient
  1 -0.82414  3.18756e+01 |  2 -0.65008  7.76440e+01 |  3  0.23853 -6.92266e+01
  4  0.17779  3.26823e+01 |  5  0.12373  1.18883e+00 |  6  0.08686  1.64408e+00
  7  0.06102  2.54855e+00 |  8  0.04170  1.74641e+00 |  9  0.02667  1.14239e+00
 10  0.01473  8.07247e-01 | 11  0.00517  6.18346e-01 | 12 -0.00248  4.99108e-01
 13 -0.00852  4.25147e-01 | 14 -0.01316  3.74725e-01 | 15 -0.01653  3.42490e-01
 16 -0.01873  3.24177e-01 | 17 -0.01982  3.18706e-01 | 18  0.05224 -3.19253e+02
 19 -0.00645  6.30456e+01 | 20 -0.00187 -2.45361e+01 | 21  0.00607  2.14924e+02
 22  0.00316 -1.85116e+02 | 23 -0.00167 -1.17628e+02 | 24 -0.00114  1.76271e+02
 25  0.00313  4.19155e+01 | 26 -0.00227  7.44228e+01 | 27 -0.00311  1.45894e+02
 28  0.00069  1.42794e+02 | 29  0.00174  4.23352e+01 | 30 -0.00136 -3.97868e+01
 31 -0.00237 -5.62599e+01 | 32 -0.00085  1.52608e+02 | 33  0.00405 -7.23768e+00
 34  0.00276  7.02494e+01 | 35  0.00280 -1.60015e+01 | 36  0.00011 -7.97188e+01
 37  0.00390 -2.34417e+01 | 38  0.00204 -1.95941e+01 | 39  0.00250 -3.57568e+01
 40  0.00045 -9.50555e+01 | 41  0.00017 -4.49821e+01 | 42 -0.00263 -1.48957e+02
 43 -0.00193 -5.17303e+01 | 44  0.00139 -2.35003e+02 | 45 -0.00236 -3.40312e+01
 46 -0.00693  9.02183e+01 | 47  0.13813  3.20310e+02 | 48 -0.07083 -1.43230e+02
 49 -0.06712 -1.09176e+02 | 50 -0.06976 -2.59686e+01 | 51 -0.05731  1.00897e+02
 52 -0.04839  5.23100e+01 | 53 -0.04601 -1.15327e+02 | 54 -0.03817 -3.49109e+01
 55 -0.01701  1.74701e+02 | 56 -0.00273  2.07698e+02 | 57  0.00385  9.78935e+01
 58  0.01209  6.99773e+01 | 59  0.02034  4.18198e+01 | 60  0.02526 -5.88286e+01
 61  0.02348 -1.14671e+02 | 62  0.01822  1.60460e+01 | 63  0.01796 -4.91045e+01
 64  0.01876 -1.85360e+01 | 65  0.02121 -8.77849e+01 | 66  0.01886 -1.44217e+00
 67  0.01890 -7.49657e+01 | 68  0.01947 -4.05988e+00 | 69  0.02436 -8.45835e+01
 70  0.02651 -4.51189e+01 | 71  0.03039 -4.36483e+01 | 72  0.03116  5.99449e+01
 73  0.02837  2.62271e+02 | 74  0.02915  3.07985e+01 | 75  0.02863 -1.56116e+01
 76 -0.71111  1.27328e+02 | 77 -0.64882  8.37813e+01 |
2 0 19349.9
2 0 19349.9
2 0 19349.8
2 0 19349.7
2 0 19349.6
2 0 19349.4
2 0 19349.8
2 0 19349.4
2 0 19349.3
2 0 19349.3
2 0 19349.3
2 0 19349.2
2 0 19348.9
77 variables; iteration 30; function evaluation 41; phase 2
Function value   1.9348903e+04; maximum gradient component mag   2.7833e+02
Var   Value    Gradient   |Var   Value    Gradient   |Var   Value    Gradient
  1 -0.79822  2.41252e+01 |  2 -0.67322  5.89020e+01 |  3  0.24114 -3.65280e+01
  4  0.17949  5.01068e+01 |  5  0.12030 -2.94668e+01 |  6  0.08616  1.49406e+01
  7  0.05874 -3.21171e+00 |  8  0.03929 -1.43785e+00 |  9  0.02492  1.44198e+00
 10  0.01348  1.44900e+00 | 11  0.00421  1.04240e+00 | 12 -0.00326  7.90901e-01
 13 -0.00919  6.35207e-01 | 14 -0.01375  5.45796e-01 | 15 -0.01707  4.94329e-01
 16 -0.01924  4.66634e-01 | 17 -0.02032  4.46898e-01 | 18  0.05185 -9.93341e+01
 19 -0.00518  5.29759e+01 | 20 -0.00169  3.15420e+01 | 21  0.00593  1.70512e+02
 22  0.00315 -1.74197e+02 | 23 -0.00165 -7.60740e+01 | 24 -0.00116  1.42810e+02
 25  0.00320  4.93681e+01 | 26 -0.00228  7.14545e+01 | 27 -0.00340  1.20712e+02
 28  0.00038  1.52446e+02 | 29  0.00134 -7.89493e+01 | 30 -0.00168 -6.03057e+01
 31 -0.00265 -3.76325e+01 | 32 -0.00108  1.48280e+02 | 33  0.00379 -4.52447e+01
 34  0.00256  6.19252e+01 | 35  0.00236 -1.72515e+02 | 36 -0.00021 -8.45914e+01
 37  0.00373  6.41440e+00 | 38  0.00188 -6.55918e+01 | 39  0.00276  1.34530e+02
 40  0.00067 -3.90513e+01 | 41  0.00036  3.97597e+01 | 42 -0.00242 -1.64273e+02
 43 -0.00181 -4.55442e+01 | 44  0.00149 -1.68292e+02 | 45 -0.00221 -5.31565e+01
 46 -0.00619  7.53714e+01 | 47  0.13808  1.57855e+02 | 48 -0.07083 -1.52061e+02
 49 -0.06682 -2.47778e+01 | 50 -0.06985 -2.44974e+01 | 51 -0.05729  1.10647e+02
 52 -0.04849 -4.10974e+00 | 53 -0.04590 -6.58652e+01 | 54 -0.03806  2.72452e+01
 55 -0.01682  2.50441e+02 | 56 -0.00273  1.96831e+02 | 57  0.00370  2.38708e+01
 58  0.01223  1.38020e+02 | 59  0.02029  8.03547e+00 | 60  0.02503 -1.98016e+02
 61  0.02346 -1.74109e+02 | 62  0.01812 -4.56922e+01 | 63  0.01808 -1.27132e+01
 64  0.01884  5.58717e+01 | 65  0.02101 -1.56156e+02 | 66  0.01885 -2.38024e+01
 67  0.01869 -1.73984e+02 | 68  0.01942 -1.07016e+02 | 69  0.02433 -1.97543e+02
 70  0.02626 -2.06591e+02 | 71  0.03073  3.80028e+01 | 72  0.03124  7.39476e+01
 73  0.02835  2.78328e+02 | 74  0.02865  4.14385e+01 | 75  0.02851 -2.08302e+01
 76 -0.71031 -1.09567e+01 | 77 -0.65782  1.52181e+01 |
2 0 19349.3
2 0 19348.8
2 0 19348.7
2 0 19348.7
2 0 19348.7
2 0 19348.6
2 0 19348.5
2 0 19348.3
2 0 19348.8
2 0 19348.3
2 0 19348.4
2 0 19348.3
2 0 19348.3
2 0 19348.3
77 variables; iteration 40; function evaluation 55; phase 2
Function value   1.9348276e+04; maximum gradient component mag   4.5839e+02
Var   Value    Gradient   |Var   Value    Gradient   |Var   Value    Gradient
  1 -0.77815  1.16809e+01 |  2 -0.69512  3.16696e+01 |  3  0.24174 -1.16667e+01
  4  0.18006  5.91065e+01 |  5  0.11997 -3.26335e+01 |  6  0.08617  1.94651e+01
  7  0.05790 -4.26509e+00 |  8  0.03792 -2.73464e+00 |  9  0.02334 -2.52108e-01
 10  0.01216  1.21037e+00 | 11  0.00321  1.38323e+00 | 12 -0.00404  1.10542e+00
 13 -0.00984  8.52297e-01 | 14 -0.01431  7.07697e-01 | 15 -0.01758  6.30426e-01
 16 -0.01972  5.87177e-01 | 17 -0.02078  5.54429e-01 | 18  0.05225 -8.17678e+01
 19 -0.00520  1.97577e+01 | 20 -0.00187 -2.43855e+01 | 21  0.00594  2.09873e+02
 22  0.00304 -1.70141e+02 | 23 -0.00190 -1.46781e+02 | 24 -0.00159  3.31998e+01
 25  0.00295  4.88217e+01 | 26 -0.00242  6.73683e+01 | 27 -0.00361  3.65785e+01
 28  0.00053  1.86846e+02 | 29  0.00163 -5.91168e+00 | 30 -0.00142 -5.60297e+01
 31 -0.00239  2.14566e+01 | 32 -0.00113  1.25967e+02 | 33  0.00362 -8.96039e+01
 34  0.00231 -1.49661e+01 | 35  0.00253  2.95559e+00 | 36 -0.00019 -1.39264e+02
 37  0.00384 -1.03195e+01 | 38  0.00239  7.34756e+01 | 39  0.00306  1.62735e+02
 40  0.00059 -7.17547e+01 | 41  0.00024  2.22543e+01 | 42 -0.00255 -1.59711e+02
 43 -0.00192 -2.82200e+01 | 44  0.00121 -2.63409e+02 | 45 -0.00234 -9.90590e+01
 46 -0.00568  5.64500e+01 | 47  0.13804  4.58387e+02 | 48 -0.07086 -1.48298e+02
 49 -0.06682 -7.24232e+00 | 50 -0.06972 -7.97069e+00 | 51 -0.05727  7.64656e+01
 52 -0.04829  7.50734e+01 | 53 -0.04603 -7.51957e+01 | 54 -0.03813 -1.24311e+01
 55 -0.01681  2.22656e+02 | 56 -0.00285  1.88809e+02 | 57  0.00371  2.99872e+01
 58  0.01218  1.00291e+02 | 59  0.02043  4.16648e+01 | 60  0.02530 -1.35004e+02
 61  0.02347 -1.63925e+02 | 62  0.01818 -4.27086e+00 | 63  0.01786 -8.99516e+01
 64  0.01872 -6.73146e+01 | 65  0.02102 -1.66809e+02 | 66  0.01871 -6.62962e+01
 67  0.01911 -7.41877e+01 | 68  0.01980  2.46626e+01 | 69  0.02434 -1.64468e+02
 70  0.02637 -1.59536e+02 | 71  0.03064 -1.35298e+01 | 72  0.03129  7.45373e+01
 73  0.02814  2.44418e+02 | 74  0.02801 -2.97178e+01 | 75  0.02853 -3.13553e+01
 76 -0.71160  3.93557e-01 | 77 -0.65331  2.25006e+01 |
2 0 19348.3
2 0 19348.3
2 0 19348.3
2 0 19348.3
2 0 19348.3
2 0 19348.3
2 0 19348.3
2 0 19348.3
2 0 19348.2
2 0 19348.2
2 0 19348.2
2 0 19348.2
2 0 19348.3
2 0 19348.2
2 0 19348.2
2 0 19348.2
2 0 19348.2
77 variables; iteration 50; function evaluation 72; phase 2
Function value   1.9348246e+04; maximum gradient component mag   4.7818e+02
Var   Value    Gradient   |Var   Value    Gradient   |Var   Value    Gradient
  1 -0.77709  1.12226e+01 |  2 -0.69619  3.06322e+01 |  3  0.24142 -1.34285e+01
  4  0.17929  5.45830e+01 |  5  0.11879 -4.04545e+01 |  6  0.08632  2.04441e+01
  7  0.05901 -1.57216e+00 |  8  0.03931 -1.55292e-01 |  9  0.02437  1.47570e+00
 10  0.01235  7.07961e-01 | 11  0.00270 -7.95773e-01 | 12 -0.00464  2.47958e-01
 13 -0.01031  8.07162e-01 | 14 -0.01467  7.73583e-01 | 15 -0.01788  6.50661e-01
 16 -0.01999  5.78379e-01 | 17 -0.02103  5.41589e-01 | 18  0.05224 -8.48004e+01
 19 -0.00546  2.57852e+01 | 20 -0.00189 -2.86938e+01 | 21  0.00595  2.17577e+02
 22  0.00303 -1.66963e+02 | 23 -0.00190 -1.44671e+02 | 24 -0.00157  4.06219e+01
 25  0.00297  5.92934e+01 | 26 -0.00240  7.10354e+01 | 27 -0.00361  3.93281e+01
 28  0.00054  1.92958e+02 | 29  0.00164 -1.04919e-01 | 30 -0.00139 -5.27054e+01
 31 -0.00234  3.82128e+01 | 32 -0.00109  1.34457e+02 | 33  0.00362 -8.75232e+01
 34  0.00232 -9.91002e+00 | 35  0.00255  1.02374e+01 | 36 -0.00021 -1.41056e+02
 37  0.00385 -4.79904e+00 | 38  0.00240  7.75801e+01 | 39  0.00303  1.61957e+02
 40  0.00057 -6.89093e+01 | 41  0.00022  1.31435e+01 | 42 -0.00250 -1.44264e+02
 43 -0.00185 -1.28183e+01 | 44  0.00127 -2.46728e+02 | 45 -0.00227 -8.83826e+01
 46 -0.00554  6.64885e+01 | 47  0.13799  4.78179e+02 | 48 -0.07081 -1.43410e+02
 49 -0.06680 -5.99523e+00 | 50 -0.06966 -1.87522e+00 | 51 -0.05727  6.67746e+01
 52 -0.04824  7.99264e+01 | 53 -0.04600 -7.84661e+01 | 54 -0.03810 -1.64441e+01
 55 -0.01676  2.23799e+02 | 56 -0.00283  1.85753e+02 | 57  0.00375  3.14858e+01
 58  0.01220  9.63208e+01 | 59  0.02046  4.27915e+01 | 60  0.02535 -1.30498e+02
 61  0.02354 -1.54519e+02 | 62  0.01817 -1.52544e+01 | 63  0.01791 -8.58614e+01
 64  0.01877 -6.28868e+01 | 65  0.02102 -1.76558e+02 | 66  0.01877 -5.79139e+01
 67  0.01916 -7.11215e+01 | 68  0.01983  1.88386e+01 | 69  0.02434 -1.76005e+02
 70  0.02637 -1.65022e+02 | 71  0.03068 -1.23870e+01 | 72  0.03136  8.57298e+01
 73  0.02815  2.41281e+02 | 74  0.02799 -2.26827e+01 | 75  0.02767 -3.74146e+01
 76 -0.71173  3.10157e+00 | 77 -0.65292  2.39869e+01 |
2 0 19348.2
2 0 19348.2
2 0 19348.2
2 0 19348.2
2 0 19348.2
2 0 19348.2
2 0 19348.2
2 0 19348.2
2 0 19348.2
2 0 19348.2
2 0 19348.2
2 0 19348.2
2 0 19348.2
2 0 19348.2
2 0 19348.2
2 0 19348.2
2 0 19348.2
77 variables; iteration 60; function evaluation 89; phase 2
Function value   1.9348240e+04; maximum gradient component mag   4.7367e+02
Var   Value    Gradient   |Var   Value    Gradient   |Var   Value    Gradient
  1 -0.77669  1.08981e+01 |  2 -0.69652  2.99141e+01 |  3  0.24148 -1.35487e+01
  4  0.17941  5.49783e+01 |  5  0.11932 -3.88076e+01 |  6  0.08711  2.19677e+01
  7  0.05991 -1.64125e+00 |  8  0.04054  1.20848e+00 |  9  0.02569  3.82773e+00
 10  0.01320  1.92627e+00 | 11  0.00278 -1.38810e+00 | 12 -0.00513 -3.46660e-01
 13 -0.01118 -5.45785e-01 | 14 -0.01555  2.58052e-01 | 15 -0.01862  7.24063e-01
 16 -0.02062  7.48582e-01 | 17 -0.02162  6.87642e-01 | 18  0.05225 -7.95521e+01
 19 -0.00536  2.61277e+01 | 20 -0.00189 -2.83029e+01 | 21  0.00594  2.15558e+02
 22  0.00305 -1.62463e+02 | 23 -0.00189 -1.44389e+02 | 24 -0.00158  4.13339e+01
 25  0.00293  5.17254e+01 | 26 -0.00242  6.81872e+01 | 27 -0.00360  4.04744e+01
 28  0.00057  1.99712e+02 | 29  0.00164 -2.96795e-01 | 30 -0.00142 -5.78990e+01
 31 -0.00236  3.76702e+01 | 32 -0.00112  1.29007e+02 | 33  0.00363 -8.57034e+01
 34  0.00234 -4.37983e+00 | 35  0.00255  1.03587e+01 | 36 -0.00022 -1.41000e+02
 37  0.00384 -7.49758e+00 | 38  0.00240  7.97789e+01 | 39  0.00304  1.62883e+02
 40  0.00058 -6.53449e+01 | 41  0.00023  1.56105e+01 | 42 -0.00250 -1.42216e+02
 43 -0.00187 -1.86496e+01 | 44  0.00127 -2.45337e+02 | 45 -0.00228 -8.81871e+01
 46 -0.00556  6.45975e+01 | 47  0.13800  4.73668e+02 | 48 -0.07083 -1.42559e+02
 49 -0.06681 -5.94910e+00 | 50 -0.06970 -9.10658e+00 | 51 -0.05726  7.15406e+01
 52 -0.04825  7.95577e+01 | 53 -0.04599 -7.23716e+01 | 54 -0.03813 -2.18822e+01
 55 -0.01679  2.22837e+02 | 56 -0.00285  1.82888e+02 | 57  0.00377  3.93799e+01
 58  0.01220  9.79684e+01 | 59  0.02044  4.15393e+01 | 60  0.02535 -1.28750e+02
 61  0.02349 -1.65268e+02 | 62  0.01818 -9.92394e+00 | 63  0.01791 -8.16985e+01
 64  0.01876 -6.41435e+01 | 65  0.02101 -1.75596e+02 | 66  0.01874 -6.38983e+01
 67  0.01915 -6.99051e+01 | 68  0.01981  1.90635e+01 | 69  0.02433 -1.76695e+02
 70  0.02637 -1.63138e+02 | 71  0.03068 -9.13435e+00 | 72  0.03133  8.02061e+01
 73  0.02816  2.45487e+02 | 74  0.02798 -2.47229e+01 | 75  0.02796 -3.53976e+01
 76 -0.71168  5.30564e-02 | 77 -0.65308  2.23993e+01 |
2 0 19348.3
2 0 19348.2
2 0 19348.2
2 0 19348.2
2 0 19348.2
2 0 19348.2
2 0 19348.2
2 0 19348.2
2 0 19348.2
2 0 19348.2
2 0 19348.2
2 0 19348.2
2 0 19348.2
2 0 19348.2
77 variables; iteration 70; function evaluation 103; phase 2
Function value   1.9348230e+04; maximum gradient component mag   4.7092e+02
Var   Value    Gradient   |Var   Value    Gradient   |Var   Value    Gradient
  1 -0.77653  1.07989e+01 |  2 -0.69668  2.97024e+01 |  3  0.24150 -1.28056e+01
  4  0.17943  5.50211e+01 |  5  0.11934 -3.87874e+01 |  6  0.08714  2.16879e+01
  7  0.06004 -1.26150e+00 |  8  0.04068  1.62489e+00 |  9  0.02572  3.08347e+00
 10  0.01334  9.13278e-01 | 11  0.00335  2.07621e+00 | 12 -0.00514 -1.93095e+00
 13 -0.01131  2.45364e+00 | 14 -0.01670 -1.60780e+00 | 15 -0.02026  4.65669e-02
 16 -0.02261 -1.81650e-01 | 17 -0.02372  9.21323e-02 | 18  0.05225 -7.89287e+01
 19 -0.00537  2.46686e+01 | 20 -0.00188 -2.54799e+01 | 21  0.00594  2.16516e+02
 22  0.00303 -1.66880e+02 | 23 -0.00188 -1.38023e+02 | 24 -0.00157  4.33229e+01
 25  0.00291  4.52703e+01 | 26 -0.00243  6.83997e+01 | 27 -0.00360  4.05584e+01
 28  0.00057  1.99624e+02 | 29  0.00163 -2.38080e-01 | 30 -0.00144 -6.23813e+01
 31 -0.00235  3.96624e+01 | 32 -0.00110  1.35976e+02 | 33  0.00363 -8.34394e+01
 34  0.00232 -7.80214e+00 | 35  0.00252  6.19808e+00 | 36 -0.00024 -1.55846e+02
 37  0.00386  4.98388e+00 | 38  0.00241  8.04339e+01 | 39  0.00304  1.63731e+02
 40  0.00058 -6.53134e+01 | 41  0.00024  1.78933e+01 | 42 -0.00250 -1.41316e+02
 43 -0.00189 -2.39146e+01 | 44  0.00126 -2.46386e+02 | 45 -0.00226 -8.45467e+01
 46 -0.00553  6.58070e+01 | 47  0.13799  4.70917e+02 | 48 -0.07083 -1.44701e+02
 49 -0.06679 -1.24853e+00 | 50 -0.06969 -7.05527e+00 | 51 -0.05727  6.62023e+01
 52 -0.04824  7.85551e+01 | 53 -0.04596 -6.92142e+01 | 54 -0.03815 -2.74399e+01
 55 -0.01678  2.22767e+02 | 56 -0.00284  1.81956e+02 | 57  0.00379  3.99877e+01
 58  0.01220  9.76404e+01 | 59  0.02043  3.68007e+01 | 60  0.02536 -1.28488e+02
 61  0.02352 -1.60232e+02 | 62  0.01820 -6.91940e+00 | 63  0.01791 -8.44566e+01
 64  0.01875 -6.48838e+01 | 65  0.02102 -1.67368e+02 | 66  0.01875 -6.32222e+01
 67  0.01917 -6.76197e+01 | 68  0.01981  1.69890e+01 | 69  0.02433 -1.77101e+02
 70  0.02639 -1.59220e+02 | 71  0.03069 -9.57769e+00 | 72  0.03132  7.47893e+01
 73  0.02814  2.39893e+02 | 74  0.02800 -1.90644e+01 | 75  0.02780 -3.62459e+01
 76 -0.71168 -3.57882e-01 | 77 -0.65311  2.22036e+01 |
2 0 19348.2
2 0 19348.2
2 0 19348.3
2 0 19348.2
2 0 19348.2
2 0 19348.2
2 0 19348.2
2 0 19348.2
2 0 19348.1
2 0 19348.1
2 0 19348
2 0 19347.2
2 0 19346.9
2 0 19346.8
77 variables; iteration 80; function evaluation 117; phase 2
Function value   1.9346802e+04; maximum gradient component mag  -2.1641e+02
Var   Value    Gradient   |Var   Value    Gradient   |Var   Value    Gradient
  1 -0.75049 -4.69705e+00 |  2 -0.71903 -6.93021e+00 |  3  0.24063 -3.19837e+00
  4  0.17444 -3.55704e+00 |  5  0.12154  3.47472e+00 |  6  0.08363 -2.00871e+00
  7  0.05710 -5.30647e-01 |  8  0.03748 -3.61562e-01 |  9  0.02243  2.43492e-01
 10  0.01049  4.84160e-01 | 11  0.00083 -4.37548e-02 | 12 -0.00688  1.79583e-01
 13 -0.01301 -1.30581e-01 | 14 -0.01769 -3.54196e-01 | 15 -0.02099 -4.58244e-02
 16 -0.02310  5.44096e-01 | 17 -0.02425 -1.83507e-01 | 18  0.05239  1.09418e+02
 19 -0.00655 -1.22202e+01 | 20 -0.00212  1.06276e+01 | 21  0.00542 -8.69218e+00
 22  0.00347  2.54425e+00 | 23 -0.00132  1.13324e+01 | 24 -0.00150 -7.22829e-01
 25  0.00253 -1.06279e+01 | 26 -0.00338 -1.85836e+01 | 27 -0.00420 -4.81389e+00
 28 -0.00008 -1.48149e+01 | 29  0.00147 -3.10834e+00 | 30 -0.00124  1.87035e+00
 31 -0.00227 -2.26841e+00 | 32 -0.00128 -2.81658e+00 | 33  0.00367  1.96292e+01
 34  0.00236  3.66571e+00 | 35  0.00269  2.33019e+00 | 36  0.00028  1.43929e+01
 37  0.00385  8.07854e+00 | 38  0.00200 -4.39381e+00 | 39  0.00248 -1.16332e+01
 40  0.00075  4.13626e+00 | 41  0.00043  4.78953e-01 | 42 -0.00221  1.08542e+01
 43 -0.00180  5.29172e+00 | 44  0.00171  2.68712e+01 | 45 -0.00138  1.22566e+00
 46 -0.00377 -2.43078e+01 | 47  0.13783 -2.16414e+02 | 48 -0.07035  1.91502e+01
 49 -0.06695 -4.81117e+00 | 50 -0.07002  1.42451e+00 | 51 -0.05728  2.52943e+00
 52 -0.04810 -4.94700e+00 | 53 -0.04550  8.19268e+00 | 54 -0.03773  1.56792e+01
 55 -0.01710 -9.67541e-01 | 56 -0.00307 -7.32726e+00 | 57  0.00364  2.81858e+00
 58  0.01199 -3.20293e+00 | 59  0.02050 -1.90558e+00 | 60  0.02567  4.19892e+00
 61  0.02381  1.31026e+00 | 62  0.01814 -1.00692e+01 | 63  0.01805  2.58658e-01
 64  0.01884  6.05688e-04 | 65  0.02168  5.52503e+00 | 66  0.01895 -2.47972e+00
 67  0.01920 -2.69104e+00 | 68  0.01942 -3.36691e+00 | 69  0.02472  1.13392e+01
 70  0.02674  1.03367e+01 | 71  0.03079 -4.71786e+00 | 72  0.03124 -1.34772e+01
 73  0.02748 -2.16359e+01 | 74  0.02746  1.67503e+01 | 75  0.02732  1.07278e+01
 76 -0.70549 -8.33177e+01 | 77 -0.66740 -2.45668e+01 |
2 0 19346.7
2 0 19346.6
2 0 19346.6
2 0 19346.5
2 0 19346.5
2 0 19346.5
2 0 19346.5
2 0 19346.5
2 0 19346.5
2 0 19346.5
2 0 19346.5
77 variables; iteration 90; function evaluation 128; phase 2
Function value   1.9346470e+04; maximum gradient component mag  -4.1873e+00
Var   Value    Gradient   |Var   Value    Gradient   |Var   Value    Gradient
  1 -0.70644  2.83874e-02 |  2 -0.73959  1.50978e-01 |  3  0.24065  1.06984e-01
  4  0.17487  2.74727e-02 |  5  0.12143 -2.30329e-02 |  6  0.08403  1.44225e-02
  7  0.05747  6.09779e-03 |  8  0.03774 -3.04525e-03 |  9  0.02249 -1.71046e-03
 10  0.01042  3.35645e-04 | 11  0.00077  7.25834e-04 | 12 -0.00693 -1.15820e-03
 13 -0.01301  1.34389e-03 | 14 -0.01767  2.29433e-03 | 15 -0.02106 -6.07840e-05
 16 -0.02327 -1.68438e-03 | 17 -0.02436  2.17202e-03 | 18  0.05236  1.03557e+00
 19 -0.00647 -3.13915e-01 | 20 -0.00211  2.58258e-01 | 21  0.00545  1.96454e-01
 22  0.00343 -2.16618e-01 | 23 -0.00135 -7.77321e-02 | 24 -0.00150  6.81767e-02
 25  0.00256 -1.65676e-01 | 26 -0.00329 -1.80752e-01 | 27 -0.00414 -3.14579e-02
 28 -0.00002  6.97741e-02 | 29  0.00149  1.77268e-02 | 30 -0.00125 -1.36960e-02
 31 -0.00228  4.34146e-02 | 32 -0.00127  1.39635e-01 | 33  0.00365  9.37073e-02
 34  0.00235  4.85963e-02 | 35  0.00267  2.06472e-02 | 36  0.00023 -1.68875e-02
 37  0.00385  1.09662e-01 | 38  0.00202  1.04911e-01 | 39  0.00253  1.09512e-01
 40  0.00073  1.20833e-02 | 41  0.00042  1.94149e-02 | 42 -0.00224 -7.69345e-03
 43 -0.00181  1.10256e-01 | 44  0.00168  1.47538e-01 | 45 -0.00144 -5.17113e-02
 46 -0.00388 -4.79750e-01 | 47  0.13784 -3.69498e+00 | 48 -0.07039  2.49053e-01
 49 -0.06694 -3.10727e-02 | 50 -0.07000 -5.36291e-02 | 51 -0.05729  1.67091e-01
 52 -0.04812  1.37080e-01 | 53 -0.04554  1.07183e-01 | 54 -0.03777  2.55469e-01
 55 -0.01708  3.36226e-01 | 56 -0.00306  2.20636e-01 | 57  0.00365  9.76736e-02
 58  0.01200  1.22840e-01 | 59  0.02049  1.07065e-01 | 60  0.02565 -3.51846e-02
 61  0.02379 -2.17265e-01 | 62  0.01814 -1.84090e-01 | 63  0.01804 -1.64821e-01
 64  0.01883 -1.40854e-01 | 65  0.02163 -1.64983e-01 | 66  0.01894 -1.57313e-01
 67  0.01919 -9.51133e-02 | 68  0.01945 -9.72049e-02 | 69  0.02469 -8.22152e-02
 70  0.02670 -1.09146e-01 | 71  0.03077 -4.81761e-02 | 72  0.03124 -1.85128e-01
 73  0.02751 -2.62642e-01 | 74  0.02749  1.74887e-02 | 75  0.02749  1.73920e-01
 76 -0.68148 -4.18728e+00 | 77 -0.72461 -1.47064e+00 |
2 0 19346.5
2 0 19346.5
2 0 19346.5
2 0 19346.5
2 0 19346.5
2 0 19346.5
2 0 19346.5
2 0 19346.5
2 0 19346.5
2 0 19346.5
2 0 19346.5
2 0 19346.5
77 variables; iteration 100; function evaluation 140; phase 2
Function value   1.9346470e+04; maximum gradient component mag   3.6712e-01
Var   Value    Gradient   |Var   Value    Gradient   |Var   Value    Gradient
  1 -0.69117  6.60337e-02 |  2 -0.74830  1.11929e-01 |  3  0.24064  1.28859e-02
  4  0.17487  1.23263e-03 |  5  0.12143 -1.29225e-03 |  6  0.08403  1.54120e-04
  7  0.05748 -1.69779e-04 |  8  0.03774 -1.25391e-04 |  9  0.02249 -2.54545e-04
 10  0.01042 -2.73885e-04 | 11  0.00078 -1.14507e-04 | 12 -0.00693 -1.28520e-04
 13 -0.01300 -2.79630e-05 | 14 -0.01767  2.78071e-05 | 15 -0.02105 -4.89446e-05
 16 -0.02327 -1.94076e-04 | 17 -0.02436 -2.18109e-05 | 18  0.05237 -2.94878e-01
 19 -0.00648  1.57765e-02 | 20 -0.00211 -1.44141e-02 | 21  0.00545 -1.39057e-02
 22  0.00343  1.87002e-02 | 23 -0.00135 -3.24255e-04 | 24 -0.00150 -1.03093e-03
 25  0.00256  1.75739e-02 | 26 -0.00329  3.19822e-02 | 27 -0.00414  1.18258e-02
 28 -0.00002  5.05928e-03 | 29  0.00149  9.45210e-03 | 30 -0.00125  6.25973e-03
 31 -0.00228 -1.85852e-03 | 32 -0.00127 -1.58120e-02 | 33  0.00365 -2.92824e-02
 34  0.00235 -8.35280e-03 | 35  0.00267 -8.46251e-03 | 36  0.00023 -7.08623e-03
 37  0.00385 -1.96887e-02 | 38  0.00202 -2.55232e-03 | 39  0.00253 -7.86622e-03
 40  0.00073 -4.07634e-04 | 41  0.00042 -6.65792e-03 | 42 -0.00224 -1.91089e-03
 43 -0.00181 -1.10400e-02 | 44  0.00168 -2.25046e-02 | 45 -0.00143  3.64141e-03
 46 -0.00388  5.15149e-02 | 47  0.13784  2.20137e-02 | 48 -0.07039 -1.13098e-02
 49 -0.06694  6.91745e-03 | 50 -0.07000 -5.87245e-03 | 51 -0.05729 -1.30751e-02
 52 -0.04812 -1.85529e-03 | 53 -0.04554 -8.19596e-03 | 54 -0.03777 -2.80557e-02
 55 -0.01708 -2.34288e-02 | 56 -0.00306 -7.05512e-03 | 57  0.00365 -1.17450e-02
 58  0.01200 -7.19213e-03 | 59  0.02049  1.10587e-03 | 60  0.02565  1.17600e-02
 61  0.02379  1.61229e-02 | 62  0.01814  1.60973e-02 | 63  0.01804  7.63808e-03
 64  0.01883  6.62466e-03 | 65  0.02163  1.25555e-02 | 66  0.01894  1.24678e-02
 67  0.01919  1.72425e-02 | 68  0.01945 -1.31703e-03 | 69  0.02469  2.79828e-03
 70  0.02670  1.69771e-03 | 71  0.03077  1.33587e-02 | 72  0.03124  1.39315e-02
 73  0.02751  9.29163e-03 | 74  0.02749 -3.62460e-02 | 75  0.02749 -1.04542e-03
 76 -0.67970  3.67116e-01 | 77 -0.72957  1.34571e-01 |
2 0 19346.5
2 0 19346.5
2 0 19346.5
2 0 19346.5
2 0 19346.5
2 0 19346.5
2 0 19346.5
2 0 19346.5
2 0 19346.5
2 0 19346.5
2 0 19346.5
2 0 19346.5
2 0 19346.5
77 variables; iteration 110; function evaluation 153; phase 2
Function value   1.9346470e+04; maximum gradient component mag   3.7216e-01
Var   Value    Gradient   |Var   Value    Gradient   |Var   Value    Gradient
  1 -0.68310  1.38394e-01 |  2 -0.75319  2.23890e-01 |  3  0.24064  5.84267e-03
  4  0.17487  2.18143e-04 |  5  0.12143 -9.34277e-04 |  6  0.08403 -4.55262e-04
  7  0.05748 -3.38317e-04 |  8  0.03774 -2.78194e-04 |  9  0.02249 -2.06308e-04
 10  0.01043 -1.62743e-04 | 11  0.00078 -1.16274e-04 | 12 -0.00693 -1.14436e-04
 13 -0.01300 -9.31927e-05 | 14 -0.01767 -7.08156e-05 | 15 -0.02105 -7.07581e-05
 16 -0.02327 -9.59908e-05 | 17 -0.02436 -7.00503e-05 | 18  0.05237 -1.69847e-01
 19 -0.00648  8.33498e-03 | 20 -0.00211 -9.32937e-03 | 21  0.00545 -1.00377e-02
 22  0.00343  1.15642e-02 | 23 -0.00135  5.07205e-03 | 24 -0.00150  2.14215e-03
 25  0.00256  9.57908e-03 | 26 -0.00329  1.80517e-02 | 27 -0.00414  8.04852e-03
 28 -0.00002  3.32442e-03 | 29  0.00149  6.55557e-03 | 30 -0.00125  5.17634e-03
 31 -0.00228 -6.89006e-04 | 32 -0.00127 -1.12774e-02 | 33  0.00365 -1.82817e-02
 34  0.00235 -6.66196e-03 | 35  0.00267 -4.33939e-03 | 36  0.00023 -1.31338e-03
 37  0.00385 -8.80970e-03 | 38  0.00202 -2.74135e-03 | 39  0.00253 -7.81688e-03
 40  0.00073 -3.90499e-04 | 41  0.00042 -2.98762e-03 | 42 -0.00224 -2.38588e-04
 43 -0.00181 -8.04372e-03 | 44  0.00168 -1.28948e-02 | 45 -0.00143  6.85777e-04
 46 -0.00388  2.73376e-02 | 47  0.13784 -3.00260e-01 | 48 -0.07039 -4.64534e-03
 49 -0.06694  5.95561e-04 | 50 -0.07000 -4.72923e-03 | 51 -0.05729 -6.05608e-03
 52 -0.04812 -4.96215e-03 | 53 -0.04554 -4.64772e-03 | 54 -0.03777 -1.35331e-02
 55 -0.01708 -1.25036e-02 | 56 -0.00306 -6.97084e-03 | 57  0.00365 -7.09256e-03
 58  0.01200 -3.97511e-03 | 59  0.02049  1.91469e-04 | 60  0.02565  7.31930e-03
 61  0.02379  9.04468e-03 | 62  0.01814  6.89546e-03 | 63  0.01804  4.11104e-03
 64  0.01883  2.95022e-03 | 65  0.02163  6.74841e-03 | 66  0.01894  4.83025e-03
 67  0.01919  1.00076e-02 | 68  0.01945 -2.90741e-03 | 69  0.02469  1.88281e-03
 70  0.02670 -6.67008e-04 | 71  0.03077  8.47953e-03 | 72  0.03124  6.56005e-03
 73  0.02751  3.92211e-03 | 74  0.02749 -1.66408e-02 | 75  0.02749  1.44872e-02
 76 -0.67883  3.72160e-01 | 77 -0.73209  1.30992e-01 |
2 0 19346.5
2 0 19346.5
2 0 19346.5
2 0 19346.5
2 0 19346.5
2 0 19346.5
2 0 19346.5
2 0 19346.5
2 0 19346.5
2 0 19346.5
2 0 19346.5
2 0 19346.5
77 variables; iteration 120; function evaluation 165; phase 2
Function value   1.9346470e+04; maximum gradient component mag   1.8968e-01
Var   Value    Gradient   |Var   Value    Gradient   |Var   Value    Gradient
  1 -0.67876  9.76082e-02 |  2 -0.75590  1.54342e-01 |  3  0.24064  4.02464e-03
  4  0.17487 -3.74187e-04 |  5  0.12143 -3.67524e-04 |  6  0.08403 -1.94064e-04
  7  0.05748 -1.54127e-04 |  8  0.03774 -1.02840e-04 |  9  0.02249 -9.03489e-05
 10  0.01043 -7.94107e-05 | 11  0.00078 -6.05719e-05 | 12 -0.00693 -5.17506e-05
 13 -0.01300 -4.30539e-05 | 14 -0.01767 -3.77518e-05 | 15 -0.02105 -3.84015e-05
 16 -0.02327 -4.22777e-05 | 17 -0.02436 -3.39780e-05 | 18  0.05237 -9.61448e-02
 19 -0.00648  4.77456e-03 | 20 -0.00211 -4.90545e-03 | 21  0.00545 -5.52360e-03
 22  0.00343  6.52878e-03 | 23 -0.00135  1.40020e-03 | 24 -0.00150  1.34800e-04
 25  0.00256  4.97251e-03 | 26 -0.00329  9.43820e-03 | 27 -0.00414  3.61736e-03
 28 -0.00002  6.19287e-04 | 29  0.00149  2.97565e-03 | 30 -0.00125  2.42250e-03
 31 -0.00228 -7.38519e-04 | 32 -0.00127 -6.25874e-03 | 33  0.00365 -9.34612e-03
 34  0.00235 -3.16191e-03 | 35  0.00267 -2.43702e-03 | 36  0.00023 -6.64333e-04
 37  0.00385 -5.38416e-03 | 38  0.00202 -1.01265e-03 | 39  0.00253 -4.31580e-03
 40  0.00073  3.68480e-04 | 41  0.00042 -2.02714e-03 | 42 -0.00224  6.05435e-04
 43 -0.00181 -3.88436e-03 | 44  0.00168 -6.27844e-03 | 45 -0.00143  1.24006e-03
 46 -0.00388  1.67182e-02 | 47  0.13784 -9.26780e-02 | 48 -0.07039 -2.57203e-03
 49 -0.06694  1.08016e-03 | 50 -0.07000 -3.15151e-03 | 51 -0.05729 -3.88074e-03
 52 -0.04812 -1.31038e-03 | 53 -0.04554 -2.09534e-03 | 54 -0.03777 -7.74948e-03
 55 -0.01708 -6.91811e-03 | 56 -0.00306 -2.90015e-03 | 57  0.00365 -3.85943e-03
 58  0.01200 -2.25681e-03 | 59  0.02049  4.20631e-04 | 60  0.02565  4.69537e-03
 61  0.02379  5.20269e-03 | 62  0.01814  3.79990e-03 | 63  0.01804  1.94675e-03
 64  0.01883  1.61722e-03 | 65  0.02163  4.15739e-03 | 66  0.01894  2.98723e-03
 67  0.01919  5.97419e-03 | 68  0.01945 -1.45827e-03 | 69  0.02469  1.59682e-03
 70  0.02670  5.63150e-04 | 71  0.03077  4.98343e-03 | 72  0.03124  3.63420e-03
 73  0.02751  1.80242e-03 | 74  0.02749 -1.12408e-02 | 75  0.02749  4.52955e-03
 76 -0.67829  1.89681e-01 | 77 -0.73362  6.62115e-02 |
2 0 19346.5
2 0 19346.5
2 0 19346.5
2 0 19346.5
2 0 19346.5
2 0 19346.5
2 0 19346.5
2 0 19346.5
2 0 19346.5
2 0 19346.5
2 0 19346.5
2 0 19346.5
77 variables; iteration 130; function evaluation 177; phase 2
Function value   1.9346470e+04; maximum gradient component mag  -5.8532e-02
Var   Value    Gradient   |Var   Value    Gradient   |Var   Value    Gradient
  1 -0.67615 -3.75287e-02 |  2 -0.75757 -5.85323e-02 |  3  0.24064 -4.69133e-04
  4  0.17487  2.05814e-04 |  5  0.12143  6.47002e-05 |  6  0.08403  6.59455e-05
  7  0.05748  3.64237e-05 |  8  0.03774  2.89095e-05 |  9  0.02249  1.82711e-05
 10  0.01043  1.20192e-05 | 11  0.00078  1.30317e-05 | 12 -0.00693  1.14798e-05
 13 -0.01300  1.23588e-05 | 14 -0.01766  1.24452e-05 | 15 -0.02105  9.81890e-06
 16 -0.02327  5.40863e-06 | 17 -0.02436  8.10046e-06 | 18  0.05237  7.89466e-03
 19 -0.00648  2.42872e-04 | 20 -0.00211  1.57238e-04 | 21  0.00545  3.61197e-04
 22  0.00343 -2.80058e-04 | 23 -0.00135 -3.80721e-04 | 24 -0.00150 -3.54387e-04
 25  0.00256 -8.21244e-05 | 26 -0.00329 -4.31817e-04 | 27 -0.00414 -2.95269e-04
 28 -0.00002 -3.19786e-05 | 29  0.00149 -2.62137e-04 | 30 -0.00125 -2.41099e-04
 31 -0.00228  3.38555e-05 | 32 -0.00127  6.23954e-04 | 33  0.00365  7.24559e-04
 34  0.00235  4.42078e-04 | 35  0.00267  7.79969e-05 | 36  0.00023 -3.01474e-04
 37  0.00385 -2.29211e-05 | 38  0.00202 -6.20113e-05 | 39  0.00253  7.57180e-04
 40  0.00073 -5.41220e-05 | 41  0.00042  1.08412e-04 | 42 -0.00224 -3.04030e-04
 43 -0.00181  3.56912e-04 | 44  0.00168  2.89413e-04 | 45 -0.00143  1.01516e-04
 46 -0.00388 -1.20909e-03 | 47  0.13784  5.03852e-02 | 48 -0.07039 -4.63982e-04
 49 -0.06694  3.80709e-04 | 50 -0.07000  7.73518e-04 | 51 -0.05729 -8.36403e-05
 52 -0.04812  9.66797e-05 | 53 -0.04554 -4.28720e-05 | 54 -0.03777  1.19711e-05
 55 -0.01708 -2.60969e-04 | 56 -0.00306 -3.36494e-05 | 57  0.00365  1.99939e-04
 58  0.01200 -9.24132e-05 | 59  0.02049 -2.70775e-04 | 60  0.02565 -5.37408e-04
 61  0.02379  4.39938e-05 | 62  0.01814  4.50810e-04 | 63  0.01804  3.52899e-04
 64  0.01883  3.06273e-04 | 65  0.02163 -1.85274e-05 | 66  0.01894  3.90644e-04
 67  0.01919 -4.55130e-04 | 68  0.01945  6.32217e-04 | 69  0.02469 -1.19015e-04
 70  0.02670  2.29690e-04 | 71  0.03077 -5.76539e-04 | 72  0.03124  1.53734e-04
 73  0.02751  2.84540e-04 | 74  0.02749  9.25947e-04 | 75  0.02749 -2.45878e-03
 76 -0.67793 -3.11414e-02 | 77 -0.73469 -1.01940e-02 |
2 0 19346.5
2 0 19346.5
2 0 19346.5
2 0 19346.5
2 0 19346.5
2 0 19346.5
2 0 19346.5
2 0 19346.5
2 0 19346.5
2 0 19346.5
2 0 19346.5
2 0 19346.5
2 0 19346.5
77 variables; iteration 140; function evaluation 190; phase 2
Function value   1.9346470e+04; maximum gradient component mag   8.2401e-02
Var   Value    Gradient   |Var   Value    Gradient   |Var   Value    Gradient
  1 -0.67425  5.33726e-02 |  2 -0.75878  8.24007e-02 |  3  0.24064  9.43460e-04
  4  0.17487 -3.63713e-05 |  5  0.12143 -1.16273e-04 |  6  0.08403 -5.79830e-05
  7  0.05748 -4.59529e-05 |  8  0.03774 -3.33754e-05 |  9  0.02249 -2.72297e-05
 10  0.01043 -2.32357e-05 | 11  0.00078 -1.73515e-05 | 12 -0.00693 -1.49137e-05
 13 -0.01300 -1.18703e-05 | 14 -0.01766 -9.81781e-06 | 15 -0.02105 -1.01721e-05
 16 -0.02327 -1.25171e-05 | 17 -0.02436 -1.05913e-05 | 18  0.05237 -2.44414e-02
 19 -0.00648  1.09116e-03 | 20 -0.00211 -1.22797e-03 | 21  0.00545 -1.37639e-03
 22  0.00343  1.57334e-03 | 23 -0.00135  5.34631e-04 | 24 -0.00150  2.23206e-04
 25  0.00256  1.29236e-03 | 26 -0.00329  2.44493e-03 | 27 -0.00414  1.08934e-03
 28 -0.00002  3.40653e-04 | 29  0.00149  8.24114e-04 | 30 -0.00125  6.45724e-04
 31 -0.00228 -1.54343e-04 | 32 -0.00127 -1.56873e-03 | 33  0.00365 -2.42335e-03
 34  0.00235 -8.85655e-04 | 35  0.00267 -6.29649e-04 | 36  0.00023 -1.64701e-04
 37  0.00385 -1.28445e-03 | 38  0.00202 -2.97084e-04 | 39  0.00253 -1.17841e-03
 40  0.00073  2.72178e-06 | 41  0.00042 -4.90889e-04 | 42 -0.00224  8.09131e-05
 43 -0.00181 -1.05549e-03 | 44  0.00168 -1.62865e-03 | 45 -0.00143  2.09516e-04
 46 -0.00388  3.99707e-03 | 47  0.13784 -3.74473e-02 | 48 -0.07039 -5.56049e-04
 49 -0.06694  1.27563e-04 | 50 -0.07000 -7.72919e-04 | 51 -0.05729 -8.36465e-04
 52 -0.04812 -4.84685e-04 | 53 -0.04554 -5.83744e-04 | 54 -0.03777 -1.87428e-03
 55 -0.01708 -1.55104e-03 | 56 -0.00306 -7.33579e-04 | 57  0.00365 -9.49699e-04
 58  0.01200 -5.05561e-04 | 59  0.02049  1.12094e-04 | 60  0.02565  1.10474e-03
 61  0.02379  1.18135e-03 | 62  0.01814  8.40881e-04 | 63  0.01804  4.46587e-04
 64  0.01883  3.55049e-04 | 65  0.02163  9.52872e-04 | 66  0.01894  6.55556e-04
 67  0.01919  1.47008e-03 | 68  0.01945 -4.47000e-04 | 69  0.02469  3.37277e-04
 70  0.02670  7.55429e-06 | 71  0.03077  1.23266e-03 | 72  0.03124  8.14719e-04
 73  0.02751  4.11621e-04 | 74  0.02749 -2.70150e-03 | 75  0.02749  1.81826e-03
 76 -0.67763  5.32594e-02 | 77 -0.73557  1.84685e-02 |
2 0 19346.5
2 0 19346.5
2 0 19346.5
2 0 19346.5
2 0 19346.5
2 0 19346.5
2 0 19346.5
2 0 19346.5
2 0 19346.5
2 0 19346.5
2 0 19346.5
2 0 19346.5
77 variables; iteration 150; function evaluation 202; phase 2
Function value   1.9346470e+04; maximum gradient component mag   7.7943e-02
Var   Value    Gradient   |Var   Value    Gradient   |Var   Value    Gradient
  1 -0.67285  5.08657e-02 |  2 -0.75970  7.79427e-02 |  3  0.24064  6.34107e-04
  4  0.17487 -3.31787e-05 |  5  0.12143 -7.63722e-05 |  6  0.08403 -4.45679e-05
  7  0.05748 -3.53541e-05 |  8  0.03774 -2.47798e-05 |  9  0.02249 -1.80133e-05
 10  0.01043 -1.51680e-05 | 11  0.00078 -1.23439e-05 | 12 -0.00693 -9.82943e-06
 13 -0.01300 -8.40209e-06 | 14 -0.01766 -7.37290e-06 | 15 -0.02105 -7.08925e-06
 16 -0.02327 -7.50999e-06 | 17 -0.02436 -8.28469e-06 | 18  0.05237 -1.69021e-02
 19 -0.00648  7.71026e-04 | 20 -0.00211 -8.57482e-04 | 21  0.00545 -9.75313e-04
 22  0.00343  1.07161e-03 | 23 -0.00135  4.04899e-04 | 24 -0.00150  1.68337e-04
 25  0.00256  8.82329e-04 | 26 -0.00329  1.65538e-03 | 27 -0.00414  7.97164e-04
 28 -0.00002  2.12584e-04 | 29  0.00149  5.50756e-04 | 30 -0.00125  4.26895e-04
 31 -0.00228 -1.20385e-04 | 32 -0.00127 -1.08184e-03 | 33  0.00365 -1.60655e-03
 34  0.00235 -6.15641e-04 | 35  0.00267 -4.59109e-04 | 36  0.00023 -7.93826e-05
 37  0.00385 -8.99228e-04 | 38  0.00202 -2.24117e-04 | 39  0.00253 -8.96661e-04
 40  0.00073  4.83483e-06 | 41  0.00042 -3.60644e-04 | 42 -0.00224  7.83986e-05
 43 -0.00181 -7.28826e-04 | 44  0.00168 -1.04906e-03 | 45 -0.00143  1.91049e-04
 46 -0.00388  2.73891e-03 | 47  0.13784 -2.69785e-02 | 48 -0.07039 -3.70882e-04
 49 -0.06694  5.54661e-05 | 50 -0.07000 -5.35135e-04 | 51 -0.05729 -5.40382e-04
 52 -0.04812 -3.39296e-04 | 53 -0.04554 -4.01923e-04 | 54 -0.03777 -1.25182e-03
 55 -0.01708 -9.88224e-04 | 56 -0.00306 -4.66922e-04 | 57  0.00365 -6.27228e-04
 58  0.01200 -3.31647e-04 | 59  0.02049  8.75372e-05 | 60  0.02565  7.54661e-04
 61  0.02379  7.59348e-04 | 62  0.01814  5.17530e-04 | 63  0.01804  2.80520e-04
 64  0.01883  2.37046e-04 | 65  0.02163  6.47849e-04 | 66  0.01894  4.45447e-04
 67  0.01919  1.02294e-03 | 68  0.01945 -3.14625e-04 | 69  0.02469  2.60419e-04
 70  0.02670  3.04397e-05 | 71  0.03077  8.48253e-04 | 72  0.03124  5.03400e-04
 73  0.02751  2.24300e-04 | 74  0.02749 -1.90334e-03 | 75  0.02749  1.30941e-03
 76 -0.67737  3.80885e-02 | 77 -0.73632  1.31348e-02 |
2 0 19346.5
2 0 19346.5
2 0 19346.5
2 0 19346.5
2 0 19346.5
2 0 19346.5
2 0 19346.5
2 0 19346.5
2 0 19346.5
2 0 19346.5
2 0 19346.5
2 0 19346.5
77 variables; iteration 160; function evaluation 214; phase 2
Function value   1.9346470e+04; maximum gradient component mag   1.3596e-01
Var   Value    Gradient   |Var   Value    Gradient   |Var   Value    Gradient
  1 -0.67183  8.92163e-02 |  2 -0.76037  1.35959e-01 |  3  0.24064  8.03259e-04
  4  0.17487 -8.51065e-05 |  5  0.12143 -9.38682e-05 |  6  0.08403 -5.48858e-05
  7  0.05748 -3.96856e-05 |  8  0.03774 -2.83854e-05 |  9  0.02249 -2.24835e-05
 10  0.01043 -1.86096e-05 | 11  0.00078 -1.50378e-05 | 12 -0.00693 -1.28538e-05
 13 -0.01300 -1.08713e-05 | 14 -0.01766 -9.63287e-06 | 15 -0.02105 -9.41438e-06
 16 -0.02327 -9.73691e-06 | 17 -0.02436 -9.02335e-06 | 18  0.05237 -2.01300e-02
 19 -0.00648  8.90488e-04 | 20 -0.00211 -1.02496e-03 | 21  0.00545 -1.17025e-03
 22  0.00343  1.33217e-03 | 23 -0.00135  4.45100e-04 | 24 -0.00150  1.51363e-04
 25  0.00256  1.00528e-03 | 26 -0.00329  1.94943e-03 | 27 -0.00414  8.06512e-04
 28 -0.00002  1.89060e-04 | 29  0.00149  6.55887e-04 | 30 -0.00125  5.47638e-04
 31 -0.00228 -1.32817e-04 | 32 -0.00127 -1.35187e-03 | 33  0.00365 -2.00594e-03
 34  0.00235 -7.30100e-04 | 35  0.00267 -4.88963e-04 | 36  0.00023 -6.33585e-05
 37  0.00385 -1.01830e-03 | 38  0.00202 -2.23958e-04 | 39  0.00253 -1.00169e-03
 40  0.00073  5.48525e-05 | 41  0.00042 -3.93889e-04 | 42 -0.00224  1.44864e-04
 43 -0.00181 -8.57567e-04 | 44  0.00168 -1.27932e-03 | 45 -0.00143  2.17969e-04
 46 -0.00388  3.34528e-03 | 47  0.13784 -3.20840e-02 | 48 -0.07039 -4.31777e-04
 49 -0.06694  9.45524e-05 | 50 -0.07000 -7.20318e-04 | 51 -0.05729 -7.05122e-04
 52 -0.04812 -3.64248e-04 | 53 -0.04554 -4.23520e-04 | 54 -0.03777 -1.48783e-03
 55 -0.01708 -1.30446e-03 | 56 -0.00306 -6.23716e-04 | 57  0.00365 -7.92544e-04
 58  0.01200 -4.18419e-04 | 59  0.02049  1.08896e-04 | 60  0.02565  9.86133e-04
 61  0.02379  1.01489e-03 | 62  0.01814  6.65910e-04 | 63  0.01804  3.48416e-04
 64  0.01883  2.74774e-04 | 65  0.02163  8.08079e-04 | 66  0.01894  5.02078e-04
 67  0.01919  1.24105e-03 | 68  0.01945 -4.07111e-04 | 69  0.02469  3.13402e-04
 70  0.02670  2.38814e-05 | 71  0.03077  1.06468e-03 | 72  0.03124  6.54892e-04
 73  0.02751  2.60984e-04 | 74  0.02749 -2.27561e-03 | 75  0.02749  1.56114e-03
 76 -0.67716  4.97333e-02 | 77 -0.73695  1.69891e-02 |
2 0 19346.5
2 0 19346.5
2 0 19346.5
2 0 19346.5
2 0 19346.5
2 0 19346.5
2 0 19346.5
2 0 19346.5
2 0 19346.5
2 0 19346.5
2 0 19346.5
2 0 19346.5
77 variables; iteration 170; function evaluation 226; phase 2
Function value   1.9346470e+04; maximum gradient component mag  -1.8051e-01
Var   Value    Gradient   |Var   Value    Gradient   |Var   Value    Gradient
  1 -0.67100 -1.18971e-01 |  2 -0.76091 -1.80507e-01 |  3  0.24064 -5.93764e-04
  4  0.17487  1.13136e-04 |  5  0.12143  7.43550e-05 |  6  0.08403  5.11829e-05
  7  0.05748  3.38775e-05 |  8  0.03774  2.51219e-05 |  9  0.02249  1.89931e-05
 10  0.01043  1.49451e-05 | 11  0.00078  1.28690e-05 | 12 -0.00693  1.11064e-05
 13 -0.01300  1.01365e-05 | 14 -0.01766  9.40537e-06 | 15 -0.02105  8.53253e-06
 16 -0.02327  7.58099e-06 | 17 -0.02436  7.75866e-06 | 18  0.05237  1.31688e-02
 19 -0.00648 -2.96960e-04 | 20 -0.00211  5.38491e-04 | 21  0.00545  6.86676e-04
 22  0.00343 -7.26874e-04 | 23 -0.00135 -3.53869e-04 | 24 -0.00150 -2.43373e-04
 25  0.00256 -5.36182e-04 | 26 -0.00329 -1.14086e-03 | 27 -0.00414 -5.52456e-04
 28 -0.00002 -1.42768e-04 | 29  0.00149 -4.30792e-04 | 30 -0.00125 -3.52079e-04
 31 -0.00228  7.96231e-05 | 32 -0.00127  8.88886e-04 | 33  0.00365  1.26629e-03
 34  0.00235  5.42474e-04 | 35  0.00267  2.78961e-04 | 36  0.00023 -6.54077e-05
 37  0.00385  4.90517e-04 | 38  0.00202  7.06336e-05 | 39  0.00253  8.02020e-04
 40  0.00073 -2.79762e-05 | 41  0.00042  2.45654e-04 | 42 -0.00224 -1.77626e-04
 43 -0.00181  5.62348e-04 | 44  0.00168  7.41083e-04 | 45 -0.00143 -5.21988e-05
 46 -0.00388 -2.09832e-03 | 47  0.13784  3.72689e-02 | 48 -0.07039 -7.58054e-06
 49 -0.06694  1.15472e-04 | 50 -0.07000  6.63695e-04 | 51 -0.05729  2.80760e-04
 52 -0.04812  2.02821e-04 | 53 -0.04554  1.99111e-04 | 54 -0.03777  7.32339e-04
 55 -0.01708  4.52523e-04 | 56 -0.00306  2.35312e-04 | 57  0.00365  4.54003e-04
 58  0.01200  1.42707e-04 | 59  0.02049 -1.80078e-04 | 60  0.02565 -6.81790e-04
 61  0.02379 -4.27746e-04 | 62  0.01814 -1.09679e-04 | 63  0.01804  3.45952e-06
 64  0.01883  1.10750e-05 | 65  0.02163 -3.75916e-04 | 66  0.01894 -7.10810e-05
 67  0.01919 -7.86198e-04 | 68  0.01945  4.66495e-04 | 69  0.02469 -1.87388e-04
 70  0.02670  9.89182e-05 | 71  0.03077 -7.44711e-04 | 72  0.03124 -2.28086e-04
 73  0.02751 -2.09322e-06 | 74  0.02749  1.52670e-03 | 75  0.02749 -1.81669e-03
 76 -0.67697 -3.66409e-02 | 77 -0.73751 -1.23254e-02 |
2 0 19346.5
2 0 19346.5
2 0 19346.5
2 0 19346.5
2 0 19346.5
2 0 19346.5
2 0 19346.5
2 0 19346.5
2 0 19346.5
2 0 19346.5
2 0 19346.5
2 0 19346.5
2 0 19346.5
2 0 19346.5
77 variables; iteration 180; function evaluation 240; phase 2
Function value   1.9346470e+04; maximum gradient component mag  -1.1627e-02
Var   Value    Gradient   |Var   Value    Gradient   |Var   Value    Gradient
  1 -0.67050 -7.68444e-03 |  2 -0.76124 -1.16272e-02 |  3  0.24064 -3.68321e-05
  4  0.17487  1.61480e-05 |  5  0.12143  9.45425e-07 |  6  0.08403  7.85770e-07
  7  0.05748 -3.34397e-07 |  8  0.03774  1.87157e-07 |  9  0.02249  5.08609e-07
 10  0.01043  2.57522e-07 | 11  0.00078  1.52032e-07 | 12 -0.00693  3.97082e-07
 13 -0.01300  4.68693e-07 | 14 -0.01766  4.61227e-07 | 15 -0.02105  3.45622e-07
 16 -0.02327  2.40271e-07 | 17 -0.02436 -1.32082e-07 | 18  0.05237 -1.64954e-05
 19 -0.00648  6.09024e-05 | 20 -0.00211 -3.51982e-05 | 21  0.00545 -1.79015e-05
 22  0.00343  1.14209e-05 | 23 -0.00135  1.30274e-05 | 24 -0.00150 -3.62718e-06
 25  0.00256  2.74254e-05 | 26 -0.00329  2.40258e-05 | 27 -0.00414  3.23850e-05
 28 -0.00002  1.32247e-05 | 29  0.00149 -1.08904e-07 | 30 -0.00125 -3.98769e-06
 31 -0.00228 -2.62332e-06 | 32 -0.00127  7.39875e-06 | 33  0.00365  7.57198e-06
 34  0.00235  2.40272e-06 | 35  0.00267 -1.71622e-05 | 36  0.00023 -1.56302e-05
 37  0.00385 -3.14366e-05 | 38  0.00202 -2.38143e-05 | 39  0.00253 -4.17439e-06
 40  0.00073 -1.07362e-05 | 41  0.00042 -8.31299e-06 | 42 -0.00224 -2.11928e-05
 43 -0.00181 -7.49504e-06 | 44  0.00168 -5.02037e-07 | 45 -0.00143  1.94988e-05
 46 -0.00388 -1.40170e-05 | 47  0.13784  1.48757e-03 | 48 -0.07039 -5.39345e-05
 49 -0.06694  1.00526e-05 | 50 -0.07000  4.40154e-05 | 51 -0.05729 -7.13900e-06
 52 -0.04812 -2.23387e-05 | 53 -0.04554 -2.28923e-05 | 54 -0.03777 -2.71550e-05
 55 -0.01708 -2.49490e-05 | 56 -0.00306 -1.58163e-05 | 57  0.00365  1.65965e-06
 58  0.01200 -1.12054e-05 | 59  0.02049 -1.71855e-05 | 60  0.02565 -2.21558e-05
 61  0.02379  1.09089e-05 | 62  0.01814  3.14961e-05 | 63  0.01804  3.11133e-05
 64  0.01883  2.91312e-05 | 65  0.02163  1.56647e-05 | 66  0.01894  3.88806e-05
 67  0.01919  1.92071e-06 | 68  0.01945  3.16221e-05 | 69  0.02469  3.68824e-06
 70  0.02670  1.67774e-05 | 71  0.03077 -1.55362e-05 | 72  0.03124  8.85382e-06
 73  0.02751  1.34807e-05 | 74  0.02749  8.36816e-06 | 75  0.02749 -7.39153e-05
 76 -0.67684 -1.31630e-03 | 77 -0.73789 -3.87844e-04 |
2 0 19346.5
2 0 19346.5
2 0 19346.5
2 0 19346.5
2 0 19346.5
2 0 19346.5
2 0 19346.5
2 0 19346.5
2 0 19346.5
2 0 19346.5
2 0 19346.5
2 0 19346.5
2 0 19346.5
2 0 19346.5
2 0 19346.5
77 variables; iteration 190; function evaluation 255; phase 2
Function value   1.9346470e+04; maximum gradient component mag   1.5526e-01
Var   Value    Gradient   |Var   Value    Gradient   |Var   Value    Gradient
  1 -0.67008  1.02840e-01 |  2 -0.76152  1.55257e-01 |  3  0.24064  2.98788e-04
  4  0.17487 -5.42642e-05 |  5  0.12143 -3.70288e-05 |  6  0.08403 -1.88904e-05
  7  0.05748 -1.21230e-05 |  8  0.03774 -9.36535e-06 |  9  0.02249 -9.03365e-06
 10  0.01043 -7.33288e-06 | 11  0.00078 -5.55899e-06 | 12 -0.00693 -5.54157e-06
 13 -0.01300 -4.45128e-06 | 14 -0.01766 -3.85022e-06 | 15 -0.02105 -4.02843e-06
 16 -0.02327 -4.40198e-06 | 17 -0.02436 -2.47852e-06 | 18  0.05237 -6.04060e-03
 19 -0.00648  1.18547e-04 | 20 -0.00211 -2.40016e-04 | 21  0.00545 -2.98430e-04
 22  0.00343  3.53351e-04 | 23 -0.00135  1.15227e-04 | 24 -0.00150  8.05166e-05
 25  0.00256  2.44358e-04 | 26 -0.00329  5.38440e-04 | 27 -0.00414  1.89642e-04
 28 -0.00002  6.10077e-05 | 29  0.00149  2.01874e-04 | 30 -0.00125  1.76693e-04
 31 -0.00228 -2.75518e-05 | 32 -0.00127 -4.19463e-04 | 33  0.00365 -6.41844e-04
 34  0.00235 -2.40978e-04 | 35  0.00267 -1.04115e-04 | 36  0.00023  6.04098e-06
 37  0.00385 -2.19134e-04 | 38  0.00202 -8.09499e-06 | 39  0.00253 -2.94440e-04
 40  0.00073  2.51240e-05 | 41  0.00042 -9.43824e-05 | 42 -0.00224  7.79813e-05
 43 -0.00181 -2.46941e-04 | 44  0.00168 -3.68074e-04 | 45 -0.00143  3.00922e-05
 46 -0.00388  9.73991e-04 | 47  0.13784 -1.52708e-02 | 48 -0.07039 -6.32561e-06
 49 -0.06694 -8.31829e-06 | 50 -0.07000 -3.12956e-04 | 51 -0.05729 -1.66077e-04
 52 -0.04812 -6.48527e-05 | 53 -0.04554 -7.86667e-05 | 54 -0.03777 -3.68843e-04
 55 -0.01708 -2.90005e-04 | 56 -0.00306 -1.35625e-04 | 57  0.00365 -2.32596e-04
 58  0.01200 -7.90873e-05 | 59  0.02049  7.99115e-05 | 60  0.02565  3.36714e-04
 61  0.02379  2.59615e-04 | 62  0.01814  1.14464e-04 | 63  0.01804  2.52097e-05
 64  0.01883  6.68808e-06 | 65  0.02163  1.92545e-04 | 66  0.01894  4.49075e-05
 67  0.01919  3.68481e-04 | 68  0.01945 -2.05289e-04 | 69  0.02469  7.15700e-05
 70  0.02670 -5.70191e-05 | 71  0.03077  3.51609e-04 | 72  0.03124  1.45276e-04
 73  0.02751  6.39165e-06 | 74  0.02749 -7.23318e-04 | 75  0.02749  7.45776e-04
 76 -0.67672  1.49856e-02 | 77 -0.73823  5.09898e-03 |
2 0 19346.5
2 0 19346.5
2 0 19346.5
2 0 19346.5
2 0 19346.5
2 0 19346.5
2 0 19346.5
2 0 19346.5
2 0 19346.5
2 0 19346.5
2 0 19346.5
2 0 19346.5
2 0 19346.5
2 0 19346.5
77 variables; iteration 200; function evaluation 269; phase 2
Function value   1.9346470e+04; maximum gradient component mag   1.4302e-01
Var   Value    Gradient   |Var   Value    Gradient   |Var   Value    Gradient
  1 -0.66979  9.48802e-02 |  2 -0.76171  1.43015e-01 |  3  0.24064  2.00513e-04
  4  0.17487 -2.64718e-05 |  5  0.12143 -2.30165e-05 |  6  0.08403 -1.63945e-05
  7  0.05748 -1.15625e-05 |  8  0.03774 -8.07211e-06 |  9  0.02249 -5.96542e-06
 10  0.01043 -4.94099e-06 | 11  0.00078 -4.22711e-06 | 12 -0.00693 -3.31171e-06
 13 -0.01300 -3.04929e-06 | 14 -0.01766 -2.86053e-06 | 15 -0.02105 -2.55276e-06
 16 -0.02327 -2.29940e-06 | 17 -0.02436 -2.82295e-06 | 18  0.05237 -5.00684e-03
 19 -0.00648  1.89810e-04 | 20 -0.00211 -2.37197e-04 | 21  0.00545 -2.81600e-04
 22  0.00343  3.03840e-04 | 23 -0.00135  1.26749e-04 | 24 -0.00150  6.41599e-05
 25  0.00256  2.37296e-04 | 26 -0.00329  4.63830e-04 | 27 -0.00414  2.25828e-04
 28 -0.00002  5.17335e-05 | 29  0.00149  1.60283e-04 | 30 -0.00125  1.28120e-04
 31 -0.00228 -3.55840e-05 | 32 -0.00127 -3.28347e-04 | 33  0.00365 -4.68379e-04
 34  0.00235 -1.90247e-04 | 35  0.00267 -1.23899e-04 | 36  0.00023 -1.03342e-07
 37  0.00385 -2.34355e-04 | 38  0.00202 -5.09982e-05 | 39  0.00253 -2.88282e-04
 40  0.00073  7.66452e-06 | 41  0.00042 -1.03425e-04 | 42 -0.00224  4.63925e-05
 43 -0.00181 -2.14343e-04 | 44  0.00168 -2.97275e-04 | 45 -0.00143  3.62727e-05
 46 -0.00388  8.13506e-04 | 47  0.13784 -1.03032e-02 | 48 -0.07039 -6.73961e-05
 49 -0.06694 -9.00966e-06 | 50 -0.07000 -1.98067e-04 | 51 -0.05729 -1.41213e-04
 52 -0.04812 -9.06940e-05 | 53 -0.04554 -1.00572e-04 | 54 -0.03777 -3.32881e-04
 55 -0.01708 -2.43342e-04 | 56 -0.00306 -1.18567e-04 | 57  0.00365 -1.80154e-04
 58  0.01200 -8.22247e-05 | 59  0.02049  4.17308e-05 | 60  0.02565  2.39835e-04
 61  0.02379  1.98940e-04 | 62  0.01814  1.03842e-04 | 63  0.01804  4.71391e-05
 64  0.01883  4.03470e-05 | 65  0.02163  1.74815e-04 | 66  0.01894  8.99279e-05
 67  0.01919  3.02383e-04 | 68  0.01945 -1.26589e-04 | 69  0.02469  8.02956e-05
 70  0.02670 -2.78398e-06 | 71  0.03077  2.64741e-04 | 72  0.03124  1.24458e-04
 73  0.02751  4.50320e-05 | 74  0.02749 -5.63880e-04 | 75  0.02749  5.01626e-04
 76 -0.67664  1.27007e-02 | 77 -0.73849  4.31498e-03 |
2 0 19346.5
2 0 19346.5
2 0 19346.5
2 0 19346.5
2 0 19346.5
2 0 19346.5
2 0 19346.5
2 0 19346.5
2 0 19346.5
2 0 19346.5
2 0 19346.5
2 0 19346.5
2 0 19346.5
77 variables; iteration 210; function evaluation 282; phase 2
Function value   1.9346470e+04; maximum gradient component mag   2.9323e-01
Var   Value    Gradient   |Var   Value    Gradient   |Var   Value    Gradient
  1 -0.66952  1.94829e-01 |  2 -0.76189  2.93235e-01 |  3  0.24064  2.37013e-04
  4  0.17487 -2.90710e-05 |  5  0.12143 -3.12136e-05 |  6  0.08403 -1.85424e-05
  7  0.05748 -1.33144e-05 |  8  0.03774 -9.69022e-06 |  9  0.02249 -7.69595e-06
 10  0.01043 -6.33967e-06 | 11  0.00078 -5.10384e-06 | 12 -0.00693 -4.38684e-06
 13 -0.01300 -3.73121e-06 | 14 -0.01766 -3.30570e-06 | 15 -0.02105 -3.20477e-06
 16 -0.02327 -3.32393e-06 | 17 -0.02436 -3.06757e-06 | 18  0.05237 -5.65214e-03
 19 -0.00648  1.61694e-04 | 20 -0.00211 -2.45148e-04 | 21  0.00545 -2.93820e-04
 22  0.00343  3.16992e-04 | 23 -0.00135  1.42789e-04 | 24 -0.00150  9.64257e-05
 25  0.00256  2.57341e-04 | 26 -0.00329  5.17822e-04 | 27 -0.00414  2.57150e-04
 28 -0.00002  8.11936e-05 | 29  0.00149  1.87627e-04 | 30 -0.00125  1.47124e-04
 31 -0.00228 -3.37058e-05 | 32 -0.00127 -3.66384e-04 | 33  0.00365 -5.45370e-04
 34  0.00235 -2.26328e-04 | 35  0.00267 -1.31039e-04 | 36  0.00023 -1.89489e-06
 37  0.00385 -2.38921e-04 | 38  0.00202 -4.24034e-05 | 39  0.00253 -3.22255e-04
 40  0.00073  2.98591e-07 | 41  0.00042 -1.09444e-04 | 42 -0.00224  4.89831e-05
 43 -0.00181 -2.42657e-04 | 44  0.00168 -3.33982e-04 | 45 -0.00143  2.92199e-05
 46 -0.00388  8.86792e-04 | 47  0.13784 -1.39544e-02 | 48 -0.07039 -3.63699e-05
 49 -0.06694 -2.64101e-05 | 50 -0.07000 -2.42682e-04 | 51 -0.05729 -1.33067e-04
 52 -0.04812 -9.64853e-05 | 53 -0.04554 -1.06802e-04 | 54 -0.03777 -3.51446e-04
 55 -0.01708 -2.25772e-04 | 56 -0.00306 -1.11098e-04 | 57  0.00365 -1.97140e-04
 58  0.01200 -7.20550e-05 | 59  0.02049  6.25838e-05 | 60  0.02565  2.69950e-04
 61  0.02379  1.97241e-04 | 62  0.01814  8.81608e-05 | 63  0.01804  2.79065e-05
 64  0.01883  2.07714e-05 | 65  0.02163  1.72591e-04 | 66  0.01894  6.76770e-05
 67  0.01919  3.35042e-04 | 68  0.01945 -1.68160e-04 | 69  0.02469  7.44566e-05
 70  0.02670 -3.39356e-05 | 71  0.03077  3.01700e-04 | 72  0.03124  1.17223e-04
 73  0.02751  2.61943e-05 | 74  0.02749 -6.48424e-04 | 75  0.02749  6.79302e-04
 76 -0.67655  1.47877e-02 | 77 -0.73875  5.00531e-03 |
2 0 19346.5
2 0 19346.5
2 0 19346.5
2 0 19346.5
2 0 19346.5
2 0 19346.5
2 0 19346.5
2 0 19346.5
2 0 19346.5
2 0 19346.5
2 0 19346.5
2 0 19346.5
77 variables; iteration 220; function evaluation 294; phase 2
Function value   1.9346470e+04; maximum gradient component mag  -2.0890e-02
Var   Value    Gradient   |Var   Value    Gradient   |Var   Value    Gradient
  1 -0.66936 -1.38914e-02 |  2 -0.76199 -2.08903e-02 |  3  0.24064  3.58051e-06
  4  0.17487  7.19281e-06 |  5  0.12143 -5.19437e-07 |  6  0.08403  8.91486e-07
  7  0.05748  1.58276e-07 |  8  0.03774  1.98590e-07 |  9  0.02249  1.68710e-08
 10  0.01043 -1.00536e-07 | 11  0.00078  5.55940e-08 | 12 -0.00693  6.61206e-08
 13 -0.01300  1.78057e-07 | 14 -0.01766  2.30344e-07 | 15 -0.02105  1.24031e-07
 16 -0.02327 -8.81961e-08 | 17 -0.02436  2.59841e-08 | 18  0.05237 -3.32949e-04
 19 -0.00648  4.39352e-05 | 20 -0.00211 -3.00925e-05 | 21  0.00545 -2.51031e-05
 22  0.00343  3.38113e-05 | 23 -0.00135  1.52471e-06 | 24 -0.00150 -9.23053e-06
 25  0.00256  3.17538e-05 | 26 -0.00329  4.87949e-05 | 27 -0.00414  1.67847e-05
 28 -0.00002  6.84172e-06 | 29  0.00149  1.18022e-05 | 30 -0.00125  8.84028e-06
 31 -0.00228 -2.56750e-06 | 32 -0.00127 -1.85488e-05 | 33  0.00365 -3.70295e-05
 34  0.00235 -5.95944e-06 | 35  0.00267 -1.36697e-05 | 36  0.00023 -1.52674e-05
 37  0.00385 -3.56764e-05 | 38  0.00202 -1.23725e-05 | 39  0.00253 -1.16574e-06
 40  0.00073 -1.52682e-06 | 41  0.00042 -8.30241e-06 | 42 -0.00224 -1.01099e-05
 43 -0.00181 -1.49888e-05 | 44  0.00168 -3.35883e-05 | 45 -0.00143  9.23531e-06
 46 -0.00388  6.06047e-05 | 47  0.13784  1.07344e-03 | 48 -0.07039 -3.75735e-05
 49 -0.06694  1.87933e-05 | 50 -0.07000  1.14854e-05 | 51 -0.05729 -2.77753e-05
 52 -0.04812 -1.18856e-05 | 53 -0.04554 -1.78377e-05 | 54 -0.03777 -5.04565e-05
 55 -0.01708 -5.79120e-05 | 56 -0.00306 -2.59309e-05 | 57  0.00365 -1.85491e-05
 58  0.01200 -1.92028e-05 | 59  0.02049 -9.71587e-06 | 60  0.02565  8.27767e-06
 61  0.02379  3.70193e-05 | 62  0.01814  4.35699e-05 | 63  0.01804  2.92053e-05
 64  0.01883  2.39859e-05 | 65  0.02163  2.69407e-05 | 66  0.01894  3.50888e-05
 67  0.01919  2.13461e-05 | 68  0.01945  1.45035e-05 | 69  0.02469  4.96516e-06
 70  0.02670  1.04956e-05 | 71  0.03077  1.01437e-05 | 72  0.03124  3.05222e-05
 73  0.02751  2.47242e-05 | 74  0.02749 -3.06479e-05 | 75  0.02749 -5.27116e-05
 76 -0.67649  3.03248e-04 | 77 -0.73892  1.27001e-04 |
2 0 19346.5
2 0 19346.5
2 0 19346.5
2 0 19346.5
2 0 19346.5
2 0 19346.5
2 0 19346.5
2 0 19346.5
2 0 19346.5
2 0 19346.5
2 0 19346.5
2 0 19346.5
77 variables; iteration 230; function evaluation 306; phase 2
Function value   1.9346470e+04; maximum gradient component mag   2.2730e-01
Var   Value    Gradient   |Var   Value    Gradient   |Var   Value    Gradient
  1 -0.66924  1.51249e-01 |  2 -0.76207  2.27304e-01 |  3  0.24064  7.27488e-05
  4  0.17487 -5.61859e-06 |  5  0.12143 -9.84791e-06 |  6  0.08403 -5.41358e-06
  7  0.05748 -4.09537e-06 |  8  0.03774 -2.92058e-06 |  9  0.02249 -2.39610e-06
 10  0.01043 -2.04338e-06 | 11  0.00078 -1.57737e-06 | 12 -0.00693 -1.34080e-06
 13 -0.01300 -1.09635e-06 | 14 -0.01766 -9.41315e-07 | 15 -0.02105 -9.49934e-07
 16 -0.02327 -1.08138e-06 | 17 -0.02436 -9.57622e-07 | 18  0.05237 -1.82677e-03
 19 -0.00648  5.90612e-05 | 20 -0.00211 -8.22474e-05 | 21  0.00545 -9.48913e-05
 22  0.00343  1.03081e-04 | 23 -0.00135  4.51786e-05 | 24 -0.00150  3.02257e-05
 25  0.00256  8.84946e-05 | 26 -0.00329  1.72414e-04 | 27 -0.00414  8.77583e-05
 28 -0.00002  3.01557e-05 | 29  0.00149  6.11440e-05 | 30 -0.00125  4.66631e-05
 31 -0.00228 -1.07776e-05 | 32 -0.00127 -1.15356e-04 | 33  0.00365 -1.75899e-04
 34  0.00235 -7.22432e-05 | 35  0.00267 -4.46227e-05 | 36  0.00023 -6.35989e-06
 37  0.00385 -8.25400e-05 | 38  0.00202 -1.60814e-05 | 39  0.00253 -1.00923e-04
 40  0.00073 -2.33779e-06 | 41  0.00042 -3.62005e-05 | 42 -0.00224  1.07308e-05
 43 -0.00181 -7.85762e-05 | 44  0.00168 -1.09761e-04 | 45 -0.00143  1.13076e-05
 46 -0.00388  2.81288e-04 | 47  0.13784 -4.15670e-03 | 48 -0.07039 -1.92816e-05
 49 -0.06694 -4.58389e-06 | 50 -0.07000 -7.00509e-05 | 51 -0.05729 -4.45708e-05
 52 -0.04812 -3.30742e-05 | 53 -0.04554 -3.86484e-05 | 54 -0.03777 -1.20117e-04
 55 -0.01708 -7.75429e-05 | 56 -0.00306 -3.72915e-05 | 57  0.00365 -6.37152e-05
 58  0.01200 -2.48823e-05 | 59  0.02049  1.75867e-05 | 60  0.02565  8.26211e-05
 61  0.02379  6.53038e-05 | 62  0.01814  3.55301e-05 | 63  0.01804  1.42131e-05
 64  0.01883  1.14354e-05 | 65  0.02163  5.75255e-05 | 66  0.01894  2.86812e-05
 67  0.01919  1.07910e-04 | 68  0.01945 -4.80633e-05 | 69  0.02469  2.31159e-05
 70  0.02670 -9.41468e-06 | 71  0.03077  9.37798e-05 | 72  0.03124  4.03915e-05
 73  0.02751  1.18057e-05 | 74  0.02749 -2.08461e-04 | 75  0.02749  2.02097e-04
 76 -0.67645  4.44581e-03 | 77 -0.73905  1.51653e-03 |
2 0 19346.5
2 0 19346.5
2 0 19346.5
2 0 19346.5
2 0 19346.5
2 0 19346.5
2 0 19346.5
2 0 19346.5
2 0 19346.5
2 0 19346.5
2 0 19346.5
2 0 19346.5
2 0 19346.5
2 0 19346.5
2 0 19346.5
2 0 19346.5
2 0 19346.5
77 variables; iteration 240; function evaluation 323; phase 2
Function value   1.9346470e+04; maximum gradient component mag   5.5929e-01
Var   Value    Gradient   |Var   Value    Gradient   |Var   Value    Gradient
  1 -0.66915  3.72335e-01 |  2 -0.76213  5.59294e-01 |  3  0.24064  7.79714e-05
  4  0.17487 -6.58625e-06 |  5  0.12143 -1.10089e-05 |  6  0.08403 -5.95491e-06
  7  0.05748 -4.51916e-06 |  8  0.03774 -3.27674e-06 |  9  0.02249 -2.68413e-06
 10  0.01043 -2.26500e-06 | 11  0.00078 -1.74723e-06 | 12 -0.00693 -1.50226e-06
 13 -0.01300 -1.22244e-06 | 14 -0.01766 -1.04565e-06 | 15 -0.02105 -1.05905e-06
 16 -0.02327 -1.21023e-06 | 17 -0.02436 -1.04948e-06 | 18  0.05237 -1.89677e-03
 19 -0.00648  4.82857e-05 | 20 -0.00211 -7.86881e-05 | 21  0.00545 -9.33707e-05
 22  0.00343  9.92843e-05 | 23 -0.00135  4.83869e-05 | 24 -0.00150  3.82909e-05
 25  0.00256  8.82754e-05 | 26 -0.00329  1.75292e-04 | 27 -0.00414  9.45624e-05
 28 -0.00002  3.51926e-05 | 29  0.00149  6.40137e-05 | 30 -0.00125  4.75777e-05
 31 -0.00228 -1.07521e-05 | 32 -0.00127 -1.17988e-04 | 33  0.00365 -1.80790e-04
 34  0.00235 -7.75587e-05 | 35  0.00267 -4.53715e-05 | 36  0.00023 -4.38417e-06
 37  0.00385 -7.92481e-05 | 38  0.00202 -1.37295e-05 | 39  0.00253 -1.09377e-04
 40  0.00073 -4.37489e-06 | 41  0.00042 -3.74123e-05 | 42 -0.00224  1.21241e-05
 43 -0.00181 -8.19953e-05 | 44  0.00168 -1.12268e-04 | 45 -0.00143  6.15647e-06
 46 -0.00388  2.88524e-04 | 47  0.13784 -4.96375e-03 | 48 -0.07039 -7.87828e-06
 49 -0.06694 -1.16943e-05 | 50 -0.07000 -7.88600e-05 | 51 -0.05729 -3.81893e-05
 52 -0.04812 -3.34327e-05 | 53 -0.04554 -3.84395e-05 | 54 -0.03777 -1.16167e-04
 55 -0.01708 -6.23432e-05 | 56 -0.00306 -3.02248e-05 | 57  0.00365 -6.31069e-05
 58  0.01200 -2.00355e-05 | 59  0.02049  2.25531e-05 | 60  0.02565  8.50584e-05
 61  0.02379  5.65201e-05 | 62  0.01814  2.38015e-05 | 63  0.01804  5.28413e-06
 64  0.01883  4.01726e-06 | 65  0.02163  5.24189e-05 | 66  0.01894  1.97563e-05
 67  0.01919  1.09920e-04 | 68  0.01945 -5.77321e-05 | 69  0.02469  2.18016e-05
 70  0.02670 -1.54141e-05 | 71  0.03077  9.80992e-05 | 72  0.03124  3.41806e-05
 73  0.02751  8.05167e-06 | 74  0.02749 -2.17252e-04 | 75  0.02749  2.41473e-04
 76 -0.67641  4.66171e-03 | 77 -0.73915  1.58639e-03 |
2 0 19346.5
2 0 19346.5
B064189.3
0.3 0.377437
0.323518 0.355346
0.328459 0.350946
0.329347 0.350164
0.329501 0.350028
0.329528 0.350005
0.329533 0.350001
0.329533 0.35
0.329533 0.35
0.329533 0.35
0.329533 0.35
0.329533 0.35
0.329533 0.35
0.329533 0.35
0.329533 0.35
0.329533 0.35
0.329533 0.35
0.329533 0.35
0.329533 0.35
0.329533 0.35
0.329533 0.35
FutMOrt0.0859627
FutMOrt0.0859627
FutMOrt0.0859627
FutMOrt0.0859627
FutMOrt0.0859627
FutMOrt0.0859627
FutMOrt0.0859627
FutMOrt0.0859627
FutMOrt0.0859627
FutMOrt0.0859627
Survey Bio36.5823
Survey len9603
CPUE39.7087
Catch4.14786
Catch len9642.39
initsmo_penal16.0424
F_pen0.800968
Rec_pen3.79421
M_pen0


Starting time: Fri Oct  5 17:03:51 2018
Finishing time: Fri Oct  5 17:04:02 2018
This run took: 0 hours, 0 minutes, 11 seconds.

