survYears 69 70 71 72 73 74 75 76 77 78 79 80 81 82 83 84 85 86 87 88 89 90 91 92 93 94 95 96 97
SurvLenYear 69 70 71 72 73 74 75 76 77 78 79 80 81 82 83 84 85 86 87 88 89 90 91 92 93 94 95 96 97
catchBiomass 6489.2 5941.38 6787 9120.68 14549.8 18559.4 23045.6 24370.4 31930.1 32810 50361.2 60486.4 78557.9 89047.4 104830 96028.9 83601.4 73726.6 85074.2 87854.7 80161.9 84504.7 91872.4 95706.3 107483 112077 108449 100287 84455.3
steep0.999
25
Out
1 0 44299.3

Initial statistics: 76 variables; iteration 0; function evaluation 0; phase 1
Function value   4.4299284e+04; maximum gradient component mag  -5.8239e+05
Var   Value    Gradient   |Var   Value    Gradient   |Var   Value    Gradient
  1  0.22117 -2.88180e+02 |  2  0.18897 -3.76546e+02 |  3  0.19103  1.11350e+03
  4  0.17672  1.18819e+03 |  5  0.15431  7.50682e+02 |  6  0.15737  9.75125e+02
  7  0.16592  1.45508e+03 |  8  0.12715  5.10234e+02 |  9  0.11096  3.79274e+02
 10  0.10819  4.49498e+02 | 11  0.09400  2.66626e+02 | 12  0.09221  3.43962e+02
 13  0.07748  2.16757e+02 | 14  0.06333 -4.69903e+01 | 15  0.11195  6.48805e+02
 16  0.01296  2.04396e+04 | 17  0.00000 -1.37321e+04 | 18  0.00000 -3.88920e+03
 19  0.00000 -3.00088e+03 | 20  0.00000  1.29853e+03 | 21  0.00000 -5.08599e+02
 22  0.00000 -2.86359e+02 | 23  0.00000 -9.53704e+02 | 24  0.00000  2.77539e+03
 25  0.00000  1.31289e+03 | 26  0.00000  8.12958e+03 | 27  0.00000  5.47806e+03
 28  0.00000  7.37301e+03 | 29  0.00000  5.81765e+03 | 30  0.00000  4.93911e+03
 31  0.00000  2.05956e+02 | 32  0.00000 -7.91888e+02 | 33  0.00000  8.13255e+02
 34  0.00000  4.76074e+03 | 35  0.00000  2.15071e+03 | 36  0.00000  9.65495e+02
 37  0.00000  3.68406e+03 | 38  0.00000  4.47280e+03 | 39  0.00000  4.63474e+03
 40  0.00000  5.73822e+03 | 41  0.00000  2.98833e+03 | 42  0.00000  1.58412e+02
 43  0.00000 -3.90918e+03 | 44  0.00000 -1.25969e+04 | 45  0.00000 -2.80281e+04
 46  0.08543 -5.82387e+05 | 47  0.00000  5.20410e+04 | 48  0.00000  3.88060e+04
 49  0.00000  3.12875e+04 | 50  0.00000  2.53936e+04 | 51  0.00000  2.00169e+04
 52  0.00000  1.60770e+04 | 53  0.00000  1.13727e+04 | 54  0.00000  5.78311e+03
 55  0.00000 -3.24050e+03 | 56  0.00000 -7.84488e+03 | 57  0.00000 -1.29269e+04
 58  0.00000 -1.78087e+04 | 59  0.00000 -1.75158e+04 | 60  0.00000 -1.35545e+04
 61  0.00000 -1.19172e+04 | 62  0.00000 -1.24556e+04 | 63  0.00000 -1.35111e+04
 64  0.00000 -1.39495e+04 | 65  0.00000 -1.27478e+04 | 66  0.00000 -1.54748e+04
 67  0.00000 -1.73855e+04 | 68  0.00000 -1.88178e+04 | 69  0.00000 -2.08714e+04
 70  0.00000 -1.99671e+04 | 71  0.00000 -1.60785e+04 | 72  0.00000 -8.25362e+03
 73  0.00000  5.37518e+03 | 74  0.00000  2.11489e+04 | 75  0.00000  2.70193e+04
 76 -0.06168  7.71805e+04 |
1 0 44299.3
1 0 44299.1
1 0 44297.1
1 0 44277.1
1 0 44078
1 0 42168.1
1 0 38638.4
1 0 34537
1 0 40413.7
1 0 33206.5
1 0 33208.2
1 0 32502.2
1 0 32134.4
1 0 32215.5
1 0 31957
1 0 31760.2
1 0 31692.7
1 0 31645.7

Intermediate statistics: 76 variables; iteration 10; function evaluation 18; phase 1
Function value   3.1645676e+04; maximum gradient component mag  -1.2608e+05
Var   Value    Gradient   |Var   Value    Gradient   |Var   Value    Gradient
  1  0.28814  3.18625e+02 |  2  0.23484 -8.81117e+02 |  3  0.19630 -6.21807e+01
  4  0.17476  1.10451e+02 |  5  0.15567  2.46308e+01 |  6  0.15697  7.75555e+01
  7  0.16075  1.97786e+02 |  8  0.12909 -6.76668e+00 |  9  0.11224 -1.14193e+01
 10  0.10696  4.29048e+01 | 11  0.09521 -7.83235e+00 | 12  0.09084  4.30267e+01
 13  0.07765 -7.62130e+00 | 14  0.06995 -1.37743e+02 | 15  0.10683  1.40729e+02
 16  0.24236  3.94661e+04 | 17 -0.05753 -4.52716e+03 | 18 -0.07604 -1.13953e+04
 19 -0.04259  1.51838e+03 | 20 -0.02017  4.90194e+02 | 21  0.00230  7.11976e+02
 22 -0.00453  6.76438e+02 | 23 -0.00651  3.74527e+02 | 24 -0.00433  1.78003e+03
 25  0.01898  1.05745e+03 | 26  0.03861  1.03035e+04 | 27  0.01399  1.89911e+03
 28  0.14315 -4.39905e+03 | 29  0.03618  9.90605e+03 | 30 -0.02178 -6.39948e+03
 31 -0.03995  6.36860e+03 | 32 -0.02707 -1.09661e+04 | 33  0.00647  2.14981e+03
 34  0.05598  3.04747e+03 | 35  0.01158  9.70623e+03 | 36 -0.00124 -4.17692e+03
 37  0.02634  3.22512e+03 | 38  0.00717  9.71271e+02 | 39  0.03976  4.30169e+03
 40  0.04331  6.99440e+03 | 41  0.01009 -5.45529e+01 | 42 -0.00813 -2.79564e+03
 43 -0.02106 -7.87998e+03 | 44 -0.04659 -9.63235e+03 | 45 -0.07613 -3.45141e+03
 46  0.13636 -1.26081e+05 | 47 -0.07792  6.73167e+02 | 48 -0.06718 -4.32956e+03
 49 -0.05850 -6.40551e+03 | 50 -0.04412 -6.28964e+03 | 51 -0.01001 -4.71162e+03
 52 -0.03427 -3.35981e+03 | 53 -0.00244 -3.16836e+03 | 54 -0.05645 -3.19783e+03
 55  0.00402  2.20999e+03 | 56  0.02464  1.17843e+03 | 57 -0.01231  3.68694e+03
 58  0.03013 -6.21353e+03 | 59  0.05790 -9.14085e+03 | 60 -0.09241 -3.44319e+03
 61 -0.00772 -2.01267e+03 | 62  0.03572  2.32214e+03 | 63 -0.03300  4.07844e+01
 64  0.05057 -1.17558e+03 | 65 -0.06869 -3.76375e+03 | 66  0.03873  6.25159e+03
 67  0.04682  7.98929e+03 | 68 -0.02237 -1.62464e+03 | 69  0.03472 -5.33209e+02
 70  0.05578  4.46018e+03 | 71  0.03764  1.28108e+03 | 72  0.04097  3.69255e+03
 73  0.06803  1.29092e+04 | 74  0.06847  7.32066e+03 | 75 -0.00694  5.49080e+03
 76  0.08877  2.53610e+04 |
1 0 31564.2
1 0 31412.6
1 0 31611.9
1 0 31370.1
1 0 31401.8
1 0 31354.9
1 0 31340.6
1 0 31319.5
1 0 31296.7
1 0 31279.1
1 0 31267.9
1 0 31269.9
1 0 31262.7
76 variables; iteration 20; function evaluation 31; phase 1
Function value   3.1262751e+04; maximum gradient component mag  -9.1860e+04
Var   Value    Gradient   |Var   Value    Gradient   |Var   Value    Gradient
  1  0.30498  1.25221e+03 |  2  0.29408  7.47820e+02 |  3  0.20459 -4.96333e+01
  4  0.16723  3.36934e+01 |  5  0.15402  7.71757e+01 |  6  0.15047  1.17302e+02
  7  0.14425  1.29445e+02 |  8  0.12908  7.97864e+01 |  9  0.11267  3.43899e+01
 10  0.10244  3.37999e+01 | 11  0.09549  4.58717e+01 | 12  0.08637  3.05460e+01
 13  0.07777 -1.68693e+01 | 14  0.08248  1.02965e+01 | 15  0.09333  7.50283e+01
 16  0.24199  2.74808e+04 | 17 -0.04563 -4.68358e+03 | 18 -0.07969 -9.19387e+03
 19 -0.05316  1.26946e+03 | 20 -0.01880  5.67100e+02 | 21 -0.00402  2.61723e+03
 22 -0.01888  9.21501e+02 | 23 -0.00738  1.71166e+03 | 24 -0.00509  2.28114e+03
 25  0.01909  2.55017e+03 | 26  0.03022  1.09906e+04 | 27  0.01261  2.64037e+03
 28  0.19192 -1.89409e+03 | 29  0.00877  6.50003e+03 | 30 -0.03890 -1.15006e+04
 31 -0.02553  4.10699e+03 | 32  0.00125 -1.77834e+03 | 33 -0.00120  9.40002e+02
 34  0.10516 -2.86780e+03 | 35  0.00494 -2.96190e+02 | 36  0.00128 -4.02259e+02
 37  0.02291  4.44926e+03 | 38  0.00375 -5.49162e+02 | 39  0.02592  5.30514e+03
 40  0.03675  5.80781e+03 | 41  0.00285 -4.24934e+03 | 42 -0.00396  8.12835e+02
 43 -0.01423 -2.99794e+03 | 44 -0.05368 -7.88821e+03 | 45 -0.09493 -5.10456e+03
 46  0.13993 -9.18598e+04 | 47 -0.06987  2.47189e+02 | 48 -0.07348 -4.08865e+03
 49 -0.08884 -4.39591e+03 | 50 -0.01589 -4.80223e+03 | 51 -0.02315 -5.60736e+03
 52 -0.04086 -5.46581e+03 | 53 -0.00360 -5.08697e+03 | 54 -0.05882 -4.58921e+03
 55  0.00660  1.76906e+03 | 56  0.01632 -3.93868e+03 | 57 -0.01313  1.47023e+03
 58  0.04870 -3.65561e+02 | 59  0.04701  5.58033e+03 | 60 -0.16881 -2.45636e+03
 61  0.03772  9.24167e+02 | 62  0.01223 -1.97738e+03 | 63 -0.00351  3.08328e+03
 64  0.05018  1.16392e+03 | 65 -0.06656 -5.17725e+03 | 66  0.03714  3.89863e+03
 67  0.04191  6.08362e+03 | 68  0.00109 -1.93013e+03 | 69  0.02715 -4.69958e+03
 70  0.05568  6.53194e+03 | 71  0.03670  2.96682e+03 | 72  0.04224  1.92517e+03
 73  0.07663  8.62347e+03 | 74  0.08686  6.53056e+03 | 75  0.00035  3.81698e+03
 76  0.09812  1.92869e+04 |
1 0 31255.4
1 0 31245.4
1 0 31230.1
1 0 31226.6
1 0 31222.9
1 0 31218.5
1 0 31218.5
1 0 31216.3
1 0 31214.5
1 0 31214.2
1 0 31213.9
76 variables; iteration 30; function evaluation 42; phase 1
Function value   3.1213904e+04; maximum gradient component mag  -7.2739e+04
Var   Value    Gradient   |Var   Value    Gradient   |Var   Value    Gradient
  1  0.30189 -3.47415e+02 |  2  0.32583  8.38988e+02 |  3  0.22154 -5.80673e+01
  4  0.16226 -9.59792e+01 |  5  0.15128  6.16560e+01 |  6  0.14074  7.61532e+01
  7  0.12423 -1.73890e+01 |  8  0.12666  1.02410e+02 |  9  0.11248  4.27272e+01
 10  0.09683 -1.49878e+01 | 11  0.09430  6.30732e+01 | 12  0.08073 -1.93592e+01
 13  0.07928 -4.04891e+01 | 14  0.09635  1.52881e+02 | 15  0.07588 -4.77189e+01
 16  0.25496  2.99203e+04 | 17 -0.03618 -3.10301e+03 | 18 -0.08037 -9.60841e+03
 19 -0.05446 -2.79166e+02 | 20 -0.02409 -7.56215e+02 | 21 -0.00796  1.86521e+03
 22 -0.01555  1.81378e+03 | 23 -0.00664  1.72725e+03 | 24 -0.01152  2.28628e+03
 25  0.02911  4.48493e+03 | 26  0.02629  1.02335e+04 | 27  0.01128  2.96179e+03
 28  0.19099 -2.24393e+03 | 29  0.00289  4.35690e+03 | 30 -0.04606 -1.24021e+04
 31 -0.02805  4.54624e+03 | 32  0.00146 -1.95619e+02 | 33 -0.00086 -1.26662e+02
 34  0.09964 -3.26317e+03 | 35  0.00519  1.05443e+03 | 36  0.00879  5.55723e+02
 37  0.02200  3.99496e+03 | 38  0.00673  1.42331e+03 | 39  0.01896  3.99290e+03
 40  0.03198  5.60466e+03 | 41  0.00196 -3.02982e+03 | 42 -0.00674 -1.08501e+02
 43 -0.00831 -1.95878e+03 | 44 -0.04198 -6.94789e+03 | 45 -0.08608 -6.73982e+03
 46  0.14053 -7.27392e+04 | 47 -0.07455 -1.84976e+03 | 48 -0.06593 -4.59995e+03
 49 -0.08735 -5.15992e+03 | 50 -0.01398 -2.47811e+03 | 51 -0.03248 -5.11154e+03
 52 -0.01658 -4.67293e+03 | 53 -0.00931 -4.32879e+03 | 54 -0.05576 -4.94507e+03
 55  0.00820  1.24743e+03 | 56  0.01561 -3.98662e+03 | 57 -0.01047  8.20471e+02
 58  0.05111  1.22852e+03 | 59  0.04977  7.84040e+03 | 60 -0.24895 -1.06249e+03
 61  0.03865  8.56401e+02 | 62  0.00974 -2.36175e+03 | 63  0.00702  4.61663e+03
 64  0.04944  5.69163e+02 | 65 -0.02619 -4.59040e+03 | 66  0.03491  2.92583e+03
 67  0.04249  6.06450e+03 | 68  0.01478 -1.23449e+03 | 69  0.02913 -1.97305e+03
 70  0.05511  5.79713e+03 | 71  0.03752  2.38702e+03 | 72  0.03243 -5.62571e+01
 73  0.06904  6.21369e+03 | 74  0.07422  4.72076e+03 | 75  0.01594  3.07870e+03
 76  0.10103  1.85681e+04 |
1 0 31213.6
1 0 31213.1
1 0 31212.5
1 0 31211.6
1 0 31210.9
1 0 31209.9
1 0 31209.7
1 0 31209.3
1 0 31209
1 0 31208.3
76 variables; iteration 40; function evaluation 52; phase 1
Function value   3.1208344e+04; maximum gradient component mag  -7.3131e+04
Var   Value    Gradient   |Var   Value    Gradient   |Var   Value    Gradient
  1  0.30167 -2.24085e+02 |  2  0.32111  8.15519e+02 |  3  0.23276  8.16648e+01
  4  0.16365 -8.83160e+01 |  5  0.14390  5.60970e+01 |  6  0.12457  4.70958e+01
  7  0.10375 -7.82396e+01 |  8  0.11591  1.06663e+02 |  9  0.10756  6.29720e+01
 10  0.09076 -2.26047e+01 | 11  0.08863  5.84938e+01 | 12  0.07621 -4.13352e+01
 13  0.08223 -1.49479e+01 | 14  0.09973  2.19892e+02 | 15  0.06036 -1.15409e+02
 16  0.25450  2.98523e+04 | 17 -0.03775 -3.49526e+03 | 18 -0.07988 -9.31127e+03
 19 -0.05452 -4.60221e+02 | 20 -0.02355 -4.16308e+02 | 21 -0.00864  1.18697e+03
 22 -0.01552  1.84382e+03 | 23 -0.00654  2.00026e+03 | 24 -0.01193  2.05431e+03
 25  0.02895  4.38098e+03 | 26  0.02696  1.06677e+04 | 27  0.01130  2.88854e+03
 28  0.19132 -2.23239e+03 | 29  0.00327  4.62294e+03 | 30 -0.04591 -1.24910e+04
 31 -0.02790  4.54855e+03 | 32  0.00185  6.58724e+01 | 33 -0.00094 -3.02656e+02
 34  0.09962 -3.24938e+03 | 35  0.00498  8.71692e+02 | 36  0.00851  4.82438e+02
 37  0.02186  3.89426e+03 | 38  0.00681  1.42440e+03 | 39  0.01970  4.19304e+03
 40  0.03203  5.56922e+03 | 41  0.00221 -2.91192e+03 | 42 -0.00689 -4.53094e+02
 43 -0.00792 -1.83439e+03 | 44 -0.04188 -6.54574e+03 | 45 -0.08724 -6.88853e+03
 46  0.14129 -7.31307e+04 | 47 -0.07481 -1.74974e+03 | 48 -0.06640 -4.45987e+03
 49 -0.08787 -5.22107e+03 | 50 -0.01472 -2.69661e+03 | 51 -0.03270 -4.89059e+03
 52 -0.01694 -4.67748e+03 | 53 -0.01032 -4.51382e+03 | 54 -0.05625 -4.92882e+03
 55  0.00805  1.79050e+03 | 56  0.01501 -4.14465e+03 | 57 -0.01118  8.05250e+02
 58  0.05040  1.07746e+03 | 59  0.04907  7.61689e+03 | 60 -0.24868 -1.06561e+03
 61  0.03785  5.61527e+02 | 62  0.00933 -2.37065e+03 | 63  0.00645  4.68760e+03
 64  0.04853  4.02305e+01 | 65 -0.02763 -4.64561e+03 | 66  0.03438  2.90705e+03
 67  0.04186  6.10875e+03 | 68  0.01396 -1.23395e+03 | 69  0.02855 -2.16280e+03
 70  0.05431  5.55684e+03 | 71  0.03719  2.66653e+03 | 72  0.03242  3.42057e+02
 73  0.06916  6.39369e+03 | 74  0.07539  4.75804e+03 | 75  0.02873  3.15596e+03
 76  0.10107  1.85629e+04 |
1 0 31207.5
1 0 31206.7
1 0 31206.6
1 0 31206.3
1 0 31204.6
1 0 31206
1 0 31203.8
1 0 31202.6
1 0 31201.7
1 0 31200.3
1 0 31198.9
1 0 31197.2
76 variables; iteration 50; function evaluation 64; phase 1
Function value   3.1197242e+04; maximum gradient component mag  -7.2382e+04
Var   Value    Gradient   |Var   Value    Gradient   |Var   Value    Gradient
  1  0.30077 -9.64932e+01 |  2  0.31934  1.07748e+03 |  3  0.21863 -4.18882e+01
  4  0.16769  3.79232e+01 |  5  0.12973  3.24912e+01 |  6  0.09654 -2.29455e+01
  7  0.07814 -5.05317e+01 |  8  0.08052  3.10361e+01 |  9  0.07951  3.25217e+01
 10  0.07484  3.55047e+00 | 11  0.07495  2.33001e+01 | 12  0.07404  1.41288e+01
 13  0.07495  2.91054e+01 | 14  0.07339  9.23871e+01 | 15  0.05004 -6.50101e+01
 16  0.25467  2.98513e+04 | 17 -0.04004 -4.16277e+03 | 18 -0.07911 -9.06060e+03
 19 -0.05385 -2.48279e+02 | 20 -0.02417 -3.34518e+02 | 21 -0.00954  4.84280e+02
 22 -0.01557  1.92423e+03 | 23 -0.00663  2.03969e+03 | 24 -0.01139  2.68864e+03
 25  0.02912  4.36600e+03 | 26  0.02632  1.01599e+04 | 27  0.01172  2.85630e+03
 28  0.19125 -2.22819e+03 | 29  0.00292  4.75847e+03 | 30 -0.04658 -1.24080e+04
 31 -0.02869  4.43997e+03 | 32  0.00221  5.53902e+02 | 33 -0.00093 -5.03082e+02
 34  0.09898 -3.25280e+03 | 35  0.00507  8.41727e+02 | 36  0.01119  9.89576e+02
 37  0.02216  3.93523e+03 | 38  0.00676  1.37823e+03 | 39  0.01983  4.10085e+03
 40  0.03106  5.42150e+03 | 41  0.00174 -3.22326e+03 | 42 -0.00617 -2.62317e+02
 43 -0.00755 -1.69840e+03 | 44 -0.04134 -6.50567e+03 | 45 -0.08621 -6.79719e+03
 46  0.14148 -7.23821e+04 | 47 -0.07281 -1.43295e+03 | 48 -0.06460 -4.23212e+03
 49 -0.08926 -5.40721e+03 | 50 -0.01476 -2.78670e+03 | 51 -0.03230 -4.71603e+03
 52 -0.01676 -4.56407e+03 | 53 -0.01084 -5.10405e+03 | 54 -0.05659 -5.13440e+03
 55  0.00761  1.30095e+03 | 56  0.01506 -3.61857e+03 | 57 -0.00969  1.12799e+03
 58  0.05120  1.82013e+03 | 59  0.04910  7.48420e+03 | 60 -0.25265 -1.06917e+03
 61  0.03693  3.73530e+01 | 62  0.01027 -2.43774e+03 | 63  0.00587  4.58319e+03
 64  0.04815 -2.64149e+02 | 65 -0.02707 -4.66100e+03 | 66  0.03386  2.31477e+03
 67  0.04175  5.85899e+03 | 68  0.01390 -1.22546e+03 | 69  0.02927 -1.95082e+03
 70  0.05402  5.53613e+03 | 71  0.03745  2.86562e+03 | 72  0.03321  4.60390e+02
 73  0.06822  6.16863e+03 | 74  0.07557  4.83966e+03 | 75  0.02755  3.08444e+03
 76  0.10277  1.85009e+04 |
1 0 31194.8
1 0 31193.1
1 0 31190.1
1 0 31188
1 0 31184.3
1 0 31179.3
1 0 31174.6
1 0 31169
1 0 31163
1 0 31152.6
76 variables; iteration 60; function evaluation 74; phase 1
Function value   3.1152825e+04; maximum gradient component mag  -7.1304e+04
Var   Value    Gradient   |Var   Value    Gradient   |Var   Value    Gradient
  1  0.30396  6.59015e+02 |  2  0.31822  1.50270e+03 |  3  0.22047  1.23225e+02
  4  0.13465 -1.94512e+02 |  5  0.12475  7.64217e+01 |  6  0.10667  1.49327e+02
  7  0.05452 -1.03453e+02 |  8  0.03767  2.90565e+01 |  9  0.01482 -7.84563e+01
 10  0.01722 -8.94333e+01 | 11  0.04837  1.83671e+02 | 12  0.02815 -1.21351e+01
 13  0.01415 -1.50590e+02 | 14  0.04729  2.03770e+02 | 15  0.02318 -7.21363e+01
 16  0.25463  3.00127e+04 | 17 -0.03944 -5.46696e+03 | 18 -0.07590 -8.19220e+03
 19 -0.05114  3.05121e+02 | 20 -0.02470  5.71738e+01 | 21 -0.01001  1.63630e+02
 22 -0.01470  1.96607e+03 | 23 -0.00615  2.41318e+03 | 24 -0.01202  2.64875e+03
 25  0.02971  4.41800e+03 | 26  0.02589  1.00210e+04 | 27  0.00992  2.77618e+03
 28  0.18804 -2.20755e+03 | 29  0.00529  6.05461e+03 | 30 -0.04488 -1.20629e+04
 31 -0.02857  4.84995e+03 | 32  0.00212  3.36485e+02 | 33  0.00025 -7.30500e+01
 34  0.09821 -3.21089e+03 | 35  0.00500  6.76976e+02 | 36  0.01112  1.11076e+03
 37  0.02299  4.22522e+03 | 38  0.00700  1.25475e+03 | 39  0.02079  4.20256e+03
 40  0.02972  5.17079e+03 | 41  0.00126 -3.26388e+03 | 42 -0.00706 -4.99339e+02
 43 -0.00753 -1.46138e+03 | 44 -0.04186 -6.57824e+03 | 45 -0.08703 -6.78251e+03
 46  0.14026 -7.13044e+04 | 47 -0.07098 -9.95158e+02 | 48 -0.05929 -3.49891e+03
 49 -0.08672 -5.52707e+03 | 50 -0.01468 -2.96280e+03 | 51 -0.03107 -4.42386e+03
 52 -0.01454 -4.25744e+03 | 53 -0.01005 -5.13687e+03 | 54 -0.05857 -5.24977e+03
 55  0.00895  1.36683e+03 | 56  0.01711 -3.48375e+03 | 57 -0.01285  6.60298e+02
 58  0.05197  2.55475e+03 | 59  0.05094  7.38710e+03 | 60 -0.25097 -1.12980e+03
 61  0.03667 -5.56627e+02 | 62  0.01191 -2.55334e+03 | 63  0.00628  4.26584e+03
 64  0.04890 -4.77805e+02 | 65 -0.02568 -4.72234e+03 | 66  0.03376  1.60930e+03
 67  0.04241  5.42381e+03 | 68  0.01494 -1.11148e+03 | 69  0.03153 -1.59276e+03
 70  0.05499  5.77852e+03 | 71  0.03861  3.07307e+03 | 72  0.03356  3.94987e+02
 73  0.06985  6.10814e+03 | 74  0.07706  4.95425e+03 | 75 -0.00235  2.84503e+03
 76  0.10276  1.78424e+04 |
1 0 31133.4
1 0 31101.5
1 0 31068.7
1 0 31011.3
1 0 30981.9
1 0 30937
1 0 30862.9
1 0 30870.1
1 0 30827.6
1 0 30758.5
1 0 30234.2
1 0 31496.8
1 0 29905.3
76 variables; iteration 70; function evaluation 87; phase 1
Function value   2.9905390e+04; maximum gradient component mag  -7.8279e+04
Var   Value    Gradient   |Var   Value    Gradient   |Var   Value    Gradient
  1  0.28987  2.54161e+03 |  2  0.28356  2.73803e+03 |  3  0.21237  5.75249e+02
  4  0.15332 -5.52190e+01 |  5  0.18683  6.71936e+02 |  6  0.19919  1.09767e+03
  7  0.14516 -9.94950e+01 |  8  0.21721  1.94665e+03 |  9  0.15739  2.76391e+02
 10  0.14962  1.25310e+03 | 11 -0.12897 -3.47117e+02 | 12 -0.30996 -6.75032e+01
 13 -0.49231 -2.22742e+02 | 14 -0.57198 -4.98532e+01 | 15 -0.62159 -5.47606e+01
 16  0.24124  2.44707e+04 | 17 -0.04550 -1.51567e+04 | 18 -0.06192  3.08977e+01
 19 -0.04021  1.10805e+03 | 20 -0.02530  2.10559e+03 | 21 -0.01539 -7.75632e+02
 22 -0.01506  1.48499e+03 | 23 -0.00459  2.06152e+03 | 24 -0.00917  2.63405e+03
 25  0.01508  3.09291e+03 | 26  0.01640  7.38046e+03 | 27  0.00442  1.68046e+03
 28  0.18002 -1.48235e+03 | 29  0.00585  6.51514e+03 | 30 -0.04640 -1.18978e+04
 31 -0.03095  6.76075e+03 | 32 -0.00005 -1.14138e+03 | 33  0.00316  2.08343e+03
 34  0.10054 -2.46561e+03 | 35  0.00584  6.64771e+02 | 36 -0.00047  1.41215e+02
 37  0.01788  2.02338e+03 | 38  0.00720  1.32740e+03 | 39  0.01069  1.64504e+03
 40  0.01798  2.46140e+03 | 41  0.00603  5.15952e+02 | 42 -0.00162  3.96212e+02
 43  0.00305 -1.40681e+02 | 44 -0.02416 -4.22472e+03 | 45 -0.06859 -7.05655e+03
 46  0.14120 -7.82792e+04 | 47 -0.08118 -7.79303e+02 | 48 -0.04861  1.02778e+02
 49 -0.06743 -4.76077e+03 | 50 -0.01885 -2.03004e+03 | 51 -0.04082 -4.00809e+03
 52 -0.00865 -6.43591e+02 | 53 -0.01738 -1.86440e+03 | 54 -0.02085 -1.91250e+03
 55  0.00708  1.52112e+03 | 56  0.01546 -1.73175e+03 | 57 -0.02703  3.40181e+02
 58  0.05166  2.26488e+03 | 59  0.04697  4.96815e+03 | 60 -0.23561 -1.05908e+03
 61  0.02569 -2.00846e+03 | 62  0.01902 -1.96742e+03 | 63 -0.01026  1.84229e+03
 64  0.04594 -3.60374e+03 | 65 -0.02423 -4.75345e+03 | 66  0.02930 -5.97972e+02
 67  0.03705  3.79507e+03 | 68  0.02025 -1.95627e+02 | 69  0.03229  6.96067e+02
 70  0.04832  4.12666e+03 | 71  0.03210  3.39256e+02 | 72  0.02729 -6.26893e+02
 73  0.05813  4.29147e+03 | 74  0.05805  3.76856e+03 | 75  0.03950  3.53839e+03
 76  0.09094  1.60640e+04 |
1 0 30697
1 0 29809.4
1 0 29643
1 0 29361
1 0 28956.2
1 0 28668.5
1 0 38536.5
1 0 28665.2
1 0 28655.2
1 0 28652.2
1 0 28646.4
1 0 28589.7
1 0 28587.7
1 0 28367.4
1 0 27955.7
1 0 27254
76 variables; iteration 80; function evaluation 103; phase 1
Function value   2.7254193e+04; maximum gradient component mag  -1.0013e+05
Var   Value    Gradient   |Var   Value    Gradient   |Var   Value    Gradient
  1  0.25877  3.94418e+01 |  2  0.19614 -7.42700e+02 |  3  0.13455 -1.65635e+02
  4  0.12318  2.69680e+00 |  5  0.15850  6.57723e+02 |  6  0.12218  3.58642e+02
  7  0.03772 -2.88102e+02 |  8  0.04953 -5.25739e+01 |  9  0.08943  5.98511e+00
 10  0.16011  9.01346e+02 | 11  0.11315  2.85240e+02 | 12  0.03631 -2.63199e+02
 13  0.04871  6.47995e+01 | 14  0.05446 -2.30214e+02 | 15  0.14562  6.95422e+02
 16  0.18458  1.00790e+04 | 17 -0.05428 -2.74373e+03 | 18 -0.04584  4.37663e+02
 19 -0.02740  1.53055e+03 | 20 -0.03389 -3.34703e+03 | 21 -0.02399  2.28753e+03
 22 -0.02935 -2.53001e+03 | 23 -0.01734  2.27342e+02 | 24 -0.00771  5.27099e+03
 25 -0.00293 -2.88848e+03 | 26 -0.00583 -4.48046e+02 | 27 -0.00745 -2.08050e+03
 28  0.15010  2.35188e+02 | 29  0.01789  7.75155e+03 | 30 -0.03127 -8.63238e+03
 31 -0.02247  8.78163e+03 | 32  0.00249 -1.50897e+03 | 33  0.00989 -1.08002e+03
 34  0.12584 -1.40324e+02 | 35  0.01687  8.35313e+02 | 36 -0.00931 -3.73392e+03
 37  0.01017  1.52843e+03 | 38  0.00898  4.54238e+03 | 39 -0.00018 -2.12633e+03
 40  0.01053 -2.54142e+02 | 41  0.01560  7.21780e+03 | 42 -0.00033 -4.76854e+02
 43  0.00177 -1.84469e+03 | 44 -0.00721 -8.07730e+02 | 45 -0.04109 -5.80432e+03
 46  0.13844 -1.00127e+05 | 47 -0.08776 -7.29751e+02 | 48 -0.04565  3.22579e+02
 49 -0.03936  1.21932e+03 | 50 -0.02666  4.95634e+02 | 51 -0.03416 -1.79220e+03
 52 -0.02430 -9.07054e+02 | 53 -0.02670 -4.57732e+03 | 54 -0.01531 -7.93720e+02
 55  0.01300  7.44854e+03 | 56  0.00823  7.50365e+03 | 57 -0.06317 -3.80378e+02
 58  0.04565 -5.35765e+03 | 59  0.03494 -9.49705e+02 | 60 -0.11178 -4.22568e+03
 61  0.01191 -1.74556e+03 | 62  0.02724  5.14132e+03 | 63 -0.04233  9.16885e+02
 64  0.04285 -7.47622e+03 | 65  0.00343  9.65150e+01 | 66  0.02497  3.44628e+03
 67  0.02678 -7.99321e+02 | 68  0.01437 -1.47267e+03 | 69  0.02894  1.89796e+03
 70  0.03922 -7.28808e+02 | 71  0.01939 -3.97302e+03 | 72  0.02711 -5.28480e+02
 73  0.03786  1.59699e+03 | 74  0.04708  4.09950e+03 | 75  0.06728  4.89530e+03
 76  0.04320  1.63975e+04 |
1 0 26554
1 0 26440.3
1 0 26912.2
1 0 26059.7
1 0 25955.5
1 0 25783.7
1 0 25546.3
1 0 25432.7
1 0 25320.9
1 0 25244.3
1 0 25175.7
1 0 25086.1
76 variables; iteration 90; function evaluation 115; phase 1
Function value   2.5086110e+04; maximum gradient component mag  -3.6720e+04
Var   Value    Gradient   |Var   Value    Gradient   |Var   Value    Gradient
  1  0.26606  2.96445e+02 |  2  0.22980 -6.56903e+02 |  3  0.17164 -1.10966e+02
  4  0.14139  2.00674e+01 |  5  0.12817  7.50087e+01 |  6  0.11575  7.81327e+01
  7  0.09833  7.00834e+01 |  8  0.07268 -1.19736e+01 |  9  0.05816 -6.34225e+00
 10  0.05097  6.03528e+01 | 11  0.03020 -7.25380e+01 | 12  0.03415 -7.50824e+00
 13  0.04356 -1.60083e+01 | 14  0.06185  6.50147e+00 | 15  0.08446  1.09155e+02
 16  0.16068  5.53978e+02 | 17 -0.02499  4.16259e+02 | 18 -0.03244 -1.55296e+03
 19 -0.03022  1.25431e+03 | 20 -0.03193  1.59951e+03 | 21 -0.02804 -7.93592e+02
 22 -0.02448 -6.66928e+02 | 23 -0.01911  2.67181e+02 | 24 -0.02088  1.98622e+02
 25 -0.01699 -2.14159e+03 | 26 -0.01122  2.15938e+03 | 27 -0.00368 -8.46171e+02
 28  0.10394  1.09123e+03 | 29  0.01819 -1.23784e+03 | 30 -0.00818  3.40972e+03
 31 -0.01380 -1.21021e+03 | 32 -0.00524 -9.53701e+02 | 33  0.00623  2.19113e+03
 34  0.14407  1.38445e+03 | 35  0.02297 -7.44070e+02 | 36 -0.00370  6.18818e+02
 37 -0.00437 -1.94251e+03 | 38 -0.00062  6.47085e+02 | 39  0.00349  1.40052e+03
 40 -0.00269 -1.42661e+03 | 41 -0.00002  3.84898e+02 | 42  0.00181 -4.32509e+02
 43 -0.00048 -1.32603e+03 | 44 -0.00309 -8.43512e+02 | 45 -0.01299 -1.01164e+03
 46  0.13978 -3.67201e+04 | 47 -0.05829  4.81247e+03 | 48 -0.04840  1.67615e+03
 49 -0.04437  4.15793e+01 | 50 -0.03402  8.57127e+02 | 51 -0.02882 -3.81235e+01
 52 -0.02241  4.32477e+02 | 53 -0.01862  5.38501e+02 | 54 -0.01672  7.77035e+02
 55 -0.00471 -7.77959e+02 | 56 -0.00587 -2.54153e+02 | 57 -0.02673 -3.17179e+01
 58  0.04517  2.66315e+02 | 59  0.02197 -1.96743e+03 | 60  0.00873 -2.08569e+03
 61  0.01249 -4.13697e+01 | 62  0.00990 -1.23828e+03 | 63 -0.04437 -2.26979e+03
 64  0.04562  1.02698e+02 | 65  0.00803 -1.45513e+03 | 66  0.01911  1.40457e+03
 67  0.01647 -5.96895e+02 | 68  0.02059 -1.39898e+03 | 69  0.02585 -8.14803e+02
 70  0.02318 -1.96250e+03 | 71  0.02601 -3.72544e+02 | 72  0.02562  1.13929e+03
 73  0.02071  1.45361e+02 | 74  0.02562  1.45249e+03 | 75 -0.00198  1.56378e+03
 76  0.00085  3.93059e+03 |
1 0 24947.7
1 0 24402.6
1 0 78058.2
1 0 24294.8
1 0 38891
1 0 24255.7
1 0 24189.6
1 0 24088.4
1 0 23962
1 0 23873.9
1 0 23610.5
1 0 57041.1
1 0 23580.8
1 0 23462.3
1 0 23286.9
76 variables; iteration 100; function evaluation 130; phase 1
Function value   2.3286872e+04; maximum gradient component mag   1.2041e+04
Var   Value    Gradient   |Var   Value    Gradient   |Var   Value    Gradient
  1  0.24943 -9.49020e+02 |  2  0.24798 -5.45756e+02 |  3  0.16038 -1.92356e+02
  4  0.09890 -1.46779e+02 |  5  0.08035  3.44731e+01 |  6  0.05165 -8.56771e+01
  7  0.04859 -3.99598e+00 |  8  0.04598 -1.88724e+01 |  9  0.04798 -1.49246e+01
 10  0.05303  9.07661e-01 | 11  0.05587  4.16667e+01 | 12  0.04379  5.07026e+01
 13  0.01454 -2.71967e+01 | 14 -0.00752 -5.40769e+01 | 15 -0.01398 -2.33404e+01
 16  0.15661  6.27407e+03 | 17 -0.02244  7.72310e+02 | 18 -0.03097 -2.28445e+03
 19 -0.02806 -6.19906e+02 | 20 -0.02389  6.64702e+01 | 21 -0.02084 -1.88587e+03
 22 -0.01732 -2.54207e+02 | 23 -0.01650  1.91991e+02 | 24 -0.01828 -2.36167e+03
 25 -0.00682 -1.16841e+03 | 26 -0.00654 -3.54047e+02 | 27 -0.00183  3.43722e+02
 28 -0.01160 -1.70795e+03 | 29 -0.00609 -1.28014e+03 | 30 -0.00153  1.06974e+03
 31 -0.00042  5.42699e+02 | 32  0.00307 -1.50583e+03 | 33  0.01005 -7.61364e+02
 34  0.05000  1.20414e+04 | 35  0.03189  5.49670e+03 | 36  0.00963 -1.81454e+03
 37  0.01224 -3.96077e+02 | 38  0.01135  4.87243e+02 | 39  0.00586 -1.75344e+03
 40  0.01610  7.65507e+02 | 41  0.01396  1.00368e+03 | 42  0.00416 -2.07518e+03
 43  0.01094 -5.20192e+02 | 44  0.01892 -6.37562e+02 | 45  0.01590 -8.12246e+02
 46  0.14150 -6.36983e+03 | 47 -0.07006  4.84801e+02 | 48 -0.06705 -3.71807e+03
 49 -0.04689  7.68266e+01 | 50 -0.03810  1.02784e+03 | 51 -0.02886  7.45802e+02
 52 -0.03434 -2.30870e+03 | 53 -0.02420  5.03906e+02 | 54 -0.01877  1.02372e+03
 55 -0.00444  1.74941e+03 | 56  0.00800  2.98025e+03 | 57  0.00283 -8.38435e+02
 58  0.01177 -1.86883e+03 | 59  0.01908 -1.13997e+03 | 60  0.01089 -1.95000e+03
 61  0.01293  6.69490e+02 | 62  0.00735  5.13709e+02 | 63  0.00405 -2.24116e+03
 64  0.03404 -2.08964e+03 | 65  0.01262 -3.03835e+02 | 66  0.01804  1.69971e+03
 67  0.02286  1.97804e+03 | 68  0.01232 -6.32614e+02 | 69  0.02763  1.78181e+03
 70  0.03055  5.00131e+02 | 71  0.02046 -6.43553e+02 | 72  0.01515 -1.11019e+03
 73  0.02681  3.34176e+03 | 74  0.00601 -5.02351e+02 | 75  0.02927  4.42909e+02
 76 -0.05876  1.38687e+03 |
1 0 23095.6
1 0 22973.2
1 0 22877
1 0 22822.5
1 0 22783.7
1 0 22754.3
1 0 22735.6
1 0 22726.3
1 0 22719.6
1 0 22716.6
76 variables; iteration 110; function evaluation 140; phase 1
Function value   2.2716566e+04; maximum gradient component mag   1.1285e+03
Var   Value    Gradient   |Var   Value    Gradient   |Var   Value    Gradient
  1  0.25500 -1.73351e+02 |  2  0.25529 -9.28180e+01 |  3  0.18937 -2.22811e+01
  4  0.13010 -1.82342e+01 |  5  0.08645 -2.42836e+01 |  6  0.05559 -1.81918e+01
  7  0.03278  6.77574e-01 |  8  0.01120 -1.48227e+01 |  9 -0.00509 -5.39499e+00
 10 -0.01921 -4.60534e+01 | 11 -0.01910 -6.20534e+00 | 12 -0.01674  5.85199e+00
 13 -0.01574 -4.01003e+00 | 14 -0.01311 -6.54696e-02 | 15 -0.01004  1.18139e+01
 16  0.14261  1.18514e+02 | 17 -0.01271  4.25228e+02 | 18 -0.02363 -1.07385e+02
 19 -0.02316 -1.10970e+02 | 20 -0.02582 -2.97567e+02 | 21 -0.01916  1.64168e+01
 22 -0.01498 -7.87310e+01 | 23 -0.01139  3.70434e+01 | 24 -0.01277 -5.57241e+01
 25 -0.00500 -1.02746e+02 | 26 -0.00735  5.40999e+01 | 27 -0.00152  1.71579e+02
 28 -0.00138 -1.37263e+02 | 29  0.00166 -3.20943e+02 | 30 -0.00144  1.98881e+02
 31 -0.00186 -7.49638e+02 | 32  0.00457  2.55736e+02 | 33  0.00612  9.72798e+01
 34  0.00198  2.37383e+02 | 35  0.00462  8.71408e+01 | 36  0.00807  1.00770e+01
 37  0.00900 -5.78919e+01 | 38  0.00975  1.50565e+02 | 39  0.01085 -7.78330e+01
 40  0.01080  2.82564e+02 | 41  0.01133  1.44554e+02 | 42  0.01138 -5.12001e+01
 43  0.01246 -5.57692e+02 | 44  0.01798  8.06976e+01 | 45  0.04147  3.48225e+02
 46  0.13862  1.72947e+02 | 47 -0.07022 -1.43583e+02 | 48 -0.05420 -1.59613e+02
 49 -0.04755  1.23466e+02 | 50 -0.03955 -3.27694e+00 | 51 -0.03046 -2.57362e+01
 52 -0.02672 -7.86362e+01 | 53 -0.02262 -1.46284e+01 | 54 -0.01729  2.39194e+01
 55 -0.00531 -1.66057e+02 | 56  0.00147  8.64833e+01 | 57  0.00803  1.05208e+02
 58  0.01979  3.01406e+02 | 59  0.02283  1.12853e+03 | 60  0.01349  5.09468e+01
 61  0.01372  2.73003e+02 | 62  0.01300 -1.09207e+02 | 63  0.01445  2.45591e+02
 64  0.01498 -6.93457e+02 | 65  0.01273 -6.19212e+01 | 66  0.01613 -1.18829e+02
 67  0.01830 -1.42497e+02 | 68  0.01980  2.46470e+01 | 69  0.02554 -6.14313e+01
 70  0.02644 -5.96638e+02 | 71  0.02405 -5.25551e+02 | 72  0.02250  3.22914e+02
 73  0.01834  2.66764e+02 | 74  0.00428  4.72115e+01 | 75  0.00393 -7.05616e+00
 76 -0.07038  1.11283e+02 |
1 0 22713.7
1 0 22711.1
1 0 22709.5
1 0 22708.1
1 0 22707
1 0 22706.2
1 0 22705.5
1 0 22704.4
1 0 22703.4
1 0 22702.6
76 variables; iteration 120; function evaluation 150; phase 1
Function value   2.2702602e+04; maximum gradient component mag  -2.8182e+02
Var   Value    Gradient   |Var   Value    Gradient   |Var   Value    Gradient
  1  0.25299  2.04987e+01 |  2  0.25247 -1.02749e+01 |  3  0.18885 -1.64413e+01
  4  0.14024  3.77128e-01 |  5  0.10857  1.80075e+01 |  6  0.08258  1.82353e+01
  7  0.05738 -4.53245e+00 |  8  0.03710 -4.21862e+00 |  9  0.02030 -9.24485e-01
 10  0.00527 -2.20107e+01 | 11 -0.00211  2.70110e+00 | 12 -0.00941 -3.16108e-01
 13 -0.01587  4.67397e+00 | 14 -0.02309 -1.83925e+00 | 15 -0.02922 -1.87918e+01
 16  0.13964  1.23406e+02 | 17 -0.01157  1.37779e+01 | 18 -0.02212 -6.64158e+01
 19 -0.02110  4.68336e+01 | 20 -0.02352  4.31049e+01 | 21 -0.01721  2.51166e+01
 22 -0.01302  6.64873e+01 | 23 -0.00978 -1.91083e+01 | 24 -0.01103  8.01171e+01
 25 -0.00325 -4.28443e+01 | 26 -0.00593 -5.14902e+01 | 27 -0.00012  2.42183e+02
 28 -0.00006 -9.05750e+01 | 29  0.00318  8.40347e+01 | 30 -0.00132  9.33972e+01
 31  0.00117 -2.14465e+01 | 32  0.00475 -1.84496e+02 | 33  0.00684  9.47924e+01
 34  0.00201 -4.63461e+01 | 35  0.00602 -1.18081e+02 | 36  0.00876 -2.75769e+01
 37  0.01004 -1.03476e+02 | 38  0.01072 -1.07919e+01 | 39  0.01190  3.13611e+01
 40  0.01140 -3.02066e+01 | 41  0.01288 -6.01176e+00 | 42  0.01305 -7.88102e+01
 43  0.01406  6.26780e+01 | 44  0.01508  7.19117e+00 | 45  0.00813 -1.47592e+00
 46  0.13889 -2.60859e+02 | 47 -0.07178  8.01556e+01 | 48 -0.05567 -1.00302e+01
 49 -0.04950 -7.55833e+01 | 50 -0.04062  7.43934e+01 | 51 -0.03181 -6.31004e+01
 52 -0.02783  3.34832e+01 | 53 -0.02404 -7.04551e+01 | 54 -0.01838  6.45143e+01
 55 -0.00612  8.24363e+01 | 56  0.00036  1.69868e+02 | 57  0.00676  4.39760e+01
 58  0.01894  5.70551e-01 | 59  0.01859 -2.81815e+02 | 60  0.01396 -1.87815e+01
 61  0.01172 -5.26450e+01 | 62  0.01219 -4.40713e+01 | 63  0.01185 -6.58852e+01
 64  0.01530 -6.83782e+00 | 65  0.01133 -3.13294e+00 | 66  0.01510  5.37299e+00
 67  0.01767  1.62593e+02 | 68  0.01877  4.13929e+01 | 69  0.02426  8.85976e+01
 70  0.02608 -3.96114e+01 | 71  0.02402  1.44909e+01 | 72  0.02155 -8.57380e+01
 73  0.01929 -1.35533e+02 | 74  0.01888  7.21232e+00 | 75  0.01870  8.59381e+00
 76 -0.09012  5.44992e+01 |
1 0 22702.1
1 0 22702
1 0 22701.9
1 0 22701.8
1 0 22701.8
1 0 22701.7
1 0 22701.6
1 0 22701.6
1 0 22701.6
1 0 22701.5
76 variables; iteration 130; function evaluation 160; phase 1
Function value   2.2701529e+04; maximum gradient component mag   8.8137e+01
Var   Value    Gradient   |Var   Value    Gradient   |Var   Value    Gradient
  1  0.25262 -1.53344e+01 |  2  0.25300 -9.03470e+00 |  3  0.18962 -4.69523e+00
  4  0.13691 -1.94522e-01 |  5  0.09959 -3.67824e+00 |  6  0.07234 -1.56519e+01
  7  0.05469 -1.52250e+00 |  8  0.04069  1.66880e+00 |  9  0.02849 -2.15856e-01
 10  0.01810 -8.73529e-01 | 11  0.00934 -2.17027e+00 | 12  0.00234 -6.40517e-01
 13 -0.00352 -1.56445e+00 | 14 -0.00808  1.21122e-01 | 15 -0.01193 -1.05502e+01
 16  0.13887 -1.66113e+01 | 17 -0.01118  8.81374e+01 | 18 -0.02191 -3.19599e+01
 19 -0.02101 -8.87828e+00 | 20 -0.02351 -8.36102e+00 | 21 -0.01732  1.60569e+01
 22 -0.01314 -1.22180e+01 | 23 -0.00980  9.68052e-01 | 24 -0.01114 -1.48649e+01
 25 -0.00325 -1.27784e+01 | 26 -0.00597 -6.44262e-02 | 27 -0.00081  8.40874e+00
 28  0.00012  1.80107e+01 | 29  0.00323 -4.02427e+00 | 30 -0.00100  2.20317e+01
 31  0.00145 -1.08321e+01 | 32  0.00550  6.64094e-01 | 33  0.00697 -3.07388e+01
 34  0.00245  2.38495e-01 | 35  0.00664 -4.60026e+00 | 36  0.00921  3.91870e+00
 37  0.01048  3.07873e+00 | 38  0.01077  2.32827e+01 | 39  0.01193 -6.36697e-01
 40  0.01153 -1.11280e+01 | 41  0.01324 -2.70098e+00 | 42  0.01351  9.62022e+00
 43  0.01419 -1.32310e+01 | 44  0.01449 -7.78587e+00 | 45  0.00431 -2.53373e+01
 46  0.13895 -8.33584e+01 | 47 -0.07212 -9.34591e-01 | 48 -0.05581  5.57899e+00
 49 -0.04946  1.99593e+01 | 50 -0.04111  9.62513e-01 | 51 -0.03192  2.45004e+00
 52 -0.02823 -2.29407e+01 | 53 -0.02417 -1.49694e+01 | 54 -0.01868  6.52114e+00
 55 -0.00615  4.43989e+01 | 56 -0.00041  4.29757e+01 | 57  0.00653 -2.40598e+00
 58  0.01858 -2.35472e+01 | 59  0.01885 -2.15973e+01 | 60  0.01364  6.90602e-01
 61  0.01196  1.30057e+01 | 62  0.01204  3.99575e+01 | 63  0.01180  2.26611e+01
 64  0.01529  1.70599e+01 | 65  0.01128  6.65267e+00 | 66  0.01512 -2.24180e+01
 67  0.01721 -2.62671e+01 | 68  0.01856 -1.53897e+01 | 69  0.02383 -2.35198e+01
 70  0.02600 -1.79880e+01 | 71  0.02395 -4.19089e+00 | 72  0.02163  1.24943e+01
 73  0.01994 -2.03051e+01 | 74  0.02092  1.94292e+00 | 75  0.02068  3.34339e+00
 76 -0.09299  2.48095e+01 |
1 0 22701.5
1 0 22701.4
1 0 22701.4
1 0 22701.4
1 0 22701.3
1 0 22701.3
1 0 22701.3
1 0 22701.3
1 0 22701.3
1 0 22701.3
76 variables; iteration 140; function evaluation 170; phase 1
Function value   2.2701256e+04; maximum gradient component mag  -5.4060e+01
Var   Value    Gradient   |Var   Value    Gradient   |Var   Value    Gradient
  1  0.25194 -1.32003e+00 |  2  0.25158 -3.68799e+00 |  3  0.18880  9.17169e-01
  4  0.13738 -5.41180e-02 |  5  0.10286 -9.89043e-01 |  6  0.07903  1.61245e+00
  7  0.06084  3.13232e-01 |  8  0.04660 -1.89295e+00 |  9  0.03587 -1.91115e-01
 10  0.02748  7.86473e-01 | 11  0.02075 -8.65977e-02 | 12  0.01567 -7.33012e-01
 13  0.01227 -5.29783e-01 | 14  0.01038  2.79474e-01 | 15  0.00970  1.98393e+00
 16  0.13932 -1.00178e+01 | 17 -0.01157  9.49662e+00 | 18 -0.02201 -1.44223e+00
 19 -0.02099  2.43812e+00 | 20 -0.02351  1.33719e+00 | 21 -0.01736 -1.78812e+00
 22 -0.01312 -2.68312e+00 | 23 -0.00976  2.08432e+00 | 24 -0.01112 -7.07066e+00
 25 -0.00326 -3.14236e+00 | 26 -0.00602  7.45194e+00 | 27 -0.00088  2.79110e+00
 28  0.00007 -3.48817e+00 | 29  0.00323  8.66916e+00 | 30 -0.00110 -1.73514e+01
 31  0.00147  2.44619e+01 | 32  0.00546 -2.48386e+00 | 33  0.00699  4.77857e+00
 34  0.00243 -8.52058e+00 | 35  0.00666 -2.91925e+00 | 36  0.00919  7.71928e+00
 37  0.01046 -8.31029e+00 | 38  0.01071  2.95163e+00 | 39  0.01194  9.47111e+00
 40  0.01154 -1.12200e+01 | 41  0.01323 -8.76558e+00 | 42  0.01348  9.65626e+00
 43  0.01422  9.54359e-01 | 44  0.01466 -1.78404e+01 | 45  0.00494  2.09756e+00
 46  0.13874 -5.40601e+01 | 47 -0.07221  2.74970e+00 | 48 -0.05584  1.95173e+00
 49 -0.04953 -5.30897e+00 | 50 -0.04115 -7.67545e+00 | 51 -0.03195 -6.13289e+00
 52 -0.02818 -6.28876e+00 | 53 -0.02414 -7.20111e+00 | 54 -0.01867 -1.58929e+00
 55 -0.00618  8.69845e+00 | 56 -0.00047  6.10705e+00 | 57  0.00655  4.29850e+00
 58  0.01863 -1.05520e+01 | 59  0.01885 -8.57730e+00 | 60  0.01369 -2.23561e+00
 61  0.01197 -1.29098e+00 | 62  0.01204 -7.69296e-01 | 63  0.01178 -1.96896e+00
 64  0.01537  2.70305e+01 | 65  0.01129 -4.47212e+00 | 66  0.01521 -3.58732e-01
 67  0.01727  6.99432e-01 | 68  0.01862 -2.24169e+00 | 69  0.02391 -6.74152e+00
 70  0.02609  4.68831e+00 | 71  0.02399  4.60207e-01 | 72  0.02163 -2.19154e+00
 73  0.01995  9.32141e+00 | 74  0.02065  8.47557e+00 | 75  0.02057  2.07314e+00
 76 -0.09606  1.47880e+01 |
1 0 22701.3
1 0 22701.2
1 0 22701.2
1 0 22701.2
1 0 22701.2
1 0 22701.2
1 0 22701.2
1 0 22701.2
1 0 22701.2
1 0 22701.2
76 variables; iteration 150; function evaluation 180; phase 1
Function value   2.2701225e+04; maximum gradient component mag   4.0966e+01
Var   Value    Gradient   |Var   Value    Gradient   |Var   Value    Gradient
  1  0.25153 -1.04476e+00 |  2  0.25152 -5.07097e-01 |  3  0.18875  1.96734e-01
  4  0.13742 -2.25669e-01 |  5  0.10298 -5.80081e-01 |  6  0.07910  7.00229e-01
  7  0.06112 -1.45103e-01 |  8  0.04723 -5.83846e-01 |  9  0.03647  7.49404e-01
 10  0.02780  7.21104e-01 | 11  0.02081 -6.72832e-02 | 12  0.01546 -2.09890e-01
 13  0.01161 -1.93376e-01 | 14  0.00914  2.60566e-01 | 15  0.00784 -2.90747e-01
 16  0.13988  6.40657e+00 | 17 -0.01155  1.35782e+00 | 18 -0.02200 -7.15169e-01
 19 -0.02097 -2.82531e+00 | 20 -0.02349 -5.33293e-01 | 21 -0.01734 -2.00034e+00
 22 -0.01310  2.98186e+00 | 23 -0.00974 -1.33619e-01 | 24 -0.01110  5.33478e-01
 25 -0.00325  4.23043e+00 | 26 -0.00606 -3.43631e+00 | 27 -0.00088  9.60325e+00
 28  0.00008  2.82254e-01 | 29  0.00324 -1.86509e+00 | 30 -0.00107 -8.16748e-01
 31  0.00140  5.28695e+00 | 32  0.00541 -2.44470e+00 | 33  0.00696  2.53212e+00
 34  0.00241 -5.33465e+00 | 35  0.00662 -1.64680e+00 | 36  0.00919  2.29340e+00
 37  0.01048  5.19049e-01 | 38  0.01069 -1.50956e+00 | 39  0.01192  3.90988e-01
 40  0.01157 -2.14311e+00 | 41  0.01325  2.38745e+00 | 42  0.01344 -6.07555e-01
 43  0.01420  9.17498e-01 | 44  0.01469 -1.01230e+01 | 45  0.00496  2.37071e+00
 46  0.13851  4.09658e+01 | 47 -0.07230 -3.49104e-01 | 48 -0.05593  1.96232e+00
 49 -0.04960 -5.55276e-01 | 50 -0.04120  2.71382e-01 | 51 -0.03200 -1.87209e+00
 52 -0.02821  2.33267e+00 | 53 -0.02414 -5.34415e-01 | 54 -0.01867 -1.97073e+00
 55 -0.00624 -3.64860e+00 | 56 -0.00049 -1.77794e+00 | 57  0.00653 -5.78248e+00
 58  0.01865  5.98518e+00 | 59  0.01889  4.09662e+00 | 60  0.01368  8.67445e-01
 61  0.01196 -5.50695e+00 | 62  0.01203 -6.08554e+00 | 63  0.01180 -2.89946e+00
 64  0.01533  2.52093e+00 | 65  0.01133 -2.27590e+00 | 66  0.01525  2.37261e+00
 67  0.01730  1.22076e+00 | 68  0.01863  1.39521e+00 | 69  0.02396  2.37676e+00
 70  0.02615  4.06637e+00 | 71  0.02401 -3.51626e+00 | 72  0.02165 -4.57179e+00
 73  0.01998  9.01272e+00 | 74  0.02066  7.60038e-01 | 75  0.02068 -1.91655e+00
 76 -0.10024 -1.11665e+00 |
1 0 22701.2
1 0 22701.2
1 0 22701.2
1 0 22701.2
1 0 22701.2
1 0 22701.2
1 0 22701.2
1 0 22701.2

 - final statistics:
76 variables; iteration 158; function evaluation 188
Function value   2.2701e+04; maximum gradient component mag   6.2797e-02
Exit code = 1;  converg criter   1.0000e-01
Var   Value    Gradient   |Var   Value    Gradient   |Var   Value    Gradient
  1  0.25152 -9.01555e-03 |  2  0.25151 -6.82669e-03 |  3  0.18873 -3.65787e-03
  4  0.13746 -5.39458e-04 |  5  0.10302  2.88478e-03 |  6  0.07896  1.34359e-04
  7  0.06100 -1.03873e-03 |  8  0.04707 -6.78663e-04 |  9  0.03608  1.46670e-03
 10  0.02739 -9.17631e-04 | 11  0.02057 -4.99085e-04 | 12  0.01536 -1.33285e-03
 13  0.01158 -1.05908e-03 | 14  0.00912 -7.30966e-05 | 15  0.00790  1.79886e-03
 16  0.13987 -1.77982e-03 | 17 -0.01156  3.04238e-02 | 18 -0.02199 -1.38869e-02
 19 -0.02096 -8.80315e-03 | 20 -0.02348  3.79338e-03 | 21 -0.01734  1.80614e-02
 22 -0.01311  2.03372e-02 | 23 -0.00975 -5.56247e-03 | 24 -0.01110  1.14958e-02
 25 -0.00327  7.11348e-03 | 26 -0.00606  1.16743e-02 | 27 -0.00092 -2.60525e-02
 28  0.00006 -2.25187e-02 | 29  0.00323 -1.17091e-06 | 30 -0.00108 -7.97837e-03
 31  0.00139 -1.68643e-02 | 32  0.00542  4.61490e-03 | 33  0.00697  2.54508e-02
 34  0.00243 -1.62473e-02 | 35  0.00662  2.25820e-02 | 36  0.00918  8.67238e-03
 37  0.01047 -2.51094e-02 | 38  0.01069 -2.83604e-02 | 39  0.01191  1.11860e-02
 40  0.01157 -1.36285e-02 | 41  0.01324  2.22392e-02 | 42  0.01345  1.23934e-03
 43  0.01420  1.63174e-02 | 44  0.01472 -2.99210e-02 | 45  0.00507  6.36146e-03
 46  0.13849  6.27969e-02 | 47 -0.07229  1.40025e-02 | 48 -0.05593  3.06866e-03
 49 -0.04959  8.17793e-03 | 50 -0.04119  5.73818e-02 | 51 -0.03199  2.78607e-03
 52 -0.02821  3.06507e-02 | 53 -0.02413  1.15405e-02 | 54 -0.01866  5.50802e-03
 55 -0.00622 -2.52057e-02 | 56 -0.00049 -3.23117e-02 | 57  0.00655  6.64620e-04
 58  0.01865  9.95343e-03 | 59  0.01889  3.80654e-03 | 60  0.01368 -3.82630e-03
 61  0.01198 -7.73384e-03 | 62  0.01204 -4.28599e-02 | 63  0.01182 -2.35666e-02
 64  0.01534  5.06655e-03 | 65  0.01134 -3.04770e-02 | 66  0.01525 -3.05840e-02
 67  0.01730  1.93155e-02 | 68  0.01863 -1.69898e-02 | 69  0.02397 -5.70268e-04
 70  0.02614  4.24491e-02 | 71  0.02403 -5.60068e-03 | 72  0.02167 -1.37430e-02
 73  0.01996  7.62779e-03 | 74  0.02060  2.67265e-03 | 75  0.02060 -3.49367e-03
 76 -0.10038 -4.05448e-03 |
1 0 22701.2
B0243219
0.3 0.311564
0.267055 0.337759
0.257715 0.346036
0.254796 0.348709
0.253856 0.349578
0.25355 0.349862
0.25345 0.349955
0.253418 0.349985
0.253407 0.349995
0.253404 0.349998
0.253403 0.349999
0.253402 0.35
0.253402 0.35
0.253402 0.35
0.253402 0.35
0.253402 0.35
0.253402 0.35
0.253402 0.35
0.253402 0.35
0.253402 0.35
0.253402 0.35
FutMOrt0.0572315
FutMOrt0.0572315
FutMOrt0.0572315
FutMOrt0.0572315
FutMOrt0.0572315
FutMOrt0.0572315
FutMOrt0.0572315
FutMOrt0.0572315
FutMOrt0.0572315
FutMOrt0.0572315
2 0 22701.2

Initial statistics: 80 variables; iteration 0; function evaluation 0; phase 2
Function value   2.2701224e+04; maximum gradient component mag   6.3748e+03
Var   Value    Gradient   |Var   Value    Gradient   |Var   Value    Gradient
  1 -0.80368 -4.19756e+02 |  2 -0.46731 -1.19334e+02 |  3  0.25152 -9.01555e-03
  4  0.25151 -6.82669e-03 |  5  0.18873 -3.65787e-03 |  6  0.13746 -5.39458e-04
  7  0.10302  2.88478e-03 |  8  0.07896  1.34359e-04 |  9  0.06100 -1.03873e-03
 10  0.04707 -6.78663e-04 | 11  0.03608  1.46670e-03 | 12  0.02739 -9.17631e-04
 13  0.02057 -4.99085e-04 | 14  0.01536 -1.33285e-03 | 15  0.01158 -1.05908e-03
 16  0.00912 -7.30966e-05 | 17  0.00790  1.79886e-03 | 18  0.13987 -1.77982e-03
 19 -0.01156  3.01951e-02 | 20 -0.02199 -1.41155e-02 | 21 -0.02096 -9.03175e-03
 22 -0.02348  3.56481e-03 | 23 -0.01734  1.78327e-02 | 24 -0.01311  2.01085e-02
 25 -0.00975 -5.79117e-03 | 26 -0.01110  1.12671e-02 | 27 -0.00327  6.88475e-03
 28 -0.00606  1.14456e-02 | 29 -0.00092 -2.62813e-02 | 30  0.00006 -2.27474e-02
 31  0.00323 -2.29895e-04 | 32 -0.00108 -8.20709e-03 | 33  0.00139 -1.70931e-02
 34  0.00542  4.38618e-03 | 35  0.00697  2.52221e-02 | 36  0.00243 -1.64760e-02
 37  0.00662  2.23533e-02 | 38  0.00918  8.44367e-03 | 39  0.01047 -2.53381e-02
 40  0.01069 -2.85890e-02 | 41  0.01191  1.09573e-02 | 42  0.01157 -1.38571e-02
 43  0.01324  2.20105e-02 | 44  0.01345  1.01067e-03 | 45  0.01420  1.60887e-02
 46  0.01472 -3.01497e-02 | 47  0.00507  6.13274e-03 | 48  0.13849  6.27969e-02
 49 -0.07229  1.44134e-02 | 50 -0.05593  3.48061e-03 | 51 -0.04959  8.59022e-03
 52 -0.04119  5.77945e-02 | 53 -0.03199  3.19909e-03 | 54 -0.02821  3.10638e-02
 55 -0.02413  1.19537e-02 | 56 -0.01866  5.92138e-03 | 57 -0.00622 -2.47922e-02
 58 -0.00049 -3.18982e-02 | 59  0.00655  1.07814e-03 | 60  0.01865  1.03668e-02
 61  0.01889  4.21990e-03 | 62  0.01368 -3.41286e-03 | 63  0.01198 -7.32038e-03
 64  0.01204 -4.24464e-02 | 65  0.01182 -2.31532e-02 | 66  0.01534  5.47997e-03
 67  0.01134 -3.00635e-02 | 68  0.01525 -3.01706e-02 | 69  0.01730  1.97289e-02
 70  0.01863 -1.65764e-02 | 71  0.02397 -1.57023e-04 | 72  0.02614  4.28623e-02
 73  0.02403 -5.18743e-03 | 74  0.02167 -1.33297e-02 | 75  0.01996  8.04112e-03
 76  0.02060  3.08597e-03 | 77  0.02060 -3.08034e-03 | 78 -0.10038 -4.05448e-03
 79 -0.54866  6.37476e+03 | 80 -0.44293 -1.68964e+03 |
2 0 22701.2
2 0 22701
2 0 22699.1
2 0 22696.3
2 0 22691.2
2 0 22682
2 0 22670.4
2 0 22650.1
2 0 22630.4
2 0 22604.9
2 0 22699
2 0 22600.5
2 0 22595

Intermediate statistics: 80 variables; iteration 10; function evaluation 13; phase 2
Function value   2.2595044e+04; maximum gradient component mag  -2.7717e+03
Var   Value    Gradient   |Var   Value    Gradient   |Var   Value    Gradient
  1 -0.75513 -5.87360e+02 |  2 -0.46090  4.57909e+01 |  3  0.24848  6.13120e+02
  4  0.26072  8.18772e+02 |  5  0.18710  1.74336e+02 |  6  0.13591  8.57117e+01
  7  0.10218  4.84744e+01 |  8  0.07845  3.07265e+01 |  9  0.06065  2.17007e+01
 10  0.04682  1.65650e+01 | 11  0.03588  1.33778e+01 | 12  0.02722  1.12879e+01
 13  0.02042  9.87890e+00 | 14  0.01523  8.92617e+00 | 15  0.01146  8.30142e+00
 16  0.00900  7.93377e+00 | 17  0.00779  7.72208e+00 | 18  0.12025  1.41729e+03
 19 -0.01459 -2.77173e+03 | 20 -0.02417  2.90463e+02 | 21 -0.02440 -8.45663e+02
 22 -0.02472  5.05276e+02 | 23 -0.01915 -2.13215e+02 | 24 -0.01552 -4.72726e+02
 25 -0.01206 -2.88375e+02 | 26 -0.01275 -1.91688e+02 | 27 -0.00439 -4.84433e+02
 28 -0.00566  1.90769e+02 | 29 -0.00057 -8.16756e+01 | 30  0.00114  4.23242e+02
 31  0.00389  4.09176e+02 | 32 -0.00232  2.76563e+02 | 33 -0.00062 -5.34771e+01
 34  0.00375 -1.03138e+02 | 35  0.00652  2.26210e+01 | 36  0.00253  5.91539e+01
 37  0.00807  5.95282e+02 | 38  0.01055  3.56973e+02 | 39  0.01246  4.21316e+02
 40  0.01302  4.17897e+02 | 41  0.01486  3.96998e+02 | 42  0.01441  4.46467e+02
 43  0.01553  5.34499e+02 | 44  0.01482  3.16574e+02 | 45  0.01543  5.35139e+01
 46  0.01599 -3.51768e+02 | 47  0.00791  1.27814e+02 | 48  0.13764 -2.59524e+03
 49 -0.07264  6.03394e+02 | 50 -0.05665  8.34432e+02 | 51 -0.04974  3.42452e+02
 52 -0.04138  1.73371e+02 | 53 -0.03238  2.36782e+02 | 54 -0.02879  1.71580e+02
 55 -0.02475  5.83007e+01 | 56 -0.01865  5.28980e+02 | 57 -0.00627  4.21574e+02
 58  0.00022  5.33471e+02 | 59  0.00662  1.28870e+01 | 60  0.01877 -4.98733e+02
 61  0.01809 -8.74815e+02 | 62  0.01297 -6.27951e+02 | 63  0.01108 -4.10536e+02
 64  0.01180 -1.97208e+02 | 65  0.01177 -8.81058e+01 | 66  0.01539 -5.41304e+02
 67  0.01159 -4.63204e+02 | 68  0.01527 -5.13077e+02 | 69  0.01743 -4.14322e+02
 70  0.01936 -1.83649e+02 | 71  0.02480 -1.64463e+02 | 72  0.02702 -2.92884e+02
 73  0.02448 -2.85919e+02 | 74  0.02277  1.78915e+02 | 75  0.02114  8.70073e+02
 76  0.02117  6.14694e+02 | 77  0.01942  1.16971e+02 | 78 -0.11798  1.68826e+02
 79 -0.59380 -7.95153e+01 | 80 -0.52994  1.54234e+02 |
2 0 22588.4
2 0 22578
2 0 22560.2
2 0 22553
2 0 22546.4
2 0 22605.7
2 0 22543.3
2 0 22554.4
2 0 22543.2
2 0 22542.9
2 0 22542.7
2 0 22542.5
2 0 22542.3
80 variables; iteration 20; function evaluation 26; phase 2
Function value   2.2542421e+04; maximum gradient component mag  -1.4753e+04
Var   Value    Gradient   |Var   Value    Gradient   |Var   Value    Gradient
  1 -0.64821  2.19752e+02 |  2 -0.47858  2.79007e+02 |  3  0.23580 -2.92242e+02
  4  0.27512  1.54953e+03 |  5  0.18465  1.37622e+02 |  6  0.12943  4.55089e+01
  7  0.09778  4.15454e+01 |  8  0.07571  2.96774e+01 |  9  0.05879  2.10791e+01
 10  0.04543  1.59806e+01 | 11  0.03479  1.28472e+01 | 12  0.02631  1.08113e+01
 13  0.01964  9.44659e+00 | 14  0.01453  8.52553e+00 | 15  0.01081  7.92410e+00
 16  0.00839  7.56843e+00 | 17  0.00719  7.37649e+00 | 18  0.12048  2.10041e+03
 19 -0.01322 -3.82460e+03 | 20 -0.02258  5.39214e+02 | 21 -0.02070 -1.02110e+02
 22 -0.02383  6.95722e+02 | 23 -0.01948 -8.23095e+02 | 24 -0.01518 -4.15637e+02
 25 -0.01187 -2.60785e+02 | 26 -0.01257 -1.74760e+02 | 27 -0.00453 -4.65043e+02
 28 -0.00655  4.64975e+01 | 29 -0.00172 -2.18941e+02 | 30 -0.00027  7.49043e+01
 31  0.00315  4.04329e+02 | 32 -0.00292  3.68206e+02 | 33 -0.00009  3.67188e+02
 34  0.00377  1.44498e+02 | 35  0.00610  3.59950e+02 | 36  0.00133 -1.62202e+02
 37  0.00715  6.70624e+02 | 38  0.00971  3.42626e+02 | 39  0.01124  3.34597e+02
 40  0.01180  4.31732e+02 | 41  0.01333  2.88663e+02 | 42  0.01257  3.83058e+02
 43  0.01412  6.98521e+02 | 44  0.01370  4.26865e+02 | 45  0.01444  1.42609e+02
 46  0.01609 -4.16866e+02 | 47  0.01683  3.28541e+01 | 48  0.13624 -1.47526e+04
 49 -0.07406  3.49053e+02 | 50 -0.05432  1.65504e+03 | 51 -0.05042 -1.26383e+01
 52 -0.04095  4.92531e+02 | 53 -0.03168  6.39364e+02 | 54 -0.02826  5.21834e+02
 55 -0.02395  4.04184e+02 | 56 -0.01791  7.92046e+02 | 57 -0.00590  6.22542e+02
 58  0.00045  6.84289e+02 | 59  0.00675  2.01801e+02 | 60  0.01950 -1.54351e+02
 61  0.01788 -9.60073e+02 | 62  0.01388 -6.76188e+02 | 63  0.01175 -5.96047e+02
 64  0.01196 -6.34850e+02 | 65  0.01194 -1.93883e+02 | 66  0.01545 -6.61322e+02
 67  0.01222 -5.07610e+02 | 68  0.01575 -4.47938e+02 | 69  0.01785 -4.15640e+02
 70  0.01993 -1.12687e+02 | 71  0.02513 -1.90350e+02 | 72  0.02684 -5.47206e+02
 73  0.02463 -6.05578e+02 | 74  0.02293 -7.96461e+01 | 75  0.02071  7.52755e+02
 76  0.01656  7.61763e+02 | 77  0.01777  7.64922e+02 | 78 -0.13857  4.14488e+02
 79 -0.60450 -3.54902e+03 | 80 -0.55010  1.43405e+03 |
2 0 22543.1
2 0 22542.3
2 0 22542.3
2 0 22542.2
2 0 22542.2
2 0 22542.1
2 0 22542.1
2 0 22542.1
2 0 22542.1
2 0 22542
2 0 22542
2 0 22542
2 0 22542
80 variables; iteration 30; function evaluation 39; phase 2
Function value   2.2542106e+04; maximum gradient component mag  -1.5570e+04
Var   Value    Gradient   |Var   Value    Gradient   |Var   Value    Gradient
  1 -0.64933  2.33644e+02 |  2 -0.48508  2.62205e+02 |  3  0.23629 -3.07066e+02
  4  0.27744  1.55402e+03 |  5  0.18631  1.40696e+02 |  6  0.12825  3.05719e+01
  7  0.09572  3.14657e+01 |  8  0.07394  2.54541e+01 |  9  0.05748  1.93300e+01
 10  0.04446  1.49376e+01 | 11  0.03403  1.20370e+01 | 12  0.02568  1.01311e+01
 13  0.01909  8.85633e+00 | 14  0.01404  7.99755e+00 | 15  0.01036  7.43801e+00
 16  0.00796  7.10783e+00 | 17  0.00677  6.92802e+00 | 18  0.12074  2.20194e+03
 19 -0.01237 -3.78712e+03 | 20 -0.02265  4.61433e+02 | 21 -0.02072 -1.01936e+02
 22 -0.02376  7.25123e+02 | 23 -0.01943 -8.00770e+02 | 24 -0.01498 -3.52188e+02
 25 -0.01223 -3.61290e+02 | 26 -0.01275 -2.00487e+02 | 27 -0.00458 -4.44016e+02
 28 -0.00679  1.14428e+00 | 29 -0.00196 -2.45993e+02 | 30 -0.00047  5.26507e+01
 31  0.00298  4.05496e+02 | 32 -0.00294  4.02196e+02 | 33 -0.00024  3.42405e+02
 34  0.00371  1.66516e+02 | 35  0.00597  3.22806e+02 | 36  0.00125 -1.43259e+02
 37  0.00694  6.23192e+02 | 38  0.00958  3.45420e+02 | 39  0.01124  3.69935e+02
 40  0.01176  4.27965e+02 | 41  0.01324  2.73940e+02 | 42  0.01252  3.86247e+02
 43  0.01397  6.70313e+02 | 44  0.01354  4.46990e+02 | 45  0.01432  1.98217e+02
 46  0.01613 -3.53868e+02 | 47  0.01846 -1.52180e+01 | 48  0.13608 -1.55704e+04
 49 -0.07401  3.78664e+02 | 50 -0.05435  1.65749e+03 | 51 -0.05034  1.35282e+01
 52 -0.04110  4.32570e+02 | 53 -0.03122  7.49268e+02 | 54 -0.02840  4.96125e+02
 55 -0.02398  4.15561e+02 | 56 -0.01777  8.21272e+02 | 57 -0.00587  6.31670e+02
 58  0.00043  6.83899e+02 | 59  0.00678  2.12445e+02 | 60  0.01943 -2.03732e+02
 61  0.01796 -9.79103e+02 | 62  0.01389 -6.79071e+02 | 63  0.01180 -6.02795e+02
 64  0.01206 -5.97432e+02 | 65  0.01201 -1.84825e+02 | 66  0.01551 -6.26148e+02
 67  0.01222 -5.02318e+02 | 68  0.01580 -4.65072e+02 | 69  0.01796 -4.04238e+02
 70  0.02001 -8.82551e+01 | 71  0.02526 -1.52650e+02 | 72  0.02699 -4.88496e+02
 73  0.02464 -6.19684e+02 | 74  0.02288 -1.70290e+02 | 75  0.02042  5.85168e+02
 76  0.01573  7.46434e+02 | 77  0.01773  8.08874e+02 | 78 -0.14002  4.54568e+02
 79 -0.60505 -3.89721e+03 | 80 -0.55108  1.55441e+03 |
2 0 22542
2 0 22542
2 0 22542
2 0 22542
2 0 22542
2 0 22542
2 0 22542
2 0 22542
2 0 22542
2 0 22542
2 0 22542
2 0 22541.9
2 0 22541.9
80 variables; iteration 40; function evaluation 52; phase 2
Function value   2.2541943e+04; maximum gradient component mag  -1.5710e+04
Var   Value    Gradient   |Var   Value    Gradient   |Var   Value    Gradient
  1 -0.64961  2.32940e+02 |  2 -0.48622  2.62772e+02 |  3  0.23572 -2.83453e+02
  4  0.27550  1.58926e+03 |  5  0.18468  1.46478e+02 |  6  0.12726  3.09524e+01
  7  0.09626  5.49376e+01 |  8  0.07008  1.54422e+01 |  9  0.05170  8.86529e+00
 10  0.03909  1.12721e+01 | 11  0.02960  1.14731e+01 | 12  0.02200  1.01957e+01
 13  0.01592  8.92913e+00 | 14  0.01120  8.02722e+00 | 15  0.00774  7.44080e+00
 16  0.00547  7.08729e+00 | 17  0.00434  6.89648e+00 | 18  0.12045  2.21843e+03
 19 -0.01336 -3.87812e+03 | 20 -0.02267  4.89627e+02 | 21 -0.02073 -8.42615e+01
 22 -0.02376  7.13719e+02 | 23 -0.01937 -8.03747e+02 | 24 -0.01491 -3.57580e+02
 25 -0.01208 -3.23638e+02 | 26 -0.01269 -2.25498e+02 | 27 -0.00431 -4.06937e+02
 28 -0.00678 -1.99503e+01 | 29 -0.00174 -1.97409e+02 | 30 -0.00052  3.76919e+01
 31  0.00302  4.12678e+02 | 32 -0.00284  4.11712e+02 | 33 -0.00015  3.45609e+02
 34  0.00382  1.90370e+02 | 35  0.00608  3.40684e+02 | 36  0.00144 -1.22340e+02
 37  0.00721  6.66359e+02 | 38  0.00980  3.66550e+02 | 39  0.01129  3.65559e+02
 40  0.01175  4.21437e+02 | 41  0.01328  2.91150e+02 | 42  0.01254  3.97077e+02
 43  0.01394  6.61445e+02 | 44  0.01354  4.34393e+02 | 45  0.01437  1.94353e+02
 46  0.01604 -3.65323e+02 | 47  0.01766 -1.88542e+01 | 48  0.13608 -1.57099e+04
 49 -0.07408  3.92603e+02 | 50 -0.05445  1.63419e+03 | 51 -0.05047 -9.96888e+00
 52 -0.04115  4.33514e+02 | 53 -0.03129  7.45900e+02 | 54 -0.02839  5.00928e+02
 55 -0.02415  3.87057e+02 | 56 -0.01752  9.11488e+02 | 57 -0.00602  6.09220e+02
 58  0.00059  7.33109e+02 | 59  0.00665  1.78822e+02 | 60  0.01933 -2.32002e+02
 61  0.01794 -9.78574e+02 | 62  0.01387 -6.74624e+02 | 63  0.01179 -6.07564e+02
 64  0.01199 -6.16482e+02 | 65  0.01198 -1.90928e+02 | 66  0.01555 -6.22435e+02
 67  0.01234 -4.73397e+02 | 68  0.01582 -4.45706e+02 | 69  0.01792 -3.99010e+02
 70  0.01994 -1.06888e+02 | 71  0.02519 -1.86254e+02 | 72  0.02691 -5.12687e+02
 73  0.02456 -6.26133e+02 | 74  0.02293 -1.35823e+02 | 75  0.02042  5.96693e+02
 76  0.01609  7.52520e+02 | 77  0.01817  8.16040e+02 | 78 -0.14094  4.52818e+02
 79 -0.60518 -3.96829e+03 | 80 -0.55126  1.57971e+03 |
2 0 22541.8
2 0 22542
2 0 22541.8
2 0 22541.8
2 0 22541.7
2 0 22541.7
2 0 22541.2
2 0 22541.3
2 0 22540.8
2 0 22541.6
2 0 22540.7
2 0 22541
2 0 22540.7
2 0 22540.7
2 0 22540.7
2 0 22540.7
80 variables; iteration 50; function evaluation 68; phase 2
Function value   2.2540763e+04; maximum gradient component mag  -1.4799e+04
Var   Value    Gradient   |Var   Value    Gradient   |Var   Value    Gradient
  1 -0.64935  2.23320e+02 |  2 -0.48590  2.85300e+02 |  3  0.23007 -5.13297e+02
  4  0.25481  1.09844e+03 |  5  0.16923  8.73878e+01 |  6  0.11713  5.96072e+01
  7  0.07845  9.75214e-01 |  8  0.05477  5.34274e+01 |  9  0.02367 -2.90029e+01
 10  0.00543 -2.83170e+01 | 11 -0.00166 -5.70667e+00 | 12 -0.00483  4.36151e+00
 13 -0.00727  5.63835e+00 | 14 -0.00949  4.75549e+00 | 15 -0.01134  3.91528e+00
 16 -0.01265  3.41615e+00 | 17 -0.01332  3.16783e+00 | 18  0.11868  2.40911e+03
 19 -0.02392 -2.51691e+03 | 20 -0.02344  1.20137e+02 | 21 -0.02088 -2.07858e+02
 22 -0.02358  6.29365e+02 | 23 -0.01916 -8.94610e+02 | 24 -0.01451 -3.48915e+02
 25 -0.01161 -2.97294e+02 | 26 -0.01238 -2.35452e+02 | 27 -0.00417 -4.73783e+02
 28 -0.00662 -7.15787e+01 | 29 -0.00163 -2.87792e+02 | 30  0.00005  4.02965e+01
 31  0.00314  3.49659e+02 | 32 -0.00237  4.25766e+02 | 33  0.00038  4.35152e+02
 34  0.00413  1.55066e+02 | 35  0.00652  4.09401e+02 | 36  0.00148 -2.64580e+02
 37  0.00713  5.39531e+02 | 38  0.00965  2.44959e+02 | 39  0.01145  2.76908e+02
 40  0.01204  3.44501e+02 | 41  0.01372  2.66623e+02 | 42  0.01301  4.04617e+02
 43  0.01446  6.96341e+02 | 44  0.01399  4.49162e+02 | 45  0.01473  1.37807e+02
 46  0.01682 -3.91809e+02 | 47  0.02150  1.90826e+00 | 48  0.13653 -1.47985e+04
 49 -0.07458  2.25123e+02 | 50 -0.05474  1.55306e+03 | 51 -0.05029  9.18279e+01
 52 -0.04107  5.36323e+02 | 53 -0.03122  8.23379e+02 | 54 -0.02822  5.64311e+02
 55 -0.02409  4.02633e+02 | 56 -0.01763  8.99207e+02 | 57 -0.00596  6.72481e+02
 58  0.00018  6.80319e+02 | 59  0.00714  3.79211e+02 | 60  0.01904 -2.60225e+02
 61  0.01795 -9.66629e+02 | 62  0.01383 -7.65541e+02 | 63  0.01158 -7.00061e+02
 64  0.01185 -7.50977e+02 | 65  0.01192 -1.94033e+02 | 66  0.01546 -5.69882e+02
 67  0.01196 -4.85336e+02 | 68  0.01570 -3.83417e+02 | 69  0.01786 -3.11357e+02
 70  0.01996 -2.60587e+01 | 71  0.02511 -1.76288e+02 | 72  0.02679 -5.67969e+02
 73  0.02443 -7.04919e+02 | 74  0.02272 -1.81113e+02 | 75  0.02020  6.15824e+02
 76  0.01449  7.19420e+02 | 77  0.02216  8.08024e+02 | 78 -0.13415  4.61829e+02
 79 -0.60586 -3.90978e+03 | 80 -0.55311  1.48200e+03 |
2 0 22540.7
2 0 22540.6
2 0 22540.6
2 0 22540.6
2 0 22540.9
2 0 22540.6
2 0 22540.6
2 0 22540.6
2 0 22540.5
2 0 22540.4
2 0 22541.4
2 0 22540.4
2 0 22540.4
80 variables; iteration 60; function evaluation 81; phase 2
Function value   2.2540495e+04; maximum gradient component mag  -1.4496e+04
Var   Value    Gradient   |Var   Value    Gradient   |Var   Value    Gradient
  1 -0.64902  2.15205e+02 |  2 -0.48396  2.90991e+02 |  3  0.23035 -5.03860e+02
  4  0.25518  1.10904e+03 |  5  0.17008  9.59443e+01 |  6  0.11731  6.49145e+01
  7  0.07640 -1.72902e+00 |  8  0.05057  2.85627e+01 |  9  0.02398 -1.28122e+01
 10  0.00540 -1.75612e+01 | 11 -0.00528 -9.14582e+00 | 12 -0.01120 -3.99832e+00
 13 -0.01417  1.09616e+00 | 14 -0.01585  3.54896e+00 | 15 -0.01705  3.85590e+00
 16 -0.01792  3.51411e+00 | 17 -0.01838  3.23487e+00 | 18  0.11852  2.37261e+03
 19 -0.02383 -2.53754e+03 | 20 -0.02333  1.58095e+02 | 21 -0.02092 -2.25379e+02
 22 -0.02362  6.22414e+02 | 23 -0.01911 -8.74544e+02 | 24 -0.01446 -3.42599e+02
 25 -0.01161 -3.08947e+02 | 26 -0.01246 -2.74442e+02 | 27 -0.00420 -4.70590e+02
 28 -0.00663 -4.92019e+01 | 29 -0.00166 -2.92844e+02 | 30  0.00010  4.15605e+01
 31  0.00317  3.70510e+02 | 32 -0.00253  3.50900e+02 | 33  0.00044  4.63282e+02
 34  0.00409  1.37047e+02 | 35  0.00656  4.22442e+02 | 36  0.00143 -2.72485e+02
 37  0.00715  5.25725e+02 | 38  0.00972  2.53481e+02 | 39  0.01153  3.03926e+02
 40  0.01205  3.65125e+02 | 41  0.01375  2.79898e+02 | 42  0.01299  3.84276e+02
 43  0.01443  6.89309e+02 | 44  0.01401  4.46030e+02 | 45  0.01484  1.56600e+02
 46  0.01676 -3.99884e+02 | 47  0.02124  1.52531e+01 | 48  0.13664 -1.44959e+04
 49 -0.07451  2.22662e+02 | 50 -0.05473  1.55491e+03 | 51 -0.05037  7.34060e+01
 52 -0.04111  5.23092e+02 | 53 -0.03119  8.35105e+02 | 54 -0.02818  5.87762e+02
 55 -0.02408  4.42651e+02 | 56 -0.01763  9.21816e+02 | 57 -0.00603  6.49382e+02
 58  0.00008  6.51807e+02 | 59  0.00713  3.84576e+02 | 60  0.01908 -2.51997e+02
 61  0.01784 -9.54000e+02 | 62  0.01386 -7.49683e+02 | 63  0.01149 -7.09303e+02
 64  0.01189 -7.37782e+02 | 65  0.01182 -2.18167e+02 | 66  0.01544 -5.53822e+02
 67  0.01196 -4.69797e+02 | 68  0.01572 -3.84252e+02 | 69  0.01774 -3.63931e+02
 70  0.01989 -6.69288e+01 | 71  0.02509 -1.70074e+02 | 72  0.02676 -5.58152e+02
 73  0.02434 -7.10262e+02 | 74  0.02282 -1.49181e+02 | 75  0.02011  5.98376e+02
 76  0.01465  7.22816e+02 | 77  0.02264  7.95325e+02 | 78 -0.13301  4.48936e+02
 79 -0.60584 -3.84959e+03 | 80 -0.55307  1.46408e+03 |
2 0 22540.4
2 0 22540.3
2 0 22540.2
2 0 22540.3
2 0 22540.2
2 0 22540.1
2 0 22540
2 0 22540.2
2 0 22540
2 0 22539.9
2 0 22539.6
2 0 22540.7
2 0 22539.5
2 0 22539.4
80 variables; iteration 70; function evaluation 95; phase 2
Function value   2.2539505e+04; maximum gradient component mag  -1.4668e+04
Var   Value    Gradient   |Var   Value    Gradient   |Var   Value    Gradient
  1 -0.64933  2.17101e+02 |  2 -0.48616  2.86654e+02 |  3  0.23047 -4.86624e+02
  4  0.25536  1.12812e+03 |  5  0.17021  9.70791e+01 |  6  0.11838  6.32821e+01
  7  0.08017  5.61408e+00 |  8  0.05630  4.38867e+01 |  9  0.02831 -1.44527e+01
 10  0.00935  1.39862e+01 | 11 -0.01086 -5.60224e+01 | 12 -0.01244  1.21945e+01
 13 -0.01595  2.36125e+01 | 14 -0.02496  3.73979e+00 | 15 -0.03382 -1.13179e+01
 16 -0.03823 -7.59951e+00 | 17 -0.03943 -9.89407e-01 | 18  0.11811  2.39648e+03
 19 -0.02366 -2.59637e+03 | 20 -0.02325  1.77332e+02 | 21 -0.02088 -2.26020e+02
 22 -0.02353  6.14567e+02 | 23 -0.01893 -8.41698e+02 | 24 -0.01421 -3.05017e+02
 25 -0.01136 -2.69514e+02 | 26 -0.01227 -2.56984e+02 | 27 -0.00410 -4.66777e+02
 28 -0.00656 -4.23182e+01 | 29 -0.00153 -2.64447e+02 | 30  0.00022  5.32221e+01
 31  0.00321  3.70291e+02 | 32 -0.00257  3.32513e+02 | 33  0.00044  4.50696e+02
 34  0.00417  1.47833e+02 | 35  0.00654  4.13978e+02 | 36  0.00141 -2.77644e+02
 37  0.00699  4.91799e+02 | 38  0.00983  2.77119e+02 | 39  0.01145  2.90406e+02
 40  0.01201  3.55058e+02 | 41  0.01380  2.90877e+02 | 42  0.01301  3.88017e+02
 43  0.01445  6.98952e+02 | 44  0.01364  3.56192e+02 | 45  0.01482  1.82078e+02
 46  0.01671 -4.13255e+02 | 47  0.02004  4.83854e+00 | 48  0.13669 -1.46681e+04
 49 -0.07460  2.28734e+02 | 50 -0.05488  1.53608e+03 | 51 -0.05049  7.37378e+01
 52 -0.04123  5.07608e+02 | 53 -0.03126  8.24178e+02 | 54 -0.02819  5.89789e+02
 55 -0.02408  4.51700e+02 | 56 -0.01768  9.23690e+02 | 57 -0.00613  6.33822e+02
 58 -0.00002  6.21648e+02 | 59  0.00708  3.71905e+02 | 60  0.01906 -2.45209e+02
 61  0.01774 -9.55246e+02 | 62  0.01374 -7.47207e+02 | 63  0.01151 -6.84550e+02
 64  0.01181 -7.35497e+02 | 65  0.01183 -1.93304e+02 | 66  0.01517 -5.91810e+02
 67  0.01202 -4.43855e+02 | 68  0.01563 -3.92719e+02 | 69  0.01761 -3.74315e+02
 70  0.01988 -5.30427e+01 | 71  0.02496 -1.92235e+02 | 72  0.02691 -5.08076e+02
 73  0.02407 -7.22058e+02 | 74  0.02265 -1.74751e+02 | 75  0.02024  6.43737e+02
 76  0.01509  7.21152e+02 | 77  0.02412  8.09742e+02 | 78 -0.13404  4.55103e+02
 79 -0.60618 -3.96460e+03 | 80 -0.55347  1.50004e+03 |
2 0 22539.2
2 0 22539.4
2 0 22539.1
2 0 22539
2 0 22538.8
2 0 22538.5
2 0 22537.9
2 0 22536.9
2 0 22534.9
2 0 22531.3
2 0 22524.4
2 0 22517.6
2 0 22502
80 variables; iteration 80; function evaluation 108; phase 2
Function value   2.2502054e+04; maximum gradient component mag  -1.2822e+04
Var   Value    Gradient   |Var   Value    Gradient   |Var   Value    Gradient
  1 -0.64948  9.55507e+01 |  2 -0.50332  2.56852e+02 |  3  0.23932 -2.42779e+02
  4  0.26245  9.84964e+02 |  5  0.17664  9.69923e+01 |  6  0.12260  3.39994e+01
  7  0.09085  5.05756e+01 |  8  0.06269  1.34359e+01 |  9  0.04069 -1.04935e+01
 10  0.02802  1.42998e+01 | 11  0.01570 -3.94262e+00 | 12  0.00808  7.76930e+00
 13  0.00109  9.85850e+00 | 14 -0.00632  6.93329e+00 | 15 -0.01367 -4.91420e+01
 16 -0.00444  1.11369e+02 | 17 -0.02639 -6.85334e+01 | 18  0.10152  1.80088e+03
 19 -0.01442 -2.43274e+03 | 20 -0.01989  5.51137e+02 | 21 -0.01888 -1.44206e+02
 22 -0.02147  3.20367e+02 | 23 -0.01573 -1.12910e+02 | 24 -0.01211 -1.29519e+02
 25 -0.00889  1.75212e+02 | 26 -0.01028 -1.93797e+02 | 27 -0.00243 -2.30369e+02
 28 -0.00558 -1.50616e+01 | 29 -0.00054 -1.05265e+02 | 30  0.00058 -7.45156e+01
 31  0.00356  2.38470e+02 | 32 -0.00146  1.71486e+02 | 33  0.00172  2.28673e+02
 34  0.00544  1.58565e+02 | 35  0.00683  2.28636e+02 | 36  0.00231 -7.76327e+01
 37  0.00674  2.18954e+02 | 38  0.00942  1.09052e+02 | 39  0.01048  1.35363e+02
 40  0.01081  1.48935e+02 | 41  0.01239  7.33696e+01 | 42  0.01166  2.57073e+02
 43  0.01286  1.25727e+02 | 44  0.01320  2.10079e+02 | 45  0.01414  1.30621e+02
 46  0.01413  1.25461e+03 | 47 -0.00478 -1.33762e+03 | 48  0.13888 -1.28222e+04
 49 -0.07518  1.42797e+02 | 50 -0.05629  1.21093e+03 | 51 -0.05058  5.53780e+02
 52 -0.04202  3.57204e+02 | 53 -0.03253  4.60561e+02 | 54 -0.02937  1.22676e+02
 55 -0.02515  1.86127e+02 | 56 -0.01887  5.32826e+02 | 57 -0.00739  3.64488e+02
 58 -0.00112  4.05683e+02 | 59  0.00545  1.16411e+02 | 60  0.01820 -3.05135e+01
 61  0.01747 -4.19646e+02 | 62  0.01352 -1.57543e+02 | 63  0.01140 -2.62882e+02
 64  0.01122 -3.07708e+02 | 65  0.01105 -9.38125e+01 | 66  0.01443 -2.55442e+02
 67  0.01115 -1.92000e+02 | 68  0.01444 -2.46545e+02 | 69  0.01646 -2.07199e+02
 70  0.01858  7.72174e+01 | 71  0.02352 -1.43109e+02 | 72  0.02569 -5.92797e+01
 73  0.02353 -1.53147e+02 | 74  0.02199  1.06296e+02 | 75  0.02045 -9.60101e+02
 76  0.02517 -6.08388e+01 | 77  0.03720  7.36938e+02 | 78 -0.12369  4.87011e+02
 79 -0.61549 -5.55540e+03 | 80 -0.56342  1.94371e+03 |
2 0 22675.8
2 0 22498
2 0 22491
2 0 22479.8
2 0 22468.7
2 0 22471.6
2 0 22466.1
2 0 22464.7
2 0 22463
2 0 22461.9
2 0 22460.8
2 0 22459.6
80 variables; iteration 90; function evaluation 120; phase 2
Function value   2.2459629e+04; maximum gradient component mag  -2.4909e+03
Var   Value    Gradient   |Var   Value    Gradient   |Var   Value    Gradient
  1 -0.65394 -2.50163e+02 |  2 -0.57792  1.02262e+01 |  3  0.25566 -1.44715e+02
  4  0.25521 -1.51402e+02 |  5  0.17787 -3.12628e+01 |  6  0.12170 -1.86493e+01
  7  0.08810  2.14226e+00 |  8  0.06388 -8.05063e+00 |  9  0.04772  5.67025e+00
 10  0.03357  3.36243e+00 | 11  0.02102 -8.30556e+00 | 12  0.01287 -4.49014e+00
 13  0.00761  1.53519e+00 | 14  0.00324  3.41491e+00 | 15 -0.00095 -9.60499e-01
 16 -0.00378  8.99535e-01 | 17 -0.00587 -3.76586e+00 | 18  0.09504  3.88434e+02
 19 -0.01410  3.42978e+02 | 20 -0.02138 -1.46274e+02 | 21 -0.02128 -1.07072e+02
 22 -0.02358  9.03398e+00 | 23 -0.01657 -5.30227e+01 | 24 -0.01274 -3.64167e+01
 25 -0.00977 -3.27950e+01 | 26 -0.01063 -2.13016e+01 | 27 -0.00275 -2.76467e+01
 28 -0.00582 -8.42021e+00 | 29 -0.00022 -7.17093e+00 | 30  0.00118 -2.67075e+01
 31  0.00351  8.75727e+00 | 32 -0.00140  1.61342e+01 | 33  0.00172 -8.06162e+00
 34  0.00597  2.59718e+01 | 35  0.00716 -1.09734e+01 | 36  0.00275  8.40694e+00
 37  0.00724  3.96299e+01 | 38  0.01021  2.54506e+01 | 39  0.01100  1.13399e+01
 40  0.01108  5.32009e+00 | 41  0.01250  4.13902e+00 | 42  0.01162  1.63207e+01
 43  0.01294  4.87532e+00 | 44  0.01349  2.82481e+01 | 45  0.01433  3.13233e+01
 46  0.01405  1.76825e+02 | 47 -0.00054 -2.72353e+02 | 48  0.14451 -2.49092e+03
 49 -0.07115 -5.46912e+01 | 50 -0.05569 -1.56667e+01 | 51 -0.04936 -6.25519e+01
 52 -0.04053 -9.89513e+00 | 53 -0.03148  1.14608e+01 | 54 -0.02802  2.13927e+01
 55 -0.02394  7.42765e+00 | 56 -0.01867  3.35151e+01 | 57 -0.00702  1.04970e+01
 58 -0.00109  1.89900e+01 | 59  0.00624  2.31539e+01 | 60  0.01850  1.03732e+01
 61  0.01877 -5.45894e+00 | 62  0.01405  2.43600e+01 | 63  0.01212  1.65666e+01
 64  0.01191  3.40962e+01 | 65  0.01152  2.54563e+01 | 66  0.01475 -2.10439e+01
 67  0.01157  4.11405e+00 | 68  0.01465 -1.02605e+01 | 69  0.01665  1.32266e+01
 70  0.01810  2.47128e+01 | 71  0.02345  1.08532e+01 | 72  0.02514  1.16560e+01
 73  0.02350  1.58468e+01 | 74  0.02120 -7.01082e+00 | 75  0.02009 -1.85719e+02
 76  0.02427  3.03768e+01 | 77  0.02034  9.66804e+01 | 78 -0.03210  2.44214e+02
 79 -0.61696 -5.96203e+02 | 80 -0.57379  1.83911e+02 |
2 0 22458.6
2 0 22457.1
2 0 22455.6
2 0 22455.2
2 0 22454.6
2 0 22454.4
2 0 22454.1
2 0 22453.5
2 0 22452.7
2 0 22452.6
2 0 22452.1
80 variables; iteration 100; function evaluation 131; phase 2
Function value   2.2452089e+04; maximum gradient component mag  -6.4896e+02
Var   Value    Gradient   |Var   Value    Gradient   |Var   Value    Gradient
  1 -0.62480 -1.40139e+02 |  2 -0.50878  5.13444e+01 |  3  0.26923 -9.90425e+01
  4  0.26244 -1.26107e+02 |  5  0.18562 -2.29682e+01 |  6  0.12911 -4.65534e+00
  7  0.09156 -1.00846e+01 |  8  0.06689  1.90436e+00 |  9  0.04722 -3.07680e+00
 10  0.03198 -3.73095e+00 | 11  0.02030 -3.86598e+00 | 12  0.01163 -2.05728e+00
 13  0.00509 -7.14328e-01 | 14  0.00005 -3.28381e-01 | 15 -0.00373 -3.73009e-01
 16 -0.00634 -1.66361e+00 | 17 -0.00747 -5.12885e-01 | 18  0.09407  1.97585e+02
 19 -0.01399  3.48038e+02 | 20 -0.02228 -1.11549e+02 | 21 -0.02231 -6.49260e+01
 22 -0.02444 -3.60310e+01 | 23 -0.01704 -3.78108e+01 | 24 -0.01318 -2.94413e+01
 25 -0.01022 -2.59811e+01 | 26 -0.01105 -2.28692e+01 | 27 -0.00320 -3.77975e+01
 28 -0.00620 -8.80805e+00 | 29 -0.00019 -1.57661e+01 | 30  0.00138 -2.13769e+01
 31  0.00345  4.39377e+00 | 32 -0.00138 -1.42051e+01 | 33  0.00216 -3.38846e+00
 34  0.00645  9.64001e+00 | 35  0.00744  1.84217e+01 | 36  0.00284 -2.08434e+01
 37  0.00745  1.09481e+01 | 38  0.01051 -5.54115e+00 | 39  0.01123 -1.34327e+00
 40  0.01133 -1.97050e+00 | 41  0.01274  3.16387e+00 | 42  0.01177  1.82332e+01
 43  0.01310  1.26192e+01 | 44  0.01391  2.68381e+01 | 45  0.01490  9.25350e+00
 46  0.01431  5.23886e+01 | 47  0.00050 -5.53712e+01 | 48  0.15324 -5.57802e+02
 49 -0.06853 -3.90650e+01 | 50 -0.05335 -1.01604e+01 | 51 -0.04719  1.96346e+01
 52 -0.03884  2.25859e+01 | 53 -0.03020  2.85843e+01 | 54 -0.02696  2.58407e+01
 55 -0.02313  2.88953e+01 | 56 -0.01832  3.07204e+01 | 57 -0.00684  1.76240e+01
 58 -0.00128  1.70242e+01 | 59  0.00609  3.12641e+01 | 60  0.01818 -1.17709e+01
 61  0.01862  1.07963e+01 | 62  0.01367  6.33509e+00 | 63  0.01155 -1.52574e+01
 64  0.01129 -1.60621e+01 | 65  0.01098  7.20796e+00 | 66  0.01392  3.70451e+00
 67  0.01050 -3.95974e+00 | 68  0.01355 -4.08970e+00 | 69  0.01547 -2.33097e-01
 70  0.01688  9.00429e+00 | 71  0.02223 -4.80563e+00 | 72  0.02372 -1.43679e+01
 73  0.02200 -3.31184e+01 | 74  0.01981 -2.28054e+01 | 75  0.01904 -6.87696e+01
 76  0.02350  1.33089e+01 | 77  0.02348  2.82469e+01 | 78  0.03876  1.29768e+02
 79 -0.59990 -6.48957e+02 | 80 -0.53699  2.56036e+02 |
2 0 22451.8
2 0 22451.4
2 0 22451
2 0 22450.8
2 0 22450.6
2 0 22450.4
2 0 22450.4
2 0 22450.3
2 0 22450.3
2 0 22450.3
80 variables; iteration 110; function evaluation 141; phase 2
Function value   2.2450316e+04; maximum gradient component mag  -1.0236e+02
Var   Value    Gradient   |Var   Value    Gradient   |Var   Value    Gradient
  1 -0.60823 -5.70706e+00 |  2 -0.48681  1.91412e-01 |  3  0.27608  4.48656e-01
  4  0.26392  2.07776e+01 |  5  0.18592  1.25015e+00 |  6  0.12940 -1.77454e+00
  7  0.09358  2.58196e+00 |  8  0.06852 -1.94997e+00 |  9  0.05067  1.42222e+00
 10  0.03678  1.58225e+00 | 11  0.02560  1.02066e+00 | 12  0.01661  3.79602e-01
 13  0.00953  8.12564e-02 | 14  0.00414  3.41308e-02 | 15  0.00027  1.28332e-01
 16 -0.00223  2.45225e-01 | 17 -0.00348  1.30474e-01 | 18  0.09355 -1.09503e+01
 19 -0.01857 -5.44628e+01 | 20 -0.02354  1.64877e+01 | 21 -0.02300  3.23618e+00
 22 -0.02476 -8.27568e-01 | 23 -0.01702  3.14721e+00 | 24 -0.01312  1.09615e+00
 25 -0.01024 -1.15146e+00 | 26 -0.01102 -3.51386e-01 | 27 -0.00309  5.09592e+00
 28 -0.00604  2.07830e+00 | 29  0.00018  1.21946e+00 | 30  0.00188  5.14063e+00
 31  0.00382  3.14180e+00 | 32 -0.00114 -2.39152e-01 | 33  0.00260 -6.74337e+00
 34  0.00694 -1.49625e+00 | 35  0.00777 -4.44688e+00 | 36  0.00315  7.15404e+00
 37  0.00791  6.77704e+00 | 38  0.01110  6.66379e+00 | 39  0.01178  7.42188e+00
 40  0.01184  4.00020e+00 | 41  0.01317  1.40295e+00 | 42  0.01209 -1.62816e+00
 43  0.01341 -2.11691e+00 | 44  0.01438 -5.07658e+00 | 45  0.01543  1.27604e+00
 46  0.01431  2.53368e+00 | 47 -0.00027  2.19077e-01 | 48  0.15928 -1.02363e+02
 49 -0.06705 -1.56509e+00 | 50 -0.05189 -5.02708e+00 | 51 -0.04590 -4.54249e+00
 52 -0.03776 -4.86575e+00 | 53 -0.02932 -3.75873e+00 | 54 -0.02622 -1.31723e+00
 55 -0.02259  2.24243e-01 | 56 -0.01805  2.20148e-01 | 57 -0.00668  5.87974e-02
 58 -0.00137  8.86923e-01 | 59  0.00592 -8.50031e+00 | 60  0.01811  3.24809e+00
 61  0.01852 -3.00814e+00 | 62  0.01345  7.37097e+00 | 63  0.01122  9.07780e+00
 64  0.01093  8.88273e+00 | 65  0.01063 -1.14491e+00 | 66  0.01332 -7.00839e+00
 67  0.00985 -3.80072e+00 | 68  0.01283 -6.64260e+00 | 69  0.01474 -4.51553e+00
 70  0.01610 -5.66586e+00 | 71  0.02147 -1.68979e+00 | 72  0.02280  2.38091e+00
 73  0.02110  9.49185e+00 | 74  0.01894  4.30034e+00 | 75  0.01866  4.18796e-01
 76  0.02409  4.28684e+00 | 77  0.02393  3.64227e+00 | 78  0.07411  1.55444e+01
 79 -0.59017 -2.78653e+01 | 80 -0.52161  1.19397e+01 |
2 0 22450.3
2 0 22450.3
2 0 22450.3
2 0 22450.3
2 0 22450.3
2 0 22450.3
2 0 22450.3
2 0 22450.3
2 0 22450.3
2 0 22450.3
80 variables; iteration 120; function evaluation 151; phase 2
Function value   2.2450287e+04; maximum gradient component mag   3.1039e-01
Var   Value    Gradient   |Var   Value    Gradient   |Var   Value    Gradient
  1 -0.60673  6.13667e-02 |  2 -0.48446 -3.00526e-02 |  3  0.27714  3.44807e-02
  4  0.26471  1.98935e-03 |  5  0.18713  5.73110e-03 |  6  0.13063  5.00247e-03
  7  0.09416 -4.79371e-04 |  8  0.06904  1.99321e-03 |  9  0.05041 -1.81980e-03
 10  0.03604 -1.40092e-03 | 11  0.02474 -8.14993e-04 | 12  0.01580  5.69214e-05
 13  0.00881 -3.49486e-05 | 14  0.00347 -3.76028e-04 | 15 -0.00040  7.64554e-04
 16 -0.00292 -1.94032e-03 | 17 -0.00416  1.15444e-03 | 18  0.09392 -2.86569e-02
 19 -0.01792 -1.39216e-02 | 20 -0.02351  6.55317e-02 | 21 -0.02304  1.29136e-01
 22 -0.02481  1.10247e-01 | 23 -0.01707  6.42357e-02 | 24 -0.01316  5.78009e-02
 25 -0.01028  7.21751e-02 | 26 -0.01106  8.95996e-02 | 27 -0.00314  8.82999e-02
 28 -0.00608  3.72137e-02 | 29  0.00016  1.40515e-02 | 30  0.00186 -5.47388e-02
 31  0.00378 -6.59849e-02 | 32 -0.00114 -5.91498e-02 | 33  0.00262 -5.40889e-02
 34  0.00697 -3.30689e-02 | 35  0.00779 -9.14010e-03 | 36  0.00314 -3.45582e-02
 37  0.00788 -6.08187e-02 | 38  0.01107 -4.83393e-02 | 39  0.01174 -4.65002e-02
 40  0.01182 -4.48142e-02 | 41  0.01316 -7.19330e-02 | 42  0.01209 -7.92846e-02
 43  0.01341 -6.96476e-02 | 44  0.01441 -3.93662e-02 | 45  0.01545 -3.16348e-02
 46  0.01426  5.39775e-02 | 47 -0.00041  3.79242e-02 | 48  0.15975 -2.39191e-01
 49 -0.06689  3.00752e-02 | 50 -0.05177 -6.67319e-02 | 51 -0.04580 -8.07605e-02
 52 -0.03769 -3.35158e-02 | 53 -0.02927 -9.16415e-03 | 54 -0.02618 -1.19454e-02
 55 -0.02256 -4.60166e-02 | 56 -0.01804 -8.87675e-02 | 57 -0.00668 -1.10277e-01
 58 -0.00138 -7.97212e-02 | 59  0.00592  1.18392e-02 | 60  0.01806  7.73037e-02
 61  0.01850  1.23118e-01 | 62  0.01341  1.10612e-01 | 63  0.01118  9.13916e-02
 64  0.01089  4.70972e-02 | 65  0.01060  2.52502e-02 | 66  0.01328  9.50838e-03
 67  0.00979 -1.53595e-02 | 68  0.01277 -3.59458e-02 | 69  0.01467 -4.54619e-02
 70  0.01604 -2.32446e-02 | 71  0.02140 -2.64633e-03 | 72  0.02272  1.64230e-02
 73  0.02101  1.77050e-02 | 74  0.01887  3.41754e-02 | 75  0.01864  2.63843e-02
 76  0.02415 -6.77123e-03 | 77  0.02415  1.27385e-02 | 78  0.07636 -1.56430e-03
 79 -0.58904  3.10386e-01 | 80 -0.51963 -9.97192e-02 |
2 0 22450.3
2 0 22450.3
2 0 22450.3
2 0 22450.3
2 0 22450.3
2 0 22450.3

 - final statistics:
80 variables; iteration 126; function evaluation 157
Function value   2.2450e+04; maximum gradient component mag   7.7405e-04
Exit code = 1;  converg criter   1.0000e-03
Var   Value    Gradient   |Var   Value    Gradient   |Var   Value    Gradient
  1 -0.60673  5.13340e-04 |  2 -0.48446 -1.10900e-04 |  3  0.27714  8.89670e-05
  4  0.26471 -4.77989e-06 |  5  0.18713 -1.84471e-05 |  6  0.13063 -2.31050e-05
  7  0.09416  6.13270e-06 |  8  0.06903 -1.05794e-05 |  9  0.05042  1.44943e-05
 10  0.03604  1.03155e-05 | 11  0.02474 -4.79111e-06 | 12  0.01581 -4.37453e-06
 13  0.00881  4.45515e-07 | 14  0.00347  3.30442e-06 | 15 -0.00040 -5.39932e-07
 16 -0.00292  6.39531e-06 | 17 -0.00416 -5.19581e-06 | 18  0.09392 -1.39966e-04
 19 -0.01792 -6.37347e-06 | 20 -0.02351  8.97537e-05 | 21 -0.02304  4.48480e-05
 22 -0.02481  5.43355e-05 | 23 -0.01707 -4.92260e-05 | 24 -0.01316 -5.02497e-05
 25 -0.01028  2.49300e-05 | 26 -0.01106  6.79985e-05 | 27 -0.00314  8.11280e-06
 28 -0.00608  1.83141e-06 | 29  0.00016 -1.21966e-05 | 30  0.00186 -3.24097e-05
 31  0.00378 -5.21828e-05 | 32 -0.00114 -2.01434e-05 | 33  0.00262 -6.58316e-05
 34  0.00697  6.28521e-05 | 35  0.00779  2.75313e-05 | 36  0.00314 -3.45508e-05
 37  0.00788 -4.56460e-05 | 38  0.01107  3.81543e-06 | 39  0.01174  4.44944e-05
 40  0.01182  2.18827e-05 | 41  0.01316 -2.41379e-05 | 42  0.01209 -7.06164e-05
 43  0.01341 -9.97208e-05 | 44  0.01441 -3.16718e-05 | 45  0.01545 -9.94822e-06
 46  0.01426  2.41352e-04 | 47 -0.00041 -9.23128e-05 | 48  0.15975 -4.59415e-04
 49 -0.06689 -5.12972e-05 | 50 -0.05177 -1.05848e-04 | 51 -0.04580 -2.29429e-04
 52 -0.03769  1.87884e-05 | 53 -0.02927  2.17814e-04 | 54 -0.02618  1.55707e-04
 55 -0.02256 -3.46840e-05 | 56 -0.01804 -1.20375e-04 | 57 -0.00668 -1.77679e-04
 58 -0.00138 -9.19826e-05 | 59  0.00592 -3.18668e-07 | 60  0.01806  1.81513e-04
 61  0.01850  2.55198e-04 | 62  0.01341  2.12027e-04 | 63  0.01117 -1.72930e-05
 64  0.01089 -1.46539e-04 | 65  0.01060 -1.07515e-04 | 66  0.01328 -7.32857e-05
 67  0.00979 -2.56431e-05 | 68  0.01277 -1.18672e-05 | 69  0.01467  7.78316e-05
 70  0.01604  1.48405e-04 | 71  0.02140  1.16057e-04 | 72  0.02272  8.64507e-05
 73  0.02101  1.54589e-05 | 74  0.01887  1.93578e-07 | 75  0.01864 -1.51291e-04
 76  0.02415 -1.06424e-04 | 77  0.02415  2.37671e-06 | 78  0.07636 -1.88750e-04
 79 -0.58904  7.74051e-04 | 80 -0.51963 -2.63179e-04 |
2 0 22450.3
B040662.9
0.3 0.663388
0.568618 0.533519
0.866767 0.454083
1.12453 0.410689
1.31952 0.38653
1.45724 0.372497
1.55091 0.364063
1.61322 0.358874
1.65413 0.355633
1.68075 0.35359
1.69799 0.352293
1.70911 0.351467
1.71628 0.350939
1.72088 0.350602
1.72384 0.350386
1.72574 0.350247
1.72696 0.350159
1.72775 0.350102
1.72825 0.350065
1.72857 0.350042
1.72878 0.350042
Survey Bio33.0484
Survey len11160.6
CPUE58.0976
Catch5.20802
Catch len11170.2
initsmo_penal18.6142
F_pen1.6936
Rec_pen2.76135
M_pen0


Starting time: Sun Jun 17 22:26:05 2018
Finishing time: Sun Jun 17 22:26:28 2018
This run took: 0 hours, 0 minutes, 23 seconds.

