survYears 71 72 73 74 75 76 77 78 79 80 81 82 83 84 85 86 87 88 89 90 91 92 93 94 95 96 97 98 99
SurvLenYear 71 72 73 74 75 76 77 78 79 80 81 82 83 84 85 86 87 88 89 90 91 92 93 94 95 96 97 98 99
catchBiomass 5340.82 5066.75 5220.83 7822.81 11066 12984.1 13716.7 15943 24496.8 36545.7 46610.3 53833.8 75479.5 99859.6 111435 96812.8 76512.8 83909.6 91579.7 79540.9 84760.6 93261.7 98922.9 99044.2 109498 107537 105933 99947.6 1.4191
steep0.999
25
Out
1 0 74920.1

Initial statistics: 75 variables; iteration 0; function evaluation 0; phase 1
Function value   7.4920074e+04; maximum gradient component mag   1.8046e+05
Var   Value    Gradient   |Var   Value    Gradient   |Var   Value    Gradient
  1  0.22800  1.59712e+03 |  2  0.22329  3.34310e+03 |  3  0.20288  3.05612e+03
  4  0.19907  3.66192e+03 |  5  0.17575  2.44468e+03 |  6  0.18014  3.24137e+03
  7  0.15477  1.91808e+03 |  8  0.14335  1.67031e+03 |  9  0.11893  9.09986e+02
 10  0.11885  1.04542e+03 | 11  0.11382  9.71706e+02 | 12  0.10159  7.50853e+02
 13  0.08455  4.63752e+02 | 14  0.08040  3.15257e+02 | 15  0.12218  1.35353e+03
 16 -0.02746 -1.75680e+04 | 17  0.00000 -2.41336e+04 | 18  0.00000 -3.92387e+03
 19  0.00000 -3.33708e+03 | 20  0.00000 -5.41121e+03 | 21  0.00000 -7.17309e+03
 22  0.00000 -5.58639e+03 | 23  0.00000  1.08403e+03 | 24  0.00000  8.65155e+03
 25  0.00000  9.66250e+03 | 26  0.00000  9.42237e+03 | 27  0.00000  1.07907e+04
 28  0.00000  1.49422e+04 | 29  0.00000  1.24453e+04 | 30  0.00000  7.63543e+03
 31  0.00000  2.39393e+03 | 32  0.00000  2.45210e+03 | 33  0.00000  8.25159e+03
 34  0.00000  7.00618e+03 | 35  0.00000  4.30397e+03 | 36  0.00000  8.73608e+03
 37  0.00000  9.26783e+03 | 38  0.00000  8.40986e+03 | 39  0.00000  5.76428e+03
 40  0.00000  2.10741e+03 | 41  0.00000 -1.03364e+04 | 42  0.00000 -3.20219e+04
 43  0.00000 -7.58540e+04 | 44  0.00000 -1.46007e+05 | 45  0.00000  1.80457e+05
 46  0.11287  2.27226e+04 | 47  0.00000  6.05194e+04 | 48  0.00000  4.33979e+04
 49  0.00000  3.19550e+04 | 50  0.00000  2.50670e+04 | 51  0.00000  2.17044e+04
 52  0.00000  1.45799e+04 | 53  0.00000  3.84095e+03 | 54  0.00000 -5.22721e+03
 55  0.00000 -1.16001e+04 | 56  0.00000 -1.74751e+04 | 57  0.00000 -2.37634e+04
 58  0.00000 -2.78280e+04 | 59  0.00000 -2.86081e+04 | 60  0.00000 -2.52530e+04
 61  0.00000 -2.29999e+04 | 62  0.00000 -2.38051e+04 | 63  0.00000 -2.45553e+04
 64  0.00000 -2.42699e+04 | 65  0.00000 -2.52034e+04 | 66  0.00000 -2.69697e+04
 67  0.00000 -2.75712e+04 | 68  0.00000 -2.62447e+04 | 69  0.00000 -2.19404e+04
 70  0.00000 -1.15591e+04 | 71  0.00000  9.90534e+03 | 72  0.00000  4.65870e+04
 73  0.00000  8.33195e+04 | 74  0.00000  3.50585e+04 | 75  0.00000 -1.06135e+03
1 0 74920.1
1 0 74919.9
1 0 74917.9
1 0 74897.9
1 0 74697.7
1 0 72683.6
1 0 53056.2
1 0 31337
1 0 116293
1 0 27593.7
1 0 24866
1 0 25151
1 0 23902.2
1 0 22671.1
1 0 23152.7
1 0 22158.4
1 0 22482.9
1 0 21947
1 0 21771.4
1 0 22824.6
1 0 21749.5

Intermediate statistics: 75 variables; iteration 10; function evaluation 21; phase 1
Function value   2.1749621e+04; maximum gradient component mag   1.1540e+05
Var   Value    Gradient   |Var   Value    Gradient   |Var   Value    Gradient
  1  0.24652  7.00980e+02 |  2  0.21997  5.45602e+02 |  3  0.19553  6.06619e+02
  4  0.18782  7.84606e+02 |  5  0.16982  5.44529e+02 |  6  0.16971  7.42155e+02
  7  0.14978  4.55765e+02 |  8  0.13783  4.22842e+02 |  9  0.11747  2.05299e+02
 10  0.11549  2.74188e+02 | 11  0.11050  2.65433e+02 | 12  0.09906  2.05441e+02
 13  0.08393  9.63233e+01 | 14  0.08196  1.82696e+01 | 15  0.11588  4.07185e+02
 16  0.03651 -1.68551e+04 | 17  0.01637 -1.04428e+04 | 18  0.01534  5.94397e+03
 19  0.00829  2.72936e+03 | 20  0.00359  9.27664e+02 | 21  0.00444  8.10122e+02
 22  0.00649  8.85664e+02 | 23  0.00726  9.11426e+02 | 24  0.00543  1.38226e+03
 25  0.00797  1.49671e+03 | 26  0.01171  1.24179e+03 | 27  0.01559  1.43402e+03
 28  0.01178  2.02707e+03 | 29  0.01002  9.08808e+02 | 30  0.00784 -1.23207e+03
 31  0.01112 -2.35709e+03 | 32  0.01508 -1.79031e+03 | 33  0.01149 -1.97200e+02
 34  0.01304 -4.52008e+02 | 35  0.01806 -1.37757e+03 | 36  0.01682  3.14021e+01
 37  0.01760  1.83128e+02 | 38  0.01656 -1.70161e+02 | 39  0.01660 -5.08463e+02
 40  0.01266 -3.81285e+02 | 41  0.01013 -1.40492e+03 | 42  0.00204 -4.61991e+03
 43  0.00223 -6.58304e+03 | 44  0.03973  7.39353e+03 | 45 -0.34930  4.57785e+03
 46  0.14741  1.15398e+05 | 47 -0.07910 -2.36389e+03 | 48 -0.06345 -2.31732e+03
 49 -0.05434 -3.27315e+03 | 50 -0.04735 -3.33049e+03 | 51 -0.04835 -3.03870e+03
 52 -0.04261 -2.38145e+03 | 53 -0.02701 -7.82343e+02 | 54 -0.01241  6.30362e+02
 55 -0.00357  1.00218e+03 | 56  0.00521  1.53878e+03 | 57  0.01523  2.53680e+03
 58  0.02442  2.70678e+03 | 59  0.02674  1.85046e+03 | 60  0.02122  7.76672e+02
 61  0.01780  1.20754e+03 | 62  0.01805  1.96080e+03 | 63  0.02083  1.93966e+03
 64  0.02071  1.77278e+03 | 65  0.02041  2.34802e+03 | 66  0.02453  2.80849e+03
 67  0.02721  2.78996e+03 | 68  0.02870  2.52490e+03 | 69  0.02847  2.05077e+03
 70  0.02661  4.95708e+02 | 71  0.01993 -3.50419e+02 | 72  0.01584  8.94133e+01
 73  0.00250 -6.02798e+03 | 74  0.01851 -1.51237e+03 | 75 -0.00512 -5.59038e+03
1 0 21771.1
1 0 21742.1
1 0 21753
1 0 21739.9
1 0 21737.3
1 0 21735.4
1 0 21732.7
1 0 21730.9
1 0 21729.4
1 0 21727.3
1 0 21723.3
1 0 21720
75 variables; iteration 20; function evaluation 33; phase 1
Function value   2.1722202e+04; maximum gradient component mag   1.1166e+05
Var   Value    Gradient   |Var   Value    Gradient   |Var   Value    Gradient
  1  0.27244  1.09744e+03 |  2  0.26700  1.01073e+03 |  3  0.22435  5.66272e+02
  4  0.20551  5.86228e+02 |  5  0.18620  4.25393e+02 |  6  0.17970  5.06745e+02
  7  0.15948  3.22110e+02 |  8  0.14196  2.34888e+02 |  9  0.12678  1.63490e+02
 10  0.11774  1.51413e+02 | 11  0.11034  1.48054e+02 | 12  0.09969  1.01873e+02
 13  0.09185  5.23890e+01 | 14  0.09703  9.30577e+01 | 15  0.10709  1.71102e+02
 16  0.03989 -1.53478e+04 | 17  0.02619 -1.00694e+04 | 18  0.02022  6.60336e+03
 19  0.01046  2.93568e+03 | 20  0.00500  1.10617e+03 | 21  0.00573  1.10284e+03
 22  0.00782  1.28520e+03 | 23  0.00864  1.46334e+03 | 24  0.00518  1.36064e+03
 25  0.00715  1.42449e+03 | 26  0.01130  1.38311e+03 | 27  0.01493  1.52171e+03
 28  0.00966  1.33888e+03 | 29  0.00974  9.66611e+02 | 30  0.00899 -3.34363e+02
 31  0.01304 -9.06462e+02 | 32  0.01619 -6.73951e+02 | 33  0.01145 -7.62031e+01
 34  0.01327 -2.41566e+02 | 35  0.01856 -9.03944e+02 | 36  0.01654  3.91161e+02
 37  0.01642  1.49755e+02 | 38  0.01508 -4.46370e+02 | 39  0.01514 -5.00224e+02
 40  0.01156 -9.75626e+01 | 41  0.00908 -1.54426e+03 | 42  0.00145 -4.38597e+03
 43  0.00101 -6.71632e+03 | 44  0.04015  8.05519e+03 | 45 -0.35417  4.35924e+03
 46  0.14882  1.11660e+05 | 47 -0.07702 -1.94960e+03 | 48 -0.06381 -2.30309e+03
 49 -0.05480 -2.93599e+03 | 50 -0.04724 -2.70814e+03 | 51 -0.04858 -2.65831e+03
 52 -0.04271 -2.08602e+03 | 53 -0.02770 -6.93149e+02 | 54 -0.01370  5.98878e+02
 55 -0.00508  8.77560e+02 | 56  0.00449  1.76030e+03 | 57  0.01393  2.78756e+03
 58  0.02382  3.45320e+03 | 59  0.02550  1.61622e+03 | 60  0.02046  2.50967e+02
 61  0.01629  2.72147e+02 | 62  0.01607  1.09975e+03 | 63  0.01949  1.63175e+03
 64  0.02026  1.87557e+03 | 65  0.01897  1.96045e+03 | 66  0.02236  2.17431e+03
 67  0.02606  2.92667e+03 | 68  0.02741  2.61552e+03 | 69  0.02553  1.14884e+03
 70  0.02543  5.28090e+02 | 71  0.01856 -4.05117e+02 | 72  0.01326 -4.26385e+02
 73  0.00413 -5.34410e+03 | 74  0.02190 -1.16752e+03 | 75  0.01558 -5.32951e+03
1 0 21718.3
1 0 21715
1 0 21709.3
1 0 21713.5
1 0 21707.7
1 0 21711.8
1 0 21707.8
1 0 21707.5
1 0 21707
1 0 21706.7
1 0 21706.3
1 0 21706.1
1 0 21706
75 variables; iteration 30; function evaluation 46; phase 1
Function value   2.1708308e+04; maximum gradient component mag   1.1098e+05
Var   Value    Gradient   |Var   Value    Gradient   |Var   Value    Gradient
  1  0.28931  6.53605e+02 |  2  0.28847  7.65319e+02 |  3  0.24544  4.60640e+02
  4  0.22638  5.07849e+02 |  5  0.20739  3.87612e+02 |  6  0.19809  4.31782e+02
  7  0.17745  2.79407e+02 |  8  0.15836  1.98936e+02 |  9  0.14064  1.26369e+02
 10  0.12914  1.13498e+02 | 11  0.11929  9.92572e+01 | 12  0.10931  6.45949e+01
 13  0.10449  4.69234e+01 | 14  0.10821  7.40076e+01 | 15  0.11466  1.18103e+02
 16  0.04171 -1.39401e+04 | 17  0.03307 -5.59158e+03 | 18  0.01871  5.40065e+03
 19  0.00890  2.44666e+03 | 20  0.00448  8.96246e+02 | 21  0.00590  1.10207e+03
 22  0.00783  1.11750e+03 | 23  0.00870  1.29516e+03 | 24  0.00494  1.21608e+03
 25  0.00619  1.03297e+03 | 26  0.01074  1.23355e+03 | 27  0.01462  1.46946e+03
 28  0.00974  1.35006e+03 | 29  0.00977  8.95502e+02 | 30  0.00925 -2.64529e+02
 31  0.01324 -9.19956e+02 | 32  0.01669 -4.99832e+02 | 33  0.01187 -5.10522e+01
 34  0.01372 -1.19867e+02 | 35  0.01861 -8.00675e+02 | 36  0.01581  4.88819e+00
 37  0.01634  1.20725e+02 | 38  0.01535 -2.71700e+02 | 39  0.01462 -7.40090e+02
 40  0.01121 -5.11657e+02 | 41  0.00966 -1.73755e+03 | 42  0.00195 -4.45622e+03
 43  0.00177 -6.57841e+03 | 44  0.03947  8.13824e+03 | 45 -0.35743  3.75973e+03
 46  0.14966  1.10976e+05 | 47 -0.07666 -2.25775e+03 | 48 -0.06509 -2.49012e+03
 49 -0.05600 -3.00184e+03 | 50 -0.04755 -2.52940e+03 | 51 -0.04895 -2.53635e+03
 52 -0.04297 -1.88206e+03 | 53 -0.02759 -2.83201e+02 | 54 -0.01407  8.77949e+02
 55 -0.00557  1.06554e+03 | 56  0.00359  1.63286e+03 | 57  0.01283  2.41252e+03
 58  0.02297  3.15984e+03 | 59  0.02483  1.40129e+03 | 60  0.02019  2.58761e+02
 61  0.01593  1.92262e+02 | 62  0.01551  9.44409e+02 | 63  0.01916  1.55259e+03
 64  0.01962  1.63103e+03 | 65  0.01821  1.86307e+03 | 66  0.02159  2.08576e+03
 67  0.02544  2.73750e+03 | 68  0.02652  2.38044e+03 | 69  0.02446  1.06174e+03
 70  0.02593  1.18738e+03 | 71  0.01874 -5.49580e+01 | 72  0.01372 -8.93949e+01
 73  0.00481 -5.13460e+03 | 74  0.02299 -1.43200e+03 | 75  0.02618 -5.24203e+03
1 0 21706.4
1 0 21705.9
1 0 21705.9
1 0 21705.7
1 0 21705.6
1 0 21705.6
1 0 21705.5
1 0 21705.4
1 0 21705.4
1 0 21705.4
1 0 21705.4
1 0 21705.3
75 variables; iteration 40; function evaluation 58; phase 1
Function value   2.1707593e+04; maximum gradient component mag   1.1096e+05
Var   Value    Gradient   |Var   Value    Gradient   |Var   Value    Gradient
  1  0.28970  6.06926e+02 |  2  0.28944  7.54041e+02 |  3  0.24825  4.96609e+02
  4  0.22540  4.81274e+02 |  5  0.20420  3.41135e+02 |  6  0.19592  4.05278e+02
  7  0.17620  2.62471e+02 |  8  0.15901  1.92988e+02 |  9  0.14460  1.48031e+02
 10  0.13282  1.18506e+02 | 11  0.12349  1.06792e+02 | 12  0.11407  7.27272e+01
 13  0.10962  5.26703e+01 | 14  0.11429  1.02127e+02 | 15  0.11621  1.04893e+02
 16  0.04184 -1.38150e+04 | 17  0.03329 -5.27321e+03 | 18  0.01864  5.25806e+03
 19  0.00912  2.51477e+03 | 20  0.00464  9.57679e+02 | 21  0.00591  1.08715e+03
 22  0.00789  1.12068e+03 | 23  0.00870  1.29062e+03 | 24  0.00469  1.12784e+03
 25  0.00591  9.67230e+02 | 26  0.01049  1.15857e+03 | 27  0.01467  1.50864e+03
 28  0.00951  1.23579e+03 | 29  0.00966  8.81142e+02 | 30  0.00915 -2.78161e+02
 31  0.01333 -8.54901e+02 | 32  0.01660 -5.81324e+02 | 33  0.01191 -6.38187e+01
 34  0.01373 -1.02736e+02 | 35  0.01838 -8.54505e+02 | 36  0.01561 -5.44779e+01
 37  0.01645  1.44296e+02 | 38  0.01548 -2.53488e+02 | 39  0.01483 -7.09413e+02
 40  0.01147 -4.67586e+02 | 41  0.00965 -1.77399e+03 | 42  0.00198 -4.47773e+03
 43  0.00178 -6.59606e+03 | 44  0.03951  8.12084e+03 | 45 -0.35748  3.75898e+03
 46  0.14964  1.10963e+05 | 47 -0.07674 -2.29319e+03 | 48 -0.06497 -2.41733e+03
 49 -0.05595 -3.02704e+03 | 50 -0.04760 -2.60243e+03 | 51 -0.04898 -2.57964e+03
 52 -0.04279 -1.84479e+03 | 53 -0.02756 -2.77251e+02 | 54 -0.01397  9.51330e+02
 55 -0.00574  1.01747e+03 | 56  0.00361  1.64377e+03 | 57  0.01297  2.50019e+03
 58  0.02304  3.22996e+03 | 59  0.02466  1.31312e+03 | 60  0.02021  2.27406e+02
 61  0.01590  1.81155e+02 | 62  0.01564  1.01307e+03 | 63  0.01929  1.59554e+03
 64  0.01951  1.57615e+03 | 65  0.01793  1.73629e+03 | 66  0.02164  2.09766e+03
 67  0.02547  2.71954e+03 | 68  0.02651  2.32847e+03 | 69  0.02479  1.16097e+03
 70  0.02591  1.14897e+03 | 71  0.01887 -7.63466e+00 | 72  0.01374 -8.73331e+01
 73  0.00502 -5.07725e+03 | 74  0.02306 -1.40358e+03 | 75  0.02542 -5.24412e+03
1 0 21705.3
1 0 21705.3
1 0 21705.2
1 0 21705.2
1 0 21705.2
1 0 21705.1
1 0 21705
1 0 21705.1
1 0 21705
1 0 21705
1 0 21704.9
1 0 21704.8
75 variables; iteration 50; function evaluation 70; phase 1
Function value   2.1707032e+04; maximum gradient component mag   1.1081e+05
Var   Value    Gradient   |Var   Value    Gradient   |Var   Value    Gradient
  1  0.28960  6.03044e+02 |  2  0.28924  7.51641e+02 |  3  0.24779  4.91235e+02
  4  0.22481  4.71084e+02 |  5  0.20503  3.55190e+02 |  6  0.19590  4.07210e+02
  7  0.17477  2.53653e+02 |  8  0.15637  1.77139e+02 |  9  0.14217  1.33501e+02
 10  0.13256  1.19049e+02 | 11  0.12501  1.10849e+02 | 12  0.11731  8.17116e+01
 13  0.11391  7.02544e+01 | 14  0.11685  1.04353e+02 | 15  0.11813  1.07265e+02
 16  0.04181 -1.37889e+04 | 17  0.03325 -5.23324e+03 | 18  0.01854  5.23781e+03
 19  0.00907  2.47883e+03 | 20  0.00454  9.09474e+02 | 21  0.00588  1.11975e+03
 22  0.00779  1.08211e+03 | 23  0.00880  1.32616e+03 | 24  0.00476  1.10558e+03
 25  0.00614  1.01884e+03 | 26  0.01066  1.17443e+03 | 27  0.01467  1.48453e+03
 28  0.00938  1.23044e+03 | 29  0.00943  8.37620e+02 | 30  0.00898 -3.23868e+02
 31  0.01329 -8.84376e+02 | 32  0.01681 -5.18690e+02 | 33  0.01216 -2.97586e+00
 34  0.01385 -8.96081e+01 | 35  0.01847 -8.32068e+02 | 36  0.01572 -4.46273e+01
 37  0.01657  1.65518e+02 | 38  0.01563 -2.13942e+02 | 39  0.01481 -7.01265e+02
 40  0.01120 -5.13929e+02 | 41  0.00932 -1.86341e+03 | 42  0.00188 -4.47488e+03
 43  0.00178 -6.59180e+03 | 44  0.03956  8.12057e+03 | 45 -0.35746  3.76902e+03
 46  0.14973  1.10811e+05 | 47 -0.07692 -2.33623e+03 | 48 -0.06509 -2.42689e+03
 49 -0.05584 -2.92258e+03 | 50 -0.04773 -2.61212e+03 | 51 -0.04917 -2.61292e+03
 52 -0.04294 -1.87647e+03 | 53 -0.02763 -2.75905e+02 | 54 -0.01407  9.31471e+02
 55 -0.00571  1.05123e+03 | 56  0.00372  1.73182e+03 | 57  0.01293  2.51745e+03
 58  0.02283  3.16214e+03 | 59  0.02443  1.26242e+03 | 60  0.02005  2.15255e+02
 61  0.01590  1.98954e+02 | 62  0.01569  1.03945e+03 | 63  0.01933  1.61970e+03
 64  0.01942  1.54730e+03 | 65  0.01795  1.76524e+03 | 66  0.02157  2.08663e+03
 67  0.02548  2.73379e+03 | 68  0.02656  2.36380e+03 | 69  0.02461  1.11222e+03
 70  0.02562  1.09605e+03 | 71  0.01862 -5.49260e+01 | 72  0.01364 -9.21749e+01
 73  0.00503 -5.04823e+03 | 74  0.02302 -1.39357e+03 | 75  0.02752 -5.22453e+03
1 0 21704.6
1 0 21704.5
1 0 21704.5
1 0 21704.3
1 0 21703.9
1 0 21703
1 0 21699.4
1 0 21707.9
1 0 21698.3
1 0 21698.4
1 0 21698.1
1 0 21695.9
1 0 21691.5
1 0 21684.4
75 variables; iteration 60; function evaluation 84; phase 1
Function value   2.1687175e+04; maximum gradient component mag   1.0807e+05
Var   Value    Gradient   |Var   Value    Gradient   |Var   Value    Gradient
  1  0.28937  5.92030e+02 |  2  0.28843  7.24757e+02 |  3  0.24903  5.01895e+02
  4  0.22845  5.19129e+02 |  5  0.20703  4.04061e+02 |  6  0.18507  2.59043e+02
  7  0.17341  2.52085e+02 |  8  0.16186  2.80795e+02 |  9  0.12897  7.70488e+01
 10  0.10634 -1.35268e+01 | 11  0.10911  7.32385e+01 | 12  0.11279  7.55093e+01
 13  0.11962  4.41558e+01 | 14  0.14478  2.45845e+02 | 15  0.15097  2.35544e+02
 16  0.04245 -1.33721e+04 | 17  0.03310 -5.41945e+03 | 18  0.01861  5.32915e+03
 19  0.00915  2.52021e+03 | 20  0.00394  5.37024e+02 | 21  0.00610  1.39179e+03
 22  0.00800  1.14309e+03 | 23  0.00830  1.03936e+03 | 24  0.00449  1.06223e+03
 25  0.00658  1.24739e+03 | 26  0.01077  1.26108e+03 | 27  0.01395  1.19109e+03
 28  0.00916  1.08385e+03 | 29  0.00994  9.96200e+02 | 30  0.00920 -1.41310e+02
 31  0.01252 -1.24127e+03 | 32  0.01734 -2.59786e+02 | 33  0.01189 -1.82771e+02
 34  0.01386  1.00482e+02 | 35  0.01792 -1.08539e+03 | 36  0.01584  7.27002e+01
 37  0.01649  3.48448e+01 | 38  0.01580  2.38605e+01 | 39  0.01408 -1.02597e+03
 40  0.01171 -3.76462e+02 | 41  0.00947 -1.76060e+03 | 42  0.00166 -4.48680e+03
 43  0.00219 -6.36326e+03 | 44  0.03967  8.20113e+03 | 45 -0.35689  3.44275e+03
 46  0.14897  1.08074e+05 | 47 -0.07659 -2.39719e+03 | 48 -0.06509 -2.73952e+03
 49 -0.05518 -2.84907e+03 | 50 -0.04803 -2.97161e+03 | 51 -0.04878 -2.76495e+03
 52 -0.04216 -1.76777e+03 | 53 -0.02766 -4.34539e+02 | 54 -0.01414  5.71405e+02
 55 -0.00556  7.10420e+02 | 56  0.00364  1.41694e+03 | 57  0.01290  2.34961e+03
 58  0.02347  3.25073e+03 | 59  0.02498  1.16800e+03 | 60  0.01945 -2.01904e+02
 61  0.01659  2.26374e+02 | 62  0.01639  1.12981e+03 | 63  0.01909  1.20309e+03
 64  0.01959  1.42056e+03 | 65  0.01782  1.46133e+03 | 66  0.02210  2.11266e+03
 67  0.02594  2.62609e+03 | 68  0.02588  1.81972e+03 | 69  0.02539  1.25264e+03
 70  0.02619  1.01862e+03 | 71  0.01845 -4.43904e+02 | 72  0.01363 -4.26477e+02
 73  0.00543 -5.12916e+03 | 74  0.02215 -1.72371e+03 | 75  0.01562 -5.33487e+03
1 0 21687.7
1 0 21681.9
1 0 21677.4
1 0 21668.1
1 0 21610.8
1 0 21603
1 0 21589.6
1 0 21563.5
1 0 21374.6
1 0 21170.7
1 0 26149.6
1 0 21162.7
1 0 21148.9
1 0 21159.9
1 0 21143.9
75 variables; iteration 70; function evaluation 99; phase 1
Function value   2.1144009e+04; maximum gradient component mag   2.5242e+04
Var   Value    Gradient   |Var   Value    Gradient   |Var   Value    Gradient
  1  0.26299  1.26122e+03 |  2  0.22069  3.16097e+02 |  3  0.18139  2.37105e+02
  4  0.17258  4.01944e+02 |  5  0.16133  3.25577e+02 |  6  0.16343  4.82673e+02
  7  0.15162  3.94835e+02 |  8  0.13295  2.51458e+02 |  9  0.11843  7.02348e+01
 10  0.14495  5.51394e+02 | 11  0.11957  1.01310e+02 | 12  0.13290  4.56945e+02
 13  0.10164  4.97756e+01 | 14  0.10360  6.40687e+01 | 15  0.13757  4.74862e+02
 16  0.04579 -4.68911e+03 | 17  0.01769 -9.75298e+03 | 18  0.01098  3.71093e+03
 19  0.00511  1.30326e+03 | 20  0.00175 -3.25912e+02 | 21  0.00421  2.91012e+02
 22  0.00734  9.98078e+02 | 23  0.00533  4.84460e+01 | 24  0.00029 -7.75915e+02
 25  0.00571  7.38561e+02 | 26  0.00985  1.27360e+03 | 27  0.00870 -1.83953e+02
 28  0.00458 -3.99218e+02 | 29  0.00889  5.01584e+02 | 30  0.01138  1.06208e+03
 31  0.01216 -5.10472e+02 | 32  0.01332 -1.15654e+03 | 33  0.01154  9.56322e+01
 34  0.01406  8.53782e+02 | 35  0.01520 -7.80968e+02 | 36  0.01171 -9.37026e+02
 37  0.01551  3.36680e+01 | 38  0.01765  6.31026e+02 | 39  0.01675  4.03654e+02
 40  0.01064 -1.39458e+03 | 41  0.01221 -1.63286e+03 | 42  0.00870 -3.98399e+03
 43  0.01788  8.01115e+02 | 44  0.04350  1.32045e+04 | 45 -0.34106 -4.96983e+03
 46  0.13882  2.52425e+04 | 47 -0.07421  7.40689e+02 | 48 -0.05946  2.98989e+02
 49 -0.05117 -1.23108e+03 | 50 -0.04357 -1.45321e+03 | 51 -0.04342 -9.60062e+02
 52 -0.03586 -7.71084e+01 | 53 -0.02629 -7.37423e+02 | 54 -0.01283 -8.91806e+01
 55 -0.00134  6.71575e+02 | 56  0.00587  5.11225e+02 | 57  0.01240  5.34900e+02
 58  0.02282  1.19576e+03 | 59  0.03029  1.27600e+03 | 60  0.02526  5.16121e+02
 61  0.01757  4.56946e+01 | 62  0.01801  6.95714e+02 | 63  0.02346  1.14035e+03
 64  0.02203  6.02722e+02 | 65  0.01815  4.36932e+02 | 66  0.02253  1.00334e+03
 67  0.02822  1.68268e+03 | 68  0.03151  1.67205e+03 | 69  0.02815  7.96172e+02
 70  0.02826  7.56984e+02 | 71  0.02885  2.44327e+03 | 72  0.02532  8.05878e+02
 73  0.01093 -5.36789e+03 | 74  0.00097 -5.62172e+03 | 75 -0.05159 -1.46633e+03
1 0 21174.3
1 0 21143.3
1 0 21142.2
1 0 21219
1 0 21142.2
1 0 21142.2
1 0 21142.1
1 0 21142
1 0 21141
1 0 21131.2
1 0 21109.7
1 0 20953.2
1 0 20903.4
1 0 20864.7
1 0 20848.9
75 variables; iteration 80; function evaluation 114; phase 1
Function value   2.0848900e+04; maximum gradient component mag  -1.5041e+03
Var   Value    Gradient   |Var   Value    Gradient   |Var   Value    Gradient
  1  0.24414  1.55435e+02 |  2  0.18660 -3.15768e+01 |  3  0.14370  6.39246e+01
  4  0.12546  1.24236e+02 |  5  0.11545  1.10074e+02 |  6  0.11402  1.85120e+02
  7  0.10080  1.04039e+02 |  8  0.09166  1.19786e+02 |  9  0.07678  5.40317e+01
 10  0.06834  5.50813e+01 | 11  0.06265  8.62262e+01 | 12  0.04837  2.01361e-01
 13  0.04686  1.13016e+01 | 14  0.05455  6.06509e+01 | 15  0.05921  7.23413e+01
 16  0.04168 -4.22019e+02 | 17  0.00635 -1.41624e+03 | 18  0.00694  2.58226e+02
 19  0.00432  8.04856e+01 | 20  0.00528  1.38133e+01 | 21  0.00596 -1.10174e+02
 22  0.00695 -1.44504e+02 | 23  0.00765 -2.16691e-01 | 24  0.00489  1.75824e+02
 25  0.00538  1.24917e+02 | 26  0.00781  5.95571e+01 | 27  0.01047  2.28478e+02
 28  0.00716  2.66688e+02 | 29  0.00831  1.72786e+02 | 30  0.00991  1.08656e+02
 31  0.01375  1.97328e+01 | 32  0.01617  4.38772e+01 | 33  0.01170  1.44685e+02
 34  0.01281  1.01476e+01 | 35  0.01764  8.49991e+01 | 36  0.01517  2.15378e+02
 37  0.01538  1.48448e+02 | 38  0.01540  1.08440e+02 | 39  0.01683  2.69048e+01
 40  0.01655  4.24268e+01 | 41  0.01872 -2.14215e+02 | 42  0.01669 -1.07436e+03
 43  0.01791 -1.50409e+03 | 44  0.02998  1.04164e+03 | 45 -0.34939  8.87422e+02
 46  0.13959  3.04002e+01 | 47 -0.07436  1.17215e+03 | 48 -0.06402  6.68446e+02
 49 -0.05088  5.15737e+02 | 50 -0.04189  3.73711e+02 | 51 -0.04434  2.63866e+02
 52 -0.03983  1.57742e+02 | 53 -0.02569  4.30654e+01 | 54 -0.01297 -3.53372e+01
 55 -0.00587 -2.10993e+02 | 56  0.00188 -2.68714e+02 | 57  0.01081 -2.61360e+02
 58  0.01955 -3.93852e+02 | 59  0.02501 -4.52698e+02 | 60  0.02158 -2.96019e+02
 61  0.01698 -1.95748e+02 | 62  0.01601 -1.79191e+02 | 63  0.01802 -3.98189e+02
 64  0.01836 -3.49661e+02 | 65  0.01704 -2.68680e+02 | 66  0.02024 -3.31881e+02
 67  0.02303 -3.38949e+02 | 68  0.02468 -3.85105e+02 | 69  0.02520 -2.08406e+02
 70  0.02777 -9.20964e+01 | 71  0.02712  4.07435e+02 | 72  0.02588  1.24459e+03
 73  0.01634  4.34267e+02 | 74  0.00109 -5.86167e+02 | 75  0.00298  1.16376e+01
1 0 20827
1 0 20818
1 0 20815.4
1 0 20813.5
1 0 20810.9
1 0 20809.2
1 0 20808.5
1 0 20808.2
1 0 20808
1 0 20807.8
75 variables; iteration 90; function evaluation 124; phase 1
Function value   2.0807809e+04; maximum gradient component mag  -3.8636e+02
Var   Value    Gradient   |Var   Value    Gradient   |Var   Value    Gradient
  1  0.25018  7.69136e+01 |  2  0.20073  2.43638e+01 |  3  0.14164  6.69283e+00
  4  0.10349  8.59813e+00 |  5  0.07875  1.18220e+01 |  6  0.05993  6.52692e+00
  7  0.04537  1.07605e+01 |  8  0.03209 -2.32565e+00 |  9  0.02286  4.47023e+00
 10  0.01503  1.55478e+00 | 11  0.00903 -5.11522e+00 | 12  0.00659  2.89239e+00
 13  0.00519  3.05110e+00 | 14  0.00475  1.84705e+00 | 15  0.00561  9.19735e+00
 16  0.03904 -3.19319e+01 | 17  0.00587 -3.86362e+02 | 18  0.00841  8.37466e+01
 19  0.00518  1.65026e+01 | 20  0.00622  2.88170e-01 | 21  0.00712  1.09798e+01
 22  0.00823  9.29910e+00 | 23  0.00877  3.16716e+00 | 24  0.00554 -6.62702e+00
 25  0.00608  2.35802e+00 | 26  0.00860  6.56659e+00 | 27  0.01071 -1.13447e+01
 28  0.00729 -1.51700e+01 | 29  0.00894 -5.18793e+00 | 30  0.01081 -6.87209e+00
 31  0.01478  2.37069e+00 | 32  0.01717 -1.34002e+00 | 33  0.01278  1.56457e+00
 34  0.01419  6.04095e+00 | 35  0.01866  2.68992e-01 | 36  0.01575 -1.43932e+01
 37  0.01612 -1.44129e+01 | 38  0.01640  3.45044e+00 | 39  0.01802  1.20658e+01
 40  0.01774  8.30332e+00 | 41  0.02060  2.01217e+01 | 42  0.01975  4.17431e+01
 43  0.02050  1.81682e+02 | 44  0.02097  1.11924e+02 | 45 -0.37200 -4.62501e+01
 46  0.14170  2.01097e+02 | 47 -0.07636  5.44104e+01 | 48 -0.06624  3.93787e+01
 49 -0.05309 -1.77957e+01 | 50 -0.04372 -8.27114e+00 | 51 -0.04601  4.39005e+00
 52 -0.04130  3.71989e+00 | 53 -0.02707  1.79960e+01 | 54 -0.01458  8.18643e+00
 55 -0.00693  1.80499e+01 | 56  0.00084  1.17148e+01 | 57  0.00927 -7.60589e-01
 58  0.01830  2.34361e+01 | 59  0.02406  2.63449e+01 | 60  0.02054  3.23608e+00
 61  0.01582  5.67027e+00 | 62  0.01453 -7.24998e+00 | 63  0.01736  1.91213e+01
 64  0.01767  2.33683e+01 | 65  0.01582  1.08229e+01 | 66  0.01904  1.75901e+01
 67  0.02180 -2.61231e+00 | 68  0.02386 -1.31008e-01 | 69  0.02390 -3.73211e+00
 70  0.02643 -7.24440e+00 | 71  0.02576 -4.09005e+01 | 72  0.02450 -1.03174e+02
 73  0.01881 -1.32119e+02 | 74  0.01840  3.68321e+01 | 75  0.01816 -1.12621e+01
1 0 20807.7
1 0 20807.6
1 0 20807.5
1 0 20807.5
1 0 20807.4
1 0 20807.3
1 0 20807.2
1 0 20807.2
1 0 20807.2
1 0 20807.2
75 variables; iteration 100; function evaluation 134; phase 1
Function value   2.0807151e+04; maximum gradient component mag  -1.8251e+01
Var   Value    Gradient   |Var   Value    Gradient   |Var   Value    Gradient
  1  0.25544 -8.86315e-02 |  2  0.20704 -8.12536e-01 |  3  0.14605 -1.15536e+00
  4  0.10444 -6.99690e-01 |  5  0.07637 -2.55829e-01 |  6  0.05578 -5.70983e-01
  7  0.04006 -4.17809e-01 |  8  0.02779 -5.23791e-01 |  9  0.01822  2.81071e-01
 10  0.01064 -1.11239e-01 | 11  0.00486  8.23801e-02 | 12  0.00062  3.48781e-01
 13 -0.00231  7.26964e-01 | 14 -0.00411  6.37464e-01 | 15 -0.00481  1.94690e+00
 16  0.03956  4.67643e+00 | 17  0.00969  8.47754e+00 | 18  0.00877 -1.24047e+00
 19  0.00518 -5.73949e-01 | 20  0.00615  5.76685e-03 | 21  0.00697 -9.49764e-01
 22  0.00806 -1.10579e+00 | 23  0.00862 -4.88227e-01 | 24  0.00543 -2.41956e-01
 25  0.00596 -1.42820e+00 | 26  0.00847 -7.53860e-01 | 27  0.01064 -9.03487e-01
 28  0.00722 -1.09948e+00 | 29  0.00882 -1.30629e+00 | 30  0.01069 -9.35062e-01
 31  0.01466 -7.90927e-01 | 32  0.01704 -4.17978e-01 | 33  0.01263 -1.28732e+00
 34  0.01401 -8.22571e-01 | 35  0.01852 -3.52671e-01 | 36  0.01566 -5.58641e-01
 37  0.01604 -6.93951e-01 | 38  0.01629 -1.42501e+00 | 39  0.01786 -1.07084e+00
 40  0.01758 -1.94967e-01 | 41  0.02043  4.74353e-01 | 42  0.01952  6.37867e+00
 43  0.02005  5.69021e+00 | 44  0.02051  9.41861e+00 | 45 -0.37227 -1.21767e+01
 46  0.14168 -1.82510e+01 | 47 -0.07580 -1.26081e+00 | 48 -0.06623 -3.00473e+00
 49 -0.05300  1.00231e+00 | 50 -0.04369  4.25009e-01 | 51 -0.04604 -5.54035e-02
 52 -0.04132  6.79212e-01 | 53 -0.02711  1.28410e+00 | 54 -0.01457  5.84189e-01
 55 -0.00698  1.59343e-01 | 56  0.00081  1.01451e+00 | 57  0.00932  1.83254e+00
 58  0.01828  1.30487e+00 | 59  0.02402  3.03493e-01 | 60  0.02055  2.04303e+00
 61  0.01581  1.92106e+00 | 62  0.01457  1.81133e+00 | 63  0.01731  6.24595e-01
 64  0.01760  7.15678e-01 | 65  0.01581  8.60413e-01 | 66  0.01903  1.31346e+00
 67  0.02184  1.41090e+00 | 68  0.02386  1.53111e+00 | 69  0.02390  9.84661e-01
 70  0.02642  5.97340e-02 | 71  0.02582 -3.71148e+00 | 72  0.02455 -5.28432e+00
 73  0.01885 -3.71407e+00 | 74  0.01797 -6.13375e+00 | 75  0.01800  9.93961e-01
1 0 20807.1
1 0 20807.1
1 0 20807.1
1 0 20807.1
1 0 20807.1
1 0 20807.1
1 0 20807.1
1 0 20807.1
1 0 20807.1
1 0 20807.1
75 variables; iteration 110; function evaluation 144; phase 1
Function value   2.0807144e+04; maximum gradient component mag  -1.8924e-01
Var   Value    Gradient   |Var   Value    Gradient   |Var   Value    Gradient
  1  0.25539 -2.04872e-02 |  2  0.20715 -9.19311e-03 |  3  0.14639  4.55645e-03
  4  0.10486 -5.62670e-03 |  5  0.07676 -5.53951e-03 |  6  0.05611  6.38779e-03
  7  0.04016 -8.25666e-03 |  8  0.02754 -1.22714e-04 |  9  0.01744 -1.69288e-03
 10  0.00936  1.10208e-03 | 11  0.00298  4.14449e-03 | 12 -0.00192  4.78960e-03
 13 -0.00549 -4.06608e-04 | 14 -0.00783  1.27852e-03 | 15 -0.00898 -8.51068e-03
 16  0.03954  1.46426e-02 | 17  0.00965  3.95088e-02 | 18  0.00878 -2.47530e-02
 19  0.00518 -2.77372e-03 | 20  0.00615  8.64259e-04 | 21  0.00697 -2.04516e-03
 22  0.00807 -2.45978e-03 | 23  0.00862 -3.63826e-03 | 24  0.00543  1.08771e-03
 25  0.00596 -2.63157e-03 | 26  0.00847 -3.70107e-03 | 27  0.01064  1.28790e-03
 28  0.00723 -1.08657e-03 | 29  0.00882 -1.50996e-03 | 30  0.01069  6.47274e-04
 31  0.01466 -6.51433e-03 | 32  0.01704 -3.28781e-03 | 33  0.01263 -7.76075e-03
 34  0.01401 -6.84401e-03 | 35  0.01852  9.21387e-04 | 36  0.01566  2.66828e-03
 37  0.01604  3.74877e-03 | 38  0.01629 -8.15030e-03 | 39  0.01786 -1.99369e-03
 40  0.01758 -2.18468e-03 | 41  0.02043  1.18197e-02 | 42  0.01951  1.92412e-02
 43  0.02003 -1.60120e-02 | 44  0.02050  1.82796e-02 | 45 -0.37225 -1.46754e-02
 46  0.14168 -1.89237e-01 | 47 -0.07580 -2.96722e-02 | 48 -0.06622 -2.04626e-02
 49 -0.05300  6.55844e-04 | 50 -0.04369  2.11670e-03 | 51 -0.04604 -3.49781e-04
 52 -0.04132  2.07532e-03 | 53 -0.02711 -9.76617e-03 | 54 -0.01457  6.33756e-03
 55 -0.00698 -5.59842e-03 | 56  0.00081 -3.98529e-03 | 57  0.00932  2.30130e-02
 58  0.01828 -9.01984e-03 | 59  0.02402  1.83599e-03 | 60  0.02055  9.99037e-03
 61  0.01581  3.95254e-03 | 62  0.01457  2.09675e-02 | 63  0.01731 -1.58607e-03
 64  0.01760 -5.76326e-03 | 65  0.01581  1.01835e-02 | 66  0.01903 -2.75308e-03
 67  0.02184  2.56386e-02 | 68  0.02386 -1.97273e-03 | 69  0.02390  6.13001e-03
 70  0.02642 -2.01844e-02 | 71  0.02583 -7.03370e-03 | 72  0.02455  4.87980e-03
 73  0.01884 -6.60358e-03 | 74  0.01798  7.36962e-03 | 75  0.01798  9.61518e-03
1 0 20807.1

 - final statistics:
75 variables; iteration 111; function evaluation 145
Function value   2.0807e+04; maximum gradient component mag  -2.0145e-02
Exit code = 1;  converg criter   1.0000e-01
Var   Value    Gradient   |Var   Value    Gradient   |Var   Value    Gradient
  1  0.25539 -4.76988e-04 |  2  0.20715 -1.44050e-03 |  3  0.14639  2.42179e-03
  4  0.10486 -2.60437e-03 |  5  0.07676 -1.50022e-03 |  6  0.05611  2.24851e-03
  7  0.04017 -1.69785e-03 |  8  0.02754 -1.28965e-03 |  9  0.01744 -3.09848e-04
 10  0.00936  5.34116e-04 | 11  0.00298  3.10953e-05 | 12 -0.00192  2.06154e-03
 13 -0.00549 -3.39840e-04 | 14 -0.00782 -2.80553e-04 | 15 -0.00898 -1.75930e-03
 16  0.03954 -3.19929e-03 | 17  0.00965  4.02975e-03 | 18  0.00878 -2.14479e-04
 19  0.00518  2.48872e-04 | 20  0.00615 -6.96575e-04 | 21  0.00697  1.19958e-03
 22  0.00807  2.12012e-03 | 23  0.00862  1.46117e-04 | 24  0.00543 -1.03838e-03
 25  0.00596  1.31630e-03 | 26  0.00847  9.77949e-04 | 27  0.01064  9.04758e-04
 28  0.00723 -1.20602e-04 | 29  0.00882  2.34748e-03 | 30  0.01069  3.96905e-04
 31  0.01466 -6.65473e-04 | 32  0.01704 -1.15372e-03 | 33  0.01263  5.25568e-04
 34  0.01401  1.47914e-03 | 35  0.01852 -2.63485e-04 | 36  0.01566 -1.23738e-03
 37  0.01604  1.00089e-03 | 38  0.01629  3.01270e-04 | 39  0.01786  1.82329e-03
 40  0.01758 -5.33079e-05 | 41  0.02043  8.01240e-03 | 42  0.01951 -5.21112e-03
 43  0.02003 -2.01455e-02 | 44  0.02050 -6.82761e-03 | 45 -0.37225  1.19915e-02
 46  0.14168 -5.85067e-03 | 47 -0.07580 -8.06709e-03 | 48 -0.06622 -8.35188e-04
 49 -0.05300 -5.12391e-03 | 50 -0.04369 -2.97359e-03 | 51 -0.04604 -1.46541e-03
 52 -0.04132 -2.03219e-03 | 53 -0.02711 -4.02353e-03 | 54 -0.01457  9.00695e-04
 55 -0.00698  1.20880e-03 | 56  0.00081 -1.77445e-03 | 57  0.00932  1.51850e-03
 58  0.01828 -3.29424e-03 | 59  0.02402  4.24755e-03 | 60  0.02055 -2.52876e-03
 61  0.01581 -3.51231e-03 | 62  0.01457  2.71379e-04 | 63  0.01731  1.38438e-03
 64  0.01760 -9.52023e-04 | 65  0.01581  2.45531e-03 | 66  0.01903 -1.35898e-03
 67  0.02184  6.34756e-03 | 68  0.02386 -5.33970e-03 | 69  0.02390 -3.92301e-04
 70  0.02642 -1.02544e-02 | 71  0.02583  6.65165e-03 | 72  0.02455  1.41358e-02
 73  0.01884  3.41131e-03 | 74  0.01798  1.15779e-02 | 75  0.01798 -2.14646e-04
1 0 20807.1
B0234224
0.3 0.261294
0.223966 0.33202
0.212461 0.345683
0.20984 0.348931
0.2092 0.349734
0.20904 0.349934
0.209001 0.349983
0.208991 0.349996
0.208988 0.349999
0.208988 0.35
0.208987 0.35
0.208987 0.35
0.208987 0.35
0.208987 0.35
0.208987 0.35
0.208987 0.35
0.208987 0.35
0.208987 0.35
0.208987 0.35
0.208987 0.35
0.208987 0.35
FutMOrt0.0684702
FutMOrt0.0684702
FutMOrt0.0684702
FutMOrt0.0684702
FutMOrt0.0684702
FutMOrt0.0684702
FutMOrt0.0684702
FutMOrt0.0684702
FutMOrt0.0684702
FutMOrt0.0684702
2 0 20807.1

Initial statistics: 79 variables; iteration 0; function evaluation 0; phase 2
Function value   2.0807144e+04; maximum gradient component mag   5.6865e+02
Var   Value    Gradient   |Var   Value    Gradient   |Var   Value    Gradient
  1 -0.80665 -8.65842e+01 |  2 -0.57673  5.21910e+01 |  3  0.25539 -4.76988e-04
  4  0.20715 -1.44050e-03 |  5  0.14639  2.42179e-03 |  6  0.10486 -2.60437e-03
  7  0.07676 -1.50022e-03 |  8  0.05611  2.24851e-03 |  9  0.04017 -1.69785e-03
 10  0.02754 -1.28965e-03 | 11  0.01744 -3.09848e-04 | 12  0.00936  5.34116e-04
 13  0.00298  3.10953e-05 | 14 -0.00192  2.06154e-03 | 15 -0.00549 -3.39840e-04
 16 -0.00782 -2.80553e-04 | 17 -0.00898 -1.75930e-03 | 18  0.03954 -3.19929e-03
 19  0.00965  3.90654e-03 | 20  0.00878 -3.37687e-04 | 21  0.00518  1.25657e-04
 22  0.00615 -8.19789e-04 | 23  0.00697  1.07637e-03 | 24  0.00807  1.99691e-03
 25  0.00862  2.29089e-05 | 26  0.00543 -1.16160e-03 | 27  0.00596  1.19308e-03
 28  0.00847  8.54740e-04 | 29  0.01064  7.81555e-04 | 30  0.00723 -2.43814e-04
 31  0.00882  2.22427e-03 | 32  0.01069  2.73702e-04 | 33  0.01466 -7.88660e-04
 34  0.01704 -1.27690e-03 | 35  0.01263  4.02372e-04 | 36  0.01401  1.35595e-03
 37  0.01852 -3.86652e-04 | 38  0.01566 -1.36056e-03 | 39  0.01604  8.77708e-04
 40  0.01629  1.78091e-04 | 41  0.01786  1.70012e-03 | 42  0.01758 -1.76481e-04
 43  0.02043  7.88924e-03 | 44  0.01951 -5.33428e-03 | 45  0.02003 -2.02686e-02
 46  0.02050 -6.95077e-03 | 47 -0.37225  1.18888e-02 | 48  0.14168 -5.85067e-03
 49 -0.07580 -8.06306e-03 | 50 -0.06622 -8.31159e-04 | 51 -0.05300 -5.11987e-03
 52 -0.04369 -2.96955e-03 | 53 -0.04604 -1.46137e-03 | 54 -0.04132 -2.02814e-03
 55 -0.02711 -4.01948e-03 | 56 -0.01457  9.04745e-04 | 57 -0.00698  1.21285e-03
 58  0.00081 -1.77039e-03 | 59  0.00932  1.52255e-03 | 60  0.01828 -3.29019e-03
 61  0.02402  4.25160e-03 | 62  0.02055 -2.52471e-03 | 63  0.01581 -3.50826e-03
 64  0.01457  2.75429e-04 | 65  0.01731  1.38843e-03 | 66  0.01760 -9.47974e-04
 67  0.01581  2.45936e-03 | 68  0.01903 -1.35493e-03 | 69  0.02184  6.35161e-03
 70  0.02386 -5.33565e-03 | 71  0.02390 -3.88253e-04 | 72  0.02642 -1.02504e-02
 73  0.02583  6.65569e-03 | 74  0.02455  1.41399e-02 | 75  0.01884  3.41536e-03
 76  0.01798  1.15820e-02 | 77  0.01798 -2.10597e-04 | 78 -0.65547 -2.09165e+02
 79 -0.56253  5.68646e+02 |
2 0 20807.1
2 0 20806.9
2 0 20805.5
2 0 20804.9
2 0 20803.8
2 0 20797.6
2 0 20799
2 0 20794.1
2 0 20793
2 0 20790.8
2 0 20784.8
2 0 20781.9
2 0 20945.8
2 0 20781.1
2 0 20783.6
2 0 20780.9
2 0 20780.9
2 0 20780.8
2 0 20780.7

Intermediate statistics: 79 variables; iteration 10; function evaluation 19; phase 2
Function value   2.0780710e+04; maximum gradient component mag  -5.7689e+03
Var   Value    Gradient   |Var   Value    Gradient   |Var   Value    Gradient
  1 -0.78913 -9.59223e+01 |  2 -0.58720  6.12758e+01 |  3  0.25342  7.62057e+01
  4  0.20824  3.51420e+01 |  5  0.14663  1.31805e+01 |  6  0.10491  7.04040e+00
  7  0.07679  4.21718e+00 |  8  0.05613  2.80339e+00 |  9  0.04018  2.04154e+00
 10  0.02755  1.58446e+00 | 11  0.01745  1.29326e+00 | 12  0.00936  1.09884e+00
 13  0.00298  9.67111e-01 | 14 -0.00192  8.74959e-01 | 15 -0.00549  8.16348e-01
 16 -0.00782  7.80289e-01 | 17 -0.00897  7.58649e-01 | 18  0.03784  3.48380e+02
 19  0.00830 -2.89411e+02 | 20  0.00880  3.26141e+02 | 21  0.00572  3.51455e+02
 22  0.00619 -5.40334e+01 | 23  0.00659 -2.55801e+02 | 24  0.00801  1.22678e+02
 25  0.00907  2.98980e+02 | 26  0.00598  1.22282e+02 | 27  0.00619 -5.55394e+01
 28  0.00874  5.45643e+01 | 29  0.01097  8.72130e+01 | 30  0.00773  1.72355e+02
 31  0.00896 -2.86049e+01 | 32  0.01044 -2.22797e+02 | 33  0.01430 -1.48693e+02
 34  0.01692  3.27356e+01 | 35  0.01267  6.09602e+01 | 36  0.01393 -8.27334e+01
 37  0.01839 -1.36453e+02 | 38  0.01583  1.03944e+02 | 39  0.01624  3.95865e+01
 40  0.01642 -3.81684e+00 | 41  0.01792 -4.46178e+01 | 42  0.01775  4.68060e+01
 43  0.02049 -7.88009e+01 | 44  0.01947 -5.20387e+01 | 45  0.01962  3.04602e+01
 46  0.02153  1.62491e+03 | 47 -0.37389 -1.47728e+03 | 48  0.14127 -5.76890e+03
 49 -0.07613  1.03316e+02 | 50 -0.06679 -3.18896e+02 | 51 -0.05346 -4.19170e+02
 52 -0.04370 -3.60590e+01 | 53 -0.04608  5.69025e+01 | 54 -0.04164 -1.69080e+02
 55 -0.02774 -4.55228e+02 | 56 -0.01498 -3.60386e+02 | 57 -0.00714 -1.78680e+02
 58  0.00062 -1.49863e+02 | 59  0.00905 -2.42435e+02 | 60  0.01812 -1.69087e+02
 61  0.02432  1.64792e+02 | 62  0.02092  3.34333e+02 | 63  0.01597  2.55262e+02
 64  0.01464  1.43494e+02 | 65  0.01757  2.13430e+02 | 66  0.01795  3.31416e+02
 67  0.01600  2.39220e+02 | 68  0.01917  1.48970e+02 | 69  0.02206  1.63444e+02
 70  0.02415  2.25622e+02 | 71  0.02407  1.97885e+02 | 72  0.02673  2.46233e+02
 73  0.02622  3.08114e+02 | 74  0.02504  2.45377e+02 | 75  0.01748 -8.96965e+02
 76  0.01884 -2.86170e+02 | 77  0.01826  2.66972e+02 | 78 -0.66293 -1.40161e+03
 79 -0.65310  1.87653e+02 |
2 0 20780.5
2 0 20780.1
2 0 20779.4
2 0 20778.2
2 0 20776.1
2 0 20774.6
2 0 20774.1
2 0 20791.4
2 0 20773.8
2 0 20773.7
2 0 20773.7
2 0 20773.6
2 0 20773.4
79 variables; iteration 20; function evaluation 32; phase 2
Function value   2.0773397e+04; maximum gradient component mag  -6.8650e+03
Var   Value    Gradient   |Var   Value    Gradient   |Var   Value    Gradient
  1 -0.71468  1.11885e+02 |  2 -0.63114  1.56112e+02 |  3  0.24698 -1.20123e+02
  4  0.21135  1.20392e+02 |  5  0.14690  1.59946e+01 |  6  0.10416  3.12173e+00
  7  0.07623  3.51614e+00 |  8  0.05579  2.43645e+00 |  9  0.03996  1.54156e+00
 10  0.02740  1.04747e+00 | 11  0.01733  7.56941e-01 | 12  0.00928  5.84062e-01
 13  0.00291  4.67406e-01 | 14 -0.00198  4.03716e-01 | 15 -0.00554  3.48485e-01
 16 -0.00787  3.27131e-01 | 17 -0.00902  3.10580e-01 | 18  0.03787 -7.63358e+01
 19  0.00629 -2.23447e+02 | 20  0.00879  2.82810e+02 | 21  0.00583  2.97035e+02
 22  0.00631 -1.12673e+02 | 23  0.00690 -2.34230e+02 | 24  0.00837  8.82403e+01
 25  0.00958  4.53208e+02 | 26  0.00654  2.99830e+02 | 27  0.00646 -2.32520e+02
 28  0.00938  1.60084e+02 | 29  0.01127  3.61804e+01 | 30  0.00802  2.46913e+02
 31  0.00903 -1.14876e+02 | 32  0.01057 -2.31621e+02 | 33  0.01459 -8.99255e+01
 34  0.01699 -2.96641e+01 | 35  0.01257 -2.66665e+01 | 36  0.01396 -8.96247e+01
 37  0.01874  8.58903e+01 | 38  0.01597  6.64671e+01 | 39  0.01640  1.46944e+01
 40  0.01664  1.71494e+01 | 41  0.01824  1.45987e+01 | 42  0.01799  4.16225e+01
 43  0.02070 -1.28138e+02 | 44  0.01974 -1.06920e+02 | 45  0.01986 -3.82280e+01
 46  0.02039  1.59330e+03 | 47 -0.37761 -1.56630e+03 | 48  0.14181 -6.86498e+03
 49 -0.07662  6.57343e+01 | 50 -0.06717 -3.13489e+02 | 51 -0.05379 -3.62160e+02
 52 -0.04409  1.60044e+01 | 53 -0.04628  1.22953e+02 | 54 -0.04175 -1.51795e+02
 55 -0.02855 -7.24200e+02 | 56 -0.01547 -4.48579e+02 | 57 -0.00741 -1.85285e+02
 58  0.00073 -1.81466e+01 | 59  0.00861 -2.42993e+02 | 60  0.01797 -7.59659e+01
 61  0.02387  1.75526e+02 | 62  0.02059  2.98657e+02 | 63  0.01581  2.54991e+02
 64  0.01415  1.00762e+02 | 65  0.01718  2.11033e+02 | 66  0.01735  1.43067e+02
 67  0.01549  4.78094e+01 | 68  0.01878  9.41622e+01 | 69  0.02170  1.19312e+02
 70  0.02378  1.95149e+02 | 71  0.02379  1.60982e+02 | 72  0.02641  2.64658e+02
 73  0.02594  3.59462e+02 | 74  0.02497  3.65150e+02 | 75  0.01849 -7.38442e+02
 76  0.02151 -2.86291e+02 | 77  0.02324  3.25745e+02 | 78 -0.66308 -5.55777e+02
 79 -0.65449  1.29261e+02 |
2 0 20773
2 0 20773.2
2 0 20772.9
2 0 20772.7
2 0 20772.6
2 0 20772.4
2 0 20774.4
2 0 20772.4
2 0 20772.4
2 0 20772.4
2 0 20772.4
2 0 20772.4
2 0 20772.4
2 0 20772.4
79 variables; iteration 30; function evaluation 46; phase 2
Function value   2.0772374e+04; maximum gradient component mag  -7.0073e+03
Var   Value    Gradient   |Var   Value    Gradient   |Var   Value    Gradient
  1 -0.70789  1.40346e+02 |  2 -0.64939  1.37528e+02 |  3  0.24495 -1.45991e+02
  4  0.21226  1.66290e+02 |  5  0.14695  2.26457e+01 |  6  0.10400  5.38730e+00
  7  0.07610  5.19930e+00 |  8  0.05568  3.50373e+00 |  9  0.03989  2.35586e+00
 10  0.02735  1.68634e+00 | 11  0.01730  1.26738e+00 | 12  0.00925  1.00989e+00
 13  0.00289  8.34947e-01 | 14 -0.00200  7.35296e-01 | 15 -0.00556  6.53437e-01
 16 -0.00789  6.19446e-01 | 17 -0.00904  5.94879e-01 | 18  0.03796 -1.18629e+02
 19  0.00530 -3.21464e+02 | 20  0.00858  3.04331e+02 | 21  0.00572  2.88191e+02
 22  0.00618 -1.51260e+02 | 23  0.00676 -3.00913e+02 | 24  0.00844  1.57289e+02
 25  0.00969  4.11847e+02 | 26  0.00679  3.08024e+02 | 27  0.00669 -1.60135e+02
 28  0.00942  1.56614e+02 | 29  0.01128  4.33490e+01 | 30  0.00796  1.94277e+02
 31  0.00904 -1.45917e+02 | 32  0.01049 -3.62185e+02 | 33  0.01462 -1.67003e+02
 34  0.01736  2.20604e+02 | 35  0.01267 -3.96212e+01 | 36  0.01403 -6.24745e+01
 37  0.01869  9.94640e+01 | 38  0.01582  3.37647e+01 | 39  0.01627 -3.82878e-01
 40  0.01649 -6.92340e-01 | 41  0.01808 -1.13217e+01 | 42  0.01786  1.30568e+01
 43  0.02062 -1.41035e+02 | 44  0.01960 -1.36598e+02 | 45  0.01970 -5.94537e+01
 46  0.02069  1.58256e+03 | 47 -0.37653 -1.53571e+03 | 48  0.14176 -7.00731e+03
 49 -0.07681  4.45406e+01 | 50 -0.06727 -3.67399e+02 | 51 -0.05383 -4.00540e+02
 52 -0.04413  1.43923e+01 | 53 -0.04644  6.04207e+01 | 54 -0.04185 -1.87616e+02
 55 -0.02842 -6.56961e+02 | 56 -0.01527 -3.84470e+02 | 57 -0.00740 -2.07260e+02
 58  0.00076 -3.25678e+01 | 59  0.00854 -2.65602e+02 | 60  0.01806 -1.88852e+01
 61  0.02400  3.05528e+02 | 62  0.02082  4.69020e+02 | 63  0.01587  2.26342e+02
 64  0.01415  1.77832e+01 | 65  0.01724  1.72075e+02 | 66  0.01730  7.54262e+01
 67  0.01542 -1.28520e+01 | 68  0.01867  3.46000e+01 | 69  0.02164  6.71755e+01
 70  0.02364  1.31100e+02 | 71  0.02369  1.15525e+02 | 72  0.02635  2.33239e+02
 73  0.02595  3.47456e+02 | 74  0.02484  3.19537e+02 | 75  0.01797 -8.27855e+02
 76  0.02063 -3.36766e+02 | 77  0.02437  3.26683e+02 | 78 -0.66304 -4.62399e+02
 79 -0.65457  1.23620e+02 |
2 0 20772.4
2 0 20772.4
2 0 20772.4
2 0 20772.4
2 0 20772.4
2 0 20772.4
2 0 20772.4
2 0 20772.4
2 0 20772.3
2 0 20772.4
2 0 20772.3
2 0 20772.3
2 0 20772.3
79 variables; iteration 40; function evaluation 59; phase 2
Function value   2.0772362e+04; maximum gradient component mag  -7.0109e+03
Var   Value    Gradient   |Var   Value    Gradient   |Var   Value    Gradient
  1 -0.70787  1.40102e+02 |  2 -0.64953  1.37373e+02 |  3  0.24466 -1.50343e+02
  4  0.21165  1.61164e+02 |  5  0.14600  1.75987e+01 |  6  0.10334  4.48223e+00
  7  0.07562  4.53311e+00 |  8  0.05537  3.38423e+00 |  9  0.03964  2.08025e+00
 10  0.02715  1.41229e+00 | 11  0.01714  1.06347e+00 | 12  0.00912  8.33200e-01
 13  0.00278  6.68362e-01 | 14 -0.00210  5.75303e-01 | 15 -0.00565  4.98146e-01
 16 -0.00797  4.66296e-01 | 17 -0.00912  4.43444e-01 | 18  0.03793 -1.14690e+02
 19  0.00503 -3.12096e+02 | 20  0.00856  3.01751e+02 | 21  0.00570  2.81016e+02
 22  0.00619 -1.53541e+02 | 23  0.00679 -2.94952e+02 | 24  0.00848  1.67127e+02
 25  0.00972  4.13023e+02 | 26  0.00679  3.06701e+02 | 27  0.00668 -1.63890e+02
 28  0.00943  1.54216e+02 | 29  0.01130  4.58402e+01 | 30  0.00797  1.96779e+02
 31  0.00905 -1.41179e+02 | 32  0.01049 -3.66381e+02 | 33  0.01463 -1.66648e+02
 34  0.01737  2.23207e+02 | 35  0.01268 -4.53516e+01 | 36  0.01405 -5.99150e+01
 37  0.01872  1.05186e+02 | 38  0.01586  3.63266e+01 | 39  0.01631  9.50070e+00
 40  0.01651 -8.74817e-01 | 41  0.01806 -2.43498e+01 | 42  0.01785  1.27104e+01
 43  0.02063 -1.33350e+02 | 44  0.01963 -1.32961e+02 | 45  0.01972 -6.17227e+01
 46  0.02070  1.58360e+03 | 47 -0.37651 -1.53422e+03 | 48  0.14177 -7.01094e+03
 49 -0.07683  3.47561e+01 | 50 -0.06730 -3.75076e+02 | 51 -0.05384 -4.00679e+02
 52 -0.04413  1.47734e+01 | 53 -0.04645  5.53434e+01 | 54 -0.04184 -1.87551e+02
 55 -0.02840 -6.51677e+02 | 56 -0.01529 -3.87111e+02 | 57 -0.00743 -2.09305e+02
 58  0.00078 -2.26167e+01 | 59  0.00856 -2.59401e+02 | 60  0.01804 -2.46787e+01
 61  0.02399  3.01088e+02 | 62  0.02081  4.66813e+02 | 63  0.01586  2.25107e+02
 64  0.01415  2.00240e+01 | 65  0.01724  1.76275e+02 | 66  0.01729  7.37603e+01
 67  0.01542 -1.17047e+01 | 68  0.01868  3.44278e+01 | 69  0.02166  7.07089e+01
 70  0.02365  1.36955e+02 | 71  0.02367  1.16810e+02 | 72  0.02631  2.20810e+02
 73  0.02595  3.42718e+02 | 74  0.02486  3.24408e+02 | 75  0.01796 -8.27448e+02
 76  0.02063 -3.36438e+02 | 77  0.02444  3.26747e+02 | 78 -0.66304 -4.65629e+02
 79 -0.65458  1.23784e+02 |
2 0 20772.3
2 0 20772.3
2 0 20772.3
2 0 20772.3
2 0 20772.3
2 0 20772.3
2 0 20772.3
2 0 20772.3
2 0 20772.3
2 0 20772.3
2 0 20772.4
2 0 20772.3
2 0 20772.3
2 0 20772.3
2 0 20772.3
79 variables; iteration 50; function evaluation 74; phase 2
Function value   2.0772300e+04; maximum gradient component mag  -6.9983e+03
Var   Value    Gradient   |Var   Value    Gradient   |Var   Value    Gradient
  1 -0.70785  1.36923e+02 |  2 -0.64998  1.35707e+02 |  3  0.24480 -1.53541e+02
  4  0.21215  1.61097e+02 |  5  0.14655  2.51395e+01 |  6  0.10142  2.98882e+00
  7  0.07070 -1.19499e+01 |  8  0.05132  1.26748e+00 |  9  0.03645  6.20039e-01
 10  0.02487  1.93153e+00 | 11  0.01535  9.82875e-01 | 12  0.00768  5.95618e-01
 13  0.00161  5.65156e-01 | 14 -0.00307  4.89334e-01 | 15 -0.00650  3.78746e-01
 16 -0.00874  3.33769e-01 | 17 -0.00985  3.02429e-01 | 18  0.03793 -1.07287e+02
 19  0.00505 -3.04451e+02 | 20  0.00864  3.05374e+02 | 21  0.00571  2.82309e+02
 22  0.00613 -1.65536e+02 | 23  0.00673 -3.05568e+02 | 24  0.00845  1.61855e+02
 25  0.00968  4.04656e+02 | 26  0.00678  3.06273e+02 | 27  0.00668 -1.63968e+02
 28  0.00944  1.50575e+02 | 29  0.01136  6.52800e+01 | 30  0.00800  1.99255e+02
 31  0.00904 -1.43074e+02 | 32  0.01047 -3.69532e+02 | 33  0.01463 -1.63666e+02
 34  0.01738  2.24283e+02 | 35  0.01268 -4.62692e+01 | 36  0.01408 -4.43600e+01
 37  0.01873  1.04402e+02 | 38  0.01585  3.80223e+01 | 39  0.01628 -6.17762e+00
 40  0.01652 -7.10229e+00 | 41  0.01812  1.53357e+01 | 42  0.01780 -9.00041e+00
 43  0.02057 -1.46446e+02 | 44  0.01960 -1.29613e+02 | 45  0.01970 -6.62659e+01
 46  0.02072  1.57784e+03 | 47 -0.37646 -1.52282e+03 | 48  0.14175 -6.99833e+03
 49 -0.07675  3.98019e+01 | 50 -0.06723 -3.62898e+02 | 51 -0.05380 -3.88807e+02
 52 -0.04419 -2.96334e+00 | 53 -0.04643  6.00249e+01 | 54 -0.04185 -1.88624e+02
 55 -0.02840 -6.51423e+02 | 56 -0.01528 -3.86097e+02 | 57 -0.00743 -2.09146e+02
 58  0.00079 -2.42724e+01 | 59  0.00860 -2.57714e+02 | 60  0.01807 -2.34242e+01
 61  0.02399  2.97423e+02 | 62  0.02080  4.58343e+02 | 63  0.01588  2.24344e+02
 64  0.01416  2.00327e+01 | 65  0.01724  1.66553e+02 | 66  0.01732  7.35854e+01
 67  0.01547 -4.35685e+00 | 68  0.01864  2.54582e+01 | 69  0.02169  8.94723e+01
 70  0.02368  1.36799e+02 | 71  0.02370  1.10026e+02 | 72  0.02631  2.22178e+02
 73  0.02593  3.34712e+02 | 74  0.02483  3.13041e+02 | 75  0.01796 -8.24320e+02
 76  0.02066 -3.24367e+02 | 77  0.02410  3.24016e+02 | 78 -0.66305 -4.77528e+02
 79 -0.65463  1.24333e+02 |
2 0 20772.3
2 0 20772.3
2 0 20772.3
2 0 20772.3
2 0 20772.2
2 0 20772.2
2 0 20772.2
2 0 20772.2
2 0 20772.2
2 0 20772.2
2 0 20772.2
2 0 20772.1
79 variables; iteration 60; function evaluation 86; phase 2
Function value   2.0772091e+04; maximum gradient component mag  -6.9109e+03
Var   Value    Gradient   |Var   Value    Gradient   |Var   Value    Gradient
  1 -0.70778  1.27926e+02 |  2 -0.65105  1.30922e+02 |  3  0.24513 -1.42748e+02
  4  0.21262  1.62904e+02 |  5  0.14709  2.53609e+01 |  6  0.10201  2.91826e+00
  7  0.07135 -6.58637e+00 |  8  0.05038  6.39196e+00 |  9  0.03217 -4.68910e+00
 10  0.01845 -1.05660e+01 | 11  0.01012  4.81511e-01 | 12  0.00349  1.49580e-01
 13 -0.00162  1.39383e+00 | 14 -0.00575  5.93335e-01 | 15 -0.00878  4.43242e-01
 16 -0.01076  4.81691e-01 | 17 -0.01174  4.44030e-01 | 18  0.03796 -9.56428e+01
 19  0.00505 -3.17926e+02 | 20  0.00856  2.93629e+02 | 21  0.00575  2.79010e+02
 22  0.00624 -1.33981e+02 | 23  0.00675 -2.91718e+02 | 24  0.00838  1.01745e+02
 25  0.00963  3.90907e+02 | 26  0.00672  2.95579e+02 | 27  0.00666 -1.57060e+02
 28  0.00948  1.92047e+02 | 29  0.01132  2.35496e+01 | 30  0.00808  2.16016e+02
 31  0.00919 -1.02739e+02 | 32  0.01059 -3.50932e+02 | 33  0.01477 -1.23890e+02
 34  0.01745  2.43241e+02 | 35  0.01251 -9.30032e+01 | 36  0.01390 -9.36560e+01
 37  0.01875  1.23080e+02 | 38  0.01582  4.14455e+01 | 39  0.01624 -1.41661e+00
 40  0.01647 -7.97234e+01 | 41  0.01824  8.30471e+01 | 42  0.01776 -1.25825e+01
 43  0.02060 -1.10802e+02 | 44  0.01954 -2.11735e+02 | 45  0.01981  1.63626e+01
 46  0.02060  1.52059e+03 | 47 -0.37652 -1.51437e+03 | 48  0.14176 -6.91088e+03
 49 -0.07687 -7.77700e+00 | 50 -0.06740 -4.09828e+02 | 51 -0.05369 -3.64780e+02
 52 -0.04420 -2.30876e+01 | 53 -0.04640  8.35265e+01 | 54 -0.04178 -1.41586e+02
 55 -0.02837 -6.11486e+02 | 56 -0.01529 -3.67102e+02 | 57 -0.00745 -2.27279e+02
 58  0.00074 -4.40251e+01 | 59  0.00857 -2.52400e+02 | 60  0.01808 -2.58507e+01
 61  0.02403  2.96901e+02 | 62  0.02086  4.60014e+02 | 63  0.01607  2.60023e+02
 64  0.01423  3.99275e+01 | 65  0.01702  1.28965e+02 | 66  0.01732  8.45041e+01
 67  0.01552  3.92209e+00 | 68  0.01854 -1.60325e+01 | 69  0.02165  9.95263e+01
 70  0.02381  1.83923e+02 | 71  0.02368  8.49087e+01 | 72  0.02618  1.59214e+02
 73  0.02596  3.53036e+02 | 74  0.02491  3.37961e+02 | 75  0.01799 -8.23515e+02
 76  0.02054 -3.38719e+02 | 77  0.02420  3.21004e+02 | 78 -0.66306 -4.89531e+02
 79 -0.65476  1.24448e+02 |
2 0 20771.9
2 0 20773.2
2 0 20771.9
2 0 20771.9
2 0 20771.9
2 0 20771.6
2 0 20771.6
2 0 20771.5
2 0 20771.6
2 0 20771.4
2 0 20771.3
2 0 20771.2
2 0 20771.2
2 0 20771.1
2 0 20771
79 variables; iteration 70; function evaluation 101; phase 2
Function value   2.0770998e+04; maximum gradient component mag  -6.4152e+03
Var   Value    Gradient   |Var   Value    Gradient   |Var   Value    Gradient
  1 -0.70736  8.64173e+01 |  2 -0.65629  1.07195e+02 |  3  0.24583 -1.36896e+02
  4  0.21359  1.61304e+02 |  5  0.14841  2.58231e+01 |  6  0.10377  5.38504e+00
  7  0.07307 -4.61970e+00 |  8  0.05163  3.95903e+00 |  9  0.03372  9.62574e+00
 10  0.01603  9.37020e+00 | 11 -0.00240 -2.18702e+01 | 12 -0.01294 -1.23601e+01
 13 -0.01871 -1.19133e+01 | 14 -0.01999  1.39949e+00 | 15 -0.02079  1.88131e+00
 16 -0.02128  2.32157e+00 | 17 -0.02160  1.83060e+00 | 18  0.03801 -7.76725e+01
 19  0.00546 -3.21353e+02 | 20  0.00874  2.97670e+02 | 21  0.00569  2.41540e+02
 22  0.00617 -1.39910e+02 | 23  0.00689 -2.35157e+02 | 24  0.00857  1.27154e+02
 25  0.00983  4.04502e+02 | 26  0.00672  2.84726e+02 | 27  0.00648 -1.87954e+02
 28  0.00937  1.62861e+02 | 29  0.01135  3.63463e+01 | 30  0.00807  1.97474e+02
 31  0.00923 -8.54587e+01 | 32  0.01067 -2.89082e+02 | 33  0.01472 -1.06917e+02
 34  0.01720  1.82876e+02 | 35  0.01226 -1.39211e+02 | 36  0.01370 -1.28332e+02
 37  0.01863  9.45359e+01 | 38  0.01582  3.49755e+01 | 39  0.01619  8.78265e+00
 40  0.01626 -1.17467e+02 | 41  0.01805  5.10230e+01 | 42  0.01786  2.72431e+01
 43  0.02069 -8.33773e+01 | 44  0.01936 -2.26831e+02 | 45  0.01972 -8.54689e+00
 46  0.02085  1.41726e+03 | 47 -0.37620 -1.33504e+03 | 48  0.14173 -6.41520e+03
 49 -0.07671  2.69958e+00 | 50 -0.06706 -3.05041e+02 | 51 -0.05376 -3.57061e+02
 52 -0.04424 -4.34738e+01 | 53 -0.04628  9.74312e+01 | 54 -0.04165 -1.15039e+02
 55 -0.02805 -5.16012e+02 | 56 -0.01523 -3.33636e+02 | 57 -0.00753 -2.30254e+02
 58  0.00081 -1.33417e+01 | 59  0.00864 -2.27330e+02 | 60  0.01813 -1.38471e+01
 61  0.02408  2.70031e+02 | 62  0.02091  4.18208e+02 | 63  0.01598  2.07606e+02
 64  0.01411 -9.15181e+00 | 65  0.01697  1.05108e+02 | 66  0.01714  2.88777e+01
 67  0.01558  1.43107e+01 | 68  0.01863 -1.19525e+01 | 69  0.02165  7.79217e+01
 70  0.02365  1.26297e+02 | 71  0.02347  8.24848e-01 | 72  0.02643  1.78063e+02
 73  0.02601  3.22282e+02 | 74  0.02451  2.05663e+02 | 75  0.01810 -7.36721e+02
 76  0.02098 -2.03928e+02 | 77  0.02314  2.88262e+02 | 78 -0.66309 -4.88578e+02
 79 -0.65537  1.21281e+02 |
2 0 20770.8
2 0 20770.5
2 0 20770.1
2 0 20772.5
2 0 20770.1
2 0 20770
2 0 20769.8
2 0 20769.5
2 0 20769.2
2 0 20768.5
2 0 20772.8
2 0 20768.4
79 variables; iteration 80; function evaluation 113; phase 2
Function value   2.0768465e+04; maximum gradient component mag  -5.3484e+03
Var   Value    Gradient   |Var   Value    Gradient   |Var   Value    Gradient
  1 -0.70628 -1.31742e+01 |  2 -0.66728  4.78562e+01 |  3  0.24609 -1.57883e+02
  4  0.21316  1.44495e+02 |  5  0.14814  1.99958e+01 |  6  0.10438  5.16059e+00
  7  0.07458 -1.26987e+00 |  8  0.05314  3.15020e+00 |  9  0.03560  6.46693e+00
 10  0.01932  6.69033e+00 | 11  0.00324 -2.03579e+01 | 12 -0.00521 -2.60758e+00
 13 -0.01164  1.26632e+01 | 14 -0.02081 -2.32209e+01 | 15 -0.02212  2.25252e+00
 16 -0.02327  3.24256e+01 | 17 -0.03334 -3.13074e+01 | 18  0.03814 -2.83980e-02
 19  0.00568 -2.51691e+02 | 20  0.00864  1.94754e+02 | 21  0.00558  1.60316e+02
 22  0.00615 -1.19636e+02 | 23  0.00691 -1.78477e+02 | 24  0.00850  8.47684e+01
 25  0.00967  3.13769e+02 | 26  0.00657  2.31532e+02 | 27  0.00653 -1.65660e+02
 28  0.00939  1.46767e+02 | 29  0.01133  1.56607e+01 | 30  0.00791  1.42801e+02
 31  0.00909 -9.09973e+01 | 32  0.01069 -2.05473e+02 | 33  0.01478 -3.34538e+01
 34  0.01723  1.60972e+02 | 35  0.01240 -1.19389e+02 | 36  0.01381 -1.04966e+02
 37  0.01859  6.06826e+01 | 38  0.01583  2.23958e+01 | 39  0.01624  9.31767e+00
 40  0.01636 -7.41678e+01 | 41  0.01816  7.78866e+01 | 42  0.01780  7.61967e+00
 43  0.02077 -3.37648e+01 | 44  0.01943 -1.64069e+02 | 45  0.01968 -1.33572e+01
 46  0.02057  1.09168e+03 | 47 -0.37603 -1.13461e+03 | 48  0.14154 -5.34840e+03
 49 -0.07652 -1.76496e+00 | 50 -0.06674 -2.02866e+02 | 51 -0.05345 -2.48844e+02
 52 -0.04409 -5.34589e+01 | 53 -0.04614  7.42687e+01 | 54 -0.04132 -4.14356e+01
 55 -0.02785 -4.30308e+02 | 56 -0.01500 -2.54656e+02 | 57 -0.00722 -1.50704e+02
 58  0.00107  4.22538e+01 | 59  0.00899 -1.38235e+02 | 60  0.01826 -7.13659e-01
 61  0.02408  1.66915e+02 | 62  0.02096  2.92977e+02 | 63  0.01608  1.32306e+02
 64  0.01429 -3.63867e+01 | 65  0.01726  1.01748e+02 | 66  0.01733  1.23747e+01
 67  0.01566 -1.56325e+01 | 68  0.01891  6.74124e+00 | 69  0.02173  2.03208e+01
 70  0.02384  7.15808e+01 | 71  0.02376 -1.06475e+01 | 72  0.02629  4.33591e+01
 73  0.02641  2.99670e+02 | 74  0.02428  2.60722e+01 | 75  0.01864 -5.38205e+02
 76  0.02056 -1.82364e+02 | 77  0.01830  2.10844e+02 | 78 -0.66313 -5.30927e+02
 79 -0.65663  1.17415e+02 |
2 0 20768.3
2 0 20767
2 0 20764.4
2 0 20762
2 0 20762
2 0 20761.9
2 0 20761.7
2 0 20761.6
2 0 20761.6
2 0 20761.5
2 0 20761.5
2 0 20761.5
79 variables; iteration 90; function evaluation 125; phase 2
Function value   2.0761484e+04; maximum gradient component mag  -1.6514e+02
Var   Value    Gradient   |Var   Value    Gradient   |Var   Value    Gradient
  1 -0.68013  2.00738e+01 |  2 -0.72825  7.09885e+00 |  3  0.25345  1.93342e+00
  4  0.20796 -1.53742e+00 |  5  0.14618 -7.67013e-02 |  6  0.10424 -1.23099e-02
  7  0.07603 -9.42011e-02 |  8  0.05539 -1.82482e-02 |  9  0.03949  3.58564e-02
 10  0.02690  4.50357e-02 | 11  0.01681 -1.19738e-01 | 12  0.00877 -1.31497e-02
 13  0.00241  5.61482e-02 | 14 -0.00250 -1.09105e-01 | 15 -0.00605 -2.76352e-02
 16 -0.00838  5.22796e-02 | 17 -0.00956 -1.45093e-01 | 18  0.03899  3.80513e+01
 19  0.00885 -5.16701e+00 | 20  0.00872 -5.91262e-02 | 21  0.00530  3.68542e+00
 22  0.00619 -1.44085e+00 | 23  0.00692 -4.20026e+00 | 24  0.00802 -1.99812e+00
 25  0.00878 -6.10013e-01 | 26  0.00567 -4.78929e-01 | 27  0.00620 -2.43255e+00
 28  0.00866 -1.89409e+00 | 29  0.01081 -1.11151e+00 | 30  0.00736  2.11681e+00
 31  0.00888 -4.52220e-01 | 32  0.01065 -5.91849e-01 | 33  0.01453  3.82717e+00
 34  0.01701  4.46414e+00 | 35  0.01261 -1.34515e+00 | 36  0.01395 -2.05252e-01
 37  0.01853  4.08193e+00 | 38  0.01569  1.83770e-01 | 39  0.01612  7.51079e-01
 40  0.01631  2.95854e-01 | 41  0.01791  9.01993e-01 | 42  0.01765  1.10650e+00
 43  0.02057  1.96230e+00 | 44  0.01964  1.56783e+00 | 45  0.02000  4.86353e+00
 46  0.02067  1.45298e+01 | 47 -0.37320 -1.64817e+01 | 48  0.14195 -1.61105e+02
 49 -0.07594  2.49109e+00 | 50 -0.06644 -3.88606e-01 | 51 -0.05313 -1.14427e+00
 52 -0.04384  1.68095e+00 | 53 -0.04607  2.57313e+00 | 54 -0.04133  7.25440e-01
 55 -0.02733  1.13786e+00 | 56 -0.01485  6.04863e-01 | 57 -0.00694  1.48501e+00
 58  0.00075  6.78901e-01 | 59  0.00921  2.46859e+00 | 60  0.01817  2.20138e-01
 61  0.02403  1.48843e+00 | 62  0.02066 -2.04864e+00 | 63  0.01590 -5.87040e+00
 64  0.01458 -2.42850e+00 | 65  0.01731 -2.87855e-01 | 66  0.01760 -7.53642e-01
 67  0.01583 -4.00956e-01 | 68  0.01895  5.00852e-01 | 69  0.02190  1.97969e+00
 70  0.02380  1.53038e+00 | 71  0.02392  8.35357e-01 | 72  0.02639  5.73985e-01
 73  0.02588  2.97356e-01 | 74  0.02469 -4.85260e+00 | 75  0.01859 -1.21969e+01
 76  0.01867  3.76470e+00 | 77  0.01865  7.54634e+00 | 78 -0.66589 -1.65141e+02
 79 -0.69579  1.20497e+01 |
2 0 20761.5
2 0 20761.5
2 0 20761.5
2 0 20761.5
2 0 20761.5
2 0 20761.5
2 0 20761.5
2 0 20761.5
2 0 20761.5
2 0 20761.5
2 0 20761.5
2 0 20761.5
79 variables; iteration 100; function evaluation 137; phase 2
Function value   2.0761460e+04; maximum gradient component mag  -6.5356e+00
Var   Value    Gradient   |Var   Value    Gradient   |Var   Value    Gradient
  1 -0.67339  2.96845e+00 |  2 -0.74841  9.59800e-01 |  3  0.25337 -1.43330e-01
  4  0.20805  3.81995e-02 |  5  0.14621 -2.75157e-04 |  6  0.10424 -1.22125e-03
  7  0.07605  1.01443e-04 |  8  0.05540 -6.90763e-04 |  9  0.03950 -1.19110e-03
 10  0.02692 -1.16909e-03 | 11  0.01687  1.46488e-03 | 12  0.00884 -1.21458e-04
 13  0.00250 -8.26631e-04 | 14 -0.00237  1.30369e-03 | 15 -0.00591 -1.84387e-05
 16 -0.00823 -8.32453e-04 | 17 -0.00937  1.60536e-03 | 18  0.03900  1.26069e+00
 19  0.00884 -9.08246e-02 | 20  0.00872 -5.16509e-02 | 21  0.00529 -1.84773e-01
 22  0.00620 -3.14646e-02 | 23  0.00694  8.52514e-02 | 24  0.00803 -4.94532e-02
 25  0.00878 -1.26763e-01 | 26  0.00567 -6.90685e-02 | 27  0.00621 -4.87989e-02
 28  0.00866 -1.95056e-02 | 29  0.01081 -4.40646e-02 | 30  0.00736 -8.81335e-02
 31  0.00888  5.47201e-03 | 32  0.01066  1.47615e-01 | 33  0.01454  2.08945e-01
 34  0.01701  1.18897e-01 | 35  0.01262 -1.39790e-02 | 36  0.01396  5.03174e-02
 37  0.01853  9.27908e-02 | 38  0.01569  3.16886e-03 | 39  0.01612  1.27644e-02
 40  0.01631  6.04872e-02 | 41  0.01792  6.08650e-02 | 42  0.01765  1.60460e-02
 43  0.02057  8.90807e-02 | 44  0.01964  1.00390e-01 | 45  0.02001  1.53722e-01
 46  0.02064 -6.70376e-02 | 47 -0.37324 -3.52108e-01 | 48  0.14195 -6.53558e+00
 49 -0.07594  1.20591e-01 | 50 -0.06644  1.74464e-01 | 51 -0.05314  1.37805e-01
 52 -0.04385 -2.80845e-02 | 53 -0.04607  1.43470e-02 | 54 -0.04132  1.15127e-01
 55 -0.02734  1.01375e-01 | 56 -0.01485  1.56586e-01 | 57 -0.00694  6.61301e-02
 58  0.00075  1.02035e-01 | 59  0.00921  7.34726e-02 | 60  0.01816  6.40323e-02
 61  0.02402 -1.14726e-01 | 62  0.02065 -1.76593e-01 | 63  0.01590 -1.59549e-01
 64  0.01457 -1.21100e-01 | 65  0.01731 -6.58807e-02 | 66  0.01760 -1.08353e-01
 67  0.01582 -8.59887e-02 | 68  0.01895 -3.20882e-02 | 69  0.02189 -9.06877e-02
 70  0.02379 -8.73806e-02 | 71  0.02392 -9.80251e-02 | 72  0.02638 -1.07898e-01
 73  0.02587 -1.76062e-01 | 74  0.02469 -2.09300e-01 | 75  0.01860 -1.84480e-01
 76  0.01870  2.70043e-01 | 77  0.01870  3.05848e-01 | 78 -0.66709 -4.39969e+00
 79 -0.71950  2.35711e-01 |
2 0 20761.5
2 0 20761.5
2 0 20761.5
2 0 20761.5
2 0 20761.5
2 0 20761.5
2 0 20761.5
2 0 20761.5
2 0 20761.5
2 0 20761.5
2 0 20761.5
2 0 20761.5
79 variables; iteration 110; function evaluation 149; phase 2
Function value   2.0761460e+04; maximum gradient component mag  -1.4346e+00
Var   Value    Gradient   |Var   Value    Gradient   |Var   Value    Gradient
  1 -0.67199  1.01411e+00 |  2 -0.75277  3.21335e-01 |  3  0.25337 -4.08181e-02
  4  0.20805 -1.74769e-03 |  5  0.14620 -2.94040e-03 |  6  0.10424 -1.51218e-03
  7  0.07605 -5.77749e-04 |  8  0.05540 -6.37179e-04 |  9  0.03949 -7.62867e-04
 10  0.02692 -7.10110e-04 | 11  0.01687  2.24657e-04 | 12  0.00883 -2.05512e-04
 13  0.00249 -5.73484e-04 | 14 -0.00237  2.37296e-04 | 15 -0.00592 -1.40868e-04
 16 -0.00823 -4.50896e-04 | 17 -0.00938  3.78764e-04 | 18  0.03899  2.81991e-01
 19  0.00884  1.64179e-02 | 20  0.00872 -2.08823e-02 | 21  0.00529 -4.93531e-02
 22  0.00620 -7.44298e-03 | 23  0.00694  3.21899e-02 | 24  0.00803 -8.49636e-03
 25  0.00878 -4.03579e-02 | 26  0.00567 -2.38969e-02 | 27  0.00621 -9.47160e-03
 28  0.00866 -5.27593e-03 | 29  0.01081 -9.58629e-03 | 30  0.00736 -2.53271e-02
 31  0.00888  7.40183e-05 | 32  0.01066  4.02314e-02 | 33  0.01454  4.14819e-02
 34  0.01701  2.08163e-02 | 35  0.01262  4.71324e-03 | 36  0.01396  1.79509e-02
 37  0.01853  2.52059e-02 | 38  0.01569  1.19999e-03 | 39  0.01612  3.57932e-03
 40  0.01631  1.40302e-02 | 41  0.01792  1.32439e-02 | 42  0.01765  2.47677e-03
 43  0.02057  1.94822e-02 | 44  0.01964  2.14704e-02 | 45  0.02001  2.93653e-02
 46  0.02064 -2.64844e-02 | 47 -0.37324 -7.04690e-02 | 48  0.14195 -1.43459e+00
 49 -0.07594  1.96906e-02 | 50 -0.06644  3.98101e-02 | 51 -0.05314  3.31053e-02
 52 -0.04385 -6.93957e-03 | 53 -0.04607  6.05100e-04 | 54 -0.04132  2.72677e-02
 55 -0.02734  3.68533e-02 | 56 -0.01485  3.69560e-02 | 57 -0.00694  1.86783e-02
 58  0.00075  1.72638e-02 | 59  0.00921  1.67426e-02 | 60  0.01816  1.06848e-02
 61  0.02402 -2.59456e-02 | 62  0.02065 -3.70028e-02 | 63  0.01590 -2.57518e-02
 64  0.01457 -1.72192e-02 | 65  0.01731 -1.96000e-02 | 66  0.01760 -2.89707e-02
 67  0.01583 -2.14938e-02 | 68  0.01895 -1.24499e-02 | 69  0.02189 -2.36099e-02
 70  0.02379 -2.36893e-02 | 71  0.02392 -2.14049e-02 | 72  0.02638 -2.49759e-02
 73  0.02587 -3.84536e-02 | 74  0.02469 -3.82948e-02 | 75  0.01860 -2.53779e-02
 76  0.01870  5.96980e-02 | 77  0.01870  6.78935e-02 | 78 -0.66737 -9.29780e-01
 79 -0.72524  4.70298e-02 |
2 0 20761.5
2 0 20761.5
2 0 20761.5
2 0 20761.5
2 0 20761.5
2 0 20761.5
2 0 20761.5
2 0 20761.5
2 0 20761.5
2 0 20761.5
79 variables; iteration 120; function evaluation 159; phase 2
Function value   2.0761460e+04; maximum gradient component mag   4.6025e-01
Var   Value    Gradient   |Var   Value    Gradient   |Var   Value    Gradient
  1 -0.67134  4.60248e-01 |  2 -0.75485  1.44417e-01 |  3  0.25337 -9.96804e-03
  4  0.20805  1.97525e-03 |  5  0.14620 -4.17715e-04 |  6  0.10424 -2.79439e-04
  7  0.07605 -5.65306e-05 |  8  0.05540 -1.14379e-04 |  9  0.03949 -1.68124e-04
 10  0.02692 -1.62558e-04 | 11  0.01687  1.10766e-04 | 12  0.00883 -4.50629e-05
 13  0.00249 -1.60309e-04 | 14 -0.00238  8.95980e-05 | 15 -0.00592 -3.83036e-05
 16 -0.00823 -1.39699e-04 | 17 -0.00938  1.26226e-04 | 18  0.03899  3.30413e-02
 19  0.00884  4.19659e-03 | 20  0.00872 -5.59701e-03 | 21  0.00529 -1.01355e-02
 22  0.00620 -1.90308e-03 | 23  0.00693  5.57141e-03 | 24  0.00803 -1.98135e-03
 25  0.00878 -6.51402e-03 | 26  0.00567 -2.49656e-03 | 27  0.00621 -1.30065e-03
 28  0.00866  3.16916e-04 | 29  0.01081 -1.43069e-03 | 30  0.00736 -4.69381e-03
 31  0.00888  1.47474e-04 | 32  0.01066  7.52520e-03 | 33  0.01454  7.89784e-03
 34  0.01701  2.46366e-03 | 35  0.01262  3.04154e-04 | 36  0.01396  3.15776e-03
 37  0.01853  3.43920e-03 | 38  0.01569 -3.51419e-05 | 39  0.01612  3.42380e-04
 40  0.01631  3.59879e-03 | 41  0.01792  2.50783e-03 | 42  0.01765  3.64927e-04
 43  0.02057  3.24623e-03 | 44  0.01964  3.97512e-03 | 45  0.02001  4.67460e-03
 46  0.02064 -1.37914e-02 | 47 -0.37324 -7.51290e-03 | 48  0.14195 -2.86103e-01
 49 -0.07594  2.78538e-03 | 50 -0.06644  8.78297e-03 | 51 -0.05314  7.03095e-03
 52 -0.04385 -1.39180e-03 | 53 -0.04607 -4.93757e-04 | 54 -0.04132  5.86218e-03
 55 -0.02734  6.30166e-03 | 56 -0.01485  9.10934e-03 | 57 -0.00694  3.24244e-03
 58  0.00075  5.47257e-03 | 59  0.00921  3.12785e-03 | 60  0.01816  3.55715e-03
 61  0.02402 -6.03667e-03 | 62  0.02065 -8.62692e-03 | 63  0.01590 -5.21274e-03
 64  0.01457 -4.53767e-03 | 65  0.01731 -3.40102e-03 | 66  0.01760 -6.07985e-03
 67  0.01583 -5.28181e-03 | 68  0.01895 -2.18214e-03 | 69  0.02189 -6.33113e-03
 70  0.02379 -5.15848e-03 | 71  0.02392 -5.65689e-03 | 72  0.02638 -5.53281e-03
 73  0.02587 -9.44723e-03 | 74  0.02469 -7.98294e-03 | 75  0.01860 -2.11164e-03
 76  0.01870  1.11268e-02 | 77  0.01870  1.35164e-02 | 78 -0.66752 -2.36779e-01
 79 -0.72816  1.17998e-02 |
2 0 20761.5
2 0 20761.5
2 0 20761.5
2 0 20761.5
2 0 20761.5
2 0 20761.5
2 0 20761.5
2 0 20761.5
2 0 20761.5
2 0 20761.5
2 0 20761.5
2 0 20761.5
79 variables; iteration 130; function evaluation 171; phase 2
Function value   2.0761460e+04; maximum gradient component mag   5.2157e-01
Var   Value    Gradient   |Var   Value    Gradient   |Var   Value    Gradient
  1 -0.67092  5.21572e-01 |  2 -0.75620  1.62614e-01 |  3  0.25337 -1.37947e-03
  4  0.20805  6.00443e-04 |  5  0.14620 -1.37432e-04 |  6  0.10424 -1.07421e-04
  7  0.07605 -4.49278e-05 |  8  0.05540 -5.51987e-05 |  9  0.03949 -6.41837e-05
 10  0.02692 -5.96369e-05 | 11  0.01687  1.17636e-05 | 12  0.00883 -2.81055e-05
 13  0.00249 -5.44621e-05 | 14 -0.00238  1.11272e-05 | 15 -0.00592 -2.21216e-05
 16 -0.00823 -4.89999e-05 | 17 -0.00938  2.15208e-05 | 18  0.03899  2.60736e-03
 19  0.00884 -6.95727e-04 | 20  0.00872 -1.78779e-03 | 21  0.00529 -2.67223e-03
 22  0.00620 -7.70852e-04 | 23  0.00693  6.77127e-04 | 24  0.00803 -1.27475e-03
 25  0.00878 -1.69475e-03 | 26  0.00567 -2.93033e-04 | 27  0.00621 -9.92391e-04
 28  0.00866  6.02767e-05 | 29  0.01081 -1.62751e-04 | 30  0.00736 -8.97573e-04
 31  0.00888 -2.49942e-05 | 32  0.01066  1.67148e-03 | 33  0.01454  2.05400e-03
 34  0.01701  8.37810e-04 | 35  0.01262  2.79607e-05 | 36  0.01396  1.11492e-03
 37  0.01853  1.27460e-03 | 38  0.01569  3.85909e-04 | 39  0.01612  3.73135e-04
 40  0.01631  1.91973e-03 | 41  0.01792  9.45846e-04 | 42  0.01765  5.47162e-04
 43  0.02057  9.27187e-04 | 44  0.01964  1.12381e-03 | 45  0.02001  1.58481e-03
 46  0.02064 -2.74454e-03 | 47 -0.37324 -2.76830e-03 | 48  0.14195 -1.56077e-01
 49 -0.07594  9.49650e-04 | 50 -0.06644  3.15546e-03 | 51 -0.05314  2.19378e-03
 52 -0.04385  1.31333e-04 | 53 -0.04607  2.54969e-05 | 54 -0.04132  1.44485e-03
 55 -0.02734  2.15057e-03 | 56 -0.01485  3.98366e-03 | 57 -0.00694  5.45091e-04
 58  0.00075  1.65970e-03 | 59  0.00921  1.49717e-03 | 60  0.01816  1.62201e-03
 61  0.02402 -1.38496e-03 | 62  0.02065 -2.91824e-03 | 63  0.01590 -2.65397e-03
 64  0.01457 -2.01954e-03 | 65  0.01731 -1.10800e-03 | 66  0.01760 -1.86500e-03
 67  0.01583 -2.08607e-03 | 68  0.01895 -5.15444e-04 | 69  0.02189 -2.42175e-03
 70  0.02379 -1.18186e-03 | 71  0.02392 -2.20243e-03 | 72  0.02638 -1.56211e-03
 73  0.02587 -3.28965e-03 | 74  0.02469 -3.41632e-03 | 75  0.01860 -2.74305e-03
 76  0.01870  2.75524e-03 | 77  0.01870  7.35670e-03 | 78 -0.66761 -1.11787e-01
 79 -0.73014  5.48364e-03 |
2 0 20761.5
2 0 20761.5
2 0 20761.5
2 0 20761.5
2 0 20761.5
2 0 20761.5
2 0 20761.5
2 0 20761.5
2 0 20761.5
2 0 20761.5
2 0 20761.5
79 variables; iteration 140; function evaluation 182; phase 2
Function value   2.0761460e+04; maximum gradient component mag   7.0213e-02
Var   Value    Gradient   |Var   Value    Gradient   |Var   Value    Gradient
  1 -0.67067  7.02128e-02 |  2 -0.75698  2.18095e-02 |  3  0.25337 -1.77841e-03
  4  0.20805  2.77211e-04 |  5  0.14620 -1.00061e-04 |  6  0.10424 -5.81883e-05
  7  0.07605 -1.03476e-05 |  8  0.05540 -2.26328e-05 |  9  0.03949 -3.52215e-05
 10  0.02692 -3.45883e-05 | 11  0.01687  2.33785e-05 | 12  0.00883 -7.62811e-06
 13  0.00249 -3.27685e-05 | 14 -0.00238  2.01916e-05 | 15 -0.00592 -5.37267e-06
 16 -0.00823 -2.59660e-05 | 17 -0.00938  2.79406e-05 | 18  0.03899  2.40477e-03
 19  0.00884  1.36596e-03 | 20  0.00872 -1.16784e-03 | 21  0.00529 -1.56598e-03
 22  0.00620 -2.38534e-04 | 23  0.00693  7.67785e-04 | 24  0.00803 -2.20862e-04
 25  0.00878 -7.51402e-04 | 26  0.00567 -1.71322e-04 | 27  0.00621  8.76756e-05
 28  0.00866  1.69658e-04 | 29  0.01081 -1.61433e-04 | 30  0.00736 -7.04736e-04
 31  0.00888  1.04196e-04 | 32  0.01066  1.03191e-03 | 33  0.01454  1.06419e-03
 34  0.01701  1.12638e-04 | 35  0.01262 -1.61752e-05 | 36  0.01396  3.31734e-04
 37  0.01853  1.26792e-04 | 38  0.01569 -1.00993e-04 | 39  0.01612 -5.98211e-05
 40  0.01631  4.65341e-04 | 41  0.01792  2.47571e-04 | 42  0.01765 -4.38814e-05
 43  0.02057  3.58212e-04 | 44  0.01964  5.83557e-04 | 45  0.02001  4.73723e-04
 46  0.02064 -3.39637e-03 | 47 -0.37324  1.50390e-04 | 48  0.14195 -2.86599e-02
 49 -0.07594  5.49944e-05 | 50 -0.06644  1.23191e-03 | 51 -0.05314  1.01031e-03
 52 -0.04385 -3.06881e-04 | 53 -0.04607 -1.91153e-04 | 54 -0.04132  9.32199e-04
 55 -0.02734  7.38412e-04 | 56 -0.01485  1.37829e-03 | 57 -0.00694  4.29534e-04
 58  0.00075  1.04796e-03 | 59  0.00921  3.03896e-04 | 60  0.01816  6.06482e-04
 61  0.02402 -1.04560e-03 | 62  0.02065 -1.31950e-03 | 63  0.01590 -5.54909e-04
 64  0.01457 -6.80710e-04 | 65  0.01731 -3.55366e-04 | 66  0.01760 -7.94530e-04
 67  0.01583 -7.17714e-04 | 68  0.01895 -2.11144e-04 | 69  0.02189 -9.87761e-04
 70  0.02379 -7.69195e-04 | 71  0.02392 -8.49807e-04 | 72  0.02638 -8.29361e-04
 73  0.02587 -1.53146e-03 | 74  0.02469 -1.02846e-03 | 75  0.01860  4.33736e-04
 76  0.01870  1.53407e-03 | 77  0.01870  1.35722e-03 | 78 -0.66767 -3.17788e-02
 79 -0.73133  1.56459e-03 |
2 0 20761.5
2 0 20761.5
2 0 20761.5
2 0 20761.5
2 0 20761.5
2 0 20761.5
2 0 20761.5
2 0 20761.5
2 0 20761.5
2 0 20761.5
2 0 20761.5
2 0 20761.5
2 0 20761.5
79 variables; iteration 150; function evaluation 195; phase 2
Function value   2.0761460e+04; maximum gradient component mag   5.9281e-02
Var   Value    Gradient   |Var   Value    Gradient   |Var   Value    Gradient
  1 -0.67049  5.92808e-02 |  2 -0.75757  1.83621e-02 |  3  0.25337 -5.81463e-04
  4  0.20805  2.25461e-04 |  5  0.14620 -1.90991e-05 |  6  0.10424 -1.54959e-05
  7  0.07605  1.30282e-08 |  8  0.05540 -6.42908e-06 |  9  0.03949 -1.15731e-05
 10  0.02692 -1.15547e-05 | 11  0.01687  1.04705e-05 | 12  0.00883 -2.88603e-06
 13  0.00249 -1.22228e-05 | 14 -0.00238  8.55658e-06 | 15 -0.00592 -2.06433e-06
 16 -0.00823 -1.06713e-05 | 17 -0.00938  1.17295e-05 | 18  0.03899 -1.77863e-03
 19  0.00884  6.01767e-04 | 20  0.00872 -4.29394e-04 | 21  0.00529 -4.11341e-04
 22  0.00620 -1.81384e-04 | 23  0.00693  1.71088e-04 | 24  0.00803 -1.16077e-04
 25  0.00878 -1.98754e-04 | 26  0.00567  1.16065e-04 | 27  0.00621 -8.22987e-05
 28  0.00866  1.54900e-04 | 29  0.01081  5.50645e-06 | 30  0.00736 -8.25221e-05
 31  0.00888 -9.90501e-05 | 32  0.01066  2.65031e-04 | 33  0.01454  2.93788e-04
 34  0.01701 -2.20004e-04 | 35  0.01262 -3.37012e-05 | 36  0.01396  1.54680e-04
 37  0.01853  1.77819e-04 | 38  0.01569 -3.53006e-05 | 39  0.01612 -1.44882e-05
 40  0.01631  2.27035e-04 | 41  0.01792  6.80041e-05 | 42  0.01765  1.27086e-05
 43  0.02057  3.96262e-05 | 44  0.01964  7.16875e-05 | 45  0.02001 -3.52310e-05
 46  0.02064 -1.31257e-03 | 47 -0.37324  4.80764e-04 | 48  0.14195 -9.86430e-03
 49 -0.07594 -1.33731e-04 | 50 -0.06644  3.27827e-04 | 51 -0.05314  4.22745e-04
 52 -0.04385  2.28235e-04 | 53 -0.04607  1.24613e-05 | 54 -0.04132  1.65009e-04
 55 -0.02734  3.56434e-04 | 56 -0.01485  4.84107e-04 | 57 -0.00694  1.89254e-04
 58  0.00075  1.99000e-04 | 59  0.00921  2.24478e-04 | 60  0.01816  2.44164e-04
 61  0.02402 -1.83517e-04 | 62  0.02065 -5.40360e-04 | 63  0.01590 -3.36884e-04
 64  0.01457 -1.75996e-04 | 65  0.01731 -2.20276e-04 | 66  0.01760 -3.90085e-04
 67  0.01583 -3.98623e-04 | 68  0.01895 -1.49219e-04 | 69  0.02189 -3.53966e-04
 70  0.02379 -2.24477e-04 | 71  0.02392 -2.50712e-04 | 72  0.02638 -2.18113e-04
 73  0.02587 -4.54038e-04 | 74  0.02469 -1.98794e-04 | 75  0.01860  4.33248e-04
 76  0.01870  2.72109e-04 | 77  0.01870  4.71506e-04 | 78 -0.66771 -1.33652e-03
 79 -0.73225  8.12351e-05 |
2 0 20761.5
2 0 20761.5
2 0 20761.5
2 0 20761.5
2 0 20761.5
2 0 20761.5
2 0 20761.5
2 0 20761.5
2 0 20761.5
2 0 20761.5
2 0 20761.5
2 0 20761.5
2 0 20761.5
2 0 20761.5
79 variables; iteration 160; function evaluation 209; phase 2
Function value   2.0761460e+04; maximum gradient component mag   1.2117e-01
Var   Value    Gradient   |Var   Value    Gradient   |Var   Value    Gradient
  1 -0.67035  1.21166e-01 |  2 -0.75804  3.74474e-02 |  3  0.25337 -3.83206e-04
  4  0.20805  1.34727e-04 |  5  0.14620 -2.98002e-05 |  6  0.10424 -2.15814e-05
  7  0.07605 -7.08230e-06 |  8  0.05540 -1.01677e-05 |  9  0.03949 -1.30195e-05
 10  0.02692 -1.23340e-05 | 11  0.01687  4.66365e-06 | 12  0.00883 -4.84143e-06
 13  0.00249 -1.17154e-05 | 14 -0.00238  3.92027e-06 | 15 -0.00592 -3.86761e-06
 16 -0.00823 -1.01369e-05 | 17 -0.00938  6.34054e-06 | 18  0.03899 -3.55629e-04
 19  0.00884  1.68381e-04 | 20  0.00872 -3.75134e-04 | 21  0.00529 -5.16740e-04
 22  0.00620 -1.42306e-04 | 23  0.00693  1.74678e-04 | 24  0.00803 -1.83977e-04
 25  0.00878 -2.81517e-04 | 26  0.00567 -1.41073e-05 | 27  0.00621 -1.30772e-04
 28  0.00866  6.11567e-05 | 29  0.01081 -1.53329e-05 | 30  0.00736 -1.70611e-04
 31  0.00888 -1.98928e-05 | 32  0.01066  3.09686e-04 | 33  0.01454  3.34811e-04
 34  0.01701  3.76626e-05 | 35  0.01262  9.10640e-06 | 36  0.01396  1.93158e-04
 37  0.01853  1.84104e-04 | 38  0.01569  3.97039e-05 | 39  0.01612  3.85370e-05
 40  0.01631  3.13102e-04 | 41  0.01792  1.37430e-04 | 42  0.01765  6.61679e-05
 43  0.02057  1.24452e-04 | 44  0.01964  1.62925e-04 | 45  0.02001  1.76152e-04
 46  0.02064 -8.46125e-04 | 47 -0.37324 -1.43373e-04 | 48  0.14195 -2.29417e-02
 49 -0.07594  6.45398e-05 | 50 -0.06644  5.18124e-04 | 51 -0.05314  4.09977e-04
 52 -0.04385  5.06555e-05 | 53 -0.04607 -1.47949e-05 | 54 -0.04132  2.47618e-04
 55 -0.02734  3.74188e-04 | 56 -0.01485  6.68854e-04 | 57 -0.00694  1.12082e-04
 58  0.00075  2.87786e-04 | 59  0.00921  2.34360e-04 | 60  0.01816  2.82926e-04
 61  0.02402 -2.56270e-04 | 62  0.02065 -5.16465e-04 | 63  0.01590 -3.92244e-04
 64  0.01457 -3.05750e-04 | 65  0.01731 -2.00798e-04 | 66  0.01760 -3.48971e-04
 67  0.01583 -3.83142e-04 | 68  0.01895 -1.10494e-04 | 69  0.02189 -4.39594e-04
 70  0.02379 -2.30589e-04 | 71  0.02392 -3.73114e-04 | 72  0.02638 -2.75987e-04
 73  0.02587 -5.71361e-04 | 74  0.02469 -4.82352e-04 | 75  0.01860 -1.78361e-04
 76  0.01870  4.23049e-04 | 77  0.01870  1.08362e-03 | 78 -0.66775 -1.05431e-02
 79 -0.73299  5.14068e-04 |
2 0 20761.5
2 0 20761.5
2 0 20761.5
2 0 20761.5
2 0 20761.5
2 0 20761.5
2 0 20761.5
2 0 20761.5
2 0 20761.5
2 0 20761.5
2 0 20761.5
2 0 20761.5
2 0 20761.5
79 variables; iteration 170; function evaluation 222; phase 2
Function value   2.0761460e+04; maximum gradient component mag   1.0274e-01
Var   Value    Gradient   |Var   Value    Gradient   |Var   Value    Gradient
  1 -0.67024  1.02737e-01 |  2 -0.75838  3.16993e-02 |  3  0.25337 -2.15884e-04
  4  0.20805  7.41909e-05 |  5  0.14620 -2.23081e-05 |  6  0.10424 -1.57501e-05
  7  0.07605 -6.18284e-06 |  8  0.05540 -7.65015e-06 |  9  0.03949 -9.13835e-06
 10  0.02692 -8.53585e-06 | 11  0.01687  2.01066e-06 | 12  0.00883 -3.67212e-06
 13  0.00249 -7.81196e-06 | 14 -0.00238  1.81136e-06 | 15 -0.00592 -2.90257e-06
 16 -0.00823 -6.71794e-06 | 17 -0.00938  3.36374e-06 | 18  0.03899 -1.95285e-04
 19  0.00884  6.72250e-05 | 20  0.00872 -2.46251e-04 | 21  0.00529 -3.52267e-04
 22  0.00620 -9.89909e-05 | 23  0.00693  1.10312e-04 | 24  0.00803 -1.39717e-04
 25  0.00878 -2.04065e-04 | 26  0.00567 -2.22641e-05 | 27  0.00621 -1.12620e-04
 28  0.00866  2.94096e-05 | 29  0.01081 -9.12047e-06 | 30  0.00736 -1.13269e-04
 31  0.00888 -1.64088e-05 | 32  0.01066  2.06987e-04 | 33  0.01454  2.25230e-04
 34  0.01701  4.69305e-05 | 35  0.01262  1.27419e-05 | 36  0.01396  1.42833e-04
 37  0.01853  1.47220e-04 | 38  0.01569  4.08492e-05 | 39  0.01612  3.71454e-05
 40  0.01631  2.29891e-04 | 41  0.01792  1.02598e-04 | 42  0.01765  5.74399e-05
 43  0.02057  9.11503e-05 | 44  0.01964  1.11942e-04 | 45  0.02001  1.36931e-04
 46  0.02064 -4.69242e-04 | 47 -0.37324 -1.82029e-04 | 48  0.14195 -1.77433e-02
 49 -0.07594  5.88850e-05 | 50 -0.06644  3.65134e-04 | 51 -0.05314  2.80962e-04
 52 -0.04385  4.33460e-05 | 53 -0.04607 -2.14094e-06 | 54 -0.04132  1.60424e-04
 55 -0.02734  2.71268e-04 | 56 -0.01485  4.76426e-04 | 57 -0.00694  6.89317e-05
 58  0.00075  1.80705e-04 | 59  0.00921  1.74906e-04 | 60  0.01816  1.95315e-04
 61  0.02402 -1.60125e-04 | 62  0.02065 -3.48355e-04 | 63  0.01590 -2.90895e-04
 64  0.01457 -2.16315e-04 | 65  0.01731 -1.45446e-04 | 66  0.01760 -2.39298e-04
 67  0.01583 -2.67985e-04 | 68  0.01895 -7.73747e-05 | 69  0.02189 -3.04896e-04
 70  0.02379 -1.48907e-04 | 71  0.02392 -2.60620e-04 | 72  0.02638 -1.85115e-04
 73  0.02587 -3.88763e-04 | 74  0.02469 -3.54092e-04 | 75  0.01860 -2.05558e-04
 76  0.01870  2.85702e-04 | 77  0.01870  8.37634e-04 | 78 -0.66778 -7.15808e-03
 79 -0.73355  3.47727e-04 |
2 0 20761.5
2 0 20761.5
2 0 20761.5
2 0 20761.5
2 0 20761.5
2 0 20761.5
2 0 20761.5
2 0 20761.5
2 0 20761.5
2 0 20761.5
2 0 20761.5
2 0 20761.5
79 variables; iteration 180; function evaluation 234; phase 2
Function value   2.0761460e+04; maximum gradient component mag   2.8992e-02
Var   Value    Gradient   |Var   Value    Gradient   |Var   Value    Gradient
  1 -0.67016  2.89921e-02 |  2 -0.75865  8.93389e-03 |  3  0.25337 -1.70127e-04
  4  0.20805  6.96924e-05 |  5  0.14620 -7.98103e-06 |  6  0.10424 -6.03871e-06
  7  0.07605 -3.97133e-07 |  8  0.05540 -2.48446e-06 |  9  0.03949 -4.25185e-06
 10  0.02692 -4.23359e-06 | 11  0.01687  3.48195e-06 | 12  0.00883 -1.06520e-06
 13  0.00249 -4.37658e-06 | 14 -0.00238  2.82297e-06 | 15 -0.00592 -8.30022e-07
 16 -0.00823 -3.76438e-06 | 17 -0.00938  3.85786e-06 | 18  0.03899 -6.52602e-04
 19  0.00884  1.54658e-04 | 20  0.00872 -1.41205e-04 | 21  0.00529 -1.52194e-04
 22  0.00620 -3.64547e-05 | 23  0.00693  5.28883e-05 | 24  0.00803 -3.20702e-05
 25  0.00878 -4.09517e-05 | 26  0.00567  3.95024e-05 | 27  0.00621  7.96984e-06
 28  0.00866  4.95564e-05 | 29  0.01081  4.84555e-06 | 30  0.00736 -4.66914e-05
 31  0.00888 -2.93000e-07 | 32  0.01066  7.98833e-05 | 33  0.01454  7.72237e-05
 34  0.01701 -5.16744e-05 | 35  0.01262 -8.73637e-06 | 36  0.01396  3.35757e-05
 37  0.01853 -6.32671e-06 | 38  0.01569 -9.88178e-06 | 39  0.01612 -1.01769e-05
 40  0.01631  7.27433e-05 | 41  0.01792  1.73248e-05 | 42  0.01765 -1.03892e-06
 43  0.02057  9.89002e-06 | 44  0.01964  3.43082e-05 | 45  0.02001 -5.04774e-06
 46  0.02064 -4.97558e-04 | 47 -0.37324  2.08078e-04 | 48  0.14195 -3.25049e-03
 49 -0.07594 -3.44142e-05 | 50 -0.06644  1.28730e-04 | 51 -0.05314  1.17578e-04
 52 -0.04385  1.10022e-05 | 53 -0.04607 -2.32867e-05 | 54 -0.04132  7.41857e-05
 55 -0.02734  7.28411e-05 | 56 -0.01485  1.77405e-04 | 57 -0.00694  3.08615e-05
 58  0.00075  1.11926e-04 | 59  0.00921  3.95921e-05 | 60  0.01816  8.92817e-05
 61  0.02402 -9.41163e-05 | 62  0.02065 -1.54019e-04 | 63  0.01590 -6.84893e-05
 64  0.01457 -7.74435e-05 | 65  0.01731 -3.85455e-05 | 66  0.01760 -9.13962e-05
 67  0.01583 -1.05231e-04 | 68  0.01895 -2.31932e-05 | 69  0.02189 -1.31945e-04
 70  0.02379 -7.35487e-05 | 71  0.02392 -1.04314e-04 | 72  0.02638 -8.03293e-05
 73  0.02587 -1.74464e-04 | 74  0.02469 -8.57455e-05 | 75  0.01860  1.24427e-04
 76  0.01870  8.21541e-05 | 77  0.01870  1.54352e-04 | 78 -0.66780  4.89376e-04
 79 -0.73398 -1.96346e-05 |
2 0 20761.5
2 0 20761.5
2 0 20761.5
2 0 20761.5
2 0 20761.5
2 0 20761.5
2 0 20761.5
2 0 20761.5
2 0 20761.5
2 0 20761.5
2 0 20761.5
2 0 20761.5
2 0 20761.5
79 variables; iteration 190; function evaluation 247; phase 2
Function value   2.0761460e+04; maximum gradient component mag   5.5955e-02
Var   Value    Gradient   |Var   Value    Gradient   |Var   Value    Gradient
  1 -0.67008  5.59548e-02 |  2 -0.75889  1.72223e-02 |  3  0.25337 -1.61899e-04
  4  0.20805  4.74578e-05 |  5  0.14620 -1.21718e-05 |  6  0.10424 -8.37436e-06
  7  0.07605 -2.85697e-06 |  8  0.05540 -3.93538e-06 |  9  0.03949 -4.95899e-06
 10  0.02692 -4.66964e-06 | 11  0.01687  1.59724e-06 | 12  0.00883 -1.84401e-06
 13  0.00249 -4.38818e-06 | 14 -0.00238  1.41270e-06 | 15 -0.00592 -1.43170e-06
 16 -0.00823 -3.74702e-06 | 17 -0.00938  2.35287e-06 | 18  0.03899 -2.16181e-04
 19  0.00884  1.32276e-04 | 20  0.00872 -1.51386e-04 | 21  0.00529 -1.83458e-04
 22  0.00620 -7.16262e-05 | 23  0.00693  7.04476e-05 | 24  0.00803 -7.18790e-05
 25  0.00878 -1.24167e-04 | 26  0.00567 -4.48513e-06 | 27  0.00621 -7.33861e-05
 28  0.00866  2.64162e-05 | 29  0.01081 -5.58498e-06 | 30  0.00736 -4.80958e-05
 31  0.00888 -3.43418e-05 | 32  0.01066  1.20552e-04 | 33  0.01454  1.35998e-04
 34  0.01701 -1.10133e-05 | 35  0.01262  2.20922e-06 | 36  0.01396  8.69540e-05
 37  0.01853  1.17956e-04 | 38  0.01569  1.16523e-05 | 39  0.01612  1.65505e-05
 40  0.01631  1.17124e-04 | 41  0.01792  5.16413e-05 | 42  0.01765  2.70787e-05
 43  0.02057  4.43425e-05 | 44  0.01964  4.84671e-05 | 45  0.02001  5.43652e-05
 46  0.02064 -2.80957e-04 | 47 -0.37324 -6.34144e-05 | 48  0.14195 -8.36107e-03
 49 -0.07594  1.99624e-06 | 50 -0.06644  1.74868e-04 | 51 -0.05314  1.74672e-04
 52 -0.04385  7.74826e-05 | 53 -0.04607  1.61905e-05 | 54 -0.04132  7.51303e-05
 55 -0.02734  1.82466e-04 | 56 -0.01485  2.39139e-04 | 57 -0.00694  6.81901e-05
 58  0.00075  6.84833e-05 | 59  0.00921  1.16366e-04 | 60  0.01816  1.00981e-04
 61  0.02402 -6.55105e-05 | 62  0.02065 -2.11345e-04 | 63  0.01590 -1.77367e-04
 64  0.01457 -9.52676e-05 | 65  0.01731 -1.03420e-04 | 66  0.01760 -1.61066e-04
 67  0.01583 -1.65595e-04 | 68  0.01895 -6.21010e-05 | 69  0.02189 -1.51861e-04
 70  0.02379 -8.36147e-05 | 71  0.02392 -1.18736e-04 | 72  0.02638 -9.34000e-05
 73  0.02587 -1.91143e-04 | 74  0.02469 -1.57554e-04 | 75  0.01860 -3.89228e-05
 76  0.01870  1.44044e-04 | 77  0.01870  3.96267e-04 | 78 -0.66782 -3.59869e-03
 79 -0.73440  1.73914e-04 |
2 0 20761.5
2 0 20761.5
2 0 20761.5
2 0 20761.5
2 0 20761.5
2 0 20761.5
2 0 20761.5
2 0 20761.5
2 0 20761.5
2 0 20761.5
2 0 20761.5
2 0 20761.5
2 0 20761.5
79 variables; iteration 200; function evaluation 260; phase 2
Function value   2.0761460e+04; maximum gradient component mag   4.6393e-02
Var   Value    Gradient   |Var   Value    Gradient   |Var   Value    Gradient
  1 -0.67002  4.63929e-02 |  2 -0.75908  1.42663e-02 |  3  0.25337  2.88118e-05
  4  0.20805 -1.13210e-05 |  5  0.14620 -6.11111e-06 |  6  0.10424 -4.05298e-06
  7  0.07605 -3.07234e-06 |  8  0.05540 -2.33660e-06 |  9  0.03949 -1.83558e-06
 10  0.02692 -1.52432e-06 | 11  0.01687 -1.48493e-06 | 12  0.00883 -1.22888e-06
 13  0.00249 -1.02882e-06 | 14 -0.00238 -1.11572e-06 | 15 -0.00592 -9.93642e-07
 16 -0.00823 -9.05594e-07 | 17 -0.00938 -1.05277e-06 | 18  0.03899  1.75604e-04
 19  0.00884 -8.27556e-05 | 20  0.00872 -2.61006e-05 | 21  0.00529 -6.84817e-05
 22  0.00620 -2.21043e-05 | 23  0.00693  1.12705e-05 | 24  0.00803 -5.00772e-05
 25  0.00878 -6.53364e-05 | 26  0.00567 -3.12819e-05 | 27  0.00621 -6.05092e-05
 28  0.00866 -1.74137e-05 | 29  0.01081 -3.01402e-06 | 30  0.00736 -2.05186e-05
 31  0.00888 -6.21806e-06 | 32  0.01066  3.98518e-05 | 33  0.01454  4.74549e-05
 34  0.01701  5.34086e-05 | 35  0.01262  1.30606e-05 | 36  0.01396  4.70062e-05
 37  0.01853  6.90113e-05 | 38  0.01569  2.98106e-05 | 39  0.01612  2.58510e-05
 40  0.01631  6.95630e-05 | 41  0.01792  3.72189e-05 | 42  0.01765  3.12213e-05
 43  0.02057  3.34240e-05 | 44  0.01964  2.79117e-05 | 45  0.02001  6.46359e-05
 46  0.02064  1.01517e-04 | 47 -0.37324 -2.05295e-04 | 48  0.14195 -6.88978e-03
 49 -0.07594  4.79266e-05 | 50 -0.06644  9.48612e-05 | 51 -0.05314  5.75003e-05
 52 -0.04385  1.66940e-05 | 53 -0.04607  1.28419e-05 | 54 -0.04132  2.33870e-05
 55 -0.02734  8.18971e-05 | 56 -0.01485  1.24092e-04 | 57 -0.00694  5.15706e-06
 58  0.00075  1.31177e-05 | 59  0.00921  5.94227e-05 | 60  0.01816  4.02477e-05
 61  0.02402 -1.14022e-05 | 62  0.02065 -6.36341e-05 | 63  0.01590 -9.69525e-05
 64  0.01457 -5.69433e-05 | 65  0.01731 -4.29427e-05 | 66  0.01760 -5.09180e-05
 67  0.01583 -6.18386e-05 | 68  0.01895 -1.91627e-05 | 69  0.02189 -6.56900e-05
 70  0.02379 -1.84737e-05 | 71  0.02392 -6.13326e-05 | 72  0.02638 -3.39270e-05
 73  0.02587 -7.53250e-05 | 74  0.02469 -1.17443e-04 | 75  0.01860 -1.90594e-04
 76  0.01870  6.38469e-05 | 77  0.01870  3.24634e-04 | 78 -0.66783 -2.42845e-03
 79 -0.73471  1.17287e-04 |
2 0 20761.5
2 0 20761.5
2 0 20761.5
2 0 20761.5
2 0 20761.5
2 0 20761.5
2 0 20761.5
2 0 20761.5
2 0 20761.5
2 0 20761.5
2 0 20761.5
79 variables; iteration 210; function evaluation 271; phase 2
Function value   2.0761460e+04; maximum gradient component mag   1.7251e-02
Var   Value    Gradient   |Var   Value    Gradient   |Var   Value    Gradient
  1 -0.66998  1.72509e-02 |  2 -0.75923  5.30065e-03 |  3  0.25337  1.29469e-04
  4  0.20805 -5.61225e-05 |  5  0.14620 -1.11055e-07 |  6  0.10424  5.02408e-07
  7  0.07605 -2.33945e-06 |  8  0.05540 -3.61971e-07 |  9  0.03949  1.21403e-06
 10  0.02692  1.46636e-06 | 11  0.01687 -3.49674e-06 | 12  0.00883 -3.37679e-07
 13  0.00249  1.98534e-06 | 14 -0.00238 -2.74181e-06 | 15 -0.00592 -2.86040e-07
 16 -0.00823  1.67326e-06 | 17 -0.00938 -3.35621e-06 | 18  0.03899  6.23381e-04
 19  0.00884 -1.63163e-04 | 20  0.00872  6.66113e-05 | 21  0.00529  3.92654e-05
 22  0.00620  2.79258e-06 | 23  0.00693 -2.18778e-05 | 24  0.00803 -2.31030e-05
 25  0.00878 -3.56299e-05 | 26  0.00567 -5.57062e-05 | 27  0.00621 -5.94623e-05
 28  0.00866 -4.85915e-05 | 29  0.01081 -7.73287e-06 | 30  0.00736  1.24663e-05
 31  0.00888 -7.43425e-06 | 32  0.01066 -1.32598e-05 | 33  0.01454 -2.82105e-06
 34  0.01701  7.99832e-05 | 35  0.01262  1.61727e-05 | 36  0.01396  2.05393e-05
 37  0.01853  7.08556e-05 | 38  0.01569  3.06879e-05 | 39  0.01612  2.89391e-05
 40  0.01631  1.17508e-05 | 41  0.01792  2.15842e-05 | 42  0.01765  2.73867e-05
 43  0.02057  2.46886e-05 | 44  0.01964  3.60771e-06 | 45  0.02001  6.25664e-05
 46  0.02064  4.16527e-04 | 47 -0.37324 -3.23247e-04 | 48  0.14195 -3.75359e-03
 49 -0.07594  6.40496e-05 | 50 -0.06644 -1.82359e-06 | 51 -0.05314 -2.24436e-05
 52 -0.04385  1.21984e-05 | 53 -0.04607  2.90867e-05 | 54 -0.04132 -2.66903e-05
 55 -0.02734  3.10256e-05 | 56 -0.01485 -9.02329e-06 | 57 -0.00694 -9.28009e-06
 58  0.00075 -6.34715e-05 | 59  0.00921  3.02607e-05 | 60  0.01816 -2.39965e-05
 61  0.02402  5.19492e-05 | 62  0.02065  3.95979e-05 | 63  0.01590 -4.50771e-05
 64  0.01457  2.19110e-06 | 65  0.01731 -1.59455e-05 | 66  0.01760  1.07573e-05
 67  0.01583  1.30489e-05 | 68  0.01895 -3.94346e-06 | 69  0.02189  3.14981e-05
 70  0.02379  3.03453e-05 | 71  0.02392  1.73170e-05 | 72  0.02638  2.21932e-05
 73  0.02587  4.85277e-05 | 74  0.02469 -4.69396e-05 | 75  0.01860 -2.45096e-04
 76  0.01870  6.79842e-06 | 77  0.01870  1.76266e-04 | 78 -0.66784 -2.71093e-03
 79 -0.73497  1.30145e-04 |
2 0 20761.5
2 0 20761.5
2 0 20761.5
2 0 20761.5
2 0 20761.5
2 0 20761.5
2 0 20761.5
2 0 20761.5
2 0 20761.5
2 0 20761.5
2 0 20761.5
B0234224
0.3 0.2562
0.2196 0.331958
0.20828 0.345776
0.205766 0.348979
0.205166 0.349751
0.20502 0.349939
0.204985 0.349985
0.204976 0.349996
0.204974 0.349999
0.204973 0.35
0.204973 0.35
0.204973 0.35
0.204973 0.35
0.204973 0.35
0.204973 0.35
0.204973 0.35
0.204973 0.35
0.204973 0.35
0.204973 0.35
0.204973 0.35
0.204973 0.35
FutMOrt0.0672867
FutMOrt0.0672867
FutMOrt0.0672867
FutMOrt0.0672867
FutMOrt0.0672867
FutMOrt0.0672867
FutMOrt0.0672867
FutMOrt0.0672867
FutMOrt0.0672867
FutMOrt0.0672867
Survey Bio46.4929
Survey len10143.2
CPUE99.347
Catch13.7167
Catch len10028.4
initsmo_penal14.7902
F_pen412.046
Rec_pen3.40301
M_pen0


Starting time: Fri Oct  5 17:08:50 2018
Finishing time: Fri Oct  5 17:09:00 2018
This run took: 0 hours, 0 minutes, 10 seconds.

