survYears 69 70 71 72 73 74 75 76 77 78 79 80 81 82 83 84 85 86 87 88 89 90 91 92 93 94 95 96
SurvLenYear 69 70 71 72 73 74 75 76 77 78 79 80 81 82 83 84 85 86 87 88 89 90 91 92 93 94 95 96
catchBiomass 5147.86 5966.11 6268.41 9894.51 15677.4 19052.3 21955 27533.7 31590.3 36740.2 57431.1 63325.7 79758 104521 102354 101334 86053.1 82840.3 90565.4 83386.5 86105.1 83003.6 96978.9 94900.4 106279 116732 105824 95710.5
steep0.999
25
Out
1 0 36973.9

Initial statistics: 74 variables; iteration 0; function evaluation 0; phase 1
Function value   3.6973946e+04; maximum gradient component mag  -4.0600e+05
Var   Value    Gradient   |Var   Value    Gradient   |Var   Value    Gradient
  1  0.21895 -1.28645e+02 |  2  0.21528  1.07569e+03 |  3  0.20904  2.20723e+03
  4  0.18397  1.63927e+03 |  5  0.16479  1.22599e+03 |  6  0.16285  1.41395e+03
  7  0.15017  1.14808e+03 |  8  0.13423  8.51660e+02 |  9  0.11822  6.02816e+02
 10  0.10890  5.47567e+02 | 11  0.09297  3.38587e+02 | 12  0.08882  3.63406e+02
 13  0.08098  2.77089e+02 | 14  0.07979  1.85142e+02 | 15  0.11210  7.26772e+02
 16  0.01058  9.76402e+03 | 17  0.00000 -1.72023e+04 | 18  0.00000 -3.18115e+03
 19  0.00000  1.01665e+03 | 20  0.00000  9.32514e+02 | 21  0.00000 -1.46489e+03
 22  0.00000 -1.14751e+03 | 23  0.00000  1.14829e+03 | 24  0.00000  1.19568e+03
 25  0.00000  4.10527e+03 | 26  0.00000  8.77165e+03 | 27  0.00000  4.68510e+03
 28  0.00000  7.59063e+03 | 29  0.00000  6.31499e+03 | 30  0.00000  1.77689e+03
 31  0.00000  9.44361e+02 | 32  0.00000 -1.14056e+03 | 33  0.00000  1.05390e+03
 34  0.00000  2.34302e+03 | 35  0.00000  3.55201e+02 | 36  0.00000  2.13552e+03
 37  0.00000  2.30719e+03 | 38  0.00000  5.05649e+03 | 39  0.00000  2.88340e+03
 40  0.00000  4.55485e+03 | 41  0.00000  2.40761e+03 | 42  0.00000 -3.72781e+03
 43  0.00000 -9.87785e+03 | 44  0.00000 -2.38372e+04 | 45  0.09764 -4.05996e+05
 46  0.00000  5.66692e+04 | 47  0.00000  3.91963e+04 | 48  0.00000  3.09411e+04
 49  0.00000  2.54951e+04 | 50  0.00000  1.99582e+04 | 51  0.00000  1.53274e+04
 52  0.00000  1.01848e+04 | 53  0.00000  3.30342e+03 | 54  0.00000 -5.44137e+03
 55  0.00000 -9.07661e+03 | 56  0.00000 -1.37110e+04 | 57  0.00000 -1.79277e+04
 58  0.00000 -1.68499e+04 | 59  0.00000 -1.34225e+04 | 60  0.00000 -1.21657e+04
 61  0.00000 -1.24189e+04 | 62  0.00000 -1.24600e+04 | 63  0.00000 -1.30303e+04
 64  0.00000 -1.25329e+04 | 65  0.00000 -1.51152e+04 | 66  0.00000 -1.68558e+04
 67  0.00000 -1.73118e+04 | 68  0.00000 -1.89600e+04 | 69  0.00000 -1.74070e+04
 70  0.00000 -1.09877e+04 | 71  0.00000  5.81582e+02 | 72  0.00000  1.44544e+04
 73  0.00000  1.95628e+04 | 74 -0.06475  5.22484e+04 |
1 0 36973.9
1 0 36973.7
1 0 36971.7
1 0 36951.7
1 0 36753.4
1 0 34920
1 0 31531.7
1 0 29488.5
1 0 30698.3
1 0 28635.1
1 0 29176.6
1 0 28313.2
1 0 28112.1
1 0 28277.2
1 0 28032.4
1 0 28049
1 0 27995.5
1 0 27951.3
1 0 27924.6

Intermediate statistics: 74 variables; iteration 10; function evaluation 19; phase 1
Function value   2.7924646e+04; maximum gradient component mag  -1.2280e+05
Var   Value    Gradient   |Var   Value    Gradient   |Var   Value    Gradient
  1  0.28211 -1.14252e+03 |  2  0.25345 -9.50372e+02 |  3  0.21062  1.65269e+01
  4  0.18162  1.18788e+02 |  5  0.16365  1.08873e+02 |  6  0.15884  1.83299e+02
  7  0.14735  1.54842e+02 |  8  0.13234  1.12725e+02 |  9  0.11752  7.34891e+01
 10  0.10700  8.27782e+01 | 11  0.09340  3.02594e+01 | 12  0.08763  5.28638e+01
 13  0.08114  1.77949e+01 | 14  0.08287 -2.56687e+01 | 15  0.10700  1.62631e+02
 16  0.21645  3.88219e+04 | 17 -0.00780  4.38443e+02 | 18 -0.03832 -7.53707e+03
 19 -0.06187 -3.02574e+03 | 20 -0.04737  9.47840e+02 | 21 -0.01749  8.08370e+02
 22 -0.00546 -9.02973e+02 | 23 -0.00722  2.98714e+02 | 24 -0.00254 -6.41077e+02
 25  0.01630  7.42882e+02 | 26  0.03929  1.01911e+04 | 27  0.01277 -8.02127e+02
 28  0.03829  5.35200e+03 | 29  0.03774  8.04969e+03 | 30  0.00157  4.72177e+03
 31 -0.02935 -1.97747e+03 | 32 -0.00358 -5.81092e+03 | 33  0.00736  1.17699e+03
 34  0.02815  2.43410e+03 | 35  0.01101 -3.09084e+03 | 36  0.03136  1.93131e+03
 37  0.02455  1.09505e+03 | 38  0.02162  6.97287e+03 | 39  0.02066 -6.61687e+02
 40  0.03501  3.53783e+03 | 41  0.01670  6.54783e+02 | 42 -0.01021 -7.80819e+03
 43 -0.04247 -1.04335e+04 | 44 -0.06895 -6.63742e+03 | 45  0.14401 -1.22801e+05
 46 -0.01695  3.45260e+04 | 47 -0.05605  2.41520e+03 | 48 -0.06853 -1.26035e+03
 49 -0.05456 -3.19425e+03 | 50 -0.02527 -5.40409e+03 | 51 -0.03194 -4.17348e+03
 52 -0.01766 -3.89559e+03 | 53 -0.03754 -2.10927e+03 | 54 -0.00225  5.39925e+02
 55  0.01868 -3.94463e+03 | 56 -0.01733 -1.45269e+03 | 57  0.02212 -3.90717e+03
 58  0.04568 -9.33709e+03 | 59 -0.03698 -4.72843e+03 | 60  0.00466 -3.18588e+03
 61  0.02319 -1.35299e+03 | 62 -0.01777 -2.36936e+03 | 63  0.03862  3.47528e+03
 64 -0.04511 -2.53836e+03 | 65  0.03289  1.65133e+03 | 66  0.02138 -1.49335e+03
 67  0.01383 -5.70032e+03 | 68  0.01825 -2.13059e+03 | 69  0.03759 -2.73808e+03
 70  0.04150  1.56399e+03 | 71  0.05441  8.30956e+03 | 72  0.05879  6.95959e+03
 73 -0.00349  5.63823e+03 | 74  0.06812  1.97642e+04 |
1 0 27889.6
1 0 27858
1 0 27848.8
1 0 27838.6
1 0 27827.8
1 0 27818.5
1 0 27817.3
1 0 27813.5
1 0 27813.5
1 0 27810.9
1 0 27808.3
1 0 27805.6
74 variables; iteration 20; function evaluation 31; phase 1
Function value   2.7805629e+04; maximum gradient component mag  -1.0149e+05
Var   Value    Gradient   |Var   Value    Gradient   |Var   Value    Gradient
  1  0.32926  1.74377e+03 |  2  0.32720  2.19627e+02 |  3  0.21707 -8.15712e+01
  4  0.17687  3.30626e+01 |  5  0.16003  8.19844e+01 |  6  0.14961  9.48730e+01
  7  0.14016  1.01083e+02 |  8  0.12748  7.46721e+01 |  9  0.11511  6.17353e+01
 10  0.10277  3.92085e+01 | 11  0.09358  3.94840e+01 | 12  0.08515  1.91500e+01
 13  0.08179  1.79887e+00 | 14  0.08828  3.74427e+01 | 15  0.09568  7.29129e+01
 16  0.21294  3.51307e+04 | 17  0.00361 -8.58620e+02 | 18 -0.04795 -6.71169e+03
 19 -0.06485 -1.80385e+03 | 20 -0.05304 -7.78102e+02 | 21 -0.02073 -5.85738e+02
 22 -0.00406 -3.99889e+02 | 23 -0.00960  4.48482e+01 | 24  0.00000  1.83987e+02
 25  0.01350  1.54498e+03 | 26  0.03271  6.95859e+03 | 27  0.01593  1.82647e+03
 28  0.03668  5.04108e+03 | 29  0.02943  6.60313e+03 | 30  0.00371  2.40263e+03
 31 -0.00908 -1.72350e+03 | 32  0.01082 -4.12436e+03 | 33  0.00272  6.03061e+02
 34  0.02708  3.07969e+03 | 35  0.01208 -8.08647e+02 | 36  0.03165  2.35711e+03
 37  0.01830 -2.83657e+02 | 38  0.04060  6.36723e+03 | 39  0.02014 -6.71100e+02
 40  0.03199  3.57684e+03 | 41  0.02112  1.27773e+03 | 42 -0.00817 -6.34323e+03
 43 -0.04873 -8.43159e+03 | 44 -0.08651 -8.42911e+03 | 45  0.14847 -1.01488e+05
 46 -0.02170  2.81482e+04 | 47 -0.05419  1.79114e+03 | 48 -0.07221 -2.11094e+03
 49 -0.06469 -3.14198e+03 | 50 -0.01927 -2.89561e+03 | 51 -0.03521 -3.11125e+03
 52 -0.01704 -2.09195e+03 | 53 -0.02952 -2.10372e+03 | 54 -0.00787 -1.57932e+03
 55  0.01692 -1.98891e+03 | 56 -0.01315 -1.90097e+03 | 57  0.02494 -2.79545e+03
 58  0.03717 -5.92432e+03 | 59 -0.06942 -4.74426e+03 | 60  0.03007 -2.04717e+03
 61  0.01828 -1.30807e+02 | 62 -0.01783 -2.99740e+03 | 63  0.03364 -1.15350e+03
 64 -0.04003 -3.38013e+03 | 65  0.03234  1.35331e+01 | 66 -0.00396 -1.07275e+03
 67  0.03309 -1.92040e+03 | 68  0.01088 -6.94410e+02 | 69  0.03367 -2.12744e+03
 70  0.04594  1.85344e+03 | 71  0.06312  6.69305e+03 | 72  0.07931  7.07969e+03
 73  0.00698  4.54811e+03 | 74  0.08158  1.75279e+04 |
1 0 27804.8
1 0 27804.4
1 0 27804.2
1 0 27803.9
1 0 27803.6
1 0 27803.2
1 0 27802.6
1 0 27801.9
1 0 27801.3
1 0 27800.7
74 variables; iteration 30; function evaluation 41; phase 1
Function value   2.7800735e+04; maximum gradient component mag  -1.0189e+05
Var   Value    Gradient   |Var   Value    Gradient   |Var   Value    Gradient
  1  0.32851  1.40086e+03 |  2  0.33588  3.40014e+02 |  3  0.23666  8.37671e+01
  4  0.17789 -5.59200e+00 |  5  0.15528  6.46292e+01 |  6  0.13993  5.48985e+01
  7  0.13084  7.22314e+01 |  8  0.12102  6.28822e+01 |  9  0.11091  6.01005e+01
 10  0.09871  2.32773e+01 | 11  0.09251  4.63659e+01 | 12  0.08400  3.80655e+00
 13  0.08444  1.46431e+01 | 14  0.09092  8.80105e+01 | 15  0.08295  8.45289e+00
 16  0.21259  3.52135e+04 | 17  0.00515 -1.84192e+02 | 18 -0.04687 -6.38711e+03
 19 -0.06567 -2.21194e+03 | 20 -0.05377 -1.18074e+03 | 21 -0.02066 -5.99679e+02
 22 -0.00400 -2.77455e+02 | 23 -0.00994 -1.29763e+02 | 24  0.00071  4.40746e+02
 25  0.01484  1.72223e+03 | 26  0.03379  7.29884e+03 | 27  0.01637  1.77392e+03
 28  0.03705  5.17007e+03 | 29  0.02920  6.36177e+03 | 30  0.00297  2.30232e+03
 31 -0.01227 -1.87457e+03 | 32  0.01070 -4.13987e+03 | 33  0.00393  9.47078e+02
 34  0.02597  2.83045e+03 | 35  0.01190 -1.10557e+03 | 36  0.03171  2.49109e+03
 37  0.01870  2.13121e+02 | 38  0.03920  5.91015e+03 | 39  0.02049 -4.26261e+02
 40  0.03176  3.54540e+03 | 41  0.02061  8.93215e+02 | 42 -0.00841 -6.46294e+03
 43 -0.04825 -8.37979e+03 | 44 -0.08529 -8.20213e+03 | 45  0.14909 -1.01892e+05
 46 -0.02144  2.84517e+04 | 47 -0.05593  1.41704e+03 | 48 -0.07297 -2.05467e+03
 49 -0.06507 -3.00512e+03 | 50 -0.01919 -2.61558e+03 | 51 -0.03663 -3.02632e+03
 52 -0.01709 -1.93067e+03 | 53 -0.03098 -2.10920e+03 | 54 -0.00767 -1.35329e+03
 55  0.01665 -1.69992e+03 | 56 -0.01259 -1.69071e+03 | 57  0.02487 -2.44407e+03
 58  0.03780 -5.28656e+03 | 59 -0.07360 -4.75774e+03 | 60  0.02760 -2.53421e+03
 61  0.01843 -3.20935e+02 | 62 -0.01737 -3.06827e+03 | 63  0.03279 -1.16623e+03
 64 -0.03812 -3.26229e+03 | 65  0.03119 -7.86037e+02 | 66 -0.00447 -1.43191e+03
 67  0.03183 -2.46448e+03 | 68  0.01053 -9.79055e+02 | 69  0.03275 -2.52213e+03
 70  0.04557  2.05235e+03 | 71  0.06165  6.71436e+03 | 72  0.07827  7.04609e+03
 73  0.02282  4.65217e+03 | 74  0.08137  1.76947e+04 |
1 0 27801.1
1 0 27800.5
1 0 27800.3
1 0 27800
1 0 27799.7
1 0 27799.3
1 0 27798.6
1 0 27797.9
1 0 27797.2
1 0 27796.6
1 0 27795.6
74 variables; iteration 40; function evaluation 52; phase 1
Function value   2.7795689e+04; maximum gradient component mag  -1.0305e+05
Var   Value    Gradient   |Var   Value    Gradient   |Var   Value    Gradient
  1  0.32853  1.51585e+03 |  2  0.33471  3.66202e+02 |  3  0.23032 -8.32362e-01
  4  0.18778  1.18965e+02 |  5  0.15027  3.28925e+01 |  6  0.12810  2.57160e+01
  7  0.11636  4.22064e+01 |  8  0.10759  4.25387e+01 |  9  0.10018  4.41527e+01
 10  0.09237  2.75762e+01 | 11  0.08778  2.96198e+01 | 12  0.08509  2.68772e+01
 13  0.08486  4.69233e+01 | 14  0.08123  5.40287e+01 | 15  0.07137 -5.19372e+00
 16  0.21228  3.52424e+04 | 17  0.00526 -3.61786e+02 | 18 -0.04616 -6.10482e+03
 19 -0.06532 -2.04840e+03 | 20 -0.05384 -1.17587e+03 | 21 -0.02106 -5.46648e+02
 22 -0.00441 -3.00842e+02 | 23 -0.01039 -2.67955e+02 | 24  0.00039  3.33829e+02
 25  0.01513  1.81093e+03 | 26  0.03353  7.23747e+03 | 27  0.01613  1.59964e+03
 28  0.03739  5.25205e+03 | 29  0.02974  6.62383e+03 | 30  0.00329  2.56269e+03
 31 -0.01232 -1.90172e+03 | 32  0.01071 -3.91311e+03 | 33  0.00362  8.49787e+02
 34  0.02594  2.71888e+03 | 35  0.01228 -7.50862e+02 | 36  0.03208  2.55634e+03
 37  0.01855 -2.15247e+02 | 38  0.03957  6.05608e+03 | 39  0.02086 -1.32106e+01
 40  0.03191  3.44374e+03 | 41  0.02094  1.24142e+03 | 42 -0.00845 -6.67717e+03
 43 -0.04802 -8.26315e+03 | 44 -0.08561 -8.15179e+03 | 45  0.14954 -1.03054e+05
 46 -0.02161  2.88202e+04 | 47 -0.05566  1.61119e+03 | 48 -0.07341 -2.06004e+03
 49 -0.06472 -3.00568e+03 | 50 -0.02002 -2.83447e+03 | 51 -0.03680 -3.08492e+03
 52 -0.01796 -1.96603e+03 | 53 -0.03133 -2.09258e+03 | 54 -0.00796 -1.41868e+03
 55  0.01623 -1.67337e+03 | 56 -0.01337 -1.63532e+03 | 57  0.02451 -2.34725e+03
 58  0.03731 -5.66631e+03 | 59 -0.07120 -4.75509e+03 | 60  0.02679 -2.90582e+03
 61  0.01758 -6.73784e+02 | 62 -0.01846 -3.09700e+03 | 63  0.03275 -8.81321e+02
 64 -0.04044 -3.35328e+03 | 65  0.03043 -1.16922e+03 | 66 -0.00430 -1.27367e+03
 67  0.03152 -2.47094e+03 | 68  0.00955 -1.15236e+03 | 69  0.03251 -2.54890e+03
 70  0.04468  1.77366e+03 | 71  0.06193  6.88348e+03 | 72  0.07843  7.04480e+03
 73  0.03117  4.71876e+03 | 74  0.08137  1.78445e+04 |
1 0 27795.5
1 0 27795.1
1 0 27794.2
1 0 27792.8
1 0 27790.5
1 0 27787.4
1 0 27783.7
1 0 27780.7
1 0 27781.6
1 0 27779.4
1 0 27778.6
1 0 27776.7
74 variables; iteration 50; function evaluation 64; phase 1
Function value   2.7776857e+04; maximum gradient component mag  -1.0168e+05
Var   Value    Gradient   |Var   Value    Gradient   |Var   Value    Gradient
  1  0.32528  1.69321e+03 |  2  0.32631  3.48305e+02 |  3  0.22234  2.66947e+01
  4  0.16365 -4.47334e+01 |  5  0.14747  1.48029e+02 |  6  0.11145  1.25553e+01
  7  0.08582 -5.03334e+00 |  8  0.07062 -1.59890e+01 |  9  0.06714  1.03296e+01
 10  0.06732 -3.58336e+00 | 11  0.07585  6.61893e+01 | 12  0.07355  6.17584e+01
 13  0.06161  8.45429e+00 | 14  0.05423  2.21454e+01 | 15  0.04626 -9.39181e+00
 16  0.21125  3.49637e+04 | 17  0.00316 -1.13476e+03 | 18 -0.04484 -5.54754e+03
 19 -0.06498 -2.33290e+03 | 20 -0.05284 -1.02285e+03 | 21 -0.02161 -6.46241e+02
 22 -0.00460  1.73226e+02 | 23 -0.01066 -6.89070e+02 | 24  0.00069  5.20953e+02
 25  0.01515  1.68358e+03 | 26  0.03314  7.12896e+03 | 27  0.01674  1.72713e+03
 28  0.03807  5.41314e+03 | 29  0.02981  6.61569e+03 | 30  0.00262  1.73168e+03
 31 -0.01255 -1.17786e+03 | 32  0.01048 -4.31661e+03 | 33  0.00384  4.28559e+02
 34  0.02569  2.90039e+03 | 35  0.01197 -9.82643e+02 | 36  0.03227  2.50783e+03
 37  0.01961  3.09122e+02 | 38  0.03988  6.19019e+03 | 39  0.01979 -6.85448e+02
 40  0.03278  3.66037e+03 | 41  0.02183  1.74997e+03 | 42 -0.00958 -7.54060e+03
 43 -0.04863 -8.05382e+03 | 44 -0.08669 -7.86335e+03 | 45  0.14900 -1.01678e+05
 46 -0.02168  2.85171e+04 | 47 -0.05540  1.52130e+03 | 48 -0.07013 -1.90250e+03
 49 -0.06123 -2.89966e+03 | 50 -0.02101 -3.12819e+03 | 51 -0.03554 -3.20519e+03
 52 -0.01852 -2.13277e+03 | 53 -0.02963 -2.11180e+03 | 54 -0.00751 -1.36507e+03
 55  0.01623 -1.69978e+03 | 56 -0.01186 -1.60091e+03 | 57  0.02523 -2.14582e+03
 58  0.03840 -4.73395e+03 | 59 -0.07884 -4.87443e+03 | 60  0.02652 -3.48676e+03
 61  0.01797 -3.67145e+02 | 62 -0.01480 -2.92692e+03 | 63  0.03264 -1.16590e+03
 64 -0.04119 -3.49701e+03 | 65  0.03076 -1.07426e+03 | 66 -0.00269 -1.34140e+03
 67  0.03211 -2.62233e+03 | 68  0.00820 -1.23061e+03 | 69  0.03259 -3.19714e+03
 70  0.04521  1.34033e+03 | 71  0.06353  7.20548e+03 | 72  0.08074  7.21406e+03
 73  0.01640  4.51116e+03 | 74  0.08128  1.76885e+04 |
1 0 27774.7
1 0 27771.2
1 0 27765.9
1 0 27767
1 0 27763.5
1 0 27759.3
1 0 27751.2
1 0 27737.5
1 0 27718.3
1 0 27694.2
1 0 27653.9
74 variables; iteration 60; function evaluation 75; phase 1
Function value   2.7653994e+04; maximum gradient component mag  -1.0095e+05
Var   Value    Gradient   |Var   Value    Gradient   |Var   Value    Gradient
  1  0.32421  1.85057e+03 |  2  0.31853  2.45809e+02 |  3  0.22226  6.19315e+01
  4  0.16195  8.54894e+00 |  5  0.12833  5.14676e+01 |  6  0.09752 -7.82670e+01
  7  0.10183  1.64378e+02 |  8  0.06951  4.11435e+01 |  9  0.03210  5.56788e+00
 10 -0.00366 -1.40696e+01 | 11 -0.03372 -5.91546e+01 | 12 -0.04525 -7.68549e+01
 13 -0.03299 -2.44044e+01 | 14 -0.01259  3.02685e+01 | 15  0.00008  4.84248e+01
 16  0.20918  3.40730e+04 | 17  0.00235 -1.29111e+03 | 18 -0.04352 -5.18860e+03
 19 -0.06360 -2.20905e+03 | 20 -0.05056 -7.18712e+02 | 21 -0.02025 -6.75890e+01
 22 -0.00707 -3.32420e+02 | 23 -0.01184 -5.55056e+02 | 24 -0.00076 -3.67839e+02
 25  0.01551  1.94501e+03 | 26  0.03169  6.83151e+03 | 27  0.01605  1.88343e+03
 28  0.03745  5.07642e+03 | 29  0.03039  7.05009e+03 | 30  0.00276  1.73349e+03
 31 -0.01243 -1.43660e+03 | 32  0.01026 -4.07134e+03 | 33  0.00345 -2.58381e+01
 34  0.02447  3.12333e+03 | 35  0.01116 -1.07632e+03 | 36  0.03296  2.45245e+03
 37  0.01913  2.13010e+02 | 38  0.04013  6.21967e+03 | 39  0.02216 -7.88569e+02
 40  0.02595  3.29519e+03 | 41  0.02738  2.02412e+03 | 42 -0.00667 -6.50335e+03
 43 -0.05105 -8.75900e+03 | 44 -0.08400 -7.06139e+03 | 45  0.14900 -1.00950e+05
 46 -0.02152  2.89714e+04 | 47 -0.05527  1.72497e+03 | 48 -0.06539 -1.27690e+03
 49 -0.05562 -2.50359e+03 | 50 -0.02059 -2.77220e+03 | 51 -0.03829 -3.50710e+03
 52 -0.01655 -1.86111e+03 | 53 -0.03339 -2.15243e+03 | 54 -0.00555 -1.42767e+03
 55  0.01622 -1.74747e+03 | 56 -0.01395 -1.90911e+03 | 57  0.02551 -2.08395e+03
 58  0.03822 -5.33596e+03 | 59 -0.07749 -4.87195e+03 | 60  0.02744 -3.28832e+03
 61  0.01621 -4.49678e+02 | 62 -0.00816 -2.55481e+03 | 63  0.03169 -1.84575e+03
 64 -0.04758 -3.78471e+03 | 65  0.03132 -1.43436e+03 | 66 -0.00566 -1.73518e+03
 67  0.03044 -3.27058e+03 | 68  0.01779 -9.15018e+02 | 69  0.02464 -2.75608e+03
 70  0.05130  2.61283e+03 | 71  0.06190  7.19277e+03 | 72  0.07560  6.80506e+03
 73  0.01430  4.52014e+03 | 74  0.08341  1.76337e+04 |
1 0 27596.7
1 0 27548.5
1 0 27554.9
1 0 27525.7
1 0 27485.3
1 0 27421.1
1 0 27339.4
1 0 27191.7
1 0 26920.5
1 0 26516.1
1 0 26025.6
74 variables; iteration 70; function evaluation 86; phase 1
Function value   2.6025694e+04; maximum gradient component mag  -1.0020e+05
Var   Value    Gradient   |Var   Value    Gradient   |Var   Value    Gradient
  1  0.29553  8.72642e+02 |  2  0.27553 -3.62220e+02 |  3  0.16997 -2.80605e+02
  4  0.15074 -2.19477e+02 |  5  0.22092  8.97322e+02 |  6  0.14689  2.60763e+01
  7  0.10072 -2.22091e+02 |  8  0.13676  8.45064e+00 |  9  0.20558  7.21476e+02
 10  0.21634  1.72259e+03 | 11 -0.09459 -5.31925e+02 | 12 -0.24504 -4.22178e+02
 13 -0.25373 -1.52760e+02 | 14 -0.20908  5.22942e+02 | 15 -0.34628 -3.53759e+02
 16  0.18104  2.24368e+04 | 17 -0.00174 -1.72815e+03 | 18 -0.03350 -3.54495e+03
 19 -0.05595 -2.03373e+03 | 20 -0.04470  8.48298e+02 | 21 -0.02707 -7.54326e+02
 22 -0.00608  1.88513e+03 | 23 -0.01537 -2.15251e+03 | 24 -0.00866 -1.67428e+02
 25  0.00398  5.41727e+02 | 26  0.02614  6.23665e+03 | 27  0.01402 -3.80570e+02
 28  0.03197  5.37445e+03 | 29  0.02370  3.24863e+03 | 30  0.00398  3.90306e+03
 31 -0.01474 -1.12337e+03 | 32  0.01069 -2.45149e+03 | 33  0.00567  1.28615e+03
 34  0.01625  1.69365e+03 | 35  0.01441 -3.32991e+02 | 36  0.02102  1.84430e+03
 37  0.02313  5.71981e+02 | 38  0.03697  6.07387e+03 | 39  0.01615 -4.64193e+03
 40  0.03175  3.59796e+03 | 41  0.01899  5.07514e+02 | 42 -0.00462 -4.60329e+03
 43 -0.02878 -6.67640e+03 | 44 -0.05639 -6.03157e+03 | 45  0.14692 -1.00198e+05
 46 -0.02728  2.67028e+04 | 47 -0.05620  2.25326e+03 | 48 -0.05382  6.96239e+02
 49 -0.05936 -2.10176e+03 | 50 -0.02482 -1.68212e+03 | 51 -0.02755 -1.48163e+03
 52 -0.02316 -1.04258e+03 | 53 -0.03263 -2.01669e+03 | 54 -0.00851 -2.18704e+03
 55  0.01625  5.79689e+02 | 56 -0.02239 -2.69686e+03 | 57  0.02716 -4.12510e+03
 58  0.03405 -4.91335e+03 | 59 -0.06121 -4.91620e+03 | 60  0.02359 -1.67033e+03
 61  0.01230 -1.32290e+03 | 62 -0.00365 -2.58517e+03 | 63  0.02942  7.68276e+02
 64 -0.03373 -3.61689e+03 | 65  0.02973 -5.24641e+02 | 66 -0.00482 -2.22585e+03
 67  0.03407 -1.21650e+03 | 68 -0.01101 -2.75605e+03 | 69  0.03705 -4.27001e+03
 70  0.03286  5.35308e+02 | 71  0.04221  4.15806e+03 | 72  0.05474  5.31948e+03
 73  0.07477  4.93619e+03 | 74  0.05163  1.52579e+04 |
1 0 25217.8
1 0 26738.1
1 0 24760
1 0 85315.5
1 0 24758.2
1 0 24744
1 0 24898.9
1 0 24742.6
1 0 24740
1 0 24717.2
1 0 24666.6
1 0 24201.5
1 0 23388.5
1 0 23112.8
1 0 22733.2
1 0 22496.3
74 variables; iteration 80; function evaluation 102; phase 1
Function value   2.2496309e+04; maximum gradient component mag  -3.6319e+04
Var   Value    Gradient   |Var   Value    Gradient   |Var   Value    Gradient
  1  0.22908 -2.07647e+03 |  2  0.23952 -7.77419e+02 |  3  0.17549 -1.39477e+02
  4  0.15069  7.42823e+01 |  5  0.13112  9.66512e+01 |  6  0.10826 -3.05499e+00
  7  0.10396  2.92017e+01 |  8  0.10777  1.92435e+02 |  9  0.07217 -4.80864e+01
 10  0.06038 -1.13439e+02 | 11  0.09013  3.13083e+02 | 12  0.03909 -2.16476e+02
 13  0.05802  1.20820e+02 | 14  0.04764 -2.99931e+01 | 15  0.05206  3.61168e+01
 16  0.11947  1.55839e+03 | 17 -0.00906  2.82059e+03 | 18 -0.01170 -8.72565e+02
 19 -0.01748  5.96322e+02 | 20 -0.01710  7.36748e+02 | 21 -0.01558 -3.06362e+02
 22 -0.01554 -3.85861e+02 | 23 -0.01314  1.07009e+03 | 24 -0.01107 -4.46192e+02
 25 -0.00629 -1.20597e+03 | 26 -0.00628 -4.15827e+02 | 27  0.00119  2.21674e+03
 28  0.00158  7.85508e+02 | 29  0.00462 -1.90659e+03 | 30  0.00590  9.82263e+02
 31  0.00506 -2.95806e+03 | 32  0.00518  1.23840e+03 | 33 -0.00353 -1.00236e+02
 34  0.00521  1.71610e+03 | 35  0.01656 -7.00448e+02 | 36  0.00497 -4.38938e+03
 37  0.02405  5.60313e+03 | 38  0.00928 -2.68943e+03 | 39  0.02134  4.21335e+03
 40  0.00988  9.98343e+02 | 41  0.01225 -1.43207e+03 | 42  0.00222 -9.33780e+02
 43  0.00062 -8.38826e+02 | 44 -0.00342 -3.58515e+03 | 45  0.13973 -3.63185e+04
 46 -0.05769  6.36394e+03 | 47 -0.04953  3.09358e+03 | 48 -0.03645  4.67820e+03
 49 -0.03125  3.58284e+03 | 50 -0.03228  1.70989e+02 | 51 -0.02524  3.35658e+01
 52 -0.02766 -1.67443e+03 | 53 -0.01380  6.69084e+02 | 54  0.00195  1.00802e+03
 55  0.00005 -2.01240e+03 | 56  0.00002 -3.45848e+03 | 57  0.02538  1.07251e+03
 58  0.01391 -1.61871e+03 | 59  0.02929  7.38942e+03 | 60  0.01912  2.02790e+03
 61  0.00070 -3.48637e+03 | 62 -0.00567 -5.24984e+03 | 63  0.02227 -3.64388e+02
 64  0.01242  2.82037e+03 | 65  0.02104 -1.04893e+02 | 66  0.01482 -7.15579e+02
 67  0.02757 -1.54530e+02 | 68  0.00227 -6.35724e+03 | 69  0.03335 -1.80536e+03
 70  0.01408 -3.87741e+03 | 71  0.01542 -2.91885e+03 | 72  0.00694 -5.33209e+02
 73  0.01955  1.86336e+03 | 74 -0.03247  4.17598e+03 |
1 0 22362.7
1 0 22219.5
1 0 22103
1 0 22122.9
1 0 22044.9
1 0 22000.9
1 0 21950.9
1 0 21930.2
1 0 21923.4
1 0 21913.4
1 0 21904.6
74 variables; iteration 90; function evaluation 113; phase 1
Function value   2.1904650e+04; maximum gradient component mag  -2.6862e+03
Var   Value    Gradient   |Var   Value    Gradient   |Var   Value    Gradient
  1  0.25663 -1.14631e+02 |  2  0.24772  5.05168e+01 |  3  0.17713  2.05324e+01
  4  0.12405  5.60359e+00 |  5  0.09179  2.27070e+01 |  6  0.06738  1.90735e+01
  7  0.04633  4.98897e+00 |  8  0.02974 -4.80678e-01 |  9  0.01752  7.85183e+00
 10  0.00625  8.27785e+00 | 11 -0.00489 -4.03134e+00 | 12 -0.01276  5.46742e+00
 13 -0.02051 -8.37827e+00 | 14 -0.02426  1.35207e+00 | 15 -0.02703 -4.88361e+00
 16  0.12386 -3.83420e+02 | 17 -0.01393  4.16609e+02 | 18 -0.01904  1.42436e+02
 19 -0.02353 -8.04079e+00 | 20 -0.02176 -1.16661e+02 | 21 -0.01616 -1.17646e+02
 22 -0.01124  2.78640e+02 | 23 -0.01160 -8.59836e+01 | 24 -0.00736  1.41949e+02
 25 -0.00517  3.39233e+00 | 26 -0.00761 -1.80815e+01 | 27 -0.00172 -2.56818e+02
 28 -0.00036  1.25012e+02 | 29  0.00331  5.24655e+02 | 30  0.00278  1.48124e+02
 31  0.00203  2.47389e+01 | 32  0.00659 -3.38313e+02 | 33  0.00811  1.07877e+02
 34  0.00671  9.68962e+01 | 35  0.00978 -4.24234e+02 | 36  0.01049  1.31949e+02
 37  0.01387  6.10779e+01 | 38  0.00977 -3.87296e+02 | 39  0.01274 -1.39679e+02
 40  0.01451  3.12948e+02 | 41  0.01359  2.63264e+02 | 42  0.01432 -2.03561e+02
 43  0.01058 -1.54776e+02 | 44  0.00037 -4.66068e+02 | 45  0.14371 -2.68621e+03
 46 -0.07203 -6.27964e+01 | 47 -0.05385  9.74254e+01 | 48 -0.04507  6.86079e+02
 49 -0.04051 -1.89021e+02 | 50 -0.03137  1.14094e+02 | 51 -0.02693  3.57161e+02
 52 -0.02279  2.89100e+01 | 53 -0.01454  5.01527e+02 | 54 -0.00171  1.90509e+02
 55  0.00062 -1.27793e+02 | 56  0.00774  1.79318e+02 | 57  0.01972 -7.59699e+01
 58  0.01711 -1.24560e+03 | 59  0.01284 -4.12997e+02 | 60  0.01182 -1.65398e+02
 61  0.01299  7.55340e+01 | 62  0.01197 -1.19769e+02 | 63  0.01353 -1.95808e+02
 64  0.01133  1.23308e+02 | 65  0.01559  6.99522e+01 | 66  0.01894  8.70925e+02
 67  0.01648  6.92420e+01 | 68  0.02204  2.12726e+02 | 69  0.02497 -2.65972e+02
 70  0.02250 -5.68438e+02 | 71  0.02136 -3.30339e+02 | 72  0.02246  9.39561e+01
 73  0.02458  1.45793e+02 | 74 -0.03894  6.96911e+02 |
1 0 21900.4
1 0 21896.5
1 0 21893.3
1 0 21890.3
1 0 21889.2
1 0 21887.6
1 0 21885.4
1 0 21882.8
1 0 21880.9
1 0 21879.1
74 variables; iteration 100; function evaluation 123; phase 1
Function value   2.1879058e+04; maximum gradient component mag  -1.6979e+03
Var   Value    Gradient   |Var   Value    Gradient   |Var   Value    Gradient
  1  0.24711  3.37733e+01 |  2  0.22970 -4.54316e+01 |  3  0.15976 -9.40972e+00
  4  0.10518 -4.58685e+00 |  5  0.06818 -3.19721e+00 |  6  0.04139 -5.29714e+00
  7  0.02120 -7.81537e+00 |  8  0.00643 -3.36433e+00 |  9 -0.00515 -5.27824e+00
 10 -0.01350 -2.36078e+00 | 11 -0.01979  3.27947e+00 | 12 -0.02590 -1.54390e+00
 13 -0.03053 -3.36321e+00 | 14 -0.03324 -7.29356e+00 | 15 -0.03290  3.98682e+00
 16  0.13423  7.67634e+01 | 17 -0.02618 -6.24312e+01 | 18 -0.02046  7.58210e+00
 19 -0.02431 -7.01785e+01 | 20 -0.02190  3.27451e+01 | 21 -0.01582  4.98412e+01
 22 -0.01175  8.38863e+01 | 23 -0.01217 -8.81148e+01 | 24 -0.00807  5.18538e+01
 25 -0.00599  7.03652e+00 | 26 -0.00777 -6.40724e+01 | 27 -0.00128 -8.28732e+01
 28 -0.00135  9.79848e+01 | 29  0.00145 -2.61147e+02 | 30  0.00354  1.73573e+02
 31  0.00176 -2.72606e+01 | 32  0.00697  2.78654e+01 | 33  0.00772  9.37099e+01
 34  0.00672 -1.12296e+02 | 35  0.01144  1.71737e+02 | 36  0.00981  4.66706e+01
 37  0.01338  6.35337e+01 | 38  0.01028  5.90762e+01 | 39  0.01457  2.19306e+02
 40  0.01363  4.63765e-01 | 41  0.01245 -1.50011e+02 | 42  0.01457 -1.90438e+02
 43  0.01386 -1.90310e+02 | 44  0.01490  1.26209e+02 | 45  0.13874 -1.69789e+03
 46 -0.07371 -3.10126e+02 | 47 -0.05491 -6.23173e+01 | 48 -0.04717 -2.21510e+01
 49 -0.03985 -1.54052e+02 | 50 -0.03166 -6.81500e+01 | 51 -0.02728  1.20462e+02
 52 -0.02233  1.32013e+00 | 53 -0.01541  2.23564e+01 | 54 -0.00217 -2.17097e+02
 55  0.00225 -4.99127e+01 | 56  0.00826 -4.89782e+01 | 57  0.01914 -7.12626e+01
 58  0.02015 -1.11674e+02 | 59  0.01397 -3.50620e+01 | 60  0.01375  1.11962e+02
 61  0.01365  1.07805e+01 | 62  0.01292  9.59742e+01 | 63  0.01654  2.28320e+02
 64  0.01228 -7.58099e+00 | 65  0.01694  6.92136e+01 | 66  0.01815 -8.95564e+01
 67  0.01956  1.12666e+02 | 68  0.02336  1.61607e+02 | 69  0.02639  1.46621e+02
 70  0.02366 -2.35624e+02 | 71  0.02096  1.78364e+02 | 72  0.01620  1.46444e+02
 73  0.01609  8.22127e+01 | 74 -0.09539  2.44158e+02 |
1 0 21877.8
1 0 21877
1 0 21876.3
1 0 21876
1 0 21875.8
1 0 21875.5
1 0 21875
1 0 21874.7
1 0 21874.5
1 0 21874.3
74 variables; iteration 110; function evaluation 133; phase 1
Function value   2.1874349e+04; maximum gradient component mag  -2.8511e+02
Var   Value    Gradient   |Var   Value    Gradient   |Var   Value    Gradient
  1  0.24367 -5.89574e+00 |  2  0.23400  1.42772e+01 |  3  0.16560  6.40345e-01
  4  0.11304 -1.19934e-01 |  5  0.07905  2.74557e+00 |  6  0.05571  2.02176e+00
  7  0.03871  2.12714e+00 |  8  0.02584  1.34788e+00 |  9  0.01616  6.40114e+00
 10  0.00749  7.13662e+00 | 11 -0.00091 -2.29151e+00 | 12 -0.00662  1.40200e-01
 13 -0.01059 -4.97837e-01 | 14 -0.01278 -2.00922e-01 | 15 -0.01335  3.25118e+00
 16  0.13891 -1.98761e+01 | 17 -0.02019  1.64130e+01 | 18 -0.01973 -4.22712e+01
 19 -0.02381  1.68699e+01 | 20 -0.02186  1.81606e+01 | 21 -0.01589  8.46884e+00
 22 -0.01190  2.14320e+01 | 23 -0.01223 -1.33668e+01 | 24 -0.00815 -6.95184e+00
 25 -0.00574  4.57447e+01 | 26 -0.00728 -3.20174e+01 | 27 -0.00093 -1.92904e+01
 28 -0.00133  1.13346e+01 | 29  0.00216 -3.63624e+00 | 30  0.00340  2.46608e+01
 31  0.00148 -1.09351e+01 | 32  0.00644  2.75368e+01 | 33  0.00729  1.93454e+01
 34  0.00642 -5.53037e+00 | 35  0.01045 -1.47229e+01 | 36  0.00929  1.54845e+01
 37  0.01260 -3.41874e+01 | 38  0.00965  2.11995e+01 | 39  0.01302 -4.61407e+01
 40  0.01319 -6.19551e+00 | 41  0.01303 -2.59973e+01 | 42  0.01564 -7.38766e+01
 43  0.01369  4.38257e+01 | 44  0.01126  4.00856e+01 | 45  0.13659 -2.85108e+02
 46 -0.07357  1.67373e+01 | 47 -0.05575 -8.34082e+00 | 48 -0.04806 -1.41126e+01
 49 -0.04022 -7.77571e+00 | 50 -0.03224  2.26536e-01 | 51 -0.02811  9.20307e+00
 52 -0.02282 -6.26377e+00 | 53 -0.01605 -4.09014e+01 | 54 -0.00214 -5.93370e+01
 55  0.00232  4.84740e+01 | 56  0.00803  1.42455e+01 | 57  0.01927 -5.42681e+01
 58  0.02027  1.42478e+00 | 59  0.01396 -1.14823e+01 | 60  0.01340 -9.92779e+00
 61  0.01353 -2.53835e+01 | 62  0.01302  5.81067e+00 | 63  0.01599  3.84227e+01
 64  0.01251  2.15697e+01 | 65  0.01660 -5.84738e+01 | 66  0.01861 -1.68161e+01
 67  0.01894 -2.68329e+01 | 68  0.02295  2.55125e+01 | 69  0.02628  1.52329e+01
 70  0.02517  8.41517e+01 | 71  0.02162  3.05907e+01 | 72  0.01809  8.00556e+00
 73  0.01810  1.37384e+01 | 74 -0.14324  2.30470e+01 |
1 0 21874.3
1 0 21874.2
1 0 21874.2
1 0 21874.1
1 0 21874.1
1 0 21874.1
1 0 21874.1
1 0 21874.1
1 0 21874.1
1 0 21874.1
74 variables; iteration 120; function evaluation 143; phase 1
Function value   2.1874109e+04; maximum gradient component mag   7.8423e+00
Var   Value    Gradient   |Var   Value    Gradient   |Var   Value    Gradient
  1  0.24299 -7.50484e-01 |  2  0.23280 -9.72778e-01 |  3  0.16488 -5.45735e-02
  4  0.11178 -3.96135e-02 |  5  0.07645 -4.03015e-01 |  6  0.05188 -1.76746e-01
  7  0.03355 -8.89975e-02 |  8  0.01935  3.22094e-02 |  9  0.00811 -1.89939e-01
 10 -0.00076 -2.81005e-01 | 11 -0.00765  1.37974e-01 | 12 -0.01295 -1.90108e-02
 13 -0.01679  6.44205e-03 | 14 -0.01931 -4.73369e-02 | 15 -0.02055 -1.61764e-02
 16  0.13925 -2.02327e+00 | 17 -0.02077  2.75282e+00 | 18 -0.01945 -4.15028e-01
 19 -0.02366 -1.81681e+00 | 20 -0.02177  5.44819e-01 | 21 -0.01583 -7.58676e-01
 22 -0.01185  1.01352e+00 | 23 -0.01210  2.10822e+00 | 24 -0.00800 -3.62296e+00
 25 -0.00563  6.39699e-01 | 26 -0.00708 -4.25981e+00 | 27 -0.00082  4.26805e+00
 28 -0.00119  2.59445e+00 | 29  0.00234 -1.13229e+00 | 30  0.00341 -7.78481e+00
 31  0.00158  6.25035e-01 | 32  0.00648  2.03020e+00 | 33  0.00734 -1.64664e+00
 34  0.00648  3.48002e-01 | 35  0.01053  3.60355e+00 | 36  0.00942 -1.33168e-01
 37  0.01294 -8.45367e-01 | 38  0.00979  3.88646e-01 | 39  0.01330 -2.63007e+00
 40  0.01334  2.75590e+00 | 41  0.01322  1.86174e+00 | 42  0.01579 -4.52662e+00
 43  0.01331  1.45311e+00 | 44  0.00886  2.25872e+00 | 45  0.13641  7.84230e+00
 46 -0.07376  3.92645e+00 | 47 -0.05596 -8.49985e-01 | 48 -0.04824  1.86108e+00
 49 -0.04042  6.12829e-01 | 50 -0.03246 -2.98117e-01 | 51 -0.02831 -2.48762e+00
 52 -0.02296 -1.68146e+00 | 53 -0.01617 -6.15223e-01 | 54 -0.00216 -1.64905e+00
 55  0.00209  5.17317e+00 | 56  0.00788 -9.03293e-01 | 57  0.01931 -1.94764e+00
 58  0.02010  8.84715e-01 | 59  0.01389  9.62404e-01 | 60  0.01330  2.49584e+00
 61  0.01346  9.54409e-01 | 62  0.01292  1.75962e-01 | 63  0.01584 -1.78670e+00
 64  0.01234 -1.04128e+00 | 65  0.01675  3.33316e+00 | 66  0.01853  8.62502e-01
 67  0.01901 -2.46508e+00 | 68  0.02285 -1.71949e+00 | 69  0.02625 -4.77334e+00
 70  0.02508 -1.91314e+00 | 71  0.02183  3.19149e+00 | 72  0.01935  2.03882e-01
 73  0.01934 -4.05926e-01 | 74 -0.15191 -6.43921e-01 |
1 0 21874.1
1 0 21874.1
1 0 21874.1
1 0 21874.1
1 0 21874.1
1 0 21874.1
1 0 21874.1
1 0 21874.1
1 0 21874.1
1 0 21874.1
74 variables; iteration 130; function evaluation 153; phase 1
Function value   2.1874109e+04; maximum gradient component mag   1.2443e-01
Var   Value    Gradient   |Var   Value    Gradient   |Var   Value    Gradient
  1  0.24300  8.07964e-03 |  2  0.23280  6.03329e-03 |  3  0.16487  8.97946e-05
  4  0.11183 -6.52364e-04 |  5  0.07660 -1.25194e-03 |  6  0.05205 -4.34956e-04
  7  0.03374 -4.74878e-04 |  8  0.01955  3.24485e-04 |  9  0.00836  2.61553e-03
 10 -0.00051  2.61215e-03 | 11 -0.00746 -1.09536e-03 | 12 -0.01277  3.78260e-04
 13 -0.01663 -3.74383e-04 | 14 -0.01914  3.67886e-04 | 15 -0.02038  9.46642e-04
 16  0.13924  2.79800e-02 | 17 -0.02077 -1.39893e-02 | 18 -0.01945  2.61489e-03
 19 -0.02365  1.77417e-02 | 20 -0.02177 -2.12894e-03 | 21 -0.01583  8.90666e-04
 22 -0.01184 -1.53439e-02 | 23 -0.01209 -2.54020e-02 | 24 -0.00798  1.89766e-02
 25 -0.00563  7.79867e-03 | 26 -0.00707 -1.70221e-03 | 27 -0.00083 -7.24663e-03
 28 -0.00120 -1.09428e-02 | 29  0.00235  3.03590e-02 | 30  0.00344 -1.45209e-02
 31  0.00158 -2.32512e-02 | 32  0.00647  1.63107e-02 | 33  0.00735  1.41665e-03
 34  0.00648 -4.32538e-03 | 35  0.01052  1.15072e-02 | 36  0.00942  7.01107e-03
 37  0.01294  2.79751e-02 | 38  0.00979 -1.35447e-02 | 39  0.01332  1.81370e-02
 40  0.01334 -2.06208e-02 | 41  0.01322 -1.48091e-02 | 42  0.01580  1.01472e-02
 43  0.01329 -7.50792e-03 | 44  0.00880  5.85798e-03 | 45  0.13642  1.24428e-01
 46 -0.07378  3.47567e-03 | 47 -0.05595  1.54598e-03 | 48 -0.04825 -1.86494e-02
 49 -0.04042 -1.19317e-02 | 50 -0.03247 -9.47619e-03 | 51 -0.02831  1.65252e-02
 52 -0.02296  8.37199e-03 | 53 -0.01617 -6.47324e-03 | 54 -0.00215  7.63684e-03
 55  0.00207  1.39592e-02 | 56  0.00787 -1.10109e-03 | 57  0.01931  1.72755e-02
 58  0.02011 -2.50323e-02 | 59  0.01389  9.52187e-04 | 60  0.01329  1.63202e-02
 61  0.01346 -8.15276e-03 | 62  0.01292 -1.29767e-03 | 63  0.01584 -2.32488e-02
 64  0.01234 -6.98867e-03 | 65  0.01674 -6.17609e-03 | 66  0.01852 -9.77568e-04
 67  0.01902  2.37463e-02 | 68  0.02285  5.35587e-03 | 69  0.02626  1.27644e-02
 70  0.02509  2.94505e-03 | 71  0.02183 -1.62649e-03 | 72  0.01938 -2.13822e-03
 73  0.01938 -6.11801e-03 | 74 -0.15183 -4.88822e-03 |
1 0 21874.1

 - final statistics:
74 variables; iteration 131; function evaluation 154
Function value   2.1874e+04; maximum gradient component mag   3.5752e-02
Exit code = 1;  converg criter   1.0000e-01
Var   Value    Gradient   |Var   Value    Gradient   |Var   Value    Gradient
  1  0.24300  9.40812e-04 |  2  0.23280  1.41398e-04 |  3  0.16487 -4.71056e-04
  4  0.11183 -6.74077e-04 |  5  0.07660 -1.11796e-03 |  6  0.05205 -3.95720e-04
  7  0.03374 -4.09756e-04 |  8  0.01955  1.13075e-04 |  9  0.00835  1.61569e-03
 10 -0.00051  1.42720e-03 | 11 -0.00746 -9.77399e-04 | 12 -0.01278  2.50161e-04
 13 -0.01663 -3.82251e-04 | 14 -0.01914  2.42755e-04 | 15 -0.02038  2.46527e-04
 16  0.13924  6.74209e-03 | 17 -0.02077 -4.81106e-04 | 18 -0.01945 -3.26331e-03
 19 -0.02365  4.29776e-03 | 20 -0.02177 -1.48719e-03 | 21 -0.01583  6.73036e-03
 22 -0.01184 -6.87339e-03 | 23 -0.01209 -1.28459e-02 | 24 -0.00798 -7.28577e-05
 25 -0.00563  4.97869e-04 | 26 -0.00707  5.21271e-03 | 27 -0.00083 -2.24842e-03
 28 -0.00120 -1.52581e-05 | 29  0.00235  1.66763e-02 | 30  0.00344  5.86470e-04
 31  0.00158 -1.65086e-02 | 32  0.00647  9.56194e-03 | 33  0.00735 -5.52161e-03
 34  0.00648  2.85415e-05 | 35  0.01052  6.47378e-03 | 36  0.00942  3.29264e-04
 37  0.01294  1.52031e-02 | 38  0.00980 -3.03011e-03 | 39  0.01332  2.36852e-03
 40  0.01334 -8.30413e-03 | 41  0.01322 -1.28155e-02 | 42  0.01580  1.44291e-02
 43  0.01329 -1.40841e-02 | 44  0.00880  4.40328e-03 | 45  0.13642  3.57516e-02
 46 -0.07378 -1.38403e-02 | 47 -0.05595 -8.91033e-03 | 48 -0.04825 -1.13337e-02
 49 -0.04042 -1.26826e-02 | 50 -0.03247 -1.14451e-02 | 51 -0.02831  3.68048e-03
 52 -0.02296  5.20111e-03 | 53 -0.01617  8.03203e-04 | 54 -0.00215  1.30625e-02
 55  0.00207  1.90989e-02 | 56  0.00787  4.83256e-03 | 57  0.01931  7.65281e-04
 58  0.02011 -3.06171e-02 | 59  0.01389  7.86200e-04 | 60  0.01329  1.17142e-02
 61  0.01346 -5.89102e-04 | 62  0.01292  3.18427e-03 | 63  0.01584 -1.41041e-02
 64  0.01234  1.31800e-03 | 65  0.01674  4.37986e-03 | 66  0.01852  3.02254e-03
 67  0.01902  1.89487e-02 | 68  0.02285  3.13772e-03 | 69  0.02626  1.14055e-02
 70  0.02509  4.74712e-03 | 71  0.02183 -4.98065e-03 | 72  0.01938 -2.68708e-04
 73  0.01938 -1.85307e-03 | 74 -0.15182 -7.54100e-04 |
1 0 21874.1
B0391040
0.3 0.235644
0.20198 0.321379
0.185464 0.34204
0.181246 0.347722
0.180066 0.349343
0.179728 0.34981
0.17963 0.349945
0.179602 0.349984
0.179594 0.349995
0.179591 0.349999
0.179591 0.35
0.179591 0.35
0.179591 0.35
0.179591 0.35
0.179591 0.35
0.179591 0.35
0.179591 0.35
0.179591 0.35
0.179591 0.35
0.179591 0.35
0.179591 0.35
2 0 21874.1

Initial statistics: 78 variables; iteration 0; function evaluation 0; phase 2
Function value   2.1874109e+04; maximum gradient component mag   5.1080e+03
Var   Value    Gradient   |Var   Value    Gradient   |Var   Value    Gradient
  1 -0.80397 -3.72624e+02 |  2 -0.44928 -1.05168e+02 |  3  0.24300  9.40812e-04
  4  0.23280  1.41398e-04 |  5  0.16487 -4.71056e-04 |  6  0.11183 -6.74077e-04
  7  0.07660 -1.11796e-03 |  8  0.05205 -3.95720e-04 |  9  0.03374 -4.09756e-04
 10  0.01955  1.13075e-04 | 11  0.00835  1.61569e-03 | 12 -0.00051  1.42720e-03
 13 -0.00746 -9.77399e-04 | 14 -0.01278  2.50161e-04 | 15 -0.01663 -3.82251e-04
 16 -0.01914  2.42755e-04 | 17 -0.02038  2.46527e-04 | 18  0.13924  6.74209e-03
 19 -0.02077 -4.54277e-04 | 20 -0.01945 -3.23648e-03 | 21 -0.02365  4.32458e-03
 22 -0.02177 -1.46036e-03 | 23 -0.01583  6.75720e-03 | 24 -0.01184 -6.84655e-03
 25 -0.01209 -1.28191e-02 | 26 -0.00798 -4.60169e-05 | 27 -0.00563  5.24711e-04
 28 -0.00707  5.23955e-03 | 29 -0.00083 -2.22158e-03 | 30 -0.00120  1.15847e-05
 31  0.00235  1.67032e-02 | 32  0.00344  6.13312e-04 | 33  0.00158 -1.64818e-02
 34  0.00647  9.58878e-03 | 35  0.00735 -5.49477e-03 | 36  0.00648  5.53830e-05
 37  0.01052  6.50062e-03 | 38  0.00942  3.56104e-04 | 39  0.01294  1.52300e-02
 40  0.00980 -3.00327e-03 | 41  0.01332  2.39535e-03 | 42  0.01334 -8.27729e-03
 43  0.01322 -1.27886e-02 | 44  0.01580  1.44559e-02 | 45  0.01329 -1.40573e-02
 46  0.00880  4.43012e-03 | 47  0.13642  3.57516e-02 | 48 -0.07378 -1.38147e-02
 49 -0.05595 -8.88462e-03 | 50 -0.04825 -1.13079e-02 | 51 -0.04042 -1.26568e-02
 52 -0.03247 -1.14193e-02 | 53 -0.02831  3.70627e-03 | 54 -0.02296  5.22691e-03
 55 -0.01617  8.29012e-04 | 56 -0.00215  1.30883e-02 | 57  0.00207  1.91247e-02
 58  0.00787  4.85837e-03 | 59  0.01931  7.91086e-04 | 60  0.02011 -3.05913e-02
 61  0.01389  8.12010e-04 | 62  0.01329  1.17400e-02 | 63  0.01346 -5.63291e-04
 64  0.01292  3.21008e-03 | 65  0.01584 -1.40783e-02 | 66  0.01234  1.34381e-03
 67  0.01674  4.40567e-03 | 68  0.01852  3.04835e-03 | 69  0.01902  1.89746e-02
 70  0.02285  3.16352e-03 | 71  0.02626  1.14313e-02 | 72  0.02509  4.77292e-03
 73  0.02183 -4.95485e-03 | 74  0.01938 -2.42903e-04 | 75  0.01938 -1.82727e-03
 76 -0.15182 -7.54100e-04 | 77 -0.54902  5.10802e+03 | 78 -0.43929 -1.15770e+03
2 0 21874.1
2 0 21873.9
2 0 21872.1
2 0 21869.6
2 0 21865.1
2 0 21857
2 0 21847.2
2 0 21829.7
2 0 21817.1
2 0 21801.1
2 0 21862.4
2 0 21798.4
2 0 21794.6

Intermediate statistics: 78 variables; iteration 10; function evaluation 13; phase 2
Function value   2.1794600e+04; maximum gradient component mag   1.9106e+03
Var   Value    Gradient   |Var   Value    Gradient   |Var   Value    Gradient
  1 -0.76281 -5.04230e+02 |  2 -0.44343  1.11941e+01 |  3  0.24132  7.28510e+01
  4  0.23752  1.08674e+02 |  5  0.16359  1.77580e+01 |  6  0.11078  1.67963e+01
  7  0.07604  9.60259e+00 |  8  0.05172  5.31984e+00 |  9  0.03352  3.30996e+00
 10  0.01939  2.28568e+00 | 11  0.00823  1.70630e+00 | 12 -0.00062  1.35246e+00
 13 -0.00755  1.12554e+00 | 14 -0.01286  9.78058e-01 | 15 -0.01670  8.81316e-01
 16 -0.01921  8.16664e-01 | 17 -0.02045  7.95801e-01 | 18  0.12216  1.13956e+03
 19 -0.02225 -3.21186e+02 | 20 -0.02307 -1.17766e+03 | 21 -0.02526 -7.51999e+01
 22 -0.02310  1.15557e+02 | 23 -0.01785 -4.14333e+02 | 24 -0.01423 -5.12563e+02
 25 -0.01437 -3.24984e+02 | 26 -0.00969 -4.44168e+02 | 27 -0.00597 -1.92973e+02
 28 -0.00606  2.32923e+02 | 29 -0.00001  1.74983e+02 | 30 -0.00028  1.83738e+02
 31  0.00240 -1.10602e+02 | 32  0.00170 -2.04917e+02 | 33 -0.00040  1.37631e+02
 34  0.00523  2.94476e+02 | 35  0.00726  3.86311e+02 | 36  0.00625 -2.90619e+01
 37  0.01165  6.15910e+02 | 38  0.01071  2.83662e+02 | 39  0.01588  1.03302e+03
 40  0.01232  4.27393e+02 | 41  0.01663  6.84400e+02 | 42  0.01619  4.43707e+02
 43  0.01504  4.83325e+01 | 44  0.01571 -9.23782e+02 | 45  0.01345 -8.25295e+02
 46  0.01209  4.91870e+02 | 47  0.13626 -1.92537e+01 | 48 -0.07536  1.63713e+02
 49 -0.05627  4.27318e+02 | 50 -0.04808  2.77200e+02 | 51 -0.04048  1.88942e+02
 52 -0.03270  2.93101e+02 | 53 -0.02890  1.41337e+02 | 54 -0.02337  3.16773e+02
 55 -0.01625  4.51495e+02 | 56 -0.00183  3.67928e+02 | 57  0.00257  1.21199e+02
 58  0.00822 -2.67394e+01 | 59  0.02026  3.66989e+02 | 60  0.02020  6.84580e+01
 61  0.01295 -5.26557e+02 | 62  0.01181 -8.53084e+02 | 63  0.01255 -9.16075e+02
 64  0.01249 -4.55863e+02 | 65  0.01538 -7.76891e+02 | 66  0.01229 -5.04101e+02
 67  0.01627 -1.09443e+03 | 68  0.01814 -9.64447e+02 | 69  0.01953 -6.87828e+02
 70  0.02308 -5.66755e+02 | 71  0.02749  1.21443e+02 | 72  0.02722  1.45599e+03
 73  0.02363  1.91056e+03 | 74  0.02058  7.25998e+02 | 75  0.01835 -1.15323e+01
 76 -0.16254  7.86424e+01 | 77 -0.58800  7.90409e+02 | 78 -0.51523 -1.79642e+02
2 0 21790.1
2 0 21782.5
2 0 21769.7
2 0 21749.9
2 0 21847.3
2 0 21745.3
2 0 21753.5
2 0 21744.3
2 0 21749.5
2 0 21744.2
2 0 21744.1
2 0 21743.9
2 0 21743.7
78 variables; iteration 20; function evaluation 26; phase 2
Function value   2.1743710e+04; maximum gradient component mag  -9.8455e+03
Var   Value    Gradient   |Var   Value    Gradient   |Var   Value    Gradient
  1 -0.64624  1.59858e+02 |  2 -0.45729  2.30863e+02 |  3  0.22346 -9.79912e+02
  4  0.24371  5.00518e+02 |  5  0.15941 -5.61471e+00 |  6  0.10499 -9.14997e+00
  7  0.07247  4.00296e+00 |  8  0.04963  2.15472e+00 |  9  0.03217 -3.99826e-03
 10  0.01842 -9.30095e-01 | 11  0.00749 -1.27026e+00 | 12 -0.00122 -1.38199e+00
 13 -0.00806 -1.40814e+00 | 14 -0.01331 -1.40498e+00 | 15 -0.01712 -1.40256e+00
 16 -0.01960 -1.41079e+00 | 17 -0.02083 -1.38539e+00 | 18  0.12223  1.67249e+03
 19 -0.02606 -5.33163e+02 | 20 -0.02410 -1.76078e+03 | 21 -0.02352  2.46272e+02
 22 -0.02320 -2.34520e+01 | 23 -0.01784 -4.04548e+02 | 24 -0.01380 -3.61573e+02
 25 -0.01405 -2.82964e+02 | 26 -0.00960 -4.68023e+02 | 27 -0.00655 -3.78991e+02
 28 -0.00680  1.51670e+02 | 29 -0.00096  2.16221e+02 | 30 -0.00131  3.00514e+01
 31  0.00218  1.43061e+02 | 32  0.00261  1.01623e+03 | 33 -0.00025  3.49836e+01
 34  0.00507  1.91999e+02 | 35  0.00661  3.41068e+02 | 36  0.00566 -3.84267e+01
 37  0.01080  6.07920e+02 | 38  0.00961  1.32287e+02 | 39  0.01452  7.87731e+02
 40  0.01127  3.54827e+02 | 41  0.01565  6.13568e+02 | 42  0.01497  3.35792e+02
 43  0.01401  6.68101e+00 | 44  0.01541 -6.87341e+02 | 45  0.01458 -5.40432e+02
 46  0.02507  2.78727e+02 | 47  0.13500 -9.84551e+03 | 48 -0.07666  1.56142e+02
 49 -0.05455  1.25811e+03 | 50 -0.04808  4.46582e+02 | 51 -0.04040  2.38430e+02
 52 -0.03247  3.37665e+02 | 53 -0.02842  2.21998e+02 | 54 -0.02253  5.18432e+02
 55 -0.01569  6.82731e+02 | 56 -0.00141  5.75297e+02 | 57  0.00248 -6.31826e+01
 58  0.00812 -1.80970e+02 | 59  0.01994 -9.11523e+01 | 60  0.01896 -1.57987e+03
 61  0.01356 -9.41633e+02 | 62  0.01301 -7.62891e+02 | 63  0.01305 -8.14826e+02
 64  0.01299 -4.48092e+02 | 65  0.01591 -8.19302e+02 | 66  0.01285 -3.83979e+02
 67  0.01700 -8.07085e+02 | 68  0.01866 -7.00518e+02 | 69  0.02038 -4.90720e+02
 70  0.02350 -4.62465e+02 | 71  0.02783  1.11933e+02 | 72  0.02748  1.20737e+03
 73  0.02287  1.36404e+03 | 74  0.01473  6.49645e+02 | 75  0.01616  4.77460e+02
 76 -0.18647  2.04134e+02 | 77 -0.59873 -1.41759e+03 | 78 -0.53631  5.86607e+02
2 0 21744.3
2 0 21743.7
2 0 21743.6
2 0 21743.7
2 0 21743.6
2 0 21743.6
2 0 21743.6
2 0 21743.5
2 0 21743.5
2 0 21743.5
2 0 21743.5
2 0 21743.5
2 0 21743.5
2 0 21743.5
78 variables; iteration 30; function evaluation 40; phase 2
Function value   2.1743473e+04; maximum gradient component mag  -1.0115e+04
Var   Value    Gradient   |Var   Value    Gradient   |Var   Value    Gradient
  1 -0.64653  1.84258e+02 |  2 -0.46194  2.17915e+02 |  3  0.22261 -1.02719e+03
  4  0.24306  4.79397e+02 |  5  0.15814 -1.36092e+01 |  6  0.10312 -1.57506e+01
  7  0.07079  8.99480e-01 |  8  0.04846  1.33697e+00 |  9  0.03141 -1.40252e-01
 10  0.01792 -1.06316e+00 | 11  0.00713 -1.47655e+00 | 12 -0.00149 -1.61911e+00
 13 -0.00829 -1.65053e+00 | 14 -0.01350 -1.64405e+00 | 15 -0.01729 -1.63696e+00
 16 -0.01976 -1.64060e+00 | 17 -0.02098 -1.61390e+00 | 18  0.12207  1.68845e+03
 19 -0.02651 -4.84752e+02 | 20 -0.02378 -1.70984e+03 | 21 -0.02320  2.83127e+02
 22 -0.02300  2.05597e+01 | 23 -0.01795 -4.47731e+02 | 24 -0.01373 -3.42125e+02
 25 -0.01411 -2.98885e+02 | 26 -0.00993 -5.51217e+02 | 27 -0.00673 -4.14269e+02
 28 -0.00671  1.68536e+02 | 29 -0.00082  2.38630e+02 | 30 -0.00123  3.21421e+01
 31  0.00217  1.37974e+02 | 32  0.00249  1.00859e+03 | 33 -0.00063 -3.70592e+01
 34  0.00499  2.10520e+02 | 35  0.00687  3.93521e+02 | 36  0.00582 -2.70642e+01
 37  0.01076  5.70341e+02 | 38  0.00962  1.36379e+02 | 39  0.01452  7.91997e+02
 40  0.01114  3.31623e+02 | 41  0.01547  5.80472e+02 | 42  0.01499  3.39469e+02
 43  0.01401  8.57316e+00 | 44  0.01535 -6.79533e+02 | 45  0.01460 -5.27742e+02
 46  0.02552  2.81605e+02 | 47  0.13497 -1.01154e+04 | 48 -0.07661  1.70640e+02
 49 -0.05446  1.28169e+03 | 50 -0.04782  5.13801e+02 | 51 -0.04064  1.65969e+02
 52 -0.03239  3.60054e+02 | 53 -0.02827  2.67553e+02 | 54 -0.02271  4.94562e+02
 55 -0.01589  6.54694e+02 | 56 -0.00142  5.87988e+02 | 57  0.00254 -5.12262e+01
 58  0.00819 -1.61389e+02 | 59  0.01997 -7.71600e+01 | 60  0.01903 -1.57085e+03
 61  0.01325 -1.00545e+03 | 62  0.01272 -8.54946e+02 | 63  0.01313 -8.26388e+02
 64  0.01314 -4.21391e+02 | 65  0.01594 -7.86758e+02 | 66  0.01285 -3.69440e+02
 67  0.01705 -7.97252e+02 | 68  0.01867 -6.94375e+02 | 69  0.02022 -5.17162e+02
 70  0.02350 -4.56445e+02 | 71  0.02788  1.24406e+02 | 72  0.02740  1.16668e+03
 73  0.02272  1.30109e+03 | 74  0.01476  6.77367e+02 | 75  0.01647  4.91089e+02
 76 -0.18712  2.14575e+02 | 77 -0.59909 -1.46859e+03 | 78 -0.53700  6.02992e+02
2 0 21743.5
2 0 21743.4
2 0 21743.4
2 0 21743.4
2 0 21743.4
2 0 21743.4
2 0 21743.4
2 0 21743.4
2 0 21743.4
2 0 21743.4
2 0 21743.4
78 variables; iteration 40; function evaluation 51; phase 2
Function value   2.1743392e+04; maximum gradient component mag  -1.0286e+04
Var   Value    Gradient   |Var   Value    Gradient   |Var   Value    Gradient
  1 -0.64679  1.79401e+02 |  2 -0.46216  2.19345e+02 |  3  0.22287 -1.01992e+03
  4  0.24371  4.92419e+02 |  5  0.15766 -1.97835e+01 |  6  0.10203 -1.68982e+01
  7  0.06863 -2.54866e+00 |  8  0.04565 -3.15572e+00 |  9  0.02888 -2.32860e+00
 10  0.01607 -1.20614e+00 | 11  0.00587 -1.00198e+00 | 12 -0.00238 -1.26578e+00
 13 -0.00896 -1.47391e+00 | 14 -0.01404 -1.56440e+00 | 15 -0.01775 -1.60527e+00
 16 -0.02017 -1.62567e+00 | 17 -0.02137 -1.60703e+00 | 18  0.12199  1.71639e+03
 19 -0.02624 -4.87555e+02 | 20 -0.02371 -1.69620e+03 | 21 -0.02327  2.45614e+02
 22 -0.02307 -1.62065e+00 | 23 -0.01795 -4.38583e+02 | 24 -0.01374 -3.69431e+02
 25 -0.01401 -2.76345e+02 | 26 -0.00979 -5.24956e+02 | 27 -0.00664 -4.03075e+02
 28 -0.00657  1.91997e+02 | 29 -0.00074  2.49641e+02 | 30 -0.00134  3.98039e+00
 31  0.00228  1.32556e+02 | 32  0.00265  1.04986e+03 | 33 -0.00065 -4.34599e+01
 34  0.00502  2.18602e+02 | 35  0.00692  4.04399e+02 | 36  0.00576 -3.54657e+01
 37  0.01071  5.66626e+02 | 38  0.00967  1.35871e+02 | 39  0.01458  8.05417e+02
 40  0.01110  3.18786e+02 | 41  0.01541  5.84117e+02 | 42  0.01501  3.44434e+02
 43  0.01405 -8.56395e-01 | 44  0.01532 -7.10079e+02 | 45  0.01454 -5.39066e+02
 46  0.02472  2.84181e+02 | 47  0.13492 -1.02859e+04 | 48 -0.07659  1.64116e+02
 49 -0.05447  1.28800e+03 | 50 -0.04789  5.06859e+02 | 51 -0.04072  1.47213e+02
 52 -0.03242  3.66569e+02 | 53 -0.02832  2.55186e+02 | 54 -0.02266  5.01304e+02
 55 -0.01595  6.25762e+02 | 56 -0.00144  5.62451e+02 | 57  0.00267 -3.07655e+01
 58  0.00798 -2.18831e+02 | 59  0.02002 -3.91729e+01 | 60  0.01918 -1.53771e+03
 61  0.01319 -1.02025e+03 | 62  0.01269 -8.66464e+02 | 63  0.01319 -8.21553e+02
 64  0.01310 -4.38090e+02 | 65  0.01585 -8.16110e+02 | 66  0.01287 -3.62452e+02
 67  0.01708 -7.91992e+02 | 68  0.01871 -6.80692e+02 | 69  0.02012 -5.49127e+02
 70  0.02347 -4.76526e+02 | 71  0.02794  1.47883e+02 | 72  0.02745  1.21401e+03
 73  0.02277  1.33150e+03 | 74  0.01519  7.08486e+02 | 75  0.01622  4.95308e+02
 76 -0.18870  2.19276e+02 | 77 -0.59913 -1.54740e+03 | 78 -0.53696  6.32916e+02
2 0 21743.4
2 0 21743.4
2 0 21743.3
2 0 21743.7
2 0 21743.3
2 0 21743.3
2 0 21743.3
2 0 21743.3
2 0 21743.2
2 0 21743.7
2 0 21743.2
2 0 21743.2
2 0 21743.2
78 variables; iteration 50; function evaluation 64; phase 2
Function value   2.1743194e+04; maximum gradient component mag  -9.9604e+03
Var   Value    Gradient   |Var   Value    Gradient   |Var   Value    Gradient
  1 -0.64638  1.80779e+02 |  2 -0.46099  2.21844e+02 |  3  0.22269 -1.02109e+03
  4  0.24258  4.81826e+02 |  5  0.15604 -3.30787e+01 |  6  0.10234 -3.21259e+00
  7  0.06665 -7.39547e+00 |  8  0.04231 -2.40709e+00 |  9  0.02343 -7.13499e+00
 10  0.00945 -8.71349e+00 | 11 -0.00012 -4.82964e+00 | 12 -0.00690 -1.38221e+00
 13 -0.01221 -5.35196e-01 | 14 -0.01647 -8.99161e-01 | 15 -0.01971 -1.30085e+00
 16 -0.02188 -1.54705e+00 | 17 -0.02296 -1.60258e+00 | 18  0.12176  1.67227e+03
 19 -0.02729 -4.93710e+02 | 20 -0.02374 -1.70252e+03 | 21 -0.02333  2.35979e+02
 22 -0.02308  3.90463e+00 | 23 -0.01790 -4.05883e+02 | 24 -0.01379 -4.13821e+02
 25 -0.01403 -2.60556e+02 | 26 -0.00990 -5.56981e+02 | 27 -0.00672 -4.30148e+02
 28 -0.00656  1.92646e+02 | 29 -0.00064  2.88205e+02 | 30 -0.00131 -4.63672e-02
 31  0.00234  1.30766e+02 | 32  0.00266  1.05242e+03 | 33 -0.00056 -2.91234e+01
 34  0.00516  2.30565e+02 | 35  0.00700  4.04971e+02 | 36  0.00581 -4.13150e+01
 37  0.01075  5.64159e+02 | 38  0.00973  1.78886e+02 | 39  0.01456  7.67024e+02
 40  0.01115  3.26462e+02 | 41  0.01536  5.40728e+02 | 42  0.01500  3.57635e+02
 43  0.01405  7.89342e+00 | 44  0.01535 -7.00128e+02 | 45  0.01459 -5.30467e+02
 46  0.02532  2.83836e+02 | 47  0.13497 -9.96038e+03 | 48 -0.07649  1.63954e+02
 49 -0.05442  1.28967e+03 | 50 -0.04786  4.97640e+02 | 51 -0.04068  1.23693e+02
 52 -0.03231  3.99868e+02 | 53 -0.02826  2.56906e+02 | 54 -0.02265  5.01924e+02
 55 -0.01592  6.43968e+02 | 56 -0.00138  5.90624e+02 | 57  0.00272 -3.85064e+01
 58  0.00798 -2.34015e+02 | 59  0.02015 -1.28594e+00 | 60  0.01917 -1.54829e+03
 61  0.01322 -1.02878e+03 | 62  0.01281 -8.49211e+02 | 63  0.01327 -8.05456e+02
 64  0.01317 -4.16714e+02 | 65  0.01593 -7.93520e+02 | 66  0.01283 -4.14678e+02
 67  0.01709 -7.92826e+02 | 68  0.01877 -6.64613e+02 | 69  0.02021 -4.98503e+02
 70  0.02347 -4.71222e+02 | 71  0.02790  1.14136e+02 | 72  0.02746  1.19089e+03
 73  0.02274  1.30260e+03 | 74  0.01485  6.76150e+02 | 75  0.01549  4.77414e+02
 76 -0.18599  2.10326e+02 | 77 -0.59915 -1.44601e+03 | 78 -0.53708  5.95759e+02
2 0 21743.2
2 0 21743.1
2 0 21743.3
2 0 21743.1
2 0 21743.1
2 0 21743.1
2 0 21743
2 0 21742.8
2 0 21743.6
2 0 21742.8
2 0 21742.8
2 0 21742.7
2 0 21742.7
2 0 21742.7
78 variables; iteration 60; function evaluation 78; phase 2
Function value   2.1742657e+04; maximum gradient component mag  -1.0240e+04
Var   Value    Gradient   |Var   Value    Gradient   |Var   Value    Gradient
  1 -0.64684  1.80233e+02 |  2 -0.46294  2.18344e+02 |  3  0.22327 -1.00280e+03
  4  0.24442  5.17954e+02 |  5  0.15933 -1.04187e+01 |  6  0.10446  7.08501e+00
  7  0.06566 -2.90241e+01 |  8  0.04467  2.18526e+01 |  9  0.02223 -3.71911e+00
 10  0.00369 -5.18852e+00 | 11 -0.01163 -1.38199e+01 | 12 -0.02170 -1.60313e+01
 13 -0.02614 -7.90191e+00 | 14 -0.02750 -3.89777e-01 | 15 -0.02809  1.91580e+00
 16 -0.02863  1.40596e+00 | 17 -0.02899  7.88247e-01 | 18  0.12174  1.71124e+03
 19 -0.02618 -5.50999e+02 | 20 -0.02362 -1.67586e+03 | 21 -0.02336  2.21025e+02
 22 -0.02307  1.20175e+01 | 23 -0.01781 -3.51779e+02 | 24 -0.01374 -4.18635e+02
 25 -0.01398 -2.70932e+02 | 26 -0.00979 -4.96942e+02 | 27 -0.00675 -4.51291e+02
 28 -0.00655  2.24505e+02 | 29 -0.00067  2.70552e+02 | 30 -0.00128  3.52087e+00
 31  0.00234  1.47590e+02 | 32  0.00259  1.04376e+03 | 33 -0.00067 -4.12609e+01
 34  0.00509  2.28100e+02 | 35  0.00687  4.11053e+02 | 36  0.00572 -1.36500e+02
 37  0.01086  6.50454e+02 | 38  0.00968  1.25248e+02 | 39  0.01463  8.04136e+02
 40  0.01115  3.84351e+02 | 41  0.01524  4.92700e+02 | 42  0.01498  3.64945e+02
 43  0.01396  2.95840e+01 | 44  0.01508 -7.54589e+02 | 45  0.01440 -5.34421e+02
 46  0.02488  2.70778e+02 | 47  0.13493 -1.02398e+04 | 48 -0.07647  1.72303e+02
 49 -0.05446  1.29739e+03 | 50 -0.04791  4.92741e+02 | 51 -0.04076  8.37308e+01
 52 -0.03232  3.95024e+02 | 53 -0.02821  2.86062e+02 | 54 -0.02266  4.79475e+02
 55 -0.01592  6.45047e+02 | 56 -0.00147  5.36769e+02 | 57  0.00269 -4.77563e+01
 58  0.00801 -2.19368e+02 | 59  0.02016 -4.53546e+00 | 60  0.01917 -1.54519e+03
 61  0.01313 -1.04367e+03 | 62  0.01286 -8.31979e+02 | 63  0.01309 -8.58455e+02
 64  0.01331 -3.01294e+02 | 65  0.01597 -7.84449e+02 | 66  0.01288 -3.65296e+02
 67  0.01722 -7.44928e+02 | 68  0.01869 -7.34791e+02 | 69  0.02016 -5.10000e+02
 70  0.02355 -4.35926e+02 | 71  0.02790  9.38592e+01 | 72  0.02736  1.17623e+03
 73  0.02266  1.28157e+03 | 74  0.01495  6.77714e+02 | 75  0.01571  4.92093e+02
 76 -0.18753  2.18042e+02 | 77 -0.59944 -1.60131e+03 | 78 -0.53745  6.52775e+02
2 0 21742.6
2 0 21742.6
2 0 21742.5
2 0 21742.5
2 0 21742.1
2 0 21742.1
2 0 21741.9
2 0 21741.8
2 0 21741.5
2 0 21741.4
2 0 21741.3
2 0 21741
2 0 21741.3
2 0 21740.9
78 variables; iteration 70; function evaluation 92; phase 2
Function value   2.1740904e+04; maximum gradient component mag  -9.9234e+03
Var   Value    Gradient   |Var   Value    Gradient   |Var   Value    Gradient
  1 -0.64672  1.69975e+02 |  2 -0.46317  2.21143e+02 |  3  0.22385 -9.51035e+02
  4  0.24471  5.74748e+02 |  5  0.15895 -5.76294e+00 |  6  0.10402  9.45789e-01
  7  0.06768 -1.31122e+01 |  8  0.04519  4.03899e+01 |  9  0.01601 -4.08957e+01
 10  0.00169  2.05900e+01 | 11 -0.01710 -6.38620e+00 | 12 -0.03294  9.70154e-01
 13 -0.04841 -9.64355e+00 | 14 -0.06053 -1.99724e+01 | 15 -0.06628 -1.51875e+01
 16 -0.06713 -4.61986e+00 | 17 -0.06632  3.61209e+00 | 18  0.12057  1.65875e+03
 19 -0.02622 -6.80392e+02 | 20 -0.02303 -1.52605e+03 | 21 -0.02308  2.76009e+02
 22 -0.02294  1.30603e+01 | 23 -0.01781 -4.12724e+02 | 24 -0.01378 -4.36158e+02
 25 -0.01392 -1.96043e+02 | 26 -0.00992 -6.08631e+02 | 27 -0.00673 -4.50834e+02
 28 -0.00649  2.81566e+02 | 29 -0.00073  2.15854e+02 | 30 -0.00120  4.15691e+00
 31  0.00243  1.56958e+02 | 32  0.00281  1.03812e+03 | 33 -0.00017  3.80359e+01
 34  0.00517  2.32525e+02 | 35  0.00637  3.00017e+02 | 36  0.00599 -7.76361e+01
 37  0.01086  6.42127e+02 | 38  0.00955  1.04092e+02 | 39  0.01450  7.61513e+02
 40  0.01189  5.46636e+02 | 41  0.01469  3.73158e+02 | 42  0.01473  3.16849e+02
 43  0.01455  1.51705e+02 | 44  0.01486 -8.09156e+02 | 45  0.01402 -6.04588e+02
 46  0.02357  3.48855e+02 | 47  0.13515 -9.92341e+03 | 48 -0.07630  2.19942e+02
 49 -0.05450  1.27930e+03 | 50 -0.04796  4.86342e+02 | 51 -0.04077  1.24301e+02
 52 -0.03245  3.87663e+02 | 53 -0.02851  1.70979e+02 | 54 -0.02279  4.88609e+02
 55 -0.01600  6.61712e+02 | 56 -0.00169  4.52600e+02 | 57  0.00251 -6.68953e+01
 58  0.00794 -1.99600e+02 | 59  0.02002 -4.58560e+00 | 60  0.01906 -1.51505e+03
 61  0.01341 -9.60834e+02 | 62  0.01310 -7.62947e+02 | 63  0.01236 -9.83109e+02
 64  0.01340 -2.58547e+02 | 65  0.01586 -7.93308e+02 | 66  0.01289 -3.35867e+02
 67  0.01645 -8.88447e+02 | 68  0.01937 -5.72626e+02 | 69  0.01994 -5.24324e+02
 70  0.02277 -5.74114e+02 | 71  0.02832  2.15832e+02 | 72  0.02728  1.18076e+03
 73  0.02210  1.17822e+03 | 74  0.01634  8.32242e+02 | 75  0.01719  4.78467e+02
 76 -0.18580  2.06691e+02 | 77 -0.60007 -1.68145e+03 | 78 -0.53825  6.88828e+02
2 0 21740.7
2 0 21740.7
2 0 21740.6
2 0 21740.5
2 0 21740.3
2 0 21738.7
2 0 21735.5
2 0 21729.6
2 0 21718.8
2 0 21834.2
2 0 21717.5
2 0 21714.9
2 0 21695.6
78 variables; iteration 80; function evaluation 105; phase 2
Function value   2.1695642e+04; maximum gradient component mag  -8.2028e+03
Var   Value    Gradient   |Var   Value    Gradient   |Var   Value    Gradient
  1 -0.64984  1.03086e+02 |  2 -0.49554  1.50969e+02 |  3  0.23094 -6.06218e+02
  4  0.24072  3.85519e+02 |  5  0.15754  2.05490e+00 |  6  0.10306 -2.04991e+00
  7  0.06995  1.07461e+01 |  8  0.04550  3.06047e+01 |  9  0.01841 -1.02123e+01
 10 -0.00225 -1.18312e+01 | 11 -0.01735 -2.46052e+01 | 12 -0.02370 -5.88119e+00
 13 -0.02712  3.51428e+01 | 14 -0.04007  3.84344e+00 | 15 -0.05343 -1.71766e+01
 16 -0.06105 -3.03189e+01 | 17 -0.05903  8.26863e+00 | 18  0.10441  9.40807e+02
 19 -0.02299 -4.78834e+02 | 20 -0.01891 -5.80064e+02 | 21 -0.02141  3.16795e+02
 22 -0.02083 -1.35827e+02 | 23 -0.01482 -5.45100e+01 | 24 -0.01116 -1.81434e+02
 25 -0.01132 -4.10130e+01 | 26 -0.00725 -2.35565e+02 | 27 -0.00471 -9.18520e+01
 28 -0.00612  7.43862e+01 | 29 -0.00023  7.70983e+01 | 30 -0.00054 -6.95219e+01
 31  0.00273  8.59089e+01 | 32  0.00343  3.64614e+02 | 33  0.00167  7.17325e+01
 34  0.00685  1.66524e+02 | 35  0.00752  2.01801e+02 | 36  0.00678 -3.21104e+01
 37  0.01066  2.61463e+02 | 38  0.00939 -1.24104e+01 | 39  0.01328  3.37056e+02
 40  0.01026  1.40206e+02 | 41  0.01388  1.81859e+02 | 42  0.01356  6.05853e+01
 43  0.01330 -9.24232e+01 | 44  0.01500 -4.41042e+02 | 45  0.01223  6.65120e+02
 46 -0.00029 -6.00985e+02 | 47  0.13717 -8.20281e+03 | 48 -0.07617  1.61510e+02
 49 -0.05671  4.57675e+02 | 50 -0.04893  4.13082e+02 | 51 -0.04141  4.87906e+01
 52 -0.03333  2.23067e+02 | 53 -0.02910  1.76733e+02 | 54 -0.02337  3.71824e+02
 55 -0.01672  3.74494e+02 | 56 -0.00300  2.46773e+02 | 57  0.00131 -4.14247e+01
 58  0.00717 -2.75775e+01 | 59  0.01868  7.00814e+01 | 60  0.01903 -5.64785e+02
 61  0.01327 -3.37344e+02 | 62  0.01316 -2.13296e+02 | 63  0.01247 -3.36165e+02
 64  0.01267 -4.27015e+01 | 65  0.01541 -2.62543e+02 | 66  0.01193 -6.55305e+01
 67  0.01590 -3.80867e+02 | 68  0.01780 -2.42518e+02 | 69  0.01887 -2.01442e+02
 70  0.02189 -2.55225e+02 | 71  0.02643  2.21740e+02 | 72  0.02593  7.97021e+02
 73  0.02228 -2.53564e+02 | 74  0.02468  9.45269e+01 | 75  0.03082  4.67976e+02
 76 -0.17279  2.01158e+02 | 77 -0.60923 -2.20454e+03 | 78 -0.54888  8.76299e+02
2 0 21689.9
2 0 21680.9
2 0 21682.5
2 0 21675.7
2 0 21673.7
2 0 21671.2
2 0 21669.5
2 0 21669.1
2 0 21668.4
2 0 21666.8
2 0 21664.5
2 0 21675.4
2 0 21663.8
78 variables; iteration 90; function evaluation 118; phase 2
Function value   2.1663754e+04; maximum gradient component mag  -3.8483e+03
Var   Value    Gradient   |Var   Value    Gradient   |Var   Value    Gradient
  1 -0.63277 -1.29699e+02 |  2 -0.50761  4.62576e+01 |  3  0.25427 -1.35724e+02
  4  0.23902 -1.79182e+02 |  5  0.16087 -3.13599e+01 |  6  0.10418 -1.10709e+01
  7  0.06784 -6.78517e+00 |  8  0.04330 -6.20168e+00 |  9  0.02615 -9.89999e-01
 10  0.01296  4.27514e-01 | 11  0.00230  1.63937e-02 | 12 -0.00629 -1.65110e+00
 13 -0.01271 -2.19951e+00 | 14 -0.01701  4.06823e-01 | 15 -0.02013 -7.23694e-01
 16 -0.02182  4.23752e-01 | 17 -0.02247  1.69162e+00 | 18  0.09354  4.49767e+02
 19 -0.02373  2.96236e+02 | 20 -0.01901  1.43031e+01 | 21 -0.02388 -1.42661e+02
 22 -0.02220 -7.40808e+01 | 23 -0.01525 -1.07236e+01 | 24 -0.01176  6.77282e+00
 25 -0.01203 -8.17163e+00 | 26 -0.00751  1.51168e+01 | 27 -0.00520 -1.15901e+01
 28 -0.00682 -4.84848e+01 | 29 -0.00038  1.15478e+00 | 30 -0.00059 -1.88413e+01
 31  0.00241 -1.37858e+01 | 32  0.00384  4.10635e+01 | 33  0.00244  2.90423e+01
 34  0.00751  1.90627e+01 | 35  0.00802  3.28952e+01 | 36  0.00746  1.33377e+01
 37  0.01131  2.63046e+01 | 38  0.01016  1.67879e+01 | 39  0.01348  1.83352e+01
 40  0.01020 -4.17715e+00 | 41  0.01419  1.27898e+01 | 42  0.01397  2.67465e+01
 43  0.01367  2.41679e+01 | 44  0.01608  7.34166e+01 | 45  0.01195 -3.39522e+02
 46  0.00166  7.89957e+00 | 47  0.14690 -3.84831e+03 | 48 -0.07221 -6.50845e+01
 49 -0.05450 -1.02005e+02 | 50 -0.04727 -6.39080e+01 | 51 -0.03899 -5.27639e+01
 52 -0.03178 -7.90144e+01 | 53 -0.02778 -6.02346e+01 | 54 -0.02270 -5.53318e+01
 55 -0.01626 -4.91420e+01 | 56 -0.00293 -7.15707e+01 | 57  0.00170 -3.80648e+01
 58  0.00753 -1.35323e+01 | 59  0.01794 -3.06966e+01 | 60  0.01970 -3.18536e+01
 61  0.01390  3.93260e+00 | 62  0.01306 -3.88717e+00 | 63  0.01242 -8.09483e+00
 64  0.01199 -1.23513e+00 | 65  0.01492 -2.22673e+01 | 66  0.01116  9.01382e-01
 67  0.01538 -1.07504e+01 | 68  0.01676 -1.52910e+01 | 69  0.01768  2.02635e+00
 70  0.02103 -9.62877e+00 | 71  0.02463 -4.02087e+01 | 72  0.02355 -2.61628e+01
 73  0.02189  3.33982e+02 | 74  0.02459  3.12328e+02 | 75  0.02432  1.86039e+02
 76 -0.01660  4.69681e+02 | 77 -0.61112 -1.32459e+03 | 78 -0.55952  3.83067e+02
2 0 21662.5
2 0 21660.8
2 0 21658.9
2 0 21668.8
2 0 21658.3
2 0 21657.6
2 0 21657.1
2 0 21656.4
2 0 21655.9
2 0 21655.6
2 0 21655.3
78 variables; iteration 100; function evaluation 129; phase 2
Function value   2.1655279e+04; maximum gradient component mag  -1.2584e+03
Var   Value    Gradient   |Var   Value    Gradient   |Var   Value    Gradient
  1 -0.60048 -9.10054e+01 |  2 -0.46406  3.35993e+01 |  3  0.27021  1.23416e+01
  4  0.24635 -3.46782e+01 |  5  0.16711 -3.66877e+00 |  6  0.10981 -2.60371e+00
  7  0.07302 -2.66646e+00 |  8  0.04826  1.04332e+00 |  9  0.02974  9.72728e-01
 10  0.01526  1.16526e+00 | 11  0.00358 -8.11130e-01 | 12 -0.00544 -6.35863e-01
 13 -0.01228  6.62655e-01 | 14 -0.01759 -1.25185e+00 | 15 -0.02101  2.14738e-02
 16 -0.02300  1.03013e+00 | 17 -0.02394  1.34179e+00 | 18  0.09761  2.28126e+02
 19 -0.02942  1.23686e+01 | 20 -0.02141 -1.92265e+01 | 21 -0.02555 -8.74124e+01
 22 -0.02342 -2.65996e+01 | 23 -0.01617 -4.39903e+01 | 24 -0.01278 -1.56906e+01
 25 -0.01287 -1.73937e+01 | 26 -0.00815 -3.80497e+00 | 27 -0.00581 -2.27357e+01
 28 -0.00729 -1.29732e+01 | 29 -0.00064 -6.89701e+00 | 30 -0.00079 -1.47963e+00
 31  0.00239 -1.97518e+01 | 32  0.00439  3.40620e+01 | 33  0.00329 -8.51025e+00
 34  0.00854 -1.21944e+00 | 35  0.00882  4.16545e+00 | 36  0.00841  6.31975e+00
 37  0.01246  2.38069e+01 | 38  0.01111  1.18438e+01 | 39  0.01430  1.01122e+01
 40  0.01093  1.97090e+01 | 41  0.01493  1.09279e+01 | 42  0.01469  3.09648e+01
 43  0.01472  5.82984e+01 | 44  0.01737  1.25727e+02 | 45  0.01385  2.57234e+01
 46  0.00408 -7.95448e+01 | 47  0.15797 -1.25842e+03 | 48 -0.06886  4.11296e+01
 49 -0.05112  6.30532e+01 | 50 -0.04445 -1.42150e+01 | 51 -0.03662  1.96343e+01
 52 -0.02982 -2.61803e+00 | 53 -0.02616 -8.88198e+00 | 54 -0.02148 -1.42936e+01
 55 -0.01523 -1.00283e+00 | 56 -0.00215 -1.25395e+01 | 57  0.00201  3.98888e+00
 58  0.00762 -1.22776e+00 | 59  0.01763 -6.41918e+00 | 60  0.01929 -3.43646e+01
 61  0.01354 -1.25716e+01 | 62  0.01247 -7.74907e+00 | 63  0.01162 -6.36976e+00
 64  0.01110 -9.34106e-01 | 65  0.01386 -1.38184e+01 | 66  0.01008 -1.73168e+00
 67  0.01410  1.79219e-01 | 68  0.01560  1.42763e+00 | 69  0.01620  7.87511e+00
 70  0.01949 -9.92121e+00 | 71  0.02303 -5.36410e+01 | 72  0.02167 -1.40131e+02
 73  0.02017 -1.04851e+02 | 74  0.02290  7.46869e+01 | 75  0.02301  5.60716e+01
 76  0.06346  2.50282e+02 | 77 -0.58465 -5.71510e+02 | 78 -0.50963  2.35514e+02
2 0 21654.9
2 0 21654.7
2 0 21654.7
2 0 21654.6
2 0 21654.6
2 0 21654.5
2 0 21654.5
2 0 21654.5
2 0 21654.5
2 0 21654.5
78 variables; iteration 110; function evaluation 139; phase 2
Function value   2.1654504e+04; maximum gradient component mag   1.3042e+01
Var   Value    Gradient   |Var   Value    Gradient   |Var   Value    Gradient
  1 -0.58888  7.01866e-01 |  2 -0.45032 -1.90809e-01 |  3  0.27543 -8.50228e-01
  4  0.24940 -1.04626e+00 |  5  0.16914 -2.89205e-01 |  6  0.11170 -1.05576e-01
  7  0.07453 -4.67010e-02 |  8  0.04885 -3.71591e-02 |  9  0.02977 -2.57618e-02
 10  0.01501 -2.32034e-02 | 11  0.00337 -1.89653e-02 | 12 -0.00583 -2.01090e-02
 13 -0.01304 -1.61519e-02 | 14 -0.01855 -4.79857e-03 | 15 -0.02254 -1.39141e-02
 16 -0.02515 -1.58360e-02 | 17 -0.02643 -7.41740e-03 | 18  0.09687 -1.50080e+00
 19 -0.03119  3.20745e+00 | 20 -0.02174 -1.61053e+00 | 21 -0.02550 -6.96243e-02
 22 -0.02332 -5.11123e-01 | 23 -0.01605  8.16575e-02 | 24 -0.01281  7.82620e-02
 25 -0.01292  2.53215e-01 | 26 -0.00821 -1.70336e-02 | 27 -0.00590 -5.90428e-02
 28 -0.00740 -2.34322e-01 | 29 -0.00070 -4.44411e-01 | 30 -0.00084 -4.23522e-01
 31  0.00246 -9.46870e-02 | 32  0.00460  3.65738e-01 | 33  0.00368 -2.42139e-01
 34  0.00896 -7.08711e-01 | 35  0.00913 -5.76217e-01 | 36  0.00872 -3.06825e-01
 37  0.01276 -5.83737e-01 | 38  0.01132 -3.66003e-01 | 39  0.01445 -6.66462e-01
 40  0.01098 -4.61217e-01 | 41  0.01500 -3.07609e-01 | 42  0.01469  1.28108e-01
 43  0.01473  8.07799e-01 | 44  0.01727  2.00322e+00 | 45  0.01375  1.51744e+00
 46  0.00406 -8.11704e-01 | 47  0.16196  1.30423e+01 | 48 -0.06791  9.68223e-02
 49 -0.05022  9.06473e-01 | 50 -0.04344  7.52626e-01 | 51 -0.03584 -9.89581e-02
 52 -0.02913 -3.19160e-01 | 53 -0.02556 -3.62888e-01 | 54 -0.02102 -9.77197e-02
 55 -0.01485  3.81682e-02 | 56 -0.00185  4.29545e-01 | 57  0.00211  3.70579e-01
 58  0.00766  4.04847e-01 | 59  0.01753  1.00298e-01 | 60  0.01915 -6.91491e-01
 61  0.01340 -1.72842e-01 | 62  0.01224  6.22393e-01 | 63  0.01134  1.04855e+00
 64  0.01078  8.88863e-01 | 65  0.01347  1.28812e+00 | 66  0.00968  1.22310e+00
 67  0.01365  1.49296e+00 | 68  0.01517  1.27152e+00 | 69  0.01566  7.75835e-01
 70  0.01898  9.72764e-02 | 71  0.02252 -9.53455e-01 | 72  0.02119 -2.45872e+00
 73  0.01989 -2.88518e+00 | 74  0.02258 -1.47137e+00 | 75  0.02259 -5.54469e-01
 76  0.08377 -2.52214e+00 | 77 -0.57852  4.23865e+00 | 78 -0.50078 -1.82130e+00
2 0 21654.5
2 0 21654.5
2 0 21654.5
2 0 21654.5
2 0 21654.5
2 0 21654.5
2 0 21654.5
2 0 21654.5
2 0 21654.5
2 0 21654.5
78 variables; iteration 120; function evaluation 149; phase 2
Function value   2.1654503e+04; maximum gradient component mag  -5.2898e-03
Var   Value    Gradient   |Var   Value    Gradient   |Var   Value    Gradient
  1 -0.58897 -2.85598e-03 |  2 -0.45044  1.23277e-03 |  3  0.27537  1.41725e-04
  4  0.24933  2.64597e-04 |  5  0.16910  1.69994e-05 |  6  0.11166 -2.58312e-05
  7  0.07451 -8.27052e-06 |  8  0.04884  5.73670e-05 |  9  0.02976  5.93694e-05
 10  0.01501  1.48104e-05 | 11  0.00338 -2.65502e-05 | 12 -0.00581 -7.19787e-06
 13 -0.01302  3.47871e-05 | 14 -0.01853  3.23085e-06 | 15 -0.02252 -2.84421e-05
 16 -0.02512  4.44726e-06 | 17 -0.02641  2.23643e-05 | 18  0.09686  2.52647e-03
 19 -0.03126 -1.65345e-03 | 20 -0.02174  2.33543e-03 | 21 -0.02549  1.37075e-03
 22 -0.02331  1.47821e-03 | 23 -0.01604  4.83182e-04 | 24 -0.01280 -1.65413e-04
 25 -0.01292  6.51180e-04 | 26 -0.00821  1.33258e-03 | 27 -0.00589  6.85319e-04
 28 -0.00739 -2.17764e-04 | 29 -0.00070  1.95912e-04 | 30 -0.00083  8.24035e-05
 31  0.00247 -6.93786e-05 | 32  0.00460  4.92518e-04 | 33  0.00368 -1.91871e-04
 34  0.00896 -5.69624e-04 | 35  0.00914 -1.03662e-03 | 36  0.00872 -1.20214e-03
 37  0.01277 -1.54723e-03 | 38  0.01132 -1.76852e-03 | 39  0.01445 -1.77647e-03
 40  0.01099 -8.39931e-04 | 41  0.01501 -5.61788e-04 | 42  0.01469 -3.32381e-04
 43  0.01472 -8.15119e-05 | 44  0.01726  1.39019e-03 | 45  0.01374  3.87217e-03
 46  0.00405 -2.30173e-03 | 47  0.16194 -4.78380e-03 | 48 -0.06792 -3.76455e-04
 49 -0.05023 -4.72286e-04 | 50 -0.04345 -7.07976e-04 | 51 -0.03585  1.65344e-03
 52 -0.02913  2.98852e-03 | 53 -0.02556  1.91914e-03 | 54 -0.02102  3.32909e-04
 55 -0.01485 -7.16358e-04 | 56 -0.00186 -1.57339e-03 | 57  0.00210 -2.25377e-03
 58  0.00765 -2.51290e-03 | 59  0.01753 -2.74310e-03 | 60  0.01915 -2.94726e-03
 61  0.01340 -1.80903e-03 | 62  0.01225 -7.18383e-04 | 63  0.01134  3.21929e-04
 64  0.01078  1.43973e-03 | 65  0.01348  2.15578e-03 | 66  0.00968  2.77079e-03
 67  0.01366  2.64860e-03 | 68  0.01517  1.98410e-03 | 69  0.01566  1.17335e-03
 70  0.01898  8.21091e-04 | 71  0.02253  5.76142e-04 | 72  0.02120 -8.60285e-04
 73  0.01989 -4.80261e-03 | 74  0.02259 -8.05818e-04 | 75  0.02259  2.33480e-04
 76  0.08365  2.38388e-03 | 77 -0.57857 -5.28984e-03 | 78 -0.50085  1.82891e-03
2 0 21654.5
2 0 21654.5
2 0 21654.5

 - final statistics:
78 variables; iteration 123; function evaluation 152
Function value   2.1655e+04; maximum gradient component mag  -6.2976e-04
Exit code = 1;  converg criter   1.0000e-03
Var   Value    Gradient   |Var   Value    Gradient   |Var   Value    Gradient
  1 -0.58897  2.05964e-04 |  2 -0.45044 -7.48965e-05 |  3  0.27537 -7.97208e-06
  4  0.24933  3.34550e-05 |  5  0.16910  1.05898e-05 |  6  0.11166  4.22084e-06
  7  0.07451  2.64303e-06 |  8  0.04884 -3.73840e-06 |  9  0.02976 -1.65529e-06
 10  0.01501 -5.87819e-07 | 11  0.00338  1.90977e-06 | 12 -0.00581  1.08860e-06
 13 -0.01302 -1.19486e-06 | 14 -0.01853  3.73397e-06 | 15 -0.02252  1.63585e-06
 16 -0.02512 -4.61052e-07 | 17 -0.02641  2.57780e-06 | 18  0.09686 -2.70581e-04
 19 -0.03126  2.77668e-05 | 20 -0.02174  9.58404e-05 | 21 -0.02549 -1.07641e-04
 22 -0.02331 -1.31459e-04 | 23 -0.01604 -7.05867e-05 | 24 -0.01280 -6.28801e-05
 25 -0.01292 -1.10893e-04 | 26 -0.00821 -1.06624e-04 | 27 -0.00589  4.07822e-05
 28 -0.00739  1.29818e-04 | 29 -0.00070  1.19093e-04 | 30 -0.00083  5.70437e-05
 31  0.00247  3.64071e-05 | 32  0.00460  2.22378e-05 | 33  0.00368  1.95194e-05
 34  0.00896 -1.40889e-05 | 35  0.00914  6.61614e-06 | 36  0.00872  1.65044e-05
 37  0.01277 -2.06835e-05 | 38  0.01132  5.28702e-05 | 39  0.01445 -4.56493e-06
 40  0.01099 -3.34435e-05 | 41  0.01501 -1.91087e-05 | 42  0.01469  6.68311e-06
 43  0.01472  2.94319e-05 | 44  0.01726  7.67515e-05 | 45  0.01374 -1.27722e-04
 46  0.00405  6.77262e-05 | 47  0.16194 -6.29756e-04 | 48 -0.06792 -1.76656e-04
 49 -0.05023 -2.79153e-04 | 50 -0.04345 -9.75548e-05 | 51 -0.03585 -3.38996e-05
 52 -0.02913  6.55052e-05 | 53 -0.02556  1.87863e-04 | 54 -0.02102  2.43200e-04
 55 -0.01485  1.81319e-04 | 56 -0.00186  8.31173e-05 | 57  0.00210 -1.08435e-05
 58  0.00765 -4.98806e-05 | 59  0.01753 -8.70647e-05 | 60  0.01915 -9.16406e-05
 61  0.01340 -3.88667e-05 | 62  0.01225  1.61200e-05 | 63  0.01134  6.23264e-05
 64  0.01078  4.33496e-05 | 65  0.01348  9.16055e-05 | 66  0.00968  3.11674e-05
 67  0.01366  5.17877e-05 | 68  0.01517  5.48836e-05 | 69  0.01566  6.11406e-05
 70  0.01898  1.79708e-06 | 71  0.02253 -1.04655e-04 | 72  0.02120 -1.57837e-04
 73  0.01990  8.68358e-05 | 74  0.02259  2.89270e-05 | 75  0.02259  3.41780e-05
 76  0.08365  6.93892e-06 | 77 -0.57857  4.33540e-04 | 78 -0.50085 -1.38378e-04
2 0 21654.5
B037831.8
0.3 0.687844
0.589581 0.555578
0.935881 0.470739
1.25873 0.422819
1.52061 0.395367
1.71771 0.378948
1.85978 0.368767
1.9595 0.362292
2.02832 0.358105
2.07529 0.355368
2.10712 0.353565
2.12858 0.352372
2.14301 0.35158
2.15269 0.351054
2.15917 0.350703
2.1635 0.350469
2.16641 0.350313
2.16834 0.350209
2.16964 0.35014
2.17051 0.350093
2.17108 0.350093
Survey Bio40.4783
Survey len10765.8
CPUE37.0039
Catch5.06625
Catch len10781.4
initsmo_penal20.6146
F_pen1.36436
Rec_pen2.82873
M_pen0


Starting time: Sun Jun 17 22:12:29 2018
Finishing time: Sun Jun 17 22:12:47 2018
This run took: 0 hours, 0 minutes, 18 seconds.

