survYears 69 70 71 72 73 74 75 76 77 78 79 80 81 82 83 84 85 86 87 88 89 90 91 92 93 94 95 96 97
SurvLenYear 69 70 71 72 73 74 75 76 77 78 79 80 81 82 83 84 85 86 87 88 89 90 91 92 93 94 95 96 97
catchBiomass 3261.28 3455.97 3691.52 5125.48 5568.25 7936.45 9258.01 7144.4 8139.76 18631.1 24587.3 17804.1 33870.2 48033.9 45731.9 39437.1 28886.5 38003.6 32112.5 32375 34905.5 32812.7 43123 39135.8 41478.5 52441.7 45603.1 42647.9 64864.6
steep0.999
25
Out
1 0 32461.4

Initial statistics: 76 variables; iteration 0; function evaluation 0; phase 1
Function value   3.2461434e+04; maximum gradient component mag  -1.5214e+05
Var   Value    Gradient   |Var   Value    Gradient   |Var   Value    Gradient
  1  0.24519  5.03616e+03 |  2  0.21180  3.04446e+03 |  3  0.21080  3.72301e+03
  4  0.18531  2.42338e+03 |  5  0.16464  1.68967e+03 |  6  0.15345  1.50337e+03
  7  0.12248  6.72135e+02 |  8  0.11610  7.24436e+02 |  9  0.09331  3.87611e+02
 10  0.07655  2.62988e+02 | 11  0.06521  2.67992e+02 | 12  0.03881  9.08179e+01
 13  0.02084  4.61329e+01 | 14  0.01254 -7.21671e+01 | 15  0.04534  2.48405e+02
 16  0.00623 -9.75795e+03 | 17  0.00000 -1.84194e+04 | 18  0.00000  1.95468e+03
 19  0.00000  3.65441e+03 | 20  0.00000  7.39296e+02 | 21  0.00000  4.10088e+03
 22  0.00000 -6.26688e+02 | 23  0.00000 -4.67857e+03 | 24  0.00000  6.02136e+03
 25  0.00000  1.46847e+04 | 26  0.00000  3.03262e+03 | 27  0.00000 -1.66475e+03
 28  0.00000  1.25664e+04 | 29  0.00000  5.05036e+03 | 30  0.00000 -2.42139e+03
 31  0.00000 -4.41765e+03 | 32  0.00000 -4.37507e+03 | 33  0.00000  3.17425e+03
 34  0.00000 -3.09530e+03 | 35  0.00000  5.51610e+02 | 36  0.00000  7.80323e+02
 37  0.00000  6.17126e+02 | 38  0.00000  4.20909e+03 | 39  0.00000 -9.90153e+02
 40  0.00000  2.26914e+03 | 41  0.00000  3.25966e+03 | 42  0.00000 -2.36229e+03
 43  0.00000 -8.67805e+02 | 44  0.00000 -6.87406e+02 | 45  0.00000 -2.20594e+04
 46  0.08726 -1.52135e+05 | 47  0.00000  5.45059e+04 | 48  0.00000  4.29835e+04
 49  0.00000  3.57329e+04 | 50  0.00000  2.91701e+04 | 51  0.00000  2.78623e+04
 52  0.00000  2.91685e+04 | 53  0.00000  1.91501e+04 | 54  0.00000  2.81617e+03
 55  0.00000  9.58264e+02 | 56  0.00000 -1.51435e+03 | 57  0.00000 -1.40010e+04
 58  0.00000 -1.85940e+04 | 59  0.00000 -1.63893e+04 | 60  0.00000 -1.14237e+04
 61  0.00000 -9.54629e+03 | 62  0.00000 -1.14719e+04 | 63  0.00000 -9.82225e+03
 64  0.00000 -1.08722e+04 | 65  0.00000 -1.11755e+04 | 66  0.00000 -1.34337e+04
 67  0.00000 -1.64872e+04 | 68  0.00000 -1.62682e+04 | 69  0.00000 -1.91108e+04
 70  0.00000 -2.05377e+04 | 71  0.00000 -1.86031e+04 | 72  0.00000 -1.71153e+04
 73  0.00000 -1.25078e+04 | 74  0.00000 -5.34639e+02 | 75  0.00000  7.06095e+03
 76  0.00383  2.28859e+04 |
1 0 32461.4
1 0 32461.2
1 0 32459.2
1 0 32439.3
1 0 32245
1 0 31819.2
1 0 28332.7
1 0 37219.6
1 0 27534.3
1 0 27121.6
1 0 27140.4
1 0 26906.3
1 0 26929.9
1 0 26797.7
1 0 26856.2
1 0 26753.2
1 0 26722.6
1 0 26701.9
1 0 26686.9

Intermediate statistics: 76 variables; iteration 10; function evaluation 19; phase 1
Function value   2.6686886e+04; maximum gradient component mag  -7.6357e+04
Var   Value    Gradient   |Var   Value    Gradient   |Var   Value    Gradient
  1  0.25858 -2.34262e+03 |  2  0.23144 -2.49270e+02 |  3  0.22190  3.73702e+02
  4  0.19226  2.30370e+02 |  5  0.16908  1.59956e+02 |  6  0.15359  1.84567e+02
  7  0.12633  3.57726e+01 |  8  0.11491  9.95095e+01 |  9  0.09443  3.41983e+01
 10  0.07746  2.18839e+01 | 11  0.06346  5.44871e+01 | 12  0.04000 -5.85312e+00
 13  0.02243 -3.46713e+01 | 14  0.01801 -8.33445e+01 | 15  0.04110  9.08368e+01
 16  0.09800  1.91316e+04 | 17  0.04182  7.85987e+03 | 18  0.01071  4.34869e+03
 19 -0.02990 -3.19329e+03 | 20 -0.03652 -3.58606e+03 | 21 -0.03887 -3.09035e+03
 22 -0.02025 -1.55883e+03 | 23 -0.00527 -1.92519e+03 | 24 -0.00523 -4.15662e+02
 25  0.00172  5.59351e+03 | 26  0.00549  2.65429e+03 | 27  0.01982 -3.91060e+02
 28  0.03619  7.72258e+03 | 29  0.01644  3.95478e+03 | 30 -0.00256 -7.77288e+02
 31 -0.01306 -3.26351e+03 | 32  0.00354 -2.08077e+03 | 33  0.00779  1.97901e+03
 34  0.00587 -1.11084e+03 | 35  0.00636  1.04161e+03 | 36  0.00423  1.03696e+03
 37  0.01780  9.45988e+02 | 38  0.00973  2.69709e+03 | 39  0.00801  1.04893e+03
 40  0.01945  1.12364e+03 | 41  0.00228  1.23112e+03 | 42 -0.00605 -1.34743e+03
 43  0.00626 -2.45408e+03 | 44 -0.00962 -4.04234e+03 | 45 -0.05634 -1.40153e+04
 46  0.10854 -7.63574e+04 | 47 -0.01971  2.43767e+04 | 48 -0.01869  1.88093e+04
 49 -0.02477  1.22842e+04 | 50 -0.02598  9.23673e+03 | 51 -0.02167  1.11978e+04
 52 -0.02711  1.09497e+04 | 53 -0.03761  3.57313e+03 | 54 -0.01114  2.08303e+01
 55 -0.00157 -2.87583e+03 | 56 -0.05135 -4.38116e+03 | 57  0.00201 -1.35173e+03
 58  0.02891 -4.59918e+03 | 59  0.03110 -5.69642e+03 | 60 -0.01750 -5.81050e+03
 61 -0.01351 -4.88759e+03 | 62  0.01717 -4.51791e+03 | 63 -0.00246 -4.96942e+03
 64  0.01323 -4.81458e+03 | 65 -0.00260 -6.01611e+03 | 66 -0.00894 -5.84379e+03
 67  0.02745 -5.85089e+03 | 68 -0.02685 -7.14189e+03 | 69  0.01610 -7.21887e+03
 70  0.03409 -6.13375e+03 | 71 -0.00301 -6.76794e+03 | 72 -0.00265 -5.03602e+03
 73  0.04853 -2.07398e+03 | 74  0.09277  2.55856e+03 | 75  0.00621  3.05497e+03
 76  0.08182  1.75261e+04 |
1 0 26682.5
1 0 26677.1
1 0 26672.5
1 0 26668.1
1 0 26664.9
1 0 26661.5
1 0 26658.5
1 0 26657.1
1 0 26655.5
1 0 26654.4
76 variables; iteration 20; function evaluation 29; phase 1
Function value   2.6654381e+04; maximum gradient component mag  -7.6859e+04
Var   Value    Gradient   |Var   Value    Gradient   |Var   Value    Gradient
  1  0.29803 -2.18672e+03 |  2  0.25935  1.89340e+02 |  3  0.23176  4.08805e+02
  4  0.19927  2.47851e+02 |  5  0.17314  1.68654e+02 |  6  0.15086  1.14633e+02
  7  0.13139  8.79033e+01 |  8  0.11137  4.47836e+01 |  9  0.09531  4.46226e+01
 10  0.07824  3.42706e+01 | 11  0.05944  1.32906e+01 | 12  0.04232  4.13604e+00
 13  0.02781 -4.39331e+01 | 14  0.02925  6.63215e+00 | 15  0.03155  1.76568e+01
 16  0.09556  1.82813e+04 | 17  0.05319  9.21171e+03 | 18  0.00560  3.62880e+03
 19 -0.03539 -4.41485e+03 | 20 -0.03671 -2.84140e+03 | 21 -0.03914 -3.04055e+03
 22 -0.02089 -1.41313e+03 | 23 -0.00615 -1.35510e+03 | 24 -0.00646 -8.18738e+02
 25  0.00080  5.76710e+03 | 26  0.00355  1.62392e+03 | 27  0.02010 -4.45103e+02
 28  0.03667  7.52851e+03 | 29  0.01544  3.07216e+03 | 30 -0.00148 -8.16665e+02
 31 -0.00939 -1.98208e+03 | 32  0.00133 -2.59705e+03 | 33  0.00461  1.00208e+03
 34  0.00562 -9.15987e+02 | 35  0.00610  8.77972e+02 | 36  0.00534  1.12206e+03
 37  0.01700  1.02964e+03 | 38  0.01071  3.05178e+03 | 39  0.01302  1.96027e+02
 40  0.01831  1.37270e+03 | 41  0.00223  6.76681e+02 | 42  0.00164 -3.01930e+02
 43  0.00413 -3.02410e+03 | 44 -0.00610 -3.32984e+03 | 45 -0.06375 -1.28252e+04
 46  0.11246 -7.68589e+04 | 47 -0.02000  2.38077e+04 | 48 -0.02325  1.60534e+04
 49 -0.02683  1.17160e+04 | 50 -0.02780  8.88259e+03 | 51 -0.02378  1.07141e+04
 52 -0.03128  9.45886e+03 | 53 -0.04132  2.78898e+03 | 54 -0.01255 -7.94067e+02
 55 -0.00635 -3.84596e+03 | 56 -0.05107 -4.24041e+03 | 57 -0.00133 -1.53219e+03
 58  0.02830 -3.25572e+03 | 59  0.02774 -3.81192e+03 | 60 -0.00796 -5.09561e+03
 61 -0.01063 -4.53421e+03 | 62  0.01250 -4.12010e+03 | 63 -0.00159 -4.56656e+03
 64  0.00822 -4.87587e+03 | 65 -0.00087 -5.73954e+03 | 66 -0.01314 -6.08702e+03
 67  0.02324 -7.21115e+03 | 68 -0.04989 -7.04278e+03 | 69  0.02486 -6.41584e+03
 70  0.02040 -5.86812e+03 | 71  0.01161 -6.00746e+03 | 72 -0.00005 -4.64122e+03
 73  0.03998 -1.04426e+03 | 74  0.10749  4.15501e+03 | 75  0.04601  3.22480e+03
 76  0.08822  1.81189e+04 |
1 0 26653.1
1 0 26652.6
1 0 26651.9
1 0 26651.7
1 0 26651.4
1 0 26650.9
1 0 26650.3
1 0 26650
1 0 26649.7
1 0 26649.5
76 variables; iteration 30; function evaluation 39; phase 1
Function value   2.6649511e+04; maximum gradient component mag  -7.7707e+04
Var   Value    Gradient   |Var   Value    Gradient   |Var   Value    Gradient
  1  0.30714 -2.02543e+03 |  2  0.25046  1.23773e+02 |  3  0.23155  4.30368e+02
  4  0.20042  2.61682e+02 |  5  0.17342  1.70982e+02 |  6  0.14990  1.05038e+02
  7  0.13143  9.58660e+01 |  8  0.10993  3.61956e+01 |  9  0.09449  4.60241e+01
 10  0.07736  3.63397e+01 | 11  0.05771 -3.13809e+00 | 12  0.04447  1.55724e+00
 13  0.03481 -2.20741e+01 | 14  0.03502  4.07776e+01 | 15  0.02621 -2.04097e+01
 16  0.09610  1.83839e+04 | 17  0.05516  8.89947e+03 | 18  0.00610  3.81223e+03
 19 -0.03492 -4.42567e+03 | 20 -0.03682 -3.13191e+03 | 21 -0.03848 -2.61458e+03
 22 -0.02167 -1.59115e+03 | 23 -0.00723 -1.66319e+03 | 24 -0.00668 -8.53401e+02
 25  0.00060  5.90374e+03 | 26  0.00347  1.89730e+03 | 27  0.01993 -4.08221e+02
 28  0.03677  7.29813e+03 | 29  0.01606  3.32796e+03 | 30 -0.00127 -8.07680e+02
 31 -0.00893 -1.53743e+03 | 32  0.00260 -2.28590e+03 | 33  0.00531  1.03584e+03
 34  0.00625 -4.71931e+02 | 35  0.00564  5.07534e+02 | 36  0.00602  1.21629e+03
 37  0.01689  1.04604e+03 | 38  0.00954  3.01798e+03 | 39  0.01241  1.31584e+02
 40  0.01789  1.18500e+03 | 41  0.00122  6.23729e+02 | 42  0.00013 -3.63399e+02
 43  0.00428 -3.20064e+03 | 44 -0.00549 -3.30872e+03 | 45 -0.06491 -1.32376e+04
 46  0.11393 -7.77074e+04 | 47 -0.02153  2.34579e+04 | 48 -0.02455  1.59228e+04
 49 -0.02745  1.20643e+04 | 50 -0.02822  9.17403e+03 | 51 -0.02486  1.07175e+04
 52 -0.03322  9.22406e+03 | 53 -0.04192  3.07826e+03 | 54 -0.01282 -3.17182e+02
 55 -0.00780 -3.82988e+03 | 56 -0.05127 -4.20912e+03 | 57 -0.00322 -1.77687e+03
 58  0.02738 -2.80927e+03 | 59  0.02729 -3.45550e+03 | 60 -0.01063 -5.17663e+03
 61 -0.01172 -4.54698e+03 | 62  0.01177 -4.07412e+03 | 63 -0.00248 -4.65792e+03
 64  0.00728 -4.89048e+03 | 65 -0.00404 -5.69786e+03 | 66 -0.00843 -5.89997e+03
 67  0.02119 -7.16955e+03 | 68 -0.05015 -7.02770e+03 | 69  0.02327 -6.72729e+03
 70  0.02077 -6.11380e+03 | 71  0.00741 -6.42144e+03 | 72 -0.00194 -4.77981e+03
 73  0.03859 -1.18993e+03 | 74  0.10730  3.77823e+03 | 75  0.07477  3.42184e+03
 76  0.08834  1.83028e+04 |
1 0 26649.4
1 0 26649.2
1 0 26649.2
1 0 26649.1
1 0 26648.9
1 0 26648.8
1 0 26648.6
1 0 26648.5
1 0 26648.4
1 0 26648.2
1 0 26647.8
76 variables; iteration 40; function evaluation 50; phase 1
Function value   2.6647839e+04; maximum gradient component mag  -7.7000e+04
Var   Value    Gradient   |Var   Value    Gradient   |Var   Value    Gradient
  1  0.30149 -2.09953e+03 |  2  0.25051  1.05580e+02 |  3  0.23145  4.24779e+02
  4  0.20183  2.74027e+02 |  5  0.17542  1.79571e+02 |  6  0.15263  1.26208e+02
  7  0.13080  7.99320e+01 |  8  0.11070  4.76618e+01 |  9  0.09348  4.03011e+01
 10  0.07611  2.52977e+01 | 11  0.05936 -9.19920e-01 | 12  0.04860  5.26247e+00
 13  0.04071  8.40089e-01 | 14  0.03629  2.65468e+01 | 15  0.02727 -2.08879e+01
 16  0.09606  1.85147e+04 | 17  0.05377  8.84151e+03 | 18  0.00595  3.73892e+03
 19 -0.03505 -4.45755e+03 | 20 -0.03687 -3.14992e+03 | 21 -0.03846 -2.61683e+03
 22 -0.02143 -1.46336e+03 | 23 -0.00739 -1.70860e+03 | 24 -0.00689 -8.88803e+02
 25  0.00037  5.67070e+03 | 26  0.00358  1.85527e+03 | 27  0.02034 -2.75574e+02
 28  0.03673  7.23480e+03 | 29  0.01588  3.25687e+03 | 30 -0.00115 -6.90664e+02
 31 -0.00854 -1.34548e+03 | 32  0.00276 -2.23037e+03 | 33  0.00507  8.02373e+02
 34  0.00627 -5.43291e+02 | 35  0.00584  5.93144e+02 | 36  0.00556  1.14895e+03
 37  0.01729  1.15826e+03 | 38  0.01018  2.88785e+03 | 39  0.01220  9.25739e+01
 40  0.01802  1.17172e+03 | 41  0.00164  9.03423e+02 | 42  0.00011 -4.76457e+02
 43  0.00452 -3.17803e+03 | 44 -0.00554 -3.27272e+03 | 45 -0.06500 -1.31325e+04
 46  0.11435 -7.70003e+04 | 47 -0.02175  2.35140e+04 | 48 -0.02483  1.59477e+04
 49 -0.02778  1.20625e+04 | 50 -0.02842  9.22160e+03 | 51 -0.02525  1.05928e+04
 52 -0.03349  9.16776e+03 | 53 -0.04274  2.84649e+03 | 54 -0.01322 -3.72781e+02
 55 -0.00801 -3.69775e+03 | 56 -0.05130 -4.21224e+03 | 57 -0.00342 -1.77837e+03
 58  0.02735 -2.61495e+03 | 59  0.02670 -3.45512e+03 | 60 -0.01069 -5.27195e+03
 61 -0.01189 -4.68909e+03 | 62  0.01121 -4.21836e+03 | 63 -0.00262 -4.61992e+03
 64  0.00686 -4.89553e+03 | 65 -0.00276 -5.66897e+03 | 66 -0.01300 -6.02626e+03
 67  0.02185 -7.18868e+03 | 68 -0.04986 -7.03315e+03 | 69  0.02287 -6.46605e+03
 70  0.02088 -6.05330e+03 | 71  0.00650 -6.44887e+03 | 72 -0.00127 -4.72409e+03
 73  0.03829 -1.12211e+03 | 74  0.10730  3.81946e+03 | 75  0.08331  3.43317e+03
 76  0.08830  1.81601e+04 |
1 0 26647.5
1 0 26647.1
1 0 26646.5
1 0 26645.6
1 0 26644.8
1 0 26643.5
1 0 26641.7
1 0 26638.4
1 0 26634.6
1 0 26629.1
76 variables; iteration 50; function evaluation 60; phase 1
Function value   2.6629193e+04; maximum gradient component mag  -7.6292e+04
Var   Value    Gradient   |Var   Value    Gradient   |Var   Value    Gradient
  1  0.29660 -2.14102e+03 |  2  0.25251  1.08294e+02 |  3  0.22710  3.70049e+02
  4  0.19632  2.07216e+02 |  5  0.17937  2.18434e+02 |  6  0.15843  1.44286e+02
  7  0.13799  1.30371e+02 |  8  0.10797  1.98912e+01 |  9  0.08832  2.14193e+00
 10  0.07872 -2.54183e+01 | 11  0.08562  2.31101e+01 | 12  0.09593  1.21516e+02
 13  0.08243  3.47979e+01 | 14  0.06824  1.19067e+01 | 15  0.05759 -1.67677e+01
 16  0.09597  1.84310e+04 | 17  0.05247  8.87019e+03 | 18  0.00610  3.78776e+03
 19 -0.03467 -4.36256e+03 | 20 -0.03613 -2.94652e+03 | 21 -0.03755 -2.33669e+03
 22 -0.02098 -1.31952e+03 | 23 -0.00731 -1.49719e+03 | 24 -0.00752 -1.02116e+03
 25  0.00030  5.68134e+03 | 26  0.00362  1.79761e+03 | 27  0.01972 -5.73893e+02
 28  0.03717  7.60419e+03 | 29  0.01623  3.33411e+03 | 30 -0.00062 -5.55065e+02
 31 -0.00842 -1.65430e+03 | 32  0.00269 -1.88431e+03 | 33  0.00539  1.29496e+03
 34  0.00626 -9.07582e+02 | 35  0.00521 -9.13254e+01 | 36  0.00725  1.34604e+03
 37  0.01755  1.50100e+03 | 38  0.00949  3.35366e+03 | 39  0.01348  1.83006e+02
 40  0.01788  1.24235e+03 | 41  0.00117  1.08585e+03 | 42  0.00005 -3.57638e+02
 43  0.00438 -3.25259e+03 | 44 -0.00550 -3.19590e+03 | 45 -0.06493 -1.31369e+04
 46  0.11434 -7.62917e+04 | 47 -0.02174  2.36337e+04 | 48 -0.02500  1.59638e+04
 49 -0.02789  1.20399e+04 | 50 -0.02842  9.14577e+03 | 51 -0.02515  1.04558e+04
 52 -0.03351  8.92252e+03 | 53 -0.04277  2.68889e+03 | 54 -0.01411 -9.14369e+02
 55 -0.00788 -3.97173e+03 | 56 -0.05107 -4.16712e+03 | 57 -0.00316 -1.43340e+03
 58  0.02715 -2.73046e+03 | 59  0.02671 -3.39491e+03 | 60 -0.00902 -5.05013e+03
 61 -0.01096 -4.66072e+03 | 62  0.00960 -4.92040e+03 | 63 -0.00178 -4.81394e+03
 64  0.00695 -4.31815e+03 | 65 -0.00423 -4.98117e+03 | 66 -0.00452 -5.35414e+03
 67  0.02041 -6.70919e+03 | 68 -0.05426 -7.03156e+03 | 69  0.02476 -6.03662e+03
 70  0.01983 -6.07288e+03 | 71  0.00756 -6.52725e+03 | 72 -0.00397 -4.87871e+03
 73  0.03943 -1.09763e+03 | 74  0.10702  3.74385e+03 | 75  0.08213  3.42679e+03
 76  0.08842  1.81853e+04 |
1 0 26623.6
1 0 26615.7
1 0 26642
1 0 26614.3
1 0 26611.6
1 0 26607.9
1 0 26602.4
1 0 26615.1
1 0 26601.1
1 0 26598.7
1 0 26594.2
1 0 26586.4
76 variables; iteration 60; function evaluation 72; phase 1
Function value   2.6586493e+04; maximum gradient component mag  -7.8497e+04
Var   Value    Gradient   |Var   Value    Gradient   |Var   Value    Gradient
  1  0.30407 -2.07945e+03 |  2  0.24589  3.75196e+01 |  3  0.22966  3.83087e+02
  4  0.19973  2.25815e+02 |  5  0.17622  1.63462e+02 |  6  0.15663  1.30059e+02
  7  0.13630  1.04152e+02 |  8  0.11077  1.05623e+01 |  9  0.09799 -2.56739e+01
 10  0.10535  4.65456e+00 | 11  0.12623  9.04545e+01 | 12  0.14371  1.73519e+02
 13  0.14409  1.47315e+02 | 14  0.13626  1.20882e+02 | 15  0.12261  3.14801e+01
 16  0.09570  1.82386e+04 | 17  0.05450  8.81781e+03 | 18  0.00595  3.55506e+03
 19 -0.03431 -4.21045e+03 | 20 -0.03612 -3.03668e+03 | 21 -0.03775 -2.48563e+03
 22 -0.02126 -1.42855e+03 | 23 -0.00777 -1.72577e+03 | 24 -0.00763 -9.83468e+02
 25  0.00022  5.57743e+03 | 26  0.00413  2.18928e+03 | 27  0.01935 -5.26325e+02
 28  0.03694  7.31033e+03 | 29  0.01633  3.45322e+03 | 30 -0.00083 -4.35495e+02
 31 -0.00833 -1.03581e+03 | 32  0.00231 -2.40601e+03 | 33  0.00575  1.63618e+03
 34  0.00602 -1.29146e+03 | 35  0.00577  2.03453e+02 | 36  0.00681  2.47847e+03
 37  0.01597  6.61256e+02 | 38  0.01008  3.27696e+03 | 39  0.01349  1.98480e+02
 40  0.01761  1.12389e+03 | 41  0.00131  1.00681e+03 | 42  0.00061 -2.40718e+02
 43  0.00396 -2.92621e+03 | 44 -0.00696 -4.04836e+03 | 45 -0.06333 -1.27121e+04
 46  0.11365 -7.84965e+04 | 47 -0.02161  2.35385e+04 | 48 -0.02524  1.57256e+04
 49 -0.02794  1.19153e+04 | 50 -0.02840  9.09014e+03 | 51 -0.02511  1.04493e+04
 52 -0.03342  9.02058e+03 | 53 -0.04276  2.73865e+03 | 54 -0.01352 -5.07003e+02
 55 -0.00753 -3.72462e+03 | 56 -0.04851 -4.04419e+03 | 57 -0.00387 -1.73907e+03
 58  0.02790 -2.37201e+03 | 59  0.02708 -3.40767e+03 | 60 -0.01088 -5.32927e+03
 61 -0.01114 -4.64754e+03 | 62  0.01044 -4.80376e+03 | 63 -0.00299 -4.66898e+03
 64  0.00883 -3.92860e+03 | 65 -0.00364 -5.66212e+03 | 66 -0.00944 -6.12759e+03
 67  0.02055 -7.40894e+03 | 68 -0.04949 -6.97956e+03 | 69  0.02455 -6.18372e+03
 70  0.01982 -5.96448e+03 | 71  0.00757 -6.45146e+03 | 72  0.00008 -4.91838e+03
 73  0.03767 -1.60553e+03 | 74  0.10624  4.03898e+03 | 75  0.07467  3.44410e+03
 76  0.08662  1.82991e+04 |
1 0 26578.2
1 0 26565.2
1 0 26541.5
1 0 26503.7
1 0 26431.1
1 0 26094.4
1 0 26859.5
1 0 25894.8
1 0 25539.7
1 0 25078.1
1 0 24696.8
1 0 24731.8
1 0 24542
76 variables; iteration 70; function evaluation 85; phase 1
Function value   2.4542197e+04; maximum gradient component mag  -6.8265e+04
Var   Value    Gradient   |Var   Value    Gradient   |Var   Value    Gradient
  1  0.27511  9.81128e+02 |  2  0.25351 -1.56101e+02 |  3  0.19396 -1.16285e+02
  4  0.18664 -6.47853e+01 |  5  0.22958  3.71418e+02 |  6  0.25228  9.97096e+02
  7  0.13386 -7.73658e+02 |  8  0.28106  1.75313e+03 |  9  0.24122  4.96323e+02
 10  0.22114  3.43712e+02 | 11  0.20922  3.44375e+02 | 12  0.17886  2.61574e+02
 13  0.11320  7.92774e+01 | 14  0.03500 -4.50820e+02 | 15  0.09494  2.19104e+02
 16  0.07940  4.72611e+03 | 17  0.03490 -3.34366e+03 | 18  0.00695  1.37985e+03
 19 -0.00919  9.77673e+02 | 20 -0.00792  1.27130e+03 | 21 -0.01234  9.62580e+01
 22 -0.00484  1.86352e+02 | 23  0.00074 -1.05413e+03 | 24 -0.00663 -8.26407e+02
 25 -0.01414  1.03621e+03 | 26 -0.00073  2.77248e+03 | 27  0.00583 -4.99355e+03
 28  0.01292  7.25149e+03 | 29  0.00848  3.63443e+03 | 30 -0.00027  2.17669e+03
 31 -0.00679 -9.54026e+02 | 32 -0.00375 -4.22492e+03 | 33  0.00027  2.90928e+03
 34  0.00183 -1.43189e+03 | 35 -0.00134  7.00811e+02 | 36  0.00308  1.45744e+03
 37 -0.00070 -5.73949e+03 | 38 -0.00019  9.00810e+02 | 39 -0.00175 -5.86201e+03
 40  0.00595  7.90098e+03 | 41 -0.00492  2.84135e+03 | 42 -0.00339  2.02323e+03
 43 -0.00375 -3.18412e+03 | 44  0.00853  9.34187e+02 | 45 -0.00615 -8.37432e+03
 46  0.10287 -6.82649e+04 | 47 -0.03311  1.86570e+04 | 48 -0.03847  1.00650e+04
 49 -0.04054  4.68999e+03 | 50 -0.03599  2.50885e+03 | 51 -0.03019  3.52196e+03
 52 -0.03392  4.98648e+03 | 53 -0.03148  2.72102e+03 | 54 -0.00306  2.38103e+03
 55 -0.01576 -1.64038e+03 | 56 -0.00389  4.49015e+03 | 57  0.00140 -1.49844e+03
 58  0.02539 -5.24273e+03 | 59  0.01767 -7.38240e+03 | 60 -0.00765 -6.12104e+03
 61  0.00086 -3.53739e+03 | 62  0.00280 -5.45003e+03 | 63  0.00859 -3.74442e+03
 64  0.00111 -5.08479e+03 | 65 -0.00463 -5.11847e+03 | 66  0.01791  1.08562e+03
 67  0.01156  6.47006e+01 | 68  0.03010  9.62286e+03 | 69  0.01987 -6.85364e+02
 70  0.01751 -6.22829e+03 | 71  0.00650 -7.43017e+03 | 72 -0.00824 -6.25662e+03
 73  0.01801 -4.57940e+03 | 74  0.05048 -4.50776e+02 | 75  0.05355  3.10178e+03
 76  0.02940  1.23396e+04 |
1 0 24696.2
1 0 24479.8
1 0 24717.3
1 0 24469.2
1 0 24521.1
1 0 24467.4
1 0 24464.9
1 0 24459.8
1 0 24426.4
1 0 24354.3
1 0 24354.5
1 0 24317.1
1 0 26066.8
1 0 24316.2
1 0 24314.5
1 0 24297
1 0 24141.8
1 0 23835.3
76 variables; iteration 80; function evaluation 103; phase 1
Function value   2.3835449e+04; maximum gradient component mag  -5.9578e+04
Var   Value    Gradient   |Var   Value    Gradient   |Var   Value    Gradient
  1  0.25500  4.31844e+02 |  2  0.25843  5.68526e+02 |  3  0.21396  2.21979e+02
  4  0.18832  2.40513e+02 |  5  0.16030 -6.78337e-01 |  6  0.18314  5.04668e+02
  7  0.13914 -2.48934e+02 |  8  0.21297  1.07495e+03 |  9  0.14714 -3.42374e+01
 10  0.14281  3.40250e+02 | 11  0.07766 -3.47105e+02 | 12  0.12926  3.34073e+02
 13  0.11116  1.92212e+02 | 14  0.05665 -4.15858e+02 | 15  0.13520  3.80661e+02
 16  0.07096  1.89870e+03 | 17  0.02720 -3.95472e+03 | 18  0.00439  6.22227e+02
 19 -0.00598  1.74058e+03 | 20 -0.00501  1.59509e+03 | 21 -0.00965  5.65951e+02
 22 -0.00388  8.45148e+01 | 23  0.00144 -1.03415e+03 | 24 -0.00646 -5.70690e+02
 25 -0.01539  6.84147e+02 | 26 -0.00093  2.89530e+03 | 27  0.00553 -3.40790e+03
 28  0.00272  3.47654e+03 | 29  0.00463  3.50838e+03 | 30  0.00153  2.30002e+03
 31 -0.00147 -7.56091e+02 | 32 -0.00132 -4.05207e+03 | 33 -0.00215  2.40271e+03
 34  0.00218 -6.86893e+02 | 35 -0.00197  3.15897e+02 | 36  0.00113  8.34077e+02
 37 -0.00123 -4.74712e+03 | 38  0.00016  1.38052e+03 | 39  0.00026 -4.26565e+03
 40  0.00284  5.00724e+03 | 41 -0.00643  1.91945e+03 | 42 -0.00128  2.18255e+03
 43 -0.00356 -3.82052e+03 | 44  0.00475  3.82076e+02 | 45  0.00809 -4.51882e+03
 46  0.10216 -5.95784e+04 | 47 -0.03699  1.55746e+04 | 48 -0.03988  8.69371e+03
 49 -0.04105  3.73004e+03 | 50 -0.03563  1.75892e+03 | 51 -0.03084  2.61080e+03
 52 -0.03452  4.20686e+03 | 53 -0.02880  2.80765e+03 | 54 -0.00335  1.75844e+03
 55 -0.01440 -1.79152e+03 | 56 -0.00590  2.19426e+03 | 57  0.00827 -4.52338e+02
 58  0.02340 -3.20213e+03 | 59  0.01354 -6.08890e+03 | 60  0.00079 -4.79579e+03
 61  0.00883 -1.27638e+03 | 62  0.00109 -4.63751e+03 | 63  0.00992 -2.65435e+03
 64  0.00201 -4.57269e+03 | 65 -0.00126 -4.33660e+03 | 66  0.01582  6.22259e+02
 67  0.01120 -1.01999e+03 | 68  0.02533  5.39326e+03 | 69  0.02247 -2.41221e+02
 70  0.01397 -5.53595e+03 | 71  0.00828 -6.42177e+03 | 72  0.00280 -4.88903e+03
 73  0.01847 -2.89721e+03 | 74  0.03537  2.70489e+02 | 75  0.04757  2.75777e+03
 76  0.02428  1.02817e+04 |
1 0 23398.3
1 0 23423.9
1 0 23179.3
1 0 23104.2
1 0 23016.9
1 0 23003.9
1 0 22982.5
1 0 22958
1 0 22953.4
1 0 22946.7
1 0 22941.6
76 variables; iteration 90; function evaluation 114; phase 1
Function value   2.2941558e+04; maximum gradient component mag  -3.3818e+03
Var   Value    Gradient   |Var   Value    Gradient   |Var   Value    Gradient
  1  0.24396 -1.40560e+02 |  2  0.21017  5.54511e+00 |  3  0.15570  1.38970e+01
  4  0.11352  8.06354e+00 |  5  0.08374  1.63924e+01 |  6  0.05985 -1.40400e+01
  7  0.04756  1.96770e+01 |  8  0.03529 -1.98564e+01 |  9  0.03362  2.98811e+01
 10  0.02753  1.53298e+01 | 11  0.02083  1.42216e+01 | 12  0.01332  8.17672e-01
 13  0.00849  1.41311e+01 | 14  0.00203 -1.69320e+01 | 15  0.00291  1.06059e+01
 16  0.07074 -3.07761e+02 | 17  0.00600  3.80450e+02 | 18 -0.00511  5.87944e+01
 19 -0.00746  1.72857e+01 | 20 -0.00349  5.82763e+01 | 21 -0.00828  5.59839e+01
 22 -0.00414  5.12673e+01 | 23  0.00291  5.66784e+01 | 24 -0.00310  2.42743e+01
 25 -0.01476 -2.42855e+01 | 26 -0.00384 -9.14460e+01 | 27  0.00566  2.28424e+01
 28 -0.00914 -8.30601e+01 | 29 -0.00328 -4.21708e+01 | 30  0.00354  3.52837e+01
 31  0.00554 -1.52906e+01 | 32  0.00744  8.40098e+01 | 33 -0.00080 -3.61265e+01
 34  0.00595  2.83855e+02 | 35  0.00239 -7.53104e+01 | 36  0.00148 -2.10416e+02
 37  0.00292  6.40792e+01 | 38 -0.00156 -9.04837e+01 | 39  0.00480  3.44258e+02
 40  0.00027 -5.90399e+02 | 41 -0.00185 -2.41619e+01 | 42  0.00469  1.47673e+02
 43  0.00376  1.34731e+02 | 44 -0.00002 -2.27455e+02 | 45  0.00953 -2.78478e+02
 46  0.10465 -3.38183e+03 | 47 -0.06035 -1.68307e+02 | 48 -0.05168  6.36947e+01
 49 -0.04445  2.82155e+01 | 50 -0.03572  5.27935e+01 | 51 -0.03436  6.98188e+01
 52 -0.04218  1.16788e+02 | 53 -0.03128  1.53284e+02 | 54 -0.00558  2.14881e+02
 55 -0.00721  4.99005e+01 | 56 -0.00614  3.49726e+02 | 57  0.01182  3.31061e+02
 58  0.01879 -1.51037e+02 | 59  0.01833 -2.98923e+01 | 60  0.01248  2.82047e+02
 61  0.00825 -2.19139e+02 | 62  0.01161  8.71254e+01 | 63  0.00752 -6.43273e+02
 64  0.01114  2.30061e+02 | 65  0.00849 -2.35896e+01 | 66  0.01159 -7.60838e+01
 67  0.01568 -1.81868e+02 | 68  0.01515 -1.56907e+02 | 69  0.01932  1.82189e+02
 70  0.02039 -1.28814e+02 | 71  0.01956  8.31637e+01 | 72  0.01708 -4.74037e+02
 73  0.02272 -1.40051e+02 | 74  0.03426  1.35046e+01 | 75  0.03467  1.62507e+02
 76  0.01242  8.80594e+02 |
1 0 22939.1
1 0 22937.1
1 0 22935.3
1 0 22934.3
1 0 22933.1
1 0 22932.3
1 0 22931.7
1 0 22931.3
1 0 22931.2
1 0 22931.1
76 variables; iteration 100; function evaluation 124; phase 1
Function value   2.2931116e+04; maximum gradient component mag  -3.8167e+02
Var   Value    Gradient   |Var   Value    Gradient   |Var   Value    Gradient
  1  0.23713  1.09323e+01 |  2  0.20067  4.32490e+00 |  3  0.14675 -8.08146e-01
  4  0.10362  5.65871e-01 |  5  0.07108  1.17622e+00 |  6  0.04583 -2.25617e+00
  7  0.02629 -8.50429e-01 |  8  0.01039 -4.60419e+00 |  9 -0.00174 -1.45032e+00
 10 -0.01161 -3.65575e+00 | 11 -0.01893 -1.17248e+00 | 12 -0.02466 -3.41205e+00
 13 -0.02830  7.01409e-01 | 14 -0.03114 -2.94460e+00 | 15 -0.03218 -4.08129e-01
 16  0.07682 -2.56585e+01 | 17  0.00003 -9.65423e+01 | 18 -0.00554  2.17160e+01
 19 -0.00799  1.70103e+01 | 20 -0.00385  1.74999e+01 | 21 -0.00854  1.03286e+01
 22 -0.00442  1.41969e+01 | 23  0.00264  1.79784e+01 | 24 -0.00320 -2.39665e+00
 25 -0.01452  9.51226e+00 | 26 -0.00356  2.33999e+00 | 27  0.00577  4.99889e+00
 28 -0.00828 -2.87221e+01 | 29 -0.00262 -1.11422e+01 | 30  0.00349 -1.04008e+00
 31  0.00534  1.24635e+01 | 32  0.00760 -9.57359e+00 | 33 -0.00062  6.63026e+00
 34  0.00583 -7.32387e-02 | 35  0.00216 -1.51052e+01 | 36  0.00211 -1.35300e-01
 37  0.00334  1.71488e+01 | 38 -0.00116  2.61385e+00 | 39  0.00459 -2.35851e+01
 40  0.00153 -2.79278e+01 | 41 -0.00121  1.58337e+01 | 42  0.00481  1.07646e+01
 43  0.00430 -8.44827e+00 | 44  0.00082 -2.19373e+01 | 45  0.01116  6.53399e+01
 46  0.10176 -3.81670e+02 | 47 -0.06005  5.92752e+01 | 48 -0.05220  2.77316e+00
 49 -0.04480 -1.46056e+01 | 50 -0.03611 -9.99181e+00 | 51 -0.03458 -8.52065e+00
 52 -0.04237 -6.46393e+00 | 53 -0.03178 -9.21140e-01 | 54 -0.00638 -2.52038e+01
 55 -0.00699  7.80015e-01 | 56 -0.00697  6.72331e+00 | 57  0.01099  2.03043e+01
 58  0.01949  1.90055e+01 | 59  0.01869 -1.50181e+01 | 60  0.01191 -2.52707e+01
 61  0.00906  4.97871e+00 | 62  0.01128 -1.73832e+01 | 63  0.00929  2.07334e+01
 64  0.01022  9.29864e+00 | 65  0.00867 -2.67207e+01 | 66  0.01188 -1.42808e+01
 67  0.01604 -4.18383e+01 | 68  0.01519 -1.42811e-01 | 69  0.01904  2.34691e+01
 70  0.02101 -4.17566e+01 | 71  0.01927 -9.92993e+00 | 72  0.01806 -4.69134e+00
 73  0.02274  1.88747e+01 | 74  0.03464  5.82945e+01 | 75  0.03458  1.73326e+01
 76 -0.01184  8.80115e+01 |
1 0 22931
1 0 22930.9
1 0 22930.8
1 0 22930.8
1 0 22930.8
1 0 22930.8
1 0 22930.8
1 0 22930.8
1 0 22930.8
1 0 22930.8
76 variables; iteration 110; function evaluation 134; phase 1
Function value   2.2930755e+04; maximum gradient component mag  -1.8264e+01
Var   Value    Gradient   |Var   Value    Gradient   |Var   Value    Gradient
  1  0.23750 -4.25499e-01 |  2  0.20245  7.55111e-02 |  3  0.14867  1.47210e-01
  4  0.10581  1.52801e-01 |  5  0.07416 -1.33017e-01 |  6  0.05071 -1.12492e+00
  7  0.03320 -3.43459e-01 |  8  0.01977  1.88774e+00 |  9  0.00876  2.03426e-01
 10  0.00004  3.17279e-01 | 11 -0.00685  1.01091e-01 | 12 -0.01212  2.88117e-02
 13 -0.01594  1.27169e-01 | 14 -0.01845 -3.64129e-02 | 15 -0.01969 -1.03862e-02
 16  0.07793 -1.69634e+00 | 17  0.00177 -9.02310e+00 | 18 -0.00544  1.96380e+00
 19 -0.00794 -1.34649e-01 | 20 -0.00385  6.38396e-01 | 21 -0.00857  7.31994e-01
 22 -0.00448  5.74884e-01 | 23  0.00257 -2.86386e-01 | 24 -0.00325  1.89836e-01
 25 -0.01457  8.74711e-01 | 26 -0.00360  2.99586e-01 | 27  0.00577  1.08947e+00
 28 -0.00817 -1.37029e+00 | 29 -0.00254  1.11253e+00 | 30  0.00354  1.31715e+00
 31  0.00533  7.41447e-01 | 32  0.00760  2.29068e-01 | 33 -0.00064  4.33240e-01
 34  0.00581 -5.64089e-02 | 35  0.00221  9.10765e-01 | 36  0.00216  9.24898e-01
 37  0.00334  1.26570e+00 | 38 -0.00114 -2.61427e+00 | 39  0.00464 -1.53921e-01
 40  0.00163  2.67324e-01 | 41 -0.00118  1.19733e+00 | 42  0.00476  8.92966e-01
 43  0.00418  1.13055e+00 | 44  0.00039 -2.32946e+00 | 45  0.00968 -9.74622e-01
 46  0.10132 -1.82643e+01 | 47 -0.06025 -4.13483e+00 | 48 -0.05228 -2.28427e-01
 49 -0.04488  4.27986e-01 | 50 -0.03623 -2.39403e-01 | 51 -0.03468  8.71074e-01
 52 -0.04243  1.69237e+00 | 53 -0.03188  1.24901e+00 | 54 -0.00649  6.59135e-01
 55 -0.00710 -6.35327e-02 | 56 -0.00709 -2.93435e-01 | 57  0.01083  1.07459e-01
 58  0.01940 -8.75274e-01 | 59  0.01870  1.50461e+00 | 60  0.01195  9.61566e-03
 61  0.00900  5.16615e-01 | 62  0.01126  1.24189e+00 | 63  0.00917 -1.56572e-01
 64  0.01013 -1.44711e+00 | 65  0.00869 -4.44711e-01 | 66  0.01182 -8.48728e-01
 67  0.01602 -2.74912e+00 | 68  0.01513  1.80616e+00 | 69  0.01893  1.22962e+00
 70  0.02106 -5.81529e-01 | 71  0.01925  1.13762e-01 | 72  0.01814  2.18695e-02
 73  0.02305 -6.16406e-03 | 74  0.03529  3.42815e-01 | 75  0.03529  8.60665e-01
 76 -0.01682  2.15113e+00 |
1 0 22930.8
1 0 22930.8
1 0 22930.8
1 0 22930.8
1 0 22930.8
1 0 22930.8
1 0 22930.8
1 0 22930.8
1 0 22930.8
1 0 22930.8
76 variables; iteration 120; function evaluation 144; phase 1
Function value   2.2930753e+04; maximum gradient component mag  -3.9623e-01
Var   Value    Gradient   |Var   Value    Gradient   |Var   Value    Gradient
  1  0.23762  3.98591e-02 |  2  0.20269  6.94951e-03 |  3  0.14888  1.61357e-02
  4  0.10600  1.83318e-02 |  5  0.07437  3.12140e-03 |  6  0.05088  5.69917e-03
  7  0.03299 -3.23800e-03 |  8  0.01905  2.63256e-03 |  9  0.00803 -5.03412e-03
 10 -0.00069  4.12184e-03 | 11 -0.00753  2.50893e-03 | 12 -0.01274  6.51080e-04
 13 -0.01652 -3.41250e-03 | 14 -0.01898  6.69173e-03 | 15 -0.02020 -6.10158e-03
 16  0.07797  1.65913e-02 | 17  0.00191 -9.58094e-02 | 18 -0.00543 -2.97593e-02
 19 -0.00794 -3.58554e-02 | 20 -0.00386 -1.52886e-02 | 21 -0.00858 -4.25640e-04
 22 -0.00449 -1.85059e-02 | 23  0.00256  1.81963e-03 | 24 -0.00325  4.60675e-02
 25 -0.01458  3.39609e-02 | 26 -0.00361  1.62967e-02 | 27  0.00576  5.35766e-04
 28 -0.00818  8.94235e-02 | 29 -0.00255 -8.02122e-02 | 30  0.00353  4.14829e-02
 31  0.00532  6.08799e-02 | 32  0.00759 -2.99286e-02 | 33 -0.00064 -6.56833e-02
 34  0.00580  2.28634e-02 | 35  0.00220 -2.55772e-02 | 36  0.00215 -2.18766e-03
 37  0.00333  1.61535e-03 | 38 -0.00114  9.72750e-03 | 39  0.00464 -2.44939e-02
 40  0.00162 -1.60845e-02 | 41 -0.00119 -3.99128e-02 | 42  0.00475  1.88924e-03
 43  0.00418 -5.07435e-02 | 44  0.00040  5.49493e-02 | 45  0.00970  1.54813e-01
 46  0.10132  2.15426e-01 | 47 -0.06023 -3.96227e-01 | 48 -0.05228  1.83163e-01
 49 -0.04488  1.05765e-01 | 50 -0.03623  7.30690e-02 | 51 -0.03468  5.53024e-02
 52 -0.04243  3.46474e-02 | 53 -0.03189 -5.00311e-03 | 54 -0.00649 -1.37163e-02
 55 -0.00710 -7.80654e-02 | 56 -0.00709  1.51351e-02 | 57  0.01083  7.82842e-02
 58  0.01940  5.84922e-02 | 59  0.01870  4.26654e-02 | 60  0.01195 -3.42120e-02
 61  0.00900  1.02873e-02 | 62  0.01126 -2.16657e-02 | 63  0.00917 -1.23746e-02
 64  0.01014 -9.08307e-03 | 65  0.00869 -2.63339e-02 | 66  0.01182 -1.97089e-02
 67  0.01603  3.25303e-04 | 68  0.01513 -4.53681e-02 | 69  0.01893 -7.87789e-02
 70  0.02106 -5.54671e-02 | 71  0.01925 -3.52622e-02 | 72  0.01813  1.69984e-02
 73  0.02305  6.77544e-02 | 74  0.03528  9.29952e-02 | 75  0.03528 -9.25395e-03
 76 -0.01686 -5.01227e-02 |
1 0 22930.8
1 0 22930.8

 - final statistics:
76 variables; iteration 122; function evaluation 146
Function value   2.2931e+04; maximum gradient component mag   8.4673e-02
Exit code = 1;  converg criter   1.0000e-01
Var   Value    Gradient   |Var   Value    Gradient   |Var   Value    Gradient
  1  0.23762 -1.04939e-02 |  2  0.20269 -2.21635e-03 |  3  0.14888  1.40967e-04
  4  0.10600 -3.25535e-03 |  5  0.07436  2.48531e-04 |  6  0.05088  3.28675e-03
  7  0.03299  5.47390e-03 |  8  0.01905 -8.40887e-04 |  9  0.00803  3.43741e-03
 10 -0.00069 -1.87419e-03 | 11 -0.00753 -5.21272e-04 | 12 -0.01274 -1.92510e-03
 13 -0.01652 -3.78407e-04 | 14 -0.01898 -2.06120e-04 | 15 -0.02020 -6.18276e-04
 16  0.07797  4.26173e-03 | 17  0.00191  1.65705e-02 | 18 -0.00543 -2.82198e-02
 19 -0.00794 -9.20385e-03 | 20 -0.00386 -3.07084e-03 | 21 -0.00858  4.50914e-03
 22 -0.00449 -8.65682e-04 | 23  0.00256  3.29995e-03 | 24 -0.00325  8.99106e-03
 25 -0.01458  2.35464e-03 | 26 -0.00361 -5.69067e-03 | 27  0.00576 -8.11072e-03
 28 -0.00818  6.53255e-03 | 29 -0.00255  4.44724e-02 | 30  0.00353 -2.08518e-02
 31  0.00532 -3.10447e-02 | 32  0.00759  3.81820e-03 | 33 -0.00064 -1.11158e-02
 34  0.00580 -8.51965e-03 | 35  0.00220 -5.15239e-03 | 36  0.00215 -1.17156e-02
 37  0.00333 -2.37404e-02 | 38 -0.00114  8.46729e-02 | 39  0.00464  2.83549e-02
 40  0.00162 -4.15114e-02 | 41 -0.00119 -2.88509e-02 | 42  0.00475 -6.22704e-03
 43  0.00418 -1.72052e-02 | 44  0.00040  1.77200e-02 | 45  0.00970  4.62803e-02
 46  0.10132  1.71481e-02 | 47 -0.06023 -7.37654e-02 | 48 -0.05228  2.19906e-02
 49 -0.04488  2.87266e-03 | 50 -0.03623  1.71244e-02 | 51 -0.03468  1.03672e-02
 52 -0.04243  2.87975e-03 | 53 -0.03189 -4.70584e-03 | 54 -0.00649 -1.98358e-02
 55 -0.00710  1.75615e-02 | 56 -0.00709 -4.20795e-03 | 57  0.01083  9.94957e-03
 58  0.01940  1.36257e-02 | 59  0.01870 -3.18890e-02 | 60  0.01195  1.28893e-02
 61  0.00900 -1.46801e-02 | 62  0.01126 -7.75682e-03 | 63  0.00917 -4.90542e-04
 64  0.01014  7.05597e-04 | 65  0.00869  1.28929e-02 | 66  0.01182  2.81814e-02
 67  0.01603  4.80677e-02 | 68  0.01513 -2.71138e-02 | 69  0.01893 -5.99416e-02
 70  0.02106 -2.75605e-02 | 71  0.01925 -3.72946e-03 | 72  0.01813  9.78384e-03
 73  0.02305  2.49108e-02 | 74  0.03528  3.14137e-02 | 75  0.03528 -1.24521e-03
 76 -0.01686  1.96665e-03 |
1 0 22930.8
B085061.4
0.3 0.433914
0.371926 0.377279
0.400914 0.358066
0.410154 0.352308
0.412858 0.350654
0.413629 0.350185
0.413847 0.350052
0.413909 0.350015
0.413926 0.350004
0.413931 0.350001
0.413933 0.35
0.413933 0.35
0.413933 0.35
0.413933 0.35
0.413933 0.35
0.413933 0.35
0.413933 0.35
0.413933 0.35
0.413933 0.35
0.413933 0.35
0.413933 0.35
FutMOrt0.160367
FutMOrt0.160367
FutMOrt0.160367
FutMOrt0.160367
FutMOrt0.160367
FutMOrt0.160367
FutMOrt0.160367
FutMOrt0.160367
FutMOrt0.160367
FutMOrt0.160367
2 0 22930.8

Initial statistics: 80 variables; iteration 0; function evaluation 0; phase 2
Function value   2.2930753e+04; maximum gradient component mag  -8.5384e+03
Var   Value    Gradient   |Var   Value    Gradient   |Var   Value    Gradient
  1 -0.80838  1.99004e+02 |  2 -0.48874  2.45506e+02 |  3  0.23762 -1.04939e-02
  4  0.20269 -2.21635e-03 |  5  0.14888  1.40967e-04 |  6  0.10600 -3.25535e-03
  7  0.07436  2.48531e-04 |  8  0.05088  3.28675e-03 |  9  0.03299  5.47390e-03
 10  0.01905 -8.40887e-04 | 11  0.00803  3.43741e-03 | 12 -0.00069 -1.87419e-03
 13 -0.00753 -5.21272e-04 | 14 -0.01274 -1.92510e-03 | 15 -0.01652 -3.78407e-04
 16 -0.01898 -2.06120e-04 | 17 -0.02020 -6.18276e-04 | 18  0.07797  4.26173e-03
 19  0.00191  1.63470e-02 | 20 -0.00543 -2.84433e-02 | 21 -0.00794 -9.42741e-03
 22 -0.00386 -3.29441e-03 | 23 -0.00858  4.28559e-03 | 24 -0.00449 -1.08925e-03
 25  0.00256  3.07638e-03 | 26 -0.00325  8.76749e-03 | 27 -0.01458  2.13113e-03
 28 -0.00361 -5.91424e-03 | 29  0.00576 -8.33429e-03 | 30 -0.00818  6.30899e-03
 31 -0.00255  4.42489e-02 | 32  0.00353 -2.10754e-02 | 33  0.00532 -3.12683e-02
 34  0.00759  3.59464e-03 | 35 -0.00064 -1.13393e-02 | 36  0.00580 -8.74322e-03
 37  0.00220 -5.37596e-03 | 38  0.00215 -1.19392e-02 | 39  0.00333 -2.39640e-02
 40 -0.00114  8.44493e-02 | 41  0.00464  2.81314e-02 | 42  0.00162 -4.17350e-02
 43 -0.00119 -2.90745e-02 | 44  0.00475 -6.45061e-03 | 45  0.00418 -1.74287e-02
 46  0.00040  1.74964e-02 | 47  0.00970  4.60568e-02 | 48  0.10132  1.71481e-02
 49 -0.06023 -7.33576e-02 | 50 -0.05228  2.23989e-02 | 51 -0.04488  3.28135e-03
 52 -0.03623  1.75334e-02 | 53 -0.03468  1.07763e-02 | 54 -0.04243  3.28855e-03
 55 -0.03189 -4.29665e-03 | 56 -0.00649 -1.94261e-02 | 57 -0.00710  1.79712e-02
 58 -0.00709 -3.79827e-03 | 59  0.01083  1.03592e-02 | 60  0.01940  1.40352e-02
 61  0.01870 -3.14795e-02 | 62  0.01195  1.32989e-02 | 63  0.00900 -1.42705e-02
 64  0.01126 -7.34718e-03 | 65  0.00917 -8.08817e-05 | 66  0.01014  1.11525e-03
 67  0.00869  1.33026e-02 | 68  0.01182  2.85910e-02 | 69  0.01603  4.84772e-02
 70  0.01513 -2.67042e-02 | 71  0.01893 -5.95321e-02 | 72  0.02106 -2.71510e-02
 73  0.01925 -3.31994e-03 | 74  0.01813  1.01934e-02 | 75  0.02305  2.53202e-02
 76  0.03528  3.18227e-02 | 77  0.03528 -8.36140e-04 | 78 -0.01686  1.96665e-03
 79 -0.56846 -8.53836e+03 | 80 -0.43696  4.49461e+03 |
2 0 22930.7
2 0 22930.5
2 0 22928.5
2 0 22910.2
2 0 22902.8
2 0 22888.5
2 0 22819
2 0 22971.8
2 0 22793
2 0 23179.9
2 0 22791.5
2 0 22789.3
2 0 22789
2 0 22788.3
2 0 22787.6
2 0 22786.7

Intermediate statistics: 80 variables; iteration 10; function evaluation 16; phase 2
Function value   2.2786729e+04; maximum gradient component mag  -1.9104e+04
Var   Value    Gradient   |Var   Value    Gradient   |Var   Value    Gradient
  1 -0.81872  1.82666e+02 |  2 -0.50086  1.89462e+02 |  3  0.23387 -6.36775e+00
  4  0.20287 -7.09776e+01 |  5  0.14952 -3.11453e+01 |  6  0.10636 -1.67034e+01
  7  0.07455 -8.91318e+00 |  8  0.05099 -5.39591e+00 |  9  0.03307 -3.66278e+00
 10  0.01910 -2.70502e+00 | 11  0.00807 -2.12170e+00 | 12 -0.00066 -1.75085e+00
 13 -0.00750 -1.50305e+00 | 14 -0.01272 -1.33750e+00 | 15 -0.01650 -1.22768e+00
 16 -0.01896 -1.16121e+00 | 17 -0.02018 -1.12880e+00 | 18  0.10462 -1.92697e+03
 19 -0.00320  5.35255e+02 | 20 -0.00644  6.07225e+01 | 21 -0.00831 -2.25531e+02
 22 -0.00373  1.57946e+02 | 23 -0.00856 -2.09155e+02 | 24 -0.00504  5.76085e+01
 25  0.00076 -3.72522e+02 | 26 -0.00353 -1.31566e+02 | 27 -0.01265  3.84531e+01
 28 -0.00419  7.15901e+01 | 29  0.00457 -3.21159e+02 | 30 -0.00712 -4.20350e+02
 31 -0.00124  2.85712e+02 | 32  0.00390  1.15015e+02 | 33  0.00608  5.93237e+02
 34  0.00893  1.14564e+03 | 35 -0.00035 -7.09455e+02 | 36  0.00631  2.31698e+02
 37  0.00254 -1.66315e+02 | 38  0.00241 -3.35654e+01 | 39  0.00378 -6.67526e+01
 40 -0.00038 -7.56186e+01 | 41  0.00476  8.43033e+00 | 42  0.00238 -1.03789e+02
 43 -0.00053  3.83107e+01 | 44  0.00501  1.86057e+02 | 45  0.00445  2.07187e+01
 46 -0.00011 -5.48968e+02 | 47  0.00948 -1.62337e+02 | 48  0.10165 -1.91036e+04
 49 -0.06037 -2.17853e+01 | 50 -0.05130  2.58656e+02 | 51 -0.04515 -1.68782e+02
 52 -0.03574 -1.29608e+02 | 53 -0.03452  4.98337e+01 | 54 -0.04214  7.09828e+02
 55 -0.03094  5.36954e+02 | 56 -0.00553 -6.09809e+01 | 57 -0.00713 -1.75388e+02
 58 -0.00744  4.93779e+02 | 59  0.01228  7.35098e+02 | 60  0.01959  1.35976e+01
 61  0.01772 -1.65312e+02 | 62  0.01100 -5.22621e+02 | 63  0.00623 -1.41500e+03
 64  0.01050 -7.32753e+02 | 65  0.00806 -3.88880e+02 | 66  0.00942 -2.09914e+02
 67  0.00844  1.65108e+01 | 68  0.01123 -1.80623e+01 | 69  0.01603 -7.87390e+01
 70  0.01449  4.27617e+01 | 71  0.01849 -1.44411e+01 | 72  0.02103 -1.15320e+02
 73  0.01839 -1.39371e+02 | 74  0.01771 -5.77039e+01 | 75  0.02421  4.22818e+02
 76  0.03902  2.48296e+02 | 77  0.03621  8.71262e+02 | 78  0.00741  1.33158e+03
 79 -0.54659  5.98631e+03 | 80 -0.45913 -2.14309e+03 |
2 0 22786.6
2 0 22786.4
2 0 22786
2 0 22785.4
2 0 22784.3
2 0 22782.4
2 0 22780.1
2 0 22779
2 0 22777.4
2 0 22775.8
80 variables; iteration 20; function evaluation 26; phase 2
Function value   2.2775840e+04; maximum gradient component mag  -1.6679e+04
Var   Value    Gradient   |Var   Value    Gradient   |Var   Value    Gradient
  1 -0.86155  6.26604e+01 |  2 -0.58714  1.49820e+02 |  3  0.23009 -3.81620e+02
  4  0.20071 -1.66640e+02 |  5  0.14940 -4.35263e+01 |  6  0.10744 -1.70383e+01
  7  0.07536 -1.13022e+01 |  8  0.05146 -7.64254e+00 |  9  0.03335 -5.18376e+00
 10  0.01930 -3.75891e+00 | 11  0.00822 -2.92069e+00 | 12 -0.00054 -2.39155e+00
 13 -0.00740 -2.04643e+00 | 14 -0.01263 -1.81630e+00 | 15 -0.01642 -1.66655e+00
 16 -0.01889 -1.57555e+00 | 17 -0.02011 -1.52984e+00 | 18  0.10817 -1.43832e+03
 19 -0.00319  8.79132e+02 | 20 -0.00600  2.46763e+01 | 21 -0.00754 -2.68959e+02
 22 -0.00298  7.11418e+01 | 23 -0.00787 -1.32088e+02 | 24 -0.00513  7.79764e+01
 25  0.00090  3.14394e+02 | 26 -0.00598 -5.39618e+02 | 27 -0.01597 -7.73429e+02
 28 -0.00603 -2.80450e+02 | 29  0.00323 -6.55991e+02 | 30 -0.00749 -1.17581e+02
 31 -0.00175  4.51824e+00 | 32  0.00384  4.21252e+02 | 33  0.00447  1.83450e+02
 34  0.00786  1.22711e+03 | 35 -0.00092 -8.44869e+02 | 36  0.00625  8.09982e+01
 37  0.00317 -7.66797e+01 | 38  0.00329  1.16017e+02 | 39  0.00489  1.54739e+02
 40  0.00114  1.74982e+02 | 41  0.00605  2.52178e+02 | 42  0.00300 -1.03677e+01
 43 -0.00071 -7.53085e+00 | 44  0.00453  7.74377e+01 | 45  0.00469  6.63797e+01
 46  0.00122 -5.54752e+02 | 47  0.01300  1.30721e+02 | 48  0.09984 -1.66792e+04
 49 -0.06111 -3.90847e+02 | 50 -0.05155  1.80514e+02 | 51 -0.04494  7.13211e+01
 52 -0.03483  4.05055e+02 | 53 -0.03425  1.39118e+02 | 54 -0.04177  2.63437e+02
 55 -0.03095  2.87438e+01 | 56 -0.00591 -2.27231e+02 | 57 -0.00744  2.48758e+00
 58 -0.00704  8.95193e+02 | 59  0.01146  4.25187e+02 | 60  0.01996  1.86371e+02
 61  0.01806 -2.87156e+02 | 62  0.01070 -6.03681e+02 | 63  0.00539 -1.77350e+03
 64  0.01018 -8.59749e+02 | 65  0.00820 -2.14527e+02 | 66  0.00986  8.33628e+01
 67  0.00879  2.04430e+02 | 68  0.01110 -4.96054e+01 | 69  0.01632 -6.67468e+01
 70  0.01505  4.99118e+01 | 71  0.01893 -4.14742e+00 | 72  0.02119 -1.14338e+02
 73  0.01814 -1.89211e+02 | 74  0.01713 -1.57707e+02 | 75  0.02369  5.73662e+02
 76  0.03888  5.36723e+02 | 77  0.03637  7.55649e+02 | 78 -0.00675  1.23657e+03
 79 -0.54585  4.78124e+03 | 80 -0.45566 -1.53855e+03 |
2 0 22773.2
2 0 22771.1
2 0 22771.7
2 0 22770.1
2 0 22771
2 0 22769.9
2 0 22769.6
2 0 22768.9
2 0 22768.2
2 0 22768.8
2 0 22768
2 0 22767.8
2 0 22767.6
80 variables; iteration 30; function evaluation 39; phase 2
Function value   2.2767643e+04; maximum gradient component mag  -1.6457e+04
Var   Value    Gradient   |Var   Value    Gradient   |Var   Value    Gradient
  1 -0.87367  1.42947e+01 |  2 -0.66647  8.21617e+01 |  3  0.22924 -4.08898e+02
  4  0.19840 -2.50891e+02 |  5  0.14740 -5.95990e+01 |  6  0.10622 -2.17962e+01
  7  0.07534 -9.28744e+00 |  8  0.05172 -6.90212e+00 |  9  0.03353 -5.52708e+00
 10  0.01939 -4.17992e+00 | 11  0.00827 -3.22668e+00 | 12 -0.00051 -2.62660e+00
 13 -0.00738 -2.23834e+00 | 14 -0.01262 -1.98501e+00 | 15 -0.01641 -1.81995e+00
 16 -0.01888 -1.72087e+00 | 17 -0.02010 -1.67159e+00 | 18  0.10402 -1.08708e+03
 19 -0.00304  1.09237e+03 | 20 -0.00703 -3.44154e+02 | 21 -0.00743 -4.46197e+01
 22 -0.00369 -2.34233e+02 | 23 -0.00822 -1.71581e+01 | 24 -0.00596 -4.19434e+01
 25  0.00067  1.75825e+02 | 26 -0.00500 -4.84939e+02 | 27 -0.01468 -5.15431e+02
 28 -0.00573 -2.61120e+02 | 29  0.00315 -8.48379e+02 | 30 -0.00721 -1.72948e+02
 31 -0.00084  3.32290e+02 | 32  0.00450  8.49123e+02 | 33  0.00402  1.28587e+02
 34  0.00816  1.29287e+03 | 35 -0.00035 -7.08604e+02 | 36  0.00579 -1.26639e+02
 37  0.00281 -9.35139e+01 | 38  0.00235  8.70004e+01 | 39  0.00345 -4.98803e+01
 40 -0.00000  1.83715e+01 | 41  0.00543  2.06272e+02 | 42  0.00297 -8.45819e+00
 43 -0.00039  1.39488e+02 | 44  0.00469  1.87730e+02 | 45  0.00458  6.56575e+01
 46  0.00137 -5.06274e+02 | 47  0.01574 -5.01048e+01 | 48  0.09797 -1.64570e+04
 49 -0.06153 -4.12636e+02 | 50 -0.05132  1.67096e+02 | 51 -0.04451  2.74477e+02
 52 -0.03466  3.85160e+02 | 53 -0.03466 -1.77290e+01 | 54 -0.04190  4.13445e+02
 55 -0.03095  2.58640e+02 | 56 -0.00584 -2.23658e+02 | 57 -0.00674  1.40858e+02
 58 -0.00661  1.20595e+03 | 59  0.01168  7.68565e+02 | 60  0.02042  2.38265e+02
 61  0.01872 -4.18054e+02 | 62  0.01039 -8.34793e+02 | 63  0.00576 -1.73834e+03
 64  0.01103 -6.55732e+02 | 65  0.00891  1.36094e+02 | 66  0.01083  4.84357e+02
 67  0.00929  3.55135e+02 | 68  0.01113 -1.55913e+01 | 69  0.01633 -4.49240e+01
 70  0.01507  7.35500e+01 | 71  0.01910  6.34451e+01 | 72  0.02157 -1.02610e+02
 73  0.01871 -1.25719e+02 | 74  0.01754 -9.47279e+01 | 75  0.02254  2.43360e+02
 76  0.03720  5.40455e+02 | 77  0.03507  8.16829e+02 | 78 -0.01832  1.36744e+03
 79 -0.55534  4.19036e+03 | 80 -0.47202 -1.60437e+03 |
2 0 22767.1
2 0 22766.5
2 0 22765.6
2 0 22784.6
2 0 22765.5
2 0 22765.5
2 0 22765.5
2 0 22765.5
2 0 22765.5
2 0 22765.5
2 0 22765.5
2 0 22765.5
80 variables; iteration 40; function evaluation 51; phase 2
Function value   2.2765547e+04; maximum gradient component mag  -1.6418e+04
Var   Value    Gradient   |Var   Value    Gradient   |Var   Value    Gradient
  1 -0.85953  5.13169e+00 |  2 -0.69042  4.74848e+01 |  3  0.22919 -4.18173e+02
  4  0.19849 -2.41243e+02 |  5  0.14765 -5.49839e+01 |  6  0.10594 -2.01267e+01
  7  0.07417 -1.36854e+01 |  8  0.05097 -7.35879e+00 |  9  0.03334 -4.10725e+00
 10  0.01936 -3.56056e+00 | 11  0.00824 -3.10225e+00 | 12 -0.00055 -2.58158e+00
 13 -0.00742 -2.18939e+00 | 14 -0.01266 -1.93266e+00 | 15 -0.01645 -1.76818e+00
 16 -0.01892 -1.67082e+00 | 17 -0.02014 -1.62139e+00 | 18  0.10548 -9.06064e+02
 19 -0.00337  1.04931e+03 | 20 -0.00708 -3.24529e+02 | 21 -0.00721 -2.08662e+01
 22 -0.00350 -1.87137e+02 | 23 -0.00815 -7.48196e+00 | 24 -0.00591 -2.44821e+01
 25  0.00082  2.07329e+02 | 26 -0.00481 -4.79271e+02 | 27 -0.01440 -4.63509e+02
 28 -0.00554 -2.47896e+02 | 29  0.00305 -8.74614e+02 | 30 -0.00734 -1.54575e+02
 31 -0.00104  3.01778e+02 | 32  0.00438  7.75289e+02 | 33  0.00391  1.38541e+02
 34  0.00805  1.28684e+03 | 35 -0.00061 -7.43217e+02 | 36  0.00542 -2.06600e+02
 37  0.00289 -8.17751e+01 | 38  0.00295  2.06820e+02 | 39  0.00425  1.03302e+02
 40  0.00050  8.86052e+01 | 41  0.00550  2.15022e+02 | 42  0.00268 -5.47030e+01
 43 -0.00063  9.45112e+01 | 44  0.00472  2.07905e+02 | 45  0.00453  8.56832e+01
 46  0.00093 -5.78429e+02 | 47  0.01533 -9.03702e+01 | 48  0.09807 -1.64181e+04
 49 -0.06188 -5.00625e+02 | 50 -0.05122  2.08585e+02 | 51 -0.04452  2.55939e+02
 52 -0.03468  3.54776e+02 | 53 -0.03476 -6.34743e+01 | 54 -0.04193  4.08670e+02
 55 -0.03106  2.46223e+02 | 56 -0.00593 -2.81184e+02 | 57 -0.00650  2.01858e+02
 58 -0.00662  1.20737e+03 | 59  0.01166  7.31219e+02 | 60  0.02024  1.66710e+02
 61  0.01886 -3.23710e+02 | 62  0.01031 -8.37366e+02 | 63  0.00584 -1.70457e+03
 64  0.01109 -6.16992e+02 | 65  0.00860  9.37373e+01 | 66  0.01064  4.77283e+02
 67  0.00925  3.37170e+02 | 68  0.01131 -8.13475e+00 | 69  0.01655 -2.40467e+01
 70  0.01527  1.06074e+02 | 71  0.01903  4.06742e+01 | 72  0.02138 -1.37201e+02
 73  0.01877 -9.96436e+01 | 74  0.01772 -6.50605e+01 | 75  0.02251  2.44934e+02
 76  0.03693  5.19494e+02 | 77  0.03553  8.14914e+02 | 78 -0.01769  1.46579e+03
 79 -0.55374  3.72911e+03 | 80 -0.46893 -1.36733e+03 |
2 0 22765.5
2 0 22765.5
2 0 22765.5
2 0 22765.5
2 0 22765.5
2 0 22765.5
2 0 22765.5
2 0 22765.5
2 0 22765.5
2 0 22765.5
2 0 22765.5
2 0 22765.4
2 0 22765.4
80 variables; iteration 50; function evaluation 64; phase 2
Function value   2.2765518e+04; maximum gradient component mag  -1.6411e+04
Var   Value    Gradient   |Var   Value    Gradient   |Var   Value    Gradient
  1 -0.85930  5.09832e+00 |  2 -0.69059  4.72719e+01 |  3  0.22922 -4.12740e+02
  4  0.19852 -2.39644e+02 |  5  0.14803 -5.39068e+01 |  6  0.10676 -1.80449e+01
  7  0.07509 -9.93216e+00 |  8  0.05104 -7.87555e+00 |  9  0.03277 -6.86299e+00
 10  0.01899 -3.83239e+00 | 11  0.00815 -2.38425e+00 | 12 -0.00055 -2.24766e+00
 13 -0.00742 -2.11720e+00 | 14 -0.01267 -1.90890e+00 | 15 -0.01646 -1.74206e+00
 16 -0.01893 -1.64069e+00 | 17 -0.02015 -1.59054e+00 | 18  0.10549 -9.07963e+02
 19 -0.00335  1.04092e+03 | 20 -0.00713 -3.33368e+02 | 21 -0.00723 -2.89900e+01
 22 -0.00349 -1.85336e+02 | 23 -0.00811  1.31364e+01 | 24 -0.00597 -5.62462e+01
 25  0.00074  1.90146e+02 | 26 -0.00482 -4.70068e+02 | 27 -0.01441 -4.69019e+02
 28 -0.00557 -2.60446e+02 | 29  0.00304 -8.71177e+02 | 30 -0.00734 -1.63931e+02
 31 -0.00096  3.12231e+02 | 32  0.00448  7.99659e+02 | 33  0.00395  1.31037e+02
 34  0.00800  1.28094e+03 | 35 -0.00065 -7.50641e+02 | 36  0.00543 -2.06653e+02
 37  0.00295 -7.06997e+01 | 38  0.00299  2.18269e+02 | 39  0.00425  1.03572e+02
 40  0.00047  7.75422e+01 | 41  0.00548  2.19428e+02 | 42  0.00265 -5.20366e+01
 43 -0.00067  8.45094e+01 | 44  0.00468  1.86327e+02 | 45  0.00453  8.59867e+01
 46  0.00093 -5.76256e+02 | 47  0.01533 -9.37083e+01 | 48  0.09807 -1.64114e+04
 49 -0.06189 -4.97322e+02 | 50 -0.05123  2.15265e+02 | 51 -0.04451  2.62855e+02
 52 -0.03465  3.53194e+02 | 53 -0.03472 -3.84330e+01 | 54 -0.04198  4.05065e+02
 55 -0.03107  2.43203e+02 | 56 -0.00592 -2.80086e+02 | 57 -0.00649  2.11777e+02
 58 -0.00663  1.20337e+03 | 59  0.01163  7.31100e+02 | 60  0.02026  1.78249e+02
 61  0.01891 -3.16643e+02 | 62  0.01040 -8.09514e+02 | 63  0.00583 -1.70607e+03
 64  0.01106 -6.24059e+02 | 65  0.00857  8.58274e+01 | 66  0.01067  4.81418e+02
 67  0.00926  3.28748e+02 | 68  0.01131 -1.68677e+01 | 69  0.01655 -2.91708e+01
 70  0.01525  8.89802e+01 | 71  0.01899  1.05788e+01 | 72  0.02135 -1.55629e+02
 73  0.01877 -9.25682e+01 | 74  0.01772 -5.99373e+01 | 75  0.02253  2.50403e+02
 76  0.03690  5.15467e+02 | 77  0.03550  8.14606e+02 | 78 -0.01767  1.46448e+03
 79 -0.55373  3.72592e+03 | 80 -0.46891 -1.36458e+03 |
2 0 22765.4
2 0 22765.4
2 0 22765.4
2 0 22765.4
2 0 22765.4
2 0 22765.4
2 0 22765.3
2 0 22765.2
2 0 22765.2
2 0 22765.1
2 0 22765.1
2 0 22765
2 0 22764.6
80 variables; iteration 60; function evaluation 77; phase 2
Function value   2.2764682e+04; maximum gradient component mag  -1.5909e+04
Var   Value    Gradient   |Var   Value    Gradient   |Var   Value    Gradient
  1 -0.85652  4.80881e+00 |  2 -0.69034  4.47237e+01 |  3  0.22923 -4.17892e+02
  4  0.19962 -2.31611e+02 |  5  0.15247 -2.64546e+01 |  6  0.10911 -3.23379e+01
  7  0.08145  2.56786e+00 |  8  0.05894  9.73584e+00 |  9  0.03793  2.64110e+01
 10  0.01194 -1.84245e+01 | 11 -0.00686 -4.80519e+01 | 12 -0.01016 -6.02604e+00
 13 -0.01064  1.22237e+01 | 14 -0.01380  4.94193e+00 | 15 -0.01751 -6.84196e-01
 16 -0.02016 -1.80638e+00 | 17 -0.02146 -1.73719e+00 | 18  0.10549 -8.89671e+02
 19 -0.00252  1.05316e+03 | 20 -0.00664 -2.48765e+02 | 21 -0.00648  9.66266e+01
 22 -0.00316 -1.59170e+02 | 23 -0.00786  5.12966e+01 | 24 -0.00580 -1.48103e+01
 25  0.00060  1.47263e+02 | 26 -0.00488 -4.45604e+02 | 27 -0.01449 -4.87943e+02
 28 -0.00539 -2.21478e+02 | 29  0.00316 -8.29985e+02 | 30 -0.00720 -1.51936e+02
 31 -0.00082  3.34104e+02 | 32  0.00437  7.66990e+02 | 33  0.00385  1.33432e+02
 34  0.00802  1.25756e+03 | 35 -0.00080 -7.63990e+02 | 36  0.00558 -1.53628e+02
 37  0.00265 -1.22757e+02 | 38  0.00261  1.78633e+02 | 39  0.00407  1.30898e+02
 40  0.00008 -4.47514e+01 | 41  0.00533  2.59581e+02 | 42  0.00211 -1.96348e+02
 43 -0.00084  1.06915e+02 | 44  0.00421  1.02001e+02 | 45  0.00434  4.61455e+01
 46  0.00081 -5.62596e+02 | 47  0.01529 -1.09905e+02 | 48  0.09817 -1.59085e+04
 49 -0.06204 -5.38092e+02 | 50 -0.05088  2.91290e+02 | 51 -0.04445  2.69101e+02
 52 -0.03455  3.84962e+02 | 53 -0.03441  4.49587e+01 | 54 -0.04204  3.87585e+02
 55 -0.03102  2.42149e+02 | 56 -0.00606 -3.29792e+02 | 57 -0.00631  2.44476e+02
 58 -0.00671  1.14265e+03 | 59  0.01156  6.71797e+02 | 60  0.02043  2.03222e+02
 61  0.01894 -3.11257e+02 | 62  0.01026 -8.63315e+02 | 63  0.00612 -1.61845e+03
 64  0.01086 -6.81967e+02 | 65  0.00894  1.67576e+02 | 66  0.01070  4.78969e+02
 67  0.00908  2.54052e+02 | 68  0.01129 -8.27280e+01 | 69  0.01654 -1.46302e+01
 70  0.01540  1.09663e+02 | 71  0.01885  5.70544e+00 | 72  0.02160 -6.46664e+01
 73  0.01847 -1.65903e+02 | 74  0.01782 -6.15549e+00 | 75  0.02258  2.63000e+02
 76  0.03651  4.49802e+02 | 77  0.03486  7.88790e+02 | 78 -0.01681  1.42722e+03
 79 -0.55390  3.64915e+03 | 80 -0.46911 -1.33842e+03 |
2 0 22764.1
2 0 22765.9
2 0 22764
2 0 22763.9
2 0 22763.7
2 0 22763.4
2 0 22762.9
2 0 22762.6
2 0 22762.1
2 0 22760
2 0 22756.1
2 0 22774.1
2 0 22755.5
80 variables; iteration 70; function evaluation 90; phase 2
Function value   2.2755570e+04; maximum gradient component mag  -1.2318e+04
Var   Value    Gradient   |Var   Value    Gradient   |Var   Value    Gradient
  1 -0.84071  2.96846e+00 |  2 -0.68370  3.22909e+01 |  3  0.23075 -2.75745e+02
  4  0.20824 -5.33851e+01 |  5  0.15230 -2.98836e+01 |  6  0.10868 -2.69820e+01
  7  0.08092  3.93035e+01 |  8  0.04817 -3.96109e+01 |  9  0.03145  8.15408e+01
 10 -0.00682 -4.56826e+01 | 11 -0.03012 -3.39756e+01 | 12 -0.04249  3.12984e+01
 13 -0.06377 -9.33186e+01 | 14 -0.05644 -3.13725e+01 | 15 -0.03924  3.59613e+01
 16 -0.03228  2.39262e+01 | 17 -0.03181  4.01884e+00 | 18  0.10366 -8.45788e+02
 19 -0.00150  7.65852e+02 | 20 -0.00693 -1.32490e+02 | 21 -0.00786 -9.24154e+01
 22 -0.00384 -1.98977e+02 | 23 -0.00777  1.21704e+02 | 24 -0.00520  1.20554e+02
 25  0.00129  2.19666e+02 | 26 -0.00392 -2.54609e+02 | 27 -0.01395 -3.72885e+02
 28 -0.00581 -3.07192e+02 | 29  0.00289 -7.49936e+02 | 30 -0.00695 -1.25026e+02
 31 -0.00063  3.18492e+02 | 32  0.00416  6.41092e+02 | 33  0.00340 -1.32018e+01
 34  0.00718  8.96076e+02 | 35 -0.00113 -6.75215e+02 | 36  0.00509 -1.70023e+02
 37  0.00233 -1.22212e+02 | 38  0.00229  1.27790e+02 | 39  0.00410  1.44991e+02
 40  0.00030  6.19249e+01 | 41  0.00474  1.01039e+02 | 42  0.00214 -1.52951e+02
 43  0.00009  2.68194e+02 | 44  0.00518  2.90289e+02 | 45  0.00386 -1.14219e+02
 46  0.00102 -4.16144e+02 | 47  0.01560 -5.90959e+01 | 48  0.09927 -1.23178e+04
 49 -0.06111 -3.44591e+02 | 50 -0.05145  1.20338e+02 | 51 -0.04499  1.10003e+02
 52 -0.03492  2.39181e+02 | 53 -0.03428  1.88314e+01 | 54 -0.04193  3.68125e+02
 55 -0.03134  7.41167e+01 | 56 -0.00565 -2.77677e+02 | 57 -0.00638  1.61469e+02
 58 -0.00767  7.22537e+02 | 59  0.01121  4.51463e+02 | 60  0.02069  2.90775e+02
 61  0.01929 -9.77280e+01 | 62  0.01051 -6.58051e+02 | 63  0.00626 -1.29511e+03
 64  0.01118 -4.11451e+02 | 65  0.00868  1.13993e+02 | 66  0.01063  4.49576e+02
 67  0.00885  2.00582e+02 | 68  0.01113 -1.22580e+02 | 69  0.01701  1.18873e+02
 70  0.01506  6.35015e+01 | 71  0.01824 -1.29354e+02 | 72  0.02181  9.50010e+00
 73  0.01966  1.43431e+02 | 74  0.01743 -5.62322e+01 | 75  0.02232  1.84521e+02
 76  0.03624  3.51408e+02 | 77  0.03541  6.16344e+02 | 78 -0.01003  1.12598e+03
 79 -0.55598  2.90556e+03 | 80 -0.47184 -1.03942e+03 |
2 0 22754.4
2 0 22749.5
2 0 22790.4
2 0 22748.8
2 0 22747.6
2 0 22745.8
2 0 22743
2 0 22743.3
2 0 22741.7
2 0 22741.1
2 0 22740
2 0 22738.8
2 0 22740.5
2 0 22738.4
80 variables; iteration 80; function evaluation 104; phase 2
Function value   2.2738428e+04; maximum gradient component mag  -6.2387e+03
Var   Value    Gradient   |Var   Value    Gradient   |Var   Value    Gradient
  1 -0.80559 -1.38378e+00 |  2 -0.66854  1.72512e+01 |  3  0.23122 -6.48065e+01
  4  0.20288 -2.04108e+01 |  5  0.15719  5.54686e+01 |  6  0.11065  1.97450e+00
  7  0.07761 -1.14958e+01 |  8  0.05747  2.57335e+01 |  9  0.03642 -1.47009e+01
 10  0.02430  6.57204e+01 | 11 -0.00409 -5.14157e+01 | 12 -0.01523  2.37017e+01
 13 -0.03209  2.68801e+01 | 14 -0.05612 -5.10408e+01 | 15 -0.06419 -6.03853e+01
 16 -0.05352  1.12779e+02 | 17 -0.07640 -7.41407e+01 | 18  0.10004 -5.76896e+02
 19 -0.00465  1.78453e+02 | 20 -0.00690  3.81743e+01 | 21 -0.00785  4.88335e+01
 22 -0.00396 -8.95203e+01 | 23 -0.00847  1.20420e+01 | 24 -0.00559  8.85274e+00
 25  0.00152  1.90934e+02 | 26 -0.00227  3.95631e+01 | 27 -0.01281 -1.73875e+02
 28 -0.00517 -2.26089e+02 | 29  0.00424 -3.05598e+02 | 30 -0.00635 -7.17233e+01
 31 -0.00119  1.67911e+02 | 32  0.00333  2.08940e+02 | 33  0.00378 -6.54443e+01
 34  0.00707  4.39917e+02 | 35 -0.00093 -3.12173e+02 | 36  0.00497 -1.29192e+02
 37  0.00209 -6.44208e+01 | 38  0.00188  4.28128e+01 | 39  0.00369  4.57145e+01
 40 -0.00011  5.63209e+01 | 41  0.00465  6.50055e+01 | 42  0.00211 -6.37386e+01
 43 -0.00074  1.03291e+02 | 44  0.00458  9.10562e+01 | 45  0.00443 -9.61189e+00
 46  0.00215 -1.00074e+02 | 47  0.01658 -7.29074e+01 | 48  0.10118 -6.23868e+03
 49 -0.06029 -1.08476e+02 | 50 -0.05127  2.16016e+01 | 51 -0.04453 -5.47424e+00
 52 -0.03498  5.97673e+01 | 53 -0.03416 -2.08012e+00 | 54 -0.04257  1.30915e+02
 55 -0.03136 -2.10367e+01 | 56 -0.00537 -2.62955e+02 | 57 -0.00622 -1.29730e+00
 58 -0.00783  2.29091e+02 | 59  0.01142  1.22574e+02 | 60  0.02074  1.18666e+02
 61  0.01922  4.62683e+01 | 62  0.01162 -1.74038e+02 | 63  0.00769 -4.79794e+02
 64  0.01167 -1.48499e+02 | 65  0.00900  1.09857e+02 | 66  0.01066  2.75299e+02
 67  0.00897  1.19793e+02 | 68  0.01145 -8.05090e+01 | 69  0.01699  7.56551e+01
 70  0.01532  7.19142e+01 | 71  0.01892 -2.93628e+01 | 72  0.02192  4.00513e+01
 73  0.01938  1.21963e+02 | 74  0.01770  1.83806e+01 | 75  0.02222 -3.64733e+00
 76  0.03522  1.15334e+02 | 77  0.02918  2.76450e+02 | 78  0.00368  5.99038e+02
 79 -0.55970  1.07808e+03 | 80 -0.47652 -3.32944e+02 |
2 0 22737.7
2 0 22736.4
2 0 22730.1
2 0 22729.2
2 0 22729.4
2 0 22728.6
2 0 22728.2
2 0 22727.9
2 0 22727.8
2 0 22727.7
2 0 22727.6
2 0 22727.5
80 variables; iteration 90; function evaluation 116; phase 2
Function value   2.2727462e+04; maximum gradient component mag  -6.9544e+02
Var   Value    Gradient   |Var   Value    Gradient   |Var   Value    Gradient
  1 -0.73329 -4.68007e+01 |  2 -0.63050 -4.00315e+01 |  3  0.23955 -4.44750e+01
  4  0.20319 -9.25736e+00 |  5  0.14853 -4.48263e+00 |  6  0.10509 -1.48870e+00
  7  0.07293 -1.14326e+00 |  8  0.04912 -9.96881e-01 |  9  0.03110 -9.93144e-01
 10  0.01726 -1.50975e+00 | 11  0.00677  1.24668e+00 | 12 -0.00178 -1.13243e-01
 13 -0.00840  1.14904e+00 | 14 -0.01371  1.27737e+00 | 15 -0.01796  5.23192e-01
 16 -0.02104 -3.14480e+00 | 17 -0.02194  1.02965e+00 | 18  0.10394  2.98510e+01
 19 -0.00911  3.23773e+01 | 20 -0.00720 -6.40831e+00 | 21 -0.00824 -2.51765e+00
 22 -0.00407  2.92603e+00 | 23 -0.00895 -1.13758e+01 | 24 -0.00581 -2.80990e+00
 25  0.00120  7.80996e-01 | 26 -0.00216  2.75060e+00 | 27 -0.01229 -5.62481e+00
 28 -0.00409  9.32812e-01 | 29  0.00565  9.07297e+00 | 30 -0.00604 -9.73063e+00
 31 -0.00169 -5.41845e+00 | 32  0.00322 -1.13266e+01 | 33  0.00469  4.28649e+00
 34  0.00720  5.94043e+00 | 35 -0.00018  9.97711e+00 | 36  0.00562  2.48896e+00
 37  0.00238  1.68042e+00 | 38  0.00212 -8.49922e-01 | 39  0.00390 -2.76255e+00
 40 -0.00047 -2.44957e+00 | 41  0.00461 -1.08725e+00 | 42  0.00226  1.51568e+00
 43 -0.00100 -1.41486e+00 | 44  0.00470 -7.07480e-01 | 45  0.00507  3.71046e+00
 46  0.00309  3.82409e+00 | 47  0.01559 -2.06215e+01 | 48  0.11062 -6.95440e+02
 49 -0.05962 -5.02363e+00 | 50 -0.05125 -1.60927e+01 | 51 -0.04420 -1.79774e+01
 52 -0.03492 -2.69830e+01 | 53 -0.03416 -1.24258e+01 | 54 -0.04313  9.18641e-01
 55 -0.03161 -3.18149e-01 | 56 -0.00533 -2.16566e+01 | 57 -0.00638 -5.71870e+00
 58 -0.00802  1.82603e+00 | 59  0.01145 -1.03861e+01 | 60  0.02004 -1.73072e+01
 61  0.01830  1.06001e+00 | 62  0.01156  1.01794e+01 | 63  0.00772  1.39143e+01
 64  0.01136  6.22238e+00 | 65  0.00853  2.79900e+00 | 66  0.00984 -7.81681e+00
 67  0.00841 -1.20110e+00 | 68  0.01143  4.45218e+00 | 69  0.01628 -9.78075e+00
 70  0.01461 -3.16159e+00 | 71  0.01874 -4.93142e+00 | 72  0.02132 -8.63420e+00
 73  0.01844  3.59758e+00 | 74  0.01703  5.38059e+00 | 75  0.02179  4.91099e+00
 76  0.03578  4.61846e+01 | 77  0.03575  3.09292e+01 | 78  0.05714  2.31375e+02
 79 -0.54830 -2.04080e+02 | 80 -0.46190  1.18289e+02 |
2 0 22727.3
2 0 22727.2
2 0 22726.9
2 0 22726.7
2 0 22726.4
2 0 22726
2 0 22726
2 0 22725.7
2 0 22725.5
2 0 22725.3
2 0 22725
80 variables; iteration 100; function evaluation 127; phase 2
Function value   2.2725045e+04; maximum gradient component mag  -1.3134e+03
Var   Value    Gradient   |Var   Value    Gradient   |Var   Value    Gradient
  1 -0.71162  4.63774e+00 |  2 -0.49240  8.20312e+00 |  3  0.24832 -5.88836e+01
  4  0.20754 -1.16798e+01 |  5  0.15224 -5.50943e+00 |  6  0.10881 -1.75406e+00
  7  0.07663 -9.46312e-01 |  8  0.05272 -1.77565e+00 |  9  0.03483  4.91229e-03
 10  0.02086 -1.18378e+00 | 11  0.01015  7.52402e-01 | 12  0.00152  1.90259e-01
 13 -0.00525  8.41529e-01 | 14 -0.01063  1.12662e+00 | 15 -0.01490  5.66097e-01
 16 -0.01802 -3.05612e+00 | 17 -0.01899  7.74175e-01 | 18  0.10594  2.68430e+01
 19 -0.00952  3.68964e+01 | 20 -0.00728 -6.91785e+00 | 21 -0.00836 -4.42352e+00
 22 -0.00427  8.49441e-01 | 23 -0.00916 -1.08775e+01 | 24 -0.00574 -9.12385e-01
 25  0.00132  8.20352e+00 | 26 -0.00240  8.25160e-01 | 27 -0.01262 -1.52929e+01
 28 -0.00411 -1.92269e+00 | 29  0.00559  6.10878e+00 | 30 -0.00641 -2.16973e+01
 31 -0.00167  1.31591e+00 | 32  0.00360  6.07403e-01 | 33  0.00518  7.45384e+00
 34  0.00756  9.10542e+00 | 35  0.00001  3.05701e+00 | 36  0.00594 -1.04774e+00
 37  0.00254  3.30600e+00 | 38  0.00223  3.33485e+00 | 39  0.00401 -3.13049e+00
 40 -0.00045 -1.15526e+00 | 41  0.00472  3.58541e+00 | 42  0.00226  1.29424e+00
 43 -0.00082  7.49751e-02 | 44  0.00506  5.58858e+00 | 45  0.00525  5.52057e+00
 46  0.00308 -7.65741e+00 | 47  0.01444 -2.40114e+01 | 48  0.11824 -1.31340e+03
 49 -0.05908 -5.77034e+00 | 50 -0.05077 -9.51702e+00 | 51 -0.04380 -1.48704e+01
 52 -0.03456 -2.27553e+01 | 53 -0.03400 -9.35515e+00 | 54 -0.04293  8.22897e+00
 55 -0.03115 -4.21905e+00 | 56 -0.00497 -4.32249e+01 | 57 -0.00640 -1.61310e+01
 58 -0.00797  1.86663e-01 | 59  0.01160 -2.85337e+00 | 60  0.01982 -8.51701e+00
 61  0.01797  4.65120e+00 | 62  0.01119 -4.97633e+00 | 63  0.00743 -9.65808e-01
 64  0.01112 -7.35262e+00 | 65  0.00826  1.46285e+00 | 66  0.00965 -8.29388e+00
 67  0.00821 -2.13238e-01 | 68  0.01127  4.20307e+00 | 69  0.01611 -8.62616e+00
 70  0.01437 -3.14866e+00 | 71  0.01856 -7.69966e+00 | 72  0.02112 -7.24221e+00
 73  0.01814  1.86557e+00 | 74  0.01677  5.75520e-01 | 75  0.02165  1.02910e+01
 76  0.03617  6.06991e+01 | 77  0.03597  5.89416e+01 | 78  0.09131  3.02292e+02
 79 -0.53853 -2.32120e+02 | 80 -0.45133  1.31262e+02 |
2 0 22724.6
2 0 22728.2
2 0 22724.5
2 0 22724.4
2 0 22724.1
2 0 22723.9
2 0 22723.7
2 0 22723.6
2 0 22723.6
2 0 22723.6
2 0 22723.5
80 variables; iteration 110; function evaluation 138; phase 2
Function value   2.2723514e+04; maximum gradient component mag  -7.6949e+02
Var   Value    Gradient   |Var   Value    Gradient   |Var   Value    Gradient
  1 -0.63796  1.28741e+01 |  2 -0.42067  1.92875e+00 |  3  0.26364 -1.33307e+01
  4  0.21410 -2.76836e+00 |  5  0.15748 -7.34826e-01 |  6  0.11353 -2.74862e-01
  7  0.08107 -9.85213e-02 |  8  0.05695 -2.05438e-01 |  9  0.03863  1.51315e-01
 10  0.02432 -3.15915e-02 | 11  0.01302  7.42824e-02 | 12  0.00406  8.95458e-03
 13 -0.00296 -4.18145e-02 | 14 -0.00831  6.72712e-02 | 15 -0.01220  5.63677e-02
 16 -0.01476 -1.66608e-01 | 17 -0.01600  1.97429e-02 | 18  0.11007 -4.67788e+01
 19 -0.01117  1.29687e+01 | 20 -0.00748  2.06143e+00 | 21 -0.00857 -5.86820e+00
 22 -0.00458 -3.67996e+00 | 23 -0.00947 -4.43478e+00 | 24 -0.00570 -1.68211e+00
 25  0.00146  1.44720e+00 | 26 -0.00272 -4.24591e+00 | 27 -0.01303 -9.55094e+00
 28 -0.00416 -3.33226e+00 | 29  0.00546  6.38981e-01 | 30 -0.00691 -7.26146e+00
 31 -0.00164 -1.09731e+00 | 32  0.00420  4.13762e+00 | 33  0.00599  3.47747e+00
 34  0.00814  3.49100e+00 | 35  0.00031 -1.58969e+00 | 36  0.00645  2.59564e+00
 37  0.00277  3.11185e+00 | 38  0.00236  4.18914e+00 | 39  0.00417  3.25076e+00
 40 -0.00043  7.14285e-01 | 41  0.00487  4.92763e+00 | 42  0.00224  1.64655e+00
 43 -0.00058 -1.85433e-01 | 44  0.00563  4.10600e+00 | 45  0.00555  2.61636e+00
 46  0.00326 -3.39998e+00 | 47  0.01360 -9.03811e+00 | 48  0.13147 -7.69490e+02
 49 -0.05818  5.27139e+00 | 50 -0.04998  4.42143e+00 | 51 -0.04305  1.45203e+00
 52 -0.03390 -1.69271e+00 | 53 -0.03376 -4.00824e-01 | 54 -0.04262  5.89914e+00
 55 -0.03036  1.41950e+00 | 56 -0.00425 -1.19770e+01 | 57 -0.00634 -6.78775e-01
 58 -0.00779  1.90107e+00 | 59  0.01191 -5.17504e+00 | 60  0.01948 -5.13850e+00
 61  0.01735 -3.25161e+00 | 62  0.01059 -1.60558e+00 | 63  0.00699 -4.18697e+00
 64  0.01075 -4.43762e+00 | 65  0.00786 -2.84824e+00 | 66  0.00939 -7.23491e+00
 67  0.00791 -5.41422e+00 | 68  0.01107 -7.49061e+00 | 69  0.01589 -7.75459e+00
 70  0.01403 -5.12698e+00 | 71  0.01836 -7.05528e+00 | 72  0.02077 -4.48130e+00
 73  0.01765 -2.34765e+00 | 74  0.01636  4.18510e-01 | 75  0.02130  6.59471e+00
 76  0.03619  2.31995e+01 | 77  0.03617  3.59278e+01 | 78  0.13637  2.14212e+02
 79 -0.52293  6.27860e+01 | 80 -0.43587  5.38471e-01 |
2 0 22723.5
2 0 22723.5
2 0 22723.4
2 0 22723.4
2 0 22723.4
2 0 22723.4
2 0 22723.4
2 0 22723.4
2 0 22723.4
2 0 22723.4
80 variables; iteration 120; function evaluation 148; phase 2
Function value   2.2723422e+04; maximum gradient component mag  -9.5735e-01
Var   Value    Gradient   |Var   Value    Gradient   |Var   Value    Gradient
  1 -0.62203  2.90082e-02 |  2 -0.40918 -1.76027e-02 |  3  0.26790 -4.91583e-01
  4  0.21600 -1.71568e-01 |  5  0.15881 -3.53588e-02 |  6  0.11465 -1.04739e-02
  7  0.08204 -4.33502e-03 |  8  0.05782 -6.26222e-03 |  9  0.03937 -1.98598e-03
 10  0.02500  3.56370e-04 | 11  0.01365 -7.74570e-03 | 12  0.00467  3.34040e-03
 13 -0.00237  5.42850e-04 | 14 -0.00774 -6.67410e-04 | 15 -0.01162 -4.29760e-04
 16 -0.01416 -1.58737e-03 | 17 -0.01540 -8.61808e-04 | 18  0.11136  9.62319e-02
 19 -0.01160  6.12507e-01 | 20 -0.00747 -2.72822e-01 | 21 -0.00856 -2.30131e-01
 22 -0.00460 -1.80595e-01 | 23 -0.00951 -1.02583e-01 | 24 -0.00565 -1.49269e-01
 25  0.00154 -1.73249e-01 | 26 -0.00275  4.02844e-03 | 27 -0.01309  8.44690e-02
 28 -0.00415  5.29414e-04 | 29  0.00546 -6.50092e-02 | 30 -0.00703 -3.93655e-02
 31 -0.00164 -7.89178e-02 | 32  0.00434 -3.30669e-02 | 33  0.00620  6.90476e-02
 34  0.00829  9.87053e-02 | 35  0.00039  6.07043e-02 | 36  0.00657  5.23385e-02
 37  0.00280  4.54292e-02 | 38  0.00235  6.01780e-02 | 39  0.00417  2.93743e-02
 40 -0.00047 -4.34463e-02 | 41  0.00486  1.33988e-02 | 42  0.00220 -2.01050e-03
 43 -0.00054 -3.01275e-02 | 44  0.00575 -7.09766e-02 | 45  0.00561 -6.83736e-02
 46  0.00326 -9.43341e-03 | 47  0.01329  4.22067e-01 | 48  0.13523 -9.57346e-01
 49 -0.05798 -3.28947e-01 | 50 -0.04981 -2.51385e-02 | 51 -0.04288  1.52002e-01
 52 -0.03375  1.69504e-01 | 53 -0.03372  1.53537e-01 | 54 -0.04256  1.79237e-01
 55 -0.03017  1.44624e-01 | 56 -0.00408  7.90477e-02 | 57 -0.00633  1.02673e-01
 58 -0.00773  1.23159e-01 | 59  0.01199  6.64896e-02 | 60  0.01939  1.17337e-02
 61  0.01717 -3.86332e-02 | 62  0.01041 -6.96451e-02 | 63  0.00688 -6.43943e-02
 64  0.01064 -5.88159e-02 | 65  0.00776 -9.90640e-02 | 66  0.00933 -1.92423e-01
 67  0.00784 -2.66581e-01 | 68  0.01104 -3.15003e-01 | 69  0.01584 -3.01928e-01
 70  0.01395 -2.61359e-01 | 71  0.01831 -2.27229e-01 | 72  0.02067 -9.37979e-02
 73  0.01751  1.03177e-01 | 74  0.01626  3.00884e-01 | 75  0.02125  5.14347e-01
 76  0.03630  2.69629e-01 | 77  0.03630  4.61954e-02 | 78  0.14684  6.76849e-01
 79 -0.51906 -6.63388e-01 | 80 -0.43245  4.96029e-01 |
2 0 22723.4
2 0 22723.4
2 0 22723.4
2 0 22723.4
2 0 22723.4
2 0 22723.4
2 0 22723.4
2 0 22723.4
2 0 22723.4
2 0 22723.4

 - final statistics:
80 variables; iteration 130; function evaluation 158
Function value   2.2723e+04; maximum gradient component mag  -8.7354e-04
Exit code = 1;  converg criter   1.0000e-03
Var   Value    Gradient   |Var   Value    Gradient   |Var   Value    Gradient
  1 -0.62204  4.96702e-05 |  2 -0.40918  1.81907e-05 |  3  0.26789  5.98307e-05
  4  0.21599 -1.39922e-05 |  5  0.15880 -9.62966e-07 |  6  0.11464 -2.17393e-06
  7  0.08203 -1.26542e-06 |  8  0.05782  2.21774e-06 |  9  0.03937 -2.96094e-06
 10  0.02499 -1.35349e-06 | 11  0.01364 -1.50328e-06 | 12  0.00466 -2.36120e-06
 13 -0.00238 -2.94592e-06 | 14 -0.00774 -3.11511e-06 | 15 -0.01163 -2.23969e-06
 16 -0.01416  4.27509e-06 | 17 -0.01541 -1.12600e-06 | 18  0.11136 -2.36795e-06
 19 -0.01161  4.22735e-05 | 20 -0.00747 -1.30521e-05 | 21 -0.00856  6.39932e-05
 22 -0.00460  2.55580e-05 | 23 -0.00951 -4.16544e-05 | 24 -0.00565 -2.78530e-05
 25  0.00154  4.87961e-05 | 26 -0.00275 -1.67715e-05 | 27 -0.01309 -1.39885e-04
 28 -0.00415 -5.05016e-05 | 29  0.00546 -2.22980e-05 | 30 -0.00703 -2.88635e-05
 31 -0.00164 -2.84228e-05 | 32  0.00434  2.94458e-05 | 33  0.00620  3.03494e-05
 34  0.00829  8.86196e-05 | 35  0.00039  3.26244e-05 | 36  0.00657 -1.77171e-05
 37  0.00280 -1.32658e-04 | 38  0.00235 -7.88235e-05 | 39  0.00417  5.71867e-05
 40 -0.00047  1.32356e-04 | 41  0.00486  1.22154e-04 | 42  0.00220 -3.05268e-06
 43 -0.00054 -7.88881e-05 | 44  0.00575 -7.97993e-05 | 45  0.00561 -6.63783e-05
 46  0.00326 -8.44800e-06 | 47  0.01328  1.63944e-04 | 48  0.13523 -8.73544e-04
 49 -0.05798  1.31441e-04 | 50 -0.04981  3.79056e-05 | 51 -0.04288 -2.25341e-05
 52 -0.03375 -7.41732e-06 | 53 -0.03372 -5.06261e-05 | 54 -0.04256 -1.16629e-04
 55 -0.03017 -1.59220e-04 | 56 -0.00408 -1.04126e-04 | 57 -0.00633 -3.64228e-05
 58 -0.00773 -4.11386e-05 | 59  0.01199 -1.25994e-04 | 60  0.01939 -1.01887e-04
 61  0.01718 -3.51333e-05 | 62  0.01041  6.65857e-05 | 63  0.00688 -4.88360e-05
 64  0.01064 -1.94139e-04 | 65  0.00776 -1.70671e-04 | 66  0.00933  7.46370e-06
 67  0.00784  1.46363e-04 | 68  0.01104  1.42542e-04 | 69  0.01584  3.91604e-05
 70  0.01395 -4.48295e-05 | 71  0.01831 -2.28298e-05 | 72  0.02067  2.20290e-05
 73  0.01751  1.02012e-04 | 74  0.01626  2.32917e-04 | 75  0.02125  2.89030e-04
 76  0.03630  8.03065e-05 | 77  0.03630  4.60441e-05 | 78  0.14683  1.97532e-04
 79 -0.51907  1.52929e-05 | 80 -0.43245  1.08345e-05 |
2 0 22723.4
B012396.5
0.3 0.77731
0.666266 0.626414
1.19245 0.50407
1.71737 0.430703
2.11336 0.391719
2.36527 0.371601
2.51125 0.361226
2.5918 0.355851
2.63512 0.353055
2.65812 0.351596
2.67024 0.350835
2.67661 0.350437
2.67995 0.350228
2.6817 0.350119
2.68261 0.350062
2.68309 0.350033
2.68334 0.350017
2.68347 0.350009
2.68354 0.350005
2.68358 0.350002
2.68359 0.350002
Survey Bio24.4372
Survey len11110.9
CPUE37.5312
Catch3.71016
Catch len11522
initsmo_penal16.0696
F_pen2.89894
Rec_pen5.8418
M_pen0


Starting time: Mon Jun 18 08:00:39 2018
Finishing time: Mon Jun 18 08:01:04 2018
This run took: 0 hours, 0 minutes, 25 seconds.

