survYears 71 72 73 74 75 76 77 78 79 80 81 82 83 84 85 86 87 88 89 90 91 92 93 94 95 96 97 98 99
SurvLenYear 71 72 73 74 75 76 77 78 79 80 81 82 83 84 85 86 87 88 89 90 91 92 93 94 95 96 97 98 99
catchBiomass 5090.47 5486.73 6273.01 5378.91 6137.27 8932.13 10275.5 11963.1 18077.3 30276 42496.7 62947.3 82288.9 91069.4 112522 96732.8 96127.8 84392.2 88055.4 80888.4 82712.8 91479.6 100148 106735 117149 113834 112385 121184 159196
steep0.999
25
Out
1 0 41034.9

Initial statistics: 76 variables; iteration 0; function evaluation 0; phase 1
Function value   4.1034867e+04; maximum gradient component mag  -3.7001e+05
Var   Value    Gradient   |Var   Value    Gradient   |Var   Value    Gradient
  1  0.26861  4.84299e+03 |  2  0.24074  3.55103e+03 |  3  0.23574  4.43878e+03
  4  0.19279  1.91661e+03 |  5  0.18441  1.90495e+03 |  6  0.16523  1.24911e+03
  7  0.16682  1.54033e+03 |  8  0.13316  6.39535e+02 |  9  0.11656  4.62470e+02
 10  0.10739  4.52670e+02 | 11  0.08219  1.49276e+02 | 12  0.08064  2.94581e+02
 13  0.05648  7.80575e+01 | 14  0.04696  5.34407e-01 | 15  0.06793  2.34677e+02
 16 -0.01550 -2.44871e+03 | 17  0.00000 -2.20118e+04 | 18  0.00000 -3.77802e+03
 19  0.00000 -8.47067e+03 | 20  0.00000 -2.27632e+03 | 21  0.00000  1.28746e+03
 22  0.00000 -1.17702e+03 | 23  0.00000  2.18861e+03 | 24  0.00000  8.51631e+03
 25  0.00000  1.03085e+04 | 26  0.00000  8.20520e+03 | 27  0.00000  9.01506e+03
 28  0.00000  6.30308e+03 | 29  0.00000  4.03180e+03 | 30  0.00000  4.13866e+03
 31  0.00000 -1.58137e+03 | 32  0.00000 -2.37987e+01 | 33  0.00000 -1.44928e+03
 34  0.00000  8.58180e+02 | 35  0.00000 -1.54027e+02 | 36  0.00000  2.54711e+03
 37  0.00000  3.76858e+03 | 38  0.00000  4.25213e+03 | 39  0.00000  3.86722e+03
 40  0.00000  3.97338e+03 | 41  0.00000  2.12818e+03 | 42  0.00000  2.12903e+03
 43  0.00000  1.62204e+03 | 44  0.00000 -5.88011e+03 | 45  0.00000 -3.23381e+04
 46  0.10693 -3.70012e+05 | 47  0.00000  6.30081e+04 | 48  0.00000  5.93442e+04
 49  0.00000  5.62625e+04 | 50  0.00000  4.77663e+04 | 51  0.00000  4.08920e+04
 52  0.00000  3.51625e+04 | 53  0.00000  2.47959e+04 | 54  0.00000  1.16825e+04
 55  0.00000  9.85998e+02 | 56  0.00000 -7.39141e+03 | 57  0.00000 -1.48577e+04
 58  0.00000 -1.96002e+04 | 59  0.00000 -2.21007e+04 | 60  0.00000 -2.12446e+04
 61  0.00000 -1.86909e+04 | 62  0.00000 -1.74692e+04 | 63  0.00000 -1.63870e+04
 64  0.00000 -1.65167e+04 | 65  0.00000 -1.69433e+04 | 66  0.00000 -1.89881e+04
 67  0.00000 -2.15852e+04 | 68  0.00000 -2.39235e+04 | 69  0.00000 -2.54380e+04
 70  0.00000 -2.62503e+04 | 71  0.00000 -2.54184e+04 | 72  0.00000 -2.35684e+04
 73  0.00000 -1.84651e+04 | 74  0.00000 -2.31606e+03 | 75  0.00000  1.72549e+04
 76  0.01068  4.88472e+04 |
1 0 41034.8
1 0 41034.6
1 0 41032.6
1 0 41012.7
1 0 40814.4
1 0 38987.2
1 0 35222.1
1 0 32851.3
1 0 30573.7
1 0 28589.9
1 0 28526.2
1 0 27450.5
1 0 28410.9
1 0 27021.2
1 0 27158.8
1 0 26837.6
1 0 26625.6
1 0 26428.6

Intermediate statistics: 76 variables; iteration 10; function evaluation 18; phase 1
Function value   2.6428589e+04; maximum gradient component mag  -1.2831e+05
Var   Value    Gradient   |Var   Value    Gradient   |Var   Value    Gradient
  1  0.24780  1.87043e+02 |  2  0.23490  3.07277e+02 |  3  0.22425  4.80746e+02
  4  0.18794  1.69661e+02 |  5  0.17581  2.30203e+02 |  6  0.16084  1.44718e+02
  7  0.15660  2.42670e+02 |  8  0.13098  7.46558e+01 |  9  0.11459  5.76541e+01
 10  0.10331  8.67891e+01 | 11  0.08341 -5.58864e+00 | 12  0.07678  7.43312e+01
 13  0.05749 -1.77741e+01 | 14  0.05000 -5.47045e+01 | 15  0.06442  7.25915e+01
 16  0.22541 -6.13176e+02 | 17  0.29906  1.85289e+03 | 18 -0.05150 -3.12224e+03
 19 -0.03358 -4.78347e+03 | 20 -0.06861  4.33145e+03 | 21 -0.07659  2.21815e+03
 22 -0.06953 -2.58867e+03 | 23 -0.04740  1.95822e+03 | 24  0.00647  5.17825e+03
 25  0.12068  7.49707e+02 | 26  0.11736 -2.71551e+02 | 27  0.17078  6.08342e+02
 28  0.12476  4.41092e+01 | 29  0.06991 -1.73834e+02 | 30 -0.04014 -1.15640e+03
 31 -0.05790 -2.69951e+03 | 32 -0.02168  1.58114e+03 | 33 -0.03714 -1.04487e+03
 34 -0.02259  9.90462e+02 | 35 -0.03890 -1.65626e+03 | 36 -0.02010  1.83636e+03
 37 -0.02083  2.29165e+03 | 38 -0.01331  2.12654e+03 | 39 -0.02256  1.05161e+03
 40 -0.01693  1.23003e+03 | 41 -0.03574  3.70450e+02 | 42 -0.03032 -2.01981e+02
 43 -0.02858 -3.75433e+02 | 44 -0.06770 -3.21045e+03 | 45 -0.07425 -7.99687e+03
 46  0.15471 -1.28308e+05 | 47 -0.04907 -6.18739e+03 | 48 -0.08475 -4.62925e+03
 49 -0.01947  2.12573e+04 | 50 -0.02374  1.08650e+04 | 51 -0.02621  8.36128e+03
 52 -0.03227  1.12255e+04 | 53 -0.05399  6.27041e+03 | 54 -0.04171  3.29625e+03
 55 -0.02732  1.19126e+03 | 56 -0.02028 -1.08784e+03 | 57 -0.01323 -6.13509e+03
 58 -0.00775 -9.60385e+03 | 59  0.03427 -2.61145e+03 | 60  0.04924  1.09899e+03
 61 -0.02502 -3.27947e+03 | 62  0.02956 -2.42235e+03 | 63  0.00700 -3.08234e+03
 64  0.02678 -2.34894e+03 | 65  0.00464 -2.65715e+03 | 66  0.01533 -3.04041e+03
 67  0.00987 -5.37604e+03 | 68  0.02053 -5.70211e+03 | 69  0.01619 -6.15487e+03
 70  0.03538 -4.05273e+03 | 71  0.02185 -5.36642e+03 | 72  0.02532 -3.09777e+03
 73  0.06430  3.64043e+03 | 74  0.06349  3.53508e+03 | 75  0.00038  5.69143e+03
 76  0.24393  2.83165e+04 |
1 0 26240.5
1 0 25956.8
1 0 25739.4
1 0 25622.2
1 0 25531.8
1 0 25567.4
1 0 25494.3
1 0 25463
1 0 25504.4
1 0 25453.6
1 0 25446.3
1 0 25449.1
1 0 25443.2
76 variables; iteration 20; function evaluation 31; phase 1
Function value   2.5443240e+04; maximum gradient component mag  -4.0028e+04
Var   Value    Gradient   |Var   Value    Gradient   |Var   Value    Gradient
  1  0.29384  3.99788e+02 |  2  0.26538  4.70718e+02 |  3  0.24575  5.98398e+02
  4  0.20281  2.14904e+02 |  5  0.18152  1.90249e+02 |  6  0.16613  1.57807e+02
  7  0.15346  1.57499e+02 |  8  0.13379  8.59495e+01 |  9  0.11597  5.60228e+01
 10  0.10046  3.82128e+01 | 11  0.08723  3.88670e+01 | 12  0.07257  1.28849e+01
 13  0.06149 -3.74582e+00 | 14  0.05736 -2.61847e+00 | 15  0.05932  2.48336e+01
 16  0.32703  5.96809e+02 | 17  0.19428  1.43757e+03 | 18 -0.08686 -1.01441e+04
 19 -0.05090  1.79887e+03 | 20 -0.07000  2.65621e+03 | 21 -0.07228  5.32530e+03
 22 -0.07705 -4.19673e+03 | 23 -0.05767  5.19549e+03 | 24  0.07967 -6.11932e+02
 25  0.30348  1.16135e+03 | 26  0.26860 -6.63229e+02 | 27  0.34542  7.36611e+02
 28  0.23333 -2.82501e+02 | 29  0.15681  8.38596e+02 | 30 -0.08848 -2.75157e+03
 31 -0.09753 -1.09396e+04 | 32 -0.07593  3.43859e+03 | 33 -0.07180 -5.88598e+02
 34 -0.06912 -1.66206e+03 | 35 -0.06286 -9.55716e+02 | 36 -0.05785  2.41022e+03
 37 -0.03763  4.78143e+03 | 38 -0.03550  4.34822e+03 | 39 -0.05171  2.51938e+03
 40 -0.05543  1.59613e+02 | 41 -0.06913  1.05926e+03 | 42 -0.07924 -3.11841e+03
 43 -0.08325 -1.96733e+03 | 44 -0.10567 -5.21641e+03 | 45 -0.08532  3.92340e+03
 46  0.14885 -4.00275e+04 | 47 -0.04104  3.94562e+03 | 48 -0.15329 -8.63275e+03
 49 -0.03602  1.98845e+04 | 50 -0.04671  5.91735e+03 | 51 -0.04296  2.33611e+03
 52 -0.03910  6.47965e+03 | 53 -0.07440 -2.95443e+03 | 54 -0.03187  3.40866e+03
 55 -0.02031 -2.84456e+02 | 56 -0.01327 -2.77779e+03 | 57 -0.00408 -5.72594e+03
 58  0.00159 -8.13657e+03 | 59  0.05488  2.96549e+02 | 60  0.02456 -2.40554e+03
 61  0.03070  3.29265e+03 | 62  0.01699 -2.76291e+03 | 63  0.01680 -3.19473e+03
 64  0.01710 -2.69016e+03 | 65  0.01691 -2.09606e+03 | 66  0.00346 -5.20855e+03
 67  0.01464 -5.69969e+03 | 68  0.02830 -4.11489e+03 | 69  0.02429 -4.76508e+03
 70  0.04356 -2.49174e+02 | 71  0.03462 -2.53704e+03 | 72  0.04150  1.28195e+03
 73  0.06897  1.27131e+04 | 74  0.04354  2.05873e+03 | 75  0.01765  1.70185e+03
 76  0.16125  4.69335e+03 |
1 0 25440.7
1 0 25441.2
1 0 25439.6
1 0 25437.8
1 0 25435.6
1 0 25432.5
1 0 25431.7
1 0 25430.5
1 0 25430.3
1 0 25430
1 0 25429.4
76 variables; iteration 30; function evaluation 42; phase 1
Function value   2.5429473e+04; maximum gradient component mag  -3.8327e+04
Var   Value    Gradient   |Var   Value    Gradient   |Var   Value    Gradient
  1  0.28675  4.03664e+02 |  2  0.25358  4.14048e+02 |  3  0.22742  4.20006e+02
  4  0.19534  2.33629e+02 |  5  0.17382  1.77835e+02 |  6  0.15841  1.53827e+02
  7  0.14390  1.23843e+02 |  8  0.12890  9.57249e+01 |  9  0.11271  6.37371e+01
 10  0.09720  3.45612e+01 | 11  0.08562  4.74201e+01 | 12  0.07082  1.32663e+00
 13  0.06367  1.02131e+01 | 14  0.06027  2.36877e+01 | 15  0.05604  5.09955e+00
 16  0.32580  6.40130e+02 | 17  0.19031  1.42043e+03 | 18 -0.08668 -1.03381e+04
 19 -0.05178  1.48611e+03 | 20 -0.06794  2.88137e+03 | 21 -0.07113  5.39940e+03
 22 -0.07674 -4.20750e+03 | 23 -0.05831  5.05249e+03 | 24  0.07943 -7.27136e+02
 25  0.32679  1.23823e+03 | 26  0.29337 -4.85181e+02 | 27  0.33778  6.41706e+02
 28  0.21684 -3.52478e+02 | 29  0.14456  7.79749e+02 | 30 -0.08591 -2.32793e+03
 31 -0.09526 -1.11022e+04 | 32 -0.07277  3.98725e+03 | 33 -0.07036 -5.16115e+02
 34 -0.06781 -9.75625e+02 | 35 -0.06282 -9.98558e+02 | 36 -0.05812  2.53869e+03
 37 -0.03975  4.11506e+03 | 38 -0.03691  4.37342e+03 | 39 -0.05361  1.59379e+03
 40 -0.05476  6.38317e+02 | 41 -0.06772  1.84698e+03 | 42 -0.08007 -4.14965e+03
 43 -0.08304 -1.73003e+03 | 44 -0.11001 -5.07209e+03 | 45 -0.09429  3.92765e+03
 46  0.14981 -3.83270e+04 | 47 -0.04221  3.79001e+03 | 48 -0.15593 -8.76717e+03
 49 -0.03763  2.00809e+04 | 50 -0.04718  6.33296e+03 | 51 -0.04374  2.50545e+03
 52 -0.03895  7.02192e+03 | 53 -0.07717 -3.08303e+03 | 54 -0.03356  2.44975e+03
 55 -0.02146 -7.55461e+02 | 56 -0.01436 -3.20603e+03 | 57 -0.00468 -5.71064e+03
 58  0.00129 -7.84870e+03 | 59  0.05232  1.01734e+02 | 60  0.02212 -2.46705e+03
 61  0.03021  4.07042e+03 | 62  0.01753 -2.19904e+03 | 63  0.01632 -2.74091e+03
 64  0.01629 -2.71736e+03 | 65  0.01604 -2.22125e+03 | 66  0.00246 -5.47741e+03
 67  0.01464 -5.19077e+03 | 68  0.02744 -4.54019e+03 | 69  0.02304 -4.24215e+03
 70  0.04202 -6.70026e+02 | 71  0.03285 -3.39506e+03 | 72  0.04033  9.85932e+02
 73  0.07270  1.30738e+04 | 74  0.04984  2.09260e+03 | 75  0.03622  1.68869e+03
 76  0.15720  4.32530e+03 |
1 0 25428.6
1 0 25427.8
1 0 25429.7
1 0 25427.7
1 0 25427.5
1 0 25427.4
1 0 25427.1
1 0 25426.9
1 0 25426.5
1 0 25426.3
1 0 25426.2
76 variables; iteration 40; function evaluation 53; phase 1
Function value   2.5426291e+04; maximum gradient component mag  -3.8793e+04
Var   Value    Gradient   |Var   Value    Gradient   |Var   Value    Gradient
  1  0.27746  3.49019e+02 |  2  0.25017  4.10497e+02 |  3  0.22856  4.96107e+02
  4  0.18663  1.72287e+02 |  5  0.16444  1.48094e+02 |  6  0.14894  1.25669e+02
  7  0.13605  1.18350e+02 |  8  0.12000  7.41168e+01 |  9  0.10559  5.57279e+01
 10  0.09225  3.56933e+01 | 11  0.08165  3.92866e+01 | 12  0.06991  1.10477e+01
 13  0.06314  1.57308e+01 | 14  0.05875  1.80405e+01 | 15  0.05538  8.72651e+00
 16  0.32580  5.82514e+02 | 17  0.18818  1.38348e+03 | 18 -0.08710 -1.06061e+04
 19 -0.05180  1.55823e+03 | 20 -0.06899  2.69496e+03 | 21 -0.07264  5.21642e+03
 22 -0.07766 -4.39667e+03 | 23 -0.05846  5.07138e+03 | 24  0.08140 -7.77709e+02
 25  0.33575  1.27965e+03 | 26  0.29158 -5.76015e+02 | 27  0.33874  6.48415e+02
 28  0.21331 -4.03572e+02 | 29  0.14081  7.26705e+02 | 30 -0.08593 -2.53047e+03
 31 -0.09456 -1.07958e+04 | 32 -0.07274  3.98307e+03 | 33 -0.07044 -5.60441e+02
 34 -0.06765 -9.91193e+02 | 35 -0.06236 -9.70274e+02 | 36 -0.05746  2.75455e+03
 37 -0.03990  4.10214e+03 | 38 -0.03598  4.38179e+03 | 39 -0.05364  1.45114e+03
 40 -0.05523  7.25025e+02 | 41 -0.06845  1.63425e+03 | 42 -0.08072 -4.24691e+03
 43 -0.08314 -1.68417e+03 | 44 -0.10956 -5.22658e+03 | 45 -0.09303  3.94653e+03
 46  0.14983 -3.87927e+04 | 47 -0.04215  3.82892e+03 | 48 -0.15615 -8.68490e+03
 49 -0.03739  1.98780e+04 | 50 -0.04655  6.41045e+03 | 51 -0.04407  2.49647e+03
 52 -0.03902  7.07634e+03 | 53 -0.07734 -3.02906e+03 | 54 -0.03353  2.50084e+03
 55 -0.02147 -7.50067e+02 | 56 -0.01416 -3.01394e+03 | 57 -0.00463 -5.65704e+03
 58  0.00116 -7.95125e+03 | 59  0.05217  1.90645e+02 | 60  0.02201 -2.33121e+03
 61  0.03071  4.30030e+03 | 62  0.01730 -2.18924e+03 | 63  0.01614 -2.69734e+03
 64  0.01608 -2.64658e+03 | 65  0.01611 -2.09106e+03 | 66  0.00283 -5.51069e+03
 67  0.01370 -5.55334e+03 | 68  0.02780 -4.29189e+03 | 69  0.02396 -3.78461e+03
 70  0.04228 -5.37035e+02 | 71  0.03318 -3.14013e+03 | 72  0.04019  1.13935e+03
 73  0.07204  1.31057e+04 | 74  0.04863  2.07608e+03 | 75  0.03986  1.80725e+03
 76  0.15693  4.15891e+03 |
1 0 25426.1
1 0 25426
1 0 25425.7
1 0 25425.2
1 0 25424.7
1 0 25424.7
1 0 25424.4
1 0 25424.5
1 0 25424.3
1 0 25424.1
1 0 25423.8
1 0 25423.3
76 variables; iteration 50; function evaluation 65; phase 1
Function value   2.5423354e+04; maximum gradient component mag  -3.8636e+04
Var   Value    Gradient   |Var   Value    Gradient   |Var   Value    Gradient
  1  0.27746  3.74188e+02 |  2  0.24602  3.85032e+02 |  3  0.22348  4.61587e+02
  4  0.18373  1.81490e+02 |  5  0.15946  1.42891e+02 |  6  0.14025  1.03827e+02
  7  0.12477  9.10674e+01 |  8  0.10834  5.90567e+01 |  9  0.09338  3.69073e+01
 10  0.08149  2.06906e+01 | 11  0.07444  4.21280e+01 | 12  0.06417  9.18197e+00
 13  0.05873  1.37583e+01 | 14  0.05590  2.09772e+01 | 15  0.05307  1.04088e+01
 16  0.32567  5.68850e+02 | 17  0.18461  1.41568e+03 | 18 -0.08702 -1.05007e+04
 19 -0.05172  1.57840e+03 | 20 -0.06887  2.83418e+03 | 21 -0.07294  5.25237e+03
 22 -0.07774 -4.32121e+03 | 23 -0.05834  5.11986e+03 | 24  0.08156 -7.04255e+02
 25  0.33168  1.28664e+03 | 26  0.29283 -5.04155e+02 | 27  0.33999  6.84190e+02
 28  0.21610 -3.51578e+02 | 29  0.14465  8.05942e+02 | 30 -0.08599 -2.38307e+03
 31 -0.09504 -1.09379e+04 | 32 -0.07305  3.99798e+03 | 33 -0.07089 -5.81324e+02
 34 -0.06746 -8.68226e+02 | 35 -0.06217 -9.18615e+02 | 36 -0.05693  2.75640e+03
 37 -0.03943  4.33662e+03 | 38 -0.03586  4.33725e+03 | 39 -0.05368  1.38321e+03
 40 -0.05469  9.55163e+02 | 41 -0.06897  1.58022e+03 | 42 -0.08066 -4.10539e+03
 43 -0.08320 -1.79455e+03 | 44 -0.10957 -5.17307e+03 | 45 -0.09286  4.03281e+03
 46  0.14977 -3.86359e+04 | 47 -0.04202  3.75241e+03 | 48 -0.15604 -8.68301e+03
 49 -0.03718  1.99310e+04 | 50 -0.04593  6.58605e+03 | 51 -0.04403  2.50036e+03
 52 -0.03900  7.04744e+03 | 53 -0.07706 -2.99843e+03 | 54 -0.03333  2.62341e+03
 55 -0.02128 -6.22550e+02 | 56 -0.01423 -3.12018e+03 | 57 -0.00465 -5.72002e+03
 58  0.00133 -7.85071e+03 | 59  0.05255  2.42117e+02 | 60  0.02233 -2.36024e+03
 61  0.03104  4.35022e+03 | 62  0.01777 -2.10224e+03 | 63  0.01572 -2.74193e+03
 64  0.01629 -2.67009e+03 | 65  0.01582 -2.13414e+03 | 66  0.00351 -5.41044e+03
 67  0.01349 -5.81575e+03 | 68  0.02793 -4.30191e+03 | 69  0.02399 -3.67359e+03
 70  0.04302 -4.45930e+02 | 71  0.03273 -3.24367e+03 | 72  0.04029  1.02432e+03
 73  0.07234  1.32045e+04 | 74  0.04865  2.09199e+03 | 75  0.03608  1.78827e+03
 76  0.15763  4.17854e+03 |
1 0 25422.7
1 0 25425.3
1 0 25422.5
1 0 25422.3
1 0 25421
1 0 25418.3
1 0 25418.4
1 0 25417
1 0 25415.7
1 0 25413.7
1 0 25410.3
1 0 25408.8
1 0 25406.7
76 variables; iteration 60; function evaluation 78; phase 1
Function value   2.5406752e+04; maximum gradient component mag  -3.9865e+04
Var   Value    Gradient   |Var   Value    Gradient   |Var   Value    Gradient
  1  0.27767  3.56272e+02 |  2  0.25033  4.08702e+02 |  3  0.23303  5.52591e+02
  4  0.19440  2.50780e+02 |  5  0.16598  1.37366e+02 |  6  0.15088  1.62698e+02
  7  0.12956  1.44312e+02 |  8  0.09317  3.07368e+01 |  9  0.06103  3.77609e-01
 10  0.03543 -1.51856e+01 | 11  0.01809 -2.69137e+01 | 12  0.01132 -2.60381e+01
 13  0.01450  7.43646e+00 | 14  0.01776  7.81493e+00 | 15  0.02119  2.05211e+01
 16  0.32489  3.66840e+02 | 17  0.18693  1.45649e+03 | 18 -0.08664 -1.03605e+04
 19 -0.05208  1.47113e+03 | 20 -0.06928  2.61045e+03 | 21 -0.07250  5.74982e+03
 22 -0.07751 -4.54935e+03 | 23 -0.05763  5.25381e+03 | 24  0.08172 -6.99868e+02
 25  0.33654  1.33638e+03 | 26  0.29624 -4.26956e+02 | 27  0.33211  6.50437e+02
 28  0.21239 -3.18399e+02 | 29  0.14403  8.45604e+02 | 30 -0.08503 -2.16249e+03
 31 -0.09399 -1.06727e+04 | 32 -0.07314  3.60155e+03 | 33 -0.07099 -5.86153e+02
 34 -0.06778 -7.50631e+02 | 35 -0.06556 -1.68657e+03 | 36 -0.05796  2.67422e+03
 37 -0.04032  4.22310e+03 | 38 -0.03516  4.44690e+03 | 39 -0.05346  1.44596e+03
 40 -0.05342  1.17691e+03 | 41 -0.06775  1.66396e+03 | 42 -0.08143 -4.30497e+03
 43 -0.08310 -1.68980e+03 | 44 -0.10875 -5.13878e+03 | 45 -0.09222  3.97106e+03
 46  0.15001 -3.98647e+04 | 47 -0.04235  3.75327e+03 | 48 -0.15579 -8.62696e+03
 49 -0.03735  2.00272e+04 | 50 -0.04594  6.78108e+03 | 51 -0.04568  1.87351e+03
 52 -0.03974  6.76583e+03 | 53 -0.07681 -3.03026e+03 | 54 -0.03363  2.56942e+03
 55 -0.02137 -4.91873e+02 | 56 -0.01468 -3.31733e+03 | 57 -0.00415 -5.04484e+03
 58  0.00066 -8.23401e+03 | 59  0.05178  1.87760e+02 | 60  0.02169 -2.44867e+03
 61  0.03056  4.25356e+03 | 62  0.01820 -1.80189e+03 | 63  0.01576 -2.55042e+03
 64  0.01854 -2.24136e+03 | 65  0.01354 -2.29266e+03 | 66  0.00347 -5.34480e+03
 67  0.01248 -5.98356e+03 | 68  0.02771 -4.32980e+03 | 69  0.02278 -3.81074e+03
 70  0.04216 -5.50167e+02 | 71  0.03460 -2.82697e+03 | 72  0.03884  9.00803e+02
 73  0.07139  1.30467e+04 | 74  0.04812  2.10168e+03 | 75  0.04535  1.90218e+03
 76  0.15649  4.31923e+03 |
1 0 25402.8
1 0 25397
1 0 25387
1 0 25378.9
1 0 25363.9
1 0 25337.2
1 0 25293.7
1 0 25225.1
1 0 25106.8
1 0 24889.2
76 variables; iteration 70; function evaluation 88; phase 1
Function value   2.4889265e+04; maximum gradient component mag  -3.7161e+04
Var   Value    Gradient   |Var   Value    Gradient   |Var   Value    Gradient
  1  0.25029  2.10022e+02 |  2  0.23994  4.48962e+02 |  3  0.21231  4.17943e+02
  4  0.16474  2.48524e+01 |  5  0.16272  2.22721e+02 |  6  0.14977  1.60167e+02
  7  0.13633  2.38394e+02 |  8  0.08811  9.41082e+01 |  9  0.02526 -1.34780e+02
 10  0.00635 -5.82110e+01 | 11  0.00702  7.42933e+01 | 12 -0.01245  9.96394e+01
 13 -0.06055  2.34369e+02 | 14 -0.18113 -5.84314e+01 | 15 -0.28838 -2.99288e+02
 16  0.31754  1.79367e+02 | 17  0.16838  1.36512e+03 | 18 -0.08385 -8.64154e+03
 19 -0.05523  4.26543e+02 | 20 -0.06706  2.38291e+03 | 21 -0.07046  4.96243e+03
 22 -0.07353 -3.44132e+03 | 23 -0.05510  4.97607e+03 | 24  0.08046 -6.14501e+02
 25  0.31687  1.25029e+03 | 26  0.28565 -3.62071e+02 | 27  0.31810  6.85942e+02
 28  0.19370 -4.35257e+02 | 29  0.14325  9.26202e+02 | 30 -0.08024 -1.86063e+03
 31 -0.08837 -9.75773e+03 | 32 -0.07038  2.92708e+03 | 33 -0.07156 -1.15314e+03
 34 -0.06764 -6.35576e+02 | 35 -0.06329 -1.44171e+03 | 36 -0.05609  2.43487e+03
 37 -0.04327  3.63339e+03 | 38 -0.03667  4.15652e+03 | 39 -0.05127  1.58535e+03
 40 -0.05404  1.01708e+03 | 41 -0.06474  1.75194e+03 | 42 -0.07663 -3.44720e+03
 43 -0.07558 -9.32173e+02 | 44 -0.09280 -5.03644e+03 | 45 -0.07145  2.06864e+03
 46  0.14700 -3.71609e+04 | 47 -0.03893  5.02109e+03 | 48 -0.14301 -8.54622e+03
 49 -0.03749  1.81313e+04 | 50 -0.04436  6.64100e+03 | 51 -0.04289  2.48559e+03
 52 -0.03905  5.98227e+03 | 53 -0.07186 -2.84762e+03 | 54 -0.03172  2.15375e+03
 55 -0.01848 -2.75384e+00 | 56 -0.01146 -2.53771e+03 | 57 -0.00142 -4.71167e+03
 58  0.00334 -7.92599e+03 | 59  0.05111 -1.03325e+03 | 60  0.02418 -2.68277e+03
 61  0.03174  3.64622e+03 | 62  0.02611 -4.65490e+02 | 63  0.01653 -2.31311e+03
 64  0.02007 -1.91774e+03 | 65  0.01677 -1.66664e+03 | 66  0.01013 -4.37283e+03
 67  0.01552 -5.03956e+03 | 68  0.02947 -3.84579e+03 | 69  0.02787 -3.02159e+03
 70  0.04237 -5.22083e+02 | 71  0.03633 -2.36781e+03 | 72  0.03648  4.68525e+02
 73  0.05995  9.10437e+03 | 74  0.03629  1.66279e+03 | 75 -0.00350  1.55033e+03
 76  0.15546  4.70471e+03 |
1 0 24500.8
1 0 24078.7
1 0 30210.9
1 0 25362.7
1 0 24044.8
1 0 24420.7
1 0 24042.2
1 0 24041
1 0 24038.6
1 0 24033.8
1 0 23986.5
1 0 23604.9
1 0 23341.3
1 0 22980.8
1 0 22810.3
76 variables; iteration 80; function evaluation 103; phase 1
Function value   2.2811049e+04; maximum gradient component mag  -1.3358e+04
Var   Value    Gradient   |Var   Value    Gradient   |Var   Value    Gradient
  1  0.07025 -7.69861e+01 |  2  0.09286  7.93725e+00 |  3  0.10924 -4.58167e+01
  4  0.13062  6.34416e+01 |  5  0.11203 -6.28424e+01 |  6  0.09736  3.85786e+00
  7  0.06916  8.53985e+00 |  8  0.03162 -8.15245e+01 |  9  0.01568 -2.44761e+01
 10  0.00496 -5.14102e+01 | 11  0.00796  1.52205e+02 | 12 -0.03662 -1.57081e+02
 13 -0.03461 -2.17285e+02 | 14  0.03206  3.97059e+02 | 15 -0.02406 -1.89749e+02
 16  0.22353 -6.57579e+02 | 17  0.05895  8.79157e+02 | 18 -0.04157  4.91207e+02
 19 -0.03959  2.64634e+03 | 20 -0.04850 -2.54106e+03 | 21 -0.05111 -1.28697e+03
 22 -0.04179  9.32307e+02 | 23 -0.03288 -1.58275e+02 | 24  0.06076  3.64917e+02
 25  0.15252  4.46345e+02 | 26  0.21777  5.63354e+02 | 27  0.22875  6.46739e+02
 28  0.16822  5.59991e+02 | 29  0.05988  2.61397e+02 | 30 -0.03545  3.37701e+02
 31 -0.04172 -6.98906e+02 | 32 -0.04274 -3.73126e+02 | 33 -0.03997 -3.58323e+02
 34 -0.04031  3.49359e+02 | 35 -0.03870  2.70806e+02 | 36 -0.04033  1.21179e+02
 37 -0.04797 -1.47239e+03 | 38 -0.04482  1.07459e+03 | 39 -0.04477  6.15372e+02
 40 -0.04619  2.02623e+02 | 41 -0.04464  4.81122e+02 | 42 -0.04584  8.65647e+02
 43 -0.04749  9.39471e+02 | 44 -0.03987  1.61675e+03 | 45 -0.03036 -2.33764e+03
 46  0.14498 -1.33581e+04 | 47 -0.04431  7.43063e+03 | 48 -0.07152 -2.03984e+03
 49 -0.06561 -1.26167e+03 | 50 -0.05490  2.07037e+02 | 51 -0.04912  7.35293e+02
 52 -0.05252 -9.60840e+01 | 53 -0.05572  7.38975e+02 | 54 -0.03093  2.91992e+02
 55 -0.01509  5.91536e+02 | 56 -0.00501  7.95175e+02 | 57  0.00718  5.03113e+02
 58  0.01569  1.63139e+02 | 59  0.03264 -5.10774e+03 | 60  0.03065 -1.14821e+03
 61  0.01947 -1.59427e+03 | 62  0.02215 -3.54435e+02 | 63  0.01915 -2.32628e+02
 64  0.02022 -2.13440e+02 | 65  0.01876 -2.54656e+02 | 66  0.02940  3.38257e+03
 67  0.02395  1.18331e+03 | 68  0.03022  1.07728e+03 | 69  0.03063  2.49831e+02
 70  0.03212 -2.37165e+02 | 71  0.03239 -1.30199e+02 | 72  0.03050 -5.63619e+02
 73  0.02323 -3.21802e+03 | 74  0.03189 -1.87656e+03 | 75 -0.00680  3.80570e+02
 76  0.10471  2.83713e+03 |
1 0 22723.8
1 0 22683.9
1 0 22649.2
1 0 22608.8
1 0 22500.2
1 0 81437.1
1 0 22496.2
1 0 26002
1 0 22486.4
1 0 22473.2
1 0 22421.7
1 0 24095.2
1 0 22179.2
1 0 22279
1 0 22167.9
1 0 25897.5
1 0 22164.8
1 0 22158.7
1 0 22107.1
76 variables; iteration 90; function evaluation 122; phase 1
Function value   2.2109488e+04; maximum gradient component mag  -2.4609e+04
Var   Value    Gradient   |Var   Value    Gradient   |Var   Value    Gradient
  1  0.13973 -1.35304e+03 |  2  0.06699 -3.01170e+02 |  3  0.02820  5.33100e+01
  4 -0.03713 -2.84735e+02 |  5 -0.01721 -1.13095e+02 |  6  0.03711  2.45491e+01
  7  0.08687  2.42598e+02 |  8  0.07204 -4.65731e+01 |  9  0.07836 -9.55731e+01
 10  0.12232  2.46482e+02 | 11  0.11351  2.32320e+02 | 12  0.05270 -9.34353e+01
 13  0.02521 -3.97668e+02 | 14  0.12043  2.23171e+02 | 15  0.17110  3.96302e+02
 16  0.15676  1.92607e+03 | 17 -0.01904  3.71002e+03 | 18 -0.00456  5.21568e+03
 19 -0.01594  5.63311e+02 | 20 -0.01765  1.37131e+00 | 21 -0.02499 -6.71746e+02
 22 -0.02179  4.75778e+02 | 23 -0.02075  3.67782e+03 | 24 -0.01897 -5.11859e+03
 25  0.15737  9.20382e+02 | 26  0.18362  4.72808e+02 | 27  0.13338  1.47569e+02
 28  0.06836  1.61966e+02 | 29 -0.00556  2.04821e+01 | 30 -0.01448  2.56200e+03
 31 -0.00990  4.20565e+03 | 32 -0.01868  9.18795e+01 | 33 -0.02229 -6.25231e+02
 34 -0.02336 -2.95569e+02 | 35 -0.01763  5.52659e+02 | 36 -0.02361 -1.58460e+03
 37 -0.02822 -2.73566e+03 | 38 -0.02280  1.55991e+03 | 39 -0.02726 -1.49017e+03
 40 -0.02582  1.44668e+02 | 41 -0.02366  1.72752e+03 | 42 -0.02979 -1.06895e+03
 43 -0.03580 -3.31343e+03 | 44 -0.02728  2.31249e+03 | 45 -0.02382 -2.18105e+03
 46  0.13655 -2.46095e+04 | 47 -0.06944 -2.29090e+03 | 48 -0.05933 -2.16866e+03
 49 -0.07729 -3.19998e+03 | 50 -0.05468 -7.01618e+02 | 51 -0.05139 -1.17373e+03
 52 -0.04597 -1.58688e+03 | 53 -0.05731 -5.27964e+03 | 54 -0.02481  6.18829e+03
 55 -0.00915  9.21231e+02 | 56  0.00065  7.98354e+02 | 57  0.01429  1.34688e+03
 58  0.02498 -4.71368e+03 | 59  0.03427  3.93399e+03 | 60  0.02694 -6.81331e+01
 61  0.02593 -3.13482e+02 | 62  0.02346  3.52850e+01 | 63  0.01290 -1.82098e+03
 64  0.01500 -1.58007e+03 | 65  0.02159  9.21615e+02 | 66  0.02370  2.91919e+03
 67  0.02380  2.19864e+03 | 68  0.02988  2.05813e+03 | 69  0.02736  8.75737e+02
 70  0.03214  4.77737e+02 | 71  0.02927 -7.61720e+02 | 72  0.03027  1.30489e+03
 73  0.02862 -2.38912e+01 | 74  0.03409 -7.35284e+02 | 75 -0.01273  8.22700e+02
 76  0.01858  2.36690e+03 |
1 0 22010
1 0 21825.2
1 0 24829.9
1 0 21803.8
1 0 21765.2
1 0 21696.6
1 0 21589.3
1 0 21466.5
1 0 21047.1
1 0 20815.5
1 0 21529.2
1 0 20788.2
1 0 20737.9
76 variables; iteration 100; function evaluation 135; phase 1
Function value   2.0739560e+04; maximum gradient component mag   1.1864e+04
Var   Value    Gradient   |Var   Value    Gradient   |Var   Value    Gradient
  1  0.26752  1.39419e+03 |  2  0.19150  3.26770e+02 |  3  0.08169 -1.61832e+02
  4  0.03088 -4.89048e+01 |  5 -0.00099 -8.98133e+01 |  6 -0.00325 -7.87321e+01
  7  0.02096 -2.95558e+01 |  8  0.05942  6.62804e+01 |  9  0.09169  1.75485e+02
 10  0.10039  7.43219e+01 | 11  0.12391  2.48401e+02 | 12  0.13622  3.06871e+02
 13  0.14110  3.54067e+02 | 14  0.13467  3.14814e+02 | 15  0.11619  1.22319e+02
 16  0.09212  1.86809e+03 | 17 -0.00037 -4.46617e+03 | 18 -0.00160  5.07070e+02
 19  0.00158 -1.30166e+03 | 20 -0.00323  2.35802e+02 | 21 -0.00747 -3.40218e+02
 22 -0.00511 -1.30598e+03 | 23 -0.00445 -3.39205e+03 | 24  0.02656  7.12381e+03
 25 -0.00193 -5.18154e+03 | 26  0.01955  7.84570e+03 | 27 -0.00899 -8.23428e+03
 28  0.01853  4.53517e+03 | 29 -0.00420 -4.71902e+02 | 30 -0.01235 -1.82590e+03
 31 -0.00026  7.57399e+02 | 32 -0.00188 -1.71976e+02 | 33 -0.00036 -4.64368e+02
 34 -0.00270 -4.64524e+02 | 35 -0.00224 -6.95289e+02 | 36 -0.00360 -9.43756e+01
 37 -0.00254  5.40991e+02 | 38 -0.00477 -9.57397e+02 | 39 -0.00367  2.23556e+02
 40 -0.00691 -7.76016e+02 | 41 -0.00695 -6.09722e+02 | 42 -0.00622  9.56084e+02
 43 -0.00634  7.42976e+02 | 44 -0.00401  1.84022e+02 | 45  0.02423 -8.86025e+02
 46  0.13680 -1.86187e+02 | 47 -0.07394  4.77034e+02 | 48 -0.05836  5.22457e+03
 49 -0.06477  3.16816e+03 | 50 -0.06067 -1.78737e+02 | 51 -0.05109  3.60047e+02
 52 -0.04891  1.87927e+03 | 53 -0.04460  1.27508e+03 | 54 -0.02789 -1.04321e+04
 55 -0.00898  3.85823e+02 | 56  0.00150 -4.81881e+03 | 57  0.01912  6.86943e+03
 58  0.04016  1.18643e+04 | 59  0.01065 -3.21355e+03 | 60  0.02494  7.79167e+02
 61  0.01988 -2.41798e+02 | 62  0.01964 -2.28749e+02 | 63  0.01733 -7.96495e+01
 64  0.01705 -4.06912e+02 | 65  0.01515 -7.13406e+02 | 66  0.01597 -1.35880e+03
 67  0.02030 -1.02463e+03 | 68  0.02462 -3.93549e+02 | 69  0.02681 -3.67749e+02
 70  0.02809 -5.34383e+02 | 71  0.02484 -1.49905e+03 | 72  0.02205 -2.32659e+03
 73  0.02699 -1.81217e+03 | 74  0.02248 -2.32106e+03 | 75  0.04197  1.42069e+02
 76 -0.04183 -3.45373e+02 |
1 0 20673.9
1 0 20562.9
1 0 20395.9
1 0 20271.9
1 0 20227.3
1 0 20182.1
1 0 20148
1 0 20132
1 0 20114.7
1 0 20105.8
76 variables; iteration 110; function evaluation 145; phase 1
Function value   2.0105754e+04; maximum gradient component mag  -1.6690e+03
Var   Value    Gradient   |Var   Value    Gradient   |Var   Value    Gradient
  1  0.23396 -6.57500e+01 |  2  0.16187 -5.09244e+01 |  3  0.10361 -4.97891e+01
  4  0.06987 -2.46726e+01 |  5  0.05196 -1.21769e+01 |  6  0.04455 -8.63255e+00
  7  0.04588  1.41910e+01 |  8  0.04946  1.85096e+01 |  9  0.05472  2.67836e+01
 10  0.06019  5.49407e+01 | 11  0.05858  2.37217e+01 | 12  0.05905  1.54151e+01
 13  0.06425 -1.05277e+01 | 14  0.08334  8.80769e+01 | 15  0.09234  9.71256e+01
 16  0.07458  1.56284e+02 | 17 -0.01117  1.20079e+02 | 18 -0.00433 -4.83798e+01
 19  0.00273  1.56809e+02 | 20  0.00231  2.54259e+02 | 21 -0.00221 -3.40377e+01
 22 -0.00011 -1.61921e+02 | 23  0.00102 -7.31914e+01 | 24  0.00038  5.45736e+02
 25 -0.00388  3.08011e+02 | 26 -0.00438 -7.61839e+02 | 27 -0.00228  2.47839e+02
 28  0.00043 -1.24333e+02 | 29  0.00109 -1.41391e+02 | 30 -0.00202  8.24889e+01
 31  0.00201 -3.04575e+02 | 32  0.00094 -2.16500e+02 | 33  0.00285 -2.69018e+02
 34  0.00125 -2.24750e+02 | 35  0.00281 -5.83548e+01 | 36  0.00057 -9.58048e+00
 37 -0.00028 -2.88034e+02 | 38 -0.00093 -2.10254e+02 | 39 -0.00152 -4.08909e+02
 40 -0.00062  7.04521e+02 | 41 -0.00026  3.86251e+02 | 42 -0.00140  5.17963e+02
 43 -0.00276  2.43955e+02 | 44  0.00010  1.55058e+01 | 45  0.02016  1.16411e+02
 46  0.13673 -1.38244e+03 | 47 -0.06983 -4.76500e+02 | 48 -0.07217 -1.66898e+03
 49 -0.07059 -5.53889e+02 | 50 -0.05894 -6.84821e+02 | 51 -0.05130 -4.98645e+02
 52 -0.04931 -2.08591e+02 | 53 -0.03953 -3.25306e+02 | 54 -0.02043 -3.85582e+02
 55 -0.00809 -2.49201e+02 | 56  0.00042  3.30684e+02 | 57  0.01350  6.95565e+02
 58  0.02077  4.05482e+02 | 59  0.02484  4.08792e+02 | 60  0.02531  5.52613e+02
 61  0.02082  5.83612e+02 | 62  0.02011  3.87326e+02 | 63  0.01708  1.63437e+02
 64  0.01800  1.58985e+02 | 65  0.01683  6.29377e+01 | 66  0.01845  1.25553e+02
 67  0.02220  6.23426e+02 | 68  0.02621  8.78260e+02 | 69  0.02588  2.37372e+01
 70  0.02952 -1.17165e+02 | 71  0.02731 -4.68396e+02 | 72  0.02608 -2.05343e+02
 73  0.02880  1.31102e+02 | 74  0.03079  2.74833e+02 | 75  0.02672  4.04089e+01
 76 -0.03146 -3.50839e+02 |
1 0 20098.6
1 0 20092.1
1 0 20087.4
1 0 20083.4
1 0 20079.7
1 0 20076.4
1 0 20073.1
1 0 20070.2
1 0 20067.4
1 0 20064.6
76 variables; iteration 120; function evaluation 155; phase 1
Function value   2.0064603e+04; maximum gradient component mag   1.4908e+03
Var   Value    Gradient   |Var   Value    Gradient   |Var   Value    Gradient
  1  0.24992 -1.06231e+02 |  2  0.18367 -2.15153e+01 |  3  0.12605 -2.47997e+01
  4  0.08745 -1.16644e+01 |  5  0.06099 -1.68282e+01 |  6  0.04528  1.52821e+01
  7  0.02913  2.71785e+01 |  8  0.00775  1.84004e+00 |  9 -0.01237 -7.71303e+00
 10 -0.02905 -1.59225e+00 | 11 -0.04448  1.15294e+01 | 12 -0.06289 -5.64840e+00
 13 -0.07927 -1.55614e+01 | 14 -0.09070 -1.42479e+01 | 15 -0.09760 -2.19436e+01
 16  0.06482  2.16645e+02 | 17 -0.00399  3.73177e+02 | 18 -0.00084 -6.17555e+01
 19  0.00307 -1.34149e+02 | 20  0.00114  2.96251e+01 | 21 -0.00287  4.98976e+01
 22 -0.00055 -1.85944e+01 | 23 -0.00079 -3.06627e+02 | 24 -0.00415 -1.94162e+02
 25 -0.00656 -3.61307e+01 | 26 -0.00364  1.34764e+02 | 27 -0.00309  1.06915e+02
 28  0.00085 -2.18314e+01 | 29  0.00162  1.74564e+02 | 30 -0.00236 -3.62599e+01
 31  0.00268  1.15969e+02 | 32  0.00204  1.03518e+02 | 33  0.00412  3.67370e+01
 34  0.00254  1.29141e+02 | 35  0.00363  7.16031e+01 | 36  0.00099 -1.19000e+01
 37 -0.00012  3.80872e+01 | 38 -0.00086  2.47411e+01 | 39 -0.00073  7.55393e+01
 40 -0.00216 -1.01404e+02 | 41 -0.00216 -2.22201e+02 | 42 -0.00378 -1.84893e+02
 43 -0.00466  3.22188e+01 | 44 -0.00049  1.37983e+02 | 45  0.02156 -2.81343e+01
 46  0.14186  1.49081e+03 | 47 -0.06656  4.24808e+02 | 48 -0.06765  1.40356e+02
 49 -0.07039  6.59749e+01 | 50 -0.05855 -5.15976e+01 | 51 -0.05101 -1.85405e+02
 52 -0.04863 -4.99313e+01 | 53 -0.03812 -8.39663e+00 | 54 -0.02106 -1.83852e+02
 55 -0.00862 -1.57794e+02 | 56  0.00076  9.54778e+01 | 57  0.01134 -1.84917e+02
 58  0.02072  1.41711e+02 | 59  0.02438 -8.44237e+01 | 60  0.02419  1.04162e+01
 61  0.01998  5.28784e+01 | 62  0.01963  1.95494e+01 | 63  0.01688 -9.97548e+01
 64  0.01761 -1.52698e+02 | 65  0.01670 -1.05104e+02 | 66  0.01875  4.92972e+01
 67  0.02104 -1.35576e+02 | 68  0.02466 -2.23992e+02 | 69  0.02700  7.04772e+00
 70  0.02957  1.49635e+02 | 71  0.02831  2.97602e+02 | 72  0.02652  3.62328e+02
 73  0.02747  1.96075e+01 | 74  0.02748 -2.08690e+02 | 75  0.02702 -7.52952e+01
 76  0.03202 -3.04125e+02 |
1 0 20062.4
1 0 20061.5
1 0 20061.1
1 0 20060.7
1 0 20060.2
1 0 20059.8
1 0 20059.2
1 0 20058.5
1 0 20058.1
1 0 20057.9
76 variables; iteration 130; function evaluation 165; phase 1
Function value   2.0057898e+04; maximum gradient component mag  -3.2079e+02
Var   Value    Gradient   |Var   Value    Gradient   |Var   Value    Gradient
  1  0.24786  3.06240e+00 |  2  0.18222  1.05833e+01 |  3  0.12847  1.60464e+00
  4  0.09157  3.49978e+00 |  5  0.06543  2.24793e+00 |  6  0.04618  3.65969e+00
  7  0.03092  5.23616e+00 |  8  0.01774  2.63192e+00 |  9  0.00648  4.75334e-01
 10 -0.00282  8.72865e-01 | 11 -0.01067 -2.33706e-01 | 12 -0.01703  6.59794e-01
 13 -0.02236 -7.46505e-01 | 14 -0.02638 -2.72186e+00 | 15 -0.02858 -4.18638e+00
 16  0.05928 -9.32553e-01 | 17 -0.00989  4.34397e+01 | 18 -0.00111  1.55569e+01
 19  0.00398 -1.91002e+01 | 20  0.00185  4.18225e+01 | 21 -0.00242  1.35246e+01
 22  0.00017  1.50360e+01 | 23  0.00088 -3.15279e+01 | 24 -0.00226  4.59844e+01
 25 -0.00637 -3.41623e+00 | 26 -0.00442 -1.29173e+01 | 27 -0.00358  3.27540e+00
 28  0.00011 -9.55082e+01 | 29  0.00131  3.08605e+00 | 30 -0.00224  2.27473e+01
 31  0.00258  4.48002e+01 | 32  0.00194 -6.64156e+00 | 33  0.00428  5.32957e+00
 34  0.00261  1.01181e+01 | 35  0.00371  9.25036e+00 | 36  0.00101 -2.09713e+01
 37 -0.00007 -2.41454e+01 | 38 -0.00071 -8.73753e+00 | 39 -0.00089 -2.38151e+01
 40 -0.00195  1.42235e+00 | 41 -0.00174 -2.10235e+01 | 42 -0.00338  6.82906e+00
 43 -0.00432 -3.97861e+01 | 44 -0.00002  3.82938e+01 | 45  0.02090 -2.19816e+01
 46  0.14356  4.40765e+01 | 47 -0.06937 -3.20792e+02 | 48 -0.06771  7.89149e+01
 49 -0.07010  1.37551e+02 | 50 -0.05837  4.16225e+01 | 51 -0.05086  2.34356e+01
 52 -0.04894  3.62907e+01 | 53 -0.03811  4.21836e+01 | 54 -0.01981  5.38198e+01
 55 -0.00806 -8.36236e+01 | 56  0.00059  3.82172e+01 | 57  0.01193  1.20207e+01
 58  0.01988 -1.18484e+02 | 59  0.02472  5.65542e+01 | 60  0.02420  1.83757e+01
 61  0.01967 -1.58916e+01 | 62  0.01941  7.93675e+00 | 63  0.01692 -2.19857e+01
 64  0.01774  3.30036e+00 | 65  0.01682 -8.93539e+00 | 66  0.01859  1.70936e+01
 67  0.02129 -1.49526e+01 | 68  0.02506 -5.64030e+01 | 69  0.02687 -1.14504e+01
 70  0.02955  1.32458e+01 | 71  0.02821  1.04473e+01 | 72  0.02617  4.64905e+01
 73  0.02754  9.79321e+00 | 74  0.02796  6.00541e+00 | 75  0.02767 -3.92987e+00
 76  0.05083 -1.41553e+01 |
1 0 20057.7
1 0 20057.7
1 0 20057.6
1 0 20057.6
1 0 20057.6
1 0 20057.5
1 0 20057.5
1 0 20057.5
1 0 20057.5
1 0 20057.5
76 variables; iteration 140; function evaluation 175; phase 1
Function value   2.0057508e+04; maximum gradient component mag   7.6985e+01
Var   Value    Gradient   |Var   Value    Gradient   |Var   Value    Gradient
  1  0.24672 -8.27982e+00 |  2  0.18023 -1.52635e+00 |  3  0.12627 -2.45341e-01
  4  0.08821 -8.11394e-01 |  5  0.06113 -7.17137e-01 |  6  0.04102 -8.61910e-01
  7  0.02560 -5.23787e-01 |  8  0.01348 -4.28772e-01 |  9  0.00388 -1.05493e-01
 10 -0.00375 -1.73856e-01 | 11 -0.00971  7.26156e-02 | 12 -0.01427 -9.17912e-02
 13 -0.01752 -1.99436e-01 | 14 -0.01953  1.18391e+00 | 15 -0.02076 -4.08947e-01
 16  0.05912  2.78084e+00 | 17 -0.01073  2.74529e+01 | 18 -0.00135 -3.59463e+00
 19  0.00367  2.63775e+00 | 20  0.00172  8.10149e+00 | 21 -0.00247  6.92843e-01
 22  0.00011 -3.20882e+00 | 23  0.00087 -6.95640e+00 | 24 -0.00237  1.59939e+00
 25 -0.00627  5.22687e+00 | 26 -0.00442 -1.22617e+01 | 27 -0.00348  5.82497e+00
 28  0.00050 -7.82856e+00 | 29  0.00123 -9.65150e-01 | 30 -0.00240  1.78267e+00
 31  0.00245 -1.44322e+00 | 32  0.00188 -4.11363e-01 | 33  0.00423 -2.33410e+00
 34  0.00253 -6.28126e+00 | 35  0.00367 -3.68717e+00 | 36  0.00105 -1.08665e+00
 37  0.00006 -3.40788e+00 | 38 -0.00057  6.27400e+00 | 39 -0.00083  2.18543e+00
 40 -0.00198  4.46674e+00 | 41 -0.00174  4.48329e+00 | 42 -0.00342 -9.52535e-01
 43 -0.00424 -4.38734e+00 | 44  0.00011  2.24779e+00 | 45  0.02221 -5.30989e-01
 46  0.14366  7.69854e+01 | 47 -0.06842 -2.54527e+00 | 48 -0.06803 -1.05583e+01
 49 -0.07041  4.04609e+00 | 50 -0.05838 -5.38236e+00 | 51 -0.05086 -6.08346e+00
 52 -0.04895  1.09109e+01 | 53 -0.03812 -2.43090e+00 | 54 -0.01993  1.78019e+01
 55 -0.00786 -1.77177e+01 | 56  0.00049  3.02041e+01 | 57  0.01185  1.01514e+01
 58  0.02032 -2.58480e-01 | 59  0.02461  2.45207e-01 | 60  0.02416  1.30894e+00
 61  0.01971 -1.45758e+00 | 62  0.01938 -7.06912e+00 | 63  0.01698 -3.06086e+00
 64  0.01770 -3.80434e+00 | 65  0.01684  1.50614e+00 | 66  0.01854 -4.82112e-01
 67  0.02135  1.14302e+01 | 68  0.02526  9.35479e+00 | 69  0.02691 -3.24956e+00
 70  0.02955 -2.43252e+00 | 71  0.02823 -9.79480e+00 | 72  0.02607 -6.61247e+00
 73  0.02749 -3.84542e+00 | 74  0.02751 -6.76677e+00 | 75  0.02749 -3.73107e+00
 76  0.05203 -3.08999e+00 |
1 0 20057.5
1 0 20057.5
1 0 20057.5
1 0 20057.5
1 0 20057.5
1 0 20057.5
1 0 20057.5
1 0 20057.5
1 0 20057.5
1 0 20057.5
76 variables; iteration 150; function evaluation 185; phase 1
Function value   2.0057498e+04; maximum gradient component mag  -1.3870e+00
Var   Value    Gradient   |Var   Value    Gradient   |Var   Value    Gradient
  1  0.24630  1.11496e-01 |  2  0.17984  2.67707e-02 |  3  0.12606  5.57440e-02
  4  0.08834  3.12268e-02 |  5  0.06153  4.82631e-02 |  6  0.04159  3.14339e-02
  7  0.02618 -1.81428e-03 |  8  0.01399 -3.17842e-03 |  9  0.00424 -4.21917e-03
 10 -0.00353  2.63226e-02 | 11 -0.00967  2.06913e-02 | 12 -0.01439  1.44828e-02
 13 -0.01782 -1.06179e-03 | 14 -0.02007 -5.63201e-02 | 15 -0.02116  1.45732e-02
 16  0.05908  3.62656e-01 | 17 -0.01123 -5.41245e-01 | 18 -0.00139  7.57251e-01
 19  0.00365 -2.45978e-02 | 20  0.00170 -1.55821e-01 | 21 -0.00246  4.90772e-02
 22  0.00013 -6.58608e-03 | 23  0.00092  6.82707e-01 | 24 -0.00235 -2.05663e-01
 25 -0.00622  1.74556e-01 | 26 -0.00439  2.08366e-01 | 27 -0.00345  2.51456e-01
 28  0.00057 -1.18882e-01 | 29  0.00127 -2.29602e-01 | 30 -0.00239 -5.56245e-01
 31  0.00247  7.21113e-02 | 32  0.00191 -9.42414e-02 | 33  0.00426  4.59705e-02
 34  0.00257  4.97238e-02 | 35  0.00370  1.15415e-01 | 36  0.00107 -2.22652e-01
 37  0.00006 -1.76917e-01 | 38 -0.00057 -3.28235e-01 | 39 -0.00082  5.85946e-01
 40 -0.00198 -3.74180e-01 | 41 -0.00173  2.09222e-01 | 42 -0.00340 -2.62246e-01
 43 -0.00421 -5.00287e-01 | 44  0.00012  7.23764e-01 | 45  0.02218  2.69087e-01
 46  0.14364 -6.08452e-01 | 47 -0.06849  3.47122e-01 | 48 -0.06801 -4.91544e-03
 49 -0.07043 -3.37259e-01 | 50 -0.05838 -2.65317e-01 | 51 -0.05085 -2.32225e-01
 52 -0.04898 -1.01431e+00 | 53 -0.03810 -6.24554e-01 | 54 -0.01998  6.90823e-01
 55 -0.00781 -1.38697e+00 | 56  0.00042  2.74239e-01 | 57  0.01184  9.23226e-01
 58  0.02034 -2.65512e-01 | 59  0.02462 -1.16236e+00 | 60  0.02416 -6.36423e-01
 61  0.01971 -2.41965e-01 | 62  0.01939  1.60438e-01 | 63  0.01699 -2.12781e-01
 64  0.01772 -1.33710e-01 | 65  0.01684 -6.81351e-02 | 66  0.01856  7.16606e-02
 67  0.02133 -3.83594e-01 | 68  0.02524  1.06031e+00 | 69  0.02692  4.10280e-01
 70  0.02955  6.39904e-01 | 71  0.02824  4.47780e-01 | 72  0.02608  7.08417e-01
 73  0.02750  9.75819e-01 | 74  0.02754  1.82607e-01 | 75  0.02754  3.10866e-02
 76  0.05188  1.33285e-01 |
1 0 20057.5
1 0 20057.5
1 0 20057.5
1 0 20057.5
1 0 20057.5
1 0 20057.5

 - final statistics:
76 variables; iteration 156; function evaluation 191
Function value   2.0057e+04; maximum gradient component mag  -3.0871e-02
Exit code = 1;  converg criter   1.0000e-01
Var   Value    Gradient   |Var   Value    Gradient   |Var   Value    Gradient
  1  0.24631  1.96278e-03 |  2  0.17984  5.00301e-04 |  3  0.12606  1.14851e-03
  4  0.08833  2.37360e-04 |  5  0.06151  9.79004e-05 |  6  0.04157 -1.64393e-04
  7  0.02616 -4.03553e-04 |  8  0.01397 -2.81903e-04 |  9  0.00423  1.04100e-04
 10 -0.00355  1.01792e-04 | 11 -0.00968  3.89653e-04 | 12 -0.01439  6.68764e-04
 13 -0.01781  7.10283e-04 | 14 -0.02004  4.39170e-04 | 15 -0.02115 -1.55659e-03
 16  0.05908  8.48786e-05 | 17 -0.01122 -5.94389e-03 | 18 -0.00139 -1.71219e-03
 19  0.00366 -2.77109e-04 | 20  0.00170 -2.85185e-03 | 21 -0.00246  2.15903e-03
 22  0.00013  1.52535e-03 | 23  0.00092 -6.30398e-03 | 24 -0.00235  7.83794e-03
 25 -0.00622  5.36529e-03 | 26 -0.00439 -5.99509e-04 | 27 -0.00345  5.64680e-04
 28  0.00057  1.26805e-04 | 29  0.00127 -2.11312e-03 | 30 -0.00238  1.59884e-03
 31  0.00247  1.12866e-03 | 32  0.00191  8.17620e-04 | 33  0.00426  9.45339e-04
 34  0.00257  1.07870e-03 | 35  0.00370 -1.56957e-04 | 36  0.00107  2.44607e-03
 37  0.00007 -3.35749e-04 | 38 -0.00057  3.07271e-03 | 39 -0.00082  5.22410e-03
 40 -0.00198 -5.19436e-03 | 41 -0.00173  3.04077e-03 | 42 -0.00340 -4.82018e-03
 43 -0.00421 -5.67385e-03 | 44  0.00012  7.75016e-03 | 45  0.02217 -1.28628e-03
 46  0.14364 -3.08709e-02 | 47 -0.06849  4.91513e-03 | 48 -0.06801  1.37449e-03
 49 -0.07043 -1.15569e-02 | 50 -0.05838 -2.62612e-03 | 51 -0.05085 -2.34816e-03
 52 -0.04898  3.10523e-03 | 53 -0.03810 -2.38844e-03 | 54 -0.01998 -4.23457e-03
 55 -0.00780  2.98088e-04 | 56  0.00042  1.51974e-02 | 57  0.01183 -9.07640e-03
 58  0.02034 -8.72018e-03 | 59  0.02462 -2.19268e-03 | 60  0.02416 -1.95639e-03
 61  0.01971 -7.38748e-04 | 62  0.01939  1.20203e-03 | 63  0.01699 -1.47707e-03
 64  0.01772 -6.08937e-04 | 65  0.01684  1.80191e-03 | 66  0.01856  6.59461e-04
 67  0.02134  8.12933e-03 | 68  0.02523 -2.75420e-04 | 69  0.02692  1.99443e-03
 70  0.02955  3.90193e-03 | 71  0.02824  2.55954e-03 | 72  0.02608  2.75593e-03
 73  0.02750  7.39015e-04 | 74  0.02754 -2.32213e-03 | 75  0.02754  1.44302e-03
 76  0.05187  2.54446e-03 |
1 0 20057.5
B039876.5
0.3 0.449289
0.385105 0.375523
0.413189 0.35513
0.419245 0.35095
0.420384 0.350173
0.420591 0.350031
0.420629 0.350006
0.420636 0.350001
0.420637 0.35
0.420637 0.35
0.420637 0.35
0.420637 0.35
0.420637 0.35
0.420637 0.35
0.420637 0.35
0.420637 0.35
0.420637 0.35
0.420637 0.35
0.420637 0.35
0.420637 0.35
0.420637 0.35
2 0 20057.5

Initial statistics: 80 variables; iteration 0; function evaluation 0; phase 2
Function value   2.0057498e+04; maximum gradient component mag  -1.8775e+02
Var   Value    Gradient   |Var   Value    Gradient   |Var   Value    Gradient
  1 -0.80449  1.89406e+01 |  2 -0.60034  2.73623e+01 |  3  0.24631  1.96278e-03
  4  0.17984  5.00301e-04 |  5  0.12606  1.14851e-03 |  6  0.08833  2.37360e-04
  7  0.06151  9.79004e-05 |  8  0.04157 -1.64393e-04 |  9  0.02616 -4.03553e-04
 10  0.01397 -2.81903e-04 | 11  0.00423  1.04100e-04 | 12 -0.00355  1.01792e-04
 13 -0.00968  3.89653e-04 | 14 -0.01439  6.68764e-04 | 15 -0.01781  7.10283e-04
 16 -0.02004  4.39170e-04 | 17 -0.02115 -1.55659e-03 | 18  0.05908  8.48785e-05
 19 -0.01122 -6.19942e-03 | 20 -0.00139 -1.96776e-03 | 21  0.00366 -5.32674e-04
 22  0.00170 -3.10741e-03 | 23 -0.00246  1.90346e-03 | 24  0.00013  1.26978e-03
 25  0.00092 -6.55955e-03 | 26 -0.00235  7.58238e-03 | 27 -0.00622  5.10973e-03
 28 -0.00439 -8.55071e-04 | 29 -0.00345  3.09115e-04 | 30  0.00057 -1.28764e-04
 31  0.00127 -2.36868e-03 | 32 -0.00238  1.34328e-03 | 33  0.00247  8.73094e-04
 34  0.00191  5.62052e-04 | 35  0.00426  6.89776e-04 | 36  0.00257  8.23135e-04
 37  0.00370 -4.12521e-04 | 38  0.00107  2.19051e-03 | 39  0.00007 -5.91317e-04
 40 -0.00057  2.81714e-03 | 41 -0.00082  4.96854e-03 | 42 -0.00198 -5.44993e-03
 43 -0.00173  2.78520e-03 | 44 -0.00340 -5.07574e-03 | 45 -0.00421 -5.92942e-03
 46  0.00012  7.49459e-03 | 47  0.02217 -1.54170e-03 | 48  0.14364 -3.08709e-02
 49 -0.06849  4.93190e-03 | 50 -0.06801  1.39126e-03 | 51 -0.07043 -1.15402e-02
 52 -0.05838 -2.60931e-03 | 53 -0.05085 -2.33134e-03 | 54 -0.04898  3.12205e-03
 55 -0.03810 -2.37160e-03 | 56 -0.01998 -4.21771e-03 | 57 -0.00780  3.14959e-04
 58  0.00042  1.52142e-02 | 59  0.01183 -9.05953e-03 | 60  0.02034 -8.70331e-03
 61  0.02462 -2.17582e-03 | 62  0.02416 -1.93953e-03 | 63  0.01971 -7.21885e-04
 64  0.01939  1.21889e-03 | 65  0.01699 -1.46020e-03 | 66  0.01772 -5.92072e-04
 67  0.01684  1.81878e-03 | 68  0.01856  6.76326e-04 | 69  0.02134  8.14619e-03
 70  0.02523 -2.58562e-04 | 71  0.02692  2.01129e-03 | 72  0.02955  3.91879e-03
 73  0.02824  2.57640e-03 | 74  0.02608  2.77279e-03 | 75  0.02750  7.55871e-04
 76  0.02754 -2.30528e-03 | 77  0.02754  1.45987e-03 | 78  0.05187  2.54446e-03
 79 -0.70056 -1.87747e+02 | 80 -0.63261 -6.80686e+01 |
2 0 20057.5
2 0 20057.3
2 0 20058.5
2 0 20057.3
2 0 20057.3
2 0 20057.1
2 0 20056.9
2 0 20059.1
2 0 20056.8
2 0 20056.8
2 0 20056.8
2 0 20056.7
2 0 20056.7
2 0 20056.7
2 0 20056.7

Intermediate statistics: 80 variables; iteration 10; function evaluation 15; phase 2
Function value   2.0056712e+04; maximum gradient component mag  -2.4073e+02
Var   Value    Gradient   |Var   Value    Gradient   |Var   Value    Gradient
  1 -0.80636  5.73336e+00 |  2 -0.60276  7.65864e+00 |  3  0.24617  6.14755e-01
  4  0.18016 -4.49328e-01 |  5  0.12623 -1.26909e+00 |  6  0.08841 -7.16538e-01
  7  0.06155 -3.68856e-01 |  8  0.04160 -2.16664e-01 |  9  0.02618 -1.43912e-01
 10  0.01399 -1.04455e-01 | 11  0.00424 -8.09421e-02 | 12 -0.00354 -6.61145e-02
 13 -0.00968 -5.63037e-02 | 14 -0.01438 -4.97389e-02 | 15 -0.01780 -4.56130e-02
 16 -0.02004 -4.36013e-02 | 17 -0.02114 -4.33048e-02 | 18  0.06148  5.17074e+01
 19 -0.01183 -8.37583e+00 | 20 -0.00144 -2.66416e+01 | 21  0.00364 -2.96239e+01
 22  0.00183  7.70377e+01 | 23 -0.00241 -2.39668e+01 | 24  0.00009 -5.32328e+01
 25  0.00091  9.64669e+00 | 26 -0.00244 -1.89876e+01 | 27 -0.00628  4.43447e+00
 28 -0.00444  4.57554e-01 | 29 -0.00346 -2.05053e+00 | 30  0.00061 -8.67099e+00
 31  0.00134 -2.79104e+01 | 32 -0.00235 -2.59635e+01 | 33  0.00248  2.21038e+00
 34  0.00193 -1.27290e+01 | 35  0.00437  3.35035e+01 | 36  0.00266  8.82053e+00
 37  0.00380  1.73636e+01 | 38  0.00117  1.25751e+01 | 39  0.00018  2.50240e+01
 40 -0.00049  1.30688e+01 | 41 -0.00076 -7.87479e-01 | 42 -0.00188  2.44165e+01
 43 -0.00170 -1.53461e+00 | 44 -0.00343 -1.21522e+01 | 45 -0.00422 -1.21540e+00
 46  0.00022  4.04254e+01 | 47  0.02190 -1.48152e+01 | 48  0.14404 -2.40731e+02
 49 -0.06845  3.00929e+01 | 50 -0.06801  4.87609e+01 | 51 -0.07050 -9.05681e+00
 52 -0.05842 -7.42716e+01 | 53 -0.05087 -1.36640e+01 | 54 -0.04897  1.14881e+01
 55 -0.03800  2.05387e+01 | 56 -0.01992  6.94031e+00 | 57 -0.00783 -2.82271e+01
 58  0.00033 -6.21527e+01 | 59  0.01171 -8.54583e+01 | 60  0.02022 -7.12806e+01
 61  0.02465  1.12776e+01 | 62  0.02424  6.12315e+01 | 63  0.01961  5.24928e+00
 64  0.01948  5.63992e+01 | 65  0.01690 -1.07520e+01 | 66  0.01777  2.88394e+01
 67  0.01676 -1.73478e+01 | 68  0.01857  4.70803e+00 | 69  0.02133 -1.84186e+01
 70  0.02522 -3.09927e+00 | 71  0.02688 -1.66917e+01 | 72  0.02960  1.37224e+01
 73  0.02827  1.88048e+01 | 74  0.02608  2.23062e+01 | 75  0.02755  3.50580e+01
 76  0.02767  1.42598e+01 | 77  0.02759  1.05117e+01 | 78  0.05589  2.93180e+01
 79 -0.69501 -4.63896e+01 | 80 -0.62926 -3.11010e+01 |
2 0 20056.7
2 0 20056.7
2 0 20056.7
2 0 20056.7
2 0 20056.7
2 0 20056.7
2 0 20056.7
2 0 20056.7
2 0 20056.6
2 0 20056.6
2 0 20056.6
80 variables; iteration 20; function evaluation 26; phase 2
Function value   2.0056565e+04; maximum gradient component mag  -3.3969e+02
Var   Value    Gradient   |Var   Value    Gradient   |Var   Value    Gradient
  1 -0.80746  2.39562e+00 |  2 -0.60303  4.94613e+00 |  3  0.24648  1.17232e+01
  4  0.18035  2.69044e+00 |  5  0.12686  2.70096e+00 |  6  0.08896  8.97481e-01
  7  0.06186 -1.73847e-01 |  8  0.04178 -1.27451e-01 |  9  0.02629 -2.40805e-02
 10  0.01407  1.73722e-02 | 11  0.00430  3.10606e-02 | 12 -0.00349  3.48184e-02
 13 -0.00963  3.52251e-02 | 14 -0.01435  3.43081e-02 | 15 -0.01777  3.31653e-02
 16 -0.02000  3.28780e-02 | 17 -0.02111  3.25585e-02 | 18  0.06177  1.43972e+02
 19 -0.01184 -3.49674e+01 | 20 -0.00156 -3.82149e+01 | 21  0.00355 -5.99070e+01
 22  0.00179  8.84125e+01 | 23 -0.00246 -3.08413e+01 | 24  0.00013 -2.30511e+01
 25  0.00092  1.40921e+01 | 26 -0.00239 -3.47269e+01 | 27 -0.00633 -2.44948e+00
 28 -0.00455 -4.94845e+00 | 29 -0.00358 -2.17363e+01 | 30  0.00064  2.97853e+01
 31  0.00128 -3.71127e+01 | 32 -0.00242 -3.31851e+01 | 33  0.00243  1.38684e+01
 34  0.00183 -2.13506e+01 | 35  0.00422  2.35228e+00 | 36  0.00254 -1.68588e+01
 37  0.00371 -2.52753e+01 | 38  0.00120  3.55049e+01 | 39  0.00027  5.10502e+01
 40 -0.00035  4.99138e+01 | 41 -0.00062  3.35539e+01 | 42 -0.00181  3.73820e+01
 43 -0.00166  1.01725e+01 | 44 -0.00337  1.11229e+01 | 45 -0.00421 -1.80743e+01
 46  0.00029  4.98993e+01 | 47  0.02236 -1.89284e+01 | 48  0.14404 -3.39687e+02
 49 -0.06846  3.35836e+01 | 50 -0.06800  5.91023e+01 | 51 -0.07040  3.71493e+01
 52 -0.05845 -7.77146e+01 | 53 -0.05087 -1.90351e+01 | 54 -0.04895  2.46797e+00
 55 -0.03811 -2.29024e+01 | 56 -0.01980  4.42513e+01 | 57 -0.00775 -1.96999e-01
 58  0.00035 -5.05401e+01 | 59  0.01167 -9.32502e+01 | 60  0.02025 -9.67195e+01
 61  0.02465 -1.69267e+01 | 62  0.02421  2.21062e+01 | 63  0.01966 -1.56769e+01
 64  0.01942  9.61362e+00 | 65  0.01689 -2.73380e+01 | 66  0.01773  2.60831e+01
 67  0.01682  2.62237e+01 | 68  0.01856  8.32663e+00 | 69  0.02132 -2.43644e+01
 70  0.02525 -1.62143e+01 | 71  0.02697 -1.42121e+01 | 72  0.02960 -1.07725e+01
 73  0.02829 -6.25883e-01 | 74  0.02613  2.26428e+01 | 75  0.02752  3.15563e+01
 76  0.02756  2.48192e+01 | 77  0.02724  9.74848e+00 | 78  0.05605  6.65215e+01
 79 -0.69799 -1.13540e+02 | 80 -0.61846 -4.86284e+01 |
2 0 20056.5
2 0 20056.6
2 0 20056.5
2 0 20056.5
2 0 20056.5
2 0 20056.5
2 0 20056.5
2 0 20056.4
2 0 20056.4
2 0 20056.4
2 0 20056.4
2 0 20056.4
2 0 20056.4
2 0 20056.4
80 variables; iteration 30; function evaluation 40; phase 2
Function value   2.0056416e+04; maximum gradient component mag  -5.1145e+02
Var   Value    Gradient   |Var   Value    Gradient   |Var   Value    Gradient
  1 -0.80786 -8.44800e-01 |  2 -0.60159  2.21692e+00 |  3  0.24601 -3.07282e+01
  4  0.17969 -6.75037e+00 |  5  0.12584 -5.58433e+00 |  6  0.08873 -3.42437e-01
  7  0.06224  1.27056e+00 |  8  0.04211 -3.21656e-01 |  9  0.02648 -6.29357e-01
 10  0.01418 -4.52004e-01 | 11  0.00437 -3.10048e-01 | 12 -0.00344 -2.33363e-01
 13 -0.00960 -1.90996e-01 | 14 -0.01431 -1.65087e-01 | 15 -0.01774 -1.48381e-01
 16 -0.01998 -1.39969e-01 | 17 -0.02108 -1.37002e-01 | 18  0.06180  2.25600e+02
 19 -0.01172  1.05778e+01 | 20 -0.00137 -2.74590e+01 | 21  0.00365 -4.10759e+01
 22  0.00178  7.37577e+01 | 23 -0.00251 -4.34191e+01 | 24 -0.00000 -4.24605e+01
 25  0.00060 -5.75322e+01 | 26 -0.00260 -6.71815e+01 | 27 -0.00630  1.53436e+01
 28 -0.00451 -1.92700e+01 | 29 -0.00348 -1.22542e+01 | 30  0.00081  4.94145e+01
 31  0.00144 -1.34995e+01 | 32 -0.00230 -1.57328e+01 | 33  0.00252  3.21049e+01
 34  0.00188 -2.96988e+01 | 35  0.00426 -5.35085e+00 | 36  0.00263 -4.35113e+00
 37  0.00381 -1.09311e+01 | 38  0.00130  4.37736e+01 | 39  0.00033  5.54136e+01
 40 -0.00035  3.92485e+01 | 41 -0.00066  2.13777e+01 | 42 -0.00189  1.61636e+01
 43 -0.00170 -1.29971e+00 | 44 -0.00332  1.73101e+01 | 45 -0.00412 -4.69321e+00
 46  0.00033  7.88249e+01 | 47  0.02150 -5.31370e+01 | 48  0.14422 -5.11451e+02
 49 -0.06835  5.95428e+01 | 50 -0.06798  6.84668e+01 | 51 -0.07040  4.73801e+01
 52 -0.05850 -8.27704e+01 | 53 -0.05082  4.41277e+00 | 54 -0.04887  3.62718e+01
 55 -0.03822 -2.16914e+01 | 56 -0.01991  4.87442e+01 | 57 -0.00779  7.53730e+00
 58  0.00030 -2.88534e+01 | 59  0.01157 -8.93581e+01 | 60  0.02025 -6.96644e+01
 61  0.02463 -5.22947e+00 | 62  0.02422  3.83870e+01 | 63  0.01961 -1.91711e+01
 64  0.01939  2.58183e+01 | 65  0.01684 -1.49276e+01 | 66  0.01770  4.00841e+01
 67  0.01679  3.52810e+01 | 68  0.01856  2.54949e+01 | 69  0.02133  3.39562e+00
 70  0.02523 -5.97792e+00 | 71  0.02697  6.75456e+00 | 72  0.02951 -1.58728e+01
 73  0.02819 -1.21642e+01 | 74  0.02612  3.44237e+01 | 75  0.02753  2.62941e+01
 76  0.02786  5.10478e+01 | 77  0.02805  3.31022e+01 | 78  0.05697  1.22726e+02
 79 -0.70162 -1.67069e+02 | 80 -0.60446 -6.21415e+01 |
2 0 20056.4
2 0 20056.4
2 0 20056.4
2 0 20056.4
2 0 20056.4
2 0 20056.4
2 0 20056.4
2 0 20056.4
2 0 20056.4
2 0 20056.4
2 0 20056.4
2 0 20056.4
80 variables; iteration 40; function evaluation 52; phase 2
Function value   2.0056375e+04; maximum gradient component mag  -7.1076e+02
Var   Value    Gradient   |Var   Value    Gradient   |Var   Value    Gradient
  1 -0.80599 -1.30309e-01 |  2 -0.59685  3.53690e+00 |  3  0.24635 -3.39066e+01
  4  0.18047 -1.03352e+00 |  5  0.12603 -2.42918e+00 |  6  0.08735 -6.90764e+00
  7  0.06093 -3.54877e+00 |  8  0.04206  2.35127e+00 |  9  0.02687  1.13929e+00
 10  0.01447 -3.14122e-01 | 11  0.00455 -4.92071e-01 | 12 -0.00333 -3.57169e-01
 13 -0.00952 -2.54760e-01 | 14 -0.01426 -2.00751e-01 | 15 -0.01770 -1.74856e-01
 16 -0.01994 -1.61176e-01 | 17 -0.02105 -1.56555e-01 | 18  0.06184  2.68253e+02
 19 -0.01174  1.00795e+01 | 20 -0.00135 -1.11684e+01 | 21  0.00361 -6.39118e+01
 22  0.00176  7.51321e+01 | 23 -0.00255 -4.14389e+01 | 24  0.00000 -4.18027e+01
 25  0.00063 -4.59801e+01 | 26 -0.00262 -5.66774e+01 | 27 -0.00636  2.09845e+00
 28 -0.00451 -8.31021e+00 | 29 -0.00347 -5.04363e+00 | 30  0.00085  6.03365e+01
 31  0.00145 -6.53507e+00 | 32 -0.00231 -1.33782e+01 | 33  0.00251  3.08192e+01
 34  0.00190 -1.77944e+01 | 35  0.00427 -6.94275e+00 | 36  0.00263  4.64218e-01
 37  0.00387  1.65624e+01 | 38  0.00129  3.18414e+01 | 39  0.00034  5.31167e+01
 40 -0.00031  4.98038e+01 | 41 -0.00070  1.67310e+01 | 42 -0.00189  2.79156e+01
 43 -0.00172  6.32050e+00 | 44 -0.00333  2.46564e+01 | 45 -0.00414 -1.26299e+01
 46  0.00036  8.27055e+01 | 47  0.02165 -5.63028e+01 | 48  0.14447 -7.10760e+02
 49 -0.06832  5.61575e+01 | 50 -0.06795  6.99325e+01 | 51 -0.07036  6.35186e+01
 52 -0.05843 -5.83853e+01 | 53 -0.05083  1.86466e+00 | 54 -0.04881  5.96561e+01
 55 -0.03816 -1.09137e+01 | 56 -0.01988  3.82753e+01 | 57 -0.00777  1.01854e+01
 58  0.00036 -2.00105e+01 | 59  0.01155 -1.04812e+02 | 60  0.02027 -8.20674e+01
 61  0.02465 -2.19037e+01 | 62  0.02424  2.94156e+01 | 63  0.01959 -3.56920e+01
 64  0.01941  2.40263e+01 | 65  0.01688 -1.03494e+01 | 66  0.01764  5.62647e+00
 67  0.01685  3.01459e+01 | 68  0.01855  1.37109e+01 | 69  0.02138  1.69240e+01
 70  0.02534  2.14853e+01 | 71  0.02694 -7.06388e+00 | 72  0.02960 -3.85212e+00
 73  0.02819 -3.03355e+01 | 74  0.02620  4.73747e+01 | 75  0.02752  2.54329e+01
 76  0.02778  5.78486e+01 | 77  0.02738  3.89221e+01 | 78  0.05944  1.62950e+02
 79 -0.70211 -1.93362e+02 | 80 -0.59953 -6.88894e+01 |
2 0 20056.4
2 0 20056.4
2 0 20056.4
2 0 20056.4
2 0 20056.4
2 0 20056.4
2 0 20056.4
2 0 20056.4
2 0 20056.4
2 0 20056.4
2 0 20056.4
2 0 20056.4
80 variables; iteration 50; function evaluation 64; phase 2
Function value   2.0056368e+04; maximum gradient component mag  -7.5615e+02
Var   Value    Gradient   |Var   Value    Gradient   |Var   Value    Gradient
  1 -0.80594  9.38844e-02 |  2 -0.59556  3.96515e+00 |  3  0.24627 -3.64209e+01
  4  0.18054 -5.07332e-01 |  5  0.12633 -2.01551e+00 |  6  0.08797 -4.39998e+00
  7  0.06128 -2.25475e+00 |  8  0.04182  6.72486e-01 |  9  0.02654 -2.60704e-01
 10  0.01445  2.33043e-01 | 11  0.00467  6.82588e-02 | 12 -0.00322 -2.48315e-01
 13 -0.00945 -2.79976e-01 | 14 -0.01420 -2.23022e-01 | 15 -0.01765 -1.81989e-01
 16 -0.01990 -1.60298e-01 | 17 -0.02101 -1.52939e-01 | 18  0.06184  2.75751e+02
 19 -0.01181  8.03372e+00 | 20 -0.00136 -1.61087e+01 | 21  0.00361 -6.22510e+01
 22  0.00177  7.57091e+01 | 23 -0.00254 -3.80687e+01 | 24 -0.00000 -5.13868e+01
 25  0.00064 -3.74091e+01 | 26 -0.00263 -6.08430e+01 | 27 -0.00635  5.96538e+00
 28 -0.00451 -8.19290e+00 | 29 -0.00349 -1.13532e+01 | 30  0.00085  6.26269e+01
 31  0.00145 -3.36003e+00 | 32 -0.00232 -1.24706e+01 | 33  0.00250  2.62536e+01
 34  0.00192 -1.38909e+01 | 35  0.00427 -1.28962e+01 | 36  0.00263  7.73967e-01
 37  0.00388  1.90859e+01 | 38  0.00129  3.64069e+01 | 39  0.00035  5.47731e+01
 40 -0.00031  4.48145e+01 | 41 -0.00070  1.71367e+01 | 42 -0.00189  2.62812e+01
 43 -0.00169  1.48021e+01 | 44 -0.00331  2.87996e+01 | 45 -0.00414 -1.30899e+01
 46  0.00037  7.88496e+01 | 47  0.02169 -5.70818e+01 | 48  0.14453 -7.56149e+02
 49 -0.06833  5.92209e+01 | 50 -0.06793  8.25194e+01 | 51 -0.07038  6.19700e+01
 52 -0.05843 -5.82237e+01 | 53 -0.05083  4.57996e+00 | 54 -0.04880  6.77783e+01
 55 -0.03815 -9.58431e+00 | 56 -0.01990  3.43903e+01 | 57 -0.00775  1.13900e+01
 58  0.00037 -1.60287e+01 | 59  0.01154 -1.03570e+02 | 60  0.02028 -7.61434e+01
 61  0.02466 -2.14158e+01 | 62  0.02421  1.73754e+01 | 63  0.01957 -4.06829e+01
 64  0.01944  3.27013e+01 | 65  0.01687 -1.06795e+01 | 66  0.01765  9.37650e+00
 67  0.01685  3.04517e+01 | 68  0.01850 -5.21501e+00 | 69  0.02140  1.68582e+01
 70  0.02532  1.52892e+01 | 71  0.02695 -5.09059e+00 | 72  0.02957 -1.59077e+01
 73  0.02823 -2.38379e+01 | 74  0.02620  4.32683e+01 | 75  0.02751  2.35675e+01
 76  0.02775  5.78583e+01 | 77  0.02743  4.14477e+01 | 78  0.05994  1.71754e+02
 79 -0.70210 -1.98404e+02 | 80 -0.59887 -7.01546e+01 |
2 0 20056.4
2 0 20056.4
2 0 20056.4
2 0 20056.4
2 0 20056.4
2 0 20056.4
2 0 20056.4
2 0 20056.4
2 0 20056.4
2 0 20056.4
2 0 20056.4
2 0 20056.4
2 0 20056.4
2 0 20056.4
2 0 20056.4
80 variables; iteration 60; function evaluation 79; phase 2
Function value   2.0056355e+04; maximum gradient component mag  -8.0680e+02
Var   Value    Gradient   |Var   Value    Gradient   |Var   Value    Gradient
  1 -0.81051 -5.49071e-01 |  2 -0.59107  4.06796e+00 |  3  0.24636 -3.70204e+01
  4  0.18064 -6.83112e-02 |  5  0.12657 -2.27067e+00 |  6  0.08864 -3.80905e+00
  7  0.06241  1.89788e-01 |  8  0.04290  1.22080e+00 |  9  0.02754  4.07537e+00
 10  0.01416 -1.52624e+00 | 11  0.00363 -5.74340e+00 | 12 -0.00331  6.76715e-01
 13 -0.00886  2.05618e+00 | 14 -0.01360  3.99343e-01 | 15 -0.01720 -2.74009e-01
 16 -0.01955 -2.93199e-01 | 17 -0.02070 -2.36137e-01 | 18  0.06182  2.85066e+02
 19 -0.01176  7.57024e+00 | 20 -0.00136 -1.46455e+01 | 21  0.00361 -6.21373e+01
 22  0.00175  7.23677e+01 | 23 -0.00254 -3.69140e+01 | 24 -0.00000 -4.95553e+01
 25  0.00064 -3.83427e+01 | 26 -0.00264 -6.13504e+01 | 27 -0.00637  5.26128e+00
 28 -0.00452 -7.43988e+00 | 29 -0.00350 -1.17746e+01 | 30  0.00085  6.21071e+01
 31  0.00144 -5.69296e+00 | 32 -0.00232 -1.08841e+01 | 33  0.00251  2.86864e+01
 34  0.00193 -1.14384e+01 | 35  0.00427 -1.27022e+01 | 36  0.00262 -3.40667e+00
 37  0.00387  1.87537e+01 | 38  0.00128  3.60969e+01 | 39  0.00034  5.33959e+01
 40 -0.00032  4.31469e+01 | 41 -0.00070  1.47723e+01 | 42 -0.00190  2.56022e+01
 43 -0.00168  2.04061e+01 | 44 -0.00331  3.00779e+01 | 45 -0.00414 -1.24531e+01
 46  0.00038  8.07063e+01 | 47  0.02173 -5.80411e+01 | 48  0.14458 -8.06802e+02
 49 -0.06833  5.89595e+01 | 50 -0.06792  8.22638e+01 | 51 -0.07037  6.22869e+01
 52 -0.05843 -6.04746e+01 | 53 -0.05082  6.25823e+00 | 54 -0.04881  6.45433e+01
 55 -0.03812 -5.75557e+00 | 56 -0.01988  3.44660e+01 | 57 -0.00775  1.04513e+01
 58  0.00038 -1.59416e+01 | 59  0.01154 -1.04910e+02 | 60  0.02029 -7.49311e+01
 61  0.02465 -2.46646e+01 | 62  0.02422  1.93643e+01 | 63  0.01958 -4.22543e+01
 64  0.01943  2.86175e+01 | 65  0.01688 -9.25434e+00 | 66  0.01765  8.90670e+00
 67  0.01686  3.05574e+01 | 68  0.01851 -6.66212e+00 | 69  0.02140  1.41637e+01
 70  0.02533  1.78196e+01 | 71  0.02696 -2.47227e+00 | 72  0.02957 -1.48348e+01
 73  0.02824 -2.30657e+01 | 74  0.02620  4.11541e+01 | 75  0.02750  2.22253e+01
 76  0.02775  6.25282e+01 | 77  0.02730  4.31153e+01 | 78  0.06041  1.81569e+02
 79 -0.70211 -2.04507e+02 | 80 -0.59793 -7.16943e+01 |
2 0 20056.4
2 0 20056.3
2 0 20056.3
2 0 20056.3
2 0 20056.3
2 0 20056.3
2 0 20056.3
2 0 20056.3
2 0 20056.3
2 0 20056.3
2 0 20056.3
2 0 20056.3
2 0 20056.3
2 0 20056.3
2 0 20056.3
80 variables; iteration 70; function evaluation 94; phase 2
Function value   2.0056324e+04; maximum gradient component mag  -8.7611e+02
Var   Value    Gradient   |Var   Value    Gradient   |Var   Value    Gradient
  1 -0.82389 -1.63558e+00 |  2 -0.58071  4.85568e+00 |  3  0.24648 -3.67207e+01
  4  0.18061 -3.90408e-01 |  5  0.12644 -4.10148e+00 |  6  0.08892 -3.23549e-02
  7  0.06203 -5.84359e+00 |  8  0.04363  6.45710e+00 |  9  0.02788 -8.08755e-02
 10  0.01540  1.58300e+00 | 11  0.00490 -1.60761e+00 | 12 -0.00319 -3.17631e+00
 13 -0.00872  1.90494e+00 | 14 -0.01340 -1.05054e+00 | 15 -0.01649  2.94133e-01
 16 -0.01848  8.70809e-01 | 17 -0.01959 -7.47212e-03 | 18  0.06175  2.96235e+02
 19 -0.01174  5.43467e+00 | 20 -0.00134 -7.74701e+00 | 21  0.00360 -6.40321e+01
 22  0.00176  7.26890e+01 | 23 -0.00256 -4.10292e+01 | 24 -0.00000 -4.82796e+01
 25  0.00062 -3.81021e+01 | 26 -0.00266 -6.38773e+01 | 27 -0.00637  7.44793e+00
 28 -0.00455 -1.08550e+01 | 29 -0.00352 -1.41718e+01 | 30  0.00084  6.11610e+01
 31  0.00145 -3.59907e+00 | 32 -0.00228 -2.57378e+00 | 33  0.00254  3.61905e+01
 34  0.00192 -1.67690e+01 | 35  0.00428 -1.04864e+01 | 36  0.00264  1.37064e+01
 37  0.00385  1.40826e+00 | 38  0.00130  3.90798e+01 | 39  0.00036  5.75466e+01
 40 -0.00030  5.70887e+01 | 41 -0.00071 -2.61795e+00 | 42 -0.00189  2.40914e+01
 43 -0.00165  4.57207e+01 | 44 -0.00336  8.07128e+00 | 45 -0.00418 -1.75708e+01
 46  0.00035  7.37902e+01 | 47  0.02173 -5.97627e+01 | 48  0.14461 -8.76110e+02
 49 -0.06835  5.32199e+01 | 50 -0.06788  9.46657e+01 | 51 -0.07043  4.74656e+01
 52 -0.05839 -5.33248e+01 | 53 -0.05083  2.01540e+00 | 54 -0.04877  7.52410e+01
 55 -0.03813 -9.64305e+00 | 56 -0.01988  3.04286e+01 | 57 -0.00771  1.84222e+01
 58  0.00038 -1.35974e+01 | 59  0.01154 -1.02219e+02 | 60  0.02029 -7.36352e+01
 61  0.02463 -3.30473e+01 | 62  0.02424  2.53017e+01 | 63  0.01959 -3.67622e+01
 64  0.01942  2.70818e+01 | 65  0.01688 -1.18471e+01 | 66  0.01763 -6.25874e+00
 67  0.01683  2.53226e+01 | 68  0.01853 -1.29068e+00 | 69  0.02139  8.42991e+00
 70  0.02531  3.42083e+00 | 71  0.02699  1.37316e+01 | 72  0.02958 -1.10216e+01
 73  0.02826 -2.61621e+01 | 74  0.02623  5.12150e+01 | 75  0.02746  1.23994e+01
 76  0.02771  6.33295e+01 | 77  0.02729  4.64005e+01 | 78  0.06070  1.91569e+02
 79 -0.70237 -2.11612e+02 | 80 -0.59592 -7.32927e+01 |
2 0 20056.3
2 0 20056.3
2 0 20056.3
2 0 20056.3
2 0 20056.3
2 0 20056.3
2 0 20056.3
2 0 20056.3
2 0 20056.3
2 0 20056.3
2 0 20056.3
2 0 20056.3
2 0 20056.2
2 0 20056.2
2 0 20056.1
80 variables; iteration 80; function evaluation 109; phase 2
Function value   2.0056102e+04; maximum gradient component mag  -1.0304e+03
Var   Value    Gradient   |Var   Value    Gradient   |Var   Value    Gradient
  1 -0.83392 -3.30239e+00 |  2 -0.57450  3.17236e+00 |  3  0.24701 -3.10193e+01
  4  0.18095 -1.54434e-01 |  5  0.12703 -2.65828e+00 |  6  0.08919  1.57419e-01
  7  0.06169 -4.69814e+00 |  8  0.04207  5.47772e+00 |  9  0.02509  2.61766e-01
 10  0.01098 -1.43299e+00 | 11 -0.00058 -5.42308e-02 | 12 -0.01048 -3.32054e-01
 13 -0.01898 -1.46496e+00 | 14 -0.02596  9.85433e-01 | 15 -0.03233 -5.92019e+00
 16 -0.03614 -1.60885e+00 | 17 -0.03873 -6.35187e+00 | 18  0.06200  3.01670e+02
 19 -0.01178 -6.80193e+00 | 20 -0.00131  4.97240e+00 | 21  0.00363 -4.80726e+01
 22  0.00176  5.31576e+01 | 23 -0.00255 -3.13016e+01 | 24  0.00001 -3.63031e+01
 25  0.00068 -3.49819e+01 | 26 -0.00263 -5.33791e+01 | 27 -0.00642  4.30377e+00
 28 -0.00457 -9.43971e+00 | 29 -0.00353 -1.25977e+01 | 30  0.00077  4.94686e+01
 31  0.00140 -1.65946e+00 | 32 -0.00229  1.24133e+00 | 33  0.00258  3.55510e+01
 34  0.00196 -1.17077e+01 | 35  0.00431 -5.78543e+00 | 36  0.00266  1.14017e+01
 37  0.00384  2.21646e+00 | 38  0.00128  3.17132e+01 | 39  0.00032  4.88754e+01
 40 -0.00033  4.59707e+01 | 41 -0.00073 -3.34513e-01 | 42 -0.00189  2.06892e+01
 43 -0.00165  4.24145e+01 | 44 -0.00336  8.55313e+00 | 45 -0.00417 -1.52593e+01
 46  0.00031  5.04589e+01 | 47  0.02181 -5.89699e+01 | 48  0.14467 -1.03040e+03
 49 -0.06831  5.24879e+01 | 50 -0.06790  7.34609e+01 | 51 -0.07043  3.74746e+01
 52 -0.05835 -4.15544e+01 | 53 -0.05081  1.58154e-01 | 54 -0.04880  6.16616e+01
 55 -0.03808 -3.58452e+00 | 56 -0.01981  2.99088e+01 | 57 -0.00768  1.20247e+01
 58  0.00042 -8.30656e+00 | 59  0.01161 -7.98145e+01 | 60  0.02032 -5.85635e+01
 61  0.02464 -3.41339e+01 | 62  0.02422  1.34668e+01 | 63  0.01963 -3.08660e+01
 64  0.01941  1.85084e+01 | 65  0.01690 -1.37359e+01 | 66  0.01764 -9.13845e+00
 67  0.01684  1.55544e+01 | 68  0.01855 -6.35846e+00 | 69  0.02140  8.13068e+00
 70  0.02532 -1.72846e+00 | 71  0.02699  6.05314e+00 | 72  0.02961 -1.28518e+01
 73  0.02830 -2.71469e+01 | 74  0.02622  3.85441e+01 | 75  0.02749  1.47163e+01
 76  0.02758  6.10503e+01 | 77  0.02680  4.97009e+01 | 78  0.06115  2.08003e+02
 79 -0.70765 -2.07744e+02 | 80 -0.57399 -6.50496e+01 |
2 0 20055.9
2 0 20055.6
2 0 20055.3
2 0 20054.8
2 0 20054.2
2 0 20053.6
2 0 20053.5
2 0 20053.2
2 0 20052.9
2 0 20052.7
2 0 20052.5
80 variables; iteration 90; function evaluation 120; phase 2
Function value   2.0052543e+04; maximum gradient component mag  -6.7476e+02
Var   Value    Gradient   |Var   Value    Gradient   |Var   Value    Gradient
  1 -0.98202 -1.58313e+00 |  2 -0.33730 -1.96834e+00 |  3  0.25564 -1.94842e+01
  4  0.18639 -2.36783e+00 |  5  0.13191 -3.07870e+00 |  6  0.09379 -1.03265e+00
  7  0.06638 -3.12262e+00 |  8  0.04653  2.09467e+00 |  9  0.03048 -3.35478e-01
 10  0.01766 -1.12842e+00 | 11  0.00756 -3.00813e-01 | 12 -0.00056 -6.64793e-02
 13 -0.00709 -1.65059e-01 | 14 -0.01220  1.18698e+00 | 15 -0.01645 -2.06054e+00
 16 -0.01898  2.40698e-01 | 17 -0.02054 -1.84169e+00 | 18  0.06486  3.91391e+00
 19 -0.01223  2.72663e+01 | 20 -0.00078 -1.54406e+01 | 21  0.00429 -3.67256e+01
 22  0.00184  4.29659e+01 | 23 -0.00276 -1.67668e+01 | 24  0.00001 -2.47370e+01
 25  0.00055 -1.13260e+01 | 26 -0.00339 -1.41488e+01 | 27 -0.00765  9.46607e-01
 28 -0.00554 -3.83388e+00 | 29 -0.00402  1.15476e+00 | 30  0.00058  3.18622e+01
 31  0.00143 -2.87101e+00 | 32 -0.00209 -7.01343e+00 | 33  0.00319  4.63455e+00
 34  0.00266 -6.91376e+00 | 35  0.00512 -1.12845e+01 | 36  0.00339  6.96470e+00
 37  0.00458 -2.11458e+00 | 38  0.00174  1.70536e+01 | 39  0.00046  2.48878e+01
 40 -0.00016  2.19898e+01 | 41 -0.00069 -4.25642e+00 | 42 -0.00196  8.16750e+00
 43 -0.00181  1.51252e+01 | 44 -0.00362  1.82702e+00 | 45 -0.00412 -8.96261e+00
 46  0.00064  1.41073e+01 | 47  0.02042 -9.80766e+00 | 48  0.15152 -6.74757e+02
 49 -0.06828  1.99800e+01 | 50 -0.06827  4.39241e+01 | 51 -0.07046  1.31980e+01
 52 -0.05795 -3.31593e+01 | 53 -0.05078  1.17629e+00 | 54 -0.04876  3.35999e+01
 55 -0.03729 -1.33096e+01 | 56 -0.01867 -9.90057e+00 | 57 -0.00705 -9.09778e+00
 58  0.00068 -1.59576e+01 | 59  0.01163 -5.48304e+01 | 60  0.02018 -3.95623e+01
 61  0.02466 -1.87292e+01 | 62  0.02372  2.25740e+01 | 63  0.01925 -8.18676e-01
 64  0.01885  2.26866e+01 | 65  0.01651  2.07180e+00 | 66  0.01723  2.32624e+00
 67  0.01669  1.06368e+01 | 68  0.01861 -4.92312e+00 | 69  0.02138 -1.62083e+00
 70  0.02545 -8.43010e-01 | 71  0.02721  4.22768e+00 | 72  0.02982 -4.04118e+00
 73  0.02866 -9.31448e+00 | 74  0.02632  2.72024e+01 | 75  0.02722  1.76702e+01
 76  0.02671  4.26107e+01 | 77  0.02633  3.24274e+01 | 78  0.10505  1.02868e+02
 79 -0.67471  5.21495e+00 | 80 -0.44293  3.11986e+00 |
2 0 20052.5
2 0 20052.4
2 0 20052.4
2 0 20052.3
2 0 20052.3
2 0 20052.3
2 0 20052.3
2 0 20052.3
2 0 20052.3
2 0 20052.2
2 0 20051.9
80 variables; iteration 100; function evaluation 131; phase 2
Function value   2.0051932e+04; maximum gradient component mag   9.0202e+02
Var   Value    Gradient   |Var   Value    Gradient   |Var   Value    Gradient
  1 -1.17243  6.75477e+00 |  2 -0.17647  1.25141e+01 |  3  0.26185 -5.17202e+00
  4  0.19135  2.22062e+00 |  5  0.13629 -3.32657e+00 |  6  0.09808  2.20664e-01
  7  0.07032 -3.57078e+00 |  8  0.05035  5.14674e+00 |  9  0.03335  1.68404e-01
 10  0.01948 -1.24491e+00 | 11  0.00832  3.28525e-01 | 12 -0.00110 -2.56113e-01
 13 -0.00894 -1.35473e+00 | 14 -0.01513  1.30742e+00 | 15 -0.02063 -4.26212e+00
 16 -0.02388 -4.76887e-01 | 17 -0.02610 -4.54701e+00 | 18  0.06592  5.56005e+01
 19 -0.01230 -1.00486e+01 | 20 -0.00062 -6.06463e+01 | 21  0.00434 -1.07102e+02
 22  0.00171  8.85694e+01 | 23 -0.00305 -4.05685e+00 | 24 -0.00030 -5.83794e+01
 25 -0.00002 -2.99142e+01 | 26 -0.00421 -4.97667e+00 | 27 -0.00857  2.20143e+01
 28 -0.00627  9.04986e+00 | 29 -0.00435  2.80188e+01 | 30  0.00074  8.54145e+01
 31  0.00166  1.22551e+01 | 32 -0.00190 -1.52325e+01 | 33  0.00349 -3.62620e+01
 34  0.00294 -3.97603e+01 | 35  0.00543 -5.02282e+01 | 36  0.00375  6.81285e+00
 37  0.00505 -4.07652e+00 | 38  0.00214  3.89825e+01 | 39  0.00079  6.12683e+01
 40  0.00016  4.05417e+01 | 41 -0.00063 -1.55748e+01 | 42 -0.00202  6.04138e+00
 43 -0.00191  1.74816e+01 | 44 -0.00378 -5.89296e+00 | 45 -0.00409 -4.40350e+01
 46  0.00103 -4.98445e+01 | 47  0.02090  1.85645e+02 | 48  0.15636  9.02024e+02
 49 -0.06813  5.68735e+01 | 50 -0.06833  1.07173e+02 | 51 -0.07047  2.01198e+01
 52 -0.05770 -5.61732e+01 | 53 -0.05057  1.77785e+01 | 54 -0.04839  7.43571e+01
 55 -0.03675 -3.34849e+01 | 56 -0.01783 -1.19416e+01 | 57 -0.00650 -1.61109e+01
 58  0.00083 -5.32193e+01 | 59  0.01134 -1.57398e+02 | 60  0.02005 -1.06592e+02
 61  0.02469 -4.39686e+01 | 62  0.02351  3.74575e+01 | 63  0.01897  6.34488e+00
 64  0.01855  6.31132e+01 | 65  0.01616  6.68595e+00 | 66  0.01687 -1.16939e+00
 67  0.01652 -5.38903e+00 | 68  0.01851 -4.86063e+01 | 69  0.02135 -3.81478e+01
 70  0.02561 -1.39625e+01 | 71  0.02740  4.22561e+00 | 72  0.03001 -2.25759e+00
 73  0.02891 -1.01919e+00 | 74  0.02647  7.98962e+01 | 75  0.02699  1.25405e+02
 76  0.02613  1.96797e+02 | 77  0.02558 -4.02030e+01 | 78  0.12725 -2.75110e+02
 79 -0.64328  2.06615e+01 | 80 -0.38059 -8.29342e+00 |
2 0 20052.2
2 0 20051.7
2 0 20051.3
2 0 20050.7
2 0 20049.6
2 0 20049.9
2 0 20048.9
2 0 20048
2 0 20047.7
2 0 20047.2
2 0 20047
2 0 20046.8
80 variables; iteration 110; function evaluation 143; phase 2
Function value   2.0046821e+04; maximum gradient component mag  -2.4000e+03
Var   Value    Gradient   |Var   Value    Gradient   |Var   Value    Gradient
  1 -1.33491 -1.20345e+01 |  2 -0.26979 -1.22033e+00 |  3  0.26979 -2.22986e+01
  4  0.19555 -7.76019e+00 |  5  0.13976 -7.38349e-01 |  6  0.10075 -8.45791e-01
  7  0.07295  9.06704e-01 |  8  0.05186 -2.17772e+00 |  9  0.03606 -2.63962e-01
 10  0.02367  2.29657e-01 | 11  0.01377 -3.46527e-01 | 12  0.00605 -1.77293e-01
 13  0.00014  3.05523e-01 | 14 -0.00433 -6.13211e-01 | 15 -0.00721  1.53224e+00
 16 -0.00925 -2.41482e-02 | 17 -0.01003  1.51154e+00 | 18  0.06806 -2.19194e+02
 19 -0.01260  6.21222e+01 | 20  0.00029  1.19347e+01 | 21  0.00540  4.33082e+01
 22  0.00194 -2.21024e+01 | 23 -0.00309 -9.09453e+00 | 24  0.00013  1.56593e+01
 25  0.00076  1.27035e+01 | 26 -0.00426 -1.46772e+01 | 27 -0.00935 -3.38560e+01
 28 -0.00697 -1.82073e+01 | 29 -0.00494 -2.19083e+01 | 30 -0.00018 -3.88473e+01
 31  0.00104 -2.74935e+00 | 32 -0.00198  1.98703e+00 | 33  0.00406  1.34966e+01
 34  0.00374  2.06166e+01 | 35  0.00646  2.42332e+01 | 36  0.00457  2.15381e-01
 37  0.00569  5.06610e+00 | 38  0.00232 -1.16184e+01 | 39  0.00062 -1.57383e+01
 40  0.00007 -1.08752e+01 | 41 -0.00073  8.40928e+00 | 42 -0.00220  1.40100e+00
 43 -0.00225 -6.14013e+00 | 44 -0.00406  6.28751e+00 | 45 -0.00400  1.20554e+01
 46  0.00108  5.43861e+00 | 47  0.01839 -6.63676e+01 | 48  0.16370 -2.40003e+03
 49 -0.06853 -2.49043e+01 | 50 -0.06891 -2.56959e+01 | 51 -0.07040 -6.18734e+00
 52 -0.05758 -1.24793e+01 | 53 -0.05097 -2.64959e+01 | 54 -0.04891 -4.19516e+01
 55 -0.03614 -2.79881e+01 | 56 -0.01702 -5.16138e+01 | 57 -0.00592 -2.47603e+01
 58  0.00136  5.98153e+00 | 59  0.01191  4.64451e+01 | 60  0.02001  3.15212e+01
 61  0.02447  7.05615e+00 | 62  0.02288 -2.05220e+00 | 63  0.01852  1.08938e+01
 64  0.01775 -1.30411e+01 | 65  0.01575  5.49620e+00 | 66  0.01646  9.00424e+00
 67  0.01644  9.03584e+00 | 68  0.01860  1.97419e+01 | 69  0.02133  1.28894e+01
 70  0.02571  2.74129e+00 | 71  0.02760 -5.93839e+00 | 72  0.03033 -4.47035e+00
 73  0.02924 -2.70055e+00 | 74  0.02657 -1.96641e+01 | 75  0.02693 -2.09788e+01
 76  0.02590 -2.31298e+01 | 77  0.02604  1.12750e+02 | 78  0.15816  4.03127e+02
 79 -0.60608  1.13852e+02 | 80 -0.33648  1.11115e+00 |
2 0 20046.6
2 0 20046.3
2 0 20045.8
2 0 20045.3
2 0 20045
2 0 20044.7
2 0 20044.7
2 0 20044.5
2 0 20044.2
2 0 20043.8
2 0 20043.2
80 variables; iteration 120; function evaluation 154; phase 2
Function value   2.0043169e+04; maximum gradient component mag  -1.4671e+03
Var   Value    Gradient   |Var   Value    Gradient   |Var   Value    Gradient
  1 -1.43261  7.54749e+00 |  2 -0.21283  1.00261e+01 |  3  0.28429 -1.59301e+01
  4  0.20555 -5.64201e+00 |  5  0.14734  8.57654e-01 |  6  0.10684 -3.41944e-01
  7  0.07814  3.07121e+00 |  8  0.05597 -3.20657e+00 |  9  0.03969  1.68235e-01
 10  0.02691  9.87331e-01 | 11  0.01656 -1.78673e-01 | 12  0.00845 -2.47851e-01
 13  0.00225  1.38771e-01 | 14 -0.00239 -1.64871e+00 | 15 -0.00508  2.52977e+00
 16 -0.00715 -4.94560e-01 | 17 -0.00776  2.27229e+00 | 18  0.07250  1.19868e+00
 19 -0.01396 -4.80462e+00 | 20  0.00115  2.36032e+01 | 21  0.00609  4.41117e+01
 22  0.00154 -1.09515e+02 | 23 -0.00395 -8.91169e+00 | 24 -0.00040  1.74926e+01
 25  0.00024 -1.00950e+00 | 26 -0.00542 -3.57098e+00 | 27 -0.01082  1.00102e+01
 28 -0.00803  1.37050e+01 | 29 -0.00544 -1.87844e+01 | 30 -0.00043 -5.60712e+01
 31  0.00109  1.58345e+01 | 32 -0.00152  2.91621e+01 | 33  0.00509  3.13485e+01
 34  0.00485  1.54867e+01 | 35  0.00775  4.34717e+01 | 36  0.00572  9.78079e-01
 37  0.00687  2.59250e+01 | 38  0.00313 -4.06174e+00 | 39  0.00110 -2.12651e+01
 40  0.00060 -1.77063e+01 | 41 -0.00045  2.18588e+01 | 42 -0.00215 -6.52815e+00
 43 -0.00245 -2.24025e+01 | 44 -0.00439 -1.31677e+01 | 45 -0.00396 -1.90905e+01
 46  0.00119 -8.69453e+01 | 47  0.01691  4.79916e+01 | 48  0.17692 -1.46714e+03
 49 -0.06888 -2.34757e+01 | 50 -0.06953 -4.84289e+01 | 51 -0.07004  4.52113e+01
 52 -0.05680  1.18096e+02 | 53 -0.05078  5.80086e+01 | 54 -0.04864  1.06226e+01
 55 -0.03482  8.26959e+01 | 56 -0.01533  2.39802e+01 | 57 -0.00488 -3.70196e+01
 58  0.00187 -3.03982e+01 | 59  0.01201  3.71334e+01 | 60  0.01969 -8.74706e+00
 61  0.02408 -4.93764e+01 | 62  0.02188 -7.37538e+01 | 63  0.01758 -1.98526e+01
 64  0.01651 -4.89826e+01 | 65  0.01473 -8.66963e+00 | 66  0.01540 -1.70008e+01
 67  0.01588 -3.45063e+01 | 68  0.01832 -2.57370e+01 | 69  0.02104 -4.18124e+01
 70  0.02570 -6.85452e+01 | 71  0.02785 -7.11584e+01 | 72  0.03078 -5.42691e+01
 73  0.02981 -3.30115e+01 | 74  0.02686 -3.47527e+01 | 75  0.02689  5.89238e+01
 76  0.02586  1.14467e+02 | 77  0.02628  6.87047e+01 | 78  0.19702  5.02293e+02
 79 -0.54809  9.33026e+00 | 80 -0.28949 -1.77766e+00 |
2 0 20042.4
2 0 20046.1
2 0 20042.2
2 0 20041.9
2 0 20041.5
2 0 20041.4
2 0 20041.4
2 0 20041.3
2 0 20041.2
2 0 20041.1
2 0 20041
80 variables; iteration 130; function evaluation 165; phase 2
Function value   2.0040969e+04; maximum gradient component mag   1.3204e+02
Var   Value    Gradient   |Var   Value    Gradient   |Var   Value    Gradient
  1 -1.49895 -7.38964e+00 |  2 -0.14993 -2.45733e+00 |  3  0.29810 -1.46510e+01
  4  0.21531 -4.51455e+00 |  5  0.15422 -1.09866e+00 |  6  0.11210 -5.11784e-01
  7  0.08213  1.78361e-01 |  8  0.05970 -5.70501e-01 |  9  0.04252 -9.66566e-02
 10  0.02899  6.90716e-02 | 11  0.01820 -6.75650e-02 | 12  0.00963 -6.95477e-02
 13  0.00292  7.44762e-03 | 14 -0.00220 -2.26499e-01 | 15 -0.00583  3.03248e-01
 16 -0.00824 -7.66896e-02 | 17 -0.00937  2.83377e-01 | 18  0.07415  1.05195e+01
 19 -0.01088  1.59014e+01 | 20  0.00194 -3.84054e+01 | 21  0.00646 -3.30438e+00
 22  0.00169 -1.72722e+01 | 23 -0.00406 -2.22930e+00 | 24 -0.00045  8.99232e+00
 25  0.00000 -4.36185e-01 | 26 -0.00611 -1.72993e+01 | 27 -0.01194 -6.99824e+00
 28 -0.00904  3.74410e-01 | 29 -0.00603 -1.33206e+01 | 30 -0.00063 -2.07223e+01
 31  0.00088  3.78060e+00 | 32 -0.00163 -6.55133e-01 | 33  0.00519 -1.94682e+01
 34  0.00487 -2.04273e+01 | 35  0.00783 -9.69482e+00 | 36  0.00592 -1.67972e+00
 37  0.00726  1.43866e+01 | 38  0.00345  1.88094e+01 | 39  0.00126  9.45475e+00
 40  0.00075  5.59434e+00 | 41 -0.00076  2.70062e+00 | 42 -0.00257 -4.90033e+00
 43 -0.00285 -3.31101e+00 | 44 -0.00462  2.41903e+01 | 45 -0.00369  5.25660e+01
 46  0.00171  6.25227e+01 | 47  0.01605 -4.59564e+01 | 48  0.18790  1.32038e+02
 49 -0.06912 -4.66021e+01 | 50 -0.06994 -2.55185e+01 | 51 -0.07030 -2.71494e+00
 52 -0.05662  1.12767e+00 | 53 -0.05069 -1.87898e+01 | 54 -0.04838 -2.78854e+01
 55 -0.03403 -3.69362e+00 | 56 -0.01383 -1.45408e+01 | 57 -0.00366 -4.87292e+01
 58  0.00245 -5.86327e+01 | 59  0.01198 -3.54330e+01 | 60  0.01975 -2.11629e+01
 61  0.02414  6.44650e+00 | 62  0.02154  4.02312e+01 | 63  0.01707  6.56712e+01
 64  0.01583  5.95876e+01 | 65  0.01400  4.96593e+01 | 66  0.01462  2.72002e+01
 67  0.01549  7.83574e+00 | 68  0.01822  7.65125e+00 | 69  0.02104  5.52287e+00
 70  0.02616  8.22144e+00 | 71  0.02836  2.07721e+01 | 72  0.03128  4.48738e+01
 73  0.03022  4.75808e+01 | 74  0.02693  1.25653e+01 | 75  0.02647 -3.27323e+01
 76  0.02522 -7.59381e+01 | 77  0.02525 -6.65657e+00 | 78  0.21785 -8.71700e+01
 79 -0.49434 -5.08607e+01 | 80 -0.21700  3.19890e+01 |
2 0 20040.8
2 0 20040.7
2 0 20040.6
2 0 20040.4
2 0 20040.2
2 0 20040.1
2 0 20040.1
2 0 20040.1
2 0 20040
2 0 20039.9
2 0 20039.8
80 variables; iteration 140; function evaluation 176; phase 2
Function value   2.0039840e+04; maximum gradient component mag  -3.8388e+02
Var   Value    Gradient   |Var   Value    Gradient   |Var   Value    Gradient
  1 -1.52778  9.65149e-01 |  2 -0.15769  1.12049e+00 |  3  0.30856 -7.33620e+00
  4  0.22235 -2.44755e+00 |  5  0.15900 -6.06292e-01 |  6  0.11548 -2.62845e-01
  7  0.08461  3.36629e-01 |  8  0.06158 -4.37381e-01 |  9  0.04397 -9.97253e-03
 10  0.03013  1.20636e-01 | 11  0.01910 -1.88928e-02 | 12  0.01034 -4.91043e-02
 13  0.00348 -1.71384e-02 | 14 -0.00175 -2.37886e-01 | 15 -0.00546  2.89021e-01
 16 -0.00792 -8.48202e-02 | 17 -0.00908  2.56466e-01 | 18  0.07786 -5.91839e+01
 19 -0.01089  1.14602e+01 | 20  0.00245 -2.18561e+01 | 21  0.00680  7.47442e+00
 22  0.00171 -1.10486e+01 | 23 -0.00407  1.35197e+01 | 24 -0.00031  3.17251e+01
 25  0.00005  5.49528e+00 | 26 -0.00647 -1.35892e+01 | 27 -0.01261  4.51698e+00
 28 -0.00965  5.38726e+00 | 29 -0.00645 -1.42265e+01 | 30 -0.00092 -2.50190e+01
 31  0.00074  5.43619e-04 | 32 -0.00147  1.31860e+00 | 33  0.00569 -7.97674e+00
 34  0.00550 -7.22252e+00 | 35  0.00863  1.91234e+01 | 36  0.00669  1.73191e+01
 37  0.00799  3.02916e+01 | 38  0.00390  2.14591e+01 | 39  0.00148  2.92838e+00
 40  0.00092 -3.18010e+00 | 41 -0.00074 -4.73452e+00 | 42 -0.00265 -1.70644e+01
 43 -0.00304 -2.46147e+01 | 44 -0.00494 -1.59187e+01 | 45 -0.00400 -9.80621e+00
 46  0.00114 -2.59653e+01 | 47  0.01449  2.32974e+01 | 48  0.19752 -3.83883e+02
 49 -0.06942 -6.99695e+00 | 50 -0.07039 -1.22024e+01 | 51 -0.07039  3.42713e+00
 52 -0.05655 -1.01495e+00 | 53 -0.05082 -2.33846e+01 | 54 -0.04834 -1.16250e+01
 55 -0.03338  4.76170e+01 | 56 -0.01284  4.52187e+01 | 57 -0.00289 -7.40657e+00
 58  0.00294 -2.69596e+01 | 59  0.01215 -1.71526e+01 | 60  0.01965 -2.98353e+01
 61  0.02384 -2.96153e+01 | 62  0.02083 -2.57779e+00 | 63  0.01629  2.15750e+01
 64  0.01488  1.01434e+01 | 65  0.01315  7.74438e+00 | 66  0.01383 -4.91098e+00
 67  0.01507 -1.29083e+01 | 68  0.01801 -4.48288e+00 | 69  0.02088 -6.02438e+00
 70  0.02616 -1.96752e+01 | 71  0.02848 -2.18427e+01 | 72  0.03151 -1.12896e+01
 73  0.03057 -1.10622e+00 | 74  0.02729  6.71366e+00 | 75  0.02686  3.48334e+01
 76  0.02601  4.27864e+01 | 77  0.02604  1.82700e+01 | 78  0.23575  1.35440e+02
 79 -0.47259  6.10258e+01 | 80 -0.21815 -1.77564e+01 |
2 0 20039.8
2 0 20039.7
2 0 20039.7
2 0 20039.7
2 0 20039.6
2 0 20039.6
2 0 20039.6
2 0 20039.6
2 0 20039.6
2 0 20039.6
80 variables; iteration 150; function evaluation 186; phase 2
Function value   2.0039563e+04; maximum gradient component mag  -1.4416e+02
Var   Value    Gradient   |Var   Value    Gradient   |Var   Value    Gradient
  1 -1.54786 -9.41107e+00 |  2 -0.15366 -4.20301e+00 |  3  0.31645 -2.66830e+00
  4  0.22776 -6.71724e-01 |  5  0.16272 -2.15724e-01 |  6  0.11810 -1.15266e-01
  7  0.08648 -3.98784e-02 |  8  0.06306 -7.85496e-02 |  9  0.04508 -3.10256e-02
 10  0.03097 -1.76069e-02 | 11  0.01976 -1.84062e-02 | 12  0.01086 -1.48252e-02
 13  0.00388 -1.47352e-02 | 14 -0.00146 -3.11330e-02 | 15 -0.00532  1.27975e-02
 16 -0.00784 -1.96222e-02 | 17 -0.00908  1.06973e-02 | 18  0.08013 -3.14118e+01
 19 -0.00978  7.75740e+00 | 20  0.00288 -6.64233e+00 | 21  0.00693  1.02175e+00
 22  0.00159 -1.72923e+00 | 23 -0.00441 -6.49315e-01 | 24 -0.00070  2.69081e+00
 25 -0.00026  3.58439e+00 | 26 -0.00655 -1.20598e+00 | 27 -0.01270 -4.19046e+00
 28 -0.00978 -3.19349e+00 | 29 -0.00654 -3.91315e+00 | 30 -0.00102 -1.45355e+00
 31  0.00054  2.34558e+00 | 32 -0.00158  1.74896e+00 | 33  0.00580  1.68430e-01
 34  0.00569  3.29407e+00 | 35  0.00879  7.03098e+00 | 36  0.00674  2.05801e+00
 37  0.00794  2.45055e-01 | 38  0.00375  1.47783e+00 | 39  0.00135  1.46915e-01
 40  0.00093 -2.85120e-01 | 41 -0.00078  1.21852e+00 | 42 -0.00268  2.76828e+00
 43 -0.00305  1.70054e+00 | 44 -0.00492 -9.99708e-01 | 45 -0.00385 -4.75572e+00
 46  0.00136 -8.15830e+00 | 47  0.01430 -2.52208e+00 | 48  0.20446 -1.44163e+02
 49 -0.06963 -1.80348e-01 | 50 -0.07055 -2.56897e+00 | 51 -0.07032 -2.81483e+00
 52 -0.05619  1.17733e+00 | 53 -0.05051  4.94061e+00 | 54 -0.04816  3.32361e+00
 55 -0.03331 -1.28930e+00 | 56 -0.01251 -1.41375e+01 | 57 -0.00248 -1.74207e+01
 58  0.00324 -8.70009e+00 | 59  0.01231  1.86664e+00 | 60  0.01981  3.42716e+00
 61  0.02387  1.76837e+00 | 62  0.02051  2.91614e+00 | 63  0.01588  2.85990e+00
 64  0.01447  9.03025e-01 | 65  0.01287  6.19122e+00 | 66  0.01362  1.04210e+01
 67  0.01502  8.32134e+00 | 68  0.01797  4.68109e+00 | 69  0.02082  2.65741e+00
 70  0.02625  1.97431e+00 | 71  0.02861  3.87700e-01 | 72  0.03164 -3.49811e+00
 73  0.03069 -7.52006e+00 | 74  0.02728 -7.48483e+00 | 75  0.02668 -2.90643e+00
 76  0.02580  2.67394e+00 | 77  0.02580  6.95043e+00 | 78  0.24628  3.92090e+01
 79 -0.45526  3.77218e+01 | 80 -0.20875 -1.27857e+01 |
2 0 20039.6
2 0 20039.6
2 0 20039.6
2 0 20039.6
2 0 20039.6
2 0 20039.6
2 0 20039.6
2 0 20039.6
2 0 20039.6
2 0 20039.6
80 variables; iteration 160; function evaluation 196; phase 2
Function value   2.0039552e+04; maximum gradient component mag  -4.1288e+00
Var   Value    Gradient   |Var   Value    Gradient   |Var   Value    Gradient
  1 -1.55110 -6.26703e-02 |  2 -0.15401 -2.18176e-02 |  3  0.31799  8.47350e-02
  4  0.22876  1.54543e-02 |  5  0.16340  7.19498e-03 |  6  0.11858  5.38562e-03
  7  0.08684  4.14246e-03 |  8  0.06334  2.58803e-03 |  9  0.04530  1.79395e-03
 10  0.03115  1.85912e-03 | 11  0.01991  1.01439e-03 | 12  0.01099  4.89408e-04
 13  0.00399  5.52866e-04 | 14 -0.00136  3.64233e-04 | 15 -0.00523 -1.06077e-04
 16 -0.00776  2.93302e-04 | 17 -0.00901 -2.40245e-04 | 18  0.08068 -1.01564e+00
 19 -0.00978 -1.38748e-01 | 20  0.00297 -6.62466e-02 | 21  0.00697 -2.93682e-01
 22  0.00157  2.53979e-01 | 23 -0.00444  4.43055e-01 | 24 -0.00071  2.87791e-01
 25 -0.00027  3.53698e-02 | 26 -0.00658 -2.05125e-02 | 27 -0.01278 -2.11276e-01
 28 -0.00989 -2.82401e-01 | 29 -0.00662 -2.73572e-01 | 30 -0.00106 -1.88503e-01
 31  0.00052 -1.89898e-02 | 32 -0.00158  2.94709e-01 | 33  0.00583  5.44105e-01
 34  0.00571  3.45944e-01 | 35  0.00881  7.83738e-03 | 36  0.00677 -6.27619e-02
 37  0.00801 -1.74416e-01 | 38  0.00381 -2.31634e-01 | 39  0.00140 -9.43660e-03
 40  0.00097  1.15823e-01 | 41 -0.00077  5.84464e-02 | 42 -0.00269 -1.08946e-01
 43 -0.00307 -1.89995e-01 | 44 -0.00494 -2.36042e-01 | 45 -0.00383 -2.19779e-01
 46  0.00140 -2.75236e-01 | 47  0.01428  6.06097e-01 | 48  0.20591 -4.12882e+00
 49 -0.06969  1.71540e-01 | 50 -0.07058  3.81368e-01 | 51 -0.07030  3.95870e-01
 52 -0.05616  1.73213e-01 | 53 -0.05051  2.38569e-01 | 54 -0.04815  4.78208e-01
 55 -0.03325  2.81762e-01 | 56 -0.01236 -3.08030e-01 | 57 -0.00232 -6.54592e-01
 58  0.00333 -5.73633e-01 | 59  0.01233  8.33333e-03 | 60  0.01982  8.25467e-01
 61  0.02386  1.00850e+00 | 62  0.02045  4.66140e-01 | 63  0.01582  8.22004e-03
 64  0.01441 -2.94958e-01 | 65  0.01277 -6.37756e-01 | 66  0.01350 -7.16076e-01
 67  0.01495 -5.20771e-01 | 68  0.01793 -4.06219e-01 | 69  0.02080 -3.38168e-01
 70  0.02626 -2.20687e-01 | 71  0.02864 -6.23013e-02 | 72  0.03168 -1.18319e-01
 73  0.03074 -2.59324e-01 | 74  0.02730 -2.09778e-01 | 75  0.02665  2.10681e-01
 76  0.02577  4.75976e-01 | 77  0.02577  2.00240e-01 | 78  0.24842  9.62597e-01
 79 -0.45254  1.56231e+00 | 80 -0.20846 -6.23975e-01 |
2 0 20039.6
2 0 20039.6
2 0 20039.6
2 0 20039.6
2 0 20039.6
2 0 20039.6
2 0 20039.6
2 0 20039.6
2 0 20039.6
2 0 20039.6
80 variables; iteration 170; function evaluation 206; phase 2
Function value   2.0039552e+04; maximum gradient component mag  -1.4065e-02
Var   Value    Gradient   |Var   Value    Gradient   |Var   Value    Gradient
  1 -1.55111  4.33477e-05 |  2 -0.15404  1.85880e-04 |  3  0.31801  2.11106e-03
  4  0.22878  5.51021e-04 |  5  0.16340  1.94891e-04 |  6  0.11858  8.65550e-05
  7  0.08684  4.25384e-05 |  8  0.06334  3.87974e-05 |  9  0.04530  2.27101e-05
 10  0.03115  1.50855e-05 | 11  0.01991  9.00398e-06 | 12  0.01099  8.74005e-06
 13  0.00399  1.18977e-05 | 14 -0.00136  1.36866e-05 | 15 -0.00524  3.26725e-06
 16 -0.00776  1.15419e-05 | 17 -0.00901  3.92414e-06 | 18  0.08068  2.19188e-03
 19 -0.00976 -3.99700e-03 | 20  0.00297  7.30203e-03 | 21  0.00697 -1.09270e-04
 22  0.00157 -2.09822e-03 | 23 -0.00445 -5.51082e-04 | 24 -0.00072 -6.73749e-04
 25 -0.00027 -2.38759e-03 | 26 -0.00657  1.33460e-03 | 27 -0.01278  2.33756e-03
 28 -0.00989  7.74049e-04 | 29 -0.00662  4.43539e-04 | 30 -0.00106  1.50402e-03
 31  0.00052  1.03854e-03 | 32 -0.00158  3.04224e-03 | 33  0.00583  5.06127e-03
 34  0.00571 -4.90353e-05 | 35  0.00881 -4.94013e-03 | 36  0.00677 -4.41621e-03
 37  0.00801 -2.13553e-04 | 38  0.00381  2.05756e-03 | 39  0.00140  6.78841e-04
 40  0.00097 -5.86787e-04 | 41 -0.00078 -3.43435e-03 | 42 -0.00269 -4.65874e-03
 43 -0.00307 -1.76412e-03 | 44 -0.00494  2.81399e-03 | 45 -0.00383  3.80773e-03
 46  0.00140  4.68876e-03 | 47  0.01428 -6.95877e-03 | 48  0.20592 -4.15741e-03
 49 -0.06969  1.29062e-03 | 50 -0.07059 -2.20227e-03 | 51 -0.07030 -1.40521e-03
 52 -0.05615 -3.03606e-03 | 53 -0.05051 -3.09966e-03 | 54 -0.04815  2.58086e-03
 55 -0.03325  9.07811e-03 | 56 -0.01236  6.91149e-03 | 57 -0.00232 -2.68953e-04
 58  0.00333 -5.44241e-04 | 59  0.01233  3.91535e-03 | 60  0.01982  5.79442e-03
 61  0.02386 -3.51427e-03 | 62  0.02045 -1.38262e-02 | 63  0.01582 -1.40655e-02
 64  0.01441 -3.05182e-03 | 65  0.01277  9.38990e-03 | 66  0.01351  1.22076e-02
 67  0.01495  7.48146e-03 | 68  0.01794  6.11785e-04 | 69  0.02080 -5.47221e-03
 70  0.02626 -6.80380e-03 | 71  0.02864 -1.42844e-03 | 72  0.03168  4.31780e-03
 73  0.03074  4.83150e-03 | 74  0.02730  1.56119e-03 | 75  0.02665 -4.74221e-03
 76  0.02577 -6.52517e-03 | 77  0.02577  2.04731e-04 | 78  0.24844  3.29222e-03
 79 -0.45252 -2.36169e-03 | 80 -0.20846  9.57179e-04 |
2 0 20039.6
2 0 20039.6
2 0 20039.6
2 0 20039.6
2 0 20039.6

 - final statistics:
80 variables; iteration 175; function evaluation 211
Function value   2.0040e+04; maximum gradient component mag  -8.1987e-04
Exit code = 1;  converg criter   1.0000e-03
Var   Value    Gradient   |Var   Value    Gradient   |Var   Value    Gradient
  1 -1.55111 -2.49867e-05 |  2 -0.15404 -1.30583e-05 |  3  0.31801  8.20943e-05
  4  0.22877  2.39413e-05 |  5  0.16340  8.56896e-06 |  6  0.11858  3.42895e-06
  7  0.08684  1.86519e-06 |  8  0.06334  4.30177e-08 |  9  0.04530  5.12130e-07
 10  0.03115  3.41851e-07 | 11  0.01991  2.25152e-07 | 12  0.01099  3.20399e-07
 13  0.00399  1.29649e-07 | 14 -0.00136 -2.01760e-07 | 15 -0.00524  6.24440e-07
 16 -0.00776 -7.00091e-08 | 17 -0.00901  5.58433e-07 | 18  0.08068 -1.13620e-04
 19 -0.00976 -7.44386e-05 | 20  0.00297  3.94679e-04 | 21  0.00697 -7.96395e-05
 22  0.00157 -2.34417e-04 | 23 -0.00445  2.72060e-05 | 24 -0.00072 -1.59554e-04
 25 -0.00027 -5.08370e-05 | 26 -0.00657  1.17918e-04 | 27 -0.01278  2.53330e-05
 28 -0.00989 -5.61298e-05 | 29 -0.00662  9.36138e-05 | 30 -0.00106  2.19426e-04
 31  0.00052  1.15164e-04 | 32 -0.00158 -1.10840e-04 | 33  0.00583 -5.58397e-05
 34  0.00571 -4.11933e-05 | 35  0.00881  2.99405e-04 | 36  0.00677  3.38766e-04
 37  0.00801  2.53429e-05 | 38  0.00381 -4.71571e-04 | 39  0.00140 -1.58557e-04
 40  0.00097  2.29164e-04 | 41 -0.00078  4.44209e-05 | 42 -0.00269 -2.53304e-04
 43 -0.00307 -2.02314e-04 | 44 -0.00494  3.12257e-05 | 45 -0.00383  2.54999e-05
 46  0.00140 -1.60787e-04 | 47  0.01428  1.10919e-04 | 48  0.20592 -8.19871e-04
 49 -0.06969 -4.41627e-05 | 50 -0.07059 -3.79010e-04 | 51 -0.07030 -1.32019e-04
 52 -0.05615  1.23966e-04 | 53 -0.05051  3.25270e-04 | 54 -0.04815  2.42928e-04
 55 -0.03325 -1.65260e-06 | 56 -0.01236 -6.57164e-05 | 57 -0.00232  9.48962e-05
 58  0.00333  1.96715e-04 | 59  0.01233  1.15629e-04 | 60  0.01982 -2.87053e-04
 61  0.02386 -5.57805e-04 | 62  0.02045 -4.58069e-04 | 63  0.01582 -6.54038e-05
 64  0.01441  4.09859e-05 | 65  0.01277 -2.65996e-04 | 66  0.01351 -5.94659e-04
 67  0.01495 -1.96787e-04 | 68  0.01794  3.91269e-04 | 69  0.02080  4.30994e-04
 70  0.02626  2.12382e-04 | 71  0.02864  9.06895e-05 | 72  0.03168  1.32692e-04
 73  0.03074  1.28227e-04 | 74  0.02730  8.63720e-05 | 75  0.02665  1.79527e-04
 76  0.02577  1.96002e-04 | 77  0.02577  3.87083e-05 | 78  0.24844  2.38299e-04
 79 -0.45252  1.16961e-04 | 80 -0.20846 -4.36836e-05 |
2 0 20039.6
B03280.81
0.3 0.911358
0.781164 0.801897
1.78975 0.646821
3.30757 0.506993
4.79119 0.42235
5.7816 0.381665
6.30466 0.363692
6.55129 0.355911
6.66194 0.352552
6.71052 0.351102
6.73165 0.350476
6.74081 0.350206
6.74478 0.350089
6.74649 0.350038
6.74723 0.350017
6.74755 0.350007
6.74769 0.350003
6.74775 0.350001
6.74777 0.350001
6.74778 0.35
6.74779 0.35
Survey Bio25.8006
Survey len9959.56
CPUE26.1259
Catch0.399808
Catch len9997.28
initsmo_penal24.5065
F_pen2.04656
Rec_pen3.83493
M_pen0


Starting time: Sat Oct  6 10:07:12 2018
Finishing time: Sat Oct  6 10:07:17 2018
This run took: 0 hours, 0 minutes, 5 seconds.

