survYears 69 70 71 72 73 74 75 76 77 78 79 80 81 82 83 84 85 86 87 88 89 90 91 92 93 94 95 96 97
SurvLenYear 69 70 71 72 73 74 75 76 77 78 79 80 81 82 83 84 85 86 87 88 89 90 91 92 93 94 95 96 97
catchBiomass 3325.62 3594.17 3563.2 4551.42 6176.25 8112.61 8875.25 8076.01 8142.3 17892.5 23242 18737.4 29489.8 47575.8 45449.3 38930.6 31135.2 39429.3 33851 31431.3 34153.8 34307.7 38731.3 38173.3 46483.8 44813.1 43592.2 40983.3 13220.5
steep0.999
25
Out
1 0 34576.3

Initial statistics: 75 variables; iteration 0; function evaluation 0; phase 1
Function value   3.4576335e+04; maximum gradient component mag  -3.0716e+05
Var   Value    Gradient   |Var   Value    Gradient   |Var   Value    Gradient
  1  0.24210  4.93319e+03 |  2  0.23011  5.22023e+03 |  3  0.20723  3.40247e+03
  4  0.17838  2.04022e+03 |  5  0.15277  1.23406e+03 |  6  0.14365  1.14861e+03
  7  0.12700  8.05860e+02 |  8  0.11143  5.89216e+02 |  9  0.09482  3.71045e+02
 10  0.08989  4.24796e+02 | 11  0.06842  2.20935e+02 | 12  0.04910  1.52794e+02
 13  0.02786  5.51193e+01 | 14  0.01696 -6.87833e+01 | 15  0.04761  2.44195e+02
 16  0.00524 -1.23442e+04 | 17  0.00000 -1.79663e+04 | 18  0.00000  1.33953e+03
 19  0.00000  4.10344e+03 | 20  0.00000  4.79028e+03 | 21  0.00000  3.76189e+03
 22  0.00000 -4.52202e+02 | 23  0.00000 -1.56148e+03 | 24  0.00000  4.51367e+03
 25  0.00000  1.45761e+04 | 26  0.00000  3.56601e+03 | 27  0.00000 -1.05878e+02
 28  0.00000  1.04731e+04 | 29  0.00000  7.52654e+03 | 30  0.00000 -2.31324e+03
 31  0.00000 -4.33551e+03 | 32  0.00000 -3.10709e+03 | 33  0.00000  2.31406e+03
 34  0.00000 -3.40062e+03 | 35  0.00000 -1.21277e+03 | 36  0.00000  1.07692e+03
 37  0.00000  9.73346e+02 | 38  0.00000  2.32060e+03 | 39  0.00000  1.03721e+03
 40  0.00000  3.16249e+03 | 41  0.00000 -1.48111e+03 | 42  0.00000 -2.74646e+03
 43  0.00000 -8.01082e+03 | 44  0.00000 -1.92702e+04 | 45  0.00000  4.28487e+02
 46  0.07372 -3.07165e+05 | 47  0.00000  4.92052e+04 | 48  0.00000  4.00109e+04
 49  0.00000  3.22435e+04 | 50  0.00000  2.62806e+04 | 51  0.00000  2.53504e+04
 52  0.00000  2.56529e+04 | 53  0.00000  1.63683e+04 | 54  0.00000  1.01450e+03
 55  0.00000 -7.34259e+02 | 56  0.00000 -3.58983e+03 | 57  0.00000 -1.55523e+04
 58  0.00000 -2.05618e+04 | 59  0.00000 -1.84309e+04 | 60  0.00000 -1.37216e+04
 61  0.00000 -1.26829e+04 | 62  0.00000 -1.43415e+04 | 63  0.00000 -1.18915e+04
 64  0.00000 -1.23561e+04 | 65  0.00000 -1.28651e+04 | 66  0.00000 -1.51895e+04
 67  0.00000 -1.78190e+04 | 68  0.00000 -1.85284e+04 | 69  0.00000 -2.10284e+04
 70  0.00000 -1.95143e+04 | 71  0.00000 -1.47112e+04 | 72  0.00000 -5.11959e+03
 73  0.00000  6.49585e+03 | 74  0.00000  1.17983e+04 | 75  0.00000  1.42177e+04
1 0 34576.3
1 0 34576.1
1 0 34574.1
1 0 34554.1
1 0 34356.8
1 0 32626.8
1 0 29325
1 0 34149.8
1 0 28561.2
1 0 27962.5
1 0 28269.3
1 0 27682.1
1 0 27725.3
1 0 27536.7
1 0 27672.3
1 0 27485.6
1 0 27434.3
1 0 27428.1
1 0 27417.3

Intermediate statistics: 75 variables; iteration 10; function evaluation 19; phase 1
Function value   2.7417264e+04; maximum gradient component mag  -1.1022e+05
Var   Value    Gradient   |Var   Value    Gradient   |Var   Value    Gradient
  1  0.25646 -1.88203e+03 |  2  0.23838 -7.36724e+01 |  3  0.21372  2.73765e+02
  4  0.18181  1.60224e+02 |  5  0.15559  7.39319e+01 |  6  0.14398  1.18827e+02
  7  0.12765  7.65988e+01 |  8  0.11170  5.58948e+01 |  9  0.09612  1.55014e+01
 10  0.08848  7.54121e+01 | 11  0.06867  2.26053e+01 | 12  0.04899  1.56705e+01
 13  0.02903 -3.07371e+01 | 14  0.02111 -9.68198e+01 | 15  0.04462  9.14518e+01
 16  0.11280  1.87552e+04 | 17  0.04495  6.22255e+03 | 18  0.02785  4.11177e+03
 19 -0.01002 -2.25579e+03 | 20 -0.01653 -2.41561e+03 | 21 -0.00985 -7.02715e+02
 22 -0.00108 -3.01945e+02 | 23  0.00384 -5.60033e+02 | 24  0.01666  5.80998e+02
 25  0.01211  7.55596e+03 | 26  0.00297  2.07289e+03 | 27  0.02112  2.02788e+03
 28  0.03975  6.57969e+03 | 29  0.01261  8.06409e+03 | 30 -0.01423 -2.94522e+03
 31 -0.02245 -5.41902e+03 | 32  0.00182 -2.09995e+03 | 33  0.01026  2.13761e+03
 34 -0.00796 -1.74711e+03 | 35  0.00065  3.86604e+02 | 36  0.00156  2.14613e+03
 37  0.01786  1.75678e+03 | 38  0.01255  1.59635e+03 | 39  0.00962  4.69653e+02
 40  0.01169  2.25708e+03 | 41 -0.01332 -2.60356e+03 | 42 -0.02587 -4.31580e+03
 43 -0.02833 -7.86530e+03 | 44 -0.02863 -9.89476e+03 | 45 -0.06967 -4.80032e+03
 46  0.08457 -1.10218e+05 | 47 -0.00841  2.93856e+04 | 48 -0.02546  1.36142e+04
 49 -0.02924  8.14542e+03 | 50 -0.02131  6.69693e+03 | 51 -0.01737  6.65731e+03
 52 -0.02711  5.32006e+03 | 53 -0.03460  1.52876e+03 | 54  0.00738  9.25294e+02
 55  0.00218 -3.38945e+03 | 56 -0.07854 -4.41860e+03 | 57  0.01621 -3.52856e+03
 58  0.04577 -5.70042e+03 | 59  0.02840 -7.01089e+03 | 60 -0.04881 -4.78157e+03
 61 -0.02973 -4.57917e+03 | 62  0.04257 -2.29367e+03 | 63 -0.01651 -5.09293e+03
 64  0.01881 -5.23723e+03 | 65 -0.00747 -6.52382e+03 | 66  0.00597 -6.31864e+03
 67  0.03393 -5.41465e+03 | 68 -0.03239 -5.39212e+03 | 69  0.04800 -3.79950e+03
 70  0.03437 -4.26805e+03 | 71  0.01194 -4.10100e+03 | 72  0.01415 -1.94394e+03
 73  0.03255  2.81595e+03 | 74  0.03499  3.88287e+03 | 75 -0.00038  4.90344e+03
1 0 27401.8
1 0 27395.5
1 0 27389.8
1 0 27384.7
1 0 27379.3
1 0 27378.3
1 0 27376.5
1 0 27373.8
1 0 27370.1
1 0 27368.6
75 variables; iteration 20; function evaluation 29; phase 1
Function value   2.7368594e+04; maximum gradient component mag  -1.0762e+05
Var   Value    Gradient   |Var   Value    Gradient   |Var   Value    Gradient
  1  0.30767 -1.47923e+03 |  2  0.23977  9.18644e+01 |  3  0.22157  3.43100e+02
  4  0.18779  1.72456e+02 |  5  0.16089  9.62829e+01 |  6  0.14412  9.60532e+01
  7  0.12816  7.48697e+01 |  8  0.11207  4.72508e+01 |  9  0.09820  3.84299e+01
 10  0.08513  4.28737e+01 | 11  0.06848  3.07641e+01 | 12  0.04906  2.54002e+00
 13  0.03308 -3.44870e+01 | 14  0.03038 -2.42721e+01 | 15  0.03771  3.51313e+01
 16  0.10753  1.67401e+04 | 17  0.06047  6.76708e+03 | 18  0.02710  4.16293e+03
 19 -0.01173 -2.31825e+03 | 20 -0.01823 -3.53772e+03 | 21 -0.00896 -6.36404e+02
 22  0.00043  8.75855e+02 | 23  0.00303 -6.68631e+02 | 24  0.01623  5.68268e+02
 25  0.01214  8.09167e+03 | 26  0.00095  1.47160e+03 | 27  0.01662  1.21070e+03
 28  0.03996  6.16545e+03 | 29  0.01739  9.42084e+03 | 30 -0.01029 -2.73830e+03
 31 -0.02153 -5.03409e+03 | 32 -0.00208 -2.83321e+03 | 33  0.00874  2.37605e+03
 34 -0.00670 -1.63263e+03 | 35 -0.00006  3.86493e+02 | 36  0.00653  2.14061e+03
 37  0.01421  1.08430e+03 | 38  0.01190 -2.33545e+01 | 39  0.01050  1.45944e+03
 40  0.01197  2.54231e+03 | 41 -0.01223 -2.26421e+03 | 42 -0.02152 -3.80066e+03
 43 -0.02599 -7.57443e+03 | 44 -0.03481 -9.91868e+03 | 45 -0.08386 -5.50099e+03
 46  0.08704 -1.07622e+05 | 47 -0.01017  2.85726e+04 | 48 -0.03043  1.14601e+04
 49 -0.03024  8.89128e+03 | 50 -0.01978  8.79920e+03 | 51 -0.01865  6.81721e+03
 52 -0.03022  4.87355e+03 | 53 -0.03843  1.01595e+03 | 54  0.00645  1.45744e+02
 55 -0.00112 -4.00803e+03 | 56 -0.09221 -4.57189e+03 | 57  0.01376 -3.34227e+03
 58  0.04216 -4.60563e+03 | 59  0.03284 -6.86604e+03 | 60 -0.06608 -4.84398e+03
 61 -0.01663 -4.02503e+03 | 62  0.03660 -2.93994e+03 | 63 -0.00398 -4.87469e+03
 64  0.00428 -5.93010e+03 | 65  0.00785 -6.39445e+03 | 66 -0.00284 -6.02294e+03
 67  0.03367 -3.58972e+03 | 68 -0.03837 -5.50447e+03 | 69  0.04692 -4.10984e+03
 70  0.02579 -5.03343e+03 | 71  0.01610 -4.16552e+03 | 72  0.02161 -1.77397e+03
 73  0.04246  2.83764e+03 | 74  0.05251  4.54408e+03 | 75  0.01595  4.77930e+03
1 0 27367.3
1 0 27366.4
1 0 27365.7
1 0 27364.8
1 0 27364.1
1 0 27363.4
1 0 27363.9
1 0 27363.2
1 0 27362.8
1 0 27362.6
1 0 27362.4
75 variables; iteration 30; function evaluation 40; phase 1
Function value   2.7362369e+04; maximum gradient component mag  -1.0545e+05
Var   Value    Gradient   |Var   Value    Gradient   |Var   Value    Gradient
  1  0.32235 -1.15811e+03 |  2  0.23313 -1.61567e+01 |  3  0.22295  3.58803e+02
  4  0.19203  1.95448e+02 |  5  0.16476  1.12945e+02 |  6  0.14482  8.69905e+01
  7  0.12825  6.99708e+01 |  8  0.11250  4.68773e+01 |  9  0.09879  4.80912e+01
 10  0.08275  2.61053e+01 | 11  0.06751  2.76110e+01 | 12  0.05013 -5.09585e+00
 13  0.03849 -2.28930e+01 | 14  0.03694  1.82251e+01 | 15  0.03299 -3.70502e+00
 16  0.10760  1.65419e+04 | 17  0.06296  6.69685e+03 | 18  0.02666  4.22163e+03
 19 -0.01181 -2.36524e+03 | 20 -0.01759 -3.22483e+03 | 21 -0.00976 -7.59998e+02
 22 -0.00021  5.74735e+02 | 23  0.00315 -6.42279e+02 | 24  0.01652  7.17886e+02
 25  0.01259  8.25384e+03 | 26  0.00114  1.50520e+03 | 27  0.01575  9.53749e+02
 28  0.04067  6.48241e+03 | 29  0.01692  9.26121e+03 | 30 -0.01148 -3.26637e+03
 31 -0.02194 -5.04785e+03 | 32 -0.00142 -2.51670e+03 | 33  0.00952  2.51312e+03
 34 -0.00686 -2.08853e+03 | 35  0.00099  6.23439e+02 | 36  0.00570  1.98854e+03
 37  0.01424  1.04150e+03 | 38  0.01463  2.02184e+02 | 39  0.00981  1.63231e+03
 40  0.01214  2.57940e+03 | 41 -0.01120 -2.40471e+03 | 42 -0.02187 -3.78726e+03
 43 -0.02708 -7.67372e+03 | 44 -0.03615 -9.81153e+03 | 45 -0.08574 -5.34468e+03
 46  0.08806 -1.05449e+05 | 47 -0.01149  2.78601e+04 | 48 -0.03192  1.09062e+04
 49 -0.02986  9.13297e+03 | 50 -0.02178  7.96877e+03 | 51 -0.01972  6.66542e+03
 52 -0.03052  4.97267e+03 | 53 -0.03985  8.01341e+02 | 54  0.00552 -1.10298e+02
 55 -0.00160 -4.25863e+03 | 56 -0.08377 -4.60898e+03 | 57  0.01220 -3.25055e+03
 58  0.04236 -4.47091e+03 | 59  0.03169 -6.41679e+03 | 60 -0.07424 -4.85005e+03
 61 -0.01969 -4.21944e+03 | 62  0.03644 -2.99746e+03 | 63 -0.00569 -4.80441e+03
 64  0.00480 -5.72137e+03 | 65  0.01025 -6.08310e+03 | 66 -0.01717 -5.96852e+03
 67  0.03627 -3.06767e+03 | 68 -0.03179 -5.43171e+03 | 69  0.04448 -3.93343e+03
 70  0.02865 -4.55127e+03 | 71  0.01519 -4.00386e+03 | 72  0.02170 -1.60103e+03
 73  0.04334  2.98809e+03 | 74  0.05418  4.48939e+03 | 75  0.03199  4.76276e+03
1 0 27362.1
1 0 27361.8
1 0 27361.4
1 0 27360.9
1 0 27360.7
1 0 27360.3
1 0 27360.2
1 0 27360.2
1 0 27359.9
1 0 27359.7
1 0 27359.5
75 variables; iteration 40; function evaluation 51; phase 1
Function value   2.7359618e+04; maximum gradient component mag  -1.0563e+05
Var   Value    Gradient   |Var   Value    Gradient   |Var   Value    Gradient
  1  0.31623 -1.21749e+03 |  2  0.23354 -3.94500e-01 |  3  0.22317  3.52143e+02
  4  0.19510  2.16306e+02 |  5  0.16878  1.33060e+02 |  6  0.14758  9.49349e+01
  7  0.12937  6.84378e+01 |  8  0.11315  5.06912e+01 |  9  0.09810  4.68684e+01
 10  0.08096  1.85198e+01 | 11  0.06661  1.41556e+01 | 12  0.05409 -2.87945e+00
 13  0.04704  4.85270e+00 | 14  0.04245  3.32790e+01 | 15  0.03137 -2.77233e+01
 16  0.10830  1.66433e+04 | 17  0.06134  6.24236e+03 | 18  0.02708  4.66466e+03
 19 -0.01198 -2.59954e+03 | 20 -0.01763 -3.28979e+03 | 21 -0.00977 -7.93241e+02
 22 -0.00028  5.62660e+02 | 23  0.00317 -5.79967e+02 | 24  0.01675  7.32824e+02
 25  0.01274  8.00144e+03 | 26  0.00188  1.69897e+03 | 27  0.01610  9.61672e+02
 28  0.03993  6.13906e+03 | 29  0.01697  9.42371e+03 | 30 -0.01222 -3.88362e+03
 31 -0.02299 -5.69912e+03 | 32 -0.00135 -2.36014e+03 | 33  0.00996  3.04099e+03
 34 -0.00723 -2.51727e+03 | 35  0.00147  8.90304e+02 | 36  0.00668  1.65551e+03
 37  0.01402  1.27202e+03 | 38  0.01406  2.02941e+02 | 39  0.00956  1.41223e+03
 40  0.01200  2.96871e+03 | 41 -0.01101 -2.47572e+03 | 42 -0.02142 -3.85788e+03
 43 -0.02698 -7.80074e+03 | 44 -0.03630 -9.69736e+03 | 45 -0.08691 -5.76446e+03
 46  0.08885 -1.05630e+05 | 47 -0.01228  2.74418e+04 | 48 -0.03256  1.07647e+04
 49 -0.03081  8.90634e+03 | 50 -0.02255  7.81000e+03 | 51 -0.02052  6.46728e+03
 52 -0.03143  4.75056e+03 | 53 -0.04073  6.61091e+02 | 54  0.00440 -1.82841e+02
 55 -0.00159 -4.24975e+03 | 56 -0.07788 -4.59368e+03 | 57  0.01155 -3.19024e+03
 58  0.04196 -3.95495e+03 | 59  0.03187 -5.87935e+03 | 60 -0.09139 -4.59992e+03
 61 -0.01888 -4.00959e+03 | 62  0.03575 -2.93502e+03 | 63 -0.00531 -4.75005e+03
 64  0.00190 -5.84171e+03 | 65  0.01144 -5.87244e+03 | 66 -0.01495 -5.97035e+03
 67  0.03459 -3.46238e+03 | 68 -0.02585 -5.28594e+03 | 69  0.04289 -4.34280e+03
 70  0.02733 -4.95701e+03 | 71  0.01530 -4.13318e+03 | 72  0.02139 -1.71753e+03
 73  0.04306  2.76997e+03 | 74  0.05476  4.41398e+03 | 75  0.04646  4.80122e+03
1 0 27359.3
1 0 27358.9
1 0 27358.2
1 0 27356.9
1 0 27346.1
1 0 27539.5
1 0 27345
1 0 27344.4
1 0 27344.5
1 0 27344.1
1 0 27343.7
1 0 27343.7
1 0 27343.5
1 0 27343.1
75 variables; iteration 50; function evaluation 65; phase 1
Function value   2.7343134e+04; maximum gradient component mag  -9.3627e+04
Var   Value    Gradient   |Var   Value    Gradient   |Var   Value    Gradient
  1  0.32498 -6.84496e+02 |  2  0.22558 -6.39236e+01 |  3  0.21058  2.96322e+02
  4  0.17313  5.08955e+01 |  5  0.16344  1.00257e+02 |  6  0.16386  2.20814e+02
  7  0.14159  1.21330e+02 |  8  0.11229  4.60346e+01 |  9  0.08546 -5.23572e+01
 10  0.08381  4.45058e+01 | 11  0.07756 -4.42904e+01 | 12  0.09273  1.18626e+02
 13  0.08298  1.14870e+02 | 14  0.04742 -1.88507e+02 | 15  0.07289  1.07855e+02
 16  0.11212  1.70295e+04 | 17  0.06103  4.49611e+03 | 18  0.03016  8.56852e+03
 19 -0.01330 -3.99412e+03 | 20 -0.01960 -4.09545e+03 | 21 -0.01035 -7.91379e+02
 22  0.00086  1.03350e+03 | 23  0.00576  9.48419e+02 | 24  0.01670  1.86136e+02
 25  0.01533  9.80595e+03 | 26  0.00216 -3.94057e+02 | 27  0.02031  2.28860e+03
 28  0.03664  5.03162e+03 | 29  0.01742  1.09142e+04 | 30 -0.01885 -8.70559e+03
 31 -0.02769 -8.37070e+03 | 32 -0.00163 -9.64426e+02 | 33  0.01102  6.16347e+03
 34 -0.00736 -3.64029e+03 | 35  0.00352  1.78552e+03 | 36  0.00849  2.09128e+03
 37  0.01434  2.04527e+03 | 38  0.01157 -1.81193e+03 | 39  0.00854  6.58988e+01
 40  0.01116  6.54328e+03 | 41 -0.00738 -2.30060e+03 | 42 -0.01847 -4.03182e+03
 43 -0.02564 -6.77951e+03 | 44 -0.03520 -8.51996e+03 | 45 -0.08993 -7.63009e+03
 46  0.08802 -9.36269e+04 | 47 -0.01313  2.35999e+04 | 48 -0.03120  9.49853e+03
 49 -0.03105  7.89554e+03 | 50 -0.02323  6.75313e+03 | 51 -0.02006  5.66962e+03
 52 -0.02993  3.66681e+03 | 53 -0.03990  1.04868e+02 | 54  0.00419 -7.70030e+02
 55 -0.00191 -4.20188e+03 | 56 -0.03150 -3.76729e+03 | 57  0.00947 -2.76219e+03
 58  0.04575 -1.00545e+03 | 59  0.03576 -2.49639e+03 | 60 -0.19338 -1.78002e+03
 61 -0.00569 -2.50147e+03 | 62  0.03430 -2.92187e+03 | 63 -0.00243 -5.13018e+03
 64  0.00330 -6.27463e+03 | 65  0.01110 -6.48994e+03 | 66 -0.00212 -6.64514e+03
 67  0.03060 -2.93178e+03 | 68  0.01516 -1.21816e+03 | 69  0.03571 -3.56072e+03
 70  0.02879 -5.78054e+03 | 71  0.02245 -4.07513e+03 | 72  0.01983 -2.76205e+03
 73  0.04407  1.33729e+03 | 74  0.05766  3.94773e+03 | 75  0.02378  4.12453e+03
1 0 27342.5
1 0 27341.7
1 0 27340.3
1 0 27338.1
1 0 27334.3
1 0 27327.6
1 0 27317.7
1 0 27314.4
1 0 27306.5
1 0 27294.3
75 variables; iteration 60; function evaluation 75; phase 1
Function value   2.7299264e+04; maximum gradient component mag  -9.4088e+04
Var   Value    Gradient   |Var   Value    Gradient   |Var   Value    Gradient
  1  0.32329 -8.21813e+02 |  2  0.22330 -9.64433e+01 |  3  0.21083  2.75641e+02
  4  0.17717  7.26949e+01 |  5  0.16465  9.39088e+01 |  6  0.16208  1.72456e+02
  7  0.14682  1.46816e+02 |  8  0.11757  3.64592e+01 |  9  0.09441 -5.96142e+01
 10  0.09999 -1.54073e+01 | 11  0.12251  7.45342e+01 | 12  0.14288  1.75474e+02
 13  0.14203  1.28638e+02 | 14  0.13434  3.24889e+01 | 15  0.14485  1.48386e+02
 16  0.11206  1.69340e+04 | 17  0.06130  5.13673e+03 | 18  0.02985  8.37645e+03
 19 -0.01301 -3.57307e+03 | 20 -0.01925 -3.72767e+03 | 21 -0.01035 -5.54846e+02
 22  0.00044  1.18888e+03 | 23  0.00476  6.54465e+02 | 24  0.01662  5.72661e+02
 25  0.01553  9.68194e+03 | 26  0.00303  1.04744e+02 | 27  0.02025  2.39929e+03
 28  0.03714  5.52117e+03 | 29  0.01795  1.09317e+04 | 30 -0.01756 -8.00600e+03
 31 -0.02707 -7.92501e+03 | 32 -0.00197 -8.60018e+02 | 33  0.01103  6.17480e+03
 34 -0.00707 -3.42406e+03 | 35  0.00380  1.89010e+03 | 36  0.00892  2.54991e+03
 37  0.01496  2.41483e+03 | 38  0.01236 -1.40519e+03 | 39  0.00918  7.35418e+02
 40  0.01092  6.32301e+03 | 41 -0.00787 -1.97719e+03 | 42 -0.01796 -3.77968e+03
 43 -0.02382 -6.59294e+03 | 44 -0.03260 -7.73661e+03 | 45 -0.08792 -7.03049e+03
 46  0.08751 -9.40875e+04 | 47 -0.01349  2.31482e+04 | 48 -0.03155  9.10647e+03
 49 -0.03117  7.49609e+03 | 50 -0.02327  6.36985e+03 | 51 -0.02041  5.21735e+03
 52 -0.03043  3.45650e+03 | 53 -0.04083 -3.32638e+02 | 54  0.00377 -1.05722e+03
 55 -0.00135 -4.32916e+03 | 56 -0.03131 -4.02934e+03 | 57  0.00941 -2.90186e+03
 58  0.04509 -1.45242e+03 | 59  0.03621 -2.78466e+03 | 60 -0.18606 -2.37302e+03
 61 -0.00662 -2.98692e+03 | 62  0.03404 -3.25258e+03 | 63 -0.00263 -5.39370e+03
 64  0.00337 -6.41637e+03 | 65  0.01148 -6.70066e+03 | 66 -0.00431 -7.00989e+03
 67  0.03117 -3.47308e+03 | 68  0.01243 -2.27852e+03 | 69  0.03665 -4.18071e+03
 70  0.02714 -6.31765e+03 | 71  0.02020 -4.58118e+03 | 72  0.02010 -2.88127e+03
 73  0.04385  1.28539e+03 | 74  0.05615  3.62040e+03 | 75  0.01313  3.71866e+03
1 0 27302.4
1 0 27289.7
1 0 27282.7
1 0 27270.2
1 0 27251
1 0 27235
1 0 27203.2
1 0 26977.2
1 0 26585.3
1 0 25979.4
1 0 26941.3
1 0 25710.6
1 0 27128.7
1 0 25676
75 variables; iteration 70; function evaluation 89; phase 1
Function value   2.5676804e+04; maximum gradient component mag  -7.5287e+04
Var   Value    Gradient   |Var   Value    Gradient   |Var   Value    Gradient
  1  0.29100 -4.49817e+02 |  2  0.26473 -3.44956e+01 |  3  0.22682  9.12583e+01
  4  0.24340  7.42594e+02 |  5  0.17911  3.49525e+02 |  6  0.05455 -4.47872e+02
  7  0.07034 -1.33024e+02 |  8  0.13179  1.67726e+02 |  9  0.16276  1.13578e+02
 10  0.20358  7.80345e+02 | 11  0.10711  1.48284e+02 | 12 -0.01924 -3.70116e+02
 13 -0.03327 -5.75894e+02 | 14  0.12718  8.65166e+02 | 15  0.04192 -2.71099e+02
 16  0.08487  4.27913e+03 | 17  0.05203  5.73044e+03 | 18  0.01880  1.11981e+03
 19 -0.00093  2.63462e+03 | 20 -0.00695  6.60343e+02 | 21 -0.00608  1.23144e+03
 22 -0.00894 -2.84345e+03 | 23 -0.00629 -3.22631e+03 | 24  0.00933  2.62432e+03
 25  0.00117  2.95984e+03 | 26  0.00160  1.95143e+03 | 27  0.01038 -1.57008e+02
 28  0.02172  4.53394e+03 | 29  0.01191  3.83108e+03 | 30  0.00264  2.29362e+02
 31 -0.01126 -6.86884e+03 | 32  0.00068  6.95738e+02 | 33  0.00916  3.06449e+03
 34 -0.00424 -2.02734e+03 | 35 -0.00283 -1.79784e+03 | 36 -0.00248 -1.67548e+03
 37  0.00589  1.26286e+03 | 38  0.01599  1.96909e+03 | 39  0.00130  2.24730e+03
 40  0.00279 -3.83537e+02 | 41 -0.00944 -3.91268e+02 | 42 -0.01558 -1.53634e+03
 43 -0.01479 -6.92499e+03 | 44 -0.01675 -6.56794e+03 | 45 -0.05461  5.23181e+02
 46  0.08950 -7.52867e+04 | 47 -0.02218  2.02570e+04 | 48 -0.03698  6.98713e+03
 49 -0.03224  4.59517e+03 | 50 -0.02249  3.49926e+03 | 51 -0.02315  4.34189e+03
 52 -0.03884  2.54126e+03 | 53 -0.03475 -3.07773e+02 | 54  0.00272 -1.69309e+03
 55 -0.00409 -2.95346e+03 | 56 -0.02290 -3.25461e+03 | 57  0.01134 -3.32987e+03
 58  0.03144 -4.06594e+03 | 59  0.03191 -2.16686e+03 | 60  0.00911 -8.73251e+02
 61 -0.02397 -5.58803e+03 | 62  0.03408 -8.68435e+02 | 63 -0.00010 -4.40116e+03
 64  0.01158 -2.44090e+03 | 65  0.01635  3.45707e+02 | 66 -0.06030 -7.39527e+03
 67  0.04298  1.79436e+03 | 68 -0.03514 -6.91513e+03 | 69  0.04215 -1.83898e+03
 70  0.02193 -4.82335e+03 | 71 -0.00035 -5.41977e+03 | 72  0.02803  2.24320e+03
 73  0.02077  1.42832e+03 | 74  0.02614  2.25469e+03 | 75  0.01988  3.29274e+03
1 0 25741.7
1 0 25667.3
1 0 25661.7
1 0 25650.9
1 0 25587.5
1 0 25467.7
1 0 25281.9
1 0 25022.6
1 0 25258.6
1 0 24928.9
1 0 24750.7
1 0 24452.1
1 0 23993.6
75 variables; iteration 80; function evaluation 102; phase 1
Function value   2.3993802e+04; maximum gradient component mag  -7.5127e+04
Var   Value    Gradient   |Var   Value    Gradient   |Var   Value    Gradient
  1  0.25555 -1.42590e+03 |  2  0.29598  5.58465e+02 |  3  0.22596  1.44456e+02
  4  0.19513  2.85769e+02 |  5  0.13486  1.18127e+02 |  6  0.05937 -3.54756e+02
  7  0.09604  7.96339e+01 |  8  0.11891  1.78764e+02 |  9  0.10524 -2.43050e+01
 10  0.11337  2.62868e+02 | 11  0.05813  6.49822e+01 | 12 -0.01137 -2.57849e+02
 13 -0.00241 -3.02060e+02 | 14  0.09883  5.15864e+02 | 15  0.05561 -1.26589e+02
 16  0.06347 -1.18778e+03 | 17  0.03776  5.44131e+03 | 18  0.00372 -3.00545e+03
 19 -0.00268  2.31052e+03 | 20 -0.00683  7.38862e+02 | 21 -0.00546  4.93978e+02
 22 -0.00475 -1.81084e+03 | 23 -0.00306 -2.29357e+03 | 24  0.00112  3.52811e+02
 25 -0.00495  2.70805e+03 | 26  0.00261  1.57522e+03 | 27  0.00051 -4.53860e+03
 28 -0.00468  4.69961e+02 | 29  0.00240  1.37901e+03 | 30  0.01361  4.57447e+03
 31  0.00062 -2.25699e+03 | 32  0.00171 -1.09143e+03 | 33  0.00787  9.64994e+02
 34  0.00904  7.28634e+01 | 35  0.00085 -1.45811e+03 | 36 -0.00320 -4.61727e+01
 37 -0.00436 -3.66285e+03 | 38 -0.00275  2.43187e+03 | 39 -0.00167  3.42804e+03
 40 -0.00162 -3.95327e+03 | 41  0.00199  2.63064e+03 | 42 -0.00053 -9.40019e+01
 43  0.00349 -2.37021e+03 | 44 -0.00123 -3.92174e+03 | 45 -0.04325 -1.62318e+03
 46  0.09674 -7.51273e+04 | 47 -0.03826  1.21341e+04 | 48 -0.04406  5.71680e+03
 49 -0.03938  3.49757e+03 | 50 -0.02972  2.83884e+03 | 51 -0.02869  3.76468e+03
 52 -0.03852  3.31359e+03 | 53 -0.02867  2.31972e+03 | 54 -0.00793 -1.95059e+03
 55 -0.00692 -1.57544e+03 | 56  0.00133  2.89009e+03 | 57  0.00425 -1.48295e+03
 58  0.01529 -1.87102e+03 | 59  0.02835 -1.17383e+03 | 60  0.00939 -1.41916e+03
 61 -0.00956 -3.64399e+03 | 62  0.01690 -6.43117e+02 | 63  0.01440 -1.20483e+01
 64  0.01400 -1.38516e+01 | 65 -0.00060 -2.47426e+03 | 66  0.01804  1.01741e+03
 67  0.01498 -3.45787e+03 | 68 -0.02480 -6.94506e+03 | 69  0.02753 -3.85729e+03
 70  0.01150 -5.72099e+03 | 71  0.00143 -5.44975e+03 | 72  0.02100 -7.51352e+02
 73  0.01297 -4.70032e+01 | 74  0.01911  2.13223e+03 | 75  0.06811  3.79643e+03
1 0 23665.6
1 0 23694.6
1 0 23503.4
1 0 23368.6
1 0 23261.2
1 0 23178.3
1 0 23137
1 0 23079.5
1 0 23070.2
1 0 23053.6
1 0 23025.7
75 variables; iteration 90; function evaluation 113; phase 1
Function value   2.3025726e+04; maximum gradient component mag  -6.0477e+03
Var   Value    Gradient   |Var   Value    Gradient   |Var   Value    Gradient
  1  0.24406 -4.03311e+02 |  2  0.23492  1.52735e+02 |  3  0.19237  1.21084e+02
  4  0.15779  1.77765e+02 |  5  0.10275  5.14476e+00 |  6  0.05977 -1.08962e+02
  7  0.05543 -2.59263e+01 |  8  0.06429  3.67985e+01 |  9  0.06890  9.81890e+01
 10  0.05163  2.80838e+01 | 11  0.03129  8.31289e+01 | 12 -0.01064 -1.09331e+02
 13 -0.01846 -9.60846e+01 | 14  0.00363  1.53374e+02 | 15 -0.01853 -7.02446e+01
 16  0.07658 -1.02085e+02 | 17  0.01407  7.45895e+02 | 18 -0.00580 -2.03887e+03
 19 -0.00603  8.61774e+02 | 20 -0.00559  5.40467e+02 | 21 -0.00518  5.10724e+01
 22 -0.00269 -4.73677e+02 | 23 -0.00114 -1.07039e+03 | 24 -0.00145  4.78553e+02
 25 -0.01746 -1.86293e+03 | 26 -0.00219  1.00706e+03 | 27  0.00407 -6.09709e+02
 28 -0.00346  1.35630e+03 | 29 -0.00874 -1.50580e+03 | 30  0.01116  3.99787e+03
 31  0.01403  1.78191e+03 | 32  0.00767 -9.97697e+01 | 33 -0.00181 -2.54157e+03
 34  0.00860 -1.00990e+01 | 35  0.00611 -5.20044e+02 | 36  0.00387  7.39324e+01
 37  0.00420 -1.61468e+02 | 38  0.00399  1.32439e+03 | 39  0.00125  1.23581e+03
 40 -0.00366 -2.82150e+03 | 41  0.00494 -3.55057e+02 | 42  0.00243  2.10188e+02
 43  0.00573 -7.16276e+02 | 44  0.00932 -5.11788e+02 | 45 -0.03675  1.28517e+03
 46  0.10117 -6.04765e+03 | 47 -0.05569  1.81718e+03 | 48 -0.05116  6.37750e+02
 49 -0.04230  4.26846e+02 | 50 -0.03182  5.53403e+02 | 51 -0.03163  6.18563e+02
 52 -0.03752  8.33876e+02 | 53 -0.02722  1.78459e+02 | 54 -0.00464  7.45477e+02
 55 -0.00586  4.27090e+02 | 56 -0.00663  9.68837e+00 | 57  0.01528  4.96561e+02
 58  0.01359 -2.38529e+03 | 59  0.01380 -3.67478e+03 | 60  0.01887 -8.80949e+02
 61  0.01009 -1.80910e+03 | 62  0.01233 -4.51858e+02 | 63  0.01379  1.45595e+03
 64  0.01274  1.02748e+03 | 65  0.01131  9.60864e+02 | 66  0.01214 -2.40519e+02
 67  0.02055 -9.71247e+00 | 68  0.00905 -3.53727e+03 | 69  0.01883 -1.01379e+03
 70  0.02670  2.44819e+03 | 71  0.01418 -1.00477e+03 | 72  0.01721  9.37697e+02
 73  0.01675  9.56400e+02 | 74  0.01827  2.28292e+02 | 75  0.01888  2.86911e+02
1 0 22991.8
1 0 22979.6
1 0 22968.3
1 0 22951.3
1 0 22930.2
1 0 22915.8
1 0 22914.1
1 0 22911.2
1 0 22908.7
1 0 22907.8
75 variables; iteration 100; function evaluation 123; phase 1
Function value   2.2907840e+04; maximum gradient component mag   4.7094e+02
Var   Value    Gradient   |Var   Value    Gradient   |Var   Value    Gradient
  1  0.24544 -2.57703e+01 |  2  0.21640 -5.78855e+01 |  3  0.16338 -8.73334e+00
  4  0.11605 -2.05216e+01 |  5  0.08180 -8.37065e+00 |  6  0.05543 -5.92899e+00
  7  0.03445 -4.04171e+00 |  8  0.01708 -5.38346e+00 |  9  0.00299 -4.26367e+00
 10 -0.00860 -1.31467e+01 | 11 -0.01532 -3.76466e+00 | 12 -0.02011 -1.97882e+00
 13 -0.02359 -1.01048e+00 | 14 -0.02609  4.19316e-01 | 15 -0.02809 -4.64453e+00
 16  0.07777  1.09459e+02 | 17  0.00888  4.41603e+02 | 18 -0.00295 -2.46316e+02
 19 -0.00702  4.65210e+01 | 20 -0.00684  1.00522e+01 | 21 -0.00544 -1.29508e+01
 22 -0.00119 -2.21358e+01 | 23  0.00224 -2.22994e+01 | 24  0.00168  5.44872e+01
 25 -0.01265 -2.24093e+02 | 26 -0.00293 -5.03799e+01 | 27  0.00523  6.28341e+01
 28 -0.00502 -8.77092e+00 | 29 -0.00589 -2.15930e+01 | 30  0.00392  3.62988e+01
 31  0.00706 -4.28858e+00 | 32  0.00835  3.82502e+00 | 33  0.00273 -3.57779e+01
 34  0.00833 -1.11647e+01 | 35  0.00704 -3.98918e+01 | 36  0.00447  1.01400e+01
 37  0.00509 -4.61868e+01 | 38  0.00311  2.23938e+01 | 39  0.00339  5.39554e+01
 40  0.00042 -1.13609e+02 | 41  0.00434 -7.42972e+01 | 42  0.00396 -6.46864e-01
 43  0.00638  2.38236e+01 | 44  0.00690  6.46250e+01 | 45 -0.04367  8.68492e+01
 46  0.10243  4.70940e+02 | 47 -0.05815  1.70831e+02 | 48 -0.05172  1.72686e-01
 49 -0.04364 -2.89198e+01 | 50 -0.03387 -1.54624e+01 | 51 -0.03339 -4.33054e+01
 52 -0.03983 -7.33732e+01 | 53 -0.02867 -1.10827e+02 | 54 -0.00519  1.68581e+02
 55 -0.00730 -1.74145e+02 | 56 -0.00551  1.48067e+02 | 57  0.01214  2.99465e+01
 58  0.01930 -1.25971e+02 | 59  0.01891 -1.45188e+02 | 60  0.01275  5.01372e+01
 61  0.01079  6.68107e-01 | 62  0.01396  4.44436e+00 | 63  0.01090  4.77454e+01
 64  0.01125  2.58181e+01 | 65  0.00937 -4.69363e-01 | 66  0.01315  4.77919e+01
 67  0.01691 -6.18666e+00 | 68  0.01563 -1.23729e+02 | 69  0.02129  1.65290e+02
 70  0.02071 -3.21296e+01 | 71  0.01764  1.97538e+01 | 72  0.01631 -5.35393e+00
 73  0.01840  2.01540e+01 | 74  0.02342 -1.21382e+01 | 75  0.02423 -1.76103e+01
1 0 22907.4
1 0 22907
1 0 22906.8
1 0 22906.6
1 0 22906.5
1 0 22906.4
1 0 22906.4
1 0 22906.3
1 0 22906.3
1 0 22906.3
75 variables; iteration 110; function evaluation 133; phase 1
Function value   2.2906330e+04; maximum gradient component mag  -1.0077e+01
Var   Value    Gradient   |Var   Value    Gradient   |Var   Value    Gradient
  1  0.24222 -7.40880e-01 |  2  0.21136  1.53698e+00 |  3  0.15984  5.67751e-01
  4  0.11778 -8.74521e-01 |  5  0.08666  1.63817e-01 |  6  0.06346 -2.17180e-02
  7  0.04579  1.52458e-01 |  8  0.03199  1.71934e-01 |  9  0.02107  1.57808e-01
 10  0.01240  3.77464e-01 | 11  0.00551  2.23486e-01 | 12  0.00017 -3.94647e-02
 13 -0.00372 -1.49363e-01 | 14 -0.00626 -1.07555e-01 | 15 -0.00753 -2.11010e-01
 16  0.07691  1.01750e+00 | 17  0.00561  4.94563e+00 | 18 -0.00305  4.56744e+00
 19 -0.00679 -4.71109e-01 | 20 -0.00658 -5.61643e-03 | 21 -0.00520 -9.13759e-02
 22 -0.00090 -1.19252e+00 | 23  0.00254 -6.54147e-01 | 24  0.00186 -1.75378e+00
 25 -0.01198  6.13864e-01 | 26 -0.00245 -4.98900e+00 | 27  0.00519  3.18282e+00
 28 -0.00473 -9.45777e-01 | 29 -0.00552 -1.80292e+00 | 30  0.00405 -2.75438e+00
 31  0.00704 -1.05767e-01 | 32  0.00842 -2.53617e+00 | 33  0.00294  6.38665e+00
 34  0.00848 -2.79552e+00 | 35  0.00727 -1.89709e+00 | 36  0.00464  5.45530e-01
 37  0.00530  2.28307e+00 | 38  0.00326 -5.15805e-01 | 39  0.00349 -1.44064e+00
 40  0.00070  2.03512e-01 | 41  0.00476 -4.44814e-01 | 42  0.00410 -1.21318e+00
 43  0.00623  2.72786e+00 | 44  0.00611  1.53867e+00 | 45 -0.04483 -9.52571e-01
 46  0.10245 -2.71980e-01 | 47 -0.05886 -1.00766e+01 | 48 -0.05170 -9.55502e-01
 49 -0.04362 -1.24728e+00 | 50 -0.03393 -1.68030e+00 | 51 -0.03337 -6.44320e-02
 52 -0.03974  1.65898e-01 | 53 -0.02862  6.40352e+00 | 54 -0.00563  1.55051e+00
 55 -0.00663  4.00036e+00 | 56 -0.00606 -1.35418e+00 | 57  0.01198  8.83821e-01
 58  0.01954 -2.73333e-01 | 59  0.01916  2.80027e+00 | 60  0.01246  7.70887e-01
 61  0.01068 -2.70221e+00 | 62  0.01392 -6.31557e+00 | 63  0.01074 -1.11910e-01
 64  0.01119  4.96019e-01 | 65  0.00934  1.21140e+00 | 66  0.01303  1.22817e+00
 67  0.01686 -4.17403e+00 | 68  0.01582  5.89673e-01 | 69  0.02084  4.64462e+00
 70  0.02091  3.11645e+00 | 71  0.01767  1.85674e+00 | 72  0.01647 -5.45950e-01
 73  0.01882 -1.31646e+00 | 74  0.02423  3.73772e-03 | 75  0.02426  1.34020e-01
1 0 22906.3
1 0 22906.3
1 0 22906.3
1 0 22906.3
1 0 22906.3
1 0 22906.3
1 0 22906.3
1 0 22906.3
1 0 22906.3
1 0 22906.3
75 variables; iteration 120; function evaluation 143; phase 1
Function value   2.2906329e+04; maximum gradient component mag  -5.9918e-01
Var   Value    Gradient   |Var   Value    Gradient   |Var   Value    Gradient
  1  0.24215 -8.74097e-03 |  2  0.21113 -2.67841e-02 |  3  0.15967 -8.66653e-03
  4  0.11779  2.49738e-03 |  5  0.08657 -1.61563e-03 |  6  0.06330 -8.73764e-04
  7  0.04554 -1.67649e-03 |  8  0.03169 -1.34256e-03 |  9  0.02073 -8.18019e-05
 10  0.01206  5.98647e-04 | 11  0.00526 -9.33134e-04 | 12  0.00008 -4.31379e-04
 13 -0.00368  1.78194e-03 | 14 -0.00613  7.12301e-04 | 15 -0.00734  1.85874e-03
 16  0.07689 -1.26594e-02 | 17  0.00550  7.18353e-02 | 18 -0.00307 -2.13407e-02
 19 -0.00680 -2.59851e-02 | 20 -0.00658 -3.74073e-03 | 21 -0.00519  2.62357e-03
 22 -0.00090  1.05332e-03 | 23  0.00254 -3.41690e-03 | 24  0.00187 -2.86689e-02
 25 -0.01196  1.25774e-03 | 26 -0.00243 -1.62802e-02 | 27  0.00519 -4.22868e-02
 28 -0.00472  4.29825e-02 | 29 -0.00551 -1.16585e-02 | 30  0.00406 -3.00259e-02
 31  0.00705 -2.70146e-02 | 32  0.00844  3.11767e-02 | 33  0.00293  1.55693e-02
 34  0.00848  9.83511e-03 | 35  0.00728  1.25429e-02 | 36  0.00464  1.51137e-02
 37  0.00530 -2.55959e-02 | 38  0.00327  6.30489e-03 | 39  0.00350  6.55638e-03
 40  0.00070  1.45825e-02 | 41  0.00476  2.94287e-02 | 42  0.00410  6.16429e-03
 43  0.00623 -6.97340e-02 | 44  0.00611  1.38743e-03 | 45 -0.04483  2.52751e-02
 46  0.10245 -5.99181e-01 | 47 -0.05884 -8.61771e-02 | 48 -0.05170  6.27920e-03
 49 -0.04362  1.65500e-03 | 50 -0.03392  6.66569e-03 | 51 -0.03337  7.74176e-03
 52 -0.03973  1.26785e-02 | 53 -0.02863  1.54238e-02 | 54 -0.00563 -1.47413e-02
 55 -0.00663  5.02845e-02 | 56 -0.00606  4.49448e-02 | 57  0.01197  1.78006e-02
 58  0.01954 -3.46518e-02 | 59  0.01916 -6.13404e-03 | 60  0.01246  4.67766e-03
 61  0.01069  1.76808e-03 | 62  0.01392 -6.11345e-02 | 63  0.01074  1.70600e-02
 64  0.01119 -5.35285e-03 | 65  0.00934  2.32411e-03 | 66  0.01302  2.09312e-03
 67  0.01687 -1.56621e-02 | 68  0.01582  5.71102e-03 | 69  0.02083 -2.80011e-02
 70  0.02091 -5.16345e-02 | 71  0.01767 -9.69586e-03 | 72  0.01648  2.77027e-02
 73  0.01883  4.30428e-02 | 74  0.02424  2.83683e-02 | 75  0.02424  2.90213e-02
1 0 22906.3
1 0 22906.3
1 0 22906.3

 - final statistics:
75 variables; iteration 123; function evaluation 146
Function value   2.2906e+04; maximum gradient component mag  -2.4805e-02
Exit code = 1;  converg criter   1.0000e-01
Var   Value    Gradient   |Var   Value    Gradient   |Var   Value    Gradient
  1  0.24215 -5.02490e-04 |  2  0.21113  1.18827e-03 |  3  0.15967  3.39214e-04
  4  0.11779 -3.56540e-04 |  5  0.08657  1.04700e-05 |  6  0.06330  5.62794e-05
  7  0.04554  7.19220e-05 |  8  0.03169 -3.69786e-05 |  9  0.02073 -2.82759e-04
 10  0.01206 -2.02685e-04 | 11  0.00526  1.37173e-06 | 12  0.00007  1.03500e-04
 13 -0.00369  8.06737e-05 | 14 -0.00614 -1.25468e-04 | 15 -0.00734  7.42631e-05
 16  0.07689  4.80439e-03 | 17  0.00550 -2.29746e-03 | 18 -0.00307  3.94975e-03
 19 -0.00680 -1.03421e-04 | 20 -0.00658 -1.20201e-03 | 21 -0.00519 -4.52647e-04
 22 -0.00090 -5.85262e-04 | 23  0.00254  7.59585e-04 | 24  0.00187  1.65591e-03
 25 -0.01196  1.91838e-03 | 26 -0.00243  1.97594e-03 | 27  0.00519  1.95292e-03
 28 -0.00472 -1.36757e-03 | 29 -0.00551  9.45705e-04 | 30  0.00406 -7.79794e-05
 31  0.00705  3.73059e-03 | 32  0.00844 -2.02515e-03 | 33  0.00293  4.40152e-04
 34  0.00848 -3.66022e-03 | 35  0.00728 -1.83925e-05 | 36  0.00464  2.94029e-03
 37  0.00530  2.51125e-03 | 38  0.00327  7.33390e-04 | 39  0.00350  1.56043e-03
 40  0.00070 -1.71507e-03 | 41  0.00476 -7.10175e-03 | 42  0.00410 -2.31897e-03
 43  0.00623  3.94877e-03 | 44  0.00611  9.45273e-05 | 45 -0.04483 -5.00641e-03
 46  0.10245 -2.48050e-02 | 47 -0.05884 -1.53641e-03 | 48 -0.05170  1.34451e-04
 49 -0.04362  1.55848e-03 | 50 -0.03393  1.60845e-03 | 51 -0.03337  1.26136e-03
 52 -0.03973  1.79413e-05 | 53 -0.02863  1.73343e-03 | 54 -0.00563  3.28118e-03
 55 -0.00663 -3.97816e-04 | 56 -0.00606 -5.61056e-04 | 57  0.01197  6.17800e-03
 58  0.01954 -4.75551e-03 | 59  0.01916 -2.29846e-03 | 60  0.01246 -4.75799e-04
 61  0.01069  2.01939e-03 | 62  0.01392  1.15965e-03 | 63  0.01074  3.78024e-04
 64  0.01119  1.07566e-03 | 65  0.00934  5.49536e-04 | 66  0.01302 -2.27168e-03
 67  0.01687 -6.69367e-03 | 68  0.01582  1.32572e-03 | 69  0.02083 -6.46189e-03
 70  0.02091  1.16148e-03 | 71  0.01767  2.71846e-03 | 72  0.01648 -5.05030e-04
 73  0.01883 -3.00450e-03 | 74  0.02424  2.44111e-04 | 75  0.02424  1.00686e-03
1 0 22906.3
B064189.3
0.3 0.487374
0.417749 0.400555
0.47809 0.366414
0.500512 0.355077
0.507772 0.351545
0.510014 0.350468
0.510696 0.350142
0.510903 0.350043
0.510965 0.350013
0.510984 0.350004
0.51099 0.350001
0.510991 0.35
0.510992 0.35
0.510992 0.35
0.510992 0.35
0.510992 0.35
0.510992 0.35
0.510992 0.35
0.510992 0.35
0.510992 0.35
0.510992 0.35
FutMOrt0.453134
FutMOrt0.453134
FutMOrt0.453134
FutMOrt0.453134
FutMOrt0.453134
FutMOrt0.453134
FutMOrt0.453134
FutMOrt0.453134
FutMOrt0.453134
FutMOrt0.453134
2 0 22906.3

Initial statistics: 79 variables; iteration 0; function evaluation 0; phase 2
Function value   2.2906329e+04; maximum gradient component mag  -7.3235e+03
Var   Value    Gradient   |Var   Value    Gradient   |Var   Value    Gradient
  1 -0.80051  9.70596e+01 |  2 -0.47310  6.51674e+01 |  3  0.24215 -5.02490e-04
  4  0.21113  1.18827e-03 |  5  0.15967  3.39214e-04 |  6  0.11779 -3.56540e-04
  7  0.08657  1.04700e-05 |  8  0.06330  5.62794e-05 |  9  0.04554  7.19220e-05
 10  0.03169 -3.69786e-05 | 11  0.02073 -2.82759e-04 | 12  0.01206 -2.02685e-04
 13  0.00526  1.37173e-06 | 14  0.00007  1.03500e-04 | 15 -0.00369  8.06737e-05
 16 -0.00614 -1.25468e-04 | 17 -0.00734  7.42631e-05 | 18  0.07689  4.80439e-03
 19  0.00550 -2.33791e-03 | 20 -0.00307  3.90931e-03 | 21 -0.00680 -1.43868e-04
 22 -0.00658 -1.24245e-03 | 23 -0.00519 -4.93094e-04 | 24 -0.00090 -6.25711e-04
 25  0.00254  7.19136e-04 | 26  0.00187  1.61546e-03 | 27 -0.01196  1.87793e-03
 28 -0.00243  1.93549e-03 | 29  0.00519  1.91247e-03 | 30 -0.00472 -1.40802e-03
 31 -0.00551  9.05258e-04 | 32  0.00406 -1.18428e-04 | 33  0.00705  3.69014e-03
 34  0.00844 -2.06559e-03 | 35  0.00293  3.99703e-04 | 36  0.00848 -3.70067e-03
 37  0.00728 -5.88388e-05 | 38  0.00464  2.89985e-03 | 39  0.00530  2.47080e-03
 40  0.00327  6.92942e-04 | 41  0.00350  1.51998e-03 | 42  0.00070 -1.75552e-03
 43  0.00476 -7.14220e-03 | 44  0.00410 -2.35942e-03 | 45  0.00623  3.90832e-03
 46  0.00611  5.40802e-05 | 47 -0.04483 -5.04676e-03 | 48  0.10245 -2.48050e-02
 49 -0.05884 -1.48311e-03 | 50 -0.05170  1.87808e-04 | 51 -0.04362  1.61189e-03
 52 -0.03393  1.66191e-03 | 53 -0.03337  1.31482e-03 | 54 -0.03973  7.13698e-05
 55 -0.02863  1.78691e-03 | 56 -0.00563  3.33471e-03 | 57 -0.00663 -3.44286e-04
 58 -0.00606 -5.07525e-04 | 59  0.01197  6.23152e-03 | 60  0.01954 -4.70201e-03
 61  0.01916 -2.24495e-03 | 62  0.01246 -4.22277e-04 | 63  0.01069  2.07291e-03
 64  0.01392  1.21317e-03 | 65  0.01074  4.31550e-04 | 66  0.01119  1.12919e-03
 67  0.00934  6.03063e-04 | 68  0.01302 -2.21816e-03 | 69  0.01687 -6.64016e-03
 70  0.01582  1.37924e-03 | 71  0.02083 -6.40839e-03 | 72  0.02091  1.21498e-03
 73  0.01767  2.77197e-03 | 74  0.01648 -4.51515e-04 | 75  0.01883 -2.95099e-03
 76  0.02424  2.97605e-04 | 77  0.02424  1.06035e-03 | 78 -0.55856 -7.32346e+03
 79 -0.43254  4.45457e+03 |
2 0 22906.3
2 0 22906.1
2 0 22904.1
2 0 22886.8
2 0 22918.1
2 0 22881.4
2 0 22871
2 0 22852.5
2 0 22875.5
2 0 22846.8
2 0 22837.9
2 0 22833.2
2 0 22825.3
2 0 22829.5
2 0 22822.1
2 0 22818.6

Intermediate statistics: 79 variables; iteration 10; function evaluation 16; phase 2
Function value   2.2818568e+04; maximum gradient component mag  -7.8222e+03
Var   Value    Gradient   |Var   Value    Gradient   |Var   Value    Gradient
  1 -0.80690  1.10792e+02 |  2 -0.47547  6.91334e+01 |  3  0.23287 -5.13888e+01
  4  0.21282  1.96258e+02 |  5  0.16115  5.96505e+01 |  6  0.11850  2.61454e+01
  7  0.08693  1.35527e+01 |  8  0.06352  8.15137e+00 |  9  0.04569  5.45941e+00
 10  0.03179  3.96920e+00 | 11  0.02082  3.07805e+00 | 12  0.01213  2.51452e+00
 13  0.00532  2.14524e+00 | 14  0.00013  1.89989e+00 | 15 -0.00364  1.73960e+00
 16 -0.00609  1.64254e+00 | 17 -0.00730  1.59597e+00 | 18  0.07407 -1.32112e+03
 19  0.00016 -4.60842e+02 | 20 -0.00374  1.03206e+02 | 21 -0.00529  3.52661e+02
 22 -0.00548  1.93556e+02 | 23 -0.00463 -5.62459e+01 | 24 -0.00167 -6.11590e+01
 25  0.00239  1.98345e+02 | 26  0.00377  4.22361e+02 | 27 -0.00999 -2.28594e+02
 28 -0.00308 -3.32094e+02 | 29  0.00597  2.59059e+02 | 30 -0.00203  2.97593e+02
 31 -0.00482 -2.20490e+02 | 32  0.00318 -9.51295e+01 | 33  0.00631 -1.30409e+02
 34  0.00815 -3.00878e+01 | 35  0.00345  7.94543e+01 | 36  0.00830 -2.52486e+01
 37  0.00715 -8.76640e+01 | 38  0.00503  1.33969e+02 | 39  0.00603  9.33775e+01
 40  0.00392  2.49917e+01 | 41  0.00382  5.58657e+01 | 42  0.00152  1.02408e+02
 43  0.00470 -2.62603e+01 | 44  0.00397  7.56694e+01 | 45  0.00678  5.06082e+02
 46  0.00656  1.79989e+03 | 47 -0.05051 -2.94854e+03 | 48  0.10144 -7.82218e+03
 49 -0.05992  1.59046e+02 | 50 -0.05139  3.09592e+02 | 51 -0.04383 -1.48412e+01
 52 -0.03264  5.36734e+02 | 53 -0.03437 -8.56086e+01 | 54 -0.04045 -2.70556e+00
 55 -0.03051 -6.43760e+02 | 56 -0.00505 -5.79638e+01 | 57 -0.00720 -2.22204e+01
 58 -0.00701 -2.31690e+01 | 59  0.01123 -3.96362e+02 | 60  0.02097  3.93514e+02
 61  0.01817 -1.36666e+02 | 62  0.01229  2.63114e+02 | 63  0.00997  1.79981e+02
 64  0.01409  2.44463e+02 | 65  0.01083  3.63999e+02 | 66  0.01056  1.74731e+02
 67  0.00905  1.39097e+02 | 68  0.01300  1.99757e+02 | 69  0.01675  1.57368e+02
 70  0.01532  6.29240e+01 | 71  0.02141  3.10050e+02 | 72  0.02060  1.32862e+02
 73  0.01699 -9.06685e+01 | 74  0.01671 -3.72507e+02 | 75  0.01737 -2.24011e+03
 76  0.02976 -1.41643e+02 | 77  0.02672  3.36931e+02 | 78 -0.57139 -3.82934e+03
 79 -0.48202  2.57819e+03 |
2 0 22823.1
2 0 22817.5
2 0 22816.2
2 0 22820.6
2 0 22816
2 0 22815.8
2 0 22815.8
2 0 22815.7
2 0 22815.6
2 0 22815.5
2 0 22815.2
2 0 22815
79 variables; iteration 20; function evaluation 28; phase 2
Function value   2.2814977e+04; maximum gradient component mag  -8.0636e+03
Var   Value    Gradient   |Var   Value    Gradient   |Var   Value    Gradient
  1 -0.81974  8.71803e+01 |  2 -0.48265  6.48816e+01 |  3  0.23755  2.09952e+02
  4  0.21363  9.24458e+01 |  5  0.16010  2.19461e+01 |  6  0.11768  1.39714e+01
  7  0.08641  8.58565e+00 |  8  0.06319  5.49691e+00 |  9  0.04548  3.78463e+00
 10  0.03164  2.77967e+00 | 11  0.02070  2.16277e+00 | 12  0.01204  1.76938e+00
 13  0.00525  1.51096e+00 | 14  0.00006  1.33918e+00 | 15 -0.00370  1.22710e+00
 16 -0.00615  1.15934e+00 | 17 -0.00735  1.12694e+00 | 18  0.07324 -1.22051e+03
 19  0.00290 -2.17674e+02 | 20 -0.00373  6.59364e+01 | 21 -0.00564  3.57932e+02
 22 -0.00559  2.47088e+02 | 23 -0.00501 -1.45956e+02 | 24 -0.00172 -1.72918e+01
 25  0.00200  1.10784e+02 | 26  0.00358  4.07886e+02 | 27 -0.00969 -6.93038e+00
 28 -0.00314 -3.72233e+02 | 29  0.00595  8.67708e+01 | 30 -0.00198  2.52596e+02
 31 -0.00475  1.11103e+02 | 32  0.00277 -2.40776e+02 | 33  0.00564 -1.81378e+02
 34  0.00734 -8.87236e+01 | 35  0.00239 -1.17379e+02 | 36  0.00758 -5.79651e+01
 37  0.00661 -1.11955e+02 | 38  0.00462  8.42567e+01 | 39  0.00587  1.26036e+02
 40  0.00377  3.39602e+01 | 41  0.00373  8.66628e+01 | 42  0.00127  7.46020e+01
 43  0.00416 -1.19234e+02 | 44  0.00345  3.08545e+01 | 45  0.00681  5.07628e+02
 46  0.00821  1.92560e+03 | 47 -0.04731 -2.75043e+03 | 48  0.10131 -8.06363e+03
 49 -0.05979  1.78699e+02 | 50 -0.05165  2.15358e+02 | 51 -0.04363  6.26695e-01
 52 -0.03292  3.99290e+02 | 53 -0.03392  5.72921e+01 | 54 -0.04041  7.32266e+01
 55 -0.03053 -5.71531e+02 | 56 -0.00546 -3.82130e+02 | 57 -0.00739 -1.77154e+02
 58 -0.00694  1.02315e+02 | 59  0.01219  2.01665e+02 | 60  0.02071  2.77166e+02
 61  0.01879  1.21498e+02 | 62  0.01230  2.92339e+02 | 63  0.01006  2.12985e+02
 64  0.01402  2.77987e+02 | 65  0.01069  3.48869e+02 | 66  0.01044  1.31705e+02
 67  0.00897  1.31460e+02 | 68  0.01305  2.08794e+02 | 69  0.01673  1.32038e+02
 70  0.01546  8.83798e+01 | 71  0.02166  3.85730e+02 | 72  0.02080  2.51285e+02
 73  0.01678 -8.58378e+01 | 74  0.01616 -3.79515e+02 | 75  0.01551 -2.33457e+03
 76  0.02747 -1.39760e+02 | 77  0.03127  4.12437e+02 | 78 -0.57449 -3.94461e+03
 79 -0.48822  2.48891e+03 |
2 0 22814.7
2 0 22814.4
2 0 22814.5
2 0 22814.3
2 0 22814.4
2 0 22814.3
2 0 22814.3
2 0 22814.2
2 0 22814.1
2 0 22814.4
2 0 22814.1
2 0 22814.1
2 0 22814
79 variables; iteration 30; function evaluation 41; phase 2
Function value   2.2814071e+04; maximum gradient component mag  -8.1082e+03
Var   Value    Gradient   |Var   Value    Gradient   |Var   Value    Gradient
  1 -0.83640  5.53193e+01 |  2 -0.49424  4.86112e+01 |  3  0.23838  2.97703e+02
  4  0.21024  2.67303e+01 |  5  0.16058  3.44231e+01 |  6  0.11700  1.00075e+01
  7  0.08552  6.37958e+00 |  8  0.06250  5.06161e+00 |  9  0.04499  3.74831e+00
 10  0.03129  2.79201e+00 | 11  0.02044  2.16214e+00 | 12  0.01183  1.75295e+00
 13  0.00507  1.48529e+00 | 14 -0.00009  1.30923e+00 | 15 -0.00384  1.19540e+00
 16 -0.00628  1.12701e+00 | 17 -0.00748  1.09399e+00 | 18  0.07288 -1.26481e+03
 19  0.00263 -1.73770e+02 | 20 -0.00378  3.28947e+01 | 21 -0.00567  3.59218e+02
 22 -0.00555  2.63264e+02 | 23 -0.00504 -1.64576e+02 | 24 -0.00184 -8.67574e+01
 25  0.00217  1.45793e+02 | 26  0.00419  5.08591e+02 | 27 -0.00935 -4.58784e+01
 28 -0.00284 -3.25902e+02 | 29  0.00606  8.88006e+01 | 30 -0.00171  2.75463e+02
 31 -0.00439  1.74136e+02 | 32  0.00290 -2.31624e+02 | 33  0.00577 -2.09777e+02
 34  0.00762 -6.37213e+01 | 35  0.00283 -2.64613e+01 | 36  0.00785  4.01609e+00
 37  0.00664 -1.00248e+02 | 38  0.00433  1.26648e+01 | 39  0.00551  8.11037e+01
 40  0.00335 -4.75161e+01 | 41  0.00331 -6.86572e+00 | 42  0.00102  1.44935e+01
 43  0.00431 -1.08825e+02 | 44  0.00381  1.01621e+02 | 45  0.00699  5.58402e+02
 46  0.00773  1.89398e+03 | 47 -0.04877 -2.82706e+03 | 48  0.10141 -8.10825e+03
 49 -0.05994  1.95812e+02 | 50 -0.05173  2.45570e+02 | 51 -0.04366  2.10511e+01
 52 -0.03295  4.36077e+02 | 53 -0.03414  7.04020e+01 | 54 -0.04088  8.67079e+00
 55 -0.03061 -5.72592e+02 | 56 -0.00545 -3.23911e+02 | 57 -0.00724 -7.55753e+01
 58 -0.00713  1.11091e+02 | 59  0.01201  1.88898e+02 | 60  0.02079  3.26124e+02
 61  0.01861  9.18187e+01 | 62  0.01223  3.47086e+02 | 63  0.00996  2.58019e+02
 64  0.01409  3.39879e+02 | 65  0.01071  3.59368e+02 | 66  0.01046  1.32935e+02
 67  0.00889  1.25580e+02 | 68  0.01287  1.60907e+02 | 69  0.01655  9.39507e+01
 70  0.01525  7.74104e+01 | 71  0.02131  3.42375e+02 | 72  0.02062  2.63061e+02
 73  0.01687 -2.42505e+01 | 74  0.01626 -3.74763e+02 | 75  0.01646 -2.22085e+03
 76  0.02923 -9.28818e+00 | 77  0.03188  4.28089e+02 | 78 -0.57411 -3.89889e+03
 79 -0.48750  2.48879e+03 |
2 0 22814
2 0 22814
2 0 22814
2 0 22814
2 0 22814
2 0 22814
2 0 22814
2 0 22813.9
2 0 22813.9
2 0 22813.8
2 0 22814.1
2 0 22813.8
2 0 22813.8
79 variables; iteration 40; function evaluation 54; phase 2
Function value   2.2813808e+04; maximum gradient component mag  -8.1103e+03
Var   Value    Gradient   |Var   Value    Gradient   |Var   Value    Gradient
  1 -0.83255  5.16948e+01 |  2 -0.51003  4.28854e+01 |  3  0.23853  3.21519e+02
  4  0.21155  5.52284e+01 |  5  0.16111  4.98078e+01 |  6  0.11293 -2.16069e+01
  7  0.08536  2.37213e+01 |  8  0.06094  1.13603e+00 |  9  0.04303  7.78281e-01
 10  0.02967  2.36340e+00 | 11  0.01920  2.36159e+00 | 12  0.01085  1.99828e+00
 13  0.00427  1.67493e+00 | 14 -0.00078  1.44665e+00 | 15 -0.00445  1.29935e+00
 16 -0.00685  1.21335e+00 | 17 -0.00803  1.17282e+00 | 18  0.07292 -1.22827e+03
 19  0.00273 -2.29948e+02 | 20 -0.00382  5.61632e+01 | 21 -0.00571  3.71696e+02
 22 -0.00575  1.48366e+02 | 23 -0.00509 -1.61182e+02 | 24 -0.00192 -9.78835e+01
 25  0.00213  1.21713e+02 | 26  0.00425  5.16240e+02 | 27 -0.00944 -8.89431e+01
 28 -0.00280 -2.91642e+02 | 29  0.00604  5.32731e+01 | 30 -0.00177  2.58146e+02
 31 -0.00447  1.69482e+02 | 32  0.00287 -2.19244e+02 | 33  0.00574 -2.18481e+02
 34  0.00749 -1.05581e+02 | 35  0.00275 -6.51884e+01 | 36  0.00781 -2.67638e+01
 37  0.00650 -1.41995e+02 | 38  0.00432  2.70565e+01 | 39  0.00570  1.27967e+02
 40  0.00347 -2.12918e+01 | 41  0.00324 -4.24348e+01 | 42  0.00088 -3.16735e+01
 43  0.00417 -1.41695e+02 | 44  0.00378  9.54134e+01 | 45  0.00703  5.53067e+02
 46  0.00781  1.88023e+03 | 47 -0.04853 -2.84781e+03 | 48  0.10115 -8.11028e+03
 49 -0.05981  1.71081e+02 | 50 -0.05161  1.89963e+02 | 51 -0.04346  5.17825e+01
 52 -0.03272  4.74556e+02 | 53 -0.03400  6.84510e+01 | 54 -0.04078  3.80698e+00
 55 -0.03030 -5.29044e+02 | 56 -0.00530 -3.11596e+02 | 57 -0.00708 -8.85775e+01
 58 -0.00689  1.33581e+02 | 59  0.01225  2.23322e+02 | 60  0.02089  2.88775e+02
 61  0.01874  4.64631e+01 | 62  0.01247  3.48238e+02 | 63  0.01007  2.39299e+02
 64  0.01428  3.66406e+02 | 65  0.01107  4.51337e+02 | 66  0.01064  1.74774e+02
 67  0.00891  9.02100e+01 | 68  0.01307  1.43969e+02 | 69  0.01679  6.91832e+01
 70  0.01545  6.09846e+01 | 71  0.02150  3.49535e+02 | 72  0.02075  2.58917e+02
 73  0.01699 -3.42489e+01 | 74  0.01648 -3.47852e+02 | 75  0.01651 -2.21036e+03
 76  0.02888 -9.41716e+00 | 77  0.02761  4.07116e+02 | 78 -0.57442 -3.97196e+03
 79 -0.48797  2.50823e+03 |
2 0 22813.8
2 0 22813.8
2 0 22813.7
2 0 22813.6
2 0 22813.3
2 0 22813.4
2 0 22813.3
2 0 22814.2
2 0 22813.2
2 0 22813.2
2 0 22813.2
2 0 22813.2
2 0 22813.2
2 0 22813.2
79 variables; iteration 50; function evaluation 68; phase 2
Function value   2.2813211e+04; maximum gradient component mag  -8.0277e+03
Var   Value    Gradient   |Var   Value    Gradient   |Var   Value    Gradient
  1 -0.81809  4.65417e+01 |  2 -0.54535  3.14043e+01 |  3  0.23794  2.93898e+02
  4  0.21053  5.08890e+01 |  5  0.15894  3.49118e+01 |  6  0.11271 -4.71355e+00
  7  0.08164  8.41668e+00 |  8  0.05755 -6.69672e-01 |  9  0.03997  2.21089e+00
 10  0.02618 -1.05769e+00 | 11  0.01601  7.75526e-01 | 12  0.00824  1.82370e+00
 13  0.00214  1.81535e+00 | 14 -0.00259  1.56624e+00 | 15 -0.00606  1.35536e+00
 16 -0.00834  1.22477e+00 | 17 -0.00946  1.16389e+00 | 18  0.07304 -1.14394e+03
 19  0.00187 -2.11689e+02 | 20 -0.00394  2.10826e+01 | 21 -0.00562  3.97983e+02
 22 -0.00579  1.02974e+02 | 23 -0.00506 -1.51904e+02 | 24 -0.00191 -7.97813e+01
 25  0.00218  1.32106e+02 | 26  0.00430  4.98033e+02 | 27 -0.00936 -6.82462e+01
 28 -0.00296 -3.98603e+02 | 29  0.00613  9.61087e+01 | 30 -0.00169  2.62371e+02
 31 -0.00448  1.62227e+02 | 32  0.00289 -2.16211e+02 | 33  0.00572 -2.36693e+02
 34  0.00753 -8.11346e+01 | 35  0.00280 -5.34497e+01 | 36  0.00769 -6.15636e+01
 37  0.00666 -9.69330e+01 | 38  0.00431  1.66570e+01 | 39  0.00572  1.16289e+02
 40  0.00355 -1.58817e+01 | 41  0.00340  2.47846e+00 | 42  0.00080 -4.48686e+01
 43  0.00409 -1.25232e+02 | 44  0.00373  5.27289e+01 | 45  0.00715  5.83160e+02
 46  0.00803  1.87138e+03 | 47 -0.04835 -2.84285e+03 | 48  0.10124 -8.02770e+03
 49 -0.06006  1.29388e+02 | 50 -0.05167  1.92441e+02 | 51 -0.04359  5.58447e+01
 52 -0.03277  5.00373e+02 | 53 -0.03415  4.31853e+01 | 54 -0.04085  5.50177e+00
 55 -0.03047 -5.44627e+02 | 56 -0.00537 -3.10437e+02 | 57 -0.00716 -3.52660e+01
 58 -0.00701  1.44803e+02 | 59  0.01221  2.54582e+02 | 60  0.02074  2.71373e+02
 61  0.01871  7.21187e+01 | 62  0.01241  3.75546e+02 | 63  0.00996  2.29128e+02
 64  0.01432  4.11328e+02 | 65  0.01074  3.84196e+02 | 66  0.01070  2.19648e+02
 67  0.00876  6.98061e+01 | 68  0.01299  1.60341e+02 | 69  0.01663  5.57156e+01
 70  0.01555  1.04072e+02 | 71  0.02139  3.20640e+02 | 72  0.02046  1.57921e+02
 73  0.01687 -4.15095e+01 | 74  0.01626 -3.90837e+02 | 75  0.01647 -2.16594e+03
 76  0.02872 -9.79398e+00 | 77  0.03059  4.21775e+02 | 78 -0.57478 -4.11873e+03
 79 -0.48860  2.55107e+03 |
2 0 22813.3
2 0 22813.2
2 0 22813.2
2 0 22813.2
2 0 22813.2
2 0 22813.1
2 0 22813.1
2 0 22813.1
2 0 22813.1
2 0 22813.1
2 0 22813
79 variables; iteration 60; function evaluation 79; phase 2
Function value   2.2813079e+04; maximum gradient component mag  -8.0070e+03
Var   Value    Gradient   |Var   Value    Gradient   |Var   Value    Gradient
  1 -0.81744  4.57340e+01 |  2 -0.54740  3.01966e+01 |  3  0.23799  2.91210e+02
  4  0.21072  5.02355e+01 |  5  0.15942  3.50728e+01 |  6  0.11405 -2.57455e+00
  7  0.08380  1.29614e+01 |  8  0.05971  4.61402e+00 |  9  0.04094 -7.23657e-01
 10  0.02695 -5.50573e-01 | 11  0.01652  3.79324e+00 | 12  0.00763 -6.20251e-01
 13  0.00113  1.61878e-01 | 14 -0.00353  1.21090e+00 | 15 -0.00685  1.42891e+00
 16 -0.00902  1.36517e+00 | 17 -0.01010  1.29775e+00 | 18  0.07312 -1.13986e+03
 19  0.00207 -2.07308e+02 | 20 -0.00393  2.10709e+01 | 21 -0.00561  3.94876e+02
 22 -0.00574  1.08522e+02 | 23 -0.00500 -1.44330e+02 | 24 -0.00190 -8.56265e+01
 25  0.00220  1.31517e+02 | 26  0.00438  5.23909e+02 | 27 -0.00929 -5.66275e+01
 28 -0.00296 -3.98716e+02 | 29  0.00608  9.55684e+01 | 30 -0.00179  2.43965e+02
 31 -0.00457  1.48331e+02 | 32  0.00281 -2.48148e+02 | 33  0.00572 -2.12234e+02
 34  0.00754 -8.27409e+01 | 35  0.00284 -2.25268e+01 | 36  0.00761 -1.03812e+02
 37  0.00663 -6.71694e+01 | 38  0.00424  2.25641e+01 | 39  0.00568  1.09122e+02
 40  0.00353 -4.70856e+01 | 41  0.00345  2.86364e+01 | 42  0.00082 -6.31401e+01
 43  0.00409 -1.00938e+02 | 44  0.00368  4.25554e+01 | 45  0.00709  5.45124e+02
 46  0.00807  1.89867e+03 | 47 -0.04836 -2.84328e+03 | 48  0.10124 -8.00699e+03
 49 -0.06004  1.38453e+02 | 50 -0.05171  1.84075e+02 | 51 -0.04358  6.87438e+01
 52 -0.03272  5.28414e+02 | 53 -0.03412  7.16351e+01 | 54 -0.04083  2.57636e+01
 55 -0.03049 -5.42338e+02 | 56 -0.00535 -3.10458e+02 | 57 -0.00711 -2.69433e+01
 58 -0.00700  1.35468e+02 | 59  0.01222  2.51440e+02 | 60  0.02073  2.76095e+02
 61  0.01872  9.55656e+01 | 62  0.01238  3.65852e+02 | 63  0.00996  2.28358e+02
 64  0.01431  3.86595e+02 | 65  0.01077  3.98014e+02 | 66  0.01069  1.92990e+02
 67  0.00864 -4.56134e-01 | 68  0.01288  9.87110e+01 | 69  0.01666  6.90138e+01
 70  0.01551  8.48353e+01 | 71  0.02148  3.61395e+02 | 72  0.02046  1.49205e+02
 73  0.01684 -5.32901e+01 | 74  0.01628 -3.60550e+02 | 75  0.01652 -2.14575e+03
 76  0.02867 -1.61459e+01 | 77  0.03061  4.21022e+02 | 78 -0.57477 -4.11494e+03
 79 -0.48861  2.54814e+03 |
2 0 22813.1
2 0 22813
2 0 22813
2 0 22813
2 0 22812.9
2 0 22812.8
2 0 22813.1
2 0 22812.8
2 0 22812.8
2 0 22812.7
2 0 22812.3
2 0 22811.5
2 0 22812
2 0 22811.2
79 variables; iteration 70; function evaluation 93; phase 2
Function value   2.2811247e+04; maximum gradient component mag  -7.7561e+03
Var   Value    Gradient   |Var   Value    Gradient   |Var   Value    Gradient
  1 -0.81616  4.41170e+01 |  2 -0.55173  2.78535e+01 |  3  0.23741  2.58345e+02
  4  0.20986  3.87535e+01 |  5  0.15698  2.41457e+01 |  6  0.11048 -1.79178e+01
  7  0.08212 -9.77882e-01 |  8  0.06357  4.83063e+00 |  9  0.05076  1.83638e+01
 10  0.03808  2.40330e+01 | 11  0.02250  1.24672e+01 | 12  0.00624 -2.98255e+01
 13  0.00103  2.63730e+01 | 14 -0.01023 -3.08035e+00 | 15 -0.01914 -1.43347e+01
 16 -0.02257 -5.16596e+00 | 17 -0.02338  8.36064e-01 | 18  0.07352 -1.11977e+03
 19  0.00170 -1.72172e+02 | 20 -0.00356  9.51436e+01 | 21 -0.00548  4.07480e+02
 22 -0.00590  8.04735e+01 | 23 -0.00555 -2.61333e+02 | 24 -0.00217 -1.38106e+02
 25  0.00249  2.00620e+02 | 26  0.00456  5.48082e+02 | 27 -0.00931 -6.40972e+01
 28 -0.00310 -4.17151e+02 | 29  0.00598  6.63704e+01 | 30 -0.00166  2.57518e+02
 31 -0.00444  1.63472e+02 | 32  0.00291 -2.24233e+02 | 33  0.00573 -2.12572e+02
 34  0.00750 -1.03807e+02 | 35  0.00308  3.60357e+01 | 36  0.00763 -1.03435e+02
 37  0.00640 -1.39227e+02 | 38  0.00438  4.80510e+01 | 39  0.00581  1.35719e+02
 40  0.00341 -1.08182e+02 | 41  0.00367  9.97825e+01 | 42  0.00097 -1.94876e+01
 43  0.00401 -1.48891e+02 | 44  0.00351  2.06039e+01 | 45  0.00683  4.66045e+02
 46  0.00826  1.88134e+03 | 47 -0.04827 -2.75480e+03 | 48  0.10124 -7.75606e+03
 49 -0.05984  1.80154e+02 | 50 -0.05158  1.91571e+02 | 51 -0.04319  1.70340e+02
 52 -0.03287  5.17271e+02 | 53 -0.03458 -3.10335e+01 | 54 -0.04059  1.01425e+02
 55 -0.03036 -5.16623e+02 | 56 -0.00529 -2.87615e+02 | 57 -0.00717 -4.32758e+01
 58 -0.00715  1.10570e+02 | 59  0.01217  2.46047e+02 | 60  0.02072  2.63771e+02
 61  0.01878  1.00711e+02 | 62  0.01241  3.67506e+02 | 63  0.00973  1.63813e+02
 64  0.01441  3.93343e+02 | 65  0.01093  4.32412e+02 | 66  0.01037  1.05495e+02
 67  0.00866  1.18021e+01 | 68  0.01308  1.54000e+02 | 69  0.01644  2.18718e+01
 70  0.01555  8.37792e+01 | 71  0.02149  3.15592e+02 | 72  0.02051  1.49553e+02
 73  0.01685 -5.34214e+01 | 74  0.01586 -4.48302e+02 | 75  0.01671 -2.03943e+03
 76  0.02873 -1.25320e+01 | 77  0.03058  4.08183e+02 | 78 -0.57464 -3.93623e+03
 79 -0.48908  2.45251e+03 |
2 0 22810.7
2 0 22810
2 0 22810.8
2 0 22809.7
2 0 22809.3
2 0 22806.4
2 0 22801.8
2 0 22796.6
2 0 22790.1
2 0 22796.1
2 0 22787.8
2 0 22793.7
2 0 22787.3
2 0 22786.4
79 variables; iteration 80; function evaluation 107; phase 2
Function value   2.2786434e+04; maximum gradient component mag  -3.4834e+03
Var   Value    Gradient   |Var   Value    Gradient   |Var   Value    Gradient
  1 -0.83168  4.23825e+01 |  2 -0.53629  2.06521e+01 |  3  0.23549  3.21642e+02
  4  0.21070  5.08506e+01 |  5  0.15991  3.32115e+01 |  6  0.11182  1.79751e+00
  7  0.07467  3.55048e+00 |  8  0.04359 -8.25787e+00 |  9  0.01906 -1.27469e+01
 10  0.00075 -6.90979e+00 | 11 -0.01390  6.73098e-01 | 12 -0.02762 -7.94262e+00
 13 -0.03813  1.73360e+01 | 14 -0.05323 -4.08492e+01 | 15 -0.05554 -9.69459e-01
 16 -0.05712 -3.74765e+01 | 17 -0.04695  3.54398e+01 | 18  0.08092 -1.08211e+03
 19 -0.00049 -2.13714e+02 | 20 -0.00396  3.50184e+01 | 21 -0.00577  2.68484e+02
 22 -0.00577  1.05782e+02 | 23 -0.00516 -1.41312e+02 | 24 -0.00203 -7.00166e+01
 25  0.00209  1.26377e+02 | 26  0.00416  3.58661e+02 | 27 -0.00912 -6.63126e+01
 28 -0.00286 -2.51743e+02 | 29  0.00599  8.62801e+01 | 30 -0.00137  1.57442e+02
 31 -0.00450  8.11107e+01 | 32  0.00293 -1.71744e+02 | 33  0.00574 -1.64471e+02
 34  0.00761 -9.03862e+01 | 35  0.00330  9.24174e+00 | 36  0.00774 -7.96227e+01
 37  0.00686 -1.09196e+02 | 38  0.00470  4.16558e+01 | 39  0.00599  8.32981e+01
 40  0.00368 -1.01116e+02 | 41  0.00360  4.04599e+01 | 42  0.00117 -2.15973e+01
 43  0.00442 -1.00072e+02 | 44  0.00376  2.61444e+01 | 45  0.00698  3.13291e+02
 46  0.00812  1.12161e+03 | 47 -0.04823 -1.50778e+03 | 48  0.10114 -3.48338e+03
 49 -0.05984  8.30175e+01 | 50 -0.05184  8.67797e+01 | 51 -0.04320  1.45741e+02
 52 -0.03299  3.72994e+02 | 53 -0.03426 -3.43795e+01 | 54 -0.04030  7.74330e+01
 55 -0.03009 -4.11068e+02 | 56 -0.00554 -2.47317e+02 | 57 -0.00684 -4.03292e+01
 58 -0.00698  8.98705e+01 | 59  0.01208  1.73441e+02 | 60  0.02067  1.67762e+02
 61  0.01880  6.65857e+01 | 62  0.01233  2.40269e+02 | 63  0.00967  1.19832e+02
 64  0.01434  2.81610e+02 | 65  0.01068  3.14074e+02 | 66  0.01033  6.92042e+01
 67  0.00890  1.97491e+01 | 68  0.01306  1.57626e+02 | 69  0.01649  1.76559e+01
 70  0.01547  4.15707e+01 | 71  0.02130  2.06575e+02 | 72  0.02051  1.10725e+02
 73  0.01709 -2.79476e+01 | 74  0.01596 -2.90659e+02 | 75  0.01770 -1.10813e+03
 76  0.02935 -1.51051e+02 | 77  0.02798  1.78437e+02 | 78 -0.57169  7.01111e+02
 79 -0.49566  3.79351e+01 |
2 0 22784.7
2 0 22781.7
2 0 22778.3
2 0 22778.1
2 0 22778.1
2 0 22778
2 0 22777.9
2 0 22777.9
2 0 22777.9
2 0 22777.9
79 variables; iteration 90; function evaluation 117; phase 2
Function value   2.2777872e+04; maximum gradient component mag  -1.9432e+01
Var   Value    Gradient   |Var   Value    Gradient   |Var   Value    Gradient
  1 -0.98588  1.79849e-01 |  2 -0.49334  8.81836e-01 |  3  0.23409  1.72409e+00
  4  0.21237  7.10511e-01 |  5  0.15958  3.35843e-01 |  6  0.11605  1.31676e-01
  7  0.08399 -5.36073e-03 |  8  0.06031 -3.01280e-02 |  9  0.04234 -2.17788e-03
 10  0.02835  2.96754e-02 | 11  0.01730  1.78189e-02 | 12  0.00855 -7.39861e-02
 13  0.00171 -6.94922e-02 | 14 -0.00349 -2.84010e-02 | 15 -0.00726  1.52446e-02
 16 -0.00971 -3.88397e-02 | 17 -0.01091  4.14286e-02 | 18  0.08607 -6.71936e+00
 19  0.00064 -2.37470e+00 | 20 -0.00377  1.25405e+00 | 21 -0.00636  1.19627e+00
 22 -0.00624  5.03727e-01 | 23 -0.00494 -3.73562e-01 | 24 -0.00161 -5.45754e-01
 25  0.00171  2.99993e-01 | 26  0.00335  1.19321e+00 | 27 -0.00961  1.38718e-02
 28 -0.00262 -1.05174e+00 | 29  0.00551  4.48732e-01 | 30 -0.00195  9.08725e-01
 31 -0.00469 -1.72713e-01 | 32  0.00344 -6.14334e-01 | 33  0.00621 -6.37454e-01
 34  0.00805 -2.39090e-01 | 35  0.00337  1.44237e-01 | 36  0.00800 -3.15847e-01
 37  0.00756 -3.85367e-01 | 38  0.00484  1.55797e-01 | 39  0.00586  3.76987e-01
 40  0.00418 -1.47350e-01 | 41  0.00369  1.19939e-01 | 42  0.00128  3.85901e-02
 43  0.00484 -4.94946e-01 | 44  0.00380 -3.64533e-01 | 45  0.00621  2.30130e-01
 46  0.00662  2.16384e+00 | 47 -0.04742 -1.50705e+00 | 48  0.10154 -1.94320e+01
 49 -0.05955  8.57835e-01 | 50 -0.05205  1.98816e-01 | 51 -0.04376 -1.23324e-01
 52 -0.03377  2.56030e-01 | 53 -0.03380  2.86934e-01 | 54 -0.04042 -3.20782e-01
 55 -0.02954 -5.47264e-01 | 56 -0.00582 -5.58612e-01 | 57 -0.00659  4.21771e-02
 58 -0.00712 -2.34882e-01 | 59  0.01154 -2.53575e-02 | 60  0.02013  2.32082e-01
 61  0.01884  1.13412e-01 | 62  0.01214  5.03815e-01 | 63  0.00972  2.11798e-01
 64  0.01391  4.64471e-01 | 65  0.01011  1.41526e-01 | 66  0.01048  3.18555e-01
 67  0.00899  1.44836e-01 | 68  0.01250 -5.72444e-02 | 69  0.01654  4.33054e-02
 70  0.01538  4.45094e-02 | 71  0.02085  3.43307e-01 | 72  0.02048  1.74756e-01
 73  0.01741  4.19942e-01 | 74  0.01618  7.62410e-01 | 75  0.01780 -2.77024e+00
 76  0.02961 -1.39726e+00 | 77  0.02962  9.52363e-01 | 78 -0.56989  5.07634e+00
 79 -0.49406 -1.43113e+00 |
2 0 22777.9
2 0 22777.9
2 0 22777.9
2 0 22777.9
2 0 22777.9
2 0 22777.9
2 0 22777.9
2 0 22777.9
2 0 22777.9
2 0 22777.9
2 0 22777.9
2 0 22777.9
2 0 22777.9
2 0 22777.9
2 0 22777.9
2 0 22777.9
2 0 22777.9
2 0 22777.9
2 0 22777.9
2 0 22777.9
2 0 22777.9
2 0 22777.9
2 0 22777.9
2 0 22777.9
2 0 22777.9
2 0 22777.9
2 0 22777.9
2 0 22777.9
2 0 22777.9
2 0 22777.9
2 0 22777.9
2 0 22777.9
2 0 22777.9
2 0 22777.9
2 0 22777.9
2 0 22777.9
2 0 22777.9
2 0 22777.9
2 0 22777.9
2 0 22777.9
2 0 22777.9
  ic > imax  in fminim is answer attained ?
Var   Value    Gradient   |Var   Value    Gradient   |Var   Value    Gradient
  1 -0.99988  2.30654e-06 |  2 -0.49419 -1.03175e-05 |  3  0.23409 -1.83928e-04
  4  0.21235 -7.37465e-05 |  5  0.15954 -5.37151e-05 |  6  0.11602 -2.16636e-05
  7  0.08399 -3.23033e-07 |  8  0.06034  7.65123e-06 |  9  0.04238  1.10212e-06
 10  0.02840 -9.21239e-06 | 11  0.01738 -8.21495e-06 | 12  0.00866  9.59911e-06
 13  0.00183  4.78308e-06 | 14 -0.00338  1.15392e-05 | 15 -0.00715 -3.35530e-06
 16 -0.00961  1.55285e-05 | 17 -0.01082 -1.46126e-05 | 18  0.08613  6.88203e-05
 19  0.00063  4.21430e-04 | 20 -0.00377 -1.41034e-04 | 21 -0.00636 -1.46890e-04
 22 -0.00624 -3.87260e-05 | 23 -0.00494  4.95388e-05 | 24 -0.00161 -1.05857e-06
 25  0.00171 -7.16183e-05 | 26  0.00335 -1.04296e-04 | 27 -0.00961  3.02967e-05
 28 -0.00262  8.20111e-05 | 29  0.00551 -4.20368e-05 | 30 -0.00195 -3.39412e-05
 31 -0.00469 -4.79953e-05 | 32  0.00344 -8.13091e-06 | 33  0.00621 -1.78317e-05
 34  0.00805  2.23130e-05 | 35  0.00337 -2.17703e-05 | 36  0.00800 -1.01001e-06
 37  0.00756  3.58483e-05 | 38  0.00484 -4.79143e-05 | 39  0.00586 -4.52806e-05
 40  0.00419  3.96148e-05 | 41  0.00369 -4.85525e-05 | 42  0.00128  1.06993e-05
 43  0.00484  3.06504e-05 | 44  0.00380 -2.71821e-05 | 45  0.00621 -1.25297e-04
 46  0.00662 -3.54290e-04 | 47 -0.04743  6.70424e-04 | 48  0.10154  1.27017e-03
 49 -0.05955 -8.54799e-05 | 50 -0.05205 -6.23529e-05 | 51 -0.04377 -7.68447e-05
 52 -0.03377 -1.24722e-04 | 53 -0.03380  5.54952e-06 | 54 -0.04042 -4.45228e-05
 55 -0.02955  1.27682e-04 | 56 -0.00582  6.85649e-05 | 57 -0.00659  8.30848e-07
 58 -0.00712 -6.65958e-05 | 59  0.01153 -8.31371e-05 | 60  0.02013 -5.25062e-05
 61  0.01884 -1.38347e-05 | 62  0.01214 -5.57006e-05 | 63  0.00972  2.27937e-06
 64  0.01391 -4.29492e-05 | 65  0.01011 -7.58199e-05 | 66  0.01048  6.55360e-06
 67  0.00899  6.53460e-06 | 68  0.01250 -3.38662e-05 | 69  0.01654  1.18185e-05
 70  0.01538 -6.36215e-07 | 71  0.02084 -4.55636e-05 | 72  0.02048 -2.62797e-05
 73  0.01741  2.99848e-05 | 74  0.01618  1.30951e-04 | 75  0.01781  3.27113e-04
 76  0.02962  3.13573e-05 | 77  0.02962 -6.64538e-05 | 78 -0.56984  2.29148e-04
 79 -0.49399 -3.29824e-04 |
Function minimizer not making progress ... is minimum attained?
Minimprove criterion =   0.0000e+00

 - final statistics:
79 variables; iteration 100; function evaluation 157
Function value   2.2778e+04; maximum gradient component mag   1.2702e-03
Exit code = 1;  converg criter   1.0000e-03
Var   Value    Gradient   |Var   Value    Gradient   |Var   Value    Gradient
  1 -0.99988  2.30654e-06 |  2 -0.49419 -1.03175e-05 |  3  0.23409 -1.83928e-04
  4  0.21235 -7.37465e-05 |  5  0.15954 -5.37151e-05 |  6  0.11602 -2.16636e-05
  7  0.08399 -3.23033e-07 |  8  0.06034  7.65123e-06 |  9  0.04238  1.10212e-06
 10  0.02840 -9.21239e-06 | 11  0.01738 -8.21495e-06 | 12  0.00866  9.59911e-06
 13  0.00183  4.78308e-06 | 14 -0.00338  1.15392e-05 | 15 -0.00715 -3.35530e-06
 16 -0.00961  1.55285e-05 | 17 -0.01082 -1.46126e-05 | 18  0.08613  6.88203e-05
 19  0.00063  4.21430e-04 | 20 -0.00377 -1.41034e-04 | 21 -0.00636 -1.46890e-04
 22 -0.00624 -3.87260e-05 | 23 -0.00494  4.95388e-05 | 24 -0.00161 -1.05857e-06
 25  0.00171 -7.16183e-05 | 26  0.00335 -1.04296e-04 | 27 -0.00961  3.02967e-05
 28 -0.00262  8.20111e-05 | 29  0.00551 -4.20368e-05 | 30 -0.00195 -3.39412e-05
 31 -0.00469 -4.79953e-05 | 32  0.00344 -8.13091e-06 | 33  0.00621 -1.78317e-05
 34  0.00805  2.23130e-05 | 35  0.00337 -2.17703e-05 | 36  0.00800 -1.01001e-06
 37  0.00756  3.58483e-05 | 38  0.00484 -4.79143e-05 | 39  0.00586 -4.52806e-05
 40  0.00419  3.96148e-05 | 41  0.00369 -4.85525e-05 | 42  0.00128  1.06993e-05
 43  0.00484  3.06504e-05 | 44  0.00380 -2.71821e-05 | 45  0.00621 -1.25297e-04
 46  0.00662 -3.54290e-04 | 47 -0.04743  6.70424e-04 | 48  0.10154  1.27017e-03
 49 -0.05955 -8.54799e-05 | 50 -0.05205 -6.23529e-05 | 51 -0.04377 -7.68447e-05
 52 -0.03377 -1.24722e-04 | 53 -0.03380  5.54952e-06 | 54 -0.04042 -4.45228e-05
 55 -0.02955  1.27682e-04 | 56 -0.00582  6.85649e-05 | 57 -0.00659  8.30848e-07
 58 -0.00712 -6.65958e-05 | 59  0.01153 -8.31371e-05 | 60  0.02013 -5.25062e-05
 61  0.01884 -1.38347e-05 | 62  0.01214 -5.57006e-05 | 63  0.00972  2.27937e-06
 64  0.01391 -4.29492e-05 | 65  0.01011 -7.58199e-05 | 66  0.01048  6.55360e-06
 67  0.00899  6.53460e-06 | 68  0.01250 -3.38662e-05 | 69  0.01654  1.18185e-05
 70  0.01538 -6.36215e-07 | 71  0.02084 -4.55636e-05 | 72  0.02048 -2.62797e-05
 73  0.01741  2.99848e-05 | 74  0.01618  1.30951e-04 | 75  0.01781  3.27113e-04
 76  0.02962  3.13573e-05 | 77  0.02962 -6.64538e-05 | 78 -0.56984  2.29148e-04
 79 -0.49399 -3.29824e-04 |
2 0 22777.9
B064189.3
0.3 0.47853
0.410169 0.396434
0.464586 0.36495
0.48443 0.354614
0.490815 0.351405
0.492785 0.350426
0.493385 0.350129
0.493566 0.350039
0.493622 0.350012
0.493638 0.350004
0.493643 0.350001
0.493645 0.35
0.493645 0.35
0.493645 0.35
0.493645 0.35
0.493645 0.35
0.493645 0.35
0.493645 0.35
0.493645 0.35
0.493645 0.35
0.493645 0.35
FutMOrt0.469117
FutMOrt0.469117
FutMOrt0.469117
FutMOrt0.469117
FutMOrt0.469117
FutMOrt0.469117
FutMOrt0.469117
FutMOrt0.469117
FutMOrt0.469117
FutMOrt0.469117
Survey Bio36.6288
Survey len11113.8
CPUE60.0612
Catch7.28341
Catch len11533
initsmo_penal11.8905
F_pen10.281
Rec_pen4.94403
M_pen0


Starting time: Sun Jun 17 15:00:17 2018
Finishing time: Sun Jun 17 15:01:20 2018
This run took: 0 hours, 1 minutes, 3 seconds.

