survYears 73 74 75 76 77 78 79 80 81 82 83 84 85 86 87 88 89 90 91 92 93 94 95 96 97 98 99 100
SurvLenYear 73 74 75 76 77 78 79 80 81 82 83 84 85 86 87 88 89 90 91 92 93 94 95 96 97 98 99 100
catchBiomass 2904.1 2919.49 4357.81 5467.19 9276.66 10472.1 13848.6 19279.1 20660.8 37241.7 37671.5 56901.5 85448.2 99286.3 114531 97540.7 101257 81147.2 94901.8 87168.7 90533.8 86075.7 94510.2 110624 105000 114617 109988 104585
steep0.999
25
Out
1 0 31277.2

Initial statistics: 74 variables; iteration 0; function evaluation 0; phase 1
Function value   3.1277170e+04; maximum gradient component mag  -1.0843e+05
Var   Value    Gradient   |Var   Value    Gradient   |Var   Value    Gradient
  1  0.21930  9.60898e+02 |  2  0.20772  1.05498e+03 |  3  0.19509  1.23840e+03
  4  0.17468  9.80916e+02 |  5  0.15331  6.91064e+02 |  6  0.13310  4.17537e+02
  7  0.13223  5.41033e+02 |  8  0.11753  3.90075e+02 |  9  0.09645  2.02669e+02
 10  0.08493  2.18198e+02 | 11  0.06249  8.07774e+01 | 12  0.04885  9.72786e+01
 13  0.03015  3.02122e+01 | 14  0.01809 -7.01920e+01 | 15  0.03899  1.33985e+02
 16 -0.01911 -4.16520e+03 | 17  0.00000 -5.10789e+03 | 18  0.00000 -4.88350e+02
 19  0.00000 -2.11955e+03 | 20  0.00000 -1.06389e+03 | 21  0.00000 -2.18237e+03
 22  0.00000 -1.18178e+03 | 23  0.00000 -4.42491e+02 | 24  0.00000 -7.38075e+02
 25  0.00000  1.56084e+03 | 26  0.00000  5.42171e+02 | 27  0.00000  2.41568e+03
 28  0.00000  2.70023e+03 | 29  0.00000  1.62831e+03 | 30  0.00000  1.19088e+03
 31  0.00000  4.11578e+02 | 32  0.00000  7.99728e+02 | 33  0.00000  1.75361e+02
 34  0.00000  1.28399e+03 | 35  0.00000  1.17429e+02 | 36  0.00000  5.87156e+02
 37  0.00000  9.52730e+02 | 38  0.00000  1.80548e+03 | 39  0.00000  1.70022e+03
 40  0.00000  1.20513e+03 | 41  0.00000  1.27638e+03 | 42  0.00000  5.17045e+02
 43  0.00000 -1.44531e+03 | 44  0.00000 -6.10063e+03 | 45  0.10397 -1.08430e+05
 46  0.00000  2.76901e+04 | 47  0.00000  1.96929e+04 | 48  0.00000  1.53425e+04
 49  0.00000  1.20856e+04 | 50  0.00000  1.03450e+04 | 51  0.00000  8.07751e+03
 52  0.00000  5.55954e+03 | 53  0.00000  2.34807e+03 | 54  0.00000 -4.67411e+02
 55  0.00000 -2.78108e+03 | 56  0.00000 -5.67567e+03 | 57  0.00000 -7.50261e+03
 58  0.00000 -7.54630e+03 | 59  0.00000 -6.69000e+03 | 60  0.00000 -6.27806e+03
 61  0.00000 -6.15759e+03 | 62  0.00000 -5.89058e+03 | 63  0.00000 -5.48882e+03
 64  0.00000 -5.53391e+03 | 65  0.00000 -6.40910e+03 | 66  0.00000 -6.97567e+03
 67  0.00000 -7.55223e+03 | 68  0.00000 -7.91028e+03 | 69  0.00000 -7.54665e+03
 70  0.00000 -6.84503e+03 | 71  0.00000 -4.15062e+03 | 72  0.00000  1.02748e+03
 73  0.00000  5.23299e+03 | 74  0.00783  1.30299e+04 |
1 0 31277.1
1 0 31276.9
1 0 31275
1 0 31255
1 0 31061.2
1 0 30642.7
1 0 27778.4
1 0 34313.8
1 0 27250.7
1 0 27726.3
1 0 27072.8
1 0 27513.9
1 0 27030.9
1 0 26984.7
1 0 26965.6
1 0 26956.5
1 0 26934.1
1 0 26921.5
1 0 26920.8
1 0 26913.9

Intermediate statistics: 74 variables; iteration 10; function evaluation 20; phase 1
Function value   2.6914056e+04; maximum gradient component mag  -5.9663e+04
Var   Value    Gradient   |Var   Value    Gradient   |Var   Value    Gradient
  1  0.24932  1.21087e+01 |  2  0.19724  5.40130e+01 |  3  0.17267  1.66898e+02
  4  0.15323  1.67971e+02 |  5  0.13633  1.33892e+02 |  6  0.12423  1.20017e+02
  7  0.11487  1.16023e+02 |  8  0.10452  1.03463e+02 |  9  0.09121  7.72101e+01
 10  0.07621  5.25545e+01 | 11  0.06102  3.98786e+01 | 12  0.04500  1.81408e+01
 13  0.03130 -1.18117e+01 | 14  0.02683 -1.02351e+01 | 15  0.03057  3.11076e+01
 16  0.06817  4.20250e+03 | 17  0.01115  6.35394e+01 | 18 -0.02701 -2.28758e+03
 19 -0.02642 -1.50022e+03 | 20 -0.02514 -1.00089e+03 | 21 -0.01391 -8.39565e+02
 22 -0.01107 -3.35512e+02 | 23 -0.00615 -1.36853e+01 | 24  0.00147  1.69114e+01
 25  0.01893  1.28506e+03 | 26  0.00084  5.26176e+02 | 27 -0.00417  5.90408e+02
 28  0.09702  4.38292e+02 | 29  0.00374  4.25889e+02 | 30 -0.01070  5.40405e+02
 31 -0.00857 -3.46956e+02 | 32  0.01268  1.31289e+03 | 33  0.00325  3.32019e+02
 34 -0.00619  8.06044e+02 | 35 -0.00442 -8.83736e+01 | 36  0.02109  1.13452e+03
 37  0.00312  5.06371e+02 | 38 -0.00621  8.48733e+02 | 39  0.01609  1.24391e+03
 40  0.00069  1.82075e+02 | 41  0.00388  9.25688e+02 | 42 -0.00064  2.74718e+02
 43 -0.01460 -1.10879e+03 | 44 -0.02731 -3.16633e+03 | 45  0.12864 -5.96627e+04
 46 -0.04777  7.01457e+03 | 47 -0.04965  3.57974e+03 | 48 -0.04478  2.57935e+03
 49 -0.03348  2.20341e+03 | 50 -0.03146  1.80198e+03 | 51 -0.02798  1.21292e+03
 52 -0.01844  8.52722e+02 | 53 -0.03354 -7.18020e+02 | 54  0.01564 -5.19824e+02
 55 -0.01867 -2.77857e+03 | 56 -0.03308 -1.53197e+03 | 57  0.04807 -8.16435e+02
 58  0.02623 -1.83516e+03 | 59 -0.00027 -2.61640e+03 | 60  0.00620 -1.62188e+03
 61  0.03936 -1.58262e+02 | 62  0.02021 -8.04560e+02 | 63  0.01711 -1.07688e+03
 64 -0.03109 -2.14876e+03 | 65  0.04281 -3.21138e+01 | 66  0.01198 -1.88030e+03
 67 -0.00694 -1.90470e+03 | 68  0.04786  3.68414e+01 | 69 -0.02439 -2.35990e+03
 70  0.04562 -2.32481e+02 | 71  0.03404  5.32591e+02 | 72  0.04047  2.66816e+03
 73  0.00919  2.79609e+03 | 74  0.10429  1.00512e+04 |
1 0 26915.2
1 0 26910.4
1 0 26912.5
1 0 26909.1
1 0 26907.5
1 0 26906
1 0 26905
1 0 26903.5
1 0 26902.2
1 0 26901.2
1 0 26900
1 0 26899
74 variables; iteration 20; function evaluation 32; phase 1
Function value   2.6899207e+04; maximum gradient component mag  -5.9924e+04
Var   Value    Gradient   |Var   Value    Gradient   |Var   Value    Gradient
  1  0.25747  3.65676e+02 |  2  0.19310  9.95093e+01 |  3  0.14966  6.51776e+01
  4  0.12415  6.42408e+01 |  5  0.10970  6.62175e+01 |  6  0.10226  1.11584e+02
  7  0.08676  3.67807e+01 |  8  0.07986  5.13582e+01 |  9  0.07505  8.42814e+01
 10  0.06102  1.88157e+01 | 11  0.05341  5.40452e+01 | 12  0.03973 -5.61318e+00
 13  0.03528  5.45512e+00 | 14  0.03602  8.18222e+01 | 15  0.01910 -4.06270e+01
 16  0.06636  4.19076e+03 | 17  0.00757 -4.59600e+02 | 18 -0.02629 -1.96044e+03
 19 -0.02725 -1.61213e+03 | 20 -0.02569 -1.09370e+03 | 21 -0.01440 -9.61362e+02
 22 -0.01137 -3.38331e+02 | 23 -0.00685 -4.26465e+01 | 24  0.00165  1.22103e+02
 25  0.01788  1.15081e+03 | 26  0.00148  6.01216e+02 | 27 -0.00303  1.07180e+03
 28  0.09927  4.84605e+02 | 29  0.00467  4.58679e+02 | 30 -0.00946  7.40173e+02
 31 -0.00649 -9.09696e+01 | 32  0.00970  1.12011e+03 | 33  0.00268  2.65877e+02
 34 -0.00421  1.07236e+03 | 35 -0.00355 -1.21801e+01 | 36  0.02002  1.12788e+03
 37  0.00404  6.36993e+02 | 38 -0.00547  8.37818e+02 | 39  0.01357  1.15658e+03
 40  0.00051  3.61158e+02 | 41  0.00437  8.67319e+02 | 42  0.00080  4.33450e+02
 43 -0.01355 -1.02812e+03 | 44 -0.02786 -3.22968e+03 | 45  0.12946 -5.99238e+04
 46 -0.04921  7.04666e+03 | 47 -0.05077  3.47521e+03 | 48 -0.04624  2.47282e+03
 49 -0.03328  2.46182e+03 | 50 -0.03135  2.03001e+03 | 51 -0.02822  1.32814e+03
 52 -0.02024  7.51681e+02 | 53 -0.03371 -7.10201e+02 | 54  0.01547 -1.25917e+02
 55 -0.01844 -2.80713e+03 | 56 -0.03869 -1.78147e+03 | 57  0.04835 -1.94517e+02
 58  0.02585 -1.65528e+03 | 59 -0.00489 -2.62595e+03 | 60  0.01318 -1.69198e+03
 61  0.03502 -2.96443e+02 | 62  0.01992 -8.08511e+02 | 63  0.01691 -1.11640e+03
 64 -0.02920 -2.09307e+03 | 65  0.04115 -1.51224e+02 | 66  0.01212 -1.82948e+03
 67 -0.00314 -1.84227e+03 | 68  0.04565 -2.87331e+02 | 69 -0.03447 -2.46300e+03
 70  0.04429 -5.57586e+02 | 71  0.03322  4.35812e+02 | 72  0.04129  2.60381e+03
 73  0.03305  2.95225e+03 | 74  0.10238  9.94499e+03 |
1 0 26898
1 0 26897.8
1 0 26897.3
1 0 26896.8
1 0 26896.3
1 0 26896
1 0 26895.7
1 0 26895.4
1 0 26895
1 0 26894.6
74 variables; iteration 30; function evaluation 42; phase 1
Function value   2.6894901e+04; maximum gradient component mag  -5.9851e+04
Var   Value    Gradient   |Var   Value    Gradient   |Var   Value    Gradient
  1  0.24524  2.47551e+02 |  2  0.18384  4.21381e+01 |  3  0.14753  1.02182e+02
  4  0.11675  6.78193e+01 |  5  0.09290  3.43846e+01 |  6  0.07845  4.49797e+01
  7  0.06639  2.99760e+01 |  8  0.05836  3.27783e+01 |  9  0.05182  3.63054e+01
 10  0.04443  1.80642e+01 | 11  0.04029  2.80248e+01 | 12  0.03571  2.20864e+01
 13  0.03176  2.43818e+01 | 14  0.02714  2.59507e+01 | 15  0.02074 -4.05643e+00
 16  0.06592  4.19484e+03 | 17  0.00087 -4.96706e+02 | 18 -0.02680 -2.01052e+03
 19 -0.02712 -1.62158e+03 | 20 -0.02434 -8.40732e+02 | 21 -0.01441 -1.00289e+03
 22 -0.01021 -2.37397e+02 | 23 -0.00572  3.69386e+01 | 24  0.00194  7.98935e+01
 25  0.01812  1.22460e+03 | 26  0.00103  5.16365e+02 | 27 -0.00425  7.10428e+02
 28  0.10061  5.23512e+02 | 29  0.00366  1.73522e+02 | 30 -0.00930  8.22461e+02
 31 -0.00546 -3.97720e+01 | 32  0.01134  1.35772e+03 | 33  0.00317  4.34142e+02
 34 -0.00486  9.61019e+02 | 35 -0.00389 -1.44642e+01 | 36  0.01983  1.02590e+03
 37  0.00438  6.87320e+02 | 38 -0.00563  7.65263e+02 | 39  0.01490  1.24233e+03
 40  0.00122  4.28312e+02 | 41  0.00364  8.19233e+02 | 42  0.00070  4.93204e+02
 43 -0.01346 -1.06171e+03 | 44 -0.02705 -3.20772e+03 | 45  0.12909 -5.98506e+04
 46 -0.04828  7.30480e+03 | 47 -0.05051  3.59361e+03 | 48 -0.04447  2.79814e+03
 49 -0.03446  2.24281e+03 | 50 -0.03118  2.04613e+03 | 51 -0.02810  1.33981e+03
 52 -0.01904  8.98992e+02 | 53 -0.03347 -6.88256e+02 | 54  0.01558 -2.50523e+02
 55 -0.01848 -2.73350e+03 | 56 -0.03915 -1.73663e+03 | 57  0.04859 -2.28196e+02
 58  0.02526 -1.67045e+03 | 59 -0.00765 -2.64827e+03 | 60  0.01515 -1.69252e+03
 61  0.03520 -4.32738e+02 | 62  0.01982 -9.50534e+02 | 63  0.01608 -1.26951e+03
 64 -0.03051 -2.13903e+03 | 65  0.04166 -3.61049e+01 | 66  0.01269 -1.76213e+03
 67 -0.00534 -1.84567e+03 | 68  0.04650 -2.11900e+02 | 69 -0.02810 -2.40927e+03
 70  0.04409 -5.16073e+02 | 71  0.03276  3.65593e+02 | 72  0.04083  2.59961e+03
 73  0.02870  2.94019e+03 | 74  0.10160  9.83016e+03 |
1 0 26894.3
1 0 26894
1 0 26893.8
1 0 26893.5
1 0 26893.1
1 0 26892.7
1 0 26892.2
1 0 26891.8
1 0 26891.3
1 0 26890.8
74 variables; iteration 40; function evaluation 52; phase 1
Function value   2.6891123e+04; maximum gradient component mag  -5.9874e+04
Var   Value    Gradient   |Var   Value    Gradient   |Var   Value    Gradient
  1  0.24470  2.34322e+02 |  2  0.19488  1.44345e+02 |  3  0.15353  1.10168e+02
  4  0.12327  8.81010e+01 |  5  0.09900  6.85781e+01 |  6  0.07701  6.12726e+01
  7  0.05213 -7.04480e+00 |  8  0.03885  4.98967e+00 |  9  0.03132  2.87904e+01
 10  0.02140 -1.13667e+01 | 11  0.01996  3.74762e+01 | 12  0.01224 -1.06890e+01
 13  0.01194 -1.45032e+01 | 14  0.02018  6.62187e+01 | 15  0.01365 -7.07275e+00
 16  0.06634  4.34019e+03 | 17  0.00075 -5.51259e+02 | 18 -0.02716 -2.06184e+03
 19 -0.02694 -1.58706e+03 | 20 -0.02463 -8.72038e+02 | 21 -0.01505 -1.08549e+03
 22 -0.01081 -3.27048e+02 | 23 -0.00592  5.05875e+00 | 24  0.00218  1.60372e+02
 25  0.01806  1.16739e+03 | 26  0.00120  5.58378e+02 | 27 -0.00451  6.30342e+02
 28  0.10016  4.94978e+02 | 29  0.00385  2.01495e+02 | 30 -0.00936  7.47210e+02
 31 -0.00607  5.51168e+01 | 32  0.01139  1.26138e+03 | 33  0.00357  4.05100e+02
 34 -0.00439  1.10474e+03 | 35 -0.00356  5.50259e+01 | 36  0.02017  1.09882e+03
 37  0.00375  5.84873e+02 | 38 -0.00500  9.89184e+02 | 39  0.01526  1.16371e+03
 40  0.00167  6.01412e+02 | 41  0.00390  7.51421e+02 | 42  0.00075  4.96411e+02
 43 -0.01392 -1.14128e+03 | 44 -0.02653 -3.18970e+03 | 45  0.12864 -5.98737e+04
 46 -0.04816  7.21964e+03 | 47 -0.04977  3.65995e+03 | 48 -0.04416  2.76325e+03
 49 -0.03385  2.26919e+03 | 50 -0.03117  2.00565e+03 | 51 -0.02724  1.43320e+03
 52 -0.01881  8.87690e+02 | 53 -0.03305 -6.90907e+02 | 54  0.01609 -1.84748e+02
 55 -0.01755 -2.69562e+03 | 56 -0.03936 -1.74644e+03 | 57  0.04876 -2.72954e+02
 58  0.02618 -1.60352e+03 | 59 -0.00318 -2.62045e+03 | 60  0.01151 -1.70963e+03
 61  0.03645 -4.05178e+02 | 62  0.02038 -9.45806e+02 | 63  0.01591 -1.37496e+03
 64 -0.02636 -2.03178e+03 | 65  0.04178 -1.60634e+02 | 66  0.01133 -1.94529e+03
 67 -0.00371 -1.84449e+03 | 68  0.04716 -1.34981e+02 | 69 -0.03111 -2.43473e+03
 70  0.04515 -4.35621e+02 | 71  0.03311  3.98135e+02 | 72  0.04004  2.60652e+03
 73  0.01778  2.88195e+03 | 74  0.10209  9.87461e+03 |
1 0 26890.1
1 0 26889.3
1 0 26888.2
1 0 26887.6
1 0 26886.7
1 0 26885.3
1 0 26883.9
1 0 26881.8
1 0 26882.3
1 0 26881
1 0 26879.4
74 variables; iteration 50; function evaluation 63; phase 1
Function value   2.6879738e+04; maximum gradient component mag  -5.9758e+04
Var   Value    Gradient   |Var   Value    Gradient   |Var   Value    Gradient
  1  0.24520  2.82204e+02 |  2  0.18468  4.89853e+01 |  3  0.15095  8.66833e+01
  4  0.13242  1.53187e+02 |  5  0.10724  6.65134e+01 |  6  0.09000  9.21507e+01
  7  0.06606  5.90225e+01 |  8  0.03749  1.94935e+01 |  9  0.01018  1.00508e+01
 10 -0.01630 -3.74052e+01 | 11 -0.02945 -2.96860e+01 | 12 -0.03212 -1.55900e+01
 13 -0.02860  6.48134e+00 | 14 -0.02541  1.44521e+01 | 15 -0.02480  7.98613e+00
 16  0.06553  4.23656e+03 | 17  0.00062 -5.88216e+02 | 18 -0.02592 -1.91025e+03
 19 -0.02596 -1.46865e+03 | 20 -0.02424 -8.82224e+02 | 21 -0.01484 -1.09208e+03
 22 -0.01082 -3.74319e+02 | 23 -0.00532  1.70643e+02 | 24  0.00183  9.42145e+01
 25  0.01695  1.10136e+03 | 26  0.00051  4.30715e+02 | 27 -0.00509  5.12522e+02
 28  0.09937  4.98590e+02 | 29  0.00442  2.80090e+02 | 30 -0.00934  6.08548e+02
 31 -0.00631 -3.67153e+01 | 32  0.01163  1.36805e+03 | 33  0.00362  4.07299e+02
 34 -0.00484  9.56527e+02 | 35 -0.00313  1.59164e+02 | 36  0.01960  1.12038e+03
 37  0.00436  6.64708e+02 | 38 -0.00456  1.06403e+03 | 39  0.01472  1.06130e+03
 40  0.00222  7.26213e+02 | 41  0.00478  8.34344e+02 | 42  0.00018  2.67956e+02
 43 -0.01343 -9.57792e+02 | 44 -0.02817 -3.29609e+03 | 45  0.12972 -5.97576e+04
 46 -0.04840  7.48302e+03 | 47 -0.05132  3.49649e+03 | 48 -0.04530  2.67547e+03
 49 -0.03482  2.21479e+03 | 50 -0.03207  1.99141e+03 | 51 -0.02788  1.40411e+03
 52 -0.02059  6.74980e+02 | 53 -0.03307 -7.07691e+02 | 54  0.01528 -1.47397e+02
 55 -0.01910 -2.67523e+03 | 56 -0.04053 -1.73921e+03 | 57  0.04775 -3.17224e+02
 58  0.02578 -1.50417e+03 | 59 -0.00198 -2.50288e+03 | 60  0.01020 -1.60107e+03
 61  0.03581 -4.10447e+02 | 62  0.01940 -9.27468e+02 | 63  0.01497 -1.35422e+03
 64 -0.02424 -1.96515e+03 | 65  0.04024 -2.32347e+02 | 66  0.01239 -1.89053e+03
 67 -0.00654 -1.91881e+03 | 68  0.04623 -1.83548e+02 | 69 -0.03407 -2.45944e+03
 70  0.04475 -4.39256e+02 | 71  0.03188  3.59474e+02 | 72  0.04170  2.59697e+03
 73  0.03769  2.98197e+03 | 74  0.10162  9.87006e+03 |
1 0 26877.1
1 0 26874.4
1 0 26870.6
1 0 26869.1
1 0 26866.5
1 0 26863.1
1 0 26858
1 0 26850.6
1 0 26839.4
1 0 26855.4
1 0 26836
74 variables; iteration 60; function evaluation 74; phase 1
Function value   2.6836287e+04; maximum gradient component mag  -5.9497e+04
Var   Value    Gradient   |Var   Value    Gradient   |Var   Value    Gradient
  1  0.23911  2.30639e+02 |  2  0.18464  7.50597e+01 |  3  0.14491  9.88558e+01
  4  0.11082  6.14439e+01 |  5  0.08295 -2.32665e+01 |  6  0.07841  7.78652e+01
  7  0.06657  6.02486e+01 |  8  0.04989  3.35689e+01 |  9  0.03260  8.19459e+01
 10 -0.00278  7.95591e+01 | 11 -0.05922 -2.06502e+01 | 12 -0.10902 -6.86869e+01
 13 -0.13775  9.89803e-01 | 14 -0.16694 -9.90025e+00 | 15 -0.19320 -8.00389e+01
 16  0.06511  4.18059e+03 | 17 -0.00373 -6.13087e+02 | 18 -0.02563 -1.89236e+03
 19 -0.02496 -1.37227e+03 | 20 -0.02363 -8.43720e+02 | 21 -0.01455 -1.04156e+03
 22 -0.01176 -5.11676e+02 | 23 -0.00650 -1.15042e+01 | 24  0.00161 -2.16673e+02
 25  0.01974  1.58303e+03 | 26  0.00009  1.47548e+02 | 27 -0.00553  3.00914e+02
 28  0.09812  4.88285e+02 | 29  0.00522  4.84333e+02 | 30 -0.00855  6.56551e+02
 31 -0.00614 -7.01917e+01 | 32  0.01064  1.29639e+03 | 33  0.00376  4.72355e+02
 34 -0.00416  1.27174e+03 | 35 -0.00454 -1.57232e+02 | 36  0.01735  7.92568e+02
 37  0.00523  1.10151e+03 | 38 -0.00487  1.07557e+03 | 39  0.01369  8.94626e+02
 40  0.00248  8.10647e+02 | 41  0.00519  1.07246e+03 | 42 -0.00090 -2.37427e+02
 43 -0.01281 -1.07591e+03 | 44 -0.02218 -2.78570e+03 | 45  0.12861 -5.94974e+04
 46 -0.04783  7.48849e+03 | 47 -0.05086  3.45796e+03 | 48 -0.04456  2.65880e+03
 49 -0.03408  2.15382e+03 | 50 -0.03118  1.96453e+03 | 51 -0.02725  1.40815e+03
 52 -0.02055  8.60492e+02 | 53 -0.02822 -2.09841e+02 | 54  0.01624  2.77438e+01
 55 -0.01658 -2.41152e+03 | 56 -0.04029 -1.70774e+03 | 57  0.04855 -3.01079e+02
 58  0.02520 -1.61348e+03 | 59  0.00442 -2.35820e+03 | 60  0.00914 -1.58361e+03
 61  0.03635 -4.85518e+02 | 62  0.01959 -1.17182e+03 | 63  0.01498 -1.60694e+03
 64 -0.02606 -2.09867e+03 | 65  0.04148 -1.20873e+02 | 66  0.01134 -2.16991e+03
 67 -0.00554 -2.02499e+03 | 68  0.04645 -3.21129e+02 | 69 -0.02995 -2.51025e+03
 70  0.04364 -8.40194e+02 | 71  0.03384  7.24814e+02 | 72  0.03626  2.47309e+03
 73  0.01912  2.88218e+03 | 74  0.10035  9.74499e+03 |
1 0 26829.9
1 0 26824.6
1 0 26815.5
1 0 26800.8
1 0 26781.3
1 0 26745.2
1 0 26712.6
1 0 26650.5
1 0 26518.9
1 0 26494.7
1 0 26450.5
74 variables; iteration 70; function evaluation 85; phase 1
Function value   2.6450942e+04; maximum gradient component mag  -4.1584e+04
Var   Value    Gradient   |Var   Value    Gradient   |Var   Value    Gradient
  1  0.21583  2.77007e+02 |  2  0.07980 -6.31443e+02 |  3  0.14290  3.03675e+02
  4  0.15614  7.50223e+01 |  5  0.24092  2.98380e+03 |  6  0.09229 -1.98760e+02
  7  0.03733 -2.90991e+02 |  8  0.07872  5.24355e+02 |  9 -0.01582 -2.09410e+02
 10 -0.04473 -1.02708e+02 | 11 -0.04135 -1.92044e+02 | 12  0.02129  2.01911e+02
 13  0.02972  3.21262e+02 | 14 -0.05053  6.85650e+02 | 15 -0.35391 -8.07726e+02
 16  0.07230  1.51185e+03 | 17  0.00498 -3.98993e+03 | 18  0.00852  2.57323e+03
 19 -0.00654 -3.70470e+02 | 20 -0.01121 -1.11231e+02 | 21 -0.00464 -1.11966e+02
 22 -0.00406  4.45879e+02 | 23 -0.00153  7.38201e+02 | 24  0.00360  4.05186e+02
 25 -0.01381 -1.44159e+03 | 26  0.00423  9.36667e+02 | 27  0.00040 -8.61608e+02
 28  0.11202  1.08440e+03 | 29  0.00465  2.69027e+02 | 30 -0.00711 -2.49286e+02
 31 -0.00548 -3.25112e+02 | 32 -0.00828  4.52426e+02 | 33 -0.00475  6.04290e+02
 34 -0.00603  1.08831e+03 | 35 -0.00238  1.37520e+02 | 36 -0.00725 -1.27544e+03
 37  0.00073  2.05262e+03 | 38 -0.00843  7.50316e+02 | 39 -0.00655 -3.66085e+02
 40 -0.00366  1.41751e+03 | 41 -0.00945  8.36987e+01 | 42 -0.00703  1.12850e+02
 43 -0.01293 -7.32309e+02 | 44 -0.00527 -1.78863e+03 | 45  0.12340 -4.15839e+04
 46 -0.05642  5.10948e+03 | 47 -0.05163  2.17787e+03 | 48 -0.04846  1.30522e+03
 49 -0.03180  1.80956e+03 | 50 -0.02997  1.50790e+03 | 51 -0.02550  1.01352e+03
 52 -0.01506  9.27833e+02 | 53  0.00351  3.23468e+03 | 54  0.00015  7.09427e+02
 55  0.01932  3.69830e+03 | 56 -0.04346 -2.52763e+03 | 57  0.04635 -2.09993e+03
 58  0.01565 -1.86785e+03 | 59  0.03969  1.53149e+03 | 60  0.01506 -1.24551e+03
 61  0.02726 -7.78227e+02 | 62  0.00792 -2.27930e+03 | 63  0.02374 -1.00384e+03
 64  0.02003 -9.21190e+01 | 65  0.03272  3.30938e+02 | 66  0.01510 -2.29479e+03
 67  0.01759 -1.90696e+03 | 68  0.03951 -7.14635e+02 | 69 -0.00311 -3.04435e+03
 70  0.03853 -8.35124e+02 | 71  0.02165 -8.43551e+02 | 72  0.01006  6.63391e+02
 73 -0.08290  1.60246e+03 | 74  0.05304  5.23628e+03 |
1 0 26375.2
1 0 26522
1 0 26355.1
1 0 26473.3
1 0 26352.5
1 0 26355.3
1 0 26351.7
1 0 26350
1 0 26333.5
1 0 26215.6
1 0 26038.7
1 0 25793.1
1 0 25662
1 0 25491.2
1 0 25583.3
1 0 25448.6
74 variables; iteration 80; function evaluation 101; phase 1
Function value   2.5448690e+04; maximum gradient component mag  -1.3328e+04
Var   Value    Gradient   |Var   Value    Gradient   |Var   Value    Gradient
  1  0.21162 -9.63337e+01 |  2  0.16835  6.80238e+01 |  3  0.10813 -1.50993e+02
  4  0.10716  6.70519e+01 |  5  0.10581  1.49602e+02 |  6  0.08318  1.23628e+02
  7  0.03936 -1.23199e+01 |  8  0.00563 -7.22944e+01 |  9 -0.00347  2.38738e+01
 10 -0.01734 -3.56473e+01 | 11 -0.01874  1.09034e+02 | 12 -0.05123 -2.10634e+01
 13 -0.07664 -1.20764e+00 | 14 -0.10135 -1.46693e+02 | 15 -0.08075  6.87089e+01
 16  0.06499  9.88714e+02 | 17 -0.00792 -3.22224e+02 | 18 -0.00655 -3.63829e+02
 19 -0.00186  1.99042e+02 | 20 -0.00775  1.97640e+02 | 21 -0.00200  2.66904e+02
 22 -0.00621 -9.34365e+01 | 23 -0.00649 -1.78308e+02 | 24  0.00048 -1.31098e+01
 25 -0.00210  4.73385e+02 | 26  0.00299  3.86469e+00 | 27  0.00745  3.93413e+02
 28  0.08731  8.01248e+02 | 29  0.01129  4.19904e+02 | 30 -0.00119  1.79218e+02
 31 -0.00182  2.20369e+02 | 32 -0.00788 -4.29252e+02 | 33 -0.00423 -1.14525e+02
 34 -0.00649 -2.39303e+02 | 35  0.00018 -1.37516e+01 | 36 -0.00456 -1.10167e+03
 37 -0.00222  2.71304e+02 | 38 -0.00300  2.86887e+02 | 39 -0.00400  3.34247e+02
 40 -0.00404  6.70456e+01 | 41 -0.00551  5.86828e+01 | 42 -0.00953 -3.50394e+02
 43 -0.00953 -6.80118e+02 | 44 -0.00522 -7.49623e+02 | 45  0.13903 -1.33285e+04
 46 -0.07542  1.93398e+03 | 47 -0.06045  1.93969e+03 | 48 -0.05409  1.07317e+03
 49 -0.04278  4.30965e+02 | 50 -0.03999  2.52039e+02 | 51 -0.03356  3.05190e+02
 52 -0.02539  8.89428e+00 | 53 -0.01846 -4.61845e+02 | 54 -0.00639 -6.11064e+02
 55 -0.00169 -1.23040e+02 | 56 -0.00359  4.88252e+02 | 57  0.03910 -8.44433e+02
 58  0.02453 -4.18331e+02 | 59  0.02515  2.36109e+02 | 60  0.01658 -8.30631e+02
 61  0.01238 -1.54411e+03 | 62  0.01562 -6.49510e+02 | 63  0.01588 -2.68589e+02
 64  0.02423  1.80493e+03 | 65  0.01147 -1.18478e+03 | 66  0.02283  5.26513e+01
 67  0.02188 -5.92385e+02 | 68  0.01971 -1.38083e+03 | 69  0.02726 -8.97978e+01
 70  0.02062 -1.10850e+03 | 71  0.02060 -4.77741e+02 | 72  0.01650 -3.93611e+01
 73  0.02513  6.49849e+02 | 74  0.05474  2.13395e+03 |
1 0 25410.9
1 0 25360
1 0 25258.8
1 0 25271.1
1 0 25228.6
1 0 25186.4
1 0 25149.7
1 0 25134.3
1 0 25131.8
1 0 25130.2
1 0 25129.6
74 variables; iteration 90; function evaluation 112; phase 1
Function value   2.5129621e+04; maximum gradient component mag  -3.1015e+02
Var   Value    Gradient   |Var   Value    Gradient   |Var   Value    Gradient
  1  0.22386  3.24676e+00 |  2  0.17131  7.84107e+00 |  3  0.12244 -1.99522e+00
  4  0.08530 -5.75419e+00 |  5  0.05806 -1.05195e+01 |  6  0.03948  3.42337e+00
  7  0.02386 -1.03372e+00 |  8  0.01149 -3.99119e+00 |  9  0.00260  8.26324e-01
 10 -0.00464  2.18227e+00 | 11 -0.01092 -5.05989e-01 | 12 -0.01563 -9.63780e-02
 13 -0.01904  1.97793e+00 | 14 -0.02187 -3.87804e+00 | 15 -0.02242  1.80642e+00
 16  0.05244 -8.42483e+01 | 17  0.00036  2.93501e+00 | 18 -0.00236  1.63911e+01
 19 -0.00014  1.28542e+01 | 20 -0.00555  1.28671e+01 | 21  0.00017  1.49808e+01
 22 -0.00247 -5.99622e+00 | 23 -0.00238 -1.22508e+01 | 24  0.00387  6.59098e+00
 25 -0.00286 -3.05051e+01 | 26  0.00308  2.92651e+01 | 27 -0.00277 -1.70404e+01
 28 -0.00247 -2.66033e+01 | 29  0.00165  2.55502e+01 | 30  0.00110  9.33843e+00
 31  0.00188 -2.29567e+01 | 32  0.00076 -2.38044e+01 | 33  0.00341  2.75588e+01
 34 -0.00096  3.42022e+01 | 35  0.00380  4.60867e+00 | 36  0.00350 -4.57823e+01
 37  0.00300  3.63244e+01 | 38 -0.00079  6.92959e+00 | 39 -0.00056 -2.11432e+01
 40  0.00040 -4.75243e+00 | 41 -0.00166 -9.87757e+01 | 42 -0.00160  6.68614e+01
 43 -0.00143 -2.36422e+01 | 44  0.00099  1.32514e+00 | 45  0.14030 -3.10147e+02
 46 -0.08337 -1.86981e+01 | 47 -0.06739  9.03818e+00 | 48 -0.05808  2.65873e+01
 49 -0.04496 -1.20031e+01 | 50 -0.04159 -1.41743e+01 | 51 -0.03510 -3.38369e+00
 52 -0.02521 -2.66417e+00 | 53 -0.01614  5.48163e+01 | 54 -0.00367  1.11722e+01
 55  0.00161 -6.47114e+01 | 56  0.01212 -1.06543e+02 | 57  0.02378 -2.40136e+01
 58  0.02495  8.48229e+01 | 59  0.02153  1.80040e+01 | 60  0.01979 -1.20939e+01
 61  0.01989 -8.69330e+01 | 62  0.01787  1.07369e+01 | 63  0.01719 -1.14798e+01
 64  0.01562 -4.41504e+01 | 65  0.01965  2.37432e+01 | 66  0.02079  4.85132e+01
 67  0.02259 -1.42100e+01 | 68  0.02588  5.51829e+01 | 69  0.02415 -9.05264e-03
 70  0.02492 -6.67746e+01 | 71  0.02326  4.22132e+01 | 72  0.01962  6.55618e+00
 73  0.01974  1.30338e+01 | 74  0.03584  1.51458e+02 |
1 0 25129.3
1 0 25129
1 0 25128.8
1 0 25128.7
1 0 25128.6
1 0 25128.5
1 0 25128.5
1 0 25128.5
1 0 25128.5
1 0 25128.5
74 variables; iteration 100; function evaluation 122; phase 1
Function value   2.5128501e+04; maximum gradient component mag   4.8993e+00
Var   Value    Gradient   |Var   Value    Gradient   |Var   Value    Gradient
  1  0.22300 -1.53323e-01 |  2  0.17044  2.01540e-01 |  3  0.12373  1.62230e-02
  4  0.08840 -1.53854e-01 |  5  0.06184 -2.67682e+00 |  6  0.04207 -1.10705e-01
  7  0.02658  9.71381e-02 |  8  0.01421 -7.02913e-02 |  9  0.00429  7.04444e-03
 10 -0.00365 -8.77769e-02 | 11 -0.00990  1.32643e-02 | 12 -0.01471  1.56053e-02
 13 -0.01821 -1.00145e-01 | 14 -0.02048 -7.80037e-02 | 15 -0.02158  7.07818e-02
 16  0.05577  2.33127e+00 | 17  0.00112  4.89929e+00 | 18 -0.00251  1.06849e+00
 19 -0.00028 -6.12236e-03 | 20 -0.00566  2.44283e-03 | 21  0.00021 -3.63351e-01
 22 -0.00229 -9.73580e-02 | 23 -0.00231 -1.49473e-01 | 24  0.00389 -2.51055e-01
 25 -0.00265 -3.92751e-01 | 26  0.00311  3.72501e-01 | 27 -0.00239  4.90022e-01
 28 -0.00230  1.10625e+00 | 29  0.00143 -1.02569e+00 | 30  0.00094 -7.54556e-01
 31  0.00197 -2.15815e-01 | 32  0.00095  1.71951e-02 | 33  0.00338 -1.70066e+00
 34 -0.00116 -1.56839e-01 | 35  0.00380 -5.16089e-01 | 36  0.00368 -4.25895e-01
 37  0.00272  2.76472e-01 | 38 -0.00088 -1.69442e-01 | 39 -0.00041  1.06095e-01
 40  0.00047  2.38496e-01 | 41 -0.00107 -7.55553e-01 | 42 -0.00184  1.75972e-02
 43 -0.00170 -3.97043e-01 | 44 -0.00022 -4.67428e-01 | 45  0.13920 -4.39091e+00
 46 -0.08324  1.34224e+00 | 47 -0.06755 -3.64476e-01 | 48 -0.05836 -2.86290e-01
 49 -0.04504  6.50045e-01 | 50 -0.04163  7.54455e-01 | 51 -0.03511  7.99981e-01
 52 -0.02521  9.25811e-02 | 53 -0.01644  1.30629e+00 | 54 -0.00379 -2.02268e+00
 55  0.00175 -3.42271e-02 | 56  0.01258 -2.86398e-01 | 57  0.02378  3.27286e-01
 58  0.02443 -1.68418e-01 | 59  0.02144  1.27855e+00 | 60  0.01984  3.78433e-01
 61  0.02026 -1.73941e+00 | 62  0.01763 -7.52648e-01 | 63  0.01719  6.68067e-02
 64  0.01593  1.61736e+00 | 65  0.01949  1.03848e+00 | 66  0.02039 -3.08114e+00
 67  0.02262  7.15515e-01 | 68  0.02552  5.71482e-01 | 69  0.02420  1.91173e-01
 70  0.02517 -4.74176e-01 | 71  0.02310  3.38992e-01 | 72  0.02029 -4.89857e-01
 73  0.02033  5.33800e-01 | 74  0.02298  3.49810e-01 |
1 0 25128.5
1 0 25128.5
1 0 25128.5
1 0 25128.5
1 0 25128.5
1 0 25128.5

 - final statistics:
74 variables; iteration 106; function evaluation 128
Function value   2.5128e+04; maximum gradient component mag   7.9347e-02
Exit code = 1;  converg criter   1.0000e-01
Var   Value    Gradient   |Var   Value    Gradient   |Var   Value    Gradient
  1  0.22284  5.09051e-03 |  2  0.17027 -1.33416e-03 |  3  0.12374 -2.21444e-03
  4  0.08874 -7.99272e-04 |  5  0.06261  4.18776e-07 |  6  0.04262 -1.83400e-03
  7  0.02697 -4.56762e-03 |  8  0.01451 -2.49698e-03 |  9  0.00454 -2.34162e-03
 10 -0.00344 -1.09224e-03 | 11 -0.00973  4.97428e-04 | 12 -0.01456 -2.21458e-03
 13 -0.01807 -5.37747e-04 | 14 -0.02036 -1.64625e-03 | 15 -0.02149  5.38771e-03
 16  0.05574  3.07089e-03 | 17  0.00101  2.46427e-02 | 18 -0.00253  5.60424e-03
 19 -0.00028 -7.37583e-04 | 20 -0.00566  1.58004e-03 | 21  0.00021  3.27496e-04
 22 -0.00228  3.08081e-03 | 23 -0.00231  2.28037e-02 | 24  0.00390  1.03379e-03
 25 -0.00264 -4.95015e-02 | 26  0.00311  8.37872e-03 | 27 -0.00239 -3.27671e-02
 28 -0.00230 -1.47109e-02 | 29  0.00144  7.13567e-03 | 30  0.00095  6.14679e-03
 31  0.00197 -3.18142e-02 | 32  0.00096 -4.01872e-02 | 33  0.00340  3.99949e-02
 34 -0.00115  2.04198e-02 | 35  0.00381  3.88964e-02 | 36  0.00368 -1.67683e-02
 37  0.00273 -9.08907e-03 | 38 -0.00087  4.28924e-02 | 39 -0.00041 -3.30328e-02
 40  0.00047 -5.80101e-03 | 41 -0.00106  2.83806e-02 | 42 -0.00183  2.77402e-02
 43 -0.00169  5.43312e-03 | 44 -0.00021 -6.14497e-02 | 45  0.13921  7.93473e-02
 46 -0.08326  2.65890e-02 | 47 -0.06755  1.88320e-03 | 48 -0.05835  1.13331e-03
 49 -0.04504 -5.78580e-03 | 50 -0.04163 -1.93797e-02 | 51 -0.03512 -6.86516e-02
 52 -0.02521  3.91590e-02 | 53 -0.01645 -2.13084e-03 | 54 -0.00378  2.38817e-02
 55  0.00175  2.15360e-02 | 56  0.01258  4.65773e-02 | 57  0.02378  1.10623e-03
 58  0.02443  4.52941e-02 | 59  0.02143  2.44585e-02 | 60  0.01983  2.56265e-02
 61  0.02028  1.66690e-02 | 62  0.01763  9.65431e-03 | 63  0.01719 -4.27915e-02
 64  0.01593  2.33509e-03 | 65  0.01949 -2.17296e-02 | 66  0.02041 -3.63493e-02
 67  0.02262 -2.53813e-02 | 68  0.02552  8.54648e-04 | 69  0.02420  2.26233e-02
 70  0.02518 -5.97550e-02 | 71  0.02310 -5.84194e-02 | 72  0.02029 -7.20279e-03
 73  0.02029 -4.77917e-03 | 74  0.02305 -3.80830e-03 |
1 0 25128.5
B064004.3
0.3 0.492567
0.4222 0.402061
0.485 0.36658
0.507976 0.355005
0.51524 0.351484
0.517425 0.350438
0.518072 0.350129
0.518263 0.350038
0.518319 0.350011
0.518336 0.350003
0.518341 0.350001
0.518342 0.35
0.518343 0.35
0.518343 0.35
0.518343 0.35
0.518343 0.35
0.518343 0.35
0.518343 0.35
0.518343 0.35
0.518343 0.35
0.518343 0.35
FutMOrt0.279007
FutMOrt0.279007
FutMOrt0.279007
FutMOrt0.279007
FutMOrt0.279007
FutMOrt0.279007
FutMOrt0.279007
FutMOrt0.279007
FutMOrt0.279007
FutMOrt0.279007
2 0 25128.5

Initial statistics: 78 variables; iteration 0; function evaluation 0; phase 2
Function value   2.5128499e+04; maximum gradient component mag  -4.8311e+02
Var   Value    Gradient   |Var   Value    Gradient   |Var   Value    Gradient
  1 -0.80710  1.94762e+00 |  2 -0.71713  1.22716e+01 |  3  0.22284  5.09051e-03
  4  0.17027 -1.33416e-03 |  5  0.12374 -2.21444e-03 |  6  0.08874 -7.99272e-04
  7  0.06261  4.18775e-07 |  8  0.04262 -1.83400e-03 |  9  0.02697 -4.56762e-03
 10  0.01451 -2.49698e-03 | 11  0.00454 -2.34162e-03 | 12 -0.00344 -1.09224e-03
 13 -0.00973  4.97428e-04 | 14 -0.01456 -2.21458e-03 | 15 -0.01807 -5.37747e-04
 16 -0.02036 -1.64625e-03 | 17 -0.02149  5.38771e-03 | 18  0.05574  3.07089e-03
 19  0.00101  2.50486e-02 | 20 -0.00253  6.01022e-03 | 21 -0.00028 -3.31605e-04
 22 -0.00566  1.98600e-03 | 23  0.00021  7.33473e-04 | 24 -0.00228  3.48678e-03
 25 -0.00231  2.32097e-02 | 26  0.00390  1.43976e-03 | 27 -0.00264 -4.90956e-02
 28  0.00311  8.78469e-03 | 29 -0.00239 -3.23611e-02 | 30 -0.00230 -1.43049e-02
 31  0.00144  7.54165e-03 | 32  0.00095  6.55276e-03 | 33  0.00197 -3.14082e-02
 34  0.00096 -3.97812e-02 | 35  0.00340  4.04009e-02 | 36 -0.00115  2.08257e-02
 37  0.00381  3.93023e-02 | 38  0.00368 -1.63623e-02 | 39  0.00273 -8.68310e-03
 40 -0.00087  4.32984e-02 | 41 -0.00041 -3.26268e-02 | 42  0.00047 -5.39503e-03
 43 -0.00106  2.87865e-02 | 44 -0.00183  2.81462e-02 | 45 -0.00169  5.83909e-03
 46 -0.00021 -6.10437e-02 | 47  0.13921  7.93473e-02 | 48 -0.08326  2.81085e-02
 49 -0.06755  3.40718e-03 | 50 -0.05835  2.65948e-03 | 51 -0.04504 -4.25704e-03
 52 -0.04163 -1.78503e-02 | 53 -0.03512 -6.71213e-02 | 54 -0.02521  4.06904e-02
 55 -0.01645 -5.98757e-04 | 56 -0.00378  2.54143e-02 | 57  0.00175  2.30686e-02
 58  0.01258  4.81096e-02 | 59  0.02378  2.63776e-03 | 60  0.02443  4.68256e-02
 61  0.02143  2.59903e-02 | 62  0.01983  2.71583e-02 | 63  0.02028  1.82008e-02
 64  0.01763  1.11863e-02 | 65  0.01719 -4.12595e-02 | 66  0.01593  3.86720e-03
 67  0.01949 -2.01977e-02 | 68  0.02041 -3.48174e-02 | 69  0.02262 -2.38497e-02
 70  0.02552  2.38601e-03 | 71  0.02420  2.41547e-02 | 72  0.02518 -5.82236e-02
 73  0.02310 -5.68878e-02 | 74  0.02029 -5.67097e-03 | 75  0.02029 -3.24735e-03
 76  0.02305 -3.80830e-03 | 77 -0.65492 -4.83107e+02 | 78 -0.54903  9.03001e+01
2 0 25128.5
2 0 25128.3
2 0 25128.2
2 0 25128.1
2 0 25127.1
2 0 25128
2 0 25126.8
2 0 25126.8
2 0 25126.6
2 0 25126.4
2 0 25126.2
2 0 25126.1
2 0 25126.3
2 0 25126
2 0 25126
2 0 25126

Intermediate statistics: 78 variables; iteration 10; function evaluation 16; phase 2
Function value   2.5125975e+04; maximum gradient component mag  -1.3866e+03
Var   Value    Gradient   |Var   Value    Gradient   |Var   Value    Gradient
  1 -0.80696 -3.54133e+00 |  2 -0.71683 -1.22172e+01 |  3  0.22217 -4.21264e+00
  4  0.17075  2.22634e+00 |  5  0.12443  3.24061e-01 |  6  0.08921 -8.16039e-01
  7  0.06290 -7.21129e-01 |  8  0.04281 -4.93808e-01 |  9  0.02711 -3.44875e-01
 10  0.01462 -2.55714e-01 | 11  0.00462 -2.00274e-01 | 12 -0.00337 -1.64375e-01
 13 -0.00967 -1.40800e-01 | 14 -0.01451 -1.25362e-01 | 15 -0.01802 -1.14867e-01
 16 -0.02031 -1.07153e-01 | 17 -0.02144 -1.02408e-01 | 18  0.05957  2.18983e+01
 19 -0.00043 -1.43051e+01 | 20 -0.00220  3.67335e+01 | 21  0.00032  1.75736e+01
 22 -0.00515  5.82070e+01 | 23  0.00047  2.41002e+01 | 24 -0.00216  1.11329e+01
 25 -0.00207  1.24300e+01 | 26  0.00427  2.38005e+01 | 27 -0.00204  4.66420e+01
 28  0.00356  3.40737e+01 | 29 -0.00214  3.36330e-01 | 30 -0.00179  3.00137e+01
 31  0.00180  3.65318e+01 | 32  0.00076 -2.33883e+01 | 33  0.00145 -8.63915e+01
 34  0.00053 -3.03493e+01 | 35  0.00290 -8.60336e+01 | 36 -0.00137  3.13671e+00
 37  0.00359 -1.27752e+01 | 38  0.00367  6.89763e+00 | 39  0.00292  2.07256e+01
 40 -0.00083  1.59960e+01 | 41 -0.00045  6.85928e+00 | 42  0.00027 -1.45028e+01
 43 -0.00145 -2.64900e+01 | 44 -0.00218 -3.64522e+01 | 45 -0.00197 -1.79308e+01
 46 -0.00029 -3.62985e+01 | 47  0.14012 -1.38659e+03 | 48 -0.08348 -4.85660e+01
 49 -0.06756 -1.33433e+01 | 50 -0.05831 -7.03348e+01 | 51 -0.04525 -1.02897e+02
 52 -0.04187 -8.04411e+01 | 53 -0.03513 -4.50679e+01 | 54 -0.02534 -3.86867e+01
 55 -0.01660 -7.48249e+01 | 56 -0.00393 -9.25129e+01 | 57  0.00147 -8.36637e+01
 58  0.01263 -3.05111e+01 | 59  0.02389 -3.00230e+01 | 60  0.02435 -3.76904e+01
 61  0.02148  1.82251e+01 | 62  0.01988  2.57471e+01 | 63  0.02032  5.81761e+01
 64  0.01764  1.78080e+01 | 65  0.01718  3.66439e+00 | 66  0.01569 -2.95257e+01
 67  0.01948 -2.94282e+01 | 68  0.02039 -3.73884e+01 | 69  0.02259 -2.64933e+01
 70  0.02568 -8.14192e+00 | 71  0.02405 -1.53747e+01 | 72  0.02523 -4.44964e+00
 73  0.02289 -2.85072e+01 | 74  0.02035  9.57401e+00 | 75  0.02074  4.30929e+01
 76  0.03542  1.73122e+02 | 77 -0.64780 -1.71969e+02 | 78 -0.55852  5.31359e+01
2 0 25125.9
2 0 25125.8
2 0 25125.8
2 0 25125.7
2 0 25125.7
2 0 25125.6
2 0 25125.6
2 0 25125.6
2 0 25125.7
2 0 25125.6
2 0 25125.6
2 0 25125.6
2 0 25125.6
78 variables; iteration 20; function evaluation 29; phase 2
Function value   2.5125646e+04; maximum gradient component mag  -1.2557e+03
Var   Value    Gradient   |Var   Value    Gradient   |Var   Value    Gradient
  1 -0.80448  2.26567e-01 |  2 -0.70701  2.98159e+00 |  3  0.22258  4.25273e+00
  4  0.17108  2.47350e+00 |  5  0.12503  8.95637e-01 |  6  0.08996  4.02065e-01
  7  0.06353 -2.93644e-01 |  8  0.04327 -5.40693e-01 |  9  0.02742 -4.50757e-01
 10  0.01485 -3.22644e-01 | 11  0.00480 -2.35429e-01 | 12 -0.00322 -1.81981e-01
 13 -0.00955 -1.48624e-01 | 14 -0.01439 -1.27336e-01 | 15 -0.01792 -1.13460e-01
 16 -0.02021 -1.05668e-01 | 17 -0.02135 -1.01688e-01 | 18  0.05967 -1.09812e+02
 19  0.00009  3.67188e+01 | 20 -0.00193  1.04034e+02 | 21  0.00040  4.64466e+01
 22 -0.00504  1.04388e+02 | 23  0.00052  3.68621e+01 | 24 -0.00204  4.96012e+01
 25 -0.00194  6.17687e+01 | 26  0.00441  6.65451e+01 | 27 -0.00186  9.29468e+01
 28  0.00376  7.78864e+01 | 29 -0.00213  2.26243e+01 | 30 -0.00181  5.35236e+01
 31  0.00191  8.13425e+01 | 32  0.00067 -3.41474e+01 | 33  0.00165 -1.44816e+01
 34  0.00061  4.65009e+00 | 35  0.00291 -7.53824e+01 | 36 -0.00135  3.57689e+01
 37  0.00356  4.99592e-01 | 38  0.00362  3.01286e+01 | 39  0.00284  3.07082e+01
 40 -0.00095  3.40944e+01 | 41 -0.00051  3.35073e+01 | 42  0.00035  3.63093e+01
 43 -0.00137  2.09425e+01 | 44 -0.00209  1.33513e+01 | 45 -0.00210  4.71664e+00
 46 -0.00083  9.37845e+00 | 47  0.14016 -1.25567e+03 | 48 -0.08341 -5.67481e+01
 49 -0.06768 -4.38448e+01 | 50 -0.05849 -1.19106e+02 | 51 -0.04521 -9.21396e+01
 52 -0.04180 -5.69892e+01 | 53 -0.03503 -3.44260e+01 | 54 -0.02539 -4.79235e+01
 55 -0.01666 -9.15802e+01 | 56 -0.00388 -9.08304e+01 | 57  0.00154 -6.28682e+01
 58  0.01285  1.75365e+01 | 59  0.02386 -2.17520e+01 | 60  0.02441 -9.90373e-01
 61  0.02149  1.51960e+01 | 62  0.01992  3.23257e+01 | 63  0.02040  8.58188e+01
 64  0.01769  3.72571e+01 | 65  0.01725  2.66116e+01 | 66  0.01567 -2.40261e+01
 67  0.01950 -1.56690e+01 | 68  0.02033 -3.85053e+01 | 69  0.02246 -4.22523e+01
 70  0.02555 -4.38846e+01 | 71  0.02390 -5.10130e+01 | 72  0.02518 -3.25750e+01
 73  0.02299 -3.13528e+01 | 74  0.02077  3.50757e+00 | 75  0.02027  3.15199e+01
 76  0.03576  9.57713e+01 | 77 -0.64846  5.27840e+01 | 78 -0.57046  1.06831e+01
2 0 25125.6
2 0 25125.6
2 0 25125.6
2 0 25125.6
2 0 25125.6
2 0 25125.6
2 0 25125.5
2 0 25125.7
2 0 25125.5
2 0 25125.5
2 0 25125.5
2 0 25125.5
78 variables; iteration 30; function evaluation 41; phase 2
Function value   2.5125570e+04; maximum gradient component mag  -1.4863e+03
Var   Value    Gradient   |Var   Value    Gradient   |Var   Value    Gradient
  1 -0.80099  2.94082e+00 |  2 -0.69519  9.83813e+00 |  3  0.22302 -1.11157e+00
  4  0.17087 -2.13610e+00 |  5  0.12472 -2.15476e+00 |  6  0.08992 -1.33184e+00
  7  0.06401 -2.50214e-01 |  8  0.04415  6.76256e-01 |  9  0.02833  1.84020e-01
 10  0.01558 -3.88136e-01 | 11  0.00535 -4.97737e-01 | 12 -0.00280 -4.12673e-01
 13 -0.00921 -3.22339e-01 | 14 -0.01411 -2.64496e-01 | 15 -0.01766 -2.29276e-01
 16 -0.01998 -2.08820e-01 | 17 -0.02112 -1.97251e-01 | 18  0.05995 -8.71785e+01
 19  0.00002  4.80416e+01 | 20 -0.00191  9.50662e+01 | 21  0.00046  5.81860e+01
 22 -0.00501  1.05696e+02 | 23  0.00053  3.97410e+01 | 24 -0.00206  5.37449e+01
 25 -0.00197  6.25887e+01 | 26  0.00428  5.09944e+01 | 27 -0.00193  8.57779e+01
 28  0.00376  7.80634e+01 | 29 -0.00214  2.73672e+01 | 30 -0.00193  3.38286e+01
 31  0.00188  8.11052e+01 | 32  0.00063 -4.17081e+01 | 33  0.00174 -1.80095e-01
 34  0.00062  4.60847e+00 | 35  0.00282 -8.68790e+01 | 36 -0.00143  2.54505e+01
 37  0.00359  8.58379e+00 | 38  0.00369  3.62106e+01 | 39  0.00298  4.87289e+01
 40 -0.00091  3.70872e+01 | 41 -0.00049  3.57330e+01 | 42  0.00040  4.03569e+01
 43 -0.00135  1.97931e+01 | 44 -0.00208  1.19268e+01 | 45 -0.00210  1.88860e+00
 46 -0.00074  1.52746e+00 | 47  0.14075 -1.48631e+03 | 48 -0.08337 -4.68879e+01
 49 -0.06767 -3.89475e+01 | 50 -0.05856 -1.27026e+02 | 51 -0.04518 -8.24966e+01
 52 -0.04182 -6.03524e+01 | 53 -0.03509 -4.62308e+01 | 54 -0.02547 -5.28259e+01
 55 -0.01674 -9.67432e+01 | 56 -0.00391 -8.79219e+01 | 57  0.00152 -6.40884e+01
 58  0.01286  2.73246e+01 | 59  0.02386 -8.55588e+00 | 60  0.02433 -5.06696e+00
 61  0.02148  1.32191e+01 | 62  0.01995  3.73164e+01 | 63  0.02032  7.64244e+01
 64  0.01762  3.10971e+01 | 65  0.01717  1.91772e+01 | 66  0.01559 -3.44430e+01
 67  0.01949 -1.91748e+01 | 68  0.02033 -4.22249e+01 | 69  0.02243 -4.76651e+01
 70  0.02554 -4.31399e+01 | 71  0.02393 -4.51963e+01 | 72  0.02524 -1.88733e+01
 73  0.02293 -3.60919e+01 | 74  0.02068 -2.89816e-01 | 75  0.02101  4.75816e+01
 76  0.04034  1.26466e+02 | 77 -0.64689  2.49117e+01 | 78 -0.56521  1.60697e+01
2 0 25125.5
2 0 25125.5
2 0 25125.5
2 0 25125.5
2 0 25125.5
2 0 25125.5
2 0 25125.5
2 0 25125.5
2 0 25125.5
2 0 25125.5
2 0 25125.5
2 0 25125.5
2 0 25125.5
2 0 25125.5
78 variables; iteration 40; function evaluation 55; phase 2
Function value   2.5125567e+04; maximum gradient component mag  -1.4964e+03
Var   Value    Gradient   |Var   Value    Gradient   |Var   Value    Gradient
  1 -0.80144  2.99244e+00 |  2 -0.69457  9.93999e+00 |  3  0.22298 -2.01795e+00
  4  0.17089 -2.92530e+00 |  5  0.12517  3.51011e-01 |  6  0.09023 -8.33231e-01
  7  0.06414  5.75213e-02 |  8  0.04405  1.47452e-01 |  9  0.02818 -5.09591e-01
 10  0.01558 -3.47850e-01 | 11  0.00551 -7.19448e-02 | 12 -0.00260 -1.35323e-01
 13 -0.00903 -2.42595e-01 | 14 -0.01396 -2.59602e-01 | 15 -0.01754 -2.33020e-01
 16 -0.01987 -2.07335e-01 | 17 -0.02102 -1.92750e-01 | 18  0.05997 -8.53464e+01
 19  0.00004  4.82244e+01 | 20 -0.00189  9.79110e+01 | 21  0.00046  5.75552e+01
 22 -0.00502  1.05059e+02 | 23  0.00051  3.81280e+01 | 24 -0.00209  5.06193e+01
 25 -0.00198  6.12573e+01 | 26  0.00429  5.21646e+01 | 27 -0.00196  8.18981e+01
 28  0.00377  7.81981e+01 | 29 -0.00211  2.96447e+01 | 30 -0.00190  3.63901e+01
 31  0.00191  8.56989e+01 | 32  0.00062 -4.28594e+01 | 33  0.00175  1.97290e+00
 34  0.00062  4.48501e+00 | 35  0.00280 -8.83855e+01 | 36 -0.00141  2.71323e+01
 37  0.00361  1.31066e+01 | 38  0.00366  3.05655e+01 | 39  0.00296  4.76876e+01
 40 -0.00092  3.50949e+01 | 41 -0.00049  3.65323e+01 | 42  0.00039  4.01458e+01
 43 -0.00136  1.87634e+01 | 44 -0.00207  1.19981e+01 | 45 -0.00210  9.33303e-01
 46 -0.00072  2.90455e+00 | 47  0.14077 -1.49640e+03 | 48 -0.08335 -4.50040e+01
 49 -0.06768 -4.26095e+01 | 50 -0.05852 -1.22109e+02 | 51 -0.04518 -8.41142e+01
 52 -0.04184 -6.42870e+01 | 53 -0.03511 -4.99319e+01 | 54 -0.02542 -4.64344e+01
 55 -0.01675 -9.91607e+01 | 56 -0.00392 -8.92303e+01 | 57  0.00154 -6.06201e+01
 58  0.01285  2.50664e+01 | 59  0.02389 -5.79616e+00 | 60  0.02432 -9.13485e+00
 61  0.02149  1.47499e+01 | 62  0.01997  4.00333e+01 | 63  0.02029  6.98909e+01
 64  0.01765  3.58174e+01 | 65  0.01721  2.38204e+01 | 66  0.01558 -3.73996e+01
 67  0.01949 -1.98729e+01 | 68  0.02034 -4.04531e+01 | 69  0.02243 -4.86595e+01
 70  0.02554 -4.40494e+01 | 71  0.02391 -4.89040e+01 | 72  0.02525 -1.79608e+01
 73  0.02293 -3.50557e+01 | 74  0.02068  2.43185e+00 | 75  0.02088  4.72723e+01
 76  0.04053  1.28299e+02 | 77 -0.64681  2.21017e+01 | 78 -0.56493  1.66213e+01
2 0 25125.5
2 0 25125.5
2 0 25125.5
2 0 25125.5
2 0 25125.5
2 0 25125.5
2 0 25125.5
2 0 25125.5
2 0 25125.5
2 0 25125.5
2 0 25125.5
78 variables; iteration 50; function evaluation 66; phase 2
Function value   2.5125552e+04; maximum gradient component mag  -1.5013e+03
Var   Value    Gradient   |Var   Value    Gradient   |Var   Value    Gradient
  1 -0.80846  2.38090e+00 |  2 -0.69156  8.60779e+00 |  3  0.22302 -3.75187e+00
  4  0.17086 -3.08538e+00 |  5  0.12508  1.24401e-01 |  6  0.09014 -1.63718e+00
  7  0.06428  6.23039e-01 |  8  0.04428  5.78794e-02 |  9  0.02855  5.67504e-01
 10  0.01581 -1.70502e+00 | 11  0.00602 -3.86430e-01 | 12 -0.00168 -4.65334e-02
 13 -0.00769  7.03364e-01 | 14 -0.01244  7.47401e-01 | 15 -0.01609  1.53535e-01
 16 -0.01856 -2.55412e-01 | 17 -0.01980 -3.75044e-01 | 18  0.06001 -7.76078e+01
 19  0.00005  5.09169e+01 | 20 -0.00193  9.03837e+01 | 21  0.00045  5.71523e+01
 22 -0.00499  1.09551e+02 | 23  0.00050  3.49202e+01 | 24 -0.00209  5.10129e+01
 25 -0.00199  5.95538e+01 | 26  0.00429  5.21503e+01 | 27 -0.00194  8.36265e+01
 28  0.00378  8.27203e+01 | 29 -0.00218  2.05766e+01 | 30 -0.00192  3.46585e+01
 31  0.00191  8.38760e+01 | 32  0.00068 -3.30071e+01 | 33  0.00178  5.21895e+00
 34  0.00064  6.00052e+00 | 35  0.00280 -8.82131e+01 | 36 -0.00139  3.04180e+01
 37  0.00363  1.49332e+01 | 38  0.00364  2.88507e+01 | 39  0.00297  4.75493e+01
 40 -0.00089  3.70730e+01 | 41 -0.00047  4.05853e+01 | 42  0.00035  3.35015e+01
 43 -0.00139  1.71227e+01 | 44 -0.00211  6.47157e+00 | 45 -0.00212 -2.36199e+00
 46 -0.00072  9.59476e-01 | 47  0.14083 -1.50133e+03 | 48 -0.08334 -4.39246e+01
 49 -0.06768 -4.26133e+01 | 50 -0.05852 -1.23619e+02 | 51 -0.04517 -8.17850e+01
 52 -0.04182 -6.09039e+01 | 53 -0.03510 -4.69924e+01 | 54 -0.02545 -5.06600e+01
 55 -0.01673 -9.64895e+01 | 56 -0.00390 -8.89579e+01 | 57  0.00155 -6.09045e+01
 58  0.01284  2.30762e+01 | 59  0.02388 -5.36540e+00 | 60  0.02434 -6.76982e+00
 61  0.02151  1.58027e+01 | 62  0.02000  4.38337e+01 | 63  0.02027  6.59280e+01
 64  0.01766  3.69230e+01 | 65  0.01723  2.72349e+01 | 66  0.01556 -4.10071e+01
 67  0.01947 -2.40492e+01 | 68  0.02038 -3.31056e+01 | 69  0.02244 -4.85166e+01
 70  0.02554 -4.57197e+01 | 71  0.02391 -5.13030e+01 | 72  0.02523 -2.15573e+01
 73  0.02293 -3.51989e+01 | 74  0.02067  2.32693e+00 | 75  0.02080  4.72848e+01
 76  0.04105  1.33976e+02 | 77 -0.64662  1.33150e+01 | 78 -0.56432  1.77070e+01
2 0 25125.5
2 0 25125.5
2 0 25125.5
2 0 25125.5
2 0 25125.5
2 0 25125.5
2 0 25125.5
2 0 25125.5
2 0 25125.5
2 0 25125.5
2 0 25125.5
2 0 25125.5
2 0 25125.5
78 variables; iteration 60; function evaluation 79; phase 2
Function value   2.5125540e+04; maximum gradient component mag  -1.5095e+03
Var   Value    Gradient   |Var   Value    Gradient   |Var   Value    Gradient
  1 -0.81819  1.68961e+00 |  2 -0.68744  7.07260e+00 |  3  0.22313 -2.63922e+00
  4  0.17106 -1.43855e+00 |  5  0.12511  1.09077e+00 |  6  0.08982 -2.64159e+00
  7  0.06392 -6.40291e-01 |  8  0.04425 -6.92121e-01 |  9  0.02909  1.78436e+00
 10  0.01662 -3.11945e+00 | 11  0.00759  5.70962e+00 | 12 -0.00109 -1.68135e+00
 13 -0.00756 -4.16070e-01 | 14 -0.01241 -1.54848e+00 | 15 -0.01547 -8.40140e-01
 16 -0.01702  1.15174e+00 | 17 -0.01771  1.66277e+00 | 18  0.06005 -6.70254e+01
 19  0.00006  4.79293e+01 | 20 -0.00194  8.70546e+01 | 21  0.00047  6.05108e+01
 22 -0.00501  1.07484e+02 | 23  0.00047  3.08379e+01 | 24 -0.00205  5.80168e+01
 25 -0.00196  5.91316e+01 | 26  0.00430  5.57586e+01 | 27 -0.00197  7.84377e+01
 28  0.00374  7.40494e+01 | 29 -0.00217  2.33582e+01 | 30 -0.00191  3.78409e+01
 31  0.00194  8.81122e+01 | 32  0.00066 -3.98053e+01 | 33  0.00175  1.30947e+00
 34  0.00065  9.99157e+00 | 35  0.00276 -9.53119e+01 | 36 -0.00136  3.97140e+01
 37  0.00355  3.10214e+00 | 38  0.00361  2.01062e+01 | 39  0.00302  6.09201e+01
 40 -0.00096  2.15282e+01 | 41 -0.00046  4.43476e+01 | 42  0.00041  4.26447e+01
 43 -0.00138  1.44752e+01 | 44 -0.00206  1.42493e+01 | 45 -0.00207  4.66376e+00
 46 -0.00076 -3.96780e+00 | 47  0.14093 -1.50948e+03 | 48 -0.08331 -3.37672e+01
 49 -0.06768 -3.78426e+01 | 50 -0.05853 -1.24083e+02 | 51 -0.04519 -8.32818e+01
 52 -0.04187 -6.86251e+01 | 53 -0.03507 -4.16763e+01 | 54 -0.02546 -5.12845e+01
 55 -0.01674 -9.72694e+01 | 56 -0.00392 -8.68427e+01 | 57  0.00157 -5.26094e+01
 58  0.01280  1.72215e+01 | 59  0.02384 -1.51516e+01 | 60  0.02438  2.18379e+00
 61  0.02144  6.56185e+00 | 62  0.02001  4.57674e+01 | 63  0.02022  5.82690e+01
 64  0.01767  3.58537e+01 | 65  0.01715  1.50260e+01 | 66  0.01556 -3.52478e+01
 67  0.01946 -2.52478e+01 | 68  0.02038 -2.85608e+01 | 69  0.02240 -5.11048e+01
 70  0.02555 -4.40185e+01 | 71  0.02393 -4.56303e+01 | 72  0.02522 -2.30276e+01
 73  0.02298 -2.87914e+01 | 74  0.02069  3.45694e+00 | 75  0.02102  4.91149e+01
 76  0.04174  1.41069e+02 | 77 -0.64636  1.15054e+00 | 78 -0.56355  1.91588e+01
2 0 25125.5
2 0 25125.5
2 0 25125.5
2 0 25125.5
2 0 25125.5
2 0 25125.5
2 0 25125.5
2 0 25125.5
2 0 25125.5
2 0 25125.5
2 0 25125.5
78 variables; iteration 70; function evaluation 90; phase 2
Function value   2.5125522e+04; maximum gradient component mag  -1.5209e+03
Var   Value    Gradient   |Var   Value    Gradient   |Var   Value    Gradient
  1 -0.82687  1.20543e+00 |  2 -0.68361  5.98356e+00 |  3  0.22323 -2.53145e+00
  4  0.17122 -1.34878e+00 |  5  0.12540  1.45497e+00 |  6  0.09019 -1.99756e+00
  7  0.06425 -1.09636e-01 |  8  0.04441 -1.97890e-01 |  9  0.02894  2.14354e+00
 10  0.01604 -3.13188e+00 | 11  0.00653  4.84795e+00 | 12 -0.00243 -2.20336e+00
 13 -0.00906 -9.91062e-01 | 14 -0.01397 -2.55474e+00 | 15 -0.01683  4.34185e-01
 16 -0.01861  3.35297e-01 | 17 -0.01934  1.40136e+00 | 18  0.06010 -5.59022e+01
 19  0.00005  4.55429e+01 | 20 -0.00192  8.75747e+01 | 21  0.00046  5.99674e+01
 22 -0.00505  1.01392e+02 | 23  0.00049  3.31166e+01 | 24 -0.00204  5.96257e+01
 25 -0.00199  5.48787e+01 | 26  0.00431  5.69989e+01 | 27 -0.00198  7.70039e+01
 28  0.00374  7.22195e+01 | 29 -0.00216  2.47829e+01 | 30 -0.00193  3.45768e+01
 31  0.00193  8.68139e+01 | 32  0.00068 -3.59708e+01 | 33  0.00175  1.53056e+00
 34  0.00064  9.92878e+00 | 35  0.00273 -9.87928e+01 | 36 -0.00135  4.07199e+01
 37  0.00361  1.12121e+01 | 38  0.00361  1.59264e+01 | 39  0.00307  6.81621e+01
 40 -0.00101  1.30502e+01 | 41 -0.00044  4.72899e+01 | 42  0.00039  3.79865e+01
 43 -0.00135  2.30198e+01 | 44 -0.00213  1.09488e+00 | 45 -0.00202  1.31503e+01
 46 -0.00076 -8.05381e+00 | 47  0.14102 -1.52088e+03 | 48 -0.08333 -3.59237e+01
 49 -0.06765 -3.31304e+01 | 50 -0.05854 -1.24897e+02 | 51 -0.04519 -8.25706e+01
 52 -0.04183 -6.29409e+01 | 53 -0.03509 -4.43698e+01 | 54 -0.02547 -5.16948e+01
 55 -0.01673 -9.49510e+01 | 56 -0.00394 -8.74107e+01 | 57  0.00159 -4.92225e+01
 58  0.01280  1.83088e+01 | 59  0.02382 -1.79607e+01 | 60  0.02440  4.37930e+00
 61  0.02145  6.42758e+00 | 62  0.02001  4.51269e+01 | 63  0.02018  5.28261e+01
 64  0.01763  3.00025e+01 | 65  0.01721  2.38937e+01 | 66  0.01552 -4.09102e+01
 67  0.01955 -1.13868e+01 | 68  0.02030 -4.28337e+01 | 69  0.02245 -4.33022e+01
 70  0.02553 -4.69617e+01 | 71  0.02397 -4.13512e+01 | 72  0.02516 -3.36225e+01
 73  0.02302 -2.27697e+01 | 74  0.02069  5.24031e+00 | 75  0.02098  4.97115e+01
 76  0.04244  1.48487e+02 | 77 -0.64611 -1.17951e+01 | 78 -0.56278  2.07800e+01
2 0 25125.5
2 0 25125.5
2 0 25125.5
2 0 25125.5
2 0 25125.5
2 0 25125.5
2 0 25125.5
2 0 25125.5
2 0 25125.5
2 0 25125.5
2 0 25125.5
2 0 25125.5
2 0 25125.5
2 0 25125.4
2 0 25125.1
2 0 25124.7
2 0 25124.7
78 variables; iteration 80; function evaluation 107; phase 2
Function value   2.5124651e+04; maximum gradient component mag  -1.7031e+02
Var   Value    Gradient   |Var   Value    Gradient   |Var   Value    Gradient
  1 -0.85142 -2.19427e+00 |  2 -0.64163 -5.00325e+00 |  3  0.22437 -5.27008e+00
  4  0.17224 -1.16841e+00 |  5  0.12615 -3.92931e-01 |  6  0.09121 -5.21502e-02
  7  0.06493 -2.76859e-01 |  8  0.04479 -2.70843e-01 |  9  0.02900 -5.89005e-01
 10  0.01654 -3.09193e-01 | 11  0.00661 -6.93740e-01 | 12 -0.00112 -2.39247e-02
 13 -0.00716  1.61484e-01 | 14 -0.01177  3.21112e-01 | 15 -0.01516  2.73047e-01
 16 -0.01738  5.22173e-02 | 17 -0.01844  2.92140e-01 | 18  0.06202  7.16648e+01
 19 -0.00060 -1.35641e+00 | 20 -0.00235 -1.02598e+01 | 21  0.00010 -5.56133e+00
 22 -0.00578 -1.21746e+01 | 23  0.00023 -1.68759e+00 | 24 -0.00245 -4.89124e+00
 25 -0.00231 -5.82774e+00 | 26  0.00404 -4.29478e+00 | 27 -0.00247 -8.22879e+00
 28  0.00341 -4.63419e+00 | 29 -0.00243 -5.07375e+00 | 30 -0.00214 -6.31090e+00
 31  0.00166 -4.15432e+00 | 32  0.00105  6.43277e+00 | 33  0.00202  4.30025e+00
 34  0.00082  1.82692e+00 | 35  0.00342  1.17648e+01 | 36 -0.00130 -1.20151e+00
 37  0.00382  3.43573e+00 | 38  0.00386  5.99962e-01 | 39  0.00302 -2.15298e+00
 40 -0.00088 -1.82523e-01 | 41 -0.00047 -1.68374e+00 | 42  0.00044  1.09446e+00
 43 -0.00123  1.28932e+00 | 44 -0.00186  2.68273e+00 | 45 -0.00171 -1.18676e+00
 46  0.00001 -1.43263e+01 | 47  0.14315 -1.70312e+02 | 48 -0.08310  6.45254e+00
 49 -0.06767  2.03023e+00 | 50 -0.05802  9.35477e+00 | 51 -0.04508  2.68689e+00
 52 -0.04168  2.71567e+00 | 53 -0.03498  4.69983e+00 | 54 -0.02542  3.40621e+00
 55 -0.01643  7.46959e+00 | 56 -0.00380  5.07520e+00 | 57  0.00168  2.97589e+00
 58  0.01263  1.83160e-02 | 59  0.02368 -2.96158e+00 | 60  0.02432 -4.62910e+00
 61  0.02151 -1.67985e+00 | 62  0.01980 -5.06743e+00 | 63  0.02014 -7.05639e+00
 64  0.01757 -4.22675e+00 | 65  0.01707 -3.36543e+00 | 66  0.01572  2.51830e+00
 67  0.01946 -1.57655e+00 | 68  0.02046  1.68576e-01 | 69  0.02257  1.05798e+00
 70  0.02566 -6.33562e-01 | 71  0.02410 -3.48570e-01 | 72  0.02533 -2.96955e-01
 73  0.02308  3.04462e+00 | 74  0.02053  1.42310e+01 | 75  0.02047  9.59550e+00
 76  0.05557  4.15090e+01 | 77 -0.64163 -7.44727e+01 | 78 -0.55646  7.34092e+00
2 0 25124.6
2 0 25124.5
2 0 25124.5
2 0 25124.4
2 0 25124.3
2 0 25124.2
2 0 25124.1
2 0 25124.1
2 0 25123.9
2 0 25123.8
2 0 25123.7
2 0 25123.7
2 0 25123.6
78 variables; iteration 90; function evaluation 120; phase 2
Function value   2.5123621e+04; maximum gradient component mag  -4.4086e+02
Var   Value    Gradient   |Var   Value    Gradient   |Var   Value    Gradient
  1 -0.84328  1.47624e+00 |  2 -0.40187  7.19548e+00 |  3  0.23375 -7.10998e+00
  4  0.17868 -1.96791e+00 |  5  0.13113 -9.40809e-01 |  6  0.09583 -5.51698e-01
  7  0.06961  1.49671e-01 |  8  0.04952  2.76421e-01 |  9  0.03374  2.29844e-01
 10  0.02114  8.40774e-02 | 11  0.01102  2.78984e-01 | 12  0.00286  1.58464e-01
 13 -0.00363  1.80992e-01 | 14 -0.00870 -1.11153e-02 | 15 -0.01244 -1.90931e-01
 16 -0.01489 -2.35150e-01 | 17 -0.01612 -3.15241e-01 | 18  0.06416  4.88305e+01
 19 -0.00121  4.68938e+00 | 20 -0.00206 -1.48768e+00 | 21 -0.00028  1.06573e+00
 22 -0.00639 -2.48374e+00 | 23 -0.00049  2.14856e+00 | 24 -0.00331 -4.80587e-01
 25 -0.00268 -3.30374e+00 | 26  0.00345 -4.54742e-02 | 27 -0.00311 -4.02089e+00
 28  0.00314  1.31937e+00 | 29 -0.00323 -2.27795e+00 | 30 -0.00236 -5.21038e-02
 31  0.00170  4.81123e+00 | 32  0.00131  3.68948e+00 | 33  0.00273  4.29698e+00
 34  0.00131  3.83213e+00 | 35  0.00380  5.98658e+00 | 36 -0.00106  3.53309e+00
 37  0.00434  4.47007e+00 | 38  0.00441  1.23234e+00 | 39  0.00354  2.89376e+00
 40 -0.00064  1.14303e+00 | 41 -0.00035  1.66623e+00 | 42  0.00075  3.31537e+00
 43 -0.00100  2.42045e+00 | 44 -0.00141  2.99093e+00 | 45 -0.00132  1.81135e+00
 46  0.00045 -1.65519e+01 | 47  0.15280 -4.40864e+02 | 48 -0.08279  3.18133e+00
 49 -0.06725 -2.43188e-01 | 50 -0.05759 -1.02011e+00 | 51 -0.04497 -4.07607e+00
 52 -0.04145 -1.53355e+00 | 53 -0.03493  2.02835e+00 | 54 -0.02560 -3.66418e-01
 55 -0.01633  3.26857e-01 | 56 -0.00399 -1.61461e+00 | 57  0.00192 -1.16248e+00
 58  0.01269  1.47339e+00 | 59  0.02347 -3.06707e+00 | 60  0.02413 -5.01169e+00
 61  0.02130 -3.63866e+00 | 62  0.01972 -3.05015e+00 | 63  0.01991 -5.63593e+00
 64  0.01753 -3.20776e+00 | 65  0.01664 -1.53731e+00 | 66  0.01535 -1.48562e+00
 67  0.01929 -2.48227e+00 | 68  0.02051 -3.80563e+00 | 69  0.02264 -3.44001e+00
 70  0.02558 -4.90500e+00 | 71  0.02427 -4.98439e+00 | 72  0.02552 -6.41834e+00
 73  0.02320 -3.72803e+00 | 74  0.02033  1.49487e+01 | 75  0.02040  2.11686e+01
 76  0.10632  7.42725e+01 | 77 -0.60790 -7.73326e+01 | 78 -0.47502  2.47819e+01
2 0 25123.7
2 0 25123.6
2 0 25123.5
2 0 25123.5
2 0 25123.4
2 0 25123.3
2 0 25123.1
2 0 25123
2 0 25122.9
2 0 25122.8
2 0 25122.8
78 variables; iteration 100; function evaluation 131; phase 2
Function value   2.5122779e+04; maximum gradient component mag  -1.5818e+02
Var   Value    Gradient   |Var   Value    Gradient   |Var   Value    Gradient
  1 -0.70087 -1.25886e-02 |  2 -0.34171 -7.41316e-01 |  3  0.24227 -3.76049e+00
  4  0.18446 -1.12037e+00 |  5  0.13527 -5.22073e-01 |  6  0.09917 -2.02237e-01
  7  0.07233 -1.30112e-01 |  8  0.05180 -1.20998e-01 |  9  0.03571 -3.56895e-01
 10  0.02297 -3.03728e-01 | 11  0.01284 -4.20432e-01 | 12  0.00487 -5.77589e-02
 13 -0.00136  1.49597e-01 | 14 -0.00613  1.88805e-01 | 15 -0.00960  1.64339e-01
 16 -0.01186  1.24322e-01 | 17 -0.01296  2.28867e-01 | 18  0.06731  3.85771e+00
 19 -0.00224  2.73671e+00 | 20 -0.00179 -3.67233e+00 | 21 -0.00060 -3.40381e+00
 22 -0.00693 -2.96390e+00 | 23 -0.00113 -1.31380e+00 | 24 -0.00406 -1.36166e-01
 25 -0.00299 -8.68957e-01 | 26  0.00293 -3.95130e-01 | 27 -0.00362 -2.02023e+00
 28  0.00288 -2.56963e+00 | 29 -0.00387  7.74812e-01 | 30 -0.00256 -1.87271e+00
 31  0.00167 -3.53675e+00 | 32  0.00155  1.52850e+00 | 33  0.00336 -4.80648e-01
 34  0.00175  7.32474e-01 | 35  0.00417  3.34716e+00 | 36 -0.00090 -7.33967e-01
 37  0.00476  8.78020e-01 | 38  0.00488 -2.77857e-01 | 39  0.00399 -2.46357e+00
 40 -0.00042  3.58230e-02 | 41 -0.00023 -1.34458e+00 | 42  0.00105 -8.39061e-01
 43 -0.00077 -3.96518e-01 | 44 -0.00096  2.40162e-01 | 45 -0.00090  7.75078e-01
 46  0.00095 -7.11701e+00 | 47  0.16212 -1.58176e+02 | 48 -0.08253  8.65397e-01
 49 -0.06690 -4.43205e-01 | 50 -0.05713 -6.44309e-01 | 51 -0.04475 -1.15896e+00
 52 -0.04117 -4.45838e-01 | 53 -0.03479 -7.87417e-01 | 54 -0.02565 -7.54223e-01
 55 -0.01619 -1.07196e+00 | 56 -0.00405 -6.41597e-01 | 57  0.00217 -1.56275e+00
 58  0.01277 -2.23080e+00 | 59  0.02326 -1.17835e+00 | 60  0.02390 -3.77063e-01
 61  0.02112  2.35111e+00 | 62  0.01958  9.11098e-02 | 63  0.01973  6.86062e-01
 64  0.01747  7.72783e-01 | 65  0.01622  5.08054e-01 | 66  0.01503  4.12741e+00
 67  0.01908  9.31617e-01 | 68  0.02056  1.03728e+00 | 69  0.02268  1.90797e+00
 70  0.02550 -5.03186e-02 | 71  0.02440  2.89650e+00 | 72  0.02565 -5.63283e-02
 73  0.02328  6.81327e-01 | 74  0.02019  7.24805e+00 | 75  0.02014  8.22648e+00
 76  0.14177  2.73231e+01 | 77 -0.57945 -6.99274e+00 | 78 -0.43210  7.50995e+00
2 0 25122.7
2 0 25122.7
2 0 25122.6
2 0 25122.5
2 0 25122.5
2 0 25122.4
2 0 25122.3
2 0 25122.2
2 0 25122.2
2 0 25122.1
78 variables; iteration 110; function evaluation 141; phase 2
Function value   2.5122099e+04; maximum gradient component mag  -8.4305e+01
Var   Value    Gradient   |Var   Value    Gradient   |Var   Value    Gradient
  1 -0.58882  2.13872e+01 |  2 -0.26836 -2.34252e+00 |  3  0.25692  1.09753e+00
  4  0.19451  1.89935e-01 |  5  0.14228 -1.17155e-01 |  6  0.10471 -1.25252e-01
  7  0.07706 -1.04575e-02 |  8  0.05605  5.72217e-02 |  9  0.03964  2.68380e-01
 10  0.02657  2.34099e-01 | 11  0.01604  3.45023e-01 | 12  0.00752  5.35419e-02
 13  0.00076 -1.12369e-01 | 14 -0.00445 -1.76698e-01 | 15 -0.00825 -1.90351e-01
 16 -0.01073 -1.79392e-01 | 17 -0.01196 -2.67259e-01 | 18  0.07187  1.63330e+01
 19 -0.00279 -4.06591e+00 | 20 -0.00132 -3.60042e-01 | 21 -0.00103 -3.36966e+00
 22 -0.00761  3.21926e+00 | 23 -0.00206  2.10523e+00 | 24 -0.00517  2.20083e+00
 25 -0.00354  1.36362e+00 | 26  0.00204  8.85135e-01 | 27 -0.00447  1.20739e+00
 28  0.00238  1.76373e+00 | 29 -0.00485  1.46143e+00 | 30 -0.00288  8.95833e-01
 31  0.00163  2.04639e+00 | 32  0.00182  1.87968e+00 | 33  0.00427  2.52636e+00
 34  0.00241  4.37362e+00 | 35  0.00466  2.02139e+00 | 36 -0.00064  2.51695e+00
 37  0.00531  2.78999e+00 | 38  0.00545 -2.07844e+00 | 39  0.00458 -1.20604e+00
 40 -0.00013  1.92190e-01 | 41 -0.00005  6.49951e-01 | 42  0.00151  2.91092e+00
 43 -0.00040 -7.89766e-03 | 44 -0.00025  1.02576e+00 | 45 -0.00032 -2.27912e+00
 46  0.00148 -3.57759e+00 | 47  0.17684 -8.43048e+01 | 48 -0.08224  1.96051e+00
 49 -0.06628  5.45423e+00 | 50 -0.05638  1.62066e+00 | 51 -0.04422 -6.49531e-02
 52 -0.04058 -2.12666e+00 | 53 -0.03447 -1.78836e+00 | 54 -0.02551 -7.27965e-01
 55 -0.01582 -3.30478e-01 | 56 -0.00399 -7.50686e-01 | 57  0.00268 -1.93312e+00
 58  0.01294  6.13090e-01 | 59  0.02301  1.42295e+00 | 60  0.02350 -1.14610e+00
 61  0.02064 -3.18219e+00 | 62  0.01927 -3.70698e+00 | 63  0.01936 -4.60354e+00
 64  0.01729 -2.60186e+00 | 65  0.01556 -1.84585e+00 | 66  0.01443 -9.40552e-01
 67  0.01871  3.02799e+00 | 68  0.02054  8.88452e-01 | 69  0.02267  5.99709e-01
 70  0.02530 -8.00974e-01 | 71  0.02441 -3.11113e+00 | 72  0.02566 -3.90095e+00
 73  0.02326 -3.28937e+00 | 74  0.01991 -4.21856e-01 | 75  0.01991  3.51733e+00
 76  0.18190 -5.05942e+00 | 77 -0.53965 -4.09493e+01 | 78 -0.38222  1.89419e+01
2 0 25122.1
2 0 25122.1
2 0 25122.1
2 0 25122
2 0 25122
2 0 25122
2 0 25122
2 0 25122
2 0 25122
2 0 25122
2 0 25122
78 variables; iteration 120; function evaluation 152; phase 2
Function value   2.5121954e+04; maximum gradient component mag  -7.8757e+01
Var   Value    Gradient   |Var   Value    Gradient   |Var   Value    Gradient
  1 -0.54873 -2.14618e+00 |  2 -0.25339  1.71821e+00 |  3  0.26554 -3.74961e+00
  4  0.20035 -1.05890e+00 |  5  0.14607 -3.94774e-01 |  6  0.10741 -1.84208e-01
  7  0.07909 -7.61376e-02 |  8  0.05761 -4.77511e-02 |  9  0.04087 -9.01090e-02
 10  0.02761 -8.03592e-02 | 11  0.01703 -9.32593e-02 | 12  0.00861 -2.39351e-02
 13  0.00199  1.87651e-02 | 14 -0.00308  2.31881e-02 | 15 -0.00676  1.82972e-02
 16 -0.00916  1.35462e-02 | 17 -0.01035  3.13344e-02 | 18  0.07494 -8.71692e+00
 19 -0.00288  6.67146e+00 | 20 -0.00091 -7.44114e-01 | 21 -0.00111  2.18804e-01
 22 -0.00789 -1.21865e-01 | 23 -0.00251  4.74727e-01 | 24 -0.00574  1.59885e-01
 25 -0.00385 -2.21053e-01 | 26  0.00155  1.40957e-01 | 27 -0.00491 -1.41273e-01
 28  0.00209  2.71396e-02 | 29 -0.00534  4.07187e-01 | 30 -0.00304 -1.45362e-01
 31  0.00155 -6.12267e-01 | 32  0.00190 -5.07325e-01 | 33  0.00466 -1.92183e+00
 34  0.00264 -1.79263e+00 | 35  0.00482 -1.62345e+00 | 36 -0.00061 -1.13337e+00
 37  0.00550  1.68122e-01 | 38  0.00571  9.98099e-01 | 39  0.00488  1.26750e+00
 40  0.00003  1.30078e+00 | 41  0.00006  6.53965e-01 | 42  0.00173  4.05774e-01
 43 -0.00020 -2.93293e-02 | 44  0.00013  3.09712e-01 | 45  0.00001  2.65612e-04
 46  0.00171 -8.00885e+00 | 47  0.18566 -7.87573e+01 | 48 -0.08217 -2.79459e+00
 49 -0.06603 -3.04288e+00 | 50 -0.05599 -1.63617e+00 | 51 -0.04388 -9.18074e-01
 52 -0.04020  2.06272e-01 | 53 -0.03425  7.84907e-01 | 54 -0.02537  3.17250e-01
 55 -0.01559  2.19940e-01 | 56 -0.00390  4.39855e-02 | 57  0.00298 -1.89944e-01
 58  0.01304  1.65617e-01 | 59  0.02289  1.08672e-01 | 60  0.02329  1.30886e+00
 61  0.02039  3.01917e+00 | 62  0.01911  2.70817e+00 | 63  0.01919  3.03252e+00
 64  0.01720  1.90082e+00 | 65  0.01520  1.10140e+00 | 66  0.01410  1.27385e+00
 67  0.01846 -4.03682e-01 | 68  0.02050 -2.26701e-01 | 69  0.02264  1.56249e-01
 70  0.02517 -5.11938e-01 | 71  0.02439 -4.17281e-01 | 72  0.02561 -3.57839e+00
 73  0.02321 -5.13864e+00 | 74  0.01979  2.10383e+00 | 75  0.01978  4.01650e+00
 76  0.20108  3.65764e+01 | 77 -0.52063  8.00806e+00 | 78 -0.36406  1.55763e+00
2 0 25122
2 0 25121.9
2 0 25121.9
2 0 25121.9
2 0 25121.9
2 0 25121.9
2 0 25121.9
2 0 25121.9
2 0 25121.9
2 0 25121.9
78 variables; iteration 130; function evaluation 162; phase 2
Function value   2.5121949e+04; maximum gradient component mag  -2.0588e-01
Var   Value    Gradient   |Var   Value    Gradient   |Var   Value    Gradient
  1 -0.54685  8.96679e-02 |  2 -0.25468 -9.56007e-03 |  3  0.26610  8.01905e-02
  4  0.20067  1.63782e-02 |  5  0.14627  1.01598e-02 |  6  0.10756  4.50959e-03
  7  0.07920  2.66693e-03 |  8  0.05771  2.43926e-03 |  9  0.04096  5.75322e-03
 10  0.02769  4.62069e-03 | 11  0.01708  6.69121e-03 | 12  0.00862  1.48515e-03
 13  0.00196 -9.30039e-04 | 14 -0.00314 -2.03379e-03 | 15 -0.00685 -2.29705e-03
 16 -0.00927 -1.78356e-03 | 17 -0.01046 -3.38409e-03 | 18  0.07526  3.83954e-02
 19 -0.00310 -1.80703e-01 | 20 -0.00093  1.09416e-02 | 21 -0.00114  3.12176e-04
 22 -0.00792  3.24796e-02 | 23 -0.00254  5.02290e-02 | 24 -0.00577  3.89539e-02
 25 -0.00386  3.30461e-02 | 26  0.00153  2.55735e-02 | 27 -0.00493  4.37814e-02
 28  0.00208  7.60384e-02 | 29 -0.00537  2.08449e-03 | 30 -0.00305  2.46321e-02
 31  0.00156  5.43784e-02 | 32  0.00193 -3.77634e-02 | 33  0.00471  1.41150e-02
 34  0.00270 -1.61133e-02 | 35  0.00487 -5.64860e-02 | 36 -0.00058  2.80464e-02
 37  0.00553 -5.84918e-03 | 38  0.00572  8.04976e-03 | 39  0.00489  2.21864e-02
 40  0.00003 -4.99552e-03 | 41  0.00006  4.14304e-02 | 42  0.00175  4.58283e-02
 43 -0.00018  4.28229e-02 | 44  0.00017 -5.92678e-03 | 45  0.00005 -1.91553e-02
 46  0.00180  1.37743e-01 | 47  0.18626 -8.72024e-03 | 48 -0.08214  4.77996e-02
 49 -0.06600  4.01061e-02 | 50 -0.05595 -1.63658e-02 | 51 -0.04386 -6.00946e-02
 52 -0.04018 -5.77195e-02 | 53 -0.03423 -3.35467e-02 | 54 -0.02536 -8.32314e-03
 55 -0.01558 -1.77537e-02 | 56 -0.00389 -3.54788e-02 | 57  0.00300  1.13564e-02
 58  0.01305  2.55230e-02 | 59  0.02288  9.46262e-03 | 60  0.02326  2.11013e-02
 61  0.02036 -2.87378e-02 | 62  0.01908  7.77125e-03 | 63  0.01917 -4.60173e-03
 64  0.01719 -2.53148e-02 | 65  0.01518 -1.26031e-02 | 66  0.01408 -6.37936e-02
 67  0.01845 -2.24511e-02 | 68  0.02050 -3.58197e-02 | 69  0.02263 -6.48676e-02
 70  0.02517 -4.90219e-02 | 71  0.02438 -5.97144e-02 | 72  0.02562  4.31277e-02
 73  0.02322  9.16228e-02 | 74  0.01976 -2.37039e-02 | 75  0.01976 -9.87755e-03
 76  0.20235 -2.05882e-01 | 77 -0.51983 -2.88419e-02 | 78 -0.36399 -1.70119e-02
2 0 25121.9
2 0 25121.9
2 0 25121.9
2 0 25121.9
2 0 25121.9
2 0 25121.9
2 0 25121.9

 - final statistics:
78 variables; iteration 137; function evaluation 169
Function value   2.5122e+04; maximum gradient component mag   6.6766e-04
Exit code = 1;  converg criter   1.0000e-03
Var   Value    Gradient   |Var   Value    Gradient   |Var   Value    Gradient
  1 -0.54678  2.05425e-04 |  2 -0.25468 -3.01797e-05 |  3  0.26612 -7.01970e-05
  4  0.20069 -2.53716e-05 |  5  0.14628 -3.88728e-06 |  6  0.10756 -3.53218e-06
  7  0.07921 -1.80813e-06 |  8  0.05771 -3.36910e-07 |  9  0.04096  5.23773e-06
 10  0.02769  4.23922e-06 | 11  0.01708  7.70632e-06 | 12  0.00862  3.48481e-07
 13  0.00196 -3.18448e-06 | 14 -0.00314 -4.39133e-06 | 15 -0.00684 -4.29276e-06
 16 -0.00926 -3.27121e-06 | 17 -0.01045 -5.66202e-06 | 18  0.07526  5.99796e-05
 19 -0.00309  7.54908e-05 | 20 -0.00092  9.62844e-05 | 21 -0.00114  3.20115e-04
 22 -0.00792  2.91618e-04 | 23 -0.00255  3.05549e-04 | 24 -0.00577  1.71107e-04
 25 -0.00386  7.33807e-05 | 26  0.00153 -2.95341e-05 | 27 -0.00493  4.53927e-05
 28  0.00208  1.12419e-04 | 29 -0.00537 -6.85007e-05 | 30 -0.00305  2.36614e-05
 31  0.00156  1.14752e-04 | 32  0.00193 -9.97428e-05 | 33  0.00472 -6.24719e-05
 34  0.00270 -1.65131e-04 | 35  0.00487 -2.47372e-04 | 36 -0.00058 -1.05105e-05
 37  0.00553 -9.17094e-05 | 38  0.00572  3.34759e-05 | 39  0.00489  3.70445e-05
 40  0.00003 -1.15708e-04 | 41  0.00006 -1.30804e-04 | 42  0.00175 -1.92265e-04
 43 -0.00018 -3.12180e-05 | 44  0.00017  3.91703e-05 | 45  0.00005  7.27981e-05
 46  0.00180  4.17456e-05 | 47  0.18628  6.67660e-04 | 48 -0.08214 -2.93634e-04
 49 -0.06600 -1.45367e-04 | 50 -0.05595  6.03107e-05 | 51 -0.04385  1.90050e-04
 52 -0.04018  2.15328e-04 | 53 -0.03423  1.70396e-04 | 54 -0.02536  1.22614e-04
 55 -0.01558 -5.01587e-05 | 56 -0.00389 -2.45427e-04 | 57  0.00300 -2.28166e-04
 58  0.01305 -2.09239e-04 | 59  0.02288 -1.98735e-04 | 60  0.02326 -1.38916e-06
 61  0.02036  7.16413e-05 | 62  0.01908  2.86036e-04 | 63  0.01917  3.36939e-04
 64  0.01719  2.17476e-04 | 65  0.01518  1.27592e-04 | 66  0.01408 -1.33958e-04
 67  0.01845 -1.55135e-04 | 68  0.02050 -1.37051e-04 | 69  0.02263 -8.20276e-05
 70  0.02517  5.12580e-05 | 71  0.02438 -8.42132e-05 | 72  0.02562 -6.07734e-05
 73  0.02322 -1.10907e-04 | 74  0.01976 -1.33813e-04 | 75  0.01976 -4.56286e-05
 76  0.20239 -5.07709e-04 | 77 -0.51979 -1.19295e-04 | 78 -0.36396 -1.64219e-05
2 0 25121.9
B09559.92
0.3 0.883064
0.756912 0.76189
1.64767 0.615355
2.89686 0.493097
4.08124 0.416947
4.86188 0.378472
5.25738 0.36149
5.42998 0.354526
5.5002 0.351765
5.52793 0.350685
5.53876 0.350266
5.54296 0.350103
5.54459 0.35004
5.54522 0.350015
5.54547 0.350006
5.54556 0.350002
5.5456 0.350001
5.54561 0.35
5.54562 0.35
5.54562 0.35
5.54562 0.35
Survey Bio30.3199
Survey len12370.8
CPUE39.6802
Catch2.63845
Catch len12657.4
initsmo_penal16.4637
F_pen1.22455
Rec_pen3.49425
M_pen0


Starting time: Mon Oct 15 14:58:48 2018
Finishing time: Mon Oct 15 14:59:00 2018
This run took: 0 hours, 0 minutes, 12 seconds.

