survYears 71 72 73 74 75 76 77 78 79 80 81 82 83 84 85 86 87 88 89 90 91 92 93 94 95 96 97 98 99
SurvLenYear 71 72 73 74 75 76 77 78 79 80 81 82 83 84 85 86 87 88 89 90 91 92 93 94 95 96 97 98 99
catchBiomass 5338.87 5251.26 5370.66 7929.49 11276.2 13045.1 13856.1 14744.7 22457.6 34694.9 45699.2 59543.2 70115 109040 124998 83920.5 88756.8 86495.4 87334.3 81294.9 78297.4 80771 98453.9 102226 100787 105310 116492 98190.4 1.33425
steep0.999
25
Out
1 0 75894.1

Initial statistics: 75 variables; iteration 0; function evaluation 0; phase 1
Function value   7.5894063e+04; maximum gradient component mag   1.7720e+05
Var   Value    Gradient   |Var   Value    Gradient   |Var   Value    Gradient
  1  0.22183  1.36226e+03 |  2  0.20902  2.42675e+03 |  3  0.20744  3.63446e+03
  4  0.19463  3.41813e+03 |  5  0.18242  3.03302e+03 |  6  0.18013  3.32720e+03
  7  0.16401  2.53158e+03 |  8  0.14294  1.69316e+03 |  9  0.11845  9.72650e+02
 10  0.10821  8.16115e+02 | 11  0.10547  8.23276e+02 | 12  0.10045  7.52118e+02
 13  0.09344  6.71945e+02 | 14  0.07882  3.00057e+02 | 15  0.11530  1.20299e+03
 16 -0.02942 -7.95029e+03 | 17  0.00000 -2.47046e+04 | 18  0.00000 -4.48932e+03
 19  0.00000 -2.60819e+03 | 20  0.00000 -4.94293e+03 | 21  0.00000 -7.23943e+03
 22  0.00000 -5.77153e+03 | 23  0.00000 -2.43268e+02 | 24  0.00000  9.15099e+03
 25  0.00000  1.13404e+04 | 26  0.00000  1.08678e+04 | 27  0.00000  1.25429e+04
 28  0.00000  1.33990e+04 | 29  0.00000  1.58431e+04 | 30  0.00000  7.36478e+03
 31  0.00000  1.07095e+02 | 32  0.00000  7.39443e+03 | 33  0.00000  5.70130e+03
 34  0.00000  5.82362e+03 | 35  0.00000  4.86889e+03 | 36  0.00000  6.32808e+03
 37  0.00000  9.00648e+03 | 38  0.00000  1.05614e+04 | 39  0.00000  6.08171e+03
 40  0.00000  9.17597e+02 | 41  0.00000 -7.89460e+03 | 42  0.00000 -3.08588e+04
 43  0.00000 -7.86520e+04 | 44  0.00000 -1.47097e+05 | 45  0.00000  1.77202e+05
 46  0.10196 -1.01393e+05 | 47  0.00000  5.47189e+04 | 48  0.00000  4.01487e+04
 49  0.00000  3.03521e+04 | 50  0.00000  2.46221e+04 | 51  0.00000  2.18450e+04
 52  0.00000  1.53666e+04 | 53  0.00000  4.58764e+03 | 54  0.00000 -5.27153e+03
 55  0.00000 -1.23930e+04 | 56  0.00000 -1.87348e+04 | 57  0.00000 -2.48104e+04
 58  0.00000 -2.94273e+04 | 59  0.00000 -3.00549e+04 | 60  0.00000 -2.58849e+04
 61  0.00000 -2.44058e+04 | 62  0.00000 -2.46206e+04 | 63  0.00000 -2.42247e+04
 64  0.00000 -2.37084e+04 | 65  0.00000 -2.39106e+04 | 66  0.00000 -2.55445e+04
 67  0.00000 -2.69731e+04 | 68  0.00000 -2.61381e+04 | 69  0.00000 -2.15725e+04
 70  0.00000 -1.13015e+04 | 71  0.00000  1.07886e+04 | 72  0.00000  4.96452e+04
 73  0.00000  8.61118e+04 | 74  0.00000  3.60680e+04 | 75  0.00000  4.72218e+03
1 0 75894
1 0 75893.8
1 0 75891.8
1 0 75871.8
1 0 75672
1 0 73690.9
1 0 56433.1
1 0 35031.2
1 0 40263
1 0 27161.5
1 0 50411.6
1 0 25508.1
1 0 23815.6
1 0 22560.6
1 0 24453.1
1 0 22233.4
1 0 21883.7
1 0 21771.6
1 0 21920.8
1 0 21739

Intermediate statistics: 75 variables; iteration 10; function evaluation 20; phase 1
Function value   2.1739320e+04; maximum gradient component mag   4.8176e+04
Var   Value    Gradient   |Var   Value    Gradient   |Var   Value    Gradient
  1  0.24840 -7.29655e+02 |  2  0.20419 -1.51559e+02 |  3  0.18789  2.37906e+02
  4  0.17509  2.97909e+02 |  5  0.16510  2.85094e+02 |  6  0.16013  3.32725e+02
  7  0.14849  2.83748e+02 |  8  0.13220  2.12603e+02 |  9  0.11297  1.09109e+02
 10  0.10337  9.80991e+01 | 11  0.10002  1.18229e+02 | 12  0.09542  1.12880e+02
 13  0.08870  1.00719e+02 | 14  0.07964 -3.74077e+01 | 15  0.10550  2.25803e+02
 16  0.05319  5.01258e+03 | 17  0.01851  8.49039e+01 | 18  0.00804 -2.81949e+03
 19  0.00624 -1.09423e+02 | 20  0.00503 -1.39869e+03 | 21  0.00488 -3.11322e+03
 22  0.00707 -2.95970e+03 | 23  0.01132 -1.78522e+03 | 24  0.01001  5.59712e+02
 25  0.00826  2.09900e+02 | 26  0.01018  7.18046e+01 | 27  0.01082 -5.43011e+02
 28  0.01300 -5.86653e+02 | 29  0.00693 -1.94431e+03 | 30  0.01172 -2.12333e+03
 31  0.01799 -1.89782e+03 | 32  0.01408  7.18506e+02 | 33  0.01947  1.96589e+03
 34  0.01841  5.76164e+02 | 35  0.02171  2.41466e+03 | 36  0.02380  3.09018e+03
 37  0.02365  2.05464e+03 | 38  0.01920 -1.22420e+03 | 39  0.02425  9.48655e+02
 40  0.02532  7.43596e+01 | 41  0.02390  1.55301e+03 | 42  0.00909 -3.52676e+03
 43  0.00601 -3.18817e+03 | 44  0.00271 -4.46924e+03 | 45 -0.40254  1.69215e+04
 46  0.14643  4.81764e+04 | 47 -0.07293  1.68631e+03 | 48 -0.06115  3.19330e+03
 49 -0.04983  2.71244e+03 | 50 -0.04246  3.37758e+03 | 51 -0.04331  3.46478e+03
 52 -0.03913  3.41842e+03 | 53 -0.02829  2.76052e+03 | 54 -0.01585  1.18735e+03
 55 -0.00903 -7.42401e+02 | 56 -0.00238 -1.62093e+03 | 57  0.00682 -1.58788e+03
 58  0.01858  6.42976e+02 | 59  0.03045  3.21907e+03 | 60  0.02325  1.22819e+03
 61  0.01134 -1.60086e+03 | 62  0.01407 -3.09028e+03 | 63  0.01293 -4.00154e+03
 64  0.01255 -4.67140e+03 | 65  0.00786 -6.34424e+03 | 66  0.00807 -7.01870e+03
 67  0.01485 -4.46303e+03 | 68  0.02238 -1.81770e+03 | 69  0.02317 -1.91195e+03
 70  0.02499 -1.82859e+03 | 71  0.03215  6.84286e+02 | 72  0.01189 -3.71891e+03
 73  0.00692 -3.50425e+03 | 74  0.08600  2.28578e+04 | 75 -0.00407 -2.80779e+03
1 0 21761.9
1 0 21727.5
1 0 21727.8
1 0 21721.8
1 0 21714.2
1 0 21706.9
1 0 21699.2
1 0 21698.3
1 0 21696.5
1 0 21693.5
1 0 21688.1
1 0 21682.2
75 variables; iteration 20; function evaluation 32; phase 1
Function value   2.1682391e+04; maximum gradient component mag   4.4068e+04
Var   Value    Gradient   |Var   Value    Gradient   |Var   Value    Gradient
  1  0.26500  9.58686e+02 |  2  0.21634  2.39099e+02 |  3  0.16446  1.21943e+02
  4  0.14414  1.85455e+02 |  5  0.13451  2.14270e+02 |  6  0.12564  2.01391e+02
  7  0.11800  1.99026e+02 |  8  0.10855  1.68639e+02 |  9  0.09945  1.43813e+02
 10  0.09140  1.19693e+02 | 11  0.08614  1.15059e+02 | 12  0.08203  1.12965e+02
 13  0.07744  7.70334e+01 | 14  0.08066  1.21452e+02 | 15  0.08123  1.17457e+02
 16  0.05072  4.16769e+03 | 17  0.01701 -3.71359e+03 | 18  0.01149 -1.63667e+03
 19  0.00950  1.07504e+03 | 20  0.00592 -1.41891e+03 | 21  0.00700 -2.29145e+03
 22  0.00847 -2.52266e+03 | 23  0.01267 -1.38619e+03 | 24  0.01045  4.67725e+02
 25  0.00904  3.57731e+02 | 26  0.01089  2.57827e+02 | 27  0.01143 -1.91251e+02
 28  0.01245 -7.87923e+02 | 29  0.00734 -1.27942e+03 | 30  0.01177 -2.36221e+03
 31  0.01942 -2.37617e+03 | 32  0.01427  9.50194e+02 | 33  0.01939  2.06582e+03
 34  0.01834  6.44077e+02 | 35  0.02054  1.77144e+03 | 36  0.02108  2.02387e+03
 37  0.02156  1.99584e+03 | 38  0.01717 -1.73101e+03 | 39  0.02395  1.55669e+03
 40  0.02321 -6.16503e+02 | 41  0.01986  1.20122e+03 | 42  0.00544 -4.43337e+03
 43  0.00622 -3.29607e+03 | 44  0.00331 -4.25641e+03 | 45 -0.40174  1.80311e+04
 46  0.14764  4.40685e+04 | 47 -0.07344  2.39059e+03 | 48 -0.06094  3.63049e+03
 49 -0.05191  1.87345e+03 | 50 -0.04356  2.90178e+03 | 51 -0.04483  2.89996e+03
 52 -0.04045  3.00189e+03 | 53 -0.02953  2.50184e+03 | 54 -0.01727  9.79529e+02
 55 -0.00977 -7.03547e+02 | 56 -0.00387 -1.94835e+03 | 57  0.00584 -1.74083e+03
 58  0.01630 -2.15181e+02 | 59  0.02614  1.49005e+03 | 60  0.02609  3.08476e+03
 61  0.01030 -1.38941e+03 | 62  0.01256 -3.15087e+03 | 63  0.01154 -4.09373e+03
 64  0.01170 -4.40380e+03 | 65  0.00749 -5.55219e+03 | 66  0.00621 -6.48272e+03
 67  0.01303 -4.29964e+03 | 68  0.02019 -2.24487e+03 | 69  0.02120 -2.39501e+03
 70  0.02498 -1.59241e+03 | 71  0.02641 -4.43183e+02 | 72  0.01121 -3.20839e+03
 73  0.00642 -3.16656e+03 | 74  0.08696  2.42220e+04 | 75  0.03064 -2.41760e+03
1 0 21679.9
1 0 21678.1
1 0 21675.5
1 0 21671.8
1 0 21666.1
1 0 21667.9
1 0 21663.6
1 0 21662.9
1 0 21663.7
1 0 21662.7
1 0 21662.2
1 0 21661.2
75 variables; iteration 30; function evaluation 44; phase 1
Function value   2.1661516e+04; maximum gradient component mag   4.3860e+04
Var   Value    Gradient   |Var   Value    Gradient   |Var   Value    Gradient
  1  0.24401  1.21910e+02 |  2  0.18162 -9.55926e+01 |  3  0.15035  1.81703e+02
  4  0.12432  1.44151e+02 |  5  0.10889  1.22203e+02 |  6  0.10189  1.52772e+02
  7  0.09242  1.27173e+02 |  8  0.08343  1.11933e+02 |  9  0.07476  8.61939e+01
 10  0.06975  8.77957e+01 | 11  0.06591  8.47555e+01 | 12  0.06274  7.49559e+01
 13  0.06204  9.83813e+01 | 14  0.05687  3.84416e+01 | 15  0.06289  1.07654e+02
 16  0.04932  4.46697e+03 | 17  0.00703 -1.40594e+03 | 18  0.01023 -1.93224e+03
 19  0.00995  7.30459e+02 | 20  0.00794 -7.74284e+02 | 21  0.00723 -2.39368e+03
 22  0.00925 -2.47539e+03 | 23  0.01378 -1.38627e+03 | 24  0.01241  7.86968e+02
 25  0.01080  7.12065e+02 | 26  0.01095  2.05602e+02 | 27  0.01137 -3.50531e+02
 28  0.01345 -2.75808e+02 | 29  0.00645 -1.78930e+03 | 30  0.01173 -2.65375e+03
 31  0.02114 -1.44165e+03 | 32  0.01406  6.84078e+02 | 33  0.01971  1.94195e+03
 34  0.01892  7.55715e+02 | 35  0.02022  1.94106e+03 | 36  0.02016  1.95208e+03
 37  0.01974  1.20354e+03 | 38  0.01707 -1.34440e+03 | 39  0.02185 -3.01531e+01
 40  0.02446 -2.11190e+02 | 41  0.02175  1.14852e+03 | 42  0.00667 -4.92753e+03
 43  0.00672 -3.87759e+03 | 44  0.00316 -4.49184e+03 | 45 -0.39850  1.88260e+04
 46  0.14811  4.38599e+04 | 47 -0.07658  1.06442e+03 | 48 -0.06260  2.96221e+03
 49 -0.05106  2.20143e+03 | 50 -0.04466  2.33991e+03 | 51 -0.04538  2.77021e+03
 52 -0.04047  3.17833e+03 | 53 -0.03004  2.45375e+03 | 54 -0.01705  1.01653e+03
 55 -0.00917 -5.91335e+02 | 56 -0.00625 -2.60029e+03 | 57  0.00644 -1.70634e+03
 58  0.01513 -7.17923e+02 | 59  0.02513  1.38140e+03 | 60  0.02688  3.24965e+03
 61  0.00951 -1.68170e+03 | 62  0.01151 -3.29337e+03 | 63  0.01202 -3.88871e+03
 64  0.01142 -4.57988e+03 | 65  0.00573 -6.09265e+03 | 66  0.00570 -6.53757e+03
 67  0.01141 -4.48410e+03 | 68  0.02011 -1.82206e+03 | 69  0.02054 -1.71083e+03
 70  0.02534 -9.75457e+02 | 71  0.02792  9.15235e+02 | 72  0.01416 -1.65045e+03
 73  0.00317 -3.46154e+03 | 74  0.08536  2.46362e+04 | 75  0.04618 -2.28474e+03
1 0 21659.8
1 0 21658.7
1 0 21659.5
1 0 21658.1
1 0 21658.3
1 0 21657.9
1 0 21657.9
1 0 21657.6
1 0 21657.2
1 0 21656.7
1 0 21659.1
1 0 21656.7
1 0 21656.6
75 variables; iteration 40; function evaluation 57; phase 1
Function value   2.1656653e+04; maximum gradient component mag   4.3632e+04
Var   Value    Gradient   |Var   Value    Gradient   |Var   Value    Gradient
  1  0.24170 -1.89856e+01 |  2  0.18421 -5.14265e+01 |  3  0.14923  1.73339e+02
  4  0.12122  1.13915e+02 |  5  0.10935  1.37397e+02 |  6  0.10145  1.55227e+02
  7  0.08950  1.23509e+02 |  8  0.07619  9.31386e+01 |  9  0.06328  5.38143e+01
 10  0.05657  5.33686e+01 | 11  0.05382  6.62710e+01 | 12  0.05058  6.25568e+01
 13  0.04707  5.65572e+01 | 14  0.04401  1.49108e+01 | 15  0.05305  9.86124e+01
 16  0.04870  4.37872e+03 | 17  0.00573 -1.14655e+03 | 18  0.01016 -2.04780e+03
 19  0.00953  4.76751e+02 | 20  0.00809 -7.36329e+02 | 21  0.00741 -2.37719e+03
 22  0.00901 -2.61507e+03 | 23  0.01323 -1.57545e+03 | 24  0.01215  7.40960e+02
 25  0.01018  5.13911e+02 | 26  0.01057  9.38828e+01 | 27  0.01141 -4.10002e+02
 28  0.01390 -2.22065e+02 | 29  0.00667 -1.81665e+03 | 30  0.01182 -2.68801e+03
 31  0.02153 -1.34407e+03 | 32  0.01464  7.42171e+02 | 33  0.01969  1.84673e+03
 34  0.01883  6.68727e+02 | 35  0.02060  1.90669e+03 | 36  0.01997  1.87870e+03
 37  0.01996  1.19709e+03 | 38  0.01746 -1.42006e+03 | 39  0.02108 -2.57923e+02
 40  0.02360 -3.99069e+02 | 41  0.02136  9.91924e+02 | 42  0.00638 -5.12296e+03
 43  0.00673 -3.91907e+03 | 44  0.00320 -4.61804e+03 | 45 -0.39791  1.88606e+04
 46  0.14740  4.36315e+04 | 47 -0.07609  8.96700e+02 | 48 -0.06227  2.88024e+03
 49 -0.05073  2.14186e+03 | 50 -0.04409  2.30593e+03 | 51 -0.04460  2.87207e+03
 52 -0.04055  2.96391e+03 | 53 -0.02934  2.54498e+03 | 54 -0.01661  1.00071e+03
 55 -0.00896 -6.47441e+02 | 56 -0.00619 -2.69681e+03 | 57  0.00702 -1.69941e+03
 58  0.01586 -6.88899e+02 | 59  0.02546  1.27547e+03 | 60  0.02724  3.10746e+03
 61  0.01050 -1.59236e+03 | 62  0.01246 -3.21534e+03 | 63  0.01205 -3.98627e+03
 64  0.01185 -4.57319e+03 | 65  0.00735 -5.90342e+03 | 66  0.00453 -6.76626e+03
 67  0.01301 -4.28568e+03 | 68  0.02105 -1.63117e+03 | 69  0.02011 -1.91087e+03
 70  0.02560 -1.02689e+03 | 71  0.02832  9.95901e+02 | 72  0.01463 -1.60500e+03
 73  0.00318 -3.53390e+03 | 74  0.08551  2.47270e+04 | 75  0.03334 -2.37060e+03
1 0 21656.5
1 0 21656.3
1 0 21656.1
1 0 21656.1
1 0 21656
1 0 21656
1 0 21655.9
1 0 21656
1 0 21655.9
1 0 21655.9
1 0 21655.9
1 0 21655.8
1 0 21655.9
1 0 21655.8
75 variables; iteration 50; function evaluation 71; phase 1
Function value   2.1655841e+04; maximum gradient component mag   4.3695e+04
Var   Value    Gradient   |Var   Value    Gradient   |Var   Value    Gradient
  1  0.24251  2.12700e+01 |  2  0.18537 -4.01720e+01 |  3  0.15049  1.69057e+02
  4  0.12620  1.54671e+02 |  5  0.11167  1.40588e+02 |  6  0.10281  1.56244e+02
  7  0.09118  1.31770e+02 |  8  0.07729  9.71428e+01 |  9  0.06348  5.80645e+01
 10  0.05481  5.42382e+01 | 11  0.04916  5.27394e+01 | 12  0.04521  4.73105e+01
 13  0.04350  6.07460e+01 | 14  0.03968  9.33400e+00 | 15  0.04814  8.96757e+01
 16  0.04881  4.37677e+03 | 17  0.00611 -1.24097e+03 | 18  0.01037 -1.97543e+03
 19  0.00967  5.44383e+02 | 20  0.00812 -7.40468e+02 | 21  0.00741 -2.42387e+03
 22  0.00900 -2.64034e+03 | 23  0.01332 -1.49958e+03 | 24  0.01211  7.49510e+02
 25  0.01003  4.16502e+02 | 26  0.01065  1.80058e+02 | 27  0.01132 -4.03331e+02
 28  0.01379 -2.38083e+02 | 29  0.00655 -1.83441e+03 | 30  0.01165 -2.73111e+03
 31  0.02146 -1.35264e+03 | 32  0.01465  7.50796e+02 | 33  0.01963  1.82940e+03
 34  0.01884  7.23336e+02 | 35  0.02049  1.87025e+03 | 36  0.01990  1.87376e+03
 37  0.02001  1.19134e+03 | 38  0.01771 -1.32039e+03 | 39  0.02115 -2.41276e+02
 40  0.02361 -3.94726e+02 | 41  0.02139  9.86997e+02 | 42  0.00643 -5.09277e+03
 43  0.00675 -3.91375e+03 | 44  0.00317 -4.57907e+03 | 45 -0.39816  1.88370e+04
 46  0.14763  4.36953e+04 | 47 -0.07619  9.11388e+02 | 48 -0.06241  2.85430e+03
 49 -0.05102  2.04931e+03 | 50 -0.04415  2.36942e+03 | 51 -0.04465  2.94790e+03
 52 -0.04065  2.97774e+03 | 53 -0.02961  2.46482e+03 | 54 -0.01681  1.00140e+03
 55 -0.00898 -5.86960e+02 | 56 -0.00647 -2.76097e+03 | 57  0.00678 -1.75264e+03
 58  0.01569 -7.00048e+02 | 59  0.02524  1.26479e+03 | 60  0.02695  3.07102e+03
 61  0.01039 -1.57432e+03 | 62  0.01232 -3.20424e+03 | 63  0.01183 -4.01726e+03
 64  0.01169 -4.59564e+03 | 65  0.00706 -5.92516e+03 | 66  0.00432 -6.76602e+03
 67  0.01282 -4.30468e+03 | 68  0.02102 -1.63435e+03 | 69  0.01985 -1.95266e+03
 70  0.02549 -1.00792e+03 | 71  0.02815  9.90637e+02 | 72  0.01454 -1.59725e+03
 73  0.00316 -3.52609e+03 | 74  0.08549  2.46910e+04 | 75  0.03742 -2.35737e+03
1 0 21655.7
1 0 21655.7
1 0 21655.6
1 0 21655.5
1 0 21655.3
1 0 21655.2
1 0 21655.2
1 0 21655.2
1 0 21655.1
1 0 21654.4
1 0 21653.3
1 0 21652.9
75 variables; iteration 60; function evaluation 83; phase 1
Function value   2.1652998e+04; maximum gradient component mag   4.3840e+04
Var   Value    Gradient   |Var   Value    Gradient   |Var   Value    Gradient
  1  0.24160 -1.52999e+01 |  2  0.18432 -4.55377e+01 |  3  0.14858  1.69122e+02
  4  0.12058  1.29724e+02 |  5  0.10338  8.69561e+01 |  6  0.10002  1.14865e+02
  7  0.10388  2.46498e+02 |  8  0.08322  7.42838e+01 |  9  0.07407  8.67519e+01
 10  0.06773  1.00025e+02 | 11  0.05739  9.21508e+01 | 12  0.04059  1.38234e+01
 13  0.03445  5.19514e+01 | 14  0.02578 -1.24446e+01 | 15  0.03171  6.16946e+01
 16  0.04891  4.42173e+03 | 17  0.00567 -1.18817e+03 | 18  0.01044 -1.83797e+03
 19  0.00942  3.29827e+02 | 20  0.00808 -8.69339e+02 | 21  0.00759 -2.32791e+03
 22  0.00935 -2.26721e+03 | 23  0.01311 -1.55209e+03 | 24  0.01171  4.54595e+02
 25  0.01016  4.11038e+02 | 26  0.01134  5.79570e+02 | 27  0.01163 -3.76800e+02
 28  0.01371 -3.30330e+02 | 29  0.00638 -1.89458e+03 | 30  0.01176 -2.67172e+03
 31  0.02131 -1.40583e+03 | 32  0.01423  5.29141e+02 | 33  0.01975  1.90081e+03
 34  0.01883  6.93048e+02 | 35  0.02040  1.83318e+03 | 36  0.01987  1.86008e+03
 37  0.02007  1.20133e+03 | 38  0.01788 -1.28842e+03 | 39  0.02106 -2.74021e+02
 40  0.02368 -3.29772e+02 | 41  0.02125  8.75488e+02 | 42  0.00641 -5.00025e+03
 43  0.00670 -3.91494e+03 | 44  0.00328 -4.62638e+03 | 45 -0.39785  1.88325e+04
 46  0.14752  4.38402e+04 | 47 -0.07638  7.45180e+02 | 48 -0.06251  2.76341e+03
 49 -0.05057  2.36287e+03 | 50 -0.04363  2.64225e+03 | 51 -0.04496  2.61879e+03
 52 -0.04109  2.61877e+03 | 53 -0.02954  2.50577e+03 | 54 -0.01632  1.36630e+03
 55 -0.00895 -6.43352e+02 | 56 -0.00654 -2.95644e+03 | 57  0.00715 -1.73406e+03
 58  0.01559 -7.43079e+02 | 59  0.02540  1.29061e+03 | 60  0.02714  3.11554e+03
 61  0.01017 -1.59598e+03 | 62  0.01249 -3.11415e+03 | 63  0.01206 -3.96889e+03
 64  0.01179 -4.56472e+03 | 65  0.00709 -5.91347e+03 | 66  0.00440 -6.75887e+03
 67  0.01289 -4.31181e+03 | 68  0.02142 -1.54666e+03 | 69  0.01950 -2.09678e+03
 70  0.02587 -9.23204e+02 | 71  0.02810  9.39149e+02 | 72  0.01436 -1.70686e+03
 73  0.00332 -3.49145e+03 | 74  0.08523  2.46217e+04 | 75  0.03550 -2.38094e+03
1 0 21652.6
1 0 21652.1
1 0 21648.4
1 0 21643.1
1 0 21652.6
1 0 21641.7
1 0 21639.1
1 0 21634.1
1 0 21628.1
1 0 21616.5
1 0 21545.5
1 0 21439.8
1 0 21534.5
1 0 21397.7
75 variables; iteration 70; function evaluation 97; phase 1
Function value   2.1397801e+04; maximum gradient component mag   3.9969e+04
Var   Value    Gradient   |Var   Value    Gradient   |Var   Value    Gradient
  1  0.24211  4.10136e+02 |  2  0.19014  1.44474e+02 |  3  0.14776  1.83091e+02
  4  0.12423  1.38341e+02 |  5  0.12475  2.70249e+02 |  6  0.12204  3.82058e+02
  7  0.08698  1.98930e+02 |  8  0.03339  2.20724e+01 |  9 -0.01383 -4.71987e+02
 10  0.08540  4.16234e+02 | 11  0.10661  3.10772e+02 | 12  0.11478  5.28374e+02
 13  0.06271  2.54698e+02 | 14 -0.03495 -1.13762e+02 | 15 -0.09548 -1.95703e+02
 16  0.04551  1.26518e+03 | 17  0.00606 -2.69753e+03 | 18  0.01082 -2.72248e+02
 19  0.00732  2.14413e+02 | 20  0.00703 -6.29622e+02 | 21  0.00824 -1.49049e+03
 22  0.01086 -1.23652e+03 | 23  0.01472 -5.65617e+02 | 24  0.01159  6.89541e+02
 25  0.00883  3.10365e+02 | 26  0.00956  1.63967e+02 | 27  0.01021 -4.50057e+02
 28  0.01320 -1.08441e+02 | 29  0.00688 -1.19115e+03 | 30  0.01178 -1.78603e+03
 31  0.01921 -1.22329e+03 | 32  0.01028 -6.39946e+02 | 33  0.01826  1.28037e+03
 34  0.02531  1.53031e+03 | 35  0.02497  2.22676e+03 | 36  0.01992  1.29010e+03
 37  0.01937  7.87414e+02 | 38  0.01838 -4.67862e+02 | 39  0.02080 -3.59438e+01
 40  0.01943 -1.00150e+03 | 41  0.01623 -3.70770e+02 | 42  0.00714 -3.68145e+03
 43  0.01029 -2.00951e+03 | 44  0.00559 -4.70815e+03 | 45 -0.39480  1.43315e+04
 46  0.14767  3.99688e+04 | 47 -0.07635  1.23187e+03 | 48 -0.06396  1.97267e+03
 49 -0.05278  1.41331e+03 | 50 -0.04554  1.61411e+03 | 51 -0.04646  1.70224e+03
 52 -0.04200  1.80573e+03 | 53 -0.03028  1.73366e+03 | 54 -0.01686  1.02867e+03
 55 -0.00968 -4.64948e+02 | 56 -0.00614 -2.18244e+03 | 57  0.00629 -1.32588e+03
 58  0.01581 -3.63543e+02 | 59  0.02475  8.44410e+02 | 60  0.02405  1.80423e+03
 61  0.00936 -1.30254e+03 | 62  0.00726 -3.39733e+03 | 63  0.01127 -2.83544e+03
 64  0.02181 -2.55024e+02 | 65  0.00734 -4.29916e+03 | 66  0.00829 -4.40442e+03
 67  0.01214 -3.18352e+03 | 68  0.02296 -5.75603e+02 | 69  0.02015 -1.38232e+03
 70  0.02293 -8.24880e+02 | 71  0.02508  4.65482e+02 | 72  0.01477 -2.02459e+03
 73  0.00469 -2.88337e+03 | 74  0.07331  1.75137e+04 | 75  0.05699 -1.99088e+03
1 0 21319.4
1 0 21238.2
1 0 21109.2
1 0 21814.7
1 0 21087.2
1 0 21189.8
1 0 21083.7
1 0 21112.1
1 0 21083.4
1 0 21082.7
1 0 21075.7
1 0 21011.3
1 0 20890.1
1 0 20758.8
1 0 20755.6
75 variables; iteration 80; function evaluation 112; phase 1
Function value   2.0755633e+04; maximum gradient component mag   2.6467e+03
Var   Value    Gradient   |Var   Value    Gradient   |Var   Value    Gradient
  1  0.25020  1.25476e+03 |  2  0.19112  3.32351e+02 |  3  0.12179  3.88358e+01
  4  0.08617  6.21269e+01 |  5  0.06203  4.87002e+01 |  6  0.04332  1.61098e+01
  7  0.03424  2.63739e+01 |  8  0.02997  5.06869e+01 |  9  0.02279  5.86169e+01
 10  0.00898 -1.59717e+01 | 11  0.00823  4.14486e+01 | 12  0.00343  9.37595e+00
 13  0.00351  5.40716e+00 | 14  0.00983  8.38981e+01 | 15  0.00023 -7.18031e+00
 16  0.04789 -3.94167e+02 | 17 -0.00335 -1.75524e+03 | 18  0.00953  1.28762e+03
 19  0.00410  3.19375e+02 | 20  0.00594  1.59128e+02 | 21  0.00770  1.54826e+02
 22  0.00900  1.08208e+02 | 23  0.01125  4.78947e+01 | 24  0.00675 -3.07386e+01
 25  0.00595 -9.26103e+01 | 26  0.00894 -1.27508e+02 | 27  0.01072 -3.22609e+01
 28  0.01195 -3.08650e+00 | 29  0.00712  1.58166e+01 | 30  0.01202  3.82067e+01
 31  0.01906  2.75432e+02 | 32  0.01286 -7.16070e+01 | 33  0.01565 -1.07681e+02
 34  0.01538 -1.98543e+02 | 35  0.01700 -1.72282e+02 | 36  0.01876 -3.41934e+01
 37  0.01651 -4.63977e+02 | 38  0.01487  1.35731e+02 | 39  0.01863  3.97480e+01
 40  0.02050 -3.34510e+01 | 41  0.01808 -3.21503e+01 | 42  0.01760  1.35041e+02
 43  0.02225  5.02087e+02 | 44  0.02059  5.69940e+02 | 45 -0.37734 -6.86959e+02
 46  0.14133  2.64675e+03 | 47 -0.07367  7.19952e+02 | 48 -0.06535 -2.31354e+02
 49 -0.05233 -3.55630e+02 | 50 -0.04444 -3.85451e+02 | 51 -0.04648 -3.10229e+02
 52 -0.04241 -2.58442e+02 | 53 -0.03019 -1.75407e+02 | 54 -0.01677 -8.33323e+01
 55 -0.00748  5.07316e+01 | 56  0.00074  7.09815e+01 | 57  0.01066  1.64957e+02
 58  0.01891  1.59698e+02 | 59  0.02708  6.65512e+01 | 60  0.02257 -1.54155e+02
 61  0.01555  6.23673e+01 | 62  0.01811  2.25458e+02 | 63  0.01798  3.02201e+02
 64  0.01656 -5.79612e+01 | 65  0.01484  2.83207e+01 | 66  0.01889  1.20083e+03
 67  0.01768  4.30782e+01 | 68  0.02357  1.93675e+02 | 69  0.02516  1.96363e+02
 70  0.02554  6.30613e+00 | 71  0.02675 -1.56324e+02 | 72  0.02645 -3.76266e+02
 73  0.01870 -6.52002e+02 | 74  0.02016 -1.54924e+02 | 75  0.01280 -1.69293e+02
1 0 20750.2
1 0 20743.5
1 0 20742.9
1 0 20742.7
1 0 20742.5
1 0 20742.4
1 0 20742.4
1 0 20742.4
1 0 20742.3
1 0 20742.3
75 variables; iteration 90; function evaluation 122; phase 1
Function value   2.0742299e+04; maximum gradient component mag   6.9762e+01
Var   Value    Gradient   |Var   Value    Gradient   |Var   Value    Gradient
  1  0.24008 -3.09769e+00 |  2  0.18187 -2.98223e-01 |  3  0.11948 -1.79117e-01
  4  0.07858  1.98929e+00 |  5  0.05156  3.34877e+00 |  6  0.03176  3.33369e+00
  7  0.01633  3.98184e+00 |  8  0.00354  3.18290e+00 |  9 -0.00728  1.95351e+00
 10 -0.01637  7.48020e-01 | 11 -0.02378 -2.06873e-01 | 12 -0.02951 -3.96764e+00
 13 -0.03261  1.00900e+00 | 14 -0.03465  8.68432e-01 | 15 -0.03567  8.88100e-01
 16  0.04770 -3.20483e+01 | 17 -0.00859 -6.82466e+01 | 18  0.00794  2.25173e+01
 19  0.00357  6.12539e+00 | 20  0.00564  1.29551e+00 | 21  0.00755  4.07426e+00
 22  0.00895  5.01841e+00 | 23  0.01134  6.13584e+00 | 24  0.00707  4.68558e+00
 25  0.00643  4.94932e+00 | 26  0.00943  3.58211e+00 | 27  0.01094  3.43251e+00
 28  0.01199  3.10980e+00 | 29  0.00720  8.37437e+00 | 30  0.01200  2.91793e+00
 31  0.01865  2.07610e+01 | 32  0.01262 -2.55819e+00 | 33  0.01570  1.17455e+00
 34  0.01603  1.36207e+01 | 35  0.01764 -8.10590e+00 | 36  0.01818 -6.47128e+00
 37  0.01684  9.92137e+00 | 38  0.01524  5.06295e+00 | 39  0.01841  2.87739e+00
 40  0.02061 -4.91245e+00 | 41  0.01838 -2.77560e+01 | 42  0.01741 -6.60351e+01
 43  0.02182 -1.85150e+01 | 44  0.02227  6.01386e+01 | 45 -0.37208  5.22736e+00
 46  0.14106  6.20769e+01 | 47 -0.07438 -1.27817e+00 | 48 -0.06501 -1.90526e+01
 49 -0.05202 -1.02526e+01 | 50 -0.04407 -9.22844e+00 | 51 -0.04616 -1.24104e+01
 52 -0.04212 -1.02157e+01 | 53 -0.03003 -4.67027e+00 | 54 -0.01658  1.21824e-01
 55 -0.00739  8.87008e-01 | 56  0.00090 -1.46272e+00 | 57  0.01054 -8.33240e-02
 58  0.01878  2.07865e+00 | 59  0.02711 -3.35223e+00 | 60  0.02278 -2.15641e+01
 61  0.01524 -9.55292e+00 | 62  0.01766 -6.38902e+00 | 63  0.01750 -7.51308e+00
 64  0.01737 -2.39225e+01 | 65  0.01546  7.86295e+00 | 66  0.01621 -1.62986e+01
 67  0.01873  5.82853e+00 | 68  0.02330  5.54587e+00 | 69  0.02476  1.02716e+01
 70  0.02578  3.02612e+01 | 71  0.02729  6.97617e+01 | 72  0.02648  6.98097e+00
 73  0.01808  1.45713e+00 | 74  0.01653  1.69221e+01 | 75  0.01689 -8.05267e-01
1 0 20742.2
1 0 20742.2
1 0 20742.2
1 0 20742.2
1 0 20742.2
1 0 20742.2
1 0 20742.2
1 0 20742.2
1 0 20742.2
1 0 20742.2
75 variables; iteration 100; function evaluation 132; phase 1
Function value   2.0742162e+04; maximum gradient component mag   7.7576e-01
Var   Value    Gradient   |Var   Value    Gradient   |Var   Value    Gradient
  1  0.24222 -5.10978e-02 |  2  0.18451 -2.64375e-02 |  3  0.12121 -3.86058e-02
  4  0.07864 -4.09162e-02 |  5  0.04987 -5.42429e-03 |  6  0.02869  2.56015e-02
  7  0.01231  1.22371e-02 |  8 -0.00068 -1.02186e-02 |  9 -0.01108 -1.80793e-02
 10 -0.01940  1.32631e-02 | 11 -0.02598 -1.48469e-02 | 12 -0.03104 -1.86856e-03
 13 -0.03472 -3.38086e-03 | 14 -0.03714 -1.47565e-02 | 15 -0.03833 -2.06416e-03
 16  0.04808  2.46092e-01 | 17 -0.00634  1.36944e-01 | 18  0.00807 -1.70136e-01
 19  0.00353 -6.28221e-02 | 20  0.00556 -6.64264e-02 | 21  0.00747 -8.68516e-02
 22  0.00887 -6.41517e-02 | 23  0.01124 -4.33734e-02 | 24  0.00696 -2.30518e-02
 25  0.00633 -2.18249e-02 | 26  0.00933 -1.90609e-02 | 27  0.01085 -4.25263e-02
 28  0.01190 -6.40710e-02 | 29  0.00710 -6.95031e-02 | 30  0.01192 -1.09114e-01
 31  0.01855 -2.31315e-01 | 32  0.01254 -5.40758e-02 | 33  0.01562 -5.40037e-02
 34  0.01595 -6.62733e-02 | 35  0.01759 -2.23566e-03 | 36  0.01811 -5.82126e-02
 37  0.01674  1.67038e-02 | 38  0.01511 -7.35915e-02 | 39  0.01831 -4.31576e-02
 40  0.02052 -3.70381e-03 | 41  0.01836  1.31200e-02 | 42  0.01750  7.56572e-02
 43  0.02181  7.73757e-01 | 44  0.02200  6.98426e-01 | 45 -0.37234 -2.67126e-01
 46  0.14105  7.75761e-01 | 47 -0.07416 -2.72152e-02 | 48 -0.06494  7.15292e-02
 49 -0.05200  1.11944e-01 | 50 -0.04406  6.30353e-02 | 51 -0.04613  3.83860e-02
 52 -0.04210  2.76007e-02 | 53 -0.03002  2.52517e-02 | 54 -0.01659  2.89103e-02
 55 -0.00740 -1.05200e-02 | 56  0.00091 -2.08441e-02 | 57  0.01054 -1.52136e-02
 58  0.01877  3.51770e-03 | 59  0.02711  4.21213e-02 | 60  0.02282  1.53605e-01
 61  0.01524  2.72330e-02 | 62  0.01768  6.10175e-03 | 63  0.01750 -4.42282e-03
 64  0.01743  1.32569e-01 | 65  0.01544  1.21310e-01 | 66  0.01627 -1.67234e-01
 67  0.01870 -1.43497e-03 | 68  0.02328 -2.08697e-02 | 69  0.02474 -7.86729e-02
 70  0.02574 -6.99484e-02 | 71  0.02720  1.11596e-01 | 72  0.02664 -4.22290e-01
 73  0.01810 -2.48028e-01 | 74  0.01645  1.61442e-01 | 75  0.01646 -2.98089e-02
1 0 20742.2
1 0 20742.2
1 0 20742.2
1 0 20742.2

 - final statistics:
75 variables; iteration 104; function evaluation 136
Function value   2.0742e+04; maximum gradient component mag   7.0040e-02
Exit code = 1;  converg criter   1.0000e-01
Var   Value    Gradient   |Var   Value    Gradient   |Var   Value    Gradient
  1  0.24222  5.66336e-03 |  2  0.18451  7.68331e-04 |  3  0.12121  3.56444e-05
  4  0.07865  2.45053e-04 |  5  0.04987 -6.44283e-04 |  6  0.02868 -1.78645e-03
  7  0.01231 -7.60780e-04 |  8 -0.00067  4.19341e-04 |  9 -0.01107  9.72880e-04
 10 -0.01939 -6.73403e-04 | 11 -0.02597 -3.45047e-04 | 12 -0.03102 -2.03628e-03
 13 -0.03470 -7.08742e-04 | 14 -0.03711  3.44380e-04 | 15 -0.03830 -4.72029e-04
 16  0.04808 -1.54514e-02 | 17 -0.00634 -1.40682e-02 | 18  0.00807  6.57901e-03
 19  0.00353  2.91837e-03 | 20  0.00557  2.06087e-03 | 21  0.00747  2.09362e-03
 22  0.00887  1.38736e-03 | 23  0.01124  1.17580e-03 | 24  0.00696 -5.75645e-04
 25  0.00633 -1.52069e-03 | 26  0.00933 -2.00193e-03 | 27  0.01085 -1.80108e-04
 28  0.01190  7.23218e-04 | 29  0.00710 -5.04707e-04 | 30  0.01192  7.18510e-04
 31  0.01855  8.87998e-04 | 32  0.01254 -7.35405e-05 | 33  0.01562 -6.61854e-04
 34  0.01595  2.38822e-03 | 35  0.01759 -1.17747e-03 | 36  0.01811 -9.90006e-04
 37  0.01674 -2.78275e-03 | 38  0.01511  2.29125e-03 | 39  0.01831  1.80470e-03
 40  0.02052  2.17078e-03 | 41  0.01836  5.78276e-03 | 42  0.01750  1.41798e-02
 43  0.02181  2.94424e-03 | 44  0.02200 -1.99789e-02 | 45 -0.37234 -3.32840e-03
 46  0.14105  7.00398e-02 | 47 -0.07416  3.12445e-04 | 48 -0.06494 -1.88258e-03
 49 -0.05200 -3.09708e-03 | 50 -0.04406 -1.32314e-03 | 51 -0.04613 -1.73134e-03
 52 -0.04210 -1.23468e-03 | 53 -0.03002 -3.14974e-04 | 54 -0.01659  5.64416e-04
 55 -0.00740  2.54119e-03 | 56  0.00091  2.39776e-03 | 57  0.01054  4.41107e-03
 58  0.01877  4.99232e-03 | 59  0.02711  2.84945e-03 | 60  0.02282  2.49244e-03
 61  0.01524  3.50994e-03 | 62  0.01768  4.79522e-03 | 63  0.01750  2.33617e-03
 64  0.01743 -7.95487e-04 | 65  0.01544  5.29972e-03 | 66  0.01627  9.28392e-03
 67  0.01870  3.11673e-03 | 68  0.02328  3.36512e-03 | 69  0.02474  3.28944e-03
 70  0.02574 -3.16810e-03 | 71  0.02720 -1.82114e-02 | 72  0.02664 -9.38159e-03
 73  0.01809 -8.95605e-03 | 74  0.01645 -2.50301e-03 | 75  0.01645 -3.45036e-03
1 0 20742.2
B0234224
0.3 0.264828
0.226996 0.332027
0.215339 0.345595
0.212629 0.348889
0.211954 0.349718
0.211783 0.349928
0.21174 0.349982
0.211729 0.349995
0.211726 0.349999
0.211725 0.35
0.211725 0.35
0.211725 0.35
0.211725 0.35
0.211725 0.35
0.211725 0.35
0.211725 0.35
0.211725 0.35
0.211725 0.35
0.211725 0.35
0.211725 0.35
0.211725 0.35
FutMOrt0.0646674
FutMOrt0.0646674
FutMOrt0.0646674
FutMOrt0.0646674
FutMOrt0.0646674
FutMOrt0.0646674
FutMOrt0.0646674
FutMOrt0.0646674
FutMOrt0.0646674
FutMOrt0.0646674
2 0 20742.2

Initial statistics: 79 variables; iteration 0; function evaluation 0; phase 2
Function value   2.0742162e+04; maximum gradient component mag   5.2393e+02
Var   Value    Gradient   |Var   Value    Gradient   |Var   Value    Gradient
  1 -0.80470 -1.41525e+02 |  2 -0.58570 -4.20844e+01 |  3  0.24222  5.66336e-03
  4  0.18451  7.68331e-04 |  5  0.12121  3.56444e-05 |  6  0.07865  2.45053e-04
  7  0.04987 -6.44283e-04 |  8  0.02868 -1.78645e-03 |  9  0.01231 -7.60780e-04
 10 -0.00067  4.19341e-04 | 11 -0.01107  9.72880e-04 | 12 -0.01939 -6.73403e-04
 13 -0.02597 -3.45047e-04 | 14 -0.03102 -2.03628e-03 | 15 -0.03470 -7.08742e-04
 16 -0.03711  3.44380e-04 | 17 -0.03830 -4.72029e-04 | 18  0.04808 -1.54514e-02
 19 -0.00634 -1.41233e-02 | 20  0.00807  6.52390e-03 | 21  0.00353  2.86326e-03
 22  0.00557  2.00576e-03 | 23  0.00747  2.03851e-03 | 24  0.00887  1.33225e-03
 25  0.01124  1.12070e-03 | 26  0.00696 -6.30755e-04 | 27  0.00633 -1.57580e-03
 28  0.00933 -2.05703e-03 | 29  0.01085 -2.35213e-04 | 30  0.01190  6.68115e-04
 31  0.00710 -5.59817e-04 | 32  0.01192  6.63406e-04 | 33  0.01855  8.32908e-04
 34  0.01254 -1.28643e-04 | 35  0.01562 -7.16951e-04 | 36  0.01595  2.33313e-03
 37  0.01759 -1.23257e-03 | 38  0.01811 -1.04510e-03 | 39  0.01674 -2.83785e-03
 40  0.01511  2.23615e-03 | 41  0.01831  1.74961e-03 | 42  0.02052  2.11570e-03
 43  0.01836  5.72767e-03 | 44  0.01750  1.41247e-02 | 45  0.02181  2.88916e-03
 46  0.02200 -2.00340e-02 | 47 -0.37234 -3.37435e-03 | 48  0.14105  7.00398e-02
 49 -0.07416  3.30695e-04 | 50 -0.06494 -1.86430e-03 | 51 -0.05200 -3.07877e-03
 52 -0.04406 -1.30481e-03 | 53 -0.04613 -1.71302e-03 | 54 -0.04210 -1.21635e-03
 55 -0.03002 -2.96619e-04 | 56 -0.01659  5.82784e-04 | 57 -0.00740  2.55957e-03
 58  0.00091  2.41614e-03 | 59  0.01054  4.42944e-03 | 60  0.01877  5.01069e-03
 61  0.02711  2.86781e-03 | 62  0.02282  2.51080e-03 | 63  0.01524  3.52831e-03
 64  0.01768  4.81359e-03 | 65  0.01750  2.35453e-03 | 66  0.01743 -7.77119e-04
 67  0.01544  5.31809e-03 | 68  0.01627  9.30229e-03 | 69  0.01870  3.13510e-03
 70  0.02328  3.38348e-03 | 71  0.02474  3.30780e-03 | 72  0.02574 -3.14974e-03
 73  0.02720 -1.81930e-02 | 74  0.02664 -9.36323e-03 | 75  0.01809 -8.93768e-03
 76  0.01645 -2.48464e-03 | 77  0.01645 -3.43200e-03 | 78 -0.64644  1.46704e+02
 79 -0.55283  5.23933e+02 |
2 0 20742.1
2 0 20741.9
2 0 20740.1
2 0 20737.2
2 0 20731.9
2 0 20727.1
2 0 20811.7
2 0 20726.8
2 0 20726.8
2 0 20726.7
2 0 20726.6
2 0 20726.3
2 0 20725.9

Intermediate statistics: 79 variables; iteration 10; function evaluation 13; phase 2
Function value   2.0725918e+04; maximum gradient component mag   4.1293e+03
Var   Value    Gradient   |Var   Value    Gradient   |Var   Value    Gradient
  1 -0.78771 -1.38187e+02 |  2 -0.58330 -1.88226e+01 |  3  0.24181  1.87288e+02
  4  0.18542  5.50088e+01 |  5  0.12114  1.32926e+01 |  6  0.07855  7.42001e+00
  7  0.04981  4.60546e+00 |  8  0.02865  3.09520e+00 |  9  0.01229  2.27106e+00
 10 -0.00069  1.77540e+00 | 11 -0.01108  1.45593e+00 | 12 -0.01940  1.23949e+00
 13 -0.02597  1.09219e+00 | 14 -0.03103  9.89859e-01 | 15 -0.03471  9.23972e-01
 16 -0.03712  8.84000e-01 | 17 -0.03831  8.58352e-01 | 18  0.04568 -6.53850e+02
 19 -0.00720 -1.86010e+02 | 20  0.00783 -1.95432e+02 | 21  0.00300 -2.80478e+02
 22  0.00547  9.90699e+00 | 23  0.00773  2.23756e+02 | 24  0.00871 -6.35649e+01
 25  0.01070 -4.00316e+02 | 26  0.00658 -2.50622e+02 | 27  0.00633 -3.76701e+00
 28  0.00934 -3.69180e+01 | 29  0.01071 -1.49497e+02 | 30  0.01190 -1.04789e+02
 31  0.00698 -9.96156e+01 | 32  0.01259  4.74263e+02 | 33  0.01915  5.36282e+02
 34  0.01249 -1.34600e+02 | 35  0.01581  7.39119e+01 | 36  0.01618  8.02921e+01
 37  0.01793  1.56422e+02 | 38  0.01826 -1.66057e+01 | 39  0.01684 -7.80067e+01
 40  0.01512 -1.04500e+02 | 41  0.01856  8.90368e+01 | 42  0.02070  3.73349e+00
 43  0.01851 -1.36273e+01 | 44  0.01773  1.16213e+02 | 45  0.02210  3.15540e+02
 46  0.02134 -9.85407e+02 | 47 -0.37225  8.22286e+02 | 48  0.14119  4.12934e+03
 49 -0.07386  2.65756e+02 | 50 -0.06432  4.79939e+02 | 51 -0.05153  4.88646e+02
 52 -0.04412  4.86605e+01 | 53 -0.04627 -1.16271e+02 | 54 -0.04195  1.39906e+02
 55 -0.02946  5.50788e+02 | 56 -0.01592  6.33539e+02 | 57 -0.00694  4.01124e+02
 58  0.00128  3.42110e+02 | 59  0.01091  3.63865e+02 | 60  0.01914  3.47371e+02
 61  0.02698 -1.33606e+02 | 62  0.02220 -6.35492e+02 | 63  0.01487 -4.42173e+02
 64  0.01732 -3.23578e+02 | 65  0.01710 -3.39546e+02 | 66  0.01707 -3.79685e+02
 67  0.01504 -3.29022e+02 | 68  0.01611 -1.69244e+02 | 69  0.01863 -4.76486e+01
 70  0.02323 -8.95414e+01 | 71  0.02442 -2.00366e+02 | 72  0.02560 -1.59294e+02
 73  0.02690 -2.45619e+02 | 74  0.02621 -4.62833e+02 | 75  0.01727  6.84552e+01
 76  0.01739  1.40760e+02 | 77  0.01634 -2.00779e+02 | 78 -0.65145  1.36270e+03
 79 -0.59373  1.59665e+02 |
2 0 20725.2
2 0 20723.7
2 0 20741.1
2 0 20719.5
2 0 20859.3
2 0 20723.2
2 0 20719
2 0 20718.8
2 0 20718.8
2 0 20718.7
2 0 20718.6
2 0 20718.6
2 0 20718.5
2 0 20718.4
2 0 20718.3
79 variables; iteration 20; function evaluation 28; phase 2
Function value   2.0718295e+04; maximum gradient component mag   2.5865e+03
Var   Value    Gradient   |Var   Value    Gradient   |Var   Value    Gradient
  1 -0.71093  2.21656e+02 |  2 -0.60135  1.57587e+02 |  3  0.23607  7.85409e+01
  4  0.19018  2.01910e+02 |  5  0.12025  9.91287e+00 |  6  0.07709  5.86326e+00
  7  0.04892  6.32535e+00 |  8  0.02812  4.28409e+00 |  9  0.01195  2.89657e+00
 10 -0.00092  2.10604e+00 | 11 -0.01126  1.64076e+00 | 12 -0.01954  1.33761e+00
 13 -0.02609  1.15288e+00 | 14 -0.03113  1.01419e+00 | 15 -0.03480  9.33992e-01
 16 -0.03720  8.82338e-01 | 17 -0.03839  8.48201e-01 | 18  0.04550 -1.15580e+03
 19 -0.01000 -3.05161e+02 | 20  0.00828 -1.66787e+02 | 21  0.00387 -1.41592e+01
 22  0.00582 -5.66206e+01 | 23  0.00835  3.52092e+02 | 24  0.00950  1.86880e+02
 25  0.01113 -5.91142e+02 | 26  0.00753 -5.78069e+01 | 27  0.00702 -3.70006e+00
 28  0.00995 -5.57312e+01 | 29  0.01135 -4.38490e+01 | 30  0.01229 -6.92521e+01
 31  0.00744  5.42742e+01 | 32  0.01281  4.91126e+02 | 33  0.01917  3.62336e+02
 34  0.01256 -1.86589e+02 | 35  0.01568 -9.79272e+01 | 36  0.01606 -6.03081e+01
 37  0.01782 -1.37637e+01 | 38  0.01832 -6.50307e+01 | 39  0.01693 -1.00355e+02
 40  0.01529 -1.24454e+02 | 41  0.01865  9.96208e+00 | 42  0.02068 -1.38595e+02
 43  0.01856 -8.22795e+01 | 44  0.01796  1.29666e+02 | 45  0.02223  4.34745e+02
 46  0.01936 -1.06396e+03 | 47 -0.37684  7.02980e+02 | 48  0.14158  2.58646e+03
 49 -0.07404  4.22193e+02 | 50 -0.06432  4.88363e+02 | 51 -0.05195  3.52284e+02
 52 -0.04428 -1.42314e+01 | 53 -0.04664 -3.58172e+02 | 54 -0.04212  6.90784e+01
 55 -0.02964  5.55610e+02 | 56 -0.01611  6.24981e+02 | 57 -0.00676  5.69377e+02
 58  0.00132  4.32655e+02 | 59  0.01086  3.74862e+02 | 60  0.01871  1.69432e+02
 61  0.02652 -3.97167e+02 | 62  0.02199 -7.07570e+02 | 63  0.01473 -4.44994e+02
 64  0.01710 -2.95435e+02 | 65  0.01698 -2.48715e+02 | 66  0.01690 -2.44026e+02
 67  0.01490 -2.63478e+02 | 68  0.01589 -1.74672e+02 | 69  0.01831 -1.00754e+02
 70  0.02313 -9.09717e+01 | 71  0.02431 -1.15467e+02 | 72  0.02556 -1.87460e+01
 73  0.02671 -1.80973e+02 | 74  0.02635 -4.71255e+02 | 75  0.01793 -1.94932e+01
 76  0.02097  1.95057e+02 | 77  0.01625 -1.51116e+02 | 78 -0.65241  2.13470e+03
 79 -0.59904  5.67134e+01 |
2 0 20718.1
2 0 20717.8
2 0 20718.8
2 0 20717.8
2 0 20717.7
2 0 20717.7
2 0 20717.7
2 0 20717.7
2 0 20717.7
2 0 20717.7
2 0 20717.7
2 0 20717.7
2 0 20717.7
2 0 20717.6
79 variables; iteration 30; function evaluation 42; phase 2
Function value   2.0717652e+04; maximum gradient component mag   2.3032e+03
Var   Value    Gradient   |Var   Value    Gradient   |Var   Value    Gradient
  1 -0.70720  2.60120e+02 |  2 -0.61330  1.56401e+02 |  3  0.23385  4.87053e+01
  4  0.19160  2.74785e+02 |  5  0.12000  1.47528e+01 |  6  0.07677  8.91992e+00
  7  0.04866  8.26096e+00 |  8  0.02792  5.47490e+00 |  9  0.01181  3.85276e+00
 10 -0.00101  2.84503e+00 | 11 -0.01132  2.22093e+00 | 12 -0.01959  1.81236e+00
 13 -0.02613  1.56214e+00 | 14 -0.03116  1.37661e+00 | 15 -0.03483  1.26840e+00
 16 -0.03723  1.19933e+00 | 17 -0.03841  1.15625e+00 | 18  0.04488 -1.20372e+03
 19 -0.01174 -3.74989e+02 | 20  0.00809 -1.50880e+02 | 21  0.00398  1.20447e+01
 22  0.00593 -4.49644e+01 | 23  0.00844  4.10674e+02 | 24  0.00946  1.45220e+02
 25  0.01109 -6.05293e+02 | 26  0.00753 -6.68273e+01 | 27  0.00701 -1.32843e+01
 28  0.00989 -7.14798e+01 | 29  0.01133 -5.28850e+01 | 30  0.01242 -6.43870e+01
 31  0.00765  9.76355e+01 | 32  0.01287  4.83362e+02 | 33  0.01916  3.59110e+02
 34  0.01258 -1.88768e+02 | 35  0.01574 -8.82401e+01 | 36  0.01620 -3.92304e+01
 37  0.01793 -6.76078e+00 | 38  0.01838 -6.85029e+01 | 39  0.01708 -8.59123e+01
 40  0.01553 -9.60875e+01 | 41  0.01888  3.54440e+01 | 42  0.02077 -1.45644e+02
 43  0.01855 -1.02921e+02 | 44  0.01818  1.70774e+02 | 45  0.02251  5.03845e+02
 46  0.01932 -1.09082e+03 | 47 -0.37676  6.94308e+02 | 48  0.14153  2.30322e+03
 49 -0.07438  3.91984e+02 | 50 -0.06441  4.66744e+02 | 51 -0.05184  3.74882e+02
 52 -0.04433 -7.25857e+01 | 53 -0.04666 -3.81649e+02 | 54 -0.04217  5.23147e+01
 55 -0.02966  5.45812e+02 | 56 -0.01607  6.41392e+02 | 57 -0.00676  5.74109e+02
 58  0.00121  4.05015e+02 | 59  0.01081  3.66142e+02 | 60  0.01879  1.94167e+02
 61  0.02664 -3.67382e+02 | 62  0.02190 -7.31358e+02 | 63  0.01474 -4.43262e+02
 64  0.01701 -3.25970e+02 | 65  0.01700 -2.52262e+02 | 66  0.01700 -2.20275e+02
 67  0.01488 -2.68223e+02 | 68  0.01589 -1.66758e+02 | 69  0.01833 -9.09561e+01
 70  0.02329 -4.57429e+01 | 71  0.02446 -6.74268e+01 | 72  0.02561  1.60567e+01
 73  0.02649 -2.30331e+02 | 74  0.02675 -3.93780e+02 | 75  0.01788 -4.69581e+01
 76  0.02088  1.86744e+02 | 77  0.01629 -1.36415e+02 | 78 -0.65286  2.15091e+03
 79 -0.60071  5.42872e+01 |
2 0 20717.6
2 0 20717.6
2 0 20717.6
2 0 20717.6
2 0 20717.6
2 0 20717.6
2 0 20717.6
2 0 20717.6
2 0 20717.6
2 0 20717.6
2 0 20717.6
2 0 20717.6
2 0 20717.6
79 variables; iteration 40; function evaluation 55; phase 2
Function value   2.0717620e+04; maximum gradient component mag   2.2663e+03
Var   Value    Gradient   |Var   Value    Gradient   |Var   Value    Gradient
  1 -0.70711  2.60978e+02 |  2 -0.61377  1.56666e+02 |  3  0.23345  4.27986e+01
  4  0.19075  2.68053e+02 |  5  0.11866  7.65209e+00 |  6  0.07590  7.94396e+00
  7  0.04812  7.98333e+00 |  8  0.02757  5.40147e+00 |  9  0.01153  3.50262e+00
 10 -0.00124  2.57527e+00 | 11 -0.01149  2.02654e+00 | 12 -0.01972  1.63751e+00
 13 -0.02624  1.39221e+00 | 14 -0.03126  1.21272e+00 | 15 -0.03492  1.10802e+00
 16 -0.03731  1.04138e+00 | 17 -0.03849  1.00004e+00 | 18  0.04474 -1.19739e+03
 19 -0.01244 -3.65131e+02 | 20  0.00800 -1.73846e+02 | 21  0.00392 -2.54607e+00
 22  0.00589 -5.23920e+01 | 23  0.00842  3.96706e+02 | 24  0.00948  1.39802e+02
 25  0.01119 -5.89093e+02 | 26  0.00766 -5.10209e+01 | 27  0.00708 -1.06663e+01
 28  0.00993 -6.74217e+01 | 29  0.01135 -5.40129e+01 | 30  0.01243 -6.02732e+01
 31  0.00768  1.04893e+02 | 32  0.01289  4.78353e+02 | 33  0.01919  3.57973e+02
 34  0.01263 -1.79950e+02 | 35  0.01583 -6.41080e+01 | 36  0.01623 -4.18639e+01
 37  0.01795 -1.40044e+01 | 38  0.01839 -7.28267e+01 | 39  0.01704 -9.81503e+01
 40  0.01550 -1.06491e+02 | 41  0.01891  3.90636e+01 | 42  0.02081 -1.45639e+02
 43  0.01856 -1.06001e+02 | 44  0.01822  1.73697e+02 | 45  0.02257  5.09294e+02
 46  0.01938 -1.08731e+03 | 47 -0.37670  6.95274e+02 | 48  0.14150  2.26628e+03
 49 -0.07443  3.74043e+02 | 50 -0.06439  4.70949e+02 | 51 -0.05185  3.71287e+02
 52 -0.04435 -8.04548e+01 | 53 -0.04664 -3.72024e+02 | 54 -0.04220  4.22310e+01
 55 -0.02959  5.62147e+02 | 56 -0.01599  6.60208e+02 | 57 -0.00672  5.78664e+02
 58  0.00124  4.06994e+02 | 59  0.01081  3.54115e+02 | 60  0.01878  1.73483e+02
 61  0.02664 -3.79566e+02 | 62  0.02193 -7.31220e+02 | 63  0.01474 -4.52784e+02
 64  0.01706 -3.29283e+02 | 65  0.01702 -2.59613e+02 | 66  0.01704 -2.15538e+02
 67  0.01492 -2.57422e+02 | 68  0.01591 -1.64643e+02 | 69  0.01832 -9.54477e+01
 70  0.02327 -5.43673e+01 | 71  0.02454 -4.88179e+01 | 72  0.02561  1.28033e+01
 73  0.02650 -2.31875e+02 | 74  0.02679 -3.90060e+02 | 75  0.01792 -4.24425e+01
 76  0.02090  1.95076e+02 | 77  0.01580 -1.38289e+02 | 78 -0.65291  2.13662e+03
 79 -0.60079  5.62448e+01 |
2 0 20717.6
2 0 20717.6
2 0 20717.6
2 0 20717.6
2 0 20717.6
2 0 20717.6
2 0 20717.6
2 0 20717.6
2 0 20717.6
2 0 20717.5
2 0 20717.5
2 0 20717.6
2 0 20717.5
79 variables; iteration 50; function evaluation 68; phase 2
Function value   2.0717507e+04; maximum gradient component mag   2.2293e+03
Var   Value    Gradient   |Var   Value    Gradient   |Var   Value    Gradient
  1 -0.70706  2.59982e+02 |  2 -0.61423  1.56481e+02 |  3  0.23327  3.38963e+01
  4  0.19053  2.62340e+02 |  5  0.11867  8.45945e+00 |  6  0.07551  2.12796e+01
  7  0.04288 -1.55414e+01 |  8  0.02331  2.02388e+00 |  9  0.00854  3.13641e+00
 10 -0.00326  3.56328e+00 | 11 -0.01309  1.69327e+00 | 12 -0.02098  1.37917e+00
 13 -0.02722  1.31533e+00 | 14 -0.03205  1.12155e+00 | 15 -0.03559  9.77221e-01
 16 -0.03792  8.94832e-01 | 17 -0.03907  8.41761e-01 | 18  0.04465 -1.18957e+03
 19 -0.01283 -3.54292e+02 | 20  0.00799 -1.96703e+02 | 21  0.00396  1.26494e+01
 22  0.00590 -6.01583e+01 | 23  0.00843  3.96122e+02 | 24  0.00949  1.35340e+02
 25  0.01121 -5.85790e+02 | 26  0.00768 -4.67800e+01 | 27  0.00710 -7.95186e+00
 28  0.00992 -8.11157e+01 | 29  0.01138 -4.20720e+01 | 30  0.01248 -6.08475e+01
 31  0.00769  9.08963e+01 | 32  0.01290  4.79764e+02 | 33  0.01921  3.59622e+02
 34  0.01266 -1.62060e+02 | 35  0.01584 -6.73402e+01 | 36  0.01623 -4.60135e+01
 37  0.01794 -2.83535e+01 | 38  0.01843 -6.21260e+01 | 39  0.01705 -8.47801e+01
 40  0.01550 -1.11939e+02 | 41  0.01897  4.54676e+01 | 42  0.02084 -1.44514e+02
 43  0.01855 -1.19992e+02 | 44  0.01824  1.90909e+02 | 45  0.02256  4.95870e+02
 46  0.01939 -1.08053e+03 | 47 -0.37672  6.93657e+02 | 48  0.14155  2.22932e+03
 49 -0.07445  3.73044e+02 | 50 -0.06445  4.64951e+02 | 51 -0.05188  3.69295e+02
 52 -0.04437 -7.41294e+01 | 53 -0.04671 -3.76494e+02 | 54 -0.04220  5.38941e+01
 55 -0.02966  5.48235e+02 | 56 -0.01603  6.53650e+02 | 57 -0.00675  5.81027e+02
 58  0.00116  3.91608e+02 | 59  0.01076  3.47768e+02 | 60  0.01881  2.05295e+02
 61  0.02660 -3.69913e+02 | 62  0.02191 -7.22567e+02 | 63  0.01467 -4.69954e+02
 64  0.01702 -3.38385e+02 | 65  0.01700 -2.56927e+02 | 66  0.01696 -2.21101e+02
 67  0.01492 -2.43930e+02 | 68  0.01591 -1.63834e+02 | 69  0.01816 -1.38387e+02
 70  0.02325 -5.33574e+01 | 71  0.02454 -4.19664e+01 | 72  0.02558  1.97515e+01
 73  0.02646 -2.34796e+02 | 74  0.02672 -4.01601e+02 | 75  0.01789 -4.24582e+01
 76  0.02093  1.98057e+02 | 77  0.01677 -1.32139e+02 | 78 -0.65298  2.12533e+03
 79 -0.60110  5.66987e+01 |
2 0 20717.5
2 0 20717.5
2 0 20717.5
2 0 20717.4
2 0 20717.4
2 0 20717.3
2 0 20717.5
2 0 20717.3
2 0 20717.3
2 0 20717.3
2 0 20717.1
2 0 20717
2 0 20716.9
2 0 20717.3
2 0 20716.9
79 variables; iteration 60; function evaluation 83; phase 2
Function value   2.0716871e+04; maximum gradient component mag   2.0851e+03
Var   Value    Gradient   |Var   Value    Gradient   |Var   Value    Gradient
  1 -0.70674  2.53053e+02 |  2 -0.61699  1.53536e+02 |  3  0.23410  5.20992e+01
  4  0.19222  2.75408e+02 |  5  0.12049  1.71725e+01 |  6  0.07580  1.77266e+01
  7  0.04257  2.31695e-01 |  8  0.01746  2.59277e+01 |  9 -0.01078 -5.43682e+01
 10 -0.02026 -7.29515e+00 | 11 -0.02555  3.26068e+00 | 12 -0.03001  5.33350e+00
 13 -0.03443  1.76919e+00 | 14 -0.03788  1.51085e+00 | 15 -0.04038  1.72877e+00
 16 -0.04207  1.53058e+00 | 17 -0.04294  1.34704e+00 | 18  0.04468 -1.15294e+03
 19 -0.01219 -3.80695e+02 | 20  0.00813 -1.44012e+02 | 21  0.00390  5.35224e+00
 22  0.00586 -5.74995e+01 | 23  0.00839  3.87124e+02 | 24  0.00946  1.23917e+02
 25  0.01120 -5.75281e+02 | 26  0.00765 -3.87684e+01 | 27  0.00705 -8.93962e+00
 28  0.00984 -9.47713e+01 | 29  0.01130 -4.55270e+01 | 30  0.01243 -4.17366e+01
 31  0.00764  8.35463e+01 | 32  0.01287  4.64857e+02 | 33  0.01922  3.71622e+02
 34  0.01267 -1.44930e+02 | 35  0.01581 -8.48052e+01 | 36  0.01624  1.96562e+01
 37  0.01774 -9.28856e+01 | 38  0.01838 -4.06426e+01 | 39  0.01703 -9.21429e+01
 40  0.01543 -1.61738e+02 | 41  0.01910  1.68796e+02 | 42  0.02085 -9.85004e+01
 43  0.01834 -2.61744e+02 | 44  0.01818  1.74931e+02 | 45  0.02255  5.37572e+02
 46  0.01943 -1.07920e+03 | 47 -0.37648  6.68139e+02 | 48  0.14137  2.08510e+03
 49 -0.07416  3.80856e+02 | 50 -0.06436  4.28104e+02 | 51 -0.05181  3.33557e+02
 52 -0.04425 -7.98255e+01 | 53 -0.04653 -3.53054e+02 | 54 -0.04205  6.83011e+01
 55 -0.02954  5.44547e+02 | 56 -0.01591  6.42094e+02 | 57 -0.00661  5.85902e+02
 58  0.00129  3.97466e+02 | 59  0.01085  3.25710e+02 | 60  0.01889  1.76695e+02
 61  0.02672 -3.68914e+02 | 62  0.02215 -6.86453e+02 | 63  0.01480 -4.69258e+02
 64  0.01720 -3.14899e+02 | 65  0.01718 -2.61851e+02 | 66  0.01701 -2.47610e+02
 67  0.01494 -2.70020e+02 | 68  0.01605 -1.60425e+02 | 69  0.01838 -7.88074e+01
 70  0.02339 -6.57164e+01 | 71  0.02458 -1.41652e+02 | 72  0.02573  4.53646e+01
 73  0.02671 -1.23973e+02 | 74  0.02690 -3.62770e+02 | 75  0.01793 -5.71252e+01
 76  0.02065  1.85884e+02 | 77  0.01337 -1.43676e+02 | 78 -0.65337  2.08295e+03
 79 -0.60315  5.45607e+01 |
2 0 20716.8
2 0 20716.8
2 0 20716.3
2 0 20717.4
2 0 20716.2
2 0 20716.1
2 0 20715.8
2 0 20715.7
2 0 20715.6
2 0 20715.4
2 0 20714
2 0 20719.7
2 0 20713.7
2 0 20713.3
79 variables; iteration 70; function evaluation 97; phase 2
Function value   2.0713275e+04; maximum gradient component mag   1.8228e+03
Var   Value    Gradient   |Var   Value    Gradient   |Var   Value    Gradient
  1 -0.70543  2.07403e+02 |  2 -0.62819  1.35525e+02 |  3  0.23482  6.85183e+01
  4  0.19326  2.79793e+02 |  5  0.12200  2.08096e+01 |  6  0.07787  2.17895e+01
  7  0.04474  5.65498e+00 |  8  0.01853  2.35125e+01 |  9 -0.00996 -1.58931e+01
 10 -0.03118 -2.95536e+01 | 11 -0.04197  5.45035e+01 | 12 -0.06800 -6.56254e+01
 13 -0.07348 -2.84438e+01 | 14 -0.06969  1.02016e+00 | 15 -0.06554  1.03204e+01
 16 -0.06378  6.33370e+00 | 17 -0.06315  4.69912e+00 | 18  0.04433 -9.60919e+02
 19 -0.01176 -4.29160e+02 | 20  0.00813 -1.07243e+02 | 21  0.00346 -7.39527e+01
 22  0.00588 -3.92134e+01 | 23  0.00871  4.39589e+02 | 24  0.00977  1.82554e+02
 25  0.01120 -5.27852e+02 | 26  0.00719 -1.12611e+02 | 27  0.00672 -7.08667e+01
 28  0.01002 -4.71381e+01 | 29  0.01167  3.67189e+01 | 30  0.01254 -2.47627e+01
 31  0.00764  9.34850e+01 | 32  0.01259  3.86773e+02 | 33  0.01890  2.95026e+02
 34  0.01291 -8.29459e+01 | 35  0.01613  6.89104e+00 | 36  0.01641  6.34924e+01
 37  0.01785 -4.67954e+01 | 38  0.01804 -9.27360e+01 | 39  0.01669 -1.40152e+02
 40  0.01517 -2.01803e+02 | 41  0.01914  1.84680e+02 | 42  0.02074 -9.84697e+01
 43  0.01833 -2.29483e+02 | 44  0.01832  1.92569e+02 | 45  0.02259  4.97310e+02
 46  0.01953 -9.65646e+02 | 47 -0.37643  5.16582e+02 | 48  0.14140  1.37292e+03
 49 -0.07363  5.37567e+02 | 50 -0.06477  3.13527e+02 | 51 -0.05230  1.92296e+02
 52 -0.04418 -4.67445e+01 | 53 -0.04615 -2.31591e+02 | 54 -0.04177  1.37128e+02
 55 -0.02963  4.96852e+02 | 56 -0.01639  4.93413e+02 | 57 -0.00698  4.78086e+02
 58  0.00143  4.23789e+02 | 59  0.01091  3.24402e+02 | 60  0.01883  1.45869e+02
 61  0.02685 -3.03584e+02 | 62  0.02171 -7.35421e+02 | 63  0.01459 -4.75156e+02
 64  0.01775 -1.47550e+02 | 65  0.01684 -3.59585e+02 | 66  0.01768 -6.52502e+01
 67  0.01450 -3.80078e+02 | 68  0.01620 -8.95263e+01 | 69  0.01774 -2.26443e+02
 70  0.02358  1.57182e+01 | 71  0.02454 -1.34092e+02 | 72  0.02552 -1.61994e+01
 73  0.02664 -1.37051e+02 | 74  0.02714 -2.60210e+02 | 75  0.01797 -3.98927e+01
 76  0.02010  1.25857e+02 | 77  0.01481 -9.79630e+01 | 78 -0.65499  1.82277e+03
 79 -0.61247  4.83109e+01 |
2 0 20712.5
2 0 20713.3
2 0 20712.3
2 0 20711.9
2 0 20711.1
2 0 20712.2
2 0 20710.8
2 0 20710.4
2 0 20707.9
2 0 20706.6
2 0 20706.2
2 0 20705.4
2 0 20702.1
2 0 20708
2 0 20700.9
79 variables; iteration 80; function evaluation 112; phase 2
Function value   2.0700858e+04; maximum gradient component mag  -5.6042e+03
Var   Value    Gradient   |Var   Value    Gradient   |Var   Value    Gradient
  1 -0.69941 -3.37238e+02 |  2 -0.67829 -1.11028e+02 |  3  0.23596 -3.75411e+01
  4  0.19152  2.10866e+02 |  5  0.12079  1.33417e+01 |  6  0.07658  1.19914e+01
  7  0.04545  2.44277e+00 |  8  0.02223  1.01437e+01 |  9  0.00115 -4.78820e+00
 10 -0.01522 -1.36466e+01 | 11 -0.02522  1.89560e+01 | 12 -0.03908 -2.80557e+01
 13 -0.04314 -2.64726e+01 | 14 -0.03794  3.00044e+01 | 15 -0.04036  4.75411e+01
 16 -0.05573  1.17496e+01 | 17 -0.07374 -5.71606e+01 | 18  0.04259  1.21863e+03
 19 -0.01059 -5.17626e+02 | 20  0.00799 -1.68572e+01 | 21  0.00357 -3.29019e+01
 22  0.00571 -5.62652e+01 | 23  0.00796  2.29747e+02 | 24  0.00914 -2.81842e+01
 25  0.01124 -3.86792e+02 | 26  0.00741 -4.31211e+01 | 27  0.00672 -8.55757e+01
 28  0.00977 -1.04079e+02 | 29  0.01142 -2.69479e+01 | 30  0.01225 -6.37522e+01
 31  0.00752  6.08926e+01 | 32  0.01237  3.04549e+02 | 33  0.01886  4.00294e+02
 34  0.01259 -8.95317e+01 | 35  0.01579  1.23568e+02 | 36  0.01616  9.83059e+01
 37  0.01803  1.89530e+02 | 38  0.01832  6.20628e+01 | 39  0.01683 -4.02792e+01
 40  0.01548 -7.52281e+01 | 41  0.01900  1.71455e+02 | 42  0.02084  9.76026e+01
 43  0.01833 -7.89108e+01 | 44  0.01783  6.25183e+01 | 45  0.02214  3.47840e+02
 46  0.02090 -4.02004e+01 | 47 -0.37514 -5.30748e+02 | 48  0.14102 -5.60420e+03
 49 -0.07381  5.30062e+02 | 50 -0.06502  1.86868e+02 | 51 -0.05229  1.63946e+01
 52 -0.04408 -7.85090e+01 | 53 -0.04594 -1.38142e+01 | 54 -0.04188  1.86329e+02
 55 -0.02991  3.04255e+02 | 56 -0.01656  2.34652e+02 | 57 -0.00714  2.86930e+02
 58  0.00131  3.10714e+02 | 59  0.01089  2.56437e+02 | 60  0.01870  6.14572e+01
 61  0.02700 -2.46054e+02 | 62  0.02293 -3.56008e+02 | 63  0.01509 -2.55531e+02
 64  0.01777 -1.55213e+02 | 65  0.01702 -3.29904e+02 | 66  0.01766 -1.62099e+02
 67  0.01532 -2.50919e+02 | 68  0.01626 -1.42243e+02 | 69  0.01824 -1.56980e+02
 70  0.02378  2.19592e+01 | 71  0.02482 -1.44066e+02 | 72  0.02575 -1.11883e+02
 73  0.02687 -1.52582e+02 | 74  0.02732 -1.11180e+02 | 75  0.01839 -2.10628e+02
 76  0.01827  2.32043e+02 | 77  0.01285  2.31494e+02 | 78 -0.66268 -3.26204e+03
 79 -0.65613  2.95270e+02 |
2 0 20698.7
2 0 20695.1
2 0 20697.2
2 0 20693.7
2 0 20694.5
2 0 20693.1
2 0 20692.8
2 0 20692.7
2 0 20692.5
2 0 20692.5
2 0 20692.4
2 0 20692.3
79 variables; iteration 90; function evaluation 124; phase 2
Function value   2.0692346e+04; maximum gradient component mag  -1.7600e+02
Var   Value    Gradient   |Var   Value    Gradient   |Var   Value    Gradient
  1 -0.68040  2.21740e+01 |  2 -0.71875  6.58928e+00 |  3  0.24136  8.07712e-01
  4  0.18556  4.32897e+00 |  5  0.12141  2.14840e-01 |  6  0.07861  3.94512e-02
  7  0.04985 -8.78469e-02 |  8  0.02881 -4.71403e-02 |  9  0.01262  1.69505e-01
 10 -0.00020  1.95663e-01 | 11 -0.01049 -7.12172e-02 | 12 -0.01867  2.58171e-02
 13 -0.02511  1.93548e-01 | 14 -0.03008  1.65576e-01 | 15 -0.03371  4.37580e-02
 16 -0.03608 -2.02912e-02 | 17 -0.03722  1.89554e-01 | 18  0.04396  1.17618e+01
 19 -0.00605 -8.49590e+00 | 20  0.00820  1.94711e+00 | 21  0.00365  1.43297e+00
 22  0.00555 -1.86662e-02 | 23  0.00739 -1.03626e+00 | 24  0.00888 -2.43071e+00
 25  0.01146 -1.35176e+00 | 26  0.00714  9.53304e-01 | 27  0.00639 -4.81984e-01
 28  0.00938 -1.32139e+00 | 29  0.01094 -5.11274e-01 | 30  0.01198 -4.05827e-01
 31  0.00715  8.95674e-01 | 32  0.01186  8.26352e-01 | 33  0.01848  2.35358e+00
 34  0.01254 -7.81633e-01 | 35  0.01562  2.01318e+00 | 36  0.01591  1.54600e+00
 37  0.01760  1.84653e+00 | 38  0.01819  1.39910e+00 | 39  0.01683  2.74833e-01
 40  0.01526  4.71359e-01 | 41  0.01836  4.02163e-01 | 42  0.02052  2.61215e+00
 43  0.01830  1.10215e+00 | 44  0.01744  6.44366e-03 | 45  0.02161  2.10124e+00
 46  0.02184  1.10338e+01 | 47 -0.37344 -1.46134e+01 | 48  0.14151 -1.24879e+02
 49 -0.07435  5.97037e+00 | 50 -0.06506  2.70236e-01 | 51 -0.05220 -2.80301e-01
 52 -0.04420 -8.21913e-01 | 53 -0.04614  1.03828e+00 | 54 -0.04209  2.36721e+00
 55 -0.03023  3.74674e-01 | 56 -0.01685 -1.95372e-01 | 57 -0.00755  8.91000e-01
 58  0.00078  1.58402e+00 | 59  0.01042  1.86433e+00 | 60  0.01854  4.95476e-01
 61  0.02711 -6.32478e-01 | 62  0.02303 -7.94707e-01 | 63  0.01533 -4.29547e-01
 64  0.01775 -6.48792e-01 | 65  0.01756 -1.27921e+00 | 66  0.01744 -1.56701e+00
 67  0.01553 -1.49370e+00 | 68  0.01628 -9.73899e-01 | 69  0.01863  5.01928e-02
 70  0.02341 -8.68366e-01 | 71  0.02475 -1.18923e+00 | 72  0.02574 -1.60739e+00
 73  0.02714  6.15840e-02 | 74  0.02684 -1.46899e+00 | 75  0.01807 -6.36951e+00
 76  0.01702 -8.20431e-02 | 77  0.01694  5.37770e+00 | 78 -0.66492 -1.75996e+02
 79 -0.69601  1.46555e+01 |
2 0 20692.3
2 0 20692.3
2 0 20692.3
2 0 20692.3
2 0 20692.3
2 0 20692.3
2 0 20692.3
2 0 20692.3
2 0 20692.3
2 0 20692.3
79 variables; iteration 100; function evaluation 134; phase 2
Function value   2.0692323e+04; maximum gradient component mag  -1.8562e+00
Var   Value    Gradient   |Var   Value    Gradient   |Var   Value    Gradient
  1 -0.67573  1.46408e+00 |  2 -0.73589  3.92622e-01 |  3  0.24138  1.24776e-01
  4  0.18540  1.21460e-01 |  5  0.12144  1.54699e-02 |  6  0.07870  8.38140e-03
  7  0.04996  1.22946e-02 |  8  0.02886  7.61578e-03 |  9  0.01259 -9.76723e-04
 10 -0.00030 -3.41118e-03 | 11 -0.01061  3.91520e-03 | 12 -0.01886  7.90043e-03
 13 -0.02538 -5.97906e-03 | 14 -0.03039 -1.06815e-02 | 15 -0.03404 -6.82241e-03
 16 -0.03643 -5.04287e-03 | 17 -0.03761 -1.28621e-02 | 18  0.04424  1.19249e-01
 19 -0.00605 -2.71573e-01 | 20  0.00820  1.56035e-01 | 21  0.00364 -1.48144e-02
 22  0.00555  3.37888e-02 | 23  0.00739 -2.57185e-02 | 24  0.00888 -3.15085e-02
 25  0.01146  3.75336e-03 | 26  0.00714 -3.70039e-02 | 27  0.00639  1.47697e-02
 28  0.00939 -1.08313e-02 | 29  0.01094 -3.31381e-02 | 30  0.01198  1.43667e-02
 31  0.00715 -4.15174e-02 | 32  0.01186  2.42657e-02 | 33  0.01848  2.96365e-02
 34  0.01254 -9.70201e-03 | 35  0.01562  2.07349e-02 | 36  0.01591  3.72687e-02
 37  0.01760  1.11278e-02 | 38  0.01819  2.22166e-02 | 39  0.01683  1.58151e-02
 40  0.01526  1.00954e-02 | 41  0.01836  1.45576e-02 | 42  0.02053  2.43796e-02
 43  0.01831  2.59163e-02 | 44  0.01744  2.99888e-02 | 45  0.02162  2.17164e-02
 46  0.02184  1.07768e-01 | 47 -0.37347 -8.10525e-02 | 48  0.14152 -1.71411e+00
 49 -0.07435  1.58758e-01 | 50 -0.06506  4.90546e-02 | 51 -0.05221 -2.29901e-03
 52 -0.04421 -4.43826e-03 | 53 -0.04614  3.58509e-02 | 54 -0.04210  7.12522e-03
 55 -0.03024 -3.41403e-03 | 56 -0.01686 -5.08583e-03 | 57 -0.00755 -2.28378e-02
 58  0.00077 -1.07864e-02 | 59  0.01041 -1.13087e-02 | 60  0.01853  2.30962e-02
 61  0.02710  2.42257e-02 | 62  0.02302 -1.39627e-02 | 63  0.01533 -8.57843e-03
 64  0.01774 -9.90314e-03 | 65  0.01755 -2.44635e-02 | 66  0.01744 -3.29883e-02
 67  0.01552 -4.15309e-02 | 68  0.01627 -9.10944e-03 | 69  0.01863 -1.19724e-03
 70  0.02341 -2.30863e-02 | 71  0.02475 -2.13995e-02 | 72  0.02573 -1.78092e-02
 73  0.02713 -2.03531e-02 | 74  0.02684 -2.20856e-02 | 75  0.01805 -7.23061e-02
 76  0.01706  5.94412e-03 | 77  0.01707  9.77275e-02 | 78 -0.66627 -1.85615e+00
 79 -0.71699  1.48587e-01 |
2 0 20692.3
2 0 20692.3
2 0 20692.3
2 0 20692.3
2 0 20692.3
2 0 20692.3
2 0 20692.3
2 0 20692.3
2 0 20692.3
2 0 20692.3
2 0 20692.3
79 variables; iteration 110; function evaluation 145; phase 2
Function value   2.0692323e+04; maximum gradient component mag  -1.4639e+00
Var   Value    Gradient   |Var   Value    Gradient   |Var   Value    Gradient
  1 -0.67394  5.29399e-01 |  2 -0.74265  1.37785e-01 |  3  0.24138  6.70221e-03
  4  0.18539 -1.29778e-03 |  5  0.12144  8.43513e-05 |  6  0.07869 -1.15520e-04
  7  0.04995 -2.61785e-04 |  8  0.02886 -2.03291e-04 |  9  0.01259 -3.03981e-05
 10 -0.00029  7.22093e-06 | 11 -0.01059 -1.03218e-04 | 12 -0.01884 -1.39710e-04
 13 -0.02535  1.25085e-04 | 14 -0.03036  3.41756e-04 | 15 -0.03400  5.25135e-04
 16 -0.03638  3.28313e-04 | 17 -0.03756  4.83637e-04 | 18  0.04424  8.15079e-02
 19 -0.00605 -1.87979e-02 | 20  0.00820 -1.35438e-03 | 21  0.00364 -7.01139e-03
 22  0.00555 -3.84136e-03 | 23  0.00739  5.03751e-03 | 24  0.00888 -4.26000e-03
 25  0.01146 -1.13352e-02 | 26  0.00714 -8.20245e-03 | 27  0.00639 -4.20594e-03
 28  0.00939 -1.73976e-03 | 29  0.01094 -4.16184e-03 | 30  0.01198 -7.29011e-04
 31  0.00715 -5.90707e-03 | 32  0.01186  1.00187e-02 | 33  0.01848  1.87691e-02
 34  0.01254 -2.42442e-03 | 35  0.01562  4.82336e-03 | 36  0.01591  6.78275e-03
 37  0.01760  6.48586e-03 | 38  0.01819  3.64011e-03 | 39  0.01683  1.72877e-03
 40  0.01526 -3.56737e-03 | 41  0.01836  5.77300e-03 | 42  0.02053  6.72719e-03
 43  0.01831  6.88710e-03 | 44  0.01744  7.16881e-03 | 45  0.02162  2.17013e-02
 46  0.02184  1.87571e-02 | 47 -0.37347 -3.86118e-02 | 48  0.14152 -7.44621e-01
 49 -0.07435  1.66691e-02 | 50 -0.06506  1.06669e-02 | 51 -0.05221  8.86112e-03
 52 -0.04421  8.40006e-04 | 53 -0.04614  1.94588e-03 | 54 -0.04210  5.35886e-03
 55 -0.03024  8.58545e-03 | 56 -0.01686  9.31973e-03 | 57 -0.00755  7.03849e-03
 58  0.00077  6.33659e-03 | 59  0.01041  4.01685e-03 | 60  0.01853  6.14532e-03
 61  0.02710 -4.76093e-03 | 62  0.02302 -1.39206e-02 | 63  0.01533 -6.99759e-03
 64  0.01774 -6.56539e-03 | 65  0.01755 -8.71368e-03 | 66  0.01744 -5.34239e-03
 67  0.01552 -8.51805e-03 | 68  0.01627 -5.25222e-03 | 69  0.01863 -1.64991e-03
 70  0.02341 -6.03059e-03 | 71  0.02475 -8.26074e-03 | 72  0.02573 -8.02146e-03
 73  0.02713 -7.72679e-03 | 74  0.02684 -1.69370e-02 | 75  0.01805 -2.80593e-02
 76  0.01706  1.60187e-02 | 77  0.01706  3.47748e-02 | 78 -0.66681 -1.46389e+00
 79 -0.72523  9.62117e-02 |
2 0 20692.3
2 0 20692.3
2 0 20692.3
2 0 20692.3
2 0 20692.3
2 0 20692.3
2 0 20692.3
2 0 20692.3
2 0 20692.3
2 0 20692.3
2 0 20692.3
79 variables; iteration 120; function evaluation 156; phase 2
Function value   2.0692323e+04; maximum gradient component mag   4.6265e-01
Var   Value    Gradient   |Var   Value    Gradient   |Var   Value    Gradient
  1 -0.67318  8.49520e-03 |  2 -0.74559  2.18225e-03 |  3  0.24138  7.67002e-04
  4  0.18539  6.10961e-05 |  5  0.12144 -2.36704e-04 |  6  0.07870 -1.22555e-04
  7  0.04995 -1.05912e-04 |  8  0.02886 -8.62601e-05 |  9  0.01259  1.55040e-05
 10 -0.00029  5.13570e-05 | 11 -0.01059 -6.92695e-05 | 12 -0.01884 -8.49750e-06
 13 -0.02535  7.29888e-05 | 14 -0.03036  2.32009e-05 | 15 -0.03400 -1.41443e-05
 16 -0.03639  1.40155e-05 | 17 -0.03757  1.62942e-04 | 18  0.04424 -6.33434e-02
 19 -0.00605  8.09554e-03 | 20  0.00820 -6.55839e-04 | 21  0.00364  4.63457e-03
 22  0.00555  5.06348e-04 | 23  0.00739 -2.69145e-03 | 24  0.00888  6.23202e-04
 25  0.01146  4.13080e-03 | 26  0.00714  4.73314e-03 | 27  0.00639  2.00366e-03
 28  0.00939  1.55840e-03 | 29  0.01094  2.66121e-03 | 30  0.01198  8.07551e-04
 31  0.00715  2.81272e-03 | 32  0.01186 -5.73883e-03 | 33  0.01848 -1.03077e-02
 34  0.01254  2.77484e-04 | 35  0.01562 -2.99561e-03 | 36  0.01591 -2.97127e-03
 37  0.01760 -3.83742e-03 | 38  0.01819 -2.17416e-03 | 39  0.01683 -7.71983e-04
 40  0.01526  9.74571e-04 | 41  0.01836 -1.97565e-03 | 42  0.02053 -2.06632e-03
 43  0.01831 -1.22845e-03 | 44  0.01744 -2.35883e-03 | 45  0.02162 -7.84337e-03
 46  0.02184 -3.45589e-03 | 47 -0.37347  1.37713e-02 | 48  0.14152  1.73500e-01
 49 -0.07435 -6.55821e-03 | 50 -0.06506 -5.45771e-03 | 51 -0.05221 -2.53339e-03
 52 -0.04421  1.19757e-03 | 53 -0.04614 -6.25016e-04 | 54 -0.04210 -2.56311e-03
 55 -0.03024 -4.51208e-03 | 56 -0.01686 -3.98718e-03 | 57 -0.00755 -2.83102e-03
 58  0.00077 -2.85304e-03 | 59  0.01041 -1.88349e-03 | 60  0.01853 -2.07088e-03
 61  0.02710  2.37499e-03 | 62  0.02302  6.98533e-03 | 63  0.01533  3.56031e-03
 64  0.01774  2.91981e-03 | 65  0.01755  3.52794e-03 | 66  0.01744  3.79482e-03
 67  0.01552  3.70859e-03 | 68  0.01627  1.98558e-03 | 69  0.01863  9.11715e-04
 70  0.02341  1.31939e-03 | 71  0.02475  2.75084e-03 | 72  0.02573  2.23797e-03
 73  0.02713  3.36337e-03 | 74  0.02684  6.54665e-03 | 75  0.01805  6.97030e-03
 76  0.01706 -1.01010e-02 | 77  0.01706 -8.31854e-03 | 78 -0.66705  4.62651e-01
 79 -0.72887 -2.96820e-02 |
2 0 20692.3
2 0 20692.3
2 0 20692.3
2 0 20692.3
2 0 20692.3
2 0 20692.3
2 0 20692.3
2 0 20692.3
2 0 20692.3
2 0 20692.3
2 0 20692.3
79 variables; iteration 130; function evaluation 167; phase 2
Function value   2.0692323e+04; maximum gradient component mag  -9.2777e-02
Var   Value    Gradient   |Var   Value    Gradient   |Var   Value    Gradient
  1 -0.67286  2.19097e-02 |  2 -0.74686  5.59718e-03 |  3  0.24138 -2.22747e-04
  4  0.18539 -1.05070e-04 |  5  0.12144 -7.90358e-05 |  6  0.07870 -4.40891e-05
  7  0.04995 -4.28010e-05 |  8  0.02886 -3.15000e-05 |  9  0.01259 -2.98487e-06
 10 -0.00029  7.23032e-06 | 11 -0.01059 -1.91740e-05 | 12 -0.01884 -1.32702e-05
 13 -0.02535  1.55737e-05 | 14 -0.03036  1.70212e-05 | 15 -0.03400  1.14051e-05
 16 -0.03639  9.13754e-06 | 17 -0.03757  4.29642e-05 | 18  0.04424  3.04400e-03
 19 -0.00605 -2.21107e-04 | 20  0.00820 -4.32075e-04 | 21  0.00364 -1.70457e-04
 22  0.00555 -3.23108e-04 | 23  0.00739  3.09993e-04 | 24  0.00888 -1.61555e-04
 25  0.01146 -5.14650e-04 | 26  0.00714 -1.95804e-04 | 27  0.00639 -2.16884e-04
 28  0.00939 -2.80844e-05 | 29  0.01094 -9.17893e-05 | 30  0.01198 -4.93327e-05
 31  0.00715 -1.10947e-04 | 32  0.01186  3.35393e-04 | 33  0.01848  7.13741e-04
 34  0.01254 -1.48435e-04 | 35  0.01562  1.20155e-04 | 36  0.01591  2.04306e-04
 37  0.01760  1.76803e-04 | 38  0.01819  1.02744e-04 | 39  0.01683  5.47111e-05
 40  0.01526 -1.74731e-04 | 41  0.01836  2.13459e-04 | 42  0.02053  2.96355e-04
 43  0.01831  3.30998e-04 | 44  0.01744  2.98749e-04 | 45  0.02162  1.10947e-03
 46  0.02184  1.15933e-03 | 47 -0.37347 -2.32526e-03 | 48  0.14152 -3.60910e-02
 49 -0.07435  2.00824e-04 | 50 -0.06506  3.47313e-04 | 51 -0.05221  4.22270e-04
 52 -0.04421  1.04154e-04 | 53 -0.04614  3.17540e-05 | 54 -0.04210  2.57890e-04
 55 -0.03024  3.24348e-04 | 56 -0.01686  4.28477e-04 | 57 -0.00755  4.40059e-04
 58  0.00077  2.99963e-04 | 59  0.01041  2.25846e-04 | 60  0.01853  2.22918e-04
 61  0.02710 -2.41342e-04 | 62  0.02302 -5.63296e-04 | 63  0.01533 -2.12389e-04
 64  0.01774 -2.53120e-04 | 65  0.01755 -2.41986e-04 | 66  0.01744 -8.41437e-05
 67  0.01552 -2.39449e-04 | 68  0.01627 -1.67258e-04 | 69  0.01863 -6.12193e-06
 70  0.02341 -2.59950e-04 | 71  0.02475 -3.44573e-04 | 72  0.02573 -3.35678e-04
 73  0.02713 -3.08917e-04 | 74  0.02684 -8.09056e-04 | 75  0.01805 -1.60338e-03
 76  0.01706  6.21832e-04 | 77  0.01706  1.65808e-03 | 78 -0.66715 -9.27772e-02
 79 -0.73046  5.97916e-03 |
2 0 20692.3
2 0 20692.3
2 0 20692.3
2 0 20692.3
2 0 20692.3
2 0 20692.3
2 0 20692.3
2 0 20692.3
2 0 20692.3
2 0 20692.3
2 0 20692.3
2 0 20692.3
79 variables; iteration 140; function evaluation 179; phase 2
Function value   2.0692323e+04; maximum gradient component mag  -1.1134e-01
Var   Value    Gradient   |Var   Value    Gradient   |Var   Value    Gradient
  1 -0.67258  4.23477e-02 |  2 -0.74794  1.07668e-02 |  3  0.24138 -1.43148e-04
  4  0.18539 -4.45445e-05 |  5  0.12144 -2.93308e-05 |  6  0.07870 -1.89045e-05
  7  0.04995 -1.60320e-05 |  8  0.02886 -1.20961e-05 |  9  0.01259 -5.79759e-06
 10 -0.00029 -3.25582e-06 | 11 -0.01059 -7.15012e-06 | 12 -0.01884 -5.89068e-06
 13 -0.02535 -3.01238e-07 | 14 -0.03036  8.40516e-07 | 15 -0.03400  5.01735e-07
 16 -0.03639 -5.49973e-07 | 17 -0.03757  5.40276e-06 | 18  0.04424  9.44334e-03
 19 -0.00605 -1.28818e-03 | 20  0.00820 -2.00030e-04 | 21  0.00364 -6.70635e-04
 22  0.00555 -2.86008e-04 | 23  0.00739  4.66785e-04 | 24  0.00888 -2.85136e-04
 25  0.01146 -9.13060e-04 | 26  0.00714 -7.11301e-04 | 27  0.00639 -3.86662e-04
 28  0.00939 -2.42495e-04 | 29  0.01094 -4.23359e-04 | 30  0.01198 -1.39273e-04
 31  0.00715 -4.62626e-04 | 32  0.01186  9.30315e-04 | 33  0.01848  1.79680e-03
 34  0.01254 -1.92698e-04 | 35  0.01562  4.92205e-04 | 36  0.01591  5.66042e-04
 37  0.01760  6.10373e-04 | 38  0.01819  3.55193e-04 | 39  0.01683  1.31583e-04
 40  0.01526 -2.61933e-04 | 41  0.01836  4.25788e-04 | 42  0.02053  5.50366e-04
 43  0.01831  4.63708e-04 | 44  0.01744  5.33331e-04 | 45  0.02162  1.81926e-03
 46  0.02184  1.46614e-03 | 47 -0.37347 -3.48115e-03 | 48  0.14152 -5.57439e-02
 49 -0.07435  1.14547e-03 | 50 -0.06506  9.39625e-04 | 51 -0.05221  6.48693e-04
 52 -0.04421 -5.24698e-05 | 53 -0.04614  1.39450e-04 | 54 -0.04210  5.35266e-04
 55 -0.03024  8.03888e-04 | 56 -0.01686  8.13861e-04 | 57 -0.00755  6.73809e-04
 58  0.00077  6.00666e-04 | 59  0.01041  4.26869e-04 | 60  0.01853  4.99205e-04
 61  0.02710 -4.57341e-04 | 62  0.02302 -1.31785e-03 | 63  0.01533 -6.45109e-04
 64  0.01774 -5.88904e-04 | 65  0.01755 -7.01570e-04 | 66  0.01744 -5.87825e-04
 67  0.01552 -7.31960e-04 | 68  0.01627 -4.25919e-04 | 69  0.01863 -1.22865e-04
 70  0.02341 -4.37415e-04 | 71  0.02475 -6.52571e-04 | 72  0.02573 -6.10400e-04
 73  0.02713 -6.52682e-04 | 74  0.02684 -1.45189e-03 | 75  0.01805 -2.05572e-03
 76  0.01706  1.62182e-03 | 77  0.01706  2.61862e-03 | 78 -0.66724 -1.11344e-01
 79 -0.73181  7.11278e-03 |
2 0 20692.3
2 0 20692.3
2 0 20692.3
2 0 20692.3
2 0 20692.3
2 0 20692.3
2 0 20692.3
2 0 20692.3
2 0 20692.3
2 0 20692.3
2 0 20692.3
2 0 20692.3
79 variables; iteration 150; function evaluation 191; phase 2
Function value   2.0692323e+04; maximum gradient component mag  -5.4093e-02
Var   Value    Gradient   |Var   Value    Gradient   |Var   Value    Gradient
  1 -0.67237  1.39126e-02 |  2 -0.74877  3.52388e-03 |  3  0.24138 -1.24251e-04
  4  0.18539 -1.44203e-05 |  5  0.12144 -1.55435e-07 |  6  0.07870 -7.47442e-07
  7  0.04995  1.00724e-06 |  8  0.02886  6.52139e-07 |  9  0.01259 -2.76597e-06
 10 -0.00029 -3.62809e-06 | 11 -0.01059  5.36514e-07 | 12 -0.01884 -3.55099e-07
 13 -0.02535 -4.04418e-06 | 14 -0.03036 -4.26957e-06 | 15 -0.03400 -3.84143e-06
 16 -0.03639 -2.85116e-06 | 17 -0.03757 -6.08941e-06 | 18  0.04424  6.04570e-03
 19 -0.00605 -7.62687e-04 | 20  0.00820 -1.98426e-05 | 21  0.00364 -4.18267e-04
 22  0.00555 -1.11210e-04 | 23  0.00739  2.71831e-04 | 24  0.00888 -1.09373e-04
 25  0.01146 -4.61380e-04 | 26  0.00714 -4.36583e-04 | 27  0.00639 -2.11415e-04
 28  0.00939 -1.47457e-04 | 29  0.01094 -2.55934e-04 | 30  0.01198 -8.33291e-05
 31  0.00715 -2.69409e-04 | 32  0.01186  5.51807e-04 | 33  0.01848  1.03702e-03
 34  0.01254 -6.75989e-05 | 35  0.01562  2.94419e-04 | 36  0.01591  3.11840e-04
 37  0.01760  3.66170e-04 | 38  0.01819  2.12726e-04 | 39  0.01683  7.99617e-05
 40  0.01526 -1.20540e-04 | 41  0.01836  2.18524e-04 | 42  0.02053  2.65724e-04
 43  0.01831  1.99859e-04 | 44  0.01744  2.68722e-04 | 45  0.02162  9.03384e-04
 46  0.02184  5.45934e-04 | 47 -0.37347 -1.69027e-03 | 48  0.14152 -2.50133e-02
 49 -0.07435  6.42131e-04 | 50 -0.06506  5.39352e-04 | 51 -0.05221  3.02133e-04
 52 -0.04421 -7.98041e-05 | 53 -0.04614  6.75959e-05 | 54 -0.04210  2.81690e-04
 55 -0.03024  4.51447e-04 | 56 -0.01686  4.27230e-04 | 57 -0.00755  3.35982e-04
 58  0.00077  3.10059e-04 | 59  0.01041  2.16156e-04 | 60  0.01853  2.42135e-04
 61  0.02710 -2.56695e-04 | 62  0.02302 -7.36276e-04 | 63  0.01533 -3.63702e-04
 64  0.01774 -3.22429e-04 | 65  0.01755 -3.75073e-04 | 66  0.01744 -3.66843e-04
 67  0.01552 -3.97459e-04 | 68  0.01627 -2.23428e-04 | 69  0.01863 -8.20534e-05
 70  0.02341 -1.97516e-04 | 71  0.02475 -3.28743e-04 | 72  0.02573 -2.91317e-04
 73  0.02713 -3.59533e-04 | 74  0.02684 -7.39149e-04 | 75  0.01805 -8.88979e-04
 76  0.01706  1.00886e-03 | 77  0.01706  1.18507e-03 | 78 -0.66731 -5.40928e-02
 79 -0.73286  3.44247e-03 |
2 0 20692.3
2 0 20692.3
2 0 20692.3
2 0 20692.3
2 0 20692.3
2 0 20692.3
2 0 20692.3
2 0 20692.3
2 0 20692.3
2 0 20692.3
2 0 20692.3
79 variables; iteration 160; function evaluation 202; phase 2
Function value   2.0692323e+04; maximum gradient component mag  -7.9823e-02
Var   Value    Gradient   |Var   Value    Gradient   |Var   Value    Gradient
  1 -0.67222  2.26638e-02 |  2 -0.74938  5.72505e-03 |  3  0.24138 -1.70812e-04
  4  0.18539 -1.79321e-05 |  5  0.12144 -4.58260e-06 |  6  0.07870 -3.50489e-06
  7  0.04995 -9.52074e-07 |  8  0.02886 -8.37167e-07 |  9  0.01259 -3.68838e-06
 10 -0.00029 -4.34864e-06 | 11 -0.01059 -1.85394e-07 | 12 -0.01884 -8.17010e-07
 13 -0.02535 -4.46563e-06 | 14 -0.03036 -4.31996e-06 | 15 -0.03400 -3.48715e-06
 16 -0.03639 -3.21406e-06 | 17 -0.03757 -8.71658e-06 | 18  0.04424  8.17287e-03
 19 -0.00605 -1.03456e-03 | 20  0.00820 -6.73365e-05 | 21  0.00364 -5.60101e-04
 22  0.00555 -1.56897e-04 | 23  0.00739  3.43680e-04 | 24  0.00888 -1.85665e-04
 25  0.01146 -6.49808e-04 | 26  0.00714 -5.83261e-04 | 27  0.00639 -2.94924e-04
 28  0.00939 -2.19447e-04 | 29  0.01094 -3.53874e-04 | 30  0.01198 -1.19034e-04
 31  0.00715 -3.62706e-04 | 32  0.01186  7.46634e-04 | 33  0.01848  1.42145e-03
 34  0.01254 -1.09027e-04 | 35  0.01562  4.18218e-04 | 36  0.01591  4.36028e-04
 37  0.01760  5.13434e-04 | 38  0.01819  2.95939e-04 | 39  0.01683  1.05632e-04
 40  0.01526 -1.67801e-04 | 41  0.01836  3.00708e-04 | 42  0.02053  3.87080e-04
 43  0.01831  2.86087e-04 | 44  0.01744  3.66293e-04 | 45  0.02162  1.27637e-03
 46  0.02184  9.72646e-04 | 47 -0.37347 -2.48602e-03 | 48  0.14152 -3.59045e-02
 49 -0.07435  8.96109e-04 | 50 -0.06506  7.30594e-04 | 51 -0.05221  4.22445e-04
 52 -0.04421 -1.02676e-04 | 53 -0.04614  1.12242e-04 | 54 -0.04210  4.13184e-04
 55 -0.03024  6.28619e-04 | 56 -0.01686  5.87745e-04 | 57 -0.00755  4.69463e-04
 58  0.00077  4.46964e-04 | 59  0.01041  3.19650e-04 | 60  0.01853  3.50302e-04
 61  0.02710 -3.43209e-04 | 62  0.02302 -9.97660e-04 | 63  0.01533 -4.96751e-04
 64  0.01774 -4.38657e-04 | 65  0.01755 -5.25522e-04 | 66  0.01744 -5.07885e-04
 67  0.01552 -5.54217e-04 | 68  0.01627 -3.14291e-04 | 69  0.01863 -1.03517e-04
 70  0.02341 -2.74440e-04 | 71  0.02475 -4.53375e-04 | 72  0.02573 -4.17014e-04
 73  0.02713 -4.81249e-04 | 74  0.02684 -1.03417e-03 | 75  0.01805 -1.34562e-03
 76  0.01706  1.31494e-03 | 77  0.01706  1.69766e-03 | 78 -0.66736 -7.98227e-02
 79 -0.73364  5.06124e-03 |
2 0 20692.3
2 0 20692.3
2 0 20692.3
2 0 20692.3
2 0 20692.3
2 0 20692.3
2 0 20692.3
2 0 20692.3
2 0 20692.3
2 0 20692.3
2 0 20692.3
2 0 20692.3
2 0 20692.3
79 variables; iteration 170; function evaluation 215; phase 2
Function value   2.0692323e+04; maximum gradient component mag  -2.6926e-02
Var   Value    Gradient   |Var   Value    Gradient   |Var   Value    Gradient
  1 -0.67214  8.35135e-03 |  2 -0.74971  2.10621e-03 |  3  0.24138 -5.10620e-05
  4  0.18539 -8.27426e-06 |  5  0.12144 -3.33797e-06 |  6  0.07870 -2.19831e-06
  7  0.04995 -1.42347e-06 |  8  0.02886 -1.05906e-06 |  9  0.01259 -1.25335e-06
 10 -0.00029 -1.22915e-06 | 11 -0.01059 -4.63029e-07 | 12 -0.01884 -6.35972e-07
 13 -0.02535 -1.05822e-06 | 14 -0.03036 -7.18469e-07 | 15 -0.03400 -4.47651e-07
 16 -0.03639 -6.95201e-07 | 17 -0.03757 -2.11704e-06 | 18  0.04424  2.50609e-03
 19 -0.00605 -3.18924e-04 | 20  0.00820 -3.43950e-05 | 21  0.00364 -1.73993e-04
 22  0.00555 -5.42210e-05 | 23  0.00739  1.06903e-04 | 24  0.00888 -6.44370e-05
 25  0.01146 -2.11222e-04 | 26  0.00714 -1.80794e-04 | 27  0.00639 -9.41550e-05
 28  0.00939 -6.90729e-05 | 29  0.01094 -1.10261e-04 | 30  0.01198 -3.73501e-05
 31  0.00715 -1.13613e-04 | 32  0.01186  2.33321e-04 | 33  0.01848  4.46758e-04
 34  0.01254 -3.87762e-05 | 35  0.01562  1.30778e-04 | 36  0.01591  1.38352e-04
 37  0.01760  1.60658e-04 | 38  0.01819  9.23151e-05 | 39  0.01683  3.23521e-05
 40  0.01526 -5.57952e-05 | 41  0.01836  9.68978e-05 | 42  0.02053  1.26467e-04
 43  0.01831  9.55467e-05 | 44  0.01744  1.18449e-04 | 45  0.02162  4.16690e-04
 46  0.02184  3.44004e-04 | 47 -0.37347 -8.16624e-04 | 48  0.14152 -1.19243e-02
 49 -0.07435  2.81184e-04 | 50 -0.06506  2.29419e-04 | 51 -0.05221  1.40250e-04
 52 -0.04421 -2.74155e-05 | 53 -0.04614  3.73049e-05 | 54 -0.04210  1.33540e-04
 55 -0.03024  1.99735e-04 | 56 -0.01686  1.89329e-04 | 57 -0.00755  1.52995e-04
 58  0.00077  1.45198e-04 | 59  0.01041  1.04355e-04 | 60  0.01853  1.15058e-04
 61  0.02710 -1.07808e-04 | 62  0.02302 -3.14842e-04 | 63  0.01533 -1.56689e-04
 64  0.01774 -1.38559e-04 | 65  0.01755 -1.67938e-04 | 66  0.01744 -1.56614e-04
 67  0.01552 -1.76155e-04 | 68  0.01627 -1.00566e-04 | 69  0.01863 -3.09213e-05
 70  0.02341 -9.03070e-05 | 71  0.02475 -1.46174e-04 | 72  0.02573 -1.36311e-04
 73  0.02713 -1.51917e-04 | 74  0.02684 -3.35108e-04 | 75  0.01805 -4.57725e-04
 76  0.01706  4.02257e-04 | 77  0.01706  5.62587e-04 | 78 -0.66738 -2.69259e-02
 79 -0.73406  1.70558e-03 |
2 0 20692.3
2 0 20692.3
2 0 20692.3
2 0 20692.3
2 0 20692.3
2 0 20692.3
2 0 20692.3
2 0 20692.3
2 0 20692.3
2 0 20692.3
B0234224
0.3 0.257399
0.220627 0.331908
0.209223 0.345733
0.206672 0.348961
0.206059 0.349745
0.205909 0.349937
0.205872 0.349985
0.205863 0.349996
0.205861 0.349999
0.20586 0.35
0.20586 0.35
0.20586 0.35
0.20586 0.35
0.20586 0.35
0.20586 0.35
0.20586 0.35
0.20586 0.35
0.20586 0.35
0.20586 0.35
0.20586 0.35
0.20586 0.35
FutMOrt0.06278
FutMOrt0.06278
FutMOrt0.06278
FutMOrt0.06278
FutMOrt0.06278
FutMOrt0.06278
FutMOrt0.06278
FutMOrt0.06278
FutMOrt0.06278
FutMOrt0.06278
Survey Bio20.2352
Survey len10126.6
CPUE87.7051
Catch9.5581
Catch len10011.2
initsmo_penal17.2907
F_pen416.056
Rec_pen3.66245
M_pen0


Starting time: Fri Oct  5 18:04:17 2018
Finishing time: Fri Oct  5 18:04:22 2018
This run took: 0 hours, 0 minutes, 5 seconds.

