survYears 69 70 71 72 73 74 75 76 77 78 79 80 81 82 83 84 85 86 87 88 89 90 91 92 93 94 95 96
SurvLenYear 69 70 71 72 73 74 75 76 77 78 79 80 81 82 83 84 85 86 87 88 89 90 91 92 93 94 95 96
catchBiomass 3359.79 3359.49 3787.6 4668.49 5962.41 8140.36 9466.04 7709.3 8561.06 18856.5 22862.8 17953.1 31528 48872.3 45878.6 38512.7 27786.2 36818.5 32298.5 32969.4 30881.2 35263.2 39739.2 39056.6 44808 54019.6 42560.4 43445.5
steep0.999
25
Out
1 0 31113.4

Initial statistics: 73 variables; iteration 0; function evaluation 0; phase 1
Function value   3.1113417e+04; maximum gradient component mag  -1.6368e+05
Var   Value    Gradient   |Var   Value    Gradient   |Var   Value    Gradient
  1  0.23833  3.67476e+03 |  2  0.21302  3.20514e+03 |  3  0.19842  2.83733e+03
  4  0.19078  2.86238e+03 |  5  0.17515  2.26795e+03 |  6  0.15248  1.45030e+03
  7  0.13239  1.00408e+03 |  8  0.10294  4.14090e+02 |  9  0.10440  6.16734e+02
 10  0.08354  3.18227e+02 | 11  0.06997  2.99296e+02 | 12  0.04224  5.16854e+01
 13  0.03914  2.04714e+02 | 14  0.01194 -1.47399e+02 | 15  0.04888  2.79654e+02
 16  0.00413 -9.02611e+03 | 17  0.00000 -1.80486e+04 | 18  0.00000  2.53148e+03
 19  0.00000  3.03408e+03 | 20  0.00000  3.51792e+03 | 21  0.00000  3.89552e+03
 22  0.00000  3.49797e+01 | 23  0.00000 -2.87797e+03 | 24  0.00000  5.77161e+03
 25  0.00000  1.37026e+04 | 26  0.00000  1.63192e+03 | 27  0.00000 -4.40528e+02
 28  0.00000  1.19528e+04 | 29  0.00000  6.32853e+03 | 30  0.00000 -3.17718e+03
 31  0.00000 -5.30752e+03 | 32  0.00000 -4.55909e+03 | 33  0.00000  3.19840e+03
 34  0.00000 -2.84106e+03 | 35  0.00000 -2.45355e+02 | 36  0.00000 -4.21174e+02
 37  0.00000  3.11799e+03 | 38  0.00000  1.99853e+03 | 39  0.00000  6.63589e+02
 40  0.00000  2.96127e+03 | 41  0.00000  1.01950e+03 | 42  0.00000 -5.64687e+03
 43  0.00000 -5.37898e+03 | 44  0.00000 -1.64163e+04 | 45  0.08525 -1.63684e+05
 46  0.00000  5.28651e+04 | 47  0.00000  4.19222e+04 | 48  0.00000  3.38326e+04
 49  0.00000  2.71887e+04 | 50  0.00000  2.51475e+04 | 51  0.00000  2.57006e+04
 52  0.00000  1.68679e+04 | 53  0.00000  2.19267e+03 | 54  0.00000  9.73908e+02
 55  0.00000 -2.14011e+03 | 56  0.00000 -1.45052e+04 | 57  0.00000 -1.95023e+04
 58  0.00000 -1.72828e+04 | 59  0.00000 -1.18481e+04 | 60  0.00000 -1.00831e+04
 61  0.00000 -1.20141e+04 | 62  0.00000 -1.05846e+04 | 63  0.00000 -1.14443e+04
 64  0.00000 -1.16956e+04 | 65  0.00000 -1.44933e+04 | 66  0.00000 -1.72425e+04
 67  0.00000 -1.77591e+04 | 68  0.00000 -2.09388e+04 | 69  0.00000 -2.06860e+04
 70  0.00000 -1.59595e+04 | 71  0.00000 -8.69340e+03 | 72  0.00000  2.31692e+03
 73  0.00000  7.86489e+03 |
1 0 31113.4
1 0 31113.2
1 0 31111.2
1 0 31091.3
1 0 30896.7
1 0 29441.7
1 0 26569.5
1 0 33292.4
1 0 25907.2
1 0 26004.1
1 0 25592.8
1 0 25437.2
1 0 25495.4
1 0 25367.1
1 0 25355.4
1 0 25327.7
1 0 25376.9
1 0 25314.9
1 0 25300.5
1 0 25294.1

Intermediate statistics: 73 variables; iteration 10; function evaluation 20; phase 1
Function value   2.5294078e+04; maximum gradient component mag   4.0022e+04
Var   Value    Gradient   |Var   Value    Gradient   |Var   Value    Gradient
  1  0.24987 -3.15344e+02 |  2  0.23436 -3.08460e+01 |  3  0.21216  2.92370e+02
  4  0.20075  4.18011e+02 |  5  0.18160  3.42103e+02 |  6  0.15661  2.05053e+02
  7  0.13382  1.49565e+02 |  8  0.10732  6.85504e+00 |  9  0.10322  1.20858e+02
 10  0.08489  4.25177e+01 | 11  0.06896  6.12921e+01 | 12  0.04517 -3.09276e+01
 13  0.03694  4.84333e+01 | 14  0.01926 -1.33167e+02 | 15  0.04503  1.06275e+02
 16  0.08732  1.09004e+04 | 17  0.03289  1.12309e+03 | 18  0.03314  5.44597e+03
 19 -0.00337  7.84499e+01 | 20 -0.01955 -3.15965e+03 | 21 -0.01910 -2.03977e+03
 22 -0.00693 -1.14143e+03 | 23 -0.00004 -2.12255e+03 | 24 -0.00693  2.15589e+01
 25 -0.00897  4.61021e+03 | 26 -0.00050  7.89793e+02 | 27  0.01097  1.32969e+03
 28  0.03318  7.35395e+03 | 29  0.01150  5.12884e+03 | 30 -0.00845 -2.30303e+03
 31 -0.01334 -4.19187e+03 | 32 -0.00222 -2.72224e+03 | 33  0.00278  2.40927e+03
 34  0.00155 -1.13759e+03 | 35  0.00164  3.92840e+02 | 36  0.00214  5.96252e+02
 37  0.00911  2.49532e+03 | 38  0.00721  2.28781e+03 | 39  0.00385  8.32952e+02
 40  0.01131  1.88753e+03 | 41 -0.00158  2.35301e+02 | 42 -0.01016 -4.05231e+03
 43 -0.01976 -4.36525e+03 | 44 -0.04035 -9.77167e+03 | 45  0.09785 -3.80538e+04
 46 -0.00843  4.00218e+04 | 47 -0.02456  1.84673e+04 | 48 -0.02591  1.35712e+04
 49 -0.02294  1.09672e+04 | 50 -0.01768  1.15374e+04 | 51 -0.01772  1.24850e+04
 52 -0.02233  5.54564e+03 | 53 -0.00590  2.69836e+02 | 54 -0.00615 -1.08929e+03
 55 -0.02800 -4.27132e+03 | 56 -0.01098 -6.38835e+03 | 57  0.03592 -9.28997e+03
 58  0.01678 -8.26127e+03 | 59 -0.01532 -6.65922e+03 | 60 -0.00625 -5.28110e+03
 61  0.01369 -5.02696e+03 | 62  0.00149 -5.64865e+03 | 63  0.01028 -5.33722e+03
 64 -0.00358 -6.41989e+03 | 65 -0.00055 -7.22486e+03 | 66  0.02330 -8.29373e+03
 67 -0.02705 -8.59696e+03 | 68  0.02434 -8.80100e+03 | 69  0.02831 -7.84260e+03
 70  0.00985 -6.84809e+03 | 71  0.03121 -3.70790e+03 | 72  0.04551  5.93650e+02
 73  0.00279  1.58250e+03 |
1 0 25288.1
1 0 25283.4
1 0 25281.6
1 0 25279.8
1 0 25277.4
1 0 25276.5
1 0 25275.3
1 0 25274.9
1 0 25274.3
1 0 25274
73 variables; iteration 20; function evaluation 30; phase 1
Function value   2.5273953e+04; maximum gradient component mag   4.2395e+04
Var   Value    Gradient   |Var   Value    Gradient   |Var   Value    Gradient
  1  0.26021 -7.22679e+02 |  2  0.26354  1.81073e+02 |  3  0.23121  3.86474e+02
  4  0.21293  4.36597e+02 |  5  0.19006  3.29803e+02 |  6  0.16290  1.93675e+02
  7  0.13690  1.05009e+02 |  8  0.11538  5.29976e+01 |  9  0.10132  6.05120e+01
 10  0.08645  5.52341e+01 | 11  0.06757  2.22801e+01 | 12  0.05037  1.20418e+01
 13  0.03520 -3.01007e+01 | 14  0.03309 -9.20827e+00 | 15  0.03756  2.89545e+01
 16  0.08588  1.07795e+04 | 17  0.04053  3.92653e+03 | 18  0.03191  4.30459e+03
 19 -0.00497  7.68888e+01 | 20 -0.01986 -2.64806e+03 | 21 -0.02085 -2.38199e+03
 22 -0.00918 -1.50349e+03 | 23 -0.00116 -1.79115e+03 | 24 -0.00791 -2.89688e+02
 25 -0.00926  4.41162e+03 | 26 -0.00008  6.89232e+02 | 27  0.01435  1.28996e+03
 28  0.03224  7.72826e+03 | 29  0.01266  5.63549e+03 | 30 -0.00763 -3.85544e+03
 31 -0.01098 -3.40893e+03 | 32 -0.00285 -2.78054e+03 | 33  0.00116  2.17565e+03
 34  0.00120 -1.30043e+03 | 35  0.00140  1.85693e+02 | 36  0.00246  5.44869e+02
 37  0.00722  2.18566e+03 | 38  0.00643  2.37047e+03 | 39  0.00630  5.77710e+02
 40  0.01112  2.03806e+03 | 41 -0.00385  1.45590e+02 | 42 -0.00858 -4.11817e+03
 43 -0.01915 -4.46601e+03 | 44 -0.04261 -9.70151e+03 | 45  0.09922 -3.79816e+04
 46 -0.00796  4.23952e+04 | 47 -0.02608  1.81110e+04 | 48 -0.02742  1.29717e+04
 49 -0.02423  1.06609e+04 | 50 -0.02011  1.06542e+04 | 51 -0.02104  1.09570e+04
 52 -0.02460  4.82792e+03 | 53 -0.00674  1.58513e+02 | 54 -0.01036 -1.69033e+03
 55 -0.02663 -3.72592e+03 | 56 -0.00579 -5.53597e+03 | 57  0.03254 -9.43542e+03
 58  0.01784 -7.50622e+03 | 59 -0.01050 -6.06552e+03 | 60 -0.00529 -4.99586e+03
 61  0.01066 -5.23567e+03 | 62  0.00120 -5.53529e+03 | 63  0.00803 -5.37977e+03
 64 -0.00256 -6.19618e+03 | 65  0.00037 -7.20004e+03 | 66  0.01952 -8.39227e+03
 67 -0.03744 -8.63195e+03 | 68  0.02980 -8.86764e+03 | 69  0.01954 -8.41849e+03
 70  0.01176 -6.73244e+03 | 71  0.03234 -3.60528e+03 | 72  0.05018  8.26311e+02
 73  0.02313  1.67280e+03 |
1 0 25273.7
1 0 25273.4
1 0 25273
1 0 25272.6
1 0 25272.1
1 0 25271.9
1 0 25271.7
1 0 25271.6
1 0 25271.6
1 0 25271.5
73 variables; iteration 30; function evaluation 40; phase 1
Function value   2.5271499e+04; maximum gradient component mag   4.2157e+04
Var   Value    Gradient   |Var   Value    Gradient   |Var   Value    Gradient
  1  0.25968 -7.02349e+02 |  2  0.26016  1.34496e+02 |  3  0.23054  3.94059e+02
  4  0.21107  4.17985e+02 |  5  0.18914  3.24331e+02 |  6  0.16387  2.00865e+02
  7  0.13957  1.13112e+02 |  8  0.12001  8.58174e+01 |  9  0.10074  4.51798e+01
 10  0.08536  4.95391e+01 | 11  0.06758  1.43078e+01 | 12  0.05396  2.12051e+01
 13  0.04019 -3.76998e+01 | 14  0.04232  5.49317e+01 | 15  0.03268 -1.92558e+01
 16  0.08589  1.08084e+04 | 17  0.04020  3.82741e+03 | 18  0.03205  4.42479e+03
 19 -0.00484  2.05384e+01 | 20 -0.01947 -2.60971e+03 | 21 -0.02075 -2.42031e+03
 22 -0.00875 -1.36834e+03 | 23 -0.00121 -1.87524e+03 | 24 -0.00785 -1.79741e+02
 25 -0.00962  4.27179e+03 | 26 -0.00011  5.88420e+02 | 27  0.01469  1.54247e+03
 28  0.03253  7.70562e+03 | 29  0.01262  5.60682e+03 | 30 -0.00764 -3.68306e+03
 31 -0.01133 -3.63486e+03 | 32 -0.00303 -2.84719e+03 | 33  0.00108  2.17822e+03
 34  0.00114 -1.34720e+03 | 35  0.00140  2.49421e+02 | 36  0.00204  3.76384e+02
 37  0.00761  2.22057e+03 | 38  0.00715  2.52918e+03 | 39  0.00561  6.77929e+02
 40  0.01102  2.34397e+03 | 41 -0.00375 -9.88967e+01 | 42 -0.00870 -4.41536e+03
 43 -0.01870 -4.42446e+03 | 44 -0.04330 -9.62540e+03 | 45  0.10044 -3.90658e+04
 46 -0.00905  4.21568e+04 | 47 -0.02721  1.79868e+04 | 48 -0.02797  1.32752e+04
 49 -0.02516  1.06999e+04 | 50 -0.02090  1.07385e+04 | 51 -0.02184  1.10601e+04
 52 -0.02513  4.97208e+03 | 53 -0.00808  3.98909e+01 | 54 -0.01107 -1.53907e+03
 55 -0.02757 -3.73100e+03 | 56 -0.00710 -5.62532e+03 | 57  0.03183 -9.44770e+03
 58  0.01670 -7.57082e+03 | 59 -0.01156 -6.02534e+03 | 60 -0.00621 -4.92311e+03
 61  0.00972 -5.16791e+03 | 62  0.00022 -5.47557e+03 | 63  0.00737 -5.32340e+03
 64 -0.00347 -6.10050e+03 | 65 -0.00233 -7.15777e+03 | 66  0.01984 -8.35634e+03
 67 -0.03549 -8.60910e+03 | 68  0.02715 -9.50756e+03 | 69  0.01918 -8.77068e+03
 70  0.00939 -6.80857e+03 | 71  0.03213 -3.48699e+03 | 72  0.05197  9.41850e+02
 73  0.04482  1.84020e+03 |
1 0 25271.4
1 0 25271.2
1 0 25271
1 0 25270.9
1 0 25270.7
1 0 25270.6
1 0 25270.5
1 0 25270.3
1 0 25270
1 0 25269.5
73 variables; iteration 40; function evaluation 50; phase 1
Function value   2.5269486e+04; maximum gradient component mag   4.2108e+04
Var   Value    Gradient   |Var   Value    Gradient   |Var   Value    Gradient
  1  0.25941 -7.11432e+02 |  2  0.25979  1.36896e+02 |  3  0.22771  3.54321e+02
  4  0.21088  4.25037e+02 |  5  0.18896  3.22601e+02 |  6  0.16415  1.97387e+02
  7  0.14204  1.35242e+02 |  8  0.12014  6.93299e+01 |  9  0.10383  6.81050e+01
 10  0.08574  3.28480e+01 | 11  0.07048  1.71617e+01 | 12  0.05915  1.18191e+01
 13  0.05130  2.09468e+01 | 14  0.04305  6.58717e+00 | 15  0.03771 -3.33330e+00
 16  0.08571  1.07433e+04 | 17  0.04017  3.83692e+03 | 18  0.03203  4.43413e+03
 19 -0.00494 -3.46498e-01 | 20 -0.01952 -2.60773e+03 | 21 -0.02083 -2.44435e+03
 22 -0.00880 -1.39026e+03 | 23 -0.00103 -1.76342e+03 | 24 -0.00780 -1.60802e+02
 25 -0.00979  4.13130e+03 | 26 -0.00012  5.07966e+02 | 27  0.01489  1.61883e+03
 28  0.03251  7.78562e+03 | 29  0.01247  5.41322e+03 | 30 -0.00744 -3.59224e+03
 31 -0.01124 -3.60952e+03 | 32 -0.00282 -2.67088e+03 | 33  0.00085  1.89836e+03
 34  0.00106 -1.41965e+03 | 35  0.00127  5.77167e+01 | 36  0.00259  6.80655e+02
 37  0.00695  2.10264e+03 | 38  0.00620  2.44139e+03 | 39  0.00647  6.89092e+02
 40  0.01143  2.40599e+03 | 41 -0.00397 -2.37181e+01 | 42 -0.00847 -4.37105e+03
 43 -0.01843 -4.36023e+03 | 44 -0.04380 -9.66319e+03 | 45  0.10081 -3.83405e+04
 46 -0.00933  4.21080e+04 | 47 -0.02751  1.79278e+04 | 48 -0.02825  1.32324e+04
 49 -0.02536  1.07272e+04 | 50 -0.02117  1.07177e+04 | 51 -0.02215  1.09592e+04
 52 -0.02545  4.87647e+03 | 53 -0.00837  3.48671e+01 | 54 -0.01110 -1.41207e+03
 55 -0.02806 -3.75627e+03 | 56 -0.00695 -5.63059e+03 | 57  0.03132 -9.55103e+03
 58  0.01660 -7.58551e+03 | 59 -0.01184 -6.08273e+03 | 60 -0.00667 -5.05403e+03
 61  0.00959 -5.12873e+03 | 62  0.00016 -5.33842e+03 | 63  0.00719 -5.06625e+03
 64 -0.00386 -6.09615e+03 | 65  0.00017 -7.06436e+03 | 66  0.01780 -8.35160e+03
 67 -0.03779 -8.63300e+03 | 68  0.02816 -9.43590e+03 | 69  0.01802 -8.76564e+03
 70  0.00907 -6.83681e+03 | 71  0.03222 -3.52850e+03 | 72  0.05299  9.36500e+02
 73  0.05074  1.83137e+03 |
1 0 25268.8
1 0 25267.7
1 0 25266.2
1 0 25264.8
1 0 25263
1 0 25260
1 0 25256.1
1 0 25255.3
1 0 25254.2
1 0 25252
1 0 25252.9
1 0 25251.1
73 variables; iteration 50; function evaluation 62; phase 1
Function value   2.5251475e+04; maximum gradient component mag   4.2221e+04
Var   Value    Gradient   |Var   Value    Gradient   |Var   Value    Gradient
  1  0.25659 -9.36619e+02 |  2  0.25934  9.46056e+01 |  3  0.22978  3.68138e+02
  4  0.20883  3.68940e+02 |  5  0.18869  3.02284e+02 |  6  0.16638  2.06758e+02
  7  0.14351  1.09035e+02 |  8  0.12827  8.91640e+01 |  9  0.11624  6.59097e+01
 10  0.10808  5.44013e+01 | 11  0.10368  1.48633e+01 | 12  0.11360  1.41441e+02
 13  0.10383  7.99727e+01 | 14  0.08878  5.31281e+00 | 15  0.08579  3.20247e+01
 16  0.08586  1.08890e+04 | 17  0.04017  4.22298e+03 | 18  0.03151  4.06892e+03
 19 -0.00501 -5.41383e+01 | 20 -0.01947 -2.65301e+03 | 21 -0.02090 -2.56131e+03
 22 -0.00902 -1.48288e+03 | 23 -0.00161 -1.95025e+03 | 24 -0.00859 -4.29378e+02
 25 -0.01035  4.00784e+03 | 26 -0.00077  2.09431e+02 | 27  0.01477  1.50822e+03
 28  0.03132  7.30989e+03 | 29  0.01279  5.72187e+03 | 30 -0.00725 -3.83745e+03
 31 -0.01152 -4.27106e+03 | 32 -0.00258 -2.52796e+03 | 33  0.00046  1.67985e+03
 34  0.00087 -1.32584e+03 | 35  0.00068 -1.43304e+02 | 36  0.00213  7.04567e+02
 37  0.00795  2.35529e+03 | 38  0.00611  1.75622e+03 | 39  0.00410  4.59883e+02
 40  0.01196  2.45956e+03 | 41 -0.00197  1.36161e+02 | 42 -0.00851 -4.16111e+03
 43 -0.01963 -5.14745e+03 | 44 -0.04255 -9.52018e+03 | 45  0.10040 -3.92194e+04
 46 -0.00915  4.22206e+04 | 47 -0.02742  1.78255e+04 | 48 -0.02822  1.30425e+04
 49 -0.02538  1.04869e+04 | 50 -0.02118  1.04691e+04 | 51 -0.02204  1.08111e+04
 52 -0.02529  4.78752e+03 | 53 -0.00813 -2.87237e+01 | 54 -0.01141 -1.51562e+03
 55 -0.02798 -3.78294e+03 | 56 -0.00586 -5.53004e+03 | 57  0.03121 -9.18230e+03
 58  0.01735 -7.37763e+03 | 59 -0.01054 -5.79154e+03 | 60 -0.00575 -4.81670e+03
 61  0.01011 -4.88743e+03 | 62  0.00040 -5.34913e+03 | 63  0.00743 -5.18843e+03
 64 -0.00438 -6.33626e+03 | 65 -0.00280 -7.53474e+03 | 66  0.02030 -8.69846e+03
 67 -0.03678 -8.70443e+03 | 68  0.02464 -9.56399e+03 | 69  0.02190 -8.95225e+03
 70  0.00946 -7.06543e+03 | 71  0.03099 -3.67030e+03 | 72  0.05107  9.22915e+02
 73  0.04523  1.79467e+03 |
1 0 25249.3
1 0 25253.3
1 0 25248.9
1 0 25248.1
1 0 25246.7
1 0 25244.3
1 0 25241.4
1 0 25236
1 0 25226.9
1 0 25213.5
1 0 25189.3
73 variables; iteration 60; function evaluation 73; phase 1
Function value   2.5189687e+04; maximum gradient component mag   4.1967e+04
Var   Value    Gradient   |Var   Value    Gradient   |Var   Value    Gradient
  1  0.25457 -1.02501e+03 |  2  0.26017  8.78250e+01 |  3  0.23234  3.89226e+02
  4  0.20760  3.33658e+02 |  5  0.18760  2.87578e+02 |  6  0.16442  1.90386e+02
  7  0.14086  9.27384e+01 |  8  0.12618  4.37326e+01 |  9  0.12634  1.07490e+02
 10  0.12260  1.47196e+02 | 11  0.10094  1.22183e+01 | 12  0.09265 -4.04249e+01
 13  0.11101  8.95012e+01 | 14  0.12380  6.19264e+01 | 15  0.14736  2.39260e+02
 16  0.08523  1.06176e+04 | 17  0.03996  4.29181e+03 | 18  0.03047  3.80441e+03
 19 -0.00572 -1.57575e+02 | 20 -0.01953 -2.57838e+03 | 21 -0.02055 -2.44492e+03
 22 -0.00851 -1.37195e+03 | 23 -0.00091 -1.77507e+03 | 24 -0.00798 -3.22694e+02
 25 -0.01039  3.97007e+03 | 26 -0.00126  1.29403e+02 | 27  0.01397  1.28209e+03
 28  0.03034  7.12917e+03 | 29  0.01397  5.77722e+03 | 30 -0.00580 -3.68992e+03
 31 -0.01191 -4.36643e+03 | 32 -0.00261 -2.37290e+03 | 33  0.00008  1.52171e+03
 34  0.00084 -1.17071e+03 | 35  0.00029 -2.09962e+02 | 36  0.00240  7.00333e+02
 37  0.00817  2.25573e+03 | 38  0.00661  1.97220e+03 | 39  0.00348  3.49039e+02
 40  0.01085  2.33259e+03 | 41 -0.00221  1.15939e+02 | 42 -0.00809 -4.19446e+03
 43 -0.01843 -4.71494e+03 | 44 -0.04245 -9.75509e+03 | 45  0.10094 -3.88409e+04
 46 -0.00996  4.19673e+04 | 47 -0.02812  1.76780e+04 | 48 -0.02887  1.29435e+04
 49 -0.02592  1.04093e+04 | 50 -0.02166  1.03801e+04 | 51 -0.02247  1.07068e+04
 52 -0.02542  4.80270e+03 | 53 -0.00803  5.88265e+01 | 54 -0.01185 -1.52562e+03
 55 -0.02968 -3.90710e+03 | 56 -0.00542 -5.43396e+03 | 57  0.02935 -8.77906e+03
 58  0.02078 -6.77247e+03 | 59 -0.01442 -5.97336e+03 | 60 -0.00494 -4.59816e+03
 61  0.00927 -4.87723e+03 | 62  0.00090 -5.27448e+03 | 63  0.00571 -5.41973e+03
 64 -0.00405 -6.26793e+03 | 65 -0.00377 -7.45661e+03 | 66  0.02056 -8.55630e+03
 67 -0.03366 -8.67396e+03 | 68  0.02382 -9.57261e+03 | 69  0.02039 -9.08752e+03
 70  0.00900 -7.09946e+03 | 71  0.03002 -3.90111e+03 | 72  0.05178  8.42794e+02
 73  0.05458  1.82771e+03 |
1 0 25152
1 0 25080.1
1 0 24685.1
1 0 24917.6
1 0 24497.4
1 0 24190.9
1 0 24187
1 0 24026.4
1 0 23833.5
1 0 26446.4
1 0 23812
1 0 23781.4
1 0 23856.8
1 0 23774.6
1 0 23766.2
73 variables; iteration 70; function evaluation 88; phase 1
Function value   2.3766193e+04; maximum gradient component mag  -3.1157e+04
Var   Value    Gradient   |Var   Value    Gradient   |Var   Value    Gradient
  1  0.24502 -6.01534e+02 |  2  0.30437  2.37285e+03 |  3  0.20673 -5.76535e+01
  4  0.21748  6.31765e+02 |  5  0.16191  1.26454e+02 |  6  0.11754 -7.81906e+01
  7  0.11828  1.26751e+01 |  8  0.13774  1.80447e+02 |  9  0.13808  4.81612e+02
 10  0.02761 -3.04526e+02 | 11  0.01269 -3.56290e+02 | 12  0.10741  3.69431e+02
 13  0.10901 -1.22714e+02 | 14  0.17025  3.76950e+02 | 15  0.19935  6.12346e+02
 16  0.06281  5.06251e+02 | 17  0.03409 -5.98024e+03 | 18  0.01100  2.52012e+03
 19 -0.01125 -6.71671e+02 | 20 -0.01635 -8.06578e+02 | 21 -0.01432 -1.03379e+02
 22 -0.00640 -3.28138e+02 | 23 -0.00156 -1.49880e+03 | 24 -0.00680  9.87079e+02
 25 -0.01026  4.35600e+03 | 26 -0.00029  1.05453e+03 | 27  0.00857  2.17745e+02
 28  0.01337  3.46798e+03 | 29  0.00999  3.85898e+03 | 30  0.00010 -1.06319e+03
 31 -0.00136 -1.60073e+03 | 32  0.00099 -1.02130e+03 | 33  0.00042  2.05843e+03
 34  0.00311 -1.28032e+02 | 35  0.00098  4.27280e+02 | 36  0.00335  1.20893e+03
 37  0.00303  7.63591e+01 | 38  0.00370 -3.56657e+03 | 39 -0.00526 -7.61861e+03
 40  0.00435  7.09377e+03 | 41  0.00531  5.96602e+03 | 42  0.00019 -5.25088e+02
 43 -0.00756 -1.97356e+03 | 44 -0.02271 -7.50951e+03 | 45  0.10025 -3.11571e+04
 46 -0.02642  2.28460e+04 | 47 -0.03628  1.07775e+04 | 48 -0.03305  8.97394e+03
 49 -0.02821  7.19391e+03 | 50 -0.02432  7.23254e+03 | 51 -0.02554  7.95472e+03
 52 -0.02479  3.66100e+03 | 53 -0.00768 -1.04263e+03 | 54 -0.01189 -2.25698e+03
 55 -0.01983 -3.11460e+03 | 56 -0.00469 -6.15158e+03 | 57  0.02891 -5.63464e+03
 58  0.01304 -6.16825e+03 | 59  0.00562 -3.86016e+03 | 60 -0.00313 -4.82224e+03
 61  0.00636 -5.56600e+03 | 62  0.00448 -5.25632e+03 | 63  0.00221 -6.41254e+03
 64 -0.00001 -6.33380e+03 | 65 -0.00041 -6.22097e+03 | 66  0.01803 -6.17252e+02
 67  0.03738  1.44122e+04 | 68  0.00563 -4.24229e+03 | 69  0.02459 -5.09059e+03
 70  0.00865 -7.14108e+03 | 71  0.02212 -4.73487e+03 | 72  0.03276 -3.95384e+02
 73  0.03585  1.50288e+03 |
1 0 23756.3
1 0 23739.4
1 0 23707
1 0 23565
1 0 23280.1
1 0 23277.8
1 0 23131.6
1 0 22906.3
1 0 22562.9
1 0 22434.8
1 0 22295.3
1 0 22297.3
1 0 22254.6
73 variables; iteration 80; function evaluation 101; phase 1
Function value   2.2254626e+04; maximum gradient component mag  -7.9311e+03
Var   Value    Gradient   |Var   Value    Gradient   |Var   Value    Gradient
  1  0.25237 -4.94393e+01 |  2  0.20165 -2.64353e+02 |  3  0.16175  6.94110e+01
  4  0.12624 -3.67694e+00 |  5  0.12096  2.12407e+02 |  6  0.08513 -2.24081e+01
  7  0.07405  5.41615e+01 |  8  0.06133  9.93107e+01 |  9  0.03009 -1.47991e+02
 10  0.04912  1.59058e+02 | 11  0.02923 -3.34928e+01 | 12  0.02518 -5.92732e+00
 13  0.02820  3.04645e+01 | 14  0.02777 -6.31489e+00 | 15  0.03492  4.61427e+01
 16  0.06309 -6.21697e+02 | 17  0.01205  1.59194e+03 | 18 -0.00740 -1.29844e+03
 19 -0.00655  4.20752e+02 | 20 -0.00623  1.59723e+01 | 21 -0.00673 -1.28290e+02
 22 -0.00270  1.51372e+02 | 23  0.00208  1.39053e+02 | 24 -0.00291  1.18184e+02
 25 -0.01362  2.21447e+01 | 26 -0.00113  6.27534e+01 | 27  0.00429 -1.81493e+02
 28 -0.00755  7.57793e+01 | 29 -0.00487 -5.15403e+02 | 30  0.00520  1.20202e+02
 31  0.00825  5.95077e+02 | 32  0.00985  3.21135e+02 | 33  0.00128  3.48141e+01
 34  0.00702 -1.45880e+02 | 35  0.00431 -9.77746e+01 | 36  0.00402 -2.51148e+02
 37  0.00149  6.56604e+02 | 38  0.00154  1.73674e+02 | 39  0.00288  6.95182e+02
 40 -0.00013 -5.07848e+02 | 41  0.00105 -4.31821e+02 | 42  0.00605 -1.46514e+02
 43 -0.00280 -3.62752e+02 | 44 -0.00789 -5.28779e+02 | 45  0.10196 -7.93107e+03
 46 -0.05889  8.55501e+01 | 47 -0.05155 -9.82544e+01 | 48 -0.04319  8.79874e+00
 49 -0.03390  1.77491e+02 | 50 -0.03089  3.00939e+02 | 51 -0.03694  3.62279e+02
 52 -0.02742  2.78754e+02 | 53 -0.00439  3.74597e+02 | 54 -0.00672  3.92163e+02
 55 -0.00680  1.81016e+01 | 56  0.01216 -1.79600e+02 | 57  0.01993  1.36251e+02
 58  0.02013  3.36338e+02 | 59  0.01171 -1.85792e+02 | 60  0.00961 -1.92105e+02
 61  0.01193 -3.16472e+00 | 62  0.01073  4.83466e+02 | 63  0.01209  4.74344e+02
 64  0.00949  1.64112e+02 | 65  0.01303  5.50945e+01 | 66  0.01705 -5.35323e+02
 67  0.01330 -1.51838e+03 | 68  0.01935 -1.40035e+03 | 69  0.02247 -5.18513e+02
 70  0.02449  8.78891e+02 | 71  0.02060 -4.91498e+02 | 72  0.02716  2.99116e+02
 73  0.02539  3.74602e+02 |
1 0 22240.8
1 0 22231.3
1 0 22226
1 0 22224.3
1 0 22221.8
1 0 22219.7
1 0 22218.1
1 0 22217
1 0 22216.1
1 0 22215.8
73 variables; iteration 90; function evaluation 111; phase 1
Function value   2.2215758e+04; maximum gradient component mag  -2.1651e+02
Var   Value    Gradient   |Var   Value    Gradient   |Var   Value    Gradient
  1  0.23871 -3.09063e+01 |  2  0.19328  1.20641e+01 |  3  0.13214  1.20539e+00
  4  0.08432 -1.04779e+01 |  5  0.05089 -9.65552e-01 |  6  0.02542 -7.55969e+00
  7  0.00728 -2.46635e+00 |  8 -0.00656  2.82229e+00 |  9 -0.01858 -7.90440e+00
 10 -0.02618  3.58801e+00 | 11 -0.03312  2.30908e-01 | 12 -0.03863 -8.73349e-01
 13 -0.04256 -2.08961e-01 | 14 -0.04523 -1.57015e+00 | 15 -0.04628  2.01686e-01
 16  0.06587  7.83286e+01 | 17 -0.00446  1.47692e+02 | 18 -0.00576 -8.85271e+01
 19 -0.00687 -7.57353e+00 | 20 -0.00663  1.93782e+01 | 21 -0.00705  5.03084e+01
 22 -0.00356 -3.47481e+01 | 23  0.00123 -4.07823e+01 | 24 -0.00357 -2.02022e+01
 25 -0.01391 -2.81705e+01 | 26 -0.00090 -1.90886e+01 | 27  0.00553 -4.57593e+01
 28 -0.00691  4.35366e+01 | 29 -0.00392  3.81632e+01 | 30  0.00485 -2.48542e+00
 31  0.00728  3.98614e+01 | 32  0.00891 -7.50161e+00 | 33  0.00053 -1.14954e+01
 34  0.00678 -1.83659e+01 | 35  0.00447 -1.62646e+01 | 36  0.00447 -1.22370e+01
 37  0.00087  9.39035e+00 | 38  0.00205 -3.88778e+01 | 39  0.00336 -9.17647e+00
 40  0.00099 -6.20481e+01 | 41  0.00138 -3.92821e+01 | 42  0.00715  1.68306e+01
 43  0.00238  1.22984e+01 | 44  0.00133  1.28755e+02 | 45  0.10203 -2.16511e+02
 46 -0.05784  1.92373e+02 | 47 -0.05047  5.66422e+01 | 48 -0.04288 -4.54441e+01
 49 -0.03371 -5.97129e+01 | 50 -0.03090 -3.10402e+01 | 51 -0.03716 -4.47700e+00
 52 -0.02747  3.22499e+00 | 53 -0.00486  1.19564e+01 | 54 -0.00730  1.09937e+01
 55 -0.00582  1.08788e+02 | 56  0.01254 -7.28077e+01 | 57  0.02056  2.47642e+01
 58  0.02031  2.96069e+01 | 59  0.01241 -9.37974e+01 | 60  0.01011 -5.72466e+01
 61  0.01210 -3.09716e+01 | 62  0.01026  4.68448e+01 | 63  0.01201  4.86806e+01
 64  0.00985 -1.70803e+02 | 65  0.01288 -4.51569e+01 | 66  0.01760  3.67831e+00
 67  0.01602 -7.32343e+01 | 68  0.02214  9.03789e+01 | 69  0.02336 -9.73866e+00
 70  0.02096 -4.71151e+01 | 71  0.02023  3.67251e+01 | 72  0.02234  7.12340e+01
 73  0.02254  1.18763e+01 |
1 0 22215.5
1 0 22215.4
1 0 22215.3
1 0 22215.2
1 0 22215.2
1 0 22215.2
1 0 22215.2
1 0 22215.1
1 0 22215.1
1 0 22215.1
73 variables; iteration 100; function evaluation 121; phase 1
Function value   2.2215117e+04; maximum gradient component mag  -2.5800e+01
Var   Value    Gradient   |Var   Value    Gradient   |Var   Value    Gradient
  1  0.23690  2.85404e+00 |  2  0.18842 -1.51235e+00 |  3  0.12904  1.06827e+00
  4  0.08418  1.04213e+00 |  5  0.05168  1.19828e-01 |  6  0.02778  9.89676e-01
  7  0.00940 -6.39164e-03 |  8 -0.00496  1.38986e-01 |  9 -0.01638  9.30164e-01
 10 -0.02578  2.26294e-01 | 11 -0.03337  5.75982e-02 | 12 -0.03940 -4.41909e-01
 13 -0.04393 -2.86332e-01 | 14 -0.04713 -7.65765e-01 | 15 -0.04894 -2.32161e+00
 16  0.06486  5.02490e+00 | 17 -0.00825  2.37401e+00 | 18 -0.00581  7.73365e+00
 19 -0.00655 -1.27015e+00 | 20 -0.00631  6.64981e-01 | 21 -0.00688  5.70953e+00
 22 -0.00330 -3.28142e+00 | 23  0.00154 -2.82121e+00 | 24 -0.00327 -1.81920e+00
 25 -0.01361 -4.26652e-01 | 26 -0.00065 -5.14914e-01 | 27  0.00581 -5.19354e-01
 28 -0.00676 -6.39561e+00 | 29 -0.00387  3.42492e-01 | 30  0.00504  4.84431e-01
 31  0.00753 -3.96300e+00 | 32  0.00915  2.40780e+00 | 33  0.00070 -2.82276e-01
 34  0.00698 -1.27584e-01 | 35  0.00483 -4.45123e-01 | 36  0.00492  9.48353e-01
 37  0.00107  8.08851e-01 | 38  0.00232  1.52970e+00 | 39  0.00365 -3.44595e+00
 40  0.00132  9.03896e+00 | 41  0.00172 -2.69853e+00 | 42  0.00720 -6.21638e+00
 43  0.00181 -1.07345e+00 | 44 -0.00034  5.34811e+00 | 45  0.10214 -2.58002e+01
 46 -0.05863 -2.34928e+01 | 47 -0.05060  9.98969e+00 | 48 -0.04278  1.78186e+00
 49 -0.03371  6.68962e-01 | 50 -0.03097 -1.29704e+00 | 51 -0.03723  8.72922e-01
 52 -0.02755 -1.14327e-01 | 53 -0.00493 -1.64889e-01 | 54 -0.00735 -1.00008e+00
 55 -0.00615  1.41774e-02 | 56  0.01274  1.83853e+00 | 57  0.02039  8.14997e+00
 58  0.02012  1.37972e+01 | 59  0.01256  1.32044e+01 | 60  0.01013  9.85502e-01
 61  0.01207  3.37905e+00 | 62  0.01001 -6.56166e+00 | 63  0.01175 -5.47958e+00
 64  0.01026  4.39002e+00 | 65  0.01285  2.74500e+00 | 66  0.01744 -7.02185e+00
 67  0.01615 -3.03399e-01 | 68  0.02185 -1.06583e+01 | 69  0.02343 -1.12376e+01
 70  0.02128  1.49524e+00 | 71  0.02064 -7.24472e-01 | 72  0.02301  2.54183e+00
 73  0.02302  1.25086e+00 |
1 0 22215.1
1 0 22215.1
1 0 22215.1
1 0 22215.1
1 0 22215.1
1 0 22215.1
1 0 22215.1
1 0 22215.1
1 0 22215.1
1 0 22215.1
73 variables; iteration 110; function evaluation 131; phase 1
Function value   2.2215107e+04; maximum gradient component mag  -1.8253e-01
Var   Value    Gradient   |Var   Value    Gradient   |Var   Value    Gradient
  1  0.23679 -4.37553e-02 |  2  0.18833 -4.40794e-03 |  3  0.12867 -2.97702e-03
  4  0.08368 -1.48842e-02 |  5  0.05121 -3.59284e-03 |  6  0.02731 -2.86110e-03
  7  0.00916  9.00267e-04 |  8 -0.00497  7.36409e-03 |  9 -0.01613 -1.30098e-04
 10 -0.02496  1.69112e-03 | 11 -0.03187  3.02818e-03 | 12 -0.03715  2.68836e-03
 13 -0.04098  1.37060e-03 | 14 -0.04347 -4.87338e-03 | 15 -0.04470 -2.20354e-04
 16  0.06480  3.00194e-02 | 17 -0.00839  4.13675e-02 | 18 -0.00582 -4.23123e-02
 19 -0.00658 -1.71870e-02 | 20 -0.00632  2.41241e-02 | 21 -0.00688 -1.49708e-02
 22 -0.00328 -5.79282e-02 | 23  0.00156  2.16128e-02 | 24 -0.00325  3.83547e-04
 25 -0.01360  2.44142e-03 | 26 -0.00063  1.02993e-03 | 27  0.00582  9.93940e-03
 28 -0.00674 -2.98376e-02 | 29 -0.00387  9.49824e-02 | 30  0.00504  2.95341e-02
 31  0.00754  1.57463e-02 | 32  0.00917 -2.21729e-02 | 33  0.00072 -2.05032e-03
 34  0.00700 -2.25648e-03 | 35  0.00484 -6.85291e-03 | 36  0.00492 -9.23002e-03
 37  0.00108 -2.64576e-02 | 38  0.00233  8.33751e-02 | 39  0.00367  7.96226e-02
 40  0.00132 -1.82527e-01 | 41  0.00173 -2.50087e-03 | 42  0.00721  1.78212e-02
 43  0.00179  7.45570e-03 | 44 -0.00042 -1.98781e-02 | 45  0.10215 -1.35144e-02
 46 -0.05857 -3.46514e-02 | 47 -0.05064 -2.37720e-02 | 48 -0.04279 -6.98374e-03
 49 -0.03372 -2.52690e-02 | 50 -0.03098  2.37640e-02 | 51 -0.03723 -1.13429e-02
 52 -0.02755  2.07353e-02 | 53 -0.00494  2.32062e-03 | 54 -0.00735  1.11295e-02
 55 -0.00615 -4.38804e-03 | 56  0.01274  1.83643e-03 | 57  0.02038  1.20229e-01
 58  0.02009 -4.69350e-02 | 59  0.01253 -2.06185e-02 | 60  0.01013  7.20292e-04
 61  0.01206 -1.25896e-02 | 62  0.01002 -2.09439e-02 | 63  0.01176  3.03259e-02
 64  0.01024  5.16268e-03 | 65  0.01283  3.26878e-02 | 66  0.01745 -5.88227e-02
 67  0.01614  1.85840e-02 | 68  0.02185 -5.77956e-02 | 69  0.02344  3.61991e-02
 70  0.02128  1.80556e-02 | 71  0.02067  3.64947e-03 | 72  0.02306  8.23788e-03
 73  0.02306  1.34910e-03 |
1 0 22215.1

 - final statistics:
73 variables; iteration 111; function evaluation 132
Function value   2.2215e+04; maximum gradient component mag   5.4368e-02
Exit code = 1;  converg criter   1.0000e-01
Var   Value    Gradient   |Var   Value    Gradient   |Var   Value    Gradient
  1  0.23679 -1.82091e-02 |  2  0.18833  2.60100e-03 |  3  0.12867 -1.07418e-03
  4  0.08369 -3.76667e-03 |  5  0.05122 -3.07547e-04 |  6  0.02731 -1.65484e-03
  7  0.00916  1.21808e-03 |  8 -0.00497  3.16989e-03 |  9 -0.01613  1.24719e-03
 10 -0.02496 -1.54201e-03 | 11 -0.03188  1.37702e-03 | 12 -0.03715  1.35660e-03
 13 -0.04098  3.54084e-04 | 14 -0.04347 -1.23448e-03 | 15 -0.04470  3.14262e-05
 16  0.06480  4.16915e-03 | 17 -0.00839  1.78697e-02 | 18 -0.00582 -7.50984e-03
 19 -0.00658  1.65588e-03 | 20 -0.00632 -1.95808e-02 | 21 -0.00688  1.24451e-02
 22 -0.00328 -1.01019e-03 | 23  0.00156 -2.81606e-03 | 24 -0.00325 -3.00840e-03
 25 -0.01360  1.37257e-03 | 26 -0.00063  3.43060e-04 | 27  0.00582  8.60701e-03
 28 -0.00674 -6.94908e-03 | 29 -0.00387  5.43680e-02 | 30  0.00504  8.38668e-03
 31  0.00754 -1.09007e-02 | 32  0.00917 -8.73099e-03 | 33  0.00072 -1.12957e-02
 34  0.00700  1.34153e-03 | 35  0.00484 -5.55426e-03 | 36  0.00492 -1.52016e-03
 37  0.00108 -1.51617e-02 | 38  0.00233  1.69482e-02 | 39  0.00367  3.79764e-02
 40  0.00132 -4.65357e-02 | 41  0.00173 -3.10851e-02 | 42  0.00721  1.38877e-02
 43  0.00179  8.03917e-03 | 44 -0.00042 -2.07792e-02 | 45  0.10215  2.31206e-02
 46 -0.05857 -3.00846e-02 | 47 -0.05064 -1.57867e-02 | 48 -0.04279  2.21118e-02
 49 -0.03372  5.73973e-04 | 50 -0.03098  8.74658e-03 | 51 -0.03723  2.89874e-03
 52 -0.02755  6.45646e-03 | 53 -0.00494 -2.76667e-04 | 54 -0.00735  3.82792e-03
 55 -0.00615 -7.15071e-03 | 56  0.01274 -2.38577e-04 | 57  0.02038  8.08330e-03
 58  0.02009 -1.73638e-02 | 59  0.01253  3.03261e-02 | 60  0.01013 -1.65172e-03
 61  0.01206  1.30283e-02 | 62  0.01002 -1.21201e-02 | 63  0.01176  8.20612e-03
 64  0.01024  9.60231e-03 | 65  0.01283  2.16895e-02 | 66  0.01745 -2.07095e-03
 67  0.01614 -1.66445e-02 | 68  0.02185 -3.96247e-02 | 69  0.02344  2.30979e-02
 70  0.02128  1.12065e-02 | 71  0.02067 -1.09710e-02 | 72  0.02306 -1.30630e-02
 73  0.02306 -1.66841e-03 |
1 0 22215.1
B064189.3
0.3 0.477734
0.409486 0.394932
0.462055 0.363818
0.480297 0.354035
0.485835 0.351159
0.487444 0.350331
0.487905 0.350095
0.488037 0.350027
0.488074 0.350008
0.488085 0.350002
0.488088 0.350001
0.488089 0.35
0.488089 0.35
0.488089 0.35
0.488089 0.35
0.488089 0.35
0.488089 0.35
0.488089 0.35
0.488089 0.35
0.488089 0.35
0.488089 0.35
FutMOrt0.250785
FutMOrt0.250785
FutMOrt0.250785
FutMOrt0.250785
FutMOrt0.250785
FutMOrt0.250785
FutMOrt0.250785
FutMOrt0.250785
FutMOrt0.250785
FutMOrt0.250785
2 0 22215.1

Initial statistics: 77 variables; iteration 0; function evaluation 0; phase 2
Function value   2.2215107e+04; maximum gradient component mag  -9.0227e+03
Var   Value    Gradient   |Var   Value    Gradient   |Var   Value    Gradient
  1 -0.80579  6.83905e+01 |  2 -0.47465  8.48096e+01 |  3  0.23679 -1.82091e-02
  4  0.18833  2.60100e-03 |  5  0.12867 -1.07418e-03 |  6  0.08369 -3.76667e-03
  7  0.05122 -3.07547e-04 |  8  0.02731 -1.65484e-03 |  9  0.00916  1.21808e-03
 10 -0.00497  3.16989e-03 | 11 -0.01613  1.24719e-03 | 12 -0.02496 -1.54201e-03
 13 -0.03188  1.37702e-03 | 14 -0.03715  1.35660e-03 | 15 -0.04098  3.54084e-04
 16 -0.04347 -1.23448e-03 | 17 -0.04470  3.14262e-05 | 18  0.06480  4.16915e-03
 19 -0.00839  1.81980e-02 | 20 -0.00582 -7.18147e-03 | 21 -0.00658  1.98425e-03
 22 -0.00632 -1.92524e-02 | 23 -0.00688  1.27735e-02 | 24 -0.00328 -6.81812e-04
 25  0.00156 -2.48767e-03 | 26 -0.00325 -2.68002e-03 | 27 -0.01360  1.70088e-03
 28 -0.00063  6.71446e-04 | 29  0.00582  8.93539e-03 | 30 -0.00674 -6.62071e-03
 31 -0.00387  5.46963e-02 | 32  0.00504  8.71505e-03 | 33  0.00754 -1.05723e-02
 34  0.00917 -8.40264e-03 | 35  0.00072 -1.09674e-02 | 36  0.00700  1.66990e-03
 37  0.00484 -5.22589e-03 | 38  0.00492 -1.19178e-03 | 39  0.00108 -1.48333e-02
 40  0.00233  1.72765e-02 | 41  0.00367  3.83047e-02 | 42  0.00132 -4.62073e-02
 43  0.00173 -3.07567e-02 | 44  0.00721  1.42160e-02 | 45  0.00179  8.36756e-03
 46 -0.00042 -2.04508e-02 | 47  0.10215  2.31206e-02 | 48 -0.05857 -3.01209e-02
 49 -0.05064 -1.58230e-02 | 50 -0.04279  2.20754e-02 | 51 -0.03372  5.37585e-04
 52 -0.03098  8.71019e-03 | 53 -0.03723  2.86236e-03 | 54 -0.02755  6.42005e-03
 55 -0.00494 -3.13105e-04 | 56 -0.00735  3.79148e-03 | 57 -0.00615 -7.18715e-03
 58  0.01274 -2.75009e-04 | 59  0.02038  8.04688e-03 | 60  0.02009 -1.74002e-02
 61  0.01253  3.02897e-02 | 62  0.01013 -1.68815e-03 | 63  0.01206  1.29918e-02
 64  0.01002 -1.21566e-02 | 65  0.01176  8.16969e-03 | 66  0.01024  9.56588e-03
 67  0.01283  2.16531e-02 | 68  0.01745 -2.10738e-03 | 69  0.01614 -1.66809e-02
 70  0.02185 -3.96611e-02 | 71  0.02344  2.30615e-02 | 72  0.02128  1.11700e-02
 73  0.02067 -1.10074e-02 | 74  0.02306 -1.30994e-02 | 75  0.02306 -1.70483e-03
 76 -0.57048 -9.02269e+03 | 77 -0.42958  4.72208e+03 |
2 0 22215.1
2 0 22214.9
2 0 22212.9
2 0 22193.9
2 0 22140.5
2 0 22910.1
2 0 22134.3
2 0 22122.9
2 0 22105.5
2 0 22352.6
2 0 22104.5
2 0 22103.5
2 0 22103.1
2 0 22102.3
2 0 22101.2
2 0 22100.1

Intermediate statistics: 77 variables; iteration 10; function evaluation 16; phase 2
Function value   2.2100118e+04; maximum gradient component mag   9.1818e+03
Var   Value    Gradient   |Var   Value    Gradient   |Var   Value    Gradient
  1 -0.81169  1.66500e+02 |  2 -0.48018  2.84684e+01 |  3  0.23184 -1.56525e+01
  4  0.18955  8.73492e+00 |  5  0.12976 -1.20831e+01 |  6  0.08426 -8.56300e+00
  7  0.05151 -5.22015e+00 |  8  0.02749 -3.37871e+00 |  9  0.00928 -2.39651e+00
 10 -0.00489 -1.82132e+00 | 11 -0.01606 -1.45963e+00 | 12 -0.02490 -1.22060e+00
 13 -0.03183 -1.05635e+00 | 14 -0.03711 -9.45015e-01 | 15 -0.04094 -8.72341e-01
 16 -0.04343 -8.28503e-01 | 17 -0.04466 -8.04658e-01 | 18  0.06745 -7.08738e+03
 19 -0.01154  1.02463e+03 | 20 -0.00610 -1.65246e+01 | 21 -0.00572  3.74577e+02
 22 -0.00552  2.94481e+02 | 23 -0.00672 -2.86857e+02 | 24 -0.00370 -5.04601e+02
 25  0.00174  2.40938e+02 | 26 -0.00076  1.49953e+03 | 27 -0.01169 -4.34469e+02
 28 -0.00035 -1.77218e+02 | 29  0.00698  8.89031e+02 | 30 -0.00516 -5.52519e+01
 31 -0.00370 -4.00980e+02 | 32  0.00300 -1.54036e+03 | 33  0.00598 -9.35228e+02
 34  0.00873 -1.02777e+02 | 35  0.00059  7.46315e+01 | 36  0.00640 -4.77722e+02
 37  0.00450 -3.14864e+02 | 38  0.00509 -1.18242e+01 | 39  0.00152  2.91448e+02
 40  0.00271 -1.57786e+02 | 41  0.00375  4.87467e+00 | 42  0.00175  1.91892e+01
 43  0.00153 -2.72744e+02 | 44  0.00653 -5.88031e+02 | 45  0.00159  3.89945e+02
 46 -0.00143  1.17585e+03 | 47  0.10117  4.87534e+03 | 48 -0.05932 -8.27738e+02
 49 -0.05138 -1.03470e+03 | 50 -0.04326 -9.63372e+02 | 51 -0.03361 -3.32506e+02
 52 -0.03167  3.87051e+01 | 53 -0.03805 -2.29704e+02 | 54 -0.02841 -1.28628e+03
 55 -0.00473 -9.89154e+02 | 56 -0.00841 -7.50429e+02 | 57 -0.00694 -9.64229e+02
 58  0.01276 -1.03661e+03 | 59  0.02126  2.10587e+02 | 60  0.01987  1.24261e+03
 61  0.01250  1.36117e+03 | 62  0.00975  1.02476e+03 | 63  0.01211  5.95024e+02
 64  0.01027  9.72943e+02 | 65  0.01153  8.17157e+02 | 66  0.01013  5.62044e+02
 67  0.01296  3.40048e+02 | 68  0.01753  4.61461e+02 | 69  0.01592  2.44805e+02
 70  0.02228  4.65129e+02 | 71  0.02361  5.89994e+02 | 72  0.02091  7.23461e+02
 73  0.02058 -1.41257e+02 | 74  0.02670 -8.01783e+02 | 75  0.02497 -2.43762e+02
 76 -0.55620  9.18178e+03 | 77 -0.46156 -2.02679e+03 |
2 0 22100.6
2 0 22099.7
2 0 22099.4
2 0 22099.4
2 0 22099.2
2 0 22099
2 0 22099.1
2 0 22098.9
2 0 22098.8
2 0 22098.7
2 0 22098.4
2 0 22098
2 0 22097.4
77 variables; iteration 20; function evaluation 29; phase 2
Function value   2.2097412e+04; maximum gradient component mag   9.3346e+03
Var   Value    Gradient   |Var   Value    Gradient   |Var   Value    Gradient
  1 -0.82586  1.29629e+02 |  2 -0.50253  3.05487e+01 |  3  0.23427  1.84127e+02
  4  0.18817 -4.71755e+01 |  5  0.12926 -1.91150e+01 |  6  0.08469 -5.67087e+00
  7  0.05191 -4.48394e+00 |  8  0.02774 -3.25331e+00 |  9  0.00945 -2.26738e+00
 10 -0.00476 -1.67429e+00 | 11 -0.01596 -1.31634e+00 | 12 -0.02482 -1.08781e+00
 13 -0.03176 -9.35682e-01 | 14 -0.03705 -8.33962e-01 | 15 -0.04088 -7.66471e-01
 16 -0.04338 -7.25895e-01 | 17 -0.04461 -7.04881e-01 | 18  0.06616 -7.12413e+03
 19 -0.00979  1.08310e+03 | 20 -0.00616  1.43204e+00 | 21 -0.00604  3.41229e+02
 22 -0.00576  3.04740e+02 | 23 -0.00700 -1.98330e+02 | 24 -0.00419 -5.54030e+02
 25  0.00119  2.31116e+02 | 26 -0.00114  1.55994e+03 | 27 -0.01264 -6.99379e+02
 28 -0.00132 -4.27085e+02 | 29  0.00646  8.34479e+02 | 30 -0.00503  9.77916e+01
 31 -0.00417 -4.67923e+02 | 32  0.00286 -1.37996e+03 | 33  0.00536 -9.93980e+02
 34  0.00855 -8.54155e+01 | 35  0.00080  1.20415e+02 | 36  0.00667 -3.24458e+02
 37  0.00462 -2.40856e+02 | 38  0.00487 -3.48298e+01 | 39  0.00140  3.18855e+02
 40  0.00259 -1.83745e+02 | 41  0.00371  2.02300e+01 | 42  0.00161  6.31334e+01
 43  0.00109 -3.74363e+02 | 44  0.00622 -7.64773e+02 | 45  0.00269  4.27311e+02
 46  0.00257  1.33933e+03 | 47  0.10098  4.90387e+03 | 48 -0.05933 -8.16348e+02
 49 -0.05128 -9.62343e+02 | 50 -0.04290 -8.40288e+02 | 51 -0.03369 -4.44350e+02
 52 -0.03156  1.42142e+01 | 53 -0.03830 -3.65578e+02 | 54 -0.02817 -1.38791e+03
 55 -0.00469 -1.06077e+03 | 56 -0.00817 -5.32250e+02 | 57 -0.00731 -9.22458e+02
 58  0.01325 -8.15703e+02 | 59  0.02125  2.05904e+02 | 60  0.02011  1.26359e+03
 61  0.01201  1.15602e+03 | 62  0.00953  9.37063e+02 | 63  0.01229  6.28146e+02
 64  0.01037  9.11920e+02 | 65  0.01173  7.96209e+02 | 66  0.01009  4.98150e+02
 67  0.01290  2.66147e+02 | 68  0.01755  4.51277e+02 | 69  0.01624  3.54348e+02
 70  0.02244  4.91634e+02 | 71  0.02373  7.24617e+02 | 72  0.02054  8.92112e+02
 73  0.01896 -1.25446e+02 | 74  0.02414 -8.10308e+02 | 75  0.02851 -1.99791e+02
 76 -0.55961  9.33464e+03 | 77 -0.46840 -2.17896e+03 |
2 0 22096.7
2 0 22097.2
2 0 22096.4
2 0 22096
2 0 22095.4
2 0 22094.6
2 0 22094.9
2 0 22094.3
2 0 22094.2
2 0 22093.9
2 0 22093.5
2 0 22092.7
77 variables; iteration 30; function evaluation 41; phase 2
Function value   2.2092669e+04; maximum gradient component mag   8.9998e+03
Var   Value    Gradient   |Var   Value    Gradient   |Var   Value    Gradient
  1 -0.84779  4.87882e+01 |  2 -0.57957  1.01182e+01 |  3  0.23414  1.90115e+02
  4  0.18539 -7.55487e+01 |  5  0.12846 -1.02385e+01 |  6  0.08375 -7.87825e+00
  7  0.05208 -2.20557e-01 |  8  0.02823 -6.63415e-01 |  9  0.00983 -1.48227e+00
 10 -0.00449 -1.30092e+00 | 11 -0.01576 -1.00733e+00 | 12 -0.02466 -8.11447e-01
 13 -0.03162 -6.88796e-01 | 14 -0.03693 -6.09627e-01 | 15 -0.04077 -5.58973e-01
 16 -0.04327 -5.27868e-01 | 17 -0.04451 -5.10941e-01 | 18  0.06609 -6.98949e+03
 19 -0.01162  1.07567e+03 | 20 -0.00664 -1.00371e+02 | 21 -0.00655  2.63084e+02
 22 -0.00592  3.24358e+02 | 23 -0.00703 -2.51421e+02 | 24 -0.00396 -4.89145e+02
 25  0.00115  2.08692e+02 | 26 -0.00098  1.41806e+03 | 27 -0.01178 -4.75268e+02
 28 -0.00066 -3.04060e+02 | 29  0.00664  7.16151e+02 | 30 -0.00443  2.29160e+02
 31 -0.00431 -6.23535e+02 | 32  0.00268 -1.44655e+03 | 33  0.00564 -8.89931e+02
 34  0.00868 -5.97025e+01 | 35  0.00094  1.60635e+02 | 36  0.00642 -4.27798e+02
 37  0.00480 -2.55175e+02 | 38  0.00595  1.65589e+02 | 39  0.00248  5.04984e+02
 40  0.00292 -1.48319e+02 | 41  0.00349 -2.82808e+01 | 42  0.00142 -3.77359e+00
 43  0.00117 -3.59479e+02 | 44  0.00612 -7.90927e+02 | 45  0.00207  3.65860e+02
 46  0.00134  1.24818e+03 | 47  0.10073  4.74331e+03 | 48 -0.05901 -6.86813e+02
 49 -0.05134 -9.45974e+02 | 50 -0.04297 -8.80928e+02 | 51 -0.03375 -4.76414e+02
 52 -0.03118  1.14983e+02 | 53 -0.03874 -4.64518e+02 | 54 -0.02821 -1.29041e+03
 55 -0.00485 -1.21244e+03 | 56 -0.00786 -5.29060e+02 | 57 -0.00757 -9.78689e+02
 58  0.01356 -8.20872e+02 | 59  0.02152  3.00862e+02 | 60  0.01993  1.22608e+03
 61  0.01234  1.27322e+03 | 62  0.00959  9.30413e+02 | 63  0.01261  7.08860e+02
 64  0.01017  8.83200e+02 | 65  0.01135  7.13384e+02 | 66  0.01032  5.49726e+02
 67  0.01346  3.49509e+02 | 68  0.01790  4.49310e+02 | 69  0.01609  2.24088e+02
 70  0.02227  3.69156e+02 | 71  0.02389  7.28220e+02 | 72  0.02103  1.01165e+03
 73  0.01936 -8.60551e+01 | 74  0.02484 -6.95795e+02 | 75  0.02583 -2.02982e+02
 76 -0.55906  8.99976e+03 | 77 -0.46707 -2.02833e+03 |
2 0 22091.4
2 0 22090.2
2 0 22098.3
2 0 22090
2 0 22089.8
2 0 22089.5
2 0 22089.1
2 0 22089.1
2 0 22089.1
2 0 22089
2 0 22089
2 0 22089
77 variables; iteration 40; function evaluation 53; phase 2
Function value   2.2088983e+04; maximum gradient component mag   8.3184e+03
Var   Value    Gradient   |Var   Value    Gradient   |Var   Value    Gradient
  1 -0.83840 -6.21494e+00 |  2 -0.66693 -5.33204e+01 |  3  0.23357  8.32408e+01
  4  0.18800 -3.40733e+01 |  5  0.12448 -4.73762e+01 |  6  0.08284  1.23637e+00
  7  0.05075 -4.14627e+00 |  8  0.02741 -1.50341e+00 |  9  0.00972  4.25643e-01
 10 -0.00441 -4.41820e-01 | 11 -0.01569 -7.95260e-01 | 12 -0.02462 -7.12578e-01
 13 -0.03159 -5.90678e-01 | 14 -0.03691 -5.12462e-01 | 15 -0.04075 -4.61203e-01
 16 -0.04326 -4.33396e-01 | 17 -0.04449 -4.18825e-01 | 18  0.06644 -6.62916e+03
 19 -0.01118  1.11220e+03 | 20 -0.00659 -3.91220e+01 | 21 -0.00630  3.57911e+02
 22 -0.00593  1.87065e+02 | 23 -0.00623 -3.05640e+01 | 24 -0.00345 -3.74421e+02
 25  0.00135  3.43631e+02 | 26 -0.00144  1.28820e+03 | 27 -0.01246 -5.31732e+02
 28 -0.00126 -3.59994e+02 | 29  0.00648  7.55663e+02 | 30 -0.00450  1.80325e+02
 31 -0.00445 -5.62564e+02 | 32  0.00219 -1.48417e+03 | 33  0.00523 -9.03998e+02
 34  0.00865  7.99389e+01 | 35  0.00053  1.32917e+02 | 36  0.00591 -3.87186e+02
 37  0.00455 -1.91913e+02 | 38  0.00506  4.73583e+01 | 39  0.00175  3.62969e+02
 40  0.00276 -8.44120e+01 | 41  0.00291 -9.14297e+01 | 42  0.00108 -5.62247e+00
 43  0.00096 -3.60612e+02 | 44  0.00631 -7.01884e+02 | 45  0.00335  4.00383e+02
 46  0.00528  1.27045e+03 | 47  0.10031  4.48409e+03 | 48 -0.05896 -7.23632e+02
 49 -0.05119 -9.65358e+02 | 50 -0.04334 -9.91205e+02 | 51 -0.03344 -4.43990e+02
 52 -0.03059  2.05566e+02 | 53 -0.03817 -3.97238e+02 | 54 -0.02758 -1.16428e+03
 55 -0.00476 -1.27474e+03 | 56 -0.00794 -5.57657e+02 | 57 -0.00755 -9.74773e+02
 58  0.01385 -7.75314e+02 | 59  0.02188  3.36901e+02 | 60  0.02007  1.22987e+03
 61  0.01242  1.28057e+03 | 62  0.01004  9.95983e+02 | 63  0.01289  7.11305e+02
 64  0.00986  6.54638e+02 | 65  0.01193  7.70451e+02 | 66  0.01018  4.21375e+02
 67  0.01333  3.02369e+02 | 68  0.01852  6.22885e+02 | 69  0.01604  1.85333e+02
 70  0.02245  3.89589e+02 | 71  0.02400  7.57821e+02 | 72  0.02065  9.52167e+02
 73  0.01795 -1.67673e+02 | 74  0.02307 -5.11650e+02 | 75  0.02515 -1.79398e+02
 76 -0.56074  8.31841e+03 | 77 -0.47020 -1.82711e+03 |
2 0 22088.9
2 0 22088.8
2 0 22088.8
2 0 22088.8
2 0 22088.9
2 0 22088.8
2 0 22088.8
2 0 22088.8
2 0 22088.8
2 0 22088.8
2 0 22088.8
2 0 22088.7
2 0 22088.6
2 0 22088.6
77 variables; iteration 50; function evaluation 67; phase 2
Function value   2.2088600e+04; maximum gradient component mag   8.2591e+03
Var   Value    Gradient   |Var   Value    Gradient   |Var   Value    Gradient
  1 -0.83662 -8.42451e+00 |  2 -0.67074 -5.83405e+01 |  3  0.23318  5.15467e+01
  4  0.18657 -6.56509e+01 |  5  0.12756 -3.07080e+01 |  6  0.08720  2.52123e+01
  7  0.05090 -2.41066e+01 |  8  0.02963  2.17824e+01 |  9  0.00734 -1.58320e+01
 10 -0.00669 -5.53579e+00 | 11 -0.01646  2.27174e+00 | 12 -0.02483  8.75210e-01
 13 -0.03172 -3.18779e-01 | 14 -0.03704 -5.06491e-01 | 15 -0.04089 -4.75585e-01
 16 -0.04339 -4.30672e-01 | 17 -0.04462 -4.02867e-01 | 18  0.06654 -6.59630e+03
 19 -0.01146  1.10929e+03 | 20 -0.00653 -5.45310e+01 | 21 -0.00618  4.29868e+02
 22 -0.00609  1.06785e+02 | 23 -0.00642 -1.46294e+02 | 24 -0.00328 -2.13291e+02
 25  0.00120  2.51931e+02 | 26 -0.00141  1.30099e+03 | 27 -0.01238 -5.22032e+02
 28 -0.00119 -3.64523e+02 | 29  0.00659  7.46026e+02 | 30 -0.00443  2.17460e+02
 31 -0.00452 -5.76809e+02 | 32  0.00220 -1.44628e+03 | 33  0.00508 -1.04666e+03
 34  0.00879  1.46023e+02 | 35  0.00059  1.09889e+02 | 36  0.00616 -2.55447e+02
 37  0.00440 -3.52166e+02 | 38  0.00509  6.79282e+01 | 39  0.00194  4.82740e+02
 40  0.00283 -1.05637e+02 | 41  0.00290 -1.74834e+02 | 42  0.00118  6.71882e+01
 43  0.00089 -4.12923e+02 | 44  0.00629 -6.99040e+02 | 45  0.00320  3.75952e+02
 46  0.00499  1.25573e+03 | 47  0.10050  4.48924e+03 | 48 -0.05896 -6.75381e+02
 49 -0.05130 -9.98169e+02 | 50 -0.04349 -9.81722e+02 | 51 -0.03343 -3.09174e+02
 52 -0.03076  1.76958e+02 | 53 -0.03835 -3.87446e+02 | 54 -0.02779 -1.16954e+03
 55 -0.00492 -1.28401e+03 | 56 -0.00812 -5.65150e+02 | 57 -0.00757 -9.28490e+02
 58  0.01376 -7.81832e+02 | 59  0.02163  2.58209e+02 | 60  0.01979  1.14531e+03
 61  0.01236  1.35895e+03 | 62  0.00988  9.92639e+02 | 63  0.01278  7.28606e+02
 64  0.00970  5.88028e+02 | 65  0.01193  8.84108e+02 | 66  0.01004  4.54680e+02
 67  0.01302  1.76843e+02 | 68  0.01830  5.44347e+02 | 69  0.01606  2.61361e+02
 70  0.02224  3.36848e+02 | 71  0.02388  7.64828e+02 | 72  0.02057  9.65962e+02
 73  0.01788 -1.62179e+02 | 74  0.02304 -5.32555e+02 | 75  0.02862 -1.58461e+02
 76 -0.56062  8.25912e+03 | 77 -0.46998 -1.80533e+03 |
2 0 22088.6
2 0 22088.5
2 0 22088.4
2 0 22088.3
2 0 22087.3
2 0 22089.5
2 0 22087
2 0 22087.4
2 0 22086.9
2 0 22086.7
2 0 22086.4
2 0 22085.9
2 0 22082
2 0 22076.4
77 variables; iteration 60; function evaluation 81; phase 2
Function value   2.2076451e+04; maximum gradient component mag   7.5714e+03
Var   Value    Gradient   |Var   Value    Gradient   |Var   Value    Gradient
  1 -0.83113 -5.17625e+00 |  2 -0.65976 -4.90409e+01 |  3  0.23292  2.08529e+02
  4  0.18517 -2.49333e+01 |  5  0.12344 -8.23579e+01 |  6  0.09987  5.91425e+01
  7  0.07829  1.24121e+02 |  8  0.03641  2.54261e+01 |  9 -0.00555 -8.63512e+01
 10 -0.01866  9.26837e+01 | 11 -0.05747 -1.33091e+02 | 12 -0.05518 -2.40359e+01
 13 -0.04467  3.48617e+01 | 14 -0.04345  1.71001e+01 | 15 -0.04612  3.07685e+00
 16 -0.04852 -1.12911e-01 | 17 -0.04975 -4.26018e-01 | 18  0.06818 -6.06141e+03
 19 -0.01280  8.64123e+02 | 20 -0.00694 -6.10041e+01 | 21 -0.00588  4.71619e+02
 22 -0.00551  2.79405e+02 | 23 -0.00609 -1.46297e+02 | 24 -0.00300 -1.97250e+02
 25  0.00124  3.00565e+02 | 26 -0.00198  1.07585e+03 | 27 -0.01187 -4.24044e+02
 28 -0.00068 -2.57260e+02 | 29  0.00679  7.50001e+02 | 30 -0.00455  1.29881e+02
 31 -0.00496 -6.14969e+02 | 32  0.00187 -1.39873e+03 | 33  0.00486 -1.00814e+03
 34  0.00865  8.51965e+01 | 35  0.00090  1.39219e+02 | 36  0.00664 -1.04955e+02
 37  0.00421 -4.79530e+02 | 38  0.00487  8.16387e+01 | 39  0.00194  3.52549e+02
 40  0.00325  6.65906e+01 | 41  0.00295 -2.51919e+02 | 42  0.00159  1.82240e+02
 43  0.00103 -4.29372e+02 | 44  0.00642 -6.31506e+02 | 45  0.00317  3.97935e+02
 46  0.00431  1.10115e+03 | 47  0.10052  4.18695e+03 | 48 -0.05951 -6.47793e+02
 49 -0.05124 -8.42573e+02 | 50 -0.04359 -9.94041e+02 | 51 -0.03356 -3.52390e+02
 52 -0.03037  3.11078e+02 | 53 -0.03765 -1.95615e+02 | 54 -0.02885 -1.32474e+03
 55 -0.00502 -1.19113e+03 | 56 -0.00767 -4.26451e+02 | 57 -0.00752 -9.14657e+02
 58  0.01407 -5.96147e+02 | 59  0.02159  2.78465e+02 | 60  0.01955  9.97371e+02
 61  0.01215  1.21469e+03 | 62  0.00957  8.71847e+02 | 63  0.01265  6.35871e+02
 64  0.01008  6.11251e+02 | 65  0.01213  9.52158e+02 | 66  0.00949  2.53100e+02
 67  0.01316  2.98459e+02 | 68  0.01827  4.88553e+02 | 69  0.01595  2.29598e+02
 70  0.02217  2.48433e+02 | 71  0.02392  7.13953e+02 | 72  0.02064  9.00929e+02
 73  0.01810 -1.94553e+02 | 74  0.02336 -5.37624e+02 | 75  0.02884 -1.46737e+02
 76 -0.56182  7.57141e+03 | 77 -0.47270 -1.66757e+03 |
2 0 22113.9
2 0 22075.8
2 0 22074.8
2 0 22072.8
2 0 22057.1
2 0 22129.1
2 0 22054.2
2 0 22053.7
2 0 22052.8
2 0 22045.4
2 0 22038.2
2 0 22028.4
2 0 22038.1
2 0 22025.1
2 0 22019.3
77 variables; iteration 70; function evaluation 96; phase 2
Function value   2.2019273e+04; maximum gradient component mag   3.8677e+03
Var   Value    Gradient   |Var   Value    Gradient   |Var   Value    Gradient
  1 -0.81446  3.30804e+01 |  2 -0.59453  1.23113e+00 |  3  0.23148  1.80961e+02
  4  0.19440  1.24978e+02 |  5  0.13531  5.77662e+01 |  6  0.07880 -9.19897e+00
  7  0.03620 -5.21443e+00 |  8  0.00107  1.90477e+01 |  9 -0.03674 -2.90244e+01
 10 -0.06455  7.42900e+01 | 11 -0.11445 -1.32324e+02 | 12 -0.12340  1.89915e+01
 13 -0.13812 -8.65362e+01 | 14 -0.12553 -5.18032e+01 | 15 -0.09672  4.19969e+01
 16 -0.08058  4.08213e+01 | 17 -0.07640  1.56481e+01 | 18  0.07690 -3.30075e+03
 19 -0.01146  3.75075e+02 | 20 -0.00618  3.11514e+02 | 21 -0.00669 -1.11889e+02
 22 -0.00485  2.50378e+02 | 23 -0.00591  2.49512e+02 | 24 -0.00376 -1.00200e+02
 25  0.00117  9.84341e+01 | 26 -0.00157  6.74155e+02 | 27 -0.01181 -3.14231e+02
 28 -0.00057 -4.37451e+01 | 29  0.00661  3.70915e+02 | 30 -0.00448  1.01492e+02
 31 -0.00396 -2.96444e+02 | 32  0.00273 -9.02128e+02 | 33  0.00487 -6.13647e+02
 34  0.00801 -1.16038e+02 | 35  0.00118 -1.18589e+02 | 36  0.00746  2.81364e+02
 37  0.00440 -3.51814e+02 | 38  0.00437 -1.12435e+02 | 39  0.00258  4.71259e+02
 40  0.00369 -7.18124e+00 | 41  0.00250 -2.34977e+02 | 42  0.00112 -1.88277e+02
 43  0.00279  3.06292e+02 | 44  0.00624 -6.71814e+02 | 45  0.00202  8.14136e+02
 46 -0.00027  4.36879e+01 | 47  0.10130  2.14656e+03 | 48 -0.05902 -2.04623e+02
 49 -0.05297 -7.66662e+02 | 50 -0.04251  7.76030e+01 | 51 -0.03383 -1.55064e+02
 52 -0.03231 -2.72822e+02 | 53 -0.03793  1.78318e+01 | 54 -0.02854 -6.00157e+02
 55 -0.00593 -8.31367e+02 | 56 -0.00788 -2.40169e+02 | 57 -0.00697 -2.71538e+02
 58  0.01205 -6.63090e+02 | 59  0.02095  1.36808e+02 | 60  0.01985  8.48557e+02
 61  0.01147  6.30644e+02 | 62  0.00795  3.19194e+02 | 63  0.01249  8.43252e+02
 64  0.01015  5.95522e+02 | 65  0.01162  7.20701e+02 | 66  0.00816 -8.85121e+01
 67  0.01217 -6.00560e+00 | 68  0.01850  6.45983e+02 | 69  0.01501  1.57803e+01
 70  0.02044 -9.34017e+01 | 71  0.02386  4.27561e+02 | 72  0.02136  9.25873e+02
 73  0.01639 -1.40839e+03 | 74  0.02733 -3.19929e+02 | 75  0.03830 -2.96811e+01
 76 -0.56805  3.86765e+03 | 77 -0.48675 -8.57224e+02 |
2 0 22012.4
2 0 22006.9
2 0 22007.2
2 0 22004.2
2 0 22002.9
2 0 22000.9
2 0 22008.3
2 0 22000.6
2 0 22000
2 0 21998.9
2 0 21996.8
2 0 21981.9
2 0 21976.9
77 variables; iteration 80; function evaluation 109; phase 2
Function value   2.1976933e+04; maximum gradient component mag   2.2527e+02
Var   Value    Gradient   |Var   Value    Gradient   |Var   Value    Gradient
  1 -0.81006  2.00670e+01 |  2 -0.56876  3.04877e+00 |  3  0.22860 -9.07197e+01
  4  0.19015 -3.04493e+01 |  5  0.12889 -3.13842e+01 |  6  0.08516  4.40938e+00
  7  0.05014 -4.58668e+00 |  8  0.02358 -1.32253e+01 |  9  0.00554 -2.65317e+00
 10 -0.00850 -7.95319e+00 | 11 -0.01778  4.16672e+00 | 12 -0.02636  1.90131e+00
 13 -0.03390 -2.35235e+00 | 14 -0.03939 -1.22126e+01 | 15 -0.03999 -2.50570e+00
 16 -0.03866  9.45167e+00 | 17 -0.03895  3.09041e+00 | 18  0.09278 -2.04525e+00
 19 -0.01320  1.61070e+02 | 20 -0.00642 -4.99127e+01 | 21 -0.00579 -9.00933e+00
 22 -0.00575  3.90972e+01 | 23 -0.00643  7.39370e+00 | 24 -0.00377  4.55462e+00
 25  0.00059  1.65612e+01 | 26 -0.00186 -1.34124e+01 | 27 -0.01085 -2.34232e+01
 28 -0.00084 -5.48646e+00 | 29  0.00622  3.89444e+00 | 30 -0.00370 -1.74706e+01
 31 -0.00311 -4.94368e+00 | 32  0.00437  9.68382e+00 | 33  0.00650 -1.53695e+01
 34  0.00894  1.38055e+01 | 35  0.00152  1.85418e+01 | 36  0.00681 -5.81698e+00
 37  0.00562  7.42367e+00 | 38  0.00556 -1.05347e+01 | 39  0.00171  4.43594e+00
 40  0.00353  2.04387e+00 | 41  0.00400 -2.65543e+01 | 42  0.00238 -1.15078e+01
 43  0.00193 -2.56383e+01 | 44  0.00689 -6.01884e+01 | 45  0.00116 -2.38168e+01
 46 -0.00603  1.15004e+01 | 47  0.10143  2.25271e+02 | 48 -0.05952 -4.12209e+01
 49 -0.05116  4.34891e+01 | 50 -0.04352 -4.77130e+01 | 51 -0.03409 -1.45620e+00
 52 -0.03165  1.50661e+01 | 53 -0.03842  5.91610e+00 | 54 -0.02885 -4.76586e+00
 55 -0.00530  4.64028e+00 | 56 -0.00759 -8.01208e+00 | 57 -0.00756 -3.53773e+01
 58  0.01218  1.47812e+01 | 59  0.02042 -1.69334e+01 | 60  0.01918 -5.04272e+01
 61  0.01172 -2.09894e+01 | 62  0.00832 -4.57705e+00 | 63  0.01160 -2.76448e+01
 64  0.00896 -3.81181e+01 | 65  0.01075  6.85602e+00 | 66  0.00936  8.50679e+00
 67  0.01207  4.98107e+00 | 68  0.01674 -3.59308e+01 | 69  0.01530 -2.07862e+00
 70  0.02132 -1.13212e+01 | 71  0.02306  1.99266e+01 | 72  0.02017  4.97555e+01
 73  0.02168  1.41122e+02 | 74  0.03155  4.29949e+00 | 75  0.03308 -2.91734e+00
 76 -0.56550 -3.69580e+01 | 77 -0.48650  2.92166e+01 |
2 0 21976.6
2 0 21976.4
2 0 21976.3
2 0 21976.2
2 0 21976.1
2 0 21976.1
2 0 21976.1
2 0 21976.1
2 0 21976.1
2 0 21976.1
77 variables; iteration 90; function evaluation 119; phase 2
Function value   2.1976122e+04; maximum gradient component mag   1.8273e-01
Var   Value    Gradient   |Var   Value    Gradient   |Var   Value    Gradient
  1 -0.88351 -1.00923e-03 |  2 -0.52946 -9.95364e-04 |  3  0.22855 -1.53672e-02
  4  0.18913 -6.67423e-03 |  5  0.13085 -3.66217e-04 |  6  0.08582 -4.08113e-04
  7  0.05321  4.94317e-05 |  8  0.02923 -9.83103e-05 |  9  0.01104  1.29858e-04
 10 -0.00311  5.91464e-04 | 11 -0.01428  9.46599e-04 | 12 -0.02311 -1.45635e-04
 13 -0.03003 -1.38507e-04 | 14 -0.03531  2.62131e-04 | 15 -0.03914  3.06654e-05
 16 -0.04163 -1.18072e-03 | 17 -0.04286 -1.70733e-03 | 18  0.09272 -2.64801e-02
 19 -0.01436  2.04132e-02 | 20 -0.00680 -2.01701e-02 | 21 -0.00605 -2.30888e-03
 22 -0.00593  2.03320e-04 | 23 -0.00660  2.00652e-03 | 24 -0.00390  9.17067e-04
 25  0.00049  1.25064e-02 | 26 -0.00179  2.37258e-03 | 27 -0.01072 -1.48697e-03
 28 -0.00081  7.15184e-03 | 29  0.00621  2.88093e-03 | 30 -0.00367 -1.42878e-03
 31 -0.00307 -3.37007e-03 | 32  0.00437 -1.32438e-03 | 33  0.00647 -4.52592e-03
 34  0.00883  2.07947e-03 | 35  0.00143 -1.96638e-03 | 36  0.00676 -4.30474e-04
 37  0.00551 -1.12650e-03 | 38  0.00551 -4.30827e-03 | 39  0.00168  3.78441e-03
 40  0.00355  1.20037e-03 | 41  0.00405 -3.80164e-03 | 42  0.00245 -4.33069e-03
 43  0.00200 -4.85516e-03 | 44  0.00706 -1.04742e-02 | 45  0.00167  1.92311e-03
 46 -0.00434  9.00230e-03 | 47  0.10116  1.81901e-01 | 48 -0.05935 -8.45799e-03
 49 -0.05111 -1.00722e-03 | 50 -0.04320 -1.50066e-03 | 51 -0.03391 -8.32052e-03
 52 -0.03151 -5.66467e-03 | 53 -0.03835 -2.16928e-02 | 54 -0.02870 -6.41923e-03
 55 -0.00506  2.31760e-03 | 56 -0.00738 -1.12713e-02 | 57 -0.00734 -2.19103e-03
 58  0.01236 -5.86112e-05 | 59  0.02065 -5.54101e-04 | 60  0.01945 -3.75687e-04
 61  0.01193  3.09535e-03 | 62  0.00846  5.32615e-03 | 63  0.01182  1.68902e-03
 64  0.00920  2.62733e-03 | 65  0.01089  2.27767e-03 | 66  0.00952  6.16587e-03
 67  0.01222 -8.80852e-05 | 68  0.01698 -2.16246e-03 | 69  0.01546  2.66330e-03
 70  0.02155  3.35707e-03 | 71  0.02321  5.20023e-03 | 72  0.02019  2.12543e-02
 73  0.02105  2.87196e-02 | 74  0.03040 -4.48540e-03 | 75  0.03040 -8.91362e-03
 76 -0.56535  1.82729e-01 | 77 -0.48659 -1.00542e-01 |
2 0 21976.1
2 0 21976.1
2 0 21976.1

 - final statistics:
77 variables; iteration 93; function evaluation 122
Function value   2.1976e+04; maximum gradient component mag  -2.6766e-04
Exit code = 1;  converg criter   1.0000e-03
Var   Value    Gradient   |Var   Value    Gradient   |Var   Value    Gradient
  1 -0.88350 -1.67869e-06 |  2 -0.52947  2.91931e-06 |  3  0.22855 -2.46900e-04
  4  0.18913 -9.84726e-05 |  5  0.13085 -7.07875e-06 |  6  0.08582 -1.44823e-05
  7  0.05321 -7.59058e-06 |  8  0.02923  1.28214e-07 |  9  0.01104  6.42989e-06
 10 -0.00311  2.63631e-06 | 11 -0.01428  1.57760e-05 | 12 -0.02311 -1.24120e-05
 13 -0.03003  1.28454e-06 | 14 -0.03531  1.01146e-05 | 15 -0.03914 -1.14310e-05
 16 -0.04163 -6.55926e-07 | 17 -0.04286 -4.65862e-06 | 18  0.09272  5.80506e-05
 19 -0.01436  2.08601e-04 | 20 -0.00680 -2.67660e-04 | 21 -0.00605 -8.38504e-05
 22 -0.00593 -1.86884e-05 | 23 -0.00660  3.37080e-06 | 24 -0.00390 -1.80889e-06
 25  0.00049  1.69033e-05 | 26 -0.00179 -1.09965e-05 | 27 -0.01072 -3.00569e-06
 28 -0.00081  5.74389e-06 | 29  0.00621  4.96736e-06 | 30 -0.00367 -1.20735e-05
 31 -0.00307  6.76851e-07 | 32  0.00437  2.57941e-05 | 33  0.00647 -3.17451e-06
 34  0.00883  4.12979e-05 | 35  0.00143  1.71032e-05 | 36  0.00676 -1.21713e-05
 37  0.00551  4.63311e-06 | 38  0.00551 -7.33517e-06 | 39  0.00168  1.72699e-06
 40  0.00355  8.90702e-06 | 41  0.00405  1.39807e-05 | 42  0.00245  1.01656e-05
 43  0.00200 -2.20574e-05 | 44  0.00706  6.49046e-06 | 45  0.00167 -3.68322e-05
 46 -0.00434  1.00284e-04 | 47  0.10116 -1.90620e-05 | 48 -0.05935 -1.15579e-04
 49 -0.05111 -1.71726e-05 | 50 -0.04320 -3.35863e-05 | 51 -0.03391  8.10110e-06
 52 -0.03151  1.80025e-05 | 53 -0.03835 -3.62134e-05 | 54 -0.02870 -5.99498e-06
 55 -0.00506  1.72501e-05 | 56 -0.00738 -2.38249e-05 | 57 -0.00734 -5.79811e-06
 58  0.01236  3.50890e-06 | 59  0.02065 -1.25846e-06 | 60  0.01945  9.42177e-06
 61  0.01193  3.28843e-06 | 62  0.00846  4.44927e-06 | 63  0.01182 -1.87187e-05
 64  0.00920 -1.56819e-05 | 65  0.01089 -8.14344e-06 | 66  0.00952  1.69790e-05
 67  0.01222  4.93102e-06 | 68  0.01698 -1.50646e-05 | 69  0.01546  7.28837e-06
 70  0.02155 -4.98843e-07 | 71  0.02321 -8.78369e-06 | 72  0.02019 -8.86147e-06
 73  0.02105  1.50671e-04 | 74  0.03040  4.83297e-05 | 75  0.03040  6.60787e-06
 76 -0.56535 -1.08377e-04 | 77 -0.48659  3.03787e-05 |
2 0 21976.1
B064189.3
0.3 0.482385
0.413473 0.398562
0.470841 0.365897
0.492227 0.354991
0.499246 0.351545
0.50145 0.350477
0.502133 0.350147
0.502343 0.350045
0.502408 0.350014
0.502428 0.350004
0.502434 0.350001
0.502436 0.35
0.502437 0.35
0.502437 0.35
0.502437 0.35
0.502437 0.35
0.502437 0.35
0.502437 0.35
0.502437 0.35
0.502437 0.35
0.502437 0.35
FutMOrt0.310958
FutMOrt0.310958
FutMOrt0.310958
FutMOrt0.310958
FutMOrt0.310958
FutMOrt0.310958
FutMOrt0.310958
FutMOrt0.310958
FutMOrt0.310958
FutMOrt0.310958
Survey Bio47.6066
Survey len10729.9
CPUE50.8888
Catch8.42924
Catch len11117.4
initsmo_penal14.989
F_pen2.0044
Rec_pen4.86499
M_pen0


Starting time: Sun Jun 17 16:44:01 2018
Finishing time: Sun Jun 17 16:45:12 2018
This run took: 0 hours, 1 minutes, 11 seconds.

