survYears 71 72 73 74 75 76 77 78 79 80 81 82 83 84 85 86 87 88 89 90 91 92 93 94 95 96 97 98 99
SurvLenYear 71 72 73 74 75 76 77 78 79 80 81 82 83 84 85 86 87 88 89 90 91 92 93 94 95 96 97 98 99
catchBiomass 5613.35 5414.41 6116.11 5220.83 6544.71 9708.15 10402.5 11674.5 17895 32068.9 51721 58146.3 74742.5 92823.5 117923 92813.1 88223.6 75115.1 86488 85502.7 80111.6 97216.7 100765 96430.3 106819 125886 112353 113425 170962
steep0.999
25
Out
1 0 45850.3

Initial statistics: 76 variables; iteration 0; function evaluation 0; phase 1
Function value   4.5850288e+04; maximum gradient component mag  -5.2848e+05
Var   Value    Gradient   |Var   Value    Gradient   |Var   Value    Gradient
  1  0.27755  6.25711e+03 |  2  0.24710  4.14745e+03 |  3  0.22713  3.56601e+03
  4  0.20889  2.85269e+03 |  5  0.19080  2.17031e+03 |  6  0.16355  1.23684e+03
  7  0.14340  7.60022e+02 |  8  0.14883  1.05925e+03 |  9  0.13029  7.07995e+02
 10  0.09756  2.36145e+02 | 11  0.09013  3.02426e+02 | 12  0.07314  1.45685e+02
 13  0.06794  2.39449e+02 | 14  0.03994 -9.69259e+01 | 15  0.06708  2.51206e+02
 16 -0.00523  5.33746e+03 | 17  0.00000 -2.66194e+04 | 18  0.00000 -4.28110e+03
 19  0.00000 -8.20350e+03 | 20  0.00000 -9.18271e+02 | 21  0.00000  1.32914e+03
 22  0.00000 -2.58568e+03 | 23  0.00000  1.31545e+03 | 24  0.00000  8.88013e+03
 25  0.00000  1.13174e+04 | 26  0.00000  9.45923e+03 | 27  0.00000  4.94893e+03
 28  0.00000  6.90963e+03 | 29  0.00000  6.36842e+03 | 30  0.00000  5.06304e+03
 31  0.00000 -2.25081e+03 | 32  0.00000 -7.49450e+01 | 33  0.00000 -3.76922e+02
 34  0.00000  3.86498e+03 | 35  0.00000  1.37515e+03 | 36  0.00000  2.38505e+03
 37  0.00000  5.69217e+03 | 38  0.00000  3.34068e+03 | 39  0.00000  2.83347e+03
 40  0.00000  5.08481e+03 | 41  0.00000  4.96826e+03 | 42  0.00000  8.90260e+02
 43  0.00000  1.71661e+03 | 44  0.00000 -4.11192e+03 | 45  0.00000 -3.83202e+04
 46  0.09573 -5.28483e+05 | 47  0.00000  5.99851e+04 | 48  0.00000  5.77069e+04
 49  0.00000  5.48063e+04 | 50  0.00000  4.58014e+04 | 51  0.00000  3.94730e+04
 52  0.00000  3.51346e+04 | 53  0.00000  2.49087e+04 | 54  0.00000  1.08479e+04
 55  0.00000 -8.76061e+02 | 56  0.00000 -8.52069e+03 | 57  0.00000 -1.36325e+04
 58  0.00000 -1.90539e+04 | 59  0.00000 -2.28225e+04 | 60  0.00000 -2.16769e+04
 61  0.00000 -1.77845e+04 | 62  0.00000 -1.61560e+04 | 63  0.00000 -1.61691e+04
 64  0.00000 -1.74959e+04 | 65  0.00000 -1.77967e+04 | 66  0.00000 -1.98128e+04
 67  0.00000 -2.21344e+04 | 68  0.00000 -2.28569e+04 | 69  0.00000 -2.37369e+04
 70  0.00000 -2.58922e+04 | 71  0.00000 -2.60402e+04 | 72  0.00000 -2.34039e+04
 73  0.00000 -1.80355e+04 | 74  0.00000  6.58286e+02 | 75  0.00000  2.45753e+04
 76  0.01161  6.83489e+04 |
1 0 45850.3
1 0 45850.1
1 0 45848.1
1 0 45828.1
1 0 45629.1
1 0 43729.6
1 0 39840.6
1 0 36740.3
1 0 33355.1
1 0 30037.7
1 0 34994
1 0 28987.8
1 0 29733.9
1 0 28603.6
1 0 28083.1
1 0 27641.9
1 0 27380.7

Intermediate statistics: 76 variables; iteration 10; function evaluation 17; phase 1
Function value   2.7381345e+04; maximum gradient component mag  -1.3035e+05
Var   Value    Gradient   |Var   Value    Gradient   |Var   Value    Gradient
  1  0.27752  3.64311e+02 |  2  0.25004  4.42095e+02 |  3  0.22486  4.12681e+02
  4  0.20395  3.53532e+02 |  5  0.18438  2.92126e+02 |  6  0.16017  1.59857e+02
  7  0.14317  8.38828e+01 |  8  0.14214  1.87496e+02 |  9  0.12564  1.30808e+02
 10  0.09927  7.25911e+00 | 11  0.08779  5.19950e+01 | 12  0.07367  1.56013e+01
 13  0.06442  5.32017e+01 | 14  0.04685 -9.36211e+01 | 15  0.06274  7.73953e+01
 16  0.37753  8.49813e+03 | 17  0.23272 -1.51528e+01 | 18 -0.03762 -1.63622e+03
 19 -0.05978  7.57544e+02 | 20 -0.04667  1.28821e+03 | 21 -0.05245  1.18417e+03
 22 -0.07187 -3.75773e+03 | 23 -0.04837  2.58599e+03 | 24  0.12577 -9.33384e+02
 25  0.19305 -1.09640e+03 | 26  0.18362 -1.35005e+03 | 27  0.14244 -1.87748e+03
 28  0.15942 -1.15830e+03 | 29  0.10788 -8.08618e+02 | 30 -0.07880  1.59442e+02
 31 -0.07986  4.81126e+03 | 32 -0.04726 -3.11289e+02 | 33 -0.03843  5.72789e+03
 34 -0.06820  5.12631e+02 | 35 -0.06803 -1.31788e+03 | 36 -0.02458  3.57358e+03
 37  0.03513 -8.58077e+02 | 38 -0.07111 -9.91791e+02 | 39 -0.07119  4.18625e+01
 40  0.05166 -3.44421e+02 | 41 -0.07783 -2.99847e+03 | 42 -0.06418 -6.15939e+02
 43 -0.07574 -5.45650e+03 | 44 -0.07053  9.33329e+03 | 45 -0.07392 -9.19931e+03
 46  0.14616 -1.30347e+05 | 47 -0.08175 -1.47874e+04 | 48 -0.05214  1.70943e+03
 49 -0.06942  1.18206e+03 | 50 -0.05454  2.98610e+02 | 51 -0.03365  2.85413e+02
 52 -0.04225  5.58835e+03 | 53 -0.05492  2.42735e+03 | 54 -0.04137 -2.93537e+03
 55 -0.02788 -5.11594e+03 | 56 -0.00628  5.32393e+02 | 57 -0.00502 -3.03353e+03
 58  0.00048 -4.18322e+03 | 59  0.05316  7.09308e+03 | 60  0.05211  2.07558e+03
 61 -0.02199 -4.14787e+03 | 62  0.02598  5.16687e+03 | 63  0.03294  1.89578e+03
 64  0.02561 -3.14538e+03 | 65 -0.00046 -3.93088e+03 | 66  0.00587 -1.57451e+03
 67  0.04341  5.33569e+02 | 68  0.03463 -2.06402e+03 | 69 -0.00885 -2.38141e+03
 70  0.04875 -1.42273e+03 | 71  0.03170 -1.62516e+03 | 72  0.04218  5.98125e+02
 73  0.06083  1.50446e+04 | 74  0.04460 -6.51471e+02 | 75 -0.00301  5.84770e+03
 76  0.24370  2.52865e+04 |
1 0 27124.4
1 0 27045.9
1 0 26943.6
1 0 26927.5
1 0 26884.7
1 0 26815.9
1 0 26941.8
1 0 26798.5
1 0 26780.2
1 0 26763
1 0 26738.7
1 0 26718.3
76 variables; iteration 20; function evaluation 29; phase 1
Function value   2.6718271e+04; maximum gradient component mag  -1.0933e+05
Var   Value    Gradient   |Var   Value    Gradient   |Var   Value    Gradient
  1  0.26779  4.19139e+02 |  2  0.22346  2.73527e+02 |  3  0.19468  2.46910e+02
  4  0.17538  2.28135e+02 |  5  0.15920  1.90024e+02 |  6  0.14552  1.53260e+02
  7  0.13506  1.40268e+02 |  8  0.12438  1.18234e+02 |  9  0.11285  1.01745e+02
 10  0.09834  7.12875e+01 | 11  0.08277  3.23618e+01 | 12  0.07201  4.38918e+01
 13  0.05946 -1.98751e+00 | 14  0.05616  1.92196e+01 | 15  0.05508  2.24664e+01
 16  0.44712  8.40156e+03 | 17  0.15538 -7.00900e+02 | 18  0.01453 -2.79850e+03
 19 -0.07083 -2.36922e+03 | 20 -0.04699  2.51856e+03 | 21 -0.06066  2.29943e+03
 22 -0.07389 -1.49837e+03 | 23 -0.05091  2.49007e+03 | 24  0.17833 -7.03602e+02
 25  0.27316 -9.37589e+02 | 26  0.27498 -1.32940e+03 | 27  0.26133 -1.33504e+03
 28  0.23123 -9.39183e+02 | 29  0.10717 -1.14442e+03 | 30 -0.08033  6.35645e+03
 31 -0.07903 -1.34747e+03 | 32 -0.06670  3.52172e+03 | 33 -0.08604  2.04797e+03
 34 -0.08079 -9.32711e+02 | 35 -0.08497 -1.99413e+00 | 36 -0.08279 -1.84577e+03
 37 -0.00031 -8.26715e+02 | 38 -0.08122  1.44626e+03 | 39 -0.08783  2.16855e+03
 40 -0.00933 -1.12660e+03 | 41 -0.08781 -2.79278e+03 | 42 -0.08921 -1.58103e+03
 43 -0.08750 -1.94706e+03 | 44 -0.08551  6.87276e+03 | 45 -0.07500 -3.98924e+03
 46  0.14347 -1.09325e+05 | 47 -0.09664 -1.90646e+04 | 48 -0.06574 -1.23621e+04
 49 -0.07975 -3.53503e+03 | 50 -0.05922 -3.16346e+03 | 51 -0.04645 -6.25742e+03
 52 -0.05418 -1.82723e+03 | 53 -0.05889 -4.75760e+03 | 54 -0.03997 -4.41810e+03
 55 -0.02436 -4.70725e+03 | 56 -0.00329  4.78912e+02 | 57 -0.00010 -1.36980e+03
 58  0.00555 -2.31960e+03 | 59  0.05265  1.26417e+04 | 60  0.02931 -3.43053e+02
 61  0.02727  3.60177e+03 | 62  0.04247  7.31696e+03 | 63  0.01055 -1.17046e+03
 64  0.03428  2.06266e+03 | 65  0.02204 -4.59461e+02 | 66 -0.00113  6.84195e+02
 67  0.04681  7.15885e+03 | 68  0.04247  4.66342e+03 | 69 -0.01676 -1.40752e+03
 70  0.04489 -1.30616e+03 | 71  0.04402  2.67656e+03 | 72  0.03845  4.33715e+03
 73  0.05829  1.49650e+04 | 74  0.03918  2.82187e+03 | 75  0.00720  4.95649e+03
 76  0.19791  1.43988e+04 |
1 0 26692.9
1 0 26675.8
1 0 26643.6
1 0 26675.6
1 0 26630.9
1 0 26650.4
1 0 26628.7
1 0 26622.7
1 0 26614.7
1 0 26607.7
1 0 26607.2
1 0 26605.6
76 variables; iteration 30; function evaluation 41; phase 1
Function value   2.6606063e+04; maximum gradient component mag  -1.1077e+05
Var   Value    Gradient   |Var   Value    Gradient   |Var   Value    Gradient
  1  0.20729  2.23578e+02 |  2  0.16575  7.73107e+01 |  3  0.13463  4.37734e+01
  4  0.11726  4.88637e+01 |  5  0.10882  5.55928e+01 |  6  0.10677  8.78031e+01
  7  0.10284  1.03127e+02 |  8  0.09207  4.98599e+01 |  9  0.08642  5.38278e+01
 10  0.08285  8.07074e+01 | 11  0.07212  3.99784e+01 | 12  0.06306  3.29139e+01
 13  0.05533  4.99502e+00 | 14  0.05557  6.09806e+01 | 15  0.04698 -2.40181e+00
 16  0.45499  9.59124e+03 | 17  0.12705 -1.12338e+03 | 18  0.00006 -3.61781e+03
 19 -0.06800 -2.41908e+03 | 20 -0.04241  3.19241e+03 | 21 -0.05478  3.54943e+03
 22 -0.07703 -4.62547e+03 | 23 -0.05406  3.58813e+03 | 24  0.15151 -1.28858e+03
 25  0.26523 -1.41678e+03 | 26  0.32044 -1.39812e+03 | 27  0.31963 -1.33661e+03
 28  0.24982 -1.30015e+03 | 29  0.09885 -1.64426e+03 | 30 -0.08746  1.72921e+03
 31 -0.07755  2.62792e+03 | 32 -0.06931  3.97504e+02 | 33 -0.08448  2.34072e+03
 34 -0.07815 -1.98920e+02 | 35 -0.08460 -5.31713e+02 | 36 -0.07899  7.54739e+02
 37  0.01153 -9.85969e+02 | 38 -0.08281  3.57226e+03 | 39 -0.09438  2.90021e+03
 40 -0.05669  2.40205e+03 | 41 -0.09020 -5.25130e+03 | 42 -0.09463 -1.99216e+03
 43 -0.09046 -2.47931e+03 | 44 -0.08869  4.44093e+03 | 45 -0.05616 -3.33254e+03
 46  0.14363 -1.10774e+05 | 47 -0.09610 -1.89909e+04 | 48 -0.06834 -1.23784e+04
 49 -0.07651 -1.37307e+03 | 50 -0.06083 -2.50630e+03 | 51 -0.04773 -8.08952e+03
 52 -0.04717  2.50770e+03 | 53 -0.05877 -4.08411e+03 | 54 -0.04065 -4.84004e+03
 55 -0.02498 -5.09776e+03 | 56 -0.00019  3.46027e+03 | 57  0.00001 -1.11558e+03
 58  0.00656 -1.22931e+03 | 59  0.05031  8.96468e+03 | 60  0.03139  1.13005e+03
 61  0.01948 -1.54471e+03 | 62  0.04217  8.68031e+03 | 63  0.01202 -3.51591e+02
 64  0.03503  3.85219e+03 | 65  0.02433  1.92249e+03 | 66 -0.00062  2.70104e+02
 67  0.05112  1.07613e+04 | 68  0.04373  1.87970e+03 | 69 -0.02123 -4.60256e+03
 70  0.04024 -3.40059e+03 | 71  0.04924  3.89388e+03 | 72  0.03407  2.70015e+03
 73  0.05457  1.16070e+04 | 74  0.02712  1.72319e+03 | 75  0.01918  5.13020e+03
 76  0.19997  1.57271e+04 |
1 0 26603.2
1 0 26601.5
1 0 26599.2
1 0 26596.4
1 0 26592.8
1 0 26593.4
1 0 26592.3
1 0 26591.5
1 0 26591.1
1 0 26591.1
76 variables; iteration 40; function evaluation 51; phase 1
Function value   2.6591709e+04; maximum gradient component mag  -1.1085e+05
Var   Value    Gradient   |Var   Value    Gradient   |Var   Value    Gradient
  1  0.18630  1.50045e+02 |  2  0.15276  6.10358e+01 |  3  0.11967  1.39037e+01
  4  0.09706  2.87069e-01 |  5  0.08578  1.76782e+01 |  6  0.07949  2.56514e+01
  7  0.07545  2.76937e+01 |  8  0.07287  3.80665e+01 |  9  0.06854  3.05946e+01
 10  0.06414  2.63164e+01 | 11  0.06027  3.09723e+01 | 12  0.05493  1.94931e+01
 13  0.05075  2.50300e+01 | 14  0.04547  6.09252e+00 | 15  0.04408  1.38354e+01
 16  0.45571  9.34216e+03 | 17  0.11943 -1.15311e+03 | 18 -0.00078 -3.55134e+03
 19 -0.06836 -2.80591e+03 | 20 -0.04423  3.13533e+03 | 21 -0.05447  3.70885e+03
 22 -0.07794 -4.99236e+03 | 23 -0.05307  3.63400e+03 | 24  0.17068 -1.09472e+03
 25  0.27210 -1.35988e+03 | 26  0.30532 -1.52200e+03 | 27  0.30740 -1.41102e+03
 28  0.25557 -1.26681e+03 | 29  0.11728 -1.43923e+03 | 30 -0.08720  1.92586e+03
 31 -0.07997  1.80220e+03 | 32 -0.06927  6.17608e+02 | 33 -0.08437  2.42505e+03
 34 -0.07760  1.47986e+02 | 35 -0.08542 -1.00355e+03 | 36 -0.08007  1.84042e+02
 37  0.00215 -1.12920e+03 | 38 -0.08372  3.35075e+03 | 39 -0.09436  3.36529e+03
 40 -0.05740  2.19167e+03 | 41 -0.08997 -5.40058e+03 | 42 -0.09484 -1.88352e+03
 43 -0.09069 -2.23610e+03 | 44 -0.08886  4.90150e+03 | 45 -0.05696 -3.51372e+03
 46  0.14361 -1.10855e+05 | 47 -0.09510 -1.81668e+04 | 48 -0.06906 -1.31248e+04
 49 -0.07591 -1.35420e+03 | 50 -0.06076 -2.23424e+03 | 51 -0.04748 -8.21358e+03
 52 -0.04731  2.79218e+03 | 53 -0.05817 -3.77355e+03 | 54 -0.04073 -4.92413e+03
 55 -0.02528 -5.38964e+03 | 56  0.00126  4.76051e+03 | 57  0.00014 -1.01683e+03
 58  0.00739 -4.51564e+02 | 59  0.05009  8.68750e+03 | 60  0.03248  8.67729e+02
 61  0.01862 -1.30579e+03 | 62  0.04220  8.73861e+03 | 63  0.01193 -4.13282e+02
 64  0.03422  2.62789e+03 | 65  0.02384  1.34906e+03 | 66 -0.00005  3.91515e+02
 67  0.05111  1.03595e+04 | 68  0.04357  1.58419e+03 | 69 -0.02156 -4.74009e+03
 70  0.03973 -3.60056e+03 | 71  0.05029  4.58580e+03 | 72  0.03478  3.11181e+03
 73  0.05512  1.18160e+04 | 74  0.02625  1.38455e+03 | 75  0.01678  5.14705e+03
 76  0.20063  1.61699e+04 |
1 0 26590.8
1 0 26590.4
1 0 26589.9
1 0 26590.5
1 0 26589.7
1 0 26589.4
1 0 26588.9
1 0 26588.2
1 0 26587.5
1 0 26586.6
1 0 26590.4
1 0 26586.4
76 variables; iteration 50; function evaluation 63; phase 1
Function value   2.6587045e+04; maximum gradient component mag  -1.1158e+05
Var   Value    Gradient   |Var   Value    Gradient   |Var   Value    Gradient
  1  0.19588  1.64682e+02 |  2  0.15837  5.17509e+01 |  3  0.12406  2.21766e+01
  4  0.09714  8.08816e+00 |  5  0.07772 -5.12896e+00 |  6  0.06736  3.05259e+00
  7  0.06265  2.30651e+01 |  8  0.05729  9.34567e+00 |  9  0.05501  1.71741e+01
 10  0.05334  2.84567e+01 | 11  0.04880  9.79850e+00 | 12  0.04653  2.51686e+01
 13  0.04168 -3.06303e+00 | 14  0.04228  3.04245e+01 | 15  0.03832  8.28373e-01
 16  0.45505  9.24903e+03 | 17  0.12178 -1.10929e+03 | 18 -0.00064 -3.51801e+03
 19 -0.06838 -2.87870e+03 | 20 -0.04441  3.20866e+03 | 21 -0.05518  3.45043e+03
 22 -0.07785 -5.05742e+03 | 23 -0.05231  3.69169e+03 | 24  0.17298 -1.07278e+03
 25  0.27792 -1.29380e+03 | 26  0.30796 -1.49570e+03 | 27  0.30766 -1.35553e+03
 28  0.24780 -1.27451e+03 | 29  0.10801 -1.48191e+03 | 30 -0.08680  2.06088e+03
 31 -0.07982  1.79509e+03 | 32 -0.06922  6.15004e+02 | 33 -0.08439  2.39954e+03
 34 -0.07750  2.23772e+02 | 35 -0.08566 -1.03838e+03 | 36 -0.07978  2.33012e+02
 37  0.00462 -1.05581e+03 | 38 -0.08366  3.25371e+03 | 39 -0.09413  3.45314e+03
 40 -0.05717  2.26495e+03 | 41 -0.09002 -5.47533e+03 | 42 -0.09449 -1.63065e+03
 43 -0.09077 -2.37346e+03 | 44 -0.08860  4.93995e+03 | 45 -0.05676 -3.50862e+03
 46  0.14342 -1.11583e+05 | 47 -0.09478 -1.79648e+04 | 48 -0.06902 -1.32256e+04
 49 -0.07571 -1.31158e+03 | 50 -0.06109 -2.83023e+03 | 51 -0.04762 -8.34290e+03
 52 -0.04739  2.83334e+03 | 53 -0.05776 -3.59197e+03 | 54 -0.04063 -4.92146e+03
 55 -0.02520 -5.39772e+03 | 56  0.00126  4.67303e+03 | 57  0.00024 -1.01219e+03
 58  0.00714 -7.80861e+02 | 59  0.04999  8.61250e+03 | 60  0.03259  8.11443e+02
 61  0.01873 -1.31751e+03 | 62  0.04241  8.82521e+03 | 63  0.01202 -3.57269e+02
 64  0.03453  2.65516e+03 | 65  0.02350  1.27376e+03 | 66 -0.00000  3.64682e+02
 67  0.05110  1.02786e+04 | 68  0.04377  1.74585e+03 | 69 -0.02143 -4.72207e+03
 70  0.03985 -3.63516e+03 | 71  0.05040  4.64599e+03 | 72  0.03466  2.94161e+03
 73  0.05496  1.16642e+04 | 74  0.02630  1.33788e+03 | 75  0.01392  5.12588e+03
 76  0.20046  1.62169e+04 |
1 0 26586.1
1 0 26585.6
1 0 26586.2
1 0 26585.5
1 0 26585.2
1 0 26584.8
1 0 26584.3
1 0 26583.6
1 0 26583.3
1 0 26583
1 0 26582.5
76 variables; iteration 60; function evaluation 74; phase 1
Function value   2.6583165e+04; maximum gradient component mag  -1.1119e+05
Var   Value    Gradient   |Var   Value    Gradient   |Var   Value    Gradient
  1  0.20868  1.90980e+02 |  2  0.16741  6.98232e+01 |  3  0.12805  1.92944e+01
  4  0.09844 -2.10312e+00 |  5  0.07980  7.10226e+00 |  6  0.06687  1.32427e+01
  7  0.05642  1.83588e+01 |  8  0.04592 -2.71277e+00 |  9  0.04076  3.90257e+00
 10  0.03858  2.01784e+01 | 11  0.03436 -2.28099e+00 | 12  0.03454  3.04272e+01
 13  0.02936 -1.20472e+01 | 14  0.03118  2.90426e+01 | 15  0.02780 -2.81969e-01
 16  0.45397  9.15382e+03 | 17  0.12270 -1.09073e+03 | 18  0.00042 -3.47062e+03
 19 -0.06793 -2.80902e+03 | 20 -0.04501  3.17679e+03 | 21 -0.05519  3.41841e+03
 22 -0.07774 -5.04739e+03 | 23 -0.05468  3.55880e+03 | 24  0.16370 -1.10104e+03
 25  0.26891 -1.30297e+03 | 26  0.30346 -1.52383e+03 | 27  0.31652 -1.28358e+03
 28  0.25977 -1.19042e+03 | 29  0.11199 -1.48175e+03 | 30 -0.08635  2.11307e+03
 31 -0.07966  1.74175e+03 | 32 -0.06901  6.98936e+02 | 33 -0.08469  2.35197e+03
 34 -0.07816  9.67250e+01 | 35 -0.08515 -9.92230e+02 | 36 -0.07982  2.53564e+02
 37  0.00366 -1.05534e+03 | 38 -0.08421  3.19356e+03 | 39 -0.09435  3.40304e+03
 40 -0.05695  2.25281e+03 | 41 -0.08941 -5.37122e+03 | 42 -0.09484 -1.87446e+03
 43 -0.09055 -2.21646e+03 | 44 -0.08853  5.02362e+03 | 45 -0.05732 -3.52003e+03
 46  0.14376 -1.11194e+05 | 47 -0.09525 -1.81246e+04 | 48 -0.06942 -1.32872e+04
 49 -0.07568 -1.36520e+03 | 50 -0.06138 -2.89692e+03 | 51 -0.04785 -8.38668e+03
 52 -0.04665  2.86125e+03 | 53 -0.05852 -3.63743e+03 | 54 -0.04093 -4.98369e+03
 55 -0.02539 -5.36232e+03 | 56  0.00110  4.73885e+03 | 57  0.00017 -8.64370e+02
 58  0.00663 -1.02632e+03 | 59  0.04964  8.61566e+03 | 60  0.03258  8.48913e+02
 61  0.01867 -1.21679e+03 | 62  0.04252  8.89931e+03 | 63  0.01195 -3.59493e+02
 64  0.03384  2.53235e+03 | 65  0.02380  1.32995e+03 | 66 -0.00053  2.96545e+02
 67  0.05129  1.03042e+04 | 68  0.04352  1.73041e+03 | 69 -0.02295 -4.76586e+03
 70  0.03933 -3.74192e+03 | 71  0.05061  4.71681e+03 | 72  0.03442  3.06465e+03
 73  0.05505  1.18467e+04 | 74  0.02627  1.32066e+03 | 75  0.01965  5.13548e+03
 76  0.20069  1.61890e+04 |
1 0 26581.6
1 0 26580.1
1 0 26577.4
1 0 26572.7
1 0 26564.8
1 0 26550.7
1 0 26526.4
1 0 26485.7
1 0 26409.6
1 0 26266.2
76 variables; iteration 70; function evaluation 84; phase 1
Function value   2.6267489e+04; maximum gradient component mag  -1.0831e+05
Var   Value    Gradient   |Var   Value    Gradient   |Var   Value    Gradient
  1  0.20760  1.67259e+02 |  2  0.17022  1.50603e+02 |  3  0.10657 -7.61748e+01
  4  0.07501 -7.96050e+01 |  5  0.07269  4.15269e+01 |  6  0.06331 -2.97456e+01
  7  0.06796  8.69314e+01 |  8  0.05227 -6.08354e+01 |  9  0.05940  5.14232e+01
 10  0.05637 -9.55998e+00 | 11  0.06140  8.39983e+01 | 12  0.04691  1.80577e+02
 13 -0.01768  3.61740e+01 | 14 -0.09248 -3.59262e+01 | 15 -0.15716 -2.04713e+02
 16  0.44092  8.88801e+03 | 17  0.11679 -1.13202e+03 | 18  0.00133 -3.34416e+03
 19 -0.06723 -2.82561e+03 | 20 -0.05013  2.62840e+03 | 21 -0.05617  3.12516e+03
 22 -0.07658 -4.80895e+03 | 23 -0.05681  3.29630e+03 | 24  0.15674 -1.13936e+03
 25  0.26303 -1.33243e+03 | 26  0.30389 -1.49582e+03 | 27  0.31750 -1.24407e+03
 28  0.25314 -1.23464e+03 | 29  0.10592 -1.53621e+03 | 30 -0.08359  1.91054e+03
 31 -0.07804  1.53309e+03 | 32 -0.06711  5.69662e+02 | 33 -0.08079  2.47570e+03
 34 -0.07639  5.45827e+01 | 35 -0.08252 -1.07072e+03 | 36 -0.07748  2.52435e+02
 37  0.00309 -1.08385e+03 | 38 -0.08282  2.78072e+03 | 39 -0.09161  3.41866e+03
 40 -0.05619  2.12926e+03 | 41 -0.08757 -4.99192e+03 | 42 -0.09184 -1.76735e+03
 43 -0.08818 -2.23384e+03 | 44 -0.08634  4.37598e+03 | 45 -0.05675 -3.58767e+03
 46  0.14374 -1.08310e+05 | 47 -0.09350 -1.67623e+04 | 48 -0.06785 -1.23223e+04
 49 -0.07372 -9.79974e+02 | 50 -0.06050 -2.46262e+03 | 51 -0.04680 -7.30566e+03
 52 -0.04548  2.99784e+03 | 53 -0.05891 -3.16186e+03 | 54 -0.04063 -4.85663e+03
 55 -0.02494 -5.09756e+03 | 56  0.00090  4.41264e+03 | 57  0.00024 -9.47301e+02
 58  0.00682 -1.00641e+03 | 59  0.04811  7.55147e+03 | 60  0.03215  4.21914e+02
 61  0.01745 -1.44512e+03 | 62  0.04078  8.40426e+03 | 63  0.01310 -3.47476e+02
 64  0.03256  2.18251e+03 | 65  0.02341  1.33284e+03 | 66 -0.00052  3.40287e+02
 67  0.05079  9.67880e+03 | 68  0.04155  1.26687e+03 | 69 -0.02142 -4.90479e+03
 70  0.04005 -2.90621e+03 | 71  0.04879  4.29011e+03 | 72  0.03373  2.80237e+03
 73  0.05293  1.05621e+04 | 74  0.02680  1.22908e+03 | 75  0.02026  4.99143e+03
 76  0.19415  1.58938e+04 |
1 0 25992.1
1 0 25156.3
1 0 29402.8
1 0 24998
1 0 26776.4
1 0 24984.7
1 0 25014.1
1 0 24981.9
1 0 24976.9
1 0 24967.1
1 0 24947.5
1 0 24764
1 0 24531.8
1 0 24154.6
1 0 23541.3
76 variables; iteration 80; function evaluation 99; phase 1
Function value   2.3559575e+04; maximum gradient component mag  -3.5214e+04
Var   Value    Gradient   |Var   Value    Gradient   |Var   Value    Gradient
  1  0.04946  6.94017e+01 |  2  0.02652 -6.88559e+01 |  3  0.02340 -5.64325e+00
  4  0.02059  3.74016e+01 |  5  0.00484 -9.69514e+01 |  6  0.01680  8.31725e+01
  7  0.00169 -2.27996e+02 |  8  0.05350  5.59986e+01 |  9  0.08288  1.55194e+01
 10  0.09581  7.82812e+00 | 11  0.08994 -3.84809e+01 | 12  0.08131  1.12321e+02
 13  0.02663  6.82504e+01 | 14 -0.05175 -1.49643e+01 | 15 -0.12686 -2.43010e+02
 16  0.29999  4.54000e+03 | 17  0.00667 -1.41916e+03 | 18 -0.01900  7.72547e+03
 19 -0.06113 -2.92903e+03 | 20 -0.07847 -5.60124e+03 | 21 -0.06833  8.59534e+01
 22 -0.06408 -2.62140e+03 | 23 -0.05039  4.19680e+02 | 24  0.07130 -1.58092e+03
 25  0.19612 -1.39240e+03 | 26  0.29862 -1.14223e+03 | 27  0.34093 -6.95758e+02
 28  0.22958 -1.21877e+03 | 29  0.07060 -1.75520e+03 | 30 -0.05982 -3.79223e+03
 31 -0.06104 -2.88587e+03 | 32 -0.04968 -5.84748e+02 | 33 -0.04508  1.77355e+03
 34 -0.05770 -1.07920e+03 | 35 -0.05637 -1.46590e+03 | 36 -0.05073  2.47402e+03
 37 -0.05260 -2.82807e+03 | 38 -0.05586  1.04098e+03 | 39 -0.05382 -1.20310e+03
 40 -0.04589  1.44664e+03 | 41 -0.05980  8.33525e+02 | 42 -0.06224 -4.78001e+02
 43 -0.06521 -2.18531e+03 | 44 -0.05984 -1.55282e+03 | 45 -0.04240 -3.49819e+03
 46  0.14545 -3.52143e+04 | 47 -0.06572 -4.13952e+02 | 48 -0.04689  4.88008e+03
 49 -0.05970  3.85479e+03 | 50 -0.04983  5.80722e+03 | 51 -0.03735  8.13194e+03
 52 -0.04671  4.97765e+03 | 53 -0.05865  1.79255e+03 | 54 -0.03467 -1.86002e+03
 55 -0.01794 -1.12900e+03 | 56 -0.00109  2.38679e+02 | 57  0.00212 -1.58046e+03
 58  0.00963 -9.34646e+02 | 59  0.03118 -8.98142e+03 | 60  0.02542 -3.90763e+03
 61  0.00270 -4.27796e+03 | 62  0.02162  4.32009e+02 | 63  0.02049 -6.59491e+02
 64  0.01775 -1.40066e+03 | 65  0.01568 -2.05211e+03 | 66  0.01062 -4.93900e+03
 67  0.03500  3.85473e+03 | 68  0.01607 -2.54527e+03 | 69  0.02305  3.25298e+02
 70  0.04124  4.29805e+03 | 71  0.02929 -2.12821e+03 | 72  0.02450 -3.04617e+03
 73  0.02247 -2.97578e+03 | 74  0.03260 -8.78385e+02 | 75  0.03163  1.53345e+03
 76  0.11056  5.18825e+03 |
1 0 23959.9
1 0 23288.3
1 0 23149.5
1 0 22967.1
1 0 22910.2
1 0 22804.3
1 0 23077.6
1 0 22704.1
1 0 22586.5
1 0 22500.7
1 0 22404
1 0 22363.8
1 0 22329.8
76 variables; iteration 90; function evaluation 112; phase 1
Function value   2.2329917e+04; maximum gradient component mag  -1.1870e+04
Var   Value    Gradient   |Var   Value    Gradient   |Var   Value    Gradient
  1  0.24465 -2.12215e+02 |  2  0.18164  6.42006e+01 |  3  0.10941 -3.03140e+01
  4  0.05716 -4.55944e+01 |  5  0.02441 -2.60879e+01 |  6  0.00284 -3.65939e+01
  7 -0.00558  3.60424e+01 |  8 -0.02296 -6.27092e+01 |  9 -0.02023 -3.10918e+01
 10 -0.00677 -3.53893e+00 | 11  0.00968  3.87502e+01 | 12  0.01736  3.31781e+01
 13  0.01853  9.03194e+00 | 14  0.02056  1.52021e+01 | 15  0.02178  1.69692e+01
 16  0.24999 -3.18183e+02 | 17 -0.05522  5.66248e+02 | 18 -0.05108 -9.36039e+02
 19 -0.04635 -1.38542e+02 | 20 -0.04852 -1.86399e+02 | 21 -0.04945  1.79663e+02
 22 -0.04366 -2.96134e+02 | 23 -0.03655 -4.63944e+02 | 24  0.07790  3.73853e+01
 25  0.19206  2.68055e+02 | 26  0.25908  3.85774e+02 | 27  0.24873  1.83469e+02
 28  0.20132  2.87712e+02 | 29  0.10150  2.54523e+02 | 30 -0.03937  4.46344e+02
 31 -0.04367 -1.07821e+03 | 32 -0.04657 -1.13158e+03 | 33 -0.04251  4.75351e+01
 34 -0.04652  1.72571e+02 | 35 -0.04352 -1.03775e+02 | 36 -0.04286  6.86516e+02
 37 -0.04804  3.62659e+02 | 38 -0.04610  6.17822e+01 | 39 -0.04502  4.30191e+02
 40 -0.04688  4.56678e+02 | 41 -0.04901 -2.37910e+02 | 42 -0.04768 -4.78835e+02
 43 -0.05220  2.84254e+02 | 44 -0.05216 -3.21677e+02 | 45 -0.04076 -1.43663e+03
 46  0.14196 -1.18703e+04 | 47 -0.06379  1.03370e+03 | 48 -0.06978 -6.05909e+02
 49 -0.07052 -1.43215e+02 | 50 -0.05633 -1.10172e+02 | 51 -0.05007 -5.22646e+02
 52 -0.05065  8.80473e+02 | 53 -0.05451  1.13901e+03 | 54 -0.02801  6.68300e+02
 55 -0.01219  5.84317e+02 | 56  0.00276  2.32088e+02 | 57  0.00812  3.74268e+02
 58  0.01458  2.49122e+02 | 59  0.03507 -1.18664e+03 | 60  0.02842 -2.04089e+02
 61  0.01861  2.20630e+02 | 62  0.01655  6.57648e+02 | 63  0.01822  1.45195e+03
 64  0.01794  4.21906e+02 | 65  0.01895  7.68271e+02 | 66  0.02129  3.93055e+02
 67  0.02129 -8.28624e+02 | 68  0.02385 -6.21856e+02 | 69  0.02260 -1.00268e+03
 70  0.02739 -7.63283e+02 | 71  0.02984 -5.48406e+02 | 72  0.02899 -9.13666e+01
 73  0.02167 -2.65718e+03 | 74  0.03676 -5.46128e+02 | 75  0.04221  5.84662e+02
 76  0.04993  1.38087e+03 |
1 0 22301.7
1 0 22283.6
1 0 22267.4
1 0 22253.1
1 0 22231.8
1 0 22205.8
1 0 22122.1
1 0 113409
1 0 21536.3
1 0 597321
1 0 21448.5
1 0 20892.4
1 0 20842.1
1 0 20840.6
1 0 415849
1 0 20840.9
1 0 20840.1
1 0 20839.2
1 0 20830.2
1 0 20781.8
1 0 20684.3
76 variables; iteration 100; function evaluation 133; phase 1
Function value   2.0685695e+04; maximum gradient component mag  -1.7317e+04
Var   Value    Gradient   |Var   Value    Gradient   |Var   Value    Gradient
  1  0.25524  1.19274e+03 |  2  0.21304  8.88497e+02 |  3  0.14317  2.26240e+02
  4  0.08177  5.83754e+01 |  5  0.02718 -8.43452e+00 |  6 -0.01699 -5.68140e+01
  7 -0.04117  8.19993e+01 |  8 -0.08848 -6.88169e+01 |  9 -0.11440 -7.85952e+01
 10 -0.11569 -6.90223e+01 | 11 -0.09528  5.58033e+01 | 12 -0.09151  3.82544e+01
 13 -0.09886  3.54545e+01 | 14 -0.11666 -5.83404e+01 | 15 -0.11603  3.12623e+00
 16  0.07236  1.63565e+03 | 17 -0.00792 -3.07671e+03 | 18  0.01019  4.18689e+03
 19  0.00573  6.63700e+02 | 20  0.00088  1.47430e+03 | 21 -0.01792 -5.64427e+03
 22 -0.00207  9.53599e+02 | 23  0.01180  2.99228e+03 | 24  0.01222  1.25578e+03
 25  0.01457  2.91304e+03 | 26  0.01368  2.95705e+03 | 27  0.00923  3.70943e+03
 28 -0.01168 -5.48965e+03 | 29 -0.02223 -1.06538e+04 | 30  0.00082  3.40698e+03
 31  0.00088 -6.31478e+00 | 32  0.00500  5.27333e+03 | 33 -0.00311 -3.45224e+03
 34 -0.00789 -1.61247e+03 | 35 -0.00820 -3.47583e+03 | 36 -0.00700 -1.56017e+03
 37 -0.00260  2.79003e+03 | 38 -0.00399 -9.71328e+02 | 39 -0.00677 -2.69713e+03
 40 -0.00653 -2.80817e+02 | 41 -0.00292  9.25036e+02 | 42 -0.00356 -1.98831e+03
 43 -0.00554 -1.69359e+03 | 44  0.00107  2.75887e+03 | 45  0.02315 -9.45600e+02
 46  0.14155 -1.73171e+04 | 47 -0.07401  7.70613e+02 | 48 -0.05797  3.33445e+03
 49 -0.07024  4.25667e+01 | 50 -0.04890  2.27943e+03 | 51 -0.05192  1.13290e+03
 52 -0.05793 -1.39304e+03 | 53 -0.04334 -1.98823e+03 | 54 -0.02719 -2.63822e+03
 55 -0.01124 -3.66426e+03 | 56  0.00362 -5.81162e+03 | 57  0.00930 -7.57502e+03
 58  0.01894  1.11685e+03 | 59  0.03546  1.02761e+04 | 60  0.03286  5.17412e+03
 61  0.01308 -1.86540e+03 | 62  0.01463 -3.36027e+03 | 63  0.01743  5.78959e+02
 64  0.01802  1.14421e+03 | 65  0.02077  3.25359e+03 | 66  0.01351 -9.35214e+02
 67  0.02101 -2.07147e+03 | 68  0.02341 -6.20113e+02 | 69  0.02379  7.61958e+02
 70  0.02170 -1.46203e+03 | 71  0.03061  4.44457e+01 | 72  0.02609  1.17649e+03
 73  0.02925  1.80120e+03 | 74  0.02896 -5.29525e+02 | 75  0.03962  8.73840e+02
 76  0.03961  6.75541e+02 |
1 0 20655.9
1 0 20602.4
1 0 20505.2
1 0 20349.5
1 0 20225.6
1 0 20134.3
1 0 20107.6
1 0 20095.8
1 0 20084.8
1 0 20082.3
76 variables; iteration 110; function evaluation 143; phase 1
Function value   2.0082299e+04; maximum gradient component mag   1.6318e+03
Var   Value    Gradient   |Var   Value    Gradient   |Var   Value    Gradient
  1  0.24457  5.18839e+01 |  2  0.17485  1.50351e+01 |  3  0.11306 -1.58081e+01
  4  0.06911 -1.23097e+01 |  5  0.03698 -8.78919e+00 |  6  0.01216 -6.57730e+00
  7 -0.00792 -2.91759e+00 |  8 -0.02536 -4.60817e+00 |  9 -0.04021 -1.15402e+00
 10 -0.05388 -3.22088e+00 | 11 -0.06596 -1.12583e+00 | 12 -0.07724 -2.86146e+00
 13 -0.08730 -6.66051e+00 | 14 -0.09505 -1.35159e+01 | 15 -0.09840 -1.01607e+01
 16  0.05962  6.22988e+01 | 17 -0.01089  8.76375e+01 | 18 -0.00088 -8.00804e+01
 19  0.00255  2.47825e+01 | 20 -0.00145 -3.68400e+01 | 21 -0.00223  3.28700e+02
 22  0.00106 -8.16735e+01 | 23  0.00078 -4.85182e+01 | 24 -0.00316  2.84686e+02
 25 -0.00744 -1.94895e+02 | 26 -0.00537 -5.91182e+01 | 27  0.00125  6.39140e+00
 28 -0.00006  5.14876e+01 | 29  0.00021  6.49069e+01 | 30 -0.00124  4.39074e+01
 31  0.00436 -2.02023e+02 | 32  0.00324  2.86952e+02 | 33  0.00396 -9.54049e+01
 34  0.00030  1.29512e+02 | 35  0.00326  2.43309e+02 | 36  0.00077 -5.50458e+02
 37 -0.00152  2.61203e+02 | 38  0.00043 -1.62076e+02 | 39  0.00058 -5.93185e+01
 40 -0.00214 -2.61434e+02 | 41 -0.00176  1.62343e+02 | 42  0.00100 -6.44742e+01
 43 -0.00178 -9.85604e+01 | 44 -0.00200  3.16882e+02 | 45  0.01849 -5.23659e+01
 46  0.14321  1.63176e+03 | 47 -0.06736  3.95569e+02 | 48 -0.06705  3.65710e+02
 49 -0.07019  1.53751e+02 | 50 -0.05778 -2.22543e+02 | 51 -0.04791  6.42043e+01
 52 -0.04858  1.07464e+02 | 53 -0.03847  1.69702e+02 | 54 -0.01987 -7.71650e+01
 55 -0.00588  3.51192e+02 | 56  0.00356 -2.78083e+02 | 57  0.01037  5.69106e+00
 58  0.01669 -2.83367e+02 | 59  0.02415 -1.65718e+02 | 60  0.02551  8.54945e+01
 61  0.01842  2.35915e+01 | 62  0.01643 -5.20400e+00 | 63  0.01486 -1.77655e+01
 64  0.01736 -1.94459e+02 | 65  0.01810  1.90701e+02 | 66  0.01756 -3.72695e+02
 67  0.02209 -2.05624e+02 | 68  0.02386  3.14320e+00 | 69  0.02308  5.85481e+00
 70  0.02584 -1.47303e+02 | 71  0.02898 -5.20039e+01 | 72  0.02587 -2.15894e+01
 73  0.02850  4.28748e+02 | 74  0.03066 -2.07674e+02 | 75  0.03076 -7.52810e+01
 76  0.04149 -4.84890e+02 |
1 0 20080.3
1 0 20079.3
1 0 20078.3
1 0 20077.3
1 0 20076.3
1 0 20075.3
1 0 20074.2
1 0 20073.7
1 0 20073.4
1 0 20073.2
76 variables; iteration 120; function evaluation 153; phase 1
Function value   2.0073191e+04; maximum gradient component mag  -1.7495e+02
Var   Value    Gradient   |Var   Value    Gradient   |Var   Value    Gradient
  1  0.24049 -9.38798e-01 |  2  0.17095  4.79309e+00 |  3  0.11617  3.24170e+00
  4  0.07780  2.67104e+00 |  5  0.05013  2.30893e+00 |  6  0.02890  1.89241e-01
  7  0.01221  1.96048e+00 |  8 -0.00187 -1.65103e+00 |  9 -0.01314 -1.18963e+00
 10 -0.02224 -6.77973e-01 | 11 -0.02967 -5.47775e-01 | 12 -0.03569 -9.99643e-01
 13 -0.04032 -1.41005e+00 | 14 -0.04354 -3.31026e+00 | 15 -0.04487 -1.44865e+00
 16  0.05327  3.81338e+01 | 17 -0.01905 -2.46878e+01 | 18 -0.00138 -1.18576e+01
 19  0.00266 -7.54791e+00 | 20 -0.00104  1.18077e+01 | 21 -0.00325 -3.94308e+01
 22  0.00083  3.66995e+01 | 23  0.00065  6.37992e+00 | 24 -0.00371 -4.04269e+01
 25 -0.00706 -9.75995e+00 | 26 -0.00425  6.12671e+00 | 27  0.00161 -2.72757e+01
 28 -0.00002  5.20693e+00 | 29  0.00003  1.57672e+01 | 30 -0.00153 -5.54090e+01
 31  0.00461  4.59409e+01 | 32  0.00278 -4.22770e+01 | 33  0.00414  1.85457e+01
 34  0.00032  2.59891e+01 | 35  0.00305 -6.49181e+01 | 36  0.00254  7.48194e+01
 37 -0.00133 -3.19178e+01 | 38  0.00079 -1.30193e+01 | 39  0.00104  1.36317e+01
 40 -0.00115  2.98076e+01 | 41 -0.00165 -2.43029e+01 | 42  0.00117  2.01548e+01
 43 -0.00181  1.71230e+01 | 44 -0.00150 -5.24839e+01 | 45  0.02231 -5.81795e+00
 46  0.14560 -1.74952e+02 | 47 -0.06858 -2.81273e+01 | 48 -0.06752  5.53412e+01
 49 -0.07011  5.13426e+01 | 50 -0.05668 -3.21755e+01 | 51 -0.04815  4.65982e+01
 52 -0.04858  1.05809e+01 | 53 -0.03844  1.53645e+01 | 54 -0.01968 -1.14571e+01
 55 -0.00658  4.19111e+01 | 56  0.00463 -2.10973e+01 | 57  0.01040  6.47021e+00
 58  0.01737 -9.72470e+00 | 59  0.02448 -4.82327e+00 | 60  0.02529  9.49261e+00
 61  0.01842 -3.91892e+01 | 62  0.01628  1.37951e+01 | 63  0.01492 -3.82323e+01
 64  0.01766  2.21296e+01 | 65  0.01718  2.29152e+01 | 66  0.01914  3.46567e-01
 67  0.02244  2.21560e+01 | 68  0.02375 -3.65024e+01 | 69  0.02318 -4.82478e+01
 70  0.02663 -2.30353e+01 | 71  0.02925  1.13116e+01 | 72  0.02633 -2.92145e+01
 73  0.02691 -7.63894e+01 | 74  0.02970  4.35678e+01 | 75  0.02984  8.52025e+00
 76  0.06592  2.93786e+01 |
1 0 20073.1
1 0 20073.1
1 0 20073.1
1 0 20073.1
1 0 20073.1
1 0 20073.1
1 0 20073.1
1 0 20073.1
1 0 20073.1
1 0 20073.1
76 variables; iteration 130; function evaluation 163; phase 1
Function value   2.0073078e+04; maximum gradient component mag  -1.6289e+01
Var   Value    Gradient   |Var   Value    Gradient   |Var   Value    Gradient
  1  0.24082  5.24998e-01 |  2  0.17048 -1.26582e-02 |  3  0.11517 -2.18410e-02
  4  0.07663 -6.83707e-02 |  5  0.04927 -3.54582e-02 |  6  0.02893 -3.51799e-02
  7  0.01322  6.30316e-02 |  8  0.00078  1.75524e-02 |  9 -0.00918 -3.45526e-02
 10 -0.01713 -1.23982e-01 | 11 -0.02337 -3.03597e-01 | 12 -0.02807  6.77715e-03
 13 -0.03145  1.05392e-01 | 14 -0.03366  1.32748e-01 | 15 -0.03475  1.22081e-01
 16  0.05324  6.97531e-02 | 17 -0.01858 -7.99993e-01 | 18 -0.00140  8.51650e-01
 19  0.00261 -2.25065e+00 | 20 -0.00101 -1.77483e-01 | 21 -0.00324  1.06708e+00
 22  0.00072  1.93624e+00 | 23  0.00062 -1.66699e+00 | 24 -0.00356  2.87785e-01
 25 -0.00705 -5.47304e-01 | 26 -0.00422 -4.66538e-01 | 27  0.00166  5.40522e-01
 28 -0.00006 -1.03259e+00 | 29 -0.00002  6.80636e-01 | 30 -0.00146  8.25353e-01
 31  0.00458  2.95723e+00 | 32  0.00281  7.82059e-01 | 33  0.00409  1.46658e+00
 34  0.00019  1.10392e-01 | 35  0.00306 -6.08529e-01 | 36  0.00237 -1.51815e+00
 37 -0.00132 -3.81243e-03 | 38  0.00083 -2.31870e-01 | 39  0.00101  1.89622e+00
 40 -0.00129 -1.46467e-01 | 41 -0.00172  8.50264e-01 | 42  0.00112  5.21347e-01
 43 -0.00181 -4.36719e+00 | 44 -0.00147  4.78589e-01 | 45  0.02257 -5.42353e-02
 46  0.14560 -1.62885e+01 | 47 -0.06840  1.34989e+00 | 48 -0.06763 -4.18367e+00
 49 -0.07022  1.70510e+00 | 50 -0.05654 -4.70660e+00 | 51 -0.04819  2.04399e+00
 52 -0.04862 -3.27201e-01 | 53 -0.03852 -8.28787e-01 | 54 -0.01958 -1.52666e+00
 55 -0.00667 -1.11592e+00 | 56  0.00471 -3.61781e+00 | 57  0.01043 -2.58160e-01
 58  0.01740  2.43557e+00 | 59  0.02449  5.75402e+00 | 60  0.02530  3.52668e+00
 61  0.01853  5.64076e-01 | 62  0.01628  1.09521e+00 | 63  0.01503  8.18340e-01
 64  0.01760 -9.44218e-01 | 65  0.01720 -1.12306e-01 | 66  0.01911 -9.42389e-02
 67  0.02240  7.46573e-01 | 68  0.02387 -1.46024e+00 | 69  0.02330 -8.79787e-02
 70  0.02665 -1.70138e-01 | 71  0.02920 -2.70741e+00 | 72  0.02636  9.95913e-01
 73  0.02709  1.15173e+00 | 74  0.02947 -3.17974e-01 | 75  0.02947  7.93990e-01
 76  0.06603  1.87783e+00 |
1 0 20073.1
1 0 20073.1
1 0 20073.1
1 0 20073.1
1 0 20073.1
1 0 20073.1

 - final statistics:
76 variables; iteration 136; function evaluation 169
Function value   2.0073e+04; maximum gradient component mag   9.8146e-02
Exit code = 1;  converg criter   1.0000e-01
Var   Value    Gradient   |Var   Value    Gradient   |Var   Value    Gradient
  1  0.24082 -5.31237e-03 |  2  0.17049  4.26850e-04 |  3  0.11520  1.54858e-03
  4  0.07667  4.40119e-04 |  5  0.04932  8.74173e-04 |  6  0.02898  1.32467e-03
  7  0.01327  1.01655e-03 |  8  0.00084  4.37459e-04 |  9 -0.00909  2.12697e-04
 10 -0.01702  2.69836e-04 | 11 -0.02327 -1.78651e-03 | 12 -0.02806 -1.91243e-04
 13 -0.03155 -2.77884e-04 | 14 -0.03382  1.20652e-03 | 15 -0.03494  4.08120e-04
 16  0.05324  1.10977e-02 | 17 -0.01856 -1.04095e-02 | 18 -0.00139 -3.56831e-02
 19  0.00262 -7.63569e-02 | 20 -0.00101  1.46328e-02 | 21 -0.00325  3.67442e-02
 22  0.00072 -5.95771e-02 | 23  0.00062 -2.06002e-02 | 24 -0.00356  8.57696e-03
 25 -0.00705 -1.49377e-02 | 26 -0.00422 -3.77504e-03 | 27  0.00165  6.25530e-03
 28 -0.00006 -3.37198e-03 | 29 -0.00003 -2.81843e-03 | 30 -0.00147  2.89251e-02
 31  0.00457 -2.17688e-02 | 32  0.00281 -9.96454e-03 | 33  0.00408  1.51954e-02
 34  0.00019 -4.81091e-03 | 35  0.00306  6.12528e-03 | 36  0.00237 -3.73303e-03
 37 -0.00132 -2.13330e-02 | 38  0.00083  5.90437e-03 | 39  0.00101  1.28615e-02
 40 -0.00130  6.77456e-03 | 41 -0.00172 -1.20575e-02 | 42  0.00112 -1.15081e-02
 43 -0.00180 -7.60157e-03 | 44 -0.00147  5.74105e-02 | 45  0.02256  5.22965e-02
 46  0.14560  9.81458e-02 | 47 -0.06841 -3.27411e-02 | 48 -0.06762 -2.04997e-02
 49 -0.07023  7.27184e-02 | 50 -0.05653  1.65991e-03 | 51 -0.04820 -5.41088e-02
 52 -0.04862  8.93508e-03 | 53 -0.03852  1.17974e-02 | 54 -0.01958 -6.63968e-02
 55 -0.00667 -4.41519e-03 | 56  0.00471  2.36787e-02 | 57  0.01043  4.72391e-03
 58  0.01740 -1.56067e-02 | 59  0.02448  1.78588e-02 | 60  0.02529 -8.65013e-03
 61  0.01853 -3.04593e-02 | 62  0.01628  4.90890e-04 | 63  0.01503 -2.93927e-03
 64  0.01760  1.44378e-02 | 65  0.01720  2.75891e-02 | 66  0.01911 -1.65492e-02
 67  0.02240  5.76524e-02 | 68  0.02388 -6.41575e-02 | 69  0.02330 -4.15610e-02
 70  0.02665  8.26643e-03 | 71  0.02920  1.12670e-02 | 72  0.02635  7.39988e-03
 73  0.02709  9.59131e-02 | 74  0.02947 -1.57971e-02 | 75  0.02947 -4.74438e-03
 76  0.06603 -2.23209e-02 |
1 0 20073.1
B033784.1
0.3 0.473566
0.405914 0.384289
0.44568 0.357215
0.454868 0.35137
0.456649 0.350254
0.45698 0.350047
0.457041 0.350009
0.457053 0.350002
0.457055 0.35
0.457055 0.35
0.457055 0.35
0.457055 0.35
0.457055 0.35
0.457055 0.35
0.457055 0.35
0.457055 0.35
0.457055 0.35
0.457055 0.35
0.457055 0.35
0.457055 0.35
0.457055 0.35
2 0 20073.1

Initial statistics: 80 variables; iteration 0; function evaluation 0; phase 2
Function value   2.0073078e+04; maximum gradient component mag  -6.0943e+01
Var   Value    Gradient   |Var   Value    Gradient   |Var   Value    Gradient
  1 -0.80555 -1.82989e+00 |  2 -0.59633 -7.01204e+00 |  3  0.24082 -5.31237e-03
  4  0.17049  4.26850e-04 |  5  0.11520  1.54858e-03 |  6  0.07667  4.40119e-04
  7  0.04932  8.74173e-04 |  8  0.02898  1.32467e-03 |  9  0.01327  1.01655e-03
 10  0.00084  4.37459e-04 | 11 -0.00909  2.12697e-04 | 12 -0.01702  2.69836e-04
 13 -0.02327 -1.78651e-03 | 14 -0.02806 -1.91243e-04 | 15 -0.03155 -2.77884e-04
 16 -0.03382  1.20652e-03 | 17 -0.03494  4.08120e-04 | 18  0.05324  1.10977e-02
 19 -0.01856 -8.04577e-03 | 20 -0.00139 -3.33183e-02 | 21  0.00262 -7.39921e-02
 22 -0.00101  1.69975e-02 | 23 -0.00325  3.91090e-02 | 24  0.00072 -5.72124e-02
 25  0.00062 -1.82355e-02 | 26 -0.00356  1.09417e-02 | 27 -0.00705 -1.25730e-02
 28 -0.00422 -1.41034e-03 | 29  0.00165  8.62004e-03 | 30 -0.00006 -1.00723e-03
 31 -0.00003 -4.53675e-04 | 32 -0.00147  3.12899e-02 | 33  0.00457 -1.94041e-02
 34  0.00281 -7.59981e-03 | 35  0.00408  1.75601e-02 | 36  0.00019 -2.44615e-03
 37  0.00306  8.49001e-03 | 38  0.00237 -1.36829e-03 | 39 -0.00132 -1.89683e-02
 40  0.00083  8.26912e-03 | 41  0.00101  1.52263e-02 | 42 -0.00130  9.13932e-03
 43 -0.00172 -9.69277e-03 | 44  0.00112 -9.14339e-03 | 45 -0.00180 -5.23682e-03
 46 -0.00147  5.97752e-02 | 47  0.02256  5.46597e-02 | 48  0.14560  9.81458e-02
 49 -0.06841 -3.22549e-02 | 50 -0.06762 -2.00134e-02 | 51 -0.07023  7.32045e-02
 52 -0.05653  2.14702e-03 | 53 -0.04820 -5.36212e-02 | 54 -0.04862  9.42269e-03
 55 -0.03852  1.22856e-02 | 56 -0.01958 -6.59080e-02 | 57 -0.00667 -3.92618e-03
 58  0.00471  2.41677e-02 | 59  0.01043  5.21288e-03 | 60  0.01740 -1.51178e-02
 61  0.02448  1.83475e-02 | 62  0.02529 -8.16148e-03 | 63  0.01853 -2.99705e-02
 64  0.01628  9.79761e-04 | 65  0.01503 -2.45038e-03 | 66  0.01760  1.49267e-02
 67  0.01720  2.80780e-02 | 68  0.01911 -1.60604e-02 | 69  0.02240  5.81411e-02
 70  0.02388 -6.36688e-02 | 71  0.02330 -4.10723e-02 | 72  0.02665  8.75503e-03
 73  0.02920  1.17556e-02 | 74  0.02635  7.88849e-03 | 75  0.02709  9.64017e-02
 76  0.02947 -1.53086e-02 | 77  0.02947 -4.25587e-03 | 78  0.06603 -2.23209e-02
 79 -0.70382 -6.09432e+01 | 80 -0.61333 -1.67390e+01 |
2 0 20073.1
2 0 20073
2 0 20073
2 0 20073
2 0 20073.1
2 0 20073
2 0 20073
2 0 20073
2 0 20073
2 0 20073
2 0 20073

Intermediate statistics: 80 variables; iteration 10; function evaluation 11; phase 2
Function value   2.0072968e+04; maximum gradient component mag  -2.1858e+02
Var   Value    Gradient   |Var   Value    Gradient   |Var   Value    Gradient
  1 -0.80523 -6.02776e+00 |  2 -0.59502 -1.34208e+01 |  3  0.24101  3.54560e+00
  4  0.17068  5.38012e-01 |  5  0.11528 -1.62074e-01 |  6  0.07671 -8.83088e-02
  7  0.04934 -2.02950e-02 |  8  0.02900  2.49038e-03 |  9  0.01328  9.03749e-03
 10  0.00085  1.03403e-02 | 11 -0.00908  9.99403e-03 | 12 -0.01701  9.06893e-03
 13 -0.02326  8.06627e-03 | 14 -0.02806  7.80291e-03 | 15 -0.03154  7.94040e-03
 16 -0.03382  8.19999e-03 | 17 -0.03494  8.13666e-03 | 18  0.05385  2.59939e+01
 19 -0.01883 -9.39861e+00 | 20 -0.00136  1.55251e+01 | 21  0.00260 -9.89327e+00
 22 -0.00101  1.28247e+01 | 23 -0.00327 -2.11593e+01 | 24  0.00069 -1.53743e+01
 25  0.00059 -1.98563e+01 | 26 -0.00361 -3.37657e+00 | 27 -0.00707  1.32350e+01
 28 -0.00423  4.46083e+00 | 29  0.00166  9.11692e+00 | 30 -0.00008 -8.42772e+00
 31 -0.00002 -1.03207e+00 | 32 -0.00143  8.88787e+00 | 33  0.00460  2.20647e+01
 34  0.00280 -1.83721e+01 | 35  0.00414  1.59017e+01 | 36  0.00025 -2.80310e-01
 37  0.00311 -2.70778e+00 | 38  0.00241  6.13655e+00 | 39 -0.00129  1.17489e+00
 40  0.00086 -1.02020e-01 | 41  0.00101 -2.73944e+00 | 42 -0.00126  8.12473e+00
 43 -0.00167  7.74522e+00 | 44  0.00114  1.23850e+00 | 45 -0.00179 -5.48777e+00
 46 -0.00143 -1.48185e+00 | 47  0.02247 -5.84621e+00 | 48  0.14587 -2.18580e+02
 49 -0.06838  1.73199e+01 | 50 -0.06762  4.22549e+00 | 51 -0.07024 -5.97872e+00
 52 -0.05653 -2.14882e+01 | 53 -0.04821  3.41531e+00 | 54 -0.04862  1.05035e+01
 55 -0.03841  4.94718e+01 | 56 -0.01950  5.07290e+01 | 57 -0.00664  2.28337e+01
 58  0.00473  9.55544e+00 | 59  0.01040 -1.64652e+01 | 60  0.01737 -1.58665e+01
 61  0.02444 -2.39596e+01 | 62  0.02526 -2.60663e+01 | 63  0.01843 -4.54100e+01
 64  0.01626 -6.83514e+00 | 65  0.01498 -2.39306e+01 | 66  0.01762  6.82907e+00
 67  0.01718 -6.78911e+00 | 68  0.01909 -7.34532e+00 | 69  0.02241  7.21778e-01
 70  0.02388  3.09456e+00 | 71  0.02326 -6.92830e+00 | 72  0.02665 -4.76619e+00
 73  0.02923  2.99532e+00 | 74  0.02631 -1.58959e+01 | 75  0.02711  7.51537e+00
 76  0.02951  1.49755e+01 | 77  0.02949  9.73370e+00 | 78  0.06842  3.60028e+01
 79 -0.70125 -3.15106e+01 | 80 -0.61249 -1.09877e+01 |
2 0 20073
2 0 20073
2 0 20073
2 0 20073
2 0 20072.9
2 0 20072.9
2 0 20072.9
2 0 20072.9
2 0 20072.9
2 0 20072.8
2 0 20072.8
2 0 20072.8
2 0 20072.8
80 variables; iteration 20; function evaluation 24; phase 2
Function value   2.0072815e+04; maximum gradient component mag  -5.0110e+02
Var   Value    Gradient   |Var   Value    Gradient   |Var   Value    Gradient
  1 -0.80008  6.01265e-01 |  2 -0.58157 -6.56305e+00 |  3  0.24151 -2.83145e+01
  4  0.17146 -3.17108e+00 |  5  0.11597 -9.65444e-01 |  6  0.07712 -1.22279e+00
  7  0.04955 -9.08448e-01 |  8  0.02912 -5.42628e-01 |  9  0.01336 -3.41210e-01
 10  0.00091 -2.38444e-01 | 11 -0.00904 -1.81617e-01 | 12 -0.01698 -1.46319e-01
 13 -0.02323 -1.24302e-01 | 14 -0.02803 -1.09250e-01 | 15 -0.03152 -1.01278e-01
 16 -0.03379 -9.52934e-02 | 17 -0.03492 -9.26219e-02 | 18  0.05378  3.03796e+01
 19 -0.01850  2.54417e+01 | 20 -0.00123  3.04565e+01 | 21  0.00263 -4.86316e+00
 22 -0.00105 -1.80214e+00 | 23 -0.00327 -7.65228e+00 | 24  0.00064 -2.84025e+01
 25  0.00043 -2.42613e+01 | 26 -0.00390 -2.10464e+01 | 27 -0.00742 -4.16276e+01
 28 -0.00439  2.58019e+01 | 29  0.00158 -6.20300e-01 | 30 -0.00006  4.39388e+00
 31  0.00000  6.33876e+00 | 32 -0.00145 -4.76051e+00 | 33  0.00457  6.43597e+00
 34  0.00276 -2.12703e+01 | 35  0.00406 -6.70332e+00 | 36  0.00020 -1.02077e+01
 37  0.00316  1.00832e+01 | 38  0.00249  1.55140e+01 | 39 -0.00123  8.52491e+00
 40  0.00095  2.12515e+01 | 41  0.00110  2.04198e+01 | 42 -0.00124  1.53262e+01
 43 -0.00168  2.87283e+00 | 44  0.00115 -1.02367e+01 | 45 -0.00175  6.34487e+00
 46 -0.00135 -5.54414e+00 | 47  0.02280 -2.96333e+00 | 48  0.14653 -5.01099e+02
 49 -0.06824  2.47024e+01 | 50 -0.06762 -1.59486e+01 | 51 -0.07021 -1.50913e+01
 52 -0.05653 -2.87452e+01 | 53 -0.04819  2.98000e-02 | 54 -0.04848  4.23019e+01
 55 -0.03831  4.45448e+01 | 56 -0.01939  5.86382e+01 | 57 -0.00657  5.62433e+01
 58  0.00460 -3.35824e+01 | 59  0.01034 -3.65909e+01 | 60  0.01738 -2.19246e+01
 61  0.02445 -3.52412e+01 | 62  0.02523 -3.02583e+01 | 63  0.01844 -3.60536e+01
 64  0.01624 -7.25867e+00 | 65  0.01494 -2.95174e+01 | 66  0.01752 -1.64601e+01
 67  0.01716 -1.60516e+01 | 68  0.01911 -5.13675e+00 | 69  0.02239 -7.13474e+00
 70  0.02389 -3.40888e+00 | 71  0.02333 -2.99267e-01 | 72  0.02666 -1.11991e+01
 73  0.02921  4.53810e-01 | 74  0.02637  5.69395e+00 | 75  0.02707  1.01364e+01
 76  0.02929  1.29379e+01 | 77  0.02931  2.12228e+01 | 78  0.07360  7.93362e+01
 79 -0.69972 -3.63218e+01 | 80 -0.60953 -1.50263e+01 |
2 0 20072.8
2 0 20072.8
2 0 20072.8
2 0 20072.8
2 0 20072.8
2 0 20072.8
2 0 20072.8
2 0 20072.8
2 0 20072.8
2 0 20072.8
2 0 20072.7
2 0 20072.7
2 0 20073
2 0 20072.7
80 variables; iteration 30; function evaluation 38; phase 2
Function value   2.0072675e+04; maximum gradient component mag  -9.5233e+02
Var   Value    Gradient   |Var   Value    Gradient   |Var   Value    Gradient
  1 -0.80429 -1.39185e+00 |  2 -0.56729 -6.31068e+00 |  3  0.24226 -1.86611e+01
  4  0.17055 -1.44900e+01 |  5  0.11527 -8.57945e+00 |  6  0.07832  5.04823e+00
  7  0.05091  1.83800e+00 |  8  0.02997 -8.88476e-01 |  9  0.01385 -9.19666e-01
 10  0.00121 -5.59329e-01 | 11 -0.00882 -3.45502e-01 | 12 -0.01681 -2.49789e-01
 13 -0.02310 -1.98138e-01 | 14 -0.02792 -1.73059e-01 | 15 -0.03142 -1.40813e-01
 16 -0.03370 -1.35055e-01 | 17 -0.03482 -1.33773e-01 | 18  0.05371  1.10643e+02
 19 -0.01896  7.10310e+00 | 20 -0.00121  4.01827e+01 | 21  0.00262 -1.27108e+01
 22 -0.00110 -1.95900e+01 | 23 -0.00328 -1.84035e+01 | 24  0.00068 -1.18459e+01
 25  0.00047 -3.54043e+01 | 26 -0.00378 -2.06174e+01 | 27 -0.00733 -2.58960e+01
 28 -0.00437  1.72015e+01 | 29  0.00161 -4.49994e+00 | 30 -0.00003  1.47610e+01
 31 -0.00000 -6.43735e+00 | 32 -0.00143 -1.15808e+01 | 33  0.00464  1.57792e+01
 34  0.00281 -1.82002e+01 | 35  0.00414  6.35471e+00 | 36  0.00027 -1.58204e+01
 37  0.00327  2.42817e+01 | 38  0.00262  2.99682e+01 | 39 -0.00115 -7.23188e-02
 40  0.00105  2.73845e+01 | 41  0.00116  2.36993e+01 | 42 -0.00117  2.11577e+01
 43 -0.00158  1.74106e+01 | 44  0.00123 -8.39775e+00 | 45 -0.00167  1.45221e+01
 46 -0.00136 -1.92987e+00 | 47  0.02186 -3.96074e+01 | 48  0.14712 -9.52326e+02
 49 -0.06832  2.32648e+01 | 50 -0.06765 -1.22418e+01 | 51 -0.07023 -8.29294e+00
 52 -0.05662 -4.01327e+01 | 53 -0.04823  6.52901e+00 | 54 -0.04857  3.26834e+01
 55 -0.03843  3.20967e+01 | 56 -0.01937  7.30564e+01 | 57 -0.00655  7.69878e+01
 58  0.00454 -2.21436e+01 | 59  0.01031 -2.30930e+01 | 60  0.01733 -1.68957e+01
 61  0.02439 -2.93497e+01 | 62  0.02514 -3.17978e+01 | 63  0.01837 -3.51197e+01
 64  0.01613 -2.24260e+01 | 65  0.01485 -4.79692e+01 | 66  0.01741 -3.41206e+01
 67  0.01707 -3.46073e+01 | 68  0.01906 -1.70275e+01 | 69  0.02235  4.02550e+00
 70  0.02386  9.07329e+00 | 71  0.02329  7.33000e+00 | 72  0.02662 -6.01100e+00
 73  0.02916 -2.51685e+00 | 74  0.02633  2.66098e+00 | 75  0.02713  2.48192e+01
 76  0.02952  3.03125e+01 | 77  0.03060  5.09757e+01 | 78  0.07741  1.75320e+02
 79 -0.70125 -9.15038e+01 | 80 -0.59649 -2.74619e+01 |
2 0 20072.7
2 0 20072.7
2 0 20072.7
2 0 20072.6
2 0 20072.7
2 0 20072.6
2 0 20072.6
2 0 20072.6
2 0 20072.6
2 0 20072.6
2 0 20072.6
80 variables; iteration 40; function evaluation 49; phase 2
Function value   2.0072633e+04; maximum gradient component mag  -1.1158e+03
Var   Value    Gradient   |Var   Value    Gradient   |Var   Value    Gradient
  1 -0.80727 -3.53307e+00 |  2 -0.56256 -7.45225e+00 |  3  0.24276 -1.81371e+01
  4  0.17140 -9.75342e+00 |  5  0.11621 -2.61830e+00 |  6  0.07809  1.04585e+00
  7  0.05074  5.08354e-01 |  8  0.03027  7.02438e-01 |  9  0.01420 -1.79345e-01
 10  0.00146 -5.22895e-01 | 11 -0.00867 -3.98987e-01 | 12 -0.01670 -2.57968e-01
 13 -0.02302 -1.76678e-01 | 14 -0.02785 -1.38266e-01 | 15 -0.03135 -1.10751e-01
 16 -0.03364 -1.00815e-01 | 17 -0.03477 -9.55373e-02 | 18  0.05383  1.45291e+02
 19 -0.01857  6.08854e+00 | 20 -0.00122  4.13037e+01 | 21  0.00263 -1.52041e+00
 22 -0.00113 -2.73210e+01 | 23 -0.00332 -2.44499e+01 | 24  0.00067 -1.09336e+01
 25  0.00042 -4.71306e+01 | 26 -0.00381 -2.50772e+01 | 27 -0.00739 -3.26522e+01
 28 -0.00439  1.57734e+01 | 29  0.00160  7.77285e+00 | 30 -0.00010 -1.45276e+01
 31 -0.00000  1.17968e+01 | 32 -0.00147 -2.66303e+01 | 33  0.00464  3.25061e+01
 34  0.00279 -2.76849e+01 | 35  0.00410 -2.28749e+01 | 36  0.00027 -5.46628e-01
 37  0.00326  2.26251e+01 | 38  0.00262  3.01280e+01 | 39 -0.00113  1.83590e+01
 40  0.00106  2.93905e+01 | 41  0.00111  1.00607e+01 | 42 -0.00121  1.67921e+01
 43 -0.00158  1.05438e+01 | 44  0.00124  6.52012e+00 | 45 -0.00169  1.06518e+01
 46 -0.00137 -1.21713e+01 | 47  0.02190 -4.96837e+01 | 48  0.14721 -1.11582e+03
 49 -0.06827  2.69186e+01 | 50 -0.06764 -2.27120e+01 | 51 -0.07019 -1.18364e+01
 52 -0.05659 -5.03599e+01 | 53 -0.04823 -1.02319e+01 | 54 -0.04850  4.12747e+01
 55 -0.03842  2.82782e+01 | 56 -0.01931  7.93086e+01 | 57 -0.00652  8.09874e+01
 58  0.00458 -1.86480e+01 | 59  0.01033 -3.17990e+01 | 60  0.01738 -1.80625e+00
 61  0.02444 -2.90252e+01 | 62  0.02516 -3.74959e+01 | 63  0.01838 -5.12089e+01
 64  0.01617 -1.10761e+01 | 65  0.01495 -6.53639e+00 | 66  0.01744 -2.61289e+01
 67  0.01710 -2.52504e+01 | 68  0.01911 -1.46481e+01 | 69  0.02233 -2.59033e+01
 70  0.02394  1.04287e+01 | 71  0.02327 -1.23005e+01 | 72  0.02663 -1.34014e+01
 73  0.02924  8.21033e+00 | 74  0.02635 -1.08423e+01 | 75  0.02714  1.52325e+01
 76  0.02949  3.60756e+01 | 77  0.02971  5.28449e+01 | 78  0.07846  2.14540e+02
 79 -0.70195 -1.12900e+02 | 80 -0.59167 -3.15626e+01 |
2 0 20072.6
2 0 20072.6
2 0 20072.6
2 0 20072.6
2 0 20072.6
2 0 20072.6
2 0 20072.6
2 0 20072.6
2 0 20072.6
2 0 20072.6
2 0 20072.6
2 0 20072.6
2 0 20072.6
80 variables; iteration 50; function evaluation 62; phase 2
Function value   2.0072612e+04; maximum gradient component mag  -1.1423e+03
Var   Value    Gradient   |Var   Value    Gradient   |Var   Value    Gradient
  1 -0.81515 -4.79574e+00 |  2 -0.55546 -7.22463e+00 |  3  0.24265 -2.06633e+01
  4  0.17092 -1.62017e+01 |  5  0.11632  2.08108e+00 |  6  0.07713 -4.93766e+00
  7  0.05022  5.77568e+00 |  8  0.02843 -7.61729e+00 |  9  0.01332 -2.13129e+00
 10  0.00202  3.40147e+00 | 11 -0.00783  1.37886e+00 | 12 -0.01612 -3.18204e-01
 13 -0.02265 -5.36194e-01 | 14 -0.02761 -3.54398e-01 | 15 -0.03117 -2.49311e-01
 16 -0.03349 -1.83440e-01 | 17 -0.03464 -1.76021e-01 | 18  0.05367  1.45021e+02
 19 -0.01884  5.16551e+00 | 20 -0.00119  3.73099e+01 | 21  0.00266  1.20734e+01
 22 -0.00113 -3.28475e+01 | 23 -0.00328 -1.85172e+01 | 24  0.00068 -1.37932e+01
 25  0.00044 -4.44022e+01 | 26 -0.00379 -2.25411e+01 | 27 -0.00739 -3.60283e+01
 28 -0.00439  1.62809e+01 | 29  0.00157 -1.54726e+00 | 30 -0.00008 -9.50109e+00
 31  0.00003  1.77403e+01 | 32 -0.00150 -3.78202e+01 | 33  0.00467  3.62436e+01
 34  0.00284 -1.80055e+01 | 35  0.00410 -2.51388e+01 | 36  0.00028  3.54718e+00
 37  0.00324  1.23426e+01 | 38  0.00261  2.75934e+01 | 39 -0.00115  6.99750e+00
 40  0.00112  5.25522e+01 | 41  0.00113 -5.88399e-01 | 42 -0.00119  2.15496e+01
 43 -0.00158  1.51739e+01 | 44  0.00124  1.85832e+00 | 45 -0.00169  7.28591e+00
 46 -0.00133 -4.46650e+00 | 47  0.02187 -4.91932e+01 | 48  0.14724 -1.14227e+03
 49 -0.06828  2.59609e+01 | 50 -0.06760 -7.96139e+00 | 51 -0.07020 -1.81688e+01
 52 -0.05660 -5.63465e+01 | 53 -0.04821 -5.51880e+00 | 54 -0.04851  3.55158e+01
 55 -0.03840  2.80077e+01 | 56 -0.01928  7.80898e+01 | 57 -0.00652  7.85292e+01
 58  0.00462 -7.91009e+00 | 59  0.01028 -4.69122e+01 | 60  0.01739 -7.48222e-01
 61  0.02448 -1.87855e+01 | 62  0.02508 -5.90524e+01 | 63  0.01841 -4.00017e+01
 64  0.01621  3.11720e+00 | 65  0.01492 -1.82216e+01 | 66  0.01748 -1.65768e+01
 67  0.01708 -3.05051e+01 | 68  0.01912 -1.13041e+01 | 69  0.02229 -3.73161e+01
 70  0.02396  1.01643e+01 | 71  0.02331  8.47395e-01 | 72  0.02664 -1.40735e+01
 73  0.02922  1.48578e-01 | 74  0.02636 -1.10791e+01 | 75  0.02711  6.71400e+00
 76  0.02955  4.89298e+01 | 77  0.02955  5.28082e+01 | 78  0.07874  2.22044e+02
 79 -0.70121 -1.12590e+02 | 80 -0.59356 -3.25812e+01 |
2 0 20072.6
2 0 20072.6
2 0 20072.6
2 0 20072.6
2 0 20072.6
2 0 20072.6
2 0 20072.6
2 0 20072.6
2 0 20072.6
2 0 20072.6
2 0 20072.6
2 0 20072.7
2 0 20072.6
2 0 20072.6
80 variables; iteration 60; function evaluation 76; phase 2
Function value   2.0072592e+04; maximum gradient component mag  -1.1479e+03
Var   Value    Gradient   |Var   Value    Gradient   |Var   Value    Gradient
  1 -0.82036 -5.17794e+00 |  2 -0.55093 -6.84326e+00 |  3  0.24272 -2.07257e+01
  4  0.17104 -1.55014e+01 |  5  0.11626  1.30846e+00 |  6  0.07706 -5.02339e+00
  7  0.05013  3.97981e+00 |  8  0.02885 -5.67957e+00 |  9  0.01371  1.39668e+00
 10  0.00134 -9.94692e-01 | 11 -0.00830 -1.71838e-01 | 12 -0.01592  1.25828e+00
 13 -0.02227  4.12164e-01 | 14 -0.02730 -2.76848e-01 | 15 -0.03096 -3.71960e-01
 16 -0.03333 -2.79832e-01 | 17 -0.03450 -2.35098e-01 | 18  0.05358  1.39849e+02
 19 -0.01879  6.38084e+00 | 20 -0.00116  4.78704e+01 | 21  0.00267  1.07604e+01
 22 -0.00114 -3.42119e+01 | 23 -0.00328 -1.96137e+01 | 24  0.00067 -1.79367e+01
 25  0.00045 -3.57825e+01 | 26 -0.00380 -2.83808e+01 | 27 -0.00739 -3.56827e+01
 28 -0.00437  1.89843e+01 | 29  0.00155 -8.08361e+00 | 30 -0.00005 -2.22168e+00
 31  0.00002  1.76010e+01 | 32 -0.00152 -4.20977e+01 | 33  0.00465  2.92252e+01
 34  0.00282 -2.93821e+01 | 35  0.00413 -1.40555e+01 | 36  0.00028  2.32275e+00
 37  0.00325  1.17159e+01 | 38  0.00263  3.49265e+01 | 39 -0.00115  1.27225e+01
 40  0.00110  4.03281e+01 | 41  0.00115  8.39017e+00 | 42 -0.00120  6.46182e+00
 43 -0.00156  2.65670e+01 | 44  0.00124  3.08731e+00 | 45 -0.00170  4.75932e+00
 46 -0.00134 -4.72847e+00 | 47  0.02178 -5.04631e+01 | 48  0.14727 -1.14793e+03
 49 -0.06831  1.62582e+01 | 50 -0.06761 -1.44805e+01 | 51 -0.07019 -1.52727e+01
 52 -0.05661 -5.76424e+01 | 53 -0.04821 -1.93716e+00 | 54 -0.04855  3.01352e+01
 55 -0.03840  2.54066e+01 | 56 -0.01928  8.00750e+01 | 57 -0.00654  7.45057e+01
 58  0.00463 -2.62493e+00 | 59  0.01023 -5.57795e+01 | 60  0.01742  7.29457e+00
 61  0.02446 -2.53389e+01 | 62  0.02507 -5.74710e+01 | 63  0.01838 -4.12151e+01
 64  0.01619  5.02242e+00 | 65  0.01493 -1.22228e+01 | 66  0.01745 -1.95839e+01
 67  0.01708 -2.44027e+01 | 68  0.01913 -5.27326e+00 | 69  0.02226 -4.57192e+01
 70  0.02393  6.21026e+00 | 71  0.02330  4.59445e+00 | 72  0.02664 -2.90230e-02
 73  0.02922  2.59920e+00 | 74  0.02635 -1.10686e+01 | 75  0.02710  3.67002e+00
 76  0.02957  4.91760e+01 | 77  0.02982  5.45464e+01 | 78  0.07882  2.21889e+02
 79 -0.70060 -1.09191e+02 | 80 -0.59533 -3.25733e+01 |
2 0 20072.6
2 0 20072.6
2 0 20072.6
2 0 20072.6
2 0 20072.6
2 0 20072.6
2 0 20072.6
2 0 20072.6
2 0 20072.6
2 0 20072.6
2 0 20072.6
2 0 20072.6
80 variables; iteration 70; function evaluation 88; phase 2
Function value   2.0072588e+04; maximum gradient component mag  -1.1470e+03
Var   Value    Gradient   |Var   Value    Gradient   |Var   Value    Gradient
  1 -0.82157 -5.25723e+00 |  2 -0.54993 -6.78449e+00 |  3  0.24273 -2.10626e+01
  4  0.17108 -1.54445e+01 |  5  0.11643  1.36959e+00 |  6  0.07747 -4.10777e+00
  7  0.05064  4.98561e+00 |  8  0.02925 -4.75381e+00 |  9  0.01378  5.62623e-02
 10  0.00150  3.82812e-01 | 11 -0.00846 -6.23724e-01 | 12 -0.01626  2.30925e-01
 13 -0.02249  3.75719e-02 | 14 -0.02729  9.51072e-02 | 15 -0.03084  2.65949e-02
 16 -0.03320 -1.68045e-01 | 17 -0.03438 -2.76165e-01 | 18  0.05357  1.37657e+02
 19 -0.01874  7.27860e+00 | 20 -0.00116  4.97428e+01 | 21  0.00266  5.22243e+00
 22 -0.00115 -3.47145e+01 | 23 -0.00328 -1.88528e+01 | 24  0.00068 -1.68930e+01
 25  0.00045 -3.60326e+01 | 26 -0.00380 -2.89051e+01 | 27 -0.00739 -3.26891e+01
 28 -0.00437  2.01547e+01 | 29  0.00154 -1.42465e+01 | 30 -0.00007 -8.97450e+00
 31  0.00004  2.98231e+01 | 32 -0.00151 -4.17531e+01 | 33  0.00465  2.71604e+01
 34  0.00283 -2.41905e+01 | 35  0.00412 -1.55796e+01 | 36  0.00026 -6.39549e+00
 37  0.00325  1.52984e+01 | 38  0.00265  4.07761e+01 | 39 -0.00115  7.43662e+00
 40  0.00110  4.58299e+01 | 41  0.00115  7.05544e+00 | 42 -0.00120  6.52583e+00
 43 -0.00157  2.36977e+01 | 44  0.00123  2.11088e+00 | 45 -0.00170  5.96165e+00
 46 -0.00134 -4.98631e+00 | 47  0.02178 -5.03359e+01 | 48  0.14726 -1.14696e+03
 49 -0.06831  1.47892e+01 | 50 -0.06761 -1.64495e+01 | 51 -0.07019 -1.66669e+01
 52 -0.05662 -6.05748e+01 | 53 -0.04820 -1.45802e+00 | 54 -0.04853  3.34823e+01
 55 -0.03840  2.53814e+01 | 56 -0.01928  7.96727e+01 | 57 -0.00655  6.74731e+01
 58  0.00465 -8.42046e-01 | 59  0.01023 -5.26550e+01 | 60  0.01741  7.61787e+00
 61  0.02446 -3.07787e+01 | 62  0.02507 -5.93773e+01 | 63  0.01839 -4.18418e+01
 64  0.01620  5.66672e+00 | 65  0.01494 -7.68152e+00 | 66  0.01744 -1.82825e+01
 67  0.01707 -2.86559e+01 | 68  0.01915  6.44230e-03 | 69  0.02228 -3.69992e+01
 70  0.02392  1.73171e+00 | 71  0.02331  4.94236e+00 | 72  0.02666  5.18477e+00
 73  0.02922  3.06713e+00 | 74  0.02634 -1.38446e+01 | 75  0.02710  3.55744e+00
 76  0.02957  4.94197e+01 | 77  0.02971  5.38694e+01 | 78  0.07883  2.21171e+02
 79 -0.70044 -1.07718e+02 | 80 -0.59584 -3.24316e+01 |
2 0 20072.6
2 0 20072.6
2 0 20072.6
2 0 20072.6
2 0 20072.6
2 0 20072.6
2 0 20072.6
2 0 20072.6
2 0 20072.6
2 0 20072.6
2 0 20072.6
2 0 20072.6
2 0 20072.5
80 variables; iteration 80; function evaluation 101; phase 2
Function value   2.0072450e+04; maximum gradient component mag  -1.0808e+03
Var   Value    Gradient   |Var   Value    Gradient   |Var   Value    Gradient
  1 -0.83191 -5.06370e+00 |  2 -0.53476 -4.38459e+00 |  3  0.24337 -1.78127e+01
  4  0.17189 -1.24190e+01 |  5  0.11676 -2.36950e-01 |  6  0.07762 -2.06836e+00
  7  0.04980  3.27567e+00 |  8  0.02768 -3.32785e+00 |  9  0.01078 -1.07586e+00
 10 -0.00288 -1.10637e+00 | 11 -0.01405 -1.31096e+00 | 12 -0.02314 -1.50996e+00
 13 -0.03042 -1.71323e+00 | 14 -0.03602 -6.43991e-01 | 15 -0.04040 -3.47071e+00
 16 -0.04281  8.70778e-01 | 17 -0.04460 -3.13964e+00 | 18  0.05369  1.60532e+02
 19 -0.01880 -1.41036e+00 | 20 -0.00116  4.38684e+01 | 21  0.00267  8.04721e+00
 22 -0.00113 -3.03200e+01 | 23 -0.00331 -1.54403e+01 | 24  0.00068 -8.53726e+00
 25  0.00047 -2.75632e+01 | 26 -0.00383 -2.76713e+01 | 27 -0.00741 -2.57203e+01
 28 -0.00437  9.41171e+00 | 29  0.00157 -8.36057e+00 | 30 -0.00010 -7.57273e+00
 31  0.00002  1.98154e+01 | 32 -0.00145 -2.41092e+01 | 33  0.00471  2.80231e+01
 34  0.00288 -1.03677e+01 | 35  0.00417 -7.15515e+00 | 36  0.00029 -4.44551e+00
 37  0.00326  1.46052e+01 | 38  0.00262  2.91329e+01 | 39 -0.00119  4.27364e+00
 40  0.00105  3.42066e+01 | 41  0.00112  8.97727e+00 | 42 -0.00122  5.71861e+00
 43 -0.00159  1.78320e+01 | 44  0.00124  6.29054e+00 | 45 -0.00170  2.90785e+00
 46 -0.00134 -9.03232e+00 | 47  0.02182 -5.12981e+01 | 48  0.14755 -1.08080e+03
 49 -0.06827  2.03555e+01 | 50 -0.06763 -1.56538e+01 | 51 -0.07017 -7.71349e+00
 52 -0.05655 -3.70165e+01 | 53 -0.04823 -6.40257e+00 | 54 -0.04856  2.22517e+01
 55 -0.03835  2.43307e+01 | 56 -0.01928  5.96738e+01 | 57 -0.00656  4.95003e+01
 58  0.00465  1.90237e+00 | 59  0.01029 -3.56205e+01 | 60  0.01739  6.04358e+00
 61  0.02445 -2.29537e+01 | 62  0.02508 -4.53178e+01 | 63  0.01840 -3.16577e+01
 64  0.01617 -1.20677e+00 | 65  0.01494 -9.59147e+00 | 66  0.01745 -1.74985e+01
 67  0.01709 -2.16404e+01 | 68  0.01914 -4.18745e+00 | 69  0.02230 -2.94663e+01
 70  0.02390 -3.24550e+00 | 71  0.02330 -4.33350e-01 | 72  0.02666  1.57565e+00
 73  0.02920 -2.61762e+00 | 74  0.02635 -1.57313e+01 | 75  0.02710  3.09022e+00
 76  0.02947  4.23312e+01 | 77  0.02973  5.16395e+01 | 78  0.08064  2.14379e+02
 79 -0.70085 -1.14993e+02 | 80 -0.58776 -3.32200e+01 |
2 0 20072.3
2 0 20072
2 0 20071.8
2 0 20071.5
2 0 20071.2
2 0 20071
2 0 20070.6
2 0 22384.8
2 0 20106.1
2 0 20071.1
2 0 20070.2
2 0 20071.3
2 0 20070.1
2 0 20069.9
2 0 20069.6
80 variables; iteration 90; function evaluation 116; phase 2
Function value   2.0069647e+04; maximum gradient component mag  -1.5580e+03
Var   Value    Gradient   |Var   Value    Gradient   |Var   Value    Gradient
  1 -0.76543  7.71619e+00 |  2 -0.38104  8.84882e-01 |  3  0.25352 -2.15539e+01
  4  0.17889 -1.14079e+01 |  5  0.12256  8.66946e-01 |  6  0.08251 -4.04028e+00
  7  0.05460  1.99865e+00 |  8  0.03301 -2.28981e+00 |  9  0.01659 -2.86245e-01
 10  0.00344 -5.88303e-01 | 11 -0.00715 -7.42504e-01 | 12 -0.01563 -7.37238e-01
 13 -0.02231 -7.71207e-01 | 14 -0.02740  2.86606e-01 | 15 -0.03138 -2.27667e+00
 16 -0.03356  1.66160e+00 | 17 -0.03519 -2.01774e+00 | 18  0.05657 -6.95654e+01
 19 -0.01900  3.54706e+01 | 20 -0.00067  1.43773e+01 | 21  0.00291  3.00652e+00
 22 -0.00141 -3.67161e+00 | 23 -0.00368 -1.26994e+01 | 24  0.00034 -1.78109e+01
 25 -0.00022 -1.50731e+01 | 26 -0.00500 -1.66578e+01 | 27 -0.00874 -3.76695e+01
 28 -0.00499  2.51109e-01 | 29  0.00124 -1.40682e+01 | 30 -0.00062 -1.05653e+00
 31 -0.00016  1.39112e+01 | 32 -0.00109 -3.93709e+01 | 33  0.00537  6.27586e+00
 34  0.00334 -1.12834e+01 | 35  0.00468 -7.75331e+00 | 36  0.00072  1.00810e+00
 37  0.00381  8.79802e+00 | 38  0.00309  3.11630e+01 | 39 -0.00105  6.79371e+00
 40  0.00128  2.66952e+01 | 41  0.00117  1.19687e+00 | 42 -0.00125  6.25607e+00
 43 -0.00131  9.80833e+00 | 44  0.00176 -5.76408e+00 | 45 -0.00121  7.69837e+00
 46 -0.00060 -1.40360e+00 | 47  0.02127 -1.36763e+01 | 48  0.15518 -1.55800e+03
 49 -0.06806 -3.47844e+00 | 50 -0.06757 -2.01930e+00 | 51 -0.06981 -9.48474e+00
 52 -0.05612 -5.93375e+01 | 53 -0.04805 -1.64693e+00 | 54 -0.04820  1.75255e+01
 55 -0.03746 -1.40657e+01 | 56 -0.01817  9.76898e+00 | 57 -0.00612  1.72771e+01
 58  0.00467 -1.50483e+01 | 59  0.01045 -4.36236e+01 | 60  0.01731 -5.03064e+00
 61  0.02430 -1.86876e+01 | 62  0.02462 -1.47235e+01 | 63  0.01807 -7.98493e-01
 64  0.01577  2.54365e+01 | 65  0.01481  6.55604e+00 | 66  0.01713 -8.65132e-01
 67  0.01688 -1.74216e+01 | 68  0.01931 -3.25055e+00 | 69  0.02224 -2.38008e+01
 70  0.02390 -9.95420e-01 | 71  0.02343  2.98372e+00 | 72  0.02666  1.90813e+00
 73  0.02909  7.90374e+00 | 74  0.02648  9.92074e-01 | 75  0.02695  1.03065e+01
 76  0.02857  4.58274e+01 | 77  0.02839  7.20953e+01 | 78  0.12334  1.96232e+02
 79 -0.67169  4.32959e+01 | 80 -0.46069  7.38849e+00 |
2 0 20069.3
2 0 20069
2 0 20068.7
2 0 20068.4
2 0 20067.9
2 0 20067.6
2 0 20067.3
2 0 20067.1
2 0 20066.9
2 0 20066.6
80 variables; iteration 100; function evaluation 126; phase 2
Function value   2.0066610e+04; maximum gradient component mag  -1.3601e+03
Var   Value    Gradient   |Var   Value    Gradient   |Var   Value    Gradient
  1 -0.62345  1.51947e+01 |  2 -0.21130  6.81173e+00 |  3  0.27089  2.07661e+00
  4  0.19107 -1.26089e+00 |  5  0.13163  1.29395e+00 |  6  0.09030 -6.70881e-01
  7  0.06107  9.46094e-01 |  8  0.03907 -8.07560e-01 |  9  0.02227  2.49507e-02
 10  0.00898  8.57105e-02 | 11 -0.00165 -2.34305e-03 | 12 -0.01015 -9.26070e-02
 13 -0.01684 -1.38317e-01 | 14 -0.02196  1.92626e-01 | 15 -0.02575 -6.17933e-01
 16 -0.02810  6.19192e-01 | 17 -0.02943 -5.31561e-01 | 18  0.05861 -6.84031e+01
 19 -0.01969 -5.27450e+00 | 20  0.00008  3.66501e+01 | 21  0.00319  5.96279e+00
 22 -0.00189 -7.56238e+00 | 23 -0.00437  3.46729e+00 | 24 -0.00032 -2.07926e+00
 25 -0.00124 -1.75265e+01 | 26 -0.00658 -1.48788e+01 | 27 -0.01051 -1.52045e+01
 28 -0.00580 -3.14470e+00 | 29  0.00072  4.09121e+00 | 30 -0.00159  5.11674e-01
 31 -0.00054 -3.71181e+00 | 32 -0.00044 -8.14056e+00 | 33  0.00649  2.25246e+01
 34  0.00409 -2.75897e+00 | 35  0.00551 -4.75582e+00 | 36  0.00142 -8.08510e-01
 37  0.00468  9.25425e+00 | 38  0.00376  1.14742e+01 | 39 -0.00091 -2.75546e+00
 40  0.00157  9.57571e+00 | 41  0.00118 -5.79436e+00 | 42 -0.00134 -5.13033e+00
 43 -0.00084 -4.42887e-01 | 44  0.00266  2.33135e+00 | 45 -0.00030  1.33614e+01
 46  0.00056  2.41567e+01 | 47  0.02041 -5.12288e+01 | 48  0.16857 -1.36007e+03
 49 -0.06794  3.46427e+01 | 50 -0.06756  6.37622e+00 | 51 -0.06918  5.79277e+00
 52 -0.05522 -1.93447e+01 | 53 -0.04764 -1.16257e+01 | 54 -0.04751  8.17191e+00
 55 -0.03586  7.18286e+00 | 56 -0.01620  2.10586e+01 | 57 -0.00527  1.68469e+01
 58  0.00494 -2.59845e+00 | 59  0.01101 -1.87110e+01 | 60  0.01724 -1.54756e+00
 61  0.02387 -5.78621e+00 | 62  0.02367 -1.67169e+01 | 63  0.01740 -8.42625e+00
 64  0.01490  5.23406e+00 | 65  0.01440  9.17884e-01 | 66  0.01643 -3.59657e+00
 67  0.01646 -9.29487e+00 | 68  0.01951 -3.99365e+00 | 69  0.02212 -1.00021e+01
 70  0.02392  9.77712e-01 | 71  0.02360  3.96406e+00 | 72  0.02650  4.30547e+00
 73  0.02866  1.63434e+00 | 74  0.02638 -1.43553e+01 | 75  0.02650 -3.55467e+01
 76  0.02720 -2.27685e+01 | 77  0.02720  6.46643e+01 | 78  0.17219  2.88065e+02
 79 -0.59824  9.83408e+00 | 80 -0.33354  1.34825e+01 |
2 0 20066.4
2 0 20066.3
2 0 20066.1
2 0 20066
2 0 20065.9
2 0 20065.8
2 0 20065.6
2 0 20065.3
2 0 20065.3
2 0 20065.1
2 0 20064.8
80 variables; iteration 110; function evaluation 137; phase 2
Function value   2.0064838e+04; maximum gradient component mag  -1.1740e+03
Var   Value    Gradient   |Var   Value    Gradient   |Var   Value    Gradient
  1 -0.54387  2.28447e+01 |  2 -0.17135 -4.84861e+00 |  3  0.28512 -1.08778e+01
  4  0.20120 -2.53215e+00 |  5  0.13873 -1.19784e+00 |  6  0.09573 -8.88764e-01
  7  0.06523 -4.71658e-01 |  8  0.04254 -3.87731e-01 |  9  0.02506 -3.04190e-01
 10  0.01128 -2.87347e-01 | 11  0.00032 -2.43905e-01 | 12 -0.00840 -1.93036e-01
 13 -0.01527 -1.79573e-01 | 14 -0.02052 -1.54559e-01 | 15 -0.02434 -1.99133e-01
 16 -0.02682 -1.14207e-01 | 17 -0.02806 -1.93780e-01 | 18  0.06184 -2.45209e+02
 19 -0.01688  5.22262e+01 | 20  0.00109  3.13011e+01 | 21  0.00351  1.17233e+01
 22 -0.00218  1.93615e+01 | 23 -0.00484  1.12659e+01 | 24 -0.00079  7.58078e+00
 25 -0.00183  9.80882e+00 | 26 -0.00736 -1.96701e+01 | 27 -0.01141 -4.43983e+01
 28 -0.00621 -2.64627e+01 | 29  0.00030 -1.01741e+01 | 30 -0.00232 -6.18918e+00
 31 -0.00088 -8.60187e+00 | 32 -0.00013 -7.64360e+00 | 33  0.00710  1.58538e+01
 34  0.00446  1.55015e+01 | 35  0.00592  7.87846e+00 | 36  0.00173  7.72627e+00
 37  0.00507  1.19157e+00 | 38  0.00397 -3.57720e+00 | 39 -0.00104 -1.47255e+01
 40  0.00153 -7.52563e+00 | 41  0.00098 -1.67203e+01 | 42 -0.00153 -7.60623e+00
 43 -0.00061 -1.00951e+01 | 44  0.00312 -2.01277e+01 | 45  0.00001 -7.81554e+00
 46  0.00065 -1.98800e+01 | 47  0.01859  3.91248e+01 | 48  0.17996 -1.17400e+03
 49 -0.06814  8.64127e-01 | 50 -0.06763  1.59899e+01 | 51 -0.06876  1.14049e+01
 52 -0.05466 -2.17935e+01 | 53 -0.04736 -2.81257e+01 | 54 -0.04713 -3.64605e+01
 55 -0.03500 -7.09702e+01 | 56 -0.01507 -7.71488e+01 | 57 -0.00475 -4.87763e+01
 58  0.00518 -3.99675e+01 | 59  0.01141 -2.77261e+01 | 60  0.01719 -2.78710e+00
 61  0.02345  1.21459e+01 | 62  0.02284  1.31340e+01 | 63  0.01676  1.98078e+01
 64  0.01419  2.48353e+01 | 65  0.01399  1.94013e+01 | 66  0.01583  1.21287e+01
 67  0.01609  6.89722e+00 | 68  0.01959  6.66346e+00 | 69  0.02200 -5.10087e-01
 70  0.02388  3.20369e+00 | 71  0.02362  2.81367e+00 | 72  0.02624  2.88517e+00
 73  0.02824  1.68611e+01 | 74  0.02630  2.43481e+01 | 75  0.02653  4.27163e+01
 76  0.02734  6.10647e+01 | 77  0.02734  5.61073e+01 | 78  0.20100  2.00878e+02
 79 -0.54432  1.82318e+02 | 80 -0.27860 -4.06285e+01 |
2 0 20064.6
2 0 20064.6
2 0 20064.5
2 0 20064.4
2 0 20064.3
2 0 20064.2
2 0 20064.1
2 0 20064.1
2 0 20064
2 0 20063.9
80 variables; iteration 120; function evaluation 147; phase 2
Function value   2.0063947e+04; maximum gradient component mag  -3.6038e+02
Var   Value    Gradient   |Var   Value    Gradient   |Var   Value    Gradient
  1 -0.50676  1.77960e+01 |  2 -0.17764 -4.69129e+00 |  3  0.29595  9.89549e+00
  4  0.20823  2.82087e+00 |  5  0.14349  5.11757e-01 |  6  0.09923  1.80361e-01
  7  0.06793 -1.37113e-01 |  8  0.04482  1.36065e-01 |  9  0.02704  1.70334e-02
 10  0.01306 -1.27832e-02 | 11  0.00196 -9.43981e-03 | 12 -0.00686 -1.66546e-02
 13 -0.01378 -2.23875e-03 | 14 -0.01907 -2.78231e-02 | 15 -0.02290  6.80022e-02
 16 -0.02542 -8.52046e-02 | 17 -0.02664  5.29047e-02 | 18  0.06580  1.07127e+01
 19 -0.01704 -6.37575e+00 | 20  0.00140  4.07497e+01 | 21  0.00350  2.29351e+01
 22 -0.00252  1.22657e+01 | 23 -0.00532  1.01352e+01 | 24 -0.00133  5.03995e+00
 25 -0.00252 -1.91196e+01 | 26 -0.00819 -3.27938e+01 | 27 -0.01221 -2.42231e+01
 28 -0.00666 -2.10450e+01 | 29 -0.00013 -9.54640e+00 | 30 -0.00288 -7.51689e+00
 31 -0.00106 -2.17496e+00 | 32  0.00011  9.57057e-01 | 33  0.00743  4.33754e+00
 34  0.00463  7.00582e+00 | 35  0.00620  2.69056e+00 | 36  0.00200  1.55372e+00
 37  0.00552  9.55300e+00 | 38  0.00439  6.73704e+00 | 39 -0.00079  5.50267e+00
 40  0.00180 -2.64513e+00 | 41  0.00113  2.88082e+00 | 42 -0.00140 -6.55874e+00
 43 -0.00020 -3.46124e+00 | 44  0.00378  7.34125e+00 | 45  0.00065  4.33342e+00
 46  0.00132  3.01431e+00 | 47  0.01838 -1.07318e+01 | 48  0.18929 -3.60381e+02
 49 -0.06811  6.07801e+01 | 50 -0.06760  3.71193e+01 | 51 -0.06835  2.50491e+01
 52 -0.05406  1.44232e+01 | 53 -0.04692 -9.09644e+00 | 54 -0.04654 -1.65137e+01
 55 -0.03403 -1.54557e+01 | 56 -0.01408 -2.18714e+01 | 57 -0.00417 -8.80321e+00
 58  0.00554 -1.15356e+01 | 59  0.01180 -1.09687e+01 | 60  0.01719 -4.49434e+00
 61  0.02319  1.26443e+00 | 62  0.02237  1.83537e+00 | 63  0.01637 -1.29106e+00
 64  0.01372  3.68814e+00 | 65  0.01368  7.10491e+00 | 66  0.01532  1.07682e+00
 67  0.01572 -2.86598e+00 | 68  0.01950 -1.10705e+01 | 69  0.02187 -6.00530e+00
 70  0.02382 -1.35813e+01 | 71  0.02361 -1.05887e+01 | 72  0.02599 -5.46254e+00
 73  0.02776 -1.00149e+01 | 74  0.02600 -1.02230e+01 | 75  0.02617 -6.26232e+00
 76  0.02690  7.78485e+00 | 77  0.02687  1.72053e+01 | 78  0.22151  1.48779e+02
 79 -0.51472 -2.27428e+01 | 80 -0.26372  6.70936e+00 |
2 0 20063.9
2 0 20063.9
2 0 20063.9
2 0 20063.8
2 0 20063.8
2 0 20063.8
2 0 20063.7
2 0 20063.6
2 0 20063.6
2 0 20063.6
2 0 20063.6
80 variables; iteration 130; function evaluation 158; phase 2
Function value   2.0063600e+04; maximum gradient component mag  -9.7794e+01
Var   Value    Gradient   |Var   Value    Gradient   |Var   Value    Gradient
  1 -0.47175  3.97676e+00 |  2 -0.15232 -1.14953e+00 |  3  0.30560 -1.15291e-01
  4  0.21486 -2.63210e-03 |  5  0.14829  4.63205e-02 |  6  0.10287  3.62934e-03
  7  0.07082  3.02182e-02 |  8  0.04713 -2.34349e-02 |  9  0.02898 -9.72563e-03
 10  0.01473 -1.05194e-02 | 11  0.00343 -8.83060e-03 | 12 -0.00554 -8.33635e-03
 13 -0.01258 -8.86709e-03 | 14 -0.01796  3.31095e-04 | 15 -0.02186 -2.21406e-02
 16 -0.02440  1.21967e-02 | 17 -0.02566 -1.95929e-02 | 18  0.06785 -2.12952e+01
 19 -0.01573  2.18455e+00 | 20  0.00193  6.87385e+00 | 21  0.00370  9.59448e+00
 22 -0.00260  1.30613e+00 | 23 -0.00551 -1.42683e+00 | 24 -0.00161 -7.27966e-01
 25 -0.00285  7.32549e-01 | 26 -0.00851  2.17327e+00 | 27 -0.01263  8.46236e-01
 28 -0.00684 -8.46796e-01 | 29 -0.00040 -5.34843e-01 | 30 -0.00332  1.61977e+00
 31 -0.00129  1.81413e+00 | 32  0.00027  9.54264e-01 | 33  0.00775  1.95166e+00
 34  0.00476  2.22582e+00 | 35  0.00635  7.69751e-01 | 36  0.00214 -2.12601e+00
 37  0.00569 -2.57873e+00 | 38  0.00450 -3.47597e+00 | 39 -0.00086 -3.33882e+00
 40  0.00180 -3.41698e+00 | 41  0.00102 -1.25372e+00 | 42 -0.00149 -1.14965e+00
 43 -0.00006 -2.24168e+00 | 44  0.00403 -3.99186e+00 | 45  0.00084 -3.15580e+00
 46  0.00137 -4.13762e+00 | 47  0.01755  1.19353e+00 | 48  0.19757 -9.77943e+01
 49 -0.06842 -2.53267e+00 | 50 -0.06777 -1.06784e+01 | 51 -0.06820 -1.14436e+01
 52 -0.05373 -7.73062e+00 | 53 -0.04660  3.75047e-01 | 54 -0.04617  5.04755e+00
 55 -0.03349  5.85671e+00 | 56 -0.01330  3.72851e+00 | 57 -0.00377  3.86283e+00
 58  0.00584  4.89815e+00 | 59  0.01219  2.80582e+00 | 60  0.01725 -5.92633e-01
 61  0.02291 -3.11158e+00 | 62  0.02182 -4.23232e+00 | 63  0.01598 -6.15966e+00
 64  0.01327 -7.05227e+00 | 65  0.01338 -6.02764e+00 | 66  0.01494 -4.51420e+00
 67  0.01546 -2.71419e+00 | 68  0.01956 -1.42873e+00 | 69  0.02178  1.02334e+00
 70  0.02384  1.90500e+00 | 71  0.02365  2.73007e+00 | 72  0.02580  4.81795e+00
 73  0.02746  6.59094e+00 | 74  0.02587  6.46795e+00 | 75  0.02612  6.64597e+00
 76  0.02691  6.30389e+00 | 77  0.02691  4.70084e+00 | 78  0.23468  2.06872e+01
 79 -0.48460  2.06832e+01 | 80 -0.23356 -5.35023e+00 |
2 0 20063.6
2 0 20063.6
2 0 20063.6
2 0 20063.6
2 0 20063.6
2 0 20063.6
2 0 20063.6
2 0 20063.6
2 0 20063.6
2 0 20063.6
80 variables; iteration 140; function evaluation 168; phase 2
Function value   2.0063584e+04; maximum gradient component mag  -6.2009e+00
Var   Value    Gradient   |Var   Value    Gradient   |Var   Value    Gradient
  1 -0.46738  3.40153e-01 |  2 -0.15382 -3.78903e-02 |  3  0.30761  9.09098e-01
  4  0.21616  2.24861e-01 |  5  0.14913  6.71036e-02 |  6  0.10344  3.46009e-02
  7  0.07123  6.86680e-03 |  8  0.04746  1.53508e-02 |  9  0.02925  9.29462e-03
 10  0.01496  8.48623e-03 | 11  0.00363  6.54350e-03 | 12 -0.00536  4.71143e-03
 13 -0.01241  4.10804e-03 | 14 -0.01780  1.02321e-03 | 15 -0.02171  7.55021e-03
 16 -0.02426 -2.89813e-03 | 17 -0.02551  6.77178e-03 | 18  0.06856  3.96818e-01
 19 -0.01557 -1.23068e+00 | 20  0.00196  2.33333e+00 | 21  0.00362  1.22658e+00
 22 -0.00273 -4.36816e-01 | 23 -0.00562 -4.20709e-02 | 24 -0.00169  1.35080e-01
 25 -0.00291  1.16986e-01 | 26 -0.00856 -5.53560e-02 | 27 -0.01269 -3.07213e-01
 28 -0.00685  3.87311e-01 | 29 -0.00041  9.77616e-01 | 30 -0.00339  1.03618e+00
 31 -0.00134  1.95479e-01 | 32  0.00026 -3.57159e-01 | 33  0.00775 -8.98622e-01
 34  0.00472 -1.16815e+00 | 35  0.00631 -6.45197e-01 | 36  0.00211 -2.33446e-01
 37  0.00570 -5.02761e-01 | 38  0.00451 -3.28920e-01 | 39 -0.00086 -3.40195e-01
 40  0.00183  1.02986e-02 | 41  0.00103 -3.74018e-01 | 42 -0.00147 -3.37069e-01
 43  0.00002 -1.63225e-01 | 44  0.00416  3.71322e-01 | 45  0.00097  8.37170e-01
 46  0.00151  1.21858e+00 | 47  0.01760 -1.35981e+00 | 48  0.19930 -6.20093e+00
 49 -0.06839  1.19469e+00 | 50 -0.06770 -1.75051e+00 | 51 -0.06808 -1.83739e+00
 52 -0.05362 -9.35742e-01 | 53 -0.04654  4.36718e-01 | 54 -0.04612  6.73751e-01
 55 -0.03340 -1.10449e-01 | 56 -0.01319 -7.48364e-02 | 57 -0.00372  3.00842e-01
 58  0.00588  7.42513e-01 | 59  0.01226  7.55521e-01 | 60  0.01729  4.90457e-01
 61  0.02290  4.47906e-01 | 62  0.02178  3.79983e-01 | 63  0.01597  9.45799e-01
 64  0.01325  1.34825e+00 | 65  0.01336  1.75768e+00 | 66  0.01489  2.07899e+00
 67  0.01543  1.74020e+00 | 68  0.01956  1.09594e+00 | 69  0.02176 -3.53587e-01
 70  0.02384 -1.34998e+00 | 71  0.02364 -1.61365e+00 | 72  0.02573 -1.37269e+00
 73  0.02736 -9.08979e-01 | 74  0.02579 -9.14903e-01 | 75  0.02603 -1.57198e+00
 76  0.02680 -1.74269e+00 | 77  0.02680  2.94250e-01 | 78  0.23762  2.71280e+00
 79 -0.48065 -3.97832e-01 | 80 -0.23264  3.18689e-01 |
2 0 20063.6
2 0 20063.6
2 0 20063.6
2 0 20063.6
2 0 20063.6
2 0 20063.6
2 0 20063.6
2 0 20063.6
2 0 20063.6
2 0 20063.6
80 variables; iteration 150; function evaluation 178; phase 2
Function value   2.0063584e+04; maximum gradient component mag   1.5802e-02
Var   Value    Gradient   |Var   Value    Gradient   |Var   Value    Gradient
  1 -0.46723  1.45974e-03 |  2 -0.15381 -9.71976e-04 |  3  0.30766 -2.93767e-03
  4  0.21620 -7.96854e-04 |  5  0.14916 -1.71471e-04 |  6  0.10346 -1.12731e-04
  7  0.07125  3.02277e-06 |  8  0.04747 -7.66907e-05 |  9  0.02925 -1.77499e-05
 10  0.01496 -5.76847e-06 | 11  0.00363 -8.09383e-06 | 12 -0.00536 -1.21238e-05
 13 -0.01241 -1.23356e-05 | 14 -0.01780  6.55495e-06 | 15 -0.02171 -3.36241e-05
 16 -0.02426  2.79112e-05 | 17 -0.02552 -2.93904e-05 | 18  0.06858 -3.69404e-04
 19 -0.01550  2.49165e-03 | 20  0.00196 -9.11030e-04 | 21  0.00361  7.96083e-04
 22 -0.00275  1.94128e-03 | 23 -0.00563  1.60382e-03 | 24 -0.00170 -7.11012e-04
 25 -0.00292 -1.04899e-03 | 26 -0.00857  2.15822e-03 | 27 -0.01269  4.82160e-03
 28 -0.00686  5.12027e-04 | 29 -0.00042 -4.59742e-03 | 30 -0.00339 -7.17748e-03
 31 -0.00134 -1.07402e-03 | 32  0.00027  3.06074e-03 | 33  0.00776  3.97268e-03
 34  0.00473  6.02577e-03 | 35  0.00632  1.73340e-03 | 36  0.00213 -1.57845e-03
 37  0.00572 -3.33848e-03 | 38  0.00453 -3.44547e-03 | 39 -0.00085  3.06822e-03
 40  0.00183  3.42278e-03 | 41  0.00103  2.27393e-03 | 42 -0.00148 -2.82329e-03
 43  0.00001 -4.60084e-03 | 44  0.00415 -4.73693e-03 | 45  0.00096 -2.08699e-03
 46  0.00150  3.70127e-03 | 47  0.01757 -3.84238e-03 | 48  0.19935  1.08326e-02
 49 -0.06839 -9.87620e-03 | 50 -0.06769 -3.46462e-03 | 51 -0.06807  3.01015e-03
 52 -0.05362  5.84644e-03 | 53 -0.04654  2.62158e-03 | 54 -0.04612  1.27990e-03
 55 -0.03340  4.84380e-03 | 56 -0.01318  2.65851e-03 | 57 -0.00372 -4.46047e-03
 58  0.00588 -8.35649e-03 | 59  0.01226 -4.57728e-04 | 60  0.01728  1.11374e-02
 61  0.02289  1.58020e-02 | 62  0.02177  1.42610e-02 | 63  0.01596  6.42937e-03
 64  0.01323 -1.13008e-03 | 65  0.01335 -7.51694e-03 | 66  0.01488 -7.25493e-03
 67  0.01541 -4.98767e-04 | 68  0.01955  1.99348e-03 | 69  0.02176  9.93305e-04
 70  0.02384 -2.76636e-03 | 71  0.02364 -4.10693e-03 | 72  0.02574 -3.08692e-03
 73  0.02736 -1.72923e-03 | 74  0.02579 -2.00296e-03 | 75  0.02604 -6.47059e-03
 76  0.02682 -7.59595e-03 | 77  0.02682 -4.83271e-04 | 78  0.23769 -2.96925e-03
 79 -0.48052 -3.02343e-03 | 80 -0.23259  1.72927e-03 |
2 0 20063.6
2 0 20063.6
2 0 20063.6
2 0 20063.6
2 0 20063.6
2 0 20063.6
2 0 20063.6
2 0 20063.6
2 0 20063.6
2 0 20063.6
2 0 20063.6
2 0 20063.6
2 0 20063.6
2 0 20063.6
2 0 20063.6
2 0 20063.6
2 0 20063.6
2 0 20063.6
2 0 20063.6
2 0 20063.6
2 0 20063.6
2 0 20063.6
2 0 20063.6
2 0 20063.6
2 0 20063.6
2 0 20063.6
2 0 20063.6
2 0 20063.6
2 0 20063.6
2 0 20063.6
2 0 20063.6
2 0 20063.6
2 0 20063.6
2 0 20063.6
2 0 20063.6
2 0 20063.6
  ic > imax  in fminim is answer attained ?
Var   Value    Gradient   |Var   Value    Gradient   |Var   Value    Gradient
  1 -0.46723 -1.01188e-04 |  2 -0.15381  4.45563e-05 |  3  0.30766 -1.19124e-04
  4  0.21620 -2.96674e-05 |  5  0.14916 -6.30134e-06 |  6  0.10346 -4.48076e-06
  7  0.07125 -3.09571e-08 |  8  0.04747 -2.71717e-06 |  9  0.02925 -1.08191e-06
 10  0.01496 -8.83658e-07 | 11  0.00363 -7.35515e-07 | 12 -0.00536 -7.04330e-07
 13 -0.01241 -6.98989e-07 | 14 -0.01780  2.40305e-08 | 15 -0.02171 -1.61935e-06
 16 -0.02426  8.95601e-07 | 17 -0.02552 -1.43827e-06 | 18  0.06858  4.53136e-04
 19 -0.01550  7.61869e-05 | 20  0.00196 -3.32338e-04 | 21  0.00361 -2.38659e-05
 22 -0.00275  2.40637e-04 | 23 -0.00563  7.51470e-05 | 24 -0.00170 -2.83099e-04
 25 -0.00292 -1.53889e-04 | 26 -0.00857 -2.36056e-05 | 27 -0.01269 -3.05184e-05
 28 -0.00686 -7.55150e-05 | 29 -0.00042 -9.58567e-05 | 30 -0.00339  7.91161e-05
 31 -0.00134  3.56180e-04 | 32  0.00027  4.73141e-04 | 33  0.00776  2.90265e-04
 34  0.00473 -1.26002e-04 | 35  0.00632 -2.54786e-04 | 36  0.00213 -2.25069e-04
 37  0.00572 -9.02715e-05 | 38  0.00453  6.24381e-05 | 39 -0.00085  2.54558e-04
 40  0.00183  2.70713e-04 | 41  0.00103  5.25095e-05 | 42 -0.00148 -1.85032e-04
 43  0.00001 -1.74074e-04 | 44  0.00415 -1.08753e-04 | 45  0.00096 -4.45666e-05
 46  0.00150  1.48286e-04 | 47  0.01757 -1.67689e-04 | 48  0.19935  2.30891e-03
 49 -0.06839 -1.80796e-04 | 50 -0.06769  5.58688e-05 | 51 -0.06807 -1.17748e-04
 52 -0.05362 -1.62606e-04 | 53 -0.04654  1.31663e-04 | 54 -0.04612  1.08001e-04
 55 -0.03340 -4.10554e-05 | 56 -0.01318  2.15856e-04 | 57 -0.00372  4.26717e-04
 58  0.00588  3.89444e-04 | 59  0.01226  3.46614e-04 | 60  0.01728  3.44025e-04
 61  0.02289  2.50930e-04 | 62  0.02177  1.77665e-04 | 63  0.01596  1.17101e-04
 64  0.01323 -1.06786e-04 | 65  0.01335 -3.38510e-04 | 66  0.01488 -2.55376e-04
 67  0.01541  8.94830e-05 | 68  0.01955  3.63572e-04 | 69  0.02176  1.60011e-04
 70  0.02384 -2.26787e-04 | 71  0.02364 -5.17518e-04 | 72  0.02574 -5.59191e-04
 73  0.02736 -3.21107e-04 | 74  0.02579 -2.29405e-05 | 75  0.02604 -3.08019e-05
 76  0.02682 -1.94993e-04 | 77  0.02682 -1.10098e-04 | 78  0.23769 -5.99301e-04
 79 -0.48053 -5.37282e-04 | 80 -0.23259  1.53802e-04 |
Function minimizer not making progress ... is minimum attained?
Minimprove criterion =   0.0000e+00

 - final statistics:
80 variables; iteration 156; function evaluation 213
Function value   2.0064e+04; maximum gradient component mag   2.3089e-03
Exit code = 1;  converg criter   1.0000e-03
Var   Value    Gradient   |Var   Value    Gradient   |Var   Value    Gradient
  1 -0.46723 -1.01188e-04 |  2 -0.15381  4.45563e-05 |  3  0.30766 -1.19124e-04
  4  0.21620 -2.96674e-05 |  5  0.14916 -6.30134e-06 |  6  0.10346 -4.48076e-06
  7  0.07125 -3.09571e-08 |  8  0.04747 -2.71717e-06 |  9  0.02925 -1.08191e-06
 10  0.01496 -8.83658e-07 | 11  0.00363 -7.35515e-07 | 12 -0.00536 -7.04330e-07
 13 -0.01241 -6.98989e-07 | 14 -0.01780  2.40305e-08 | 15 -0.02171 -1.61935e-06
 16 -0.02426  8.95601e-07 | 17 -0.02552 -1.43827e-06 | 18  0.06858  4.53136e-04
 19 -0.01550  7.61869e-05 | 20  0.00196 -3.32338e-04 | 21  0.00361 -2.38659e-05
 22 -0.00275  2.40637e-04 | 23 -0.00563  7.51470e-05 | 24 -0.00170 -2.83099e-04
 25 -0.00292 -1.53889e-04 | 26 -0.00857 -2.36056e-05 | 27 -0.01269 -3.05184e-05
 28 -0.00686 -7.55150e-05 | 29 -0.00042 -9.58567e-05 | 30 -0.00339  7.91161e-05
 31 -0.00134  3.56180e-04 | 32  0.00027  4.73141e-04 | 33  0.00776  2.90265e-04
 34  0.00473 -1.26002e-04 | 35  0.00632 -2.54786e-04 | 36  0.00213 -2.25069e-04
 37  0.00572 -9.02715e-05 | 38  0.00453  6.24381e-05 | 39 -0.00085  2.54558e-04
 40  0.00183  2.70713e-04 | 41  0.00103  5.25095e-05 | 42 -0.00148 -1.85032e-04
 43  0.00001 -1.74074e-04 | 44  0.00415 -1.08753e-04 | 45  0.00096 -4.45666e-05
 46  0.00150  1.48286e-04 | 47  0.01757 -1.67689e-04 | 48  0.19935  2.30891e-03
 49 -0.06839 -1.80796e-04 | 50 -0.06769  5.58688e-05 | 51 -0.06807 -1.17748e-04
 52 -0.05362 -1.62606e-04 | 53 -0.04654  1.31663e-04 | 54 -0.04612  1.08001e-04
 55 -0.03340 -4.10554e-05 | 56 -0.01318  2.15856e-04 | 57 -0.00372  4.26717e-04
 58  0.00588  3.89444e-04 | 59  0.01226  3.46614e-04 | 60  0.01728  3.44025e-04
 61  0.02289  2.50930e-04 | 62  0.02177  1.77665e-04 | 63  0.01596  1.17101e-04
 64  0.01323 -1.06786e-04 | 65  0.01335 -3.38510e-04 | 66  0.01488 -2.55376e-04
 67  0.01541  8.94830e-05 | 68  0.01955  3.63572e-04 | 69  0.02176  1.60011e-04
 70  0.02384 -2.26787e-04 | 71  0.02364 -5.17518e-04 | 72  0.02574 -5.59191e-04
 73  0.02736 -3.21107e-04 | 74  0.02579 -2.29405e-05 | 75  0.02604 -3.08019e-05
 76  0.02682 -1.94993e-04 | 77  0.02682 -1.10098e-04 | 78  0.23769 -5.99301e-04
 79 -0.48053 -5.37282e-04 | 80 -0.23259  1.53802e-04 |
2 0 20063.6
B03766.83
0.3 0.886994
0.760281 0.759157
1.64906 0.597847
2.81682 0.470595
3.78738 0.401727
4.34712 0.371175
4.61012 0.358551
4.72275 0.353439
4.76915 0.351381
4.78798 0.350555
4.79557 0.350223
4.79862 0.350089
4.79984 0.350036
4.80033 0.350014
4.80053 0.350006
4.80061 0.350002
4.80064 0.350001
4.80065 0.35
4.80066 0.35
4.80066 0.35
4.80066 0.35
Survey Bio26.6803
Survey len9972.79
CPUE27.4103
Catch0.705582
Catch len10003.7
initsmo_penal25.9427
F_pen2.79678
Rec_pen3.51587
M_pen0


Starting time: Sat Oct  6 10:16:14 2018
Finishing time: Sat Oct  6 10:16:20 2018
This run took: 0 hours, 0 minutes, 6 seconds.

