survYears 69 70 71 72 73 74 75 76 77 78 79 80 81 82 83 84 85 86 87 88 89 90 91 92 93 94 95 96
SurvLenYear 69 70 71 72 73 74 75 76 77 78 79 80 81 82 83 84 85 86 87 88 89 90 91 92 93 94 95 96
catchBiomass 5794.96 5995.58 7018.39 9526.93 13340.7 16932.9 21718.7 25453.5 30906 37777 49781.9 60708.1 75545 99576.9 104643 90140.1 85365.2 82842.8 80867.7 83189.6 86611.4 92033.9 89506 112375 108718 115161 105387 100799
steep0.999
25
Out
1 0 53304.9

Initial statistics: 74 variables; iteration 0; function evaluation 0; phase 1
Function value   5.3304937e+04; maximum gradient component mag  -7.5565e+05
Var   Value    Gradient   |Var   Value    Gradient   |Var   Value    Gradient
  1  0.22748  2.97477e+02 |  2  0.20947  6.95789e+02 |  3  0.21049  2.19123e+03
  4  0.18004  1.35118e+03 |  5  0.17419  1.43467e+03 |  6  0.18066  1.97508e+03
  7  0.16565  1.55194e+03 |  8  0.13215  6.25287e+02 |  9  0.13855  1.04334e+03
 10  0.10538  3.71962e+02 | 11  0.09601  3.10971e+02 | 12  0.10584  6.29275e+02
 13  0.06986  1.38002e+02 | 14  0.05689 -7.58559e+01 | 15  0.11558  8.13396e+02
 16  0.01480  3.48226e+04 | 17  0.00000 -2.18892e+04 | 18  0.00000 -2.58877e+03
 19  0.00000 -3.32928e+03 | 20  0.00000 -8.23106e+02 | 21  0.00000 -4.17642e+02
 22  0.00000  6.53800e+02 | 23  0.00000  1.17598e+03 | 24  0.00000  3.30052e+03
 25  0.00000  4.95457e+03 | 26  0.00000  7.01399e+03 | 27  0.00000  7.27397e+03
 28  0.00000  8.92845e+03 | 29  0.00000  8.94908e+03 | 30  0.00000  4.35910e+03
 31  0.00000  1.03802e+03 | 32  0.00000  2.02947e+03 | 33  0.00000  2.28609e+03
 34  0.00000  2.62813e+03 | 35  0.00000  3.80194e+03 | 36  0.00000  4.26917e+03
 37  0.00000  4.71169e+03 | 38  0.00000  4.61030e+03 | 39  0.00000  7.60431e+03
 40  0.00000  3.38802e+03 | 41  0.00000  2.64305e+03 | 42  0.00000 -3.82354e+03
 43  0.00000 -1.39011e+04 | 44  0.00000 -3.88470e+04 | 45  0.06984 -7.55654e+05
 46  0.00000  4.90089e+04 | 47  0.00000  3.78935e+04 | 48  0.00000  3.20222e+04
 49  0.00000  2.61874e+04 | 50  0.00000  1.97740e+04 | 51  0.00000  1.45047e+04
 52  0.00000  8.84166e+03 | 53  0.00000  2.72674e+03 | 54  0.00000 -5.34217e+03
 55  0.00000 -9.87264e+03 | 56  0.00000 -1.52544e+04 | 57  0.00000 -2.02584e+04
 58  0.00000 -1.90403e+04 | 59  0.00000 -1.49427e+04 | 60  0.00000 -1.39241e+04
 61  0.00000 -1.38669e+04 | 62  0.00000 -1.39439e+04 | 63  0.00000 -1.54502e+04
 64  0.00000 -1.54683e+04 | 65  0.00000 -1.80141e+04 | 66  0.00000 -1.96911e+04
 67  0.00000 -2.08332e+04 | 68  0.00000 -2.12033e+04 | 69  0.00000 -1.84470e+04
 70  0.00000 -9.60421e+03 | 71  0.00000  8.43259e+03 | 72  0.00000  2.95640e+04
 73  0.00000  3.62011e+04 | 74 -0.06499  9.86284e+04 |
1 0 53304.9
1 0 53304.7
1 0 53302.7
1 0 53282.7
1 0 53083.2
1 0 51135.9
1 0 36402.5
1 0 42802.4
1 0 29891.2
1 0 30778
1 0 27984.3
1 0 26425.8
1 0 31043.6
1 0 26071
1 0 25935.2
1 0 25816.6
1 0 25661.3
1 0 25830.6
1 0 25609.5
1 0 25559.7

Intermediate statistics: 74 variables; iteration 10; function evaluation 20; phase 1
Function value   2.5559741e+04; maximum gradient component mag  -1.2800e+05
Var   Value    Gradient   |Var   Value    Gradient   |Var   Value    Gradient
  1  0.28949 -8.38745e+02 |  2  0.21047 -6.93025e+02 |  3  0.15658 -8.15054e+01
  4  0.14094  1.41088e+02 |  5  0.13404  1.47452e+02 |  6  0.12966  1.31214e+02
  7  0.12449  1.19651e+02 |  8  0.11449  5.93388e+01 |  9  0.10972  9.56001e+01
 10  0.09504  1.95120e+01 | 11  0.08746  1.00826e+01 | 12  0.08716  9.84493e+01
 13  0.06664 -2.96849e+01 | 14  0.06103 -1.02570e+02 | 15  0.09167  1.35661e+02
 16  0.10671  8.70445e+03 | 17 -0.15068 -1.72741e+03 | 18 -0.05913 -5.94143e+03
 19 -0.04184 -5.68270e+03 | 20 -0.02086 -5.83526e+02 | 21 -0.01028  1.00141e+03
 22 -0.00560 -8.53062e+01 | 23 -0.00222  4.48443e+02 | 24  0.00041  1.01086e+03
 25  0.01062 -1.84662e+02 | 26  0.01844  3.68151e+03 | 27  0.00607  2.42053e+03
 28  0.02491  9.42582e+02 | 29  0.02249  8.17813e+02 | 30  0.00165  3.37318e+02
 31 -0.00791  3.95014e+02 | 32  0.00936  1.20476e+03 | 33  0.01809  9.42805e+02
 34  0.01526  5.91228e+02 | 35  0.02025  1.63795e+03 | 36  0.01809  1.04002e+03
 37  0.03075  1.95177e+03 | 38  0.02101  3.05957e+03 | 39  0.02607  1.32884e+02
 40  0.03485  1.09382e+03 | 41  0.02330 -4.28022e+01 | 42  0.02384  1.44923e+03
 43  0.00371 -1.57961e+03 | 44 -0.03216 -8.28501e+03 | 45  0.13196 -1.28003e+05
 46 -0.27953  1.35989e+03 | 47 -0.03851  5.06887e+03 | 48 -0.03483  4.47515e+03
 49 -0.02876  2.87223e+03 | 50 -0.01966  1.67248e+03 | 51 -0.01520  4.06567e+02
 52 -0.01444 -8.73970e+02 | 53 -0.02264 -1.05346e+03 | 54  0.01961 -8.07380e+02
 55 -0.00092 -3.77294e+03 | 56 -0.01296 -2.73035e+03 | 57  0.04592  8.20015e+02
 58  0.04431  1.48226e+03 | 59 -0.01036 -2.52249e+03 | 60  0.01009 -2.53699e+03
 61  0.02859 -2.62334e+03 | 62  0.00666 -2.37119e+03 | 63  0.03266 -2.03295e+03
 64 -0.01296 -2.73436e+03 | 65  0.03677 -2.78030e+03 | 66  0.02395 -4.20850e+03
 67  0.00751 -2.80854e+03 | 68  0.04308 -1.15398e+03 | 69  0.03734  7.99049e+02
 70  0.03666  5.59506e+02 | 71  0.05310  2.28050e+03 | 72  0.05864  5.77259e+03
 73 -0.00481  5.80129e+03 | 74  0.06082  2.40847e+04 |
1 0 25505.9
1 0 25483.7
1 0 25444.1
1 0 25408.7
1 0 25358.3
1 0 25411
1 0 25341.7
1 0 25327.1
1 0 25335.8
1 0 25322.1
1 0 25319.2
1 0 25315.3
74 variables; iteration 20; function evaluation 32; phase 1
Function value   2.5315322e+04; maximum gradient component mag  -1.2420e+05
Var   Value    Gradient   |Var   Value    Gradient   |Var   Value    Gradient
  1  0.29044  7.15324e+01 |  2  0.21351 -8.73136e+01 |  3  0.08787 -3.95749e+02
  4  0.06818  7.57497e+00 |  5  0.05696  6.26623e+01 |  6  0.04254 -3.67708e+01
  7  0.05104  2.04888e+01 |  8  0.06808  1.51746e+02 |  9  0.06141  2.07449e+01
 10  0.06783  1.04962e+02 | 11  0.06514  9.16691e+01 | 12  0.05623  2.66237e+01
 13  0.05689  5.71519e+01 | 14  0.05827  8.99022e+01 | 15  0.05127  3.00937e+01
 16  0.10326  9.70396e+03 | 17 -0.18723 -2.18130e+03 | 18 -0.03755 -1.18377e+02
 19 -0.02743 -3.13849e+03 | 20 -0.01859 -2.96669e+03 | 21 -0.01123 -1.39575e+03
 22 -0.00246  1.36110e+02 | 23  0.00169  8.66162e+02 | 24  0.00213  1.01461e+03
 25  0.01372  1.96577e+03 | 26  0.01748  1.12013e+03 | 27  0.00481  9.62698e+02
 28  0.02290  6.40508e+02 | 29  0.02248  9.57494e+02 | 30  0.00669  4.82442e+03
 31 -0.00465 -3.41802e+02 | 32  0.00834  4.49842e+02 | 33  0.01717  1.42955e+03
 34  0.01487  3.71769e+02 | 35  0.01745  1.45416e+03 | 36  0.01584  4.00523e+02
 37  0.02695  8.74352e+02 | 38  0.01770  2.32072e+03 | 39  0.02409  1.61520e+02
 40  0.03492  9.19857e+01 | 41  0.02159  1.38592e+03 | 42  0.02189  5.35192e+02
 43  0.00396 -2.01417e+03 | 44 -0.03031 -9.79088e+03 | 45  0.12928 -1.24202e+05
 46 -0.29103  1.56265e+03 | 47 -0.03918  2.99588e+03 | 48 -0.03381  4.62534e+03
 49 -0.02912  4.53152e+03 | 50 -0.01803  4.47787e+03 | 51 -0.01102  3.58070e+03
 52 -0.01146  1.54509e+03 | 53 -0.02681 -1.61005e+03 | 54  0.02129  2.41255e+02
 55 -0.00032 -1.68243e+03 | 56 -0.00494 -1.21810e+03 | 57  0.04942  5.76034e+03
 58  0.03723 -1.56479e+03 | 59 -0.00006 -2.81987e+03 | 60  0.01278 -2.59998e+03
 61  0.02405 -3.13291e+03 | 62  0.01291 -2.76519e+03 | 63  0.02743 -3.35237e+03
 64 -0.00291 -2.88590e+03 | 65  0.03452 -2.60076e+03 | 66  0.02590 -3.80601e+03
 67 -0.01548 -3.48272e+03 | 68  0.04756 -2.63564e+03 | 69  0.03009 -2.19203e+03
 70  0.03462 -2.32643e+03 | 71  0.04729 -4.13488e+02 | 72  0.05630  4.96505e+03
 73  0.01177  5.74363e+03 | 74  0.03671  1.99536e+04 |
1 0 25313.5
1 0 25311.3
1 0 25310
1 0 25307.7
1 0 25306.5
1 0 25306.3
1 0 25304.6
1 0 25303.5
1 0 25302.6
1 0 25301.5
1 0 25301.3
1 0 25300.9
74 variables; iteration 30; function evaluation 44; phase 1
Function value   2.5300876e+04; maximum gradient component mag  -1.2617e+05
Var   Value    Gradient   |Var   Value    Gradient   |Var   Value    Gradient
  1  0.29021 -2.48512e+01 |  2  0.21682 -4.33062e+01 |  3  0.12031 -1.13324e+02
  4  0.06122 -8.21905e+01 |  5  0.03844 -1.97107e+01 |  6  0.03163 -1.40348e+01
  7  0.03798  3.67002e+01 |  8  0.04382  2.23226e+01 |  9  0.05523  1.02920e+02
 10  0.05180  4.06479e+01 | 11  0.05126  3.89282e+01 | 12  0.05407  8.58099e+01
 13  0.04719  4.15892e+01 | 14  0.04168 -1.88782e+00 | 15  0.04911  7.37422e+01
 16  0.10228  9.55334e+03 | 17 -0.18977 -2.17786e+03 | 18 -0.03652  4.56722e+01
 19 -0.02715 -3.24891e+03 | 20 -0.01803 -2.97583e+03 | 21 -0.01011 -1.19768e+03
 22 -0.00084  6.55520e+02 | 23  0.00046 -5.24960e+01 | 24  0.00163  7.51905e+02
 25  0.01415  2.59536e+03 | 26  0.01789  1.58236e+03 | 27  0.00483  9.49986e+02
 28  0.02231  4.07061e+02 | 29  0.02236  8.47185e+02 | 30  0.00568  4.79148e+03
 31 -0.00651 -7.08649e+02 | 32  0.00958  6.45397e+02 | 33  0.01816  1.55883e+03
 34  0.01368  4.56723e+02 | 35  0.01956  2.28535e+03 | 36  0.01430 -1.54893e+02
 37  0.02622  6.43383e+02 | 38  0.01937  1.61707e+03 | 39  0.02281  4.89471e+02
 40  0.03330 -4.26582e+02 | 41  0.02246  1.91612e+03 | 42  0.02300  9.94171e+02
 43  0.00523 -2.00053e+03 | 44 -0.03100 -1.02939e+04 | 45  0.12933 -1.26168e+05
 46 -0.29165  1.71914e+03 | 47 -0.03966  3.18541e+03 | 48 -0.03409  4.95332e+03
 49 -0.02978  4.65255e+03 | 50 -0.01686  4.85743e+03 | 51 -0.01068  4.36300e+03
 52 -0.01102  2.50461e+03 | 53 -0.02630 -1.43388e+03 | 54  0.02003 -7.59480e+02
 55 -0.00055 -2.07020e+03 | 56 -0.00787 -1.47816e+03 | 57  0.04948  5.36631e+03
 58  0.03733 -1.66670e+03 | 59 -0.00746 -2.85549e+03 | 60  0.01147 -2.59078e+03
 61  0.02666 -3.15532e+03 | 62  0.00743 -3.06050e+03 | 63  0.02771 -4.39973e+03
 64  0.00041 -2.95148e+03 | 65  0.03105 -2.48555e+03 | 66  0.02825 -2.72891e+03
 67 -0.00552 -3.07512e+03 | 68  0.04589 -1.65603e+03 | 69  0.03066 -1.99695e+03
 70  0.03236 -2.73218e+03 | 71  0.04765 -9.48639e+02 | 72  0.05757  4.99654e+03
 73  0.01862  5.92665e+03 | 74  0.03445  1.99779e+04 |
1 0 25300.2
1 0 25300.4
1 0 25299.9
1 0 25299.4
1 0 25299.5
1 0 25299.2
1 0 25298.8
1 0 25299.3
1 0 25298.7
1 0 25298.5
1 0 25298.2
1 0 25297.8
1 0 25297.2
74 variables; iteration 40; function evaluation 57; phase 1
Function value   2.5297217e+04; maximum gradient component mag  -1.2514e+05
Var   Value    Gradient   |Var   Value    Gradient   |Var   Value    Gradient
  1  0.29078  1.12912e+02 |  2  0.21863  6.08501e+01 |  3  0.12852 -6.47008e+01
  4  0.07490 -5.89312e+00 |  5  0.04181 -2.80270e+01 |  6  0.02891 -2.27390e+01
  7  0.03187  2.42251e+01 |  8  0.03748  3.31633e+01 |  9  0.04467  7.33077e+01
 10  0.04370  4.15421e+01 | 11  0.04404  4.01073e+01 | 12  0.04638  8.41592e+01
 13  0.03838  2.85849e+01 | 14  0.03433 -1.04714e+01 | 15  0.04500  8.50028e+01
 16  0.10231  9.55677e+03 | 17 -0.18951 -2.18071e+03 | 18 -0.03604  2.64959e+02
 19 -0.02707 -3.22405e+03 | 20 -0.01797 -2.87459e+03 | 21 -0.01020 -1.19232e+03
 22 -0.00120  5.10258e+02 | 23  0.00069 -8.35232e+01 | 24  0.00193  9.33743e+02
 25  0.01398  2.45172e+03 | 26  0.01759  1.74901e+03 | 27  0.00388  6.28117e+02
 28  0.02193  3.13976e+02 | 29  0.02259  1.09419e+03 | 30  0.00566  4.63722e+03
 31 -0.00627 -8.06135e+02 | 32  0.00957  7.30007e+02 | 33  0.01845  1.36271e+03
 34  0.01435  7.50754e+02 | 35  0.01940  2.29997e+03 | 36  0.01415 -2.48609e+02
 37  0.02630  6.28789e+02 | 38  0.01882  1.75660e+03 | 39  0.02340  4.96182e+02
 40  0.03338 -5.54961e+02 | 41  0.02228  1.89610e+03 | 42  0.02296  8.96288e+02
 43  0.00515 -1.83894e+03 | 44 -0.03111 -1.03864e+04 | 45  0.12948 -1.25143e+05
 46 -0.29223  1.67998e+03 | 47 -0.03952  3.22275e+03 | 48 -0.03429  4.84370e+03
 49 -0.02953  4.65324e+03 | 50 -0.01752  4.71964e+03 | 51 -0.01026  4.57009e+03
 52 -0.01108  2.46405e+03 | 53 -0.02557 -1.36631e+03 | 54  0.02025 -7.19275e+02
 55 -0.00144 -2.09209e+03 | 56 -0.00751 -1.41027e+03 | 57  0.04942  5.47547e+03
 58  0.03702 -1.64939e+03 | 59 -0.00550 -2.80942e+03 | 60  0.01062 -2.62272e+03
 61  0.02691 -2.90993e+03 | 62  0.00805 -3.06292e+03 | 63  0.02771 -4.52301e+03
 64 -0.00138 -3.01920e+03 | 65  0.03204 -2.48499e+03 | 66  0.02728 -2.96811e+03
 67 -0.00760 -3.21998e+03 | 68  0.04631 -1.86343e+03 | 69  0.02989 -2.10283e+03
 70  0.03301 -2.70936e+03 | 71  0.04716 -1.03599e+03 | 72  0.05783  4.91323e+03
 73  0.02010  5.86070e+03 | 74  0.03474  1.97896e+04 |
1 0 25297.3
1 0 25297
1 0 25296.8
1 0 25296.6
1 0 25296.5
1 0 25296.3
1 0 25296.2
1 0 25295.9
1 0 25296
1 0 25295.8
1 0 25295.7
1 0 25295.6
74 variables; iteration 50; function evaluation 69; phase 1
Function value   2.5295653e+04; maximum gradient component mag  -1.2483e+05
Var   Value    Gradient   |Var   Value    Gradient   |Var   Value    Gradient
  1  0.29127  1.95523e+02 |  2  0.21892  8.17259e+01 |  3  0.12677 -8.90364e+01
  4  0.07729 -2.21051e+01 |  5  0.05446  4.31636e+01 |  6  0.03449 -1.98198e+01
  7  0.03091  2.09573e+01 |  8  0.03083  5.53344e+00 |  9  0.03908  8.30910e+01
 10  0.03467  2.39385e+01 | 11  0.03436  3.10296e+01 | 12  0.03608  6.50792e+01
 13  0.03015  2.38111e+01 | 14  0.02754 -5.06831e+00 | 15  0.03642  7.06076e+01
 16  0.10272  9.65292e+03 | 17 -0.18921 -2.20736e+03 | 18 -0.03557  2.90125e+02
 19 -0.02673 -3.10048e+03 | 20 -0.01809 -2.96553e+03 | 21 -0.01017 -1.16191e+03
 22 -0.00129  5.02040e+02 | 23  0.00040 -2.03759e+02 | 24  0.00185  8.88567e+02
 25  0.01420  2.49225e+03 | 26  0.01761  1.72005e+03 | 27  0.00359  5.27388e+02
 28  0.02259  4.84884e+02 | 29  0.02285  1.10466e+03 | 30  0.00558  4.61670e+03
 31 -0.00639 -7.68980e+02 | 32  0.00984  9.36553e+02 | 33  0.01701  9.61409e+02
 34  0.01392  4.90024e+02 | 35  0.01954  2.47261e+03 | 36  0.01493 -1.55893e+02
 37  0.02644  5.94859e+02 | 38  0.01863  1.72389e+03 | 39  0.02296  5.17948e+02
 40  0.03295 -6.82535e+02 | 41  0.02226  1.90128e+03 | 42  0.02316  8.98364e+02
 43  0.00575 -1.81237e+03 | 44 -0.03200 -1.03987e+04 | 45  0.12949 -1.24831e+05
 46 -0.29176  1.65458e+03 | 47 -0.03945  3.19502e+03 | 48 -0.03452  4.76976e+03
 49 -0.02957  4.61059e+03 | 50 -0.01756  4.65421e+03 | 51 -0.01045  4.53180e+03
 52 -0.01115  2.49831e+03 | 53 -0.02599 -1.39880e+03 | 54  0.02049 -6.67615e+02
 55 -0.00174 -2.03708e+03 | 56 -0.00848 -1.47351e+03 | 57  0.04961  5.51363e+03
 58  0.03713 -1.62700e+03 | 59 -0.00720 -2.90069e+03 | 60  0.01227 -2.81256e+03
 61  0.02563 -3.07280e+03 | 62  0.00858 -2.92321e+03 | 63  0.02725 -4.41077e+03
 64 -0.00112 -3.02845e+03 | 65  0.03248 -2.43529e+03 | 66  0.02710 -2.92794e+03
 67 -0.00590 -3.23790e+03 | 68  0.04570 -1.88629e+03 | 69  0.03051 -2.04938e+03
 70  0.03167 -2.68869e+03 | 71  0.04826 -9.62551e+02 | 72  0.05940  4.98503e+03
 73  0.01884  5.82431e+03 | 74  0.03428  1.96661e+04 |
1 0 25295.6
1 0 25295.4
1 0 25295.2
1 0 25295
1 0 25294.9
1 0 25294.6
1 0 25294.1
1 0 25293.7
1 0 25293
1 0 25292
1 0 25290.6
74 variables; iteration 60; function evaluation 80; phase 1
Function value   2.5290598e+04; maximum gradient component mag  -1.2474e+05
Var   Value    Gradient   |Var   Value    Gradient   |Var   Value    Gradient
  1  0.29165  3.34486e+02 |  2  0.21942  1.41843e+02 |  3  0.12498 -8.59011e+01
  4  0.07199 -4.27560e+01 |  5  0.04997  8.05717e+00 |  6  0.04036 -1.90160e+01
  7  0.04898  9.51338e+01 |  8  0.04463  4.82523e+01 |  9  0.04029  7.15359e+01
 10  0.02782  4.11123e+00 | 11  0.02429  2.57315e+01 | 12  0.02249  5.40041e+01
 13  0.01364  1.22074e+01 | 14  0.00865 -2.07754e+01 | 15  0.01666  5.40075e+01
 16  0.10322  9.78565e+03 | 17 -0.18846 -2.22657e+03 | 18 -0.03483  3.96228e+02
 19 -0.02590 -2.95013e+03 | 20 -0.01776 -2.86851e+03 | 21 -0.01009 -1.09577e+03
 22 -0.00143  4.27697e+02 | 23  0.00033 -1.63689e+02 | 24  0.00158  8.82387e+02
 25  0.01364  2.37397e+03 | 26  0.01753  1.75724e+03 | 27  0.00362  5.58198e+02
 28  0.02289  5.19992e+02 | 29  0.02344  1.19269e+03 | 30  0.00645  4.82769e+03
 31 -0.00614 -8.43580e+02 | 32  0.00874  7.02338e+02 | 33  0.01645  1.03065e+03
 34  0.01419  5.42692e+02 | 35  0.02017  2.47014e+03 | 36  0.01405 -1.37450e+02
 37  0.02562  3.68040e+02 | 38  0.01866  1.77148e+03 | 39  0.02380  5.57325e+02
 40  0.03271 -7.39385e+02 | 41  0.02184  1.77516e+03 | 42  0.02294  8.85073e+02
 43  0.00492 -1.87259e+03 | 44 -0.03227 -1.04510e+04 | 45  0.12964 -1.24736e+05
 46 -0.29178  1.65044e+03 | 47 -0.03904  3.37437e+03 | 48 -0.03436  4.82837e+03
 49 -0.02959  4.60137e+03 | 50 -0.01756  4.69049e+03 | 51 -0.01039  4.54538e+03
 52 -0.01115  2.45703e+03 | 53 -0.02639 -1.43450e+03 | 54  0.02029 -7.28843e+02
 55 -0.00178 -2.09387e+03 | 56 -0.00917 -1.53800e+03 | 57  0.04929  5.48067e+03
 58  0.03758 -1.63871e+03 | 59 -0.00478 -2.85353e+03 | 60  0.01207 -2.73039e+03
 61  0.02520 -3.07551e+03 | 62  0.00676 -3.03049e+03 | 63  0.02850 -4.43183e+03
 64 -0.00151 -3.10813e+03 | 65  0.03193 -2.54483e+03 | 66  0.02654 -3.01238e+03
 67 -0.00531 -3.20336e+03 | 68  0.04605 -1.79163e+03 | 69  0.02969 -2.02953e+03
 70  0.03282 -2.61769e+03 | 71  0.04766 -9.63735e+02 | 72  0.05944  4.98305e+03
 73  0.01888  5.81650e+03 | 74  0.03475  1.96732e+04 |
1 0 25289.1
1 0 25286.7
1 0 25282.8
1 0 25276.8
1 0 25273.6
1 0 25267.7
1 0 25257
1 0 25236.3
1 0 25238.5
1 0 25168.2
1 0 25039.8
1 0 24820
74 variables; iteration 70; function evaluation 92; phase 1
Function value   2.4820003e+04; maximum gradient component mag  -1.2778e+05
Var   Value    Gradient   |Var   Value    Gradient   |Var   Value    Gradient
  1  0.28535  2.39153e+03 |  2  0.21868  1.31724e+03 |  3  0.14301  4.06068e+02
  4  0.08887  7.90532e+01 |  5  0.07798  2.77327e+02 |  6  0.04619  7.62309e+01
  7  0.02445 -5.78234e+01 |  8  0.04130  1.88856e+02 |  9  0.03455 -3.54690e+00
 10  0.05856  1.13667e+02 | 11  0.10252  5.78397e+02 | 12  0.12528  1.38407e+03
 13 -0.00890  5.31365e+00 | 14 -0.13306 -1.66185e+02 | 15 -0.20728 -2.25401e+02
 16  0.10795  1.10879e+04 | 17 -0.17427 -2.40222e+03 | 18 -0.03231  4.13125e+03
 19 -0.02302 -1.26480e+03 | 20 -0.01428 -1.79051e+03 | 21 -0.00754 -5.39378e+02
 22 -0.00077  1.76523e+02 | 23  0.00024 -2.05564e+02 | 24  0.00152  7.36358e+02
 25  0.01410  1.95054e+03 | 26  0.01615  1.46536e+03 | 27  0.00250  2.60708e+02
 28  0.01992  2.28042e+02 | 29  0.02214  9.39273e+02 | 30  0.00574  3.31232e+03
 31 -0.00371 -2.30072e+02 | 32  0.00567  6.53414e+01 | 33  0.01311  8.48388e+02
 34  0.01271  1.19909e+02 | 35  0.01824  1.20755e+03 | 36  0.01348 -1.66698e+03
 37  0.02111  1.27043e+03 | 38  0.02197  1.26803e+03 | 39  0.01810 -6.11151e+02
 40  0.02972  5.51760e+02 | 41  0.02087  1.09483e+03 | 42  0.01668 -1.41003e+02
 43  0.00379 -1.81743e+03 | 44 -0.02446 -9.18056e+03 | 45  0.13020 -1.27784e+05
 46 -0.25869  5.55900e+02 | 47 -0.04413  1.79028e+03 | 48 -0.03907  2.23228e+03
 49 -0.03401  1.94831e+03 | 50 -0.02142  1.92500e+03 | 51 -0.01468  1.85173e+03
 52 -0.01590  4.35211e+02 | 53 -0.02416 -1.56773e+03 | 54  0.01802 -1.53084e+03
 55 -0.00247 -2.17379e+03 | 56 -0.00898 -1.60492e+03 | 57  0.04602  3.94544e+03
 58  0.03494 -1.11919e+03 | 59  0.00450 -2.22306e+03 | 60  0.01303 -2.03477e+03
 61  0.02097 -2.56374e+03 | 62  0.01093 -2.39214e+03 | 63  0.02285 -2.62303e+03
 64  0.01925  3.50527e+01 | 65  0.02155 -1.07091e+03 | 66  0.02958 -1.56774e+03
 67  0.01399 -1.39684e+03 | 68  0.03988  3.36529e+02 | 69  0.03436 -1.00544e+03
 70  0.03159 -1.68731e+03 | 71  0.04096 -1.60015e+02 | 72  0.04687  4.88842e+03
 73  0.00622  5.94664e+03 | 74  0.02737  1.87993e+04 |
1 0 24618.2
1 0 25173.6
1 0 24572
1 0 24638.3
1 0 24558.9
1 0 24645.8
1 0 24557.5
1 0 24554.5
1 0 24528.4
1 0 24472.1
1 0 24193.2
1 0 23884.4
1 0 23560.5
1 0 23105.4
1 0 22712.1
74 variables; iteration 80; function evaluation 107; phase 1
Function value   2.2712296e+04; maximum gradient component mag  -3.3388e+04
Var   Value    Gradient   |Var   Value    Gradient   |Var   Value    Gradient
  1  0.25196  1.17781e+03 |  2  0.21302  4.75925e+02 |  3  0.15688  3.19615e+02
  4  0.13347  3.45571e+02 |  5  0.12909  4.72606e+02 |  6  0.11029  1.74375e+02
  7  0.12961  7.63123e+02 |  8  0.06304 -9.43874e+01 |  9  0.05872  1.23827e+01
 10  0.08166  4.36536e+02 | 11  0.02623 -4.88963e+02 | 12  0.13397  1.10810e+03
 13  0.08919  4.42598e+02 | 14 -0.02142 -9.45295e+01 | 15 -0.09866 -2.50149e+02
 16  0.12481  3.52741e+03 | 17 -0.05790 -2.19523e+03 | 18 -0.04345 -3.82351e+03
 19 -0.02157  5.33324e+03 | 20 -0.01558  3.85921e+03 | 21 -0.00791  1.07498e+03
 22 -0.00389 -1.87671e+02 | 23 -0.00286  8.96890e+02 | 24  0.00011  1.49567e+03
 25 -0.00005 -4.27083e+02 | 26 -0.00263 -8.36219e+02 | 27 -0.00092  5.70391e+02
 28 -0.00537 -2.54300e+03 | 29 -0.00147 -3.24761e+02 | 30  0.00190 -8.32821e+02
 31  0.00905  2.17892e+03 | 32  0.01043  1.52643e+03 | 33  0.00830 -9.29712e+02
 34  0.00405  5.33240e+02 | 35  0.01259 -1.04126e+03 | 36  0.00427  1.02684e+03
 37  0.01232 -2.55486e+03 | 38  0.01326  1.11290e+03 | 39  0.01351  1.08480e+02
 40  0.01688 -2.68896e+03 | 41  0.01359 -1.19178e+01 | 42  0.01678  4.98949e+02
 43  0.01591  4.91059e+02 | 44  0.01309 -5.17848e+02 | 45  0.14753 -3.33876e+04
 46 -0.07854  1.05550e+03 | 47 -0.06639 -4.20060e+03 | 48 -0.06717 -6.93928e+03
 49 -0.05428 -6.84225e+03 | 50 -0.03778 -5.35844e+03 | 51 -0.03555 -4.64756e+03
 52 -0.02814 -4.10212e+03 | 53 -0.01580 -1.72765e+03 | 54 -0.00674 -1.37429e+03
 55 -0.00054 -3.42442e+02 | 56  0.00767  1.86837e+03 | 57  0.01758  1.81012e+03
 58  0.02133  3.05844e+03 | 59  0.01489  1.76767e+03 | 60  0.01064  5.04742e+02
 61  0.02116  4.49744e+03 | 62 -0.01308 -3.92657e+03 | 63  0.02663  6.00067e+03
 64 -0.00951 -3.29612e+03 | 65  0.02477  5.30750e+03 | 66  0.01484  9.77264e+02
 67  0.01632  1.03305e+03 | 68  0.03299  6.86114e+03 | 69  0.02575  3.40157e+03
 70  0.02371  1.89679e+03 | 71  0.01677  4.26871e+02 | 72  0.02636  2.40604e+03
 73  0.11549  2.20255e+03 | 74 -0.00203  4.99685e+03 |
1 0 22398.8
1 0 22268.8
1 0 22186
1 0 22105.9
1 0 22060.5
1 0 22011.9
1 0 22016.2
1 0 22003.9
1 0 21996.9
1 0 21994.7
1 0 21992.2
1 0 21990.5
74 variables; iteration 90; function evaluation 119; phase 1
Function value   2.1990523e+04; maximum gradient component mag   4.9388e+02
Var   Value    Gradient   |Var   Value    Gradient   |Var   Value    Gradient
  1  0.24621  1.42826e+01 |  2  0.21149  2.12808e+01 |  3  0.13931  4.23064e+01
  4  0.09189  3.57271e+01 |  5  0.06452  3.58581e+01 |  6  0.04646  2.24719e+01
  7  0.03524  4.47158e+01 |  8  0.02117  3.70008e-01 |  9  0.01470  2.73882e+01
 10  0.00671  5.51186e+00 | 11  0.00266  2.71461e+01 | 12 -0.00443  9.26764e+00
 13 -0.00993  1.92990e+01 | 14 -0.01739 -1.48010e+01 | 15 -0.01717  1.15751e+01
 16  0.11971  3.10498e-01 | 17 -0.06088 -4.40214e+02 | 18 -0.02125  1.13960e+02
 19 -0.01870  8.32814e+01 | 20 -0.01868 -1.49480e+01 | 21 -0.01496 -3.04176e+01
 22 -0.01095  4.62754e+01 | 23 -0.00815  3.69132e+01 | 24 -0.00729 -5.44662e+01
 25 -0.00463 -1.00602e+02 | 26 -0.00268  9.31116e+01 | 27 -0.00190  7.67929e+01
 28 -0.00046  8.34479e+01 | 29  0.00077  7.27497e+01 | 30  0.00181  1.27253e+02
 31  0.00272 -1.05593e+02 | 32  0.00443  3.59371e+01 | 33  0.00716 -8.32060e+01
 34  0.00835 -9.80304e+01 | 35  0.00903  9.68618e+01 | 36  0.00960  3.81850e+01
 37  0.01243 -1.39318e+01 | 38  0.01373 -8.88327e+01 | 39  0.01244  4.26467e+02
 40  0.01798 -6.16552e+01 | 41  0.01615  1.00829e+02 | 42  0.01740 -2.98909e+01
 43  0.01523 -3.06938e+02 | 44  0.02120 -9.62335e-01 | 45  0.14222  1.77490e+02
 46 -0.06975  4.93883e+02 | 47 -0.05386  1.98788e+02 | 48 -0.04875  1.62729e+02
 49 -0.04196  1.28258e+02 | 50 -0.03277  2.09853e+01 | 51 -0.02655  5.93630e+01
 52 -0.02113  4.06415e+01 | 53 -0.01417  2.99185e+02 | 54 -0.00228  1.00881e+02
 55  0.00047 -3.04682e+02 | 56  0.00800 -1.60585e+02 | 57  0.02003 -2.56292e+02
 58  0.02103 -3.26358e+02 | 59  0.01352 -1.20323e+02 | 60  0.01204 -6.17165e+01
 61  0.01340  3.07250e+01 | 62  0.01247  8.97211e+01 | 63  0.01467 -1.20601e+02
 64  0.01272  1.19295e+01 | 65  0.01816  3.45441e-01 | 66  0.01853 -1.40317e+02
 67  0.02035 -3.82773e+01 | 68  0.02600 -7.80858e+01 | 69  0.02612 -3.51914e+02
 70  0.02531  6.45400e+00 | 71  0.02047  2.12699e+02 | 72  0.01452  2.43511e+01
 73  0.01301 -2.10092e+01 | 74 -0.03538  1.93062e+02 |
1 0 21988.9
1 0 21986.4
1 0 21983
1 0 21980
1 0 21977.6
1 0 21976.4
1 0 21975.9
1 0 21975.6
1 0 21975.4
1 0 21975.2
74 variables; iteration 100; function evaluation 129; phase 1
Function value   2.1975189e+04; maximum gradient component mag  -4.3231e+02
Var   Value    Gradient   |Var   Value    Gradient   |Var   Value    Gradient
  1  0.24777 -3.97791e+01 |  2  0.22620 -1.80005e+01 |  3  0.15281 -3.23320e+00
  4  0.09607 -3.99126e+00 |  5  0.05676 -2.43019e+00 |  6  0.02688 -7.47757e+00
  7  0.00360  1.24120e-01 |  8 -0.01722 -6.08957e+00 |  9 -0.03469 -5.45617e+00
 10 -0.04952 -1.70953e+00 | 11 -0.06313 -1.89190e+01 | 12 -0.07050 -1.36861e+01
 13 -0.07328 -2.76437e-01 | 14 -0.07555 -3.33638e-01 | 15 -0.07733 -4.58442e+00
 16  0.13012 -1.75605e+01 | 17 -0.03291 -6.24148e+01 | 18 -0.02044 -6.94488e+01
 19 -0.01926 -2.85398e+01 | 20 -0.01941  1.30085e+01 | 21 -0.01590  1.29378e+01
 22 -0.01209 -3.67931e+00 | 23 -0.00944  5.43026e-01 | 24 -0.00839  1.81179e+01
 25 -0.00573 -1.37949e+01 | 26 -0.00361  4.67535e+01 | 27 -0.00285  3.49704e+01
 28 -0.00203  4.34981e-01 | 29 -0.00095 -5.62474e+01 | 30  0.00044  1.43942e+01
 31  0.00156 -5.21393e+01 | 32  0.00317  3.51169e+00 | 33  0.00611  1.41187e+00
 34  0.00740  5.10735e+00 | 35  0.00790  3.11165e+01 | 36  0.00809 -2.60992e+01
 37  0.01134  5.16648e+01 | 38  0.01250 -5.30330e+00 | 39  0.00959 -1.13839e+02
 40  0.01720  1.68439e+02 | 41  0.01509  4.76137e+00 | 42  0.01594 -1.72025e+01
 43  0.01473  4.60406e+01 | 44  0.02194 -9.10128e+00 | 45  0.13906 -4.32307e+02
 46 -0.07090  2.06777e+01 | 47 -0.05493 -5.71251e+01 | 48 -0.04980 -3.36521e+01
 49 -0.04283 -3.60423e+01 | 50 -0.03327 -1.62648e+01 | 51 -0.02726 -3.09913e+01
 52 -0.02152 -1.47651e+01 | 53 -0.01499  4.32622e+01 | 54 -0.00270 -1.21781e+01
 55  0.00088 -1.20319e+02 | 56  0.00811 -1.70797e+01 | 57  0.01969 -1.73945e+02
 58  0.02114 -8.86264e+01 | 59  0.01366 -9.51461e-01 | 60  0.01216  2.06922e+01
 61  0.01354  2.98825e+01 | 62  0.01259  2.38724e+01 | 63  0.01530  4.85442e+01
 64  0.01288  7.46442e+01 | 65  0.01847  2.94255e+01 | 66  0.01962  2.23738e+01
 67  0.02012  9.52053e+01 | 68  0.02655  1.01837e+02 | 69  0.02751  8.21178e+01
 70  0.02546  3.16272e+01 | 71  0.02042 -7.33197e+01 | 72  0.01478  1.12851e+01
 73  0.01505  2.20315e+01 | 74 -0.07473  8.60713e+01 |
1 0 21975
1 0 21974.8
1 0 21974.4
1 0 21974.3
1 0 21974.2
1 0 21974.1
1 0 21974.1
1 0 21974
1 0 21973.9
1 0 21973.8
74 variables; iteration 110; function evaluation 139; phase 1
Function value   2.1973825e+04; maximum gradient component mag   9.0071e+01
Var   Value    Gradient   |Var   Value    Gradient   |Var   Value    Gradient
  1  0.24915 -3.95115e+01 |  2  0.22914 -4.45454e+01 |  3  0.15361 -2.46534e+01
  4  0.09656 -1.13350e+01 |  5  0.05761 -1.01216e+01 |  6  0.02997 -1.15717e+01
  7  0.01024 -1.10470e+01 |  8 -0.00335 -4.64664e+00 |  9 -0.01347 -6.41407e+00
 10 -0.02001 -2.30432e+00 | 11 -0.02444  1.72708e+00 | 12 -0.02807  7.97814e+00
 13 -0.03291 -7.29192e-01 | 14 -0.03645 -1.72899e+00 | 15 -0.03847 -3.51762e+00
 16  0.13077 -1.12610e+00 | 17 -0.02846  9.00709e+01 | 18 -0.02019 -4.59688e+01
 19 -0.01922 -5.61635e+01 | 20 -0.01960 -3.15309e+01 | 21 -0.01615 -1.41702e+01
 22 -0.01232 -1.14697e+01 | 23 -0.00964 -1.19075e+01 | 24 -0.00864  4.06561e-02
 25 -0.00593 -5.34377e-01 | 26 -0.00369  1.76951e+01 | 27 -0.00277  3.78015e+01
 28 -0.00205  2.25749e+01 | 29 -0.00082 -3.61711e+01 | 30  0.00039 -2.10045e+01
 31  0.00151 -2.12917e+00 | 32  0.00297 -9.81026e+00 | 33  0.00593  1.50155e+01
 34  0.00718 -1.27272e+01 | 35  0.00762  1.06333e+01 | 36  0.00788 -1.04468e+01
 37  0.01114  1.65065e+01 | 38  0.01250  4.97698e+01 | 39  0.00951 -5.43060e+01
 40  0.01666  5.45809e+01 | 41  0.01481  1.61705e+01 | 42  0.01591  2.27759e+00
 43  0.01458  5.30815e+00 | 44  0.02090 -9.84215e+00 | 45  0.13912 -8.54788e+01
 46 -0.07097 -4.45325e+01 | 47 -0.05471  1.69494e+01 | 48 -0.04975  1.31107e+01
 49 -0.04282  6.05649e+00 | 50 -0.03333 -7.61800e-01 | 51 -0.02724  2.64883e+00
 52 -0.02155 -1.34069e+00 | 53 -0.01521 -1.55580e+01 | 54 -0.00279 -2.38718e+00
 55  0.00118  1.50271e+01 | 56  0.00791 -4.29249e+01 | 57  0.01989 -6.55732e+01
 58  0.02131  2.10624e+01 | 59  0.01368  6.17989e+00 | 60  0.01209  3.68991e-01
 61  0.01345 -1.29811e+01 | 62  0.01257  9.80519e+00 | 63  0.01518  1.21618e+01
 64  0.01271  4.14289e+00 | 65  0.01837  4.34614e+00 | 66  0.01960 -1.84315e+01
 67  0.02012  1.38333e+01 | 68  0.02639  5.55954e+01 | 69  0.02721 -1.28775e+01
 70  0.02540 -7.83515e+00 | 71  0.02074  2.28581e+01 | 72  0.01510  1.63555e+00
 73  0.01518  4.09743e+00 | 74 -0.07493  6.77079e+01 |
1 0 21973.7
1 0 21973.4
1 0 21973.2
1 0 21973.1
1 0 21973.1
1 0 21973.1
1 0 21973.1
1 0 21973.1
1 0 21973.1
1 0 21973.1
74 variables; iteration 120; function evaluation 149; phase 1
Function value   2.1973096e+04; maximum gradient component mag   2.4617e+00
Var   Value    Gradient   |Var   Value    Gradient   |Var   Value    Gradient
  1  0.24744  4.46916e-02 |  2  0.22911 -3.38482e-01 |  3  0.15696 -4.18549e-02
  4  0.10274 -1.86684e-02 |  5  0.06699  1.56603e-03 |  6  0.04208  5.18555e-03
  7  0.02348  2.06652e-02 |  8  0.00907  1.88671e-03 |  9 -0.00231  2.24300e-02
 10 -0.01133  2.58985e-02 | 11 -0.01841  3.45806e-03 | 12 -0.02382  3.96712e-03
 13 -0.02775 -1.57993e-02 | 14 -0.03031  1.77840e-03 | 15 -0.03157  1.09854e-02
 16  0.13286  5.10905e-01 | 17 -0.02691  1.61296e-01 | 18 -0.02015 -5.98848e-01
 19 -0.01901  1.11929e-01 | 20 -0.01942  2.33903e-01 | 21 -0.01605  7.48342e-02
 22 -0.01225 -9.64386e-03 | 23 -0.00963 -8.92803e-02 | 24 -0.00866 -1.90322e-01
 25 -0.00598 -1.97141e-01 | 26 -0.00380  2.14612e-01 | 27 -0.00293 -1.06413e-01
 28 -0.00207  1.36803e-01 | 29 -0.00069 -2.34814e-01 | 30  0.00038 -1.89986e-01
 31  0.00146  7.85344e-01 | 32  0.00294 -3.12031e-01 | 33  0.00585 -1.12431e-01
 34  0.00709  1.24516e-01 | 35  0.00751 -2.76398e-01 | 36  0.00779  9.36900e-02
 37  0.01097 -4.71332e-01 | 38  0.01230 -4.44573e-02 | 39  0.00943  3.11374e-01
 40  0.01633 -3.28145e-01 | 41  0.01465 -6.08405e-03 | 42  0.01578 -4.51696e-01
 43  0.01439 -1.03716e+00 | 44  0.02068  2.46172e+00 | 45  0.13811  3.23765e-01
 46 -0.07126 -8.45800e-02 | 47 -0.05505  1.69485e-01 | 48 -0.05001  5.33343e-02
 49 -0.04302 -1.36517e-02 | 50 -0.03347 -3.83093e-02 | 51 -0.02738 -1.21859e-02
 52 -0.02166 -9.28643e-02 | 53 -0.01524  3.31683e-01 | 54 -0.00286  7.47438e-01
 55  0.00100  2.45003e-01 | 56  0.00789  9.29841e-02 | 57  0.02001 -3.73277e-02
 58  0.02126  3.52419e-02 | 59  0.01370 -5.17595e-02 | 60  0.01215 -3.33624e-01
 61  0.01353 -4.53294e-01 | 62  0.01262 -5.20599e-01 | 63  0.01521 -7.83117e-01
 64  0.01282 -3.30041e-01 | 65  0.01846 -2.90073e-01 | 66  0.01967 -5.72634e-02
 67  0.02029 -9.77565e-02 | 68  0.02637 -6.77710e-01 | 69  0.02736 -3.81279e-01
 70  0.02556  1.49219e-01 | 71  0.02084  1.85416e+00 | 72  0.01546  5.98242e-01
 73  0.01546 -2.89993e-02 | 74 -0.09044 -3.57292e-02 |
1 0 21973.1
1 0 21973.1
1 0 21973.1
1 0 21973.1
1 0 21973.1
1 0 21973.1
1 0 21973.1
1 0 21973.1

 - final statistics:
74 variables; iteration 128; function evaluation 157
Function value   2.1973e+04; maximum gradient component mag  -4.5857e-02
Exit code = 1;  converg criter   1.0000e-01
Var   Value    Gradient   |Var   Value    Gradient   |Var   Value    Gradient
  1  0.24744 -9.88264e-03 |  2  0.22912 -7.14305e-03 |  3  0.15697 -8.63094e-04
  4  0.10274 -3.67353e-04 |  5  0.06698  2.43868e-04 |  6  0.04206  3.01003e-04
  7  0.02346  2.72387e-04 |  8  0.00903  2.35319e-04 |  9 -0.00235 -2.12329e-04
 10 -0.01137  4.95486e-05 | 11 -0.01845 -9.54699e-04 | 12 -0.02386  7.39351e-04
 13 -0.02778 -7.68150e-05 | 14 -0.03034  1.80049e-06 | 15 -0.03161  3.37119e-04
 16  0.13284 -6.15760e-05 | 17 -0.02690  5.47419e-03 | 18 -0.02015 -4.06744e-05
 19 -0.01900 -3.90724e-03 | 20 -0.01942  7.47901e-04 | 21 -0.01604  7.09100e-04
 22 -0.01225  1.05088e-03 | 23 -0.00962  1.84321e-03 | 24 -0.00865 -8.36647e-04
 25 -0.00598  3.40954e-03 | 26 -0.00380 -5.34896e-03 | 27 -0.00293 -6.37947e-03
 28 -0.00207  7.77982e-04 | 29 -0.00069  1.61328e-03 | 30  0.00038  1.77888e-03
 31  0.00147  7.84513e-03 | 32  0.00294  1.62496e-03 | 33  0.00585 -4.41976e-03
 34  0.00710 -2.47986e-03 | 35  0.00751 -5.97962e-04 | 36  0.00779 -6.14432e-04
 37  0.01098  9.61007e-04 | 38  0.01230 -2.94018e-03 | 39  0.00943  7.31824e-03
 40  0.01633 -7.59945e-03 | 41  0.01466  5.54811e-04 | 42  0.01578 -3.49019e-03
 43  0.01438  1.53370e-03 | 44  0.02059  1.66115e-03 | 45  0.13811 -4.58566e-02
 46 -0.07126 -2.49736e-03 | 47 -0.05505 -3.39396e-04 | 48 -0.05001  2.89830e-03
 49 -0.04302  3.01653e-03 | 50 -0.03348  2.37066e-03 | 51 -0.02738  6.20078e-04
 52 -0.02166  2.70070e-04 | 53 -0.01524 -6.50981e-04 | 54 -0.00286 -8.30978e-03
 55  0.00100  2.52676e-04 | 56  0.00789 -7.46870e-04 | 57  0.02001 -5.57442e-03
 58  0.02125 -3.93606e-03 | 59  0.01369 -1.80809e-03 | 60  0.01214 -3.94593e-04
 61  0.01353  3.78955e-03 | 62  0.01262  3.65183e-03 | 63  0.01521  6.10784e-04
 64  0.01282  3.05728e-03 | 65  0.01846  1.39472e-03 | 66  0.01967  3.28180e-03
 67  0.02029 -3.63176e-04 | 68  0.02637 -1.16264e-02 | 69  0.02735 -1.79196e-03
 70  0.02556  1.96929e-03 | 71  0.02084  4.67735e-03 | 72  0.01550  4.37865e-03
 73  0.01550  2.00232e-03 | 74 -0.09044  4.51405e-03 |
1 0 21973.1
B0221055
0.3 0.329308
0.282264 0.343102
0.276701 0.347683
0.27487 0.34922
0.274257 0.349737
0.27405 0.349911
0.273981 0.34997
0.273958 0.34999
0.27395 0.349997
0.273947 0.349999
0.273946 0.35
0.273946 0.35
0.273946 0.35
0.273946 0.35
0.273946 0.35
0.273946 0.35
0.273946 0.35
0.273946 0.35
0.273946 0.35
0.273946 0.35
0.273946 0.35
2 0 21973.1

Initial statistics: 78 variables; iteration 0; function evaluation 0; phase 2
Function value   2.1973095e+04; maximum gradient component mag   6.1101e+03
Var   Value    Gradient   |Var   Value    Gradient   |Var   Value    Gradient
  1 -0.80323 -4.25248e+02 |  2 -0.45059 -1.51663e+02 |  3  0.24744 -9.88264e-03
  4  0.22912 -7.14305e-03 |  5  0.15697 -8.63094e-04 |  6  0.10274 -3.67353e-04
  7  0.06698  2.43868e-04 |  8  0.04206  3.01003e-04 |  9  0.02346  2.72387e-04
 10  0.00903  2.35319e-04 | 11 -0.00235 -2.12329e-04 | 12 -0.01137  4.95486e-05
 13 -0.01845 -9.54699e-04 | 14 -0.02386  7.39351e-04 | 15 -0.02778 -7.68150e-05
 16 -0.03034  1.80049e-06 | 17 -0.03161  3.37119e-04 | 18  0.13284 -6.15761e-05
 19 -0.02690  5.46523e-03 | 20 -0.02015 -4.96340e-05 | 21 -0.01900 -3.91620e-03
 22 -0.01942  7.38941e-04 | 23 -0.01604  7.00139e-04 | 24 -0.01225  1.04192e-03
 25 -0.00962  1.83424e-03 | 26 -0.00865 -8.45611e-04 | 27 -0.00598  3.40058e-03
 28 -0.00380 -5.35792e-03 | 29 -0.00293 -6.38843e-03 | 30 -0.00207  7.69017e-04
 31 -0.00069  1.60432e-03 | 32  0.00038  1.76991e-03 | 33  0.00147  7.83617e-03
 34  0.00294  1.61599e-03 | 35  0.00585 -4.42873e-03 | 36  0.00710 -2.48882e-03
 37  0.00751 -6.06925e-04 | 38  0.00779 -6.23396e-04 | 39  0.01098  9.52044e-04
 40  0.01230 -2.94914e-03 | 41  0.00943  7.30927e-03 | 42  0.01633 -7.60841e-03
 43  0.01466  5.45849e-04 | 44  0.01578 -3.49915e-03 | 45  0.01438  1.52474e-03
 46  0.02059  1.65219e-03 | 47  0.13811 -4.58566e-02 | 48 -0.07126 -2.50441e-03
 49 -0.05505 -3.46464e-04 | 50 -0.05001  2.89123e-03 | 51 -0.04302  3.00945e-03
 52 -0.03348  2.36358e-03 | 53 -0.02738  6.12990e-04 | 54 -0.02166  2.62980e-04
 55 -0.01524 -6.58074e-04 | 56 -0.00286 -8.31688e-03 | 57  0.00100  2.45581e-04
 58  0.00789 -7.53964e-04 | 59  0.02001 -5.58151e-03 | 60  0.02125 -3.94315e-03
 61  0.01369 -1.81518e-03 | 62  0.01214 -4.01687e-04 | 63  0.01353  3.78246e-03
 64  0.01262  3.64474e-03 | 65  0.01521  6.03692e-04 | 66  0.01282  3.05019e-03
 67  0.01846  1.38763e-03 | 68  0.01967  3.27471e-03 | 69  0.02029 -3.70267e-04
 70  0.02637 -1.16335e-02 | 71  0.02735 -1.79905e-03 | 72  0.02556  1.96220e-03
 73  0.02084  4.67026e-03 | 74  0.01550  4.37155e-03 | 75  0.01550  1.99523e-03
 76 -0.09044  4.51405e-03 | 77 -0.54689  6.11014e+03 | 78 -0.43547 -1.24125e+03
2 0 21973.1
2 0 21972.9
2 0 21971
2 0 21968.1
2 0 21962.8
2 0 21953
2 0 21938
2 0 21911.1
2 0 21879
2 0 21877.6
2 0 21862.4
2 0 21863.7
2 0 21854.4
2 0 21851.9

Intermediate statistics: 78 variables; iteration 10; function evaluation 14; phase 2
Function value   2.1851865e+04; maximum gradient component mag  -2.4398e+03
Var   Value    Gradient   |Var   Value    Gradient   |Var   Value    Gradient
  1 -0.75013 -6.01033e+02 |  2 -0.44295  2.59596e+01 |  3  0.23939 -4.89777e+02
  4  0.23455  4.60441e+01 |  5  0.15546 -1.51536e+01 |  6  0.10135  4.80319e-01
  7  0.06622  9.55598e-01 |  8  0.04162 -4.63183e-01 |  9  0.02316 -9.99263e-01
 10  0.00882 -1.12118e+00 | 11 -0.00252 -1.10962e+00 | 12 -0.01151 -1.06087e+00
 13 -0.01857 -1.00926e+00 | 14 -0.02396 -9.66020e-01 | 15 -0.02788 -9.40103e-01
 16 -0.03043 -9.27569e-01 | 17 -0.03170 -9.00750e-01 | 18  0.11576  1.48145e+03
 19 -0.03066 -1.80885e+01 | 20 -0.02534 -1.33133e+03 | 21 -0.02470 -1.85520e+03
 22 -0.02217  5.53949e+01 | 23 -0.01886 -1.49625e+02 | 24 -0.01607 -8.55400e+02
 25 -0.01193  2.59059e+02 | 26 -0.01097 -5.77267e+02 | 27 -0.00604  2.50746e+02
 28 -0.00237  3.03432e+02 | 29 -0.00087  3.28378e+02 | 30  0.00034  5.46097e+02
 31 -0.00019 -4.09499e+01 | 32 -0.00133 -2.18854e+02 | 33 -0.00297 -1.51221e+03
 34  0.00126  4.57156e+02 | 35  0.00508 -4.29375e-01 | 36  0.00695 -1.60004e+01
 37  0.00893  2.18478e+02 | 38  0.01063  5.81153e+02 | 39  0.01503  7.73827e+02
 40  0.01655  5.14731e+02 | 41  0.01479  8.88327e+02 | 42  0.02123  8.94561e+02
 43  0.01760  3.46181e+02 | 44  0.01622 -9.30167e+02 | 45  0.01746  1.45465e+03
 46  0.02241 -3.65721e+02 | 47  0.13712 -2.43985e+03 | 48 -0.07229  2.27092e+02
 49 -0.05573  1.13953e+03 | 50 -0.04934  1.06527e+03 | 51 -0.04317  4.83829e+02
 52 -0.03404  5.59684e+02 | 53 -0.02888 -2.01060e+02 | 54 -0.02269  9.37327e+01
 55 -0.01641 -2.51891e+02 | 56 -0.00406 -4.41208e+02 | 57  0.00101 -2.55510e+02
 58  0.00795 -5.15215e+02 | 59  0.02003 -4.50544e+02 | 60  0.02159 -5.04306e+01
 61  0.01374  6.69475e+02 | 62  0.01052 -5.29180e+02 | 63  0.01283 -4.91114e+02
 64  0.01223 -1.70123e+02 | 65  0.01521 -1.43420e+02 | 66  0.01323 -2.64775e+02
 67  0.01869 -6.03639e+02 | 68  0.02034 -3.29749e+02 | 69  0.02105 -3.97853e+02
 70  0.02761 -5.58296e+02 | 71  0.02854 -1.62796e+02 | 72  0.02787  1.35330e+03
 73  0.02072 -5.98163e+02 | 74  0.01785  2.10895e+02 | 75  0.01460  8.10306e+01
 76 -0.11085  2.55122e+02 | 77 -0.59315  1.95788e+02 | 78 -0.52838  2.91252e+02
2 0 21847.7
2 0 21840
2 0 21827.3
2 0 21805
2 0 21855.3
2 0 21797
2 0 21806.4
2 0 21794.1
2 0 21812.7
2 0 21793.8
2 0 21793.3
2 0 21793.1
2 0 21792.9
78 variables; iteration 20; function evaluation 27; phase 2
Function value   2.1792945e+04; maximum gradient component mag  -1.3998e+04
Var   Value    Gradient   |Var   Value    Gradient   |Var   Value    Gradient
  1 -0.64151  1.39794e+02 |  2 -0.45760  2.44728e+02 |  3  0.22211 -1.07183e+03
  4  0.23649  7.10159e+02 |  5  0.15145  4.81767e+01 |  6  0.09667  9.38345e+00
  7  0.06341  1.12265e+01 |  8  0.04000  6.20185e+00 |  9  0.02213  2.81493e+00
 10  0.00810  1.21617e+00 | 11 -0.00307  4.56900e-01 | 12 -0.01195  7.11166e-02
 13 -0.01894 -1.39449e-01 | 14 -0.02429 -2.60442e-01 | 15 -0.02817 -3.40034e-01
 16 -0.03071 -3.92608e-01 | 17 -0.03197 -4.01063e-01 | 18  0.11411  2.16365e+03
 19 -0.03685 -8.87906e+02 | 20 -0.02443 -1.24225e+03 | 21 -0.02265 -1.49554e+03
 22 -0.02170 -1.54688e+02 | 23 -0.01804 -2.71797e+02 | 24 -0.01522 -8.13872e+02
 25 -0.01107  5.35508e+02 | 26 -0.01070 -6.63952e+02 | 27 -0.00607  1.33009e+02
 28 -0.00229  4.10162e+02 | 29 -0.00086  2.97419e+02 | 30 -0.00002  2.54309e+02
 31 -0.00014  2.75800e+01 | 32 -0.00017  6.46908e+02 | 33 -0.00162 -9.29632e+02
 34  0.00165  2.45137e+02 | 35  0.00513 -5.63543e+01 | 36  0.00690  5.90680e+00
 37  0.00881  2.37547e+02 | 38  0.01078  6.35396e+02 | 39  0.01490  7.39587e+02
 40  0.01659  5.25160e+02 | 41  0.01442  5.58521e+02 | 42  0.02087  8.77709e+02
 43  0.01710  3.35985e+02 | 44  0.01630 -8.42390e+02 | 45  0.01735  1.33517e+03
 46  0.02103 -4.17169e+02 | 47  0.13598 -1.39981e+04 | 48 -0.07257  7.94355e+02
 49 -0.05498  1.81512e+03 | 50 -0.05023  1.10477e+03 | 51 -0.04309  8.21003e+02
 52 -0.03419  7.02229e+02 | 53 -0.02925 -3.63270e+02 | 54 -0.02293  4.23302e+01
 55 -0.01660 -2.13572e+02 | 56 -0.00467 -6.72880e+02 | 57  0.00065 -4.00632e+02
 58  0.00789 -4.24013e+02 | 59  0.01962 -5.70860e+02 | 60  0.02042 -1.12387e+03
 61  0.01341 -8.42060e+01 | 62  0.01089 -5.79571e+02 | 63  0.01300 -4.58800e+02
 64  0.01236 -1.90009e+02 | 65  0.01507 -1.92869e+02 | 66  0.01345 -2.90567e+02
 67  0.01879 -6.08557e+02 | 68  0.02078 -2.17163e+02 | 69  0.02186  1.51084e+02
 70  0.02856 -9.21980e+01 | 71  0.02882  4.66249e+01 | 72  0.02808  1.41597e+03
 73  0.02143 -3.66784e+02 | 74  0.01977  5.46648e+02 | 75  0.01525  7.01945e+02
 76 -0.13499  4.28287e+02 | 77 -0.60245 -2.53337e+03 | 78 -0.54584  1.22183e+03
2 0 21793.4
2 0 21792.9
2 0 21792.8
2 0 21792.8
2 0 21792.7
2 0 21792.7
2 0 21792.6
2 0 21792.7
2 0 21792.6
2 0 21792.6
2 0 21792.5
2 0 21792.5
78 variables; iteration 30; function evaluation 39; phase 2
Function value   2.1792506e+04; maximum gradient component mag  -1.4560e+04
Var   Value    Gradient   |Var   Value    Gradient   |Var   Value    Gradient
  1 -0.64201  1.70485e+02 |  2 -0.46311  2.31449e+02 |  3  0.22084 -1.16004e+03
  4  0.23382  5.81943e+02 |  5  0.14757  8.69367e+00 |  6  0.09311 -5.54423e+00
  7  0.06082  5.04121e+00 |  8  0.03838  3.58015e+00 |  9  0.02114  1.10057e+00
 10  0.00745 -3.22553e-01 | 11 -0.00352 -9.84231e-01 | 12 -0.01229 -1.26215e+00
 13 -0.01921 -1.37404e+00 | 14 -0.02452 -1.41730e+00 | 15 -0.02838 -1.44258e+00
 16 -0.03090 -1.46005e+00 | 17 -0.03214 -1.44820e+00 | 18  0.11368  2.22197e+03
 19 -0.03921 -7.23373e+02 | 20 -0.02437 -1.29700e+03 | 21 -0.02254 -1.55062e+03
 22 -0.02149 -1.60898e+02 | 23 -0.01787 -2.75407e+02 | 24 -0.01480 -7.32708e+02
 25 -0.01108  5.16147e+02 | 26 -0.01051 -6.40281e+02 | 27 -0.00596  1.13744e+02
 28 -0.00224  4.13721e+02 | 29 -0.00081  2.80600e+02 | 30  0.00011  2.46389e+02
 31 -0.00002  3.83703e+01 | 32 -0.00003  6.96662e+02 | 33 -0.00177 -1.03455e+03
 34  0.00168  1.95644e+02 | 35  0.00531 -9.81426e+01 | 36  0.00717  8.97710e+01
 37  0.00897  3.18618e+02 | 38  0.01078  6.08795e+02 | 39  0.01486  7.31576e+02
 40  0.01645  4.94826e+02 | 41  0.01426  5.02066e+02 | 42  0.02079  8.24284e+02
 43  0.01719  3.58906e+02 | 44  0.01629 -8.59124e+02 | 45  0.01752  1.41320e+03
 46  0.02133 -4.48964e+02 | 47  0.13598 -1.45599e+04 | 48 -0.07277  7.13221e+02
 49 -0.05515  1.76618e+03 | 50 -0.05016  1.16395e+03 | 51 -0.04338  7.60643e+02
 52 -0.03383  8.23440e+02 | 53 -0.02958 -4.54709e+02 | 54 -0.02298  2.48473e+01
 55 -0.01658 -1.91178e+02 | 56 -0.00477 -6.93159e+02 | 57  0.00050 -4.24116e+02
 58  0.00788 -3.99944e+02 | 59  0.01954 -5.81605e+02 | 60  0.02043 -1.15178e+03
 61  0.01323 -7.93263e+01 | 62  0.01082 -5.23647e+02 | 63  0.01316 -3.14553e+02
 64  0.01241 -1.75011e+02 | 65  0.01490 -3.17521e+02 | 66  0.01332 -3.53924e+02
 67  0.01870 -6.48758e+02 | 68  0.02063 -2.62855e+02 | 69  0.02174  1.47234e+02
 70  0.02846 -6.41784e+01 | 71  0.02884  7.29657e+01 | 72  0.02798  1.40054e+03
 73  0.02121 -4.70929e+02 | 74  0.01967  5.19045e+02 | 75  0.01697  7.30111e+02
 76 -0.13615  4.65710e+02 | 77 -0.60293 -2.66556e+03 | 78 -0.54672  1.25802e+03
2 0 21792.6
2 0 21792.5
2 0 21792.5
2 0 21792.5
2 0 21792.5
2 0 21792.4
2 0 21792.4
2 0 21792.5
2 0 21792.4
2 0 21792.4
2 0 21792.4
2 0 21792.4
2 0 21792.4
78 variables; iteration 40; function evaluation 52; phase 2
Function value   2.1792413e+04; maximum gradient component mag  -1.4675e+04
Var   Value    Gradient   |Var   Value    Gradient   |Var   Value    Gradient
  1 -0.64218  1.74092e+02 |  2 -0.46405  2.29046e+02 |  3  0.22092 -1.15482e+03
  4  0.23412  5.93797e+02 |  5  0.14829  1.89713e+01 |  6  0.09227 -7.25014e+00
  7  0.05858 -1.94694e+00 |  8  0.03627  1.08536e+00 |  9  0.01964  8.66430e-01
 10  0.00649  1.53656e-01 | 11 -0.00413 -5.43395e-01 | 12 -0.01269 -9.89360e-01
 13 -0.01950 -1.21669e+00 | 14 -0.02473 -1.31963e+00 | 15 -0.02855 -1.37275e+00
 16 -0.03104 -1.40316e+00 | 17 -0.03228 -1.39578e+00 | 18  0.11372  2.23408e+03
 19 -0.03907 -7.26345e+02 | 20 -0.02438 -1.29244e+03 | 21 -0.02251 -1.53158e+03
 22 -0.02148 -1.55502e+02 | 23 -0.01788 -2.65621e+02 | 24 -0.01481 -7.20478e+02
 25 -0.01112  5.13275e+02 | 26 -0.01059 -6.50760e+02 | 27 -0.00584  1.58173e+02
 28 -0.00221  4.24245e+02 | 29 -0.00078  2.90996e+02 | 30  0.00012  2.55237e+02
 31 -0.00003  4.07113e+01 | 32  0.00003  7.24986e+02 | 33 -0.00177 -1.02129e+03
 34  0.00173  2.16966e+02 | 35  0.00528 -1.00577e+02 | 36  0.00711  8.65700e+01
 37  0.00893  3.01003e+02 | 38  0.01083  6.46946e+02 | 39  0.01486  7.49422e+02
 40  0.01644  5.21508e+02 | 41  0.01421  5.01796e+02 | 42  0.02069  8.08582e+02
 43  0.01718  3.61371e+02 | 44  0.01631 -8.30748e+02 | 45  0.01760  1.43665e+03
 46  0.02156 -4.38135e+02 | 47  0.13594 -1.46753e+04 | 48 -0.07280  7.05445e+02
 49 -0.05515  1.76222e+03 | 50 -0.05011  1.17837e+03 | 51 -0.04336  7.67014e+02
 52 -0.03383  8.14151e+02 | 53 -0.02954 -4.40595e+02 | 54 -0.02311 -3.30739e+00
 55 -0.01650 -1.81290e+02 | 56 -0.00476 -7.03251e+02 | 57  0.00055 -4.14934e+02
 58  0.00793 -3.87966e+02 | 59  0.01953 -5.78648e+02 | 60  0.02049 -1.14069e+03
 61  0.01321 -9.05928e+01 | 62  0.01088 -5.16376e+02 | 63  0.01321 -3.01284e+02
 64  0.01239 -1.75023e+02 | 65  0.01494 -2.82080e+02 | 66  0.01336 -3.52538e+02
 67  0.01870 -6.68895e+02 | 68  0.02058 -3.07573e+02 | 69  0.02177  1.36781e+02
 70  0.02842 -7.08375e+01 | 71  0.02888  9.45269e+01 | 72  0.02797  1.38706e+03
 73  0.02123 -4.77992e+02 | 74  0.01962  5.24049e+02 | 75  0.01667  7.34047e+02
 76 -0.13642  4.69070e+02 | 77 -0.60301 -2.71292e+03 | 78 -0.54687  1.27484e+03
2 0 21792.4
2 0 21792.4
2 0 21792.4
2 0 21792.3
2 0 21792.3
2 0 21792.3
2 0 21792.4
2 0 21792.3
2 0 21792.3
2 0 21792.3
2 0 21792.2
2 0 21792.2
78 variables; iteration 50; function evaluation 64; phase 2
Function value   2.1792249e+04; maximum gradient component mag  -1.4446e+04
Var   Value    Gradient   |Var   Value    Gradient   |Var   Value    Gradient
  1 -0.64186  1.65047e+02 |  2 -0.46206  2.35427e+02 |  3  0.22101 -1.17084e+03
  4  0.23403  5.64637e+02 |  5  0.14763  8.32244e+00 |  6  0.09113 -1.19682e+01
  7  0.05698  4.70023e+00 |  8  0.03137 -9.43606e+00 |  9  0.01364 -8.44642e+00
 10  0.00149 -3.14191e+00 | 11 -0.00763 -5.73039e-01 | 12 -0.01500 -2.89550e-01
 13 -0.02104 -7.49224e-01 | 14 -0.02582 -1.17732e+00 | 15 -0.02938 -1.43155e+00
 16 -0.03173 -1.55718e+00 | 17 -0.03290 -1.58638e+00 | 18  0.11351  2.21989e+03
 19 -0.03935 -6.92223e+02 | 20 -0.02427 -1.30555e+03 | 21 -0.02244 -1.54575e+03
 22 -0.02142 -1.51065e+02 | 23 -0.01788 -2.68714e+02 | 24 -0.01493 -7.80878e+02
 25 -0.01111  5.15589e+02 | 26 -0.01044 -6.39574e+02 | 27 -0.00575  1.62533e+02
 28 -0.00220  3.87239e+02 | 29 -0.00063  3.50195e+02 | 30  0.00026  2.28985e+02
 31  0.00007  4.87279e+01 | 32 -0.00007  6.98624e+02 | 33 -0.00172 -1.04380e+03
 34  0.00190  2.96154e+02 | 35  0.00513 -1.89356e+02 | 36  0.00709  7.13379e+01
 37  0.00890  2.98477e+02 | 38  0.01062  5.91390e+02 | 39  0.01486  7.45238e+02
 40  0.01645  5.11490e+02 | 41  0.01434  5.11075e+02 | 42  0.02064  7.69267e+02
 43  0.01745  4.16133e+02 | 44  0.01625 -8.66394e+02 | 45  0.01745  1.40127e+03
 46  0.02083 -4.63558e+02 | 47  0.13599 -1.44461e+04 | 48 -0.07281  6.65931e+02
 49 -0.05510  1.76408e+03 | 50 -0.05007  1.17655e+03 | 51 -0.04333  7.60105e+02
 52 -0.03387  8.15898e+02 | 53 -0.02966 -4.72213e+02 | 54 -0.02301  2.28891e+01
 55 -0.01647 -1.79480e+02 | 56 -0.00472 -6.63920e+02 | 57  0.00044 -4.69531e+02
 58  0.00801 -3.59534e+02 | 59  0.01971 -5.13818e+02 | 60  0.02034 -1.17430e+03
 61  0.01324 -7.17867e+01 | 62  0.01096 -5.49340e+02 | 63  0.01314 -3.02379e+02
 64  0.01240 -1.53073e+02 | 65  0.01499 -2.70967e+02 | 66  0.01317 -3.82915e+02
 67  0.01872 -6.57809e+02 | 68  0.02044 -3.42852e+02 | 69  0.02199  1.90843e+02
 70  0.02818 -1.14651e+02 | 71  0.02909  1.38534e+02 | 72  0.02793  1.37847e+03
 73  0.02130 -4.52829e+02 | 74  0.01974  5.04161e+02 | 75  0.01641  7.20478e+02
 76 -0.13564  4.65998e+02 | 77 -0.60297 -2.65066e+03 | 78 -0.54677  1.25029e+03
2 0 21792.2
2 0 21792.2
2 0 21792.1
2 0 21792
2 0 21791.9
2 0 21792
2 0 21791.9
2 0 21791.9
2 0 21791.8
2 0 21791.4
2 0 21794.5
2 0 21791.3
2 0 21791.3
2 0 21791.2
78 variables; iteration 60; function evaluation 78; phase 2
Function value   2.1791211e+04; maximum gradient component mag  -1.4952e+04
Var   Value    Gradient   |Var   Value    Gradient   |Var   Value    Gradient
  1 -0.64256  1.69281e+02 |  2 -0.46572  2.28968e+02 |  3  0.22144 -1.14229e+03
  4  0.23514  6.11240e+02 |  5  0.15000  2.30423e+01 |  6  0.09551  1.25489e+01
  7  0.05872  1.10556e+01 |  8  0.02929 -1.68952e+01 |  9  0.00996  2.96030e+01
 10 -0.01534 -2.52655e+01 | 11 -0.03154 -3.42651e+01 | 12 -0.03648 -1.28762e+01
 13 -0.03671  8.84832e-01 | 14 -0.03642  4.36010e+00 | 15 -0.03669  3.36920e+00
 16 -0.03723  1.84435e+00 | 17 -0.03762  1.04179e+00 | 18  0.11328  2.28581e+03
 19 -0.03849 -7.68781e+02 | 20 -0.02404 -1.21555e+03 | 21 -0.02234 -1.51186e+03
 22 -0.02138 -1.61078e+02 | 23 -0.01789 -3.19159e+02 | 24 -0.01500 -8.65064e+02
 25 -0.01107  5.24854e+02 | 26 -0.01034 -5.73647e+02 | 27 -0.00569  2.18625e+02
 28 -0.00221  3.92631e+02 | 29 -0.00069  2.98488e+02 | 30  0.00017  1.98822e+02
 31  0.00008  7.46732e+01 | 32 -0.00007  7.00908e+02 | 33 -0.00166 -1.00670e+03
 34  0.00186  2.66106e+02 | 35  0.00516 -1.41782e+02 | 36  0.00701  7.67732e+00
 37  0.00900  3.73595e+02 | 38  0.01063  5.79852e+02 | 39  0.01482  7.77655e+02
 40  0.01622  4.52975e+02 | 41  0.01437  5.45749e+02 | 42  0.02065  8.08599e+02
 43  0.01722  3.45697e+02 | 44  0.01604 -8.33208e+02 | 45  0.01722  1.35904e+03
 46  0.02050 -4.71823e+02 | 47  0.13599 -1.49520e+04 | 48 -0.07290  6.44069e+02
 49 -0.05527  1.68768e+03 | 50 -0.05015  1.15741e+03 | 51 -0.04335  7.96696e+02
 52 -0.03379  9.40083e+02 | 53 -0.02964 -3.92790e+02 | 54 -0.02306  1.73899e+01
 55 -0.01662 -2.59071e+02 | 56 -0.00489 -7.55260e+02 | 57  0.00045 -4.42059e+02
 58  0.00795 -3.25218e+02 | 59  0.01968 -5.02330e+02 | 60  0.02029 -1.17446e+03
 61  0.01322 -8.18328e+01 | 62  0.01093 -5.26954e+02 | 63  0.01306 -3.31711e+02
 64  0.01239 -1.04446e+02 | 65  0.01494 -2.91409e+02 | 66  0.01318 -3.72811e+02
 67  0.01872 -6.71938e+02 | 68  0.02028 -3.54367e+02 | 69  0.02193  1.87471e+02
 70  0.02816 -1.45767e+02 | 71  0.02913  1.84492e+02 | 72  0.02774  1.31350e+03
 73  0.02110 -4.91553e+02 | 74  0.02001  5.44634e+02 | 75  0.01766  7.50647e+02
 76 -0.13689  4.84735e+02 | 77 -0.60354 -2.93071e+03 | 78 -0.54764  1.34552e+03
2 0 21791
2 0 21790.8
2 0 21791
2 0 21790.7
2 0 21790.5
2 0 21790.2
2 0 21790.1
2 0 21789.9
2 0 21788.4
2 0 21789.3
2 0 21787.7
2 0 21787.7
2 0 21787.3
2 0 21786.7
78 variables; iteration 70; function evaluation 92; phase 2
Function value   2.1786736e+04; maximum gradient component mag  -1.3902e+04
Var   Value    Gradient   |Var   Value    Gradient   |Var   Value    Gradient
  1 -0.64140  1.39653e+02 |  2 -0.46082  2.45290e+02 |  3  0.22319 -1.05298e+03
  4  0.23709  7.15431e+02 |  5  0.15137  4.62638e+01 |  6  0.09378  9.35238e+00
  7  0.05484 -4.04399e+00 |  8  0.02733 -1.20409e+01 |  9  0.00850  2.56073e+01
 10 -0.01497  4.18993e+01 | 11 -0.04940 -9.16021e+01 | 12 -0.05552  3.18001e+01
 13 -0.07069  5.84521e-01 | 14 -0.08567 -4.49018e+01 | 15 -0.08667 -2.39702e+01
 16 -0.08008  5.03350e+00 | 17 -0.07473  1.86894e+01 | 18  0.11166  2.20544e+03
 19 -0.03770 -8.85441e+02 | 20 -0.02366 -1.13602e+03 | 21 -0.02209 -1.44153e+03
 22 -0.02108 -1.10980e+02 | 23 -0.01736 -2.02853e+02 | 24 -0.01448 -7.42540e+02
 25 -0.01101  4.69320e+02 | 26 -0.01065 -6.19932e+02 | 27 -0.00595  1.30392e+02
 28 -0.00185  4.59499e+02 | 29 -0.00047  3.48843e+02 | 30 -0.00025  1.12472e+02
 31 -0.00034  8.61989e+00 | 32 -0.00028  6.32965e+02 | 33 -0.00153 -9.66617e+02
 34  0.00198  2.55218e+02 | 35  0.00524 -1.27611e+02 | 36  0.00712  2.96054e+01
 37  0.00889  3.69767e+02 | 38  0.00983  4.36482e+02 | 39  0.01516  8.34812e+02
 40  0.01652  5.38999e+02 | 41  0.01377  4.44970e+02 | 42  0.02035  7.59141e+02
 43  0.01741  4.33143e+02 | 44  0.01591 -8.03208e+02 | 45  0.01678  1.24956e+03
 46  0.01980 -4.17793e+02 | 47  0.13658 -1.39020e+04 | 48 -0.07305  6.15664e+02
 49 -0.05548  1.65238e+03 | 50 -0.05044  1.08816e+03 | 51 -0.04346  7.50736e+02
 52 -0.03376  9.14151e+02 | 53 -0.02942 -3.03994e+02 | 54 -0.02344 -4.24128e+01
 55 -0.01724 -3.28066e+02 | 56 -0.00492 -6.73534e+02 | 57  0.00069 -3.30107e+02
 58  0.00773 -3.06073e+02 | 59  0.01933 -4.90956e+02 | 60  0.01996 -1.14211e+03
 61  0.01299 -1.01618e+02 | 62  0.01082 -5.00518e+02 | 63  0.01288 -3.21052e+02
 64  0.01219 -1.12863e+02 | 65  0.01515 -1.82189e+02 | 66  0.01210 -5.36735e+02
 67  0.01855 -6.15025e+02 | 68  0.02063 -2.28463e+02 | 69  0.02149  1.38857e+02
 70  0.02759 -1.91041e+02 | 71  0.02905  2.02777e+02 | 72  0.02750  1.23573e+03
 73  0.02049 -5.70648e+02 | 74  0.02059  5.87000e+02 | 75  0.02255  7.22467e+02
 76 -0.13212  4.49590e+02 | 77 -0.60464 -3.02812e+03 | 78 -0.54928  1.36781e+03
2 0 21786.3
2 0 21785.6
2 0 21784.4
2 0 21790.4
2 0 21784.2
2 0 21783.8
2 0 21783.2
2 0 21782
2 0 21771
2 0 21751.9
2 0 24111.5
2 0 21751.7
2 0 21751.4
2 0 21748.2
2 0 21724.1
78 variables; iteration 80; function evaluation 107; phase 2
Function value   2.1724127e+04; maximum gradient component mag  -1.1375e+04
Var   Value    Gradient   |Var   Value    Gradient   |Var   Value    Gradient
  1 -0.64289  6.84258e+01 |  2 -0.48165  1.94753e+02 |  3  0.23390 -5.75220e+02
  4  0.23623  4.85421e+02 |  5  0.15218  4.33094e+01 |  6  0.09601  1.63038e+01
  7  0.05897  9.81583e+00 |  8  0.03145 -2.08234e+00 |  9  0.01114 -4.47700e-01
 10 -0.00501  7.42569e+00 | 11 -0.02065 -1.82461e+01 | 12 -0.02893  1.51533e+01
 13 -0.04022 -5.24322e+00 | 14 -0.04874 -1.15568e+01 | 15 -0.05281 -1.07380e+01
 16 -0.05274  8.21897e+00 | 17 -0.05428 -2.25389e+00 | 18  0.09631  1.52237e+03
 19 -0.03025 -6.76503e+02 | 20 -0.01915 -2.24937e+02 | 21 -0.01803 -1.71013e+02
 22 -0.01914 -1.18537e+02 | 23 -0.01558 -2.02848e+02 | 24 -0.01214 -2.02464e+02
 25 -0.00955  1.53983e+02 | 26 -0.00861 -1.69221e+02 | 27 -0.00545 -1.21152e+01
 28 -0.00320  1.36437e+02 | 29 -0.00244 -4.07236e+01 | 30 -0.00135 -1.60913e+02
 31 -0.00030  9.28730e+01 | 32  0.00019  2.58870e+02 | 33  0.00123 -3.70460e+01
 34  0.00307  1.08507e+02 | 35  0.00559  1.24494e+01 | 36  0.00697  8.74681e+01
 37  0.00752  1.54750e+02 | 38  0.00807  7.31713e+01 | 39  0.01167  2.33829e+02
 40  0.01285  1.46781e+02 | 41  0.01022  7.05224e+01 | 42  0.01665  2.42175e+02
 43  0.01439  2.29952e+02 | 44  0.01536  5.22169e+01 | 45  0.01387  2.85553e+02
 46  0.01756 -3.04385e+02 | 47  0.13771 -1.13753e+04 | 48 -0.07247  3.93779e+02
 49 -0.05546  6.23434e+02 | 50 -0.05048  3.92856e+02 | 51 -0.04352  2.91282e+02
 52 -0.03400  3.16930e+02 | 53 -0.02844 -9.35773e+01 | 54 -0.02254  3.94452e+00
 55 -0.01597 -1.38091e+01 | 56 -0.00393 -1.59052e+02 | 57  0.00031 -7.80829e+01
 58  0.00743 -4.70496e+01 | 59  0.01968 -7.91940e+01 | 60  0.02086 -3.87562e+02
 61  0.01400 -1.44301e+02 | 62  0.01209 -2.00464e+02 | 63  0.01326 -2.32305e+02
 64  0.01263 -1.26148e+02 | 65  0.01503 -1.40808e+02 | 66  0.01264 -1.93884e+02
 67  0.01837 -2.47009e+02 | 68  0.01994 -1.24270e+02 | 69  0.02032 -2.52406e+01
 70  0.02700 -1.07919e+02 | 71  0.02742 -1.54000e+02 | 72  0.02617  8.45529e+01
 73  0.02088 -3.64430e+02 | 74  0.01866  3.43918e+02 | 75  0.01999  5.65905e+02
 76 -0.11187  4.71236e+02 | 77 -0.61592 -3.99231e+03 | 78 -0.56399  1.55199e+03
2 0 21707
2 0 21699.4
2 0 21690.5
2 0 21687.2
2 0 21685
2 0 21683.3
2 0 21681.5
2 0 21680.1
2 0 21678.6
2 0 21678.4
2 0 21677.7
78 variables; iteration 90; function evaluation 118; phase 2
Function value   2.1677680e+04; maximum gradient component mag  -2.8062e+03
Var   Value    Gradient   |Var   Value    Gradient   |Var   Value    Gradient
  1 -0.62099 -2.26445e+02 |  2 -0.48709  9.42410e+01 |  3  0.25967 -1.68638e+02
  4  0.23868 -1.26260e+02 |  5  0.15589 -2.53314e+01 |  6  0.09766 -9.87824e+00
  7  0.06021 -5.49782e+00 |  8  0.03428 -4.23912e+00 |  9  0.01511 -3.90552e+00
 10  0.00063 -3.08803e+00 | 11 -0.01041 -2.18581e-01 | 12 -0.01943 -1.72707e+00
 13 -0.02634 -2.12357e+00 | 14 -0.03125 -1.01850e+00 | 15 -0.03463 -4.19723e-01
 16 -0.03676  4.27796e-01 | 17 -0.03793 -3.87553e-01 | 18  0.07945  2.11308e+02
 19 -0.03071  2.25070e+02 | 20 -0.01950 -9.31498e+01 | 21 -0.01908 -9.02977e+01
 22 -0.02024 -6.52196e+01 | 23 -0.01602 -5.24480e+01 | 24 -0.01232 -2.15566e+01
 25 -0.00989  1.38288e+00 | 26 -0.00870 -1.19181e+01 | 27 -0.00591 -1.71071e+01
 28 -0.00401  1.07997e+01 | 29 -0.00269 -6.66723e+00 | 30 -0.00116 -4.00714e+01
 31 -0.00058  1.56916e+01 | 32  0.00006  3.53613e+01 | 33  0.00179  3.68905e+01
 34  0.00374  1.89416e+01 | 35  0.00665  3.25760e+01 | 36  0.00755  2.10216e+01
 37  0.00813  2.40514e+01 | 38  0.00894  5.25539e+00 | 39  0.01221  2.33727e+01
 40  0.01327  1.30922e+01 | 41  0.01063 -5.72743e+00 | 42  0.01726  1.94654e+00
 43  0.01475  1.98565e+01 | 44  0.01625 -1.03633e+01 | 45  0.01462 -6.35173e+00
 46  0.01495 -6.55791e+01 | 47  0.14978 -2.80623e+03 | 48 -0.06933 -2.49165e+01
 49 -0.05324  2.22365e+01 | 50 -0.04803  4.03529e+01 | 51 -0.04137  3.97689e+01
 52 -0.03262  1.29653e+01 | 53 -0.02668 -1.94563e+01 | 54 -0.02119 -1.56049e+01
 55 -0.01500 -5.40900e+00 | 56 -0.00366 -5.07245e+01 | 57  0.00041 -4.49560e+01
 58  0.00778  1.76068e+00 | 59  0.01948 -2.42423e+01 | 60  0.02103 -4.83056e+01
 61  0.01410 -1.94140e+01 | 62  0.01185 -5.74575e+00 | 63  0.01297 -7.87459e+00
 64  0.01180 -1.30017e+01 | 65  0.01388 -3.23541e+01 | 66  0.01185 -4.25516e+00
 67  0.01697 -2.97950e+01 | 68  0.01823 -2.45788e+01 | 69  0.01856 -2.15685e+01
 70  0.02488 -1.64528e+01 | 71  0.02534 -2.59666e+01 | 72  0.02359  1.50838e+01
 73  0.02009  1.17591e+01 | 74  0.01884  1.03475e+02 | 75  0.01918  1.37632e+02
 76  0.02225  4.39737e+02 | 77 -0.63543 -1.03700e+03 | 78 -0.63297  3.05364e+02
2 0 21677
2 0 21676.3
2 0 21676.1
2 0 21676
2 0 21676
2 0 21676
2 0 21676
2 0 21676
2 0 21676
2 0 21676
78 variables; iteration 100; function evaluation 128; phase 2
Function value   2.1675957e+04; maximum gradient component mag   6.6366e+01
Var   Value    Gradient   |Var   Value    Gradient   |Var   Value    Gradient
  1 -0.61089 -1.39368e+00 |  2 -0.47862  2.62074e+00 |  3  0.26416 -2.81938e+01
  4  0.24035 -3.38174e+01 |  5  0.15687 -6.95632e+00 |  6  0.09898 -2.50697e+00
  7  0.06196 -1.30775e+00 |  8  0.03650 -7.32633e-01 |  9  0.01763 -5.27930e-01
 10  0.00306 -4.77426e-01 | 11 -0.00836 -1.80377e-01 | 12 -0.01740 -3.32225e-01
 13 -0.02444 -1.79413e-01 | 14 -0.02979 -1.38791e-01 | 15 -0.03366 -1.15468e-01
 16 -0.03616  2.89370e-02 | 17 -0.03740 -1.75287e-02 | 18  0.07655 -5.47835e+00
 19 -0.03399  6.30673e+01 | 20 -0.02000 -3.11175e+01 | 21 -0.01927 -1.92910e+01
 22 -0.02028 -2.03812e+00 | 23 -0.01594 -2.69869e+00 | 24 -0.01224  2.36358e+00
 25 -0.00984  3.74359e+00 | 26 -0.00869  1.87028e+00 | 27 -0.00594  9.52162e-01
 28 -0.00411 -5.79506e-01 | 29 -0.00270  1.09971e+00 | 30 -0.00111 -1.14309e+00
 31 -0.00063 -1.68708e-01 | 32  0.00004  1.74776e+00 | 33  0.00184  4.68734e+00
 34  0.00386  4.66584e+00 | 35  0.00682  2.53016e-01 | 36  0.00774  7.66345e-01
 37  0.00837 -5.87246e-01 | 38  0.00923 -2.22704e+00 | 39  0.01253 -5.07781e+00
 40  0.01359 -6.21131e+00 | 41  0.01099 -4.58565e+00 | 42  0.01770 -8.60953e+00
 43  0.01510 -5.00401e+00 | 44  0.01674 -1.03011e+00 | 45  0.01516  9.63299e+00
 46  0.01500 -4.69850e+00 | 47  0.15316  6.63655e+01 | 48 -0.06862 -2.27193e+01
 49 -0.05261 -7.25856e-01 | 50 -0.04734  1.09008e+01 | 51 -0.04075  1.25542e+01
 52 -0.03211  8.74676e+00 | 53 -0.02618  5.58709e+00 | 54 -0.02079  3.66355e+00
 55 -0.01471  3.37610e+00 | 56 -0.00347  1.24624e+00 | 57  0.00056 -3.29103e+00
 58  0.00787 -2.21711e-02 | 59  0.01951  3.16845e-01 | 60  0.02105  1.38075e+00
 61  0.01408  8.48257e-01 | 62  0.01174  2.11585e-02 | 63  0.01276  1.41782e+00
 64  0.01157  1.01364e+00 | 65  0.01362 -2.17448e-01 | 66  0.01156 -8.88562e-01
 67  0.01660 -1.08125e+00 | 68  0.01782  2.94134e-01 | 69  0.01818 -1.42221e+00
 70  0.02438 -1.82445e-01 | 71  0.02486  1.78435e+00 | 72  0.02300 -2.41615e+00
 73  0.01970 -1.18119e+01 | 74  0.01873 -1.13787e+01 | 75  0.01874 -3.41755e+00
 76  0.04458 -1.05213e+00 | 77 -0.63702  3.83576e+01 | 78 -0.64070 -2.30424e+01
2 0 21675.9
2 0 21677.9
2 0 21675.9
2 0 21675.8
2 0 21675.6
2 0 21686.1
2 0 21675.4
2 0 21674.9
2 0 21674.9
2 0 21674.6
2 0 21674.4
2 0 21674.4
2 0 21674.2
2 0 21674.1
2 0 21673.9
78 variables; iteration 110; function evaluation 143; phase 2
Function value   2.1673904e+04; maximum gradient component mag  -5.7486e+02
Var   Value    Gradient   |Var   Value    Gradient   |Var   Value    Gradient
  1 -0.59678 -1.42813e+01 |  2 -0.46066  1.17592e+01 |  3  0.27132  2.02626e+01
  4  0.24268  2.96203e+01 |  5  0.15899  3.67066e+00 |  6  0.10104  1.04698e+00
  7  0.06393  7.23277e-01 |  8  0.03836  4.06076e-01 |  9  0.01940  3.49568e-01
 10  0.00476  3.23727e-01 | 11 -0.00676 -1.38838e-01 | 12 -0.01574  7.55153e-01
 13 -0.02289  4.71741e-01 | 14 -0.02843  2.13005e-02 | 15 -0.03240 -1.14104e-01
 16 -0.03491  2.59652e-01 | 17 -0.03612  4.00035e-01 | 18  0.07911  5.02679e+01
 19 -0.03914 -7.52219e+01 | 20 -0.02088 -1.44300e-01 | 21 -0.01975 -2.06580e+01
 22 -0.02055 -3.06277e+01 | 23 -0.01609 -3.54059e+01 | 24 -0.01229 -2.24071e+01
 25 -0.00973 -5.08279e+00 | 26 -0.00860 -3.46826e+00 | 27 -0.00589  1.87992e+00
 28 -0.00409  1.52963e+01 | 29 -0.00260  1.01033e+01 | 30 -0.00100  4.37529e+00
 31 -0.00055  1.75278e+01 | 32  0.00026  1.83792e+01 | 33  0.00214  3.80017e-01
 34  0.00424  1.02380e+01 | 35  0.00726  1.41376e+01 | 36  0.00824  1.22937e+01
 37  0.00885  1.47928e+01 | 38  0.00978  2.71642e+00 | 39  0.01308  1.69494e+01
 40  0.01409  1.51188e+01 | 41  0.01151 -2.83874e+00 | 42  0.01833  2.10646e+01
 43  0.01570  1.53975e+01 | 44  0.01736  1.54564e+01 | 45  0.01566  9.02951e+00
 46  0.01462 -1.98437e+01 | 47  0.15830 -5.74862e+02 | 48 -0.06730  4.53686e+01
 49 -0.05136  4.02095e+01 | 50 -0.04623  4.04929e+01 | 51 -0.03985  3.82291e+01
 52 -0.03139  2.70520e+01 | 53 -0.02557  9.86851e+00 | 54 -0.02027  4.81165e+00
 55 -0.01435 -1.87234e+00 | 56 -0.00323 -2.02127e+01 | 57  0.00068 -1.68247e+01
 58  0.00797 -1.20573e+01 | 59  0.01954 -2.58780e+01 | 60  0.02097 -3.27246e+01
 61  0.01388 -1.29862e+01 | 62  0.01149 -1.57022e+01 | 63  0.01238 -1.64232e+01
 64  0.01118 -1.59244e+01 | 65  0.01317 -1.59633e+01 | 66  0.01104 -4.94104e+00
 67  0.01597 -1.21723e+01 | 68  0.01718 -1.25202e+01 | 69  0.01753  2.78844e+00
 70  0.02355 -9.66619e+00 | 71  0.02408 -1.31619e+01 | 72  0.02217 -1.37404e+01
 73  0.01915 -1.30431e+01 | 74  0.01871  2.78812e+01 | 75  0.01869  2.80682e+01
 76  0.07377  1.04045e+02 | 77 -0.60703 -3.68223e+02 | 78 -0.55859  1.39743e+02
2 0 21673.8
2 0 21673.8
2 0 21673.7
2 0 21673.7
2 0 21673.7
2 0 21673.7
2 0 21673.7
2 0 21673.7
2 0 21673.7
2 0 21673.7
78 variables; iteration 120; function evaluation 153; phase 2
Function value   2.1673744e+04; maximum gradient component mag  -3.9708e-01
Var   Value    Gradient   |Var   Value    Gradient   |Var   Value    Gradient
  1 -0.59428  7.59021e-02 |  2 -0.45764 -2.11355e-02 |  3  0.27297 -9.29731e-03
  4  0.24447  2.56010e-02 |  5  0.16080  4.65782e-03 |  6  0.10261 -2.53113e-04
  7  0.06523  4.57760e-04 |  8  0.03942  3.99473e-04 |  9  0.02024  3.87661e-05
 10  0.00540 -1.94672e-04 | 11 -0.00629  8.75299e-04 | 12 -0.01554 -1.66600e-04
 13 -0.02279  2.98667e-04 | 14 -0.02833  9.16736e-04 | 15 -0.03235  1.03778e-03
 16 -0.03497  6.76919e-04 | 17 -0.03627  7.08430e-04 | 18  0.07990 -8.15590e-02
 19 -0.03678  1.22917e-04 | 20 -0.02075  8.91495e-02 | 21 -0.01964  8.14392e-02
 22 -0.02046 -3.18429e-03 | 23 -0.01601 -2.69926e-04 | 24 -0.01223  5.44004e-02
 25 -0.00975  8.06211e-04 | 26 -0.00869  2.76794e-02 | 27 -0.00604  6.20087e-03
 28 -0.00431 -4.40265e-03 | 29 -0.00284  1.40692e-02 | 30 -0.00123  5.23093e-02
 31 -0.00078  6.58939e-02 | 32  0.00008  3.87755e-02 | 33  0.00202  9.15973e-02
 34  0.00412  5.98517e-02 | 35  0.00714  3.12617e-02 | 36  0.00812 -9.12730e-03
 37  0.00873 -7.35650e-03 | 38  0.00968 -5.27554e-02 | 39  0.01297 -7.73695e-02
 40  0.01398 -7.54951e-02 | 41  0.01142 -4.50808e-02 | 42  0.01824 -8.12257e-02
 43  0.01561 -6.63728e-02 | 44  0.01729 -7.27672e-02 | 45  0.01560 -1.97067e-01
 46  0.01447  7.82007e-02 | 47  0.15917 -3.97079e-01 | 48 -0.06715  1.57753e-03
 49 -0.05123  5.96952e-02 | 50 -0.04613  1.50541e-01 | 51 -0.03975  1.56138e-01
 52 -0.03128  1.15480e-01 | 53 -0.02545  5.94693e-02 | 54 -0.02016 -4.02896e-02
 55 -0.01424 -8.86444e-02 | 56 -0.00313 -1.23256e-01 | 57  0.00074 -1.30703e-01
 58  0.00801 -1.64152e-01 | 59  0.01957 -1.69281e-01 | 60  0.02097 -1.25772e-01
 61  0.01386 -1.14450e-01 | 62  0.01147 -1.10787e-01 | 63  0.01233 -9.57713e-02
 64  0.01113 -7.12971e-02 | 65  0.01310 -4.96301e-02 | 66  0.01097  2.33555e-03
 67  0.01588  4.76843e-02 | 68  0.01707  6.30990e-02 | 69  0.01742  3.76912e-02
 70  0.02342  5.84079e-02 | 71  0.02395  6.69279e-02 | 72  0.02202  8.30901e-02
 73  0.01905  2.09371e-01 | 74  0.01867  1.02175e-01 | 75  0.01867  1.74800e-02
 76  0.07802  3.65907e-02 | 77 -0.60465  8.25876e-04 | 78 -0.55395  4.27773e-02
2 0 21673.7
2 0 21673.7
2 0 21673.7
2 0 21673.7
2 0 21673.7
2 0 21673.7

 - final statistics:
78 variables; iteration 126; function evaluation 159
Function value   2.1674e+04; maximum gradient component mag  -9.8622e-04
Exit code = 1;  converg criter   1.0000e-03
Var   Value    Gradient   |Var   Value    Gradient   |Var   Value    Gradient
  1 -0.59428  1.92548e-04 |  2 -0.45764 -5.05505e-05 |  3  0.27297 -1.27187e-04
  4  0.24447 -4.40929e-05 |  5  0.16079 -1.10606e-05 |  6  0.10261 -4.25403e-06
  7  0.06523 -1.69541e-06 |  8  0.03942 -1.21816e-06 |  9  0.02024 -1.35052e-06
 10  0.00540 -9.07280e-07 | 11 -0.00629  6.82190e-07 | 12 -0.01554  5.45408e-07
 13 -0.02280  1.12404e-07 | 14 -0.02834  1.83209e-07 | 15 -0.03236  7.62521e-07
 16 -0.03498  1.41854e-06 | 17 -0.03627  1.29851e-06 | 18  0.07990 -8.77840e-05
 19 -0.03678  1.54749e-04 | 20 -0.02075 -7.11205e-05 | 21 -0.01964 -5.03614e-05
 22 -0.02046 -1.26678e-04 | 23 -0.01601 -8.82958e-05 | 24 -0.01223 -7.20980e-05
 25 -0.00975 -1.58621e-04 | 26 -0.00869 -2.73292e-05 | 27 -0.00604  1.44107e-04
 28 -0.00431  8.78610e-05 | 29 -0.00284 -3.24702e-05 | 30 -0.00123 -4.88687e-05
 31 -0.00078 -6.85851e-05 | 32  0.00008 -7.48643e-05 | 33  0.00202  3.10663e-05
 34  0.00412  1.14288e-05 | 35  0.00714 -4.78854e-05 | 36  0.00812 -2.86195e-05
 37  0.00873  6.59414e-05 | 38  0.00968  5.45826e-05 | 39  0.01297  4.34928e-05
 40  0.01398  7.95300e-05 | 41  0.01142  6.20955e-05 | 42  0.01825  8.52049e-05
 43  0.01561  1.37422e-05 | 44  0.01729  6.06710e-05 | 45  0.01560 -3.18854e-05
 46  0.01447  3.69822e-05 | 47  0.15917 -9.86220e-04 | 48 -0.06715  1.09640e-06
 49 -0.05123  1.63551e-04 | 50 -0.04613  1.39237e-04 | 51 -0.03975  5.60817e-05
 52 -0.03128  9.83175e-05 | 53 -0.02545  2.51788e-04 | 54 -0.02016  3.39798e-04
 55 -0.01424  2.35243e-04 | 56 -0.00313 -1.23787e-05 | 57  0.00075 -2.10533e-04
 58  0.00801 -3.03706e-04 | 59  0.01957 -2.21166e-04 | 60  0.02097 -7.42253e-05
 61  0.01386 -6.59682e-05 | 62  0.01147 -8.15638e-05 | 63  0.01233 -4.42534e-05
 64  0.01113 -4.70397e-05 | 65  0.01310 -6.57298e-05 | 66  0.01097 -4.62315e-05
 67  0.01588 -2.70411e-05 | 68  0.01707 -6.53884e-05 | 69  0.01742 -7.52250e-05
 70  0.02342 -7.89101e-05 | 71  0.02395 -2.09645e-05 | 72  0.02202 -1.43496e-05
 73  0.01905  7.33036e-05 | 74  0.01867  5.64533e-05 | 75  0.01867  4.92677e-05
 76  0.07802  1.41634e-04 | 77 -0.60465 -4.31353e-04 | 78 -0.55396  1.99523e-04
2 0 21673.7
B039998
0.3 0.657273
0.563377 0.527943
0.849802 0.450121
1.0929 0.408131
1.27441 0.384923
1.40158 0.371493
1.48765 0.363436
1.54475 0.358482
1.58219 0.355388
1.60654 0.353436
1.62232 0.352197
1.6325 0.351407
1.63906 0.350902
1.64328 0.350578
1.646 0.350371
1.64774 0.350238
1.64886 0.350153
1.64958 0.350098
1.65005 0.350063
1.65034 0.35004
1.65053 0.35004
Survey Bio30.7327
Survey len10770.9
CPUE50.1898
Catch3.8219
Catch len10792.1
initsmo_penal21.9576
F_pen1.22556
Rec_pen2.82514
M_pen0


Starting time: Sun Jun 17 22:37:16 2018
Finishing time: Sun Jun 17 22:37:44 2018
This run took: 0 hours, 0 minutes, 28 seconds.

