survYears 69 70 71 72 73 74 75 76 77 78 79 80 81 82 83 84 85 86 87 88 89 90 91 92 93 94 95 96
SurvLenYear 69 70 71 72 73 74 75 76 77 78 79 80 81 82 83 84 85 86 87 88 89 90 91 92 93 94 95 96
catchBiomass 6851.76 6641.99 8346.84 8595.35 10889.5 13766.6 15491.2 19814.2 25614.5 35590.5 48705.5 56162.9 78258.6 103040 117320 95474.2 86047.3 74657.9 78721 77687.8 76703 81683.8 88549.9 102834 93207.2 116650 108109 107642
steep0.999
25
Out
1 0 43145.7

Initial statistics: 74 variables; iteration 0; function evaluation 0; phase 1
Function value   4.3145714e+04; maximum gradient component mag  -5.4196e+05
Var   Value    Gradient   |Var   Value    Gradient   |Var   Value    Gradient
  1  0.24121  2.41564e+02 |  2  0.22692  1.22605e+03 |  3  0.21663  1.95215e+03
  4  0.20123  1.82593e+03 |  5  0.17462  1.07244e+03 |  6  0.17861  1.45173e+03
  7  0.17599  1.55959e+03 |  8  0.14657  7.38567e+02 |  9  0.14267  7.98979e+02
 10  0.13621  7.23171e+02 | 11  0.12628  6.22742e+02 | 12  0.10530  3.42268e+02
 13  0.09372  2.62296e+02 | 14  0.09094  1.07024e+02 | 15  0.14045  1.01869e+03
 16  0.00929 -3.21315e+03 | 17  0.00000 -1.72396e+04 | 18  0.00000  2.62658e+03
 19  0.00000 -3.21355e+03 | 20  0.00000  9.35371e+02 | 21  0.00000  1.43415e+03
 22  0.00000  1.37946e+03 | 23  0.00000  4.51857e+03 | 24  0.00000  5.92881e+03
 25  0.00000  7.40313e+03 | 26  0.00000  7.12840e+03 | 27  0.00000  6.08388e+03
 28  0.00000  8.80734e+03 | 29  0.00000  6.84131e+03 | 30  0.00000  2.71645e+03
 31  0.00000 -2.99610e+03 | 32  0.00000 -1.39832e+03 | 33  0.00000 -1.10517e+03
 34  0.00000  1.56951e+03 | 35  0.00000  3.32108e+02 | 36  0.00000  7.38222e+02
 37  0.00000  2.52515e+03 | 38  0.00000  3.20252e+03 | 39  0.00000  3.12583e+03
 40  0.00000  2.48279e+02 | 41  0.00000  3.59122e+03 | 42  0.00000 -3.89068e+03
 43  0.00000 -1.08069e+04 | 44  0.00000 -3.04860e+04 | 45  0.09349 -5.41958e+05
 46  0.00000  4.89403e+04 | 47  0.00000  4.37603e+04 | 48  0.00000  3.88026e+04
 49  0.00000  3.19795e+04 | 50  0.00000  2.66581e+04 | 51  0.00000  2.00789e+04
 52  0.00000  1.11117e+04 | 53  0.00000  2.43006e+03 | 54  0.00000 -4.42256e+03
 55  0.00000 -9.79411e+03 | 56  0.00000 -1.70925e+04 | 57  0.00000 -2.26164e+04
 58  0.00000 -2.13502e+04 | 59  0.00000 -1.63391e+04 | 60  0.00000 -1.39439e+04
 61  0.00000 -1.35408e+04 | 62  0.00000 -1.31394e+04 | 63  0.00000 -1.29843e+04
 64  0.00000 -1.38921e+04 | 65  0.00000 -1.62393e+04 | 66  0.00000 -1.84411e+04
 67  0.00000 -1.97069e+04 | 68  0.00000 -2.03089e+04 | 69  0.00000 -2.05289e+04
 70  0.00000 -1.45243e+04 | 71  0.00000  2.03683e+02 | 72  0.00000  1.88116e+04
 73  0.00000  2.60884e+04 | 74 -0.00420  9.74549e+04 |
1 0 43145.7
1 0 43145.5
1 0 43143.5
1 0 43123.5
1 0 42924.5
1 0 41022
1 0 37380.1
1 0 33186
1 0 36701.4
1 0 31596.3
1 0 31319
1 0 30636.7
1 0 30517.8
1 0 30336.8
1 0 30167
1 0 29976.4
1 0 29846.4

Intermediate statistics: 74 variables; iteration 10; function evaluation 17; phase 1
Function value   2.9846399e+04; maximum gradient component mag  -1.3223e+05
Var   Value    Gradient   |Var   Value    Gradient   |Var   Value    Gradient
  1  0.34170  5.92857e-01 |  2  0.27428 -5.13376e+02 |  3  0.22762  7.63062e+01
  4  0.20476  2.20497e+02 |  5  0.18039  7.88298e+01 |  6  0.18117  1.92411e+02
  7  0.17658  2.36858e+02 |  8  0.15114  4.62320e+01 |  9  0.14415  9.30333e+01
 10  0.13729  9.66063e+01 | 11  0.12625  9.28341e+01 | 12  0.10714  2.02227e+01
 13  0.09553 -9.67883e+00 | 14  0.09752 -8.31303e+01 | 15  0.13658  2.16416e+02
 16  0.26778  2.17064e+04 | 17 -0.06106 -2.93226e+03 | 18 -0.07175 -3.63171e+03
 19 -0.03587 -9.66827e+02 | 20 -0.01875  8.43463e+02 | 21 -0.00968  1.48670e+03
 22 -0.02052  3.03406e+02 | 23  0.00493  2.33876e+03 | 24  0.02275  6.28221e+03
 25  0.02545  6.75697e+03 | 26 -0.00168  1.55282e+03 | 27  0.03299  7.39740e+03
 28  0.18564 -2.03488e+03 | 29  0.11421 -3.28977e+03 | 30 -0.03766 -5.71232e+03
 31 -0.06149 -7.96037e+03 | 32 -0.02105 -6.17909e+03 | 33 -0.00134  2.90949e+02
 34  0.00047  2.62340e+03 | 35 -0.00218  5.86519e+02 | 36  0.01969  2.37679e+03
 37  0.02244  4.32471e+03 | 38  0.02333  3.42932e+03 | 39  0.01171  3.45731e+03
 40  0.03893  6.10554e+03 | 41  0.01863 -1.61648e+03 | 42 -0.01811  3.30490e+02
 43 -0.06405 -5.44569e+03 | 44 -0.09438 -1.09772e+04 | 45  0.15479 -1.32234e+05
 46 -0.09852 -2.00308e+03 | 47 -0.03779  2.30379e+03 | 48 -0.07824 -1.07391e+03
 49 -0.02714  9.58040e+02 | 50 -0.02153  1.23208e+03 | 51 -0.07087 -1.37642e+03
 52 -0.02232 -2.98302e+02 | 53 -0.01509 -5.92459e+02 | 54  0.01210  1.04503e+03
 55 -0.01505  1.06754e+03 | 56 -0.00338  1.47726e+03 | 57 -0.00309 -1.29305e+04
 58  0.06990 -1.35537e+04 | 59 -0.07598 -3.23519e+03 | 60 -0.02320 -1.56947e+03
 61  0.03828  4.57445e+03 | 62  0.01504  1.50375e+03 | 63  0.02578 -1.58853e+03
 64 -0.00097 -1.05844e+03 | 65  0.02029  3.17251e+02 | 66  0.02022  1.18228e+02
 67  0.03180  5.77042e+02 | 68  0.01275 -6.42096e+02 | 69  0.02432 -4.85663e+03
 70  0.06763  1.05588e+04 | 71  0.07932  6.17912e+03 | 72  0.08287  7.02460e+03
 73 -0.00713  5.96116e+03 | 74  0.19386  3.94312e+04 |
1 0 29694.1
1 0 29648.6
1 0 29562.6
1 0 29447.1
1 0 29651.4
1 0 29416.2
1 0 29371.5
1 0 29325.2
1 0 29261.2
1 0 29388.1
1 0 29237.6
1 0 29252.4
1 0 29228.6
74 variables; iteration 20; function evaluation 30; phase 1
Function value   2.9228633e+04; maximum gradient component mag  -1.2727e+05
Var   Value    Gradient   |Var   Value    Gradient   |Var   Value    Gradient
  1  0.36699  1.93266e+03 |  2  0.35003  1.06800e+03 |  3  0.25653  6.71951e+01
  4  0.21495  9.76557e+01 |  5  0.19302  8.35904e+01 |  6  0.18637  1.39013e+02
  7  0.17761  1.49854e+02 |  8  0.16036  7.83302e+01 |  9  0.14767  6.19236e+01
 10  0.13905  7.88491e+01 | 11  0.12608  5.65735e+01 | 12  0.11128  2.14865e+01
 13  0.10140 -3.38006e+01 | 14  0.11135  1.88024e+01 | 15  0.12762  1.09839e+02
 16  0.28025  1.00838e+04 | 17 -0.03279 -2.83917e+03 | 18 -0.07845 -2.01562e+03
 19 -0.04580  3.28787e+02 | 20 -0.03855  1.31230e+03 | 21 -0.03215  1.55513e+03
 22 -0.03087 -9.42821e+02 | 23 -0.01598  1.81481e+03 | 24 -0.00082  5.66360e+03
 25  0.01615  6.84862e+03 | 26 -0.01161 -1.82339e+03 | 27 -0.00659  6.14911e+03
 28  0.41057  1.77105e+03 | 29  0.13317 -2.22428e+03 | 30 -0.03826 -6.02116e+03
 31 -0.06238 -5.98395e+03 | 32 -0.03721 -5.21594e+03 | 33 -0.00950  1.03941e+03
 34 -0.02113  2.97906e+03 | 35 -0.01922  6.88372e+02 | 36  0.01316  2.75095e+03
 37  0.01304  5.18198e+03 | 38  0.01950  5.73664e+03 | 39 -0.01369 -5.08800e+03
 40  0.08677 -7.14842e+02 | 41  0.02003  3.22183e+02 | 42 -0.02203  8.31059e+01
 43 -0.06580 -1.52749e+03 | 44 -0.10065 -9.47714e+03 | 45  0.15264 -1.27267e+05
 46 -0.17095 -2.34170e+03 | 47 -0.03812  4.11989e+03 | 48 -0.04422  1.53938e+03
 49 -0.03253 -3.65389e+02 | 50 -0.03431 -7.00680e+02 | 51 -0.03495  7.98937e+02
 52 -0.02035  3.63562e+02 | 53 -0.02297 -1.79313e+03 | 54  0.01210  3.62281e+02
 55  0.01368  2.27847e+03 | 56 -0.03789  1.05218e+03 | 57 -0.00544 -1.60289e+04
 58  0.06662 -1.06683e+04 | 59 -0.02778 -3.27698e+03 | 60 -0.00192 -4.04875e+02
 61  0.03338  4.53953e+03 | 62  0.03296  2.73477e+03 | 63 -0.00367 -3.27427e+03
 64  0.00544 -2.65457e+03 | 65  0.02299  8.05004e+02 | 66  0.01787  2.43199e+01
 67  0.04159  2.21147e+03 | 68 -0.02677  1.83233e+03 | 69  0.02174 -9.88051e+03
 70  0.06684  1.01553e+04 | 71  0.07876  7.07437e+03 | 72  0.07937  6.12257e+03
 73  0.00773  5.83287e+03 | 74  0.17300  3.18571e+04 |
1 0 29225.3
1 0 29220.6
1 0 29226.7
1 0 29219.1
1 0 29217.4
1 0 29215.2
1 0 29212
1 0 29209.3
1 0 29208.4
1 0 29207.4
1 0 29206.2
74 variables; iteration 30; function evaluation 41; phase 1
Function value   2.9206195e+04; maximum gradient component mag  -1.2461e+05
Var   Value    Gradient   |Var   Value    Gradient   |Var   Value    Gradient
  1  0.36551  5.02116e+02 |  2  0.35551  5.48935e+02 |  3  0.28775  2.98752e+02
  4  0.23638  1.34580e+02 |  5  0.20878  1.00210e+02 |  6  0.19727  1.36116e+02
  7  0.18594  1.35632e+02 |  8  0.16984  9.01123e+01 |  9  0.15478  6.08557e+01
 10  0.14321  6.61735e+01 | 11  0.12924  3.94764e+01 | 12  0.11688  1.52555e+01
 13  0.11060 -2.19604e+01 | 14  0.12069  5.65419e+01 | 15  0.12557  6.08653e+01
 16  0.28318  9.97745e+03 | 17 -0.03031 -1.06100e+02 | 18 -0.07957 -3.17954e+03
 19 -0.04643 -1.57071e+02 | 20 -0.03983  1.06377e+03 | 21 -0.03166  1.45988e+03
 22 -0.03107 -1.01960e+03 | 23 -0.01989  1.58194e+03 | 24  0.00754  5.72302e+03
 25  0.00381  6.53838e+03 | 26 -0.01538 -1.75763e+03 | 27 -0.00763  5.70964e+03
 28  0.42378  1.86207e+03 | 29  0.13107 -2.30283e+03 | 30 -0.03858 -5.27768e+03
 31 -0.06406 -6.40784e+03 | 32 -0.04007 -5.93970e+03 | 33 -0.01036  1.46131e+03
 34 -0.02047  3.19611e+03 | 35 -0.00820  7.17223e+02 | 36  0.00795  2.52200e+03
 37  0.01265  5.17083e+03 | 38  0.01884  6.14820e+03 | 39 -0.01522 -5.59499e+03
 40  0.08709 -6.79218e+02 | 41  0.01892 -3.72825e+02 | 42 -0.02238  2.73582e+02
 43 -0.06346 -1.22820e+03 | 44 -0.09560 -9.23543e+03 | 45  0.15292 -1.24605e+05
 46 -0.17533 -2.42342e+03 | 47 -0.03747  3.57510e+03 | 48 -0.04565  1.09935e+03
 49 -0.03405 -3.95267e+02 | 50 -0.03062 -5.89814e+01 | 51 -0.03281  1.29502e+03
 52 -0.02956  9.12694e+02 | 53 -0.00670 -9.19664e+02 | 54  0.00682 -4.53443e+02
 55  0.01236  7.80346e+02 | 56 -0.03885  6.30342e+02 | 57 -0.00501 -1.56028e+04
 58  0.06679 -1.10216e+04 | 59 -0.02646 -3.41995e+03 | 60 -0.00330 -4.52203e+02
 61  0.03475  5.21662e+03 | 62  0.02959  2.05333e+03 | 63 -0.01398 -2.53351e+03
 64  0.02024 -1.12225e+03 | 65  0.01917  1.52343e+03 | 66  0.01969  3.69660e+02
 67  0.04138  2.04863e+03 | 68 -0.02753  1.68936e+03 | 69  0.02031 -1.12741e+04
 70  0.06713  1.09094e+04 | 71  0.07358  6.36335e+03 | 72  0.07393  5.73218e+03
 73  0.02032  5.80135e+03 | 74  0.17369  3.25815e+04 |
1 0 29204.8
1 0 29202.5
1 0 29202.9
1 0 29201.5
1 0 29200.2
1 0 29201.7
1 0 29199.8
1 0 29199.1
1 0 29198.2
1 0 29197.3
1 0 29196.9
1 0 29196.4
74 variables; iteration 40; function evaluation 53; phase 1
Function value   2.9196485e+04; maximum gradient component mag  -1.2485e+05
Var   Value    Gradient   |Var   Value    Gradient   |Var   Value    Gradient
  1  0.36620  1.30687e+02 |  2  0.36592  5.66355e+02 |  3  0.29577  2.55311e+02
  4  0.25807  2.41799e+02 |  5  0.23091  1.68358e+02 |  6  0.21553  1.68159e+02
  7  0.20178  1.57982e+02 |  8  0.18407  1.06437e+02 |  9  0.16729  7.25567e+01
 10  0.15328  6.41917e+01 | 11  0.13884  3.27857e+01 | 12  0.12900  2.09256e+01
 13  0.12487  3.57183e+00 | 14  0.13107  6.21447e+01 | 15  0.13129  4.47646e+01
 16  0.28349  1.01327e+04 | 17 -0.02759  5.80216e+02 | 18 -0.08021 -3.39507e+03
 19 -0.04694 -4.13454e+02 | 20 -0.03936  1.16277e+03 | 21 -0.03122  1.60706e+03
 22 -0.03059 -7.56178e+02 | 23 -0.02065  1.30104e+03 | 24  0.00543  5.91568e+03
 25  0.00637  6.44566e+03 | 26 -0.01492 -2.03469e+03 | 27 -0.00762  5.88830e+03
 28  0.41937  1.85221e+03 | 29  0.13332 -2.20448e+03 | 30 -0.03882 -5.53884e+03
 31 -0.06360 -5.83870e+03 | 32 -0.04052 -6.04623e+03 | 33 -0.00970  1.91419e+03
 34 -0.02060  3.16166e+03 | 35 -0.00927  6.33564e+02 | 36  0.00794  2.39041e+03
 37  0.01200  5.09076e+03 | 38  0.01830  6.04988e+03 | 39 -0.01507 -5.49654e+03
 40  0.08740 -6.44345e+02 | 41  0.01899 -1.67062e+02 | 42 -0.02228 -2.03313e+01
 43 -0.06254 -9.85094e+02 | 44 -0.09487 -8.76367e+03 | 45  0.15315 -1.24852e+05
 46 -0.17710 -2.37851e+03 | 47 -0.03857  3.42978e+03 | 48 -0.04547  1.25013e+03
 49 -0.03475 -3.29414e+02 | 50 -0.03050 -1.28016e+02 | 51 -0.03307  1.26234e+03
 52 -0.02845  8.07992e+02 | 53 -0.01084 -1.73821e+03 | 54  0.00781 -8.04251e+02
 55  0.01172  6.91139e+02 | 56 -0.03890  6.05024e+02 | 57 -0.00472 -1.51559e+04
 58  0.06677 -1.03281e+04 | 59 -0.02613 -3.36735e+03 | 60 -0.00431 -4.12711e+02
 61  0.03466  5.30374e+03 | 62  0.02898  1.66049e+03 | 63 -0.01303 -2.61649e+03
 64  0.01901 -1.36324e+03 | 65  0.01957  1.54895e+03 | 66  0.01928  3.65351e+02
 67  0.04098  2.07377e+03 | 68 -0.02688  1.79095e+03 | 69  0.02045 -1.09469e+04
 70  0.06649  1.08861e+04 | 71  0.07296  6.70826e+03 | 72  0.07495  5.94043e+03
 73  0.02823  5.86281e+03 | 74  0.17289  3.25470e+04 |
1 0 29195.2
1 0 29194.7
1 0 29194
1 0 29193.1
1 0 29192.5
1 0 29191.5
1 0 29190.7
1 0 29190.2
1 0 29189.6
1 0 29189.1
74 variables; iteration 50; function evaluation 63; phase 1
Function value   2.9189313e+04; maximum gradient component mag  -1.2412e+05
Var   Value    Gradient   |Var   Value    Gradient   |Var   Value    Gradient
  1  0.36407  1.74401e+02 |  2  0.35980  4.48618e+02 |  3  0.29605  2.85907e+02
  4  0.24923  1.24605e+02 |  5  0.23534  1.88787e+02 |  6  0.23024  2.45240e+02
  7  0.21925  2.20978e+02 |  8  0.20271  1.54197e+02 |  9  0.18724  1.06598e+02
 10  0.17636  1.03407e+02 | 11  0.16449  7.73672e+01 | 12  0.15364  6.02344e+01
 13  0.14441  7.86840e+00 | 14  0.14991  6.57740e+01 | 15  0.15453  8.55576e+01
 16  0.28360  1.01517e+04 | 17 -0.02873  2.14465e+02 | 18 -0.08012 -3.15096e+03
 19 -0.04665 -4.50961e+02 | 20 -0.03864  1.60263e+03 | 21 -0.03153  1.55220e+03
 22 -0.03070 -9.49974e+02 | 23 -0.02011  1.39329e+03 | 24  0.00463  5.95974e+03
 25  0.00500  6.06576e+03 | 26 -0.01468 -1.66133e+03 | 27 -0.00770  5.71626e+03
 28  0.42107  1.86765e+03 | 29  0.13503 -2.16806e+03 | 30 -0.03840 -5.34322e+03
 31 -0.06335 -5.75361e+03 | 32 -0.04051 -5.93046e+03 | 33 -0.01021  1.41624e+03
 34 -0.01978  3.82762e+03 | 35 -0.00953  7.00240e+02 | 36  0.00822  2.40426e+03
 37  0.01067  4.39633e+03 | 38  0.01831  6.34416e+03 | 39 -0.01511 -5.51986e+03
 40  0.08750 -6.23423e+02 | 41  0.01919 -4.44175e+01 | 42 -0.02242  1.40181e+02
 43 -0.06328 -1.33450e+03 | 44 -0.09417 -8.40788e+03 | 45  0.15250 -1.24125e+05
 46 -0.17944 -2.34051e+03 | 47 -0.03827  3.60002e+03 | 48 -0.04478  1.21515e+03
 49 -0.03447 -6.44593e+02 | 50 -0.03117 -3.15155e+02 | 51 -0.03192  1.39301e+03
 52 -0.02734  8.57999e+02 | 53 -0.01024 -1.85821e+03 | 54  0.00789 -6.85578e+02
 55  0.01181  4.62357e+02 | 56 -0.03814  5.88035e+02 | 57 -0.00452 -1.54163e+04
 58  0.06713 -9.91466e+03 | 59 -0.02405 -3.34816e+03 | 60 -0.00424 -4.91989e+02
 61  0.03523  5.59449e+03 | 62  0.02974  1.92804e+03 | 63 -0.01267 -2.79517e+03
 64  0.01848 -1.89323e+03 | 65  0.02043  1.32818e+03 | 66  0.02015  9.82852e+02
 67  0.04145  2.21461e+03 | 68 -0.02647  1.77106e+03 | 69  0.02096 -1.08357e+04
 70  0.06724  1.09776e+04 | 71  0.07319  6.79847e+03 | 72  0.07360  5.88410e+03
 73  0.01977  5.79483e+03 | 74  0.17209  3.21210e+04 |
1 0 29188.2
1 0 29186.9
1 0 29187.6
1 0 29186.4
1 0 29185.5
1 0 29184.2
1 0 29182.4
1 0 29179.3
1 0 29176.3
1 0 29172.6
1 0 29166.3
74 variables; iteration 60; function evaluation 74; phase 1
Function value   2.9166451e+04; maximum gradient component mag  -1.2519e+05
Var   Value    Gradient   |Var   Value    Gradient   |Var   Value    Gradient
  1  0.36354  1.91856e+02 |  2  0.35802  3.88977e+02 |  3  0.29236  2.25776e+02
  4  0.25252  1.68036e+02 |  5  0.23432  2.15168e+02 |  6  0.21326  1.32944e+02
  7  0.19995  1.16828e+02 |  8  0.19177  1.07647e+02 |  9  0.18817  1.15898e+02
 10  0.18620  1.33744e+02 | 11  0.18056  1.00778e+02 | 12  0.17894  1.10164e+02
 13  0.17819  1.00700e+02 | 14  0.18178  1.30855e+02 | 15  0.18385  1.40765e+02
 16  0.28261  9.99028e+03 | 17 -0.02831  3.56495e+02 | 18 -0.07949 -3.00313e+03
 19 -0.04642 -4.12959e+02 | 20 -0.03837  1.48710e+03 | 21 -0.02990  1.98108e+03
 22 -0.03035 -1.11609e+03 | 23 -0.02025  1.41327e+03 | 24  0.00413  5.86725e+03
 25  0.00428  5.90771e+03 | 26 -0.01486 -1.58043e+03 | 27 -0.00762  5.63139e+03
 28  0.42149  1.90113e+03 | 29  0.13225 -2.19511e+03 | 30 -0.03798 -5.27248e+03
 31 -0.06311 -5.66142e+03 | 32 -0.04077 -6.08705e+03 | 33 -0.00983  1.53290e+03
 34 -0.01919  3.73912e+03 | 35 -0.00970  7.33767e+02 | 36  0.00836  2.32605e+03
 37  0.00868  4.22506e+03 | 38  0.01996  6.35529e+03 | 39 -0.01403 -5.34156e+03
 40  0.08848 -5.83422e+02 | 41  0.01894 -6.85392e+01 | 42 -0.02293  5.97447e+01
 43 -0.06438 -1.60421e+03 | 44 -0.09515 -8.41269e+03 | 45  0.15259 -1.25187e+05
 46 -0.17835 -2.33038e+03 | 47 -0.03866  3.50407e+03 | 48 -0.04632  1.10293e+03
 49 -0.03533 -7.69462e+02 | 50 -0.03062 -3.38984e+02 | 51 -0.03269  1.36389e+03
 52 -0.02716  8.56188e+02 | 53 -0.01020 -1.78973e+03 | 54  0.00773 -4.96457e+02
 55  0.01103  3.54840e+02 | 56 -0.03776  6.54658e+02 | 57 -0.00419 -1.50306e+04
 58  0.06658 -1.04457e+04 | 59 -0.02800 -3.40126e+03 | 60 -0.00130 -2.11841e+02
 61  0.03339  5.22628e+03 | 62  0.03025  2.15854e+03 | 63 -0.01362 -2.76417e+03
 64  0.01833 -1.80909e+03 | 65  0.02165  1.43294e+03 | 66  0.01726  7.46942e+02
 67  0.04145  2.28798e+03 | 68 -0.02482  2.01182e+03 | 69  0.02122 -1.06086e+04
 70  0.06730  1.07706e+04 | 71  0.07336  6.74393e+03 | 72  0.07433  5.94118e+03
 73  0.02481  5.87769e+03 | 74  0.17063  3.22593e+04 |
1 0 29155
1 0 29139.4
1 0 29114.1
1 0 29067.4
1 0 29002.2
1 0 28878.2
1 0 28433.8
1 0 27669.1
1 0 26700.5
1 0 27013.6
1 0 26294.1
1 0 32128.6
1 0 26624.1
1 0 26248.9
74 variables; iteration 70; function evaluation 88; phase 1
Function value   2.6253621e+04; maximum gradient component mag  -1.5576e+05
Var   Value    Gradient   |Var   Value    Gradient   |Var   Value    Gradient
  1  0.31329 -3.04459e+02 |  2  0.29488  3.55164e+02 |  3  0.17222 -1.49427e+02
  4  0.10083 -2.46508e+02 |  5  0.11049  3.62091e+02 |  6  0.01930 -8.08620e+02
  7  0.17511  1.00511e+03 |  8  0.06946 -9.14854e+01 |  9 -0.00138 -2.83623e+02
 10  0.01411  1.19877e+02 | 11 -0.00482 -1.52807e+02 | 12  0.02317 -6.74845e+01
 13  0.07366  1.40754e+02 | 14  0.08849 -1.28002e+02 | 15  0.15315  3.51440e+02
 16  0.21113  2.28232e+03 | 17 -0.03781 -1.01974e+02 | 18 -0.05729 -1.90508e+03
 19 -0.03373  1.94808e+03 | 20 -0.02285  1.65853e+03 | 21 -0.02491  9.74929e+02
 22 -0.02023  6.00713e+02 | 23 -0.02276 -5.78321e+02 | 24 -0.03889 -9.89223e+03
 25 -0.02366  1.30586e+02 | 26 -0.01142  2.15067e+03 | 27 -0.00537  1.19979e+03
 28  0.17282  4.46498e+02 | 29  0.12787 -4.33290e+02 | 30 -0.00603  3.93045e+03
 31 -0.03352  2.09787e+03 | 32 -0.00980 -4.31532e+03 | 33  0.00512  1.13549e+03
 34 -0.01598  2.92457e+02 | 35 -0.02609 -7.98013e+03 | 36  0.00442  5.34508e+03
 37  0.01030  1.91683e+03 | 38 -0.00570 -5.24058e+03 | 39  0.00051  2.51481e+03
 40  0.09982  5.06924e+01 | 41  0.02057  2.31022e+03 | 42  0.01293  4.68150e+03
 43 -0.01652 -2.90639e+03 | 44 -0.05775 -1.33935e+04 | 45  0.14909 -1.55762e+05
 46 -0.06328  3.10116e+03 | 47 -0.06439  9.38400e+02 | 48 -0.03969  2.14761e+03
 49 -0.04229 -1.16460e+03 | 50 -0.04102 -2.40775e+03 | 51 -0.02367 -3.14975e+03
 52 -0.01294  2.62875e+03 | 53 -0.01214  3.57672e+03 | 54  0.00438  4.20187e+03
 55  0.00196  2.36164e+03 | 56 -0.03372  3.80197e+03 | 57  0.00822 -4.73476e+03
 58  0.05072 -2.42446e+04 | 59 -0.02767 -4.50558e+03 | 60 -0.02612 -2.03457e+03
 61  0.03439  1.87797e+02 | 62  0.02208  1.04299e+03 | 63  0.02053  7.02261e+03
 64  0.00346  1.31789e+03 | 65  0.01652 -1.67653e+03 | 66  0.02879  3.21239e+03
 67  0.02799  4.90092e+03 | 68 -0.02203  2.90131e+03 | 69  0.03604 -3.11265e+03
 70  0.03402 -9.36636e+02 | 71  0.04250 -4.51681e+03 | 72  0.06375  4.41897e+03
 73  0.01739  7.44448e+03 | 74  0.12956  3.52896e+04 |
1 0 27051.9
1 0 26253.1
1 0 26246.3
1 0 26243.2
1 0 26237.1
1 0 26195.8
1 0 26116.3
1 0 25973.4
1 0 27299.7
1 0 25957.4
1 0 25936
1 0 25862.7
1 0 25292.6
1 0 25062.7
1 0 24667.4
1 0 24051
74 variables; iteration 80; function evaluation 104; phase 1
Function value   2.4054973e+04; maximum gradient component mag  -4.7682e+04
Var   Value    Gradient   |Var   Value    Gradient   |Var   Value    Gradient
  1  0.29322 -7.56624e+01 |  2  0.28043  9.25293e+02 |  3  0.17983 -3.73169e+01
  4  0.13209  7.98372e+01 |  5  0.08568 -2.44398e+02 |  6  0.12612  3.89677e+02
  7  0.07963  1.03845e+01 |  8  0.04289 -2.20884e+01 |  9  0.01859 -6.23489e+01
 10  0.01641 -1.03239e+02 | 11  0.04861  5.41956e+01 | 12  0.07191  1.36444e+02
 13  0.06688 -1.29008e+01 | 14  0.07768  6.19161e+01 | 15  0.08519  8.58401e+01
 16  0.16716  6.32298e+02 | 17 -0.03248 -1.67062e+03 | 18 -0.04024 -4.50455e+02
 19 -0.03388  2.88618e+03 | 20 -0.03708 -5.53067e+02 | 21 -0.03439 -2.30257e+03
 22 -0.02680 -6.38661e+02 | 23 -0.02505 -2.72297e+03 | 24 -0.01612  5.28034e+03
 25 -0.01853 -4.43515e+03 | 26 -0.01025  1.68408e+03 | 27 -0.00560  3.24642e+03
 28  0.02915  2.02428e+03 | 29  0.19488  1.44473e+03 | 30  0.01058 -2.69939e+03
 31 -0.00943 -2.31761e+03 | 32 -0.00869 -1.75571e+03 | 33 -0.00618  1.90155e+03
 34 -0.01259 -8.92531e+02 | 35 -0.00045  1.79845e+03 | 36 -0.00785 -3.83975e+03
 37 -0.00733 -8.79927e+02 | 38 -0.00131 -7.80720e+01 | 39  0.00841  1.01280e+03
 40  0.10586  3.83984e+02 | 41  0.00640 -6.64604e+03 | 42  0.00346  4.36580e+03
 43 -0.00901 -2.50765e+03 | 44 -0.02979 -4.19654e+03 | 45  0.15635 -4.76823e+04
 46 -0.03880  9.86542e+03 | 47 -0.05514 -5.10213e+01 | 48 -0.04508  1.49981e+03
 49 -0.03836  1.17231e+03 | 50 -0.04465 -1.16607e+03 | 51 -0.01722  6.50253e+03
 52 -0.03527 -4.34531e+03 | 53 -0.01130 -1.33143e+03 | 54  0.00117  4.01294e+00
 55 -0.01152 -5.18299e+03 | 56 -0.03491 -6.16151e+03 | 57  0.01392  6.56506e+03
 58  0.04719 -3.73155e+03 | 59  0.02206  2.52075e+03 | 60  0.02547  6.02283e+03
 61  0.01987  1.51128e+03 | 62  0.00524 -2.12711e+03 | 63  0.01154 -3.15375e+03
 64  0.01468 -1.30281e+03 | 65  0.01266 -1.67064e+03 | 66  0.00547 -4.24427e+03
 67  0.01621 -5.07859e+03 | 68 -0.03437 -3.46344e+03 | 69  0.04798  5.29864e+03
 70  0.02453 -1.06353e+03 | 71  0.02991 -1.95270e+03 | 72  0.05204  2.75350e+03
 73  0.01637  2.12322e+03 | 74  0.11129  1.03288e+04 |
1 0 24033
1 0 23990.6
1 0 23684.8
1 0 23620.6
1 0 23477.5
1 0 23417.7
1 0 23326.9
1 0 23215.2
1 0 23136.2
1 0 23071
1 0 22985.4
1 0 22911.5
74 variables; iteration 90; function evaluation 116; phase 1
Function value   2.2911516e+04; maximum gradient component mag  -5.7237e+03
Var   Value    Gradient   |Var   Value    Gradient   |Var   Value    Gradient
  1  0.28567 -4.48953e+02 |  2  0.27549  1.06652e+02 |  3  0.18902 -5.87848e+01
  4  0.13654 -4.40846e+01 |  5  0.11242  1.21366e+01 |  6  0.09599 -1.09442e+00
  7  0.08848  8.50632e+01 |  8  0.06270 -4.93446e+01 |  9  0.05637  2.44861e+01
 10  0.04662  3.17974e+01 | 11  0.03058 -7.37177e+00 | 12  0.01909 -1.60314e+01
 13  0.01422 -2.56125e+01 | 14  0.01868 -1.86413e+01 | 15  0.03059  4.77840e+01
 16  0.17647  1.39751e+03 | 17 -0.02460  3.37010e+02 | 18 -0.03863 -1.67553e+03
 19 -0.02754  1.36431e+03 | 20 -0.02919  6.26396e+02 | 21 -0.02585 -6.44698e+02
 22 -0.02213  6.45618e+01 | 23 -0.02401 -6.03519e+02 | 24 -0.01941 -3.52639e+02
 25 -0.01373  1.29884e+03 | 26 -0.01622 -6.54392e+02 | 27 -0.01112 -7.02103e+02
 28 -0.00207  2.70398e+02 | 29  0.09604  1.13254e+03 | 30  0.01568  5.32678e+02
 31 -0.00621 -1.13136e+03 | 32 -0.00612 -2.97188e+02 | 33 -0.00201 -1.12613e+03
 34 -0.00358  2.52432e+02 | 35 -0.00049  1.10873e+02 | 36  0.00221 -6.86223e+02
 37  0.00538  8.26787e+02 | 38  0.00610 -2.59994e+02 | 39  0.01473  1.43775e+03
 40  0.09710  9.62462e+02 | 41  0.01937 -1.13422e+03 | 42  0.00699  1.16884e+02
 43  0.00147 -1.42340e+03 | 44  0.00684  1.58322e+02 | 45  0.15320 -3.12404e+03
 46 -0.05879  1.18193e+03 | 47 -0.05431  2.22991e+02 | 48 -0.05379 -7.75378e+02
 49 -0.04289 -2.35487e+02 | 50 -0.03637  2.36649e+02 | 51 -0.03214  5.59711e+02
 52 -0.02504 -4.05951e+02 | 53 -0.00959  2.24070e+02 | 54 -0.00289  3.49390e+02
 55  0.00239  1.86545e+03 | 56  0.00636  1.74270e+03 | 57 -0.01379 -7.16739e+02
 58  0.04460 -5.72368e+03 | 59  0.01993 -4.84620e+02 | 60  0.01181 -1.18768e+03
 61  0.01711  1.05032e+03 | 62  0.01480  1.10314e+03 | 63  0.01249  1.29818e+02
 64  0.01409  1.09631e+03 | 65  0.01387 -1.97228e+02 | 66  0.01782  1.81347e+02
 67  0.01543 -1.23653e+03 | 68  0.00310 -1.28622e+02 | 69  0.04126 -8.10485e+02
 70  0.02894  6.43999e+02 | 71  0.02388  4.19702e+02 | 72  0.02324  7.57832e+02
 73  0.01826  1.22770e+02 | 74  0.07035  9.23507e+02 |
1 0 22648.2
1 0 96037.1
1 0 22622.5
1 0 31948.4
1 0 22614
1 0 22598
1 0 22525.7
1 0 22375.4
1 0 22229.8
1 0 22031.8
1 0 21793
1 0 21629.8
1 0 21490.3
1 0 21393.7
74 variables; iteration 100; function evaluation 130; phase 1
Function value   2.1393718e+04; maximum gradient component mag   4.7423e+03
Var   Value    Gradient   |Var   Value    Gradient   |Var   Value    Gradient
  1  0.27984 -2.02651e+03 |  2  0.24283 -1.25912e+03 |  3  0.17261 -2.50744e+02
  4  0.12334 -7.68850e+01 |  5  0.08575 -8.69057e+01 |  6  0.06913  5.50318e+01
  7  0.03073 -1.01057e+02 |  8  0.02023 -3.38517e+01 |  9  0.01758  3.96948e+01
 10  0.00058  8.77238e+00 | 11 -0.02083 -2.06574e+01 | 12 -0.03717 -2.33535e+01
 13 -0.04730 -3.08807e+01 | 14 -0.04878 -2.68294e+01 | 15 -0.04280  1.73013e+01
 16  0.14141  9.38771e+02 | 17 -0.03020  2.03320e+03 | 18 -0.03111 -1.78538e+03
 19 -0.02587 -1.63642e+03 | 20 -0.02562 -1.03719e+03 | 21 -0.02010 -5.94118e+02
 22 -0.01502  3.85987e+02 | 23 -0.01612 -2.94661e+02 | 24 -0.01380 -2.11822e+02
 25 -0.01226 -8.55158e+02 | 26 -0.00480  7.60550e+02 | 27 -0.00363  3.19699e+02
 28 -0.00820 -9.54705e+02 | 29 -0.00191 -9.60113e+02 | 30  0.01146  2.96443e+03
 31  0.00307 -1.44169e+02 | 32  0.00655  7.25448e+01 | 33  0.00932  5.44945e+02
 34  0.00285 -1.88020e+02 | 35  0.00484 -4.79431e+01 | 36  0.01257  9.84196e+02
 37  0.00891 -1.08851e+03 | 38  0.00699 -2.15852e+03 | 39  0.02302  2.06677e+03
 40  0.03324  2.43963e+03 | 41  0.01705 -3.06098e+02 | 42  0.02062  1.04871e+03
 43  0.01746 -7.22192e+02 | 44  0.03218  4.11745e+02 | 45  0.15177 -4.12191e+03
 46 -0.06150 -1.85843e+03 | 47 -0.05720 -1.22177e+03 | 48 -0.05281 -4.16860e+01
 49 -0.04348 -9.67312e+00 | 50 -0.03820 -3.54069e+02 | 51 -0.03205 -5.07266e+01
 52 -0.02286 -7.62514e+02 | 53 -0.01618 -1.46183e+03 | 54 -0.00195  2.02637e+02
 55  0.00468  3.72073e+02 | 56  0.01180  4.63625e+02 | 57  0.01194 -2.10191e+03
 58  0.03758  4.74232e+03 | 59  0.01642 -6.36205e+02 | 60  0.01598  3.35337e+02
 61  0.01709  1.02471e+02 | 62  0.01492  2.93169e+02 | 63  0.00758 -1.79635e+03
 64  0.01135 -1.71893e+03 | 65  0.01534 -7.32059e+02 | 66  0.01765  1.44193e+03
 67  0.01189 -1.36032e+03 | 68  0.02994  1.99803e+03 | 69  0.02926  1.53038e+03
 70  0.02785  3.63347e+02 | 71  0.02544  9.91769e+02 | 72  0.01601  8.08672e+02
 73  0.00276  1.10938e+02 | 74  0.06127  2.55584e+03 |
1 0 21335
1 0 21279.9
1 0 21259.7
1 0 21249
1 0 21240.9
1 0 21238.3
1 0 21235.8
1 0 21233.8
1 0 21232.5
1 0 21231.1
74 variables; iteration 110; function evaluation 140; phase 1
Function value   2.1231065e+04; maximum gradient component mag  -1.2322e+03
Var   Value    Gradient   |Var   Value    Gradient   |Var   Value    Gradient
  1  0.28486  5.64720e+01 |  2  0.25961  2.83490e+01 |  3  0.18523  2.71257e-01
  4  0.13132 -2.74803e+00 |  5  0.09476 -8.61751e+00 |  6  0.07000 -3.29961e+00
  7  0.05165 -9.24081e-01 |  8  0.03722 -1.24826e+00 |  9  0.02584 -4.59830e+00
 10  0.01793 -2.40118e+00 | 11  0.01252  2.02828e+00 | 12  0.00809  8.91813e-01
 13  0.00484 -1.48771e+00 | 14  0.00340  1.19451e+00 | 15  0.00292  2.80139e+00
 16  0.13682 -1.41176e+02 | 17 -0.02072 -2.19742e+01 | 18 -0.02722 -2.47084e+01
 19 -0.02046  1.45993e+02 | 20 -0.02126  1.27997e+01 | 21 -0.01686 -5.20192e+01
 22 -0.01363 -1.78529e+01 | 23 -0.01367 -1.16479e+01 | 24 -0.01006  1.26160e+02
 25 -0.01015 -1.70564e+02 | 26 -0.00855  2.98885e+01 | 27 -0.00492 -6.59734e+01
 28 -0.00484 -1.59231e+02 | 29 -0.00254  7.37912e+01 | 30 -0.00217  2.31908e+01
 31  0.00454 -4.09735e+01 | 32  0.00577 -6.86361e+01 | 33  0.00854  6.65191e+01
 34  0.00541  3.68085e+01 | 35  0.00878 -1.07938e+02 | 36  0.01221  1.37811e+02
 37  0.01230 -1.00369e+02 | 38  0.01257  5.11495e+01 | 39  0.01324 -1.37753e+01
 40  0.01972  9.07607e+01 | 41  0.01388  3.72598e+00 | 42  0.01793 -6.40088e+01
 43  0.01704 -8.01234e-02 | 44  0.02501  5.31297e+01 | 45  0.15164 -1.23221e+03
 46 -0.06197 -6.81762e+01 | 47 -0.05634 -3.27903e+01 | 48 -0.05362  2.37605e+01
 49 -0.04384  2.30942e+01 | 50 -0.03864  5.94827e+01 | 51 -0.03416 -3.93966e+00
 52 -0.02233 -5.13847e+01 | 53 -0.01172 -7.73353e+01 | 54 -0.00367  3.75244e+01
 55  0.00152  2.27066e+02 | 56  0.01088  2.11990e+02 | 57  0.02294 -2.08851e+02
 58  0.02314 -7.27040e+02 | 59  0.01868  1.16073e+02 | 60  0.01459 -3.94699e+01
 61  0.01505 -7.81249e+01 | 62  0.01248  1.62847e+01 | 63  0.01223  1.25360e+02
 64  0.01232  5.98123e+01 | 65  0.01448  2.31324e+01 | 66  0.01781  5.57195e+01
 67  0.01933 -2.15636e+02 | 68  0.02150  3.25740e+01 | 69  0.02527  1.43564e+02
 70  0.02649  8.04167e+01 | 71  0.02403  1.70952e+02 | 72  0.01732  4.20126e+01
 73  0.01596  5.22410e+01 | 74  0.05359  4.57711e+02 |
1 0 21229.8
1 0 21229.1
1 0 21228.5
1 0 21228
1 0 21227.8
1 0 21227.6
1 0 21227.4
1 0 21227.3
1 0 21227.2
1 0 21227.1
74 variables; iteration 120; function evaluation 150; phase 1
Function value   2.1227111e+04; maximum gradient component mag  -1.0073e+02
Var   Value    Gradient   |Var   Value    Gradient   |Var   Value    Gradient
  1  0.28065 -1.77641e+01 |  2  0.25908 -1.05010e+01 |  3  0.18776 -9.17920e-01
  4  0.13637 -3.66522e-01 |  5  0.10230  8.18153e-01 |  6  0.07809  1.31815e+00
  7  0.05957  2.12641e+00 |  8  0.04450 -2.41041e-01 |  9  0.03245 -3.50723e-01
 10  0.02280 -7.58269e-01 | 11  0.01523 -7.83375e-01 | 12  0.00947 -5.24380e-01
 13  0.00528 -5.54535e-01 | 14  0.00253 -8.02820e-01 | 15  0.00124 -3.60342e-01
 16  0.14166  5.07510e+00 | 17 -0.01858  5.30340e+01 | 18 -0.02671 -1.47464e+01
 19 -0.02055 -1.50072e+01 | 20 -0.02135  7.30474e+00 | 21 -0.01680  1.71178e+01
 22 -0.01360 -5.20243e-01 | 23 -0.01363 -8.32816e+00 | 24 -0.01015  1.39735e+01
 25 -0.00969 -3.27153e-01 | 26 -0.00854 -2.02728e+01 | 27 -0.00459 -2.25501e+01
 28 -0.00352  1.01386e+01 | 29 -0.00134 -8.87010e+00 | 30 -0.00155 -1.97479e+01
 31  0.00408  1.77424e+01 | 32  0.00582  9.73448e+00 | 33  0.00828 -2.80698e+01
 34  0.00518  2.59194e+00 | 35  0.00882  2.67588e+00 | 36  0.01191  2.93270e+00
 37  0.01245 -2.24676e+01 | 38  0.01265  2.15515e+01 | 39  0.01321 -2.48813e+01
 40  0.01902 -5.77004e+00 | 41  0.01368  2.53195e+01 | 42  0.01796  2.34240e+00
 43  0.01642  2.09758e+01 | 44  0.02115 -1.27806e+01 | 45  0.14959 -1.00731e+02
 46 -0.06247  1.10164e+01 | 47 -0.05723  1.82506e+01 | 48 -0.05460  1.83564e+01
 49 -0.04463 -2.49907e+00 | 50 -0.03947 -9.44511e+00 | 51 -0.03471  1.33900e+01
 52 -0.02297  1.84838e+01 | 53 -0.01211 -2.19333e+01 | 54 -0.00427 -1.22137e+01
 55  0.00039 -3.67827e+00 | 56  0.00998 -9.04183e+00 | 57  0.02298  1.01266e+01
 58  0.02468  4.79631e+01 | 59  0.01790  5.91505e+00 | 60  0.01470 -1.78873e+01
 61  0.01502 -5.17576e+01 | 62  0.01229 -4.23996e+00 | 63  0.01215 -1.02794e+01
 64  0.01220 -1.62990e+01 | 65  0.01455 -1.30758e+01 | 66  0.01774  3.56843e-02
 67  0.02012 -1.98309e+01 | 68  0.02150  1.74327e+00 | 69  0.02508  3.84997e+01
 70  0.02682  1.48235e+01 | 71  0.02436 -6.33574e+00 | 72  0.01980 -2.25946e+00
 73  0.01996  6.05652e+00 | 74  0.03685  2.77122e+01 |
1 0 21227.1
1 0 21227.1
1 0 21227.1
1 0 21227.1
1 0 21227.1
1 0 21227.1
1 0 21227.1
1 0 21227.1
1 0 21227.1
1 0 21227.1
74 variables; iteration 130; function evaluation 160; phase 1
Function value   2.1227071e+04; maximum gradient component mag  -8.0444e+00
Var   Value    Gradient   |Var   Value    Gradient   |Var   Value    Gradient
  1  0.28033  2.16102e-01 |  2  0.25827  9.26216e-02 |  3  0.18675 -5.71659e-02
  4  0.13521  8.91509e-03 |  5  0.10083 -6.61764e-02 |  6  0.07649  8.90105e-03
  7  0.05810 -3.44840e-01 |  8  0.04384 -8.40462e-02 |  9  0.03256 -7.66408e-03
 10  0.02360 -3.25586e-02 | 11  0.01657 -3.12993e-02 | 12  0.01119  1.50641e-02
 13  0.00729  3.28110e-02 | 14  0.00473  2.84371e-02 | 15  0.00346 -5.14770e-02
 16  0.14171 -1.33147e+00 | 17 -0.01927  1.06315e-01 | 18 -0.02678  1.00296e+00
 19 -0.02056  4.61932e-03 | 20 -0.02138 -9.20138e-01 | 21 -0.01682 -9.98871e-01
 22 -0.01360  2.64575e-01 | 23 -0.01364  3.95882e-01 | 24 -0.01016 -2.56107e+00
 25 -0.00960  9.14722e-01 | 26 -0.00842 -3.92345e-01 | 27 -0.00448  5.24163e-01
 28 -0.00351  5.63079e-01 | 29 -0.00133  2.03968e-01 | 30 -0.00153  1.28853e+00
 31  0.00408 -2.96873e+00 | 32  0.00590  1.07231e+00 | 33  0.00845 -2.86081e-02
 34  0.00519 -1.54601e+00 | 35  0.00884  9.09866e-01 | 36  0.01196  1.37968e-01
 37  0.01253 -1.74733e-01 | 38  0.01265  2.15927e+00 | 39  0.01331 -1.34804e+00
 40  0.01899 -4.08165e-01 | 41  0.01355  1.82383e+00 | 42  0.01792 -2.51945e-01
 43  0.01640 -4.23384e-01 | 44  0.02132 -2.06826e-01 | 45  0.14952 -8.04442e+00
 46 -0.06254 -2.10507e+00 | 47 -0.05727 -2.34176e+00 | 48 -0.05464 -1.81228e+00
 49 -0.04463 -7.22725e-01 | 50 -0.03944  3.76097e-01 | 51 -0.03473 -1.03505e+00
 52 -0.02305 -3.96511e-01 | 53 -0.01208  1.18235e+00 | 54 -0.00425 -7.21923e-02
 55  0.00044 -3.06576e-02 | 56  0.01002 -7.46269e-01 | 57  0.02298  1.63549e+00
 58  0.02462  2.16659e-01 | 59  0.01789 -9.05023e-01 | 60  0.01471  1.62824e-01
 61  0.01518 -1.45053e+00 | 62  0.01230  4.56181e-01 | 63  0.01217  1.29023e-01
 64  0.01223  5.25679e-01 | 65  0.01463  1.33469e+00 | 66  0.01772  2.04219e+00
 67  0.02021 -1.63193e-01 | 68  0.02158  4.62104e-01 | 69  0.02501  2.23595e+00
 70  0.02680 -6.02716e-01 | 71  0.02435  4.53291e-01 | 72  0.01975  6.24397e-01
 73  0.01975  4.14029e-01 | 74  0.03639  1.40613e+00 |
1 0 21227.1
1 0 21227.1
1 0 21227.1
1 0 21227.1
1 0 21227.1
1 0 21227.1
1 0 21227.1
1 0 21227.1
1 0 21227.1
1 0 21227.1
74 variables; iteration 140; function evaluation 170; phase 1
Function value   2.1227070e+04; maximum gradient component mag   2.9959e-01
Var   Value    Gradient   |Var   Value    Gradient   |Var   Value    Gradient
  1  0.28032 -3.56257e-04 |  2  0.25827  2.69388e-03 |  3  0.18677  6.93730e-04
  4  0.13524 -1.91220e-03 |  5  0.10091 -4.36556e-03 |  6  0.07661 -1.10268e-03
  7  0.05830  3.89353e-03 |  8  0.04403  1.76180e-03 |  9  0.03272  2.15158e-03
 10  0.02375  3.68694e-03 | 11  0.01670  3.63295e-03 | 12  0.01130  1.99330e-03
 13  0.00738 -2.06949e-04 | 14  0.00483  2.00828e-03 | 15  0.00357  7.20850e-03
 16  0.14173 -4.54771e-02 | 17 -0.01926 -1.04483e-02 | 18 -0.02679  1.15475e-02
 19 -0.02056 -2.22288e-03 | 20 -0.02137  2.93986e-02 | 21 -0.01682  4.38400e-02
 22 -0.01360 -1.32845e-02 | 23 -0.01364 -6.51030e-03 | 24 -0.01016  7.35051e-02
 25 -0.00961 -1.57474e-03 | 26 -0.00842  7.44172e-02 | 27 -0.00448  2.71407e-02
 28 -0.00351 -3.58829e-03 | 29 -0.00134 -7.37308e-02 | 30 -0.00153 -3.32617e-02
 31  0.00409 -3.31114e-02 | 32  0.00590  4.50863e-02 | 33  0.00845 -8.90636e-03
 34  0.00519  1.85157e-02 | 35  0.00884  6.48768e-03 | 36  0.01196  2.98256e-02
 37  0.01252 -1.28834e-02 | 38  0.01264  2.39229e-02 | 39  0.01331 -6.29441e-02
 40  0.01898  2.32007e-02 | 41  0.01354 -2.29870e-03 | 42  0.01792  4.10420e-02
 43  0.01640  2.29331e-02 | 44  0.02134 -1.54635e-01 | 45  0.14951  2.99590e-01
 46 -0.06254  2.01733e-02 | 47 -0.05727  2.92689e-02 | 48 -0.05464  3.65065e-02
 49 -0.04463 -1.26076e-02 | 50 -0.03944 -1.15076e-02 | 51 -0.03473  3.32640e-02
 52 -0.02305  1.20036e-02 | 53 -0.01208  3.61826e-02 | 54 -0.00424  1.17121e-01
 55  0.00044  4.83267e-02 | 56  0.01003 -1.00407e-02 | 57  0.02298 -1.02676e-01
 58  0.02462  7.90207e-02 | 59  0.01790 -5.03283e-03 | 60  0.01471 -9.89510e-03
 61  0.01519  2.72891e-03 | 62  0.01230 -5.11078e-03 | 63  0.01218 -4.03394e-02
 64  0.01223  1.58665e-03 | 65  0.01463 -3.14320e-02 | 66  0.01772 -1.69336e-02
 67  0.02021 -5.67659e-02 | 68  0.02158 -1.12375e-02 | 69  0.02501  4.48225e-02
 70  0.02681  1.56184e-02 | 71  0.02435 -1.04517e-01 | 72  0.01974 -2.90554e-02
 73  0.01974 -2.06046e-02 | 74  0.03637 -4.39260e-02 |
1 0 21227.1
1 0 21227.1

 - final statistics:
74 variables; iteration 142; function evaluation 172
Function value   2.1227e+04; maximum gradient component mag   9.9461e-02
Exit code = 1;  converg criter   1.0000e-01
Var   Value    Gradient   |Var   Value    Gradient   |Var   Value    Gradient
  1  0.28032 -1.31278e-03 |  2  0.25827 -8.78451e-04 |  3  0.18677 -3.81255e-04
  4  0.13524  3.57574e-03 |  5  0.10092  2.71560e-03 |  6  0.07661  1.97489e-03
  7  0.05830 -5.78786e-03 |  8  0.04403 -8.60978e-04 |  9  0.03272  1.02515e-03
 10  0.02375  1.26646e-03 | 11  0.01669  5.98018e-04 | 12  0.01130  1.65755e-03
 13  0.00738  3.24013e-03 | 14  0.00483  3.28517e-03 | 15  0.00357  7.29192e-03
 16  0.14173 -2.39104e-02 | 17 -0.01926 -1.07021e-02 | 18 -0.02679  1.05769e-02
 19 -0.02056 -3.76924e-03 | 20 -0.02137  1.00876e-02 | 21 -0.01682  4.21116e-02
 22 -0.01360  1.21570e-02 | 23 -0.01364  4.05070e-03 | 24 -0.01016  1.37386e-02
 25 -0.00961  1.09709e-02 | 26 -0.00842 -3.66752e-02 | 27 -0.00448 -1.01160e-02
 28 -0.00351  3.33453e-02 | 29 -0.00134 -7.38326e-02 | 30 -0.00153 -3.51128e-02
 31  0.00409  7.42281e-02 | 32  0.00590  2.46200e-02 | 33  0.00845  5.33917e-03
 34  0.00519  1.40590e-02 | 35  0.00884  1.54616e-02 | 36  0.01196 -3.86072e-02
 37  0.01252  2.09558e-02 | 38  0.01264 -6.60052e-02 | 39  0.01331 -1.46316e-02
 40  0.01898  6.03263e-02 | 41  0.01354  1.89310e-02 | 42  0.01792 -6.20141e-03
 43  0.01641  2.10584e-02 | 44  0.02134 -9.55442e-02 | 45  0.14951  9.94614e-02
 46 -0.06254  2.02809e-02 | 47 -0.05727  4.89084e-02 | 48 -0.05464  3.72060e-02
 49 -0.04463  1.46720e-02 | 50 -0.03944  4.23686e-02 | 51 -0.03473  1.19954e-02
 52 -0.02305  6.33314e-03 | 53 -0.01208 -4.75818e-02 | 54 -0.00424 -3.07725e-02
 55  0.00044  1.36725e-02 | 56  0.01003 -3.49832e-02 | 57  0.02298 -2.14329e-03
 58  0.02462  9.12131e-02 | 59  0.01790 -1.30316e-02 | 60  0.01471 -3.48358e-02
 61  0.01519  3.82106e-02 | 62  0.01230  3.38997e-02 | 63  0.01218 -2.20588e-02
 64  0.01223 -3.38913e-02 | 65  0.01463 -3.51470e-02 | 66  0.01772 -5.46430e-02
 67  0.02021 -2.19214e-02 | 68  0.02158 -2.64397e-03 | 69  0.02501  4.24148e-02
 70  0.02681 -2.06019e-02 | 71  0.02435 -3.92916e-02 | 72  0.01974 -4.23939e-03
 73  0.01974 -4.07269e-03 | 74  0.03637 -1.22144e-02 |
1 0 21227.1
B060997
0.3 0.600227
0.51448 0.485114
0.713089 0.420977
0.857699 0.387849
0.950451 0.370535
1.00621 0.361273
1.03862 0.356232
1.05712 0.35346
1.06757 0.351925
1.07344 0.351072
1.07673 0.350598
1.07856 0.350333
1.07959 0.350186
1.08017 0.350104
1.08049 0.350058
1.08067 0.350032
1.08077 0.350018
1.08082 0.35001
1.08085 0.350006
1.08087 0.350003
1.08088 0.350003
FutMOrt0.756123
FutMOrt0.756123
FutMOrt0.756123
FutMOrt0.756123
FutMOrt0.756123
FutMOrt0.756123
FutMOrt0.756123
FutMOrt0.756123
FutMOrt0.756123
FutMOrt0.756123
2 0 21227.1

Initial statistics: 78 variables; iteration 0; function evaluation 0; phase 2
Function value   2.1227070e+04; maximum gradient component mag   8.5078e+03
Var   Value    Gradient   |Var   Value    Gradient   |Var   Value    Gradient
  1 -0.80470 -4.27811e+02 |  2 -0.46241 -2.15409e+02 |  3  0.28032 -1.31278e-03
  4  0.25827 -8.78451e-04 |  5  0.18677 -3.81255e-04 |  6  0.13524  3.57574e-03
  7  0.10092  2.71560e-03 |  8  0.07661  1.97489e-03 |  9  0.05830 -5.78786e-03
 10  0.04403 -8.60978e-04 | 11  0.03272  1.02515e-03 | 12  0.02375  1.26646e-03
 13  0.01669  5.98018e-04 | 14  0.01130  1.65755e-03 | 15  0.00738  3.24013e-03
 16  0.00483  3.28517e-03 | 17  0.00357  7.29192e-03 | 18  0.14173 -2.39104e-02
 19 -0.01926 -1.07312e-02 | 20 -0.02679  1.05478e-02 | 21 -0.02056 -3.79832e-03
 22 -0.02137  1.00586e-02 | 23 -0.01682  4.20826e-02 | 24 -0.01360  1.21279e-02
 25 -0.01364  4.02161e-03 | 26 -0.01016  1.37095e-02 | 27 -0.00961  1.09418e-02
 28 -0.00842 -3.67043e-02 | 29 -0.00448 -1.01451e-02 | 30 -0.00351  3.33162e-02
 31 -0.00134 -7.38617e-02 | 32 -0.00153 -3.51419e-02 | 33  0.00409  7.41990e-02
 34  0.00590  2.45909e-02 | 35  0.00845  5.31008e-03 | 36  0.00519  1.40299e-02
 37  0.00884  1.54325e-02 | 38  0.01196 -3.86363e-02 | 39  0.01252  2.09267e-02
 40  0.01264 -6.60343e-02 | 41  0.01331 -1.46607e-02 | 42  0.01898  6.02972e-02
 43  0.01354  1.89019e-02 | 44  0.01792 -6.23049e-03 | 45  0.01641  2.10293e-02
 46  0.02134 -9.55733e-02 | 47  0.14951  9.94614e-02 | 48 -0.06254  2.02853e-02
 49 -0.05727  4.89129e-02 | 50 -0.05464  3.72105e-02 | 51 -0.04463  1.46765e-02
 52 -0.03944  4.23731e-02 | 53 -0.03473  1.19999e-02 | 54 -0.02305  6.33763e-03
 55 -0.01208 -4.75773e-02 | 56 -0.00424 -3.07680e-02 | 57  0.00044  1.36770e-02
 58  0.01003 -3.49787e-02 | 59  0.02298 -2.13880e-03 | 60  0.02462  9.12176e-02
 61  0.01790 -1.30271e-02 | 62  0.01471 -3.48313e-02 | 63  0.01519  3.82151e-02
 64  0.01230  3.39042e-02 | 65  0.01218 -2.20543e-02 | 66  0.01223 -3.38868e-02
 67  0.01463 -3.51425e-02 | 68  0.01772 -5.46385e-02 | 69  0.02021 -2.19170e-02
 70  0.02158 -2.63948e-03 | 71  0.02501  4.24193e-02 | 72  0.02681 -2.05975e-02
 73  0.02435 -3.92871e-02 | 74  0.01974 -4.23490e-03 | 75  0.01974 -4.06820e-03
 76  0.03637 -1.22144e-02 | 77 -0.54565  8.50779e+03 | 78 -0.43643 -2.65645e+03
2 0 21227.1
2 0 21226.9
2 0 21224.9
2 0 21210.2
2 0 21287
2 0 21207.6
2 0 21202.7
2 0 21179.2
2 0 21142.3
2 0 21146.5
2 0 21124.6
2 0 21094.6
2 0 21062.6
2 0 21076.9
2 0 21048.5
2 0 21087.9
2 0 21045.5
2 0 21043.6

Intermediate statistics: 78 variables; iteration 10; function evaluation 18; phase 2
Function value   2.1043649e+04; maximum gradient component mag  -1.4180e+04
Var   Value    Gradient   |Var   Value    Gradient   |Var   Value    Gradient
  1 -0.75467 -4.43205e+02 |  2 -0.44658  4.62288e+01 |  3  0.27716  2.79579e+02
  4  0.26159  2.46357e+02 |  5  0.18488  7.47164e+01 |  6  0.13394  4.33711e+01
  7  0.10024  2.41507e+01 |  8  0.07621  1.46824e+01 |  9  0.05803  1.00051e+01
 10  0.04383  7.42522e+00 | 11  0.03257  5.86564e+00 | 12  0.02362  4.86358e+00
 13  0.01659  4.19811e+00 | 14  0.01120  3.75338e+00 | 15  0.00730  3.46600e+00
 16  0.00475  3.29478e+00 | 17  0.00349  3.19830e+00 | 18  0.09919  1.63763e+03
 19 -0.01610 -1.00899e+03 | 20 -0.02600  1.84823e+02 | 21 -0.02009  4.48806e+02
 22 -0.02184 -9.53103e+02 | 23 -0.01665 -1.76242e+02 | 24 -0.01263  5.72866e+02
 25 -0.01337 -6.93450e+02 | 26 -0.00869  1.93061e+02 | 27 -0.00830  1.62717e+02
 28 -0.00742 -1.06217e+02 | 29 -0.00312 -1.07605e+02 | 30 -0.00230  1.04088e+02
 31 -0.00103  6.30198e+02 | 32 -0.00173  4.71815e+02 | 33  0.00145 -1.25701e+03
 34  0.00501  2.50131e+02 | 35  0.00631 -9.00198e+02 | 36  0.00537  7.94350e+02
 37  0.00876  5.44245e+02 | 38  0.01132  1.84854e+02 | 39  0.01181  1.73222e+02
 40  0.01246  3.66791e+02 | 41  0.01335  2.50945e+02 | 42  0.01820 -2.16914e+02
 43  0.01293 -8.43036e+00 | 44  0.01589 -4.03859e+02 | 45  0.01597  1.13380e+03
 46  0.02046 -6.30438e+02 | 47  0.14437 -1.41797e+04 | 48 -0.06309  7.47363e+02
 49 -0.06000 -4.37897e+02 | 50 -0.05554  3.05022e+02 | 51 -0.04573  1.68401e+02
 52 -0.04112 -4.30351e+02 | 53 -0.03600 -1.09248e+01 | 54 -0.02421 -1.85299e+02
 55 -0.01338 -5.41579e+02 | 56 -0.00545 -4.31903e+02 | 57  0.00003 -1.01138e+02
 58  0.01041  6.28088e+01 | 59  0.02160 -1.18586e+03 | 60  0.02392 -1.39968e+03
 61  0.01858  2.10150e+02 | 62  0.01510  1.61343e+02 | 63  0.01705  1.05260e+03
 64  0.01298  1.82021e+02 | 65  0.01239 -5.44642e+02 | 66  0.01265 -4.97326e+02
 67  0.01508 -3.04454e+02 | 68  0.01808 -3.55502e+02 | 69  0.02082 -3.01322e+02
 70  0.02350  3.88675e+02 | 71  0.02719  9.73214e+02 | 72  0.03004  1.39993e+03
 73  0.02542 -5.12095e+00 | 74  0.02038  3.12635e+02 | 75  0.01891  6.80961e+02
 76  0.00144  1.94308e+03 | 77 -0.61134 -3.69885e+03 | 78 -0.53917  1.54933e+03
2 0 21040.4
2 0 21036
2 0 21027.9
2 0 21013.1
2 0 20989.7
2 0 22391.5
2 0 20989.5
2 0 20989.1
2 0 20989.1
2 0 20988.9
2 0 20988.7
2 0 20989.7
2 0 20988.7
78 variables; iteration 20; function evaluation 31; phase 2
Function value   2.0988658e+04; maximum gradient component mag  -1.4834e+04
Var   Value    Gradient   |Var   Value    Gradient   |Var   Value    Gradient
  1 -0.63977 -2.52695e+02 |  2 -0.44867  3.31542e+02 |  3  0.27897 -1.28543e+02
  4  0.25930  2.48784e+02 |  5  0.17863  4.81936e+01 |  6  0.12790  2.51274e+01
  7  0.09664  2.16884e+01 |  8  0.07412  1.35702e+01 |  9  0.05669  8.31806e+00
 10  0.04288  5.54569e+00 | 11  0.03184  4.01735e+00 | 12  0.02304  3.11083e+00
 13  0.01609  2.54314e+00 | 14  0.01077  2.17709e+00 | 15  0.00690  1.94136e+00
 16  0.00438  1.79782e+00 | 17  0.00313  1.72126e+00 | 18  0.08678  1.60590e+03
 19 -0.02700 -7.38097e+02 | 20 -0.02831 -3.89707e+02 | 21 -0.02028 -1.86766e+02
 22 -0.01913 -3.86195e+02 | 23 -0.01445  4.58993e+02 | 24 -0.01223  1.03942e+02
 25 -0.01256 -6.28976e+02 | 26 -0.00769  3.82658e+02 | 27 -0.00850  1.10916e+02
 28 -0.00856 -3.75963e+02 | 29 -0.00312 -7.42223e+01 | 30 -0.00161 -4.09981e+02
 31  0.00113  1.45592e+03 | 32 -0.00176  2.94807e+02 | 33  0.00139 -1.38298e+03
 34  0.00605  2.69143e+02 | 35  0.00795 -3.84260e+02 | 36  0.00672  6.98756e+02
 37  0.01067  6.88527e+02 | 38  0.01270  3.63990e+02 | 39  0.01270  1.69817e+02
 40  0.01296  1.97951e+02 | 41  0.01356  1.45033e+02 | 42  0.01852 -3.58045e+02
 43  0.01384  1.67101e+01 | 44  0.01700 -1.03568e+01 | 45  0.01491  5.61075e+02
 46  0.01511 -5.90195e+02 | 47  0.15115 -1.48339e+04 | 48 -0.06330  2.09483e+02
 49 -0.05992 -4.29429e+02 | 50 -0.05258  1.05251e+03 | 51 -0.04421  2.44149e+02
 52 -0.03940 -2.97297e+01 | 53 -0.03532  1.98575e+02 | 54 -0.02321  9.96161e+01
 55 -0.01188 -1.08041e+02 | 56 -0.00509 -2.33238e+02 | 57 -0.00178 -5.70562e+02
 58  0.01058  6.12219e+02 | 59  0.02282 -5.15877e+02 | 60  0.02403 -1.58021e+03
 61  0.01712 -3.37090e+02 | 62  0.01444 -6.02764e+01 | 63  0.01598  4.41719e+02
 64  0.01202 -1.28402e+02 | 65  0.01216 -5.61828e+02 | 66  0.01180 -7.97325e+02
 67  0.01354 -7.58439e+02 | 68  0.01744 -3.52725e+02 | 69  0.01961 -3.07512e+02
 70  0.02171  1.91074e+02 | 71  0.02613  1.13730e+03 | 72  0.02924  1.31530e+03
 73  0.02506  2.11085e+02 | 74  0.02235  3.50405e+02 | 75  0.02040  7.15338e+02
 76  0.05043  2.39878e+03 | 77 -0.62168 -6.05439e+03 | 78 -0.56536  1.99555e+03
2 0 20988.6
2 0 20988.5
2 0 20988.4
2 0 20988.5
2 0 20988.3
2 0 20988.3
2 0 20988.3
2 0 20988.3
2 0 20988.3
2 0 20988.5
2 0 20988.3
2 0 20988.3
78 variables; iteration 30; function evaluation 43; phase 2
Function value   2.0988278e+04; maximum gradient component mag  -1.5269e+04
Var   Value    Gradient   |Var   Value    Gradient   |Var   Value    Gradient
  1 -0.63925 -2.06950e+02 |  2 -0.45589  3.13217e+02 |  3  0.27879 -1.68527e+02
  4  0.25951  2.38795e+02 |  5  0.17865  4.69805e+01 |  6  0.12693  1.88431e+01
  7  0.09551  1.79929e+01 |  8  0.07328  1.21958e+01 |  9  0.05616  7.94686e+00
 10  0.04254  5.32289e+00 | 11  0.03161  3.78388e+00 | 12  0.02287  2.87616e+00
 13  0.01596  2.31843e+00 | 14  0.01066  1.96378e+00 | 15  0.00681  1.73714e+00
 16  0.00429  1.60050e+00 | 17  0.00305  1.52999e+00 | 18  0.08644  1.58532e+03
 19 -0.02707 -6.90051e+02 | 20 -0.02835 -4.47841e+02 | 21 -0.02026 -2.17858e+02
 22 -0.01898 -3.56267e+02 | 23 -0.01426  5.26023e+02 | 24 -0.01215  7.76061e+01
 25 -0.01272 -6.58183e+02 | 26 -0.00768  3.92162e+02 | 27 -0.00844  1.31864e+02
 28 -0.00863 -3.95758e+02 | 29 -0.00316 -7.87698e+01 | 30 -0.00148 -3.77352e+02
 31  0.00112  1.45098e+03 | 32 -0.00185  3.10007e+02 | 33  0.00114 -1.47953e+03
 34  0.00608  2.88617e+02 | 35  0.00812 -3.47863e+02 | 36  0.00681  7.14927e+02
 37  0.01064  6.92147e+02 | 38  0.01260  3.69265e+02 | 39  0.01258  1.48422e+02
 40  0.01288  1.99833e+02 | 41  0.01340  1.14063e+02 | 42  0.01838 -3.62986e+02
 43  0.01380 -9.27428e+00 | 44  0.01712  2.68670e+01 | 45  0.01502  5.71873e+02
 46  0.01537 -5.84699e+02 | 47  0.15127 -1.52692e+04 | 48 -0.06329  2.14681e+02
 49 -0.06002 -4.28602e+02 | 50 -0.05249  1.11291e+03 | 51 -0.04441  1.72342e+02
 52 -0.03903  8.22160e+01 | 53 -0.03548  1.74762e+02 | 54 -0.02333  8.63989e+01
 55 -0.01184 -8.99195e+01 | 56 -0.00508 -2.24267e+02 | 57 -0.00199 -6.17916e+02
 58  0.01050  5.77880e+02 | 59  0.02284 -5.23805e+02 | 60  0.02398 -1.63692e+03
 61  0.01693 -3.73969e+02 | 62  0.01425 -9.74480e+01 | 63  0.01599  4.38840e+02
 64  0.01207 -1.21458e+02 | 65  0.01215 -5.74697e+02 | 66  0.01169 -8.51581e+02
 67  0.01340 -8.17957e+02 | 68  0.01735 -3.98178e+02 | 69  0.01955 -3.33546e+02
 70  0.02153  1.29842e+02 | 71  0.02598  1.10556e+03 | 72  0.02922  1.31617e+03
 73  0.02504  2.17322e+02 | 74  0.02217  3.32793e+02 | 75  0.02146  7.29430e+02
 76  0.05115  2.45900e+03 | 77 -0.62229 -6.15128e+03 | 78 -0.56658  2.01403e+03
2 0 20988.3
2 0 20988.3
2 0 20988.3
2 0 20988.3
2 0 20988.3
2 0 20988.3
2 0 20988.3
2 0 20988.2
2 0 20988.2
2 0 20988.2
2 0 20988.2
2 0 20988.2
2 0 20988.2
78 variables; iteration 40; function evaluation 56; phase 2
Function value   2.0988227e+04; maximum gradient component mag  -1.5268e+04
Var   Value    Gradient   |Var   Value    Gradient   |Var   Value    Gradient
  1 -0.63948 -2.10136e+02 |  2 -0.45630  3.14150e+02 |  3  0.27828 -2.00133e+02
  4  0.25836  2.12354e+02 |  5  0.17648  2.84354e+01 |  6  0.12559  1.90935e+01
  7  0.09366  1.45917e+01 |  8  0.07107  7.84616e+00 |  9  0.05427  5.70033e+00
 10  0.04120  4.72473e+00 | 11  0.03069  3.60678e+00 | 12  0.02221  2.66085e+00
 13  0.01546  2.03636e+00 | 14  0.01025  1.65202e+00 | 15  0.00645  1.41695e+00
 16  0.00397  1.27741e+00 | 17  0.00274  1.20566e+00 | 18  0.08627  1.59108e+03
 19 -0.02801 -6.36282e+02 | 20 -0.02826 -4.66086e+02 | 21 -0.02019 -2.33934e+02
 22 -0.01887 -3.42289e+02 | 23 -0.01413  5.49786e+02 | 24 -0.01205  8.46005e+01
 25 -0.01263 -6.53167e+02 | 26 -0.00760  4.05758e+02 | 27 -0.00835  1.40436e+02
 28 -0.00854 -3.82904e+02 | 29 -0.00312 -6.91463e+01 | 30 -0.00142 -3.92226e+02
 31  0.00125  1.48743e+03 | 32 -0.00177  3.02772e+02 | 33  0.00126 -1.44709e+03
 34  0.00611  2.78133e+02 | 35  0.00815 -3.39708e+02 | 36  0.00681  7.03405e+02
 37  0.01066  6.88395e+02 | 38  0.01266  3.80500e+02 | 39  0.01255  1.37621e+02
 40  0.01281  1.83055e+02 | 41  0.01339  1.12414e+02 | 42  0.01841 -3.52130e+02
 43  0.01381 -1.25096e+01 | 44  0.01716  4.54343e+01 | 45  0.01496  5.40178e+02
 46  0.01511 -5.79101e+02 | 47  0.15124 -1.52678e+04 | 48 -0.06328  2.05247e+02
 49 -0.06004 -4.29320e+02 | 50 -0.05250  1.12061e+03 | 51 -0.04442  1.72052e+02
 52 -0.03901  8.83510e+01 | 53 -0.03546  1.86013e+02 | 54 -0.02333  8.99291e+01
 55 -0.01188 -1.02169e+02 | 56 -0.00499 -1.99140e+02 | 57 -0.00209 -6.50671e+02
 58  0.01052  5.90376e+02 | 59  0.02283 -5.27258e+02 | 60  0.02399 -1.63075e+03
 61  0.01697 -3.72820e+02 | 62  0.01427 -9.28369e+01 | 63  0.01600  4.37452e+02
 64  0.01208 -1.12347e+02 | 65  0.01213 -5.68270e+02 | 66  0.01174 -8.34231e+02
 67  0.01347 -7.97214e+02 | 68  0.01734 -3.89184e+02 | 69  0.01953 -3.28197e+02
 70  0.02154  1.27433e+02 | 71  0.02596  1.08715e+03 | 72  0.02920  1.28762e+03
 73  0.02510  2.26067e+02 | 74  0.02235  3.49144e+02 | 75  0.02123  7.29123e+02
 76  0.05092  2.47041e+03 | 77 -0.62232 -6.14613e+03 | 78 -0.56660  2.01112e+03
2 0 20988.2
2 0 20988.2
2 0 20988.2
2 0 20988.2
2 0 20988.2
2 0 20988.2
2 0 20988.2
2 0 20988.2
2 0 20988.2
2 0 20988.2
2 0 20988.2
2 0 20988.2
78 variables; iteration 50; function evaluation 68; phase 2
Function value   2.0988168e+04; maximum gradient component mag  -1.5253e+04
Var   Value    Gradient   |Var   Value    Gradient   |Var   Value    Gradient
  1 -0.63947 -2.10894e+02 |  2 -0.45607  3.14641e+02 |  3  0.27838 -1.97505e+02
  4  0.25863  2.14684e+02 |  5  0.17721  3.50687e+01 |  6  0.12552  2.08508e+01
  7  0.09214  8.48013e+00 |  8  0.06945  7.07281e+00 |  9  0.05244  4.29970e+00
 10  0.03933  2.99384e+00 | 11  0.02913  2.85104e+00 | 12  0.02104  2.68163e+00
 13  0.01461  2.24210e+00 | 14  0.00960  1.79808e+00 | 15  0.00592  1.49050e+00
 16  0.00350  1.31264e+00 | 17  0.00230  1.22606e+00 | 18  0.08630  1.59286e+03
 19 -0.02785 -6.39491e+02 | 20 -0.02824 -4.64123e+02 | 21 -0.02019 -2.24628e+02
 22 -0.01888 -3.26613e+02 | 23 -0.01421  5.24748e+02 | 24 -0.01205  8.43128e+01
 25 -0.01262 -6.51427e+02 | 26 -0.00762  3.89358e+02 | 27 -0.00827  1.82226e+02
 28 -0.00856 -4.07479e+02 | 29 -0.00311 -7.02673e+01 | 30 -0.00139 -3.79319e+02
 31  0.00120  1.48242e+03 | 32 -0.00182  3.17972e+02 | 33  0.00126 -1.45007e+03
 34  0.00614  2.77614e+02 | 35  0.00819 -3.27287e+02 | 36  0.00681  7.01752e+02
 37  0.01066  6.85954e+02 | 38  0.01269  3.84291e+02 | 39  0.01255  1.29918e+02
 40  0.01283  1.92801e+02 | 41  0.01339  1.15634e+02 | 42  0.01839 -3.49432e+02
 43  0.01377 -1.93200e+01 | 44  0.01711  2.91401e+01 | 45  0.01493  5.42306e+02
 46  0.01506 -5.80351e+02 | 47  0.15124 -1.52534e+04 | 48 -0.06326  2.11826e+02
 49 -0.06002 -4.25009e+02 | 50 -0.05250  1.10550e+03 | 51 -0.04448  1.45500e+02
 52 -0.03907  7.04758e+01 | 53 -0.03542  1.95355e+02 | 54 -0.02335  9.70961e+01
 55 -0.01189 -1.10165e+02 | 56 -0.00499 -2.02757e+02 | 57 -0.00209 -6.41552e+02
 58  0.01055  6.04399e+02 | 59  0.02290 -5.05530e+02 | 60  0.02388 -1.67366e+03
 61  0.01693 -3.92687e+02 | 62  0.01429 -8.83996e+01 | 63  0.01602  4.40795e+02
 64  0.01208 -1.14652e+02 | 65  0.01210 -5.70733e+02 | 66  0.01175 -8.25474e+02
 67  0.01351 -7.73765e+02 | 68  0.01734 -3.77711e+02 | 69  0.01956 -3.16809e+02
 70  0.02151  1.20808e+02 | 71  0.02598  1.09137e+03 | 72  0.02917  1.28999e+03
 73  0.02512  2.40979e+02 | 74  0.02233  3.44238e+02 | 75  0.02131  7.29229e+02
 76  0.05093  2.47090e+03 | 77 -0.62231 -6.14538e+03 | 78 -0.56657  2.01092e+03
2 0 20988.2
2 0 20988.1
2 0 20988.1
2 0 20988.2
2 0 20988.1
2 0 20988
2 0 20988.1
2 0 20988
2 0 20988
2 0 20988
2 0 20987.9
2 0 20988.2
2 0 20987.9
2 0 20987.8
2 0 20987.8
78 variables; iteration 60; function evaluation 83; phase 2
Function value   2.0987814e+04; maximum gradient component mag  -1.5212e+04
Var   Value    Gradient   |Var   Value    Gradient   |Var   Value    Gradient
  1 -0.63933 -2.02875e+02 |  2 -0.45688  3.11739e+02 |  3  0.27853 -1.94549e+02
  4  0.25883  2.12719e+02 |  5  0.17753  3.18144e+01 |  6  0.12691  1.64842e+01
  7  0.09651  3.33393e+01 |  8  0.07039  1.83677e+01 |  9  0.04662 -1.22878e+01
 10  0.03104 -2.48121e+00 | 11  0.01928 -3.81512e+00 | 12  0.01099 -4.51494e+00
 13  0.00595 -8.06135e-01 | 14  0.00283  2.10999e+00 | 15  0.00064  2.70574e+00
 16 -0.00089  2.31740e+00 | 17 -0.00169  1.97451e+00 | 18  0.08628  1.58312e+03
 19 -0.02780 -6.38526e+02 | 20 -0.02817 -4.58184e+02 | 21 -0.02017 -2.21442e+02
 22 -0.01886 -3.29260e+02 | 23 -0.01416  5.50679e+02 | 24 -0.01207  7.04992e+01
 25 -0.01263 -6.59522e+02 | 26 -0.00762  3.81097e+02 | 27 -0.00823  2.14458e+02
 28 -0.00855 -3.91745e+02 | 29 -0.00316 -8.91599e+01 | 30 -0.00143 -3.87359e+02
 31  0.00118  1.47172e+03 | 32 -0.00184  3.06680e+02 | 33  0.00127 -1.43449e+03
 34  0.00602  2.69980e+02 | 35  0.00801 -3.65654e+02 | 36  0.00680  6.70300e+02
 37  0.01086  7.64428e+02 | 38  0.01267  3.43948e+02 | 39  0.01258  1.55931e+02
 40  0.01290  1.92600e+02 | 41  0.01342  1.19535e+02 | 42  0.01819 -3.82660e+02
 43  0.01369 -2.87139e+01 | 44  0.01722  5.94348e+01 | 45  0.01502  5.43626e+02
 46  0.01505 -5.75717e+02 | 47  0.15127 -1.52122e+04 | 48 -0.06321  2.12754e+02
 49 -0.06003 -4.33399e+02 | 50 -0.05249  1.11323e+03 | 51 -0.04447  1.41031e+02
 52 -0.03906  6.99780e+01 | 53 -0.03542  2.01243e+02 | 54 -0.02330  1.30437e+02
 55 -0.01188 -1.03972e+02 | 56 -0.00501 -2.29045e+02 | 57 -0.00208 -6.52953e+02
 58  0.01051  5.87259e+02 | 59  0.02291 -4.94993e+02 | 60  0.02388 -1.65933e+03
 61  0.01700 -3.79001e+02 | 62  0.01431 -9.90442e+01 | 63  0.01585  3.88930e+02
 64  0.01201 -1.06606e+02 | 65  0.01217 -5.65267e+02 | 66  0.01181 -8.13165e+02
 67  0.01348 -7.77342e+02 | 68  0.01725 -4.02406e+02 | 69  0.01977 -2.61755e+02
 70  0.02148  1.18668e+02 | 71  0.02583  1.05145e+03 | 72  0.02911  1.26036e+03
 73  0.02524  2.66624e+02 | 74  0.02234  3.42572e+02 | 75  0.02121  7.25278e+02
 76  0.05111  2.46090e+03 | 77 -0.62233 -6.12937e+03 | 78 -0.56665  2.00610e+03
2 0 20987.8
2 0 20987.7
2 0 20987.9
2 0 20987.7
2 0 20987.6
2 0 20987.6
2 0 20987.3
2 0 20987
2 0 20987.4
2 0 20987
2 0 20986.8
2 0 20986.6
2 0 20986.4
78 variables; iteration 70; function evaluation 96; phase 2
Function value   2.0986360e+04; maximum gradient component mag  -1.4785e+04
Var   Value    Gradient   |Var   Value    Gradient   |Var   Value    Gradient
  1 -0.63875 -1.81522e+02 |  2 -0.45754  3.04141e+02 |  3  0.27916 -1.50363e+02
  4  0.25970  2.22873e+02 |  5  0.17881  3.91346e+01 |  6  0.12737  1.94445e+01
  7  0.09519  2.66745e+01 |  8  0.06877  5.71779e+00 |  9  0.04814 -1.73294e+01
 10  0.03732  5.38160e+01 | 11  0.01383 -1.77434e+01 | 12 -0.00230 -6.91493e+00
 13 -0.01498 -1.58618e+01 | 14 -0.02189 -1.06641e+01 | 15 -0.02473 -6.60967e+00
 16 -0.02477  7.14472e-02 | 17 -0.02404  5.16345e+00 | 18  0.08647  1.55953e+03
 19 -0.02710 -6.66904e+02 | 20 -0.02783 -4.04161e+02 | 21 -0.01975 -1.04430e+02
 22 -0.01858 -2.72138e+02 | 23 -0.01413  5.44493e+02 | 24 -0.01221  5.19544e+01
 25 -0.01277 -6.68865e+02 | 26 -0.00767  3.79384e+02 | 27 -0.00830  2.02106e+02
 28 -0.00855 -3.89059e+02 | 29 -0.00303 -6.71087e+01 | 30 -0.00132 -3.36943e+02
 31  0.00103  1.41250e+03 | 32 -0.00194  2.87093e+02 | 33  0.00119 -1.42711e+03
 34  0.00558  1.64901e+02 | 35  0.00779 -3.34868e+02 | 36  0.00641  5.93883e+02
 37  0.01021  6.31263e+02 | 38  0.01264  3.43134e+02 | 39  0.01301  2.23860e+02
 40  0.01310  2.30815e+02 | 41  0.01358  1.46671e+02 | 42  0.01830 -3.59002e+02
 43  0.01366 -2.96191e+01 | 44  0.01729  8.46012e+01 | 45  0.01485  5.18671e+02
 46  0.01471 -6.12392e+02 | 47  0.15141 -1.47848e+04 | 48 -0.06326  2.20572e+02
 49 -0.05998 -4.23606e+02 | 50 -0.05236  1.13632e+03 | 51 -0.04428  1.95281e+02
 52 -0.03905  8.06749e+01 | 53 -0.03553  1.79853e+02 | 54 -0.02333  1.35190e+02
 55 -0.01187 -7.51480e+01 | 56 -0.00513 -2.29870e+02 | 57 -0.00208 -6.30469e+02
 58  0.01060  6.12329e+02 | 59  0.02292 -4.69213e+02 | 60  0.02382 -1.63282e+03
 61  0.01721 -3.19116e+02 | 62  0.01419 -9.76239e+01 | 63  0.01560  3.05694e+02
 64  0.01220 -7.28085e+01 | 65  0.01183 -6.19791e+02 | 66  0.01127 -9.03899e+02
 67  0.01368 -7.08232e+02 | 68  0.01733 -3.76278e+02 | 69  0.01965 -2.91904e+02
 70  0.02162  1.43305e+02 | 71  0.02569  9.97613e+02 | 72  0.02899  1.20403e+03
 73  0.02545  3.00866e+02 | 74  0.02190  2.30677e+02 | 75  0.02209  7.11142e+02
 76  0.05156  2.37040e+03 | 77 -0.62219 -5.99222e+03 | 78 -0.56648  1.96650e+03
2 0 20985.9
2 0 20986.4
2 0 20985.8
2 0 20985.5
2 0 20985.1
2 0 20984.5
2 0 20983.5
2 0 20981.6
2 0 20977.9
2 0 20960.8
2 0 23768.7
2 0 21131
2 0 20960.6
2 0 20960.3
2 0 20957.5
78 variables; iteration 80; function evaluation 111; phase 2
Function value   2.0957527e+04; maximum gradient component mag  -6.2200e+03
Var   Value    Gradient   |Var   Value    Gradient   |Var   Value    Gradient
  1 -0.62578  7.88349e+02 |  2 -0.47895 -7.44435e+01 |  3  0.28946  5.88300e+00
  4  0.26639 -1.16387e+02 |  5  0.18338 -3.43852e+01 |  6  0.12801 -1.70458e+01
  7  0.09367 -3.88354e+00 |  8  0.06937  9.44749e-01 |  9  0.04984 -9.78023e-01
 10  0.03378 -1.24908e+00 | 11  0.02027 -7.42633e+00 | 12  0.01056 -7.72256e-01
 13  0.00234  3.19918e+00 | 14 -0.00582 -9.57169e-01 | 15 -0.01284 -3.14208e+00
 16 -0.01820 -4.50203e+01 | 17 -0.00940  3.19171e+01 | 18  0.08862  4.56167e+02
 19 -0.01653  2.57420e+02 | 20 -0.02741 -8.28584e+02 | 21 -0.02033 -3.60876e+02
 22 -0.01907  1.86383e+02 | 23 -0.01493  3.02580e+02 | 24 -0.01291 -1.31047e+02
 25 -0.01251 -1.30124e+02 | 26 -0.00893  1.04685e+02 | 27 -0.00970  1.05576e+01
 28 -0.00915 -2.49931e+02 | 29 -0.00384 -1.17303e+02 | 30 -0.00177  1.24576e+02
 31 -0.00076  3.10124e+02 | 32 -0.00230  5.42360e+01 | 33  0.00245 -4.97750e+02
 34  0.00584  7.59438e+01 | 35  0.00877  2.74188e+02 | 36  0.00606  3.97552e+01
 37  0.00993  2.23621e+02 | 38  0.01230  1.95169e+02 | 39  0.01213  6.11863e+01
 40  0.01223  7.74446e+01 | 41  0.01301  2.55902e+01 | 42  0.01834 -1.41725e+02
 43  0.01375  2.74962e+02 | 44  0.01713  1.26339e+02 | 45  0.01410 -8.69316e+01
 46  0.01409 -2.04201e+02 | 47  0.15403 -6.21997e+03 | 48 -0.06225  7.72517e+01
 49 -0.05846 -7.11611e+01 | 50 -0.05353  5.56297e+02 | 51 -0.04428  1.21679e+02
 52 -0.03938  1.18720e+02 | 53 -0.03525  1.09428e+02 | 54 -0.02296  2.28516e+02
 55 -0.01193  2.36067e+02 | 56 -0.00515  5.36964e+01 | 57 -0.00124 -2.27518e+02
 58  0.00945  1.58828e+02 | 59  0.02303  1.94811e+02 | 60  0.02463 -3.39194e+02
 61  0.01681 -3.71459e+02 | 62  0.01382 -2.75083e+02 | 63  0.01412 -5.41738e+02
 64  0.01161 -3.11797e+02 | 65  0.01197 -1.53900e+02 | 66  0.01170 -3.04320e+02
 67  0.01356 -3.19565e+02 | 68  0.01686 -1.10078e+02 | 69  0.01901 -1.32276e+02
 70  0.02078 -8.47516e+01 | 71  0.02397  5.74355e+01 | 72  0.02682 -4.23438e+01
 73  0.02422 -1.02547e+02 | 74  0.02227 -1.01579e+02 | 75  0.02771  2.91201e+02
 76  0.06154  5.78062e+02 | 77 -0.61870 -2.33228e+03 | 78 -0.56255  9.04674e+02
2 0 20952
2 0 20944.7
2 0 20942.5
2 0 20941.7
2 0 20941.2
2 0 20940.9
2 0 20940.7
2 0 20940.5
2 0 20940.4
2 0 20940.3
78 variables; iteration 90; function evaluation 121; phase 2
Function value   2.0940342e+04; maximum gradient component mag   1.2596e+02
Var   Value    Gradient   |Var   Value    Gradient   |Var   Value    Gradient
  1 -0.62979  4.25718e+00 |  2 -0.49979 -2.74643e+00 |  3  0.29026  2.68685e+01
  4  0.26531  1.64178e+01 |  5  0.18139  3.42062e+00 |  6  0.12590  1.24429e+00
  7  0.09041  6.50775e-01 |  8  0.06574  4.42193e-01 |  9  0.04735  3.06375e-01
 10  0.03309  2.08611e-01 | 11  0.02184  1.80799e-01 | 12  0.01293  1.63949e-01
 13  0.00593  1.48112e-01 | 14  0.00057  1.13190e-01 | 15 -0.00333  9.19593e-02
 16 -0.00588  4.65082e-02 | 17 -0.00715 -1.51089e-02 | 18  0.08534 -3.65884e+00
 19 -0.02415 -5.52139e+01 | 20 -0.02681  1.95175e+01 | 21 -0.02015  1.26780e+01
 22 -0.02053  3.20563e+00 | 23 -0.01592 -5.51320e+00 | 24 -0.01307  8.85396e+00
 25 -0.01261 -2.02343e-02 | 26 -0.00932 -2.97763e-01 | 27 -0.00955  2.74975e+00
 28 -0.00805  1.79588e+00 | 29 -0.00330 -2.68543e+00 | 30 -0.00277  1.39074e+01
 31 -0.00137 -5.71445e+00 | 32 -0.00146  1.59013e+00 | 33  0.00451 -1.07724e+01
 34  0.00668  3.90463e+00 | 35  0.00889 -1.53162e+00 | 36  0.00571  1.52811e+00
 37  0.00954  1.78394e+00 | 38  0.01239 -1.96038e+00 | 39  0.01251  4.71122e-01
 40  0.01268  4.09344e+00 | 41  0.01394 -4.01541e-01 | 42  0.01954 -7.18439e-01
 43  0.01383  2.08536e+00 | 44  0.01794 -4.46183e+00 | 45  0.01576  1.02382e+01
 46  0.01516 -9.62747e-01 | 47  0.15851  1.25965e+02 | 48 -0.06067  1.54206e+01
 49 -0.05567  1.13462e+01 | 50 -0.05319 -3.73471e-01 | 51 -0.04359  7.22042e+00
 52 -0.03871  5.00356e-01 | 53 -0.03431 -1.36540e+00 | 54 -0.02273  2.45429e+00
 55 -0.01216  2.71625e+00 | 56 -0.00475  1.38743e+00 | 57  0.00043  5.91696e+00
 58  0.00960 -6.54752e+00 | 59  0.02222 -2.54901e+00 | 60  0.02474 -2.98648e+00
 61  0.01802  3.54016e+00 | 62  0.01436  5.09939e-02 | 63  0.01470 -3.72318e-01
 64  0.01172 -1.46439e+00 | 65  0.01147 -2.93377e+00 | 66  0.01138 -8.66918e-01
 67  0.01342  5.82756e-01 | 68  0.01620 -2.18444e+00 | 69  0.01845 -2.05713e+00
 70  0.02043  1.73132e+00 | 71  0.02323  5.87181e-01 | 72  0.02569  5.17294e+00
 73  0.02352 -5.33943e+00 | 74  0.02295 -8.87827e+00 | 75  0.02300 -5.29666e+00
 76  0.08816 -4.10963e+01 | 77 -0.62494  5.17404e+01 | 78 -0.59320 -1.39107e+01
2 0 20940.3
2 0 20940.3
2 0 20940.3
2 0 20940.3
2 0 20940.3
2 0 20940.3
2 0 20940.3
2 0 20940.3
2 0 20940.3
2 0 20940.3
78 variables; iteration 100; function evaluation 131; phase 2
Function value   2.0940313e+04; maximum gradient component mag  -2.0656e+00
Var   Value    Gradient   |Var   Value    Gradient   |Var   Value    Gradient
  1 -0.63144 -5.55243e-02 |  2 -0.50210  3.69867e-02 |  3  0.28964 -1.83435e-01
  4  0.26561 -8.16440e-02 |  5  0.18158 -2.55000e-02 |  6  0.12599 -1.24594e-02
  7  0.09046 -7.42288e-03 |  8  0.06576 -6.25307e-03 |  9  0.04735 -5.12946e-03
 10  0.03309 -1.43312e-03 | 11  0.02184 -3.99550e-03 | 12  0.01294 -9.99254e-04
 13  0.00596  1.48367e-04 | 14  0.00063 -6.70501e-04 | 15 -0.00324 -3.07574e-03
 16 -0.00576 -1.06923e-02 | 17 -0.00700  1.25633e-02 | 18  0.08516  1.77896e-01
 19 -0.02317  8.60827e-02 | 20 -0.02667  1.07009e-01 | 21 -0.02010 -1.27821e-01
 22 -0.02051 -1.16646e-02 | 23 -0.01591  5.08842e-02 | 24 -0.01310 -1.32521e-01
 25 -0.01263 -4.31148e-02 | 26 -0.00932  3.85840e-03 | 27 -0.00954 -4.95443e-02
 28 -0.00805 -5.80547e-02 | 29 -0.00332  3.91280e-02 | 30 -0.00280 -2.23806e-01
 31 -0.00139  2.36971e-01 | 32 -0.00150 -7.34593e-02 | 33  0.00447  8.45508e-02
 34  0.00661 -1.00928e-01 | 35  0.00882  4.94362e-02 | 36  0.00565  3.90232e-02
 37  0.00947  3.27162e-02 | 38  0.01231  6.24973e-02 | 39  0.01243  3.29041e-02
 40  0.01258 -2.95092e-02 | 41  0.01385  3.17199e-02 | 42  0.01945  5.22437e-02
 43  0.01373 -4.65885e-02 | 44  0.01784  1.62820e-01 | 45  0.01566 -6.97524e-02
 46  0.01515 -3.59482e-02 | 47  0.15795 -2.06562e+00 | 48 -0.06082 -9.30118e-02
 49 -0.05582 -7.63670e-02 | 50 -0.05330 -4.37521e-02 | 51 -0.04370 -1.00560e-01
 52 -0.03880 -8.75345e-03 | 53 -0.03439  2.52635e-02 | 54 -0.02280 -2.95513e-02
 55 -0.01222 -4.94735e-02 | 56 -0.00480 -2.02644e-02 | 57  0.00041 -1.75969e-02
 58  0.00959  1.23320e-01 | 59  0.02222 -2.00425e-02 | 60  0.02475  4.29239e-02
 61  0.01805 -1.27354e-02 | 62  0.01440  7.02013e-02 | 63  0.01475  7.44373e-02
 64  0.01176  4.37152e-02 | 65  0.01153  2.08907e-02 | 66  0.01145 -1.10562e-03
 67  0.01350 -1.72555e-02 | 68  0.01628  5.31908e-03 | 69  0.01854  4.77425e-03
 70  0.02053 -7.99906e-02 | 71  0.02332 -3.06985e-02 | 72  0.02578 -1.23363e-01
 73  0.02360 -3.12257e-03 | 74  0.02298  9.98574e-02 | 75  0.02298  8.63271e-02
 76  0.08528  4.74142e-01 | 77 -0.62748 -5.93603e-01 | 78 -0.60029  1.78478e-01
2 0 20940.3
2 0 20940.3
2 0 20940.3
2 0 20940.3
2 0 20940.3
2 0 20940.3
2 0 20940.3
2 0 20940.3
2 0 20940.3
2 0 20940.3
2 0 20940.3
2 0 20940.3
2 0 20940.3
2 0 20940.3
2 0 20940.3
2 0 20940.3
2 0 20940.3
2 0 20940.3
2 0 20940.3
2 0 20940.3
2 0 20940.3
2 0 20940.3
2 0 20940.3
2 0 20940.3
2 0 20940.3
2 0 20940.3
2 0 20940.3
2 0 20940.3
2 0 20940.3
2 0 20940.3
2 0 20940.3
2 0 20940.3
2 0 20940.3
2 0 20940.3
2 0 20940.3
2 0 20940.3
  ic > imax  in fminim is answer attained ?
Var   Value    Gradient   |Var   Value    Gradient   |Var   Value    Gradient
  1 -0.63143 -6.99494e-05 |  2 -0.50209  6.26502e-05 |  3  0.28965 -7.14867e-05
  4  0.26562 -4.98224e-05 |  5  0.18158 -1.04315e-05 |  6  0.12600 -4.72209e-06
  7  0.09046 -1.95618e-06 |  8  0.06577 -2.39178e-06 |  9  0.04736 -2.85009e-06
 10  0.03309  9.37233e-07 | 11  0.02184 -2.48470e-06 | 12  0.01294  4.37342e-07
 13  0.00596  1.12574e-06 | 14  0.00063 -2.35355e-08 | 15 -0.00324 -2.99020e-06
 16 -0.00575 -1.02016e-05 | 17 -0.00700  1.24484e-05 | 18  0.08516  6.94588e-04
 19 -0.02317 -4.45656e-05 | 20 -0.02667  3.23349e-05 | 21 -0.02010 -1.56299e-04
 22 -0.02051 -5.09108e-05 | 23 -0.01591  5.15975e-05 | 24 -0.01310 -1.09726e-04
 25 -0.01263 -3.60582e-05 | 26 -0.00932 -2.07813e-05 | 27 -0.00954 -5.19854e-05
 28 -0.00805 -6.27127e-06 | 29 -0.00332  4.04672e-05 | 30 -0.00280 -2.67863e-04
 31 -0.00139  1.72986e-04 | 32 -0.00150 -3.21304e-05 | 33  0.00447  2.77777e-04
 34  0.00661 -7.01511e-05 | 35  0.00882  5.74037e-05 | 36  0.00565  5.00081e-06
 37  0.00947 -1.60655e-05 | 38  0.01231  4.95949e-05 | 39  0.01243  3.38325e-05
 40  0.01258 -1.97859e-05 | 41  0.01385  6.52358e-05 | 42  0.01945  1.13224e-04
 43  0.01373 -2.20533e-05 | 44  0.01784  2.17092e-04 | 45  0.01566 -1.01081e-04
 46  0.01515 -7.10554e-05 | 47  0.15795 -1.17786e-04 | 48 -0.06082  2.92747e-05
 49 -0.05582  3.47224e-05 | 50 -0.05330  4.77668e-05 | 51 -0.04370  3.37995e-06
 52 -0.03880  3.07491e-05 | 53 -0.03439  7.01610e-05 | 54 -0.02280  2.29750e-05
 55 -0.01222  1.04852e-05 | 56 -0.00480  1.05202e-05 | 57  0.00041  2.53788e-06
 58  0.00959  1.85380e-04 | 59  0.02222  3.54720e-05 | 60  0.02475  9.99726e-05
 61  0.01805 -9.41328e-05 | 62  0.01439 -6.32341e-05 | 63  0.01475 -1.10610e-05
 64  0.01176  7.13701e-06 | 65  0.01153 -1.32988e-05 | 66  0.01145 -1.57507e-05
 67  0.01350 -1.38268e-05 | 68  0.01628 -2.13693e-05 | 69  0.01853 -3.22148e-05
 70  0.02053 -1.45306e-04 | 71  0.02332 -8.31544e-05 | 72  0.02578 -1.75980e-04
 73  0.02360 -4.19978e-05 | 74  0.02298  1.02254e-04 | 75  0.02298 -5.64219e-06
 76  0.08530  2.00874e-04 | 77 -0.62746 -1.47864e-03 | 78 -0.60025  4.26301e-04
Function minimizer not making progress ... is minimum attained?
Minimprove criterion =   0.0000e+00

 - final statistics:
78 variables; iteration 106; function evaluation 166
Function value   2.0940e+04; maximum gradient component mag  -1.4786e-03
Exit code = 1;  converg criter   1.0000e-03
Var   Value    Gradient   |Var   Value    Gradient   |Var   Value    Gradient
  1 -0.63143 -6.99494e-05 |  2 -0.50209  6.26502e-05 |  3  0.28965 -7.14867e-05
  4  0.26562 -4.98224e-05 |  5  0.18158 -1.04315e-05 |  6  0.12600 -4.72209e-06
  7  0.09046 -1.95618e-06 |  8  0.06577 -2.39178e-06 |  9  0.04736 -2.85009e-06
 10  0.03309  9.37233e-07 | 11  0.02184 -2.48470e-06 | 12  0.01294  4.37342e-07
 13  0.00596  1.12574e-06 | 14  0.00063 -2.35355e-08 | 15 -0.00324 -2.99020e-06
 16 -0.00575 -1.02016e-05 | 17 -0.00700  1.24484e-05 | 18  0.08516  6.94588e-04
 19 -0.02317 -4.45656e-05 | 20 -0.02667  3.23349e-05 | 21 -0.02010 -1.56299e-04
 22 -0.02051 -5.09108e-05 | 23 -0.01591  5.15975e-05 | 24 -0.01310 -1.09726e-04
 25 -0.01263 -3.60582e-05 | 26 -0.00932 -2.07813e-05 | 27 -0.00954 -5.19854e-05
 28 -0.00805 -6.27127e-06 | 29 -0.00332  4.04672e-05 | 30 -0.00280 -2.67863e-04
 31 -0.00139  1.72986e-04 | 32 -0.00150 -3.21304e-05 | 33  0.00447  2.77777e-04
 34  0.00661 -7.01511e-05 | 35  0.00882  5.74037e-05 | 36  0.00565  5.00081e-06
 37  0.00947 -1.60655e-05 | 38  0.01231  4.95949e-05 | 39  0.01243  3.38325e-05
 40  0.01258 -1.97859e-05 | 41  0.01385  6.52358e-05 | 42  0.01945  1.13224e-04
 43  0.01373 -2.20533e-05 | 44  0.01784  2.17092e-04 | 45  0.01566 -1.01081e-04
 46  0.01515 -7.10554e-05 | 47  0.15795 -1.17786e-04 | 48 -0.06082  2.92747e-05
 49 -0.05582  3.47224e-05 | 50 -0.05330  4.77668e-05 | 51 -0.04370  3.37995e-06
 52 -0.03880  3.07491e-05 | 53 -0.03439  7.01610e-05 | 54 -0.02280  2.29750e-05
 55 -0.01222  1.04852e-05 | 56 -0.00480  1.05202e-05 | 57  0.00041  2.53788e-06
 58  0.00959  1.85380e-04 | 59  0.02222  3.54720e-05 | 60  0.02475  9.99726e-05
 61  0.01805 -9.41328e-05 | 62  0.01439 -6.32341e-05 | 63  0.01475 -1.10610e-05
 64  0.01176  7.13701e-06 | 65  0.01153 -1.32988e-05 | 66  0.01145 -1.57507e-05
 67  0.01350 -1.38268e-05 | 68  0.01628 -2.13693e-05 | 69  0.01853 -3.22148e-05
 70  0.02053 -1.45306e-04 | 71  0.02332 -8.31544e-05 | 72  0.02578 -1.75980e-04
 73  0.02360 -4.19978e-05 | 74  0.02298  1.02254e-04 | 75  0.02298 -5.64219e-06
 76  0.08530  2.00874e-04 | 77 -0.62746 -1.47864e-03 | 78 -0.60025  4.26301e-04
2 0 20940.3
B037222
0.3 0.660498
0.566141 0.529272
0.856122 0.450119
1.10102 0.40762
1.28228 0.384285
1.40789 0.370882
1.49189 0.362907
1.5469 0.358052
1.58249 0.355052
1.60534 0.353181
1.61993 0.352008
1.62922 0.351269
1.63512 0.350803
1.63887 0.350508
1.64125 0.350322
1.64276 0.350204
1.64372 0.350129
1.64432 0.350082
1.64471 0.350052
1.64495 0.350033
1.6451 0.350033
Survey Bio28.323
Survey len10400.6
CPUE67.0913
Catch3.32261
Catch len10417.1
initsmo_penal20.4419
F_pen0.852339
Rec_pen2.52138
M_pen0


Starting time: Sun Jun 17 17:26:47 2018
Finishing time: Sun Jun 17 17:27:45 2018
This run took: 0 hours, 0 minutes, 58 seconds.

