survYears 69 70 71 72 73 74 75 76 77 78 79 80 81 82 83 84 85 86 87 88 89 90 91 92 93 94 95 96 97
SurvLenYear 69 70 71 72 73 74 75 76 77 78 79 80 81 82 83 84 85 86 87 88 89 90 91 92 93 94 95 96 97
catchBiomass 5500.52 6143.57 6712.88 10346.8 14279.6 18820.4 21832.5 28519.6 28996.5 38583.6 50776.6 59519.4 74329.8 93393.2 108460 89203.8 82951.8 77215 76540.9 80055.6 79634.8 87119.5 87815.7 99598.1 105650 118738 106017 104775 0.963628
steep0.999
25
Out
1 0 81458.8

Initial statistics: 75 variables; iteration 0; function evaluation 0; phase 1
Function value   8.1458802e+04; maximum gradient component mag  -3.3009e+05
Var   Value    Gradient   |Var   Value    Gradient   |Var   Value    Gradient
  1  0.22486  4.11815e+02 |  2  0.21277  1.12838e+03 |  3  0.19851  1.83267e+03
  4  0.18533  1.84609e+03 |  5  0.16757  1.39447e+03 |  6  0.16750  1.65759e+03
  7  0.15643  1.42282e+03 |  8  0.13313  8.07438e+02 |  9  0.13132  9.34020e+02
 10  0.11457  6.51674e+02 | 11  0.09129  3.10796e+02 | 12  0.08962  4.14457e+02
 13  0.07621  3.25437e+02 | 14  0.04933 -1.42055e+02 | 15  0.11173  8.50297e+02
 16  0.00494  1.11237e+04 | 17  0.00000 -1.82134e+04 | 18  0.00000 -2.20883e+03
 19  0.00000 -8.47672e+01 | 20  0.00000 -2.40048e+02 | 21  0.00000  6.47463e+02
 22  0.00000  5.64636e+02 | 23  0.00000  2.96752e+03 | 24  0.00000  1.81113e+03
 25  0.00000  7.99231e+03 | 26  0.00000  9.06304e+03 | 27  0.00000  9.24977e+03
 28  0.00000  1.11908e+04 | 29  0.00000  1.11326e+04 | 30  0.00000  7.74740e+03
 31  0.00000  1.69698e+03 | 32  0.00000  3.37975e+03 | 33  0.00000  3.72297e+03
 34  0.00000  5.22572e+03 | 35  0.00000  6.26089e+03 | 36  0.00000  5.79936e+03
 37  0.00000  7.53541e+03 | 38  0.00000  6.69593e+03 | 39  0.00000  7.95933e+03
 40  0.00000  4.47056e+03 | 41  0.00000 -2.59794e+03 | 42  0.00000 -2.55506e+04
 43  0.00000 -7.23338e+04 | 44  0.00000 -1.59595e+05 | 45  0.00000  1.65711e+05
 46  0.08450 -3.30088e+05 | 47  0.00000  4.10713e+04 | 48  0.00000  2.74217e+04
 49  0.00000  2.10287e+04 | 50  0.00000  1.53431e+04 | 51  0.00000  9.53158e+03
 52  0.00000  5.18076e+03 | 53  0.00000  3.30927e+02 | 54  0.00000 -6.20156e+03
 55  0.00000 -1.42200e+04 | 56  0.00000 -1.82721e+04 | 57  0.00000 -2.30230e+04
 58  0.00000 -2.77430e+04 | 59  0.00000 -2.66494e+04 | 60  0.00000 -2.22907e+04
 61  0.00000 -2.10821e+04 | 62  0.00000 -2.10422e+04 | 63  0.00000 -2.13371e+04
 64  0.00000 -2.25972e+04 | 65  0.00000 -2.23933e+04 | 66  0.00000 -2.49751e+04
 67  0.00000 -2.61004e+04 | 68  0.00000 -2.57963e+04 | 69  0.00000 -2.35338e+04
 70  0.00000 -1.18735e+04 | 71  0.00000  1.99585e+04 | 72  0.00000  7.87103e+04
 73  0.00000  9.40954e+04 | 74  0.00000  3.11473e+04 | 75  0.00000  1.53111e+04
1 0 81458.8
1 0 81458.6
1 0 81456.6
1 0 81436.6
1 0 81237.5
1 0 79325
1 0 74978.6
1 0 40985.6
1 0 64472.1
1 0 28722.7
1 0 72918.5
1 0 26483.1
1 0 25100.5
1 0 26971
1 0 24646.3
1 0 25698.4
1 0 24529.9
1 0 24438.9
1 0 24689.2
1 0 24418.7
1 0 24400.4

Intermediate statistics: 75 variables; iteration 10; function evaluation 21; phase 1
Function value   2.4400929e+04; maximum gradient component mag  -3.2509e+04
Var   Value    Gradient   |Var   Value    Gradient   |Var   Value    Gradient
  1  0.25132  2.80078e+03 |  2  0.23086  1.87571e+03 |  3  0.19457  1.16444e+03
  4  0.17654  1.08793e+03 |  5  0.16146  8.85161e+02 |  6  0.15895  1.00297e+03
  7  0.14884  8.78500e+02 |  8  0.13030  5.54678e+02 |  9  0.12569  6.01945e+02
 10  0.11075  4.36627e+02 | 11  0.09110  2.27531e+02 | 12  0.08660  2.83355e+02
 13  0.07368  2.07503e+02 | 14  0.05651 -7.83788e+01 | 15  0.10309  5.40138e+02
 16  0.09672  1.00067e+04 | 17 -0.01489 -1.62571e+04 | 18 -0.01566  1.64841e+03
 19 -0.01354  1.33322e+03 | 20 -0.00997  2.47261e+02 | 21 -0.00504  2.70381e+02
 22  0.00191  6.04760e+02 | 23  0.00376  1.66857e+03 | 24  0.00915  9.46835e+02
 25  0.01329  2.03955e+03 | 26  0.01781  2.47348e+03 | 27  0.01606  2.67617e+03
 28  0.01882  1.66727e+03 | 29  0.01866  1.37852e+03 | 30  0.01091  1.76335e+03
 31  0.00914  9.02239e+02 | 32  0.01288  1.36858e+03 | 33  0.01760  1.39494e+03
 34  0.01839  1.86447e+03 | 35  0.01813  1.77895e+03 | 36  0.02037  2.24576e+03
 37  0.02490  1.59357e+03 | 38  0.02596  1.94873e+03 | 39  0.02617  1.53576e+03
 40  0.03032  1.77169e+02 | 41  0.02663 -7.53309e+02 | 42  0.02139 -3.83786e+03
 43  0.00508 -1.16984e+04 | 44  0.02229 -2.51825e+04 | 45 -0.33973  2.47256e+04
 46  0.13463 -3.25094e+04 | 47 -0.06762  4.26161e+03 | 48 -0.04965  3.31298e+03
 49 -0.04805  6.98744e+02 | 50 -0.04011  2.03530e+02 | 51 -0.02981 -2.87037e+02
 52 -0.02572 -1.17097e+03 | 53 -0.02387 -1.85520e+03 | 54 -0.01925 -2.47879e+03
 55  0.00043 -2.80271e+03 | 56 -0.00058 -3.93146e+03 | 57  0.00277 -3.75232e+03
 58  0.02487 -1.94693e+03 | 59  0.02437 -2.40945e+03 | 60  0.00694 -3.65500e+03
 61  0.00718 -3.73277e+03 | 62  0.01084 -3.67676e+03 | 63  0.00885 -3.89125e+03
 64  0.01396 -3.92533e+03 | 65  0.00414 -4.55024e+03 | 66  0.01548 -4.17593e+03
 67  0.01847 -3.94769e+03 | 68  0.01428 -3.62744e+03 | 69  0.02673 -1.53509e+03
 70  0.03255  1.58829e+03 | 71  0.03882  7.09724e+03 | 72  0.02650  1.32833e+04
 73  0.00239  1.12480e+04 | 74  0.03399  1.42869e+04 | 75 -0.00915  1.27220e+03
1 0 24436.3
1 0 24396
1 0 24397.2
1 0 24393.9
1 0 24394.8
1 0 24393.1
1 0 24392.4
1 0 24391.6
1 0 24390.1
1 0 24387.3
1 0 24382.1
1 0 24377.2
1 0 24400.9
1 0 24376.3
75 variables; iteration 20; function evaluation 35; phase 1
Function value   2.4376585e+04; maximum gradient component mag  -3.0356e+04
Var   Value    Gradient   |Var   Value    Gradient   |Var   Value    Gradient
  1  0.26022  2.20398e+03 |  2  0.25972  1.46511e+03 |  3  0.23118  9.71776e+02
  4  0.19900  6.18057e+02 |  5  0.17700  4.31476e+02 |  6  0.17175  5.15906e+02
  7  0.15779  4.10056e+02 |  8  0.13908  2.61265e+02 |  9  0.12619  2.30637e+02
 10  0.11042  1.50466e+02 | 11  0.09814  1.37885e+02 | 12  0.08233  6.86779e+01
 13  0.07310 -1.96698e+01 | 14  0.09252  2.08337e+02 | 15  0.08445  7.26086e+01
 16  0.10325  1.15510e+04 | 17  0.00271 -1.43162e+04 | 18 -0.00919  4.49473e+02
 19 -0.00591  1.75688e+03 | 20 -0.00560  6.65493e+02 | 21 -0.00329  3.00147e+02
 22  0.00140  2.99792e+02 | 23  0.00231  1.22150e+03 | 24  0.00795  6.26150e+02
 25  0.01231  2.16731e+03 | 26  0.01591  2.04896e+03 | 27  0.01438  2.40161e+03
 28  0.01800  1.91919e+03 | 29  0.01746  1.23546e+03 | 30  0.00957  2.01042e+03
 31  0.00657  2.14615e+02 | 32  0.01040  6.47284e+02 | 33  0.01584  1.28687e+03
 34  0.01641  1.40850e+03 | 35  0.01625  1.61260e+03 | 36  0.01743  1.41991e+03
 37  0.02292  1.53612e+03 | 38  0.02407  1.96056e+03 | 39  0.02352  1.45109e+03
 40  0.02910  6.21838e+02 | 41  0.02779 -3.50033e+02 | 42  0.02248 -3.61390e+03
 43  0.00175 -1.24280e+04 | 44  0.02094 -2.38100e+04 | 45 -0.34540  2.43932e+04
 46  0.13633 -3.03559e+04 | 47 -0.06730  4.34796e+03 | 48 -0.04725  4.52949e+03
 49 -0.04516  1.87272e+03 | 50 -0.03787  1.32827e+03 | 51 -0.02923  6.26819e+02
 52 -0.02607 -4.45115e+02 | 53 -0.02395 -1.21212e+03 | 54 -0.01969 -2.27345e+03
 55 -0.00070 -2.70823e+03 | 56 -0.00162 -3.85099e+03 | 57  0.00072 -4.14354e+03
 58  0.02354 -2.59425e+03 | 59  0.02284 -3.19836e+03 | 60  0.00487 -3.95365e+03
 61  0.00605 -3.60918e+03 | 62  0.00944 -3.71370e+03 | 63  0.00777 -3.87362e+03
 64  0.01289 -3.98498e+03 | 65  0.00297 -4.40285e+03 | 66  0.01389 -4.18930e+03
 67  0.01712 -4.40493e+03 | 68  0.01212 -4.38470e+03 | 69  0.02266 -3.12426e+03
 70  0.02895 -1.77330e+02 | 71  0.03991  6.89937e+03 | 72  0.02478  1.24322e+04
 73  0.00577  1.24066e+04 | 74  0.03672  1.46054e+04 | 75  0.00585  1.25014e+03
1 0 24375.7
1 0 24375.7
1 0 24376.2
1 0 24375.7
1 0 24376
1 0 24375.8
1 0 24375.6
1 0 24375.4
1 0 24375.4
1 0 24375.4
1 0 24375.3
1 0 24375.3
1 0 24375.3
1 0 24375.2
75 variables; iteration 30; function evaluation 49; phase 1
Function value   2.4375523e+04; maximum gradient component mag  -3.0148e+04
Var   Value    Gradient   |Var   Value    Gradient   |Var   Value    Gradient
  1  0.25819  1.97661e+03 |  2  0.25938  1.46892e+03 |  3  0.23171  9.93722e+02
  4  0.20229  6.82574e+02 |  5  0.18047  4.83099e+02 |  6  0.17269  5.23178e+02
  7  0.15836  4.14411e+02 |  8  0.14033  2.81444e+02 |  9  0.12483  2.14776e+02
 10  0.10967  1.46972e+02 | 11  0.09844  1.44673e+02 | 12  0.08205  4.99712e+01
 13  0.07790  1.13233e+01 | 14  0.09577  2.43211e+02 | 15  0.07840  2.95795e+01
 16  0.10267  1.13552e+04 | 17  0.00254 -1.44503e+04 | 18 -0.00997  3.04823e+02
 19 -0.00631  1.73189e+03 | 20 -0.00576  5.79499e+02 | 21 -0.00296  4.30360e+02
 22  0.00178  4.33998e+02 | 23  0.00253  1.22560e+03 | 24  0.00805  6.70477e+02
 25  0.01230  2.15326e+03 | 26  0.01600  2.11342e+03 | 27  0.01449  2.39663e+03
 28  0.01822  1.97103e+03 | 29  0.01774  1.33997e+03 | 30  0.00976  2.03226e+03
 31  0.00646 -1.33286e+01 | 32  0.01061  7.52614e+02 | 33  0.01598  1.31534e+03
 34  0.01655  1.41714e+03 | 35  0.01639  1.66892e+03 | 36  0.01760  1.55914e+03
 37  0.02293  1.54119e+03 | 38  0.02413  1.94360e+03 | 39  0.02326  1.44308e+03
 40  0.02914  7.07860e+02 | 41  0.02801 -3.41022e+02 | 42  0.02237 -3.71458e+03
 43  0.00179 -1.24205e+04 | 44  0.02076 -2.37063e+04 | 45 -0.34579  2.44216e+04
 46  0.13657 -3.01484e+04 | 47 -0.06737  4.44055e+03 | 48 -0.04773  4.45513e+03
 49 -0.04548  1.90066e+03 | 50 -0.03800  1.35337e+03 | 51 -0.02943  5.75084e+02
 52 -0.02603 -4.04716e+02 | 53 -0.02416 -1.23289e+03 | 54 -0.01981 -2.25664e+03
 55 -0.00097 -2.73867e+03 | 56 -0.00182 -3.85029e+03 | 57  0.00057 -4.13393e+03
 58  0.02333 -2.63363e+03 | 59  0.02278 -3.17531e+03 | 60  0.00474 -3.83126e+03
 61  0.00599 -3.53431e+03 | 62  0.00926 -3.68741e+03 | 63  0.00771 -3.82614e+03
 64  0.01270 -3.98168e+03 | 65  0.00280 -4.48185e+03 | 66  0.01341 -4.32036e+03
 67  0.01703 -4.42347e+03 | 68  0.01211 -4.38459e+03 | 69  0.02178 -3.27360e+03
 70  0.02907 -1.67443e+02 | 71  0.03971  7.00724e+03 | 72  0.02453  1.24766e+04
 73  0.00566  1.23157e+04 | 74  0.03704  1.45949e+04 | 75  0.01059  1.26637e+03
1 0 24375.3
1 0 24375.2
1 0 24375.1
1 0 24375
1 0 24375
1 0 24374.9
1 0 24374.8
1 0 24374.6
1 0 24374.5
1 0 24374.5
1 0 24374.4
1 0 24374.3
75 variables; iteration 40; function evaluation 61; phase 1
Function value   2.4374636e+04; maximum gradient component mag  -3.0156e+04
Var   Value    Gradient   |Var   Value    Gradient   |Var   Value    Gradient
  1  0.25817  1.95219e+03 |  2  0.25981  1.46502e+03 |  3  0.23345  1.03620e+03
  4  0.20044  6.34140e+02 |  5  0.17913  4.56585e+02 |  6  0.17345  5.32295e+02
  7  0.15910  4.19652e+02 |  8  0.14005  2.70351e+02 |  9  0.12545  2.20930e+02
 10  0.10946  1.41059e+02 | 11  0.09847  1.27870e+02 | 12  0.08708  7.45947e+01
 13  0.08344  4.95906e+01 | 14  0.09335  2.14667e+02 | 15  0.07428  1.51693e+01
 16  0.10265  1.13712e+04 | 17  0.00274 -1.44008e+04 | 18 -0.00988  2.82047e+02
 19 -0.00626  1.71698e+03 | 20 -0.00567  6.11957e+02 | 21 -0.00291  4.22539e+02
 22  0.00166  4.34554e+02 | 23  0.00221  1.17882e+03 | 24  0.00803  6.37528e+02
 25  0.01242  2.13698e+03 | 26  0.01606  2.06056e+03 | 27  0.01452  2.45867e+03
 28  0.01809  1.94607e+03 | 29  0.01769  1.39799e+03 | 30  0.00953  1.92852e+03
 31  0.00636 -7.74047e+01 | 32  0.01064  7.91995e+02 | 33  0.01610  1.43457e+03
 34  0.01652  1.39153e+03 | 35  0.01632  1.58092e+03 | 36  0.01759  1.53452e+03
 37  0.02313  1.55837e+03 | 38  0.02460  2.09745e+03 | 39  0.02342  1.41538e+03
 40  0.02903  7.07167e+02 | 41  0.02776 -4.04420e+02 | 42  0.02233 -3.68152e+03
 43  0.00167 -1.24751e+04 | 44  0.02072 -2.36587e+04 | 45 -0.34595  2.44039e+04
 46  0.13679 -3.01561e+04 | 47 -0.06742  4.47821e+03 | 48 -0.04786  4.48011e+03
 49 -0.04572  1.87117e+03 | 50 -0.03799  1.39459e+03 | 51 -0.02945  5.87156e+02
 52 -0.02672 -5.60255e+02 | 53 -0.02437 -1.24126e+03 | 54 -0.01999 -2.23768e+03
 55 -0.00088 -2.59948e+03 | 56 -0.00194 -3.82690e+03 | 57  0.00036 -4.15732e+03
 58  0.02308 -2.73890e+03 | 59  0.02242 -3.24157e+03 | 60  0.00454 -3.82462e+03
 61  0.00575 -3.57120e+03 | 62  0.00897 -3.82030e+03 | 63  0.00741 -3.92738e+03
 64  0.01255 -3.96888e+03 | 65  0.00262 -4.45270e+03 | 66  0.01315 -4.28979e+03
 67  0.01701 -4.44779e+03 | 68  0.01219 -4.38178e+03 | 69  0.02170 -3.27270e+03
 70  0.02871 -2.20393e+02 | 71  0.03943  6.93476e+03 | 72  0.02435  1.24743e+04
 73  0.00550  1.22671e+04 | 74  0.03704  1.45870e+04 | 75  0.01486  1.27542e+03
1 0 24374.1
1 0 24373.8
1 0 24373.2
1 0 24372.4
1 0 24372.5
1 0 24372
1 0 24371.3
1 0 24368.1
1 0 24365.3
1 0 24360.7
1 0 24369.2
1 0 24359.5
1 0 24357.3
75 variables; iteration 50; function evaluation 74; phase 1
Function value   2.4357620e+04; maximum gradient component mag  -2.9943e+04
Var   Value    Gradient   |Var   Value    Gradient   |Var   Value    Gradient
  1  0.25780  1.91134e+03 |  2  0.25907  1.42034e+03 |  3  0.23216  1.02104e+03
  4  0.19191  4.41693e+02 |  5  0.18840  6.79593e+02 |  6  0.16507  3.88627e+02
  7  0.15163  3.32304e+02 |  8  0.14126  3.07550e+02 |  9  0.12594  1.77010e+02
 10  0.12363  1.79522e+02 | 11  0.13299  3.78603e+02 | 12  0.11094  1.98869e+02
 13  0.08105 -4.11176e+01 | 14  0.09089  2.45695e+02 | 15  0.06024 -4.49037e+01
 16  0.10254  1.11961e+04 | 17  0.00273 -1.43838e+04 | 18 -0.00995  3.18773e+02
 19 -0.00662  1.57230e+03 | 20 -0.00592  6.10674e+02 | 21 -0.00242  9.47003e+02
 22  0.00127 -4.61990e+00 | 23  0.00184  1.10487e+03 | 24  0.00775  1.00131e+03
 25  0.01259  2.05173e+03 | 26  0.01640  2.28954e+03 | 27  0.01409  2.06311e+03
 28  0.01811  2.15096e+03 | 29  0.01698  1.17600e+03 | 30  0.00911  1.79058e+03
 31  0.00628 -2.24046e+02 | 32  0.00999  8.30071e+01 | 33  0.01678  2.02823e+03
 34  0.01754  2.13058e+03 | 35  0.01613  1.18218e+03 | 36  0.01860  1.60638e+03
 37  0.02395  1.51836e+03 | 38  0.02419  2.05956e+03 | 39  0.02255  1.26878e+03
 40  0.02892  7.31942e+02 | 41  0.02756 -3.62421e+02 | 42  0.02250 -3.59252e+03
 43  0.00201 -1.23383e+04 | 44  0.02114 -2.34613e+04 | 45 -0.34565  2.41083e+04
 46  0.13662 -2.99432e+04 | 47 -0.06703  4.59509e+03 | 48 -0.04746  4.69731e+03
 49 -0.04575  1.83635e+03 | 50 -0.03869  9.25821e+02 | 51 -0.02885  7.48052e+02
 52 -0.02598 -3.31744e+02 | 53 -0.02598 -1.78997e+03 | 54 -0.01983 -2.36524e+03
 55 -0.00082 -2.83961e+03 | 56 -0.00176 -3.73490e+03 | 57  0.00091 -4.09484e+03
 58  0.02307 -2.76930e+03 | 59  0.02219 -3.17544e+03 | 60  0.00504 -3.58144e+03
 61  0.00672 -2.88198e+03 | 62  0.00902 -3.71779e+03 | 63  0.00736 -4.45559e+03
 64  0.01214 -4.24397e+03 | 65  0.00277 -4.35298e+03 | 66  0.01483 -3.82334e+03
 67  0.01799 -4.07542e+03 | 68  0.01121 -4.35831e+03 | 69  0.02234 -3.12927e+03
 70  0.02834 -3.45450e+02 | 71  0.03949  6.78721e+03 | 72  0.02468  1.24306e+04
 73  0.00535  1.21180e+04 | 74  0.03649  1.44274e+04 | 75  0.01179  1.25693e+03
1 0 24353.3
1 0 24345.4
1 0 24299.9
1 0 24336.7
1 0 24280.7
1 0 24255.2
1 0 24226.3
1 0 24173.6
1 0 24078.4
1 0 23929.7
1 0 23895.5
1 0 23839.5
1 0 23689.7
75 variables; iteration 60; function evaluation 87; phase 1
Function value   2.3689741e+04; maximum gradient component mag  -1.6759e+04
Var   Value    Gradient   |Var   Value    Gradient   |Var   Value    Gradient
  1  0.26058  1.79284e+03 |  2  0.25789  1.11170e+03 |  3  0.22273  6.78889e+02
  4  0.19550  5.49373e+02 |  5  0.16936  2.73590e+02 |  6  0.17621  6.27945e+02
  7  0.14025  1.51985e+02 |  8  0.13322  1.79372e+02 |  9  0.13990  2.95954e+02
 10  0.13994  3.28178e+02 | 11  0.12724  3.17449e+02 | 12  0.08535 -2.38123e+01
 13  0.07777  2.35772e+02 | 14  0.02146 -3.28849e+00 | 15 -0.02753 -1.56480e+02
 16  0.08730  5.00681e+03 | 17  0.00542 -1.02403e+04 | 18 -0.01296 -2.26473e+01
 19 -0.01277  4.28180e+02 | 20 -0.00955 -9.16462e+01 | 21 -0.00424  1.06009e+03
 22 -0.00124 -9.23573e+02 | 23  0.00162  9.88450e+02 | 24  0.00747  4.97773e+02
 25  0.01017  1.78881e+03 | 26  0.01433  1.32624e+03 | 27  0.01321  1.06941e+03
 28  0.01664  1.15725e+03 | 29  0.01913  2.80538e+03 | 30  0.01037  5.61395e+02
 31  0.01094 -5.84488e+02 | 32  0.01514  7.28529e+02 | 33  0.02282  1.73350e+03
 34  0.01774  7.30162e+02 | 35  0.00840 -1.14739e+03 | 36  0.01095  1.60227e+02
 37  0.02400  9.93830e+02 | 38  0.02395  1.59477e+03 | 39  0.02322  2.10441e+03
 40  0.02365 -4.77542e+02 | 41  0.02728  4.95962e+02 | 42  0.02804 -6.06686e+02
 43  0.01371 -7.03331e+03 | 44  0.02741 -1.41301e+04 | 45 -0.34959  1.42851e+04
 46  0.13174 -1.67589e+04 | 47 -0.06346  3.46978e+03 | 48 -0.04670  3.03592e+03
 49 -0.04349  1.29867e+03 | 50 -0.03603  5.53287e+02 | 51 -0.02661  6.82900e+02
 52 -0.02286 -1.15716e+02 | 53 -0.01972 -8.13075e+02 | 54 -0.01631 -2.11016e+03
 55  0.00296 -1.63406e+03 | 56  0.00310 -2.02993e+03 | 57  0.00863 -1.72629e+03
 58  0.02695 -1.40373e+03 | 59  0.02498 -1.96080e+03 | 60  0.01433 -1.47337e+03
 61  0.01057 -1.96257e+03 | 62  0.01894 -8.62393e+02 | 63  0.02078 -1.50234e+02
 64  0.01611 -1.16969e+03 | 65 -0.00574 -4.54623e+03 | 66  0.02311 -9.33533e+02
 67  0.02043 -2.70498e+03 | 68  0.01971 -3.47378e+03 | 69  0.02350 -3.13803e+03
 70  0.02751 -1.69439e+03 | 71  0.03921  2.49440e+03 | 72  0.02863  7.16197e+03
 73  0.00642  6.88039e+03 | 74  0.02835  8.28614e+03 | 75 -0.08347  1.29967e+02
1 0 23526.8
1 0 24306.4
1 0 23499.2
1 0 23451.7
1 0 23438.8
1 0 23446.5
1 0 23433.9
1 0 23425.1
1 0 23444.1
1 0 23423
1 0 23419.1
1 0 23412.9
1 0 23424.7
1 0 23411.3
75 variables; iteration 70; function evaluation 101; phase 1
Function value   2.3411322e+04; maximum gradient component mag   8.4345e+03
Var   Value    Gradient   |Var   Value    Gradient   |Var   Value    Gradient
  1  0.25426  1.18545e+03 |  2  0.24230  6.62402e+02 |  3  0.19744  3.96804e+02
  4  0.17170  3.98028e+02 |  5  0.14751  1.65593e+02 |  6  0.16115  5.19144e+02
  7  0.14716  3.41197e+02 |  8  0.13417  2.82003e+02 |  9  0.11885  1.05510e+02
 10  0.13420  3.75961e+02 | 11  0.12619  3.97923e+02 | 12  0.07529 -3.28728e+01
 13  0.05980  7.40950e+01 | 14  0.03969 -1.22840e+02 | 15  0.06789  1.65410e+02
 16  0.07232  6.44541e+02 | 17  0.00258 -6.54749e+03 | 18 -0.01285  9.64700e+01
 19 -0.01385  4.36634e+01 | 20 -0.00999 -9.90990e+01 | 21 -0.00606  1.01611e+02
 22 -0.00206 -9.64012e+02 | 23  0.00106  7.10436e+02 | 24  0.00729 -1.03516e+02
 25  0.01047  1.56409e+03 | 26  0.01513  1.43665e+03 | 27  0.01391  7.91149e+02
 28  0.01880  1.86188e+03 | 29  0.02412  3.10150e+03 | 30  0.01299  1.73838e+02
 31  0.00914 -1.55081e+03 | 32  0.01540  3.56674e+02 | 33  0.02101  7.80109e+02
 34  0.01558 -9.22829e+02 | 35  0.01300 -3.48815e+02 | 36  0.01988 -2.96750e+02
 37  0.01664  1.95820e+01 | 38  0.02388  1.21600e+03 | 39  0.02045  8.68382e+02
 40  0.02345 -6.73149e+02 | 41  0.02451  6.32756e+02 | 42  0.02980  2.51947e+02
 43  0.02041 -3.05771e+03 | 44  0.02772 -8.02019e+03 | 45 -0.35900  8.43454e+03
 46  0.13678 -8.17986e+03 | 47 -0.06621  3.15626e+03 | 48 -0.05131  2.17456e+03
 49 -0.04727  1.06980e+03 | 50 -0.03963  8.66289e+02 | 51 -0.03113  6.88132e+02
 52 -0.02760 -1.17101e+02 | 53 -0.02367 -4.04819e+02 | 54 -0.01845 -1.28831e+03
 55 -0.00055 -9.08381e+02 | 56  0.00084 -1.16309e+03 | 57  0.00037 -2.66640e+03
 58  0.02504 -6.31060e+02 | 59  0.02642  3.42492e+02 | 60  0.00353 -2.45587e+03
 61  0.00943 -9.12427e+02 | 62  0.01517  3.25912e+01 | 63  0.01579  1.32088e+03
 64  0.00407 -2.39023e+03 | 65  0.01946  2.67675e+03 | 66  0.00780 -2.45904e+03
 67  0.02043 -9.63767e+02 | 68  0.01234 -3.03074e+03 | 69  0.02431 -1.11907e+03
 70  0.01846 -2.91460e+03 | 71  0.03252  6.41267e+02 | 72  0.02258  2.83527e+03
 73  0.00346  2.93902e+03 | 74  0.02411  4.28995e+03 | 75  0.01950  3.57465e+02
1 0 23408.6
1 0 23419.6
1 0 23408.2
1 0 23408
1 0 23407.7
1 0 23410.9
1 0 23407.7
1 0 23407.7
1 0 23407.6
1 0 23407.1
1 0 23401.5
1 0 23349.2
1 0 23248.9
1 0 23145.8
1 0 23154.9
1 0 23138
75 variables; iteration 80; function evaluation 117; phase 1
Function value   2.3138000e+04; maximum gradient component mag   3.1887e+03
Var   Value    Gradient   |Var   Value    Gradient   |Var   Value    Gradient
  1  0.25687 -1.92148e+01 |  2  0.25448  7.06164e+01 |  3  0.20198  1.32386e+02
  4  0.17018  1.59536e+02 |  5  0.15184  1.27121e+02 |  6  0.14779  2.08211e+02
  7  0.13403  1.40027e+02 |  8  0.12105  1.01486e+02 |  9  0.11194  7.40816e+01
 10  0.11014  1.24642e+02 | 11  0.10010  9.99592e+01 | 12  0.08409  3.72547e+01
 13  0.07419  4.23437e+01 | 14  0.06554 -1.56299e+01 | 15  0.07333  7.24396e+01
 16  0.06988 -7.26619e+02 | 17  0.00986 -6.89252e+02 | 18 -0.00856  2.98818e+02
 19 -0.00988  1.99774e+02 | 20 -0.00695 -6.91120e+01 | 21 -0.00363  1.19411e+02
 22  0.00135  1.27186e+02 | 23  0.00153 -3.94672e+01 | 24  0.00761  9.02594e+01
 25  0.00568 -3.76562e+01 | 26  0.00875  1.79835e+01 | 27  0.00989  5.61570e+01
 28  0.00982 -2.33245e+02 | 29  0.01088  4.78000e+01 | 30  0.01109  4.00401e+01
 31  0.01631 -1.06186e+02 | 32  0.01679  1.05375e+02 | 33  0.01868  1.11398e+01
 34  0.01775 -1.44750e+02 | 35  0.01729 -1.21655e+02 | 36  0.01944  5.78080e+01
 37  0.02096 -7.16429e+01 | 38  0.02305 -7.64782e+01 | 39  0.02215  2.77390e+01
 40  0.02571 -2.45389e+02 | 41  0.02461 -2.39670e+02 | 42  0.02628 -1.98418e+02
 43  0.02514  8.43797e+01 | 44  0.03046  2.48625e+02 | 45 -0.37336  4.34775e+02
 46  0.13864  3.18867e+03 | 47 -0.07130 -1.30023e+02 | 48 -0.05412 -2.62192e+02
 49 -0.04853 -1.42118e+02 | 50 -0.04111 -1.80702e+02 | 51 -0.03204 -2.62100e+02
 52 -0.02735 -1.44512e+02 | 53 -0.02254 -1.34773e+02 | 54 -0.01605  2.57454e+01
 55 -0.00298 -1.16133e+02 | 56  0.00103 -3.22926e+00 | 57  0.00769  4.06494e+02
 58  0.01814  8.05616e+01 | 59  0.01956 -6.50420e+01 | 60  0.01419  2.65496e+02
 61  0.01162 -7.99791e+00 | 62  0.01216 -4.55765e+01 | 63  0.01143  1.57433e+02
 64  0.01361  2.71024e+02 | 65  0.01027 -4.30211e+01 | 66  0.01610  1.65241e+02
 67  0.01801 -2.48607e+01 | 68  0.01784  1.76322e+01 | 69  0.02353  1.85956e+02
 70  0.02705  5.33210e+02 | 71  0.02607  1.14943e+02 | 72  0.02196  2.76050e+02
 73  0.00902 -1.03521e+03 | 74  0.01913  2.88799e+02 | 75  0.01738 -1.59475e+02
1 0 23134
1 0 23131.1
1 0 23129.7
1 0 23128.1
1 0 23125.9
1 0 23122.5
1 0 23117.6
1 0 23113.8
1 0 23110.4
1 0 23105.6
75 variables; iteration 90; function evaluation 127; phase 1
Function value   2.3105647e+04; maximum gradient component mag  -9.2170e+02
Var   Value    Gradient   |Var   Value    Gradient   |Var   Value    Gradient
  1  0.25456  9.89777e+01 |  2  0.24236  6.73018e+01 |  3  0.17784  5.38623e+01
  4  0.13051  2.71465e+01 |  5  0.10449  4.14697e+01 |  6  0.08708  3.87024e+01
  7  0.07336  1.38454e+01 |  8  0.06736  3.36130e+01 |  9  0.06204  3.66000e+01
 10  0.05563  2.76104e+01 | 11  0.04974  3.04563e+01 | 12  0.04257  1.76266e+01
 13  0.03690  2.08165e+01 | 14  0.03102 -1.28229e+00 | 15  0.03087  1.73308e+01
 16  0.06791 -4.89636e+02 | 17  0.00072 -2.42286e+02 | 18 -0.00706  2.35327e+02
 19 -0.00942  8.73440e+01 | 20 -0.00640  2.47736e+01 | 21 -0.00329  2.68516e+01
 22  0.00181  4.95589e+01 | 23  0.00209 -2.38391e+01 | 24  0.00806  7.79224e+01
 25  0.00612 -4.32484e+01 | 26  0.00917 -4.35309e+01 | 27  0.00981 -9.17994e+01
 28  0.01042  2.28293e+02 | 29  0.01131 -1.62059e+02 | 30  0.01172 -2.41975e+01
 31  0.01736  4.88713e+02 | 32  0.01730 -2.37444e+01 | 33  0.01932  2.60032e+01
 34  0.01883  2.80783e+02 | 35  0.01861  2.85335e+02 | 36  0.02021  1.54972e+01
 37  0.02181  8.47846e+01 | 38  0.02416 -3.26987e+01 | 39  0.02305 -6.71178e+01
 40  0.02710  2.19329e+02 | 41  0.02574  1.96882e+01 | 42  0.02723 -2.59222e+02
 43  0.02414 -6.45021e+02 | 44  0.02680 -2.47573e+02 | 45 -0.37880 -3.19734e+02
 46  0.13793 -4.95934e+02 | 47 -0.07013  1.13188e+02 | 48 -0.05336  5.75908e+01
 49 -0.04803  4.70992e+01 | 50 -0.04069  2.25023e+00 | 51 -0.03136  1.67610e+01
 52 -0.02673  7.49742e+01 | 53 -0.02200  3.33172e+01 | 54 -0.01585  6.98768e+01
 55 -0.00207  1.65826e+02 | 56  0.00157  1.54284e+02 | 57  0.00659 -2.39827e+02
 58  0.01837 -7.74023e+01 | 59  0.02032  5.21710e+01 | 60  0.01390 -1.64188e+02
 61  0.01205 -3.74572e+01 | 62  0.01266 -2.96864e+00 | 63  0.01121 -2.46269e+02
 64  0.01357 -2.61989e+02 | 65  0.01087 -1.31566e+02 | 66  0.01582 -1.63688e+02
 67  0.01865  6.89143e+00 | 68  0.01868  2.70548e+02 | 69  0.02401  5.92990e+01
 70  0.02651 -5.05592e+01 | 71  0.02757  3.66068e+02 | 72  0.02282  8.86797e+02
 73  0.01270 -9.14251e+01 | 74  0.01120 -9.21700e+02 | 75  0.01091  2.20457e+01
1 0 23101.4
1 0 23098.3
1 0 23096.5
1 0 23095.6
1 0 23095.2
1 0 23095.1
1 0 23094.9
1 0 23094.7
1 0 23094.6
1 0 23094.5
75 variables; iteration 100; function evaluation 137; phase 1
Function value   2.3094502e+04; maximum gradient component mag  -9.6496e+01
Var   Value    Gradient   |Var   Value    Gradient   |Var   Value    Gradient
  1  0.25366  4.28655e-01 |  2  0.24019  4.17312e-01 |  3  0.17163  1.21760e+01
  4  0.11707 -4.81129e+00 |  5  0.08207 -8.27663e-03 |  6  0.05782  4.87129e-01
  7  0.03975 -5.85418e-01 |  8  0.02609  2.77510e+00 |  9  0.01471  3.31416e+00
 10  0.00476  2.77882e-01 | 11 -0.00333 -7.63290e-01 | 12 -0.00956 -4.15061e-01
 13 -0.01426 -3.42880e-01 | 14 -0.01758 -1.11157e+00 | 15 -0.01938 -2.17574e+00
 16  0.06832  2.92555e+00 | 17 -0.00325 -1.45722e+01 | 18 -0.00691  4.17629e+00
 19 -0.00949  1.73055e+00 | 20 -0.00635  2.62245e-01 | 21 -0.00318 -1.82872e+00
 22  0.00187 -3.65317e-03 | 23  0.00222  1.53772e-01 | 24  0.00812 -2.11942e+00
 25  0.00643  4.16070e-01 | 26  0.00953 -5.03253e+00 | 27  0.01038 -4.06813e+00
 28  0.01076  4.55960e+00 | 29  0.01181 -9.51833e+00 | 30  0.01175  1.17263e+00
 31  0.01670  1.05581e+01 | 32  0.01722 -2.76485e+00 | 33  0.01930  4.58419e-01
 34  0.01850  3.75757e+00 | 35  0.01812  7.71313e+00 | 36  0.02021  1.39970e+00
 37  0.02183  1.08752e+00 | 38  0.02414 -2.20219e+00 | 39  0.02296 -2.12904e+00
 40  0.02685  5.73141e+00 | 41  0.02581  3.52865e-02 | 42  0.02764  1.17199e+01
 43  0.02566  3.81483e+00 | 44  0.02877 -1.60999e+01 | 45 -0.37936  1.94712e+00
 46  0.13887 -9.64955e+01 | 47 -0.07077 -8.90703e-02 | 48 -0.05415 -9.49954e-01
 49 -0.04880 -2.32814e+00 | 50 -0.04129 -1.30808e+00 | 51 -0.03200 -1.75348e+00
 52 -0.02750 -2.06441e+00 | 53 -0.02271  1.68220e-01 | 54 -0.01656  3.92229e+00
 55 -0.00294  1.10970e+00 | 56  0.00074  6.37494e+00 | 57  0.00655  2.46789e+00
 58  0.01802 -2.43943e+00 | 59  0.01966 -2.06506e-01 | 60  0.01324  5.40177e+00
 61  0.01131 -3.08952e-01 | 62  0.01200  2.10886e-01 | 63  0.01092 -8.69926e+00
 64  0.01297 -5.86684e+00 | 65  0.01025 -9.74602e+00 | 66  0.01545 -5.27590e+00
 67  0.01805 -4.71010e+00 | 68  0.01756  8.64271e+00 | 69  0.02321  5.19924e+00
 70  0.02600 -2.54803e+00 | 71  0.02637 -2.03005e+01 | 72  0.02120  2.29106e+01
 73  0.01389  4.34654e-01 | 74  0.01950  8.59867e+00 | 75  0.01954  4.83989e+00
1 0 23094.5
1 0 23094.5
1 0 23094.5
1 0 23094.5
1 0 23094.5
1 0 23094.5
1 0 23094.5
1 0 23094.5
1 0 23094.5
1 0 23094.5
75 variables; iteration 110; function evaluation 147; phase 1
Function value   2.3094481e+04; maximum gradient component mag   5.1483e-01
Var   Value    Gradient   |Var   Value    Gradient   |Var   Value    Gradient
  1  0.25370 -2.50348e-02 |  2  0.24028  8.00227e-03 |  3  0.17065  8.83255e-04
  4  0.11736  3.66749e-02 |  5  0.08205 -2.30295e-02 |  6  0.05742 -8.22978e-03
  7  0.03903  1.70368e-02 |  8  0.02477 -1.20530e-02 |  9  0.01352 -1.13645e-02
 10  0.00461  8.51421e-03 | 11 -0.00238 -6.24569e-03 | 12 -0.00772 -3.38669e-03
 13 -0.01159 -5.66155e-03 | 14 -0.01411  4.98577e-03 | 15 -0.01536  9.55231e-03
 16  0.06835  7.80032e-04 | 17 -0.00322 -6.45139e-02 | 18 -0.00690 -1.14820e-02
 19 -0.00949 -1.87480e-02 | 20 -0.00635 -8.91605e-03 | 21 -0.00319  8.39884e-03
 22  0.00187  8.18399e-03 | 23  0.00221 -1.40684e-02 | 24  0.00812  2.90710e-02
 25  0.00642 -2.02207e-02 | 26  0.00954  3.22382e-02 | 27  0.01039  1.13593e-02
 28  0.01075 -6.96167e-03 | 29  0.01183  5.32398e-02 | 30  0.01174 -1.90533e-02
 31  0.01667 -9.61984e-03 | 32  0.01722  2.60178e-02 | 33  0.01930  7.44397e-03
 34  0.01849 -2.60575e-03 | 35  0.01810 -6.54192e-03 | 36  0.02021 -5.66665e-03
 37  0.02182  1.08682e-02 | 38  0.02414  2.19610e-02 | 39  0.02294  1.81853e-02
 40  0.02683  3.05209e-02 | 41  0.02581  4.17983e-02 | 42  0.02762  1.74811e-02
 43  0.02560 -3.59131e-02 | 44  0.02884 -2.26678e-01 | 45 -0.37927  3.29116e-02
 46  0.13886  5.14827e-01 | 47 -0.07075 -1.22078e-01 | 48 -0.05414 -1.02455e-01
 49 -0.04878 -8.24402e-02 | 50 -0.04128 -7.02807e-02 | 51 -0.03199 -6.13568e-02
 52 -0.02749 -3.86999e-02 | 53 -0.02270 -4.51925e-02 | 54 -0.01657 -4.13906e-02
 55 -0.00293  1.47543e-02 | 56  0.00074 -1.51515e-03 | 57  0.00655  6.88281e-03
 58  0.01805  5.40344e-02 | 59  0.01968  5.20704e-02 | 60  0.01322 -6.19367e-03
 61  0.01132  1.07451e-02 | 62  0.01201  1.84578e-02 | 63  0.01095  5.35346e-02
 64  0.01298  3.71036e-02 | 65  0.01028  7.03122e-02 | 66  0.01547  4.76776e-02
 67  0.01808  5.37870e-02 | 68  0.01755  1.99254e-02 | 69  0.02320  2.46945e-02
 70  0.02601 -2.22770e-02 | 71  0.02642  2.84415e-02 | 72  0.02112  1.31699e-01
 73  0.01390  5.66321e-02 | 74  0.01943 -5.37507e-02 | 75  0.01942 -3.07954e-02
1 0 23094.5
1 0 23094.5

 - final statistics:
75 variables; iteration 112; function evaluation 149
Function value   2.3094e+04; maximum gradient component mag   2.4960e-02
Exit code = 1;  converg criter   1.0000e-01
Var   Value    Gradient   |Var   Value    Gradient   |Var   Value    Gradient
  1  0.25371  1.66224e-04 |  2  0.24028  3.47205e-03 |  3  0.17065 -5.03946e-03
  4  0.11736  9.53505e-03 |  5  0.08205 -8.70558e-04 |  6  0.05742 -4.96874e-03
  7  0.03904 -4.20258e-05 |  8  0.02478  8.47576e-04 |  9  0.01353 -4.31645e-04
 10  0.00462 -2.57124e-04 | 11 -0.00237  7.46340e-04 | 12 -0.00772  1.03197e-04
 13 -0.01159 -2.73887e-04 | 14 -0.01412  5.48691e-04 | 15 -0.01537 -1.80585e-03
 16  0.06835 -5.64839e-03 | 17 -0.00322 -6.80944e-03 | 18 -0.00690  1.63137e-03
 19 -0.00949  5.42869e-05 | 20 -0.00635  1.48841e-04 | 21 -0.00319 -1.96065e-03
 22  0.00187  5.61771e-04 | 23  0.00221 -2.70691e-03 | 24  0.00812  8.24012e-05
 25  0.00642 -1.59058e-03 | 26  0.00954 -5.67489e-03 | 27  0.01039 -6.04024e-03
 28  0.01075  5.87291e-03 | 29  0.01183 -1.09489e-02 | 30  0.01174 -3.02717e-04
 31  0.01667  1.96327e-02 | 32  0.01722 -4.45815e-03 | 33  0.01930 -6.07986e-04
 34  0.01849  9.86813e-03 | 35  0.01810  1.09248e-02 | 36  0.02021 -3.99738e-03
 37  0.02182  2.89750e-04 | 38  0.02414 -5.78040e-03 | 39  0.02294 -1.78053e-03
 40  0.02683  1.19634e-02 | 41  0.02581 -2.64162e-04 | 42  0.02762  2.88929e-03
 43  0.02560 -4.52259e-03 | 44  0.02884 -1.47669e-02 | 45 -0.37927  7.35567e-03
 46  0.13886 -2.39756e-02 | 47 -0.07075 -2.10192e-03 | 48 -0.05414  1.13006e-03
 49 -0.04878  4.80697e-04 | 50 -0.04128  5.37834e-04 | 51 -0.03199  1.26931e-04
 52 -0.02748  1.03020e-03 | 53 -0.02270  2.80115e-03 | 54 -0.01657  2.60644e-03
 55 -0.00293  4.48329e-03 | 56  0.00074  8.55879e-03 | 57  0.00655 -3.69938e-03
 58  0.01805 -2.71056e-03 | 59  0.01968  1.60469e-03 | 60  0.01322 -5.02072e-03
 61  0.01132  2.17852e-04 | 62  0.01201 -1.64956e-03 | 63  0.01095 -1.31911e-02
 64  0.01298 -6.34646e-03 | 65  0.01028 -4.65564e-03 | 66  0.01547 -4.78259e-03
 67  0.01808  1.95900e-05 | 68  0.01755  8.75290e-03 | 69  0.02320  7.01196e-04
 70  0.02601 -5.35131e-03 | 71  0.02642 -4.90288e-03 | 72  0.02112  2.49603e-02
 73  0.01390 -1.02911e-02 | 74  0.01943  5.08378e-03 | 75  0.01943  1.41132e-03
1 0 23094.5
B0236324
0.3 0.313847
0.269012 0.338599
0.260249 0.346341
0.257529 0.348819
0.256659 0.349618
0.256379 0.349876
0.256288 0.34996
0.256259 0.349987
0.256249 0.349996
0.256246 0.349999
0.256245 0.35
0.256245 0.35
0.256245 0.35
0.256245 0.35
0.256245 0.35
0.256245 0.35
0.256245 0.35
0.256245 0.35
0.256245 0.35
0.256245 0.35
0.256245 0.35
FutMOrt0.111232
FutMOrt0.111232
FutMOrt0.111232
FutMOrt0.111232
FutMOrt0.111232
FutMOrt0.111232
FutMOrt0.111232
FutMOrt0.111232
FutMOrt0.111232
FutMOrt0.111232
2 0 23094.5

Initial statistics: 79 variables; iteration 0; function evaluation 0; phase 2
Function value   2.3094481e+04; maximum gradient component mag   1.7923e+03
Var   Value    Gradient   |Var   Value    Gradient   |Var   Value    Gradient
  1 -0.80319 -3.68882e+02 |  2 -0.45047 -1.65415e+01 |  3  0.25371  1.66224e-04
  4  0.24028  3.47205e-03 |  5  0.17065 -5.03946e-03 |  6  0.11736  9.53505e-03
  7  0.08205 -8.70558e-04 |  8  0.05742 -4.96874e-03 |  9  0.03904 -4.20258e-05
 10  0.02478  8.47576e-04 | 11  0.01353 -4.31645e-04 | 12  0.00462 -2.57124e-04
 13 -0.00237  7.46340e-04 | 14 -0.00772  1.03197e-04 | 15 -0.01159 -2.73887e-04
 16 -0.01412  5.48691e-04 | 17 -0.01537 -1.80585e-03 | 18  0.06835 -5.64839e-03
 19 -0.00322 -6.82984e-03 | 20 -0.00690  1.61096e-03 | 21 -0.00949  3.38853e-05
 22 -0.00635  1.28438e-04 | 23 -0.00319 -1.98105e-03 | 24  0.00187  5.41368e-04
 25  0.00221 -2.72731e-03 | 26  0.00812  6.19992e-05 | 27  0.00642 -1.61099e-03
 28  0.00954 -5.69529e-03 | 29  0.01039 -6.06065e-03 | 30  0.01075  5.85251e-03
 31  0.01183 -1.09693e-02 | 32  0.01174 -3.23118e-04 | 33  0.01667  1.96123e-02
 34  0.01722 -4.47854e-03 | 35  0.01930 -6.28381e-04 | 36  0.01849  9.84774e-03
 37  0.01810  1.09045e-02 | 38  0.02021 -4.01778e-03 | 39  0.02182  2.69358e-04
 40  0.02414 -5.80079e-03 | 41  0.02294 -1.80092e-03 | 42  0.02683  1.19430e-02
 43  0.02581 -2.84549e-04 | 44  0.02762  2.86890e-03 | 45  0.02560 -4.54298e-03
 46  0.02884 -1.47873e-02 | 47 -0.37927  7.33879e-03 | 48  0.13886 -2.39756e-02
 49 -0.07075 -2.09518e-03 | 50 -0.05414  1.13681e-03 | 51 -0.04878  4.87453e-04
 52 -0.04128  5.44596e-04 | 53 -0.03199  1.33698e-04 | 54 -0.02748  1.03697e-03
 55 -0.02270  2.80792e-03 | 56 -0.01657  2.61321e-03 | 57 -0.00293  4.49007e-03
 58  0.00074  8.56557e-03 | 59  0.00655 -3.69261e-03 | 60  0.01805 -2.70378e-03
 61  0.01968  1.61146e-03 | 62  0.01322 -5.01395e-03 | 63  0.01132  2.24627e-04
 64  0.01201 -1.64278e-03 | 65  0.01095 -1.31843e-02 | 66  0.01298 -6.33969e-03
 67  0.01028 -4.64887e-03 | 68  0.01547 -4.77581e-03 | 69  0.01808  2.63632e-05
 70  0.01755  8.75968e-03 | 71  0.02320  7.07968e-04 | 72  0.02601 -5.34454e-03
 73  0.02642 -4.89611e-03 | 74  0.02112  2.49670e-02 | 75  0.01390 -1.02843e-02
 76  0.01943  5.09056e-03 | 77  0.01943  1.41810e-03 | 78 -0.55365  1.79228e+03
 79 -0.42709  5.10598e+02 |
2 0 23094.5
2 0 23094.3
2 0 23092.9
2 0 23092.3
2 0 23091.2
2 0 23081.8
2 0 23064
2 0 23063.2
2 0 23055
2 0 23040.6
2 0 23026
2 0 23073.3
2 0 23023.2
2 0 23020.1
2 0 23015

Intermediate statistics: 79 variables; iteration 10; function evaluation 15; phase 2
Function value   2.3014965e+04; maximum gradient component mag   2.3962e+03
Var   Value    Gradient   |Var   Value    Gradient   |Var   Value    Gradient
  1 -0.75393 -5.61023e+02 |  2 -0.45362  1.02106e+02 |  3  0.24929 -1.50401e+02
  4  0.24494  1.02695e+02 |  5  0.16971  1.24344e+01 |  6  0.11636  1.27884e+01
  7  0.08149  8.02789e+00 |  8  0.05709  4.55056e+00 |  9  0.03881  2.83611e+00
 10  0.02462  1.95615e+00 | 11  0.01340  1.45812e+00 | 12  0.00451  1.15537e+00
 13 -0.00246  9.62616e-01 | 14 -0.00780  8.36398e-01 | 15 -0.01167  7.54429e-01
 16 -0.01419  7.04433e-01 | 17 -0.01543  6.84481e-01 | 18  0.05799  1.45217e+03
 19 -0.00612 -2.87448e+02 | 20 -0.00928 -3.46674e+02 | 21 -0.01014 -7.28927e+01
 22 -0.00749 -1.16896e+02 | 23 -0.00447 -2.67061e+02 | 24  0.00045 -3.65341e+02
 25  0.00065 -2.03990e+02 | 26  0.00668 -5.94559e+02 | 27  0.00664  7.80389e+01
 28  0.01037  1.03585e+01 | 29  0.01070 -2.27874e+02 | 30  0.01197  1.67123e+02
 31  0.01256 -7.55466e+01 | 32  0.01085 -1.06649e+02 | 33  0.01629  7.12410e+02
 34  0.01611 -2.56103e+02 | 35  0.01952  2.43137e+02 | 36  0.01866  5.48744e+00
 37  0.01864 -8.57790e+01 | 38  0.02114 -3.39612e+01 | 39  0.02358  1.06490e+02
 40  0.02635  2.23106e+02 | 41  0.02497  1.12658e+02 | 42  0.02913  1.17140e+02
 43  0.02778  2.91827e+02 | 44  0.03017  9.82638e+02 | 45  0.02565 -1.29696e+02
 46  0.02609 -2.20650e+03 | 47 -0.38003  1.65517e+03 | 48  0.13923  2.39616e+03
 49 -0.07299 -5.53400e+02 | 50 -0.05465 -1.48193e+02 | 51 -0.04883 -7.22966e+01
 52 -0.04134  2.23268e+01 | 53 -0.03192  1.91146e+02 | 54 -0.02770  1.32170e+02
 55 -0.02295  3.87169e+02 | 56 -0.01648  3.23025e+02 | 57 -0.00263  4.52249e+02
 58  0.00127  4.40624e+02 | 59  0.00706  3.01190e+02 | 60  0.01907  4.32078e+02
 61  0.01991  4.03660e+01 | 62  0.01281 -6.95444e+02 | 63  0.01043 -5.27879e+02
 64  0.01147 -5.72337e+02 | 65  0.01059 -3.82117e+02 | 66  0.01294 -1.89262e+02
 67  0.01081  7.67300e+01 | 68  0.01579  7.26158e+01 | 69  0.01871  4.41600e+01
 70  0.01803  5.91409e+00 | 71  0.02414  1.98874e+02 | 72  0.02621 -9.39598e+01
 73  0.02642 -8.60145e+02 | 74  0.02212 -3.57611e+02 | 75  0.01208  1.30867e+03
 76  0.02107  4.29323e+02 | 77  0.01871 -1.16949e+02 | 78 -0.58883 -5.04111e+02
 79 -0.50574  3.51491e+02 |
2 0 23005.9
2 0 22987.5
2 0 23638.7
2 0 22981.2
2 0 23204.1
2 0 22966.9
2 0 34178.6
2 0 23432.4
2 0 22967.2
2 0 22966
2 0 22968.5
2 0 22965.8
2 0 22965.7
2 0 22965.7
2 0 22965.5
2 0 22965.4
2 0 22965.4
2 0 22965.2
2 0 22965
79 variables; iteration 20; function evaluation 34; phase 2
Function value   2.2965214e+04; maximum gradient component mag  -3.2717e+03
Var   Value    Gradient   |Var   Value    Gradient   |Var   Value    Gradient
  1 -0.64027  5.22017e+02 |  2 -0.48452  2.19957e+02 |  3  0.23074 -9.95765e+02
  4  0.25259  8.48152e+02 |  5  0.16500  3.64933e+01 |  6  0.11041  8.70557e+00
  7  0.07777  1.43012e+01 |  8  0.05487  9.40963e+00 |  9  0.03737  5.53958e+00
 10  0.02358  3.48963e+00 | 11  0.01260  2.39772e+00 | 12  0.00386  1.77175e+00
 13 -0.00302  1.39053e+00 | 14 -0.00829  1.14892e+00 | 15 -0.01211  9.93292e-01
 16 -0.01461  8.93972e-01 | 17 -0.01584  8.59625e-01 | 18  0.05321  4.33062e+02
 19 -0.01078 -9.84914e+02 | 20 -0.01030 -1.02509e+03 | 21 -0.01050 -1.90580e+02
 22 -0.00769 -3.15864e+02 | 23 -0.00340  1.76797e+02 | 24  0.00077 -4.82791e+02
 25  0.00098 -4.18509e+02 | 26  0.00776 -3.02748e+02 | 27  0.00789  5.29978e+02
 28  0.01045 -6.17327e+02 | 29  0.01282  3.29176e+02 | 30  0.01283 -6.13288e+00
 31  0.01310 -2.58426e+02 | 32  0.01190  9.53979e+01 | 33  0.01683  8.93562e+02
 34  0.01632 -5.03111e+02 | 35  0.01947 -9.31563e+01 | 36  0.01894 -1.56721e+02
 37  0.01963 -1.03108e+02 | 38  0.02251  6.49106e+01 | 39  0.02529  2.25511e+02
 40  0.02826  2.84298e+02 | 41  0.02718  1.50972e+02 | 42  0.03132  4.24530e+02
 43  0.02950  4.12863e+02 | 44  0.03127  1.04086e+03 | 45  0.02586 -2.26788e+01
 46  0.01970 -1.83372e+03 | 47 -0.39582  5.25569e+02 | 48  0.14032 -3.27166e+03
 49 -0.07144  5.13114e+02 | 50 -0.05554  3.28273e+02 | 51 -0.04988  1.68576e+02
 52 -0.04201 -4.32078e+00 | 53 -0.03323 -2.26341e+01 | 54 -0.02858  1.14672e+02
 55 -0.02394  8.49290e+01 | 56 -0.01828 -5.20510e+02 | 57 -0.00421  1.40461e+02
 58  0.00060  1.61628e+02 | 59  0.00638  1.31401e+02 | 60  0.01785  2.36106e+02
 61  0.01938 -1.03219e+02 | 62  0.01142 -1.21234e+03 | 63  0.00962 -7.02596e+02
 64  0.01060 -5.31680e+02 | 65  0.00953 -3.72565e+02 | 66  0.01234 -9.61203e+01
 67  0.00997 -5.24967e+01 | 68  0.01534 -1.63589e+01 | 69  0.01797  5.78764e+01
 70  0.01841  3.07902e+02 | 71  0.02352  8.94331e+01 | 72  0.02587 -2.51462e+02
 73  0.02577 -1.04939e+03 | 74  0.02183 -6.85930e+02 | 75  0.01666  8.38530e+02
 76  0.03218  3.75293e+02 | 77  0.01853  2.11340e+00 | 78 -0.59835  5.22983e+02
 79 -0.52852  1.96316e+01 |
2 0 22965
2 0 22964.9
2 0 22964.8
2 0 22964.8
2 0 22964.7
2 0 22964.8
2 0 22964.7
2 0 22964.7
2 0 22964.7
2 0 22964.7
2 0 22964.6
2 0 22964.8
2 0 22964.5
79 variables; iteration 30; function evaluation 47; phase 2
Function value   2.2964704e+04; maximum gradient component mag  -3.3590e+03
Var   Value    Gradient   |Var   Value    Gradient   |Var   Value    Gradient
  1 -0.64094  6.54377e+02 |  2 -0.49401  1.74869e+02 |  3  0.22698 -1.09796e+03
  4  0.24611  8.04661e+02 |  5  0.15791  1.78140e+01 |  6  0.10398  4.06695e+00
  7  0.07153  5.97007e+00 |  8  0.05011  6.97648e+00 |  9  0.03415  6.04669e+00
 10  0.02135  3.91222e+00 | 11  0.01095  2.36184e+00 | 12  0.00256  1.47625e+00
 13 -0.00410  9.74533e-01 | 14 -0.00923  6.76328e-01 | 15 -0.01297  4.91863e-01
 16 -0.01541  3.72596e-01 | 17 -0.01662  3.30158e-01 | 18  0.05253  4.18795e+02
 19 -0.01646 -8.87974e+02 | 20 -0.01033 -9.91919e+02 | 21 -0.01042 -1.72616e+02
 22 -0.00766 -3.20414e+02 | 23 -0.00316  2.04616e+02 | 24  0.00083 -5.69579e+02
 25  0.00131 -3.09866e+02 | 26  0.00796 -2.08851e+02 | 27  0.00796  5.31136e+02
 28  0.01053 -6.61176e+02 | 29  0.01307  3.77820e+02 | 30  0.01296 -9.44029e+00
 31  0.01321 -2.88402e+02 | 32  0.01218  1.37729e+02 | 33  0.01715  1.01072e+03
 34  0.01662 -4.68364e+02 | 35  0.01980 -1.06975e+01 | 36  0.01911 -2.16577e+02
 37  0.02000  4.70194e+00 | 38  0.02258  1.27796e+01 | 39  0.02532  1.91967e+02
 40  0.02827  2.70430e+02 | 41  0.02715  1.20761e+02 | 42  0.03130  3.95938e+02
 43  0.02955  3.98053e+02 | 44  0.03133  1.01690e+03 | 45  0.02616  1.12634e+01
 46  0.02071 -1.87404e+03 | 47 -0.39369  6.88765e+02 | 48  0.14021 -3.35896e+03
 49 -0.07134  5.42406e+02 | 50 -0.05545  3.32728e+02 | 51 -0.05013  6.04876e+01
 52 -0.04181  3.65759e+01 | 53 -0.03312  4.68398e+01 | 54 -0.02838  1.50624e+02
 55 -0.02399 -1.94975e+01 | 56 -0.01838 -6.27870e+02 | 57 -0.00422  1.06598e+02
 58  0.00072  1.59514e+02 | 59  0.00643  1.17668e+02 | 60  0.01788  2.56776e+02
 61  0.01956 -5.86973e+01 | 62  0.01142 -1.29087e+03 | 63  0.00972 -7.38275e+02
 64  0.01066 -5.99775e+02 | 65  0.00965 -3.34658e+02 | 66  0.01250 -1.04975e+02
 67  0.01007 -2.99422e+01 | 68  0.01551  5.74252e+01 | 69  0.01802  9.43991e+01
 70  0.01850  3.42760e+02 | 71  0.02351  1.03151e+02 | 72  0.02597 -2.14878e+02
 73  0.02578 -1.02788e+03 | 74  0.02183 -6.76071e+02 | 75  0.01601  8.73626e+02
 76  0.03084  3.42692e+02 | 77  0.01889  1.58062e+01 | 78 -0.59888  7.66978e+02
 79 -0.52964 -8.43028e+01 |
2 0 22964.5
2 0 22964.5
2 0 22964.5
2 0 22964.5
2 0 22964.5
2 0 22964.5
2 0 22964.5
2 0 22964.5
2 0 22964.5
2 0 22964.5
2 0 22964.5
79 variables; iteration 40; function evaluation 58; phase 2
Function value   2.2964624e+04; maximum gradient component mag  -3.4189e+03
Var   Value    Gradient   |Var   Value    Gradient   |Var   Value    Gradient
  1 -0.64103  6.49228e+02 |  2 -0.49410  1.77686e+02 |  3  0.22680 -1.11132e+03
  4  0.24529  7.70164e+02 |  5  0.15614  6.12849e+00 |  6  0.10075 -9.01367e+00
  7  0.06848  1.65590e+00 |  8  0.04733  3.81443e+00 |  9  0.03184  3.95203e+00
 10  0.01966  3.21593e+00 | 11  0.00974  2.09690e+00 | 12  0.00165  1.18551e+00
 13 -0.00483  6.19597e-01 | 14 -0.00984  2.91466e-01 | 15 -0.01350  9.76567e-02
 16 -0.01590 -2.14009e-02 | 17 -0.01709 -5.99738e-02 | 18  0.05240  4.41576e+02
 19 -0.01726 -8.36066e+02 | 20 -0.01024 -1.01310e+03 | 21 -0.01026 -1.33641e+02
 22 -0.00770 -4.05065e+02 | 23 -0.00311  2.41699e+02 | 24  0.00088 -5.72795e+02
 25  0.00134 -3.63499e+02 | 26  0.00828 -1.04865e+02 | 27  0.00803  5.00567e+02
 28  0.01031 -7.17092e+02 | 29  0.01302  3.22649e+02 | 30  0.01301  7.26980e+00
 31  0.01324 -3.09779e+02 | 32  0.01213  9.58411e+01 | 33  0.01717  1.02448e+03
 34  0.01656 -4.84282e+02 | 35  0.01964 -8.38279e+01 | 36  0.01904 -1.93241e+02
 37  0.01987 -5.18597e+01 | 38  0.02259  3.11162e+01 | 39  0.02542  2.21264e+02
 40  0.02824  2.35328e+02 | 41  0.02721  1.36946e+02 | 42  0.03129  3.84690e+02
 43  0.02967  4.10583e+02 | 44  0.03139  1.02104e+03 | 45  0.02610 -2.92746e+01
 46  0.02074 -1.87570e+03 | 47 -0.39361  6.78071e+02 | 48  0.14019 -3.41893e+03
 49 -0.07135  5.24423e+02 | 50 -0.05542  3.12529e+02 | 51 -0.05000  1.19841e+02
 52 -0.04188  9.06604e+00 | 53 -0.03314  3.71197e+01 | 54 -0.02839  1.73094e+02
 55 -0.02388 -1.88964e+01 | 56 -0.01804 -5.35270e+02 | 57 -0.00438  7.41810e+01
 58  0.00082  2.41738e+02 | 59  0.00644  1.42039e+02 | 60  0.01800  3.19729e+02
 61  0.01960 -1.18210e+01 | 62  0.01148 -1.27354e+03 | 63  0.00973 -7.37562e+02
 64  0.01067 -5.62536e+02 | 65  0.00958 -3.68249e+02 | 66  0.01246 -1.06048e+02
 67  0.00999 -6.48533e+01 | 68  0.01553  2.44702e+01 | 69  0.01799  7.64093e+01
 70  0.01856  3.47038e+02 | 71  0.02342  6.28540e+01 | 72  0.02602 -2.11893e+02
 73  0.02587 -1.01713e+03 | 74  0.02184 -6.58945e+02 | 75  0.01597  8.74126e+02
 76  0.03084  3.59238e+02 | 77  0.01869  2.57247e+01 | 78 -0.59896  7.31017e+02
 79 -0.52977 -7.34684e+01 |
2 0 22964.5
2 0 22964.5
2 0 22964.5
2 0 22964.4
2 0 22964.4
2 0 22964.4
2 0 22964.5
2 0 22964.4
2 0 22964.4
2 0 22964.4
2 0 22964.4
2 0 22964.3
79 variables; iteration 50; function evaluation 70; phase 2
Function value   2.2964483e+04; maximum gradient component mag  -3.4463e+03
Var   Value    Gradient   |Var   Value    Gradient   |Var   Value    Gradient
  1 -0.64111  6.50410e+02 |  2 -0.49447  1.76897e+02 |  3  0.22684 -1.11204e+03
  4  0.24541  7.72247e+02 |  5  0.15626  3.06775e+00 |  6  0.10187  3.32154e-01
  7  0.06823  5.99460e+00 |  8  0.04428 -5.21616e+00 |  9  0.02820  4.07828e-01
 10  0.01609  9.74482e-01 | 11  0.00661  5.82960e-01 | 12 -0.00077  1.06503e+00
 13 -0.00664  1.00142e+00 | 14 -0.01125  6.02503e-01 | 15 -0.01468  2.70330e-01
 16 -0.01694  6.96436e-02 | 17 -0.01806 -3.11546e-03 | 18  0.05237  4.42857e+02
 19 -0.01729 -8.37860e+02 | 20 -0.01020 -9.97015e+02 | 21 -0.01029 -1.55390e+02
 22 -0.00767 -3.93320e+02 | 23 -0.00308  2.52372e+02 | 24  0.00087 -5.74303e+02
 25  0.00134 -3.77049e+02 | 26  0.00834 -8.18694e+01 | 27  0.00804  4.98500e+02
 28  0.01039 -7.01209e+02 | 29  0.01306  3.21085e+02 | 30  0.01307  1.55215e+01
 31  0.01315 -3.55728e+02 | 32  0.01214  1.44625e+02 | 33  0.01720  1.02022e+03
 34  0.01653 -5.33912e+02 | 35  0.01968 -4.50627e+01 | 36  0.01901 -2.03314e+02
 37  0.01986 -5.54483e+01 | 38  0.02252  1.92108e+01 | 39  0.02541  2.20838e+02
 40  0.02821  2.22484e+02 | 41  0.02726  1.54379e+02 | 42  0.03125  3.73854e+02
 43  0.02968  4.43694e+02 | 44  0.03132  9.84344e+02 | 45  0.02612 -1.29617e+01
 46  0.02069 -1.88029e+03 | 47 -0.39361  6.69516e+02 | 48  0.14020 -3.44632e+03
 49 -0.07136  5.09393e+02 | 50 -0.05545  3.06927e+02 | 51 -0.05000  1.19154e+02
 52 -0.04186  8.36297e+00 | 53 -0.03317  2.26989e+01 | 54 -0.02841  1.75950e+02
 55 -0.02383 -1.06030e+01 | 56 -0.01810 -5.53432e+02 | 57 -0.00437  7.27871e+01
 58  0.00082  2.42924e+02 | 59  0.00652  1.69859e+02 | 60  0.01807  3.81758e+02
 61  0.01948 -6.01105e+01 | 62  0.01150 -1.26986e+03 | 63  0.00980 -6.83550e+02
 64  0.01069 -5.57909e+02 | 65  0.00953 -3.81925e+02 | 66  0.01252 -8.31121e+01
 67  0.00992 -7.71109e+01 | 68  0.01555  3.51026e+01 | 69  0.01794  7.38127e+01
 70  0.01861  3.61391e+02 | 71  0.02341  6.19372e+01 | 72  0.02597 -2.54296e+02
 73  0.02581 -1.03047e+03 | 74  0.02188 -6.49934e+02 | 75  0.01589  8.46118e+02
 76  0.03086  3.63000e+02 | 77  0.01880  2.79738e+01 | 78 -0.59901  7.21731e+02
 79 -0.52987 -6.92681e+01 |
2 0 22964.3
2 0 22964.3
2 0 22964.3
2 0 22964.3
2 0 22964.2
2 0 22964.2
2 0 22964.2
2 0 22964.2
2 0 22964.1
2 0 22964.1
2 0 22964.2
2 0 22964.1
79 variables; iteration 60; function evaluation 82; phase 2
Function value   2.2964226e+04; maximum gradient component mag  -3.5101e+03
Var   Value    Gradient   |Var   Value    Gradient   |Var   Value    Gradient
  1 -0.64132  6.50526e+02 |  2 -0.49525  1.75821e+02 |  3  0.22690 -1.11376e+03
  4  0.24541  7.64059e+02 |  5  0.15628  1.19957e+00 |  6  0.10184 -2.59335e+00
  7  0.06871  4.87138e+00 |  8  0.04555  7.07957e+00 |  9  0.02660  2.24077e+00
 10  0.01082 -8.96548e+00 | 11  0.00025 -4.70562e+00 | 12 -0.00704 -2.30990e+00
 13 -0.01211 -7.47991e-01 | 14 -0.01564  6.47016e-01 | 15 -0.01818  9.13512e-01
 16 -0.01991  6.15339e-01 | 17 -0.02079  3.95291e-01 | 18  0.05223  4.34756e+02
 19 -0.01745 -8.21376e+02 | 20 -0.01026 -1.04531e+03 | 21 -0.01031 -1.53278e+02
 22 -0.00763 -3.82976e+02 | 23 -0.00301  2.73840e+02 | 24  0.00090 -5.49008e+02
 25  0.00128 -3.90458e+02 | 26  0.00823 -1.13721e+02 | 27  0.00795  4.98464e+02
 28  0.01027 -7.10521e+02 | 29  0.01300  2.64057e+02 | 30  0.01308  2.75299e+01
 31  0.01319 -3.07514e+02 | 32  0.01220  1.08645e+02 | 33  0.01745  1.07213e+03
 34  0.01653 -5.20981e+02 | 35  0.01955 -6.69272e+01 | 36  0.01892 -2.58839e+02
 37  0.02011  3.88871e+01 | 38  0.02247 -1.31006e+01 | 39  0.02533  2.34638e+02
 40  0.02797  1.76879e+02 | 41  0.02707  1.07276e+02 | 42  0.03149  4.44602e+02
 43  0.02975  4.21961e+02 | 44  0.03159  1.04543e+03 | 45  0.02620 -2.11272e+00
 46  0.02063 -1.88093e+03 | 47 -0.39347  6.57795e+02 | 48  0.14017 -3.51011e+03
 49 -0.07131  5.27159e+02 | 50 -0.05548  3.00053e+02 | 51 -0.04998  1.23245e+02
 52 -0.04181  1.20365e+01 | 53 -0.03315 -1.38662e+00 | 54 -0.02842  1.52549e+02
 55 -0.02384 -1.55969e+01 | 56 -0.01808 -5.57208e+02 | 57 -0.00450  9.44981e+00
 58  0.00089  2.92295e+02 | 59  0.00663  2.18142e+02 | 60  0.01794  3.03731e+02
 61  0.01950 -4.43484e+01 | 62  0.01181 -1.20280e+03 | 63  0.00986 -6.87449e+02
 64  0.01062 -5.81879e+02 | 65  0.00944 -3.72011e+02 | 66  0.01267 -6.91504e+01
 67  0.00997 -6.71721e+01 | 68  0.01555  1.42169e+01 | 69  0.01794  7.14182e+01
 70  0.01835  3.11317e+02 | 71  0.02359  9.78763e+01 | 72  0.02595 -2.50143e+02
 73  0.02601 -9.84962e+02 | 74  0.02207 -6.08920e+02 | 75  0.01566  7.75082e+02
 76  0.03088  3.82130e+02 | 77  0.01828  2.80460e+01 | 78 -0.59913  6.67916e+02
 79 -0.53002 -4.34201e+01 |
2 0 22964
2 0 22964
2 0 22963.7
2 0 22964.2
2 0 22963.6
2 0 22963.5
2 0 22963.3
2 0 22963.1
2 0 22963.1
2 0 22963
2 0 22962.8
2 0 22962.5
2 0 22963
2 0 22962.4
79 variables; iteration 70; function evaluation 96; phase 2
Function value   2.2962512e+04; maximum gradient component mag  -3.6188e+03
Var   Value    Gradient   |Var   Value    Gradient   |Var   Value    Gradient
  1 -0.64245  6.25824e+02 |  2 -0.49866  1.74868e+02 |  3  0.22736 -1.08788e+03
  4  0.24586  7.88321e+02 |  5  0.15708  7.03860e+00 |  6  0.10288  2.96087e+00
  7  0.06895  5.27424e+00 |  8  0.04494  8.71427e+00 |  9  0.02456 -2.26953e+01
 10  0.01466  4.00834e+01 | 11 -0.00453 -8.55833e+00 | 12 -0.01947  1.77080e+00
 13 -0.03382 -1.92262e+01 | 14 -0.04161 -1.56087e+01 | 15 -0.04405 -5.98795e+00
 16 -0.04410 -1.02274e-01 | 17 -0.04353  3.82601e+00 | 18  0.05188  4.45399e+02
 19 -0.01756 -8.61142e+02 | 20 -0.01027 -1.03924e+03 | 21 -0.01041 -1.80937e+02
 22 -0.00753 -3.52598e+02 | 23 -0.00288  3.22044e+02 | 24  0.00092 -5.67232e+02
 25  0.00133 -3.77190e+02 | 26  0.00834 -8.80047e+01 | 27  0.00803  4.97270e+02
 28  0.01028 -6.99074e+02 | 29  0.01296  2.67107e+02 | 30  0.01301  1.21555e+01
 31  0.01311 -3.06528e+02 | 32  0.01212  1.01676e+02 | 33  0.01729  1.01785e+03
 34  0.01637 -5.44786e+02 | 35  0.01958 -6.66771e+01 | 36  0.01908 -2.26862e+02
 37  0.02040  1.12354e+02 | 38  0.02211 -8.16131e+01 | 39  0.02520  2.04660e+02
 40  0.02830  2.72191e+02 | 41  0.02667  3.68797e+01 | 42  0.03111  3.76505e+02
 43  0.02990  4.65000e+02 | 44  0.03172  1.05935e+03 | 45  0.02639  3.57634e+01
 46  0.02085 -1.84585e+03 | 47 -0.39335  6.31602e+02 | 48  0.14018 -3.61885e+03
 49 -0.07137  5.11009e+02 | 50 -0.05567  2.55987e+02 | 51 -0.04997  1.38221e+02
 52 -0.04179  6.62099e+00 | 53 -0.03317 -1.82635e+00 | 54 -0.02846  1.45684e+02
 55 -0.02384 -1.47633e+01 | 56 -0.01799 -5.18367e+02 | 57 -0.00450  1.45511e+01
 58  0.00085  2.80421e+02 | 59  0.00662  2.25685e+02 | 60  0.01789  2.85355e+02
 61  0.01947 -5.24049e+01 | 62  0.01182 -1.16503e+03 | 63  0.00967 -7.07189e+02
 64  0.01064 -5.49694e+02 | 65  0.00932 -3.93677e+02 | 66  0.01309  3.19414e+01
 67  0.00979 -1.00833e+02 | 68  0.01518 -5.52386e+01 | 69  0.01834  1.63930e+02
 70  0.01832  3.02776e+02 | 71  0.02316  1.05913e+01 | 72  0.02599 -2.25455e+02
 73  0.02606 -9.58933e+02 | 74  0.02213 -5.92017e+02 | 75  0.01582  8.27334e+02
 76  0.03054  3.53429e+02 | 77  0.01922  4.36907e+01 | 78 -0.59967  5.82603e+02
 79 -0.53098 -1.56695e+01 |
2 0 22962.2
2 0 22961.9
2 0 22961.8
2 0 22961.6
2 0 22961.6
2 0 22961.5
2 0 22961.4
2 0 22961.1
2 0 22960.7
2 0 22957.6
2 0 22950.9
2 0 22959.7
2 0 22948.9
79 variables; iteration 80; function evaluation 109; phase 2
Function value   2.2949010e+04; maximum gradient component mag  -4.5900e+03
Var   Value    Gradient   |Var   Value    Gradient   |Var   Value    Gradient
  1 -0.65050  3.17095e+02 |  2 -0.52048  1.93384e+02 |  3  0.22827 -1.07891e+03
  4  0.24216  5.56554e+02 |  5  0.15358 -2.87913e+01 |  6  0.10077 -9.85748e+00
  7  0.06948  6.68981e+00 |  8  0.04692  1.89859e+01 |  9  0.02453 -2.07896e+01
 10  0.01157  1.75872e+01 | 11 -0.00450 -1.11065e+01 | 12 -0.01588  8.61495e+00
 13 -0.02885 -1.33519e+01 | 14 -0.03713  2.33688e+00 | 15 -0.04557 -5.79301e+01
 16 -0.03611  1.24084e+02 | 17 -0.06355 -8.97578e+01 | 18  0.04895  5.82439e+02
 19 -0.01932 -5.82811e+02 | 20 -0.01023 -1.09873e+03 | 21 -0.01088 -3.71643e+02
 22 -0.00718 -2.66029e+02 | 23 -0.00247  3.81903e+02 | 24  0.00124 -5.61790e+02
 25  0.00154 -3.22341e+02 | 26  0.00827 -1.12799e+02 | 27  0.00788  3.82447e+02
 28  0.01018 -6.56305e+02 | 29  0.01286  2.00659e+02 | 30  0.01357  1.64671e+02
 31  0.01358 -1.89562e+02 | 32  0.01239  1.96470e+02 | 33  0.01685  6.74915e+02
 34  0.01614 -5.35351e+02 | 35  0.01939 -1.67592e+02 | 36  0.01952 -1.08327e+02
 37  0.02053  1.87363e+02 | 38  0.02220 -4.45530e+01 | 39  0.02474  1.28129e+02
 40  0.02841  3.77160e+02 | 41  0.02710  1.55925e+02 | 42  0.03102  3.90239e+02
 43  0.02950  4.30665e+02 | 44  0.03107  9.24613e+02 | 45  0.02662  1.85528e+02
 46  0.02166 -1.57364e+03 | 47 -0.39241  4.03117e+02 | 48  0.14108 -4.58999e+03
 49 -0.07179  5.85852e+02 | 50 -0.05711  3.75133e+01 | 51 -0.05066  1.78518e+02
 52 -0.04252  1.34898e+01 | 53 -0.03362  1.03090e+02 | 54 -0.02902  2.06512e+02
 55 -0.02470 -2.76651e+01 | 56 -0.01847 -3.41514e+02 | 57 -0.00530  3.19035e+01
 58 -0.00013  2.75799e+02 | 59  0.00594  2.31719e+02 | 60  0.01724  2.24547e+02
 61  0.01890 -8.14921e+01 | 62  0.01139 -8.83189e+02 | 63  0.00888 -5.96738e+02
 64  0.00975 -4.45103e+02 | 65  0.00906 -2.12547e+02 | 66  0.01229 -5.05453e+00
 67  0.00945 -8.40868e+00 | 68  0.01413 -1.20433e+02 | 69  0.01734  5.52512e+01
 70  0.01784  3.03157e+02 | 71  0.02245 -3.22459e+01 | 72  0.02539 -1.99987e+02
 73  0.02487 -9.98983e+02 | 74  0.02142 -6.16198e+02 | 75  0.01465  5.77324e+02
 76  0.03000  4.12009e+02 | 77  0.04044  2.40036e+02 | 78 -0.60335 -2.88660e+02
 79 -0.53750  2.68320e+02 |
2 0 22945
2 0 22916.6
2 0 22903.7
2 0 22902.5
2 0 22900.7
2 0 22899.4
2 0 22898.3
2 0 22898
2 0 22897.7
2 0 22897.4
2 0 22897.2
79 variables; iteration 90; function evaluation 120; phase 2
Function value   2.2897225e+04; maximum gradient component mag  -4.3104e+02
Var   Value    Gradient   |Var   Value    Gradient   |Var   Value    Gradient
  1 -0.66730 -5.45912e+01 |  2 -0.65308  1.01480e+01 |  3  0.24804 -4.11038e+01
  4  0.24019 -4.93588e+01 |  5  0.16148 -8.24522e+00 |  6  0.10515 -3.30519e+00
  7  0.06916 -1.51649e+00 |  8  0.04445 -1.10446e+00 |  9  0.02617 -9.90057e-01
 10  0.01211 -7.73615e-01 | 11  0.00109 -7.46465e-01 | 12 -0.00756 -5.13484e-01
 13 -0.01429 -4.51327e-01 | 14 -0.01939 -3.74263e-01 | 15 -0.02306 -4.03473e-01
 16 -0.02539  6.31651e-02 | 17 -0.02660 -2.79339e-01 | 18  0.03842  1.24285e+02
 19 -0.00749  8.09289e+01 | 20 -0.00656 -4.54159e+01 | 21 -0.00913 -1.80729e+01
 22 -0.00670 -1.86629e+01 | 23 -0.00310 -1.21147e+01 | 24  0.00196 -4.39736e-01
 25  0.00193 -8.84814e+00 | 26  0.00824 -3.03394e+00 | 27  0.00679 -7.25281e+00
 28  0.01002 -2.50625e+00 | 29  0.01086 -7.12012e+00 | 30  0.01168 -9.27213e+00
 31  0.01257  3.27702e+00 | 32  0.01135 -8.19022e-01 | 33  0.01625  1.57217e+01
 34  0.01724  2.61516e+00 | 35  0.01953  1.11964e+01 | 36  0.01869  1.97210e+00
 37  0.01854  1.92126e+00 | 38  0.02075 -1.43079e+00 | 39  0.02242 -3.08861e-03
 40  0.02473  4.41203e+00 | 41  0.02379 -4.52435e+00 | 42  0.02769  5.39407e+00
 43  0.02623  5.29303e+00 | 44  0.02780  1.47900e+01 | 45  0.02532  8.28207e+00
 46  0.02811  2.46843e+01 | 47 -0.38196 -4.79223e+01 | 48  0.13972 -4.21587e+02
 49 -0.07136 -1.66506e+01 | 50 -0.05505  7.58083e+00 | 51 -0.04928  4.34628e+00
 52 -0.04170  1.00319e+01 | 53 -0.03239  8.48769e+00 | 54 -0.02792  6.86094e+00
 55 -0.02303  9.09355e+00 | 56 -0.01700  9.26050e+00 | 57 -0.00375  4.55315e+00
 58  0.00050  3.14363e+00 | 59  0.00627  7.81270e+00 | 60  0.01800  3.53343e+00
 61  0.01987 -3.62683e+00 | 62  0.01366 -6.44886e+00 | 63  0.01147 -6.32757e+00
 64  0.01216 -1.11506e+01 | 65  0.01097 -8.24475e+00 | 66  0.01307 -5.91913e+00
 67  0.01059 -3.70559e-01 | 68  0.01563 -2.30455e+00 | 69  0.01781 -4.33240e+00
 70  0.01781  1.70506e+00 | 71  0.02320 -2.98173e+00 | 72  0.02607 -6.97974e+00
 73  0.02652 -1.65046e+01 | 74  0.02189 -1.29037e+01 | 75  0.01298 -2.57351e+01
 76  0.02128  2.46660e+01 | 77  0.02144  2.05389e+01 | 78 -0.62518 -4.31039e+02
 79 -0.58577  1.38756e+02 |
2 0 22897.1
2 0 22897.1
2 0 22897
2 0 22897
2 0 22897
2 0 22897
2 0 22897
2 0 22897
2 0 22897
2 0 22897
79 variables; iteration 100; function evaluation 130; phase 2
Function value   2.2897008e+04; maximum gradient component mag  -2.0716e+01
Var   Value    Gradient   |Var   Value    Gradient   |Var   Value    Gradient
  1 -0.66812 -1.11424e+01 |  2 -0.69562  4.86594e-01 |  3  0.24791  7.78420e-01
  4  0.24073  3.39827e+00 |  5  0.16142  5.34514e-01 |  6  0.10507  2.18891e-01
  7  0.06910  7.40045e-02 |  8  0.04447  5.97507e-02 |  9  0.02628  6.49176e-02
 10  0.01228  6.29341e-02 | 11  0.00127  5.55454e-02 | 12 -0.00742  3.30899e-02
 13 -0.01422  2.77891e-02 | 14 -0.01942  2.78158e-02 | 15 -0.02318  2.24318e-02
 16 -0.02564 -1.37804e-02 | 17 -0.02684  8.83600e-03 | 18  0.03780  4.08518e+00
 19 -0.00766 -7.29950e+00 | 20 -0.00657  1.58207e+00 | 21 -0.00916  8.36024e-01
 22 -0.00671 -1.85582e-01 | 23 -0.00311 -3.24005e-01 | 24  0.00194  8.47966e-02
 25  0.00191 -3.51809e-01 | 26  0.00823 -1.61871e-01 | 27  0.00678 -2.53345e-01
 28  0.01004  4.45596e-01 | 29  0.01088  2.34475e-01 | 30  0.01170 -4.50501e-02
 31  0.01258  6.26030e-01 | 32  0.01135  1.35698e-01 | 33  0.01621  8.99675e-03
 34  0.01722  3.03794e-01 | 35  0.01953  6.16145e-01 | 36  0.01869  3.49135e-01
 37  0.01856  6.15871e-01 | 38  0.02077  3.24047e-01 | 39  0.02245  4.57103e-01
 40  0.02476  6.50731e-01 | 41  0.02382  3.41326e-01 | 42  0.02772  7.56046e-01
 43  0.02625  5.54231e-01 | 44  0.02781  7.48383e-01 | 45  0.02532  8.53864e-01
 46  0.02813  9.74314e-01 | 47 -0.38188 -2.08850e+00 | 48  0.13969 -1.00567e+01
 49 -0.07133  1.84711e+00 | 50 -0.05507  1.08802e+00 | 51 -0.04925  4.72666e-01
 52 -0.04169  4.44283e-01 | 53 -0.03238  6.04481e-02 | 54 -0.02791  2.15252e-01
 55 -0.02303 -1.62601e-01 | 56 -0.01699  1.96813e-01 | 57 -0.00375 -1.26986e-01
 58  0.00053 -1.36324e-01 | 59  0.00629 -1.35088e-01 | 60  0.01801 -3.37636e-01
 61  0.01990 -1.78079e-01 | 62  0.01368  3.36538e-01 | 63  0.01148  1.14347e-02
 64  0.01219 -3.65206e-02 | 65  0.01098 -1.00831e-01 | 66  0.01309 -1.36496e-01
 67  0.01061 -1.02062e-01 | 68  0.01565 -1.09327e-01 | 69  0.01783 -4.66345e-01
 70  0.01783 -3.17560e-01 | 71  0.02322 -4.37300e-01 | 72  0.02609 -4.31473e-01
 73  0.02654 -4.81157e-01 | 74  0.02191 -7.26049e-01 | 75  0.01292 -1.88662e+00
 76  0.02120  9.21901e-01 | 77  0.02118  3.61177e-01 | 78 -0.62716 -2.07164e+01
 79 -0.59240  6.99617e+00 |
2 0 22897
2 0 22897
2 0 22897
2 0 22897
2 0 22897
2 0 22897
2 0 22897
2 0 22897
2 0 22897
2 0 22897
79 variables; iteration 110; function evaluation 140; phase 2
Function value   2.2897006e+04; maximum gradient component mag  -3.9786e-01
Var   Value    Gradient   |Var   Value    Gradient   |Var   Value    Gradient
  1 -0.66854 -3.97857e-01 |  2 -0.72324  6.29774e-03 |  3  0.24793 -1.31270e-02
  4  0.24072 -3.52636e-02 |  5  0.16141 -4.07780e-03 |  6  0.10506 -1.62883e-03
  7  0.06908 -7.46814e-04 |  8  0.04444 -6.26287e-04 |  9  0.02625 -4.89956e-04
 10  0.01223 -5.13025e-04 | 11  0.00123 -4.19474e-04 | 12 -0.00746 -3.16083e-04
 13 -0.01426 -2.45834e-04 | 14 -0.01944 -2.42750e-04 | 15 -0.02320 -1.01108e-04
 16 -0.02564 -1.17597e-04 | 17 -0.02685 -9.22073e-05 | 18  0.03776  3.32696e-02
 19 -0.00764  4.54662e-02 | 20 -0.00656 -1.72321e-02 | 21 -0.00916 -1.11130e-02
 22 -0.00671  2.15304e-03 | 23 -0.00311  6.44177e-03 | 24  0.00194 -2.10095e-03
 25  0.00191  3.94809e-03 | 26  0.00823  2.25211e-03 | 27  0.00678 -4.37360e-04
 28  0.01004 -3.02241e-03 | 29  0.01088 -2.23294e-03 | 30  0.01170  8.63638e-04
 31  0.01258 -5.48459e-03 | 32  0.01134  3.66273e-03 | 33  0.01621  5.57425e-03
 34  0.01722  2.59834e-03 | 35  0.01953 -7.12196e-04 | 36  0.01869 -4.11402e-04
 37  0.01856 -2.33038e-03 | 38  0.02077 -1.94204e-03 | 39  0.02245 -5.58342e-03
 40  0.02476 -3.92597e-03 | 41  0.02382 -4.26091e-03 | 42  0.02771 -4.61854e-03
 43  0.02625 -3.77049e-03 | 44  0.02781 -3.52292e-03 | 45  0.02532  6.57648e-03
 46  0.02813  1.33781e-02 | 47 -0.38187 -1.69440e-02 | 48  0.13969  9.29763e-02
 49 -0.07133 -4.85195e-03 | 50 -0.05507 -6.95610e-03 | 51 -0.04925 -3.05696e-03
 52 -0.04169 -5.08855e-03 | 53 -0.03238 -6.30911e-04 | 54 -0.02791  9.70907e-04
 55 -0.02303  3.55392e-03 | 56 -0.01699  2.92087e-04 | 57 -0.00375  1.50286e-03
 58  0.00053  3.45100e-03 | 59  0.00629  2.14867e-04 | 60  0.01801  2.13704e-03
 61  0.01990  2.82997e-03 | 62  0.01367 -4.58437e-03 | 63  0.01148  9.30159e-04
 64  0.01218  6.06667e-04 | 65  0.01098  3.61363e-04 | 66  0.01309  1.52559e-03
 67  0.01061  1.39466e-03 | 68  0.01565  6.08837e-03 | 69  0.01783  2.48251e-03
 70  0.01783  6.18032e-03 | 71  0.02322  4.02227e-03 | 72  0.02609  6.99595e-03
 73  0.02654  3.38969e-03 | 74  0.02191 -7.66797e-03 | 75  0.01292 -8.10148e-03
 76  0.02120  3.50494e-03 | 77  0.02120 -3.97187e-03 | 78 -0.62732 -1.19754e-02
 79 -0.59293 -4.43019e-03 |
2 0 22897
2 0 22897
2 0 22897
2 0 22897
2 0 22897
2 0 22897
2 0 22897
2 0 22897
2 0 22897
2 0 22897
79 variables; iteration 120; function evaluation 150; phase 2
Function value   2.2897006e+04; maximum gradient component mag  -9.3431e-02
Var   Value    Gradient   |Var   Value    Gradient   |Var   Value    Gradient
  1 -0.66867 -9.34306e-02 |  2 -0.73179  1.33923e-03 |  3  0.24793 -4.88066e-04
  4  0.24072  5.31257e-05 |  5  0.16141  2.51909e-05 |  6  0.10506  1.63661e-05
  7  0.06908  1.13184e-05 |  8  0.04445  1.00104e-05 |  9  0.02625  3.87609e-06
 10  0.01223  7.78391e-06 | 11  0.00123  3.55582e-06 | 12 -0.00746  4.68106e-06
 13 -0.01426  3.11751e-06 | 14 -0.01944  4.20780e-06 | 15 -0.02320 -1.09182e-06
 16 -0.02564  1.17218e-05 | 17 -0.02685  1.83574e-06 | 18  0.03776  5.78513e-03
 19 -0.00764 -4.93699e-04 | 20 -0.00656  8.57458e-05 | 21 -0.00916 -1.15143e-04
 22 -0.00671 -1.47799e-04 | 23 -0.00311 -1.50212e-04 | 24  0.00194 -2.75122e-05
 25  0.00191 -7.69326e-05 | 26  0.00823 -8.97724e-05 | 27  0.00678 -1.14790e-04
 28  0.01004 -5.90420e-05 | 29  0.01088 -5.56162e-05 | 30  0.01170  2.99087e-05
 31  0.01258  6.64661e-05 | 32  0.01134  2.87196e-05 | 33  0.01621  2.83343e-04
 34  0.01722  5.80309e-05 | 35  0.01953  1.51418e-04 | 36  0.01869  5.99760e-05
 37  0.01856  8.31561e-05 | 38  0.02077  4.22650e-05 | 39  0.02245 -1.00198e-04
 40  0.02476  1.95615e-04 | 41  0.02382  7.99058e-06 | 42  0.02771  1.87512e-04
 43  0.02625  7.25888e-05 | 44  0.02781  2.75867e-04 | 45  0.02532  3.59182e-04
 46  0.02813  5.88299e-06 | 47 -0.38187 -5.36422e-04 | 48  0.13969  1.14214e-02
 49 -0.07133 -4.34718e-05 | 50 -0.05507 -1.91716e-04 | 51 -0.04925 -1.36351e-04
 52 -0.04169  1.22362e-05 | 53 -0.03238 -1.05708e-04 | 54 -0.02791 -5.99505e-05
 55 -0.02303  8.03997e-05 | 56 -0.01699  1.15739e-04 | 57 -0.00375  2.03064e-05
 58  0.00053 -3.92518e-05 | 59  0.00629  2.64495e-05 | 60  0.01801  2.59782e-06
 61  0.01990  6.90050e-06 | 62  0.01367 -1.61689e-04 | 63  0.01148 -1.85444e-05
 64  0.01218 -6.69356e-05 | 65  0.01098 -1.88412e-05 | 66  0.01309 -5.59296e-05
 67  0.01061  2.87047e-05 | 68  0.01565  2.59902e-04 | 69  0.01783 -2.13522e-04
 70  0.01783  1.55996e-04 | 71  0.02322 -1.68637e-05 | 72  0.02609  2.05533e-04
 73  0.02654 -1.34587e-04 | 74  0.02191 -1.99643e-04 | 75  0.01292  2.33503e-04
 76  0.02120  9.01129e-04 | 77  0.02120 -5.24497e-04 | 78 -0.62732 -1.55809e-02
 79 -0.59293  4.32740e-03 |
2 0 22897
2 0 22897
2 0 22897
2 0 22897
2 0 22897
2 0 22897
2 0 22897
2 0 22897
2 0 22897
2 0 22897
2 0 22897
79 variables; iteration 130; function evaluation 161; phase 2
Function value   2.2897006e+04; maximum gradient component mag  -1.7632e-02
Var   Value    Gradient   |Var   Value    Gradient   |Var   Value    Gradient
  1 -0.66870 -1.76324e-02 |  2 -0.73414  2.50186e-04 |  3  0.24793  4.32976e-06
  4  0.24072  1.14635e-04 |  5  0.16141  3.52939e-05 |  6  0.10506  1.44321e-05
  7  0.06908  4.88895e-06 |  8  0.04444  3.14851e-06 |  9  0.02625  4.28435e-06
 10  0.01223  2.86976e-06 | 11  0.00123  3.11659e-06 | 12 -0.00746  1.56237e-06
 13 -0.01426  1.63247e-06 | 14 -0.01944  1.25710e-06 | 15 -0.02320  2.51871e-06
 16 -0.02564 -2.32324e-06 | 17 -0.02685  1.23986e-06 | 18  0.03776  1.16788e-03
 19 -0.00764 -5.51421e-04 | 20 -0.00656  9.91626e-05 | 21 -0.00916 -3.45206e-07
 22 -0.00671  5.44755e-06 | 23 -0.00311  8.86715e-06 | 24  0.00194 -1.21917e-05
 25  0.00191 -1.29925e-06 | 26  0.00823  4.41035e-06 | 27  0.00678 -3.92079e-05
 28  0.01004  2.14056e-05 | 29  0.01088  9.47352e-06 | 30  0.01170  7.02690e-06
 31  0.01258  3.29575e-05 | 32  0.01134  6.07852e-05 | 33  0.01621  4.77016e-05
 34  0.01722  6.88230e-05 | 35  0.01953  6.69585e-05 | 36  0.01869  4.20594e-05
 37  0.01856  6.41782e-05 | 38  0.02077  2.81355e-05 | 39  0.02245  4.04890e-06
 40  0.02476  6.42902e-05 | 41  0.02382  1.04083e-05 | 42  0.02771  6.62520e-05
 43  0.02625  4.16447e-05 | 44  0.02781  7.13769e-05 | 45  0.02532  1.91313e-04
 46  0.02813  2.77480e-04 | 47 -0.38187 -5.08182e-04 | 48  0.13969  6.39419e-04
 49 -0.07133  2.19300e-04 | 50 -0.05507  3.37966e-05 | 51 -0.04925  2.97564e-05
 52 -0.04169  1.29253e-05 | 53 -0.03238 -6.16811e-06 | 54 -0.02791  2.53149e-05
 55 -0.02303  1.70246e-05 | 56 -0.01699  3.35255e-05 | 57 -0.00375  2.68168e-06
 58  0.00053  1.92375e-05 | 59  0.00629 -4.92192e-06 | 60  0.01801 -3.05718e-05
 61  0.01990  7.87048e-08 | 62  0.01367 -7.57000e-06 | 63  0.01148  1.61127e-05
 64  0.01218  7.76217e-06 | 65  0.01098 -6.74275e-06 | 66  0.01309 -1.43171e-05
 67  0.01061 -3.23800e-06 | 68  0.01565  6.24796e-05 | 69  0.01783 -5.33894e-05
 70  0.01783  3.11753e-05 | 71  0.02322 -1.64348e-05 | 72  0.02609  2.62092e-05
 73  0.02654 -3.04534e-05 | 74  0.02191 -1.82174e-04 | 75  0.01292 -2.90385e-04
 76  0.02120  1.94812e-04 | 77  0.02120 -3.70560e-05 | 78 -0.62732 -3.49209e-03
 79 -0.59293  1.05009e-03 |
2 0 22897
2 0 22897
2 0 22897
2 0 22897
2 0 22897
2 0 22897
2 0 22897
2 0 22897
2 0 22897
2 0 22897
2 0 22897
2 0 22897
2 0 22897
2 0 22897
2 0 22897
2 0 22897
2 0 22897
2 0 22897
2 0 22897
2 0 22897
2 0 22897
2 0 22897
2 0 22897
2 0 22897
2 0 22897
2 0 22897
2 0 22897
2 0 22897
2 0 22897
2 0 22897
2 0 22897
2 0 22897
2 0 22897
  ic > imax  in fminim is answer attained ?
Var   Value    Gradient   |Var   Value    Gradient   |Var   Value    Gradient
  1 -0.66870 -3.86651e-03 |  2 -0.73428  5.48872e-05 |  3  0.24793 -4.30751e-05
  4  0.24072 -2.17895e-05 |  5  0.16141 -6.75642e-06 |  6  0.10506 -2.13932e-06
  7  0.06908 -6.76755e-07 |  8  0.04444 -2.69823e-07 |  9  0.02625 -5.27873e-07
 10  0.01223 -1.21396e-07 | 11  0.00123 -3.32555e-07 | 12 -0.00746 -7.54236e-08
 13 -0.01426 -8.66611e-08 | 14 -0.01944 -5.94898e-09 | 15 -0.02320 -3.93368e-07
 16 -0.02564  4.99589e-07 | 17 -0.02685  3.78012e-08 | 18  0.03776  1.16139e-04
 19 -0.00764  9.70189e-05 | 20 -0.00656 -2.07472e-05 | 21 -0.00916 -5.89696e-06
 22 -0.00671 -5.23122e-06 | 23 -0.00311 -1.39770e-05 | 24  0.00194  4.04406e-06
 25  0.00191 -5.20046e-07 | 26  0.00823 -5.14080e-06 | 27  0.00678  2.52449e-06
 28  0.01004 -9.01471e-07 | 29  0.01088 -1.77996e-06 | 30  0.01170 -3.98551e-07
 31  0.01258  2.45235e-06 | 32  0.01134 -1.33824e-05 | 33  0.01621  4.27329e-06
 34  0.01722 -6.94510e-06 | 35  0.01953 -2.76334e-06 | 36  0.01869 -1.29809e-06
 37  0.01856 -6.31294e-06 | 38  0.02077  1.86272e-06 | 39  0.02245 -3.27895e-06
 40  0.02476 -1.95931e-06 | 41  0.02382  1.31808e-06 | 42  0.02771 -2.75354e-07
 43  0.02625 -4.96395e-06 | 44  0.02781 -4.21298e-06 | 45  0.02532 -3.00723e-05
 46  0.02813 -6.38983e-05 | 47 -0.38187  6.15514e-05 | 48  0.13969  6.64872e-04
 49 -0.07133 -5.16405e-05 | 50 -0.05507 -2.54676e-05 | 51 -0.04925 -1.84657e-05
 52 -0.04169 -2.62109e-06 | 53 -0.03238 -9.70745e-06 | 54 -0.02791 -1.34909e-05
 55 -0.02303 -7.04209e-06 | 56 -0.01699 -8.04772e-06 | 57 -0.00375 -2.60112e-06
 58  0.00053 -1.14827e-05 | 59  0.00629  1.67747e-06 | 60  0.01801  6.05248e-06
 61  0.01990  1.83826e-06 | 62  0.01367 -6.70688e-06 | 63  0.01148 -2.85579e-06
 64  0.01218 -3.84192e-06 | 65  0.01098  8.61308e-10 | 66  0.01309 -8.75545e-07
 67  0.01061  1.02709e-06 | 68  0.01565  2.67339e-06 | 69  0.01783 -1.61979e-06
 70  0.01783  5.58565e-06 | 71  0.02322  3.97922e-06 | 72  0.02609  1.00167e-05
 73  0.02654  6.11702e-06 | 74  0.02191  3.32495e-05 | 75  0.01292  9.07472e-05
 76  0.02120  1.60840e-05 | 77  0.02120 -3.04822e-05 | 78 -0.62732 -2.98077e-04
 79 -0.59293  6.61352e-05 |
Function minimizer not making progress ... is minimum attained?
Minimprove criterion =   0.0000e+00

 - final statistics:
79 variables; iteration 133; function evaluation 193
Function value   2.2897e+04; maximum gradient component mag  -3.8665e-03
Exit code = 1;  converg criter   1.0000e-03
Var   Value    Gradient   |Var   Value    Gradient   |Var   Value    Gradient
  1 -0.66870 -3.86651e-03 |  2 -0.73428  5.48872e-05 |  3  0.24793 -4.30751e-05
  4  0.24072 -2.17895e-05 |  5  0.16141 -6.75642e-06 |  6  0.10506 -2.13932e-06
  7  0.06908 -6.76755e-07 |  8  0.04444 -2.69823e-07 |  9  0.02625 -5.27873e-07
 10  0.01223 -1.21396e-07 | 11  0.00123 -3.32555e-07 | 12 -0.00746 -7.54236e-08
 13 -0.01426 -8.66611e-08 | 14 -0.01944 -5.94898e-09 | 15 -0.02320 -3.93368e-07
 16 -0.02564  4.99589e-07 | 17 -0.02685  3.78012e-08 | 18  0.03776  1.16139e-04
 19 -0.00764  9.70189e-05 | 20 -0.00656 -2.07472e-05 | 21 -0.00916 -5.89696e-06
 22 -0.00671 -5.23122e-06 | 23 -0.00311 -1.39770e-05 | 24  0.00194  4.04406e-06
 25  0.00191 -5.20046e-07 | 26  0.00823 -5.14080e-06 | 27  0.00678  2.52449e-06
 28  0.01004 -9.01471e-07 | 29  0.01088 -1.77996e-06 | 30  0.01170 -3.98551e-07
 31  0.01258  2.45235e-06 | 32  0.01134 -1.33824e-05 | 33  0.01621  4.27329e-06
 34  0.01722 -6.94510e-06 | 35  0.01953 -2.76334e-06 | 36  0.01869 -1.29809e-06
 37  0.01856 -6.31294e-06 | 38  0.02077  1.86272e-06 | 39  0.02245 -3.27895e-06
 40  0.02476 -1.95931e-06 | 41  0.02382  1.31808e-06 | 42  0.02771 -2.75354e-07
 43  0.02625 -4.96395e-06 | 44  0.02781 -4.21298e-06 | 45  0.02532 -3.00723e-05
 46  0.02813 -6.38983e-05 | 47 -0.38187  6.15514e-05 | 48  0.13969  6.64872e-04
 49 -0.07133 -5.16405e-05 | 50 -0.05507 -2.54676e-05 | 51 -0.04925 -1.84657e-05
 52 -0.04169 -2.62109e-06 | 53 -0.03238 -9.70745e-06 | 54 -0.02791 -1.34909e-05
 55 -0.02303 -7.04209e-06 | 56 -0.01699 -8.04772e-06 | 57 -0.00375 -2.60112e-06
 58  0.00053 -1.14827e-05 | 59  0.00629  1.67747e-06 | 60  0.01801  6.05248e-06
 61  0.01990  1.83826e-06 | 62  0.01367 -6.70688e-06 | 63  0.01148 -2.85579e-06
 64  0.01218 -3.84192e-06 | 65  0.01098  8.61308e-10 | 66  0.01309 -8.75545e-07
 67  0.01061  1.02709e-06 | 68  0.01565  2.67339e-06 | 69  0.01783 -1.61979e-06
 70  0.01783  5.58565e-06 | 71  0.02322  3.97922e-06 | 72  0.02609  1.00167e-05
 73  0.02654  6.11702e-06 | 74  0.02191  3.32495e-05 | 75  0.01292  9.07472e-05
 76  0.02120  1.60840e-05 | 77  0.02120 -3.04822e-05 | 78 -0.62732 -2.98077e-04
 79 -0.59293  6.61352e-05 |
2 0 22897
B0236324
0.3 0.280334
0.240286 0.332286
0.228124 0.345161
0.22497 0.348653
0.224104 0.349623
0.223863 0.349894
0.223795 0.34997
0.223776 0.349992
0.223771 0.349998
0.22377 0.349999
0.223769 0.35
0.223769 0.35
0.223769 0.35
0.223769 0.35
0.223769 0.35
0.223769 0.35
0.223769 0.35
0.223769 0.35
0.223769 0.35
0.223769 0.35
0.223769 0.35
FutMOrt0.0967132
FutMOrt0.0967132
FutMOrt0.0967132
FutMOrt0.0967132
FutMOrt0.0967132
FutMOrt0.0967132
FutMOrt0.0967132
FutMOrt0.0967132
FutMOrt0.0967132
FutMOrt0.0967132
Survey Bio24.7744
Survey len11178.2
CPUE36.9663
Catch8.40353
Catch len11181
initsmo_penal19.0633
F_pen445.153
Rec_pen3.49679
M_pen0


Starting time: Sun Jun 17 23:03:21 2018
Finishing time: Sun Jun 17 23:03:45 2018
This run took: 0 hours, 0 minutes, 24 seconds.

