survYears 73 74 75 76 77 78 79 80 81 82 83 84 85 86 87 88 89 90 91 92 93 94 95 96 97 98 99 100
SurvLenYear 73 74 75 76 77 78 79 80 81 82 83 84 85 86 87 88 89 90 91 92 93 94 95 96 97 98 99 100
catchBiomass 20114.9 26420.5 17331.8 12567 9864.12 14687.8 20151.3 24454.9 37584.1 41324.5 45801.8 43366.2 60054.5 63258.3 75215 86719.2 82259.5 100454 122439 79593.1 105294 124672 147794 117734 105290 135389 128903 135663
steep0.75
25
Out
1 0 38921.7

Initial statistics: 74 variables; iteration 0; function evaluation 0; phase 1
Function value   3.8921666e+04; maximum gradient component mag  -1.1187e+05
Var   Value    Gradient   |Var   Value    Gradient   |Var   Value    Gradient
  1  0.27140 -9.81935e+02 |  2  0.27942  2.22828e+02 |  3  0.25585  6.56052e+02
  4  0.25006  1.16311e+03 |  5  0.21676  5.26015e+02 |  6  0.23292  1.21523e+03
  7  0.20193  5.44076e+02 |  8  0.18890  4.68109e+02 |  9  0.17826  4.11535e+02
 10  0.16140  2.53726e+02 | 11  0.15255  2.03942e+02 | 12  0.15338  3.01234e+02
 13  0.13590  1.64411e+02 | 14  0.11919 -1.53055e+02 | 15  0.18671  7.36776e+02
 16  0.00869 -1.75337e+04 | 17  0.00000 -5.02192e+03 | 18  0.00000 -5.95108e+02
 19  0.00000 -1.83576e+03 | 20  0.00000 -2.04771e+03 | 21  0.00000 -9.09341e+01
 22  0.00000  2.06259e+02 | 23  0.00000  2.76910e+02 | 24  0.00000  9.70973e+02
 25  0.00000 -1.39731e+02 | 26  0.00000  1.04392e+02 | 27  0.00000 -2.57764e+02
 28  0.00000  1.19281e+03 | 29  0.00000  3.00609e+02 | 30  0.00000  1.02291e+03
 31  0.00000  1.19660e+03 | 32  0.00000  1.04945e+03 | 33  0.00000  1.51743e+03
 34  0.00000  1.05142e+03 | 35  0.00000 -4.76842e+02 | 36  0.00000  2.22229e+03
 37  0.00000  1.90860e+03 | 38  0.00000  1.02773e+03 | 39  0.00000 -4.14274e+02
 40  0.00000  7.88749e+02 | 41  0.00000  1.52380e+03 | 42  0.00000  3.60568e+01
 43  0.00000 -9.48138e+02 | 44  0.00000 -4.56881e+03 | 45  0.10200 -1.11872e+05
 46  0.00000  1.13199e+04 | 47  0.00000  1.94426e+04 | 48  0.00000  1.36728e+04
 49  0.00000  9.12813e+03 | 50  0.00000  9.09507e+03 | 51  0.00000  5.19695e+03
 52  0.00000  3.18452e+03 | 53  0.00000  3.11253e+03 | 54  0.00000  1.65698e+03
 55  0.00000  1.16779e+03 | 56  0.00000 -5.96639e+02 | 57  0.00000 -1.43253e+03
 58  0.00000 -2.81295e+03 | 59  0.00000 -4.34283e+03 | 60  0.00000 -5.13717e+03
 61  0.00000 -5.55151e+03 | 62  0.00000 -5.52541e+03 | 63  0.00000 -5.04626e+03
 64  0.00000 -6.49812e+03 | 65  0.00000 -7.08583e+03 | 66  0.00000 -7.11704e+03
 67  0.00000 -6.30140e+03 | 68  0.00000 -6.80430e+03 | 69  0.00000 -7.00980e+03
 70  0.00000 -6.37704e+03 | 71  0.00000 -4.81997e+03 | 72  0.00000  8.52633e+01
 73  0.00000  5.39636e+03 | 74 -0.04664  7.49460e+03 |
1 0 38921.6
1 0 38921.4
1 0 38919.4
1 0 38899.5
1 0 38705.8
1 0 38284
1 0 35171.5
1 0 29826.5
1 0 38657.6
1 0 28261.9
1 0 33052.5
1 0 27869.1
1 0 29178.8
1 0 27799.5
1 0 27771.5
1 0 27764.3
1 0 27754.2
1 0 27744.8
1 0 27733.5

Intermediate statistics: 74 variables; iteration 10; function evaluation 19; phase 1
Function value   2.7735474e+04; maximum gradient component mag  -2.3743e+04
Var   Value    Gradient   |Var   Value    Gradient   |Var   Value    Gradient
  1  0.33612  8.37876e+02 |  2  0.28224  2.96687e+02 |  3  0.23956  2.95119e+02
  4  0.21558  3.79798e+02 |  5  0.19484  2.81474e+02 |  6  0.19192  4.03769e+02
  7  0.17765  2.83831e+02 |  8  0.16765  2.50181e+02 |  9  0.15884  2.22940e+02
 10  0.14869  1.69927e+02 | 11  0.14192  1.50450e+02 | 12  0.13796  1.66720e+02
 13  0.12841  9.60647e+01 | 14  0.12695  3.08938e+01 | 15  0.15326  3.00932e+02
 16  0.39731 -3.93844e+03 | 17 -0.10764 -1.74012e+03 | 18 -0.09433 -8.26876e+02
 19 -0.09507 -1.70325e+03 | 20 -0.08621 -1.86181e+03 | 21 -0.00717 -5.33773e+02
 22 -0.00553  1.58474e+02 | 23 -0.00296 -2.31940e+02 | 24  0.00187  2.44351e+01
 25  0.00432 -1.30613e+02 | 26  0.00509 -1.72770e+02 | 27  0.01130 -1.79412e+02
 28  0.00878  1.05225e+02 | 29  0.01370 -7.77523e+01 | 30  0.01518  8.30427e+01
 31  0.01719  8.77186e+01 | 32  0.01759  3.04540e+01 | 33  0.01714  1.49269e+02
 34  0.01824  4.96477e+01 | 35  0.02504 -2.95324e+02 | 36  0.01960  4.16859e+02
 37  0.02042  2.36693e+02 | 38  0.02512  3.46175e+01 | 39  0.03208 -4.48621e+02
 40  0.02880 -6.75523e+01 | 41  0.02708  6.14190e+01 | 42  0.03123 -5.01035e+02
 43  0.03111 -3.26765e+02 | 44  0.01465 -7.09955e+02 | 45  0.15188 -2.37431e+04
 46 -0.04056  2.91709e+03 | 47 -0.06008  5.17093e+03 | 48 -0.05816  2.50179e+03
 49 -0.03311  2.12363e+03 | 50 -0.03393  1.59166e+03 | 51 -0.02465  1.09066e+03
 52 -0.01379  8.91502e+02 | 53 -0.01271  8.61561e+02 | 54 -0.00823  5.23426e+02
 55 -0.00814  1.30316e+02 | 56 -0.00390 -1.86642e+02 | 57 -0.00110 -5.68221e+02
 58  0.00046 -9.40695e+02 | 59  0.00819 -1.10546e+03 | 60  0.01230 -1.18475e+03
 61  0.01299 -1.27114e+03 | 62  0.01457 -1.21814e+03 | 63  0.01479 -1.18634e+03
 64  0.01233 -1.67662e+03 | 65  0.01782 -1.70973e+03 | 66  0.02048 -1.60138e+03
 67  0.02156 -1.29320e+03 | 68  0.02186 -1.34780e+03 | 69  0.02085 -1.29826e+03
 70  0.02732 -3.55184e+02 | 71  0.03103  1.91720e+02 | 72  0.03977  3.26622e+01
 73  0.02511  1.15748e+03 | 74  0.06898  1.03444e+03 |
1 0 27718.1
1 0 27699.5
1 0 27693.6
1 0 27680.9
1 0 27666.1
1 0 27661.1
1 0 27663.1
1 0 27659
1 0 27657.9
1 0 27656.6
1 0 27656.5
74 variables; iteration 20; function evaluation 30; phase 1
Function value   2.7662811e+04; maximum gradient component mag  -2.5163e+04
Var   Value    Gradient   |Var   Value    Gradient   |Var   Value    Gradient
  1  0.31025 -5.45753e+02 |  2  0.27101  2.61232e+02 |  3  0.20762  1.63137e+02
  4  0.16435  1.34395e+02 |  5  0.12942  1.65331e+01 |  6  0.12032  1.12534e+02
  7  0.10539  4.02978e+01 |  8  0.10039  6.14112e+01 |  9  0.09735  5.62578e+01
 10  0.09703  7.24310e+01 | 11  0.09478  6.76184e+01 | 12  0.09134  2.59049e+01
 13  0.09825  7.72740e+01 | 14  0.10311  1.62217e+02 | 15  0.08250 -1.77618e+01
 16  0.38933 -3.63819e+03 | 17 -0.17706 -4.91871e+02 | 18 -0.09126 -6.82162e+02
 19 -0.07854  1.28986e+03 | 20 -0.06361 -7.48620e+02 | 21 -0.00249 -8.32676e+02
 22 -0.00273 -1.11023e+02 | 23  0.00174 -3.12380e+02 | 24  0.00080 -6.81248e+02
 25  0.00270 -6.60725e+02 | 26  0.00538 -6.23266e+02 | 27  0.01079 -6.75489e+02
 28  0.00734 -5.31703e+02 | 29  0.01384 -4.90596e+02 | 30  0.01464 -4.31927e+02
 31  0.01655 -4.59931e+02 | 32  0.01715 -4.95072e+02 | 33  0.01556 -6.16535e+02
 34  0.01633 -7.50878e+02 | 35  0.02572 -4.80816e+02 | 36  0.01756 -3.50978e+02
 37  0.01850 -5.93051e+02 | 38  0.02430 -6.35847e+02 | 39  0.03292 -8.19815e+02
 40  0.02988 -1.97439e+02 | 41  0.02487 -1.02884e+03 | 42  0.03119 -1.40811e+03
 43  0.03604 -6.06364e+02 | 44  0.02731 -8.93419e+02 | 45  0.15139 -2.51634e+04
 46 -0.04770  1.24387e+03 | 47 -0.07360  2.63395e+03 | 48 -0.05789  2.53492e+03
 49 -0.03421  2.44494e+03 | 50 -0.03680  1.19481e+03 | 51 -0.02666  8.41930e+02
 52 -0.01305  1.85916e+03 | 53 -0.01480  8.13643e+02 | 54 -0.00924  7.82694e+02
 55 -0.00988  1.90535e+02 | 56 -0.00518  5.93886e+01 | 57 -0.00297 -5.81051e+02
 58 -0.00128 -9.28014e+02 | 59  0.00653 -1.00814e+03 | 60  0.01059 -1.10038e+03
 61  0.01245 -7.82875e+02 | 62  0.01432 -6.26649e+02 | 63  0.01218 -1.42020e+03
 64  0.01029 -1.65260e+03 | 65  0.01731 -1.17915e+03 | 66  0.01970 -1.21517e+03
 67  0.02077 -1.08251e+03 | 68  0.01841 -1.87824e+03 | 69  0.02111 -6.16046e+02
 70  0.02894  7.39689e+02 | 71  0.03520  1.58565e+03 | 72  0.02964 -8.33767e+02
 73  0.08103  1.65560e+03 | 74  0.04946  1.90029e+03 |
1 0 27656.1
1 0 27655.6
1 0 27654.9
1 0 27654.3
1 0 27653.8
1 0 27653.6
1 0 27653.5
1 0 27653.3
1 0 27653.1
1 0 27652.9
74 variables; iteration 30; function evaluation 40; phase 1
Function value   2.7659226e+04; maximum gradient component mag  -2.5041e+04
Var   Value    Gradient   |Var   Value    Gradient   |Var   Value    Gradient
  1  0.31544 -4.37071e+02 |  2  0.26767  1.73521e+02 |  3  0.21360  1.95326e+02
  4  0.17622  1.99421e+02 |  5  0.14124  7.05059e+01 |  6  0.12427  1.15742e+02
  7  0.10256  3.55320e+01 |  8  0.09034  3.62104e+01 |  9  0.08306  2.76637e+01
 10  0.08125  4.30045e+01 | 11  0.07996  5.17387e+01 | 12  0.07632  1.68899e+01
 13  0.08002  3.09009e+01 | 14  0.08807  1.28571e+02 | 15  0.07355 -8.44524e+00
 16  0.38865 -3.64296e+03 | 17 -0.17723 -4.85150e+02 | 18 -0.09091 -5.85178e+02
 19 -0.07811  1.37200e+03 | 20 -0.06297 -6.94000e+02 | 21 -0.00224 -8.05957e+02
 22 -0.00281 -1.10431e+02 | 23  0.00243 -2.66965e+02 | 24  0.00065 -6.69034e+02
 25  0.00222 -7.09041e+02 | 26  0.00554 -5.91960e+02 | 27  0.01072 -6.90885e+02
 28  0.00723 -5.54889e+02 | 29  0.01394 -4.61107e+02 | 30  0.01471 -4.25140e+02
 31  0.01638 -4.95503e+02 | 32  0.01709 -4.82457e+02 | 33  0.01520 -6.56928e+02
 34  0.01590 -7.82866e+02 | 35  0.02517 -5.81860e+02 | 36  0.01777 -3.04406e+02
 37  0.01795 -6.69138e+02 | 38  0.02382 -6.88726e+02 | 39  0.03291 -8.23151e+02
 40  0.03039 -1.21854e+02 | 41  0.02498 -1.00100e+03 | 42  0.03072 -1.43883e+03
 43  0.03589 -6.10465e+02 | 44  0.02821 -9.39982e+02 | 45  0.15134 -2.50405e+04
 46 -0.04751  1.20799e+03 | 47 -0.07301  2.61022e+03 | 48 -0.05818  2.32253e+03
 49 -0.03355  2.55929e+03 | 50 -0.03644  1.18380e+03 | 51 -0.02577  9.86541e+02
 52 -0.01292  1.76367e+03 | 53 -0.01410  9.57837e+02 | 54 -0.00888  7.64546e+02
 55 -0.00931  2.63699e+02 | 56 -0.00446  1.84441e+02 | 57 -0.00272 -6.13899e+02
 58 -0.00091 -9.17630e+02 | 59  0.00710 -9.27821e+02 | 60  0.01083 -1.11906e+03
 61  0.01290 -7.29710e+02 | 62  0.01462 -6.09476e+02 | 63  0.01256 -1.32825e+03
 64  0.01070 -1.64597e+03 | 65  0.01776 -1.11057e+03 | 66  0.01994 -1.18842e+03
 67  0.02097 -1.07462e+03 | 68  0.01898 -1.85075e+03 | 69  0.02143 -6.34291e+02
 70  0.02881  6.69112e+02 | 71  0.03540  1.58751e+03 | 72  0.02796 -9.71412e+02
 73  0.07340  1.62754e+03 | 74  0.05349  1.95910e+03 |
1 0 27653.8
1 0 27652.9
1 0 27652.8
1 0 27652.7
1 0 27652.7
1 0 27652.6
1 0 27652.6
1 0 27652.4
1 0 27652.5
1 0 27652.4
1 0 27652.4
1 0 27652.3
74 variables; iteration 40; function evaluation 52; phase 1
Function value   2.7658593e+04; maximum gradient component mag  -2.4980e+04
Var   Value    Gradient   |Var   Value    Gradient   |Var   Value    Gradient
  1  0.31583 -4.22211e+02 |  2  0.26815  1.79895e+02 |  3  0.21362  1.98580e+02
  4  0.17414  1.78381e+02 |  5  0.14040  5.13418e+01 |  6  0.12973  1.44804e+02
  7  0.10918  5.48587e+01 |  8  0.09545  4.78044e+01 |  9  0.08508  3.37783e+01
 10  0.07896  3.99695e+01 | 11  0.07353  3.17280e+01 | 12  0.06997  7.60702e-01
 13  0.07691  4.31413e+01 | 14  0.08346  1.23751e+02 | 15  0.06724 -1.95786e+01
 16  0.38867 -3.63789e+03 | 17 -0.17691 -4.82989e+02 | 18 -0.09090 -5.92534e+02
 19 -0.07818  1.35897e+03 | 20 -0.06294 -6.85732e+02 | 21 -0.00256 -8.25652e+02
 22 -0.00273 -9.79750e+01 | 23  0.00242 -2.74076e+02 | 24  0.00102 -6.35071e+02
 25  0.00259 -6.82718e+02 | 26  0.00565 -5.96470e+02 | 27  0.01085 -6.72489e+02
 28  0.00721 -5.48315e+02 | 29  0.01378 -4.77617e+02 | 30  0.01456 -4.37792e+02
 31  0.01629 -4.92381e+02 | 32  0.01712 -4.49106e+02 | 33  0.01517 -6.72180e+02
 34  0.01594 -7.87736e+02 | 35  0.02499 -5.93559e+02 | 36  0.01758 -3.41156e+02
 37  0.01796 -6.64124e+02 | 38  0.02364 -7.02096e+02 | 39  0.03297 -7.93754e+02
 40  0.03031 -1.29138e+02 | 41  0.02523 -9.71248e+02 | 42  0.03068 -1.44606e+03
 43  0.03593 -5.90067e+02 | 44  0.02792 -9.44055e+02 | 45  0.15155 -2.49803e+04
 46 -0.04746  1.23256e+03 | 47 -0.07313  2.61088e+03 | 48 -0.05828  2.32350e+03
 49 -0.03377  2.52737e+03 | 50 -0.03661  1.15979e+03 | 51 -0.02576  1.02888e+03
 52 -0.01307  1.73194e+03 | 53 -0.01418  9.44822e+02 | 54 -0.00878  8.26226e+02
 55 -0.00944  2.44107e+02 | 56 -0.00466  1.51552e+02 | 57 -0.00282 -6.04356e+02
 58 -0.00100 -9.06166e+02 | 59  0.00689 -9.52376e+02 | 60  0.01039 -1.22123e+03
 61  0.01290 -6.98430e+02 | 62  0.01476 -5.43113e+02 | 63  0.01233 -1.34389e+03
 64  0.01079 -1.57911e+03 | 65  0.01779 -1.07326e+03 | 66  0.01971 -1.20714e+03
 67  0.02081 -1.10051e+03 | 68  0.01869 -1.88890e+03 | 69  0.02145 -6.19959e+02
 70  0.02872  6.74680e+02 | 71  0.03526  1.57066e+03 | 72  0.02807 -9.74788e+02
 73  0.07596  1.63774e+03 | 74  0.05398  1.96039e+03 |
1 0 27652.2
1 0 27652.1
1 0 27652
1 0 27652
1 0 27651.8
1 0 27651.1
1 0 27650.9
1 0 27650.5
1 0 27650.1
1 0 27649.3
1 0 27648.1
74 variables; iteration 50; function evaluation 63; phase 1
Function value   2.7654347e+04; maximum gradient component mag  -2.4888e+04
Var   Value    Gradient   |Var   Value    Gradient   |Var   Value    Gradient
  1  0.31603 -4.07967e+02 |  2  0.26846  1.94985e+02 |  3  0.21402  2.09412e+02
  4  0.17360  1.74178e+02 |  5  0.14037  5.59101e+01 |  6  0.12917  1.55204e+02
  7  0.10483 -2.46092e+00 |  8  0.10299  6.78472e+01 |  9  0.10200  7.61415e+01
 10  0.09953  1.01585e+02 | 11  0.08700  8.90417e+01 | 12  0.06336 -3.45171e+01
 13  0.05955  1.11326e+01 | 14  0.06096  9.93865e+01 | 15  0.04122 -4.66936e+01
 16  0.38915 -3.56542e+03 | 17 -0.17775 -4.99801e+02 | 18 -0.09074 -5.28868e+02
 19 -0.07803  1.44145e+03 | 20 -0.06275 -7.03981e+02 | 21 -0.00231 -8.08038e+02
 22 -0.00273 -7.20243e+01 | 23  0.00206 -3.33296e+02 | 24  0.00100 -6.42240e+02
 25  0.00177 -7.33936e+02 | 26  0.00549 -6.11205e+02 | 27  0.01099 -7.03427e+02
 28  0.00731 -5.65594e+02 | 29  0.01400 -4.24823e+02 | 30  0.01463 -4.08482e+02
 31  0.01609 -5.37905e+02 | 32  0.01751 -4.03460e+02 | 33  0.01547 -6.61486e+02
 34  0.01598 -7.57491e+02 | 35  0.02534 -5.71842e+02 | 36  0.01748 -3.76117e+02
 37  0.01768 -6.50805e+02 | 38  0.02397 -6.56669e+02 | 39  0.03332 -6.98239e+02
 40  0.02963 -3.44783e+02 | 41  0.02564 -9.20849e+02 | 42  0.03085 -1.39900e+03
 43  0.03572 -6.57317e+02 | 44  0.02801 -9.36242e+02 | 45  0.15148 -2.48876e+04
 46 -0.04755  1.17640e+03 | 47 -0.07338  2.52659e+03 | 48 -0.05788  2.41328e+03
 49 -0.03397  2.42156e+03 | 50 -0.03724  9.30643e+02 | 51 -0.02512  1.22562e+03
 52 -0.01272  1.81646e+03 | 53 -0.01434  9.00547e+02 | 54 -0.00863  8.46174e+02
 55 -0.00874  4.16474e+02 | 56 -0.00412  2.87129e+02 | 57 -0.00304 -7.17566e+02
 58 -0.00133 -1.03315e+03 | 59  0.00699 -9.36912e+02 | 60  0.01056 -1.22587e+03
 61  0.01329 -6.34183e+02 | 62  0.01438 -6.79704e+02 | 63  0.01270 -1.31289e+03
 64  0.01133 -1.46502e+03 | 65  0.01725 -1.22292e+03 | 66  0.01974 -1.25020e+03
 67  0.02068 -1.21116e+03 | 68  0.01927 -1.69912e+03 | 69  0.02201 -5.04845e+02
 70  0.02862  5.99745e+02 | 71  0.03551  1.63971e+03 | 72  0.02822 -9.40002e+02
 73  0.07311  1.61763e+03 | 74  0.05413  1.96663e+03 |
1 0 27649.5
1 0 27647.7
1 0 27647
1 0 27645.7
1 0 27639
1 0 27627.9
1 0 27619.4
1 0 27626.4
1 0 27616.4
1 0 27610.8
1 0 27600.4
1 0 27589.7
1 0 27570
74 variables; iteration 60; function evaluation 76; phase 1
Function value   2.7574636e+04; maximum gradient component mag  -2.3001e+04
Var   Value    Gradient   |Var   Value    Gradient   |Var   Value    Gradient
  1  0.31816 -2.32369e+02 |  2  0.26578  2.23605e+02 |  3  0.21571  2.64880e+02
  4  0.17638  1.87388e+02 |  5  0.15160  1.44923e+02 |  6  0.13741  1.86332e+02
  7  0.11175  3.08614e+01 |  8  0.10463  1.35723e+02 |  9  0.08064 -2.13037e+01
 10  0.07788 -8.45766e+01 | 11  0.11514  2.35111e+02 | 12  0.11414  1.81068e+02
 13  0.09125  1.85061e+02 | 14  0.03222  3.28031e+01 | 15 -0.03135 -2.07625e+02
 16  0.40050 -2.41063e+03 | 17 -0.18163 -6.49787e+02 | 18 -0.09236 -4.16676e+02
 19 -0.08131  1.21217e+03 | 20 -0.06195 -6.37551e+02 | 21  0.00187 -3.63391e+02
 22 -0.00457 -2.07741e+02 | 23  0.00202 -2.84818e+02 | 24  0.00418 -3.24442e+02
 25  0.00368 -6.50239e+02 | 26  0.00436 -7.40727e+02 | 27  0.00955 -8.81742e+02
 28  0.00906 -3.07490e+02 | 29  0.01456 -2.33917e+02 | 30  0.01245 -6.48032e+02
 31  0.01961  5.17210e+01 | 32  0.01790 -3.96743e+02 | 33  0.01909 -9.62270e+01
 34  0.01982 -2.25826e+02 | 35  0.02492 -6.30828e+02 | 36  0.01648 -5.45338e+02
 37  0.01668 -8.06275e+02 | 38  0.02367 -1.14260e+03 | 39  0.03645 -1.23325e+02
 40  0.02995 -2.77341e+02 | 41  0.02502 -8.02059e+02 | 42  0.03038 -1.33976e+03
 43  0.03462 -6.32159e+02 | 44  0.02396 -9.25334e+02 | 45  0.15221 -2.30009e+04
 46 -0.04895  9.69885e+02 | 47 -0.07693  2.15517e+03 | 48 -0.05872  2.15842e+03
 49 -0.03501  1.94728e+03 | 50 -0.03852  6.87921e+02 | 51 -0.02659  7.92643e+02
 52 -0.01311  1.53388e+03 | 53 -0.01361  1.01866e+03 | 54 -0.00802  1.06182e+03
 55 -0.00810  6.67800e+02 | 56 -0.00457  2.13416e+01 | 57 -0.00357 -1.02149e+03
 58 -0.00245 -1.15991e+03 | 59  0.00713 -1.21078e+03 | 60  0.01099 -1.22110e+03
 61  0.01285 -1.05539e+03 | 62  0.01474 -9.67429e+02 | 63  0.01316 -1.33846e+03
 64  0.01304 -9.70395e+02 | 65  0.01866 -7.78573e+02 | 66  0.02532  3.10563e+02
 67  0.02408 -7.44086e+02 | 68  0.02118 -1.43415e+03 | 69  0.02074 -8.81656e+02
 70  0.02850  4.59527e+02 | 71  0.03529  1.51157e+03 | 72  0.03259 -4.88896e+02
 73  0.06466  1.43419e+03 | 74  0.05328  1.98972e+03 |
1 0 27533.6
1 0 27504
1 0 27498.7
1 0 27488.8
1 0 27473.7
1 0 27555.2
1 0 27471.5
1 0 27469.8
1 0 27469.2
1 0 27474.1
1 0 27469.2
1 0 27469.2
1 0 27469.2
74 variables; iteration 70; function evaluation 89; phase 1
Function value   2.7471709e+04; maximum gradient component mag  -2.1543e+04
Var   Value    Gradient   |Var   Value    Gradient   |Var   Value    Gradient
  1  0.31801 -4.22097e+02 |  2  0.26681  8.20146e+01 |  3  0.20172  5.06132e+01
  4  0.16482  1.39230e+02 |  5  0.12681 -5.46085e+01 |  6  0.13196  1.71372e+02
  7  0.11829  1.14316e+02 |  8  0.09695  8.78006e+01 |  9  0.06650 -1.03869e+02
 10  0.07660 -2.43388e+01 | 11  0.10580  2.45563e+02 | 12  0.08281  5.29995e+01
 13  0.05756 -2.85991e+01 | 14  0.04871  3.92217e+01 | 15  0.03432 -3.28664e+01
 16  0.42253  5.64262e+02 | 17 -0.19415 -1.01829e+03 | 18 -0.09305 -5.76210e+00
 19 -0.08469  1.14245e+03 | 20 -0.05857 -6.41424e+02 | 21 -0.00224 -7.36377e+02
 22  0.00080  1.88734e+02 | 23 -0.00744 -1.06740e+03 | 24 -0.00789 -1.28735e+03
 25  0.00425 -6.90181e+02 | 26  0.02100  1.28114e+03 | 27  0.02294  6.80828e+02
 28  0.00863 -6.60318e+02 | 29  0.01942  3.92394e+02 | 30  0.00916 -1.20689e+03
 31  0.02550  1.27406e+03 | 32  0.01365 -1.06854e+03 | 33  0.01554 -4.59061e+02
 34  0.01709 -5.77426e+02 | 35  0.02556 -5.04192e+02 | 36  0.01358 -1.01272e+03
 37  0.01808 -8.21715e+02 | 38  0.02749 -5.03198e+02 | 39  0.04110  7.66661e+02
 40  0.03394  4.25441e+02 | 41  0.02705 -5.13502e+02 | 42  0.02916 -1.36517e+03
 43  0.03331 -6.60170e+02 | 44  0.02390 -7.37308e+02 | 45  0.15413 -2.15430e+04
 46 -0.05000  5.06967e+02 | 47 -0.08133  1.61447e+03 | 48 -0.06177  1.47117e+03
 49 -0.03832  1.11965e+03 | 50 -0.03834  5.98617e+02 | 51 -0.02943  3.84907e+02
 52 -0.01754  7.52650e+02 | 53 -0.01604  4.92452e+02 | 54 -0.00625  5.24364e+02
 55 -0.00460  4.12349e+02 | 56 -0.00408  2.69749e+02 | 57  0.00038 -4.13870e+02
 58 -0.00397 -1.15380e+03 | 59  0.01022 -9.78680e+02 | 60  0.01124 -1.00539e+03
 61  0.01255 -8.99454e+02 | 62  0.01424 -8.20297e+02 | 63  0.01569 -9.43609e+02
 64  0.01325 -6.47069e+02 | 65  0.02176  4.63256e+01 | 66  0.02501 -3.67893e+01
 67  0.02816 -2.90236e+02 | 68  0.02602 -7.97689e+02 | 69  0.02332 -4.65226e+02
 70  0.02817  3.26636e+02 | 71  0.03457  1.36846e+03 | 72  0.03890  7.54304e+02
 73  0.05284  1.25897e+03 | 74  0.05639  2.85495e+03 |
1 0 27469.1
1 0 27469.1
1 0 27469.1
1 0 27469
1 0 27468.6
1 0 27467.8
1 0 27466.2
1 0 27450.3
1 0 27340.1
1 0 27843.5
1 0 27317.1
1 0 27282.9
1 0 27256.8
1 0 27238.1
1 0 27217.5
74 variables; iteration 80; function evaluation 104; phase 1
Function value   2.7217542e+04; maximum gradient component mag  -2.0944e+03
Var   Value    Gradient   |Var   Value    Gradient   |Var   Value    Gradient
  1  0.30662 -3.45592e+02 |  2  0.24770 -3.49514e+02 |  3  0.18727 -1.34219e+02
  4  0.13714 -4.56204e+01 |  5  0.10040 -2.95032e+01 |  6  0.07623 -1.59429e+01
  7  0.06015 -2.57292e+00 |  8  0.04742  1.48557e+01 |  9  0.03218  1.79479e+01
 10  0.01290  2.58732e-01 | 11 -0.00562 -5.49791e+01 | 12 -0.00711 -1.35441e+01
 13 -0.00406 -4.12195e+00 | 14  0.00074  2.38418e-01 | 15  0.00601  1.96022e+01
 16  0.47255  4.60113e+02 | 17 -0.12884 -2.64915e+01 | 18 -0.09419  2.48754e+02
 19 -0.09563  1.88038e+02 | 20 -0.07115 -3.69018e+02 | 21 -0.00258  1.01571e+02
 22 -0.00693  1.06218e+01 | 23 -0.00064  5.82021e+01 | 24 -0.00056 -7.28859e+01
 25  0.00461 -2.79691e+01 | 26  0.00484 -1.43609e+02 | 27  0.01296  2.25281e+01
 28  0.00854  9.24999e+01 | 29  0.01542  4.10895e+01 | 30  0.01556 -1.82264e+01
 31  0.01682 -5.88909e+01 | 32  0.01880  1.43125e+02 | 33  0.01845  1.41747e+02
 34  0.02025  1.25887e+02 | 35  0.02782 -2.67222e+01 | 36  0.01917  1.58979e+02
 37  0.02017  9.21871e+01 | 38  0.02662  5.11048e+01 | 39  0.03511  1.36988e+02
 40  0.02931  8.93899e+01 | 41  0.02704  1.30906e+02 | 42  0.03148  1.67563e+02
 43  0.03049  1.76379e+02 | 44  0.01726 -1.66325e+02 | 45  0.14893 -2.09436e+03
 46 -0.05897 -1.01844e+02 | 47 -0.10041 -2.79203e+01 | 48 -0.06999 -1.07851e+02
 49 -0.04277 -8.23186e+01 | 50 -0.04230 -8.09763e+01 | 51 -0.02962  3.08828e+01
 52 -0.01913 -1.18507e+01 | 53 -0.01625  1.55760e+01 | 54 -0.01079 -2.66654e+01
 55 -0.00758 -7.07659e+00 | 56 -0.00407 -5.28311e+01 | 57  0.00218  1.47888e+01
 58  0.00510  1.27306e+02 | 59  0.01275  2.61078e+01 | 60  0.01831  5.44536e+01
 61  0.01867  8.79704e+00 | 62  0.02077  5.06165e+01 | 63  0.02442  1.16845e+02
 64  0.01917 -6.51790e-01 | 65  0.02482 -5.89537e+01 | 66  0.02895 -1.55141e+01
 67  0.03226  2.32255e+01 | 68  0.03046  2.49526e+01 | 69  0.02802 -3.88830e+01
 70  0.03236 -4.47841e+01 | 71  0.03270 -1.74289e+02 | 72  0.04038  6.65627e+01
 73  0.02963  3.02059e+01 | 74 -0.10916  2.74504e+02 |
1 0 27212
1 0 27206.8
1 0 27205.6
1 0 27205.3
1 0 27204.9
1 0 27204.5
1 0 27204
1 0 27203.5
1 0 27202.8
1 0 27202
74 variables; iteration 90; function evaluation 114; phase 1
Function value   2.7202004e+04; maximum gradient component mag  -4.7775e+02
Var   Value    Gradient   |Var   Value    Gradient   |Var   Value    Gradient
  1  0.30487 -3.28010e+01 |  2  0.27794  1.81006e+00 |  3  0.22113  8.81114e+00
  4  0.16998  1.54875e+01 |  5  0.13201  1.13999e+01 |  6  0.10379  9.46128e+00
  7  0.08151  7.13579e+00 |  8  0.06299  7.37022e+00 |  9  0.04633  2.06517e+00
 10  0.03193 -3.48630e+00 | 11  0.02066 -5.52907e+00 | 12  0.01267 -5.51526e+00
 13  0.00771 -3.43916e+00 | 14  0.00499  3.13124e+00 | 15  0.00249 -4.67818e+00
 16  0.48215  5.95146e+01 | 17 -0.10457  6.41201e+01 | 18 -0.09498  5.40989e+01
 19 -0.09661  5.52412e+01 | 20 -0.06401  5.19844e+01 | 21 -0.00402 -1.55225e+01
 22 -0.00807 -4.64809e+00 | 23 -0.00245 -7.53012e+00 | 24 -0.00118 -1.89752e+01
 25  0.00377 -1.66703e+01 | 26  0.00496 -1.10781e+01 | 27  0.01181 -2.15190e+00
 28  0.00670 -1.64333e+01 | 29  0.01395 -8.93465e+00 | 30  0.01414 -2.75275e+01
 31  0.01595 -1.60940e+00 | 32  0.01664 -2.01299e+01 | 33  0.01634 -2.40059e+01
 34  0.01815 -1.75536e+01 | 35  0.02648  2.03072e+01 | 36  0.01713 -3.69026e+00
 37  0.01863 -3.54585e+00 | 38  0.02522 -8.82294e+00 | 39  0.03333  6.37894e-01
 40  0.02759 -2.76110e+01 | 41  0.02515 -5.20673e+01 | 42  0.02947 -7.44175e+01
 43  0.02901 -9.77417e+00 | 44  0.02006 -1.58778e+01 | 45  0.14822 -4.77751e+02
 46 -0.06066 -7.95902e+01 | 47 -0.10226 -9.10011e+01 | 48 -0.06932 -1.42212e+01
 49 -0.04311 -3.74924e+01 | 50 -0.04252 -1.64174e+01 | 51 -0.03028 -1.43883e+01
 52 -0.01942 -5.01978e+00 | 53 -0.01653  9.63770e-01 | 54 -0.01065 -7.34907e+00
 55 -0.00775  1.06835e+00 | 56 -0.00438  7.57242e-01 | 57  0.00185  1.08772e+01
 58  0.00447  1.89802e+01 | 59  0.01268  1.06659e+01 | 60  0.01762  1.20844e+01
 61  0.01819  2.74378e+01 | 62  0.02023  2.51869e+01 | 63  0.02396  1.68218e+00
 64  0.01874  7.55988e+00 | 65  0.02483  2.40762e+01 | 66  0.02906  2.85424e+01
 67  0.03213  2.28417e+01 | 68  0.03018  2.21849e+01 | 69  0.02803  4.70813e+01
 70  0.03232  4.11918e+01 | 71  0.03317  2.14538e+01 | 72  0.03903  1.46324e+01
 73  0.03994  3.24464e+01 | 74 -0.16206  8.52129e+01 |
1 0 27201.4
1 0 27201
1 0 27200.5
1 0 27199.9
1 0 27198.9
1 0 27197.8
1 0 27196.9
1 0 27196.4
1 0 27196.3
1 0 27196.2
74 variables; iteration 100; function evaluation 124; phase 1
Function value   2.7196195e+04; maximum gradient component mag  -4.7556e+02
Var   Value    Gradient   |Var   Value    Gradient   |Var   Value    Gradient
  1  0.29754 -5.31785e+01 |  2  0.27284 -2.35224e+01 |  3  0.21498 -1.11933e+01
  4  0.16285 -1.50965e-01 |  5  0.12504  6.19863e-01 |  6  0.09807  5.99736e+00
  7  0.07686  3.94216e+00 |  8  0.05967  3.11925e+00 |  9  0.04521 -1.58258e-01
 10  0.03349  2.08881e-01 | 11  0.02379 -9.72600e-01 | 12  0.01604 -2.68178e+00
 13  0.01050 -4.33630e+00 | 14  0.00748 -2.47236e+00 | 15  0.00636  1.61157e-02
 16  0.48924  8.95852e+01 | 17 -0.10566  1.64172e+01 | 18 -0.09457  2.74434e+01
 19 -0.09618  2.95284e+01 | 20 -0.06674 -2.20886e+01 | 21 -0.00364 -6.02896e+00
 22 -0.00739 -1.43199e+00 | 23 -0.00194 -1.88330e+00 | 24 -0.00065 -2.39859e+00
 25  0.00418 -1.81978e+01 | 26  0.00542  6.45003e-01 | 27  0.01215  1.77024e+00
 28  0.00713 -8.86794e-01 | 29  0.01425 -2.09760e+00 | 30  0.01439 -1.11084e+01
 31  0.01612  1.20312e+00 | 32  0.01681 -1.39187e+01 | 33  0.01665  3.60296e-01
 34  0.01834  2.77232e+00 | 35  0.02638 -3.01255e+00 | 36  0.01735  8.43994e+00
 37  0.01882  1.63333e+01 | 38  0.02525 -1.18888e+00 | 39  0.03318  7.30980e+00
 40  0.02766  9.00442e+00 | 41  0.02540  2.75194e+00 | 42  0.02967  1.28747e+01
 43  0.02894  1.44798e+00 | 44  0.01749 -2.39468e+01 | 45  0.14585 -4.75559e+02
 46 -0.06275 -6.74045e+00 | 47 -0.10294 -1.90702e+01 | 48 -0.07034  3.53137e-01
 49 -0.04349 -2.75551e+00 | 50 -0.04290 -7.02857e+00 | 51 -0.03054 -4.77758e+00
 52 -0.01978 -8.02713e+00 | 53 -0.01670  2.11663e+00 | 54 -0.01071  8.81103e+00
 55 -0.00772  2.66001e-01 | 56 -0.00449 -4.72824e+00 | 57  0.00190  9.60795e-01
 58  0.00453  1.45660e+00 | 59  0.01275  1.78118e+00 | 60  0.01774  2.78333e+00
 61  0.01821 -8.85029e+00 | 62  0.02035 -5.72316e+00 | 63  0.02432  1.17235e+00
 64  0.01882 -8.94779e+00 | 65  0.02494 -5.79790e+00 | 66  0.02937  4.81874e+00
 67  0.03264  2.53670e+00 | 68  0.03059  3.20106e+00 | 69  0.02833  1.50653e+00
 70  0.03282 -1.86731e+00 | 71  0.03367  1.34027e+01 | 72  0.04034  1.73901e+01
 73  0.04044  2.38510e+01 | 74 -0.39055  1.05403e+01 |
1 0 27196
1 0 27195.9
1 0 27195.7
1 0 27195.6
1 0 27195.5
1 0 27195.5
1 0 27195.4
1 0 27195.4
1 0 27195.4
1 0 27195.4
74 variables; iteration 110; function evaluation 134; phase 1
Function value   2.7195368e+04; maximum gradient component mag  -4.0071e+01
Var   Value    Gradient   |Var   Value    Gradient   |Var   Value    Gradient
  1  0.29608 -5.77323e+00 |  2  0.27355 -2.40014e+00 |  3  0.21588 -1.44663e+00
  4  0.16213 -1.28346e+00 |  5  0.12304 -9.36030e-01 |  6  0.09483 -8.47819e-01
  7  0.07396 -1.54761e-01 |  8  0.05802  7.06976e-02 |  9  0.04560  4.82448e-01
 10  0.03577  9.15376e-01 | 11  0.02787  1.96409e-01 | 12  0.02175 -2.49630e-01
 13  0.01732 -3.13545e-01 | 14  0.01445 -2.23034e-01 | 15  0.01300 -3.81431e-01
 16  0.49166  1.19265e+01 | 17 -0.10471  6.05790e+00 | 18 -0.09453  7.78965e+00
 19 -0.09609  6.25198e+00 | 20 -0.06674 -2.18265e-01 | 21 -0.00358  2.79367e+00
 22 -0.00736 -1.92427e+00 | 23 -0.00194 -9.38332e-01 | 24 -0.00065 -2.44114e+00
 25  0.00434  2.80583e+00 | 26  0.00536 -1.49899e+00 | 27  0.01211 -2.18518e+00
 28  0.00712 -1.22151e+00 | 29  0.01424 -2.81719e-01 | 30  0.01441  4.20288e-01
 31  0.01607 -1.45292e+00 | 32  0.01683 -1.86734e+00 | 33  0.01665 -3.17335e+00
 34  0.01830  3.36305e-01 | 35  0.02631 -6.26179e+00 | 36  0.01728  8.27558e-01
 37  0.01871  3.91125e+00 | 38  0.02518  4.26720e-01 | 39  0.03303 -6.37700e-01
 40  0.02753  1.40714e-01 | 41  0.02531 -1.39292e+00 | 42  0.02953 -8.94818e-01
 43  0.02881  8.81985e-01 | 44  0.01728 -1.26009e+00 | 45  0.14521 -4.00707e+01
 46 -0.06354 -6.61522e+00 | 47 -0.10297  4.21616e+00 | 48 -0.07054  3.84833e-01
 49 -0.04361 -2.66942e+00 | 50 -0.04300  1.10739e+00 | 51 -0.03061  3.45875e-01
 52 -0.01986  8.21472e-01 | 53 -0.01671 -1.83166e+00 | 54 -0.01079 -9.25663e-01
 55 -0.00771  3.78905e-01 | 56 -0.00451  4.55607e-01 | 57  0.00193 -3.46359e-01
 58  0.00460  4.57397e-02 | 59  0.01278  2.83796e-02 | 60  0.01781  1.71741e+00
 61  0.01829  2.25538e+00 | 62  0.02044  3.72456e-01 | 63  0.02445  2.60748e+00
 64  0.01889 -1.29145e+00 | 65  0.02499 -3.25168e+00 | 66  0.02948 -5.02114e-01
 67  0.03281  8.93830e-02 | 68  0.03068 -4.71680e-01 | 69  0.02844  2.61075e-01
 70  0.03296 -1.45287e-03 | 71  0.03375 -1.33496e+00 | 72  0.04045 -3.74501e-01
 73  0.04048  2.02701e+00 | 74 -0.85884  2.05757e-01 |
1 0 27195.4
1 0 27195.4
1 0 27195.4
1 0 27195.4
1 0 27195.4
1 0 27195.4
1 0 27195.4
1 0 27195.4

 - final statistics:
74 variables; iteration 118; function evaluation 142
Function value   2.7195e+04; maximum gradient component mag  -7.7872e-02
Exit code = 1;  converg criter   1.0000e-01
Var   Value    Gradient   |Var   Value    Gradient   |Var   Value    Gradient
  1  0.29606  1.81509e-02 |  2  0.27355  2.16381e-02 |  3  0.21605  2.46035e-03
  4  0.16248 -1.57932e-04 |  5  0.12344 -4.03894e-04 |  6  0.09517 -6.81815e-04
  7  0.07408 -9.74657e-04 |  8  0.05791 -5.29822e-04 |  9  0.04530  1.08348e-03
 10  0.03541  1.66730e-03 | 11  0.02772  1.05993e-03 | 12  0.02187  9.03671e-04
 13  0.01765 -8.18260e-04 | 14  0.01491 -3.83577e-03 | 15  0.01356  1.45472e-03
 16  0.49165 -1.26825e-02 | 17 -0.10467 -8.34757e-03 | 18 -0.09453  1.92088e-02
 19 -0.09610  6.43990e-02 | 20 -0.06679 -7.78717e-02 | 21 -0.00360  4.81633e-03
 22 -0.00735 -2.03846e-02 | 23 -0.00193 -1.64851e-02 | 24 -0.00063 -6.77670e-03
 25  0.00432  6.40454e-03 | 26  0.00537  1.25510e-02 | 27  0.01213  1.78977e-02
 28  0.00713  2.00118e-02 | 29  0.01425  1.28481e-02 | 30  0.01442  2.79067e-02
 31  0.01608 -4.81741e-03 | 32  0.01684 -1.48178e-03 | 33  0.01667 -1.73868e-03
 34  0.01830  6.04205e-03 | 35  0.02633  2.95832e-03 | 36  0.01728  4.09831e-03
 37  0.01870 -2.04459e-02 | 38  0.02518  1.02802e-02 | 39  0.03304 -1.39778e-02
 40  0.02754 -3.23519e-02 | 41  0.02532  2.36556e-02 | 42  0.02954 -1.04723e-02
 43  0.02881 -1.75687e-02 | 44  0.01714  2.15947e-03 | 45  0.14520 -5.51465e-02
 46 -0.06355  6.71825e-03 | 47 -0.10304 -5.35061e-02 | 48 -0.07055 -2.66661e-03
 49 -0.04361  4.77217e-03 | 50 -0.04300  1.82093e-02 | 51 -0.03062  1.42232e-02
 52 -0.01986  8.13972e-03 | 53 -0.01671 -9.37111e-03 | 54 -0.01079 -7.87377e-03
 55 -0.00771 -1.89981e-02 | 56 -0.00451 -1.37735e-02 | 57  0.00193 -8.87130e-03
 58  0.00459 -1.36936e-02 | 59  0.01278 -2.88659e-03 | 60  0.01781  1.00996e-02
 61  0.01829 -3.62819e-03 | 62  0.02044 -7.47710e-04 | 63  0.02446  6.01526e-03
 64  0.01889  1.88765e-03 | 65  0.02499  7.76392e-03 | 66  0.02948 -1.03593e-02
 67  0.03281  8.15608e-03 | 68  0.03068  2.02086e-02 | 69  0.02844 -1.47735e-02
 70  0.03297  6.37646e-03 | 71  0.03375 -1.83842e-03 | 72  0.04051  2.04194e-02
 73  0.04051 -2.31119e-03 | 74 -0.99872  1.25706e-03 |
1 0 27195.4
B08.09765e+06
0.3 0.0193493
0.0165851 0.456896
0.0216504 0.377753
0.0233671 0.355768
0.0237523 0.351119
0.0238282 0.350214
0.0238427 0.350041
0.0238455 0.350008
0.0238461 0.350001
0.0238462 0.35
0.0238462 0.35
0.0238462 0.35
0.0238462 0.35
0.0238462 0.35
0.0238462 0.35
0.0238462 0.35
0.0238462 0.35
0.0238462 0.35
0.0238462 0.35
0.0238462 0.35
0.0238462 0.35
2 0 27195.4

Initial statistics: 78 variables; iteration 0; function evaluation 0; phase 2
Function value   2.7195354e+04; maximum gradient component mag   1.1119e+04
Var   Value    Gradient   |Var   Value    Gradient   |Var   Value    Gradient
  1 -0.80702 -1.67125e+01 |  2 -0.70290 -1.03446e+02 |  3  0.29606  1.81509e-02
  4  0.27355  2.16381e-02 |  5  0.21605  2.46035e-03 |  6  0.16248 -1.57932e-04
  7  0.12344 -4.03894e-04 |  8  0.09517 -6.81815e-04 |  9  0.07408 -9.74657e-04
 10  0.05791 -5.29822e-04 | 11  0.04530  1.08348e-03 | 12  0.03541  1.66730e-03
 13  0.02772  1.05993e-03 | 14  0.02187  9.03671e-04 | 15  0.01765 -8.18260e-04
 16  0.01491 -3.83577e-03 | 17  0.01356  1.45472e-03 | 18  0.49165 -1.26825e-02
 19 -0.10467 -8.44925e-03 | 20 -0.09453  1.91069e-02 | 21 -0.09610  6.42971e-02
 22 -0.06679 -7.79742e-02 | 23 -0.00360  4.71326e-03 | 24 -0.00735 -2.04877e-02
 25 -0.00193 -1.65881e-02 | 26 -0.00063 -6.87978e-03 | 27  0.00432  6.30147e-03
 28  0.00537  1.24479e-02 | 29  0.01213  1.77946e-02 | 30  0.00713  1.99088e-02
 31  0.01425  1.27450e-02 | 32  0.01442  2.78037e-02 | 33  0.01608 -4.92045e-03
 34  0.01684 -1.58482e-03 | 35  0.01667 -1.84172e-03 | 36  0.01830  5.93902e-03
 37  0.02633  2.85533e-03 | 38  0.01728  3.99528e-03 | 39  0.01870 -2.05489e-02
 40  0.02518  1.01772e-02 | 41  0.03304 -1.40808e-02 | 42  0.02754 -3.24549e-02
 43  0.02532  2.35527e-02 | 44  0.02954 -1.05752e-02 | 45  0.02881 -1.76717e-02
 46  0.01714  2.05644e-03 | 47  0.14520 -5.51465e-02 | 48 -0.06355  7.88634e-03
 49 -0.10304 -5.23475e-02 | 50 -0.07055 -1.49988e-03 | 51 -0.04361  5.94334e-03
 52 -0.04300  1.93806e-02 | 53 -0.03062  1.53958e-02 | 54 -0.01986  9.31308e-03
 55 -0.01671 -8.19759e-03 | 56 -0.01079 -6.70000e-03 | 57 -0.00771 -1.78243e-02
 58 -0.00451 -1.25996e-02 | 59  0.00193 -7.69738e-03 | 60  0.00459 -1.25197e-02
 61  0.01278 -1.71289e-03 | 62  0.01781  1.12731e-02 | 63  0.01829 -2.45474e-03
 64  0.02044  4.25618e-04 | 65  0.02446  7.18833e-03 | 66  0.01889  3.06107e-03
 67  0.02499  8.93695e-03 | 68  0.02948 -9.18664e-03 | 69  0.03281  9.32845e-03
 70  0.03068  2.13812e-02 | 71  0.02844 -1.36008e-02 | 72  0.03297  7.54882e-03
 73  0.03375 -6.66141e-04 | 74  0.04051  2.15909e-02 | 75  0.04051 -1.13964e-03
 76 -0.99872  1.25706e-03 | 77 -0.59758  1.11192e+04 | 78 -0.61227 -5.35462e+03
2 0 27195.3
2 0 27195.2
2 0 27194.8
2 0 27194.2
2 0 27189.4
2 0 27180.2
2 0 27180.7
2 0 27175.2
2 0 27168
2 0 27153.1
2 0 27213.8
2 0 27072.2
2 0 31407.9
2 0 27093.1
2 0 27068.6
2 0 27063.4
2 0 27064
2 0 27062.8

Intermediate statistics: 78 variables; iteration 10; function evaluation 18; phase 2
Function value   2.7063692e+04; maximum gradient component mag   5.8529e+04
Var   Value    Gradient   |Var   Value    Gradient   |Var   Value    Gradient
  1 -0.79680  6.55968e+00 |  2 -0.65089 -7.12926e+01 |  3  0.29013 -1.30023e+02
  4  0.27486 -2.59391e+01 |  5  0.21562  2.84660e+01 |  6  0.16214  1.57872e+01
  7  0.12328  7.54700e+00 |  8  0.09509  4.03276e+00 |  9  0.07403  2.45747e+00
 10  0.05788  1.66666e+00 | 11  0.04527  1.22616e+00 | 12  0.03539  9.63040e-01
 13  0.02770  7.97935e-01 | 14  0.02186  6.88992e-01 | 15  0.01764  6.18237e-01
 16  0.01490  5.78487e-01 | 17  0.01355  5.47933e-01 | 18  0.26962 -3.38175e+03
 19 -0.06360  2.39460e+02 | 20 -0.04760  1.62604e+02 | 21 -0.05296 -1.09995e+03
 22 -0.04266 -7.05690e+01 | 23 -0.01262  3.76239e+02 | 24 -0.02916  9.67685e+01
 25 -0.01624  1.14026e+01 | 26 -0.01187  1.33049e+02 | 27 -0.00777 -2.59031e+01
 28 -0.00551 -5.82199e+01 | 29  0.00221 -3.92327e+02 | 30 -0.00156  1.34776e+02
 31  0.00553 -4.26315e+02 | 32  0.00773  9.62826e+01 | 33  0.00806 -3.76642e+02
 34  0.00885 -7.17901e+02 | 35  0.00982 -4.37396e+02 | 36  0.01256 -2.23321e+02
 37  0.02279  2.76444e+02 | 38  0.01141 -2.56447e+02 | 39  0.01283 -4.38995e+02
 40  0.01969 -8.14859e+02 | 41  0.03080  3.08332e+01 | 42  0.02476 -9.31468e+01
 43  0.02017 -9.40287e+02 | 44  0.02558 -7.99389e+02 | 45  0.02574 -7.51372e+02
 46  0.03485  7.22239e+02 | 47  0.14652  8.37621e+03 | 48 -0.05549  8.63327e+02
 49 -0.09177  5.77937e+02 | 50 -0.07921 -1.60183e+03 | 51 -0.04676 -8.50975e+02
 52 -0.05325 -1.58743e+03 | 53 -0.03757 -1.41472e+03 | 54 -0.02542 -1.31997e+03
 55 -0.02228 -1.10170e+03 | 56 -0.01535 -9.12067e+02 | 57 -0.00938 -2.21253e+01
 58 -0.00865 -1.00037e+03 | 59  0.00115  1.07268e+02 | 60  0.00321 -3.91624e+02
 61  0.01249  1.48066e+02 | 62  0.01968  8.67738e+02 | 63  0.01982  5.26358e+02
 64  0.02185  3.34435e+02 | 65  0.02644  1.28869e+02 | 66  0.02015  3.16311e+02
 67  0.02719  6.64320e+02 | 68  0.03392  1.14644e+03 | 69  0.03712  6.96711e+02
 70  0.03454  7.16787e+02 | 71  0.03381  1.40175e+03 | 72  0.03861  1.38421e+03
 73  0.03989  1.48650e+03 | 74  0.04015  6.54400e+02 | 75  0.03660 -3.78652e+02
 76 -0.99872 -4.25685e-02 | 77 -0.63162  5.85287e+04 | 78 -0.65503 -2.27756e+04
2 0 27059.5
2 0 27058.4
2 0 27056.2
2 0 27053.1
2 0 27051.8
2 0 27051.5
2 0 27051.3
2 0 27050.9
2 0 27051.5
2 0 27050.7
2 0 27050.8
2 0 27050.6
2 0 27050.5
2 0 27050.4
78 variables; iteration 20; function evaluation 32; phase 2
Function value   2.7052066e+04; maximum gradient component mag   6.4483e+04
Var   Value    Gradient   |Var   Value    Gradient   |Var   Value    Gradient
  1 -0.79330  6.38414e+00 |  2 -0.63259 -9.15450e+01 |  3  0.29312  1.03661e+02
  4  0.28008  1.56290e+02 |  5  0.21452  6.05271e+01 |  6  0.16074  2.59084e+01
  7  0.12246  1.41069e+01 |  8  0.09465  8.35642e+00 |  9  0.07377  5.39549e+00
 10  0.05771  3.81468e+00 | 11  0.04516  2.91062e+00 | 12  0.03531  2.35582e+00
 13  0.02763  1.99850e+00 | 14  0.02180  1.76735e+00 | 15  0.01759  1.61836e+00
 16  0.01485  1.51876e+00 | 17  0.01350  1.47781e+00 | 18  0.23181 -4.49082e+03
 19 -0.05500 -3.32753e+01 | 20 -0.04102 -3.19097e+02 | 21 -0.04487 -1.38491e+03
 22 -0.03939 -5.14899e+02 | 23 -0.01615  4.21585e+02 | 24 -0.04109 -7.90112e+02
 25 -0.01935  2.45541e+01 | 26 -0.01263  2.22666e+02 | 27 -0.00845 -2.76668e+01
 28 -0.00438  4.39085e+00 | 29  0.00373 -3.75551e+02 | 30  0.00146  3.56092e+02
 31  0.00804 -3.51020e+02 | 32  0.01040  2.03531e+02 | 33  0.01075 -2.91899e+02
 34  0.01116 -6.31793e+02 | 35  0.01225 -3.77156e+02 | 36  0.01472 -2.16698e+02
 37  0.02492  5.14812e+02 | 38  0.01390 -2.11164e+02 | 39  0.01527 -3.94172e+02
 40  0.02116 -8.59913e+02 | 41  0.03137 -2.62072e+02 | 42  0.02584 -2.18671e+02
 43  0.02140 -1.00028e+03 | 44  0.02630 -9.94407e+02 | 45  0.02506 -9.58245e+02
 46 -0.00689  4.66098e+02 | 47  0.14766  1.16166e+04 | 48 -0.05652  7.76958e+02
 49 -0.08890  8.11729e+02 | 50 -0.08148 -1.79149e+03 | 51 -0.04650 -5.59454e+02
 52 -0.06456 -2.49172e+03 | 53 -0.04068 -1.73345e+03 | 54 -0.02679 -1.41740e+03
 55 -0.02371 -1.23036e+03 | 56 -0.01562 -8.78260e+02 | 57 -0.00906  6.95051e+01
 58 -0.00814 -9.18226e+02 | 59  0.00212  2.66976e+02 | 60  0.00423 -1.99353e+02
 61  0.01381  4.15527e+02 | 62  0.02049  1.00046e+03 | 63  0.02094  7.43017e+02
 64  0.02314  6.17112e+02 | 65  0.02633 -6.65904e+00 | 66  0.02141  5.67408e+02
 67  0.02839  9.22724e+02 | 68  0.03435  1.24057e+03 | 69  0.03699  7.89825e+02
 70  0.03440  8.22239e+02 | 71  0.03379  1.42973e+03 | 72  0.03853  1.47412e+03
 73  0.03947  1.57305e+03 | 74  0.05149  6.00312e+01 | 75  0.03399 -6.08906e+02
 76 -0.99872 -6.12659e-02 | 77 -0.63716  6.44827e+04 | 78 -0.66263 -2.29926e+04
2 0 27050.1
2 0 27049.8
2 0 27049.7
2 0 27049.5
2 0 27049.6
2 0 27049.4
2 0 27049.3
2 0 27049.1
2 0 27048.8
2 0 27048.2
2 0 27047.6
2 0 27047.6
78 variables; iteration 30; function evaluation 44; phase 2
Function value   2.7049190e+04; maximum gradient component mag   6.2095e+04
Var   Value    Gradient   |Var   Value    Gradient   |Var   Value    Gradient
  1 -0.79398  5.72903e+01 |  2 -0.55992 -6.49132e+01 |  3  0.29153  3.87836e+01
  4  0.28031  1.57741e+02 |  5  0.21592  7.23750e+01 |  6  0.16295  4.25916e+01
  7  0.12221  1.02934e+01 |  8  0.09328  3.18677e+00 |  9  0.07263  4.17430e+00
 10  0.05697  3.91028e+00 | 11  0.04468  3.05166e+00 | 12  0.03497  2.38452e+00
 13  0.02738  1.96189e+00 | 14  0.02160  1.69472e+00 | 15  0.01742  1.53287e+00
 16  0.01470  1.43540e+00 | 17  0.01336  1.38118e+00 | 18  0.23690 -4.20457e+03
 19 -0.05666 -1.18330e+02 | 20 -0.04169 -2.80259e+02 | 21 -0.04553 -1.38393e+03
 22 -0.03957 -4.63992e+02 | 23 -0.01751  2.20157e+02 | 24 -0.04045 -6.23871e+02
 25 -0.01907  3.52408e+00 | 26 -0.01134  2.71950e+02 | 27 -0.00717  3.70526e+00
 28 -0.00320  3.87907e+01 | 29  0.00499 -2.92250e+02 | 30  0.00224  3.85765e+02
 31  0.00837 -3.30184e+02 | 32  0.01027  9.30837e+01 | 33  0.01130 -1.76535e+02
 34  0.01121 -5.85048e+02 | 35  0.01285 -2.98159e+02 | 36  0.01509 -1.57355e+02
 37  0.02510  5.34537e+02 | 38  0.01454 -1.31298e+02 | 39  0.01606 -2.95713e+02
 40  0.02087 -8.82317e+02 | 41  0.03131 -2.29961e+02 | 42  0.02539 -3.17362e+02
 43  0.02041 -1.16184e+03 | 44  0.02574 -1.10617e+03 | 45  0.02533 -8.08016e+02
 46 -0.00996  4.09594e+02 | 47  0.14823  1.09968e+04 | 48 -0.05633  8.14984e+02
 49 -0.08858  8.51680e+02 | 50 -0.08085 -1.72860e+03 | 51 -0.04693 -5.03156e+02
 52 -0.06447 -2.55453e+03 | 53 -0.04071 -1.75038e+03 | 54 -0.02642 -1.38399e+03
 55 -0.02317 -1.18062e+03 | 56 -0.01489 -7.67959e+02 | 57 -0.00842  1.16705e+02
 58 -0.00760 -8.19035e+02 | 59  0.00216  2.45807e+02 | 60  0.00479 -2.82077e+01
 61  0.01366  3.26360e+02 | 62  0.02003  8.47802e+02 | 63  0.02103  7.15428e+02
 64  0.02302  5.41577e+02 | 65  0.02657  6.26488e+00 | 66  0.02155  5.53252e+02
 67  0.02883  9.49513e+02 | 68  0.03383  1.12520e+03 | 69  0.03678  7.21978e+02
 70  0.03434  8.44898e+02 | 71  0.03327  1.41587e+03 | 72  0.03832  1.48453e+03
 73  0.03891  1.37836e+03 | 74  0.05304  6.95801e+01 | 75  0.03005 -6.13694e+02
 76 -0.99870 -6.28113e-02 | 77 -0.63648  6.20947e+04 | 78 -0.66167 -2.24000e+04
2 0 27047.3
2 0 27047.2
2 0 27046.9
2 0 27046.5
2 0 27045.7
2 0 27046.5
2 0 27045.4
2 0 27045.2
2 0 27044.8
2 0 27044.4
2 0 27044.4
2 0 27044.2
78 variables; iteration 40; function evaluation 56; phase 2
Function value   2.7045748e+04; maximum gradient component mag   5.8052e+04
Var   Value    Gradient   |Var   Value    Gradient   |Var   Value    Gradient
  1 -0.83749  2.81698e+01 |  2 -0.48060 -5.36634e+01 |  3  0.29133 -1.93352e+01
  4  0.27893  1.02790e+02 |  5  0.21996  9.34123e+01 |  6  0.16664  5.61061e+01
  7  0.12321 -1.62035e+00 |  8  0.09542  1.16603e+01 |  9  0.07352  3.56709e+00
 10  0.05674  1.60676e-01 | 11  0.04428  1.43187e+00 | 12  0.03472  1.99043e+00
 13  0.02727  1.79826e+00 | 14  0.02156  1.50721e+00 | 15  0.01742  1.30843e+00
 16  0.01472  1.21008e+00 | 17  0.01339  1.13956e+00 | 18  0.24121 -3.82802e+03
 19 -0.05721 -1.48088e+02 | 20 -0.04280 -3.53515e+02 | 21 -0.04599 -1.26912e+03
 22 -0.03994 -4.67504e+02 | 23 -0.01690  2.22938e+02 | 24 -0.04085 -7.18983e+02
 25 -0.01822 -1.39874e+01 | 26 -0.01067  2.59446e+02 | 27 -0.00537  1.21284e+02
 28 -0.00230  1.13607e+02 | 29  0.00500 -3.02865e+02 | 30  0.00256  4.37283e+02
 31  0.00851 -3.34973e+02 | 32  0.01058  1.16344e+02 | 33  0.01150 -1.85051e+02
 34  0.01190 -4.29149e+02 | 35  0.01280 -3.61805e+02 | 36  0.01534 -1.17530e+02
 37  0.02497  4.87091e+02 | 38  0.01473 -9.46221e+01 | 39  0.01594 -2.80287e+02
 40  0.02115 -8.51015e+02 | 41  0.03120 -2.06728e+02 | 42  0.02487 -4.48096e+02
 43  0.02060 -1.12419e+03 | 44  0.02566 -1.12648e+03 | 45  0.02490 -8.53122e+02
 46 -0.01296  3.07727e+02 | 47  0.14875  1.10558e+04 | 48 -0.05647  8.02794e+02
 49 -0.08920  7.46728e+02 | 50 -0.08055 -1.67594e+03 | 51 -0.04691 -5.34440e+02
 52 -0.06373 -2.42917e+03 | 53 -0.03974 -1.53470e+03 | 54 -0.02612 -1.33816e+03
 55 -0.02262 -1.18351e+03 | 56 -0.01483 -8.31677e+02 | 57 -0.00860  7.49394e+01
 58 -0.00790 -9.17662e+02 | 59  0.00222  2.52667e+02 | 60  0.00485 -1.88041e+01
 61  0.01384  3.66955e+02 | 62  0.01986  7.07695e+02 | 63  0.02130  8.15108e+02
 64  0.02309  5.45055e+02 | 65  0.02654  2.92952e+01 | 66  0.02157  5.51580e+02
 67  0.02839  8.46039e+02 | 68  0.03411  1.18225e+03 | 69  0.03644  6.58282e+02
 70  0.03415  8.66393e+02 | 71  0.03334  1.43469e+03 | 72  0.03838  1.52157e+03
 73  0.03860  1.34913e+03 | 74  0.05414  5.75848e+01 | 75  0.02774 -6.35848e+02
 76 -0.99866 -6.26641e-02 | 77 -0.63585  5.80523e+04 | 78 -0.66074 -2.11583e+04
2 0 27046.2
2 0 27044.2
2 0 27044.2
2 0 27044.1
2 0 27044.1
2 0 27044
2 0 27044
2 0 27043.9
2 0 27043.7
2 0 27043.3
2 0 27042.4
2 0 27041.1
78 variables; iteration 50; function evaluation 68; phase 2
Function value   2.7042695e+04; maximum gradient component mag   5.8180e+04
Var   Value    Gradient   |Var   Value    Gradient   |Var   Value    Gradient
  1 -0.83964  2.76807e+01 |  2 -0.47312 -5.10585e+01 |  3  0.29083 -3.81152e+01
  4  0.27633  7.50356e+01 |  5  0.21520  6.41672e+01 |  6  0.16395  3.71294e+01
  7  0.12710  4.76683e+01 |  8  0.09220 -3.76131e+01 |  9  0.07786 -1.02425e+00
 10  0.07078  5.30304e+01 | 11  0.05377  9.89907e+00 | 12  0.03802 -1.00790e+01
 13  0.02828 -4.87346e+00 | 14  0.02237  3.31280e-01 | 15  0.01844  1.72207e+00
 16  0.01588  1.70677e+00 | 17  0.01460  1.51067e+00 | 18  0.23618 -3.88853e+03
 19 -0.05776 -1.30964e+02 | 20 -0.04179 -3.51033e+02 | 21 -0.04478 -1.26808e+03
 22 -0.03938 -4.90994e+02 | 23 -0.01749  2.27078e+02 | 24 -0.04107 -7.97681e+02
 25 -0.01808  1.71637e+01 | 26 -0.01025  3.31911e+02 | 27 -0.00592  8.75187e+01
 28 -0.00303  5.58552e+01 | 29  0.00465 -3.13472e+02 | 30  0.00238  4.41038e+02
 31  0.00819 -4.04346e+02 | 32  0.01025  9.82208e+01 | 33  0.01113 -2.09793e+02
 34  0.01188 -4.45698e+02 | 35  0.01239 -4.33507e+02 | 36  0.01600 -1.71670e+01
 37  0.02498  4.98900e+02 | 38  0.01474 -1.22887e+02 | 39  0.01605 -2.80902e+02
 40  0.02118 -8.67966e+02 | 41  0.03188 -8.79601e+01 | 42  0.02492 -4.42430e+02
 43  0.02059 -1.12537e+03 | 44  0.02546 -1.15974e+03 | 45  0.02490 -8.41398e+02
 46 -0.01311  3.28977e+02 | 47  0.14887  1.14448e+04 | 48 -0.05629  8.21531e+02
 49 -0.08864  7.86868e+02 | 50 -0.08103 -1.75278e+03 | 51 -0.04709 -5.44912e+02
 52 -0.06453 -2.49141e+03 | 53 -0.03990 -1.56481e+03 | 54 -0.02598 -1.32940e+03
 55 -0.02275 -1.17303e+03 | 56 -0.01506 -8.27555e+02 | 57 -0.00883  4.01493e+01
 58 -0.00810 -9.57677e+02 | 59  0.00238  3.31459e+02 | 60  0.00465 -5.18862e+01
 61  0.01351  3.10374e+02 | 62  0.02005  7.64045e+02 | 63  0.02119  8.26604e+02
 64  0.02358  5.95415e+02 | 65  0.02645 -1.12633e+01 | 66  0.02183  6.13529e+02
 67  0.02861  8.92939e+02 | 68  0.03418  1.18841e+03 | 69  0.03725  7.66836e+02
 70  0.03415  8.35299e+02 | 71  0.03336  1.42796e+03 | 72  0.03823  1.50047e+03
 73  0.03853  1.32566e+03 | 74  0.05421  5.27420e+01 | 75  0.02793 -6.53770e+02
 76 -0.99855 -7.00128e-02 | 77 -0.63676  5.81798e+04 | 78 -0.66202 -2.08797e+04
2 0 27041
2 0 27040.4
2 0 27039.2
2 0 27036.9
2 0 27033.4
2 0 27032.8
2 0 27031.4
2 0 27030.7
2 0 27029.5
2 0 27021.9
2 0 27052
2 0 27020.4
2 0 27023
2 0 27020
2 0 27019.3
78 variables; iteration 60; function evaluation 83; phase 2
Function value   2.7021594e+04; maximum gradient component mag   6.0568e+04
Var   Value    Gradient   |Var   Value    Gradient   |Var   Value    Gradient
  1 -0.83484  3.28066e+01 |  2 -0.43337 -5.10699e+01 |  3  0.29180 -1.86952e+02
  4  0.28053  7.70853e+01 |  5  0.21994  1.01867e+02 |  6  0.16670  3.16874e+01
  7  0.13449  4.78680e+01 |  8  0.10903 -5.84745e+01 |  9  0.11615  1.43499e+02
 10  0.09760  2.03406e+01 | 11  0.08572  3.35686e+00 | 12  0.08291  9.19956e+01
 13  0.06169  2.27684e+01 | 14  0.03958 -2.44665e+01 | 15  0.02844 -1.56158e+01
 16  0.02477 -5.82419e-01 | 17  0.02384  5.22382e+00 | 18  0.19232 -4.93842e+03
 19 -0.04455 -7.23604e+01 | 20 -0.03178 -5.54941e+00 | 21 -0.03413 -1.03140e+03
 22 -0.03435 -5.66776e+02 | 23 -0.02248  9.76353e+01 | 24 -0.04139 -1.38879e+03
 25 -0.02355 -3.58024e+02 | 26 -0.01617  1.17696e+02 | 27 -0.01207 -1.52354e+02
 28 -0.00679 -1.20124e+02 | 29  0.00185 -4.16890e+02 | 30 -0.00112  2.45767e+02
 31  0.00606 -2.97609e+02 | 32  0.00990  1.34278e+02 | 33  0.01044 -2.57645e+02
 34  0.01135 -5.63043e+02 | 35  0.01038 -7.50060e+02 | 36  0.01603  5.97033e+01
 37  0.02433  5.94726e+02 | 38  0.01434 -1.39758e+02 | 39  0.01400 -6.12164e+02
 40  0.01931 -1.24844e+03 | 41  0.03260  1.62153e+02 | 42  0.02660 -5.34677e+01
 43  0.01956 -1.32457e+03 | 44  0.02560 -1.10088e+03 | 45  0.02459 -8.42860e+02
 46 -0.01185  5.93551e+02 | 47  0.14923  1.59613e+04 | 48 -0.05359  8.23107e+02
 49 -0.08357  1.02055e+03 | 50 -0.08539 -2.54045e+03 | 51 -0.04825 -4.83495e+02
 52 -0.07000 -3.01833e+03 | 53 -0.04267 -1.87385e+03 | 54 -0.02733 -1.20584e+03
 55 -0.02601 -1.53950e+03 | 56 -0.01587 -7.97090e+02 | 57 -0.00883  5.68237e+01
 58 -0.00833 -8.84510e+02 | 59  0.00073 -1.83114e+02 | 60  0.00621  1.50740e+02
 61  0.01496  5.35216e+02 | 62  0.02237  1.21603e+03 | 63  0.02267  1.17029e+03
 64  0.02576  8.78373e+02 | 65  0.02651 -1.97959e+02 | 66  0.02354  8.12815e+02
 67  0.02965  1.15917e+03 | 68  0.03604  1.60203e+03 | 69  0.03781  6.62547e+02
 70  0.03653  9.92191e+02 | 71  0.03462  1.51290e+03 | 72  0.03978  1.63087e+03
 73  0.04035  1.53660e+03 | 74  0.05293 -6.22574e+01 | 75  0.02177 -8.91467e+02
 76 -0.99744 -1.59925e-01 | 77 -0.64527  6.05676e+04 | 78 -0.67380 -1.81059e+04
2 0 27018.3
2 0 27024
2 0 27018.2
2 0 27018
2 0 27017.8
2 0 27017.5
2 0 27017.2
2 0 27019.1
2 0 27017.1
2 0 27017
2 0 27017
2 0 27017
2 0 27017
78 variables; iteration 70; function evaluation 96; phase 2
Function value   2.7019344e+04; maximum gradient component mag   6.0987e+04
Var   Value    Gradient   |Var   Value    Gradient   |Var   Value    Gradient
  1 -0.83580  3.30794e+01 |  2 -0.43114 -5.10975e+01 |  3  0.29118 -1.98149e+02
  4  0.27888  6.84030e+01 |  5  0.21538  8.15743e+01 |  6  0.16107  2.54216e+01
  7  0.12582  1.77946e+01 |  8  0.10283 -4.58190e+01 |  9  0.10651  1.09662e+02
 10  0.09142  3.80237e+01 | 11  0.07586 -1.06170e+01 | 12  0.07153  7.81265e+01
 13  0.05081 -2.16161e+00 | 14  0.03535 -2.67509e+01 | 15  0.03115  1.20555e+00
 16  0.02951  7.46307e+00 | 17  0.02845  5.61917e+00 | 18  0.18707 -5.14959e+03
 19 -0.04582 -1.12733e+01 | 20 -0.03061  3.84867e+01 | 21 -0.03298 -1.01166e+03
 22 -0.03371 -5.57065e+02 | 23 -0.02322  2.28217e+01 | 24 -0.04110 -1.41662e+03
 25 -0.02453 -4.87822e+02 | 26 -0.01635  1.20492e+02 | 27 -0.01281 -2.42647e+02
 28 -0.00736 -1.69192e+02 | 29  0.00091 -4.93155e+02 | 30 -0.00167  2.00615e+02
 31  0.00705 -1.96213e+02 | 32  0.01063  2.27648e+02 | 33  0.01003 -3.15100e+02
 34  0.01173 -5.25737e+02 | 35  0.01020 -7.78614e+02 | 36  0.01517 -5.67330e+01
 37  0.02413  5.77341e+02 | 38  0.01461 -1.23721e+02 | 39  0.01474 -5.52280e+02
 40  0.01999 -1.19384e+03 | 41  0.03294  2.09181e+02 | 42  0.02679 -2.11118e+01
 43  0.01930 -1.37222e+03 | 44  0.02547 -1.11678e+03 | 45  0.02441 -8.58980e+02
 46 -0.01145  6.34787e+02 | 47  0.14925  1.66491e+04 | 48 -0.05332  7.92906e+02
 49 -0.08322  1.01180e+03 | 50 -0.08583 -2.62279e+03 | 51 -0.04850 -4.64448e+02
 52 -0.07045 -3.07363e+03 | 53 -0.04320 -1.91741e+03 | 54 -0.02738 -1.18048e+03
 55 -0.02637 -1.54860e+03 | 56 -0.01604 -7.82995e+02 | 57 -0.00928  2.41885e+01
 58 -0.00873 -9.32013e+02 | 59  0.00149 -9.78431e+01 | 60  0.00689  2.20240e+02
 61  0.01477  5.01650e+02 | 62  0.02284  1.28983e+03 | 63  0.02280  1.20047e+03
 64  0.02537  8.42288e+02 | 65  0.02616 -2.56421e+02 | 66  0.02385  8.55432e+02
 67  0.03033  1.25034e+03 | 68  0.03681  1.69797e+03 | 69  0.03810  6.78343e+02
 70  0.03669  9.89713e+02 | 71  0.03466  1.51524e+03 | 72  0.03972  1.61248e+03
 73  0.04033  1.52337e+03 | 74  0.05262 -9.26989e+01 | 75  0.02131 -9.25084e+02
 76 -0.99724 -1.78707e-01 | 77 -0.64620  6.09866e+04 | 78 -0.67512 -1.77725e+04
2 0 27017
2 0 27016.9
2 0 27016.9
2 0 27016.8
2 0 27016.7
2 0 27016.4
2 0 27016
2 0 27015.4
2 0 27014.3
2 0 27006.3
2 0 26989.6
2 0 26954.8
2 0 27091.3
2 0 64385.6
2 0 26954.6
2 0 26952.3
2 0 26927.1
2 0 61681.7
2 0 26926.8
2 0 26924
2 0 26888.8
2 0 57484.5
2 0 26888.3
2 0 26882.9
2 0 26887.1
2 0 26857.9
78 variables; iteration 80; function evaluation 122; phase 2
Function value   2.6858148e+04; maximum gradient component mag   2.4511e+04
Var   Value    Gradient   |Var   Value    Gradient   |Var   Value    Gradient
  1 -0.87312  1.26348e+01 |  2 -0.43122  1.32403e+01 |  3  0.29697 -1.12095e+03
  4  0.27974 -4.24012e+02 |  5  0.19714 -1.15056e+02 |  6  0.13411 -7.72864e+01
  7  0.09859 -1.24934e+02 |  8  0.10592 -8.70664e+00 |  9  0.12361  5.40274e+01
 10  0.13816  1.19889e+02 | 11  0.13555  1.67104e+02 | 12  0.10056  5.89738e+01
 13  0.05673 -3.41080e+01 | 14  0.02664 -3.14404e+01 | 15  0.00763 -1.49407e+01
 16 -0.00587 -1.52256e+01 | 17 -0.01405 -2.52121e+01 | 18  0.14197 -7.56226e+02
 19 -0.03496  1.31731e+03 | 20 -0.02199  2.39718e+03 | 21 -0.02392  1.16253e+03
 22 -0.02555  4.60296e+02 | 23 -0.02403  3.53378e+02 | 24 -0.03724 -1.66371e+03
 25 -0.02425 -7.93344e+02 | 26 -0.02021 -4.30869e+02 | 27 -0.01402 -7.90854e+02
 28 -0.00844 -4.21867e+02 | 29 -0.00027 -3.41165e+02 | 30 -0.00301  5.28524e+01
 31  0.00511 -3.12960e+02 | 32  0.00712  6.02014e+00 | 33  0.00868 -2.52079e+02
 34  0.00879 -5.25437e+02 | 35  0.00962 -3.91029e+02 | 36  0.01240 -2.03639e+02
 37  0.02265  6.69002e+02 | 38  0.01227 -2.62677e+02 | 39  0.01362 -4.88813e+02
 40  0.01917 -8.20610e+02 | 41  0.03128  3.43143e+02 | 42  0.02557  3.57749e+01
 43  0.01950 -1.07595e+03 | 44  0.02587 -5.03564e+02 | 45  0.02225 -4.80474e+02
 46 -0.01057 -2.33825e+02 | 47  0.14903  2.73193e+02 | 48 -0.05184 -6.56387e+02
 49 -0.08034  7.42109e+02 | 50 -0.09197 -3.30076e+03 | 51 -0.04899 -2.22996e+03
 52 -0.07119 -3.17849e+03 | 53 -0.04309 -1.98676e+03 | 54 -0.02829 -1.17022e+03
 55 -0.02495 -9.25082e+02 | 56 -0.01510 -3.24478e+02 | 57 -0.00821  1.82482e+02
 58 -0.00795 -4.38892e+02 | 59  0.00315  4.17604e+02 | 60  0.00572  2.93091e+02
 61  0.01574  8.45626e+02 | 62  0.02189  1.18511e+03 | 63  0.02293  1.15200e+03
 64  0.02528  1.10340e+03 | 65  0.02664  1.45582e+02 | 66  0.02403  9.99849e+02
 67  0.03013  1.37737e+03 | 68  0.03634  1.58868e+03 | 69  0.03585  5.83626e+02
 70  0.03365  5.23759e+02 | 71  0.03520  1.47881e+03 | 72  0.03807  1.28998e+03
 73  0.03901  1.14712e+03 | 74  0.04785 -2.03981e+02 | 75  0.03052 -9.80115e+01
 76 -0.17668  3.55429e+01 | 77 -0.65673  2.45107e+04 | 78 -0.69107 -4.69170e+03
2 0 26971.7
2 0 26876.2
2 0 26856.3
2 0 26853.2
2 0 26826.3
2 0 26775.8
2 0 26702.4
2 0 26649.7
2 0 26604.3
2 0 26571.7
2 0 26546.7
2 0 26540.7
2 0 26539.3
78 variables; iteration 90; function evaluation 135; phase 2
Function value   2.6539290e+04; maximum gradient component mag  -4.9551e+02
Var   Value    Gradient   |Var   Value    Gradient   |Var   Value    Gradient
  1 -0.94316 -1.15633e+01 |  2 -0.44618 -3.72898e+00 |  3  0.32979 -3.14740e+01
  4  0.27620 -5.32566e+01 |  5  0.20360 -1.87564e+01 |  6  0.14921 -3.55660e+00
  7  0.11074  1.65657e-01 |  8  0.08270 -3.22271e+00 |  9  0.06266 -1.18558e+00
 10  0.04796  2.83282e+00 | 11  0.03615  2.49396e-01 | 12  0.02722  3.12516e+00
 13  0.01978  2.91674e+00 | 14  0.01356  2.03969e+00 | 15  0.00854  6.55314e-01
 16  0.00494 -2.17798e-01 | 17  0.00293 -1.93475e+00 | 18  0.08776  2.36840e+02
 19 -0.03444  2.17903e+01 | 20 -0.02056  1.82236e+02 | 21 -0.01984  1.87225e+02
 22 -0.01621  8.61247e+00 | 23 -0.02345 -7.17499e+01 | 24 -0.01877 -2.58631e+01
 25 -0.01539 -3.51687e+00 | 26 -0.01578  2.53990e+01 | 27 -0.00813 -2.43621e+01
 28 -0.00675 -2.85164e+01 | 29 -0.00187  8.48979e+00 | 30 -0.00544 -3.54335e+01
 31  0.00174 -2.92139e+01 | 32  0.00197 -5.53600e+00 | 33  0.00337 -4.30041e+01
 34  0.00457 -1.08247e+01 | 35  0.00457 -2.09609e+01 | 36  0.00705 -2.68193e+01
 37  0.01373 -2.83333e+01 | 38  0.00616 -1.31048e+01 | 39  0.01025 -4.39952e+01
 40  0.01704 -1.92939e+01 | 41  0.02354 -3.66815e+01 | 42  0.02086  5.14529e+01
 43  0.01970 -4.75495e+01 | 44  0.02537  1.23114e+02 | 45  0.02270 -2.30260e+01
 46  0.00406 -3.21539e+01 | 47  0.15287 -4.66924e+02 | 48 -0.05043 -1.27147e+02
 49 -0.08713 -5.24910e+01 | 50 -0.06800  3.46130e+01 | 51 -0.04357 -2.02132e+01
 52 -0.04611 -3.95862e+01 | 53 -0.03214 -2.69567e+01 | 54 -0.02189 -2.36385e+01
 55 -0.01834 -4.30184e+01 | 56 -0.01294 -1.07263e+01 | 57 -0.00828 -3.25056e+01
 58 -0.00699 -9.26342e+00 | 59  0.00069 -8.17242e+00 | 60  0.00362  1.24626e+01
 61  0.01079  1.04472e+01 | 62  0.01645  7.17581e+00 | 63  0.01772  4.19525e-01
 64  0.01931  3.33633e+01 | 65  0.02342 -6.12679e-02 | 66  0.01783  4.26577e+01
 67  0.02290  2.99746e+01 | 68  0.02940  1.97444e+01 | 69  0.03172  4.22005e+01
 70  0.02759 -1.08105e+00 | 71  0.02884  5.67995e+01 | 72  0.03152 -8.98346e+01
 73  0.03351  5.30230e+01 | 74  0.04053  7.57333e+01 | 75  0.03949  1.48524e+01
 76 -0.04860  5.16565e+01 | 77 -0.67261 -4.95509e+02 | 78 -0.71551 -4.08108e+01
2 0 26538.9
2 0 26538.6
2 0 26538.3
2 0 26537.3
2 0 26661.9
2 0 26537.2
2 0 26535.9
2 0 26668.4
2 0 26535.6
2 0 26535.8
2 0 26535.5
2 0 29378.5
2 0 26535.5
2 0 26535.5
2 0 26535.5
2 0 26535.4
2 0 26534.7
2 0 26533.4
2 0 26531.6
2 0 26529.8
2 0 26529.2
78 variables; iteration 100; function evaluation 156; phase 2
Function value   2.6529167e+04; maximum gradient component mag  -5.3818e+02
Var   Value    Gradient   |Var   Value    Gradient   |Var   Value    Gradient
  1 -0.68729  1.52277e+02 |  2 -0.68083  4.21034e+01 |  3  0.32892 -5.46269e+01
  4  0.27834 -2.95957e+01 |  5  0.20642 -7.07347e+00 |  6  0.15136  1.34296e+00
  7  0.11131 -3.80083e+00 |  8  0.08279 -3.00994e+00 |  9  0.06201  1.67826e+00
 10  0.04545 -3.48108e+00 | 11  0.03338 -2.85338e+00 | 12  0.02484  4.80328e+00
 13  0.01709  2.15542e+00 | 14  0.01059 -1.32533e-01 | 15  0.00578 -4.96971e-01
 16  0.00261 -4.94023e-01 | 17  0.00096 -1.01999e+00 | 18  0.08985  1.44189e+02
 19 -0.03431  8.59054e+01 | 20 -0.02154  4.14358e+01 | 21 -0.02048  5.09565e+01
 22 -0.01635  4.07043e+00 | 23 -0.02316 -2.60941e+01 | 24 -0.01821  5.46171e+00
 25 -0.01539 -2.69380e+01 | 26 -0.01581 -2.99970e+01 | 27 -0.00752  5.16531e+01
 28 -0.00642  8.44782e+00 | 29 -0.00177 -3.61751e+00 | 30 -0.00503 -4.41279e+00
 31  0.00218 -2.11946e+00 | 32  0.00212  1.14440e+01 | 33  0.00353 -2.82333e+00
 34  0.00451  7.65006e-01 | 35  0.00497  3.53932e+00 | 36  0.00740 -5.69534e-01
 37  0.01360  1.59700e+00 | 38  0.00626 -1.06977e+01 | 39  0.01077 -3.90321e+00
 40  0.01728  5.37279e+00 | 41  0.02328  1.76349e+01 | 42  0.02005 -9.04556e+00
 43  0.02029  2.25834e+01 | 44  0.02372 -2.58435e+01 | 45  0.02243  4.44696e+01
 46  0.00387 -1.53541e+01 | 47  0.15402 -5.38184e+02 | 48 -0.05010 -5.15490e+01
 49 -0.08674 -8.06473e+00 | 50 -0.06775 -9.07281e-01 | 51 -0.04419  2.27463e+01
 52 -0.04526  8.24690e+01 | 53 -0.03203  1.34180e+01 | 54 -0.02222  1.35801e+01
 55 -0.01789  1.41537e+00 | 56 -0.01286 -1.68513e+01 | 57 -0.00821 -2.85743e+01
 58 -0.00711 -4.05863e+00 | 59  0.00075 -4.03085e+00 | 60  0.00371 -1.26357e+01
 61  0.01064  7.20582e-01 | 62  0.01632 -1.52306e+01 | 63  0.01743 -8.90310e+00
 64  0.01933 -4.06644e+00 | 65  0.02354 -2.58204e+01 | 66  0.01740  1.51483e+01
 67  0.02271  2.89500e+00 | 68  0.02942 -1.26416e+01 | 69  0.03160 -1.64710e+01
 70  0.02734  5.11656e-01 | 71  0.02803 -3.41371e+01 | 72  0.03215  1.48948e+01
 73  0.03265 -1.65953e+00 | 74  0.03976 -4.51762e+01 | 75  0.04103  3.05556e+01
 76 -0.03913 -9.58354e+00 | 77 -0.67328 -4.06680e+02 | 78 -0.71672 -4.08487e+01
2 0 26529.2
2 0 26529
2 0 26528.9
2 0 26528.8
2 0 26528.8
2 0 26528.7
2 0 26528.5
2 0 26528.3
2 0 26528.1
2 0 29397.8
2 0 26528.1
2 0 26528.1
2 0 26528.1
2 0 26528
2 0 26528.1
2 0 26528
2 0 26527.9
78 variables; iteration 110; function evaluation 173; phase 2
Function value   2.6527920e+04; maximum gradient component mag   3.3281e+02
Var   Value    Gradient   |Var   Value    Gradient   |Var   Value    Gradient
  1 -0.67207  3.32808e+02 |  2 -0.74429  5.79044e+01 |  3  0.33113  1.27616e+01
  4  0.27977  3.54337e+00 |  5  0.20689  1.05191e+00 |  6  0.15133  3.15911e-01
  7  0.11195  8.16670e-01 |  8  0.08317 -3.39839e-01 |  9  0.06160 -5.41549e-01
 10  0.04505 -4.92642e-01 | 11  0.03216 -8.05029e-01 | 12  0.02221 -2.59689e-01
 13  0.01453  1.36502e-01 | 14  0.00867  1.64503e-01 | 15  0.00440  5.66427e-02
 16  0.00160  5.17716e-02 | 17  0.00021 -8.04430e-02 | 18  0.08845 -4.68225e+00
 19 -0.03844 -7.59685e+00 | 20 -0.02234 -3.61756e+00 | 21 -0.02130 -3.82081e+00
 22 -0.01664  7.59405e+00 | 23 -0.02341 -1.89630e+01 | 24 -0.01867  4.77574e+00
 25 -0.01536  3.44037e+00 | 26 -0.01557  4.12294e+01 | 27 -0.00775 -1.13718e+01
 28 -0.00638 -2.06361e+01 | 29 -0.00153  8.49449e+00 | 30 -0.00482  9.66461e-01
 31  0.00248 -9.32013e+00 | 32  0.00245  2.24150e+00 | 33  0.00394 -1.24769e+00
 34  0.00487 -2.23207e+00 | 35  0.00525  1.96960e+00 | 36  0.00788 -2.60060e+00
 37  0.01421  7.41671e+00 | 38  0.00666 -1.61387e+00 | 39  0.01126  1.60506e+00
 40  0.01787  4.45848e-01 | 41  0.02399  5.21703e+00 | 42  0.02077  2.69294e+00
 43  0.02062 -2.25798e+00 | 44  0.02435 -1.74499e+01 | 45  0.02232 -2.70613e+01
 46  0.00318 -3.29058e+00 | 47  0.15588 -7.63342e+01 | 48 -0.04903  6.81675e+00
 49 -0.08586 -1.95700e+00 | 50 -0.06706  2.15753e+00 | 51 -0.04346  1.08497e+01
 52 -0.04511  3.15494e-01 | 53 -0.03157 -1.72440e+00 | 54 -0.02175 -2.59149e+00
 55 -0.01774 -1.04858e+01 | 56 -0.01269 -7.91785e+00 | 57 -0.00800  3.73251e+00
 58 -0.00702 -4.71335e+00 | 59  0.00072  2.36921e+00 | 60  0.00365 -6.91566e+00
 61  0.01052 -2.05102e+00 | 62  0.01626 -4.57382e-01 | 63  0.01724 -8.90976e-01
 64  0.01910 -6.10121e-01 | 65  0.02336 -1.22953e+00 | 66  0.01712  7.17965e-01
 67  0.02238 -7.57634e+00 | 68  0.02903 -1.61133e+00 | 69  0.03116  1.62261e+00
 70  0.02689  1.43149e+00 | 71  0.02768 -5.33103e+00 | 72  0.03158  2.16487e+01
 73  0.03228  2.50077e+01 | 74  0.03998 -3.78087e+00 | 75  0.03996  4.42865e+00
 76 -0.00848 -1.11844e+01 | 77 -0.67221  1.52481e+01 | 78 -0.71415  1.17525e+00
2 0 26527.9
2 0 26527.9
2 0 26527.9
2 0 26527.9
2 0 26527.9
2 0 26527.9
2 0 26527.9
2 0 26527.9
2 0 26527.9
2 0 26527.9
78 variables; iteration 120; function evaluation 183; phase 2
Function value   2.6527873e+04; maximum gradient component mag   1.8442e-01
Var   Value    Gradient   |Var   Value    Gradient   |Var   Value    Gradient
  1 -0.67216  1.06928e-01 |  2 -0.74408  1.89120e-02 |  3  0.33117 -3.60290e-02
  4  0.27979 -2.59198e-02 |  5  0.20681 -1.45580e-02 |  6  0.15128 -4.02975e-03
  7  0.11197 -4.13948e-03 |  8  0.08351 -5.01472e-03 |  9  0.06219 -4.02221e-03
 10  0.04579 -1.03766e-02 | 11  0.03297 -9.79965e-03 | 12  0.02289  5.22659e-04
 13  0.01504 -4.50240e-04 | 14  0.00907 -1.30000e-03 | 15  0.00476 -6.50519e-04
 16  0.00195  1.81534e-04 | 17  0.00057 -5.01168e-04 | 18  0.08830 -1.78313e-03
 19 -0.03899  1.10580e-01 | 20 -0.02247 -2.65471e-02 | 21 -0.02139 -4.47846e-02
 22 -0.01671 -5.87265e-02 | 23 -0.02338  2.59989e-03 | 24 -0.01876 -1.68375e-02
 25 -0.01545 -1.74208e-03 | 26 -0.01582  6.37759e-03 | 27 -0.00772  1.10250e-02
 28 -0.00629  5.35608e-02 | 29 -0.00157 -8.10154e-02 | 30 -0.00483  1.13509e-02
 31  0.00253  2.83593e-03 | 32  0.00247  3.47059e-02 | 33  0.00397 -1.57263e-02
 34  0.00490 -4.26170e-03 | 35  0.00524  3.92073e-03 | 36  0.00791  4.61700e-03
 37  0.01422  2.02848e-02 | 38  0.00668 -1.68344e-02 | 39  0.01128  1.14848e-02
 40  0.01789  2.87084e-03 | 41  0.02402  1.96095e-02 | 42  0.02081  6.69426e-02
 43  0.02065 -1.10058e-01 | 44  0.02452  1.37575e-02 | 45  0.02268 -1.22505e-01
 46  0.00358  6.30911e-03 | 47  0.15606  1.84420e-01 | 48 -0.04896  1.27368e-02
 49 -0.08573  9.97270e-03 | 50 -0.06701 -3.05251e-02 | 51 -0.04338  1.10030e-01
 52 -0.04502  7.08966e-02 | 53 -0.03149  1.10513e-02 | 54 -0.02173 -1.31848e-02
 55 -0.01768 -1.53390e-02 | 56 -0.01260 -2.35292e-02 | 57 -0.00801 -4.01608e-02
 58 -0.00699 -1.73197e-02 | 59  0.00071  9.15943e-04 | 60  0.00368 -2.89615e-02
 61  0.01051 -1.30056e-02 | 62  0.01625 -1.34814e-03 | 63  0.01723 -1.02694e-02
 64  0.01907 -1.28039e-02 | 65  0.02332 -4.51418e-02 | 66  0.01709  1.90842e-02
 67  0.02239 -3.69822e-02 | 68  0.02898 -4.92716e-03 | 69  0.03108 -2.64899e-02
 70  0.02682 -4.72561e-02 | 71  0.02766  1.15459e-01 | 72  0.03143 -6.36815e-02
 73  0.03215  1.04726e-01 | 74  0.03992 -6.73388e-03 | 75  0.03992 -9.91589e-03
 76 -0.00546  5.54749e-03 | 77 -0.67211  7.67769e-03 | 78 -0.71390  9.35310e-02
2 0 26527.9
2 0 26527.9
2 0 26527.9
2 0 26527.9
2 0 26527.9
2 0 26527.9
2 0 26527.9
2 0 26527.9
2 0 26527.9
2 0 26527.9
78 variables; iteration 130; function evaluation 193; phase 2
Function value   2.6527873e+04; maximum gradient component mag  -1.5580e-01
Var   Value    Gradient   |Var   Value    Gradient   |Var   Value    Gradient
  1 -0.67216  9.93629e-03 |  2 -0.74407  1.75718e-03 |  3  0.33117 -8.73458e-04
  4  0.27979  5.17438e-04 |  5  0.20681  6.14396e-04 |  6  0.15128  1.71945e-04
  7  0.11197  5.17626e-05 |  8  0.08351  8.94636e-05 |  9  0.06220  1.37199e-04
 10  0.04580  1.41145e-04 | 11  0.03298  1.43705e-04 | 12  0.02290 -2.24140e-05
 13  0.01505 -7.82135e-05 | 14  0.00908 -5.17727e-05 | 15  0.00476 -2.85911e-05
 16  0.00196 -8.54886e-06 | 17  0.00057 -1.12935e-05 | 18  0.08830  7.32255e-03
 19 -0.03899 -2.08089e-03 | 20 -0.02247  1.67473e-03 | 21 -0.02139  5.25450e-03
 22 -0.01671  1.97345e-03 | 23 -0.02338 -1.05377e-03 | 24 -0.01876 -8.82046e-04
 25 -0.01545 -5.27315e-03 | 26 -0.01582  5.25975e-04 | 27 -0.00772 -3.62324e-03
 28 -0.00629  9.70394e-04 | 29 -0.00157  1.14125e-03 | 30 -0.00483 -3.37432e-04
 31  0.00253  9.06911e-04 | 32  0.00247 -2.52485e-03 | 33  0.00397  1.23954e-03
 34  0.00490  2.02752e-03 | 35  0.00524 -7.10156e-04 | 36  0.00791  4.37665e-04
 37  0.01422  7.81582e-04 | 38  0.00668  2.61819e-04 | 39  0.01128  3.27315e-03
 40  0.01789  9.27360e-04 | 41  0.02402  4.64262e-03 | 42  0.02081  5.46410e-03
 43  0.02065 -5.18307e-03 | 44  0.02452 -4.77309e-03 | 45  0.02268  5.83431e-03
 46  0.00358 -1.33134e-03 | 47  0.15606 -1.62851e-02 | 48 -0.04896 -3.56285e-03
 49 -0.08573 -1.37536e-03 | 50 -0.06701 -1.32246e-04 | 51 -0.04338  3.85518e-03
 52 -0.04503  3.07915e-04 | 53 -0.03149  1.17252e-03 | 54 -0.02173  4.49186e-03
 55 -0.01768  1.84728e-04 | 56 -0.01260  3.74077e-03 | 57 -0.00801 -3.11112e-04
 58 -0.00699  2.49455e-03 | 59  0.00071 -4.62993e-03 | 60  0.00368  3.47063e-03
 61  0.01051  2.07585e-04 | 62  0.01625 -2.71774e-03 | 63  0.01723 -8.28173e-04
 64  0.01907  1.38090e-03 | 65  0.02332 -2.25055e-04 | 66  0.01709 -5.48440e-04
 67  0.02239 -2.69751e-03 | 68  0.02898 -1.00925e-03 | 69  0.03108 -2.74079e-03
 70  0.02682 -4.04638e-03 | 71  0.02766  4.49547e-03 | 72  0.03143  3.24452e-03
 73  0.03215 -5.94602e-03 | 74  0.03992  2.28501e-04 | 75  0.03992  7.31259e-04
 76 -0.00547 -8.47535e-04 | 77 -0.67211 -1.55798e-01 | 78 -0.71390  8.23307e-02
2 0 26527.9
2 0 26527.9
2 0 26527.9
2 0 26527.9
2 0 26527.9
2 0 26527.9
2 0 26527.9
2 0 26527.9
2 0 26527.9
2 0 26527.9
78 variables; iteration 140; function evaluation 203; phase 2
Function value   2.6527873e+04; maximum gradient component mag   2.2288e-01
Var   Value    Gradient   |Var   Value    Gradient   |Var   Value    Gradient
  1 -0.67213  1.84564e-01 |  2 -0.74423  3.26248e-02 |  3  0.33117 -8.87892e-03
  4  0.27979  1.36960e-02 |  5  0.20681  1.49906e-02 |  6  0.15128  4.21705e-03
  7  0.11197  2.18977e-03 |  8  0.08351  1.56264e-03 |  9  0.06220  2.69093e-03
 10  0.04580  8.85549e-04 | 11  0.03297  2.11384e-04 | 12  0.02290 -1.67696e-03
 13  0.01505 -1.97187e-03 | 14  0.00908 -1.26298e-03 | 15  0.00476 -7.55498e-04
 16  0.00195 -2.05101e-04 | 17  0.00057 -3.25064e-04 | 18  0.08830 -5.50043e-03
 19 -0.03899 -3.28917e-02 | 20 -0.02247  4.89489e-02 | 21 -0.02139  1.35571e-01
 22 -0.01671  6.82304e-02 | 23 -0.02338 -3.20711e-02 | 24 -0.01876 -7.36027e-03
 25 -0.01545 -7.17324e-02 | 26 -0.01582 -6.28593e-04 | 27 -0.00772 -6.27931e-02
 28 -0.00629  1.28983e-02 | 29 -0.00157  1.50801e-02 | 30 -0.00483 -5.97896e-03
 31  0.00253  3.69898e-02 | 32  0.00247 -9.24703e-02 | 33  0.00397  2.78550e-02
 34  0.00490  3.69314e-02 | 35  0.00524 -4.99036e-02 | 36  0.00791 -3.93594e-03
 37  0.01422 -3.63074e-02 | 38  0.00668  8.17757e-03 | 39  0.01128  5.07027e-02
 40  0.01789 -8.10933e-03 | 41  0.02402  4.43414e-02 | 42  0.02081  2.22876e-01
 43  0.02065 -1.29642e-01 | 44  0.02452 -1.57381e-01 | 45  0.02268  1.18602e-01
 46  0.00358 -9.15288e-03 | 47  0.15606  6.58958e-02 | 48 -0.04896 -9.40548e-02
 49 -0.08573 -4.50198e-02 | 50 -0.06701 -8.44977e-03 | 51 -0.04338  7.72621e-02
 52 -0.04503 -9.48683e-03 | 53 -0.03150  1.62938e-02 | 54 -0.02173  9.93140e-02
 55 -0.01768 -6.26035e-03 | 56 -0.01260  8.67578e-02 | 57 -0.00801 -9.87595e-03
 58 -0.00699  8.63285e-02 | 59  0.00071 -1.28000e-01 | 60  0.00368  1.13314e-01
 61  0.01051  1.33322e-02 | 62  0.01625 -5.90799e-02 | 63  0.01723  6.67451e-03
 64  0.01907  4.00668e-02 | 65  0.02332  2.56541e-02 | 66  0.01709 -2.54855e-02
 67  0.02239 -3.09433e-02 | 68  0.02898 -8.59845e-03 | 69  0.03108 -2.68145e-02
 70  0.02682 -1.59516e-01 | 71  0.02766  1.00192e-01 | 72  0.03143  1.25689e-01
 73  0.03215 -1.28865e-01 | 74  0.03992 -2.21921e-02 | 75  0.03992 -7.63265e-04
 76 -0.00547 -2.06037e-02 | 77 -0.67210 -4.89104e-03 | 78 -0.71392  9.22310e-02
2 0 26527.9
2 0 26527.9
2 0 26527.9
2 0 26527.9
2 0 26527.9
2 0 26527.9
2 0 26527.9
2 0 26527.9
2 0 26527.9
2 0 26527.9
2 0 26527.9
2 0 26527.9
78 variables; iteration 150; function evaluation 215; phase 2
Function value   2.6527873e+04; maximum gradient component mag   8.5154e+00
Var   Value    Gradient   |Var   Value    Gradient   |Var   Value    Gradient
  1 -0.67095  8.51542e+00 |  2 -0.75103  1.46205e+00 |  3  0.33117  1.62781e-02
  4  0.27979  2.04456e-02 |  5  0.20681  1.68656e-02 |  6  0.15128  3.44017e-03
  7  0.11197  1.63212e-03 |  8  0.08351  1.90493e-03 |  9  0.06220  2.85371e-03
 10  0.04580 -7.77891e-04 | 11  0.03297 -8.09765e-04 | 12  0.02290 -2.81687e-03
 13  0.01504 -3.10196e-03 | 14  0.00907 -2.05173e-03 | 15  0.00476 -1.07071e-03
 16  0.00195 -2.36288e-04 | 17  0.00057 -5.22376e-05 | 18  0.08830 -2.81632e-01
 19 -0.03899 -3.61201e-02 | 20 -0.02247  4.38487e-02 | 21 -0.02139  1.44653e-01
 22 -0.01671  1.01813e-01 | 23 -0.02338 -6.98178e-02 | 24 -0.01876 -1.68602e-02
 25 -0.01545 -1.13621e-01 | 26 -0.01581  8.97022e-02 | 27 -0.00772 -1.33548e-01
 28 -0.00629 -2.51307e-02 | 29 -0.00157  8.14325e-03 | 30 -0.00483 -3.79514e-03
 31  0.00253 -3.52198e-02 | 32  0.00247 -1.03071e-01 | 33  0.00397  7.25249e-02
 34  0.00490  4.87515e-02 | 35  0.00524 -1.34533e-01 | 36  0.00791  5.11128e-03
 37  0.01422 -1.60181e-02 | 38  0.00668 -1.11451e-02 | 39  0.01128  7.87629e-02
 40  0.01789 -1.06040e-03 | 41  0.02402  1.28339e-01 | 42  0.02081  2.92565e-01
 43  0.02065 -1.55966e-01 | 44  0.02452 -1.64349e-01 | 45  0.02268  1.86046e-01
 46  0.00358  2.66957e-02 | 47  0.15605 -1.97357e+00 | 48 -0.04896 -1.13811e-01
 49 -0.08573 -3.91786e-02 | 50 -0.06702 -5.15304e-02 | 51 -0.04338  1.84965e-01
 52 -0.04503  3.87882e-02 | 53 -0.03150  4.75189e-02 | 54 -0.02173  1.98715e-01
 55 -0.01768 -3.45930e-02 | 56 -0.01260  1.07464e-01 | 57 -0.00801  5.13727e-03
 58 -0.00699  1.14181e-01 | 59  0.00071 -1.73389e-01 | 60  0.00368  1.28972e-01
 61  0.01051  1.75943e-02 | 62  0.01625 -1.11247e-01 | 63  0.01723  2.37519e-02
 64  0.01907  5.30285e-02 | 65  0.02332  7.87874e-04 | 66  0.01709 -2.66667e-02
 67  0.02239 -5.63253e-02 | 68  0.02898 -5.40191e-02 | 69  0.03108 -8.42711e-02
 70  0.02682 -2.15650e-01 | 71  0.02766  9.53613e-02 | 72  0.03143  1.47657e-01
 73  0.03215 -2.22651e-01 | 74  0.03992 -5.35103e-02 | 75  0.03992  1.01154e-01
 76 -0.00548 -1.05362e-01 | 77 -0.67204  7.81749e-01 | 78 -0.71482  1.27897e-01
2 0 26527.9
2 0 26527.9
2 0 26527.9
2 0 26527.9
2 0 26527.9
2 0 26527.9
2 0 26527.9
2 0 26527.9
2 0 26527.9
2 0 26527.9
2 0 26527.9
2 0 26527.9
78 variables; iteration 160; function evaluation 227; phase 2
Function value   2.6527873e+04; maximum gradient component mag   8.7388e+00
Var   Value    Gradient   |Var   Value    Gradient   |Var   Value    Gradient
  1 -0.66986  8.73878e+00 |  2 -0.75745  1.45948e+00 |  3  0.33117 -6.33338e-03
  4  0.27979  1.12132e-03 |  5  0.20681  9.79544e-03 |  6  0.15128  2.31078e-03
  7  0.11197  8.95805e-04 |  8  0.08351  3.22546e-04 |  9  0.06220  2.80109e-03
 10  0.04580 -4.42827e-04 | 11  0.03297 -4.46812e-04 | 12  0.02290 -1.47923e-03
 13  0.01505 -1.97013e-03 | 14  0.00908 -1.40206e-03 | 15  0.00476 -8.93640e-04
 16  0.00195 -3.15312e-04 | 17  0.00057 -3.39974e-04 | 18  0.08830 -9.55323e-02
 19 -0.03899 -1.38417e-02 | 20 -0.02247  6.18105e-02 | 21 -0.02139  1.08169e-01
 22 -0.01671  2.31349e-02 | 23 -0.02338  1.29998e-02 | 24 -0.01876 -8.50320e-02
 25 -0.01545  2.75095e-02 | 26 -0.01582  6.26066e-02 | 27 -0.00772 -3.15413e-02
 28 -0.00629  4.14828e-02 | 29 -0.00157  2.29309e-02 | 30 -0.00483 -1.96125e-01
 31  0.00253 -1.57865e-02 | 32  0.00247 -9.63494e-02 | 33  0.00397  1.60821e-01
 34  0.00490 -1.13422e-02 | 35  0.00524 -1.69817e-01 | 36  0.00791  3.93334e-02
 37  0.01422 -2.48509e-02 | 38  0.00668 -1.09237e-02 | 39  0.01128  5.35417e-02
 40  0.01789 -1.57434e-02 | 41  0.02402  4.95334e-02 | 42  0.02081  2.12736e-01
 43  0.02065 -1.01640e-01 | 44  0.02452 -1.21233e-01 | 45  0.02268  1.15464e-01
 46  0.00358 -5.97408e-03 | 47  0.15606 -7.65475e-01 | 48 -0.04896 -7.84120e-02
 49 -0.08573 -2.73892e-02 | 50 -0.06701 -1.70924e-03 | 51 -0.04338  1.16811e-01
 52 -0.04503 -2.12310e-02 | 53 -0.03149  5.26128e-02 | 54 -0.02173  1.07277e-01
 55 -0.01768 -3.18391e-02 | 56 -0.01260  4.48736e-02 | 57 -0.00801 -6.99905e-02
 58 -0.00699  1.66360e-02 | 59  0.00071 -6.71435e-02 | 60  0.00368  1.41420e-01
 61  0.01051  5.94303e-02 | 62  0.01625 -1.38197e-01 | 63  0.01723  3.36941e-03
 64  0.01907  9.41986e-02 | 65  0.02332  1.39597e-02 | 66  0.01709 -2.20680e-02
 67  0.02239 -1.15398e-02 | 68  0.02898 -2.48490e-02 | 69  0.03108 -2.26944e-02
 70  0.02682 -1.48303e-01 | 71  0.02766  8.45260e-02 | 72  0.03143  1.18131e-01
 73  0.03215 -1.24310e-01 | 74  0.03992 -7.48955e-02 | 75  0.03992  4.22556e-02
 76 -0.00547 -3.79492e-02 | 77 -0.67198  2.36606e-01 | 78 -0.71578  7.44920e-02
2 0 26527.9
2 0 26527.9
2 0 26527.9
2 0 26527.9
2 0 26527.9
2 0 26527.9
2 0 26527.9
2 0 26527.9
2 0 26527.9
2 0 26527.9
2 0 26527.9
2 0 26527.9
2 0 26527.9
2 0 26527.9
2 0 26527.9
78 variables; iteration 170; function evaluation 242; phase 2
Function value   2.6527873e+04; maximum gradient component mag  -4.8937e+00
Var   Value    Gradient   |Var   Value    Gradient   |Var   Value    Gradient
  1 -0.66930 -4.89374e+00 |  2 -0.76083 -8.05429e-01 |  3  0.33117 -7.22105e-03
  4  0.27979  4.64675e-05 |  5  0.20681  3.41269e-03 |  6  0.15128  7.04854e-04
  7  0.11197  1.55978e-03 |  8  0.08351 -8.10205e-04 |  9  0.06220  1.63887e-03
 10  0.04580 -5.41877e-04 | 11  0.03297 -1.07976e-03 | 12  0.02290 -5.98694e-05
 13  0.01505 -3.59202e-04 | 14  0.00908 -4.92078e-04 | 15  0.00476 -3.88057e-04
 16  0.00195 -9.23318e-05 | 17  0.00057 -1.99576e-04 | 18  0.08830  3.41790e-02
 19 -0.03899 -7.72882e-03 | 20 -0.02247  3.42029e-02 | 21 -0.02139  6.61641e-02
 22 -0.01671  1.84477e-03 | 23 -0.02338  1.56724e-04 | 24 -0.01876  2.66316e-03
 25 -0.01545  6.78547e-03 | 26 -0.01582  9.18457e-03 | 27 -0.00772 -1.29226e-02
 28 -0.00629  1.88864e-03 | 29 -0.00157  1.53826e-02 | 30 -0.00483 -6.88480e-02
 31  0.00253  1.16027e-02 | 32  0.00247 -8.39728e-02 | 33  0.00397  1.91058e-01
 34  0.00490 -1.70645e-01 | 35  0.00524  1.29867e-02 | 36  0.00791  7.55597e-03
 37  0.01422 -2.06237e-02 | 38  0.00668  7.88425e-03 | 39  0.01128  6.93424e-03
 40  0.01789 -1.49268e-02 | 41  0.02402  1.42105e-02 | 42  0.02081  5.35043e-02
 43  0.02065 -4.92469e-02 | 44  0.02452 -5.83847e-02 | 45  0.02268  3.27730e-02
 46  0.00358 -7.54233e-03 | 47  0.15606  7.15984e-02 | 48 -0.04896 -4.07992e-02
 49 -0.08573 -1.53398e-02 | 50 -0.06701 -2.11766e-03 | 51 -0.04338  1.52263e-02
 52 -0.04503  3.12045e-03 | 53 -0.03150  3.74194e-04 | 54 -0.02173  1.81877e-02
 55 -0.01768 -1.42777e-02 | 56 -0.01260  1.02764e-02 | 57 -0.00801 -2.37075e-02
 58 -0.00699  4.68889e-03 | 59  0.00071 -2.06172e-02 | 60  0.00368  4.58274e-02
 61  0.01051  4.67006e-02 | 62  0.01625 -1.38240e-01 | 63  0.01723  6.31380e-02
 64  0.01907  1.51944e-02 | 65  0.02332  1.47656e-03 | 66  0.01709  9.55268e-03
 67  0.02239 -1.08984e-02 | 68  0.02898 -1.05426e-02 | 69  0.03108 -1.51341e-03
 70  0.02682 -3.35481e-02 | 71  0.02766  1.88542e-02 | 72  0.03143  5.08322e-02
 73  0.03215  8.99412e-04 | 74  0.03992  1.92490e-02 | 75  0.03992 -2.31310e-03
 76 -0.00547  4.01512e-03 | 77 -0.67194 -1.41012e-01 | 78 -0.71636  4.05493e-02
2 0 26527.9
2 0 26527.9
2 0 26527.9
2 0 26527.9
2 0 26527.9
2 0 26527.9
2 0 26527.9
2 0 26527.9
2 0 26527.9
2 0 26527.9
2 0 26527.9
2 0 26527.9
2 0 26527.9
2 0 26527.9
78 variables; iteration 180; function evaluation 256; phase 2
Function value   2.6527873e+04; maximum gradient component mag   5.9483e+01
Var   Value    Gradient   |Var   Value    Gradient   |Var   Value    Gradient
  1 -0.66911  5.94834e+01 |  2 -0.76196  9.73988e+00 |  3  0.33117  4.50416e-03
  4  0.27979 -3.50306e-03 |  5  0.20681 -2.09434e-03 |  6  0.15128 -9.02223e-04
  7  0.11197 -1.65329e-04 |  8  0.08351 -5.67886e-04 |  9  0.06220 -2.64210e-04
 10  0.04580 -5.42567e-04 | 11  0.03297 -4.60707e-04 | 12  0.02290 -5.93980e-05
 13  0.01505  7.53589e-05 | 14  0.00908  4.86441e-05 | 15  0.00476  2.01682e-05
 16  0.00196 -7.34064e-06 | 17  0.00057  9.58264e-06 | 18  0.08830 -2.41786e-02
 19 -0.03899  4.24366e-03 | 20 -0.02247  2.89706e-03 | 21 -0.02139 -7.97584e-03
 22 -0.01671 -1.14265e-02 | 23 -0.02338  3.16079e-03 | 24 -0.01876 -7.74760e-03
 25 -0.01545  1.93911e-02 | 26 -0.01582  1.36939e-02 | 27 -0.00772  4.37706e-03
 28 -0.00629 -2.47752e-03 | 29 -0.00157  9.07293e-04 | 30 -0.00483 -3.59865e-02
 31  0.00253 -1.74377e-02 | 32  0.00247 -2.32842e-03 | 33  0.00397  4.52284e-02
 34  0.00490 -3.92681e-02 | 35  0.00524 -1.02789e-02 | 36  0.00791  5.95374e-03
 37  0.01422  8.82902e-03 | 38  0.00668 -5.97537e-03 | 39  0.01128 -4.52891e-03
 40  0.01789 -2.05931e-03 | 41  0.02402  7.06584e-03 | 42  0.02081 -1.77139e-02
 43  0.02065  1.19320e-02 | 44  0.02452  1.71723e-02 | 45  0.02268 -3.50767e-03
 46  0.00358  1.41914e-03 | 47  0.15606 -3.54726e-01 | 48 -0.04896  6.97929e-03
 49 -0.08573  7.30631e-03 | 50 -0.06701 -8.60820e-04 | 51 -0.04338  5.14599e-03
 52 -0.04503  3.04348e-03 | 53 -0.03150  1.32698e-03 | 54 -0.02173 -6.62159e-04
 55 -0.01768 -6.99806e-03 | 56 -0.01260 -1.44938e-02 | 57 -0.00801 -8.37168e-03
 58 -0.00699 -1.58959e-02 | 59  0.00071  1.97132e-02 | 60  0.00368 -4.84151e-03
 61  0.01051  1.04235e-02 | 62  0.01625 -2.77265e-02 | 63  0.01723  1.50862e-02
 64  0.01907  1.17997e-03 | 65  0.02332 -8.44370e-03 | 66  0.01709  7.70668e-03
 67  0.02239  3.94456e-03 | 68  0.02898 -6.93178e-03 | 69  0.03108 -1.98106e-03
 70  0.02682  1.38219e-02 | 71  0.02766 -1.48729e-02 | 72  0.03143 -6.42449e-03
 73  0.03215  8.28320e-03 | 74  0.03992 -3.30784e-03 | 75  0.03992  1.80430e-02
 76 -0.00547 -8.54890e-03 | 77 -0.67192 -1.62486e-02 | 78 -0.71659  4.60799e-02
2 0 26527.9
2 0 26527.9
2 0 26527.9
2 0 29651.5
2 0 26527.9
2 0 26527.9
2 0 26527.9
2 0 26527.9
2 0 26527.9
2 0 26527.9
2 0 26527.9
2 0 26527.9
2 0 26527.9
2 0 26527.9
2 0 26527.9
2 0 26527.9
2 0 26527.9
2 0 26527.9
2 0 26527.9
2 0 26527.9
2 0 26527.9
2 0 26527.9
2 0 26527.9
2 0 26527.9
2 0 26527.9
2 0 26527.9
2 0 26527.9
2 0 26527.9
2 0 26527.9
2 0 26527.9
2 0 26527.9
2 0 26527.9
2 0 26527.9
2 0 26527.9
  ic > imax  in fminim is answer attained ?
Var   Value    Gradient   |Var   Value    Gradient   |Var   Value    Gradient
  1 -0.66910  6.62769e+01 |  2 -0.76207  1.08474e+01 |  3  0.33117  6.26347e-03
  4  0.27979 -2.12310e-04 |  5  0.20681  5.50232e-04 |  6  0.15128 -5.97652e-05
  7  0.11197  4.19946e-04 |  8  0.08351 -7.70031e-05 |  9  0.06220 -1.14561e-04
 10  0.04580 -1.03074e-04 | 11  0.03297 -2.49253e-04 | 12  0.02290 -7.34210e-04
 13  0.01505 -3.30669e-04 | 14  0.00908 -8.08207e-05 | 15  0.00476 -5.88746e-05
 16  0.00196 -4.57686e-05 | 17  0.00057 -5.82026e-05 | 18  0.08830 -1.07829e-02
 19 -0.03899 -4.97250e-03 | 20 -0.02247  7.72168e-03 | 21 -0.02139  1.12040e-02
 22 -0.01671  4.42826e-03 | 23 -0.02338 -5.42533e-03 | 24 -0.01876  6.81089e-04
 25 -0.01545  1.53749e-03 | 26 -0.01582  8.29026e-03 | 27 -0.00772 -5.80292e-03
 28 -0.00629 -1.15160e-03 | 29 -0.00157  1.55561e-03 | 30 -0.00483 -2.15640e-02
 31  0.00253 -7.54500e-03 | 32  0.00247 -1.10408e-02 | 33  0.00397  1.78965e-02
 34  0.00490 -5.96295e-03 | 35  0.00524 -1.47702e-02 | 36  0.00791  3.43184e-03
 37  0.01422  4.76570e-03 | 38  0.00668 -3.78292e-03 | 39  0.01128  1.42830e-03
 40  0.01789 -1.39130e-03 | 41  0.02402  1.52467e-02 | 42  0.02081  1.48885e-03
 43  0.02065 -7.36331e-03 | 44  0.02452 -9.47057e-03 | 45  0.02268  1.25062e-02
 46  0.00358 -2.39004e-03 | 47  0.15606 -2.35366e-01 | 48 -0.04896 -5.47029e-03
 49 -0.08573 -1.37256e-03 | 50 -0.06701  1.05555e-03 | 51 -0.04338  5.53068e-03
 52 -0.04503 -4.12578e-03 | 53 -0.03150 -1.02958e-03 | 54 -0.02173  1.02639e-02
 55 -0.01768 -1.92159e-03 | 56 -0.01260  2.07327e-03 | 57 -0.00801 -4.20046e-03
 58 -0.00699  3.41366e-03 | 59  0.00071 -1.55972e-04 | 60  0.00368  9.13316e-03
 61  0.01051  4.54525e-03 | 62  0.01625 -1.73024e-02 | 63  0.01723  7.67859e-03
 64  0.01907  3.21798e-03 | 65  0.02332 -1.72722e-03 | 66  0.01709  2.94533e-03
 67  0.02239 -9.07577e-04 | 68  0.02898 -3.85314e-03 | 69  0.03108 -7.68463e-03
 70  0.02682 -1.83764e-04 | 71  0.02766  2.25303e-03 | 72  0.03143  1.09287e-02
 73  0.03215 -1.12899e-02 | 74  0.03992 -5.13319e-03 | 75  0.03992  1.16917e-02
 76 -0.00547 -9.96686e-03 | 77 -0.67192 -3.77020e-02 | 78 -0.71661  4.43104e-02
Function minimizer not making progress ... is minimum attained?
Minimprove criterion =   0.0000e+00

 - final statistics:
78 variables; iteration 183; function evaluation 289
Function value   2.6528e+04; maximum gradient component mag   6.6277e+01
Exit code = 1;  converg criter   1.0000e-03
Var   Value    Gradient   |Var   Value    Gradient   |Var   Value    Gradient
  1 -0.66910  6.62769e+01 |  2 -0.76207  1.08474e+01 |  3  0.33117  6.26347e-03
  4  0.27979 -2.12310e-04 |  5  0.20681  5.50232e-04 |  6  0.15128 -5.97652e-05
  7  0.11197  4.19946e-04 |  8  0.08351 -7.70031e-05 |  9  0.06220 -1.14561e-04
 10  0.04580 -1.03074e-04 | 11  0.03297 -2.49253e-04 | 12  0.02290 -7.34210e-04
 13  0.01505 -3.30669e-04 | 14  0.00908 -8.08207e-05 | 15  0.00476 -5.88746e-05
 16  0.00196 -4.57686e-05 | 17  0.00057 -5.82026e-05 | 18  0.08830 -1.07829e-02
 19 -0.03899 -4.97250e-03 | 20 -0.02247  7.72168e-03 | 21 -0.02139  1.12040e-02
 22 -0.01671  4.42826e-03 | 23 -0.02338 -5.42533e-03 | 24 -0.01876  6.81089e-04
 25 -0.01545  1.53749e-03 | 26 -0.01582  8.29026e-03 | 27 -0.00772 -5.80292e-03
 28 -0.00629 -1.15160e-03 | 29 -0.00157  1.55561e-03 | 30 -0.00483 -2.15640e-02
 31  0.00253 -7.54500e-03 | 32  0.00247 -1.10408e-02 | 33  0.00397  1.78965e-02
 34  0.00490 -5.96295e-03 | 35  0.00524 -1.47702e-02 | 36  0.00791  3.43184e-03
 37  0.01422  4.76570e-03 | 38  0.00668 -3.78292e-03 | 39  0.01128  1.42830e-03
 40  0.01789 -1.39130e-03 | 41  0.02402  1.52467e-02 | 42  0.02081  1.48885e-03
 43  0.02065 -7.36331e-03 | 44  0.02452 -9.47057e-03 | 45  0.02268  1.25062e-02
 46  0.00358 -2.39004e-03 | 47  0.15606 -2.35366e-01 | 48 -0.04896 -5.47029e-03
 49 -0.08573 -1.37256e-03 | 50 -0.06701  1.05555e-03 | 51 -0.04338  5.53068e-03
 52 -0.04503 -4.12578e-03 | 53 -0.03150 -1.02958e-03 | 54 -0.02173  1.02639e-02
 55 -0.01768 -1.92159e-03 | 56 -0.01260  2.07327e-03 | 57 -0.00801 -4.20046e-03
 58 -0.00699  3.41366e-03 | 59  0.00071 -1.55972e-04 | 60  0.00368  9.13316e-03
 61  0.01051  4.54525e-03 | 62  0.01625 -1.73024e-02 | 63  0.01723  7.67859e-03
 64  0.01907  3.21798e-03 | 65  0.02332 -1.72722e-03 | 66  0.01709  2.94533e-03
 67  0.02239 -9.07577e-04 | 68  0.02898 -3.85314e-03 | 69  0.03108 -7.68463e-03
 70  0.02682 -1.83764e-04 | 71  0.02766  2.25303e-03 | 72  0.03143  1.09287e-02
 73  0.03215 -1.12899e-02 | 74  0.03992 -5.13319e-03 | 75  0.03992  1.16917e-02
 76 -0.00547 -9.96686e-03 | 77 -0.67192 -3.77020e-02 | 78 -0.71661  4.43104e-02
2 0 26527.9
B091878.1
0.3 0.40003
0.342883 0.36554
0.358107 0.354603
0.362817 0.351344
0.36421 0.350391
0.364616 0.350113
0.364734 0.350033
0.364768 0.35001
0.364778 0.350003
0.364781 0.350001
0.364782 0.35
0.364782 0.35
0.364782 0.35
0.364782 0.35
0.364782 0.35
0.364782 0.35
0.364782 0.35
0.364782 0.35
0.364782 0.35
0.364782 0.35
0.364782 0.35
FutMOrt0.189467
FutMOrt0.189467
FutMOrt0.189467
FutMOrt0.189467
FutMOrt0.189467
FutMOrt0.189467
FutMOrt0.189467
FutMOrt0.189467
FutMOrt0.189467
FutMOrt0.189467
Survey Bio30.1181
Survey len13057.9
CPUE58.3874
Catch20.9461
Catch len13326.9
initsmo_penal21.4468
F_pen3.34347
Rec_pen8.7634
M_pen0


Starting time: Mon Dec 17 12:24:14 2018
Finishing time: Mon Dec 17 12:24:21 2018
This run took: 0 hours, 0 minutes, 7 seconds.

