survYears 69 70 71 72 73 74 75 76 77 78 79 80 81 82 83 84 85 86 87 88 89 90 91 92 93 94 95 96
SurvLenYear 69 70 71 72 73 74 75 76 77 78 79 80 81 82 83 84 85 86 87 88 89 90 91 92 93 94 95 96
catchBiomass 3638.36 3168.27 3533.48 4565.46 6002.14 7919.24 8224.08 7769.56 7487.34 19034.3 24328.1 19084.2 31873.4 46658.8 42136.3 36927.2 31368.5 35358.4 32339 32353.3 34119.2 35212.3 39883.2 42414.5 43469.4 49820.4 38868.2 38446.5
steep0.999
25
Out
1 0 36388.5

Initial statistics: 74 variables; iteration 0; function evaluation 0; phase 1
Function value   3.6388530e+04; maximum gradient component mag  -4.0608e+05
Var   Value    Gradient   |Var   Value    Gradient   |Var   Value    Gradient
  1  0.23327  3.79436e+03 |  2  0.21166  3.22768e+03 |  3  0.19946  2.96224e+03
  4  0.18062  2.30611e+03 |  5  0.15817  1.51538e+03 |  6  0.14887  1.35039e+03
  7  0.14238  1.25987e+03 |  8  0.12740  9.76390e+02 |  9  0.09112  3.04023e+02
 10  0.08563  3.97719e+02 | 11  0.06912  2.91811e+02 | 12  0.03976  5.30056e+01
 13  0.03264  1.26366e+02 | 14  0.01989 -4.92926e+01 | 15  0.04606  2.34862e+02
 16  0.00921 -7.29381e+03 | 17  0.00000 -1.84445e+04 | 18  0.00000  2.73915e+03
 19  0.00000  3.59250e+03 | 20  0.00000  4.04069e+03 | 21  0.00000  3.08841e+03
 22  0.00000 -8.76739e+02 | 23  0.00000 -1.16447e+03 | 24  0.00000  4.20120e+03
 25  0.00000  1.65467e+04 | 26  0.00000  2.86243e+03 | 27  0.00000 -8.58683e+02
 28  0.00000  1.10581e+04 | 29  0.00000  5.98310e+03 | 30  0.00000 -2.24231e+03
 31  0.00000 -3.08698e+03 | 32  0.00000 -2.41795e+03 | 33  0.00000  1.12191e+03
 34  0.00000 -1.72811e+03 | 35  0.00000  6.45802e+02 | 36  0.00000  1.29235e+03
 37  0.00000  1.70778e+03 | 38  0.00000  3.01445e+03 | 39  0.00000  1.90134e+03
 40  0.00000  1.16408e+03 | 41  0.00000  1.04013e+03 | 42  0.00000 -5.81150e+03
 43  0.00000 -7.37308e+03 | 44  0.00000 -2.19957e+04 | 45  0.06513 -4.06076e+05
 46  0.00000  4.82152e+04 | 47  0.00000  3.93528e+04 | 48  0.00000  3.23081e+04
 49  0.00000  2.68738e+04 | 50  0.00000  2.61720e+04 | 51  0.00000  2.66478e+04
 52  0.00000  1.74103e+04 | 53  0.00000  4.42178e+02 | 54  0.00000 -1.47552e+03
 55  0.00000 -3.80277e+03 | 56  0.00000 -1.60460e+04 | 57  0.00000 -2.05024e+04
 58  0.00000 -1.79047e+04 | 59  0.00000 -1.32592e+04 | 60  0.00000 -1.19122e+04
 61  0.00000 -1.32264e+04 | 62  0.00000 -1.15978e+04 | 63  0.00000 -1.31102e+04
 64  0.00000 -1.37993e+04 | 65  0.00000 -1.60497e+04 | 66  0.00000 -1.91455e+04
 67  0.00000 -1.96212e+04 | 68  0.00000 -2.13027e+04 | 69  0.00000 -2.01461e+04
 70  0.00000 -1.37171e+04 | 71  0.00000 -3.07104e+03 | 72  0.00000  1.28291e+04
 73  0.00000  1.94386e+04 | 74  0.00799  6.98065e+04 |
1 0 36388.5
1 0 36388.3
1 0 36386.3
1 0 36366.3
1 0 36168
1 0 34334.9
1 0 30880.8
1 0 35591.2
1 0 29944.5
1 0 29063.1
1 0 29092.7
1 0 28570.7
1 0 28796.4
1 0 28353.9
1 0 28329.5
1 0 28230.6
1 0 28257.4
1 0 28173.5
1 0 28127.8
1 0 28113.9

Intermediate statistics: 74 variables; iteration 10; function evaluation 20; phase 1
Function value   2.8113904e+04; maximum gradient component mag  -1.2669e+05
Var   Value    Gradient   |Var   Value    Gradient   |Var   Value    Gradient
  1  0.26856 -3.76539e+03 |  2  0.21879  4.57950e+01 |  3  0.20094  2.84003e+02
  4  0.17965  2.34942e+02 |  5  0.15798  1.38311e+02 |  6  0.14757  1.45956e+02
  7  0.13989  1.67165e+02 |  8  0.12390  1.49678e+02 |  9  0.09358 -1.32264e+01
 10  0.08384  6.62236e+01 | 11  0.06728  5.95319e+01 | 12  0.04191 -3.40499e+01
 13  0.03198  7.22285e+00 | 14  0.02396 -7.83932e+01 | 15  0.04292  8.06504e+01
 16  0.12636  2.46203e+04 | 17  0.04672  1.17911e+04 | 18 -0.01201 -6.92288e+03
 19 -0.03096 -2.12620e+03 | 20 -0.02633 -1.01491e+03 | 21 -0.01667 -5.76633e+02
 22 -0.01240 -1.35484e+03 | 23 -0.00922 -1.72253e+03 | 24  0.02244  1.38240e+03
 25  0.03071  9.83800e+03 | 26  0.01334  4.73708e+03 | 27  0.02387  8.64693e+02
 28  0.05319  1.21692e+04 | 29  0.01112  4.75261e+03 | 30 -0.01630 -2.56753e+03
 31 -0.02721 -2.72634e+03 | 32 -0.00105 -3.77706e+03 | 33  0.00866  5.65869e+02
 34  0.00203 -1.67715e+03 | 35  0.00893  7.52688e+02 | 36 -0.00121  9.42766e+02
 37  0.02283  2.96386e+03 | 38  0.01271  2.56515e+03 | 39  0.01622  1.74978e+03
 40  0.01271 -5.79896e+02 | 41 -0.01518 -2.24861e+03 | 42 -0.03180 -8.50401e+03
 43 -0.03728 -8.10822e+03 | 44 -0.04800 -1.12975e+04 | 45  0.09131 -1.26686e+05
 46 -0.01100  1.77102e+04 | 47 -0.02771  9.56719e+03 | 48 -0.03077  5.15953e+03
 49 -0.01855  4.73002e+03 | 50 -0.01438  4.82969e+03 | 51 -0.03651  2.57234e+03
 52 -0.05465 -3.28708e+02 | 53 -0.00764  7.87881e+02 | 54  0.02120 -3.71745e+03
 55 -0.08952 -3.54505e+03 | 56  0.01134  4.99262e+01 | 57  0.04952 -1.13313e+03
 58  0.04530 -4.76815e+03 | 59 -0.05787 -3.89913e+03 | 60 -0.03873 -3.98780e+03
 61  0.03859 -3.53393e+03 | 62 -0.02956 -4.04839e+03 | 63  0.03575 -2.12021e+03
 64  0.00680 -4.26324e+03 | 65 -0.00459 -3.93314e+03 | 66  0.03975 -5.04915e+03
 67 -0.03076 -4.45025e+03 | 68  0.04610 -4.35304e+03 | 69  0.05148 -1.64448e+03
 70  0.01990 -2.54006e+03 | 71  0.04068  1.21016e+03 | 72  0.04680  4.97004e+03
 73 -0.00119  5.81129e+03 | 74  0.09228  2.87755e+04 |
1 0 28094.9
1 0 28087.4
1 0 28076.2
1 0 28069.3
1 0 28064.1
1 0 28059.5
1 0 28053.4
1 0 28049.6
1 0 28047
1 0 28043
74 variables; iteration 20; function evaluation 30; phase 1
Function value   2.8043021e+04; maximum gradient component mag  -1.2361e+05
Var   Value    Gradient   |Var   Value    Gradient   |Var   Value    Gradient
  1  0.33456 -2.41264e+03 |  2  0.21048 -1.23914e+02 |  3  0.18896  1.93441e+02
  4  0.16748  1.49509e+02 |  5  0.15022  1.15056e+02 |  6  0.13857  1.09113e+02
  7  0.12873  1.18582e+02 |  8  0.11292  7.79630e+01 |  9  0.09568  5.05137e+01
 10  0.07867  3.30341e+01 | 11  0.06240  2.72815e+01 | 12  0.04538  6.34427e+00
 13  0.03154 -3.33859e+01 | 14  0.03142 -2.80931e+00 | 15  0.03584  2.83420e+01
 16  0.12534  2.60716e+04 | 17  0.05314  1.20437e+04 | 18 -0.01673 -7.05433e+03
 19 -0.03175 -2.11834e+03 | 20 -0.02644 -1.32181e+03 | 21 -0.01656 -1.15102e+03
 22 -0.01233 -1.96495e+03 | 23 -0.00915 -2.24989e+03 | 24  0.02063  9.63035e+02
 25  0.03138  9.27692e+03 | 26  0.01502  6.35918e+03 | 27  0.02029 -3.50530e+02
 28  0.05299  1.17385e+04 | 29  0.01545  6.40437e+03 | 30 -0.01398 -2.22416e+03
 31 -0.02828 -3.88556e+03 | 32 -0.00200 -4.30700e+03 | 33  0.01116  3.29023e+03
 34  0.00158 -2.48272e+03 | 35  0.00973  5.90218e+02 | 36  0.00483  1.70602e+03
 37  0.02068  1.89520e+03 | 38  0.01484  6.03844e+03 | 39  0.01674  6.12621e+02
 40  0.01272 -6.54103e+02 | 41 -0.01221 -7.22723e+02 | 42 -0.03109 -1.07038e+04
 43 -0.04119 -8.57025e+03 | 44 -0.05955 -1.12090e+04 | 45  0.09327 -1.23609e+05
 46 -0.01401  1.81632e+04 | 47 -0.03134  8.33433e+03 | 48 -0.03386  4.29354e+03
 49 -0.02051  4.25595e+03 | 50 -0.01560  4.98293e+03 | 51 -0.03724  2.81933e+03
 52 -0.05192  6.28460e+01 | 53 -0.01024  1.06200e+03 | 54  0.02148 -2.81431e+03
 55 -0.09684 -3.70161e+03 | 56  0.01028  5.17766e+02 | 57  0.04674 -1.65016e+02
 58  0.04650 -5.59590e+03 | 59 -0.09595 -3.43582e+03 | 60 -0.02420 -3.28742e+03
 61  0.03502 -3.76070e+03 | 62 -0.01182 -3.88285e+03 | 63  0.02809 -2.58914e+03
 64  0.01070 -4.20098e+03 | 65  0.00067 -3.90172e+03 | 66  0.03635 -6.62883e+03
 67 -0.03613 -4.82166e+03 | 68  0.04583 -4.09834e+03 | 69  0.04499 -3.34917e+03
 70  0.02938 -1.96896e+03 | 71  0.04879  2.13517e+03 | 72  0.06318  5.89622e+03
 73  0.01100  5.63605e+03 | 74  0.09155  2.88423e+04 |
1 0 28038.7
1 0 28031.1
1 0 28016.4
1 0 28091.7
1 0 27956.2
1 0 28663.1
1 0 27939.8
1 0 27966.6
1 0 27935.1
1 0 27934.2
1 0 27932.9
1 0 27932.2
1 0 27931.1
1 0 27929.3
74 variables; iteration 30; function evaluation 44; phase 1
Function value   2.7929361e+04; maximum gradient component mag  -7.4282e+04
Var   Value    Gradient   |Var   Value    Gradient   |Var   Value    Gradient
  1  0.38693 -7.57397e+02 |  2  0.17452 -4.06045e+02 |  3  0.12955 -3.80949e+01
  4  0.10999 -1.91620e+01 |  5  0.10756  7.96731e+01 |  6  0.09322  4.40527e+01
  7  0.07563 -3.81800e+00 |  8  0.06654 -9.37513e+01 |  9  0.09219  2.37325e+02
 10  0.05707 -5.13248e+01 | 11  0.04290 -7.31697e+01 | 12  0.05466  1.17409e+02
 13  0.03609 -1.10409e+02 | 14  0.05416  2.24510e+02 | 15  0.00963 -1.42093e+02
 16  0.12727  2.54733e+04 | 17  0.06170  1.52479e+04 | 18 -0.01623 -2.68353e+03
 19 -0.04244 -4.36823e+03 | 20 -0.04152 -4.50914e+03 | 21 -0.03125 -4.35415e+03
 22 -0.01857 -2.61645e+03 | 23 -0.01314 -3.95243e+03 | 24  0.02626  2.51807e+03
 25  0.02830  1.03324e+04 | 26  0.01536  4.09272e+03 | 27  0.04664  4.12883e+03
 28  0.03748  5.71347e+03 | 29  0.01865  8.22292e+03 | 30 -0.01787 -6.51245e+03
 31 -0.03090 -5.17321e+03 | 32  0.00316  3.13065e+02 | 33  0.01168  1.81902e+03
 34  0.00199 -4.10134e+03 | 35  0.00903  2.82681e+03 | 36  0.01310  2.02706e+03
 37  0.01702  8.79769e+02 | 38  0.01227  5.81666e+03 | 39  0.01186 -1.00206e+02
 40  0.00975  2.21827e+03 | 41 -0.01149 -1.84552e+03 | 42 -0.02607 -1.25853e+04
 43 -0.03001 -4.93446e+03 | 44 -0.04478 -8.49269e+03 | 45  0.09830 -7.42816e+04
 46 -0.01313  1.26272e+04 | 47 -0.02666  4.47081e+03 | 48 -0.03131  1.44597e+03
 49 -0.02329  1.74966e+03 | 50 -0.01564  4.69282e+03 | 51 -0.03803  2.34957e+03
 52 -0.05298 -1.16671e+03 | 53 -0.00670  1.17274e+03 | 54  0.01493 -4.01096e+03
 55 -0.04769 -4.73117e+03 | 56  0.01468 -7.13109e+02 | 57  0.04482  4.47326e+03
 58  0.05772  4.43313e+03 | 59 -0.28357 -4.81364e+02 | 60 -0.00868 -3.53599e+03
 61  0.03029 -2.49236e+03 | 62  0.01667 -4.68059e+02 | 63  0.02573  9.84764e+02
 64  0.00580 -3.30725e+03 | 65  0.02589 -1.03991e+03 | 66  0.03059 -3.52536e+03
 67  0.00445 -5.50135e+03 | 68  0.04127 -5.32184e+03 | 69  0.03453 -7.44127e+03
 70  0.03383 -2.17133e+03 | 71  0.04349  2.02034e+03 | 72  0.04697  3.03281e+03
 73  0.06881  3.73138e+03 | 74  0.11034  2.26452e+04 |
1 0 27927.9
1 0 27927
1 0 27927
1 0 27926.2
1 0 27925.7
1 0 27925.7
1 0 27925.3
1 0 27925.2
1 0 27924.6
1 0 27923.8
1 0 27922.5
74 variables; iteration 40; function evaluation 55; phase 1
Function value   2.7922802e+04; maximum gradient component mag  -7.1162e+04
Var   Value    Gradient   |Var   Value    Gradient   |Var   Value    Gradient
  1  0.38362 -6.69198e+02 |  2  0.18434 -2.94001e+02 |  3  0.12269 -7.10471e+01
  4  0.09554 -4.46668e+01 |  5  0.09047  6.11433e+01 |  6  0.07551  3.32208e+01
  7  0.05749 -2.77621e+01 |  8  0.05284 -9.29183e+01 |  9  0.08102  2.23238e+02
 10  0.05068 -4.55339e+01 | 11  0.03890 -7.80467e+01 | 12  0.05432  1.11178e+02
 13  0.04145 -7.19461e+01 | 14  0.05425  2.20163e+02 | 15  0.00597 -1.54827e+02
 16  0.12626  2.52968e+04 | 17  0.06115  1.38438e+04 | 18 -0.01560 -2.25356e+03
 19 -0.04204 -4.03427e+03 | 20 -0.04149 -4.33555e+03 | 21 -0.03187 -4.58020e+03
 22 -0.01814 -2.38699e+03 | 23 -0.01288 -4.01329e+03 | 24  0.02627  2.60575e+03
 25  0.02789  1.04187e+04 | 26  0.01504  4.28165e+03 | 27  0.04727  3.99129e+03
 28  0.03701  5.36391e+03 | 29  0.01927  8.48298e+03 | 30 -0.01815 -7.14033e+03
 31 -0.02989 -4.47655e+03 | 32  0.00248  1.68925e+02 | 33  0.01167  2.26845e+03
 34  0.00182 -4.41434e+03 | 35  0.00901  2.85285e+03 | 36  0.01301  1.97695e+03
 37  0.01729  8.31232e+02 | 38  0.01264  5.97813e+03 | 39  0.01163 -3.57839e+02
 40  0.00963  2.29849e+03 | 41 -0.01176 -1.81751e+03 | 42 -0.02586 -1.24663e+04
 43 -0.03017 -5.07728e+03 | 44 -0.04515 -8.01158e+03 | 45  0.09884 -7.11621e+04
 46 -0.01290  1.37593e+04 | 47 -0.02670  4.70881e+03 | 48 -0.03085  1.70769e+03
 49 -0.02383  1.87667e+03 | 50 -0.01582  4.98848e+03 | 51 -0.03802  2.51407e+03
 52 -0.05200 -1.00089e+03 | 53 -0.00671  1.08742e+03 | 54  0.01410 -4.84309e+03
 55 -0.05443 -5.07141e+03 | 56  0.01456 -9.89095e+02 | 57  0.04425  4.43771e+03
 58  0.05765  4.97102e+03 | 59 -0.28612 -5.50108e+02 | 60 -0.00567 -3.22564e+03
 61  0.02908 -2.63640e+03 | 62  0.01620 -6.58207e+02 | 63  0.02562  9.69878e+02
 64  0.00443 -3.51124e+03 | 65  0.02563 -1.10008e+03 | 66  0.03029 -3.57245e+03
 67  0.00437 -5.48001e+03 | 68  0.04165 -4.87806e+03 | 69  0.03394 -7.27994e+03
 70  0.03315 -2.13393e+03 | 71  0.04439  2.42651e+03 | 72  0.04817  3.08052e+03
 73  0.08103  3.71061e+03 | 74  0.10946  2.17422e+04 |
1 0 27924.3
1 0 27922.2
1 0 27921.6
1 0 27921.5
1 0 27921.3
1 0 27921
1 0 27920.5
1 0 27919.5
1 0 27918.4
1 0 27918.5
1 0 27917.9
1 0 27917.2
74 variables; iteration 50; function evaluation 67; phase 1
Function value   2.7917465e+04; maximum gradient component mag  -7.1196e+04
Var   Value    Gradient   |Var   Value    Gradient   |Var   Value    Gradient
  1  0.38388 -6.56281e+02 |  2  0.18782 -3.19454e+02 |  3  0.13988  3.85439e+01
  4  0.09782 -4.70024e+01 |  5  0.07920  3.02392e+01 |  6  0.05821  5.08572e-01
  7  0.04177 -2.01392e+01 |  8  0.03483 -1.23113e+02 |  9  0.06808  2.26226e+02
 10  0.03974 -6.65850e+01 | 11  0.03516 -7.01038e+01 | 12  0.05506  1.42828e+02
 13  0.03721 -1.06710e+02 | 14  0.05511  2.37903e+02 | 15  0.00669 -1.55208e+02
 16  0.12624  2.52403e+04 | 17  0.06125  1.38292e+04 | 18 -0.01555 -2.24166e+03
 19 -0.04168 -3.70206e+03 | 20 -0.04185 -4.51517e+03 | 21 -0.03207 -4.56933e+03
 22 -0.01835 -2.31668e+03 | 23 -0.01342 -4.19938e+03 | 24  0.02555  2.48870e+03
 25  0.02785  1.03534e+04 | 26  0.01519  4.35733e+03 | 27  0.04731  4.06635e+03
 28  0.03701  5.16888e+03 | 29  0.01959  8.76518e+03 | 30 -0.01821 -7.16416e+03
 31 -0.03034 -4.86800e+03 | 32  0.00264  3.64177e+02 | 33  0.01151  2.11777e+03
 34  0.00182 -4.44971e+03 | 35  0.00876  2.90902e+03 | 36  0.01250  1.85286e+03
 37  0.01722  7.20048e+02 | 38  0.01275  6.06161e+03 | 39  0.01146 -3.80394e+02
 40  0.00982  2.30539e+03 | 41 -0.01159 -2.01242e+03 | 42 -0.02493 -1.18272e+04
 43 -0.02984 -5.36900e+03 | 44 -0.04448 -7.87532e+03 | 45  0.09869 -7.11965e+04
 46 -0.01256  1.40506e+04 | 47 -0.02638  4.72452e+03 | 48 -0.03057  1.71826e+03
 49 -0.02341  1.94056e+03 | 50 -0.01576  4.87605e+03 | 51 -0.03768  2.57042e+03
 52 -0.05270 -1.12488e+03 | 53 -0.00659  1.14301e+03 | 54  0.01439 -4.62711e+03
 55 -0.05348 -5.04709e+03 | 56  0.01423 -1.34251e+03 | 57  0.04466  4.70167e+03
 58  0.05779  4.90342e+03 | 59 -0.28593 -5.49938e+02 | 60 -0.00531 -3.23821e+03
 61  0.02893 -2.79575e+03 | 62  0.01665 -5.87880e+02 | 63  0.02607  1.00684e+03
 64  0.00363 -3.66425e+03 | 65  0.02573 -1.14804e+03 | 66  0.03050 -3.53038e+03
 67  0.00485 -5.49647e+03 | 68  0.04132 -4.95331e+03 | 69  0.03452 -7.12963e+03
 70  0.03270 -2.28503e+03 | 71  0.04366  2.15639e+03 | 72  0.04986  3.34923e+03
 73  0.07632  3.67771e+03 | 74  0.10974  2.17637e+04 |
1 0 27917.5
1 0 27916.9
1 0 27916.5
1 0 27916.1
1 0 27915.2
1 0 27913.7
1 0 27912.5
1 0 27911.2
1 0 27908.6
1 0 27904.2
1 0 27901.8
74 variables; iteration 60; function evaluation 78; phase 1
Function value   2.7902039e+04; maximum gradient component mag  -7.3185e+04
Var   Value    Gradient   |Var   Value    Gradient   |Var   Value    Gradient
  1  0.38400 -5.78224e+02 |  2  0.19051 -3.08211e+02 |  3  0.14344  2.20810e+01
  4  0.10883 -5.03765e+01 |  5  0.10129  1.42024e+02 |  6  0.06158  1.66129e+01
  7  0.02211 -6.30231e+01 |  8  0.00381 -1.70311e+02 |  9  0.03813  2.10968e+02
 10  0.01239 -6.20179e+01 | 11  0.00720 -9.57204e+01 | 12  0.03250  1.15886e+02
 13  0.02612 -9.78248e+01 | 14  0.05194  2.48025e+02 | 15  0.00802 -1.40029e+02
 16  0.12580  2.49333e+04 | 17  0.06095  1.32056e+04 | 18 -0.01555 -2.03254e+03
 19 -0.04130 -3.36204e+03 | 20 -0.04262 -4.67778e+03 | 21 -0.03424 -5.03687e+03
 22 -0.01924 -2.40034e+03 | 23 -0.01308 -3.89570e+03 | 24  0.02517  2.40223e+03
 25  0.03000  1.05646e+04 | 26  0.01551  4.10824e+03 | 27  0.04541  4.02458e+03
 28  0.03704  5.11762e+03 | 29  0.01878  8.47547e+03 | 30 -0.01814 -6.97397e+03
 31 -0.02991 -4.96024e+03 | 32  0.00448  7.67863e+02 | 33  0.01079  2.04076e+03
 34  0.00039 -4.71235e+03 | 35  0.00802  2.64868e+03 | 36  0.01272  2.13294e+03
 37  0.01669  2.82698e+02 | 38  0.01348  6.13484e+03 | 39  0.01323  2.83189e+02
 40  0.01058  2.26929e+03 | 41 -0.01047 -1.60556e+03 | 42 -0.02432 -1.17436e+04
 43 -0.02955 -5.15005e+03 | 44 -0.04482 -7.95941e+03 | 45  0.09866 -7.31850e+04
 46 -0.01263  1.40755e+04 | 47 -0.02626  4.50475e+03 | 48 -0.02780  2.29937e+03
 49 -0.02430  1.63591e+03 | 50 -0.01674  4.56063e+03 | 51 -0.03643  2.85647e+03
 52 -0.05625 -1.63359e+03 | 53 -0.00802  8.08228e+02 | 54  0.01540 -4.32004e+03
 55 -0.05232 -4.94014e+03 | 56  0.01360 -1.70750e+03 | 57  0.04490  4.48003e+03
 58  0.05704  4.43967e+03 | 59 -0.28453 -4.86613e+02 | 60 -0.00250 -2.80840e+03
 61  0.02950 -2.67557e+03 | 62  0.01652 -6.18473e+02 | 63  0.02478  6.17533e+02
 64  0.00476 -3.66047e+03 | 65  0.02485 -1.38539e+03 | 66  0.03060 -3.06951e+03
 67  0.00534 -5.33598e+03 | 68  0.04110 -4.83905e+03 | 69  0.03503 -6.96524e+03
 70  0.03244 -2.22203e+03 | 71  0.04564  2.74923e+03 | 72  0.04722  3.07400e+03
 73  0.07450  3.77591e+03 | 74  0.11026  2.20755e+04 |
1 0 27897.3
1 0 27888.9
1 0 27882.4
1 0 27871.3
1 0 27850.7
1 0 27818.8
1 0 27759.9
1 0 27650.9
1 0 27456.9
1 0 27199.7
74 variables; iteration 70; function evaluation 88; phase 1
Function value   2.7199913e+04; maximum gradient component mag  -7.8632e+04
Var   Value    Gradient   |Var   Value    Gradient   |Var   Value    Gradient
  1  0.38547 -1.53487e+01 |  2  0.23443 -1.39856e+01 |  3  0.17732 -4.22713e+01
  4  0.17211  1.47215e+02 |  5  0.16413  3.43552e+02 |  6  0.09158  2.71194e+01
  7  0.02114 -1.62981e+02 |  8  0.00187 -3.07499e+01 |  9 -0.00690  4.41180e+02
 10 -0.14838 -6.62433e+02 | 11 -0.08299  6.14650e+02 | 12 -0.20806  9.45710e+01
 13 -0.37775 -3.57681e+02 | 14 -0.40477  8.37452e+01 | 15 -0.47394 -1.30619e+02
 16  0.12052  2.12351e+04 | 17  0.06047  8.53924e+03 | 18 -0.01028 -7.23362e+02
 19 -0.03190 -1.65302e+03 | 20 -0.03461 -3.38536e+03 | 21 -0.02884 -3.86115e+03
 22 -0.01771 -2.04501e+03 | 23 -0.01241 -3.27181e+03 | 24  0.01965  1.66862e+03
 25  0.02358  9.55884e+03 | 26  0.01356  2.58971e+03 | 27  0.03613  4.03465e+03
 28  0.03565  5.14736e+03 | 29  0.01987  8.71278e+03 | 30 -0.01535 -6.08154e+03
 31 -0.02885 -5.42942e+03 | 32  0.00508  1.16425e+03 | 33  0.01045  2.64705e+03
 34 -0.00120 -4.59858e+03 | 35  0.00572  2.22227e+03 | 36  0.01078  2.10297e+03
 37  0.01404 -3.81246e+02 | 38  0.01275  5.83789e+03 | 39  0.01066 -1.03140e+02
 40  0.00568  1.59297e+03 | 41 -0.01403 -8.14741e+02 | 42 -0.02357 -1.12796e+04
 43 -0.02488 -4.60944e+03 | 44 -0.04051 -7.69733e+03 | 45  0.10069 -7.86317e+04
 46 -0.02108  1.38607e+04 | 47 -0.03090  5.22001e+03 | 48 -0.03077  2.83242e+03
 49 -0.02511  2.39201e+03 | 50 -0.02021  4.32896e+03 | 51 -0.04089  2.26341e+03
 52 -0.05176 -6.60856e+02 | 53 -0.00808  6.93590e+02 | 54  0.01128 -2.66327e+03
 55 -0.03836 -3.87641e+03 | 56  0.01063 -1.49242e+03 | 57  0.04016  2.50800e+03
 58  0.05192  2.17697e+03 | 59 -0.26641 -4.43309e+02 | 60 -0.00073 -2.21454e+03
 61  0.02649 -2.61958e+03 | 62  0.01400 -8.91262e+02 | 63  0.01896 -7.18161e+02
 64  0.00276 -3.94326e+03 | 65  0.02159 -1.59904e+03 | 66  0.02657 -3.09509e+03
 67  0.00696 -4.76364e+03 | 68  0.04167 -3.97401e+03 | 69  0.02720 -7.10332e+03
 70  0.02336 -2.93472e+03 | 71  0.03947  1.98746e+03 | 72  0.04491  3.09511e+03
 73  0.12332  4.26634e+03 | 74  0.10028  2.22988e+04 |
1 0 26937.5
1 0 26673.7
1 0 29331.2
1 0 26649.1
1 0 26612.3
1 0 26527.3
1 0 29249.7
1 0 26370.9
1 0 27987.4
1 0 26266.9
1 0 26184
1 0 25558.7
1 0 24710.9
1 0 23890.1
1 0 23540
1 0 23223
74 variables; iteration 80; function evaluation 104; phase 1
Function value   2.3223029e+04; maximum gradient component mag  -6.3743e+04
Var   Value    Gradient   |Var   Value    Gradient   |Var   Value    Gradient
  1  0.25882 -1.44883e+02 |  2  0.32269  2.57624e+03 |  3  0.21603  1.11906e+02
  4  0.17193  2.42852e+02 |  5  0.09737 -9.15770e+01 |  6  0.06241 -1.23619e+02
  7  0.07041  1.54401e+02 |  8  0.03871  3.20119e+01 |  9  0.00103 -4.47937e+01
 10 -0.02165  2.45753e+02 | 11 -0.11790 -1.02559e+02 | 12 -0.18393 -9.09770e+01
 13 -0.22146 -1.91516e+02 | 14 -0.19451  1.16019e+02 | 15 -0.20606 -3.46295e+01
 16  0.04912 -4.09419e+03 | 17  0.03605 -1.49978e+03 | 18 -0.00582 -1.97176e+03
 19 -0.00117  2.36493e+03 | 20  0.00290  2.80616e+03 | 21  0.00294  2.55509e+03
 22  0.00136  7.26466e+02 | 23  0.00647  2.38685e+03 | 24 -0.00529 -3.60773e+03
 25 -0.01544  3.08735e+03 | 26 -0.00007  3.35966e+03 | 27  0.00079 -1.93082e+03
 28 -0.00571 -1.30237e+03 | 29 -0.00631 -1.32040e+03 | 30  0.00386  5.85395e+03
 31 -0.00357  2.96095e+02 | 32 -0.00043 -6.87108e+03 | 33  0.00008  1.54121e+03
 34  0.00272  2.06247e+03 | 35 -0.00027 -1.17546e+03 | 36  0.00350  5.51660e+02
 37 -0.00380 -2.84137e+03 | 38  0.00400 -1.02337e+02 | 39  0.00147 -4.87655e+03
 40  0.00466  3.37045e+03 | 41  0.00391  2.58074e+03 | 42  0.00170 -4.35461e+02
 43 -0.01065 -2.58890e+03 | 44 -0.01763 -2.84553e+03 | 45  0.09596 -6.37429e+04
 46 -0.04716  7.81834e+03 | 47 -0.04571  4.80174e+03 | 48 -0.03555  4.44719e+03
 49 -0.02417  4.20860e+03 | 50 -0.03440  2.87742e+02 | 51 -0.03250  2.11020e+03
 52 -0.01519  5.51801e+03 | 53 -0.00419 -6.32558e+02 | 54 -0.00315 -1.71937e+03
 55 -0.01577 -2.90039e+03 | 56  0.01733 -2.57250e+03 | 57  0.02015 -3.58766e+03
 58  0.02024 -6.11950e+03 | 59 -0.03449 -6.77008e+03 | 60  0.02333  2.88771e+03
 61  0.00866 -2.41807e+03 | 62  0.00631 -3.23197e+03 | 63  0.00040 -4.95172e+03
 64  0.01794 -2.07171e+03 | 65  0.00246 -3.62803e+03 | 66  0.01031 -2.60220e+03
 67  0.03733  9.28615e+03 | 68  0.01562 -1.35846e+03 | 69  0.02636 -1.00503e+03
 70  0.02364 -1.00382e+03 | 71  0.01828 -1.09934e+03 | 72  0.03641  2.81326e+03
 73  0.00662  2.87340e+03 | 74  0.02234  1.01853e+04 |
1 0 22887.4
1 0 23125.9
1 0 22717.3
1 0 22568.3
1 0 22382.7
1 0 22326
1 0 22255.5
1 0 22194.7
1 0 22159.4
1 0 22132.2
1 0 22104.7
74 variables; iteration 90; function evaluation 115; phase 1
Function value   2.2104746e+04; maximum gradient component mag  -4.7751e+03
Var   Value    Gradient   |Var   Value    Gradient   |Var   Value    Gradient
  1  0.22848 -8.28726e+02 |  2  0.20835  1.08091e+02 |  3  0.14269 -7.64020e+01
  4  0.11743  8.10690e+01 |  5  0.08751  1.20674e+01 |  6  0.06848 -1.37280e+01
  7  0.06434  1.25545e+02 |  8  0.03254 -1.70974e+01 |  9  0.01099 -4.65760e+01
 10  0.00652  1.46939e+01 | 11  0.00045  6.29799e+00 | 12 -0.00505 -6.29405e+00
 13 -0.00650  4.47706e+00 | 14 -0.00720 -1.63706e+01 | 15 -0.00090  2.89891e+01
 16  0.07268  5.06052e+02 | 17 -0.00087  5.45876e+02 | 18 -0.00943 -7.52127e+02
 19 -0.00911 -3.75104e+02 | 20 -0.00676  2.52120e+02 | 21 -0.00481  4.76766e+02
 22 -0.00178  1.71499e+02 | 23  0.00072  4.57644e+02 | 24 -0.00104 -8.75849e+02
 25 -0.01516  3.43851e+02 | 26 -0.00015  1.75033e+01 | 27  0.00908 -1.84661e+02
 28 -0.00326  1.11979e+03 | 29 -0.00685 -7.42507e+02 | 30  0.00261  6.00327e+02
 31  0.00829  8.93816e+02 | 32  0.00610 -1.59892e+03 | 33  0.00402  1.59875e+02
 34  0.00740  5.16846e+02 | 35  0.00464 -3.83425e+02 | 36  0.00405  2.65754e+02
 37  0.00518 -3.37890e+01 | 38  0.00369 -3.66128e+01 | 39  0.00372  3.98418e+02
 40  0.00400 -3.71643e+02 | 41  0.00232 -2.12688e+02 | 42  0.00672 -9.10128e+01
 43 -0.00278 -4.03516e+02 | 44 -0.01053 -1.50802e+02 | 45  0.09886 -4.77512e+03
 46 -0.05908 -1.13751e+02 | 47 -0.05016  3.94976e+02 | 48 -0.04174  5.36202e+02
 49 -0.03237  6.15209e+02 | 50 -0.03329  1.63390e+01 | 51 -0.03946 -3.15530e+01
 52 -0.02768  7.16350e+02 | 53 -0.00450  5.15631e+02 | 54 -0.00469  4.39311e+02
 55 -0.00183  1.17981e+03 | 56  0.01746  6.08923e+02 | 57  0.01822 -1.91324e+03
 58  0.01086 -3.53254e+03 | 59  0.01421 -4.84773e+02 | 60  0.01215  5.15343e+02
 61  0.01282 -2.49114e+02 | 62  0.00926 -6.61124e+02 | 63  0.01334  2.83749e+01
 64  0.00944 -1.01618e+03 | 65  0.01408 -2.75749e+02 | 66  0.01989  1.68319e+02
 67  0.01828 -2.54281e+02 | 68  0.02224 -4.81120e+01 | 69  0.02402  5.16548e+02
 70  0.02370  1.38872e+03 | 71  0.02034  1.99472e+02 | 72  0.02740  3.52277e+02
 73  0.00652  9.62664e+01 | 74 -0.00042  9.33545e+02 |
1 0 22086.9
1 0 22076.2
1 0 22068.1
1 0 22064.8
1 0 22061.6
1 0 22060.9
1 0 22060.4
1 0 22060.3
1 0 22060.2
1 0 22060.2
74 variables; iteration 100; function evaluation 125; phase 1
Function value   2.2060170e+04; maximum gradient component mag  -2.6216e+02
Var   Value    Gradient   |Var   Value    Gradient   |Var   Value    Gradient
  1  0.23409  7.70469e+00 |  2  0.19545  1.97955e+00 |  3  0.13873 -1.26044e+00
  4  0.09450 -2.75410e-01 |  5  0.06207 -5.74415e-01 |  6  0.03804 -1.27350e+00
  7  0.01991 -1.99543e-01 |  8  0.00569 -1.29612e+00 |  9 -0.00531  1.13698e-01
 10 -0.01413 -9.09469e-01 | 11 -0.02087 -1.28859e-01 | 12 -0.02601  1.96558e-01
 13 -0.02982  2.62108e-01 | 14 -0.03244  7.40651e-01 | 15 -0.03408 -1.63412e+00
 16  0.07329  2.17466e+00 | 17 -0.00447  3.70445e-01 | 18 -0.00817  2.77247e+01
 19 -0.00978 -6.41578e+00 | 20 -0.00878 -1.11713e+01 | 21 -0.00701 -8.10575e+00
 22 -0.00283 -2.61886e+00 | 23 -0.00052 -1.46366e+01 | 24 -0.00037  2.20209e+00
 25 -0.01575  1.17226e+00 | 26 -0.00114 -1.13219e+01 | 27  0.00802  5.03190e+01
 28 -0.00336 -3.77417e+01 | 29 -0.00231  2.00262e+01 | 30  0.00431  1.29988e+00
 31  0.00545  3.27243e+00 | 32  0.00750  1.68889e+01 | 33  0.00458 -2.17382e+01
 34  0.00705  2.02925e+01 | 35  0.00502  3.71415e+00 | 36  0.00403 -8.01478e+00
 37  0.00426  2.33250e+01 | 38  0.00260 -1.65061e+01 | 39  0.00266 -2.58466e+01
 40  0.00390  8.31963e+00 | 41  0.00175  9.17717e+00 | 42  0.00669 -1.60315e+01
 43  0.00102  5.58759e-01 | 44 -0.00434 -9.03459e+00 | 45  0.09953 -2.62159e+02
 46 -0.05871 -7.11234e+00 | 47 -0.05053 -1.31810e+01 | 48 -0.04267 -1.19881e+01
 49 -0.03417 -1.24144e+01 | 50 -0.03387 -3.53833e-01 | 51 -0.04013  1.38593e+01
 52 -0.02924  2.29420e+01 | 53 -0.00486  1.19966e+01 | 54 -0.00536  3.66356e+00
 55 -0.00496 -2.61344e+00 | 56  0.01394  1.42282e+01 | 57  0.02133  2.04593e+00
 58  0.01922 -1.87371e+01 | 59  0.01194  2.59956e+01 | 60  0.01041  1.56888e+01
 61  0.01335 -1.74871e-01 | 62  0.00991 -3.69912e+01 | 63  0.01235  2.43134e+01
 64  0.01147 -5.58253e+00 | 65  0.01398 -9.52032e+00 | 66  0.01878  1.59724e+01
 67  0.01809  2.51235e+01 | 68  0.02212 -3.63630e+00 | 69  0.02275 -4.18337e+01
 70  0.01941 -2.90715e+01 | 71  0.01838 -1.36038e+00 | 72  0.02339  8.04644e+00
 73  0.02351  1.34618e+01 | 74 -0.00205  8.75950e+01 |
1 0 22060.1
1 0 22060.1
1 0 22060.1
1 0 22060.1
1 0 22060
1 0 22060
1 0 22060
1 0 22060
1 0 22060
1 0 22060
74 variables; iteration 110; function evaluation 135; phase 1
Function value   2.2060026e+04; maximum gradient component mag  -1.8379e+01
Var   Value    Gradient   |Var   Value    Gradient   |Var   Value    Gradient
  1  0.23312  2.96621e+00 |  2  0.19474  1.19286e+00 |  3  0.13855 -1.90245e-01
  4  0.09477  3.33385e-01 |  5  0.06286  2.61785e-01 |  6  0.03933  1.47234e-01
  7  0.02147  6.00849e-01 |  8  0.00745 -2.32127e-01 |  9 -0.00354 -1.22486e-01
 10 -0.01217  2.87753e-02 | 11 -0.01891  1.62210e-01 | 12 -0.02406  3.61378e-02
 13 -0.02776  1.44692e-01 | 14 -0.03017  1.77854e-01 | 15 -0.03137  1.18214e-01
 16  0.07405 -3.53647e+00 | 17 -0.00466 -1.83788e+01 | 18 -0.00814  5.62340e+00
 19 -0.00968  2.46553e+00 | 20 -0.00868  1.23377e+00 | 21 -0.00693  7.11991e-01
 22 -0.00277  5.43583e-01 | 23 -0.00047  9.46187e-01 | 24 -0.00034  4.42622e-01
 25 -0.01570  3.90484e+00 | 26 -0.00111  8.95333e-01 | 27  0.00792 -3.35938e+00
 28 -0.00329  2.09789e+00 | 29 -0.00230 -1.12623e+00 | 30  0.00434  3.46673e+00
 31  0.00541  1.89676e+00 | 32  0.00747 -7.41734e-01 | 33  0.00465  1.65824e-01
 34  0.00704 -1.57331e+00 | 35  0.00497 -5.64214e-01 | 36  0.00405 -1.36283e-01
 37  0.00424  5.11568e-01 | 38  0.00265 -6.40811e-01 | 39  0.00276  2.10432e+00
 40  0.00399  4.01401e-01 | 41  0.00182 -9.49156e-01 | 42  0.00674  4.87643e-01
 43  0.00087 -1.72302e+00 | 44 -0.00486  1.26230e+00 | 45  0.09907 -1.77383e+01
 46 -0.05880  1.09998e+01 | 47 -0.05062  2.99053e+00 | 48 -0.04274  2.38748e+00
 49 -0.03422  1.36495e+00 | 50 -0.03392  2.81840e-01 | 51 -0.04018  4.70969e-01
 52 -0.02935  3.21402e-01 | 53 -0.00495 -2.31748e+00 | 54 -0.00536 -4.32036e+00
 55 -0.00500  1.53145e+00 | 56  0.01385  1.26934e+00 | 57  0.02129 -9.06045e-01
 58  0.01927  4.83140e-01 | 59  0.01186 -2.82909e+00 | 60  0.01035 -3.05929e+00
 61  0.01335 -4.16889e+00 | 62  0.01001 -5.64012e-01 | 63  0.01224 -1.89539e+00
 64  0.01147 -3.17052e-03 | 65  0.01396 -8.25663e-01 | 66  0.01872  1.70104e+00
 67  0.01803 -1.04661e+00 | 68  0.02211 -3.54508e+00 | 69  0.02281 -1.69286e+00
 70  0.01952 -2.21720e-01 | 71  0.01853  9.42334e-01 | 72  0.02382  1.33999e+00
 73  0.02375  4.02834e-01 | 74 -0.00629  2.45168e+00 |
1 0 22060
1 0 22060
1 0 22060
1 0 22060
1 0 22060
1 0 22060
1 0 22060
1 0 22060
1 0 22060
1 0 22060
74 variables; iteration 120; function evaluation 145; phase 1
Function value   2.2060023e+04; maximum gradient component mag  -4.7679e+00
Var   Value    Gradient   |Var   Value    Gradient   |Var   Value    Gradient
  1  0.23328 -5.83854e-01 |  2  0.19516  8.86501e-02 |  3  0.13898 -1.45587e-01
  4  0.09507  3.14648e-02 |  5  0.06304  7.39519e-03 |  6  0.03941 -1.71308e-02
  7  0.02147  1.44007e-01 |  8  0.00746 -1.06696e-01 |  9 -0.00358 -8.43478e-02
 10 -0.01230 -1.14525e-02 | 11 -0.01913  2.05028e-02 | 12 -0.02434 -3.02965e-02
 13 -0.02812  9.86616e-04 | 14 -0.03058 -1.54416e-02 | 15 -0.03180 -4.71829e-03
 16  0.07416  1.26566e-01 | 17 -0.00432  3.95574e-01 | 18 -0.00814 -1.94333e+00
 19 -0.00968 -1.06316e-01 | 20 -0.00868  3.40687e-01 | 21 -0.00693  3.11498e-01
 22 -0.00279  1.12601e-01 | 23 -0.00049  5.83384e-01 | 24 -0.00035 -3.72752e-01
 25 -0.01572  7.71114e-01 | 26 -0.00113  7.60152e-01 | 27  0.00791 -5.50327e-01
 28 -0.00331  3.65810e-01 | 29 -0.00230 -4.03353e-01 | 30  0.00432  1.20807e+00
 31  0.00540  1.71308e-01 | 32  0.00746 -1.02480e-01 | 33  0.00464  5.29000e-01
 34  0.00703 -8.42129e-01 | 35  0.00496 -4.89598e-01 | 36  0.00404 -2.80755e-02
 37  0.00423 -2.86657e-01 | 38  0.00264 -3.38926e-01 | 39  0.00274  4.13405e-01
 40  0.00398 -1.34536e+00 | 41  0.00181  7.18788e-01 | 42  0.00673  5.51501e-01
 43  0.00086 -4.22428e-01 | 44 -0.00491 -6.81274e-04 | 45  0.09905 -4.76788e+00
 46 -0.05882 -1.45371e+00 | 47 -0.05063  1.06806e-01 | 48 -0.04275  1.65367e-01
 49 -0.03423 -4.77330e-02 | 50 -0.03392 -5.50543e-01 | 51 -0.04019 -5.27155e-01
 52 -0.02935 -5.21938e-01 | 53 -0.00496  9.48385e-01 | 54 -0.00536 -1.37486e+00
 55 -0.00501 -2.12534e-01 | 56  0.01384  3.59500e-01 | 57  0.02129  1.70328e+00
 58  0.01926  1.69047e+00 | 59  0.01186 -2.06890e-02 | 60  0.01035  1.19986e-01
 61  0.01336 -7.77496e-01 | 62  0.01000 -8.11211e-01 | 63  0.01224 -7.85352e-01
 64  0.01147 -1.64302e-01 | 65  0.01396 -1.77949e-01 | 66  0.01871  2.48545e-01
 67  0.01803  1.60431e-01 | 68  0.02211  4.17016e-01 | 69  0.02282  2.28792e-01
 70  0.01952  4.00410e-01 | 71  0.01854  1.21742e-01 | 72  0.02384  3.84280e-01
 73  0.02381  5.14848e-02 | 74 -0.00651  5.13377e-01 |
1 0 22060
1 0 22060
1 0 22060
1 0 22060
1 0 22060

 - final statistics:
74 variables; iteration 125; function evaluation 150
Function value   2.2060e+04; maximum gradient component mag  -4.0959e-02
Exit code = 1;  converg criter   1.0000e-01
Var   Value    Gradient   |Var   Value    Gradient   |Var   Value    Gradient
  1  0.23328  4.51733e-03 |  2  0.19516  1.66831e-03 |  3  0.13899  1.17869e-03
  4  0.09506 -3.03063e-03 |  5  0.06304 -8.81512e-04 |  6  0.03941  1.37075e-03
  7  0.02147 -2.17109e-03 |  8  0.00751  2.00279e-03 |  9 -0.00352  7.72478e-04
 10 -0.01224  6.50184e-04 | 11 -0.01907 -3.61473e-04 | 12 -0.02429  3.99365e-04
 13 -0.02806  2.08839e-04 | 14 -0.03052 -2.33130e-03 | 15 -0.03174  1.98036e-03
 16  0.07415 -1.20460e-02 | 17 -0.00432  3.48355e-03 | 18 -0.00813 -7.25928e-04
 19 -0.00968 -1.19681e-02 | 20 -0.00868 -4.97069e-03 | 21 -0.00694  1.93414e-03
 22 -0.00279 -2.39749e-03 | 23 -0.00049 -7.40905e-03 | 24 -0.00035  9.85950e-03
 25 -0.01572 -6.45794e-03 | 26 -0.00113  3.44687e-02 | 27  0.00791 -1.51809e-02
 28 -0.00331 -6.67238e-04 | 29 -0.00231  3.61376e-03 | 30  0.00432  1.40846e-02
 31  0.00540  2.75853e-02 | 32  0.00746  2.42595e-04 | 33  0.00464 -1.58127e-02
 34  0.00703 -1.08028e-02 | 35  0.00496 -3.78000e-03 | 36  0.00404 -1.73339e-02
 37  0.00423  8.38122e-03 | 38  0.00264  3.16704e-02 | 39  0.00274  1.22880e-02
 40  0.00398  8.06935e-03 | 41  0.00180 -4.09587e-02 | 42  0.00672 -1.12573e-02
 43  0.00086  3.58805e-03 | 44 -0.00490 -9.73059e-03 | 45  0.09905 -1.57152e-02
 46 -0.05882 -3.10322e-02 | 47 -0.05063  4.03399e-03 | 48 -0.04275  9.08594e-03
 49 -0.03423 -1.95503e-04 | 50 -0.03392  5.66416e-03 | 51 -0.04019  1.02825e-02
 52 -0.02935  5.41843e-03 | 53 -0.00496 -2.85056e-02 | 54 -0.00536 -3.73831e-02
 55 -0.00501  2.84100e-03 | 56  0.01384  2.98096e-02 | 57  0.02129  1.95323e-02
 58  0.01926  6.56765e-03 | 59  0.01186 -1.34689e-02 | 60  0.01035 -1.79579e-02
 61  0.01336 -1.94619e-02 | 62  0.01000  7.62642e-03 | 63  0.01225  1.10919e-02
 64  0.01147  2.37524e-02 | 65  0.01396  3.02045e-02 | 66  0.01871  2.31612e-02
 67  0.01803  3.38502e-03 | 68  0.02211 -3.53213e-02 | 69  0.02281 -3.93064e-03
 70  0.01952  1.06779e-02 | 71  0.01853 -2.16353e-02 | 72  0.02384 -5.34095e-04
 73  0.02384  1.69737e-03 | 74 -0.00649  1.43811e-03 |
1 0 22060
B076261.5
0.3 0.449536
0.385317 0.383376
0.422061 0.360055
0.434187 0.352915
0.437803 0.350835
0.438848 0.350238
0.439147 0.350068
0.439232 0.350019
0.439257 0.350006
0.439264 0.350002
0.439266 0.35
0.439266 0.35
0.439266 0.35
0.439266 0.35
0.439266 0.35
0.439266 0.35
0.439266 0.35
0.439266 0.35
0.439266 0.35
0.439266 0.35
0.439266 0.35
FutMOrt0.20698
FutMOrt0.20698
FutMOrt0.20698
FutMOrt0.20698
FutMOrt0.20698
FutMOrt0.20698
FutMOrt0.20698
FutMOrt0.20698
FutMOrt0.20698
FutMOrt0.20698
2 0 22060

Initial statistics: 78 variables; iteration 0; function evaluation 0; phase 2
Function value   2.2060023e+04; maximum gradient component mag  -7.6063e+03
Var   Value    Gradient   |Var   Value    Gradient   |Var   Value    Gradient
  1 -0.80665  1.31130e+02 |  2 -0.48315  1.31595e+02 |  3  0.23328  4.51733e-03
  4  0.19516  1.66831e-03 |  5  0.13899  1.17869e-03 |  6  0.09506 -3.03063e-03
  7  0.06304 -8.81512e-04 |  8  0.03941  1.37075e-03 |  9  0.02147 -2.17109e-03
 10  0.00751  2.00279e-03 | 11 -0.00352  7.72478e-04 | 12 -0.01224  6.50184e-04
 13 -0.01907 -3.61473e-04 | 14 -0.02429  3.99365e-04 | 15 -0.02806  2.08839e-04
 16 -0.03052 -2.33130e-03 | 17 -0.03174  1.98036e-03 | 18  0.07415 -1.20460e-02
 19 -0.00432  3.49031e-03 | 20 -0.00813 -7.19164e-04 | 21 -0.00968 -1.19613e-02
 22 -0.00868 -4.96393e-03 | 23 -0.00694  1.94091e-03 | 24 -0.00279 -2.39073e-03
 25 -0.00049 -7.40229e-03 | 26 -0.00035  9.86627e-03 | 27 -0.01572 -6.45118e-03
 28 -0.00113  3.44754e-02 | 29  0.00791 -1.51741e-02 | 30 -0.00331 -6.60472e-04
 31 -0.00231  3.62052e-03 | 32  0.00432  1.40914e-02 | 33  0.00540  2.75921e-02
 34  0.00746  2.49359e-04 | 35  0.00464 -1.58059e-02 | 36  0.00703 -1.07960e-02
 37  0.00496 -3.77323e-03 | 38  0.00404 -1.73271e-02 | 39  0.00423  8.38798e-03
 40  0.00264  3.16771e-02 | 41  0.00274  1.22948e-02 | 42  0.00398  8.07611e-03
 43  0.00180 -4.09519e-02 | 44  0.00672 -1.12506e-02 | 45  0.00086  3.59482e-03
 46 -0.00490 -9.72382e-03 | 47  0.09905 -1.57152e-02 | 48 -0.05882 -3.08668e-02
 49 -0.05063  4.19959e-03 | 50 -0.04275  9.25169e-03 | 51 -0.03423 -2.96154e-05
 52 -0.03392  5.83005e-03 | 53 -0.04019  1.04483e-02 | 54 -0.02935  5.58439e-03
 55 -0.00496 -2.83395e-02 | 56 -0.00536 -3.72170e-02 | 57 -0.00501  3.00713e-03
 58  0.01384  2.99757e-02 | 59  0.02129  1.96984e-02 | 60  0.01926  6.73370e-03
 61  0.01186 -1.33028e-02 | 62  0.01035 -1.77918e-02 | 63  0.01336 -1.92958e-02
 64  0.01000  7.79253e-03 | 65  0.01225  1.12580e-02 | 66  0.01147  2.39185e-02
 67  0.01396  3.03706e-02 | 68  0.01871  2.33272e-02 | 69  0.01803  3.55108e-03
 70  0.02211 -3.51553e-02 | 71  0.02281 -3.76462e-03 | 72  0.01952  1.08439e-02
 73  0.01853 -2.14692e-02 | 74  0.02384 -3.68083e-04 | 75  0.02384  1.86338e-03
 76 -0.00649  1.43811e-03 | 77 -0.57090 -7.60633e+03 | 78 -0.45367  4.21387e+03
2 0 22060
2 0 22059.8
2 0 22057.8
2 0 22040.3
2 0 22055.1
2 0 22033.1
2 0 22019.7
2 0 21996.3
2 0 22043.3
2 0 21990.5
2 0 21981.5
2 0 21973.7
2 0 21966.7
2 0 21989.9
2 0 21965.3
2 0 21964.2

Intermediate statistics: 78 variables; iteration 10; function evaluation 16; phase 2
Function value   2.1964198e+04; maximum gradient component mag  -1.4528e+04
Var   Value    Gradient   |Var   Value    Gradient   |Var   Value    Gradient
  1 -0.81239  5.63309e+01 |  2 -0.48742  6.48417e+01 |  3  0.23085 -3.06136e+02
  4  0.19843  7.99873e+01 |  5  0.14075  2.66811e+01 |  6  0.09584  1.07015e+01
  7  0.06342  5.24233e+00 |  8  0.03964  3.08617e+00 |  9  0.02162  2.03488e+00
 10  0.00762  1.46367e+00 | 11 -0.00343  1.12494e+00 | 12 -0.01217  9.12815e-01
 13 -0.01901  7.74562e-01 | 14 -0.02423  6.83973e-01 | 15 -0.02801  6.24671e-01
 16 -0.03048  5.88632e-01 | 17 -0.03169  5.75126e-01 | 18  0.06971 -1.34468e+03
 19 -0.01129  1.02935e+02 | 20 -0.00907  4.60287e+02 | 21 -0.00927  3.01476e+02
 22 -0.00867 -1.67542e+02 | 23 -0.00698 -3.59581e+02 | 24 -0.00336 -4.00445e+02
 25 -0.00035  2.67639e+02 | 26  0.00019 -1.44332e+02 | 27 -0.01425 -6.34917e+01
 28 -0.00119 -2.23535e+00 | 29  0.00849  2.47833e+02 | 30 -0.00199 -1.10066e+02
 31 -0.00220 -2.92711e+02 | 32  0.00395 -2.61196e+02 | 33  0.00558  9.03539e+01
 34  0.00807  2.79852e+02 | 35  0.00530 -7.95182e+01 | 36  0.00740  1.81475e+02
 37  0.00555  1.65130e+01 | 38  0.00444  8.95671e+01 | 39  0.00468  1.45140e+02
 40  0.00302 -1.30710e+02 | 41  0.00282  5.42881e+01 | 42  0.00437 -2.66405e+01
 43  0.00204 -1.13841e+02 | 44  0.00756  6.18238e+02 | 45  0.00104  7.17792e+01
 46 -0.00588 -7.76441e+02 | 47  0.10186 -1.45278e+04 | 48 -0.05935 -4.24725e+02
 49 -0.05120 -9.85520e+02 | 50 -0.04353 -1.08504e+03 | 51 -0.03432 -6.38817e+02
 52 -0.03382  7.35298e+01 | 53 -0.03968  2.73358e+02 | 54 -0.02925  1.79940e+02
 55 -0.00415 -2.44413e+01 | 56 -0.00537  5.66691e+01 | 57 -0.00522  1.32921e+02
 58  0.01356 -5.37664e+02 | 59  0.02138 -1.19504e+02 | 60  0.01915  4.29141e+02
 61  0.01221  5.85076e+02 | 62  0.01006  3.30193e+02 | 63  0.01346  3.40087e+02
 64  0.00970  2.42375e+02 | 65  0.01205  1.85952e+02 | 66  0.01143  1.43687e+02
 67  0.01351 -5.51088e+01 | 68  0.01855 -9.69071e+00 | 69  0.01782  2.36660e+01
 70  0.02185  8.96206e+01 | 71  0.02285  2.24830e+02 | 72  0.01900 -1.62622e+02
 73  0.01841 -1.80861e+02 | 74  0.02478  2.35075e+02 | 75  0.02593  7.07777e+02
 76  0.02781  2.21893e+03 | 77 -0.57687 -3.27736e+03 | 78 -0.49737  2.05060e+03
2 0 21964.2
2 0 21963.6
2 0 21963
2 0 21963.3
2 0 21962.7
2 0 21962.5
2 0 21962.9
2 0 21962.4
2 0 21962.3
2 0 21962.3
2 0 21962.3
2 0 21962.3
2 0 21962.3
2 0 21962.2
78 variables; iteration 20; function evaluation 30; phase 2
Function value   2.1962241e+04; maximum gradient component mag  -1.2425e+04
Var   Value    Gradient   |Var   Value    Gradient   |Var   Value    Gradient
  1 -0.81396  7.08558e+01 |  2 -0.48982  7.63803e+01 |  3  0.23213 -1.10690e+02
  4  0.19847  5.27063e+01 |  5  0.14079  2.17741e+01 |  6  0.09583  9.87424e+00
  7  0.06338  5.13647e+00 |  8  0.03960  3.17557e+00 |  9  0.02159  2.18100e+00
 10  0.00759  1.60787e+00 | 11 -0.00345  1.25521e+00 | 12 -0.01218  1.02901e+00
 13 -0.01902  8.79497e-01 | 14 -0.02424  7.80020e-01 | 15 -0.02803  7.14943e-01
 16 -0.03049  6.76026e-01 | 17 -0.03170  6.58787e-01 | 18  0.06847 -1.31710e+03
 19 -0.00891  1.10460e+02 | 20 -0.00872  5.34049e+02 | 21 -0.00944  2.52253e+02
 22 -0.00875 -1.28425e+02 | 23 -0.00723 -3.66981e+02 | 24 -0.00351 -3.63354e+02
 25 -0.00069  2.35677e+02 | 26 -0.00009 -1.75790e+02 | 27 -0.01467 -1.20194e+02
 28 -0.00129  1.43359e+01 | 29  0.00838  2.68146e+02 | 30 -0.00192  2.76941e+00
 31 -0.00255 -4.41120e+02 | 32  0.00407 -7.18128e+01 | 33  0.00500 -6.90243e+01
 34  0.00748  1.67267e+02 | 35  0.00482 -1.21644e+02 | 36  0.00705  1.53644e+02
 37  0.00532 -1.29492e+01 | 38  0.00424  8.32881e+01 | 39  0.00460  1.29038e+02
 40  0.00301 -1.07387e+02 | 41  0.00278  8.79571e+01 | 42  0.00412 -8.21856e+01
 43  0.00182 -7.29449e+01 | 44  0.00747  5.86250e+02 | 45  0.00167  5.19116e+01
 46 -0.00407 -5.43688e+02 | 47  0.10108 -1.24250e+04 | 48 -0.05925 -3.88267e+02
 49 -0.05130 -9.52414e+02 | 50 -0.04337 -9.84772e+02 | 51 -0.03445 -6.38460e+02
 52 -0.03369  1.14718e+02 | 53 -0.03987  1.89365e+02 | 54 -0.02906  2.39837e+02
 55 -0.00437  1.69886e+00 | 56 -0.00506  1.92884e+02 | 57 -0.00522  1.45141e+02
 58  0.01344 -6.24200e+02 | 59  0.02130 -1.36650e+02 | 60  0.01938  3.91880e+02
 61  0.01219  5.37483e+02 | 62  0.01009  3.52886e+02 | 63  0.01339  3.27542e+02
 64  0.00964  2.18876e+02 | 65  0.01213  2.26920e+02 | 66  0.01137  1.27969e+02
 67  0.01360  1.36065e+00 | 68  0.01863  4.91397e+01 | 69  0.01799  6.47848e+01
 70  0.02198  1.56911e+02 | 71  0.02274  1.69812e+02 | 72  0.01858 -2.43739e+02
 73  0.01782 -1.45557e+02 | 74  0.02392  1.63215e+02 | 75  0.02749  6.26069e+02
 76  0.02215  1.72465e+03 | 77 -0.58170 -3.11578e+03 | 78 -0.50688  1.80043e+03
2 0 21962.2
2 0 21962.2
2 0 21962.2
2 0 21962.1
2 0 21962.1
2 0 21962
2 0 21961.9
2 0 21962.3
2 0 21961.9
2 0 21961.9
2 0 21961.9
78 variables; iteration 30; function evaluation 41; phase 2
Function value   2.1961878e+04; maximum gradient component mag  -1.1968e+04
Var   Value    Gradient   |Var   Value    Gradient   |Var   Value    Gradient
  1 -0.82161  5.54099e+01 |  2 -0.50273  6.76608e+01 |  3  0.23217 -1.02046e+02
  4  0.19883  5.39651e+01 |  5  0.14141  2.54293e+01 |  6  0.09594  9.08948e+00
  7  0.06324  4.28253e+00 |  8  0.03940  2.80600e+00 |  9  0.02141  2.06041e+00
 10  0.00744  1.58806e+00 | 11 -0.00357  1.26465e+00 | 12 -0.01229  1.04369e+00
 13 -0.01911  8.93495e-01 | 14 -0.02432  7.92462e-01 | 15 -0.02810  7.26779e-01
 16 -0.03056  6.87113e-01 | 17 -0.03177  6.67949e-01 | 18  0.06856 -1.30924e+03
 19 -0.00841  1.26950e+02 | 20 -0.00879  4.97523e+02 | 21 -0.00947  2.69513e+02
 22 -0.00887 -1.53444e+02 | 23 -0.00741 -3.98370e+02 | 24 -0.00364 -3.68861e+02
 25 -0.00072  2.39803e+02 | 26 -0.00005 -1.69092e+02 | 27 -0.01463 -1.03129e+02
 28 -0.00142 -6.67867e+01 | 29  0.00842  2.90946e+02 | 30 -0.00189  7.37216e+00
 31 -0.00239 -3.77521e+02 | 32  0.00424 -1.12921e+01 | 33  0.00500 -8.87751e+01
 34  0.00742  1.02254e+02 | 35  0.00495 -7.40204e+01 | 36  0.00721  1.90986e+02
 37  0.00533  5.59676e-01 | 38  0.00408  6.58232e+01 | 39  0.00436  8.53044e+01
 40  0.00289 -1.18482e+02 | 41  0.00276  8.84473e+01 | 42  0.00413 -7.21031e+01
 43  0.00181 -8.35045e+01 | 44  0.00749  5.95165e+02 | 45  0.00174  1.01399e+02
 46 -0.00412 -5.75497e+02 | 47  0.10096 -1.19678e+04 | 48 -0.05936 -3.84034e+02
 49 -0.05137 -9.44723e+02 | 50 -0.04338 -9.51541e+02 | 51 -0.03452 -6.05276e+02
 52 -0.03389  9.26312e+01 | 53 -0.04002  1.77056e+02 | 54 -0.02918  2.30486e+02
 55 -0.00443 -3.15820e+00 | 56 -0.00514  2.34941e+02 | 57 -0.00525  1.86674e+02
 58  0.01336 -5.75242e+02 | 59  0.02117 -1.58407e+02 | 60  0.01937  3.74656e+02
 61  0.01213  5.38332e+02 | 62  0.01006  4.19124e+02 | 63  0.01335  3.72443e+02
 64  0.00973  2.76471e+02 | 65  0.01219  2.69799e+02 | 66  0.01134  1.39759e+02
 67  0.01345 -8.68205e+00 | 68  0.01849  4.08122e+01 | 69  0.01792  7.60893e+01
 70  0.02192  1.65225e+02 | 71  0.02268  1.89160e+02 | 72  0.01852 -2.36980e+02
 73  0.01774 -1.72273e+02 | 74  0.02384  1.47203e+02 | 75  0.02980  6.30110e+02
 76  0.02047  1.68044e+03 | 77 -0.58182 -3.19478e+03 | 78 -0.50660  1.84231e+03
2 0 21961.8
2 0 21961.8
2 0 21961.8
2 0 21961.8
2 0 21961.8
2 0 21961.8
2 0 21961.8
2 0 21961.8
2 0 21961.7
2 0 21961.7
2 0 21961.7
2 0 21961.7
78 variables; iteration 40; function evaluation 53; phase 2
Function value   2.1961703e+04; maximum gradient component mag  -1.1713e+04
Var   Value    Gradient   |Var   Value    Gradient   |Var   Value    Gradient
  1 -0.82163  5.10573e+01 |  2 -0.51362  6.38869e+01 |  3  0.23182 -9.58519e+01
  4  0.19760  4.64089e+01 |  5  0.13957  1.55867e+01 |  6  0.09536  1.11577e+01
  7  0.06319  6.65724e+00 |  8  0.03926  2.98630e+00 |  9  0.02118  1.86118e+00
 10  0.00720  1.50744e+00 | 11 -0.00379  1.27490e+00 | 12 -0.01247  1.08691e+00
 13 -0.01927  9.40375e-01 | 14 -0.02447  8.34704e-01 | 15 -0.02823  7.62749e-01
 16 -0.03068  7.18902e-01 | 17 -0.03189  6.99958e-01 | 18  0.06849 -1.28393e+03
 19 -0.00912  1.15921e+02 | 20 -0.00881  4.92200e+02 | 21 -0.00942  2.97418e+02
 22 -0.00890 -1.92695e+02 | 23 -0.00738 -3.94092e+02 | 24 -0.00349 -3.30627e+02
 25 -0.00047  2.88831e+02 | 26  0.00014 -1.60534e+02 | 27 -0.01459 -9.72524e+01
 28 -0.00148 -7.05503e+01 | 29  0.00834  2.72146e+02 | 30 -0.00205 -9.14572e+00
 31 -0.00262 -4.28111e+02 | 32  0.00404 -3.61539e+01 | 33  0.00478 -1.23176e+02
 34  0.00723  5.97852e+01 | 35  0.00482 -1.04285e+02 | 36  0.00713  1.82973e+02
 37  0.00530 -5.94162e+00 | 38  0.00402  4.19308e+01 | 39  0.00447  1.20684e+02
 40  0.00305 -8.92064e+01 | 41  0.00296  1.14397e+02 | 42  0.00440 -1.72133e+01
 43  0.00211 -4.74526e+01 | 44  0.00774  6.33113e+02 | 45  0.00182  8.32097e+01
 46 -0.00398 -5.68285e+02 | 47  0.10065 -1.17132e+04 | 48 -0.05927 -3.87662e+02
 49 -0.05127 -9.62846e+02 | 50 -0.04324 -9.32243e+02 | 51 -0.03444 -6.00286e+02
 52 -0.03383  7.15707e+01 | 53 -0.03987  1.65175e+02 | 54 -0.02897  2.48775e+02
 55 -0.00423  2.36111e+01 | 56 -0.00506  2.05119e+02 | 57 -0.00503  2.00381e+02
 58  0.01358 -5.51292e+02 | 59  0.02135 -1.23674e+02 | 60  0.01948  3.74544e+02
 61  0.01219  5.17987e+02 | 62  0.01013  4.05210e+02 | 63  0.01351  4.01037e+02
 64  0.00983  2.73385e+02 | 65  0.01239  3.02391e+02 | 66  0.01142  1.44444e+02
 67  0.01357 -1.31530e+01 | 68  0.01858  1.63566e+01 | 69  0.01805  6.29169e+01
 70  0.02196  1.04649e+02 | 71  0.02289  1.91492e+02 | 72  0.01880 -2.13542e+02
 73  0.01799 -1.13977e+02 | 74  0.02353  1.17843e+02 | 75  0.02651  6.00599e+02
 76  0.01956  1.65550e+03 | 77 -0.58209 -3.26598e+03 | 78 -0.50683  1.86668e+03
2 0 21961.7
2 0 21961.7
2 0 21961.6
2 0 21961.6
2 0 21961.6
2 0 21961.5
2 0 21961.4
2 0 21961.3
2 0 21961.7
2 0 21961.3
2 0 21961.3
78 variables; iteration 50; function evaluation 64; phase 2
Function value   2.1961306e+04; maximum gradient component mag  -1.1486e+04
Var   Value    Gradient   |Var   Value    Gradient   |Var   Value    Gradient
  1 -0.80697  5.55830e+01 |  2 -0.53827  5.89669e+01 |  3  0.23146 -1.04896e+02
  4  0.19701  4.04870e+01 |  5  0.13914  1.48847e+01 |  6  0.09497  1.78503e+01
  7  0.06064 -6.97365e+00 |  8  0.03811  4.91352e+00 |  9  0.02067  4.19736e+00
 10  0.00658  1.28247e+00 | 11 -0.00449  7.89345e-01 | 12 -0.01315  8.46853e-01
 13 -0.01988  8.64812e-01 | 14 -0.02501  8.24154e-01 | 15 -0.02873  7.69131e-01
 16 -0.03115  7.25760e-01 | 17 -0.03234  7.05155e-01 | 18  0.06859 -1.24966e+03
 19 -0.00946  1.39240e+02 | 20 -0.00875  4.82776e+02 | 21 -0.00926  3.69946e+02
 22 -0.00886 -2.05816e+02 | 23 -0.00734 -3.91646e+02 | 24 -0.00341 -3.31545e+02
 25 -0.00037  2.94944e+02 | 26  0.00016 -9.84258e+01 | 27 -0.01463 -9.04695e+01
 28 -0.00145 -5.62374e+01 | 29  0.00841  2.79366e+02 | 30 -0.00179  5.71932e+01
 31 -0.00254 -4.13644e+02 | 32  0.00397 -4.47073e+01 | 33  0.00464 -1.47689e+02
 34  0.00716  4.84347e+01 | 35  0.00498 -4.01193e+01 | 36  0.00726  2.24820e+02
 37  0.00540 -1.13496e+01 | 38  0.00434  1.68674e+02 | 39  0.00438  6.69338e+01
 40  0.00291 -8.87218e+01 | 41  0.00295  1.40473e+02 | 42  0.00434 -9.96751e+00
 43  0.00205 -3.53128e+01 | 44  0.00777  6.31752e+02 | 45  0.00194  1.14599e+02
 46 -0.00411 -5.63353e+02 | 47  0.10068 -1.14855e+04 | 48 -0.05931 -3.53705e+02
 49 -0.05139 -9.84955e+02 | 50 -0.04329 -9.16522e+02 | 51 -0.03451 -5.65502e+02
 52 -0.03382  1.46740e+02 | 53 -0.03963  2.95313e+02 | 54 -0.02902  2.63278e+02
 55 -0.00438  5.27981e+00 | 56 -0.00513  2.13544e+02 | 57 -0.00526  1.68893e+02
 58  0.01351 -5.54683e+02 | 59  0.02135 -1.15239e+02 | 60  0.01944  3.81259e+02
 61  0.01207  5.15487e+02 | 62  0.00994  3.89449e+02 | 63  0.01346  3.95299e+02
 64  0.00974  2.45085e+02 | 65  0.01226  2.89509e+02 | 66  0.01147  1.31407e+02
 67  0.01361  1.17261e+01 | 68  0.01837 -3.49548e+01 | 69  0.01797  3.71687e+01
 70  0.02186  6.81594e+01 | 71  0.02266  1.07197e+02 | 72  0.01864 -2.48607e+02
 73  0.01814 -6.02675e+01 | 74  0.02351  9.36752e+01 | 75  0.02829  6.00020e+02
 76  0.01912  1.64961e+03 | 77 -0.58238 -3.34916e+03 | 78 -0.50718  1.89526e+03
2 0 21961.3
2 0 21961.3
2 0 21961.3
2 0 21961.3
2 0 21961.3
2 0 21961.3
2 0 21961.2
2 0 21961.2
2 0 21961.2
2 0 21961.2
2 0 21961.2
2 0 21961.2
78 variables; iteration 60; function evaluation 76; phase 2
Function value   2.1961231e+04; maximum gradient component mag  -1.1457e+04
Var   Value    Gradient   |Var   Value    Gradient   |Var   Value    Gradient
  1 -0.80527  5.63651e+01 |  2 -0.54079  5.84378e+01 |  3  0.23148 -1.05630e+02
  4  0.19710  4.04760e+01 |  5  0.13955  1.54591e+01 |  6  0.09608  1.92099e+01
  7  0.06260  2.99725e+00 |  8  0.03841  4.32440e+00 |  9  0.01957 -2.98730e+00
 10  0.00615  1.99740e+00 | 11 -0.00449  2.39784e+00 | 12 -0.01319  1.04709e+00
 13 -0.02003  6.76357e-01 | 14 -0.02520  6.99043e-01 | 15 -0.02892  7.31928e-01
 16 -0.03133  7.31652e-01 | 17 -0.03252  7.24710e-01 | 18  0.06865 -1.24725e+03
 19 -0.00931  1.39226e+02 | 20 -0.00874  4.93369e+02 | 21 -0.00929  3.53931e+02
 22 -0.00890 -2.22142e+02 | 23 -0.00722 -3.65539e+02 | 24 -0.00334 -3.09619e+02
 25 -0.00043  2.79029e+02 | 26  0.00017 -9.25914e+01 | 27 -0.01463 -8.92925e+01
 28 -0.00149 -6.33336e+01 | 29  0.00841  2.77475e+02 | 30 -0.00177  6.26365e+01
 31 -0.00254 -4.11087e+02 | 32  0.00395 -4.18722e+01 | 33  0.00460 -1.64792e+02
 34  0.00716  6.17929e+01 | 35  0.00500 -3.80610e+01 | 36  0.00728  2.27874e+02
 37  0.00536 -3.19772e+01 | 38  0.00429  1.69604e+02 | 39  0.00434  6.18274e+01
 40  0.00292 -8.71242e+01 | 41  0.00292  1.29223e+02 | 42  0.00436  1.16190e+01
 43  0.00202 -4.94770e+01 | 44  0.00774  6.22851e+02 | 45  0.00202  1.42071e+02
 46 -0.00415 -5.76386e+02 | 47  0.10068 -1.14571e+04 | 48 -0.05934 -3.69827e+02
 49 -0.05135 -9.69448e+02 | 50 -0.04342 -9.38383e+02 | 51 -0.03447 -5.44691e+02
 52 -0.03372  1.75769e+02 | 53 -0.03972  2.75772e+02 | 54 -0.02903  2.64174e+02
 55 -0.00437  1.14554e+01 | 56 -0.00516  2.05735e+02 | 57 -0.00528  1.69607e+02
 58  0.01351 -5.54014e+02 | 59  0.02135 -1.17977e+02 | 60  0.01943  3.71589e+02
 61  0.01206  5.18111e+02 | 62  0.00990  3.69960e+02 | 63  0.01343  3.82126e+02
 64  0.00977  2.52943e+02 | 65  0.01230  3.15182e+02 | 66  0.01146  1.35237e+02
 67  0.01355  1.81789e-01 | 68  0.01842 -1.31298e+01 | 69  0.01797  4.79946e+01
 70  0.02183  5.41427e+01 | 71  0.02267  1.13823e+02 | 72  0.01855 -2.68356e+02
 73  0.01821 -5.02250e+01 | 74  0.02351  8.56147e+01 | 75  0.02848  5.99752e+02
 76  0.01910  1.64797e+03 | 77 -0.58238 -3.34979e+03 | 78 -0.50720  1.89477e+03
2 0 21961.2
2 0 21961.2
2 0 21961.1
2 0 21961.9
2 0 21961.1
2 0 21961.1
2 0 21961.1
2 0 21960.9
2 0 21960.7
2 0 21960.5
2 0 21960.3
2 0 21960.1
2 0 21958.7
2 0 21960.6
2 0 21958.2
78 variables; iteration 70; function evaluation 91; phase 2
Function value   2.1958221e+04; maximum gradient component mag  -1.0538e+04
Var   Value    Gradient   |Var   Value    Gradient   |Var   Value    Gradient
  1 -0.80240  5.08948e+01 |  2 -0.55115  4.96699e+01 |  3  0.23123 -5.64843e+01
  4  0.19636  4.73077e+01 |  5  0.13804 -4.36468e-02 |  6  0.09973  1.00798e+01
  7  0.07712  3.13173e+01 |  8  0.06031  5.34166e+01 |  9  0.03915  4.46795e+01
 10  0.01212 -4.54900e+00 | 11 -0.00941  3.99191e+01 | 12 -0.04046 -1.14466e+02
 13 -0.03582  1.93141e+01 | 14 -0.03563  2.65194e+01 | 15 -0.04206 -9.17819e-01
 16 -0.04702 -5.79362e+00 | 17 -0.04918 -3.81180e+00 | 18  0.07032 -1.19622e+03
 19 -0.00933  6.80671e+01 | 20 -0.00878  5.26505e+02 | 21 -0.00934  3.12893e+02
 22 -0.00884 -2.01349e+02 | 23 -0.00721 -3.36166e+02 | 24 -0.00340 -2.89502e+02
 25 -0.00051  2.58167e+02 | 26  0.00020 -8.31307e+01 | 27 -0.01460 -9.86743e+01
 28 -0.00142 -4.52179e+01 | 29  0.00863  3.08852e+02 | 30 -0.00161  6.28049e+01
 31 -0.00273 -4.37401e+02 | 32  0.00381 -6.71103e+01 | 33  0.00467 -1.20164e+02
 34  0.00720  6.17403e+01 | 35  0.00506 -3.33463e+01 | 36  0.00728  2.21175e+02
 37  0.00545 -2.83911e+01 | 38  0.00424  1.56507e+02 | 39  0.00426  4.15419e+01
 40  0.00295 -9.01830e+01 | 41  0.00304  1.72284e+02 | 42  0.00446 -5.27188e+00
 43  0.00193 -8.09807e+01 | 44  0.00761  5.83523e+02 | 45  0.00197  1.37529e+02
 46 -0.00433 -5.34629e+02 | 47  0.10086 -1.05384e+04 | 48 -0.05942 -3.37761e+02
 49 -0.05147 -9.31003e+02 | 50 -0.04342 -8.62474e+02 | 51 -0.03448 -4.85791e+02
 52 -0.03391  1.51943e+02 | 53 -0.03985  2.69872e+02 | 54 -0.02915  2.62386e+02
 55 -0.00454  2.02547e+00 | 56 -0.00537  1.66670e+02 | 57 -0.00541  1.55491e+02
 58  0.01366 -4.65154e+02 | 59  0.02117 -1.36004e+02 | 60  0.01914  3.25616e+02
 61  0.01194  4.90129e+02 | 62  0.00977  3.52077e+02 | 63  0.01332  3.63313e+02
 64  0.00953  2.04721e+02 | 65  0.01228  3.47103e+02 | 66  0.01136  1.36023e+02
 67  0.01335 -2.17146e+01 | 68  0.01823 -3.64007e+01 | 69  0.01774 -1.99591e+01
 70  0.02188  1.04131e+02 | 71  0.02258  1.31438e+02 | 72  0.01837 -2.64128e+02
 73  0.01811 -5.15972e+01 | 74  0.02392  7.34751e+01 | 75  0.03112  5.67487e+02
 76  0.01915  1.48862e+03 | 77 -0.58131 -2.79669e+03 | 78 -0.50676  1.62609e+03
2 0 21957.4
2 0 21956.1
2 0 21953.6
2 0 21950
2 0 21947
2 0 21946.7
2 0 21945.4
2 0 21944.4
2 0 21942.9
2 0 21941.1
2 0 21937.9
78 variables; iteration 80; function evaluation 102; phase 2
Function value   2.1937876e+04; maximum gradient component mag  -5.1373e+03
Var   Value    Gradient   |Var   Value    Gradient   |Var   Value    Gradient
  1 -0.80908  1.55776e+01 |  2 -0.57091  7.86374e+00 |  3  0.23041 -2.63610e+01
  4  0.19539  1.36312e+01 |  5  0.13656 -4.44045e+00 |  6  0.09284  8.91252e-01
  7  0.06219  7.44057e+00 |  8  0.03885  1.37477e+01 |  9  0.01784  7.24672e+00
 10 -0.00117 -1.73950e+01 | 11 -0.01220  3.61621e+00 | 12 -0.02218 -5.79048e+01
 13 -0.01304 -6.86066e+00 | 14  0.00029  5.53922e+01 | 15 -0.00008  7.03260e+01
 16 -0.01864 -3.68335e+01 | 17 -0.02426 -1.31931e+01 | 18  0.07983 -8.35482e+02
 19 -0.01102  9.43551e+01 | 20 -0.00888  2.89718e+02 | 21 -0.00937  1.78951e+02
 22 -0.00892 -1.19139e+02 | 23 -0.00724 -1.82405e+02 | 24 -0.00364 -1.62859e+02
 25 -0.00105  1.55100e+02 | 26  0.00064 -1.58956e+01 | 27 -0.01405 -9.91453e+01
 28 -0.00143 -2.60537e+01 | 29  0.00857  2.00546e+02 | 30 -0.00101 -9.12347e+00
 31 -0.00214 -2.29636e+02 | 32  0.00367 -5.90525e+01 | 33  0.00445 -8.81390e+01
 34  0.00722  5.15440e+01 | 35  0.00530 -2.58272e+01 | 36  0.00697  9.30352e+01
 37  0.00552 -1.53401e+01 | 38  0.00438  9.78093e+01 | 39  0.00440  5.90508e+00
 40  0.00333 -6.33725e+01 | 41  0.00301  1.15963e+02 | 42  0.00446 -2.97405e+01
 43  0.00198 -5.72807e+01 | 44  0.00735  3.35510e+02 | 45  0.00193  7.46400e+01
 46 -0.00410 -2.68282e+02 | 47  0.10112 -5.13729e+03 | 48 -0.05907 -2.00774e+02
 49 -0.05065 -4.83780e+02 | 50 -0.04283 -4.94982e+02 | 51 -0.03403 -2.54833e+02
 52 -0.03393  8.68536e+01 | 53 -0.04019  1.06140e+02 | 54 -0.02944  1.30554e+02
 55 -0.00441 -2.99418e+01 | 56 -0.00522  5.97026e+01 | 57 -0.00564  9.35907e+01
 58  0.01381 -2.84285e+02 | 59  0.02154 -6.64632e+01 | 60  0.01910  2.19066e+02
 61  0.01168  2.52746e+02 | 62  0.00964  2.12859e+02 | 63  0.01340  2.48918e+02
 64  0.00940  1.07131e+02 | 65  0.01199  1.89191e+02 | 66  0.01149  1.25406e+02
 67  0.01335 -1.68366e+01 | 68  0.01838 -2.55831e+01 | 69  0.01802  3.44827e+01
 70  0.02179  6.47075e+01 | 71  0.02263  7.22205e+01 | 72  0.01857 -8.61980e+01
 73  0.01789 -5.41351e+01 | 74  0.02532 -4.13840e+00 | 75  0.02758  2.70489e+02
 76  0.02086  5.99739e+02 | 77 -0.57517  5.84629e+02 | 78 -0.50406 -1.12126e+02
2 0 21932.9
2 0 21930.3
2 0 21929.7
2 0 21928.7
2 0 21930
2 0 21928.2
2 0 21927.5
2 0 21926.5
2 0 21925.4
2 0 21924.7
2 0 21923.8
78 variables; iteration 90; function evaluation 113; phase 2
Function value   2.1923787e+04; maximum gradient component mag  -8.2449e+02
Var   Value    Gradient   |Var   Value    Gradient   |Var   Value    Gradient
  1 -0.68409  2.15251e+01 |  2 -0.41433 -1.50507e-02 |  3  0.24815 -2.72272e+01
  4  0.20382 -1.25460e+00 |  5  0.14497  1.89562e-01 |  6  0.09987  4.03751e-01
  7  0.06730  6.30571e-01 |  8  0.04343  8.74316e-01 |  9  0.02530  5.93262e-01
 10  0.01122  2.73731e-02 | 11  0.00025  8.83841e-01 | 12 -0.00853 -3.22232e+00
 13 -0.01432  1.05861e-01 | 14 -0.01836  4.63081e+00 | 15 -0.02217  4.77720e+00
 16 -0.02593 -2.67690e+00 | 17 -0.02752 -8.84436e-01 | 18  0.08956 -8.77719e+01
 19 -0.01389  1.64618e+01 | 20 -0.01028  2.87982e+01 | 21 -0.01064  2.13381e+01
 22 -0.00978  2.72468e+00 | 23 -0.00789 -5.65294e+00 | 24 -0.00397 -6.71005e+00
 25 -0.00151  6.31898e+00 | 26  0.00035 -2.39129e+00 | 27 -0.01417 -1.10277e+01
 28 -0.00121 -4.84063e+00 | 29  0.00862  1.60196e+01 | 30 -0.00106  2.61881e+00
 31 -0.00185 -1.46513e+01 | 32  0.00400 -6.27846e+00 | 33  0.00511 -1.33464e+01
 34  0.00790 -5.87915e+00 | 35  0.00605 -9.86536e+00 | 36  0.00776 -7.23942e-01
 37  0.00623 -6.26003e+00 | 38  0.00483  4.92454e-01 | 39  0.00512 -5.66480e+00
 40  0.00385 -3.22101e+00 | 41  0.00303  7.65532e+00 | 42  0.00466 -4.28548e+00
 43  0.00238 -8.49142e+00 | 44  0.00716  2.43011e+01 | 45  0.00207  8.52181e+00
 46 -0.00285 -1.50332e+01 | 47  0.11631 -8.24491e+02 | 48 -0.05710 -1.31329e+01
 49 -0.04864 -2.68827e+01 | 50 -0.04093 -1.58848e+01 | 51 -0.03289 -9.68845e+00
 52 -0.03346 -3.02262e-01 | 53 -0.03994  1.21526e+00 | 54 -0.02898  4.92416e+00
 55 -0.00363 -5.30731e+00 | 56 -0.00533  8.88504e+00 | 57 -0.00624  6.51571e+00
 58  0.01426 -8.62857e+00 | 59  0.02159  1.48790e+00 | 60  0.01837  7.39478e+00
 61  0.01089  4.09570e+00 | 62  0.00875  4.64339e+00 | 63  0.01241  2.91619e+00
 64  0.00868 -2.55086e+00 | 65  0.01127  4.64269e-01 | 66  0.01079  1.82216e+00
 67  0.01306  1.78183e+00 | 68  0.01829 -3.77952e+00 | 69  0.01762 -3.23910e-01
 70  0.02133 -3.28502e+00 | 71  0.02229 -4.78597e+00 | 72  0.01805 -6.51420e+00
 73  0.01752  9.21479e+00 | 74  0.02584  2.16781e+01 | 75  0.02596  4.12149e+01
 76  0.09549  8.06488e+01 | 77 -0.54960  9.65937e+01 | 78 -0.46988 -6.05955e+01
2 0 21925.6
2 0 21923.3
2 0 21922.7
2 0 21921.8
2 0 21921.6
2 0 21921.2
2 0 21920.8
2 0 21920.7
2 0 21920.4
2 0 21920.1
2 0 21919.9
2 0 21919.6
2 0 21919.3
78 variables; iteration 100; function evaluation 126; phase 2
Function value   2.1919324e+04; maximum gradient component mag  -1.1332e+03
Var   Value    Gradient   |Var   Value    Gradient   |Var   Value    Gradient
  1 -0.58490  1.27628e+01 |  2 -0.35498  5.42094e+00 |  3  0.27166 -1.05102e+02
  4  0.21409 -3.85029e+01 |  5  0.15217 -6.84065e+00 |  6  0.10581 -2.25084e+00
  7  0.07229 -1.12098e+00 |  8  0.04767 -5.41108e-01 |  9  0.02898 -3.17023e-01
 10  0.01443 -6.71540e-01 | 11  0.00305  1.28209e-01 | 12 -0.00603 -1.97849e+00
 13 -0.01262 -6.01912e-01 | 14 -0.01738  1.78228e+00 | 15 -0.02119  2.15365e+00
 16 -0.02429 -1.45411e+00 | 17 -0.02568 -5.21039e-01 | 18  0.09616 -9.75550e+01
 19 -0.01812  6.30513e+01 | 20 -0.01147 -6.15869e+01 | 21 -0.01177 -3.23190e+01
 22 -0.01082 -2.45753e+01 | 23 -0.00863 -1.60260e+01 | 24 -0.00421 -1.33787e+01
 25 -0.00151 -9.03051e+00 | 26 -0.00012 -8.21799e+00 | 27 -0.01468 -1.02478e+01
 28 -0.00099 -1.28221e+01 | 29  0.00891  2.06938e+00 | 30 -0.00160  6.73312e+00
 31 -0.00201 -6.90859e+00 | 32  0.00454  6.38825e+00 | 33  0.00603  8.84444e+00
 34  0.00905  1.44284e+01 | 35  0.00710  1.42375e+01 | 36  0.00904  1.31950e+01
 37  0.00733  1.25786e+01 | 38  0.00560  8.42442e+00 | 39  0.00578  5.88978e+00
 40  0.00422  9.68403e+00 | 41  0.00339  8.24923e+00 | 42  0.00492  9.61593e+00
 43  0.00285  2.98539e+00 | 44  0.00753  1.65397e+01 | 45  0.00205  6.09347e+00
 46 -0.00240 -6.77193e+00 | 47  0.13584 -1.13320e+03 | 48 -0.05506 -7.81173e+01
 49 -0.04673 -5.98650e+01 | 50 -0.03938 -3.99923e+01 | 51 -0.03193 -2.80082e+01
 52 -0.03288 -5.65654e+00 | 53 -0.03931  1.39342e+01 | 54 -0.02784  1.20129e+01
 55 -0.00279 -1.35753e+01 | 56 -0.00566  1.14784e+01 | 57 -0.00633  1.66057e+01
 58  0.01463 -1.65813e+01 | 59  0.02131 -7.01676e+00 | 60  0.01761  6.36434e+00
 61  0.00994  1.47445e+01 | 62  0.00775  1.04173e+01 | 63  0.01131  4.99056e+00
 64  0.00768  5.21733e+00 | 65  0.01056  2.68635e+00 | 66  0.01016  6.64857e+00
 67  0.01258  5.12410e+00 | 68  0.01793 -3.03782e+00 | 69  0.01720  1.34615e+00
 70  0.02085 -4.02983e+00 | 71  0.02177  3.91523e+00 | 72  0.01763  1.08200e+01
 73  0.01746  2.78408e+01 | 74  0.02567  5.29404e+01 | 75  0.02572  5.56867e+01
 76  0.15666  4.37490e+02 | 77 -0.52529  1.32504e+01 | 78 -0.44327  7.53100e+01
2 0 21919.2
2 0 21919.1
2 0 21919.1
2 0 21919
2 0 21919
2 0 21918.9
2 0 21918.9
2 0 21918.9
2 0 21918.9
2 0 21918.9
78 variables; iteration 110; function evaluation 136; phase 2
Function value   2.1918929e+04; maximum gradient component mag  -7.5158e+00
Var   Value    Gradient   |Var   Value    Gradient   |Var   Value    Gradient
  1 -0.56363  2.38657e-01 |  2 -0.34761 -3.76817e-01 |  3  0.28031 -6.61564e-01
  4  0.21890 -5.78112e-01 |  5  0.15516 -1.31544e-01 |  6  0.10801 -5.69940e-02
  7  0.07403 -3.27514e-02 |  8  0.04909 -2.47593e-02 |  9  0.03021 -1.32623e-02
 10  0.01554  1.61635e-02 | 11  0.00398 -1.97500e-02 | 12 -0.00516  1.11293e-01
 13 -0.01234 -7.10169e-03 | 14 -0.01783 -1.26829e-01 | 15 -0.02177 -1.40169e-01
 16 -0.02431  8.16412e-02 | 17 -0.02556  2.53267e-02 | 18  0.09885  6.88888e+00
 19 -0.01877  7.13615e-02 | 20 -0.01173 -2.42812e+00 | 21 -0.01209 -1.41557e+00
 22 -0.01112 -2.76591e-01 | 23 -0.00884  3.64906e-01 | 24 -0.00424  8.82500e-01
 25 -0.00143  6.07379e-02 | 26 -0.00012 -1.30012e+00 | 27 -0.01471 -1.09013e+00
 28 -0.00086  3.92395e-01 | 29  0.00904 -2.62915e-01 | 30 -0.00175 -7.66642e-01
 31 -0.00209  8.38593e-01 | 32  0.00464  1.62548e+00 | 33  0.00623  1.47957e+00
 34  0.00931  3.97176e-01 | 35  0.00732 -1.21921e-01 | 36  0.00933  1.25749e-01
 37  0.00758 -2.74532e-02 | 38  0.00576 -2.47199e-01 | 39  0.00591 -1.53786e-01
 40  0.00426  1.01849e-02 | 41  0.00341  2.82179e-01 | 42  0.00491  7.85939e-01
 43  0.00290  7.99114e-01 | 44  0.00755 -3.33831e-01 | 45  0.00196 -9.04921e-01
 46 -0.00234  8.04700e-01 | 47  0.14268 -7.35882e+00 | 48 -0.05430  1.87301e+00
 49 -0.04604  3.07860e+00 | 50 -0.03884  2.72192e+00 | 51 -0.03162  1.19927e+00
 52 -0.03274 -4.91846e-01 | 53 -0.03918 -7.20236e-01 | 54 -0.02755 -1.78129e-01
 55 -0.00257  5.37524e-02 | 56 -0.00579 -2.64494e-01 | 57 -0.00635 -1.82713e-01
 58  0.01478 -1.89371e-01 | 59  0.02124 -1.64078e+00 | 60  0.01735 -2.92042e+00
 61  0.00960 -3.11089e+00 | 62  0.00741 -2.69260e+00 | 63  0.01094 -2.50443e+00
 64  0.00734 -1.41954e+00 | 65  0.01031 -1.05477e+00 | 66  0.00995 -4.72072e-01
 67  0.01243  2.70827e-01 | 68  0.01783  4.23994e-01 | 69  0.01708  2.82485e-01
 70  0.02072  2.39904e-01 | 71  0.02161  7.37261e-01 | 72  0.01750  1.92140e+00
 73  0.01744  2.71574e+00 | 74  0.02566  1.52597e+00 | 75  0.02566  3.10592e-01
 76  0.17300  3.71712e+00 | 77 -0.51847 -7.51579e+00 | 78 -0.43738  1.75009e+00
2 0 21918.9
2 0 21918.9
2 0 21918.9
2 0 21918.9
2 0 21918.9
2 0 21918.9
2 0 21918.9
2 0 21918.9
2 0 21918.9
2 0 21918.9
78 variables; iteration 120; function evaluation 146; phase 2
Function value   2.1918928e+04; maximum gradient component mag   2.6378e-03
Var   Value    Gradient   |Var   Value    Gradient   |Var   Value    Gradient
  1 -0.56312 -1.97533e-04 |  2 -0.34724 -1.21655e-04 |  3  0.28049 -1.85894e-03
  4  0.21900 -7.21236e-04 |  5  0.15522 -2.16964e-04 |  6  0.10806 -9.20705e-05
  7  0.07408 -4.81057e-05 |  8  0.04913 -3.67214e-05 |  9  0.03024 -2.74355e-05
 10  0.01557 -1.43769e-05 | 11  0.00401 -2.69980e-05 | 12 -0.00513  3.18118e-05
 13 -0.01227  1.82826e-05 | 14 -0.01773 -4.02650e-05 | 15 -0.02167 -4.98672e-05
 16 -0.02424  1.21318e-05 | 17 -0.02551 -1.72933e-07 | 18  0.09883 -1.16771e-03
 19 -0.01880  2.61266e-03 | 20 -0.01172 -1.37428e-03 | 21 -0.01209 -6.69572e-04
 22 -0.01112 -1.63406e-04 | 23 -0.00884 -8.89626e-05 | 24 -0.00424 -1.48702e-04
 25 -0.00143 -3.79834e-04 | 26 -0.00012 -8.85212e-05 | 27 -0.01471  2.01492e-05
 28 -0.00086 -1.24902e-04 | 29  0.00905  1.50465e-04 | 30 -0.00175  5.20225e-04
 31 -0.00209  3.07695e-04 | 32  0.00463 -1.34187e-04 | 33  0.00622 -4.06503e-04
 34  0.00930 -4.26340e-04 | 35  0.00731 -1.71993e-04 | 36  0.00933 -5.13565e-04
 37  0.00758 -7.23165e-04 | 38  0.00576 -8.22426e-04 | 39  0.00591 -4.24848e-04
 40  0.00426  3.37575e-04 | 41  0.00341  9.64268e-04 | 42  0.00490  1.37264e-03
 43  0.00290  5.32489e-04 | 44  0.00755 -6.43540e-04 | 45  0.00197 -2.03769e-04
 46 -0.00232  5.72687e-04 | 47  0.14284  7.81872e-04 | 48 -0.05429 -1.70284e-03
 49 -0.04604 -1.27315e-03 | 50 -0.03883 -1.07929e-03 | 51 -0.03161 -1.01658e-03
 52 -0.03273 -8.41486e-04 | 53 -0.03917 -5.05674e-04 | 54 -0.02754 -3.35447e-04
 55 -0.00257  2.97075e-04 | 56 -0.00579  3.55555e-04 | 57 -0.00635  1.62454e-04
 58  0.01479  4.69404e-04 | 59  0.02125  4.25577e-04 | 60  0.01735  3.55455e-04
 61  0.00960  2.88139e-04 | 62  0.00741  4.72497e-05 | 63  0.01093 -3.15668e-04
 64  0.00733 -2.69788e-04 | 65  0.01030  1.35727e-04 | 66  0.00994  8.53651e-04
 67  0.01243  1.25760e-03 | 68  0.01783  1.14084e-03 | 69  0.01708  3.81340e-04
 70  0.02072 -1.95937e-04 | 71  0.02161  1.21666e-04 | 72  0.01749  6.66603e-04
 73  0.01743  5.11173e-04 | 74  0.02564  3.13447e-05 | 75  0.02564 -3.57525e-05
 76  0.17335  8.59822e-04 | 77 -0.51833  2.63779e-03 | 78 -0.43725 -6.53515e-04
2 0 21918.9
2 0 21918.9
2 0 21918.9

 - final statistics:
78 variables; iteration 123; function evaluation 149
Function value   2.1919e+04; maximum gradient component mag   6.1355e-04
Exit code = 1;  converg criter   1.0000e-03
Var   Value    Gradient   |Var   Value    Gradient   |Var   Value    Gradient
  1 -0.56312 -3.68071e-05 |  2 -0.34724  3.77587e-05 |  3  0.28049 -4.43666e-05
  4  0.21900 -1.29755e-05 |  5  0.15522 -7.33514e-06 |  6  0.10806 -1.07314e-06
  7  0.07408  1.31339e-06 |  8  0.04913  2.86175e-06 |  9  0.03024  1.36257e-06
 10  0.01557 -4.36297e-06 | 11  0.00401 -5.22498e-07 | 12 -0.00513 -1.15747e-05
 13 -0.01227 -3.99486e-07 | 14 -0.01773  1.18046e-05 | 15 -0.02167  1.46151e-05
 16 -0.02424 -6.41326e-06 | 17 -0.02551 -2.45947e-06 | 18  0.09883  2.86184e-04
 19 -0.01880  3.85848e-05 | 20 -0.01172  2.35133e-04 | 21 -0.01209  5.47979e-05
 22 -0.01112 -2.48113e-05 | 23 -0.00884  2.61424e-05 | 24 -0.00424  9.30297e-05
 25 -0.00143  1.18346e-04 | 26 -0.00012 -8.55066e-05 | 27 -0.01471 -6.84984e-05
 28 -0.00086 -5.85211e-05 | 29  0.00905 -1.38713e-04 | 30 -0.00175 -1.26531e-04
 31 -0.00209 -1.89383e-05 | 32  0.00463  1.74588e-04 | 33  0.00622  2.58573e-04
 34  0.00930  2.02226e-04 | 35  0.00731 -2.24774e-05 | 36  0.00933 -7.85427e-05
 37  0.00758 -8.67401e-05 | 38  0.00576 -8.50415e-06 | 39  0.00591  1.38762e-05
 40  0.00426 -5.26642e-05 | 41  0.00341 -1.49770e-04 | 42  0.00490 -2.81719e-04
 43  0.00290 -8.86568e-05 | 44  0.00755  1.87071e-04 | 45  0.00197 -5.13119e-06
 46 -0.00232 -5.59447e-05 | 47  0.14284  6.13550e-04 | 48 -0.05429 -1.33551e-04
 49 -0.04604 -1.25454e-04 | 50 -0.03883 -5.10938e-05 | 51 -0.03161  2.14188e-05
 52 -0.03273  5.55941e-05 | 53 -0.03917  3.35107e-05 | 54 -0.02754  7.36751e-05
 55 -0.00257 -4.41171e-05 | 56 -0.00579 -6.06233e-05 | 57 -0.00635  5.38178e-05
 58  0.01479  5.61903e-05 | 59  0.02125  9.79227e-05 | 60  0.01735  8.17294e-05
 61  0.00960  3.72201e-05 | 62  0.00741  3.89260e-05 | 63  0.01093  7.80659e-05
 64  0.00733  2.43884e-05 | 65  0.01030 -3.42473e-05 | 66  0.00994 -1.58909e-04
 67  0.01243 -2.10497e-04 | 68  0.01783 -1.39080e-04 | 69  0.01708  6.55707e-05
 70  0.02072  2.26678e-04 | 71  0.02161  1.20982e-04 | 72  0.01749 -4.65472e-05
 73  0.01743  1.41285e-05 | 74  0.02564  5.59916e-06 | 75  0.02564 -2.39717e-05
 76  0.17335 -6.29117e-05 | 77 -0.51833 -4.77991e-04 | 78 -0.43725  1.04245e-04
2 0 21918.9
B08773.71
0.3 0.821106
0.703805 0.679585
1.36656 0.549682
2.1462 0.463547
2.84248 0.414068
3.3628 0.386566
3.71413 0.371142
3.93848 0.362342
4.07736 0.357249
4.16181 0.354275
4.21264 0.352526
4.24305 0.351495
4.26118 0.350886
4.27196 0.350525
4.27837 0.350311
4.28217 0.350184
4.28443 0.350109
4.28577 0.350065
4.28656 0.350038
4.28703 0.350023
4.28731 0.350023
Survey Bio24.9013
Survey len10727.1
CPUE22.7637
Catch2.71519
Catch len11114.3
initsmo_penal19.5167
F_pen2.54268
Rec_pen5.09289
M_pen0


Starting time: Mon Jun 18 08:10:50 2018
Finishing time: Mon Jun 18 08:11:03 2018
This run took: 0 hours, 0 minutes, 13 seconds.

