survYears 69 70 71 72 73 74 75 76 77 78 79 80 81 82 83 84 85 86 87 88 89 90 91 92 93 94 95 96
SurvLenYear 69 70 71 72 73 74 75 76 77 78 79 80 81 82 83 84 85 86 87 88 89 90 91 92 93 94 95 96
catchBiomass 5634.03 6130.21 6425.42 9513.31 14811.5 16987.3 21563.5 27652.8 27664.9 33690.2 48580.8 59980.9 75732.7 99333.5 108743 94833.5 90711.1 93752.5 82893.8 78583 85237.7 88502.1 92769.1 93792.5 108974 116186 116072 100445
steep0.999
25
Out
1 0 49938

Initial statistics: 74 variables; iteration 0; function evaluation 0; phase 1
Function value   4.9937967e+04; maximum gradient component mag  -6.9875e+05
Var   Value    Gradient   |Var   Value    Gradient   |Var   Value    Gradient
  1  0.21248 -8.76953e+02 |  2  0.21921  9.93279e+02 |  3  0.19797  1.37440e+03
  4  0.17681  1.09990e+03 |  5  0.18369  1.72613e+03 |  6  0.15912  1.01595e+03
  7  0.14705  8.67374e+02 |  8  0.13786  7.82095e+02 |  9  0.12210  5.09537e+02
 10  0.12215  7.04831e+02 | 11  0.08470  1.44117e+02 | 12  0.08125  2.99163e+02
 13  0.06013  6.12049e+01 | 14  0.06609  5.18247e+01 | 15  0.10967  6.22544e+02
 16  0.01596  2.66112e+04 | 17  0.00000 -1.68236e+04 | 18  0.00000 -3.77777e+03
 19  0.00000 -1.00629e+03 | 20  0.00000  7.92212e+02 | 21  0.00000 -1.39840e+03
 22  0.00000  1.17177e+03 | 23  0.00000  1.89834e+03 | 24  0.00000 -4.03964e+02
 25  0.00000  4.44622e+03 | 26  0.00000  8.10435e+03 | 27  0.00000  7.02938e+03
 28  0.00000  8.30396e+03 | 29  0.00000  8.09171e+03 | 30  0.00000  4.19632e+03
 31  0.00000  4.56222e+02 | 32  0.00000  2.10779e+03 | 33  0.00000  2.19725e+03
 34  0.00000  2.08577e+02 | 35  0.00000  2.03847e+03 | 36  0.00000  4.10119e+03
 37  0.00000  3.41172e+03 | 38  0.00000  3.88005e+03 | 39  0.00000  4.40055e+03
 40  0.00000  6.27490e+03 | 41  0.00000  3.16883e+03 | 42  0.00000 -2.56729e+03
 43  0.00000 -1.43143e+04 | 44  0.00000 -3.59882e+04 | 45  0.07543 -6.98752e+05
 46  0.00000  4.99622e+04 | 47  0.00000  3.72523e+04 | 48  0.00000  3.10948e+04
 49  0.00000  2.59177e+04 | 50  0.00000  1.95213e+04 | 51  0.00000  1.53026e+04
 52  0.00000  1.16475e+04 | 53  0.00000  5.23212e+03 | 54  0.00000 -4.08919e+03
 55  0.00000 -9.09188e+03 | 56  0.00000 -1.46187e+04 | 57  0.00000 -2.00054e+04
 58  0.00000 -1.93409e+04 | 59  0.00000 -1.57610e+04 | 60  0.00000 -1.52755e+04
 61  0.00000 -1.48813e+04 | 62  0.00000 -1.36197e+04 | 63  0.00000 -1.44061e+04
 64  0.00000 -1.42365e+04 | 65  0.00000 -1.67207e+04 | 66  0.00000 -1.81202e+04
 67  0.00000 -1.92862e+04 | 68  0.00000 -2.15593e+04 | 69  0.00000 -1.98598e+04
 70  0.00000 -1.16936e+04 | 71  0.00000  6.03901e+03 | 72  0.00000  2.70876e+04
 73  0.00000  3.35088e+04 | 74 -0.05437  9.62606e+04 |
1 0 49937.9
1 0 49937.7
1 0 49935.7
1 0 49915.8
1 0 49716.4
1 0 47777.8
1 0 44185.6
1 0 39128.9
1 0 42720.8
1 0 36939.5
1 0 35747.7
1 0 35366.3
1 0 34922.2
1 0 34373.7
1 0 33994.7
1 0 33653.8

Intermediate statistics: 74 variables; iteration 10; function evaluation 16; phase 1
Function value   3.3654019e+04; maximum gradient component mag  -3.9886e+04
Var   Value    Gradient   |Var   Value    Gradient   |Var   Value    Gradient
  1  0.31168  3.20318e+03 |  2  0.26511  1.96475e+03 |  3  0.20515  7.67976e+02
  4  0.17937  6.08767e+02 |  5  0.17884  8.37103e+02 |  6  0.16004  5.38969e+02
  7  0.14726  4.37682e+02 |  8  0.13708  3.81458e+02 |  9  0.12409  2.68260e+02
 10  0.11747  3.26186e+02 | 11  0.08918  7.77811e+01 | 12  0.07912  1.27330e+02
 13  0.06401  5.52794e+00 | 14  0.07125  1.15353e+01 | 15  0.10389  3.08789e+02
 16  0.32084  2.05996e+04 | 17 -0.11375 -5.73474e+03 | 18 -0.09768 -5.91138e+03
 19 -0.04636  3.65027e+03 | 20 -0.03325  4.87121e+02 | 21 -0.03338 -2.52462e+03
 22 -0.01715  3.66334e+03 | 23 -0.02906  3.42381e+03 | 24 -0.03686 -3.63380e+03
 25  0.17228 -1.20030e+03 | 26  0.00116  8.55018e+03 | 27 -0.00203  6.29075e+03
 28  0.27083 -4.47226e+02 | 29  0.02495  1.39828e+04 | 30 -0.04282 -6.79774e+03
 31 -0.05184  7.74330e+03 | 32 -0.01242 -1.61819e+03 | 33 -0.01967 -1.71085e+03
 34 -0.01504  1.99584e+03 | 35 -0.00995  9.13401e+03 | 36  0.11292 -2.11633e+03
 37  0.00008  3.27597e+03 | 38 -0.02848 -8.67618e+03 | 39  0.12494 -2.60272e+03
 40  0.14471 -2.24143e+03 | 41 -0.03313 -1.17778e+04 | 42 -0.04667  6.78128e+02
 43 -0.07710 -5.01999e+03 | 44 -0.09845 -3.36141e+03 | 45  0.14160 -3.98860e+04
 46 -0.22193 -4.79048e+03 | 47 -0.08736 -7.85190e+03 | 48 -0.02630 -1.43965e+04
 49 -0.05034 -6.51452e+03 | 50 -0.01146 -1.44007e+03 | 51  0.00155 -1.05289e+03
 52 -0.00463  6.45380e+02 | 53 -0.08614 -2.91496e+03 | 54  0.02317  4.39824e+03
 55  0.01359 -2.69295e+03 | 56 -0.00418 -6.70969e+02 | 57  0.03574 -5.37685e+02
 58  0.07052  4.35280e+03 | 59 -0.07704 -7.35033e+03 | 60  0.00438 -4.85908e+03
 61  0.05741  1.33007e+04 | 62  0.01717 -2.41557e+02 | 63  0.04564  2.07809e+03
 64 -0.08705 -4.23241e+03 | 65  0.04707  1.43786e+03 | 66  0.05137  1.30174e+04
 67 -0.01634  4.56199e+02 | 68  0.02856 -1.27188e+03 | 69  0.06373 -2.31549e+03
 70  0.06958  1.03275e+04 | 71  0.07624  7.81954e+03 | 72  0.07313  3.60971e+03
 73 -0.01138  1.42852e+03 | 74  0.14865  1.17636e+04 |
1 0 33498
1 0 33314.3
1 0 33098.4
1 0 32929.7
1 0 32882.8
1 0 32822.7
1 0 32761.5
1 0 32788.8
1 0 32736.5
1 0 32741.7
1 0 32725.2
1 0 32709.6
74 variables; iteration 20; function evaluation 28; phase 1
Function value   3.2709628e+04; maximum gradient component mag  -2.2603e+04
Var   Value    Gradient   |Var   Value    Gradient   |Var   Value    Gradient
  1  0.32966 -5.55599e+01 |  2  0.25374  4.00242e+00 |  3  0.18948  1.40869e+02
  4  0.16031  2.20262e+02 |  5  0.14717  2.28315e+02 |  6  0.14000  2.37736e+02
  7  0.13043  1.95686e+02 |  8  0.12160  1.66768e+02 |  9  0.11406  1.66914e+02
 10  0.10132  1.16184e+02 | 11  0.08852  9.79843e+01 | 12  0.07288  3.07026e+01
 13  0.06707  1.27963e+01 | 14  0.07436  5.06185e+01 | 15  0.08669  1.30498e+02
 16  0.33528  7.15794e+03 | 17 -0.13359 -1.53075e+03 | 18 -0.10425 -2.34672e+03
 19 -0.08618 -2.59422e+03 | 20 -0.06954  1.45999e+03 | 21 -0.04913  3.17288e+03
 22 -0.05256 -5.45280e+02 | 23 -0.05365 -4.53278e+01 | 24 -0.05014 -2.00948e+03
 25  0.23673  1.77444e+03 | 26 -0.00563  6.31460e+03 | 27 -0.01315  5.10377e+03
 28  0.55460  3.04469e+03 | 29 -0.00782  3.24885e+03 | 30 -0.04821 -1.41711e+03
 31 -0.07032 -3.62237e+03 | 32 -0.04415 -9.31884e+02 | 33 -0.02629  3.66016e+03
 34 -0.03244  5.20758e+02 | 35 -0.02700 -4.13002e+03 | 36  0.20427  1.35428e+03
 37 -0.00923  2.89559e+03 | 38 -0.03102 -3.30303e+03 | 39  0.11544 -2.58028e+02
 40  0.10611 -3.70843e+02 | 41 -0.03117 -3.33254e+03 | 42 -0.05562 -2.09258e+03
 43 -0.06802 -5.79910e+03 | 44 -0.07246  5.67877e+02 | 45  0.14122 -2.26030e+04
 46 -0.33699 -1.53388e+03 | 47 -0.01958  3.17280e+03 | 48 -0.04043 -3.47776e+03
 49 -0.01698 -2.16471e+03 | 50 -0.01472 -3.89073e+03 | 51  0.00351 -1.01742e+03
 52 -0.01989 -2.43430e+03 | 53 -0.05623 -9.44751e+02 | 54  0.01738 -3.58783e+03
 55  0.01962 -2.44293e+03 | 56 -0.01277 -1.11140e+03 | 57  0.04347 -3.90357e+03
 58  0.07215  1.22940e+04 | 59 -0.00410 -5.52003e+03 | 60  0.01037 -2.57718e+03
 61  0.05327  7.79641e+03 | 62  0.01170 -3.17596e+03 | 63  0.04920  1.33195e+04
 64 -0.08342 -4.68700e+03 | 65  0.04739 -2.17290e+03 | 66  0.04329  4.39104e+03
 67 -0.03248 -2.59017e+03 | 68  0.03034 -1.00613e+03 | 69  0.06563 -2.64265e+03
 70  0.05194  1.50670e+03 | 71  0.06044  6.72591e+03 | 72  0.04535  1.60465e+03
 73 -0.00173  8.47654e+02 | 74  0.14651  1.00676e+04 |
1 0 32712
1 0 32702.4
1 0 32692.6
1 0 32678.6
1 0 32662.8
1 0 32657.8
1 0 32650.4
1 0 32650.1
1 0 32646.7
1 0 32642.1
1 0 32641.2
1 0 32640
74 variables; iteration 30; function evaluation 40; phase 1
Function value   3.2640265e+04; maximum gradient component mag  -2.4157e+04
Var   Value    Gradient   |Var   Value    Gradient   |Var   Value    Gradient
  1  0.32843 -2.74764e+02 |  2  0.24873  2.12924e+01 |  3  0.17814  1.19559e+02
  4  0.13900  1.30324e+02 |  5  0.12126  1.33329e+02 |  6  0.11385  1.51139e+02
  7  0.10748  1.43077e+02 |  8  0.10109  1.29352e+02 |  9  0.09508  1.32495e+02
 10  0.08485  8.40641e+01 | 11  0.07860  1.02441e+02 | 12  0.06743  3.47396e+01
 13  0.06636  5.31569e+01 | 14  0.06963  8.71064e+01 | 15  0.06889  7.07558e+01
 16  0.33041  7.60461e+03 | 17 -0.19603 -1.65514e+03 | 18 -0.09804  2.92286e+01
 19 -0.08544 -3.90539e+03 | 20 -0.06920  1.22032e+03 | 21 -0.04793  3.69790e+03
 22 -0.05248 -1.17809e+03 | 23 -0.05447 -1.20429e+03 | 24 -0.05032 -1.43897e+03
 25  0.16892  1.10655e+03 | 26 -0.00323  7.15910e+03 | 27 -0.01034  5.68812e+03
 28  0.58479  3.01210e+03 | 29 -0.00930  2.07525e+03 | 30 -0.04720 -1.05696e+03
 31 -0.06819 -2.68241e+03 | 32 -0.04532 -1.22293e+03 | 33 -0.02658  3.47533e+03
 34 -0.03091  2.42288e+02 | 35 -0.02486 -3.87380e+03 | 36  0.22352  1.51909e+03
 37 -0.00401  5.06475e+03 | 38 -0.02867 -3.90171e+03 | 39  0.15894  2.52894e+02
 40  0.10559 -6.06810e+02 | 41 -0.02997 -3.10446e+03 | 42 -0.05356 -1.97278e+03
 43 -0.06026 -5.46838e+03 | 44 -0.05834 -2.38508e+02 | 45  0.14008 -2.41572e+04
 46 -0.35201 -1.30701e+03 | 47 -0.01821  2.99487e+03 | 48 -0.04066 -3.61139e+03
 49 -0.01676 -2.78582e+03 | 50 -0.01549 -4.50747e+03 | 51  0.00613  7.82838e+01
 52 -0.02149 -2.41460e+03 | 53 -0.05349 -5.66049e+02 | 54  0.01753 -3.62204e+03
 55  0.01968 -2.93426e+03 | 56 -0.01132 -1.39514e+03 | 57  0.04534 -3.67743e+03
 58  0.07262  1.29927e+04 | 59 -0.00152 -5.44090e+03 | 60  0.01255 -2.66225e+03
 61  0.05084  5.07194e+03 | 62  0.00971 -3.76980e+03 | 63  0.04935  1.21604e+04
 64 -0.07236 -4.28065e+03 | 65  0.04923  4.82122e+02 | 66  0.04572  5.44324e+03
 67 -0.03206 -2.53466e+03 | 68  0.03149 -6.62555e+02 | 69  0.06704 -1.54878e+03
 70  0.04866  8.25570e+02 | 71  0.05296  5.25601e+03 | 72  0.03450  1.11728e+03
 73  0.00412  9.83454e+02 | 74  0.14497  1.09224e+04 |
1 0 32638.2
1 0 32636.7
1 0 32634.6
1 0 32635
1 0 32633.8
1 0 32632.4
1 0 32631.4
1 0 32630.1
1 0 32630.3
1 0 32629.8
1 0 32629
74 variables; iteration 40; function evaluation 51; phase 1
Function value   3.2629270e+04; maximum gradient component mag  -2.3161e+04
Var   Value    Gradient   |Var   Value    Gradient   |Var   Value    Gradient
  1  0.32990  2.40013e+02 |  2  0.24999  1.93995e+02 |  3  0.17166  9.38386e+01
  4  0.12688  9.25955e+01 |  5  0.10334  7.05638e+01 |  6  0.09513  1.03998e+02
  7  0.08874  9.90079e+01 |  8  0.08326  9.16928e+01 |  9  0.07882  1.01470e+02
 10  0.07081  6.10800e+01 | 11  0.06771  8.63576e+01 | 12  0.06082  4.34981e+01
 13  0.06027  6.29519e+01 | 14  0.06022  7.60754e+01 | 15  0.05698  5.04873e+01
 16  0.32709  7.72442e+03 | 17 -0.20171 -1.70642e+03 | 18 -0.09455  4.35312e+02
 19 -0.08309 -3.61184e+03 | 20 -0.06748  1.79912e+03 | 21 -0.04648  4.07448e+03
 22 -0.05242 -1.56389e+03 | 23 -0.05361 -1.09650e+03 | 24 -0.04963 -1.43397e+03
 25  0.16879  1.09059e+03 | 26 -0.00335  6.41491e+03 | 27 -0.01008  5.71648e+03
 28  0.58936  2.99304e+03 | 29 -0.00853  1.87407e+03 | 30 -0.04597 -7.63309e+02
 31 -0.06804 -3.05031e+03 | 32 -0.04423 -1.27339e+03 | 33 -0.02472  3.91291e+03
 34 -0.03015  1.04412e+02 | 35 -0.02394 -3.76447e+03 | 36  0.21286  1.40004e+03
 37 -0.00398  4.96471e+03 | 38 -0.02878 -4.16315e+03 | 39  0.15561  1.69596e+02
 40  0.11198 -5.36217e+02 | 41 -0.02904 -3.01038e+03 | 42 -0.05292 -1.57275e+03
 43 -0.06289 -5.82861e+03 | 44 -0.06475 -4.19213e+02 | 45  0.14045 -2.31610e+04
 46 -0.35211 -1.34893e+03 | 47 -0.01759  3.94691e+03 | 48 -0.04201 -3.73222e+03
 49 -0.01675 -3.03466e+03 | 50 -0.01639 -4.80483e+03 | 51  0.00525 -3.90171e+02
 52 -0.02215 -2.68736e+03 | 53 -0.05525 -8.42099e+02 | 54  0.01723 -3.75804e+03
 55  0.02059 -2.04410e+03 | 56 -0.01236 -1.25459e+03 | 57  0.04473 -3.90788e+03
 58  0.07233  1.30267e+04 | 59 -0.00446 -5.70216e+03 | 60  0.01129 -2.72488e+03
 61  0.05096  5.39868e+03 | 62  0.01026 -3.61525e+03 | 63  0.04924  1.25869e+04
 64 -0.06884 -4.16338e+03 | 65  0.04913  3.05364e+02 | 66  0.04496  5.40594e+03
 67 -0.03269 -2.60202e+03 | 68  0.03111 -7.23217e+02 | 69  0.06680 -1.37282e+03
 70  0.04923  5.71274e+02 | 71  0.05534  5.02434e+03 | 72  0.03938  1.17364e+03
 73  0.00481  9.08425e+02 | 74  0.14398  1.05252e+04 |
1 0 32628
1 0 32629.1
1 0 32628
1 0 32627.7
1 0 32627.4
1 0 32627
1 0 32626.7
1 0 32626.1
1 0 32625.9
1 0 32625.7
1 0 32625.3
1 0 32625.3
1 0 32625.1
74 variables; iteration 50; function evaluation 64; phase 1
Function value   3.2625334e+04; maximum gradient component mag  -2.2928e+04
Var   Value    Gradient   |Var   Value    Gradient   |Var   Value    Gradient
  1  0.33041  3.42886e+02 |  2  0.25095  2.58939e+02 |  3  0.17746  1.77408e+02
  4  0.13020  1.16742e+02 |  5  0.10310  7.71597e+01 |  6  0.09023  8.86277e+01
  7  0.08121  8.11422e+01 |  8  0.07442  7.33768e+01 |  9  0.06966  8.53267e+01
 10  0.06178  4.73975e+01 | 11  0.05917  7.91252e+01 | 12  0.05158  3.17152e+01
 13  0.05064  4.76068e+01 | 14  0.05147  6.47617e+01 | 15  0.04945  4.64730e+01
 16  0.32722  7.72502e+03 | 17 -0.20465 -1.73388e+03 | 18 -0.09406  6.74586e+02
 19 -0.08322 -3.62421e+03 | 20 -0.06797  1.72631e+03 | 21 -0.04690  3.98199e+03
 22 -0.05244 -1.53365e+03 | 23 -0.05389 -1.25736e+03 | 24 -0.04922 -1.45246e+03
 25  0.17535  1.14441e+03 | 26 -0.00310  6.46146e+03 | 27 -0.01023  5.75949e+03
 28  0.58400  2.99748e+03 | 29 -0.00890  1.94083e+03 | 30 -0.04656 -1.09479e+03
 31 -0.06766 -2.83279e+03 | 32 -0.04381 -1.25331e+03 | 33 -0.02478  3.96536e+03
 34 -0.03110 -7.41795e+01 | 35 -0.02432 -3.92258e+03 | 36  0.21852  1.44503e+03
 37 -0.00384  4.82203e+03 | 38 -0.02809 -3.85969e+03 | 39  0.15484  1.69118e+02
 40  0.10778 -5.88434e+02 | 41 -0.02907 -2.86893e+03 | 42 -0.05334 -1.63690e+03
 43 -0.06329 -6.01706e+03 | 44 -0.06408 -4.77070e+02 | 45  0.14044 -2.29277e+04
 46 -0.35226 -1.35136e+03 | 47 -0.01729  3.98492e+03 | 48 -0.04169 -3.70955e+03
 49 -0.01725 -3.10067e+03 | 50 -0.01583 -4.76812e+03 | 51  0.00483 -3.56915e+02
 52 -0.02103 -2.39759e+03 | 53 -0.05543 -8.53599e+02 | 54  0.01713 -3.73865e+03
 55  0.02092 -2.02984e+03 | 56 -0.01300 -1.34499e+03 | 57  0.04507 -3.80395e+03
 58  0.07205  1.28240e+04 | 59 -0.00441 -5.70865e+03 | 60  0.01119 -2.73604e+03
 61  0.05139  5.54283e+03 | 62  0.00994 -3.68459e+03 | 63  0.04914  1.26208e+04
 64 -0.07084 -4.26144e+03 | 65  0.04905  4.00740e+02 | 66  0.04511  5.42532e+03
 67 -0.03085 -2.45385e+03 | 68  0.03119 -7.41497e+02 | 69  0.06691 -1.36533e+03
 70  0.04930  4.94742e+02 | 71  0.05454  4.81660e+03 | 72  0.03817  1.06467e+03
 73  0.00605  9.12887e+02 | 74  0.14390  1.03943e+04 |
1 0 32624.8
1 0 32624.4
1 0 32624
1 0 32623.3
1 0 32622.1
1 0 32620.3
1 0 32617.7
1 0 32614.8
1 0 32611.4
1 0 32609.3
74 variables; iteration 60; function evaluation 74; phase 1
Function value   3.2609528e+04; maximum gradient component mag  -2.0939e+04
Var   Value    Gradient   |Var   Value    Gradient   |Var   Value    Gradient
  1  0.33052  7.12798e+02 |  2  0.25125  3.92392e+02 |  3  0.18604  3.71772e+02
  4  0.12628  4.79694e+01 |  5  0.10873  9.92008e+01 |  6  0.10754  1.80804e+02
  7  0.10122  1.80004e+02 |  8  0.08671  1.25735e+02 |  9  0.06945  9.41838e+01
 10  0.04850  3.09858e+01 | 11  0.03397  3.25380e+01 | 12  0.02117 -5.45982e+00
 13  0.01871  1.81674e+01 | 14  0.01916  3.40864e+01 | 15  0.01793  2.38199e+01
 16  0.32826  8.23729e+03 | 17 -0.19250 -1.77816e+03 | 18 -0.09369  9.17351e+02
 19 -0.08293 -3.33934e+03 | 20 -0.06857  1.62259e+03 | 21 -0.04805  3.77703e+03
 22 -0.05270 -1.54519e+03 | 23 -0.05321 -1.21970e+03 | 24 -0.04836 -1.08468e+03
 25  0.16077  9.20288e+02 | 26 -0.00506  6.02016e+03 | 27 -0.01073  5.58868e+03
 28  0.59130  2.93743e+03 | 29 -0.00842  2.19341e+03 | 30 -0.04689 -1.50334e+03
 31 -0.06730 -2.60418e+03 | 32 -0.04253 -9.01968e+02 | 33 -0.02463  3.73287e+03
 34 -0.03077 -1.74958e+02 | 35 -0.02393 -3.51193e+03 | 36  0.21501  1.33142e+03
 37 -0.00309  4.86944e+03 | 38 -0.02698 -3.41834e+03 | 39  0.15601  7.97976e+01
 40  0.11129 -6.26949e+02 | 41 -0.02976 -2.86706e+03 | 42 -0.05513 -2.07183e+03
 43 -0.06440 -5.95306e+03 | 44 -0.06560 -3.28216e+02 | 45  0.14057 -2.09388e+04
 46 -0.34960 -1.40496e+03 | 47 -0.01699  4.21359e+03 | 48 -0.04078 -3.58696e+03
 49 -0.01723 -3.04215e+03 | 50 -0.01716 -4.84720e+03 | 51  0.00460 -3.52651e+02
 52 -0.02020 -2.39811e+03 | 53 -0.05618 -1.03163e+03 | 54  0.01816 -3.47157e+03
 55  0.01961 -2.21904e+03 | 56 -0.01212 -1.30843e+03 | 57  0.04518 -3.37653e+03
 58  0.07248  1.39042e+04 | 59 -0.00591 -5.80118e+03 | 60  0.01078 -2.86433e+03
 61  0.05103  5.25705e+03 | 62  0.01172 -3.32587e+03 | 63  0.04913  1.26571e+04
 64 -0.07126 -4.30948e+03 | 65  0.04839  2.03346e+02 | 66  0.04544  5.14567e+03
 67 -0.03313 -2.73139e+03 | 68  0.03137 -5.37301e+02 | 69  0.06754 -9.48932e+02
 70  0.04949  6.72705e+02 | 71  0.05449  4.70838e+03 | 72  0.04207  1.47027e+03
 73  0.00416  8.47556e+02 | 74  0.14334  9.61070e+03 |
1 0 32605.2
1 0 32598.5
1 0 32586.4
1 0 32565.8
1 0 32526.5
1 0 32444
1 0 32393.2
1 0 32134
1 0 31702.8
1 0 30970.6
1 0 30051.1
1 0 28812.8
74 variables; iteration 70; function evaluation 86; phase 1
Function value   2.9091105e+04; maximum gradient component mag  -1.2907e+05
Var   Value    Gradient   |Var   Value    Gradient   |Var   Value    Gradient
  1  0.26245 -2.83025e+01 |  2  0.20544 -5.11366e+01 |  3  0.13343  5.64427e+01
  4  0.08419  9.58967e+01 |  5  0.03720 -3.57808e+02 |  6  0.11122  8.68775e+02
  7 -0.00764 -8.29568e+02 |  8  0.12854  1.02767e+03 |  9  0.05895 -2.50116e+02
 10  0.08781  3.16532e+02 | 11  0.06394 -6.02199e+01 | 12  0.08361  1.05040e+03
 13 -0.17761 -1.31926e+03 | 14 -0.02193  1.35313e+03 | 15 -0.28059 -7.52132e+02
 16  0.22599  1.38228e+04 | 17 -0.15772 -6.25415e+03 | 18 -0.06194 -1.42771e+02
 19 -0.05097 -6.55194e+03 | 20 -0.04354 -7.07592e+03 | 21 -0.04588 -6.57787e+03
 22 -0.03959 -4.07685e+03 | 23 -0.03756 -2.86755e+03 | 24 -0.03299 -6.85173e+03
 25  0.17825 -3.35253e+03 | 26 -0.01039 -1.04181e+04 | 27 -0.01810  5.27702e+02
 28  0.02167  2.14999e+03 | 29 -0.00683 -7.89985e+03 | 30 -0.01620  2.77665e+03
 31 -0.01424  8.67629e+03 | 32 -0.00677 -6.60950e+03 | 33 -0.00740 -4.40118e+03
 34 -0.01250 -2.85223e+03 | 35 -0.00175  1.24468e+03 | 36  0.16617 -3.76371e+03
 37  0.00262 -7.12037e+03 | 38 -0.01944 -5.87197e+03 | 39  0.02298  2.05634e+03
 40  0.11214 -4.64874e+03 | 41  0.00245 -4.19894e+03 | 42 -0.01271 -2.44208e+02
 43 -0.01612 -7.50898e+03 | 44 -0.03846 -1.16233e+04 | 45  0.12811 -1.29065e+05
 46 -0.14468 -2.19664e+03 | 47 -0.05100 -7.25423e+02 | 48 -0.02190  4.83278e+03
 49 -0.03454  2.32423e+03 | 50 -0.01818  2.35601e+03 | 51 -0.01588  1.88792e+02
 52 -0.02668  1.82697e+03 | 53 -0.07109  2.38756e+03 | 54  0.03269  8.40187e+03
 55  0.00983  4.14714e+03 | 56 -0.02745 -1.43935e+03 | 57  0.05399  1.02104e+04
 58  0.03770  1.28400e+03 | 59 -0.00458 -7.70170e+03 | 60  0.01389 -6.49084e+03
 61  0.04008  2.47994e+03 | 62  0.01219  5.74364e+01 | 63  0.03075 -1.61004e+03
 64 -0.08439  4.84785e+02 | 65  0.05087  3.35761e+02 | 66  0.02699  4.00148e+03
 67 -0.01946 -1.80259e+03 | 68  0.02838  2.63378e+02 | 69  0.05147 -1.35849e+04
 70  0.01902 -5.92426e+03 | 71  0.03393 -3.98872e+03 | 72  0.04795  5.26186e+03
 73  0.04585  6.67333e+03 | 74  0.02505  1.51368e+04 |
1 0 52879.5
1 0 28716.4
1 0 28625.6
1 0 46621
1 0 28621.7
1 0 28623.5
1 0 28620.1
1 0 28617.6
1 0 28612.1
1 0 28559.2
1 0 28187.2
1 0 27698.8
1 0 27544.4
1 0 27111.5
1 0 26450.4
74 variables; iteration 80; function evaluation 101; phase 1
Function value   2.6477929e+04; maximum gradient component mag  -8.2556e+04
Var   Value    Gradient   |Var   Value    Gradient   |Var   Value    Gradient
  1  0.24494 -1.21753e+02 |  2  0.21014 -6.59778e+02 |  3  0.08824 -3.19973e+02
  4  0.03290 -1.55944e+02 |  5  0.02273 -3.00496e+02 |  6  0.10587  4.49994e+02
  7  0.07025 -3.02802e+02 |  8  0.13509  9.54292e+02 |  9 -0.06210 -8.93384e+02
 10  0.01171  5.50037e+02 | 11 -0.07827 -6.16833e+02 | 12  0.01894  6.88381e+02
 13 -0.08928 -7.45506e+02 | 14  0.02927  7.73111e+02 | 15 -0.08294 -3.69288e+02
 16  0.15032  4.60309e+03 | 17 -0.04778 -1.41004e+03 | 18 -0.03737 -9.68926e+03
 19 -0.02312  5.90224e+03 | 20 -0.01906  3.06540e+03 | 21 -0.03174 -5.91989e+03
 22 -0.02474 -1.19542e+03 | 23 -0.02521  1.10953e+03 | 24 -0.01500  5.32065e+03
 25 -0.00224 -1.46264e+03 | 26  0.00130 -3.74816e+03 | 27 -0.02115 -5.53375e+02
 28 -0.02124 -5.33135e+03 | 29  0.01309  1.42696e+03 | 30  0.00156 -4.42077e+02
 31  0.01362 -1.70011e+03 | 32  0.00047  5.07489e+02 | 33 -0.00786 -1.52946e+03
 34 -0.00769 -3.56220e+03 | 35 -0.00080  7.12923e+03 | 36  0.01542  1.03435e+03
 37  0.01348 -6.90608e+03 | 38 -0.00821 -2.34632e+03 | 39  0.02533  4.70882e+03
 40  0.18662  8.74811e+01 | 41  0.01608 -6.82127e+03 | 42 -0.00705  1.68805e+02
 43  0.00278  8.03593e+02 | 44 -0.03271 -1.08729e+04 | 45  0.13092 -8.25561e+04
 46 -0.03262  2.51100e+04 | 47 -0.07368 -2.81899e+03 | 48 -0.02340  6.33057e+03
 49 -0.04479 -4.98986e+01 | 50 -0.01669  3.12050e+03 | 51 -0.03130 -3.90066e+03
 52 -0.03621 -6.17568e+03 | 53 -0.09057 -5.62753e+03 | 54  0.02585  2.82905e+03
 55 -0.00392 -1.18890e+03 | 56 -0.04982 -4.88181e+03 | 57  0.04057  5.25824e+03
 58  0.01434 -9.95786e+02 | 59  0.04438  1.12452e+04 | 60  0.02944  4.87051e+03
 61  0.01878  8.57739e+02 | 62  0.02177  1.63593e+03 | 63  0.00409 -6.56515e+03
 64 -0.05905 -5.49369e+03 | 65  0.04587  1.63608e+03 | 66  0.00476 -1.55962e+03
 67 -0.00240 -5.03842e+03 | 68  0.01385 -1.94437e+03 | 69  0.05509 -7.15116e+03
 70  0.00662 -4.46601e+03 | 71  0.02687 -4.69045e+03 | 72  0.06110  2.32195e+03
 73  0.06049  4.23817e+03 | 74 -0.01832  7.61864e+03 |
1 0 25595.8
1 0 25711
1 0 25108.1
1 0 24912.6
1 0 24606.8
1 0 24137.8
1 0 23866.4
1 0 23581.1
1 0 23490
1 0 23348.2
1 0 23159.8
74 variables; iteration 90; function evaluation 112; phase 1
Function value   2.3159889e+04; maximum gradient component mag  -3.4853e+04
Var   Value    Gradient   |Var   Value    Gradient   |Var   Value    Gradient
  1  0.25592  1.15273e+02 |  2  0.21348  8.41422e+01 |  3  0.14222  6.94272e+01
  4  0.10162  1.54013e+02 |  5  0.05689  1.14647e+01 |  6  0.02649  2.84570e+01
  7 -0.00383 -2.82528e+01 |  8 -0.02149  7.75080e+01 |  9 -0.05980  3.35137e+01
 10 -0.10745  7.16256e+01 | 11 -0.17793 -2.99721e+02 | 12 -0.15206  1.19049e+02
 13 -0.16409 -1.42642e+02 | 14 -0.13047  8.76904e+01 | 15 -0.12430  2.05190e+01
 16  0.12910  3.47548e+03 | 17 -0.14302 -1.21568e+03 | 18 -0.02531  9.21218e+02
 19 -0.02715 -9.27839e+02 | 20 -0.02607 -9.76525e+02 | 21 -0.01807 -5.11200e+02
 22 -0.01550 -1.90491e+02 | 23 -0.01377 -4.49478e+02 | 24 -0.00563  3.90645e+02
 25 -0.00495 -1.53769e+03 | 26  0.00306  2.90106e+03 | 27 -0.00317  2.00124e+02
 28  0.00311 -6.91497e+02 | 29  0.00826  1.79837e+03 | 30 -0.00183  6.17166e+02
 31  0.00147 -1.43706e+03 | 32 -0.00171 -1.33075e+03 | 33  0.00061  2.05191e+02
 34  0.00372 -2.69421e+03 | 35  0.00155  6.95528e+02 | 36  0.01046  1.09054e+03
 37  0.02252  9.54037e+02 | 38  0.01589  2.07331e+03 | 39  0.02360  7.07312e+02
 40  0.14282  7.71184e+02 | 41  0.03444  1.55662e+03 | 42  0.00868 -4.21329e+02
 43  0.00744 -9.66742e+02 | 44 -0.00235 -2.17107e+03 | 45  0.14458 -3.48531e+04
 46 -0.07245  6.64700e+01 | 47 -0.04898  1.74879e+03 | 48 -0.04597  1.17056e+03
 49 -0.03926  1.16449e+03 | 50 -0.03080  6.15826e+02 | 51 -0.02589  4.05230e+02
 52 -0.02429  1.25346e+02 | 53 -0.01995  1.35976e+03 | 54  0.00244  2.24075e+03
 55 -0.00564 -1.91139e+03 | 56  0.00347 -3.49345e+02 | 57  0.02870  2.12364e+03
 58  0.01287 -3.27725e+03 | 59  0.01926  1.23282e+03 | 60  0.01509  8.35235e+02
 61  0.00796 -2.04855e+03 | 62  0.02076  3.06590e+03 | 63  0.00482 -2.42516e+03
 64 -0.00508 -3.40928e+03 | 65  0.02564  9.85380e+02 | 66  0.01017 -3.70808e+03
 67  0.01268 -2.67007e+03 | 68 -0.00276  1.65214e+02 | 69  0.04983 -6.64622e+01
 70  0.02307 -1.14965e+03 | 71  0.02200 -6.22580e+02 | 72  0.02608  1.48731e+03
 73  0.03446  1.71064e+03 | 74  0.00912  5.23910e+03 |
1 0 22997.1
1 0 22737.5
1 0 65217.9
1 0 22664.6
1 0 26341.7
1 0 22638.4
1 0 22589.5
1 0 22498.7
1 0 22340.7
1 0 22122.1
1 0 22039.7
1 0 22010.9
1 0 21991.1
74 variables; iteration 100; function evaluation 125; phase 1
Function value   2.1991176e+04; maximum gradient component mag   2.4853e+03
Var   Value    Gradient   |Var   Value    Gradient   |Var   Value    Gradient
  1  0.24972 -4.93972e+02 |  2  0.21716 -2.46241e+02 |  3  0.13526 -7.77701e+01
  4  0.07472 -6.55338e+01 |  5  0.04243  8.93510e+00 |  6  0.01268 -2.44277e+01
  7 -0.00760  2.51911e+01 |  8 -0.03444  2.65025e+01 |  9 -0.06895 -2.46920e+01
 10 -0.09598 -1.19701e+01 | 11 -0.11943 -3.88149e+01 | 12 -0.13090 -5.13116e+01
 13 -0.12630  4.01696e+01 | 14 -0.13426 -4.14094e+01 | 15 -0.12924  1.60211e+01
 16  0.11555 -2.39944e+02 | 17 -0.08001 -2.62878e+02 | 18 -0.02112 -1.62291e+02
 19 -0.02430 -3.04393e+02 | 20 -0.02272 -3.75573e+02 | 21 -0.01456 -1.64769e+02
 22 -0.01157  2.33164e+02 | 23 -0.00982  9.69944e+01 | 24 -0.00336  2.87026e+02
 25 -0.00350  3.46530e+02 | 26 -0.00372  4.46812e+01 | 27  0.00014  7.69230e+02
 28 -0.00062 -4.74071e+02 | 29  0.00232 -2.41006e+02 | 30  0.00540  6.71405e+02
 31  0.00392 -8.25221e+01 | 32  0.00570 -8.84204e+02 | 33  0.01005  2.99558e+02
 34  0.01275 -8.05036e+01 | 35  0.01164  4.54539e+02 | 36  0.00801  2.44727e+02
 37  0.01529  8.97418e+01 | 38  0.01556 -1.79637e+02 | 39  0.01561 -9.98588e+01
 40  0.01753  3.20617e+02 | 41  0.02307  9.90920e+02 | 42  0.01647 -7.03826e+01
 43  0.01732 -1.99566e+02 | 44  0.01599 -7.49701e+01 | 45  0.14441 -1.60467e+03
 46 -0.06768  4.62056e+02 | 47 -0.05260 -1.27093e+01 | 48 -0.04727  1.28074e+02
 49 -0.04095  5.43962e+01 | 50 -0.03153 -8.45095e+01 | 51 -0.02566 -1.51199e+01
 52 -0.02328 -2.58045e+02 | 53 -0.01789 -4.90859e+01 | 54 -0.00553 -5.97786e+02
 55  0.00081 -7.25701e+02 | 56  0.00652 -6.47618e+02 | 57  0.01727 -9.47239e+02
 58  0.02424  3.32243e+02 | 59  0.01098 -1.32111e+03 | 60  0.01489  6.91836e+02
 61  0.01659  4.78419e+02 | 62  0.01539  6.41136e+02 | 63  0.01602  1.44767e+02
 64  0.00754 -1.14746e+03 | 65  0.01602 -4.14348e+02 | 66  0.01898  1.00619e+02
 67  0.01864  4.22871e+02 | 68  0.01855 -9.75604e+02 | 69  0.03399  2.48529e+03
 70  0.02614  3.82563e+02 | 71  0.02304  4.52512e+02 | 72  0.01739  2.43533e+02
 73  0.00896  2.33297e+01 | 74 -0.00939  1.10967e+03 |
1 0 21965.9
1 0 21961.8
1 0 21954.9
1 0 21946.5
1 0 21943.3
1 0 21940.8
1 0 21937.1
1 0 21934.6
1 0 21932.8
1 0 21930.1
74 variables; iteration 110; function evaluation 135; phase 1
Function value   2.1930087e+04; maximum gradient component mag  -2.5320e+03
Var   Value    Gradient   |Var   Value    Gradient   |Var   Value    Gradient
  1  0.25329 -2.33799e+02 |  2  0.23418 -1.23746e+02 |  3  0.16635  6.50669e+00
  4  0.10866  3.12439e+01 |  5  0.05644 -9.53897e+00 |  6  0.01311 -2.16061e+01
  7 -0.02165 -7.13620e+00 |  8 -0.05347 -4.10935e+01 |  9 -0.07255 -8.89361e+00
 10 -0.08873 -1.57259e+01 | 11 -0.09997 -1.51421e+01 | 12 -0.10645 -1.81559e+01
 13 -0.10722  9.86159e+00 | 14 -0.11094 -6.71899e+00 | 15 -0.11248 -4.69889e+00
 16  0.12861  4.97352e+01 | 17 -0.03020 -3.52482e+00 | 18 -0.02102 -4.18513e+01
 19 -0.02438 -1.34968e+02 | 20 -0.02317 -1.88376e+02 | 21 -0.01579 -1.00180e+02
 22 -0.01360  2.47382e+01 | 23 -0.01233  1.14206e+01 | 24 -0.00630 -1.00116e+02
 25 -0.00667  4.59561e+01 | 26 -0.00623 -1.33532e+02 | 27 -0.00273  3.88402e+01
 28 -0.00113  1.45798e+02 | 29  0.00061 -6.49069e+01 | 30  0.00138  1.56323e+02
 31  0.00478  1.61815e+02 | 32  0.00423 -2.57948e+02 | 33  0.00708  9.32115e+01
 34  0.01038  6.06105e+01 | 35  0.00980  1.55347e+02 | 36  0.00752  5.72481e+01
 37  0.01262  1.23040e+01 | 38  0.01322 -4.62368e+01 | 39  0.01340 -1.54521e+01
 40  0.01171 -2.61629e+02 | 41  0.01280  3.56532e+01 | 42  0.01441  8.68765e+00
 43  0.01666 -6.16167e+01 | 44  0.02220 -1.05796e+02 | 45  0.14222 -2.53196e+03
 46 -0.06952  6.44452e+01 | 47 -0.05354 -2.58701e+02 | 48 -0.04785 -1.06752e+02
 49 -0.04132 -1.29461e+02 | 50 -0.03151 -4.74277e+01 | 51 -0.02629 -1.39399e+02
 52 -0.02285  1.08735e+02 | 53 -0.01854  7.47792e+01 | 54 -0.00506  3.26872e+01
 55  0.00125  2.96551e+02 | 56  0.00727 -8.00608e+01 | 57  0.01964 -1.56527e+02
 58  0.01997 -7.09461e+02 | 59  0.01625  2.02155e+02 | 60  0.01426  1.03464e+02
 61  0.01605  1.66713e+01 | 62  0.01458  5.62574e+01 | 63  0.01510 -1.03990e+02
 64  0.01144  1.87776e+02 | 65  0.01658  1.03631e+01 | 66  0.01900  5.04255e+01
 67  0.01850  6.66767e+01 | 68  0.02420  3.37882e+02 | 69  0.02632 -1.08652e+02
 70  0.02594  2.30582e+01 | 71  0.02179 -2.16792e+01 | 72  0.01354  1.16644e+02
 73  0.01457  1.30265e+02 | 74 -0.03115  8.75539e+02 |
1 0 21926.2
1 0 21921.8
1 0 21919.1
1 0 21916.8
1 0 21913.2
1 0 21908.4
1 0 21905.1
1 0 21902.8
1 0 21901
1 0 21899.7
74 variables; iteration 120; function evaluation 145; phase 1
Function value   2.1899711e+04; maximum gradient component mag  -2.6721e+03
Var   Value    Gradient   |Var   Value    Gradient   |Var   Value    Gradient
  1  0.24457 -1.78539e+02 |  2  0.23718 -1.21988e+02 |  3  0.17067 -2.45346e+01
  4  0.11722 -1.35853e+01 |  5  0.08193 -2.42759e+00 |  6  0.05592  3.81855e+00
  7  0.03341 -1.27866e+00 |  8  0.01398 -4.46447e+00 |  9 -0.00243 -2.95139e+00
 10 -0.01683  1.10939e+01 | 11 -0.03379 -2.40465e+01 | 12 -0.04298 -1.90914e+01
 13 -0.04600 -1.00130e+01 | 14 -0.04560  2.93568e+00 | 15 -0.04568  1.03804e+00
 16  0.14438  4.28023e+02 | 17 -0.02030  2.48072e+02 | 18 -0.02091 -2.17109e+02
 19 -0.02359 -9.56590e+01 | 20 -0.02273 -3.64860e+01 | 21 -0.01604 -5.46824e+01
 22 -0.01402 -4.67618e+01 | 23 -0.01294 -3.74847e+01 | 24 -0.00684  6.91732e+00
 25 -0.00704  1.57203e+01 | 26 -0.00659 -2.37953e+02 | 27 -0.00316  1.32180e+02
 28 -0.00201  3.62113e+01 | 29 -0.00000 -2.41239e+02 | 30  0.00155  1.06291e+02
 31  0.00308  4.62063e+01 | 32  0.00364  7.06075e+00 | 33  0.00609  1.30061e+02
 34  0.00882 -5.75115e+01 | 35  0.00850  1.05046e+02 | 36  0.00611 -1.42577e+02
 37  0.01226  7.50260e+01 | 38  0.01325  2.48209e+02 | 39  0.01341  8.84417e+00
 40  0.01206 -1.11689e+01 | 41  0.01250  8.63280e+01 | 42  0.01321 -1.02946e+02
 43  0.01586 -1.85651e+02 | 44  0.02556  4.64368e+01 | 45  0.13494 -2.67205e+03
 46 -0.07264 -2.08508e+02 | 47 -0.05546 -1.77440e+02 | 48 -0.04972 -2.16973e+02
 49 -0.04269 -1.92805e+02 | 50 -0.03289 -1.02095e+02 | 51 -0.02691 -1.41632e+01
 52 -0.02392 -7.04367e+01 | 53 -0.01933 -4.88964e+01 | 54 -0.00522  1.24186e+02
 55  0.00105  2.24177e+02 | 56  0.00729 -4.65178e+01 | 57  0.01905 -1.56874e+02
 58  0.02266  3.41996e+02 | 59  0.01547  6.77562e+01 | 60  0.01490  9.73435e+01
 61  0.01669 -9.63112e+01 | 62  0.01514 -1.51431e+01 | 63  0.01549 -1.70635e+02
 64  0.01181  1.69670e+02 | 65  0.01793  1.69563e+02 | 66  0.01989 -1.51789e+02
 67  0.01984  6.67880e+01 | 68  0.02537  2.31328e+02 | 69  0.02791 -1.10373e+02
 70  0.02683 -6.66737e+01 | 71  0.02298  1.11020e+02 | 72  0.01392  1.39085e+02
 73  0.01431  1.33413e+02 | 74 -0.14006  2.11819e+02 |
1 0 21898.8
1 0 21897.7
1 0 21897.2
1 0 21897
1 0 21896.9
1 0 21896.8
1 0 21896.7
1 0 21896.7
1 0 21896.7
1 0 21896.7
74 variables; iteration 130; function evaluation 155; phase 1
Function value   2.1896703e+04; maximum gradient component mag   1.1514e+02
Var   Value    Gradient   |Var   Value    Gradient   |Var   Value    Gradient
  1  0.24301  2.04562e+00 |  2  0.23657  1.15301e+00 |  3  0.17009 -2.78805e+00
  4  0.11765  7.63288e-01 |  5  0.08220 -1.64520e+00 |  6  0.05758 -9.50224e-01
  7  0.03921 -9.16290e-01 |  8  0.02504 -2.70471e-01 |  9  0.01379 -2.24060e+00
 10  0.00540  2.77598e-01 | 11 -0.00126  1.24335e+00 | 12 -0.00673 -1.06424e+00
 13 -0.01050 -5.09553e-01 | 14 -0.01284  6.07962e-01 | 15 -0.01416 -4.77216e-01
 16  0.14493 -1.54123e+01 | 17 -0.01928 -7.32819e+00 | 18 -0.01982 -5.56847e+00
 19 -0.02264  8.40410e+00 | 20 -0.02199  5.37924e+00 | 21 -0.01543 -3.82473e+00
 22 -0.01363 -1.18642e+01 | 23 -0.01264  4.46012e+00 | 24 -0.00649  7.53833e+00
 25 -0.00676 -2.13908e+00 | 26 -0.00612 -4.34332e+00 | 27 -0.00337  8.40802e+00
 28 -0.00159 -5.46907e+00 | 29  0.00088  1.87218e+01 | 30  0.00100 -4.23231e+00
 31  0.00301 -2.52631e+00 | 32  0.00363  1.28108e+00 | 33  0.00610 -1.64258e+00
 34  0.00911  2.18799e+00 | 35  0.00859  6.01787e-02 | 36  0.00611 -3.89280e+00
 37  0.01184  3.06811e+00 | 38  0.01265 -5.99006e+00 | 39  0.01289 -3.20122e+00
 40  0.01194  7.20781e+00 | 41  0.01286  9.40267e+00 | 42  0.01381 -2.01393e+00
 43  0.01587 -1.16928e+01 | 44  0.01949  2.30305e+01 | 45  0.13418  1.15140e+02
 46 -0.07273 -1.48936e+01 | 47 -0.05580 -4.26029e+00 | 48 -0.04978 -1.66003e+00
 49 -0.04269  2.54593e+00 | 50 -0.03315  7.67090e+00 | 51 -0.02732  4.90198e+00
 52 -0.02410  3.79705e-01 | 53 -0.01952 -7.60611e+00 | 54 -0.00547  4.72536e+00
 55  0.00015  6.40658e+00 | 56  0.00707  1.92477e+00 | 57  0.01967  1.07286e+01
 58  0.02154 -6.98621e+00 | 59  0.01515  1.88984e+00 | 60  0.01448 -1.86027e+00
 61  0.01662  8.46383e+00 | 62  0.01505  4.38573e+00 | 63  0.01564 -1.43386e+01
 64  0.01147  1.65744e+00 | 65  0.01744 -2.55806e+01 | 66  0.01991 -4.66596e+00
 67  0.01940 -4.04571e+00 | 68  0.02469  1.35797e+01 | 69  0.02805  3.95263e+00
 70  0.02705 -3.18453e+00 | 71  0.02354  1.82750e+01 | 72  0.01671  9.31236e-01
 73  0.01664 -6.11751e+00 | 74 -0.16985 -9.98993e+00 |
1 0 21896.7
1 0 21896.7
1 0 21896.7
1 0 21896.7
1 0 21896.7
1 0 21896.7
1 0 21896.7
1 0 21896.7
1 0 21896.7
1 0 21896.7
74 variables; iteration 140; function evaluation 165; phase 1
Function value   2.1896681e+04; maximum gradient component mag  -1.7807e+01
Var   Value    Gradient   |Var   Value    Gradient   |Var   Value    Gradient
  1  0.24324 -2.44874e+00 |  2  0.23684 -1.51967e+00 |  3  0.17063 -5.95447e-02
  4  0.11805 -3.92504e-01 |  5  0.08299 -2.65597e-01 |  6  0.05854 -1.02708e-01
  7  0.04024 -9.65472e-02 |  8  0.02601  7.21890e-02 |  9  0.01468 -1.90901e-01
 10  0.00567  5.46204e-01 | 11 -0.00167 -1.37742e+00 | 12 -0.00703 -6.09333e-01
 13 -0.01082 -5.94681e-01 | 14 -0.01315  2.21739e-01 | 15 -0.01433  8.82600e-04
 16  0.14463  6.63093e-01 | 17 -0.01906  1.11525e+00 | 18 -0.01977 -1.98177e+00
 19 -0.02264 -2.48271e+00 | 20 -0.02198  1.35644e-01 | 21 -0.01539  5.57702e-01
 22 -0.01358  1.32220e+00 | 23 -0.01262  2.80181e-01 | 24 -0.00647 -7.16492e-01
 25 -0.00673  1.49762e+00 | 26 -0.00611 -7.15416e+00 | 27 -0.00335  5.51486e+00
 28 -0.00156  1.90740e+00 | 29  0.00087  1.87009e+00 | 30  0.00104 -2.33227e-01
 31  0.00304 -3.01068e+00 | 32  0.00367  1.84667e-01 | 33  0.00613  2.56544e+00
 34  0.00914  5.06845e-02 | 35  0.00864 -3.38232e+00 | 36  0.00616 -5.03917e-01
 37  0.01188 -6.22225e+00 | 38  0.01270 -8.37174e-01 | 39  0.01293  2.34733e+00
 40  0.01193  3.78697e-01 | 41  0.01284 -2.06152e+00 | 42  0.01384  5.41521e-01
 43  0.01580  3.07774e+00 | 44  0.01863 -5.55019e+00 | 45  0.13433 -1.78070e+01
 46 -0.07267  2.97556e+00 | 47 -0.05579  2.12839e+00 | 48 -0.04980  2.40837e+00
 49 -0.04270  1.80450e+00 | 50 -0.03316  1.65330e+00 | 51 -0.02734  3.08920e+00
 52 -0.02413  4.85567e-01 | 53 -0.01952  1.22430e+00 | 54 -0.00551 -3.14234e+00
 55  0.00011  3.61699e+00 | 56  0.00704 -3.49666e+00 | 57  0.01961  3.77781e+00
 58  0.02152 -2.59079e+00 | 59  0.01511  1.69484e+00 | 60  0.01445  1.08978e+00
 61  0.01657  1.03622e+00 | 62  0.01499 -2.39152e+00 | 63  0.01563 -1.80886e+00
 64  0.01142  1.58049e+00 | 65  0.01742 -8.43036e+00 | 66  0.01987 -9.87440e-01
 67  0.01937 -2.56817e+00 | 68  0.02462  3.55649e+00 | 69  0.02797 -2.79531e+00
 70  0.02702 -5.60233e-01 | 71  0.02353 -3.24298e+00 | 72  0.01702 -5.57734e-01
 73  0.01706  1.07954e+00 | 74 -0.16686 -6.19104e-01 |
1 0 21896.7
1 0 21896.7
1 0 21896.7
1 0 21896.7
1 0 21896.7
1 0 21896.7
1 0 21896.7
1 0 21896.7
1 0 21896.7
1 0 21896.7
74 variables; iteration 150; function evaluation 175; phase 1
Function value   2.1896678e+04; maximum gradient component mag   5.2708e-01
Var   Value    Gradient   |Var   Value    Gradient   |Var   Value    Gradient
  1  0.24334 -1.74421e-01 |  2  0.23691 -1.93603e-02 |  3  0.17064 -1.53590e-02
  4  0.11812 -3.80505e-02 |  5  0.08313 -2.11555e-02 |  6  0.05875 -2.59611e-02
  7  0.04056 -1.33752e-02 |  8  0.02647 -4.71866e-02 |  9  0.01537  8.05531e-03
 10  0.00657  1.34979e-02 | 11 -0.00032  5.67511e-02 | 12 -0.00561 -3.70493e-02
 13 -0.00943  1.56745e-02 | 14 -0.01193 -2.73722e-02 | 15 -0.01316  2.85182e-03
 16  0.14459  1.45743e-01 | 17 -0.01903  1.12773e-02 | 18 -0.01979 -1.66589e-01
 19 -0.02266 -7.57418e-02 | 20 -0.02200 -7.02383e-02 | 21 -0.01541 -8.86751e-03
 22 -0.01360  3.53920e-02 | 23 -0.01263 -1.21784e-01 | 24 -0.00648 -6.38372e-02
 25 -0.00674  8.97816e-02 | 26 -0.00611 -6.49260e-02 | 27 -0.00338  1.09423e-01
 28 -0.00158 -8.92356e-02 | 29  0.00084 -1.30026e-01 | 30  0.00103 -4.03037e-02
 31  0.00303 -4.23853e-01 | 32  0.00365 -9.01892e-02 | 33  0.00612  3.25219e-01
 34  0.00914 -7.73244e-02 | 35  0.00865  5.84236e-02 | 36  0.00616  8.48113e-02
 37  0.01191  2.92781e-03 | 38  0.01270  5.27079e-01 | 39  0.01291  3.65165e-02
 40  0.01191 -1.62928e-01 | 41  0.01285 -4.64312e-02 | 42  0.01383  1.29538e-02
 43  0.01582  1.48231e-01 | 44  0.01886 -1.86192e-01 | 45  0.13437 -1.04405e-01
 46 -0.07266  1.32215e-01 | 47 -0.05577 -8.55887e-02 | 48 -0.04978 -1.72397e-01
 49 -0.04269  1.19812e-01 | 50 -0.03314 -1.34328e-01 | 51 -0.02733 -1.25282e-01
 52 -0.02412 -3.64287e-02 | 53 -0.01951  1.70166e-01 | 54 -0.00548  4.71989e-02
 55  0.00011  6.38674e-02 | 56  0.00706  7.04646e-02 | 57  0.01960 -2.94747e-01
 58  0.02153 -4.42459e-01 | 59  0.01512 -1.67421e-01 | 60  0.01446  3.01611e-01
 61  0.01657  2.91998e-01 | 62  0.01500  1.45873e-01 | 63  0.01564  2.03672e-02
 64  0.01142  1.81820e-01 | 65  0.01746  4.71119e-01 | 66  0.01988 -3.79294e-01
 67  0.01938  3.58604e-01 | 68  0.02461 -4.68096e-01 | 69  0.02798  1.16381e-01
 70  0.02702  1.04807e-01 | 71  0.02352 -8.41219e-02 | 72  0.01692 -2.06433e-02
 73  0.01692  8.10999e-03 | 74 -0.16555  3.27588e-02 |
1 0 21896.7
1 0 21896.7
1 0 21896.7
1 0 21896.7

 - final statistics:
74 variables; iteration 154; function evaluation 179
Function value   2.1897e+04; maximum gradient component mag   9.3405e-02
Exit code = 1;  converg criter   1.0000e-01
Var   Value    Gradient   |Var   Value    Gradient   |Var   Value    Gradient
  1  0.24335 -4.98373e-03 |  2  0.23692 -2.03895e-02 |  3  0.17064 -2.35986e-03
  4  0.11814 -2.55721e-03 |  5  0.08315 -1.90189e-03 |  6  0.05877 -1.13598e-03
  7  0.04059 -8.62520e-04 |  8  0.02649  3.79395e-03 |  9  0.01538  5.96517e-04
 10  0.00657  1.70348e-03 | 11 -0.00033  1.19203e-03 | 12 -0.00560 -3.11823e-03
 13 -0.00943 -2.36590e-03 | 14 -0.01192  9.86624e-04 | 15 -0.01315 -4.22999e-04
 16  0.14459 -1.60717e-02 | 17 -0.01903  2.58495e-02 | 18 -0.01979 -5.60464e-03
 19 -0.02266  2.16516e-03 | 20 -0.02200  1.47989e-02 | 21 -0.01541 -6.64240e-03
 22 -0.01360 -1.00733e-02 | 23 -0.01263  2.50948e-02 | 24 -0.00648  2.78539e-02
 25 -0.00674 -1.89333e-02 | 26 -0.00611  1.02196e-02 | 27 -0.00338  1.20231e-02
 28 -0.00158 -1.28660e-02 | 29  0.00084  1.44180e-02 | 30  0.00103  2.70788e-02
 31  0.00303 -6.08661e-03 | 32  0.00365  5.72001e-03 | 33  0.00611 -1.80920e-02
 34  0.00914  3.74352e-03 | 35  0.00865 -1.95645e-02 | 36  0.00616  1.03913e-03
 37  0.01191  2.55298e-02 | 38  0.01270 -7.26785e-02 | 39  0.01291 -7.02664e-03
 40  0.01191  1.48299e-02 | 41  0.01285  2.80820e-02 | 42  0.01383 -2.11086e-03
 43  0.01582 -1.84294e-02 | 44  0.01886 -2.39151e-03 | 45  0.13437 -4.99691e-02
 46 -0.07266 -2.89891e-02 | 47 -0.05577  8.18534e-03 | 48 -0.04978 -1.44645e-02
 49 -0.04269 -5.22172e-03 | 50 -0.03314  3.49077e-02 | 51 -0.02733  5.32774e-02
 52 -0.02412 -2.43789e-02 | 53 -0.01951 -9.56264e-03 | 54 -0.00548 -2.96823e-02
 55  0.00011 -1.60697e-03 | 56  0.00706 -5.05912e-04 | 57  0.01961 -3.58797e-02
 58  0.02153 -4.63042e-02 | 59  0.01512 -1.56726e-03 | 60  0.01446 -1.10656e-02
 61  0.01657 -1.66408e-02 | 62  0.01500 -8.48565e-03 | 63  0.01564  1.15779e-02
 64  0.01142 -2.19721e-02 | 65  0.01746  3.46138e-02 | 66  0.01988  9.34052e-02
 67  0.01938 -4.99291e-03 | 68  0.02461  4.33483e-02 | 69  0.02798  6.48861e-03
 70  0.02702 -1.81268e-02 | 71  0.02352 -2.24062e-02 | 72  0.01691 -3.53016e-03
 73  0.01691  2.30574e-03 | 74 -0.16556  1.19135e-03 |
1 0 21896.7
B0441215
0.3 0.218419
0.187217 0.319287
0.170788 0.341718
0.166747 0.347688
0.165646 0.349348
0.165337 0.349816
0.16525 0.349948
0.165226 0.349985
0.165219 0.349996
0.165217 0.349999
0.165216 0.35
0.165216 0.35
0.165216 0.35
0.165216 0.35
0.165216 0.35
0.165216 0.35
0.165216 0.35
0.165216 0.35
0.165216 0.35
0.165216 0.35
0.165216 0.35
2 0 21896.7

Initial statistics: 78 variables; iteration 0; function evaluation 0; phase 2
Function value   2.1896678e+04; maximum gradient component mag   6.1527e+03
Var   Value    Gradient   |Var   Value    Gradient   |Var   Value    Gradient
  1 -0.80311 -3.85430e+02 |  2 -0.43810 -1.38693e+02 |  3  0.24335 -4.98373e-03
  4  0.23692 -2.03895e-02 |  5  0.17064 -2.35986e-03 |  6  0.11814 -2.55721e-03
  7  0.08315 -1.90189e-03 |  8  0.05877 -1.13598e-03 |  9  0.04059 -8.62520e-04
 10  0.02649  3.79395e-03 | 11  0.01538  5.96517e-04 | 12  0.00657  1.70348e-03
 13 -0.00033  1.19203e-03 | 14 -0.00560 -3.11823e-03 | 15 -0.00943 -2.36590e-03
 16 -0.01192  9.86624e-04 | 17 -0.01315 -4.22999e-04 | 18  0.14459 -1.60717e-02
 19 -0.01903  2.44946e-02 | 20 -0.01979 -6.95951e-03 | 21 -0.02266  8.10489e-04
 22 -0.02200  1.34442e-02 | 23 -0.01541 -7.99752e-03 | 24 -0.01360 -1.14285e-02
 25 -0.01263  2.37396e-02 | 26 -0.00648  2.64984e-02 | 27 -0.00674 -2.02887e-02
 28 -0.00611  8.86409e-03 | 29 -0.00338  1.06676e-02 | 30 -0.00158 -1.42215e-02
 31  0.00084  1.30625e-02 | 32  0.00103  2.57233e-02 | 33  0.00303 -7.44212e-03
 34  0.00365  4.36450e-03 | 35  0.00611 -1.94474e-02 | 36  0.00914  2.38814e-03
 37  0.00865 -2.09199e-02 | 38  0.00616 -3.16331e-04 | 39  0.01191  2.41745e-02
 40  0.01270 -7.40337e-02 | 41  0.01291 -8.38189e-03 | 42  0.01191  1.34746e-02
 43  0.01285  2.67267e-02 | 44  0.01383 -3.46607e-03 | 45  0.01582 -1.97845e-02
 46  0.01886 -3.74644e-03 | 47  0.13437 -4.99691e-02 | 48 -0.07266 -2.83715e-02
 49 -0.05577  8.80462e-03 | 50 -0.04978 -1.38448e-02 | 51 -0.04269 -4.60146e-03
 52 -0.03314  3.55285e-02 | 53 -0.02733  5.38985e-02 | 54 -0.02412 -2.37577e-02
 55 -0.01951 -8.94127e-03 | 56 -0.00548 -2.90606e-02 | 57  0.00011 -9.85310e-04
 58  0.00706  1.15709e-04 | 59  0.01961 -3.52584e-02 | 60  0.02153 -4.56829e-02
 61  0.01512 -9.45778e-04 | 62  0.01446 -1.04441e-02 | 63  0.01657 -1.60193e-02
 64  0.01500 -7.86416e-03 | 65  0.01564  1.21994e-02 | 66  0.01142 -2.13505e-02
 67  0.01746  3.52352e-02 | 68  0.01988  9.40266e-02 | 69  0.01938 -4.37154e-03
 70  0.02461  4.39695e-02 | 71  0.02798  7.10967e-03 | 72  0.02702 -1.75057e-02
 73  0.02352 -2.17850e-02 | 74  0.01691 -2.90872e-03 | 75  0.01691  2.92718e-03
 76 -0.16556  1.19135e-03 | 77 -0.54927  6.15266e+03 | 78 -0.44297 -1.60203e+03
2 0 21896.7
2 0 21896.5
2 0 21894.6
2 0 21891.7
2 0 21886.3
2 0 21876.8
2 0 21864.1
2 0 21842.4
2 0 21822.6
2 0 21803.1
2 0 21882.5
2 0 21799.9
2 0 21796.2

Intermediate statistics: 78 variables; iteration 10; function evaluation 13; phase 2
Function value   2.1796194e+04; maximum gradient component mag  -2.8916e+03
Var   Value    Gradient   |Var   Value    Gradient   |Var   Value    Gradient
  1 -0.75547 -5.40798e+02 |  2 -0.42830  1.07845e+01 |  3  0.24180  1.03046e+02
  4  0.24261  1.77982e+02 |  5  0.16876  3.84443e+01 |  6  0.11670  2.79028e+01
  7  0.08240  1.54044e+01 |  8  0.05832  8.67646e+00 |  9  0.04028  5.51707e+00
 10  0.02627  3.88148e+00 | 11  0.01520  2.94064e+00 | 12  0.00643  2.36017e+00
 13 -0.00045  1.98513e+00 | 14 -0.00572  1.73730e+00 | 15 -0.00953  1.57600e+00
 16 -0.01202  1.47570e+00 | 17 -0.01325  1.43708e+00 | 18  0.12258  1.68272e+03
 19 -0.02122 -6.04044e+02 | 20 -0.02431 -1.21004e+03 | 21 -0.02575 -7.06421e+02
 22 -0.02411 -3.65094e+01 | 23 -0.01816 -6.23079e+02 | 24 -0.01627 -4.47328e+02
 25 -0.01486 -1.53333e+02 | 26 -0.00761  3.49803e+02 | 27 -0.00776 -5.44938e+02
 28 -0.00522 -6.16821e+01 | 29 -0.00208  1.47201e+02 | 30 -0.00015  1.78203e+02
 31  0.00196  3.32289e+02 | 32 -0.00020  2.22239e+02 | 33 -0.00008 -6.98131e+02
 34  0.00234  2.17850e+02 | 35  0.00624  3.59214e+02 | 36  0.00868 -2.16246e+02
 37  0.00913 -2.07124e+02 | 38  0.00784  4.09053e+02 | 39  0.01511  8.39386e+02
 40  0.01638  9.79628e+02 | 41  0.01657  5.22600e+02 | 42  0.01561  5.29702e+02
 43  0.01580  5.25604e+02 | 44  0.01528  8.78135e+01 | 45  0.01673 -1.59764e+02
 46  0.02009 -3.43936e+01 | 47  0.13418 -2.89164e+03 | 48 -0.07526 -4.58679e+01
 49 -0.05592  8.18575e+02 | 50 -0.04955  5.05078e+02 | 51 -0.04289  3.86467e+02
 52 -0.03372  3.48867e+02 | 53 -0.02826 -1.21335e+02 | 54 -0.02571 -7.09489e+02
 55 -0.02054 -9.50182e+01 | 56 -0.00543  3.98485e+02 | 57  0.00087  3.48129e+02
 58  0.00746  1.54237e+02 | 59  0.02042  3.11583e+01 | 60  0.02126 -5.22499e+02
 61  0.01445 -2.53244e+01 | 62  0.01309 -5.18289e+02 | 63  0.01622 -5.90110e+02
 64  0.01497  1.50366e+00 | 65  0.01647  4.94438e+02 | 66  0.01197  4.86621e+01
 67  0.01766 -4.72435e+02 | 68  0.01986 -9.45889e+02 | 69  0.01985 -5.73560e+02
 70  0.02536 -2.99770e+02 | 71  0.02919 -1.49076e+02 | 72  0.02821  1.96374e+02
 73  0.02493  6.20215e+02 | 74  0.01903  6.15836e+02 | 75  0.01574  1.22263e+02
 76 -0.17757  2.04091e+02 | 77 -0.59654 -7.19594e+02 | 78 -0.53508  3.00593e+02
2 0 21791.4
2 0 21783.7
2 0 21770.5
2 0 21750.3
2 0 21844.9
2 0 21745.1
2 0 21784.4
2 0 21744.7
2 0 21745.3
2 0 21744.6
2 0 21744.5
2 0 21744.4
2 0 21744.2
78 variables; iteration 20; function evaluation 26; phase 2
Function value   2.1744187e+04; maximum gradient component mag  -1.1812e+04
Var   Value    Gradient   |Var   Value    Gradient   |Var   Value    Gradient
  1 -0.63664  1.20286e+02 |  2 -0.43584  2.32136e+02 |  3  0.22296 -1.03025e+03
  4  0.24561  5.27401e+02 |  5  0.16217  4.12960e+00 |  6  0.10933 -2.85439e+00
  7  0.07796  7.88253e+00 |  8  0.05573  3.82675e+00 |  9  0.03860  5.46623e-01
 10  0.02507 -8.75828e-01 | 11  0.01428 -1.44430e+00 | 12  0.00568 -1.66484e+00
 13 -0.00109 -1.74523e+00 | 14 -0.00627 -1.77241e+00 | 15 -0.01004 -1.78795e+00
 16 -0.01250 -1.81124e+00 | 17 -0.01372 -1.78621e+00 | 18  0.12020  2.21344e+03
 19 -0.02587 -7.71216e+02 | 20 -0.02466 -1.93442e+03 | 21 -0.02255 -2.84041e+02
 22 -0.02222  2.84735e+02 | 23 -0.01763 -9.01109e+02 | 24 -0.01528 -4.49178e+02
 25 -0.01362  6.50759e+01 | 26 -0.00638  8.43340e+02 | 27 -0.00731 -6.74884e+02
 28 -0.00528 -3.13033e+02 | 29 -0.00274 -6.69175e+01 | 30 -0.00014  4.10049e+02
 31  0.00191  3.53877e+02 | 32  0.00014  6.07771e+02 | 33  0.00116 -2.43696e+02
 34  0.00285  1.64925e+02 | 35  0.00629  2.54840e+02 | 36  0.00842 -3.57066e+02
 37  0.00899 -2.37692e+02 | 38  0.00755  2.48979e+02 | 39  0.01438  7.38515e+02
 40  0.01551  7.91332e+02 | 41  0.01594  3.85534e+02 | 42  0.01466  4.73183e+02
 43  0.01494  5.34244e+02 | 44  0.01495  2.11609e+02 | 45  0.01672  1.25032e+01
 46  0.01923 -1.68034e+02 | 47  0.13379 -1.18122e+04 | 48 -0.07736 -1.56790e+02
 49 -0.05428  1.85652e+03 | 50 -0.04914  7.19362e+02 | 51 -0.04302  4.86979e+02
 52 -0.03363  6.16935e+02 | 53 -0.02791 -1.37859e+00 | 54 -0.02584 -1.05082e+03
 55 -0.02082 -2.73724e+02 | 56 -0.00494  6.72169e+02 | 57  0.00071  4.83241e+02
 58  0.00656 -3.05881e+02 | 59  0.02004 -3.43888e+02 | 60  0.02019 -1.31045e+03
 61  0.01458 -4.79148e+02 | 62  0.01343 -6.45717e+02 | 63  0.01651 -4.87626e+02
 64  0.01542  1.37733e+02 | 65  0.01666  6.89978e+02 | 66  0.01242  2.36506e+02
 67  0.01799 -3.06143e+02 | 68  0.01988 -7.18906e+02 | 69  0.02049 -2.78297e+02
 70  0.02536 -2.27430e+02 | 71  0.02892 -3.04958e+02 | 72  0.02783 -8.42832e+01
 73  0.02495  2.83957e+02 | 74  0.01979  6.40577e+02 | 75  0.01548  5.64508e+02
 76 -0.19705  2.75139e+02 | 77 -0.60588 -3.21395e+03 | 78 -0.55311  1.14843e+03
2 0 21744.5
2 0 21744.1
2 0 21744.1
2 0 21744.2
2 0 21744.1
2 0 21744.1
2 0 21744
2 0 21744
2 0 21744
2 0 21744
2 0 21744
2 0 21744
2 0 21744
78 variables; iteration 30; function evaluation 39; phase 2
Function value   2.1743959e+04; maximum gradient component mag  -1.1717e+04
Var   Value    Gradient   |Var   Value    Gradient   |Var   Value    Gradient
  1 -0.63624  1.44715e+02 |  2 -0.43809  2.23739e+02 |  3  0.22210 -1.06631e+03
  4  0.24428  5.15643e+02 |  5  0.15992 -6.30213e+00 |  6  0.10648 -1.12051e+01
  7  0.07547  3.88834e+00 |  8  0.05401  2.77884e+00 |  9  0.03752  4.39073e-01
 10  0.02438 -1.01858e+00 | 11  0.01380 -1.73783e+00 | 12  0.00532 -2.02969e+00
 13 -0.00137 -2.13114e+00 | 14 -0.00651 -2.16053e+00 | 15 -0.01025 -2.17294e+00
 16 -0.01269 -2.19271e+00 | 17 -0.01389 -2.16692e+00 | 18  0.11978  2.17886e+03
 19 -0.02698 -7.41947e+02 | 20 -0.02453 -1.91802e+03 | 21 -0.02249 -2.94427e+02
 22 -0.02217  2.90861e+02 | 23 -0.01776 -9.49542e+02 | 24 -0.01503 -4.02096e+02
 25 -0.01340  9.66455e+01 | 26 -0.00644  8.00266e+02 | 27 -0.00734 -6.89870e+02
 28 -0.00521 -3.13635e+02 | 29 -0.00257 -4.77979e+01 | 30  0.00019  4.62287e+02
 31  0.00211  3.91043e+02 | 32  0.00010  5.80625e+02 | 33  0.00084 -3.11712e+02
 34  0.00278  1.33216e+02 | 35  0.00666  3.07612e+02 | 36  0.00886 -2.87465e+02
 37  0.00906 -2.29158e+02 | 38  0.00756  2.33490e+02 | 39  0.01440  7.40006e+02
 40  0.01536  7.61199e+02 | 41  0.01562  3.20869e+02 | 42  0.01470  4.74930e+02
 43  0.01513  5.61921e+02 | 44  0.01493  1.92771e+02 | 45  0.01660 -2.42330e+01
 46  0.01901 -1.48747e+02 | 47  0.13393 -1.17174e+04 | 48 -0.07729 -1.35428e+02
 49 -0.05431  1.86430e+03 | 50 -0.04902  7.78290e+02 | 51 -0.04345  3.86528e+02
 52 -0.03359  6.44661e+02 | 53 -0.02774  5.24130e+01 | 54 -0.02595 -1.05104e+03
 55 -0.02094 -2.75689e+02 | 56 -0.00503  6.79375e+02 | 57  0.00060  4.74240e+02
 58  0.00660 -2.94325e+02 | 59  0.02006 -3.54084e+02 | 60  0.02023 -1.29325e+03
 61  0.01419 -5.48552e+02 | 62  0.01311 -6.95762e+02 | 63  0.01651 -4.77831e+02
 64  0.01567  1.84340e+02 | 65  0.01658  6.62515e+02 | 66  0.01231  2.18916e+02
 67  0.01794 -3.10908e+02 | 68  0.01985 -7.14782e+02 | 69  0.02014 -3.34683e+02
 70  0.02517 -2.52726e+02 | 71  0.02895 -2.88584e+02 | 72  0.02780 -7.58496e+01
 73  0.02472  2.54484e+02 | 74  0.02003  6.55997e+02 | 75  0.01700  5.64004e+02
 76 -0.19520  2.74242e+02 | 77 -0.60611 -3.14566e+03 | 78 -0.55362  1.12362e+03
2 0 21743.9
2 0 21743.9
2 0 21743.9
2 0 21743.9
2 0 21743.9
2 0 21743.9
2 0 21743.9
2 0 21743.9
2 0 21743.9
2 0 21743.9
2 0 21743.9
2 0 21743.9
2 0 21743.9
78 variables; iteration 40; function evaluation 52; phase 2
Function value   2.1743872e+04; maximum gradient component mag  -1.1808e+04
Var   Value    Gradient   |Var   Value    Gradient   |Var   Value    Gradient
  1 -0.63647  1.39602e+02 |  2 -0.43821  2.25514e+02 |  3  0.22220 -1.05477e+03
  4  0.24423  5.28230e+02 |  5  0.15970 -2.54106e+00 |  6  0.10492 -1.38107e+01
  7  0.07271 -1.41437e+00 |  8  0.05103 -1.03366e+00 |  9  0.03507 -9.65822e-01
 10  0.02269 -8.25626e-01 | 11  0.01271 -1.14705e+00 | 12  0.00461 -1.60698e+00
 13 -0.00187 -1.90790e+00 | 14 -0.00688 -2.05108e+00 | 15 -0.01054 -2.11863e+00
 16 -0.01294 -2.16172e+00 | 17 -0.01412 -2.14460e+00 | 18  0.11968  2.19559e+03
 19 -0.02719 -7.67429e+02 | 20 -0.02446 -1.87734e+03 | 21 -0.02260 -3.48382e+02
 22 -0.02224  2.72894e+02 | 23 -0.01775 -9.32941e+02 | 24 -0.01500 -3.92780e+02
 25 -0.01333  1.28648e+02 | 26 -0.00646  7.84986e+02 | 27 -0.00725 -6.53435e+02
 28 -0.00513 -3.00091e+02 | 29 -0.00259 -9.20699e+01 | 30  0.00014  4.56138e+02
 31  0.00222  4.13079e+02 | 32  0.00028  6.31298e+02 | 33  0.00094 -2.85191e+02
 34  0.00280  9.71758e+01 | 35  0.00665  2.88561e+02 | 36  0.00877 -2.99131e+02
 37  0.00901 -2.21153e+02 | 38  0.00761  2.51398e+02 | 39  0.01448  7.46107e+02
 40  0.01540  7.78216e+02 | 41  0.01554  3.07207e+02 | 42  0.01469  5.00134e+02
 43  0.01514  5.86901e+02 | 44  0.01491  1.83979e+02 | 45  0.01661 -3.74672e+01
 46  0.01888 -1.41842e+02 | 47  0.13388 -1.18084e+04 | 48 -0.07724 -1.42177e+02
 49 -0.05426  1.89599e+03 | 50 -0.04903  7.91726e+02 | 51 -0.04347  3.78457e+02
 52 -0.03359  6.34795e+02 | 53 -0.02772  3.24211e+01 | 54 -0.02596 -1.06323e+03
 55 -0.02097 -3.09333e+02 | 56 -0.00501  6.53026e+02 | 57  0.00075  5.36738e+02
 58  0.00655 -2.89753e+02 | 59  0.02008 -3.44848e+02 | 60  0.02034 -1.29236e+03
 61  0.01424 -5.60257e+02 | 62  0.01323 -6.44767e+02 | 63  0.01665 -4.08331e+02
 64  0.01568  2.04547e+02 | 65  0.01653  6.37207e+02 | 66  0.01229  1.94845e+02
 67  0.01801 -3.02447e+02 | 68  0.01992 -7.11470e+02 | 69  0.02013 -3.43175e+02
 70  0.02513 -2.96618e+02 | 71  0.02891 -3.50613e+02 | 72  0.02778 -1.01526e+02
 73  0.02479  2.78915e+02 | 74  0.02019  6.81301e+02 | 75  0.01624  5.63206e+02
 76 -0.19579  2.75418e+02 | 77 -0.60617 -3.20973e+03 | 78 -0.55367  1.14736e+03
2 0 21743.9
2 0 21743.9
2 0 21743.8
2 0 21743.9
2 0 21743.8
2 0 21743.8
2 0 21743.8
2 0 21743.8
2 0 21743.9
2 0 21743.8
2 0 21743.8
2 0 21743.8
78 variables; iteration 50; function evaluation 64; phase 2
Function value   2.1743769e+04; maximum gradient component mag  -1.1795e+04
Var   Value    Gradient   |Var   Value    Gradient   |Var   Value    Gradient
  1 -0.63644  1.38206e+02 |  2 -0.43796  2.26619e+02 |  3  0.22224 -1.05605e+03
  4  0.24421  5.23821e+02 |  5  0.15950 -7.69266e+00 |  6  0.10557 -9.93922e+00
  7  0.07314  3.41041e+00 |  8  0.04977 -2.38128e+00 |  9  0.03232 -5.48473e+00
 10  0.01954 -4.51665e+00 | 11  0.01008 -2.56276e+00 | 12  0.00278 -1.40171e+00
 13 -0.00305 -1.29495e+00 | 14 -0.00764 -1.60413e+00 | 15 -0.01107 -1.87619e+00
 16 -0.01334 -2.03679e+00 | 17 -0.01447 -2.06771e+00 | 18  0.11963  2.19831e+03
 19 -0.02723 -7.61968e+02 | 20 -0.02440 -1.86992e+03 | 21 -0.02254 -3.39471e+02
 22 -0.02220  2.73644e+02 | 23 -0.01771 -9.29252e+02 | 24 -0.01496 -3.87472e+02
 25 -0.01332  1.32123e+02 | 26 -0.00648  7.79595e+02 | 27 -0.00730 -6.68020e+02
 28 -0.00511 -3.01176e+02 | 29 -0.00249 -7.70990e+01 | 30  0.00016  4.59306e+02
 31  0.00227  4.20297e+02 | 32  0.00032  6.35383e+02 | 33  0.00088 -2.98958e+02
 34  0.00276  9.60379e+01 | 35  0.00657  2.55042e+02 | 36  0.00879 -2.76094e+02
 37  0.00903 -2.32466e+02 | 38  0.00763  2.62720e+02 | 39  0.01445  7.32314e+02
 40  0.01541  7.80791e+02 | 41  0.01562  3.25407e+02 | 42  0.01467  4.87950e+02
 43  0.01511  5.88357e+02 | 44  0.01488  1.62318e+02 | 45  0.01662 -2.15311e+01
 46  0.01869 -1.50150e+02 | 47  0.13391 -1.17953e+04 | 48 -0.07726 -1.46364e+02
 49 -0.05427  1.89353e+03 | 50 -0.04903  7.95903e+02 | 51 -0.04348  3.82073e+02
 52 -0.03359  6.38026e+02 | 53 -0.02772  3.67299e+01 | 54 -0.02599 -1.06427e+03
 55 -0.02103 -3.15314e+02 | 56 -0.00507  6.47382e+02 | 57  0.00081  5.62750e+02
 58  0.00651 -2.97197e+02 | 59  0.02006 -3.46118e+02 | 60  0.02038 -1.27741e+03
 61  0.01417 -5.70616e+02 | 62  0.01318 -6.54544e+02 | 63  0.01661 -3.94504e+02
 64  0.01560  1.80969e+02 | 65  0.01654  6.48010e+02 | 66  0.01228  1.92591e+02
 67  0.01797 -3.02100e+02 | 68  0.01987 -7.15911e+02 | 69  0.02016 -3.39925e+02
 70  0.02512 -2.92447e+02 | 71  0.02886 -3.58034e+02 | 72  0.02776 -9.00408e+01
 73  0.02479  2.79905e+02 | 74  0.02021  6.70195e+02 | 75  0.01671  5.65469e+02
 76 -0.19564  2.76052e+02 | 77 -0.60618 -3.21353e+03 | 78 -0.55368  1.14817e+03
2 0 21743.7
2 0 21743.7
2 0 21743.8
2 0 21743.7
2 0 21743.7
2 0 21743.7
2 0 21743.6
2 0 21743.4
2 0 21746.7
2 0 21743.4
2 0 21743.4
2 0 21743.4
2 0 21743.3
78 variables; iteration 60; function evaluation 77; phase 2
Function value   2.1743303e+04; maximum gradient component mag  -1.1727e+04
Var   Value    Gradient   |Var   Value    Gradient   |Var   Value    Gradient
  1 -0.63641  1.39795e+02 |  2 -0.43822  2.26462e+02 |  3  0.22236 -1.05429e+03
  4  0.24407  5.18347e+02 |  5  0.15975 -1.10971e+01 |  6  0.10744  7.34287e+00
  7  0.07199 -7.66629e+00 |  8  0.04856 -1.23083e+01 |  9  0.03376  2.06178e+01
 10  0.01577 -3.76830e-01 | 11 -0.00040 -1.67098e+01 | 12 -0.01053 -1.62371e+01
 13 -0.01506 -8.55911e+00 | 14 -0.01645 -1.21170e+00 | 15 -0.01696  1.38802e+00
 16 -0.01743  9.47344e-01 | 17 -0.01776  2.79100e-01 | 18  0.11946  2.19059e+03
 19 -0.02750 -7.69958e+02 | 20 -0.02437 -1.87143e+03 | 21 -0.02259 -3.51485e+02
 22 -0.02223  2.63567e+02 | 23 -0.01770 -9.04392e+02 | 24 -0.01496 -3.79791e+02
 25 -0.01336  7.04921e+01 | 26 -0.00636  8.17947e+02 | 27 -0.00721 -6.58761e+02
 28 -0.00502 -2.62735e+02 | 29 -0.00249 -9.90970e+01 | 30  0.00019  4.75829e+02
 31  0.00222  4.11134e+02 | 32  0.00025  6.23053e+02 | 33  0.00087 -3.00213e+02
 34  0.00298  1.39823e+02 | 35  0.00649  2.39514e+02 | 36  0.00879 -2.70893e+02
 37  0.00909 -2.09641e+02 | 38  0.00752  2.46398e+02 | 39  0.01440  7.08802e+02
 40  0.01547  8.17571e+02 | 41  0.01552  2.95799e+02 | 42  0.01462  4.79079e+02
 43  0.01521  6.19242e+02 | 44  0.01471  1.43342e+02 | 45  0.01649 -4.39208e+01
 46  0.01907 -1.53581e+02 | 47  0.13386 -1.17266e+04 | 48 -0.07712 -1.43746e+02
 49 -0.05419  1.89645e+03 | 50 -0.04893  8.11014e+02 | 51 -0.04343  3.62259e+02
 52 -0.03357  6.10846e+02 | 53 -0.02760  8.41503e+01 | 54 -0.02585 -1.04162e+03
 55 -0.02090 -2.96566e+02 | 56 -0.00500  6.29165e+02 | 57  0.00093  5.82390e+02
 58  0.00661 -2.92542e+02 | 59  0.02014 -3.42315e+02 | 60  0.02043 -1.27600e+03
 61  0.01409 -6.03734e+02 | 62  0.01352 -5.98635e+02 | 63  0.01662 -4.10199e+02
 64  0.01563  1.68702e+02 | 65  0.01669  6.58770e+02 | 66  0.01226  1.66781e+02
 67  0.01803 -2.86458e+02 | 68  0.01998 -7.15287e+02 | 69  0.02024 -3.31398e+02
 70  0.02507 -3.06886e+02 | 71  0.02910 -3.17671e+02 | 72  0.02773 -1.22184e+02
 73  0.02476  2.60273e+02 | 74  0.01990  6.48393e+02 | 75  0.01505  5.54842e+02
 76 -0.19441  2.75574e+02 | 77 -0.60632 -3.23165e+03 | 78 -0.55390  1.15413e+03
2 0 21743.2
2 0 21743.1
2 0 21743.1
2 0 21742.5
2 0 21744.2
2 0 21742.4
2 0 21742.2
2 0 21741.8
2 0 21742
2 0 21741.7
2 0 21741.4
2 0 21740.9
2 0 21741.6
2 0 21740.8
78 variables; iteration 70; function evaluation 91; phase 2
Function value   2.1740807e+04; maximum gradient component mag  -1.1826e+04
Var   Value    Gradient   |Var   Value    Gradient   |Var   Value    Gradient
  1 -0.63692  1.30813e+02 |  2 -0.44032  2.24725e+02 |  3  0.22355 -9.86054e+02
  4  0.24595  5.93559e+02 |  5  0.16244  1.04155e+01 |  6  0.11041  2.56246e+01
  7  0.07217 -1.72667e+01 |  8  0.04946  5.06139e+00 |  9  0.03065  2.33452e+01
 10  0.00796 -2.37483e+01 | 11 -0.00596  1.64578e+01 | 12 -0.02375 -7.90674e+00
 13 -0.03853 -1.27849e+01 | 14 -0.04904 -1.59274e+01 | 15 -0.05443 -1.59505e+01
 16 -0.05474 -4.40434e+00 | 17 -0.05347  5.04382e+00 | 18  0.11863  2.18832e+03
 19 -0.02648 -9.38768e+02 | 20 -0.02386 -1.74117e+03 | 21 -0.02235 -2.95323e+02
 22 -0.02203  2.70979e+02 | 23 -0.01747 -8.76424e+02 | 24 -0.01485 -3.62908e+02
 25 -0.01337  9.79649e+01 | 26 -0.00669  7.14853e+02 | 27 -0.00742 -6.94257e+02
 28 -0.00505 -2.61273e+02 | 29 -0.00242 -7.11185e+01 | 30  0.00011  4.61115e+02
 31  0.00202  3.75478e+02 | 32  0.00027  6.21145e+02 | 33  0.00113 -2.42569e+02
 34  0.00304  1.46074e+02 | 35  0.00642  2.37219e+02 | 36  0.00855 -2.97199e+02
 37  0.00915 -1.67178e+02 | 38  0.00760  2.74811e+02 | 39  0.01406  6.54900e+02
 40  0.01543  8.22996e+02 | 41  0.01527  2.83140e+02 | 42  0.01399  3.68142e+02
 43  0.01555  6.96512e+02 | 44  0.01516  2.72420e+02 | 45  0.01583 -1.44206e+02
 46  0.01852 -1.35598e+02 | 47  0.13398 -1.18256e+04 | 48 -0.07702 -1.10691e+02
 49 -0.05433  1.85158e+03 | 50 -0.04897  8.18439e+02 | 51 -0.04337  3.95446e+02
 52 -0.03352  6.37382e+02 | 53 -0.02765  6.35477e+01 | 54 -0.02608 -1.05022e+03
 55 -0.02116 -3.21313e+02 | 56 -0.00513  6.23187e+02 | 57  0.00091  5.88837e+02
 58  0.00659 -2.78554e+02 | 59  0.01998 -3.46199e+02 | 60  0.02030 -1.26593e+03
 61  0.01423 -5.61607e+02 | 62  0.01351 -5.88930e+02 | 63  0.01664 -3.82720e+02
 64  0.01533  1.06368e+02 | 65  0.01658  6.24070e+02 | 66  0.01242  2.05232e+02
 67  0.01771 -3.40036e+02 | 68  0.01994 -6.82772e+02 | 69  0.02046 -2.57014e+02
 70  0.02441 -4.26650e+02 | 71  0.02898 -3.11272e+02 | 72  0.02844  2.41599e+01
 73  0.02409  1.08661e+02 | 74  0.02038  7.09434e+02 | 75  0.01659  5.67743e+02
 76 -0.19413  2.77010e+02 | 77 -0.60698 -3.47945e+03 | 78 -0.55460  1.24560e+03
2 0 21740.6
2 0 21741.3
2 0 21740.5
2 0 21740.4
2 0 21740.3
2 0 21740
2 0 21737.4
2 0 21731.9
2 0 21704.3
2 0 21842.3
2 0 21698.8
2 0 21732.3
2 0 21698.1
2 0 21706.1
2 0 21698.1
2 0 21698
2 0 21697
2 0 21690.3
78 variables; iteration 80; function evaluation 109; phase 2
Function value   2.1690380e+04; maximum gradient component mag  -7.1161e+03
Var   Value    Gradient   |Var   Value    Gradient   |Var   Value    Gradient
  1 -0.63902  4.34278e+01 |  2 -0.46547  1.52820e+02 |  3  0.23794 -5.14986e+02
  4  0.24616  2.30361e+02 |  5  0.16375 -6.25309e+00 |  6  0.10748 -8.04084e+00
  7  0.07258  1.72223e-01 |  8  0.04824  6.51339e+00 |  9  0.02781 -7.41427e+00
 10  0.01313 -2.55597e+00 | 11  0.00162 -4.38832e+00 | 12 -0.00677  4.92357e+00
 13 -0.01519  2.69286e+00 | 14 -0.02325 -1.28514e+01 | 15 -0.02650 -3.14268e+00
 16 -0.02791 -5.21681e+00 | 17 -0.02691  6.19656e+00 | 18  0.09956  7.11421e+02
 19 -0.01769 -2.15037e+02 | 20 -0.01780 -3.04658e+02 | 21 -0.02001  1.58891e+02
 22 -0.01933  2.20458e+02 | 23 -0.01342 -4.06532e+01 | 24 -0.01231 -7.61004e+01
 25 -0.01100  1.21148e+02 | 26 -0.00487  2.13504e+02 | 27 -0.00519  7.63253e+01
 28 -0.00556 -1.81116e+02 | 29 -0.00336 -2.31018e+02 | 30 -0.00103  1.54082e+02
 31  0.00034 -1.45653e+02 | 32  0.00063  1.51381e+02 | 33  0.00354  2.61258e+02
 34  0.00416  7.73026e+01 | 35  0.00606  2.68082e+01 | 36  0.00887  1.53846e+02
 37  0.00817  1.88494e+02 | 38  0.00556 -2.44447e+02 | 39  0.01032 -1.13779e+02
 40  0.01086 -1.17345e+02 | 41  0.01152 -1.80836e+02 | 42  0.01043 -6.11924e+01
 43  0.01108 -4.80515e+01 | 44  0.01234  1.20095e+02 | 45  0.01429  2.25624e+02
 46  0.01330 -2.46350e+02 | 47  0.13577 -7.11609e+03 | 48 -0.07383  4.31752e+01
 49 -0.05625  2.82794e+02 | 50 -0.04880  5.07335e+02 | 51 -0.04221  1.73867e+02
 52 -0.03348  2.38103e+02 | 53 -0.02710  1.72224e+02 | 54 -0.02400 -7.72134e+01
 55 -0.01969 -3.70737e+01 | 56 -0.00543  2.51609e+02 | 57  0.00012  2.67880e+02
 58  0.00651 -1.72604e+02 | 59  0.01953  9.94443e+01 | 60  0.02120 -1.82902e+02
 61  0.01548 -1.14544e+02 | 62  0.01484 -1.06763e+02 | 63  0.01674 -9.50649e+00
 64  0.01550 -9.85046e+01 | 65  0.01544 -1.84597e+02 | 66  0.01186  4.88057e+01
 67  0.01747  9.17964e+01 | 68  0.01935  5.55947e+01 | 69  0.01939  1.10219e+02
 70  0.02438  6.23846e+01 | 71  0.02776 -4.32199e+01 | 72  0.02653 -1.97284e+02
 73  0.02384 -3.07170e+02 | 74  0.01974  1.77600e+02 | 75  0.01686  3.80815e+02
 76 -0.15668  2.18868e+02 | 77 -0.61618 -3.22555e+03 | 78 -0.55971  1.19741e+03
2 0 21681.3
2 0 21674.2
2 0 21672.6
2 0 21671.7
2 0 21669.9
2 0 21668.7
2 0 21667.1
2 0 21665
2 0 21664.4
2 0 21663.4
2 0 21662.2
2 0 21661.4
78 variables; iteration 90; function evaluation 121; phase 2
Function value   2.1661359e+04; maximum gradient component mag  -5.4133e+02
Var   Value    Gradient   |Var   Value    Gradient   |Var   Value    Gradient
  1 -0.61509  7.45577e+01 |  2 -0.46916 -1.97913e+01 |  3  0.25715 -3.45178e+01
  4  0.24883  6.56212e+01 |  5  0.16767  1.47346e+00 |  6  0.11120  2.83581e+00
  7  0.07498 -9.60795e-01 |  8  0.05084  7.98434e+00 |  9  0.03112 -3.76476e+00
 10  0.01687  1.66572e+00 | 11  0.00524 -2.73896e+00 | 12 -0.00319  4.27339e+00
 13 -0.01094  2.94957e+00 | 14 -0.01793 -2.91241e+00 | 15 -0.02265 -4.34868e+00
 16 -0.02480  2.36269e+00 | 17 -0.02646 -1.66763e+00 | 18  0.09260 -1.26853e+02
 19 -0.02136 -2.18754e+01 | 20 -0.01945  6.08373e+01 | 21 -0.02285  6.82883e+01
 22 -0.02221  1.98314e+01 | 23 -0.01484  9.00533e-01 | 24 -0.01352  2.55448e+01
 25 -0.01216  2.93836e+01 | 26 -0.00593  3.22517e+01 | 27 -0.00630  4.43306e+00
 28 -0.00577 -1.26674e+01 | 29 -0.00277 -2.19196e+00 | 30 -0.00075  2.99379e+01
 31  0.00072  8.57966e+00 | 32  0.00081  2.79316e+00 | 33  0.00356  6.30780e+00
 34  0.00474  1.11394e-01 | 35  0.00696 -1.99207e+01 | 36  0.00975 -1.55203e+01
 37  0.00904 -6.02448e+00 | 38  0.00708 -5.70797e+00 | 39  0.01213 -4.04128e+01
 40  0.01281 -5.60500e+01 | 41  0.01353 -3.57219e+01 | 42  0.01213 -3.10632e+01
 43  0.01272 -3.81601e+01 | 44  0.01383 -2.17245e+01 | 45  0.01566  4.95462e+01
 46  0.01242 -3.32574e+01 | 47  0.14660 -5.41332e+02 | 48 -0.07030 -1.88669e+01
 49 -0.05388 -1.02234e+02 | 50 -0.04773 -4.54888e+01 | 51 -0.04052 -2.19165e+01
 52 -0.03228 -2.74404e+01 | 53 -0.02622 -2.94984e+01 | 54 -0.02320 -3.08385e+01
 55 -0.01924 -1.52921e+01 | 56 -0.00581  5.67951e+00 | 57  0.00002  1.82935e+01
 58  0.00700 -1.18144e+01 | 59  0.01889 -2.54227e+01 | 60  0.02116 -1.49423e+01
 61  0.01493 -9.02772e+00 | 62  0.01422 -6.30432e-01 | 63  0.01576  1.73836e+01
 64  0.01446  2.85234e+01 | 65  0.01437  2.98029e+01 | 66  0.01092  2.87940e+01
 67  0.01604  4.51706e+01 | 68  0.01792  6.46994e+01 | 69  0.01797  5.34302e+01
 70  0.02293  4.89678e+01 | 71  0.02636  5.10843e+01 | 72  0.02512  4.07370e+01
 73  0.02263 -3.51430e+01 | 74  0.01982 -5.36931e+01 | 75  0.01841  1.84351e+01
 76 -0.00476 -3.67852e+01 | 77 -0.61633  2.74737e+02 | 78 -0.57583 -1.57749e+02
2 0 21660.5
2 0 21659.5
2 0 21657.7
2 0 21655.9
2 0 21656
2 0 21655.4
2 0 21654.9
2 0 21654.3
2 0 21653.9
2 0 21653.6
2 0 21653.1
78 variables; iteration 100; function evaluation 132; phase 2
Function value   2.1653131e+04; maximum gradient component mag  -1.2215e+03
Var   Value    Gradient   |Var   Value    Gradient   |Var   Value    Gradient
  1 -0.58645  9.89694e+01 |  2 -0.43862 -4.31710e+01 |  3  0.27216 -7.74279e+01
  4  0.25295 -2.62816e+01 |  5  0.17350 -8.03193e+00 |  6  0.11659 -1.68378e+00
  7  0.07969 -2.09815e+00 |  8  0.05448  4.69185e-01 |  9  0.03547 -1.58033e+00
 10  0.02106  9.05943e-01 | 11  0.00936 -4.52840e-01 | 12  0.00008  5.27622e-01
 13 -0.00749 -1.24655e-01 | 14 -0.01345 -9.42806e-01 | 15 -0.01774 -1.02993e+00
 16 -0.02048 -4.54456e-01 | 17 -0.02189 -8.70228e-01 | 18  0.09755 -3.03392e+01
 19 -0.02488  9.28341e+01 | 20 -0.02108  2.58611e+01 | 21 -0.02423 -3.14524e+01
 22 -0.02321 -2.29247e+01 | 23 -0.01546 -6.40848e+00 | 24 -0.01414 -5.03233e+00
 25 -0.01255 -4.34762e+00 | 26 -0.00636  7.73896e+00 | 27 -0.00682  6.28261e+00
 28 -0.00613  2.50334e+00 | 29 -0.00284  1.01459e+01 | 30 -0.00079  1.02567e+00
 31  0.00074  4.91760e+00 | 32  0.00129  1.33003e+01 | 33  0.00438  1.42594e+01
 34  0.00569  2.67416e-01 | 35  0.00793 -9.23306e+00 | 36  0.01071 -1.27894e+00
 37  0.00966  4.62059e+00 | 38  0.00782  1.22963e+01 | 39  0.01299 -1.60247e+01
 40  0.01370 -2.81472e+01 | 41  0.01436 -1.19811e+01 | 42  0.01280 -9.43261e+00
 43  0.01343 -1.89154e+01 | 44  0.01469 -1.99361e+01 | 45  0.01641 -1.55236e+01
 46  0.01188  4.58335e+00 | 47  0.15700 -1.22151e+03 | 48 -0.06749 -7.83865e+01
 49 -0.05109 -1.05551e+02 | 50 -0.04552 -6.45445e+01 | 51 -0.03871 -4.89553e+01
 52 -0.03069 -5.21368e+01 | 53 -0.02502 -4.13725e+01 | 54 -0.02235 -1.36199e+01
 55 -0.01854 -3.12583e+00 | 56 -0.00536 -1.78380e+01 | 57  0.00013 -1.85026e+01
 58  0.00702 -5.21435e+00 | 59  0.01869 -2.54470e+00 | 60  0.02079  9.38665e-01
 61  0.01443  9.10849e-01 | 62  0.01364  8.80880e+00 | 63  0.01489  1.80251e+01
 64  0.01350  1.61802e+01 | 65  0.01332  1.04241e+01 | 66  0.00984  6.49120e+00
 67  0.01467  2.59982e+01 | 68  0.01645  4.53951e+01 | 69  0.01654  3.65743e+01
 70  0.02155  3.57771e+01 | 71  0.02484  4.32708e+01 | 72  0.02348  4.96351e+01
 73  0.02132  5.07157e+01 | 74  0.01975  3.41217e+01 | 75  0.01969  5.92203e+01
 76  0.06658  1.71554e+02 | 77 -0.58699 -3.07450e+00 | 78 -0.51510  4.21978e+01
2 0 21652.7
2 0 21652.4
2 0 21652.4
2 0 21652.3
2 0 21652.1
2 0 21652.1
2 0 21652.1
2 0 21652
2 0 21652
2 0 21652
78 variables; iteration 110; function evaluation 142; phase 2
Function value   2.1652044e+04; maximum gradient component mag  -3.1614e+01
Var   Value    Gradient   |Var   Value    Gradient   |Var   Value    Gradient
  1 -0.57314  8.07232e-01 |  2 -0.42541 -1.75923e-01 |  3  0.28031 -2.89881e-01
  4  0.25568 -7.61259e-01 |  5  0.17557 -1.27935e-01 |  6  0.11813 -7.92315e-02
  7  0.08099 -3.73767e-02 |  8  0.05534 -5.16702e-02 |  9  0.03630 -1.35067e-02
 10  0.02158 -7.96631e-03 | 11  0.00998 -1.10590e-02 | 12  0.00082 -2.20359e-02
 13 -0.00636 -5.18702e-03 | 14 -0.01184  2.12405e-02 | 15 -0.01582 -7.74002e-03
 16 -0.01840  5.81296e-02 | 17 -0.01969 -2.66801e-02 | 18  0.09753  1.57945e+00
 19 -0.02783  1.05883e+00 | 20 -0.02198 -2.98511e-01 | 21 -0.02484 -5.90899e-01
 22 -0.02365 -1.03870e+00 | 23 -0.01570 -1.05149e+00 | 24 -0.01438  6.24571e-02
 25 -0.01271 -1.98580e-01 | 26 -0.00661 -5.05273e-01 | 27 -0.00714 -2.16396e-01
 28 -0.00632 -5.31454e-01 | 29 -0.00293 -6.81493e-01 | 30 -0.00084 -1.09368e+00
 31  0.00072 -3.87395e-01 | 32  0.00145 -1.65936e-01 | 33  0.00475  1.86048e-01
 34  0.00619 -4.28653e-01 | 35  0.00849 -3.17066e-01 | 36  0.01124  3.21837e-02
 37  0.01003  4.37499e-01 | 38  0.00817  1.07974e-01 | 39  0.01350  4.37583e-01
 40  0.01429  1.76444e-01 | 41  0.01490 -1.25132e-01 | 42  0.01325 -2.53893e-02
 43  0.01391  3.61069e-01 | 44  0.01527  1.76405e+00 | 45  0.01698  6.49392e+00
 46  0.01179 -3.47760e+00 | 47  0.16259 -3.16137e+01 | 48 -0.06594  1.15003e+00
 49 -0.04958  1.78345e+00 | 50 -0.04424  3.89083e+00 | 51 -0.03767  4.81532e+00
 52 -0.02977  4.47309e+00 | 53 -0.02426  3.23026e+00 | 54 -0.02183  1.64687e+00
 55 -0.01812 -1.26368e-01 | 56 -0.00506 -1.89197e+00 | 57  0.00030 -2.62181e+00
 58  0.00708 -2.64873e+00 | 59  0.01861 -2.89803e+00 | 60  0.02059 -2.42942e+00
 61  0.01416 -1.88087e+00 | 62  0.01329 -1.37568e+00 | 63  0.01442 -8.09379e-01
 64  0.01299 -5.90992e-01 | 65  0.01284 -5.20692e-01 | 66  0.00932  4.40929e-01
 67  0.01392  4.78287e-01 | 68  0.01566  8.16014e-01 | 69  0.01580  1.21015e+00
 70  0.02083  1.35262e+00 | 71  0.02403  8.08531e-01 | 72  0.02259 -1.15156e+00
 73  0.02058 -7.15252e+00 | 74  0.01962 -1.61634e+00 | 75  0.01963  1.59740e+00
 76  0.09394  6.91244e+00 | 77 -0.57872 -9.70088e+00 | 78 -0.50321  4.51300e+00
2 0 21652
2 0 21652
2 0 21652
2 0 21652
2 0 21652
2 0 21652
2 0 21652
2 0 21652
2 0 21652
2 0 21652
78 variables; iteration 120; function evaluation 152; phase 2
Function value   2.1652044e+04; maximum gradient component mag   1.6157e-02
Var   Value    Gradient   |Var   Value    Gradient   |Var   Value    Gradient
  1 -0.57313  2.93710e-04 |  2 -0.42538  2.92638e-05 |  3  0.28031 -7.14432e-04
  4  0.25568  9.35634e-04 |  5  0.17558 -3.39504e-05 |  6  0.11814  3.04240e-05
  7  0.08100  5.50594e-06 |  8  0.05536  6.58337e-05 |  9  0.03631 -2.00410e-06
 10  0.02159  5.88926e-06 | 11  0.00999  1.08350e-05 | 12  0.00081  5.82748e-05
 13 -0.00638  3.20512e-05 | 14 -0.01187 -2.30806e-05 | 15 -0.01585 -3.80624e-06
 16 -0.01844 -3.89125e-05 | 17 -0.01973  4.15921e-05 | 18  0.09752  5.88166e-04
 19 -0.02784 -2.83617e-04 | 20 -0.02198 -2.72940e-03 | 21 -0.02484  1.49747e-04
 22 -0.02365 -4.26522e-04 | 23 -0.01570  5.68464e-04 | 24 -0.01437 -6.21064e-04
 25 -0.01270 -1.50568e-03 | 26 -0.00660 -1.70478e-03 | 27 -0.00713 -1.17271e-03
 28 -0.00632  4.08548e-04 | 29 -0.00293  9.71262e-04 | 30 -0.00083  3.41781e-04
 31  0.00073  1.10572e-03 | 32  0.00145  7.73745e-04 | 33  0.00475  8.19943e-04
 34  0.00619  2.03620e-03 | 35  0.00850  2.41987e-03 | 36  0.01125  1.05456e-03
 37  0.01003 -9.61658e-04 | 38  0.00817 -1.30583e-03 | 39  0.01350 -1.15187e-03
 40  0.01429 -8.82107e-04 | 41  0.01490 -3.02136e-04 | 42  0.01325  8.79801e-04
 43  0.01391  2.13089e-03 | 44  0.01526  1.24793e-03 | 45  0.01695 -3.15606e-03
 46  0.01173  1.41185e-03 | 47  0.16259  1.61566e-02 | 48 -0.06594  1.39544e-03
 49 -0.04959  6.55998e-04 | 50 -0.04425 -2.39470e-03 | 51 -0.03768 -2.94777e-03
 52 -0.02978 -1.92152e-03 | 53 -0.02427 -4.27037e-04 | 54 -0.02183 -1.16085e-04
 55 -0.01812 -5.05134e-04 | 56 -0.00506 -1.86598e-03 | 57  0.00030 -1.58791e-03
 58  0.00708 -1.25826e-04 | 59  0.01861 -7.18899e-04 | 60  0.02059  3.06131e-04
 61  0.01416  2.88277e-04 | 62  0.01329 -9.82060e-04 | 63  0.01442 -2.36829e-03
 64  0.01299 -1.18317e-03 | 65  0.01284  9.64111e-04 | 66  0.00931  1.33688e-03
 67  0.01392  2.17455e-03 | 68  0.01565  2.68591e-03 | 69  0.01579  2.68194e-03
 70  0.02083  1.58284e-03 | 71  0.02403 -5.21910e-04 | 72  0.02260 -1.08951e-03
 73  0.02059  2.66669e-03 | 74  0.01966  1.01218e-03 | 75  0.01966 -9.61395e-04
 76  0.09394 -2.59417e-03 | 77 -0.57870 -4.15777e-03 | 78 -0.50319  1.36134e-03
2 0 21652
2 0 21652
2 0 21652

 - final statistics:
78 variables; iteration 123; function evaluation 155
Function value   2.1652e+04; maximum gradient component mag  -3.8915e-04
Exit code = 1;  converg criter   1.0000e-03
Var   Value    Gradient   |Var   Value    Gradient   |Var   Value    Gradient
  1 -0.57313  6.28001e-05 |  2 -0.42538 -2.40297e-05 |  3  0.28031  9.01457e-05
  4  0.25568 -1.47926e-05 |  5  0.17558  8.36632e-06 |  6  0.11814 -2.34626e-07
  7  0.08100  5.32794e-07 |  8  0.05536 -3.74894e-06 |  9  0.03631  3.30142e-07
 10  0.02159 -1.20312e-07 | 11  0.00999 -2.04018e-07 | 12  0.00081 -2.86574e-06
 13 -0.00638 -7.96933e-07 | 14 -0.01187  2.69264e-06 | 15 -0.01585  1.47300e-06
 16 -0.01844  4.48574e-06 | 17 -0.01973 -1.40000e-06 | 18  0.09752  3.79778e-05
 19 -0.02784 -4.88384e-05 | 20 -0.02198  9.40278e-05 | 21 -0.02484  5.98285e-06
 22 -0.02365  1.05586e-05 | 23 -0.01570 -4.76363e-05 | 24 -0.01437 -4.83769e-06
 25 -0.01270  3.55358e-05 | 26 -0.00660  3.46058e-07 | 27 -0.00713  6.72583e-06
 28 -0.00632 -4.50067e-05 | 29 -0.00293 -6.19089e-06 | 30 -0.00083  7.67716e-05
 31  0.00073  3.82665e-05 | 32  0.00145  8.68098e-05 | 33  0.00475  1.19114e-04
 34  0.00619  2.25568e-05 | 35  0.00850 -4.33071e-05 | 36  0.01125 -1.91349e-05
 37  0.01003 -8.59516e-06 | 38  0.00817 -5.24148e-05 | 39  0.01350 -8.10826e-05
 40  0.01429 -7.71927e-05 | 41  0.01490 -2.92724e-05 | 42  0.01325  7.98696e-06
 43  0.01391  4.17146e-07 | 44  0.01526 -1.24322e-05 | 45  0.01695 -3.83950e-06
 46  0.01173 -3.05806e-05 | 47  0.16259 -3.89148e-04 | 48 -0.06594  3.63953e-05
 49 -0.04959  4.22813e-05 | 50 -0.04425  9.34359e-05 | 51 -0.03768  9.33081e-05
 52 -0.02978  8.54483e-05 | 53 -0.02427  6.82586e-05 | 54 -0.02183  4.45398e-05
 55 -0.01812 -7.41449e-06 | 56 -0.00506  2.10148e-05 | 57  0.00030  7.89330e-06
 58  0.00708 -4.93957e-05 | 59  0.01861 -5.55265e-05 | 60  0.02059 -1.13384e-04
 61  0.01416 -1.61995e-04 | 62  0.01329 -1.48275e-04 | 63  0.01442 -6.20121e-05
 64  0.01299  1.60185e-06 | 65  0.01284  1.64660e-05 | 66  0.00931  7.50567e-05
 67  0.01392  9.31629e-05 | 68  0.01565  5.26134e-05 | 69  0.01579 -1.02816e-05
 70  0.02083 -2.12014e-05 | 71  0.02403  8.31686e-06 | 72  0.02260 -1.55988e-06
 73  0.02059 -5.34648e-05 | 74  0.01966 -3.30310e-06 | 75  0.01966  2.71353e-05
 76  0.09394 -7.05818e-06 | 77 -0.57870  4.28305e-05 | 78 -0.50319 -7.97356e-06
2 0 21652
B034209.1
0.3 0.711516
0.609871 0.577837
1.00688 0.488302
1.40474 0.436285
1.75105 0.40572
2.02981 0.386909
2.24386 0.374862
2.40326 0.36693
2.51951 0.36161
2.60308 0.357998
2.66257 0.355527
2.70461 0.353827
2.73419 0.352654
2.75492 0.351842
2.76942 0.351279
2.77954 0.350889
2.7866 0.350618
2.79152 0.35043
2.79495 0.350299
2.79733 0.350208
2.79899 0.350208
Survey Bio27.3417
Survey len10764.6
CPUE51.0958
Catch4.23743
Catch len10780.8
initsmo_penal20.3645
F_pen0.780952
Rec_pen2.82905
M_pen0


Starting time: Sun Jun 17 22:50:01 2018
Finishing time: Sun Jun 17 22:50:20 2018
This run took: 0 hours, 0 minutes, 19 seconds.

