survYears 71 72 73 74 75 76 77 78 79 80 81 82 83 84 85 86 87 88 89 90 91 92 93 94 95 96 97 98 99
SurvLenYear 71 72 73 74 75 76 77 78 79 80 81 82 83 84 85 86 87 88 89 90 91 92 93 94 95 96 97 98 99
catchBiomass 4741.72 4412 6475.28 7230.91 9067.36 18717.4 21987 22006.1 28458.4 34901 46059.6 64430.7 77981 92096.3 106498 98485.4 88912.8 81185.8 74695.4 75222.8 76928.4 86558 92183.9 96582.2 115702 118402 113561 99261.8 128271
steep0.999
25
Out
1 0 42427.7

Initial statistics: 76 variables; iteration 0; function evaluation 0; phase 1
Function value   4.2427712e+04; maximum gradient component mag  -5.5238e+05
Var   Value    Gradient   |Var   Value    Gradient   |Var   Value    Gradient
  1  0.21749  7.04550e+02 |  2  0.21708  2.44386e+03 |  3  0.19811  2.29958e+03
  4  0.19093  2.50676e+03 |  5  0.18817  2.83047e+03 |  6  0.17390  2.28999e+03
  7  0.16536  2.16195e+03 |  8  0.13643  1.10342e+03 |  9  0.13061  1.05709e+03
 10  0.13538  1.37079e+03 | 11  0.10867  6.23081e+02 | 12  0.11029  8.44994e+02
 13  0.08615  4.02939e+02 | 14  0.07510  1.32254e+02 | 15  0.13061  1.43459e+03
 16 -0.02069  1.09615e+04 | 17  0.00000 -2.44065e+04 | 18  0.00000  1.72875e+03
 19  0.00000 -3.73945e+03 | 20  0.00000  2.11389e+03 | 21  0.00000  8.30913e+03
 22  0.00000 -1.20899e+03 | 23  0.00000 -1.26833e+03 | 24  0.00000  4.16479e+03
 25  0.00000  5.39299e+03 | 26  0.00000  7.81605e+03 | 27  0.00000  9.08943e+03
 28  0.00000  6.77102e+03 | 29  0.00000  6.17287e+03 | 30  0.00000  4.10249e+03
 31  0.00000 -4.20007e+02 | 32  0.00000 -1.06776e+03 | 33  0.00000 -8.57965e+02
 34  0.00000  2.27151e+00 | 35  0.00000  1.96843e+03 | 36  0.00000  2.92964e+03
 37  0.00000  4.54103e+03 | 38  0.00000  4.19008e+03 | 39  0.00000  4.59161e+03
 40  0.00000  5.78461e+03 | 41  0.00000  2.08153e+03 | 42  0.00000 -5.73125e+02
 43  0.00000 -4.19499e+03 | 44  0.00000 -9.00195e+03 | 45  0.00000 -3.50116e+04
 46  0.09893 -5.52377e+05 | 47  0.00000  6.08847e+04 | 48  0.00000  4.95711e+04
 49  0.00000  4.10177e+04 | 50  0.00000  2.71128e+04 | 51  0.00000  2.24542e+04
 52  0.00000  2.03772e+04 | 53  0.00000  1.27055e+04 | 54  0.00000  6.06786e+03
 55  0.00000 -1.11743e+03 | 56  0.00000 -8.37948e+03 | 57  0.00000 -1.40589e+04
 58  0.00000 -1.75941e+04 | 59  0.00000 -1.90751e+04 | 60  0.00000 -1.69785e+04
 61  0.00000 -1.44383e+04 | 62  0.00000 -1.29738e+04 | 63  0.00000 -1.17813e+04
 64  0.00000 -1.19108e+04 | 65  0.00000 -1.32761e+04 | 66  0.00000 -1.54846e+04
 67  0.00000 -1.78995e+04 | 68  0.00000 -1.99336e+04 | 69  0.00000 -2.17523e+04
 70  0.00000 -2.20754e+04 | 71  0.00000 -1.97090e+04 | 72  0.00000 -1.45560e+04
 73  0.00000 -5.69236e+03 | 74  0.00000  1.27890e+04 | 75  0.00000  2.57064e+04
 76 -0.01081  8.40967e+04 |
1 0 42427.7
1 0 42427.5
1 0 42425.5
1 0 42405.5
1 0 42206.5
1 0 40303.9
1 0 36579.7
1 0 32251.8
1 0 29621.6
1 0 28399.6
1 0 29923.1
1 0 27997.8
1 0 27674
1 0 27398.3
1 0 27623.2
1 0 27305.5
1 0 27197.3

Intermediate statistics: 76 variables; iteration 10; function evaluation 17; phase 1
Function value   2.7197321e+04; maximum gradient component mag  -9.1386e+04
Var   Value    Gradient   |Var   Value    Gradient   |Var   Value    Gradient
  1  0.22336  9.60867e+01 |  2  0.21309  1.75682e+02 |  3  0.19468  1.49689e+02
  4  0.18559  1.97569e+02 |  5  0.18033  2.61772e+02 |  6  0.16814  2.17370e+02
  7  0.15713  2.33244e+02 |  8  0.13505  8.62207e+01 |  9  0.12799  1.02599e+02
 10  0.12746  1.86722e+02 | 11  0.10912  4.53878e+01 | 12  0.10445  1.27545e+02
 13  0.08617  1.10562e+01 | 14  0.08175 -8.54814e+01 | 15  0.11943  2.47490e+02
 16  0.32093  3.61950e+02 | 17  0.16019  8.64501e+02 | 18 -0.00069  1.75184e+03
 19 -0.05914 -6.93968e+03 | 20 -0.01503  1.75791e+03 | 21 -0.05888 -1.49752e+01
 22 -0.06500  8.22126e+01 | 23 -0.02665  2.88153e+03 | 24  0.05229 -9.87496e+01
 25  0.08911 -2.43362e+02 | 26  0.15277  3.16510e+02 | 27  0.15132  2.11108e+02
 28  0.10273  5.54921e+02 | 29 -0.05416 -9.08731e+02 | 30 -0.06494 -2.64078e+03
 31 -0.06385 -2.65534e+03 | 32 -0.04655  1.81530e+03 | 33 -0.05043  3.54389e+02
 34 -0.04801  1.14647e+03 | 35 -0.04460  1.98613e+03 | 36  0.03847 -2.41724e+01
 37  0.05568  4.35421e+01 | 38  0.06349 -1.23889e+01 | 39  0.05948  5.38143e+02
 40 -0.04034  9.25705e+02 | 41 -0.03892  9.33879e+01 | 42 -0.04233  6.03258e+02
 43 -0.04016  9.34641e+02 | 44 -0.07976 -1.30601e+03 | 45 -0.08142 -1.80362e+03
 46  0.17604 -9.13861e+04 | 47 -0.09982 -1.49772e+04 | 48 -0.05331 -1.29186e+04
 49 -0.08660 -3.73356e+03 | 50 -0.03030 -2.66808e+03 | 51 -0.00600  1.57215e+03
 52 -0.04873 -1.40921e+03 | 53 -0.04781 -6.19757e+02 | 54 -0.03674 -3.05333e+02
 55 -0.02990 -2.28092e+02 | 56 -0.02217 -5.66374e+02 | 57 -0.01128 -1.43088e+03
 58  0.03438 -1.91408e+03 | 59  0.03933 -1.23469e+03 | 60  0.04178  1.71771e+03
 61  0.02618  2.44352e+03 | 62  0.03183  2.33353e+03 | 63  0.02585  2.60030e+03
 64  0.02198  1.91226e+03 | 65 -0.01415  7.08517e+02 | 66 -0.00093  2.11692e+03
 67  0.00099  1.28030e+03 | 68  0.00436  1.54005e+03 | 69  0.03384  9.69428e+02
 70  0.03145  4.35898e+02 | 71  0.03718  1.99280e+03 | 72  0.03301  1.91712e+03
 73  0.06406  7.06924e+03 | 74  0.06427  7.43048e+03 | 75 -0.00353  3.96003e+03
 76  0.28821  2.67704e+04 |
1 0 27212.3
1 0 27146.9
1 0 27079
1 0 27018.4
1 0 27064.9
1 0 26996.7
1 0 26971.7
1 0 26948.7
1 0 26951.8
1 0 26938.1
1 0 26925.2
1 0 26925.1
1 0 26918.8
1 0 26909.5
76 variables; iteration 20; function evaluation 31; phase 1
Function value   2.6909552e+04; maximum gradient component mag  -7.4593e+04
Var   Value    Gradient   |Var   Value    Gradient   |Var   Value    Gradient
  1  0.22530  1.39610e+02 |  2  0.20381  1.30083e+02 |  3  0.18489  1.42704e+02
  4  0.17142  1.60055e+02 |  5  0.16113  1.72600e+02 |  6  0.15133  1.76384e+02
  7  0.13900  1.43343e+02 |  8  0.12765  1.16011e+02 |  9  0.11932  1.08360e+02
 10  0.11229  1.03562e+02 | 11  0.10473  1.00269e+02 | 12  0.09396  6.59669e+01
 13  0.08526  2.30292e+01 | 14  0.08823  4.12230e+01 | 15  0.09909  1.22948e+02
 16  0.34613  1.12305e+03 | 17  0.11172  2.59349e+02 | 18  0.03169 -1.91294e+03
 19 -0.06939  1.66475e+03 | 20 -0.02699  2.80883e+02 | 21 -0.06657  1.37189e+03
 22 -0.05588  8.28443e+02 | 23 -0.04217  9.70105e+02 | 24  0.02202 -9.19826e+02
 25  0.10932 -4.52102e+02 | 26  0.23998  5.88284e+02 | 27  0.22254  3.62929e+02
 28  0.10192  6.42189e+01 | 29 -0.06266 -1.27015e+03 | 30 -0.07309 -8.26219e+02
 31 -0.07565 -5.06788e+03 | 32 -0.05921  5.47307e+02 | 33 -0.05991  2.43627e+03
 34 -0.06006 -1.68720e+02 | 35 -0.05196 -8.67666e+02 | 36  0.05298  4.74002e+02
 37  0.06230 -1.01503e+02 | 38  0.06255 -4.42182e+01 | 39  0.03548  2.45519e+02
 40 -0.05178 -3.37490e+02 | 41 -0.04948  1.06733e+02 | 42 -0.05274  1.34899e+03
 43 -0.05297  6.44441e+02 | 44 -0.07121  1.21372e+03 | 45 -0.06149 -2.25160e+03
 46  0.17194 -7.45925e+04 | 47 -0.10923 -1.82667e+04 | 48 -0.03391 -1.41918e+03
 49 -0.12950 -5.09099e+03 | 50 -0.02595 -2.05564e+03 | 51 -0.02525 -3.29532e+03
 52 -0.03099 -3.40956e+03 | 53 -0.04853 -2.43119e+03 | 54 -0.03492 -1.66928e+03
 55 -0.02672 -7.52103e+02 | 56 -0.01803 -2.28512e+02 | 57 -0.00714 -1.06319e+03
 58  0.03776 -1.67880e+03 | 59  0.04251 -4.24293e+02 | 60  0.04062  2.86101e+01
 61  0.02905  2.67218e+03 | 62  0.03757  4.85168e+03 | 63  0.02504  6.67236e+02
 64  0.01818  9.37236e+02 | 65 -0.00596  4.58217e+03 | 66  0.00179  1.84543e+03
 67  0.00417  1.03573e+03 | 68  0.00925  1.52486e+03 | 69  0.03795  2.61238e+02
 70  0.03526  1.81588e+03 | 71  0.04307  4.48085e+03 | 72  0.03799  3.35596e+03
 73  0.05290  6.96995e+03 | 74  0.03753  3.33452e+03 | 75  0.00367  3.34363e+03
 76  0.26393  2.02406e+04 |
1 0 26910.3
1 0 26905.1
1 0 26897.8
1 0 26893.8
1 0 26889.1
1 0 26880.1
1 0 26835.5
1 0 26795.5
1 0 29014.1
1 0 26790.3
1 0 26791.1
1 0 26787.9
1 0 26783.4
1 0 26776
1 0 26767.4
76 variables; iteration 30; function evaluation 46; phase 1
Function value   2.6775930e+04; maximum gradient component mag  -9.5379e+04
Var   Value    Gradient   |Var   Value    Gradient   |Var   Value    Gradient
  1  0.20772  1.81572e+02 |  2  0.16270  1.93822e+00 |  3  0.13314  2.30731e+01
  4  0.11023  2.08522e+01 |  5  0.09247  2.34539e+00 |  6  0.08380  1.76114e+01
  7  0.07935  5.62825e+00 |  8  0.08310  7.05746e+01 |  9  0.07733  4.87652e+01
 10  0.06810 -2.62263e+00 | 11  0.06939  5.23732e+01 | 12  0.06530 -5.93190e+00
 13  0.07292  6.22542e+01 | 14  0.07382  1.27188e+02 | 15  0.04881 -5.88593e+01
 16  0.33894 -4.78446e+01 | 17  0.10229 -2.01517e+02 | 18  0.03264 -2.33835e+03
 19 -0.06984  1.57394e+03 | 20 -0.04587 -3.49108e+03 | 21 -0.05696 -1.44234e+03
 22 -0.05513 -9.85572e+02 | 23 -0.05037  1.92238e+03 | 24  0.04079 -1.45405e+03
 25  0.16943 -5.13141e+02 | 26  0.28990  3.02406e+02 | 27  0.23745 -1.13211e+02
 28  0.10119 -4.31165e+02 | 29 -0.06577 -3.22342e+03 | 30 -0.08378 -2.82607e+03
 31 -0.07505 -4.64664e+03 | 32 -0.05692 -2.52228e+02 | 33 -0.05653  2.65087e+03
 34 -0.05638 -6.37940e+02 | 35 -0.04428 -5.33941e+02 | 36  0.04389  5.08048e+01
 37  0.04045 -4.33123e+02 | 38  0.02046 -3.94374e+02 | 39 -0.02574  2.00944e+03
 40 -0.06118 -1.52346e+03 | 41 -0.04818  2.70087e+02 | 42 -0.04214  1.31696e+03
 43 -0.04828 -4.84993e+02 | 44 -0.07265  2.21603e+03 | 45 -0.07328 -4.31941e+03
 46  0.17236 -9.53785e+04 | 47 -0.11124 -1.86513e+04 | 48 -0.03586 -5.42294e+03
 49 -0.11214 -4.80122e+03 | 50 -0.04081 -6.93115e+03 | 51 -0.02313 -2.89366e+03
 52 -0.02173 -1.36010e+03 | 53 -0.06271 -3.15949e+03 | 54 -0.03421  5.73368e+02
 55 -0.02665  6.23007e+02 | 56 -0.01939 -1.34582e+02 | 57 -0.00948 -1.88843e+03
 58  0.03790 -2.42921e+03 | 59  0.05148  1.30249e+03 | 60  0.03015  1.14661e+02
 61  0.02810  3.11580e+03 | 62  0.03479  5.04975e+03 | 63  0.02080  5.79752e+00
 64  0.01153 -7.49624e+01 | 65 -0.00347  5.22435e+03 | 66  0.00254  2.64816e+03
 67  0.00599  8.48410e+02 | 68  0.01839 -3.13962e+03 | 69  0.04314  3.78005e+03
 70  0.02944  2.12631e+03 | 71  0.03329  2.53133e+03 | 72  0.03574  2.74468e+03
 73  0.05685  9.15695e+03 | 74  0.04377  3.55797e+03 | 75  0.01064  4.23090e+03
 76  0.26137  2.53957e+04 |
1 0 26765.7
1 0 26766.5
1 0 26764.5
1 0 26758.6
1 0 26711.8
1 0 26686.6
1 0 30069.8
1 0 26684.2
1 0 26688.4
1 0 26684.9
1 0 26684.8
1 0 26682.3
1 0 26530.9
1 0 63000.9
1 0 26526.8
1 0 26525.7
1 0 74036.6
1 0 26525.1
1 0 26523.9
76 variables; iteration 40; function evaluation 65; phase 1
Function value   2.6525688e+04; maximum gradient component mag  -9.7261e+04
Var   Value    Gradient   |Var   Value    Gradient   |Var   Value    Gradient
  1  0.15887 -1.02340e+01 |  2  0.15200  8.13216e+01 |  3  0.09504 -1.17345e+02
  4  0.06320 -8.23304e+01 |  5  0.04863 -1.65151e+01 |  6  0.03195 -8.83344e+01
  7  0.03607  5.07003e+01 |  8  0.01759 -1.03904e+02 |  9  0.02508 -4.63050e+01
 10  0.03969  7.14390e+01 | 11  0.02256 -1.69324e+02 | 12  0.04922  9.67018e+01
 13  0.03278  1.41201e+01 | 14  0.00242 -2.63712e+02 | 15  0.04642  9.97846e+01
 16  0.34277  3.15572e+03 | 17  0.05234 -5.94455e+02 | 18  0.01844 -3.09434e+03
 19 -0.06982 -8.97313e+02 | 20 -0.04367 -2.72271e+03 | 21 -0.04722 -4.44057e+02
 22 -0.05670  1.92174e+03 | 23 -0.02162  4.30283e+03 | 24  0.04089 -2.08992e+03
 25  0.22191 -1.45186e+02 | 26  0.29608 -1.59472e+02 | 27  0.25601 -6.95949e+02
 28  0.20971  5.08356e+02 | 29 -0.06281 -3.60200e+03 | 30 -0.08518 -9.92352e+02
 31 -0.08055 -4.27213e+03 | 32 -0.05902 -1.47731e+03 | 33 -0.05550  2.27361e+03
 34 -0.05683 -1.41025e+03 | 35 -0.05221 -3.45912e+01 | 36  0.03703  9.77266e+01
 37 -0.03290  1.20494e+03 | 38 -0.02164  3.10703e+03 | 39 -0.02927  9.91529e+02
 40 -0.06441 -3.48059e+02 | 41 -0.05533 -1.64197e+03 | 42 -0.04330  1.10323e+03
 43 -0.04385  1.41206e+03 | 44 -0.06946  4.47568e+03 | 45 -0.06942 -5.04707e+03
 46  0.17075 -9.72615e+04 | 47 -0.10923 -1.91290e+04 | 48 -0.03945 -8.41146e+03
 49 -0.10963 -4.54991e+03 | 50 -0.04820 -7.61480e+03 | 51 -0.01550 -5.99056e+02
 52 -0.05136 -2.56115e+03 | 53 -0.04857 -4.86944e+03 | 54 -0.03256  1.01956e+03
 55 -0.02524  8.89505e+02 | 56 -0.01780  3.02155e+02 | 57 -0.00787 -1.05638e+03
 58  0.03646 -1.43999e+03 | 59  0.05760  5.20899e+03 | 60  0.03157  6.02611e+02
 61  0.02168  1.60632e+03 | 62  0.03362  4.78759e+03 | 63  0.02147  8.99872e+02
 64  0.02154  2.96806e+03 | 65 -0.01093  3.16394e+03 | 66  0.01603 -3.43632e+03
 67  0.00998 -2.02080e+03 | 68  0.01786 -2.22249e+03 | 69  0.04786  6.06609e+03
 70  0.02888  1.58033e+03 | 71  0.03415  4.14522e+03 | 72  0.03689  5.96335e+03
 73  0.05825  1.16504e+04 | 74  0.03501  2.47050e+03 | 75  0.00591  4.45029e+03
 76  0.25193  2.42084e+04 |
1 0 26522.6
1 0 26521.8
1 0 26523.5
1 0 26521.5
1 0 26521
1 0 26520.6
1 0 26520.2
1 0 26520.3
1 0 26520.1
1 0 26519.9
1 0 26519.8
1 0 26519.7
76 variables; iteration 50; function evaluation 77; phase 1
Function value   2.6522065e+04; maximum gradient component mag  -9.8159e+04
Var   Value    Gradient   |Var   Value    Gradient   |Var   Value    Gradient
  1  0.14972 -4.59169e+01 |  2  0.15354  9.21522e+01 |  3  0.09494 -1.25187e+02
  4  0.06038 -9.59989e+01 |  5  0.04546 -1.97354e+01 |  6  0.02785 -8.55265e+01
  7  0.02908  5.23516e+01 |  8  0.00643 -1.24351e+02 |  9  0.01581 -5.57084e+01
 10  0.03476  7.85468e+01 | 11  0.01816 -1.72019e+02 | 12  0.04482  1.12833e+02
 13  0.02103 -1.04291e+01 | 14 -0.00924 -3.15424e+02 | 15  0.05041  1.31333e+02
 16  0.34253  3.11627e+03 | 17  0.04992 -6.43236e+02 | 18  0.01927 -3.03364e+03
 19 -0.06962 -7.29331e+02 | 20 -0.04349 -2.79822e+03 | 21 -0.04780 -4.17660e+02
 22 -0.05587  1.65488e+03 | 23 -0.02238  4.10583e+03 | 24  0.04169 -2.06090e+03
 25  0.21469 -2.35912e+02 | 26  0.29240 -2.19295e+02 | 27  0.26297 -6.65473e+02
 28  0.21612  5.14350e+02 | 29 -0.06346 -3.74103e+03 | 30 -0.08522 -1.03051e+03
 31 -0.08044 -4.14340e+03 | 32 -0.05927 -1.52166e+03 | 33 -0.05540  2.14700e+03
 34 -0.05657 -1.44350e+03 | 35 -0.05143  9.73058e+01 | 36  0.03531  3.51797e+01
 37 -0.03291  1.21949e+03 | 38 -0.02177  3.08247e+03 | 39 -0.02911  1.04288e+03
 40 -0.06468 -3.44962e+02 | 41 -0.05623 -2.08392e+03 | 42 -0.04260  1.62991e+03
 43 -0.04425  1.07284e+03 | 44 -0.06948  4.49429e+03 | 45 -0.07012 -5.28556e+03
 46  0.17073 -9.81586e+04 | 47 -0.10905 -1.88282e+04 | 48 -0.03947 -8.38928e+03
 49 -0.10994 -4.59627e+03 | 50 -0.04761 -7.47138e+03 | 51 -0.01711 -1.34767e+03
 52 -0.04973 -2.75942e+03 | 53 -0.04898 -4.98169e+03 | 54 -0.03306  6.19493e+02
 55 -0.02569  5.35780e+02 | 56 -0.01777  3.76204e+02 | 57 -0.00791 -1.05144e+03
 58  0.03692 -1.36540e+03 | 59  0.05747  5.27771e+03 | 60  0.03208  7.12169e+02
 61  0.02170  1.54799e+03 | 62  0.03313  4.52772e+03 | 63  0.02134  8.08780e+02
 64  0.02094  2.79729e+03 | 65 -0.01033  3.11715e+03 | 66  0.01612 -3.32265e+03
 67  0.01011 -1.93694e+03 | 68  0.01784 -2.13947e+03 | 69  0.04801  5.94066e+03
 70  0.02898  1.51466e+03 | 71  0.03445  4.64001e+03 | 72  0.03652  5.48695e+03
 73  0.05816  1.14678e+04 | 74  0.03547  2.37143e+03 | 75  0.00304  4.40786e+03
 76  0.25229  2.44305e+04 |
1 0 26519.5
1 0 26519.2
1 0 26518.8
1 0 26518.9
1 0 26518.6
1 0 26518.1
1 0 26517.3
1 0 26512.6
1 0 26522.3
1 0 26511
1 0 26508.5
1 0 26514.1
1 0 26507.9
1 0 26507
76 variables; iteration 60; function evaluation 91; phase 1
Function value   2.6509328e+04; maximum gradient component mag  -9.7685e+04
Var   Value    Gradient   |Var   Value    Gradient   |Var   Value    Gradient
  1  0.15946 -1.01145e+02 |  2  0.19009  1.56048e+02 |  3  0.15867 -6.49013e-01
  4  0.11845 -1.33192e+01 |  5  0.07749  2.76350e+01 |  6  0.02587 -6.44206e+01
  7 -0.00716  2.09342e+01 |  8 -0.04700 -1.47607e+02 |  9 -0.04257 -7.18775e+01
 10 -0.01676  1.25564e+02 | 11 -0.02920 -5.23872e+01 | 12 -0.02627  6.03992e+01
 13 -0.04196 -9.35064e+01 | 14 -0.02979 -2.34217e+02 | 15  0.05239  2.62653e+02
 16  0.34214  3.32141e+03 | 17  0.05433 -6.50524e+02 | 18  0.01996 -3.01152e+03
 19 -0.06924 -7.32462e+02 | 20 -0.04326 -2.74375e+03 | 21 -0.04721 -2.99325e+02
 22 -0.05596  1.56696e+03 | 23 -0.02203  4.19791e+03 | 24  0.04120 -2.13858e+03
 25  0.21952 -2.75450e+02 | 26  0.30563 -9.85161e+01 | 27  0.25371 -8.08968e+02
 28  0.20736  4.45569e+02 | 29 -0.06384 -3.76882e+03 | 30 -0.08488 -9.29494e+02
 31 -0.07979 -4.12689e+03 | 32 -0.05876 -1.41446e+03 | 33 -0.05599  2.01942e+03
 34 -0.05646 -1.39803e+03 | 35 -0.05171 -3.02704e+01 | 36  0.02644 -1.02051e+02
 37 -0.03286  1.16302e+03 | 38 -0.02176  3.04137e+03 | 39 -0.02889  1.01781e+03
 40 -0.06402 -2.69168e+02 | 41 -0.05514 -1.96973e+03 | 42 -0.04009  1.95054e+03
 43 -0.04482  9.99464e+02 | 44 -0.07000  4.45189e+03 | 45 -0.07053 -5.29377e+03
 46  0.17050 -9.76850e+04 | 47 -0.10873 -1.86226e+04 | 48 -0.03966 -8.39375e+03
 49 -0.10944 -4.59484e+03 | 50 -0.04783 -7.46479e+03 | 51 -0.01686 -1.32415e+03
 52 -0.05000 -2.69879e+03 | 53 -0.04886 -5.10203e+03 | 54 -0.03263  8.35524e+02
 55 -0.02587  1.93134e+02 | 56 -0.01744  4.97624e+02 | 57 -0.00755 -8.99980e+02
 58  0.03739 -1.25307e+03 | 59  0.05726  5.37821e+03 | 60  0.03107  6.16396e+02
 61  0.02220  1.64592e+03 | 62  0.03366  4.54433e+03 | 63  0.02076  7.06956e+02
 64  0.02103  2.60073e+03 | 65 -0.00960  3.01342e+03 | 66  0.01600 -3.55586e+03
 67  0.01016 -2.00632e+03 | 68  0.01780 -2.19907e+03 | 69  0.04779  6.04297e+03
 70  0.02844  1.51521e+03 | 71  0.03336  4.57652e+03 | 72  0.03782  5.77433e+03
 73  0.05855  1.15289e+04 | 74  0.03533  2.36723e+03 | 75  0.00173  4.38311e+03
 76  0.25109  2.41428e+04 |
1 0 26505.7
1 0 26503.6
1 0 26501.3
1 0 26497.7
1 0 26507.2
1 0 26496.9
1 0 26495.4
1 0 26488
1 0 26461.7
1 0 31702.2
1 0 26444.8
1 0 26488.7
1 0 26437.7
1 0 28351.1
1 0 26435.7
1 0 26431.9
1 0 26424.9
76 variables; iteration 70; function evaluation 108; phase 1
Function value   2.6427502e+04; maximum gradient component mag  -9.8438e+04
Var   Value    Gradient   |Var   Value    Gradient   |Var   Value    Gradient
  1  0.12852 -2.33521e+02 |  2  0.20576  3.55306e+02 |  3  0.21807  4.31296e+02
  4  0.20623  7.55761e+02 |  5  0.07900 -4.39978e+02 |  6  0.09727  4.90450e+02
  7 -0.01767 -5.71733e+02 |  8  0.04077  2.26429e+02 |  9  0.03660  3.31141e+02
 10 -0.06182 -1.17049e+02 | 11 -0.12495  1.47543e+01 | 12 -0.19393 -7.21749e+01
 13 -0.24070 -3.31640e+02 | 14 -0.17409  2.21454e+01 | 15 -0.11635  1.84774e+02
 16  0.33945  5.49456e+03 | 17  0.05658 -1.00252e+03 | 18  0.02003 -3.33712e+03
 19 -0.06876 -1.60753e+03 | 20 -0.04361 -3.15872e+03 | 21 -0.04411 -7.36151e+00
 22 -0.05549  1.68705e+03 | 23 -0.02121  4.03598e+03 | 24  0.04352 -2.57035e+03
 25  0.24230 -3.76398e+02 | 26  0.30280 -5.82454e+02 | 27  0.25771 -1.02851e+03
 28  0.19550 -4.55237e+01 | 29 -0.06445 -3.94466e+03 | 30 -0.08497 -1.23570e+03
 31 -0.07971 -4.57029e+03 | 32 -0.05740 -1.75149e+03 | 33 -0.05668  1.65155e+03
 34 -0.05332 -1.30898e+03 | 35 -0.05057  1.57872e+03 | 36 -0.01610  3.99477e+03
 37 -0.03226  1.31344e+03 | 38 -0.02122  2.72786e+03 | 39 -0.02774  7.82682e+02
 40 -0.06074 -7.22295e+01 | 41 -0.05253 -1.98718e+03 | 42 -0.03784  1.93872e+03
 43 -0.04125  1.07414e+03 | 44 -0.06610  4.59043e+03 | 45 -0.07136 -6.42620e+03
 46  0.16988 -9.84377e+04 | 47 -0.10824 -1.85223e+04 | 48 -0.04031 -8.99779e+03
 49 -0.10878 -4.53845e+03 | 50 -0.04919 -7.22519e+03 | 51 -0.01542 -4.48517e+02
 52 -0.05121 -2.50529e+03 | 53 -0.04871 -5.19894e+03 | 54 -0.03158  1.41917e+03
 55 -0.02493  6.65419e+02 | 56 -0.01653  9.46876e+02 | 57 -0.00654 -3.79180e+02
 58  0.03878 -6.48799e+02 | 59  0.05734  5.52472e+03 | 60  0.02919  3.87622e+02
 61  0.02073  1.49689e+03 | 62  0.03539  5.04753e+03 | 63  0.01651  4.16452e+02
 64  0.02251  1.65989e+03 | 65 -0.00629 -2.01524e+03 | 66  0.01560 -1.50266e+03
 67  0.01033 -1.95478e+03 | 68  0.01775 -2.06210e+03 | 69  0.04655  6.59159e+03
 70  0.02857  1.84971e+03 | 71  0.03331  4.97690e+03 | 72  0.03660  5.89943e+03
 73  0.05632  1.09234e+04 | 74  0.03769  2.02593e+03 | 75  0.00061  4.40169e+03
 76  0.24699  2.48449e+04 |
1 0 26411.4
1 0 26337.3
1 0 26199.4
1 0 26019.3
1 0 25769.4
1 0 25975.9
1 0 25677.1
1 0 25626.7
1 0 25531.4
1 0 25407.7
1 0 25166.9
1 0 24706.4
1 0 24329.8
1 0 28335.1
1 0 23877.9
76 variables; iteration 80; function evaluation 123; phase 1
Function value   2.3878400e+04; maximum gradient component mag  -7.0907e+04
Var   Value    Gradient   |Var   Value    Gradient   |Var   Value    Gradient
  1  0.17426 -1.95676e+03 |  2  0.22558  4.20734e+02 |  3  0.23665  1.52266e+03
  4  0.16361  7.43008e+02 |  5 -0.03184 -4.31110e+02 |  6 -0.09490  4.62892e+01
  7 -0.17310 -3.08497e+02 |  8 -0.15265  2.26966e+02 |  9 -0.20496  9.00374e+01
 10 -0.29008 -2.22427e+02 | 11 -0.29492 -4.59794e+01 | 12 -0.28257 -2.87006e+00
 13 -0.26928 -7.01392e+01 | 14 -0.23121 -5.54324e+01 | 15 -0.17538  1.70118e+02
 16  0.19086  6.09189e+03 | 17 -0.04143 -1.38339e+03 | 18 -0.03948  1.35270e+03
 19 -0.03757  1.80261e+02 | 20 -0.06014 -6.93638e+03 | 21 -0.04802  6.52545e+03
 22 -0.03691 -6.53033e+02 | 23 -0.00732  5.99585e+03 | 24  0.04712  2.13146e+03
 25  0.17926  1.63483e+02 | 26  0.12846 -1.15751e+03 | 27  0.12976 -7.11023e+02
 28  0.09941 -3.26034e+02 | 29 -0.01846 -1.15372e+03 | 30 -0.03198  2.52446e+02
 31 -0.02712  6.42632e+03 | 32 -0.03961 -1.14349e+04 | 33 -0.02706 -1.44766e+03
 34 -0.02244 -8.48663e+02 | 35 -0.01987  4.80101e+03 | 36  0.01707  3.43662e+03
 37 -0.00410  4.04701e+02 | 38 -0.00606  1.11799e+03 | 39  0.00646  3.24800e+03
 40 -0.01451  1.48896e+03 | 41 -0.02683 -4.18552e+03 | 42 -0.01798 -9.46676e+02
 43 -0.01458 -6.81057e+02 | 44 -0.02329 -3.19228e+02 | 45 -0.03941 -5.85743e+03
 46  0.15916 -7.09066e+04 | 47 -0.05062  9.47431e+03 | 48 -0.05822  2.17740e+03
 49 -0.02526  1.55942e+04 | 50 -0.02264  1.09299e+04 | 51 -0.01443  1.23313e+04
 52 -0.04803  2.39993e+02 | 53 -0.03845  2.88899e+01 | 54 -0.01736  6.25329e+03
 55 -0.01400  1.85542e+03 | 56 -0.00922 -1.13449e+03 | 57  0.00637  2.43256e+03
 58  0.02916 -5.36348e+03 | 59  0.02893 -3.34254e+03 | 60  0.01322 -9.03918e+03
 61  0.00835 -9.17119e+03 | 62  0.01297 -3.96131e+03 | 63  0.00777 -3.88546e+03
 64  0.01178 -6.85324e+03 | 65 -0.03549 -6.35885e+03 | 66  0.01967 -2.73370e+03
 67  0.01841 -5.70870e+02 | 68  0.01457 -9.87823e+02 | 69  0.03247 -1.49518e+03
 70  0.02814 -3.27745e+03 | 71  0.02030 -1.84102e+03 | 72  0.02674 -7.41475e+02
 73  0.02936 -5.08974e+02 | 74  0.04446  1.12894e+03 | 75 -0.01262  3.17773e+03
 76  0.13976  1.21313e+04 |
1 0 23981.7
1 0 23493
1 0 23171.7
1 0 23025.4
1 0 22786.1
1 0 22466.4
1 0 22188.8
1 0 22066.5
1 0 21955.9
1 0 21843.7
1 0 21716.4
76 variables; iteration 90; function evaluation 134; phase 1
Function value   2.1717387e+04; maximum gradient component mag  -8.0068e+03
Var   Value    Gradient   |Var   Value    Gradient   |Var   Value    Gradient
  1  0.25986 -6.23996e+02 |  2  0.19524 -1.30410e+02 |  3  0.13839 -1.46854e+02
  4  0.13555  2.60100e+02 |  5  0.06374 -2.26707e+02 |  6  0.06295  2.16006e+02
  7 -0.00196 -2.35634e+02 |  8  0.00413  1.18852e+02 |  9 -0.02538  1.78914e+02
 10 -0.10916 -1.49740e+02 | 11 -0.14758  9.47078e+00 | 12 -0.18961  1.78253e+01
 13 -0.23852  2.05536e+00 | 14 -0.28970 -8.23166e+01 | 15 -0.31138 -5.67807e+01
 16  0.16785  1.93024e+03 | 17 -0.06047  2.48149e+02 | 18 -0.04709 -2.76177e+03
 19 -0.03741 -1.38453e+03 | 20 -0.03276  5.19634e+01 | 21 -0.03967 -8.67409e+02
 22 -0.02438  1.64605e+03 | 23 -0.02076 -1.20909e+03 | 24 -0.01237  2.29060e+03
 25  0.06760  6.83434e+01 | 26  0.13658  8.93610e+01 | 27  0.18092  5.08201e+02
 28  0.11979  3.57472e+02 | 29 -0.00908  1.40101e+02 | 30 -0.01804  1.98064e+03
 31 -0.01953 -6.48961e+02 | 32 -0.01739 -9.01068e+02 | 33 -0.01498  3.09087e+01
 34 -0.01658 -7.06698e+02 | 35 -0.01137  3.07186e+03 | 36  0.00119  2.43968e+03
 37 -0.00544  7.49638e+02 | 38 -0.01431  9.64943e+02 | 39 -0.01822 -1.80651e+03
 40 -0.01297  1.49856e+03 | 41 -0.01008 -7.82678e+02 | 42 -0.00684  1.02979e+03
 43 -0.00825  7.80910e+01 | 44 -0.01489  1.16586e+03 | 45 -0.02085 -1.73071e+03
 46  0.16139 -8.00684e+03 | 47 -0.06672 -4.58361e+01 | 48 -0.06587 -1.04343e+03
 49 -0.06017 -2.84066e+02 | 50 -0.03533  7.52831e+01 | 51 -0.02769  1.49057e+03
 52 -0.03045  1.57685e+03 | 53 -0.02314  1.80592e+03 | 54 -0.04360 -8.52199e+02
 55 -0.01383  6.84244e+02 | 56 -0.00624  2.09903e+02 | 57  0.00556  4.29128e+02
 58  0.02937 -8.27177e+02 | 59  0.02446 -9.36893e+01 | 60  0.02133 -6.92674e+02
 61  0.01596 -2.11779e+02 | 62  0.01906  1.67459e+03 | 63  0.01609  2.19641e+03
 64  0.01144  4.69974e+02 | 65 -0.00110 -3.47985e+03 | 66  0.02023  6.35382e+02
 67  0.02419  1.10389e+03 | 68  0.01519 -1.59228e+03 | 69  0.02307  2.75677e+02
 70  0.02248 -1.56646e+03 | 71  0.02887  5.60437e+02 | 72  0.02468 -2.55289e+02
 73  0.02693  1.24845e+02 | 74  0.03299 -2.20250e+02 | 75  0.01562  3.63909e+02
 76  0.10697  1.94387e+03 |
1 0 21550.8
1 0 50392
1 0 21442.9
1 0 21400
1 0 33195.7
1 0 21385.4
1 0 21357.9
1 0 21055.6
1 0 50409.4
1 0 20774.7
1 0 26870.1
1 0 20632.8
1 0 20656.6
1 0 20549.1
1 0 20435.7
1 0 20300
1 0 20099.6
1 0 19856.5
1 0 19688.9
76 variables; iteration 100; function evaluation 153; phase 1
Function value   1.9689012e+04; maximum gradient component mag  -8.4464e+03
Var   Value    Gradient   |Var   Value    Gradient   |Var   Value    Gradient
  1  0.26651 -1.30078e+03 |  2  0.13750 -5.02537e+02 |  3  0.10759 -8.95035e+01
  4  0.09781  1.44178e+02 |  5  0.04714 -6.68806e+00 |  6  0.00013 -1.92740e+02
  7  0.01155  8.82804e+01 |  8 -0.00280 -8.01686e+01 |  9  0.00751 -3.49755e+01
 10  0.02913  6.44876e+01 | 11  0.03277  7.17173e+00 | 12  0.03585 -1.98200e+01
 13  0.04668 -5.07238e+01 | 14  0.07525  1.10059e+02 | 15  0.07508  1.53700e+01
 16  0.08692 -2.48592e+01 | 17  0.00765  3.75701e+03 | 18 -0.00885 -2.43920e+03
 19 -0.00485  8.05412e+02 | 20 -0.00884  1.93761e+03 | 21 -0.02224 -1.54486e+02
 22 -0.01231 -1.21931e+03 | 23 -0.00275 -1.09540e+03 | 24  0.00284  1.98464e+03
 25 -0.00692 -3.08189e+01 | 26 -0.00834 -2.26769e+03 | 27  0.01691  4.66196e+03
 28  0.00695 -6.67473e+02 | 29  0.00062  2.31548e+03 | 30 -0.00702 -1.95122e+03
 31  0.00016 -1.00198e+03 | 32  0.00330  1.27080e+03 | 33  0.00183  1.36868e+02
 34 -0.00052 -3.90401e+02 | 35 -0.00284  2.22071e+02 | 36 -0.00176 -6.08899e+02
 37 -0.00164 -1.80719e+03 | 38  0.00598 -1.09966e+03 | 39  0.00971  8.97452e+02
 40  0.00775  8.27406e+02 | 41  0.00588 -5.55979e+02 | 42  0.00368 -1.53473e+03
 43  0.00699  3.56195e+02 | 44  0.00124 -1.12553e+03 | 45  0.00969  3.49892e+02
 46  0.15939 -8.44639e+03 | 47 -0.06744  6.45916e+02 | 48 -0.05877  3.23250e+03
 49 -0.05674  1.18466e+03 | 50 -0.03535 -9.18055e+02 | 51 -0.03780 -2.00576e+03
 52 -0.03491  3.42298e+02 | 53 -0.02452  9.68702e+01 | 54 -0.00575  2.60036e+03
 55 -0.02727 -3.68654e+03 | 56 -0.00576 -2.16683e+02 | 57  0.01559  2.93875e+02
 58  0.02330  2.12726e+03 | 59  0.01643 -1.33806e+03 | 60  0.02138  1.95030e+03
 61  0.01853  1.22904e+03 | 62  0.01178 -1.44057e+03 | 63  0.01296 -7.48156e+02
 64  0.00704 -2.25186e+03 | 65  0.00476 -3.22594e+03 | 66  0.01021 -1.73716e+03
 67  0.00927 -1.31302e+03 | 68  0.02437  2.64123e+03 | 69  0.01943 -1.68222e+02
 70  0.02905  5.59240e+02 | 71  0.02360 -1.60359e+02 | 72  0.02380  4.80357e+02
 73  0.02084 -1.54741e+02 | 74  0.02774  9.88580e+02 | 75  0.03314  4.12894e+02
 76  0.07624  1.10297e+03 |
1 0 19578.7
1 0 19508.2
1 0 19469.2
1 0 19439.8
1 0 19429
1 0 19421.4
1 0 19418.1
1 0 19415.9
1 0 19414.7
1 0 19413.8
76 variables; iteration 110; function evaluation 163; phase 1
Function value   1.9413830e+04; maximum gradient component mag  -6.9118e+02
Var   Value    Gradient   |Var   Value    Gradient   |Var   Value    Gradient
  1  0.26437 -3.33741e+01 |  2  0.19785 -2.39796e+01 |  3  0.13183 -1.07278e+01
  4  0.08348 -4.10084e+01 |  5  0.05584 -2.86212e+00 |  6  0.03371 -1.12447e+01
  7  0.01790  3.33622e-01 |  8  0.00409 -7.43141e+00 |  9 -0.00589 -9.11036e+00
 10 -0.01183  7.68563e-01 | 11 -0.01684  2.20878e-01 | 12 -0.02085 -9.86504e-01
 13 -0.02358 -2.82123e+00 | 14 -0.02453 -8.90016e-01 | 15 -0.02429  3.94276e+00
 16  0.08658  2.55588e+02 | 17 -0.01383  1.69322e+02 | 18 -0.01285  1.17860e+01
 19 -0.00812 -8.34939e+01 | 20 -0.01052 -4.66587e+01 | 21 -0.01901  1.64710e+02
 22 -0.00836 -1.13873e+00 | 23 -0.00227 -1.73773e+01 | 24 -0.00378  8.41860e+01
 25 -0.00451 -1.59153e+02 | 26 -0.00507  4.35776e+00 | 27 -0.00507 -1.08084e+02
 28 -0.00168 -7.66330e+00 | 29 -0.00231  5.59180e+01 | 30 -0.00268 -6.53762e+01
 31  0.00213  1.05985e+02 | 32  0.00425  1.01125e+01 | 33  0.00471 -3.61945e+01
 34  0.00424 -1.00076e+01 | 35  0.00331 -3.53625e+01 | 36  0.00418 -7.97942e+01
 37  0.00489  3.14951e+00 | 38  0.00685 -1.13053e+01 | 39  0.00688 -6.30387e+01
 40  0.00602  6.27996e+01 | 41  0.00928 -2.17791e+01 | 42  0.00994 -6.87087e+01
 43  0.01003 -6.79492e+01 | 44  0.00574  1.67790e-01 | 45  0.01711 -1.20983e+02
 46  0.16034 -6.91177e+02 | 47 -0.07203 -3.19876e+01 | 48 -0.06351  1.72047e+01
 49 -0.05956  6.76710e+01 | 50 -0.03639 -5.93823e+01 | 51 -0.03194 -3.84348e+01
 52 -0.03346 -1.19124e+01 | 53 -0.02233 -9.11774e+01 | 54 -0.01569 -1.24099e+02
 55 -0.00806  6.63547e+01 | 56  0.00080  8.46912e+01 | 57  0.01024 -4.76995e+01
 58  0.01666  5.67831e+01 | 59  0.02078  8.53187e+01 | 60  0.01875  6.69744e+00
 61  0.01634  4.56336e+01 | 62  0.01481 -6.45527e+01 | 63  0.01230  8.15954e+01
 64  0.01040  4.83808e+01 | 65  0.01101  3.32586e+01 | 66  0.01220 -7.51105e+01
 67  0.01619 -7.76538e+01 | 68  0.01943  1.09932e+02 | 69  0.02076  3.27008e+01
 70  0.02524 -1.02796e+02 | 71  0.02571 -6.88903e+01 | 72  0.02384  4.92605e+01
 73  0.02201 -2.92895e+01 | 74  0.02261 -6.60292e+01 | 75  0.02242  2.90694e+01
 76  0.08092 -8.35127e+01 |
1 0 19412.9
1 0 19412.7
1 0 19412.4
1 0 19412.1
1 0 19411.8
1 0 19411.5
1 0 19411.2
1 0 19411
1 0 19410.9
1 0 19410.8
76 variables; iteration 120; function evaluation 173; phase 1
Function value   1.9410843e+04; maximum gradient component mag   1.2247e+02
Var   Value    Gradient   |Var   Value    Gradient   |Var   Value    Gradient
  1  0.26215 -1.18752e+01 |  2  0.19517 -3.97116e+00 |  3  0.13369 -9.12843e-01
  4  0.09253 -4.34623e-01 |  5  0.06368 -2.85160e+00 |  6  0.04246 -9.34499e-01
  7  0.02585 -2.79614e+00 |  8  0.01316 -7.65721e-01 |  9  0.00308  1.91317e-01
 10 -0.00513 -7.34198e-01 | 11 -0.01149  2.91610e-01 | 12 -0.01649 -7.58967e-01
 13 -0.01996 -1.33181e+00 | 14 -0.02181  6.28712e-01 | 15 -0.02267  1.01345e+00
 16  0.08228  4.39449e+01 | 17 -0.02055  7.66863e+00 | 18 -0.01409 -4.58578e+01
 19 -0.00835 -5.99733e+00 | 20 -0.01047 -2.22559e+01 | 21 -0.01952  1.71917e+00
 22 -0.00853  3.40098e+01 | 23 -0.00224 -2.27083e+00 | 24 -0.00388 -1.09961e+01
 25 -0.00433  6.82775e+00 | 26 -0.00500 -8.52756e-01 | 27 -0.00467 -4.31648e+01
 28 -0.00165  2.25772e+01 | 29 -0.00272 -3.74409e+01 | 30 -0.00280 -1.92000e+01
 31  0.00191 -4.21419e+00 | 32  0.00422 -1.54168e+01 | 33  0.00473 -3.16467e+01
 34  0.00433  3.14363e+01 | 35  0.00360 -4.44894e+00 | 36  0.00485  4.23535e+01
 37  0.00517 -3.87144e+01 | 38  0.00691  2.88062e+01 | 39  0.00700 -5.11444e+00
 40  0.00607 -8.73967e+00 | 41  0.00951 -2.09495e+01 | 42  0.01028 -2.83679e+01
 43  0.01073  1.46096e+01 | 44  0.00702 -1.27751e+01 | 45  0.02235  7.52015e+01
 46  0.16193  1.22473e+02 | 47 -0.07190 -1.45063e+01 | 48 -0.06343 -7.58299e+01
 49 -0.05927 -4.05561e+01 | 50 -0.03539  1.49792e+01 | 51 -0.03157 -2.38324e+00
 52 -0.03335 -3.87703e+01 | 53 -0.02194 -1.98910e+00 | 54 -0.01517 -6.32032e+00
 55 -0.00806 -5.03610e+01 | 56  0.00091  1.29135e+01 | 57  0.01087 -4.36978e+00
 58  0.01692  2.24859e+01 | 59  0.02084  1.61284e+01 | 60  0.01894  2.60827e+01
 61  0.01620  3.12191e+01 | 62  0.01510  3.02506e+01 | 63  0.01212  7.21595e+00
 64  0.01035 -1.02671e+01 | 65  0.01076 -8.65030e+01 | 66  0.01273  3.88943e+01
 67  0.01631 -1.97489e+01 | 68  0.01923  1.15988e+01 | 69  0.02071 -1.00767e+01
 70  0.02521 -4.19258e+01 | 71  0.02567 -5.71740e+00 | 72  0.02354  3.28553e+01
 73  0.02176  8.56093e+01 | 74  0.02073  5.91762e+01 | 75  0.02079 -6.41411e+00
 76  0.09280 -2.30210e+01 |
1 0 19410.8
1 0 19410.8
1 0 19410.7
1 0 19410.7
1 0 19410.7
1 0 19410.7
1 0 19410.7
1 0 19410.7
1 0 19410.7
1 0 19410.7
76 variables; iteration 130; function evaluation 183; phase 1
Function value   1.9410699e+04; maximum gradient component mag  -3.4165e+00
Var   Value    Gradient   |Var   Value    Gradient   |Var   Value    Gradient
  1  0.26225 -1.97149e-01 |  2  0.19522  7.54732e-02 |  3  0.13388  2.57233e-01
  4  0.09314  3.11959e-02 |  5  0.06502 -1.32825e-01 |  6  0.04411  1.61916e-01
  7  0.02779 -1.85085e-01 |  8  0.01485  1.20655e-01 |  9  0.00443  9.41151e-02
 10 -0.00395 -8.73127e-02 | 11 -0.01056  3.83930e-02 | 12 -0.01565  7.98795e-03
 13 -0.01936  2.82040e-03 | 14 -0.02179 -2.45790e-03 | 15 -0.02299  1.99711e-03
 16  0.08149 -7.52318e-01 | 17 -0.02042  1.51949e+00 | 18 -0.01385 -1.30179e+00
 19 -0.00820 -3.20109e+00 | 20 -0.01045  4.32424e-02 | 21 -0.01952  2.25334e+00
 22 -0.00852  7.27321e-01 | 23 -0.00219 -1.09598e+00 | 24 -0.00380 -1.37836e-01
 25 -0.00423 -8.04183e-02 | 26 -0.00492 -1.86150e-01 | 27 -0.00450 -1.16205e+00
 28 -0.00157 -1.04566e+00 | 29 -0.00253  6.29681e-01 | 30 -0.00262  1.50312e+00
 31  0.00204 -3.41655e+00 | 32  0.00439  6.62995e-01 | 33  0.00493  2.43464e+00
 34  0.00440 -1.86088e+00 | 35  0.00371 -1.65169e+00 | 36  0.00478  1.32033e+00
 37  0.00524 -4.32439e-01 | 38  0.00695  2.53487e+00 | 39  0.00711  7.35332e-01
 40  0.00628 -1.02902e-01 | 41  0.00970 -3.27833e-01 | 42  0.01037 -8.01461e-02
 43  0.01061  6.62048e-01 | 44  0.00668  5.55093e-01 | 45  0.02012 -1.06028e+00
 46  0.16213 -2.81197e+00 | 47 -0.07201 -2.15013e+00 | 48 -0.06328 -2.68812e+00
 49 -0.05918 -5.73109e-01 | 50 -0.03544  2.09283e+00 | 51 -0.03164 -2.67994e+00
 52 -0.03334 -2.20487e+00 | 53 -0.02202  1.46366e+00 | 54 -0.01524 -4.01033e-01
 55 -0.00801 -1.63178e-01 | 56  0.00078  1.88231e-01 | 57  0.01085  3.11350e+00
 58  0.01677 -1.62768e+00 | 59  0.02080 -1.38755e+00 | 60  0.01884 -6.94077e-01
 61  0.01607  1.38333e+00 | 62  0.01502  4.04438e-01 | 63  0.01206 -2.20532e+00
 64  0.01027  1.22844e-01 | 65  0.01092  1.44139e-01 | 66  0.01246  2.84722e+00
 67  0.01632 -2.91072e+00 | 68  0.01906  2.77035e+00 | 69  0.02061  1.06706e+00
 70  0.02524  1.61383e+00 | 71  0.02565  1.50951e+00 | 72  0.02349  3.12148e+00
 73  0.02171 -1.87294e+00 | 74  0.02143 -8.47277e-01 | 75  0.02144  1.57859e-01
 76  0.09356  5.84003e-01 |
1 0 19410.7
1 0 19410.7
1 0 19410.7
1 0 19410.7
1 0 19410.7
1 0 19410.7
1 0 19410.7
1 0 19410.7
1 0 19410.7
1 0 19410.7
76 variables; iteration 140; function evaluation 193; phase 1
Function value   1.9410699e+04; maximum gradient component mag   6.2745e-01
Var   Value    Gradient   |Var   Value    Gradient   |Var   Value    Gradient
  1  0.26221 -7.67842e-03 |  2  0.19516  1.58161e-02 |  3  0.13380 -2.03753e-03
  4  0.09309  2.65728e-02 |  5  0.06500 -2.80060e-03 |  6  0.04407  9.60584e-03
  7  0.02778 -4.41461e-03 |  8  0.01481  3.18494e-03 |  9  0.00439  7.22951e-03
 10 -0.00397 -2.34584e-03 | 11 -0.01058  4.60948e-03 | 12 -0.01567  2.18125e-03
 13 -0.01938 -4.59316e-03 | 14 -0.02180  6.21137e-03 | 15 -0.02300  6.90416e-04
 16  0.08148  8.03256e-02 | 17 -0.02047  7.35570e-02 | 18 -0.01384 -6.65111e-02
 19 -0.00819  2.34155e-01 | 20 -0.01045  1.04410e-02 | 21 -0.01952 -7.36962e-03
 22 -0.00852 -9.76463e-02 | 23 -0.00219 -6.95978e-02 | 24 -0.00380 -1.58012e-02
 25 -0.00422  7.56123e-03 | 26 -0.00491 -6.51449e-02 | 27 -0.00450  7.35484e-02
 28 -0.00156 -4.59662e-02 | 29 -0.00253 -1.47169e-01 | 30 -0.00262 -1.79942e-04
 31  0.00204  9.48463e-02 | 32  0.00439  1.53343e-02 | 33  0.00493 -1.34236e-03
 34  0.00441  1.21093e-01 | 35  0.00371  2.17814e-02 | 36  0.00478 -8.37164e-03
 37  0.00524  6.24829e-02 | 38  0.00693 -1.68394e-01 | 39  0.00710 -3.49268e-02
 40  0.00628  3.92420e-02 | 41  0.00970  3.96251e-02 | 42  0.01037  1.06348e-01
 43  0.01061 -1.57490e-02 | 44  0.00669 -9.26890e-02 | 45  0.02015  9.17714e-02
 46  0.16213  6.27447e-01 | 47 -0.07201  5.44956e-03 | 48 -0.06327  2.28115e-01
 49 -0.05917 -4.65444e-02 | 50 -0.03544  4.66764e-02 | 51 -0.03164 -1.00492e-01
 52 -0.03333 -6.82792e-03 | 53 -0.02203 -1.55719e-01 | 54 -0.01523  7.73440e-03
 55 -0.00801  6.81642e-02 | 56  0.00078  1.36694e-02 | 57  0.01085  3.71009e-02
 58  0.01678 -4.27815e-02 | 59  0.02080  7.94344e-03 | 60  0.01885  2.47814e-02
 61  0.01607 -1.69219e-02 | 62  0.01502  1.50178e-01 | 63  0.01207  8.05805e-02
 64  0.01028 -4.26146e-02 | 65  0.01093 -4.63833e-02 | 66  0.01245 -8.01723e-03
 67  0.01633  5.68247e-02 | 68  0.01905 -8.23538e-02 | 69  0.02061 -2.42110e-02
 70  0.02523 -2.21738e-02 | 71  0.02565  4.85097e-02 | 72  0.02348 -1.38884e-01
 73  0.02171 -1.51947e-02 | 74  0.02142  4.87971e-02 | 75  0.02142 -3.06003e-02
 76  0.09357 -8.41214e-02 |
1 0 19410.7
1 0 19410.7
1 0 19410.7
1 0 19410.7
1 0 19410.7
1 0 19410.7

 - final statistics:
76 variables; iteration 146; function evaluation 199
Function value   1.9411e+04; maximum gradient component mag  -5.6613e-02
Exit code = 1;  converg criter   1.0000e-01
Var   Value    Gradient   |Var   Value    Gradient   |Var   Value    Gradient
  1  0.26221 -1.56841e-03 |  2  0.19516  1.28637e-03 |  3  0.13380 -7.20618e-04
  4  0.09309 -9.08375e-04 |  5  0.06499  5.98042e-04 |  6  0.04406 -1.12987e-03
  7  0.02777  5.74657e-04 |  8  0.01480 -8.79342e-04 |  9  0.00438 -9.74746e-04
 10 -0.00398  7.59464e-04 | 11 -0.01059 -4.68386e-05 | 12 -0.01568 -1.35419e-04
 13 -0.01938 -3.15399e-04 | 14 -0.02181 -4.50379e-04 | 15 -0.02301  5.59051e-04
 16  0.08148 -2.89891e-03 | 17 -0.02048  1.84289e-02 | 18 -0.01384 -6.46462e-03
 19 -0.00819 -7.24064e-03 | 20 -0.01045  9.68970e-04 | 21 -0.01952  1.43198e-03
 22 -0.00851  5.02126e-03 | 23 -0.00219  8.81318e-03 | 24 -0.00380  2.93613e-03
 25 -0.00422  6.35601e-04 | 26 -0.00491 -5.01281e-03 | 27 -0.00450  8.44802e-03
 28 -0.00156  3.38306e-03 | 29 -0.00253 -3.47091e-03 | 30 -0.00262  1.22522e-02
 31  0.00204 -2.63186e-03 | 32  0.00439 -1.03501e-02 | 33  0.00493  3.04353e-03
 34  0.00441 -1.43922e-03 | 35  0.00371  1.76335e-02 | 36  0.00478 -1.00181e-02
 37  0.00524  7.73104e-05 | 38  0.00693  1.44595e-03 | 39  0.00710 -6.51291e-03
 40  0.00628  3.51275e-03 | 41  0.00970 -7.48828e-03 | 42  0.01037  4.22487e-03
 43  0.01061  8.49949e-03 | 44  0.00669  9.42447e-03 | 45  0.02014  5.33874e-03
 46  0.16213 -5.66133e-02 | 47 -0.07201 -1.47048e-03 | 48 -0.06327 -1.60339e-02
 49 -0.05917 -1.47969e-03 | 50 -0.03544 -6.32104e-03 | 51 -0.03164  1.04109e-02
 52 -0.03333  1.42815e-02 | 53 -0.02203  5.97986e-03 | 54 -0.01523  1.73326e-02
 55 -0.00801  1.27141e-03 | 56  0.00078  1.95532e-03 | 57  0.01085  9.09199e-03
 58  0.01678  3.07489e-03 | 59  0.02080  6.60623e-03 | 60  0.01885 -1.02132e-02
 61  0.01607 -9.06112e-03 | 62  0.01502  7.94478e-03 | 63  0.01207  5.89808e-03
 64  0.01028 -6.00573e-03 | 65  0.01093  3.43527e-04 | 66  0.01245 -3.00894e-02
 67  0.01633  1.07824e-02 | 68  0.01905 -2.09288e-02 | 69  0.02061 -5.99166e-03
 70  0.02523 -1.09257e-02 | 71  0.02565  3.65687e-03 | 72  0.02348  7.53582e-03
 73  0.02171  1.84285e-02 | 74  0.02142  4.44250e-03 | 75  0.02142  3.19835e-03
 76  0.09357  1.55292e-02 |
1 0 19410.7
B032235.3
0.3 0.636784
0.545815 0.499444
0.778869 0.420776
0.93637 0.382962
1.02456 0.365408
1.06966 0.357236
1.09177 0.353408
1.1024 0.351607
1.10746 0.350758
1.10986 0.350358
1.111 0.350169
1.11154 0.35008
1.11179 0.350038
1.11191 0.350018
1.11197 0.350008
1.11199 0.350004
1.11201 0.350002
1.11201 0.350001
1.11201 0.35
1.11202 0.35
1.11202 0.35
FutMOrt0.901181
FutMOrt0.901181
FutMOrt0.901181
FutMOrt0.901181
FutMOrt0.901181
FutMOrt0.901181
FutMOrt0.901181
FutMOrt0.901181
FutMOrt0.901181
FutMOrt0.901181
2 0 19410.7

Initial statistics: 80 variables; iteration 0; function evaluation 0; phase 2
Function value   1.9410699e+04; maximum gradient component mag   6.8173e+02
Var   Value    Gradient   |Var   Value    Gradient   |Var   Value    Gradient
  1 -0.80368 -3.04835e+02 |  2 -0.59136 -2.94048e+02 |  3  0.26221 -1.56841e-03
  4  0.19516  1.28637e-03 |  5  0.13380 -7.20618e-04 |  6  0.09309 -9.08375e-04
  7  0.06499  5.98042e-04 |  8  0.04406 -1.12987e-03 |  9  0.02777  5.74657e-04
 10  0.01480 -8.79342e-04 | 11  0.00438 -9.74746e-04 | 12 -0.00398  7.59464e-04
 13 -0.01059 -4.68386e-05 | 14 -0.01568 -1.35419e-04 | 15 -0.01938 -3.15399e-04
 16 -0.02181 -4.50379e-04 | 17 -0.02301  5.59051e-04 | 18  0.08148 -2.89891e-03
 19 -0.02048  1.65367e-02 | 20 -0.01384 -8.35738e-03 | 21 -0.00819 -9.13369e-03
 22 -0.01045 -9.23988e-04 | 23 -0.01952 -4.60342e-04 | 24 -0.00851  3.12822e-03
 25 -0.00219  6.91998e-03 | 26 -0.00380  1.04295e-03 | 27 -0.00422 -1.25757e-03
 28 -0.00491 -6.90596e-03 | 29 -0.00450  6.55485e-03 | 30 -0.00156  1.48985e-03
 31 -0.00253 -5.36410e-03 | 32 -0.00262  1.03590e-02 | 33  0.00204 -4.52506e-03
 34  0.00439 -1.22433e-02 | 35  0.00493  1.15038e-03 | 36  0.00441 -3.33239e-03
 37  0.00371  1.57403e-02 | 38  0.00478 -1.19113e-02 | 39  0.00524 -1.81584e-03
 40  0.00693 -4.47149e-04 | 41  0.00710 -8.40601e-03 | 42  0.00628  1.61963e-03
 43  0.00970 -9.38127e-03 | 44  0.01037  2.33191e-03 | 45  0.01061  6.60654e-03
 46  0.00669  7.53136e-03 | 47  0.02014  3.44647e-03 | 48  0.16213 -5.66133e-02
 49 -0.07201 -1.93822e-03 | 50 -0.06327 -1.65023e-02 | 51 -0.05917 -1.94841e-03
 52 -0.03544 -6.79105e-03 | 53 -0.03164  9.94076e-03 | 54 -0.03333  1.38114e-02
 55 -0.02203  5.50940e-03 | 56 -0.01523  1.68620e-02 | 57 -0.00801  8.00709e-04
 58  0.00078  1.48457e-03 | 59  0.01085  8.62131e-03 | 60  0.01678  2.60431e-03
 61  0.02080  6.13574e-03 | 62  0.01885 -1.06837e-02 | 63  0.01607 -9.53172e-03
 64  0.01502  7.47417e-03 | 65  0.01207  5.42742e-03 | 66  0.01028 -6.47642e-03
 67  0.01093 -1.27147e-04 | 68  0.01245 -3.05601e-02 | 69  0.01633  1.03118e-02
 70  0.01905 -2.13994e-02 | 71  0.02061 -6.46216e-03 | 72  0.02523 -1.13961e-02
 73  0.02565  3.18651e-03 | 74  0.02348  7.06540e-03 | 75  0.02171  1.79580e-02
 76  0.02142  3.97202e-03 | 77  0.02142  2.72787e-03 | 78  0.09357  1.55292e-02
 79 -0.64583  6.81727e+02 | 80 -0.56246  3.17057e+02 |
2 0 19410.7
2 0 19410.5
2 0 19409.3
2 0 19408.2
2 0 19406.4
2 0 19403
2 0 19400.5
2 0 19395.9
2 0 19388.3
2 0 19376.5
2 0 19377.7
2 0 19370.9
2 0 19361.4

Intermediate statistics: 80 variables; iteration 10; function evaluation 13; phase 2
Function value   1.9361397e+04; maximum gradient component mag   2.2975e+03
Var   Value    Gradient   |Var   Value    Gradient   |Var   Value    Gradient
  1 -0.72806 -3.91664e+02 |  2 -0.54077 -1.19689e+01 |  3  0.26203  2.32349e+02
  4  0.19561  4.28433e+01 |  5  0.13362  1.51966e+01 |  6  0.09300  9.68618e+00
  7  0.06498  6.23677e+00 |  8  0.04407  4.34322e+00 |  9  0.02778  3.25941e+00
 10  0.01481  2.58542e+00 | 11  0.00439  2.14029e+00 | 12 -0.00396  1.83563e+00
 13 -0.01057  1.62489e+00 | 14 -0.01566  1.47926e+00 | 15 -0.01937  1.38310e+00
 16 -0.02180  1.32824e+00 | 17 -0.02300  1.27752e+00 | 18  0.08153  6.45876e+02
 19 -0.01961 -4.58330e+02 | 20 -0.01099  1.31922e+03 | 21 -0.00748 -1.64853e+02
 22 -0.00771  8.37488e+02 | 23 -0.01952 -5.40750e+02 | 24 -0.01003 -7.13047e+02
 25 -0.00334 -4.24038e+02 | 26 -0.00333  1.29352e+02 | 27 -0.00325  1.59734e+02
 28 -0.00334  2.54832e+02 | 29 -0.00271  3.37262e+02 | 30 -0.00040  1.81868e+02
 31 -0.00234  1.82827e+02 | 32 -0.00360 -8.63864e+01 | 33  0.00057 -1.08179e+02
 34  0.00226 -3.63194e+02 | 35  0.00301 -2.78410e+02 | 36  0.00288 -2.49210e+02
 37  0.00280 -1.76241e+02 | 38  0.00467 -4.84089e+01 | 39  0.00574  6.18096e+01
 40  0.00747  4.71897e+01 | 41  0.00777  6.20560e+01 | 42  0.00726  1.84019e+02
 43  0.01018  5.84511e+01 | 44  0.01018 -1.45076e+01 | 45  0.01001 -9.33010e+01
 46  0.00588 -4.64462e+01 | 47  0.01698 -4.99179e+01 | 48  0.16367  2.29754e+03
 49 -0.07052  8.19169e+02 | 50 -0.06454 -4.55136e+02 | 51 -0.06046 -6.72380e+02
 52 -0.03621 -1.28024e+03 | 53 -0.03140 -3.08885e+02 | 54 -0.03365 -6.43069e+01
 55 -0.02233  3.05974e+02 | 56 -0.01502  4.43164e+02 | 57 -0.00817  3.62815e+02
 58  0.00109  4.05370e+02 | 59  0.01135  3.72977e+02 | 60  0.01786  4.42670e+02
 61  0.02123  1.22597e+02 | 62  0.01919 -1.72871e+01 | 63  0.01588 -1.76290e+02
 64  0.01455 -1.89383e+02 | 65  0.01157 -1.85105e+02 | 66  0.00983 -1.02696e+02
 67  0.01060 -1.22677e+00 | 68  0.01238  8.96631e+01 | 69  0.01648  1.49318e+02
 70  0.01907  1.75491e+02 | 71  0.02064  1.27818e+02 | 72  0.02558  1.22758e+02
 73  0.02598  9.93813e+01 | 74  0.02347 -2.79534e+00 | 75  0.02176 -2.09415e+01
 76  0.02277 -5.66277e+01 | 77  0.02126 -1.04318e+02 | 78  0.10168 -6.43733e+02
 79 -0.65691 -5.08275e+02 | 80 -0.63873  1.52771e+02 |
2 0 19347.9
2 0 19347.1
2 0 19338.6
2 0 19632.5
2 0 19338.3
2 0 19338.4
2 0 19338.2
2 0 19338.3
2 0 19338.2
2 0 19338.1
2 0 19338.1
2 0 19338.1
2 0 19338
2 0 19338
80 variables; iteration 20; function evaluation 27; phase 2
Function value   1.9338001e+04; maximum gradient component mag  -9.9944e+03
Var   Value    Gradient   |Var   Value    Gradient   |Var   Value    Gradient
  1 -0.67481  1.00671e+02 |  2 -0.52297  9.00766e+01 |  3  0.26720  6.56852e+01
  4  0.19785 -2.83588e+01 |  5  0.13411 -1.69952e+01 |  6  0.09318 -5.61995e+00
  7  0.06516 -2.65344e+00 |  8  0.04425 -1.82236e+00 |  9  0.02795 -1.42086e+00
 10  0.01497 -1.15989e+00 | 11  0.00453 -9.77358e-01 | 12 -0.00383 -8.48019e-01
 13 -0.01046 -7.57417e-01 | 14 -0.01555 -6.93559e-01 | 15 -0.01926 -6.51698e-01
 16 -0.02169 -6.26247e-01 | 17 -0.02290 -6.22611e-01 | 18  0.07792 -7.98324e+02
 19 -0.01952  1.62563e+01 | 20 -0.01066  9.72666e+02 | 21 -0.00567  5.34757e+02
 22 -0.00752  4.64939e+02 | 23 -0.01922 -7.90808e+02 | 24 -0.00926 -5.42645e+02
 25 -0.00336 -5.57809e+02 | 26 -0.00354 -1.20916e+00 | 27 -0.00297  3.16290e+02
 28 -0.00293  4.21696e+02 | 29 -0.00257  2.20809e+02 | 30 -0.00026  2.59332e+02
 31 -0.00309 -2.26008e+02 | 32 -0.00372 -2.61829e+01 | 33  0.00021 -3.41297e+02
 34  0.00259 -1.00163e+02 | 35  0.00324 -1.38805e+02 | 36  0.00289 -2.49431e+02
 37  0.00266 -2.43927e+02 | 38  0.00474 -3.71818e+01 | 39  0.00587  4.95468e+01
 40  0.00770  7.70965e+01 | 41  0.00810  1.26230e+02 | 42  0.00724  1.08534e+01
 43  0.01059  1.56999e+02 | 44  0.01035 -8.20227e-01 | 45  0.00991 -8.00071e+01
 46  0.00562  1.32856e+02 | 47  0.01257 -4.24661e+02 | 48  0.16763 -9.99437e+03
 49 -0.07010  8.51026e+02 | 50 -0.06436 -5.67206e+02 | 51 -0.05994 -9.71622e+02
 52 -0.03576 -1.51759e+03 | 53 -0.03076 -3.00623e+02 | 54 -0.03284  8.54963e+01
 55 -0.02188  5.04552e+02 | 56 -0.01479  5.96713e+02 | 57 -0.00804  3.27640e+02
 58  0.00091  1.67225e+02 | 59  0.01148  2.14532e+02 | 60  0.01801  4.19538e+02
 61  0.02185  5.31721e+02 | 62  0.01954  4.58985e+02 | 63  0.01622  2.62856e+02
 64  0.01426 -1.74354e+02 | 65  0.01129 -2.68166e+02 | 66  0.00954 -1.48299e+02
 67  0.01012 -4.63002e+01 | 68  0.01193  4.38347e+01 | 69  0.01589  3.35547e+01
 70  0.01823 -3.85384e+01 | 71  0.02015  5.78589e+01 | 72  0.02494  1.44491e+02
 73  0.02531  3.49653e+01 | 74  0.02282 -6.08605e+01 | 75  0.02126 -2.63125e+02
 76  0.02410 -2.02215e+02 | 77  0.02125  4.81322e+02 | 78  0.12734  7.55765e+02
 79 -0.65900  4.53456e+03 | 80 -0.67980 -6.14009e+02 |
2 0 19338
2 0 19337.9
2 0 19337.8
2 0 19337.6
2 0 19337.2
2 0 19397.4
2 0 19337.6
2 0 19336.4
2 0 19387.5
2 0 19338.4
2 0 19336.2
2 0 19336.3
2 0 19336.2
2 0 19336.3
2 0 19336.2
2 0 19336.2
2 0 19336.2
2 0 19336.2
80 variables; iteration 30; function evaluation 45; phase 2
Function value   1.9336163e+04; maximum gradient component mag  -1.0412e+04
Var   Value    Gradient   |Var   Value    Gradient   |Var   Value    Gradient
  1 -0.67398  1.77191e+02 |  2 -0.56199  8.27534e+01 |  3  0.27121  4.56861e+01
  4  0.20181 -2.60425e+01 |  5  0.13419 -3.41573e+01 |  6  0.09290 -9.77714e+00
  7  0.06520 -2.82820e+00 |  8  0.04459 -9.04035e-01 |  9  0.02843 -5.76411e-01
 10  0.01547 -5.11185e-01 | 11  0.00502 -4.41517e-01 | 12 -0.00337 -3.69402e-01
 13 -0.01002 -3.24472e-01 | 14 -0.01513 -2.84693e-01 | 15 -0.01885 -2.58594e-01
 16 -0.02129 -2.36976e-01 | 17 -0.02249 -2.03160e-01 | 18  0.07834 -7.41498e+01
 19 -0.01206  1.02042e+02 | 20 -0.00976  1.05971e+03 | 21 -0.00524  6.98697e+02
 22 -0.00769  3.24255e+02 | 23 -0.01955 -6.38147e+02 | 24 -0.00964 -5.20160e+02
 25 -0.00381 -6.47849e+02 | 26 -0.00432 -8.37198e+01 | 27 -0.00363  2.57793e+02
 28 -0.00327  4.53028e+02 | 29 -0.00281  2.27370e+02 | 30 -0.00083  2.05690e+02
 31 -0.00379 -2.66468e+02 | 32 -0.00435 -3.20218e+01 | 33 -0.00032 -3.43090e+02
 34  0.00209 -9.94936e+01 | 35  0.00269 -1.49712e+02 | 36  0.00235 -2.76791e+02
 37  0.00211 -2.91792e+02 | 38  0.00431 -4.57555e+01 | 39  0.00560  3.73577e+01
 40  0.00751  1.13543e+02 | 41  0.00793  1.60730e+02 | 42  0.00696  1.51545e+01
 43  0.01018  1.79423e+02 | 44  0.00994  2.16465e+01 | 45  0.00961 -3.87898e+01
 46  0.00567  1.36037e+02 | 47  0.01415 -5.60244e+02 | 48  0.16711 -1.04125e+04
 49 -0.06994  1.02209e+03 | 50 -0.06423 -4.75991e+02 | 51 -0.05973 -8.05484e+02
 52 -0.03579 -1.32374e+03 | 53 -0.03078 -2.91900e+02 | 54 -0.03268  9.39761e+01
 55 -0.02178  5.74780e+02 | 56 -0.01478  6.91169e+02 | 57 -0.00812  4.07517e+02
 58  0.00076  1.91057e+02 | 59  0.01172  3.12487e+02 | 60  0.01818  5.19049e+02
 61  0.02194  5.81194e+02 | 62  0.01962  4.35699e+02 | 63  0.01636  2.30583e+02
 64  0.01431 -2.53255e+02 | 65  0.01138 -3.43010e+02 | 66  0.00960 -1.99408e+02
 67  0.01007 -1.08085e+02 | 68  0.01186 -1.18986e+01 | 69  0.01590 -2.78398e+00
 70  0.01829 -7.21304e+01 | 71  0.02026  2.42924e+01 | 72  0.02493  4.95628e+01
 73  0.02534 -9.59353e+01 | 74  0.02281 -2.16544e+02 | 75  0.02089 -4.52400e+02
 76  0.02281 -3.43372e+02 | 77  0.02142  5.09449e+02 | 78  0.12553  1.09564e+03
 79 -0.66426  5.85186e+02 | 80 -0.71141 -6.00393e+01 |
2 0 19336.2
2 0 19336.1
2 0 19336.2
2 0 19336.1
2 0 19336.1
2 0 19336.1
2 0 19336.1
2 0 19336.1
2 0 19336.1
2 0 19336.1
2 0 19336.1
2 0 19336.1
2 0 19336.1
2 0 19336.1
80 variables; iteration 40; function evaluation 59; phase 2
Function value   1.9336070e+04; maximum gradient component mag  -1.0474e+04
Var   Value    Gradient   |Var   Value    Gradient   |Var   Value    Gradient
  1 -0.67408  1.66819e+02 |  2 -0.56124  8.22039e+01 |  3  0.27163  1.49193e+01
  4  0.20405 -1.50403e+01 |  5  0.13742 -2.11542e+01 |  6  0.09481 -9.28300e+00
  7  0.06628 -4.15490e+00 |  8  0.04553 -6.85497e-01 |  9  0.02935  6.79038e-02
 10  0.01636  2.59037e-02 | 11  0.00586 -4.35901e-02 | 12 -0.00259 -5.85287e-02
 13 -0.00928 -6.61540e-02 | 14 -0.01444 -5.48199e-02 | 15 -0.01819 -4.26004e-02
 16 -0.02063 -2.21397e-02 | 17 -0.02184  2.93253e-02 | 18  0.07850 -1.02436e+02
 19 -0.01104  1.52742e+02 | 20 -0.00976  1.01539e+03 | 21 -0.00525  6.94419e+02
 22 -0.00778  3.01045e+02 | 23 -0.01963 -6.45683e+02 | 24 -0.00973 -5.44309e+02
 25 -0.00377 -6.21638e+02 | 26 -0.00425 -7.36317e+01 | 27 -0.00361  2.56821e+02
 28 -0.00334  4.38931e+02 | 29 -0.00290  2.29843e+02 | 30 -0.00087  2.22459e+02
 31 -0.00382 -2.81395e+02 | 32 -0.00430 -1.36757e+01 | 33 -0.00028 -3.40855e+02
 34  0.00206 -9.11782e+01 | 35  0.00260 -1.66710e+02 | 36  0.00231 -2.85950e+02
 37  0.00210 -2.82853e+02 | 38  0.00424 -5.32985e+01 | 39  0.00548  3.20363e+01
 40  0.00738  9.07622e+01 | 41  0.00793  1.69158e+02 | 42  0.00703  2.01441e+01
 43  0.01024  1.98165e+02 | 44  0.00987  1.45301e+01 | 45  0.00947 -6.31487e+01
 46  0.00555  1.24076e+02 | 47  0.01400 -5.56580e+02 | 48  0.16714 -1.04742e+04
 49 -0.07005  9.48850e+02 | 50 -0.06421 -4.91615e+02 | 51 -0.05973 -8.18246e+02
 52 -0.03578 -1.32383e+03 | 53 -0.03081 -2.85400e+02 | 54 -0.03278  8.07859e+01
 55 -0.02181  5.66726e+02 | 56 -0.01478  6.91963e+02 | 57 -0.00806  4.36785e+02
 58  0.00081  2.23915e+02 | 59  0.01169  3.12787e+02 | 60  0.01813  5.05719e+02
 61  0.02187  5.65377e+02 | 62  0.01964  4.46104e+02 | 63  0.01642  2.50211e+02
 64  0.01423 -2.72972e+02 | 65  0.01134 -3.40311e+02 | 66  0.00962 -1.83386e+02
 67  0.01011 -9.26313e+01 | 68  0.01187 -7.47054e+00 | 69  0.01587 -7.87872e+00
 70  0.01820 -8.75655e+01 | 71  0.02022  1.87013e+01 | 72  0.02495  6.18429e+01
 73  0.02539 -8.81922e+01 | 74  0.02278 -2.19363e+02 | 75  0.02089 -4.40763e+02
 76  0.02284 -3.36741e+02 | 77  0.02173  5.13346e+02 | 78  0.12559  1.11353e+03
 79 -0.66422  7.89736e+02 | 80 -0.71134 -8.16581e+01 |
2 0 19336.1
2 0 19336
2 0 19336
2 0 19335.8
2 0 19336
2 0 19335.7
2 0 19335.7
2 0 19335.7
2 0 19335.6
2 0 19335.6
2 0 19335.5
2 0 19335.4
2 0 19335.2
80 variables; iteration 50; function evaluation 72; phase 2
Function value   1.9335213e+04; maximum gradient component mag  -1.1044e+04
Var   Value    Gradient   |Var   Value    Gradient   |Var   Value    Gradient
  1 -0.67317  1.58810e+02 |  2 -0.55506  8.59922e+01 |  3  0.27101  1.80847e+01
  4  0.20091 -3.82083e+01 |  5  0.13855 -2.67506e+01 |  6  0.10374  2.39363e+01
  7  0.07616  1.37074e+01 |  8  0.05319 -3.06021e-01 |  9  0.03594 -2.44759e-01
 10  0.02277  1.92735e+00 | 11  0.01215  2.04266e+00 | 12  0.00346  1.47472e+00
 13 -0.00352  1.01610e+00 | 14 -0.00892  7.77253e-01 | 15 -0.01285  6.90713e-01
 16 -0.01542  6.88638e-01 | 17 -0.01668  7.20071e-01 | 18  0.07792 -1.79312e+02
 19 -0.01219  1.23349e+02 | 20 -0.01001  9.73175e+02 | 21 -0.00513  6.91790e+02
 22 -0.00752  3.24061e+02 | 23 -0.01960 -6.55063e+02 | 24 -0.00979 -5.56586e+02
 25 -0.00394 -6.49299e+02 | 26 -0.00451 -1.06972e+02 | 27 -0.00380  1.79180e+02
 28 -0.00331  4.58052e+02 | 29 -0.00307  1.80987e+02 | 30 -0.00106  1.75108e+02
 31 -0.00391 -2.80180e+02 | 32 -0.00436 -9.13398e+01 | 33  0.00006 -2.40567e+02
 34  0.00220 -9.70379e+01 | 35  0.00263 -1.81361e+02 | 36  0.00232 -3.17552e+02
 37  0.00237 -2.22132e+02 | 38  0.00437 -8.04712e+01 | 39  0.00550  4.52884e+01
 40  0.00754  9.11030e+01 | 41  0.00817  2.02285e+02 | 42  0.00709 -1.60971e+01
 43  0.01021  2.22059e+02 | 44  0.00962 -8.21867e+01 | 45  0.00949 -5.24215e+01
 46  0.00581  1.25730e+02 | 47  0.01428 -5.42372e+02 | 48  0.16744 -1.10441e+04
 49 -0.07015  9.38506e+02 | 50 -0.06435 -5.06024e+02 | 51 -0.05970 -7.95356e+02
 52 -0.03554 -1.28856e+03 | 53 -0.03077 -3.00194e+02 | 54 -0.03260  1.06881e+02
 55 -0.02177  5.27607e+02 | 56 -0.01494  6.13859e+02 | 57 -0.00802  4.31274e+02
 58  0.00095  2.25851e+02 | 59  0.01166  2.89399e+02 | 60  0.01815  4.94837e+02
 61  0.02175  5.41211e+02 | 62  0.01956  4.39269e+02 | 63  0.01664  2.96374e+02
 64  0.01416 -2.92464e+02 | 65  0.01145 -2.86873e+02 | 66  0.00933 -2.45489e+02
 67  0.01036 -2.05099e+01 | 68  0.01186  1.02216e+01 | 69  0.01567 -5.34624e+01
 70  0.01820 -8.79343e+01 | 71  0.02024  2.55372e+01 | 72  0.02506  9.95020e+01
 73  0.02531 -1.04870e+02 | 74  0.02264 -2.13710e+02 | 75  0.02070 -4.58954e+02
 76  0.02296 -2.71801e+02 | 77  0.02181  5.41294e+02 | 78  0.12733  1.23049e+03
 79 -0.66388  1.01509e+03 | 80 -0.70893 -1.07518e+02 |
2 0 19336.1
2 0 19335.2
2 0 19335.1
2 0 19335.1
2 0 19334.9
2 0 19334.8
2 0 19335.2
2 0 19334.8
2 0 19334.8
2 0 19334.7
2 0 19334.6
2 0 19334.5
80 variables; iteration 60; function evaluation 84; phase 2
Function value   1.9334530e+04; maximum gradient component mag  -1.1628e+04
Var   Value    Gradient   |Var   Value    Gradient   |Var   Value    Gradient
  1 -0.67267  1.29178e+02 |  2 -0.54956  9.09245e+01 |  3  0.27066  8.54377e+00
  4  0.20034 -3.94674e+01 |  5  0.13823 -1.61044e+01 |  6  0.10047  1.48796e+01
  7  0.07184 -1.08005e+01 |  8  0.05448  8.96141e+00 |  9  0.04021  1.21975e+01
 10  0.02672  3.51900e+00 | 11  0.01560  1.09341e+00 | 12  0.00692  1.77163e+00
 13  0.00006  1.84944e+00 | 14 -0.00531  1.49642e+00 | 15 -0.00928  1.19853e+00
 16 -0.01190  1.06068e+00 | 17 -0.01320  1.01952e+00 | 18  0.07736 -2.43485e+02
 19 -0.01317  1.18658e+02 | 20 -0.01016  9.76773e+02 | 21 -0.00540  6.25533e+02
 22 -0.00759  3.09965e+02 | 23 -0.01940 -6.34099e+02 | 24 -0.00956 -5.25128e+02
 25 -0.00375 -6.19523e+02 | 26 -0.00454 -1.11091e+02 | 27 -0.00391  1.34306e+02
 28 -0.00323  4.50118e+02 | 29 -0.00301  2.30364e+02 | 30 -0.00136  1.05816e+02
 31 -0.00411 -3.37625e+02 | 32 -0.00421 -2.40935e+01 | 33  0.00018 -2.21536e+02
 34  0.00221 -9.71197e+01 | 35  0.00250 -2.26911e+02 | 36  0.00220 -3.33540e+02
 37  0.00236 -2.61750e+02 | 38  0.00486  3.02343e+01 | 39  0.00547  5.44106e+00
 40  0.00749  1.41565e+02 | 41  0.00828  1.71664e+02 | 42  0.00719  8.66050e+00
 43  0.01015  1.66106e+02 | 44  0.00989 -4.05952e+01 | 45  0.00971  2.40084e+01
 46  0.00590  1.01043e+02 | 47  0.01444 -5.42782e+02 | 48  0.16774 -1.16285e+04
 49 -0.07006  9.48675e+02 | 50 -0.06419 -4.75161e+02 | 51 -0.05987 -8.19966e+02
 52 -0.03561 -1.31593e+03 | 53 -0.03071 -2.98224e+02 | 54 -0.03257  9.89971e+01
 55 -0.02160  5.34677e+02 | 56 -0.01503  5.62459e+02 | 57 -0.00814  4.04290e+02
 58  0.00117  2.74750e+02 | 59  0.01177  2.74810e+02 | 60  0.01804  4.70544e+02
 61  0.02168  5.27477e+02 | 62  0.01957  4.21032e+02 | 63  0.01670  2.93535e+02
 64  0.01415 -2.97422e+02 | 65  0.01145 -2.69850e+02 | 66  0.00916 -2.46855e+02
 67  0.01013 -4.42716e+01 | 68  0.01243  1.73075e+02 | 69  0.01543 -1.02274e+02
 70  0.01795 -1.75649e+02 | 71  0.02038  6.70192e+01 | 72  0.02499  1.01331e+02
 73  0.02514 -8.25497e+01 | 74  0.02285 -1.47189e+02 | 75  0.02046 -5.26546e+02
 76  0.02299 -2.39830e+02 | 77  0.02200  5.71046e+02 | 78  0.12902  1.37703e+03
 79 -0.66356  1.17041e+03 | 80 -0.70673 -1.26731e+02 |
2 0 19335
2 0 19334.5
2 0 19334.5
2 0 19334.4
2 0 19334.3
2 0 19334.4
2 0 19334.3
2 0 19334.3
2 0 19334.3
2 0 19334.2
2 0 19334.3
2 0 19334.2
2 0 19334.2
80 variables; iteration 70; function evaluation 97; phase 2
Function value   1.9334171e+04; maximum gradient component mag  -1.1925e+04
Var   Value    Gradient   |Var   Value    Gradient   |Var   Value    Gradient
  1 -0.67242  1.17999e+02 |  2 -0.54695  9.33689e+01 |  3  0.27074  9.89307e+00
  4  0.20065 -3.76346e+01 |  5  0.13853 -1.25511e+01 |  6  0.09972  1.30797e+01
  7  0.07026 -6.50615e+00 |  8  0.05042  2.43537e+00 |  9  0.03505 -6.25803e-01
 10  0.02375  1.39863e+00 | 11  0.01518  6.71429e+00 | 12  0.00729  4.33861e+00
 13  0.00042  1.48093e+00 | 14 -0.00487  1.11669e+00 | 15 -0.00865  1.32651e+00
 16 -0.01113  1.31504e+00 | 17 -0.01236  1.23993e+00 | 18  0.07711 -2.72576e+02
 19 -0.01357  1.12299e+02 | 20 -0.01019  9.82320e+02 | 21 -0.00537  6.11349e+02
 22 -0.00751  3.18801e+02 | 23 -0.01945 -6.32055e+02 | 24 -0.00962 -5.04625e+02
 25 -0.00388 -6.58913e+02 | 26 -0.00463 -1.62687e+02 | 27 -0.00388  1.39310e+02
 28 -0.00314  5.00837e+02 | 29 -0.00316  1.84403e+02 | 30 -0.00147  6.79719e+01
 31 -0.00404 -3.16970e+02 | 32 -0.00409  2.60061e+00 | 33  0.00029 -2.06244e+02
 34  0.00223 -1.10236e+02 | 35  0.00248 -2.07063e+02 | 36  0.00213 -3.82679e+02
 37  0.00244 -2.12242e+02 | 38  0.00479 -1.16532e+01 | 39  0.00548  2.91456e+01
 40  0.00742  1.14658e+02 | 41  0.00836  1.97813e+02 | 42  0.00717 -1.48412e+00
 43  0.01010  1.45463e+02 | 44  0.01024  6.68338e+01 | 45  0.00989 -2.06878e+01
 46  0.00594  1.19004e+02 | 47  0.01448 -5.37721e+02 | 48  0.16788 -1.19252e+04
 49 -0.07010  9.26871e+02 | 50 -0.06425 -4.92225e+02 | 51 -0.05981 -7.98691e+02
 52 -0.03546 -1.29550e+03 | 53 -0.03073 -3.47788e+02 | 54 -0.03265  3.74981e+01
 55 -0.02164  5.06810e+02 | 56 -0.01504  5.75182e+02 | 57 -0.00808  4.09052e+02
 58  0.00125  2.55218e+02 | 59  0.01170  2.52597e+02 | 60  0.01801  4.77898e+02
 61  0.02167  5.23185e+02 | 62  0.01956  4.10215e+02 | 63  0.01678  3.19908e+02
 64  0.01419 -2.88871e+02 | 65  0.01139 -2.75833e+02 | 66  0.00919 -2.28579e+02
 67  0.01016 -3.27137e+01 | 68  0.01243  1.93436e+02 | 69  0.01547 -7.99592e+01
 70  0.01785 -1.81138e+02 | 71  0.02048  9.62912e+01 | 72  0.02495  1.14634e+02
 73  0.02488 -1.50110e+02 | 74  0.02291 -1.54187e+02 | 75  0.02067 -4.42164e+02
 76  0.02287 -2.32738e+02 | 77  0.02202  5.86085e+02 | 78  0.12981  1.45135e+03
 79 -0.66340  1.21633e+03 | 80 -0.70564 -1.32978e+02 |
2 0 19334.1
2 0 19334.2
2 0 19334.1
2 0 19334
2 0 19334
2 0 19333.9
2 0 19333.8
2 0 19333.7
2 0 19333.6
2 0 19333.5
2 0 19333.4
80 variables; iteration 80; function evaluation 108; phase 2
Function value   1.9333430e+04; maximum gradient component mag  -1.2487e+04
Var   Value    Gradient   |Var   Value    Gradient   |Var   Value    Gradient
  1 -0.67179  9.36488e+01 |  2 -0.54165  9.91910e+01 |  3  0.27134  1.06761e+01
  4  0.20231 -3.26824e+01 |  5  0.14071 -7.95942e+00 |  6  0.10155  1.37724e+01
  7  0.07163 -3.92604e+00 |  8  0.05048  2.66399e+00 |  9  0.03351  5.16321e+00
 10  0.01855  2.42536e+00 | 11  0.00552  1.26072e+00 | 12 -0.00586  6.76804e+00
 13 -0.01766 -3.51077e+00 | 14 -0.02716  1.51175e+00 | 15 -0.03609 -2.03798e+01
 16 -0.03804  8.51757e+00 | 17 -0.04173 -9.74190e+00 | 18  0.07665 -3.16458e+02
 19 -0.01388  1.00722e+02 | 20 -0.01025  9.81342e+02 | 21 -0.00544  5.97088e+02
 22 -0.00759  3.07344e+02 | 23 -0.01945 -6.29459e+02 | 24 -0.00956 -4.93041e+02
 25 -0.00374 -6.22488e+02 | 26 -0.00463 -1.63079e+02 | 27 -0.00399  1.07347e+02
 28 -0.00325  4.76770e+02 | 29 -0.00324  1.74834e+02 | 30 -0.00152  5.73754e+01
 31 -0.00403 -3.00747e+02 | 32 -0.00415 -7.11787e+00 | 33  0.00022 -2.10050e+02
 34  0.00219 -1.24759e+02 | 35  0.00256 -2.03317e+02 | 36  0.00236 -3.46271e+02
 37  0.00272 -1.66222e+02 | 38  0.00494  9.59981e+00 | 39  0.00552  2.82533e+01
 40  0.00749  1.18461e+02 | 41  0.00843  2.07067e+02 | 42  0.00719  7.84486e+00
 43  0.00998  1.18776e+02 | 44  0.01017  5.57761e+01 | 45  0.00991 -1.75674e+01
 46  0.00593  1.06864e+02 | 47  0.01458 -5.35118e+02 | 48  0.16820 -1.24869e+04
 49 -0.07005  9.26656e+02 | 50 -0.06419 -4.71469e+02 | 51 -0.05973 -7.69278e+02
 52 -0.03543 -1.29282e+03 | 53 -0.03071 -3.41554e+02 | 54 -0.03267  2.58072e+01
 55 -0.02156  4.90281e+02 | 56 -0.01504  5.40252e+02 | 57 -0.00809  3.90841e+02
 58  0.00129  2.57135e+02 | 59  0.01167  2.37645e+02 | 60  0.01802  4.65183e+02
 61  0.02171  5.11494e+02 | 62  0.01952  3.90461e+02 | 63  0.01671  3.00848e+02
 64  0.01409 -2.99067e+02 | 65  0.01133 -2.71315e+02 | 66  0.00919 -2.17498e+02
 67  0.01024 -1.16525e+01 | 68  0.01241  1.93916e+02 | 69  0.01539 -8.47709e+01
 70  0.01783 -1.72999e+02 | 71  0.02048  1.03112e+02 | 72  0.02497  1.24808e+02
 73  0.02476 -1.60724e+02 | 74  0.02284 -1.53641e+02 | 75  0.02068 -4.18262e+02
 76  0.02276 -2.11452e+02 | 77  0.02227  6.15483e+02 | 78  0.13154  1.59884e+03
 79 -0.66310  1.23085e+03 | 80 -0.70358 -1.36933e+02 |
2 0 19333.3
2 0 19333
2 0 19330.2
2 0 19317.6
2 0 19311.6
2 0 19306
2 0 19301.5
2 0 19296.4
2 0 19294.4
2 0 19293.2
2 0 19290.4
2 0 19290.7
2 0 19289.1
2 0 19287
80 variables; iteration 90; function evaluation 122; phase 2
Function value   1.9287019e+04; maximum gradient component mag  -8.7775e+02
Var   Value    Gradient   |Var   Value    Gradient   |Var   Value    Gradient
  1 -0.64064 -4.66705e+02 |  2 -0.54531  6.37105e+01 |  3  0.28534 -2.24846e+01
  4  0.20960  2.90017e+00 |  5  0.14561  1.24224e+01 |  6  0.10250  4.40779e+00
  7  0.07244  1.13410e+00 |  8  0.05010  1.16883e+00 |  9  0.03262  8.07776e-01
 10  0.01860  3.00750e-01 | 11  0.00730  2.77274e-01 | 12 -0.00181  9.21093e-01
 13 -0.00931 -1.60839e-01 | 14 -0.01512  3.51106e-02 | 15 -0.01948 -2.04160e+00
 16 -0.02189  1.00572e+00 | 17 -0.02331 -5.24855e-01 | 18  0.06944 -3.11216e+02
 19 -0.03354 -2.05949e+01 | 20 -0.01451 -7.33551e+01 | 21 -0.00812 -1.22491e+02
 22 -0.00986  2.76307e+02 | 23 -0.02032 -1.66596e+02 | 24 -0.00797 -4.89770e+01
 25 -0.00059  6.91417e+01 | 26 -0.00270  4.52648e+01 | 27 -0.00347  5.83409e+01
 28 -0.00460 -5.86215e+01 | 29 -0.00412 -6.30193e+01 | 30 -0.00129  4.29888e+01
 31 -0.00252  1.41018e+01 | 32 -0.00216  1.19846e+01 | 33  0.00339  1.20370e+01
 34  0.00600 -1.01751e+01 | 35  0.00644  2.97533e+01 | 36  0.00563  2.52261e+01
 37  0.00481  3.22001e+01 | 38  0.00586  1.74639e+00 | 39  0.00634  6.03739e-01
 40  0.00789 -3.02155e+01 | 41  0.00798 -1.23708e+01 | 42  0.00739 -3.03358e-01
 43  0.01102 -2.40787e+01 | 44  0.01131 -5.00829e+01 | 45  0.01112 -2.03508e+01
 46  0.00668 -8.11686e+00 | 47  0.01383  5.11634e+01 | 48  0.18408  1.82631e+02
 49 -0.06948 -7.93637e+01 | 50 -0.06137  4.14564e+01 | 51 -0.05673 -1.38596e+02
 52 -0.03281 -2.32973e+02 | 53 -0.03013 -2.97566e+01 | 54 -0.03194  2.53336e+01
 55 -0.02182 -1.17437e+02 | 56 -0.01446 -7.51322e+01 | 57 -0.00724 -7.61183e+01
 58  0.00145 -4.94693e+01 | 59  0.01115 -6.97960e+01 | 60  0.01721 -7.98416e+01
 61  0.02083 -8.44094e+01 | 62  0.01852 -3.33881e+00 | 63  0.01524 -5.01569e+00
 64  0.01402  5.21120e+01 | 65  0.01123  2.44957e+01 | 66  0.00942  1.32762e+01
 67  0.00982  3.65239e+01 | 68  0.01113  5.35991e+01 | 69  0.01478  2.85970e+01
 70  0.01712  8.46359e+00 | 71  0.01879  1.93661e+01 | 72  0.02293  5.44534e+01
 73  0.02339  9.62839e+01 | 74  0.02139  1.26070e+02 | 75  0.02027  1.33039e+02
 76  0.02352  1.26163e+02 | 77  0.02312 -1.88043e+01 | 78  0.19273  3.30357e+01
 79 -0.66373 -8.77745e+02 | 80 -0.72750  1.42792e+02 |
2 0 19284.9
2 0 19283.4
2 0 19282.3
2 0 19281.5
2 0 19281.2
2 0 19280.8
2 0 19280.6
2 0 19280.5
2 0 19280.3
2 0 19280.2
80 variables; iteration 100; function evaluation 132; phase 2
Function value   1.9280218e+04; maximum gradient component mag  -1.0258e+03
Var   Value    Gradient   |Var   Value    Gradient   |Var   Value    Gradient
  1 -0.61213 -2.53310e+01 |  2 -0.50283  1.07678e+01 |  3  0.29924  9.16354e+00
  4  0.21868  2.38795e+00 |  5  0.14987  8.76715e-01 |  6  0.10497  4.41076e-01
  7  0.07405  3.45086e-01 |  8  0.05102  2.63091e-01 |  9  0.03312  1.89643e-01
 10  0.01888  1.52433e-01 | 11  0.00746  1.29910e-01 | 12 -0.00170  1.04483e-01
 13 -0.00894  1.03310e-01 | 14 -0.01452  8.59913e-02 | 15 -0.01860  7.23976e-02
 16 -0.02127  4.66091e-02 | 17 -0.02260  2.16518e-02 | 18  0.07690  6.34814e+01
 19 -0.03117 -1.61994e+01 | 20 -0.01427 -5.60355e+00 | 21 -0.00825  8.91933e-01
 22 -0.01132  9.03288e-01 | 23 -0.02124 -3.80219e-03 | 24 -0.00860 -7.30739e+00
 25 -0.00113 -7.36480e+00 | 26 -0.00328  4.41042e+00 | 27 -0.00418  7.84097e-01
 28 -0.00495 -3.46029e+00 | 29 -0.00432 -4.16154e-01 | 30 -0.00180  3.79294e+00
 31 -0.00317  4.34883e+00 | 32 -0.00267  5.52391e+00 | 33  0.00330  5.78801e+00
 34  0.00614  7.83774e+00 | 35  0.00653  9.62295e+00 | 36  0.00563  7.32616e+00
 37  0.00468  2.31000e+00 | 38  0.00583 -2.03441e+00 | 39  0.00653 -3.81580e+00
 40  0.00831  3.21431e-01 | 41  0.00820  2.08988e+00 | 42  0.00753  1.41654e+00
 43  0.01148  2.65947e+00 | 44  0.01191  4.96809e+00 | 45  0.01166  7.62020e+00
 46  0.00739 -3.28591e+00 | 47  0.01524 -2.24637e+01 | 48  0.19343  2.79684e+02
 49 -0.06818  1.93856e+01 | 50 -0.06039  1.41233e+01 | 51 -0.05480  3.41020e+00
 52 -0.03131 -1.90908e+00 | 53 -0.02927  1.53058e+00 | 54 -0.03149  7.77149e+00
 55 -0.02104  1.29881e+01 | 56 -0.01388  1.24373e+01 | 57 -0.00676  1.64642e+01
 58  0.00202  1.64002e+01 | 59  0.01173  1.06646e+01 | 60  0.01777  2.18754e+00
 61  0.02122 -9.36169e-01 | 62  0.01833 -2.39095e+00 | 63  0.01499 -2.04874e+00
 64  0.01359 -4.23916e+00 | 65  0.01094 -7.22610e+00 | 66  0.00923 -6.77583e+00
 67  0.00944 -3.12651e+00 | 68  0.01056  1.27930e+00 | 69  0.01421  4.46776e+00
 70  0.01666  3.00170e+00 | 71  0.01824 -7.75370e-02 | 72  0.02203 -3.90155e+00
 73  0.02236 -1.05515e+01 | 74  0.02039 -2.00661e+01 | 75  0.01921 -2.80530e+01
 76  0.02197 -2.40771e+01 | 77  0.02196 -1.36074e+01 | 78  0.22210 -5.68251e+01
 79 -0.66173 -1.02581e+03 | 80 -0.72561  2.17676e+02 |
2 0 19280.2
2 0 19280.2
2 0 19280.2
2 0 19280.2
2 0 19280.2
2 0 19280.2
2 0 19280.2
2 0 19280.2
2 0 19280.2
2 0 19280.2
80 variables; iteration 110; function evaluation 142; phase 2
Function value   1.9280202e+04; maximum gradient component mag   1.2551e-01
Var   Value    Gradient   |Var   Value    Gradient   |Var   Value    Gradient
  1 -0.61217  4.59895e-02 |  2 -0.50318 -5.69369e-03 |  3  0.29915 -8.70901e-03
  4  0.21866 -3.98039e-03 |  5  0.14982 -3.97435e-04 |  6  0.10489 -4.04563e-04
  7  0.07392 -4.06882e-04 |  8  0.05085 -3.56690e-04 |  9  0.03293 -3.01978e-04
 10  0.01867 -2.59421e-04 | 11  0.00724 -2.24185e-04 | 12 -0.00192 -1.86323e-04
 13 -0.00916 -1.91966e-04 | 14 -0.01473 -1.56072e-04 | 15 -0.01879 -1.34831e-04
 16 -0.02145 -9.96641e-05 | 17 -0.02277 -4.23565e-05 | 18  0.07694 -3.00079e-02
 19 -0.03093  9.14438e-03 | 20 -0.01415 -5.73907e-02 | 21 -0.00816 -2.33064e-02
 22 -0.01126  3.85839e-02 | 23 -0.02121  2.79999e-02 | 24 -0.00857  2.02862e-02
 25 -0.00109  1.01412e-02 | 26 -0.00325  6.62487e-03 | 27 -0.00414  3.67716e-03
 28 -0.00489 -8.80042e-03 | 29 -0.00426 -1.16536e-02 | 30 -0.00178  8.09250e-03
 31 -0.00319  5.15067e-03 | 32 -0.00272  2.00870e-03 | 33  0.00322 -1.96993e-02
 34  0.00604 -2.32706e-02 | 35  0.00643 -1.25550e-02 | 36  0.00554 -5.20609e-03
 37  0.00461  3.20323e-03 | 38  0.00579  8.26048e-03 | 39  0.00652  8.16789e-03
 40  0.00829  6.33396e-03 | 41  0.00817  4.53532e-03 | 42  0.00750  1.10247e-03
 43  0.01144  5.93780e-03 | 44  0.01184 -2.48736e-03 | 45  0.01157 -1.10627e-02
 46  0.00734 -1.09009e-02 | 47  0.01526  1.50094e-02 | 48  0.19342  1.25514e-01
 49 -0.06825  2.04403e-02 | 50 -0.06043  6.67102e-02 | 51 -0.05482  4.84395e-02
 52 -0.03131  4.04519e-02 | 53 -0.02929  3.67565e-03 | 54 -0.03152 -2.13080e-02
 55 -0.02107 -3.70434e-02 | 56 -0.01392 -4.40164e-02 | 57 -0.00681 -3.84844e-02
 58  0.00198 -2.16990e-02 | 59  0.01172 -2.00611e-02 | 60  0.01779 -1.20441e-02
 61  0.02124 -9.39999e-03 | 62  0.01836  3.36000e-03 | 63  0.01501  1.10167e-02
 64  0.01362  1.76434e-02 | 65  0.01097  1.78070e-02 | 66  0.00924  1.69274e-02
 67  0.00944  1.56732e-02 | 68  0.01056  8.11709e-03 | 69  0.01421 -7.16805e-03
 70  0.01667 -2.03601e-02 | 71  0.01826 -2.53509e-02 | 72  0.02205 -2.59511e-02
 73  0.02239 -2.12218e-02 | 74  0.02043 -4.86676e-03 | 75  0.01923  1.21530e-02
 76  0.02199  1.14111e-02 | 77  0.02199 -7.50316e-03 | 78  0.22210 -6.35267e-02
 79 -0.66178 -1.05856e-01 | 80 -0.72586  2.24776e-02 |
2 0 19280.2
2 0 19280.2
2 0 19280.2
2 0 19280.2
2 0 19280.2
2 0 19280.2

 - final statistics:
80 variables; iteration 116; function evaluation 148
Function value   1.9280e+04; maximum gradient component mag   7.4047e-04
Exit code = 1;  converg criter   1.0000e-03
Var   Value    Gradient   |Var   Value    Gradient   |Var   Value    Gradient
  1 -0.61217 -2.04300e-06 |  2 -0.50319  2.45840e-06 |  3  0.29915  1.99456e-05
  4  0.21866 -2.58234e-06 |  5  0.14982  4.00840e-06 |  6  0.10489  8.44126e-07
  7  0.07392 -6.20803e-07 |  8  0.05085 -7.49798e-07 |  9  0.03293 -7.07583e-07
 10  0.01867 -7.21181e-07 | 11  0.00724 -6.23651e-07 | 12 -0.00192 -2.67333e-07
 13 -0.00916 -6.77374e-07 | 14 -0.01473 -3.67155e-07 | 15 -0.01879 -1.11175e-06
 16 -0.02145  2.05942e-07 | 17 -0.02277 -3.66799e-07 | 18  0.07694 -6.55194e-05
 19 -0.03093  1.05144e-05 | 20 -0.01415 -1.30285e-04 | 21 -0.00816  1.60448e-05
 22 -0.01126  2.47548e-04 | 23 -0.02121  1.27842e-04 | 24 -0.00857  1.94104e-04
 25 -0.00109  4.45402e-05 | 26 -0.00325  6.32143e-06 | 27 -0.00414 -5.60250e-06
 28 -0.00489 -1.62216e-04 | 29 -0.00426 -2.05635e-04 | 30 -0.00178 -1.24569e-04
 31 -0.00319 -7.50310e-05 | 32 -0.00272 -3.30821e-05 | 33  0.00322 -7.35188e-05
 34  0.00604 -8.52436e-05 | 35  0.00643  3.87080e-05 | 36  0.00554  6.52706e-05
 37  0.00461 -2.33372e-05 | 38  0.00579 -4.80491e-05 | 39  0.00652 -8.39275e-06
 40  0.00829  2.69429e-05 | 41  0.00817  6.69234e-05 | 42  0.00750  8.25693e-05
 43  0.01144  6.26318e-05 | 44  0.01184  2.37014e-05 | 45  0.01157 -4.21502e-05
 46  0.00734 -6.56958e-05 | 47  0.01526  4.73692e-05 | 48  0.19342 -8.72873e-05
 49 -0.06825  1.02997e-04 | 50 -0.06043  1.71220e-04 | 51 -0.05482  7.55606e-05
 52 -0.03131  5.29551e-06 | 53 -0.02929 -1.15544e-04 | 54 -0.03152 -1.94645e-04
 55 -0.02107 -2.50983e-04 | 56 -0.01392 -9.96627e-05 | 57 -0.00681 -3.58451e-05
 58  0.00198 -1.90723e-05 | 59  0.01172 -1.26825e-04 | 60  0.01779 -2.38903e-04
 61  0.02124 -2.65319e-04 | 62  0.01836 -2.69066e-05 | 63  0.01501  1.57473e-04
 64  0.01362  1.92306e-04 | 65  0.01097 -3.55351e-05 | 66  0.00924 -1.72884e-04
 67  0.00944 -1.11793e-04 | 68  0.01056  3.71513e-05 | 69  0.01421  1.63334e-04
 70  0.01667  2.78107e-04 | 71  0.01826  3.16852e-04 | 72  0.02205  2.03430e-04
 73  0.02239  1.28514e-06 | 74  0.02043 -1.42323e-04 | 75  0.01923 -6.84211e-05
 76  0.02199  5.24240e-05 | 77  0.02199 -3.15483e-06 | 78  0.22210  1.59464e-08
 79 -0.66178  7.40473e-04 | 80 -0.72586 -1.55863e-04 |
2 0 19280.2
B09890.29
0.3 0.890273
0.763092 0.787313
1.71655 0.675004
3.3105 0.581254
5.49784 0.512504
8.05048 0.469747
10.8048 0.446332
13.7787 0.434133
17.0908 0.428012
20.9002 0.425151
25.3878 0.423966
30.753 0.423554
37.2159 0.423441
45.0249 0.423417
54.4695 0.423414
65.8947 0.423414
79.7163 0.423414
96.4371 0.423414
116.665 0.423414
141.136 0.423414
170.74 0.423414
Survey Bio18.7677
Survey len9651.92
CPUE24.9158
Catch2.12012
Catch len9553.24
initsmo_penal23.4142
F_pen2.37668
Rec_pen3.44815
M_pen0


Starting time: Fri Oct  5 16:58:36 2018
Finishing time: Fri Oct  5 16:58:49 2018
This run took: 0 hours, 0 minutes, 13 seconds.

