survYears 73 74 75 76 77 78 79 80 81 82 83 84 85 86 87 88 89 90 91 92 93 94 95 96 97 98 99 100
SurvLenYear 73 74 75 76 77 78 79 80 81 82 83 84 85 86 87 88 89 90 91 92 93 94 95 96 97 98 99 100
catchBiomass 2404.98 2336.45 4458.45 5777.01 6876.41 12732.6 15206.4 15310 18070 28356.5 48413.4 63625.2 85711.6 111863 112680 94696.7 83233.5 85698.8 87831.1 73686.3 98277 104948 97897.5 117667 119769 115184 138868 108915
steep0.999
25
Out
1 0 31225.4

Initial statistics: 74 variables; iteration 0; function evaluation 0; phase 1
Function value   3.1225418e+04; maximum gradient component mag  -9.2739e+04
Var   Value    Gradient   |Var   Value    Gradient   |Var   Value    Gradient
  1  0.23978  1.71957e+03 |  2  0.21254  1.15246e+03 |  3  0.20723  1.63255e+03
  4  0.18189  1.11377e+03 |  5  0.15976  8.08244e+02 |  6  0.12960  3.10700e+02
  7  0.13712  6.57364e+02 |  8  0.10784  2.16067e+02 |  9  0.10078  3.22101e+02
 10  0.07188  8.22928e+01 | 11  0.05787  1.13244e+02 | 12  0.03857  2.35699e+01
 13  0.03071  9.91105e+01 | 14  0.00851 -1.57687e+02 | 15  0.04290  1.82927e+02
 16 -0.02431 -6.50758e+03 | 17  0.00000 -5.47001e+03 | 18  0.00000  9.75576e+02
 19  0.00000 -1.97856e+03 | 20  0.00000 -1.95860e+03 | 21  0.00000 -5.51746e+02
 22  0.00000 -1.86122e+03 | 23  0.00000 -1.52162e+03 | 24  0.00000  3.57826e+02
 25  0.00000  2.18613e+03 | 26  0.00000  2.58073e+03 | 27  0.00000  1.76401e+03
 28  0.00000  1.97333e+03 | 29  0.00000  1.40386e+03 | 30  0.00000  3.53855e+02
 31  0.00000 -7.17293e+02 | 32  0.00000 -2.58280e+02 | 33  0.00000  3.94602e+02
 34  0.00000  7.57161e+02 | 35  0.00000  6.24380e+02 | 36  0.00000  2.25322e+03
 37  0.00000  1.23903e+03 | 38  0.00000  9.07400e+02 | 39  0.00000  1.87655e+03
 40  0.00000  8.98834e+02 | 41  0.00000  9.01899e+02 | 42  0.00000  6.39901e+02
 43  0.00000 -2.13590e+03 | 44  0.00000 -5.63507e+03 | 45  0.10807 -9.27388e+04
 46  0.00000  2.77457e+04 | 47  0.00000  2.00388e+04 | 48  0.00000  1.63954e+04
 49  0.00000  1.26142e+04 | 50  0.00000  1.04561e+04 | 51  0.00000  8.72411e+03
 52  0.00000  6.09700e+03 | 53  0.00000  2.30620e+03 | 54  0.00000 -1.04429e+03
 55  0.00000 -3.53323e+03 | 56  0.00000 -5.86348e+03 | 57  0.00000 -7.25519e+03
 58  0.00000 -7.20964e+03 | 59  0.00000 -5.61138e+03 | 60  0.00000 -4.78270e+03
 61  0.00000 -5.21819e+03 | 62  0.00000 -5.52291e+03 | 63  0.00000 -5.66810e+03
 64  0.00000 -6.51236e+03 | 65  0.00000 -7.50708e+03 | 66  0.00000 -7.45732e+03
 67  0.00000 -7.80916e+03 | 68  0.00000 -8.25336e+03 | 69  0.00000 -8.04660e+03
 70  0.00000 -7.33249e+03 | 71  0.00000 -4.62709e+03 | 72  0.00000  3.96447e+02
 73  0.00000  4.48053e+03 | 74  0.01066  1.04394e+04 |
1 0 31225.4
1 0 31225.2
1 0 31223.2
1 0 31203.3
1 0 31010.6
1 0 30593.5
1 0 27679.4
1 0 33406.3
1 0 27085.2
1 0 27966.2
1 0 26940.7
1 0 27013.7
1 0 26880.5
1 0 26852.7
1 0 26842
1 0 26838.5
1 0 26838.5
1 0 26833
1 0 26833.3
1 0 26830.4

Intermediate statistics: 74 variables; iteration 10; function evaluation 20; phase 1
Function value   2.6830387e+04; maximum gradient component mag  -6.4123e+04
Var   Value    Gradient   |Var   Value    Gradient   |Var   Value    Gradient
  1  0.24800 -1.56397e+02 |  2  0.20020  3.39938e+01 |  3  0.18126  1.98110e+02
  4  0.16153  1.90163e+02 |  5  0.14193  1.39362e+02 |  6  0.12683  1.08364e+02
  7  0.11679  1.15217e+02 |  8  0.10443  9.55293e+01 |  9  0.08911  7.02329e+01
 10  0.07150  4.17172e+01 | 11  0.05423  2.05283e+01 | 12  0.03957  1.46891e+01
 13  0.02679 -1.26303e+01 | 14  0.02251 -3.09259e+01 | 15  0.03179  4.85580e+01
 16  0.05435  4.34473e+03 | 17  0.01795  8.67941e+02 | 18 -0.03917 -2.76611e+03
 19 -0.03535 -2.07375e+03 | 20 -0.02495 -8.40676e+02 | 21 -0.02394 -1.21005e+03
 22 -0.00736 -4.98084e+02 | 23 -0.00192 -3.50346e+02 | 24 -0.00164 -3.82290e+02
 25  0.00157  1.89400e+02 | 26  0.00589  9.53727e+02 | 27  0.01981  1.57384e+03
 28  0.02536  1.92603e+03 | 29  0.01840  1.10644e+03 | 30 -0.00086  1.38942e+01
 31 -0.00603 -1.69251e+02 | 32  0.00901  2.44175e+02 | 33  0.01067  7.54653e+02
 34  0.00207  6.59870e+02 | 35  0.00111  4.84268e+02 | 36  0.03013  1.07580e+03
 37  0.00576  9.09867e+02 | 38 -0.00422  3.35907e+02 | 39  0.02081  8.23714e+02
 40  0.00782  4.65155e+02 | 41  0.00655  8.38839e+02 | 42  0.00137  4.65193e+01
 43 -0.01213 -2.31432e+03 | 44 -0.02798 -3.53949e+03 | 45  0.13368 -6.41227e+04
 46 -0.03840  9.07176e+03 | 47 -0.04418  5.30530e+03 | 48 -0.04719  2.95294e+03
 49 -0.04061  1.99404e+03 | 50 -0.03544  1.32978e+03 | 51 -0.03157  6.44870e+02
 52 -0.02882  5.41502e+01 | 53 -0.01903 -3.50132e+02 | 54 -0.00339 -3.82903e+02
 55 -0.00451 -1.18429e+03 | 56  0.01002 -1.87689e+03 | 57  0.02320 -1.97939e+03
 58  0.04095 -1.02200e+03 | 59  0.00252 -2.26395e+03 | 60 -0.01059 -1.99346e+03
 61  0.02220 -1.62518e+03 | 62  0.02051 -1.39510e+03 | 63  0.01071 -2.01084e+03
 64 -0.03283 -1.94838e+03 | 65  0.04620 -9.17680e+02 | 66  0.00678 -2.37058e+03
 67 -0.02147 -2.10150e+03 | 68  0.04453 -1.52269e+03 | 69  0.00274 -1.96211e+03
 70  0.03764 -1.42142e+03 | 71  0.03640  4.40811e+02 | 72  0.04337  2.84857e+03
 73  0.00923  2.89264e+03 | 74  0.11902  1.13873e+04 |
1 0 26827.3
1 0 26825.4
1 0 26823.7
1 0 26821.9
1 0 26820.6
1 0 26818.6
1 0 26817.5
1 0 26817.1
1 0 26816.5
1 0 26815.5
74 variables; iteration 20; function evaluation 30; phase 1
Function value   2.6815971e+04; maximum gradient component mag  -6.5319e+04
Var   Value    Gradient   |Var   Value    Gradient   |Var   Value    Gradient
  1  0.25914  1.24535e+02 |  2  0.18830  1.24209e+01 |  3  0.14916  4.87333e+01
  4  0.12623  6.46623e+01 |  5  0.11130  5.40246e+01 |  6  0.10482  1.18671e+02
  7  0.08664  9.18890e+00 |  8  0.08338  9.37521e+01 |  9  0.06885  1.68965e+01
 10  0.06201  6.12470e+01 | 11  0.04780  1.26625e+01 | 12  0.03792  1.97335e+01
 13  0.02861 -3.41631e+01 | 14  0.03487  1.00636e+02 | 15  0.01698 -4.60225e+01
 16  0.05151  4.11900e+03 | 17  0.01404  4.72504e+02 | 18 -0.03952 -2.58944e+03
 19 -0.03451 -1.92579e+03 | 20 -0.02412 -7.27883e+02 | 21 -0.02365 -1.05582e+03
 22 -0.00894 -6.86487e+02 | 23 -0.00301 -4.00146e+02 | 24 -0.00247 -3.47716e+02
 25  0.00164  3.62745e+02 | 26  0.00637  1.10357e+03 | 27  0.02276  1.55889e+03
 28  0.02203  2.05792e+03 | 29  0.01987  1.29134e+03 | 30  0.00066  1.91016e+02
 31 -0.00556 -1.28454e+02 | 32  0.00790  2.22835e+02 | 33  0.01044  7.67870e+02
 34  0.00194  6.72551e+02 | 35  0.00116  6.39894e+02 | 36  0.02811  1.08074e+03
 37  0.00640  8.91921e+02 | 38 -0.00236  7.57099e+02 | 39  0.02185  9.70093e+02
 40  0.01017  8.26874e+02 | 41  0.00903  1.15031e+03 | 42  0.00295  2.81951e+02
 43 -0.01134 -2.16586e+03 | 44 -0.02956 -3.62246e+03 | 45  0.13453 -6.53188e+04
 46 -0.03997  9.18266e+03 | 47 -0.04597  5.07036e+03 | 48 -0.04733  3.08309e+03
 49 -0.04014  2.18127e+03 | 50 -0.03583  1.40205e+03 | 51 -0.03200  7.80354e+02
 52 -0.02940  1.31528e+02 | 53 -0.02041 -4.33676e+02 | 54 -0.00535 -6.72787e+02
 55 -0.00874 -1.30789e+03 | 56  0.01420 -2.01751e+03 | 57  0.01693 -2.11335e+03
 58  0.03997 -1.48116e+03 | 59  0.00189 -2.37443e+03 | 60 -0.01036 -2.11674e+03
 61  0.01986 -1.80774e+03 | 62  0.01953 -1.58931e+03 | 63  0.00851 -2.25440e+03
 64 -0.03450 -2.11856e+03 | 65  0.04432 -1.10541e+03 | 66  0.00692 -2.43847e+03
 67 -0.02510 -2.27047e+03 | 68  0.04192 -2.08842e+03 | 69  0.00494 -1.96748e+03
 70  0.03606 -1.56240e+03 | 71  0.03627  3.42451e+02 | 72  0.04388  2.63978e+03
 73  0.03434  2.98163e+03 | 74  0.11686  1.13772e+04 |
1 0 26814.2
1 0 26813.4
1 0 26812.8
1 0 26812.2
1 0 26812.1
1 0 26812
1 0 26811.7
1 0 26811.4
1 0 26811
1 0 26810.6
74 variables; iteration 30; function evaluation 40; phase 1
Function value   2.6811085e+04; maximum gradient component mag  -6.2918e+04
Var   Value    Gradient   |Var   Value    Gradient   |Var   Value    Gradient
  1  0.24833  2.47830e+01 |  2  0.18782  9.52650e+00 |  3  0.15163  9.06046e+01
  4  0.11921  5.97774e+01 |  5  0.09254  1.35200e+01 |  6  0.07833  4.50310e+01
  7  0.06404  7.35703e+00 |  8  0.05813  4.65763e+01 |  9  0.04788  6.35119e+00
 10  0.04368  3.16519e+01 | 11  0.03732  8.28025e+00 | 12  0.03492  3.46079e+01
 13  0.02830  6.05459e+00 | 14  0.02519  3.16415e+01 | 15  0.01754 -1.15385e+01
 16  0.05123  3.89626e+03 | 17  0.00843  3.73386e+02 | 18 -0.03980 -2.48978e+03
 19 -0.03575 -2.04471e+03 | 20 -0.02328 -5.48069e+02 | 21 -0.02369 -1.02794e+03
 22 -0.00912 -7.20249e+02 | 23 -0.00242 -3.37530e+02 | 24 -0.00158 -2.32696e+02
 25  0.00096  3.27910e+02 | 26  0.00411  9.90670e+02 | 27  0.02961  1.40483e+03
 28  0.01492  1.74350e+03 | 29  0.02250  1.32159e+03 | 30  0.00231  2.94380e+02
 31 -0.00616 -3.50456e+02 | 32  0.00752  2.12469e+02 | 33  0.01013  7.62272e+02
 34  0.00281  7.42373e+02 | 35  0.00246  7.76122e+02 | 36  0.02928  1.23443e+03
 37  0.00612  7.32862e+02 | 38 -0.00229  6.54252e+02 | 39  0.02230  1.03511e+03
 40  0.00947  6.99509e+02 | 41  0.00834  1.10880e+03 | 42  0.00321  3.41943e+02
 43 -0.00985 -1.86900e+03 | 44 -0.02848 -3.63609e+03 | 45  0.13470 -6.29183e+04
 46 -0.03927  9.13036e+03 | 47 -0.04633  4.80019e+03 | 48 -0.04637  3.11706e+03
 49 -0.03977  2.08735e+03 | 50 -0.03603  1.25481e+03 | 51 -0.03189  7.11569e+02
 52 -0.02880  1.11345e+02 | 53 -0.01869 -3.98098e+02 | 54 -0.00374 -6.72243e+02
 55 -0.01907 -1.39285e+03 | 56  0.02484 -1.63958e+03 | 57  0.00137 -2.05993e+03
 58  0.04288 -1.55527e+03 | 59  0.00212 -2.35601e+03 | 60 -0.00808 -2.07510e+03
 61  0.02043 -1.63728e+03 | 62  0.01911 -1.50528e+03 | 63  0.01059 -2.15422e+03
 64 -0.03223 -2.13516e+03 | 65  0.04440 -1.13072e+03 | 66  0.00828 -2.36167e+03
 67 -0.02390 -2.29338e+03 | 68  0.04330 -1.76563e+03 | 69  0.00380 -2.06149e+03
 70  0.03625 -1.58355e+03 | 71  0.03571  1.59503e+02 | 72  0.04327  2.47123e+03
 73  0.03207  2.84995e+03 | 74  0.11908  1.11122e+04 |
1 0 26810.3
1 0 26810
1 0 26809.8
1 0 26809.6
1 0 26809.3
1 0 26809
1 0 26808.6
1 0 26808.2
1 0 26807.6
1 0 26807.4
74 variables; iteration 40; function evaluation 50; phase 1
Function value   2.6807861e+04; maximum gradient component mag  -6.2826e+04
Var   Value    Gradient   |Var   Value    Gradient   |Var   Value    Gradient
  1  0.25334  7.85006e+01 |  2  0.19387  4.60821e+01 |  3  0.15726  1.00113e+02
  4  0.12736  8.37402e+01 |  5  0.10092  6.39455e+01 |  6  0.07501  4.22719e+01
  7  0.04886 -2.02280e+01 |  8  0.03623  1.24381e+01 |  9  0.02565 -8.68967e+00
 10  0.02234  1.88696e+01 | 11  0.01780  1.41933e+01 | 12  0.01304 -2.84248e+00
 13  0.01280 -1.72429e+01 | 14  0.02141  7.91760e+01 | 15  0.01075 -2.37213e+01
 16  0.05156  3.92523e+03 | 17  0.01016  3.95648e+02 | 18 -0.03991 -2.52705e+03
 19 -0.03528 -1.99304e+03 | 20 -0.02343 -6.03959e+02 | 21 -0.02340 -9.68429e+02
 22 -0.00940 -7.54530e+02 | 23 -0.00259 -3.38768e+02 | 24 -0.00231 -3.23543e+02
 25  0.00037  3.12499e+02 | 26  0.00391  9.38774e+02 | 27  0.02976  1.42958e+03
 28  0.01600  1.87606e+03 | 29  0.02239  1.42267e+03 | 30  0.00163  9.84614e+01
 31 -0.00542 -1.00362e+02 | 32  0.00862  1.34106e+02 | 33  0.01036  9.68234e+02
 34  0.00102  3.96460e+02 | 35  0.00194  6.17979e+02 | 36  0.02798  1.28736e+03
 37  0.00589  7.99789e+02 | 38 -0.00255  6.77287e+02 | 39  0.02273  9.90781e+02
 40  0.00940  6.70033e+02 | 41  0.00880  1.03363e+03 | 42  0.00385  5.99499e+02
 43 -0.01023 -1.91136e+03 | 44 -0.02835 -3.73495e+03 | 45  0.13442 -6.28255e+04
 46 -0.03942  9.05057e+03 | 47 -0.04613  4.80669e+03 | 48 -0.04616  3.13638e+03
 49 -0.03910  2.17713e+03 | 50 -0.03588  1.24397e+03 | 51 -0.03165  7.10077e+02
 52 -0.02814  1.52447e+02 | 53 -0.01839 -3.79873e+02 | 54 -0.00403 -6.92869e+02
 55 -0.01819 -1.34898e+03 | 56  0.02466 -1.57561e+03 | 57  0.00408 -2.03778e+03
 58  0.04239 -1.66276e+03 | 59  0.00257 -2.39532e+03 | 60 -0.01101 -2.10696e+03
 61  0.02308 -1.58939e+03 | 62  0.01807 -1.59861e+03 | 63  0.01054 -2.07155e+03
 64 -0.02776 -2.01573e+03 | 65  0.04470 -1.03128e+03 | 66  0.00757 -2.45084e+03
 67 -0.02534 -2.33600e+03 | 68  0.04383 -1.71251e+03 | 69  0.00190 -2.05638e+03
 70  0.03798 -1.49140e+03 | 71  0.03457 -2.90110e+01 | 72  0.04265  2.39925e+03
 73  0.02686  2.81896e+03 | 74  0.11903  1.10975e+04 |
1 0 26807
1 0 26806.2
1 0 26805.4
1 0 26804.6
1 0 26804.2
1 0 26803.5
1 0 26802.5
1 0 26801
1 0 26799.3
1 0 26797.1
74 variables; iteration 50; function evaluation 60; phase 1
Function value   2.6797556e+04; maximum gradient component mag  -6.3684e+04
Var   Value    Gradient   |Var   Value    Gradient   |Var   Value    Gradient
  1  0.25293  8.55036e+01 |  2  0.18719 -1.02829e+01 |  3  0.15480  9.82182e+01
  4  0.12615  8.13208e+01 |  5  0.10027  2.53145e+01 |  6  0.08615  8.13466e+01
  7  0.06327  3.72772e+01 |  8  0.03939  5.77350e+01 |  9  0.00433 -3.28354e+01
 10 -0.01805 -3.74020e+01 | 11 -0.02752 -4.13862e+01 | 12 -0.02317  3.52792e+01
 13 -0.02788 -3.65055e+01 | 14 -0.02022  2.79592e+01 | 15 -0.01929  8.83164e+00
 16  0.05122  4.01173e+03 | 17  0.00949  3.54507e+02 | 18 -0.03913 -2.45466e+03
 19 -0.03499 -1.97739e+03 | 20 -0.02373 -6.17955e+02 | 21 -0.02425 -1.05579e+03
 22 -0.01032 -8.42705e+02 | 23 -0.00316 -4.32046e+02 | 24 -0.00225 -3.59698e+02
 25  0.00074  3.95667e+02 | 26  0.00396  9.63184e+02 | 27  0.02738  1.27909e+03
 28  0.01695  2.06582e+03 | 29  0.02251  1.32949e+03 | 30  0.00224  1.50612e+02
 31 -0.00437  9.84560e+00 | 32  0.00961  2.26438e+02 | 33  0.01024  8.42473e+02
 34  0.00133  6.07994e+02 | 35  0.00147  5.74496e+02 | 36  0.02726  1.23190e+03
 37  0.00589  6.41484e+02 | 38 -0.00209  6.39872e+02 | 39  0.02129  9.10312e+02
 40  0.00917  7.66063e+02 | 41  0.00802  8.18964e+02 | 42  0.00564  9.17979e+02
 43 -0.00958 -1.96608e+03 | 44 -0.02746 -3.67906e+03 | 45  0.13491 -6.36842e+04
 46 -0.03994  9.02678e+03 | 47 -0.04577  4.98762e+03 | 48 -0.04624  3.17577e+03
 49 -0.03924  2.19373e+03 | 50 -0.03616  1.24701e+03 | 51 -0.03331  5.74788e+02
 52 -0.02832  1.89753e+02 | 53 -0.01887 -4.03924e+02 | 54 -0.00514 -9.02720e+02
 55 -0.01776 -1.46069e+03 | 56  0.02258 -1.80806e+03 | 57  0.00447 -2.14117e+03
 58  0.04154 -1.67340e+03 | 59  0.00345 -2.31363e+03 | 60 -0.01108 -2.03319e+03
 61  0.02328 -1.46967e+03 | 62  0.01831 -1.54468e+03 | 63  0.00900 -2.21709e+03
 64 -0.02798 -2.02255e+03 | 65  0.04353 -1.14773e+03 | 66  0.00936 -2.26738e+03
 67 -0.02364 -2.24996e+03 | 68  0.04378 -1.55114e+03 | 69 -0.00109 -2.12186e+03
 70  0.03696 -1.52268e+03 | 71  0.03478 -2.17823e+01 | 72  0.04195  2.38913e+03
 73  0.03568  2.91244e+03 | 74  0.11937  1.12881e+04 |
1 0 26794.6
1 0 26793.8
1 0 26792.2
1 0 26789.9
1 0 26786.1
1 0 26785
1 0 26783
1 0 26779.2
1 0 26773.9
1 0 26765.4
74 variables; iteration 60; function evaluation 70; phase 1
Function value   2.6765926e+04; maximum gradient component mag  -6.2223e+04
Var   Value    Gradient   |Var   Value    Gradient   |Var   Value    Gradient
  1  0.25226  8.54733e+01 |  2  0.19179  3.51472e+01 |  3  0.15325  9.07799e+01
  4  0.11943  5.65550e+01 |  5  0.09185  2.13965e+01 |  6  0.07357  1.16087e+01
  7  0.06356  5.43183e+01 |  8  0.04725  6.79899e+01 |  9  0.01779  4.74338e+01
 10 -0.02210 -5.47996e+00 | 11 -0.05891 -1.19650e+01 | 12 -0.09161 -1.37921e+01
 13 -0.11998 -5.28441e+01 | 14 -0.13188  8.94176e+00 | 15 -0.14652 -4.60631e+01
 16  0.05016  3.67036e+03 | 17  0.01008  3.86467e+02 | 18 -0.03767 -2.43223e+03
 19 -0.03170 -1.77822e+03 | 20 -0.01866 -1.68867e+02 | 21 -0.02072 -8.30329e+02
 22 -0.00868 -6.88215e+02 | 23 -0.00549 -9.99507e+02 | 24 -0.00309 -2.59593e+02
 25 -0.00030  6.16291e+02 | 26  0.00200  4.77555e+02 | 27  0.02845  1.65126e+03
 28  0.01730  2.15420e+03 | 29  0.02189  1.12678e+03 | 30  0.00290  4.13763e+02
 31 -0.00580 -2.81590e+02 | 32  0.00646 -2.32397e+02 | 33  0.01299  1.32682e+03
 34  0.00224  4.35578e+02 | 35  0.00238  8.51159e+02 | 36  0.02437  1.28161e+03
 37  0.00451  3.50899e+02 | 38 -0.00271  5.49836e+02 | 39  0.02310  9.35900e+02
 40  0.00937  7.55284e+02 | 41  0.00548  9.77587e+02 | 42  0.00578  9.20450e+02
 43 -0.01153 -2.42364e+03 | 44 -0.03131 -3.93465e+03 | 45  0.13445 -6.22227e+04
 46 -0.04060  9.07571e+03 | 47 -0.04638  5.01673e+03 | 48 -0.04722  3.01562e+03
 49 -0.03952  2.07039e+03 | 50 -0.03462  1.31497e+03 | 51 -0.03163  8.27812e+02
 52 -0.02551  7.08084e+02 | 53 -0.01754 -2.75362e+02 | 54 -0.00656 -9.48930e+02
 55 -0.01559 -1.32141e+03 | 56  0.02165 -2.24218e+03 | 57  0.00449 -2.31082e+03
 58  0.04255 -1.44585e+03 | 59  0.00372 -2.34264e+03 | 60 -0.01031 -2.05124e+03
 61  0.02192 -1.13087e+03 | 62  0.02166 -1.13001e+03 | 63  0.01081 -1.89632e+03
 64 -0.02447 -2.05903e+03 | 65  0.04322 -1.22816e+03 | 66  0.00839 -2.32806e+03
 67 -0.03125 -2.48318e+03 | 68  0.04488 -1.62363e+03 | 69  0.00458 -2.23967e+03
 70  0.03110 -2.06401e+03 | 71  0.03889 -1.33764e+02 | 72  0.04196  2.23395e+03
 73  0.02545  2.78125e+03 | 74  0.11700  1.09842e+04 |
1 0 26756.4
1 0 26751.5
1 0 26743.5
1 0 26734.7
1 0 26720.4
1 0 26697.2
1 0 26655.7
1 0 26581.8
1 0 26442.6
1 0 26191.3
74 variables; iteration 70; function evaluation 80; phase 1
Function value   2.6191636e+04; maximum gradient component mag  -5.8408e+04
Var   Value    Gradient   |Var   Value    Gradient   |Var   Value    Gradient
  1  0.26485  9.60601e+01 |  2  0.19508  1.79077e+01 |  3  0.17018  1.80041e+02
  4  0.13954  3.12990e+01 |  5  0.13591  2.52721e+02 |  6  0.09514 -8.12419e+00
  7  0.07564  1.37316e+02 |  8  0.02730 -2.48375e+01 |  9 -0.00909 -9.88347e+00
 10 -0.04063 -1.68557e+02 | 11 -0.02049  1.87290e+02 | 12 -0.05517  1.31839e+02
 13 -0.12965  5.66265e+01 | 14 -0.22426 -2.81255e+01 | 15 -0.31413 -2.40216e+02
 16  0.04961  3.38519e+03 | 17  0.02876  1.27612e+03 | 18 -0.01938 -1.33218e+03
 19 -0.01812 -1.21735e+03 | 20 -0.01070 -1.09530e+02 | 21 -0.01281 -2.54377e+02
 22 -0.00509 -5.59745e+02 | 23 -0.00359 -7.56456e+02 | 24 -0.00133  4.99291e+01
 25  0.00244  9.99424e+02 | 26  0.00159  7.65997e+02 | 27  0.00628 -1.23127e+02
 28  0.01626  1.79278e+03 | 29  0.01188  7.74953e+02 | 30  0.00342  9.19682e+02
 31 -0.00348 -2.38797e+02 | 32 -0.00052 -6.44769e+02 | 33  0.00770  1.16560e+03
 34  0.00220  5.27112e+02 | 35  0.00241  1.08290e+03 | 36  0.00688  1.65897e+02
 37  0.00539  8.83201e+02 | 38 -0.00065  7.32587e+02 | 39  0.01128  8.94555e+02
 40  0.00802  4.34479e+02 | 41 -0.00352 -5.66880e+02 | 42  0.00032  1.46703e+03
 43 -0.00916 -1.94594e+03 | 44 -0.02279 -3.56589e+03 | 45  0.13471 -5.84077e+04
 46 -0.04801  8.57741e+03 | 47 -0.04951  5.33965e+03 | 48 -0.04955  3.33282e+03
 49 -0.04209  2.20502e+03 | 50 -0.03418  1.84208e+03 | 51 -0.03160  1.27545e+03
 52 -0.02909  6.01885e+02 | 53 -0.02057 -4.13137e+02 | 54 -0.00612 -1.11034e+03
 55 -0.00537 -1.54534e+03 | 56  0.01012 -1.37861e+03 | 57  0.01991 -1.86400e+03
 58  0.03209 -1.38952e+03 | 59  0.00983 -1.94815e+03 | 60 -0.00112 -1.75882e+03
 61  0.01406 -1.34470e+03 | 62  0.01449 -1.71328e+03 | 63  0.01088 -2.22147e+03
 64 -0.01097 -2.23093e+03 | 65  0.03514 -1.17976e+03 | 66  0.01023 -2.31208e+03
 67 -0.00744 -2.33453e+03 | 68  0.03619 -1.66651e+03 | 69  0.02539 -8.77011e+02
 70  0.02146 -1.63893e+03 | 71  0.02862 -8.17220e+02 | 72  0.03125  1.55619e+03
 73  0.03275  2.77180e+03 | 74  0.09380  9.94597e+03 |
1 0 26559.9
1 0 26114.3
1 0 26884.5
1 0 26108.1
1 0 26136.7
1 0 26107.2
1 0 26105.3
1 0 26087.7
1 0 26049.4
1 0 25759.1
1 0 73062.1
1 0 25757.8
1 0 25755.3
1 0 25731.2
1 0 25570
1 0 25450.6
1 0 25344.3
1 0 25287.2
74 variables; iteration 80; function evaluation 98; phase 1
Function value   2.5287392e+04; maximum gradient component mag  -1.0610e+04
Var   Value    Gradient   |Var   Value    Gradient   |Var   Value    Gradient
  1  0.25404  3.70009e+02 |  2  0.17637 -3.84427e+01 |  3  0.14406  1.20832e+02
  4  0.10165 -6.90314e+01 |  5  0.09612  1.22092e+02 |  6  0.07027  5.76690e+01
  7  0.03777 -1.60614e+02 |  8  0.05919  1.51045e+02 |  9  0.04447  1.25709e+02
 10 -0.00106 -6.20762e+01 | 11 -0.02547 -1.02628e+02 | 12 -0.01763 -3.06316e+01
 13  0.00113  1.81587e+01 | 14  0.01712  9.88635e+01 | 15  0.00736 -2.20414e+01
 16  0.05826  9.90270e+02 | 17  0.01804  8.14557e+01 | 18  0.00590  1.43428e+03
 19  0.00666  9.53049e+02 | 20  0.00008 -1.55226e+02 | 21 -0.00289  3.22281e+02
 22  0.00263  6.15360e+01 | 23  0.00508  2.76495e+02 | 24  0.00096  3.56871e+02
 25 -0.00697  5.06846e+01 | 26 -0.00248  7.99704e+02 | 27  0.00966  1.46403e+03
 28 -0.00632 -1.47667e+03 | 29 -0.00675 -7.05806e+02 | 30  0.00017  1.70734e+02
 31  0.00563 -1.33826e+01 | 32  0.00078 -6.13948e+02 | 33 -0.00439 -5.44515e+02
 34 -0.00374 -3.46297e+02 | 35 -0.00007  2.79004e+02 | 36 -0.01113 -1.19615e+03
 37  0.00154  5.30288e+02 | 38  0.00434  3.95780e+02 | 39 -0.00207  7.46467e+02
 40 -0.00211 -1.02743e+02 | 41 -0.00185 -3.12517e+01 | 42 -0.00740 -1.06429e+03
 43 -0.00429 -5.35324e+02 | 44  0.00157 -7.25705e+02 | 45  0.13891 -1.06098e+04
 46 -0.07681  1.30185e+03 | 47 -0.06223  9.38630e+02 | 48 -0.05675  8.06012e+02
 49 -0.04592  8.32195e+02 | 50 -0.03581  1.03660e+03 | 51 -0.03107  8.09798e+02
 52 -0.02436  8.25787e+02 | 53 -0.01311  6.82823e+02 | 54 -0.00734 -5.39168e+02
 55 -0.00369 -1.76674e+03 | 56  0.02304  3.16645e+02 | 57  0.01828 -8.55808e+02
 58  0.01844 -1.35999e+03 | 59  0.02371  4.74569e+02 | 60  0.02453  1.94006e+03
 61  0.01150 -6.51472e+02 | 62  0.01612 -1.50991e+02 | 63  0.01607 -3.59811e+02
 64  0.02077  6.85102e+02 | 65  0.01830 -7.63161e+02 | 66  0.03220  1.35850e+03
 67  0.02173 -7.15010e+02 | 68  0.02193 -1.47762e+03 | 69  0.02099 -1.36563e+03
 70  0.03292  9.04757e+02 | 71  0.02115 -4.09311e+02 | 72  0.00918 -6.72750e+02
 73  0.00938  6.06351e+02 | 74  0.05178  1.56364e+03 |
1 0 25209.9
1 0 25227.1
1 0 25184.8
1 0 25155.2
1 0 25139.5
1 0 25144.1
1 0 25135.7
1 0 25130.5
1 0 25129.4
1 0 25128.4
1 0 25128.2
1 0 25128.1
74 variables; iteration 90; function evaluation 110; phase 1
Function value   2.5128090e+04; maximum gradient component mag  -9.5235e+01
Var   Value    Gradient   |Var   Value    Gradient   |Var   Value    Gradient
  1  0.22323 -1.87215e+00 |  2  0.16985  3.59195e+00 |  3  0.12306  6.82683e-01
  4  0.08846  2.65656e+00 |  5  0.06238  4.31995e-01 |  6  0.04254  2.61357e-01
  7  0.02710  1.29932e+00 |  8  0.01454 -9.48090e-02 |  9  0.00455  3.05258e-01
 10 -0.00350  1.03934e-01 | 11 -0.00987 -2.39087e-01 | 12 -0.01469 -7.00087e-01
 13 -0.01796  1.33312e+00 | 14 -0.02040 -1.38057e+00 | 15 -0.02125  1.00957e+00
 16  0.05186 -2.31193e+01 | 17 -0.00262  2.08404e+01 | 18 -0.00889 -6.03153e+00
 19 -0.00160  1.23129e+01 | 20 -0.00115  5.37168e+00 | 21 -0.00547  4.34588e+00
 22  0.00157  2.90467e+00 | 23  0.00306  2.54211e+00 | 24 -0.00185 -6.06520e+00
 25 -0.00762  1.44730e+01 | 26 -0.00682 -6.98750e+00 | 27  0.00016 -1.47280e+01
 28  0.00113  1.45361e+01 | 29  0.00240  3.84749e-01 | 30  0.00316  2.10241e+00
 31  0.00593 -6.10660e-01 | 32  0.00475 -3.69233e+00 | 33  0.00355  1.81570e+00
 34  0.00131 -3.89165e+00 | 35  0.00212 -1.89399e+00 | 36 -0.00351 -4.85344e+00
 37  0.00087 -1.14149e+01 | 38  0.00237 -6.53933e+00 | 39 -0.00127  1.72329e+01
 40  0.00262 -2.38455e+01 | 41  0.00100 -1.45714e+01 | 42 -0.00096  2.43424e+01
 43  0.00217 -3.14142e+01 | 44  0.00359  2.28128e+01 | 45  0.14159 -9.52345e+01
 46 -0.08237 -6.13274e+01 | 47 -0.06846 -1.00934e+01 | 48 -0.06139 -1.00607e+01
 49 -0.04962 -5.30244e+00 | 50 -0.04065  5.57785e+00 | 51 -0.03479 -3.00258e+00
 52 -0.02838  1.86354e+01 | 53 -0.01687 -4.15877e+01 | 54 -0.00526  1.39603e+01
 55  0.00497  2.38601e+01 | 56  0.01518  1.82755e+01 | 57  0.02272 -2.80429e+00
 58  0.02553 -4.11509e+00 | 59  0.02012  8.87471e+00 | 60  0.01488  2.96547e-01
 61  0.01612  1.86296e+01 | 62  0.01673  1.05434e+01 | 63  0.01690 -1.86497e+01
 64  0.01737  8.08349e+00 | 65  0.02333 -1.68069e+01 | 66  0.02322 -3.88396e+00
 67  0.02295  1.38846e+01 | 68  0.02696 -1.78428e+01 | 69  0.02681  1.13229e+01
 70  0.02697 -1.36123e+01 | 71  0.02540  6.19553e+01 | 72  0.02051 -8.19045e+00
 73  0.02064  5.44269e+00 | 74  0.04262  2.59464e+01 |
1 0 25128.1
1 0 25128
1 0 25128
1 0 25128
1 0 25128
1 0 25128
1 0 25128
1 0 25128
1 0 25128
1 0 25128
74 variables; iteration 100; function evaluation 120; phase 1
Function value   2.5128020e+04; maximum gradient component mag  -2.6723e+00
Var   Value    Gradient   |Var   Value    Gradient   |Var   Value    Gradient
  1  0.22256 -2.23444e-01 |  2  0.16905 -1.12444e-01 |  3  0.12227 -4.68992e-02
  4  0.08738  2.59609e-02 |  5  0.06145 -1.32986e-02 |  6  0.04167  1.38755e-02
  7  0.02619 -2.89665e-03 |  8  0.01389  3.42043e-02 |  9  0.00402 -4.07066e-02
 10 -0.00386  2.19893e-02 | 11 -0.01008  2.00321e-02 | 12 -0.01486 -1.84537e-02
 13 -0.01833 -4.78990e-02 | 14 -0.02058  1.52142e-02 | 15 -0.02168  3.93924e-02
 16  0.05220 -3.55832e-01 | 17 -0.00305 -2.16408e-02 | 18 -0.00884 -2.26993e-02
 19 -0.00168 -1.46178e-01 | 20 -0.00118 -4.52030e-02 | 21 -0.00549 -5.79776e-02
 22  0.00157  2.10123e-02 | 23  0.00309  1.39614e-01 | 24 -0.00174 -1.67475e-01
 25 -0.00763 -1.01703e-01 | 26 -0.00678 -2.53465e-01 | 27  0.00028  3.68095e-01
 28  0.00112  6.54956e-01 | 29  0.00246 -9.54324e-02 | 30  0.00318  2.39337e-02
 31  0.00596  7.83805e-02 | 32  0.00480  2.94436e-01 | 33  0.00356 -3.51590e-01
 34  0.00139 -8.52727e-02 | 35  0.00223 -1.39709e-01 | 36 -0.00340  1.37204e+00
 37  0.00102 -9.77438e-01 | 38  0.00245 -8.61310e-02 | 39 -0.00129  4.73326e-01
 40  0.00280 -8.59660e-01 | 41  0.00110  1.38650e-01 | 42 -0.00106  1.21258e-01
 43  0.00212  2.14798e-01 | 44  0.00301 -5.43281e-01 | 45  0.14148 -2.67232e+00
 46 -0.08211  2.23759e-01 | 47 -0.06849 -1.14766e-02 | 48 -0.06140  1.35845e-01
 49 -0.04965  2.88707e-01 | 50 -0.04072  1.27791e-01 | 51 -0.03480 -2.37496e-01
 52 -0.02852  2.92904e-01 | 53 -0.01672 -6.49847e-02 | 54 -0.00538  3.62867e-01
 55  0.00486  3.83333e-01 | 56  0.01509  8.34313e-01 | 57  0.02271 -5.29849e-01
 58  0.02553 -4.08330e-02 | 59  0.02006 -1.30465e-01 | 60  0.01489  1.35817e-01
 61  0.01601  1.02323e+00 | 62  0.01665 -2.44305e-04 | 63  0.01697 -1.44422e-01
 64  0.01729  1.61656e-01 | 65  0.02340 -7.32802e-01 | 66  0.02324 -2.46898e-01
 67  0.02282 -7.98238e-01 | 68  0.02704 -1.03507e+00 | 69  0.02676  3.46289e-02
 70  0.02703  1.27140e-01 | 71  0.02517 -3.61649e-01 | 72  0.02089  8.37739e-02
 73  0.02089  1.09415e-01 | 74  0.04101  2.15883e-01 |
1 0 25128
1 0 25128
1 0 25128
1 0 25128

 - final statistics:
74 variables; iteration 104; function evaluation 124
Function value   2.5128e+04; maximum gradient component mag  -7.1016e-02
Exit code = 1;  converg criter   1.0000e-01
Var   Value    Gradient   |Var   Value    Gradient   |Var   Value    Gradient
  1  0.22258  2.85118e-02 |  2  0.16907  4.51971e-03 |  3  0.12229  4.40884e-03
  4  0.08739  6.26214e-03 |  5  0.06145  3.88749e-03 |  6  0.04166  3.19397e-03
  7  0.02618  3.48749e-03 |  8  0.01387  1.59821e-03 |  9  0.00401  4.76651e-04
 10 -0.00388  6.77233e-04 | 11 -0.01010  6.58968e-04 | 12 -0.01487  8.34964e-04
 13 -0.01834  3.98890e-03 | 14 -0.02061 -2.50992e-03 | 15 -0.02173 -3.14988e-03
 16  0.05221 -2.75095e-02 | 17 -0.00304 -7.10157e-02 | 18 -0.00884  1.68141e-02
 19 -0.00168  1.94500e-02 | 20 -0.00118  5.09074e-03 | 21 -0.00549  1.08057e-02
 22  0.00157  3.59589e-03 | 23  0.00308 -1.02624e-02 | 24 -0.00174  2.57325e-03
 25 -0.00763  1.95407e-02 | 26 -0.00678 -2.73497e-03 | 27  0.00027  1.27129e-02
 28  0.00111 -2.89382e-02 | 29  0.00246  2.67554e-02 | 30  0.00318 -1.45658e-02
 31  0.00595 -2.17208e-03 | 32  0.00479  1.24561e-02 | 33  0.00356 -4.14761e-03
 34  0.00139  3.25812e-03 | 35  0.00223 -2.90711e-03 | 36 -0.00341  1.61240e-03
 37  0.00102  5.57983e-03 | 38  0.00245 -1.25219e-02 | 39 -0.00129  1.37127e-02
 40  0.00281 -4.74396e-03 | 41  0.00110  2.16227e-03 | 42 -0.00106 -6.31559e-03
 43  0.00212  6.68502e-03 | 44  0.00302  5.28347e-03 | 45  0.14148 -5.14527e-02
 46 -0.08211 -3.30297e-02 | 47 -0.06849  1.44572e-02 | 48 -0.06140  2.64277e-03
 49 -0.04965  1.25840e-03 | 50 -0.04072  1.03044e-02 | 51 -0.03480  4.09248e-02
 52 -0.02852 -7.02010e-04 | 53 -0.01671 -2.42012e-02 | 54 -0.00538  1.92821e-02
 55  0.00486 -1.75140e-02 | 56  0.01509 -1.57055e-02 | 57  0.02271 -1.18336e-02
 58  0.02553 -1.32650e-02 | 59  0.02006 -1.22138e-03 | 60  0.01489 -6.04401e-03
 61  0.01601  3.92842e-03 | 62  0.01665 -6.81495e-03 | 63  0.01697 -2.19590e-03
 64  0.01729  2.13151e-03 | 65  0.02341 -1.09162e-03 | 66  0.02324  1.13092e-02
 67  0.02282  4.50475e-03 | 68  0.02705 -4.96476e-04 | 69  0.02676  6.40375e-03
 70  0.02703  2.42423e-02 | 71  0.02517 -1.40592e-02 | 72  0.02088  5.12607e-03
 73  0.02088  9.38462e-04 | 74  0.04101 -1.17313e-02 |
1 0 25128
B053383.1
0.3 0.524971
0.449975 0.418161
0.537605 0.372779
0.572595 0.357147
0.584287 0.352194
0.58795 0.350669
0.589074 0.350204
0.589417 0.350062
0.589521 0.350019
0.589553 0.350006
0.589562 0.350002
0.589565 0.350001
0.589566 0.35
0.589566 0.35
0.589566 0.35
0.589566 0.35
0.589566 0.35
0.589566 0.35
0.589566 0.35
0.589566 0.35
0.589566 0.35
FutMOrt0.34456
FutMOrt0.34456
FutMOrt0.34456
FutMOrt0.34456
FutMOrt0.34456
FutMOrt0.34456
FutMOrt0.34456
FutMOrt0.34456
FutMOrt0.34456
FutMOrt0.34456
2 0 25128

Initial statistics: 78 variables; iteration 0; function evaluation 0; phase 2
Function value   2.5128020e+04; maximum gradient component mag  -5.9058e+02
Var   Value    Gradient   |Var   Value    Gradient   |Var   Value    Gradient
  1 -0.80361  4.32102e+00 |  2 -0.71338  2.47586e+01 |  3  0.22258  2.85118e-02
  4  0.16907  4.51971e-03 |  5  0.12229  4.40884e-03 |  6  0.08739  6.26214e-03
  7  0.06145  3.88749e-03 |  8  0.04166  3.19397e-03 |  9  0.02618  3.48749e-03
 10  0.01387  1.59821e-03 | 11  0.00401  4.76651e-04 | 12 -0.00388  6.77233e-04
 13 -0.01010  6.58968e-04 | 14 -0.01487  8.34964e-04 | 15 -0.01834  3.98890e-03
 16 -0.02061 -2.50992e-03 | 17 -0.02173 -3.14988e-03 | 18  0.05221 -2.75095e-02
 19 -0.00304 -7.12931e-02 | 20 -0.00884  1.65368e-02 | 21 -0.00168  1.91727e-02
 22 -0.00118  4.81339e-03 | 23 -0.00549  1.05284e-02 | 24  0.00157  3.31854e-03
 25  0.00308 -1.05397e-02 | 26 -0.00174  2.29590e-03 | 27 -0.00763  1.92633e-02
 28 -0.00678 -3.01231e-03 | 29  0.00027  1.24355e-02 | 30  0.00111 -2.92156e-02
 31  0.00246  2.64780e-02 | 32  0.00318 -1.48431e-02 | 33  0.00595 -2.44942e-03
 34  0.00479  1.21788e-02 | 35  0.00356 -4.42496e-03 | 36  0.00139  2.98077e-03
 37  0.00223 -3.18446e-03 | 38 -0.00341  1.33505e-03 | 39  0.00102  5.30248e-03
 40  0.00245 -1.27993e-02 | 41 -0.00129  1.34353e-02 | 42  0.00281 -5.02131e-03
 43  0.00110  1.88492e-03 | 44 -0.00106 -6.59294e-03 | 45  0.00212  6.40767e-03
 46  0.00302  5.00613e-03 | 47  0.14148 -5.14527e-02 | 48 -0.08211 -3.30006e-02
 49 -0.06849  1.44864e-02 | 50 -0.06140  2.67193e-03 | 51 -0.04965  1.28761e-03
 52 -0.04072  1.03336e-02 | 53 -0.03480  4.09540e-02 | 54 -0.02852 -6.72740e-04
 55 -0.01671 -2.41720e-02 | 56 -0.00538  1.93114e-02 | 57  0.00486 -1.74847e-02
 58  0.01509 -1.56763e-02 | 59  0.02271 -1.18043e-02 | 60  0.02553 -1.32357e-02
 61  0.02006 -1.19210e-03 | 62  0.01489 -6.01471e-03 | 63  0.01601  3.95771e-03
 64  0.01665 -6.78566e-03 | 65  0.01697 -2.16661e-03 | 66  0.01729  2.16080e-03
 67  0.02341 -1.06234e-03 | 68  0.02324  1.13385e-02 | 69  0.02282  4.53403e-03
 70  0.02705 -4.67203e-04 | 71  0.02676  6.43302e-03 | 72  0.02703  2.42716e-02
 73  0.02517 -1.40299e-02 | 74  0.02088  5.15535e-03 | 75  0.02088  9.67746e-04
 76  0.04101 -1.17313e-02 | 77 -0.65306 -5.90580e+02 | 78 -0.56321  4.50379e+01
2 0 25128
2 0 25127.8
2 0 25127.8
2 0 25127.6
2 0 25126.7
2 0 25127
2 0 25126.2
2 0 25126.6
2 0 25126.1
2 0 25125.9
2 0 25125.9
2 0 25125.8
2 0 25125.8
2 0 25125.7
2 0 25125.8
2 0 25125.7

Intermediate statistics: 78 variables; iteration 10; function evaluation 16; phase 2
Function value   2.5125730e+04; maximum gradient component mag  -1.5028e+03
Var   Value    Gradient   |Var   Value    Gradient   |Var   Value    Gradient
  1 -0.80366 -3.66676e+00 |  2 -0.71443 -6.46825e+00 |  3  0.22237 -1.56446e+01
  4  0.16949 -1.75204e+00 |  5  0.12280 -1.03806e+00 |  6  0.08772 -1.24139e+00
  7  0.06166 -8.72494e-01 |  8  0.04180 -5.68107e-01 |  9  0.02628 -3.89300e-01
 10  0.01395 -2.86212e-01 | 11  0.00407 -2.23694e-01 | 12 -0.00383 -1.83531e-01
 13 -0.01006 -1.56796e-01 | 14 -0.01484 -1.38661e-01 | 15 -0.01831 -1.27043e-01
 16 -0.02058 -1.22222e-01 | 17 -0.02170 -1.20243e-01 | 18  0.05645  1.27371e+02
 19 -0.00423 -5.57527e+00 | 20 -0.00836  5.68602e+01 | 21 -0.00137  8.46671e+00
 22 -0.00088  2.52012e+01 | 23 -0.00504  3.32285e+01 | 24  0.00184  1.95004e+01
 25  0.00340  3.91325e+01 | 26 -0.00145  1.79634e+01 | 27 -0.00731  1.22981e+01
 28 -0.00651  9.20843e+00 | 29  0.00060  1.78477e+01 | 30  0.00158  3.49050e+01
 31  0.00274  1.74906e+01 | 32  0.00297 -5.82184e+01 | 33  0.00525 -1.43402e+02
 34  0.00461  1.06213e+01 | 35  0.00356  6.85364e+00 | 36  0.00137  5.83898e+00
 37  0.00206  3.34662e+00 | 38 -0.00356  1.49644e+00 | 39  0.00099  1.61492e+01
 40  0.00225  2.62920e-01 | 41 -0.00146 -6.74988e+00 | 42  0.00276  8.63262e+00
 43  0.00091 -1.47318e+01 | 44 -0.00131 -1.38668e+01 | 45  0.00178 -5.24318e+01
 46  0.00280 -4.89409e+01 | 47  0.14247 -1.50278e+03 | 48 -0.08217 -3.86928e+01
 49 -0.06838 -2.76361e+01 | 50 -0.06155 -4.59217e+01 | 51 -0.04964 -4.50724e+01
 52 -0.04082 -5.61386e+01 | 53 -0.03505 -8.24492e+01 | 54 -0.02876 -8.89232e+01
 55 -0.01674 -6.24088e+01 | 56 -0.00539 -4.16661e+01 | 57  0.00475 -3.75895e+01
 58  0.01505 -3.83505e+01 | 59  0.02273 -2.55980e+01 | 60  0.02574  2.94107e+01
 61  0.02020  1.05662e+02 | 62  0.01479  1.83635e+01 | 63  0.01592 -8.05875e+00
 64  0.01668 -2.28776e+01 | 65  0.01692 -3.09477e+01 | 66  0.01720 -3.40790e+01
 67  0.02340 -3.08132e+01 | 68  0.02313 -3.85315e+01 | 69  0.02270 -3.79238e+01
 70  0.02700 -2.40974e+01 | 71  0.02673 -2.79749e+01 | 72  0.02700 -2.37333e+01
 73  0.02506 -1.10910e+01 | 74  0.02087  2.44793e+01 | 75  0.02120  5.20195e+01
 76  0.05228  2.55488e+02 | 77 -0.64623 -4.00235e+02 | 78 -0.56219  3.13014e+01
2 0 25125.7
2 0 25125.7
2 0 25125.6
2 0 25125.6
2 0 25125.6
2 0 25125.5
2 0 25125.4
2 0 25125.4
2 0 25125.4
2 0 25125.5
2 0 25125.4
2 0 25125.4
2 0 25125.4
78 variables; iteration 20; function evaluation 29; phase 2
Function value   2.5125389e+04; maximum gradient component mag  -1.8319e+03
Var   Value    Gradient   |Var   Value    Gradient   |Var   Value    Gradient
  1 -0.79857 -2.25670e+00 |  2 -0.69940  1.61778e+00 |  3  0.22340  1.57453e+00
  4  0.17047  5.06427e+00 |  5  0.12425  4.94938e+00 |  6  0.08922  2.57957e+00
  7  0.06281  6.13003e-01 |  8  0.04259 -8.65289e-02 |  9  0.02683 -1.32639e-01
 10  0.01435 -5.81274e-02 | 11  0.00438 -4.69051e-03 | 12 -0.00357  2.24407e-02
 13 -0.00984  3.45611e-02 | 14 -0.01464  3.87892e-02 | 15 -0.01813  4.15929e-02
 16 -0.02041  4.30821e-02 | 17 -0.02153  4.52012e-02 | 18  0.05708  2.16313e+02
 19 -0.00451 -6.25577e+01 | 20 -0.00860  3.87833e+01 | 21 -0.00151 -6.10420e+00
 22 -0.00100 -1.02261e+00 | 23 -0.00506  1.17487e+01 | 24  0.00184 -1.05513e+00
 25  0.00339  1.85318e+01 | 26 -0.00141  1.34087e+01 | 27 -0.00723  8.13176e+00
 28 -0.00640  5.05187e+00 | 29  0.00062  5.63663e+00 | 30  0.00145  1.86176e+00
 31  0.00261 -1.86249e+01 | 32  0.00295 -8.41001e+01 | 33  0.00538 -1.33454e+02
 34  0.00469  5.22219e+00 | 35  0.00359 -1.34803e+00 | 36  0.00129 -1.95171e+01
 37  0.00191 -2.44891e+01 | 38 -0.00382 -4.72650e+01 | 39  0.00085 -8.60973e+00
 40  0.00209 -3.38364e+01 | 41 -0.00157 -3.49871e+01 | 42  0.00271 -1.05893e+01
 43  0.00093 -2.55192e+01 | 44 -0.00123 -2.43516e+01 | 45  0.00199 -4.71333e+01
 46  0.00325 -7.88515e+01 | 47  0.14317 -1.83194e+03 | 48 -0.08208 -1.83600e+01
 49 -0.06842 -3.85932e+01 | 50 -0.06171 -8.43566e+01 | 51 -0.04956 -3.35093e+01
 52 -0.04077 -4.55715e+01 | 53 -0.03495 -6.24208e+01 | 54 -0.02873 -8.59629e+01
 55 -0.01675 -7.29782e+01 | 56 -0.00532 -4.00468e+01 | 57  0.00483 -3.31076e+01
 58  0.01505 -3.98498e+01 | 59  0.02276 -1.36713e+01 | 60  0.02582  5.43731e+01
 61  0.02027  1.09651e+02 | 62  0.01481  1.23706e+01 | 63  0.01597 -1.19446e+01
 64  0.01671 -2.78626e+01 | 65  0.01691 -4.24011e+01 | 66  0.01723 -3.61476e+01
 67  0.02342 -2.94063e+01 | 68  0.02311 -4.32769e+01 | 69  0.02268 -4.78099e+01
 70  0.02701 -2.88370e+01 | 71  0.02668 -4.70014e+01 | 72  0.02706 -2.57405e+01
 73  0.02498 -3.03548e+01 | 74  0.02073  4.17029e+01 | 75  0.02085  6.67035e+01
 76  0.05738  3.21181e+02 | 77 -0.64385 -5.22252e+02 | 78 -0.55132  5.76493e+01
2 0 25125.4
2 0 25125.4
2 0 25125.3
2 0 25125.3
2 0 25125.3
2 0 25125.3
2 0 25125.3
2 0 25125.3
2 0 25125.3
2 0 25125.3
2 0 25125.3
2 0 25125.3
78 variables; iteration 30; function evaluation 41; phase 2
Function value   2.5125342e+04; maximum gradient component mag  -1.8988e+03
Var   Value    Gradient   |Var   Value    Gradient   |Var   Value    Gradient
  1 -0.79628 -6.05769e-01 |  2 -0.69480  6.58821e+00 |  3  0.22342  3.89714e-01
  4  0.17012  2.52675e+00 |  5  0.12354  1.37761e+00 |  6  0.08868  5.43241e-01
  7  0.06276  5.74876e-01 |  8  0.04292  7.10737e-01 |  9  0.02725  3.11591e-01
 10  0.01469 -7.31828e-02 | 11  0.00464 -1.69808e-01 | 12 -0.00338 -1.35378e-01
 13 -0.00969 -8.93520e-02 | 14 -0.01451 -5.91702e-02 | 15 -0.01802 -4.16775e-02
 16 -0.02030 -3.45766e-02 | 17 -0.02143 -3.16140e-02 | 18  0.05711  1.95305e+02
 19 -0.00474 -5.94962e+01 | 20 -0.00855  4.68337e+01 | 21 -0.00149 -1.23250e+01
 22 -0.00089  1.59103e+01 | 23 -0.00504  4.65867e+00 | 24  0.00194  1.47432e+01
 25  0.00327  3.43798e+00 | 26 -0.00161 -9.27948e+00 | 27 -0.00725  1.40721e+01
 28 -0.00643 -2.62364e+00 | 29  0.00069  1.49708e+01 | 30  0.00151  4.94212e+00
 31  0.00269 -1.24157e+01 | 32  0.00297 -8.54842e+01 | 33  0.00539 -1.33120e+02
 34  0.00470 -3.76480e+00 | 35  0.00364 -1.62912e+00 | 36  0.00132 -1.58492e+01
 37  0.00189 -2.62969e+01 | 38 -0.00385 -5.03791e+01 | 39  0.00081 -1.47504e+01
 40  0.00205 -3.94245e+01 | 41 -0.00160 -3.75861e+01 | 42  0.00273 -5.32319e+00
 43  0.00098 -1.75901e+01 | 44 -0.00123 -2.67171e+01 | 45  0.00203 -4.77641e+01
 46  0.00329 -7.25531e+01 | 47  0.14338 -1.89882e+03 | 48 -0.08213 -2.52305e+01
 49 -0.06843 -3.78005e+01 | 50 -0.06172 -8.36682e+01 | 51 -0.04959 -3.48998e+01
 52 -0.04070 -3.21054e+01 | 53 -0.03496 -6.26050e+01 | 54 -0.02880 -9.29969e+01
 55 -0.01681 -7.99613e+01 | 56 -0.00534 -3.98166e+01 | 57  0.00480 -3.43343e+01
 58  0.01501 -4.34999e+01 | 59  0.02275 -9.90917e+00 | 60  0.02581  5.59177e+01
 61  0.02019  1.01412e+02 | 62  0.01483  2.60628e+01 | 63  0.01603  1.01483e+01
 64  0.01676 -1.45250e+01 | 65  0.01687 -4.54909e+01 | 66  0.01722 -3.47692e+01
 67  0.02337 -3.24584e+01 | 68  0.02307 -4.40081e+01 | 69  0.02264 -5.13429e+01
 70  0.02691 -4.32092e+01 | 71  0.02667 -5.18276e+01 | 72  0.02696 -4.22011e+01
 73  0.02497 -3.16885e+01 | 74  0.02082  4.79964e+01 | 75  0.02138  7.26177e+01
 76  0.05881  3.21179e+02 | 77 -0.64366 -4.91437e+02 | 78 -0.55338  5.09103e+01
2 0 25125.3
2 0 25125.3
2 0 25125.3
2 0 25125.3
2 0 25125.3
2 0 25125.3
2 0 25125.3
2 0 25125.3
2 0 25125.3
2 0 25125.3
2 0 25125.3
2 0 25125.3
2 0 25125.3
78 variables; iteration 40; function evaluation 54; phase 2
Function value   2.5125335e+04; maximum gradient component mag  -1.9018e+03
Var   Value    Gradient   |Var   Value    Gradient   |Var   Value    Gradient
  1 -0.79499 -2.69925e-01 |  2 -0.69464  7.37983e+00 |  3  0.22333 -4.90700e-01
  4  0.17030  3.82434e+00 |  5  0.12393  2.60439e+00 |  6  0.08920  2.85170e+00
  7  0.06290  4.03265e-01 |  8  0.04280 -1.92318e-01 |  9  0.02718 -3.04591e-01
 10  0.01488  2.70957e-01 | 11  0.00500  4.96304e-01 | 12 -0.00300  2.05548e-01
 13 -0.00937 -1.63262e-02 | 14 -0.01426 -6.36172e-02 | 15 -0.01780 -4.63441e-02
 16 -0.02011 -2.71450e-02 | 17 -0.02125 -1.71998e-02 | 18  0.05713  1.89941e+02
 19 -0.00474 -6.02865e+01 | 20 -0.00854  4.79695e+01 | 21 -0.00147 -1.08148e+01
 22 -0.00088  1.58469e+01 | 23 -0.00503  4.80250e+00 | 24  0.00198  2.02316e+01
 25  0.00330  6.03713e+00 | 26 -0.00157 -5.60929e+00 | 27 -0.00725  1.42269e+01
 28 -0.00647 -6.70761e+00 | 29  0.00066  1.26840e+01 | 30  0.00148  1.05738e+00
 31  0.00267 -1.42869e+01 | 32  0.00298 -8.49568e+01 | 33  0.00540 -1.31705e+02
 34  0.00470 -3.33637e+00 | 35  0.00363 -3.10091e+00 | 36  0.00130 -1.99276e+01
 37  0.00187 -2.83531e+01 | 38 -0.00385 -5.09305e+01 | 39  0.00083 -1.06347e+01
 40  0.00206 -3.77927e+01 | 41 -0.00160 -3.77095e+01 | 42  0.00273 -5.63482e+00
 43  0.00099 -1.48840e+01 | 44 -0.00125 -3.03064e+01 | 45  0.00202 -4.92487e+01
 46  0.00330 -7.10266e+01 | 47  0.14339 -1.90183e+03 | 48 -0.08215 -2.95480e+01
 49 -0.06842 -3.76286e+01 | 50 -0.06172 -8.41848e+01 | 51 -0.04959 -3.55804e+01
 52 -0.04070 -3.49505e+01 | 53 -0.03493 -6.05213e+01 | 54 -0.02880 -9.41428e+01
 55 -0.01677 -7.49841e+01 | 56 -0.00533 -4.08606e+01 | 57  0.00481 -3.30197e+01
 58  0.01501 -4.36250e+01 | 59  0.02275 -9.63279e+00 | 60  0.02581  5.68860e+01
 61  0.02020  1.01965e+02 | 62  0.01485  2.69699e+01 | 63  0.01603  1.00973e+01
 64  0.01676 -1.43566e+01 | 65  0.01685 -4.89344e+01 | 66  0.01724 -3.20436e+01
 67  0.02339 -3.09138e+01 | 68  0.02308 -4.38723e+01 | 69  0.02265 -5.21642e+01
 70  0.02691 -4.46047e+01 | 71  0.02668 -5.08256e+01 | 72  0.02696 -4.24189e+01
 73  0.02498 -3.00022e+01 | 74  0.02081  4.71895e+01 | 75  0.02123  7.19746e+01
 76  0.05891  3.18534e+02 | 77 -0.64366 -4.83231e+02 | 78 -0.55382  4.93145e+01
2 0 25125.3
2 0 25125.3
2 0 25125.3
2 0 25125.3
2 0 25125.3
2 0 25125.3
2 0 25125.3
2 0 25125.3
2 0 25125.3
2 0 25125.3
2 0 25125.3
2 0 25125.3
2 0 25125.3
2 0 25125.3
78 variables; iteration 50; function evaluation 68; phase 2
Function value   2.5125295e+04; maximum gradient component mag  -1.9354e+03
Var   Value    Gradient   |Var   Value    Gradient   |Var   Value    Gradient
  1 -0.77865  2.16110e+00 |  2 -0.69927  1.16699e+01 |  3  0.22315 -9.02933e-01
  4  0.16953  1.75711e-01 |  5  0.12354  2.51628e+00 |  6  0.08917  5.08875e+00
  7  0.06266 -7.18573e+00 |  8  0.04468  6.62736e+00 |  9  0.02935  1.53795e+00
 10  0.01700  1.05834e+00 | 11  0.00699 -1.46306e+00 | 12 -0.00043 -2.40872e-01
 13 -0.00595  2.50456e+00 | 14 -0.01061  2.08110e+00 | 15 -0.01443  5.81239e-01
 16 -0.01709 -1.95986e-01 | 17 -0.01843 -3.79659e-01 | 18  0.05721  1.91030e+02
 19 -0.00485 -6.19664e+01 | 20 -0.00856  4.79977e+01 | 21 -0.00148 -1.17004e+01
 22 -0.00086  2.06269e+01 | 23 -0.00504  4.18793e+00 | 24  0.00195  1.64852e+01
 25  0.00327  3.89287e+00 | 26 -0.00158 -5.80984e+00 | 27 -0.00723  1.80982e+01
 28 -0.00649 -7.70356e+00 | 29  0.00062  7.30879e+00 | 30  0.00153  1.78343e+01
 31  0.00259 -3.10438e+01 | 32  0.00300 -8.16949e+01 | 33  0.00543 -1.25961e+02
 34  0.00467 -1.18092e+01 | 35  0.00361 -7.00719e+00 | 36  0.00129 -2.23543e+01
 37  0.00190 -2.22296e+01 | 38 -0.00382 -4.53065e+01 | 39  0.00084 -1.04110e+01
 40  0.00214 -1.89189e+01 | 41 -0.00162 -4.73158e+01 | 42  0.00270 -1.83367e+01
 43  0.00103 -5.14897e+00 | 44 -0.00129 -4.19525e+01 | 45  0.00209 -3.43718e+01
 46  0.00338 -7.11744e+01 | 47  0.14336 -1.93537e+03 | 48 -0.08213 -2.43211e+01
 49 -0.06837 -2.74895e+01 | 50 -0.06169 -8.24984e+01 | 51 -0.04954 -2.84170e+01
 52 -0.04067 -3.23133e+01 | 53 -0.03494 -6.41864e+01 | 54 -0.02879 -9.54073e+01
 55 -0.01675 -7.35089e+01 | 56 -0.00532 -4.22809e+01 | 57  0.00484 -3.07685e+01
 58  0.01500 -5.54068e+01 | 59  0.02270 -2.38727e+01 | 60  0.02587  6.56270e+01
 61  0.02023  1.00586e+02 | 62  0.01486  2.73467e+01 | 63  0.01607  1.54858e+01
 64  0.01681 -4.03104e+00 | 65  0.01686 -4.87013e+01 | 66  0.01723 -4.06626e+01
 67  0.02337 -4.00357e+01 | 68  0.02305 -6.05893e+01 | 69  0.02267 -5.44076e+01
 70  0.02698 -2.96079e+01 | 71  0.02674 -4.24831e+01 | 72  0.02698 -3.69758e+01
 73  0.02498 -3.42209e+01 | 74  0.02078  4.69625e+01 | 75  0.02078  7.14182e+01
 76  0.05881  3.13774e+02 | 77 -0.64349 -4.85200e+02 | 78 -0.55236  5.16236e+01
2 0 25125.3
2 0 25125.3
2 0 25125.3
2 0 25125.3
2 0 25125.3
2 0 25125.3
2 0 25125.3
2 0 25125.3
2 0 25125.3
2 0 25125.3
2 0 25125.3
2 0 25125.3
2 0 25125.3
78 variables; iteration 60; function evaluation 81; phase 2
Function value   2.5125280e+04; maximum gradient component mag  -1.9494e+03
Var   Value    Gradient   |Var   Value    Gradient   |Var   Value    Gradient
  1 -0.77425  3.28855e+00 |  2 -0.70041  1.36238e+01 |  3  0.22317 -1.09237e+00
  4  0.16957  4.73146e-01 |  5  0.12339  2.07741e+00 |  6  0.08887  4.36482e+00
  7  0.06229 -6.75395e+00 |  8  0.04404  3.48191e+00 |  9  0.02930  3.27323e+00
 10  0.01700  3.07794e-01 | 11  0.00726  4.04112e-01 | 12 -0.00046 -1.46610e-01
 13 -0.00632  1.06964e+00 | 14 -0.01090  6.38330e-01 | 15 -0.01423  1.62073e-01
 16 -0.01627  6.71080e-01 | 17 -0.01724  9.65242e-01 | 18  0.05724  1.91292e+02
 19 -0.00485 -6.10826e+01 | 20 -0.00855  4.91847e+01 | 21 -0.00149 -1.23183e+01
 22 -0.00089  1.68599e+01 | 23 -0.00504  4.44293e+00 | 24  0.00195  1.59923e+01
 25  0.00330  7.88111e+00 | 26 -0.00156 -3.21883e+00 | 27 -0.00725  1.47121e+01
 28 -0.00649 -7.69015e+00 | 29  0.00060  4.80364e+00 | 30  0.00152  1.64957e+01
 31  0.00266 -2.29499e+01 | 32  0.00306 -7.38885e+01 | 33  0.00541 -1.28961e+02
 34  0.00470 -8.73537e+00 | 35  0.00366 -1.40626e+00 | 36  0.00131 -1.72641e+01
 37  0.00190 -2.59539e+01 | 38 -0.00376 -3.51494e+01 | 39  0.00081 -1.40926e+01
 40  0.00207 -2.91237e+01 | 41 -0.00164 -4.56653e+01 | 42  0.00263 -2.86373e+01
 43  0.00101 -8.05679e+00 | 44 -0.00129 -4.20577e+01 | 45  0.00211 -3.02825e+01
 46  0.00334 -7.64865e+01 | 47  0.14337 -1.94938e+03 | 48 -0.08214 -2.59730e+01
 49 -0.06837 -2.73417e+01 | 50 -0.06171 -8.42062e+01 | 51 -0.04954 -2.57215e+01
 52 -0.04068 -3.06777e+01 | 53 -0.03494 -6.39800e+01 | 54 -0.02877 -9.23648e+01
 55 -0.01675 -7.42262e+01 | 56 -0.00531 -3.84288e+01 | 57  0.00485 -2.67068e+01
 58  0.01497 -5.80569e+01 | 59  0.02269 -2.47811e+01 | 60  0.02593  7.51611e+01
 61  0.02020  9.51594e+01 | 62  0.01484  2.43840e+01 | 63  0.01613  2.63022e+01
 64  0.01679 -9.87357e+00 | 65  0.01684 -5.12302e+01 | 66  0.01728 -3.16765e+01
 67  0.02337 -4.17948e+01 | 68  0.02302 -6.45028e+01 | 69  0.02265 -5.85903e+01
 70  0.02694 -3.43869e+01 | 71  0.02671 -4.49958e+01 | 72  0.02697 -3.61947e+01
 73  0.02503 -2.48620e+01 | 74  0.02070  3.47322e+01 | 75  0.02091  7.34738e+01
 76  0.05882  3.12120e+02 | 77 -0.64343 -4.85491e+02 | 78 -0.55189  5.23041e+01
2 0 25125.3
2 0 25125.3
2 0 25125.3
2 0 25125.3
2 0 25125.2
2 0 25125.2
2 0 25125.2
2 0 25125.2
2 0 25125.2
2 0 25125.2
2 0 25125.2
2 0 25125.2
2 0 25125.2
78 variables; iteration 70; function evaluation 94; phase 2
Function value   2.5125239e+04; maximum gradient component mag  -1.9729e+03
Var   Value    Gradient   |Var   Value    Gradient   |Var   Value    Gradient
  1 -0.76623  6.33268e+00 |  2 -0.70195  1.87018e+01 |  3  0.22329 -1.39966e-01
  4  0.16984  7.77056e-01 |  5  0.12363  1.70062e+00 |  6  0.08909  5.47291e+00
  7  0.06207 -5.12991e+00 |  8  0.04276  1.46240e+00 |  9  0.02739  1.43851e+00
 10  0.01480  4.39815e+00 | 11  0.00337 -1.19544e+01 | 12 -0.00254  3.45102e+00
 13 -0.00779  3.14510e+00 | 14 -0.01246 -1.21333e+00 | 15 -0.01540  1.14347e+00
 16 -0.01740 -3.85030e-01 | 17 -0.01806  1.83416e+00 | 18  0.05732  1.85895e+02
 19 -0.00487 -6.09684e+01 | 20 -0.00853  5.15624e+01 | 21 -0.00149 -1.20486e+01
 22 -0.00093  1.36957e+01 | 23 -0.00505  5.39820e+00 | 24  0.00197  1.83138e+01
 25  0.00330  7.83763e+00 | 26 -0.00158 -2.19978e+00 | 27 -0.00730  1.09179e+01
 28 -0.00649 -6.61903e+00 | 29  0.00062  6.74030e+00 | 30  0.00151  1.55983e+01
 31  0.00265 -2.22052e+01 | 32  0.00304 -7.66260e+01 | 33  0.00540 -1.30256e+02
 34  0.00466 -1.43407e+01 | 35  0.00359 -9.15820e+00 | 36  0.00128 -2.42684e+01
 37  0.00197 -1.55921e+01 | 38 -0.00374 -3.29387e+01 | 39  0.00079 -1.61343e+01
 40  0.00209 -3.06453e+01 | 41 -0.00158 -3.34882e+01 | 42  0.00261 -3.60234e+01
 43  0.00106 -3.96237e-01 | 44 -0.00126 -4.04687e+01 | 45  0.00212 -3.07874e+01
 46  0.00341 -6.69161e+01 | 47  0.14341 -1.97289e+03 | 48 -0.08214 -2.55900e+01
 49 -0.06832 -1.71896e+01 | 50 -0.06172 -8.48383e+01 | 51 -0.04958 -3.08502e+01
 52 -0.04067 -3.02801e+01 | 53 -0.03492 -6.00673e+01 | 54 -0.02875 -8.85631e+01
 55 -0.01677 -7.65837e+01 | 56 -0.00532 -3.97486e+01 | 57  0.00487 -2.17821e+01
 58  0.01499 -5.28616e+01 | 59  0.02268 -2.62136e+01 | 60  0.02591  7.31559e+01
 61  0.02016  8.90889e+01 | 62  0.01486  2.79401e+01 | 63  0.01607  1.87464e+01
 64  0.01672 -1.76783e+01 | 65  0.01688 -4.29600e+01 | 66  0.01731 -2.80208e+01
 67  0.02331 -5.16597e+01 | 68  0.02303 -5.96101e+01 | 69  0.02264 -6.24261e+01
 70  0.02690 -4.03749e+01 | 71  0.02673 -4.15304e+01 | 72  0.02700 -2.98646e+01
 73  0.02497 -3.40305e+01 | 74  0.02082  4.94023e+01 | 75  0.02094  7.45342e+01
 76  0.05901  3.05287e+02 | 77 -0.64325 -4.75473e+02 | 78 -0.55128  5.16787e+01
2 0 25125.2
2 0 25125.2
2 0 25125.2
2 0 25125.4
2 0 25125.2
2 0 25125.1
2 0 25125.1
2 0 25125.1
2 0 25125.1
2 0 25125.1
2 0 25124.9
2 0 25124.6
2 0 25122.7
2 0 25121.9
78 variables; iteration 80; function evaluation 108; phase 2
Function value   2.5121931e+04; maximum gradient component mag  -3.9029e+02
Var   Value    Gradient   |Var   Value    Gradient   |Var   Value    Gradient
  1 -0.78965 -3.86030e+00 |  2 -0.64469 -7.15225e+00 |  3  0.22575 -2.04947e+01
  4  0.17148 -4.89298e+00 |  5  0.12464 -2.01341e+00 |  6  0.08984 -3.05164e+00
  7  0.06460  1.24888e+00 |  8  0.04501 -1.94865e-01 |  9  0.02977 -3.94597e-01
 10  0.01782 -1.87688e+00 | 11  0.00893  2.64302e+00 | 12  0.00130 -3.63597e-01
 13 -0.00447  8.62953e-01 | 14 -0.00895 -1.22454e-01 | 15 -0.01201  7.94619e-01
 16 -0.01399  2.19200e+00 | 17 -0.01539 -6.11889e-01 | 18  0.06290  1.34530e+02
 19 -0.00591  2.23817e+01 | 20 -0.00951 -3.46551e+01 | 21 -0.00179  2.39270e+00
 22 -0.00161 -1.28566e+01 | 23 -0.00575 -1.25167e+01 | 24  0.00179 -3.06919e+00
 25  0.00315  1.10875e+00 | 26 -0.00230 -8.62048e+00 | 27 -0.00851 -1.82388e+01
 28 -0.00734 -9.25131e+00 | 29  0.00014 -6.56240e+00 | 30  0.00127 -1.01280e+01
 31  0.00297  1.39842e+01 | 32  0.00395  4.15095e+01 | 33  0.00666  6.04465e+01
 34  0.00535  1.13901e+01 | 35  0.00414  1.11180e+01 | 36  0.00190  1.32078e+01
 37  0.00244  1.82985e+01 | 38 -0.00349  1.80648e+00 | 39  0.00127  1.81679e+01
 40  0.00263  1.27366e+01 | 41 -0.00103  1.05114e+01 | 42  0.00328  2.49193e+01
 43  0.00157  1.20735e+01 | 44 -0.00065  1.69444e+01 | 45  0.00268  1.73660e+01
 46  0.00293 -2.45738e+01 | 47  0.14741 -3.90290e+02 | 48 -0.08162  1.33984e+01
 49 -0.06836  5.76597e+00 | 50 -0.06125  2.93588e+01 | 51 -0.04961  7.11233e+00
 52 -0.04082  8.81405e+00 | 53 -0.03483  1.76008e+01 | 54 -0.02822  2.68859e+01
 55 -0.01632  2.02510e+01 | 56 -0.00517  1.46788e+01 | 57  0.00475  1.12462e+01
 58  0.01490  1.53944e+01 | 59  0.02238 -1.25353e+00 | 60  0.02523 -3.42367e+01
 61  0.01959 -4.00060e+01 | 62  0.01460 -1.32901e+01 | 63  0.01572 -1.21753e+01
 64  0.01662 -9.33225e+00 | 65  0.01701  1.69009e+01 | 66  0.01729 -5.29597e+00
 67  0.02341  2.13917e+01 | 68  0.02303 -5.54919e-01 | 69  0.02289  2.36611e+01
 70  0.02683 -7.89502e-01 | 71  0.02677  1.20897e+01 | 72  0.02699 -4.25493e+00
 73  0.02526  1.72252e+01 | 74  0.02125  3.09512e+01 | 75  0.02147  2.74909e+01
 76  0.07990  6.01675e+01 | 77 -0.62615 -7.61089e+01 | 78 -0.51405 -1.26397e+01
2 0 25121.3
2 0 25120.9
2 0 25120.5
2 0 25120.1
2 0 25119.8
2 0 25119.3
2 0 25118.6
2 0 25117.3
2 0 25116.2
2 0 25115.5
78 variables; iteration 90; function evaluation 118; phase 2
Function value   2.5115542e+04; maximum gradient component mag  -9.3023e+02
Var   Value    Gradient   |Var   Value    Gradient   |Var   Value    Gradient
  1 -0.72715  2.88173e+01 |  2 -0.38332  9.84183e+00 |  3  0.24020 -1.41355e+01
  4  0.18159 -4.05965e+00 |  5  0.13196 -1.88321e+00 |  6  0.09601 -3.49595e-01
  7  0.06930 -7.95388e-01 |  8  0.04894 -5.41466e-01 |  9  0.03298 -1.44317e-01
 10  0.02017  2.65799e-01 | 11  0.00966 -7.24306e-01 | 12  0.00127 -6.83779e-01
 13 -0.00532 -9.07939e-01 | 14 -0.01026 -2.55884e-01 | 15 -0.01389 -3.96585e-01
 16 -0.01626 -7.36131e-01 | 17 -0.01734 -6.21042e-02 | 18  0.06622  1.55646e+02
 19 -0.00924 -7.94224e+00 | 20 -0.01070 -4.84644e+00 | 21 -0.00262 -4.28135e+00
 22 -0.00263 -5.68827e+00 | 23 -0.00660 -7.92553e+00 | 24  0.00199  9.02803e-01
 25  0.00282  1.89789e+00 | 26 -0.00374 -7.56322e+00 | 27 -0.01037 -1.09866e+01
 28 -0.00862 -9.96288e+00 | 29 -0.00043 -3.17565e+00 | 30  0.00112 -8.23452e-01
 31  0.00324  3.30586e+00 | 32  0.00504  8.54846e+00 | 33  0.00789  1.21684e+01
 34  0.00666  8.61539e+00 | 35  0.00508  8.83635e+00 | 36  0.00282  5.09435e+00
 37  0.00282  4.09471e+00 | 38 -0.00350 -4.74674e+00 | 39  0.00150  2.84201e+00
 40  0.00296  5.63282e+00 | 41 -0.00052 -2.25928e+00 | 42  0.00393  4.95703e+00
 43  0.00250  4.84899e+00 | 44  0.00034  3.52880e+00 | 45  0.00419  3.20428e+00
 46  0.00401 -4.03292e+01 | 47  0.16126 -9.30230e+02 | 48 -0.08026  1.84081e+00
 49 -0.06786 -2.96828e+00 | 50 -0.06085 -4.55557e+00 | 51 -0.04908  4.69303e-01
 52 -0.04095  2.21097e-01 | 53 -0.03475 -6.09929e+00 | 54 -0.02739 -6.88930e+00
 55 -0.01504 -5.66442e+00 | 56 -0.00437 -7.16121e-01 | 57  0.00480  2.65448e+00
 58  0.01458 -3.34416e+00 | 59  0.02191 -6.23201e+00 | 60  0.02457 -4.26463e+00
 61  0.01893 -1.10245e+00 | 62  0.01400  2.68464e+00 | 63  0.01541 -2.28751e+00
 64  0.01650 -4.67703e+00 | 65  0.01688 -1.24586e+01 | 66  0.01770 -3.60889e+00
 67  0.02313 -1.13449e+01 | 68  0.02280 -8.43251e+00 | 69  0.02271 -7.53404e+00
 70  0.02651 -9.20211e+00 | 71  0.02647 -1.02136e+01 | 72  0.02704 -8.28028e+00
 73  0.02485 -5.66083e+00 | 74  0.02071  3.39268e+01 | 75  0.02052  4.31799e+01
 76  0.13787  1.58155e+02 | 77 -0.57831 -2.56822e+02 | 78 -0.42216  8.65143e+01
2 0 25115.1
2 0 25114.6
2 0 25114
2 0 25113.6
2 0 25113.1
2 0 25112.6
2 0 25112.5
2 0 25112.3
2 0 25112
2 0 25111.6
78 variables; iteration 100; function evaluation 128; phase 2
Function value   2.5111627e+04; maximum gradient component mag  -3.5004e+02
Var   Value    Gradient   |Var   Value    Gradient   |Var   Value    Gradient
  1 -0.59439  4.42425e+01 |  2 -0.19992  2.14944e-01 |  3  0.25747  8.62486e+00
  4  0.19356  1.37259e+00 |  5  0.14036  2.06290e-01 |  6  0.10260 -3.80619e-01
  7  0.07508 -1.36563e-02 |  8  0.05425  2.81484e-01 |  9  0.03798 -8.28298e-02
 10  0.02516 -3.06074e-01 | 11  0.01507  6.33680e-02 | 12  0.00711  6.22201e-01
 13  0.00076  7.53222e-01 | 14 -0.00424  4.54178e-02 | 15 -0.00783  2.58852e-02
 16 -0.01012  3.85622e-01 | 17 -0.01129  1.55784e-01 | 18  0.06834 -1.34230e+02
 19 -0.01066  1.16756e+01 | 20 -0.01182  6.95830e+00 | 21 -0.00345  7.64004e+00
 22 -0.00376  1.39160e+01 | 23 -0.00765  1.00616e+01 | 24  0.00184 -1.96407e+00
 25  0.00219  7.55555e-01 | 26 -0.00523  1.70774e+01 | 27 -0.01212  1.91566e+01
 28 -0.00986  1.31157e+01 | 29 -0.00119  5.95097e+00 | 30  0.00070  3.65207e+00
 31  0.00331 -5.56773e+00 | 32  0.00609 -1.74463e+01 | 33  0.00911 -2.34125e+01
 34  0.00783 -1.29446e+01 | 35  0.00585 -1.44800e+01 | 36  0.00372 -8.67829e+00
 37  0.00325 -2.88243e+00 | 38 -0.00348  5.69902e+00 | 39  0.00175 -5.39195e+00
 40  0.00317 -8.09342e+00 | 41 -0.00001  3.76357e-01 | 42  0.00461 -8.66336e+00
 43  0.00347 -7.01596e+00 | 44  0.00138 -8.91543e+00 | 45  0.00582 -9.78594e+00
 46  0.00516  2.92700e+01 | 47  0.17622 -1.19726e+02 | 48 -0.07854 -4.67266e+00
 49 -0.06702  2.04400e-01 | 50 -0.05998 -4.24282e+00 | 51 -0.04827 -6.89355e+00
 52 -0.04098 -7.21432e+00 | 53 -0.03436  1.24463e+00 | 54 -0.02607 -2.73551e+00
 55 -0.01331 -5.23349e+00 | 56 -0.00328 -8.99555e+00 | 57  0.00506 -9.41742e+00
 58  0.01447 -1.25651e+00 | 59  0.02148  7.60114e+00 | 60  0.02351  8.96938e+00
 61  0.01773  7.09472e+00 | 62  0.01293 -5.04176e+00 | 63  0.01484  3.84579e+00
 64  0.01612  6.20881e+00 | 65  0.01686  1.52804e+01 | 66  0.01796  3.39469e+00
 67  0.02298  1.44292e+01 | 68  0.02251  1.28646e+01 | 69  0.02242  2.19067e+00
 70  0.02606  1.28139e+01 | 71  0.02599  6.63546e+00 | 72  0.02676  5.34255e+00
 73  0.02410 -7.27594e+00 | 74  0.01977 -3.85315e+01 | 75  0.01984  6.82767e+00
 76  0.17497 -3.50036e+02 | 77 -0.52444  2.40858e+02 | 78 -0.34392 -8.65033e+01
2 0 25111.2
2 0 25110.4
2 0 25109.6
2 0 25108.9
2 0 25108.8
2 0 25108.4
2 0 25107.9
2 0 25107.1
2 0 25106.9
2 0 25106.7
2 0 25106.8
2 0 25106.6
78 variables; iteration 110; function evaluation 140; phase 2
Function value   2.5106648e+04; maximum gradient component mag  -8.1217e+02
Var   Value    Gradient   |Var   Value    Gradient   |Var   Value    Gradient
  1 -0.53489  6.99448e+01 |  2 -0.26635 -1.68414e+01 |  3  0.27478 -2.49497e+01
  4  0.20471 -9.20424e+00 |  5  0.14668 -3.07371e+00 |  6  0.10627 -1.25365e+00
  7  0.07706 -7.53075e-01 |  8  0.05504 -6.23533e-01 |  9  0.03795 -4.14648e-01
 10  0.02440 -2.49630e-01 | 11  0.01353 -2.39228e-01 | 12  0.00481 -4.57471e-01
 13 -0.00204 -5.48408e-01 | 14 -0.00725 -2.57129e-01 | 15 -0.01104 -2.36661e-01
 16 -0.01354 -3.84631e-01 | 17 -0.01476 -3.06894e-01 | 18  0.07741  3.03592e+01
 19 -0.01418  1.85883e+01 | 20 -0.01221 -1.62248e+01 | 21 -0.00385 -5.41236e+00
 22 -0.00448 -8.15633e+00 | 23 -0.00805 -6.37195e+00 | 24  0.00202  2.14917e+00
 25  0.00197  3.84549e-01 | 26 -0.00615 -8.11434e+00 | 27 -0.01317 -9.83808e+00
 28 -0.01058 -7.69378e+00 | 29 -0.00160 -3.57407e+00 | 30  0.00050 -2.16975e+00
 31  0.00353  2.03338e+00 | 32  0.00696  8.16941e+00 | 33  0.00996  9.24235e+00
 34  0.00865  3.24013e+00 | 35  0.00656  4.01547e+00 | 36  0.00442  4.20573e+00
 37  0.00349  3.13409e+00 | 38 -0.00356 -3.96714e+00 | 39  0.00193  3.22324e+00
 40  0.00331  4.57067e+00 | 41  0.00031 -1.35791e+00 | 42  0.00514  3.63428e+00
 43  0.00419  3.28496e+00 | 44  0.00225  3.58173e+00 | 45  0.00705  7.08930e-01
 46  0.00559 -2.75539e+00 | 47  0.19338 -8.12169e+02 | 48 -0.07763 -1.37108e+01
 49 -0.06650 -9.53472e+00 | 50 -0.05941 -6.30311e+00 | 51 -0.04794 -1.88495e+00
 52 -0.04100 -2.42350e+00 | 53 -0.03412 -5.31050e+00 | 54 -0.02519 -3.14328e+00
 55 -0.01220 -2.88793e+00 | 56 -0.00246 -1.54062e+00 | 57  0.00532 -1.97976e-01
 58  0.01433 -1.89440e+00 | 59  0.02086 -4.54123e+00 | 60  0.02275 -4.64102e+00
 61  0.01690 -4.69551e+00 | 62  0.01231  9.82463e-01 | 63  0.01422 -1.51898e+00
 64  0.01583 -2.38107e+00 | 65  0.01681 -8.15088e+00 | 66  0.01822 -4.96431e+00
 67  0.02285 -8.22381e+00 | 68  0.02228 -6.99666e+00 | 69  0.02235 -3.31753e+00
 70  0.02554 -4.18970e+00 | 71  0.02560 -7.12403e-01 | 72  0.02634  4.70561e+00
 73  0.02378  1.85535e+01 | 74  0.01990  3.65287e+01 | 75  0.01984  4.00811e+01
 76  0.21563  3.06388e+02 | 77 -0.50369 -7.27173e+01 | 78 -0.34679  4.33163e+01
2 0 25106.5
2 0 25106.3
2 0 25106
2 0 25105.6
2 0 25105.3
2 0 25105.5
2 0 25105.2
2 0 25105.1
2 0 25104.9
2 0 25104.9
2 0 25104.8
2 0 25104.8
78 variables; iteration 120; function evaluation 152; phase 2
Function value   2.5104769e+04; maximum gradient component mag  -1.5638e+02
Var   Value    Gradient   |Var   Value    Gradient   |Var   Value    Gradient
  1 -0.47878  1.17532e+01 |  2 -0.23899 -2.77069e+00 |  3  0.29700  1.81019e+01
  4  0.21955  8.59923e+00 |  5  0.15570  2.81464e+00 |  6  0.11202  1.17454e+00
  7  0.08094  6.17408e-01 |  8  0.05779  2.84336e-01 |  9  0.03997  1.35674e-01
 10  0.02597  1.20820e-01 | 11  0.01484  1.52395e-01 | 12  0.00598  1.07253e-01
 13 -0.00100  4.67979e-02 | 14 -0.00634  6.46655e-02 | 15 -0.01023  5.35871e-02
 16 -0.01278 -2.38852e-02 | 17 -0.01404 -5.38309e-02 | 18  0.08310 -3.75853e+01
 19 -0.01671 -1.33286e+01 | 20 -0.01255  3.83163e+01 | 21 -0.00412  1.50591e+01
 22 -0.00498  4.74308e+00 | 23 -0.00848 -8.50954e-01 | 24  0.00204 -1.18232e-01
 25  0.00165  4.11013e-01 | 26 -0.00683  4.47452e-01 | 27 -0.01386 -1.78009e+00
 28 -0.01101 -1.54039e+00 | 29 -0.00194 -1.24804e+00 | 30  0.00019 -2.89102e+00
 31  0.00344 -3.60604e+00 | 32  0.00755 -6.54577e+00 | 33  0.01056 -9.14169e+00
 34  0.00921 -7.75017e+00 | 35  0.00690 -4.98085e+00 | 36  0.00496 -1.84220e+00
 37  0.00375  1.24889e-01 | 38 -0.00354 -8.40558e-01 | 39  0.00208 -1.57499e+00
 40  0.00337 -3.06894e+00 | 41  0.00059 -3.95707e+00 | 42  0.00553 -6.29238e+00
 43  0.00483 -4.72845e+00 | 44  0.00303 -3.82958e+00 | 45  0.00827 -4.80769e+00
 46  0.00605  2.60018e+01 | 47  0.21316 -1.56384e+02 | 48 -0.07636  2.72977e+01
 49 -0.06581 -2.82269e+00 | 50 -0.05867 -1.25369e+01 | 51 -0.04735 -1.14878e+01
 52 -0.04096 -1.11351e+01 | 53 -0.03375 -1.32448e+01 | 54 -0.02422 -1.71378e+01
 55 -0.01097 -1.82171e+01 | 56 -0.00159 -1.51617e+01 | 57  0.00570 -1.06325e+01
 58  0.01439 -4.21457e+00 | 59  0.02053  2.60993e+00 | 60  0.02185  1.01063e+01
 61  0.01592  1.31188e+01 | 62  0.01149  1.23340e+01 | 63  0.01369  1.04944e+01
 64  0.01543  3.15446e+00 | 65  0.01674 -4.95074e+00 | 66  0.01845 -8.93983e+00
 67  0.02273 -9.13882e+00 | 68  0.02209 -5.93165e+00 | 69  0.02212 -2.48572e+00
 70  0.02508  4.90661e+00 | 71  0.02506  9.66811e+00 | 72  0.02584  1.80621e+01
 73  0.02305  2.29635e+01 | 74  0.01953  5.90562e+00 | 75  0.01954  7.97514e+00
 76  0.24463  1.16503e+01 | 77 -0.47069  9.18057e+01 | 78 -0.32022 -4.47633e+01
2 0 25104.7
2 0 25104.7
2 0 25104.7
2 0 25104.7
2 0 25104.7
2 0 25104.7
2 0 25104.7
2 0 25104.7
2 0 25104.7
2 0 25104.7
78 variables; iteration 130; function evaluation 162; phase 2
Function value   2.5104668e+04; maximum gradient component mag   1.7109e+00
Var   Value    Gradient   |Var   Value    Gradient   |Var   Value    Gradient
  1 -0.47133  3.49085e-01 |  2 -0.24257  6.14830e-03 |  3  0.30201 -5.72634e-01
  4  0.22279 -1.48132e-01 |  5  0.15740 -6.25139e-02 |  6  0.11297 -3.42738e-02
  7  0.08152 -1.95260e-02 |  8  0.05819 -1.43574e-02 |  9  0.04027 -1.39219e-02
 10  0.02618 -1.02035e-02 | 11  0.01500 -5.36885e-03 | 12  0.00612 -3.70955e-03
 13 -0.00086 -4.22059e-03 | 14 -0.00619 -4.55317e-03 | 15 -0.01006 -4.84135e-03
 16 -0.01258 -5.64000e-03 | 17 -0.01383 -7.56615e-03 | 18  0.08535 -1.24934e+00
 19 -0.01609  1.16493e+00 | 20 -0.01262  6.81729e-02 | 21 -0.00430  5.24464e-01
 22 -0.00522  1.33896e-01 | 23 -0.00868 -2.16028e-01 | 24  0.00192 -8.55988e-01
 25  0.00145 -6.41997e-01 | 26 -0.00711  3.07685e-02 | 27 -0.01413 -3.92053e-02
 28 -0.01122 -1.72286e-01 | 29 -0.00211 -2.51991e-01 | 30  0.00008 -3.96558e-01
 31  0.00343 -3.57893e-01 | 32  0.00772 -2.05805e-01 | 33  0.01078 -1.80880e-02
 34  0.00944 -6.60169e-02 | 35  0.00707  2.82834e-03 | 36  0.00512  2.44171e-01
 37  0.00379  5.70652e-01 | 38 -0.00357  5.40983e-01 | 39  0.00206  3.80381e-01
 40  0.00334  9.94935e-02 | 41  0.00064  6.29279e-02 | 42  0.00563 -1.30176e-01
 43  0.00499 -2.17689e-01 | 44  0.00323 -3.72617e-01 | 45  0.00851 -4.74804e-01
 46  0.00584  6.36092e-01 | 47  0.21811  1.71089e+00 | 48 -0.07618 -1.12876e+00
 49 -0.06564 -1.05047e+00 | 50 -0.05844 -5.24079e-01 | 51 -0.04718  3.40572e-01
 52 -0.04088  9.56594e-01 | 53 -0.03360  7.07589e-01 | 54 -0.02393 -4.50639e-01
 55 -0.01065 -1.31136e+00 | 56 -0.00135 -1.47387e+00 | 57  0.00582 -1.16827e+00
 58  0.01439 -6.09202e-01 | 59  0.02040 -5.68992e-02 | 60  0.02157  2.87623e-01
 61  0.01561  3.42403e-01 | 62  0.01123  5.01368e-01 | 63  0.01349  6.61442e-01
 64  0.01531  3.67894e-01 | 65  0.01673 -9.99941e-02 | 66  0.01852 -3.13697e-01
 67  0.02273 -1.10800e-01 | 68  0.02205  2.45470e-01 | 69  0.02206  4.22957e-01
 70  0.02492  8.63200e-01 | 71  0.02487  9.99912e-01 | 72  0.02564  1.09005e+00
 73  0.02287  7.19078e-01 | 74  0.01961 -1.07392e-01 | 75  0.01961 -8.10420e-02
 76  0.25145 -1.42104e+00 | 77 -0.46553  1.34638e+00 | 78 -0.31865 -4.54233e-01
2 0 25104.7
2 0 25104.7
2 0 25104.7
2 0 25104.7
2 0 25104.7
2 0 25104.7
2 0 25104.7
2 0 25104.7
2 0 25104.7
2 0 25104.7
78 variables; iteration 140; function evaluation 172; phase 2
Function value   2.5104668e+04; maximum gradient component mag  -1.5108e-03
Var   Value    Gradient   |Var   Value    Gradient   |Var   Value    Gradient
  1 -0.47152 -4.45509e-04 |  2 -0.24298  2.53102e-04 |  3  0.30201 -1.70481e-04
  4  0.22276 -3.50531e-05 |  5  0.15737 -1.77896e-05 |  6  0.11294 -9.10672e-06
  7  0.08150 -7.69141e-06 |  8  0.05818 -5.18555e-06 |  9  0.04026 -4.82633e-06
 10  0.02618 -2.26785e-06 | 11  0.01500 -2.70965e-06 | 12  0.00612 -4.49827e-07
 13 -0.00086  3.40867e-07 | 14 -0.00619  3.40395e-07 | 15 -0.01006 -3.81134e-07
 16 -0.01258 -1.38333e-06 | 17 -0.01382 -2.12301e-06 | 18  0.08538  4.20029e-04
 19 -0.01619  1.65513e-04 | 20 -0.01263  6.81638e-04 | 21 -0.00431  9.77134e-04
 22 -0.00523  3.62746e-04 | 23 -0.00867 -6.28010e-05 | 24  0.00194 -4.89355e-04
 25  0.00147 -6.03559e-04 | 26 -0.00710 -2.25706e-04 | 27 -0.01413  2.59625e-04
 28 -0.01122  5.49304e-04 | 29 -0.00211  7.58238e-04 | 30  0.00008  4.34400e-04
 31  0.00343 -1.54953e-04 | 32  0.00773 -8.07884e-04 | 33  0.01079 -8.20904e-04
 34  0.00944 -1.00131e-04 | 35  0.00708 -1.89878e-04 | 36  0.00512 -5.59870e-04
 37  0.00379 -8.58111e-04 | 38 -0.00358 -3.51680e-04 | 39  0.00206 -3.11282e-04
 40  0.00335 -4.81672e-05 | 41  0.00064 -1.30391e-04 | 42  0.00564  4.51802e-05
 43  0.00500  3.46698e-04 | 44  0.00324  6.97264e-04 | 45  0.00852  6.03441e-04
 46  0.00585 -2.18050e-04 | 47  0.21810  8.59707e-04 | 48 -0.07617 -7.39455e-04
 49 -0.06563 -9.81536e-04 | 50 -0.05844 -3.84563e-04 | 51 -0.04719  2.51245e-04
 52 -0.04089  7.47991e-04 | 53 -0.03361  9.45554e-04 | 54 -0.02393  8.59569e-04
 55 -0.01064  4.72316e-04 | 56 -0.00134 -1.77844e-04 | 57  0.00582 -7.92299e-04
 58  0.01439 -9.46963e-04 | 59  0.02040 -3.23851e-04 | 60  0.02157  5.99874e-04
 61  0.01561  8.18243e-04 | 62  0.01123  4.30771e-04 | 63  0.01349  5.09087e-04
 64  0.01531  9.54301e-04 | 65  0.01673  1.44057e-03 | 66  0.01852  1.26369e-03
 67  0.02273  7.15571e-04 | 68  0.02205 -2.00887e-04 | 69  0.02206 -6.50897e-04
 70  0.02492 -1.14065e-03 | 71  0.02487 -1.36031e-03 | 72  0.02563 -1.51083e-03
 73  0.02287 -8.61977e-04 | 74  0.01961  8.56513e-05 | 75  0.01961 -4.46691e-05
 76  0.25148  1.16400e-03 | 77 -0.46565 -1.39451e-03 | 78 -0.31887  7.26535e-04
2 0 25104.7

 - final statistics:
78 variables; iteration 141; function evaluation 173
Function value   2.5105e+04; maximum gradient component mag   9.5132e-04
Exit code = 1;  converg criter   1.0000e-03
Var   Value    Gradient   |Var   Value    Gradient   |Var   Value    Gradient
  1 -0.47152 -1.89928e-04 |  2 -0.24298  1.02187e-04 |  3  0.30201 -5.39976e-05
  4  0.22276 -2.63779e-05 |  5  0.15737 -5.36678e-06 |  6  0.11294 -2.71133e-06
  7  0.08150 -2.90855e-06 |  8  0.05818 -2.58571e-07 |  9  0.04026 -5.98605e-07
 10  0.02618  8.87232e-08 | 11  0.01500 -9.39956e-07 | 12  0.00612  4.02531e-06
 13 -0.00086  5.45693e-06 | 14 -0.00619  2.41665e-06 | 15 -0.01006  1.39060e-06
 16 -0.01258  2.45100e-06 | 17 -0.01382  2.17294e-06 | 18  0.08538  2.57685e-05
 19 -0.01619 -6.45857e-06 | 20 -0.01263 -2.01437e-05 | 21 -0.00431  5.64204e-05
 22 -0.00523  1.12335e-04 | 23 -0.00867 -1.01680e-05 | 24  0.00194 -1.81206e-04
 25  0.00147 -2.71678e-04 | 26 -0.00710 -4.60911e-05 | 27 -0.01413 -6.29624e-06
 28 -0.01122  8.61317e-05 | 29 -0.00211  2.74914e-04 | 30  0.00008  3.54124e-04
 31  0.00343  2.92549e-04 | 32  0.00773 -7.44768e-05 | 33  0.01079 -3.29901e-04
 34  0.00944 -4.17474e-04 | 35  0.00708 -3.35177e-04 | 36  0.00512 -4.26411e-04
 37  0.00379 -4.99578e-04 | 38 -0.00358 -2.32684e-04 | 39  0.00206 -2.03390e-04
 40  0.00335  1.88720e-05 | 41  0.00064  3.80300e-04 | 42  0.00564  4.82914e-04
 43  0.00500  6.47742e-04 | 44  0.00324  4.59670e-04 | 45  0.00852  4.88231e-04
 46  0.00585 -6.58400e-04 | 47  0.21810  9.51325e-04 | 48 -0.07617 -4.17595e-04
 49 -0.06563 -5.42643e-04 | 50 -0.05844 -4.18089e-04 | 51 -0.04719 -2.37620e-04
 52 -0.04089  1.39266e-04 | 53 -0.03361  2.68996e-04 | 54 -0.02393  1.97000e-05
 55 -0.01064 -2.26848e-04 | 56 -0.00134 -1.94461e-04 | 57  0.00582 -2.03662e-05
 58  0.01439  1.10754e-04 | 59  0.02040  1.94988e-04 | 60  0.02157  2.37649e-04
 61  0.01561  2.39221e-04 | 62  0.01123  1.69969e-04 | 63  0.01349  3.77071e-05
 64  0.01531  9.03215e-05 | 65  0.01673  1.42830e-04 | 66  0.01852  9.51820e-05
 67  0.02273  2.41871e-04 | 68  0.02205  3.96032e-04 | 69  0.02206  3.26232e-04
 70  0.02492  2.67086e-04 | 71  0.02487  1.07900e-05 | 72  0.02563 -1.97725e-04
 73  0.02287 -5.96924e-04 | 74  0.01961 -1.26250e-04 | 75  0.01961 -5.22967e-05
 76  0.25148 -8.48147e-05 | 77 -0.46565 -4.15203e-04 | 78 -0.31887  2.00978e-04
2 0 25104.7
B05603.42
0.3 0.952482
0.816413 0.88774
2.07075 0.777118
4.59777 0.638684
8.39005 0.513279
12.3041 0.428874
15.0769 0.384557
16.5655 0.364592
17.2561 0.356101
17.5569 0.352545
17.6846 0.351061
17.7382 0.350442
17.7606 0.350184
17.7699 0.350077
17.7738 0.350032
17.7754 0.350013
17.7761 0.350006
17.7764 0.350002
17.7765 0.350001
17.7766 0.35
17.7766 0.35
Survey Bio23.6556
Survey len12364.3
CPUE32.9329
Catch1.56182
Catch len12655.1
initsmo_penal22.2798
F_pen1.88646
Rec_pen2.99318
M_pen0


Starting time: Mon Oct 15 14:46:27 2018
Finishing time: Mon Oct 15 14:46:34 2018
This run took: 0 hours, 0 minutes, 7 seconds.

