survYears 71 72 73 74 75 76 77 78 79 80 81 82 83 84 85 86 87 88 89 90 91 92 93 94 95 96 97 98 99
SurvLenYear 71 72 73 74 75 76 77 78 79 80 81 82 83 84 85 86 87 88 89 90 91 92 93 94 95 96 97 98 99
catchBiomass 5121.89 4914.7 5672.1 7669.53 10812.3 13694.4 11996.5 16285.2 25244.3 38052.2 41969.7 59400.7 73332.5 100554 108267 93876.4 87485.2 79616.9 91443.7 84940.7 82004.3 94735.8 95436.3 94991.8 113584 110916 109357 96057.1 8143.92
steep0.999
25
Out
1 0 37756.9

Initial statistics: 75 variables; iteration 0; function evaluation 0; phase 1
Function value   3.7756926e+04; maximum gradient component mag  -3.1650e+05
Var   Value    Gradient   |Var   Value    Gradient   |Var   Value    Gradient
  1  0.22818  2.07260e+03 |  2  0.20922  2.51726e+03 |  3  0.19634  2.83331e+03
  4  0.19969  3.97230e+03 |  5  0.18415  3.26905e+03 |  6  0.16609  2.44177e+03
  7  0.15448  2.07236e+03 |  8  0.14558  1.83430e+03 |  9  0.13476  1.54669e+03
 10  0.11301  9.26039e+02 | 11  0.10204  7.43664e+02 | 12  0.09976  7.91010e+02
 13  0.08525  5.45486e+02 | 14  0.07155  1.72433e+02 | 15  0.12863  1.68888e+03
 16 -0.02781  1.55710e+04 | 17  0.00000 -2.88099e+04 | 18  0.00000 -6.27070e+03
 19  0.00000 -7.14627e+03 | 20  0.00000 -6.76395e+03 | 21  0.00000 -8.68657e+03
 22  0.00000 -9.60640e+03 | 23  0.00000  2.26331e+03 | 24  0.00000  6.92117e+03
 25  0.00000  7.88640e+03 | 26  0.00000  5.97402e+03 | 27  0.00000  1.22131e+04
 28  0.00000  1.11639e+04 | 29  0.00000  1.15469e+04 | 30  0.00000  5.72455e+03
 31  0.00000  1.51616e+03 | 32  0.00000  2.69054e+03 | 33  0.00000  3.52470e+03
 34  0.00000  6.91287e+03 | 35  0.00000  3.43972e+03 | 36  0.00000  5.41746e+03
 37  0.00000  8.43523e+03 | 38  0.00000  6.41362e+03 | 39  0.00000  6.89647e+03
 40  0.00000  7.42347e+03 | 41  0.00000  7.04848e+02 | 42  0.00000 -6.21451e+03
 43  0.00000 -2.07708e+04 | 44  0.00000 -4.11044e+04 | 45  0.00000  1.83051e+04
 46  0.09900 -3.16497e+05 | 47  0.00000  6.18636e+04 | 48  0.00000  4.78924e+04
 49  0.00000  3.81247e+04 | 50  0.00000  3.21879e+04 | 51  0.00000  2.96493e+04
 52  0.00000  2.18802e+04 | 53  0.00000  1.05881e+04 | 54  0.00000  1.65311e+03
 55  0.00000 -4.28267e+03 | 56  0.00000 -1.08276e+04 | 57  0.00000 -1.69708e+04
 58  0.00000 -2.08016e+04 | 59  0.00000 -2.15289e+04 | 60  0.00000 -1.83625e+04
 61  0.00000 -1.66166e+04 | 62  0.00000 -1.68248e+04 | 63  0.00000 -1.77070e+04
 64  0.00000 -1.76654e+04 | 65  0.00000 -1.80900e+04 | 66  0.00000 -1.99587e+04
 67  0.00000 -2.09958e+04 | 68  0.00000 -2.14243e+04 | 69  0.00000 -2.14025e+04
 70  0.00000 -1.83374e+04 | 71  0.00000 -1.08116e+04 | 72  0.00000  2.13691e+03
 73  0.00000  1.66919e+04 | 74  0.00000  1.52107e+04 | 75  0.00000  1.47293e+04
1 0 37756.9
1 0 37756.7
1 0 37754.7
1 0 37734.7
1 0 37537
1 0 35765.3
1 0 32189
1 0 29200.3
1 0 27818.2
1 0 28504.1
1 0 27282.3
1 0 27064.6
1 0 26819.2
1 0 26821.4
1 0 26685.1
1 0 26506.6
1 0 26538.2
1 0 26424.9

Intermediate statistics: 75 variables; iteration 10; function evaluation 18; phase 1
Function value   2.6424911e+04; maximum gradient component mag  -1.0197e+05
Var   Value    Gradient   |Var   Value    Gradient   |Var   Value    Gradient
  1  0.23293  1.16297e+02 |  2  0.21872  1.53428e+02 |  3  0.20630  1.65077e+02
  4  0.21014  3.98235e+02 |  5  0.19273  3.04855e+02 |  6  0.17236  2.04947e+02
  7  0.15912  1.84167e+02 |  8  0.14898  1.78740e+02 |  9  0.13650  1.67489e+02
 10  0.11544  6.15661e+01 | 11  0.10394  5.07238e+01 | 12  0.09967  9.98883e+01
 13  0.08615  3.30863e+01 | 14  0.07859 -1.33880e+02 | 15  0.12585  2.88350e+02
 16  0.16852  1.90161e+04 | 17  0.14930 -1.88544e+03 | 18  0.01508  2.62896e+03
 19 -0.00591  2.91967e+03 | 20 -0.03003 -4.65010e+03 | 21 -0.03591 -7.21467e+03
 22 -0.02353 -3.71710e+03 | 23 -0.00891  7.14727e+02 | 24  0.03844  9.37510e+03
 25  0.02025  6.85785e+03 | 26  0.02062  9.21789e+03 | 27  0.12903 -1.91729e+03
 28  0.10484 -2.31807e+03 | 29  0.01317  5.30285e+03 | 30 -0.01745  9.43561e+03
 31 -0.04400 -6.75050e+03 | 32 -0.03383 -6.57584e+03 | 33  0.00297  1.69870e+03
 34 -0.01073 -2.25612e+03 | 35 -0.01555 -3.20967e+03 | 36  0.01853  5.93023e+03
 37  0.01550  4.83734e+03 | 38  0.01186  5.14957e+03 | 39  0.02567  6.29403e+03
 40  0.00546  2.77870e+03 | 41 -0.01954 -4.83298e+03 | 42 -0.04601 -9.78947e+03
 43 -0.03389  1.70908e+04 | 44 -0.08629 -2.60089e+04 | 45 -0.15876 -8.67809e+03
 46  0.13473 -1.01974e+05 | 47 -0.06057 -3.21131e+03 | 48 -0.04174  9.52956e+03
 49 -0.04285  4.23046e+03 | 50 -0.04318  4.78552e+03 | 51 -0.04993  4.23375e+03
 52 -0.05517  1.73206e+03 | 53 -0.02989  3.10070e+03 | 54 -0.00444  2.54906e+03
 55  0.00755  3.74360e+03 | 56 -0.00442 -1.65414e+02 | 57  0.01171 -4.50797e+03
 58  0.02054 -1.11950e+04 | 59  0.04257 -1.42144e+04 | 60 -0.02956 -6.30678e+03
 61 -0.03871 -4.59457e+03 | 62  0.00736 -6.83246e+02 | 63  0.03495  5.63043e+03
 64  0.01921  3.25611e+03 | 65 -0.00418 -7.98956e+02 | 66  0.02852  5.56199e+02
 67  0.03112  1.39306e+02 | 68  0.02238 -1.30965e+03 | 69  0.03756  2.81089e+02
 70  0.04311  1.97664e+03 | 71  0.03541  3.46601e+03 | 72  0.02159 -5.19759e+03
 73  0.01204 -3.33654e+03 | 74  0.03338  1.73587e+03 | 75 -0.00451  4.57145e+03
1 0 26523.8
1 0 26399.4
1 0 26370.8
1 0 26418.5
1 0 26362.9
1 0 26352.4
1 0 26344.6
1 0 26334.7
1 0 26323.4
1 0 26307.6
1 0 26285.4
1 0 26261.6
75 variables; iteration 20; function evaluation 30; phase 1
Function value   2.6261773e+04; maximum gradient component mag  -1.0246e+05
Var   Value    Gradient   |Var   Value    Gradient   |Var   Value    Gradient
  1  0.28808  1.55663e+02 |  2  0.27880  3.11322e+02 |  3  0.26920  4.13470e+02
  4  0.27257  7.73009e+02 |  5  0.24750  5.48235e+02 |  6  0.21661  3.03981e+02
  7  0.19482  2.22002e+02 |  8  0.17769  1.89557e+02 |  9  0.15731  1.30968e+02
 10  0.13461  5.61060e+01 | 11  0.11905  4.53618e+01 | 12  0.10737  3.90858e+01
 13  0.09781 -2.92778e+01 | 14  0.10889  1.99545e+01 | 15  0.12931  1.46413e+02
 16  0.17225  1.79130e+04 | 17  0.16919 -1.50356e+03 | 18  0.01183  1.51471e+03
 19 -0.00758  2.57438e+03 | 20 -0.03028 -3.68076e+03 | 21 -0.03617 -5.66371e+03
 22 -0.02649 -3.61719e+03 | 23 -0.01025  8.28993e+01 | 24  0.02887  9.01992e+03
 25  0.02037  7.38279e+03 | 26  0.01751  9.20988e+03 | 27  0.13558 -1.63900e+03
 28  0.11547 -1.97691e+03 | 29  0.01320  5.49964e+03 | 30 -0.01843  8.46584e+03
 31 -0.04095 -4.07185e+03 | 32 -0.02912 -6.79772e+03 | 33  0.00051  1.89449e+03
 34 -0.01186 -2.08859e+03 | 35 -0.01258 -2.49163e+03 | 36  0.01470  6.01638e+03
 37  0.01223  4.69501e+03 | 38  0.01174  5.20316e+03 | 39  0.02190  5.65127e+03
 40 -0.00000  1.40882e+03 | 41 -0.02038 -4.87537e+03 | 42 -0.03986 -8.41532e+03
 43 -0.03227  1.44697e+04 | 44 -0.08907 -2.45464e+04 | 45 -0.16267 -8.57590e+03
 46  0.13581 -1.02461e+05 | 47 -0.06367 -5.77685e+03 | 48 -0.04418  8.28030e+03
 49 -0.04324  3.86450e+03 | 50 -0.04564  3.18405e+03 | 51 -0.05407  2.90080e+03
 52 -0.06332  5.06474e+02 | 53 -0.02634  4.00251e+03 | 54 -0.00751  1.62106e+03
 55  0.00712  3.24816e+03 | 56 -0.00717 -4.45718e+02 | 57  0.01094 -4.40349e+03
 58  0.01838 -1.21909e+04 | 59  0.04167 -1.38338e+04 | 60 -0.04809 -6.33462e+03
 61 -0.01646 -3.19573e+03 | 62  0.01370  6.32198e+02 | 63  0.03129  5.05434e+03
 64  0.01822  3.24628e+03 | 65  0.00956  1.34323e+03 | 66  0.02635  3.08787e+02
 67  0.02837 -2.86995e+02 | 68  0.02340 -1.07749e+03 | 69  0.03891  1.88953e+03
 70  0.03985  3.79484e+03 | 71  0.02968  3.59816e+03 | 72  0.03976 -2.47599e+03
 73  0.00089 -3.95831e+03 | 74  0.03552  1.70574e+03 | 75  0.00557  4.63679e+03
1 0 26253
1 0 26242.5
1 0 26239.2
1 0 26233.5
1 0 26226.3
1 0 26220.1
1 0 26221.9
1 0 26217.6
1 0 26215.2
1 0 26212.8
1 0 26210.3
75 variables; iteration 30; function evaluation 41; phase 1
Function value   2.6210787e+04; maximum gradient component mag  -1.0616e+05
Var   Value    Gradient   |Var   Value    Gradient   |Var   Value    Gradient
  1  0.35951  3.45879e+02 |  2  0.33483  5.04216e+02 |  3  0.31413  5.73047e+02
  4  0.30507  7.55460e+02 |  5  0.28430  6.25621e+02 |  6  0.25943  4.36529e+02
  7  0.23671  3.11362e+02 |  8  0.21509  2.28667e+02 |  9  0.19042  1.48090e+02
 10  0.16283  5.97246e+01 | 11  0.14188  3.25514e+01 | 12  0.12722  6.00964e+00
 13  0.12283 -1.27290e+01 | 14  0.13368  2.81930e+01 | 15  0.15057  1.23779e+02
 16  0.17393  1.95622e+04 | 17  0.19389 -1.80050e+03 | 18  0.00985  6.28792e+02
 19 -0.00889  1.31416e+03 | 20 -0.02966 -3.61001e+03 | 21 -0.03591 -5.46530e+03
 22 -0.02614 -2.65294e+03 | 23 -0.01227 -7.12552e+02 | 24  0.02544  7.77417e+03
 25  0.01838  6.63765e+03 | 26  0.00436  8.61268e+03 | 27  0.11566 -2.26215e+03
 28  0.11152 -2.39485e+03 | 29  0.01531  7.38736e+03 | 30 -0.01779  8.83445e+03
 31 -0.04309 -7.59247e+03 | 32 -0.02970 -5.67801e+03 | 33  0.00410  2.21336e+03
 34 -0.01086 -2.15361e+03 | 35 -0.01290 -1.95954e+03 | 36  0.01145  4.68967e+03
 37  0.01455  4.48045e+03 | 38  0.01094  4.62250e+03 | 39  0.02770  6.94058e+03
 40  0.00209  1.08115e+03 | 41 -0.01931 -5.08360e+03 | 42 -0.04006 -8.40817e+03
 43 -0.03206  1.48771e+04 | 44 -0.08765 -2.50011e+04 | 45 -0.16364 -9.15583e+03
 46  0.13638 -1.06159e+05 | 47 -0.06450 -6.36265e+03 | 48 -0.04677  6.93538e+03
 49 -0.04311  4.07239e+03 | 50 -0.04599  2.83478e+03 | 51 -0.05530  2.10487e+03
 52 -0.06442  1.42899e+02 | 53 -0.02864  3.00137e+03 | 54 -0.00803  1.73932e+03
 55  0.01044  2.48679e+03 | 56 -0.02611 -1.06173e+03 | 57  0.01175 -3.04889e+03
 58  0.02146 -8.37548e+03 | 59  0.03921 -1.59050e+04 | 60 -0.02367 -5.99867e+03
 61 -0.03126 -3.91942e+03 | 62  0.01178  3.99133e+01 | 63  0.03308  5.67670e+03
 64  0.01827  2.98059e+03 | 65  0.00608  5.63741e+02 | 66  0.02482  7.34501e+02
 67  0.03144  1.36178e+03 | 68  0.02239 -1.10073e+02 | 69  0.03836  1.93415e+03
 70  0.04184  4.78654e+03 | 71  0.02981  3.71805e+03 | 72  0.03525 -3.67788e+03
 73  0.00955 -3.47957e+03 | 74  0.03931  2.18447e+03 | 75  0.01301  4.84546e+03
1 0 26207.3
1 0 26206.6
1 0 26205.3
1 0 26203.9
1 0 26201.7
1 0 26202.8
1 0 26200.9
1 0 26199.5
1 0 26200.5
1 0 26199.1
1 0 26198.2
1 0 26196.8
75 variables; iteration 40; function evaluation 53; phase 1
Function value   2.6196845e+04; maximum gradient component mag  -1.0717e+05
Var   Value    Gradient   |Var   Value    Gradient   |Var   Value    Gradient
  1  0.37894  4.78424e+02 |  2  0.33723  4.67086e+02 |  3  0.30894  4.51513e+02
  4  0.30071  6.44857e+02 |  5  0.28096  5.29868e+02 |  6  0.26162  4.15507e+02
  7  0.24686  3.61680e+02 |  8  0.23173  3.04329e+02 |  9  0.21178  2.28282e+02
 10  0.18405  9.89562e+01 | 11  0.16288  4.69933e+01 | 12  0.15157  4.94568e+01
 13  0.14438  2.67272e+01 | 14  0.14597 -3.07834e+01 | 15  0.17576  2.06997e+02
 16  0.17446  1.96809e+04 | 17  0.19766 -1.59213e+03 | 18  0.00995  8.70524e+02
 19 -0.00946  1.01495e+03 | 20 -0.02973 -3.47935e+03 | 21 -0.03580 -5.18330e+03
 22 -0.02610 -2.46996e+03 | 23 -0.01071 -1.08006e+02 | 24  0.02522  7.76804e+03
 25  0.01745  6.54068e+03 | 26  0.00690  1.01663e+04 | 27  0.11495 -2.09692e+03
 28  0.11149 -2.19696e+03 | 29  0.01512  7.51490e+03 | 30 -0.01789  8.86454e+03
 31 -0.04279 -7.14411e+03 | 32 -0.02924 -5.70016e+03 | 33  0.00453  2.81958e+03
 34 -0.01060 -1.64269e+03 | 35 -0.01343 -2.53220e+03 | 36  0.01163  4.92011e+03
 37  0.01452  4.55189e+03 | 38  0.01066  4.65478e+03 | 39  0.02741  7.12002e+03
 40  0.00239  1.23181e+03 | 41 -0.01867 -4.62626e+03 | 42 -0.03973 -8.46690e+03
 43 -0.03160  1.44739e+04 | 44 -0.08646 -2.42739e+04 | 45 -0.16313 -8.72560e+03
 46  0.13631 -1.07165e+05 | 47 -0.06473 -6.65951e+03 | 48 -0.04709  6.59554e+03
 49 -0.04289  4.37436e+03 | 50 -0.04588  2.96632e+03 | 51 -0.05585  2.06851e+03
 52 -0.06598 -6.67424e+01 | 53 -0.02825  2.77918e+03 | 54 -0.00723  2.32858e+03
 55  0.00940  2.18670e+03 | 56 -0.02309 -1.62323e+03 | 57  0.01232 -2.55486e+03
 58  0.02167 -8.30058e+03 | 59  0.03932 -1.57777e+04 | 60 -0.02607 -5.96554e+03
 61 -0.02991 -3.75910e+03 | 62  0.01268  1.76013e+02 | 63  0.03198  4.55086e+03
 64  0.01814  2.96339e+03 | 65  0.00689  9.01701e+02 | 66  0.02508  9.98926e+02
 67  0.03195  1.76614e+03 | 68  0.02246  1.28831e+02 | 69  0.03775  1.45243e+03
 70  0.04183  4.54062e+03 | 71  0.02938  3.67567e+03 | 72  0.03548 -3.28183e+03
 73  0.01058 -3.28006e+03 | 74  0.03988  2.33287e+03 | 75  0.01052  4.88143e+03
1 0 26194.7
1 0 26192.8
1 0 26192.6
1 0 26193.2
1 0 26192.6
1 0 26192.2
1 0 26191.8
1 0 26191.6
1 0 26191.4
1 0 26191
75 variables; iteration 50; function evaluation 63; phase 1
Function value   2.6191441e+04; maximum gradient component mag  -1.1132e+05
Var   Value    Gradient   |Var   Value    Gradient   |Var   Value    Gradient
  1  0.36847  3.76443e+02 |  2  0.33699  4.62907e+02 |  3  0.31157  4.69070e+02
  4  0.30211  6.33852e+02 |  5  0.28277  5.31177e+02 |  6  0.26298  4.19711e+02
  7  0.24470  3.23374e+02 |  8  0.22921  2.60577e+02 |  9  0.21507  2.21146e+02
 10  0.19758  1.39507e+02 | 11  0.18472  1.13739e+02 | 12  0.17430  8.67317e+01
 13  0.16807  6.40425e+01 | 14  0.16995  3.52142e+01 | 15  0.19127  2.20376e+02
 16  0.17441  1.97425e+04 | 17  0.19925 -1.59926e+03 | 18  0.00982  7.79327e+02
 19 -0.00944  1.05918e+03 | 20 -0.02995 -3.56037e+03 | 21 -0.03617 -5.30663e+03
 22 -0.02548 -1.80052e+03 | 23 -0.01132 -2.84670e+02 | 24  0.02505  7.66735e+03
 25  0.01736  6.64972e+03 | 26  0.00698  9.70583e+03 | 27  0.11596 -2.09907e+03
 28  0.11087 -2.22843e+03 | 29  0.01520  7.40243e+03 | 30 -0.01741  9.00200e+03
 31 -0.04221 -7.11981e+03 | 32 -0.02964 -5.75422e+03 | 33  0.00491  3.16099e+03
 34 -0.01116 -2.07464e+03 | 35 -0.01287 -1.86301e+03 | 36  0.01069  4.49331e+03
 37  0.01413  4.53259e+03 | 38  0.01044  4.61825e+03 | 39  0.02729  7.11245e+03
 40  0.00343  1.51861e+03 | 41 -0.01869 -4.90177e+03 | 42 -0.04028 -8.33820e+03
 43 -0.03268  1.42968e+04 | 44 -0.08705 -2.44807e+04 | 45 -0.16285 -8.59699e+03
 46  0.13620 -1.11319e+05 | 47 -0.06531 -7.06807e+03 | 48 -0.04757  6.26417e+03
 49 -0.04302  4.22668e+03 | 50 -0.04644  2.82175e+03 | 51 -0.05707  1.61173e+03
 52 -0.06370  1.49377e+02 | 53 -0.02964  2.41630e+03 | 54 -0.00750  2.17620e+03
 55  0.00814  1.49772e+03 | 56 -0.02211 -1.55995e+03 | 57  0.01244 -2.26910e+03
 58  0.02065 -9.04721e+03 | 59  0.03859 -1.61542e+04 | 60 -0.02145 -5.96032e+03
 61 -0.02910 -3.69943e+03 | 62  0.01111 -5.36078e+01 | 63  0.03165  4.09283e+03
 64  0.01711  2.53006e+03 | 65  0.00703  7.78910e+02 | 66  0.02514  1.35218e+03
 67  0.03159  1.71768e+03 | 68  0.02211  9.26472e+01 | 69  0.03687  1.04879e+03
 70  0.04226  4.50410e+03 | 71  0.03025  3.86023e+03 | 72  0.03420 -3.30089e+03
 73  0.00880 -3.24989e+03 | 74  0.03980  2.44981e+03 | 75  0.00923  4.92308e+03
1 0 26190.5
1 0 26190
1 0 26189.4
1 0 26189
1 0 26188.5
1 0 26187.5
1 0 26186.5
1 0 26185.1
1 0 26182.7
1 0 26178.2
1 0 26152.6
75 variables; iteration 60; function evaluation 74; phase 1
Function value   2.6153067e+04; maximum gradient component mag  -1.0878e+05
Var   Value    Gradient   |Var   Value    Gradient   |Var   Value    Gradient
  1  0.37541  4.00525e+02 |  2  0.34895  5.96285e+02 |  3  0.32127  6.17296e+02
  4  0.29129  4.47530e+02 |  5  0.27433  4.35444e+02 |  6  0.25878  4.51570e+02
  7  0.21918  4.05122e+01 |  8  0.23038  3.55435e+02 |  9  0.21143  2.91657e+02
 10  0.15982 -9.71368e+01 | 11  0.16081  4.80825e+00 | 12  0.18280  1.85083e+02
 13  0.18321  6.22743e+01 | 14  0.20362  2.00824e+02 | 15  0.22309  3.63931e+02
 16  0.17282  1.92013e+04 | 17  0.19860 -1.53031e+03 | 18  0.01056  1.09651e+03
 19 -0.00933  1.03964e+03 | 20 -0.03076 -3.73537e+03 | 21 -0.03719 -5.55218e+03
 22 -0.02541 -1.97768e+03 | 23 -0.01128 -2.81525e+02 | 24  0.02470  7.62314e+03
 25  0.01739  6.57967e+03 | 26  0.00649  9.80900e+03 | 27  0.11577 -2.02170e+03
 28  0.11131 -2.14599e+03 | 29  0.01601  7.56684e+03 | 30 -0.01728  8.93618e+03
 31 -0.04211 -6.93062e+03 | 32 -0.02899 -5.70828e+03 | 33  0.00669  3.56500e+03
 34 -0.00991 -1.74807e+03 | 35 -0.01246 -1.77385e+03 | 36  0.00828  3.86959e+03
 37  0.01176  4.04267e+03 | 38  0.01463  5.08153e+03 | 39  0.02402  6.43495e+03
 40  0.00341  1.75557e+03 | 41 -0.01954 -5.21403e+03 | 42 -0.04095 -8.48333e+03
 43 -0.03216  1.42067e+04 | 44 -0.08573 -2.40367e+04 | 45 -0.16224 -8.45076e+03
 46  0.13635 -1.08777e+05 | 47 -0.06514 -6.87024e+03 | 48 -0.04751  6.16331e+03
 49 -0.04213  4.52402e+03 | 50 -0.04897  2.18753e+03 | 51 -0.05643  1.83428e+03
 52 -0.06411  8.55750e+01 | 53 -0.02930  2.54157e+03 | 54 -0.00770  2.03172e+03
 55  0.00856  1.51909e+03 | 56 -0.02403 -1.63627e+03 | 57  0.01264 -2.10576e+03
 58  0.02078 -8.80934e+03 | 59  0.03908 -1.59129e+04 | 60 -0.02484 -6.04659e+03
 61 -0.02982 -3.80881e+03 | 62  0.01144 -5.01848e+01 | 63  0.03194  4.15989e+03
 64  0.01833  2.67616e+03 | 65  0.00657  5.57878e+02 | 66  0.02508  1.43408e+03
 67  0.02892  1.47538e+03 | 68  0.02656  6.68549e+02 | 69  0.03639  1.17594e+03
 70  0.04245  4.44770e+03 | 71  0.02818  3.32481e+03 | 72  0.03358 -3.36762e+03
 73  0.00934 -3.31467e+03 | 74  0.04090  2.43919e+03 | 75  0.01329  4.82050e+03
1 0 26144.1
1 0 26132.6
1 0 26110.2
1 0 25943.5
1 0 25783.4
1 0 25504.3
1 0 25080.6
1 0 24648.8
1 0 24372.2
1 0 24445.4
1 0 24247.7
1 0 24571.6
1 0 24221.6
75 variables; iteration 70; function evaluation 87; phase 1
Function value   2.4221690e+04; maximum gradient component mag  -3.8287e+04
Var   Value    Gradient   |Var   Value    Gradient   |Var   Value    Gradient
  1  0.29283  4.16594e+01 |  2  0.31722  5.90434e+02 |  3  0.30616  8.42218e+02
  4  0.24455  1.12676e+02 |  5  0.24440  6.17417e+02 |  6  0.15876 -2.92995e+02
  7  0.19045  4.70635e+02 |  8  0.12062 -1.76777e+02 |  9  0.11807 -8.85017e+00
 10  0.12991  1.09164e+02 | 11  0.12389  9.84436e+01 | 12  0.10209  6.92098e+00
 13  0.08747 -9.85873e+01 | 14  0.10984 -3.91293e+02 | 15  0.27014  1.76219e+03
 16  0.12811  8.47440e+01 | 17  0.12903  7.01344e+02 | 18 -0.00175 -4.80036e+03
 19 -0.01274  3.19418e+03 | 20 -0.02311 -7.62949e+02 | 21 -0.01745  2.59483e+03
 22 -0.00882  3.67936e+03 | 23 -0.00484  5.96448e+02 | 24  0.00473  2.27213e+03
 25  0.00516  3.63034e+03 | 26 -0.01091 -9.30573e+03 | 27  0.10669  5.61266e+02
 28  0.12027  6.52840e+02 | 29  0.00903  4.64046e+03 | 30 -0.00546 -3.88239e+01
 31 -0.02436 -1.24766e+04 | 32 -0.01885 -1.90605e+03 | 33  0.00143  3.72582e+03
 34 -0.00364  5.18655e+03 | 35 -0.00731  1.03988e+03 | 36 -0.00067  1.76129e+02
 37  0.00871  4.50180e+03 | 38  0.00178 -5.31118e+02 | 39  0.02071  6.32492e+03
 40  0.00178  2.30427e+03 | 41 -0.01282 -2.64592e+03 | 42 -0.02622 -8.23112e+03
 43 -0.02049  3.93864e+03 | 44 -0.05232 -5.52052e+03 | 45 -0.15896 -4.55979e+03
 46  0.14336 -3.82869e+04 | 47 -0.04846  9.54985e+03 | 48 -0.05926  4.73077e+03
 49 -0.05609  2.93208e+02 | 50 -0.05461 -2.75867e+03 | 51 -0.05978 -3.75157e+03
 52 -0.06004 -3.52515e+03 | 53 -0.03064 -6.69030e+02 | 54 -0.01224  1.59236e+03
 55  0.00675  1.25060e+04 | 56 -0.06506 -4.29627e+03 | 57  0.00662 -6.11101e+03
 58  0.02750 -5.39522e+03 | 59  0.02547 -1.45365e+03 | 60  0.02994  1.15441e+04
 61 -0.02795 -5.07879e+03 | 62  0.01323  1.59374e+03 | 63  0.01819 -2.01376e+03
 64  0.00490 -4.98412e+03 | 65  0.00258 -3.30181e+03 | 66  0.01604 -9.96410e+02
 67  0.02446 -8.58395e+01 | 68  0.00843 -2.05303e+03 | 69  0.03434 -1.34326e+03
 70  0.02288 -1.34397e+03 | 71  0.02558  3.57977e+03 | 72  0.02638  8.75088e+02
 73  0.03240 -1.41051e+03 | 74  0.06120  9.29242e+02 | 75  0.08488  1.87676e+03
1 0 24284.1
1 0 24215.8
1 0 24213.8
1 0 24210.4
1 0 24203.7
1 0 24161.5
1 0 24070.2
1 0 23917
1 0 29998.9
1 0 23914.4
1 0 23909.1
1 0 23859.3
1 0 23585.7
1 0 23084.6
1 0 22559
75 variables; iteration 80; function evaluation 102; phase 1
Function value   2.2559110e+04; maximum gradient component mag   8.2276e+03
Var   Value    Gradient   |Var   Value    Gradient   |Var   Value    Gradient
  1  0.13371 -1.86358e+03 |  2  0.12234 -8.89204e+01 |  3  0.11477 -6.16812e+01
  4  0.11447  5.71644e+01 |  5  0.08209 -1.12980e+02 |  6  0.07565 -1.72334e+01
  7  0.06550 -1.65978e+01 |  8  0.05229  1.72429e+01 |  9  0.02731 -2.14218e+01
 10  0.00484 -5.31588e+01 | 11 -0.00414  3.52216e+01 | 12 -0.02580 -1.47173e+02
 13 -0.00455 -4.40531e+01 | 14  0.02770  2.62807e+01 | 15  0.04722  3.86595e+01
 16  0.12080  1.79628e+03 | 17  0.03315  8.22764e+03 | 18  0.00483  4.71323e+02
 19 -0.01550 -1.96220e+03 | 20 -0.01609 -5.76314e+02 | 21 -0.01134 -2.28233e+02
 22 -0.00367  6.96570e+02 | 23 -0.01565 -2.12232e+03 | 24 -0.01550 -5.12693e+02
 25 -0.01155 -1.13403e+03 | 26  0.00427  5.38879e+02 | 27  0.14210  5.95523e+02
 28  0.12555  3.19725e+02 | 29  0.00407  8.86944e+02 | 30 -0.00516  2.20880e+03
 31 -0.00952 -1.04093e+03 | 32 -0.00507  1.95196e+03 | 33 -0.00708 -4.81951e+03
 34 -0.00785  1.38449e+03 | 35 -0.00322  1.32490e+02 | 36 -0.00631 -2.60583e+03
 37 -0.00724 -6.56536e+01 | 38 -0.00183  2.80583e+03 | 39 -0.00534 -2.74425e+03
 40 -0.00238  1.57161e+03 | 41 -0.00374  2.04388e+02 | 42 -0.00233 -4.31773e+01
 43 -0.00687 -4.02939e+03 | 44 -0.02158 -1.57524e+03 | 45 -0.13019 -8.38551e+00
 46  0.14460 -5.23686e+03 | 47 -0.05238  5.67970e+03 | 48 -0.06285  2.04297e+03
 49 -0.05711  5.35881e+02 | 50 -0.04648  1.17362e+03 | 51 -0.04623  1.42815e+03
 52 -0.03584  4.71886e+03 | 53 -0.03364  2.36449e+02 | 54 -0.01584  2.02563e+03
 55 -0.01110  1.06755e+03 | 56 -0.01133  2.55253e+03 | 57  0.01388 -6.60134e+02
 58  0.03210 -2.07041e+03 | 59  0.02192 -2.45197e+03 | 60  0.01737 -1.54859e+03
 61 -0.00808 -5.64845e+03 | 62  0.02015  1.35417e+03 | 63  0.01049 -9.17893e+02
 64  0.01185 -1.77804e+03 | 65  0.01529  6.06422e+02 | 66  0.01434 -9.87049e+01
 67  0.01500 -2.77542e+03 | 68  0.01266 -2.82312e+03 | 69  0.02473 -1.01764e+02
 70  0.01967 -3.09276e+03 | 71  0.01706 -3.17942e+03 | 72  0.02649  1.10005e+03
 73  0.03113  2.91309e+03 | 74  0.04090  1.46438e+02 | 75  0.03667  2.46762e+02
1 0 22439.5
1 0 22219.8
1 0 22123.7
1 0 22021.1
1 0 21816.4
1 0 21770.9
1 0 21713.7
1 0 21688.3
1 0 21669.7
1 0 21646.2
1 0 21625.8
75 variables; iteration 90; function evaluation 113; phase 1
Function value   2.1625849e+04; maximum gradient component mag  -3.5632e+03
Var   Value    Gradient   |Var   Value    Gradient   |Var   Value    Gradient
  1  0.24795 -3.36239e+02 |  2  0.21015  5.48771e+01 |  3  0.15557  1.12476e+02
  4  0.09715 -7.69302e+00 |  5  0.05489 -9.76912e+01 |  6  0.04770  4.52992e+01
  7  0.03167  4.65612e+00 |  8  0.01775 -2.44698e+00 |  9  0.00720  4.00562e+00
 10 -0.00244  5.55863e+00 | 11 -0.01200 -2.58867e+00 | 12 -0.01936 -4.03363e+01
 13 -0.01338  1.20237e+01 | 14 -0.00960  7.66758e+00 | 15 -0.00654  1.58996e+01
 16  0.11548  1.23404e+03 | 17 -0.01041  3.71935e+02 | 18 -0.01094 -3.17352e+02
 19 -0.01133 -4.86845e+02 | 20 -0.01251 -2.01168e+02 | 21 -0.01155 -3.53107e+02
 22 -0.00654  2.20860e+01 | 23 -0.00997  5.17003e+02 | 24 -0.01041 -6.93091e+02
 25 -0.00881  1.13033e+02 | 26  0.00058  6.22352e+01 | 27  0.07526  4.43549e+02
 28  0.10460  5.94297e+02 | 29  0.00430 -2.76009e+02 | 30 -0.00556 -6.69276e+02
 31 -0.00293  3.12621e+02 | 32 -0.00286  2.89609e+02 | 33  0.00018  4.32578e+02
 34 -0.00351  6.44769e+00 | 35  0.00093  5.77748e+01 | 36 -0.00041 -7.51960e+02
 37 -0.00205  2.02495e+02 | 38  0.00090  2.56609e+02 | 39 -0.00098 -1.10838e+03
 40 -0.00016  3.85638e+02 | 41  0.00388  3.93927e+02 | 42  0.00393  3.43340e+02
 43  0.00478 -1.15207e+03 | 44  0.00609 -1.35521e+02 | 45 -0.09468  1.00216e+03
 46  0.14210 -3.56325e+03 | 47 -0.07752 -5.36322e+02 | 48 -0.06533 -1.74549e+01
 49 -0.05297  9.02379e+01 | 50 -0.04407  4.99679e+02 | 51 -0.04707  3.15226e+02
 52 -0.04583 -5.13970e+02 | 53 -0.02793 -2.49525e+02 | 54 -0.01503 -5.24261e+01
 55 -0.01024 -3.66224e+02 | 56 -0.01967 -4.38453e+02 | 57  0.01657  4.13665e+01
 58  0.03522 -4.38190e+01 | 59  0.02592  8.31553e+02 | 60  0.02055  4.74306e+02
 61  0.01291 -9.30349e+02 | 62  0.01441 -9.54521e+02 | 63  0.01627 -5.06892e+02
 64  0.01782 -2.27825e+02 | 65  0.01764  6.77067e+02 | 66  0.01709 -4.01777e+01
 67  0.02099 -3.10898e+02 | 68  0.02202  2.46107e+02 | 69  0.02194 -3.14717e+02
 70  0.02790 -9.10609e+01 | 71  0.02555 -4.99418e+02 | 72  0.02677  9.56540e+02
 73  0.02154  1.24479e+03 | 74  0.02307  5.49967e+02 | 75  0.02105  1.55452e+02
1 0 21349
1 0 61164.4
1 0 21215
1 0 21189.6
1 0 21138.5
1 0 21974.6
1 0 21007.5
1 0 21707.4
1 0 20965
1 0 20891.5
1 0 20791.7
1 0 20710.6
1 0 20616.2
1 0 20547.4
1 0 20499.3
1 0 20467.1
75 variables; iteration 100; function evaluation 129; phase 1
Function value   2.0467087e+04; maximum gradient component mag  -4.7727e+03
Var   Value    Gradient   |Var   Value    Gradient   |Var   Value    Gradient
  1  0.24468  7.84438e+00 |  2  0.19203 -1.49451e+00 |  3  0.12993  2.74142e+00
  4  0.08707 -3.39151e+01 |  5  0.06821 -9.64368e+00 |  6  0.06174  4.73570e+01
  7  0.04943  3.69213e+01 |  8  0.03262 -2.35020e+01 |  9  0.02748  1.98319e+01
 10  0.02058  3.88948e+01 | 11  0.00562 -9.99850e+00 | 12 -0.00374 -2.09532e+01
 13 -0.00469  1.23150e+01 | 14 -0.00725  4.49979e+01 | 15 -0.02134 -4.21208e+01
 16  0.08414  6.15413e+02 | 17 -0.00776 -2.32701e+02 | 18 -0.00287 -5.28853e+01
 19 -0.00314  3.27246e+01 | 20 -0.00516 -3.67739e+02 | 21 -0.00358  5.48783e+01
 22  0.00106 -2.07778e+02 | 23 -0.00312 -3.19223e+02 | 24 -0.00139  5.63199e+02
 25 -0.00222  5.77001e+02 | 26 -0.00271 -2.15453e+03 | 27 -0.00494  1.37012e+03
 28  0.00185  1.32268e+02 | 29  0.00423  6.68031e+02 | 30  0.00343  6.09499e+02
 31  0.00515 -2.23372e+02 | 32  0.00487 -6.86880e+02 | 33  0.00655 -3.15545e+02
 34  0.00324  2.11973e+02 | 35  0.00763  2.86666e+01 | 36  0.00804 -2.38381e+02
 37  0.00634  1.12964e+02 | 38  0.00822 -3.43160e+02 | 39  0.00919  5.19930e+01
 40  0.00735  8.96336e-01 | 41  0.00924 -5.51172e+02 | 42  0.00837 -6.12202e+02
 43  0.01262  7.76403e+02 | 44  0.01407  3.79939e+02 | 45 -0.08595 -2.85342e+01
 46  0.14159 -3.95554e+03 | 47 -0.07560  3.16658e+02 | 48 -0.06528 -4.26846e+01
 49 -0.05234  1.39733e+02 | 50 -0.04414  2.63503e+02 | 51 -0.04728  1.90071e+02
 52 -0.04342  5.86425e+02 | 53 -0.02696  2.77341e+02 | 54 -0.01389 -5.53746e+02
 55 -0.00538  3.81407e+02 | 56 -0.00102 -4.99498e+02 | 57 -0.00646 -4.77267e+03
 58  0.02365  8.32383e+02 | 59  0.02463 -4.04790e+02 | 60  0.02026  7.69102e+00
 61  0.01685  6.41466e+02 | 62  0.01650  5.28222e+02 | 63  0.01695  2.38653e+02
 64  0.01734 -2.44144e+02 | 65  0.01639  1.23755e+02 | 66  0.01867  2.64265e+02
 67  0.02215  3.56096e+02 | 68  0.02176  1.94588e+02 | 69  0.02536  4.55853e+02
 70  0.02806  4.68388e+02 | 71  0.02739  7.79233e+02 | 72  0.02343 -3.14504e+02
 73  0.01964 -4.86144e+02 | 74  0.02154 -2.59511e+01 | 75  0.02060  1.76836e+02
1 0 20432.1
1 0 20415.7
1 0 20407.2
1 0 20403.3
1 0 20402.9
1 0 20402.6
1 0 20402.4
1 0 20402.3
1 0 20402.3
1 0 20402.3
75 variables; iteration 110; function evaluation 139; phase 1
Function value   2.0402306e+04; maximum gradient component mag  -1.2485e+02
Var   Value    Gradient   |Var   Value    Gradient   |Var   Value    Gradient
  1  0.24777  1.16906e+00 |  2  0.19728 -6.89969e-01 |  3  0.13504 -1.73924e+00
  4  0.09238 -2.88930e+00 |  5  0.06375 -1.35347e+00 |  6  0.04276 -1.56473e-01
  7  0.02638 -5.67616e-01 |  8  0.01335 -1.50132e+00 |  9  0.00319 -1.79539e+00
 10 -0.00451 -1.16562e+00 | 11 -0.01021 -5.83350e-01 | 12 -0.01428 -2.68192e-01
 13 -0.01692  1.54673e-01 | 14 -0.01834 -7.24358e-01 | 15 -0.01830  4.28127e+00
 16  0.08208  1.05968e+01 | 17 -0.00530 -4.88162e+00 | 18 -0.00204 -1.31661e+01
 19 -0.00263 -6.46542e+00 | 20 -0.00437  2.00707e+00 | 21 -0.00339 -3.73176e+00
 22  0.00142  7.38868e+00 | 23 -0.00280 -1.72421e+00 | 24 -0.00199  4.98653e+00
 25 -0.00189 -9.70727e+00 | 26  0.00311  7.19151e+00 | 27 -0.00117 -5.44198e+00
 28  0.00118  3.91555e+00 | 29 -0.00119  7.69403e+00 | 30  0.00186  1.32589e+01
 31  0.00520  1.18669e+01 | 32  0.00595  6.92314e+00 | 33  0.00761 -7.94306e+00
 34  0.00374  9.10995e-01 | 35  0.00820 -3.44442e+00 | 36  0.00836 -7.24114e+00
 37  0.00619  5.45456e+00 | 38  0.00883  1.95811e-01 | 39  0.00906  9.18572e+00
 40  0.00729 -7.76931e+00 | 41  0.01044 -1.47552e+01 | 42  0.01008 -3.91947e+00
 43  0.01207 -6.52279e+00 | 44  0.00963  5.36128e+00 | 45 -0.09380  6.23894e+00
 46  0.14278 -1.24847e+02 | 47 -0.07658 -1.38267e+01 | 48 -0.06565 -1.22148e+00
 49 -0.05312 -3.26734e+00 | 50 -0.04516  3.35861e-01 | 51 -0.04800  1.06692e+00
 52 -0.04498 -1.29966e-01 | 53 -0.02818 -6.28982e+00 | 54 -0.01477  4.64855e+00
 55 -0.00722  2.01009e+01 | 56 -0.00120  9.08585e+00 | 57  0.01023 -2.81711e+00
 58  0.01713 -3.79239e+01 | 59  0.02315 -1.88299e+01 | 60  0.01886 -1.11786e+01
 61  0.01498 -1.40311e+01 | 62  0.01557 -3.64498e+00 | 63  0.01603  2.16907e+00
 64  0.01742  7.17829e+00 | 65  0.01560  1.91040e+01 | 66  0.01746  2.62333e+00
 67  0.02087  5.16321e+00 | 68  0.02120 -7.85877e+00 | 69  0.02348 -1.23922e+01
 70  0.02684  1.81994e+01 | 71  0.02592  1.80970e+01 | 72  0.02430 -5.90427e+00
 73  0.02120  1.50802e+01 | 74  0.02706  1.05376e+01 | 75  0.02714  6.40422e+00
1 0 20402.3
1 0 20402.3
1 0 20402.3
1 0 20402.3
1 0 20402.3
1 0 20402.3
1 0 20402.3
1 0 20402.3
1 0 20402.3
1 0 20402.3
75 variables; iteration 120; function evaluation 149; phase 1
Function value   2.0402284e+04; maximum gradient component mag  -5.2331e+00
Var   Value    Gradient   |Var   Value    Gradient   |Var   Value    Gradient
  1  0.24792  3.47180e-01 |  2  0.19753 -7.39795e-02 |  3  0.13578  4.62919e-02
  4  0.09367  2.75534e-01 |  5  0.06514  9.10799e-02 |  6  0.04415  6.59087e-03
  7  0.02795  9.93368e-02 |  8  0.01509  5.40433e-02 |  9  0.00479 -9.02758e-03
 10 -0.00345 -9.35350e-02 | 11 -0.00993 -1.04617e-01 | 12 -0.01487  1.01880e-04
 13 -0.01845 -1.53371e-03 | 14 -0.02077  5.35704e-02 | 15 -0.02190  1.89535e-01
 16  0.08209 -3.45067e+00 | 17 -0.00505 -4.29309e-01 | 18 -0.00198 -2.34415e-01
 19 -0.00261  2.39169e-01 | 20 -0.00437  8.44078e-01 | 21 -0.00339 -3.12973e-01
 22  0.00140 -1.12988e+00 | 23 -0.00282  7.60282e-02 | 24 -0.00202  7.71777e-01
 25 -0.00191 -1.18406e+00 | 26  0.00308 -4.72546e-01 | 27 -0.00115  1.76312e+00
 28  0.00121 -6.59019e-01 | 29 -0.00119  7.47768e-02 | 30  0.00183 -2.54538e+00
 31  0.00518 -1.28278e+00 | 32  0.00594 -2.67569e-01 | 33  0.00762  1.70784e+00
 34  0.00373 -4.09061e-01 | 35  0.00818 -5.20789e-01 | 36  0.00836  5.99230e-01
 37  0.00618 -5.76405e-01 | 38  0.00882 -1.08974e-01 | 39  0.00906  1.24277e+00
 40  0.00729  1.26875e+00 | 41  0.01045  1.40990e+00 | 42  0.01010  7.45580e-01
 43  0.01208  1.95322e+00 | 44  0.00955  6.87694e-01 | 45 -0.09389 -2.68624e+00
 46  0.14279 -5.23308e+00 | 47 -0.07652  1.11991e+00 | 48 -0.06564 -6.81602e-01
 49 -0.05310  6.74371e-01 | 50 -0.04516  7.68264e-01 | 51 -0.04800  1.11971e+00
 52 -0.04498 -1.45427e-01 | 53 -0.02816  2.90863e-01 | 54 -0.01478 -1.45404e+00
 55 -0.00728  1.45278e+00 | 56 -0.00123  2.01366e-01 | 57  0.01023 -8.62184e-01
 58  0.01721  7.41818e-02 | 59  0.02316  3.45183e+00 | 60  0.01885  3.52341e+00
 61  0.01499  1.52558e+00 | 62  0.01558  6.84022e-01 | 63  0.01603  8.75306e-02
 64  0.01741  7.74393e-01 | 65  0.01556  8.65526e-01 | 66  0.01747 -8.97749e-01
 67  0.02085 -4.94970e-02 | 68  0.02121  4.52904e-01 | 69  0.02350 -3.47063e+00
 70  0.02680 -3.33288e+00 | 71  0.02589 -2.16104e+00 | 72  0.02435 -2.61665e+00
 73  0.02118 -1.82796e+00 | 74  0.02709  2.78506e-01 | 75  0.02708  2.43326e-01
1 0 20402.3
1 0 20402.3
1 0 20402.3
1 0 20402.3
1 0 20402.3
1 0 20402.3
1 0 20402.3
1 0 20402.3
1 0 20402.3
1 0 20402.3

 - final statistics:
75 variables; iteration 130; function evaluation 159
Function value   2.0402e+04; maximum gradient component mag  -3.5926e-02
Exit code = 1;  converg criter   1.0000e-01
Var   Value    Gradient   |Var   Value    Gradient   |Var   Value    Gradient
  1  0.24793  1.27437e-03 |  2  0.19755  5.56171e-04 |  3  0.13577 -1.03087e-03
  4  0.09360 -1.91081e-03 |  5  0.06507  3.18189e-04 |  6  0.04409 -3.79211e-04
  7  0.02788 -1.02727e-03 |  8  0.01504  4.78392e-04 |  9  0.00476  1.18030e-03
 10 -0.00346  1.50653e-03 | 11 -0.00995  9.90908e-04 | 12 -0.01494  1.61796e-04
 13 -0.01858 -5.84549e-04 | 14 -0.02095 -8.48895e-04 | 15 -0.02213  5.18301e-04
 16  0.08211  1.50354e-03 | 17 -0.00505 -1.28468e-03 | 18 -0.00198  3.49754e-03
 19 -0.00261 -2.17377e-03 | 20 -0.00437  5.85576e-04 | 21 -0.00339  1.33631e-03
 22  0.00140  9.69323e-03 | 23 -0.00282 -1.18543e-02 | 24 -0.00202  5.24401e-03
 25 -0.00191 -7.38782e-03 | 26  0.00308 -6.77062e-03 | 27 -0.00115 -1.56469e-04
 28  0.00121 -2.25116e-03 | 29 -0.00119  1.36823e-02 | 30  0.00183  1.81316e-02
 31  0.00518 -1.69053e-02 | 32  0.00594  8.31956e-03 | 33  0.00761 -6.40585e-03
 34  0.00373  7.91435e-03 | 35  0.00818  4.68055e-03 | 36  0.00836 -3.54577e-03
 37  0.00618  8.81492e-03 | 38  0.00882 -3.63584e-03 | 39  0.00906  7.37238e-03
 40  0.00729 -3.59262e-02 | 41  0.01045 -3.72353e-03 | 42  0.01010  2.83049e-03
 43  0.01208  2.01526e-02 | 44  0.00956 -7.54719e-03 | 45 -0.09386 -1.54556e-03
 46  0.14279 -3.25948e-02 | 47 -0.07652  9.16258e-03 | 48 -0.06563 -1.58857e-02
 49 -0.05310 -5.10849e-03 | 50 -0.04516 -4.15360e-03 | 51 -0.04800  2.62280e-03
 52 -0.04498 -1.26970e-03 | 53 -0.02816  7.18748e-03 | 54 -0.01477 -3.00638e-02
 55 -0.00728  8.00920e-03 | 56 -0.00122  2.43525e-03 | 57  0.01023  1.19110e-02
 58  0.01722  1.84714e-03 | 59  0.02316 -3.55763e-02 | 60  0.01885 -1.20219e-02
 61  0.01499 -9.18608e-03 | 62  0.01558  1.80598e-03 | 63  0.01603  1.42092e-02
 64  0.01741 -5.16508e-04 | 65  0.01556  4.57023e-03 | 66  0.01747  1.63422e-02
 67  0.02085  1.55660e-02 | 68  0.02121  3.91297e-03 | 69  0.02351 -3.40287e-02
 70  0.02680  3.10485e-02 | 71  0.02590  9.75033e-03 | 72  0.02435 -6.44368e-05
 73  0.02118  5.38052e-03 | 74  0.02706 -1.71992e-04 | 75  0.02706  1.38369e-03
1 0 20402.3
B0234224
0.3 0.263517
0.225872 0.331998
0.214254 0.345619
0.211572 0.348902
0.210909 0.349723
0.210742 0.34993
0.2107 0.349982
0.210689 0.349996
0.210686 0.349999
0.210686 0.35
0.210686 0.35
0.210686 0.35
0.210686 0.35
0.210685 0.35
0.210685 0.35
0.210685 0.35
0.210685 0.35
0.210685 0.35
0.210685 0.35
0.210685 0.35
0.210685 0.35
FutMOrt0.0853964
FutMOrt0.0853964
FutMOrt0.0853964
FutMOrt0.0853964
FutMOrt0.0853964
FutMOrt0.0853964
FutMOrt0.0853964
FutMOrt0.0853964
FutMOrt0.0853964
FutMOrt0.0853964
2 0 20402.3

Initial statistics: 79 variables; iteration 0; function evaluation 0; phase 2
Function value   2.0402284e+04; maximum gradient component mag   5.9510e+02
Var   Value    Gradient   |Var   Value    Gradient   |Var   Value    Gradient
  1 -0.80616 -1.24163e+02 |  2 -0.58099 -2.19367e+01 |  3  0.24793  1.27437e-03
  4  0.19755  5.56171e-04 |  5  0.13577 -1.03087e-03 |  6  0.09360 -1.91081e-03
  7  0.06507  3.18189e-04 |  8  0.04409 -3.79211e-04 |  9  0.02788 -1.02727e-03
 10  0.01504  4.78392e-04 | 11  0.00476  1.18030e-03 | 12 -0.00346  1.50653e-03
 13 -0.00995  9.90908e-04 | 14 -0.01494  1.61796e-04 | 15 -0.01858 -5.84549e-04
 16 -0.02095 -8.48895e-04 | 17 -0.02213  5.18301e-04 | 18  0.08211  1.50354e-03
 19 -0.00505 -1.32347e-03 | 20 -0.00198  3.45875e-03 | 21 -0.00261 -2.21256e-03
 22 -0.00437  5.46787e-04 | 23 -0.00339  1.29752e-03 | 24  0.00140  9.65444e-03
 25 -0.00282 -1.18931e-02 | 26 -0.00202  5.20522e-03 | 27 -0.00191 -7.42661e-03
 28  0.00308 -6.80941e-03 | 29 -0.00115 -1.95259e-04 | 30  0.00121 -2.28995e-03
 31 -0.00119  1.36435e-02 | 32  0.00183  1.80928e-02 | 33  0.00518 -1.69441e-02
 34  0.00594  8.28077e-03 | 35  0.00761 -6.44464e-03 | 36  0.00373  7.87556e-03
 37  0.00818  4.64176e-03 | 38  0.00836 -3.58455e-03 | 39  0.00618  8.77613e-03
 40  0.00882 -3.67462e-03 | 41  0.00906  7.33360e-03 | 42  0.00729 -3.59650e-02
 43  0.01045 -3.76232e-03 | 44  0.01010  2.79170e-03 | 45  0.01208  2.01138e-02
 46  0.00956 -7.58598e-03 | 47 -0.09386 -1.58393e-03 | 48  0.14279 -3.25948e-02
 49 -0.07652  9.19458e-03 | 50 -0.06563 -1.58536e-02 | 51 -0.05310 -5.07638e-03
 52 -0.04516 -4.12145e-03 | 53 -0.04800  2.65494e-03 | 54 -0.04498 -1.23755e-03
 55 -0.02816  7.21968e-03 | 56 -0.01477 -3.00316e-02 | 57 -0.00728  8.04142e-03
 58 -0.00122  2.46747e-03 | 59  0.01023  1.19432e-02 | 60  0.01722  1.87936e-03
 61  0.02316 -3.55441e-02 | 62  0.01885 -1.19897e-02 | 63  0.01499 -9.15386e-03
 64  0.01558  1.83820e-03 | 65  0.01603  1.42415e-02 | 66  0.01741 -4.84293e-04
 67  0.01556  4.60245e-03 | 68  0.01747  1.63744e-02 | 69  0.02085  1.55982e-02
 70  0.02121  3.94518e-03 | 71  0.02351 -3.39965e-02 | 72  0.02680  3.10807e-02
 73  0.02590  9.78253e-03 | 74  0.02435 -3.22334e-05 | 75  0.02118  5.41273e-03
 76  0.02706 -1.39794e-04 | 77  0.02706  1.41589e-03 | 78 -0.64923  1.98679e+02
 79 -0.56082  5.95098e+02 |
2 0 20402.3
2 0 20402.1
2 0 20400.3
2 0 20397.8
2 0 20393.1
2 0 20387
2 0 20428.5
2 0 20386.3
2 0 20385.4
2 0 20385.1
2 0 20385.1
2 0 20385
2 0 20384.8
2 0 20384.5

Intermediate statistics: 79 variables; iteration 10; function evaluation 14; phase 2
Function value   2.0384524e+04; maximum gradient component mag   5.6705e+03
Var   Value    Gradient   |Var   Value    Gradient   |Var   Value    Gradient
  1 -0.79136 -1.27688e+02 |  2 -0.58047 -1.35882e+01 |  3  0.24664  8.41522e+01
  4  0.19866  1.94484e+01 |  5  0.13556  1.42447e-01 |  6  0.09339  1.99616e+00
  7  0.06496  1.52134e+00 |  8  0.04402  9.78593e-01 |  9  0.02783  6.87723e-01
 10  0.01501  5.22868e-01 | 11  0.00474  4.20257e-01 | 12 -0.00348  3.53098e-01
 13 -0.00997  3.07231e-01 | 14 -0.01496  2.75792e-01 | 15 -0.01859  2.54806e-01
 16 -0.02097  2.40813e-01 | 17 -0.02214  2.33883e-01 | 18  0.08385 -5.33722e+02
 19 -0.00596 -6.82246e+01 | 20 -0.00250 -2.65380e+02 | 21 -0.00278 -1.23118e+02
 22 -0.00445 -2.24627e+01 | 23 -0.00355 -4.14907e+01 | 24  0.00112 -1.17754e+02
 25 -0.00323 -1.85851e+02 | 26 -0.00190 -7.56018e+00 | 27 -0.00181  5.14221e+00
 28  0.00298 -2.52537e+02 | 29 -0.00116 -6.27849e+01 | 30  0.00142 -1.61586e+01
 31 -0.00110  1.48010e+01 | 32  0.00217  2.48240e+02 | 33  0.00557  4.63896e+02
 34  0.00583 -4.71641e+01 | 35  0.00775  4.11632e+01 | 36  0.00370 -6.10831e+01
 37  0.00844  1.67677e+02 | 38  0.00839 -7.52818e+01 | 39  0.00621 -8.68355e+01
 40  0.00897 -1.33178e+01 | 41  0.00916 -5.74764e+01 | 42  0.00743 -2.44495e+01
 43  0.01078  1.23321e+02 | 44  0.01039  1.47205e+02 | 45  0.01238  1.70619e+02
 46  0.00960 -4.75950e+02 | 47 -0.09417  6.31730e+02 | 48  0.14311  5.67051e+03
 49 -0.07654  7.02492e+01 | 50 -0.06539  2.91522e+02 | 51 -0.05267  3.91108e+02
 52 -0.04502  2.61994e+02 | 53 -0.04800  7.77563e+01 | 54 -0.04480  1.64183e+02
 55 -0.02782  3.70552e+02 | 56 -0.01438  3.57894e+02 | 57 -0.00699  3.55354e+02
 58 -0.00075  4.17020e+02 | 59  0.01063  3.86940e+02 | 60  0.01747  2.33956e+02
 61  0.02309 -9.23580e+01 | 62  0.01837 -5.06650e+02 | 63  0.01452 -4.52473e+02
 64  0.01516 -3.22029e+02 | 65  0.01584 -2.06992e+02 | 66  0.01712 -2.52521e+02
 67  0.01526 -2.29278e+02 | 68  0.01739 -7.24690e+01 | 69  0.02083 -2.49435e+01
 70  0.02111 -3.71241e+01 | 71  0.02348 -1.64030e+01 | 72  0.02671 -1.20403e+02
 73  0.02555 -3.01483e+02 | 74  0.02393 -3.97576e+02 | 75  0.02058 -6.02480e+01
 76  0.02808  2.89518e+00 | 77  0.02687 -2.73743e+02 | 78 -0.65147  1.72343e+03
 79 -0.60071  1.49903e+02 |
2 0 20384
2 0 20383
2 0 20381.3
2 0 20378.8
2 0 20380.9
2 0 20377.7
2 0 20378.7
2 0 20377.3
2 0 20378.9
2 0 20377.2
2 0 20377.1
2 0 20377
2 0 20376.9
79 variables; iteration 20; function evaluation 27; phase 2
Function value   2.0376872e+04; maximum gradient component mag   4.5457e+03
Var   Value    Gradient   |Var   Value    Gradient   |Var   Value    Gradient
  1 -0.71983  9.57130e+01 |  2 -0.59662  1.31471e+02 |  3  0.24091 -6.81459e+01
  4  0.20395  1.48978e+02 |  5  0.13454 -8.12525e+00 |  6  0.09147 -3.16801e+00
  7  0.06370  1.84355e+00 |  8  0.04325  1.44051e+00 |  9  0.02732  7.56048e-01
 10  0.01464  3.94252e-01 | 11  0.00446  2.08844e-01 | 12 -0.00371  1.11033e-01
 13 -0.01017  5.44472e-02 | 14 -0.01513  2.06314e-02 | 15 -0.01875 -1.02532e-03
 16 -0.02111 -1.89316e-02 | 17 -0.02228 -2.22183e-02 | 18  0.08375 -9.39396e+02
 19 -0.00815 -1.34269e+02 | 20 -0.00266 -3.25264e+02 | 21 -0.00264 -9.01496e+01
 22 -0.00428 -4.49989e+00 | 23 -0.00333 -5.95313e+01 | 24  0.00133 -2.15061e+02
 25 -0.00286 -1.02858e+02 | 26 -0.00171 -1.87620e+01 | 27 -0.00177 -4.56490e+01
 28  0.00313 -1.86954e+02 | 29 -0.00103 -3.40878e+01 | 30  0.00152 -4.02957e+01
 31 -0.00091 -2.24331e+01 | 32  0.00250  2.39151e+02 | 33  0.00612  4.80309e+02
 34  0.00643  1.19780e+01 | 35  0.00821  1.02149e+02 | 36  0.00404 -5.30102e+01
 37  0.00882  1.60421e+02 | 38  0.00864 -7.50497e+01 | 39  0.00640 -8.73123e+01
 40  0.00913 -9.07002e+00 | 41  0.00917 -7.10325e+01 | 42  0.00753 -3.27742e+01
 43  0.01104  1.54082e+02 | 44  0.01051  1.45168e+02 | 45  0.01244  1.88301e+02
 46  0.00855 -4.98680e+02 | 47 -0.09658  5.88189e+02 | 48  0.14341  4.54570e+03
 49 -0.07688  7.37963e+01 | 50 -0.06555  2.83468e+02 | 51 -0.05295  3.42954e+02
 52 -0.04525  2.24029e+02 | 53 -0.04801  1.10674e+02 | 54 -0.04481  1.77426e+02
 55 -0.02798  3.77559e+02 | 56 -0.01431  4.64173e+02 | 57 -0.00730  2.93942e+02
 58 -0.00089  3.53205e+02 | 59  0.01030  3.14951e+02 | 60  0.01730  2.36093e+02
 61  0.02292 -8.70948e+01 | 62  0.01849 -4.43811e+02 | 63  0.01475 -4.04694e+02
 64  0.01534 -2.80643e+02 | 65  0.01566 -2.40827e+02 | 66  0.01726 -1.88300e+02
 67  0.01529 -2.13233e+02 | 68  0.01728 -7.71963e+01 | 69  0.02079 -1.10752e+01
 70  0.02099 -7.98571e+01 | 71  0.02318 -5.30086e+01 | 72  0.02660 -1.50904e+02
 73  0.02549 -3.52213e+02 | 74  0.02375 -4.66503e+02 | 75  0.02129 -4.38701e+01
 76  0.03018  3.43369e+00 | 77  0.02656 -2.38097e+02 | 78 -0.65223  2.34862e+03
 79 -0.60392  6.79638e+01 |
2 0 20376.6
2 0 20376.5
2 0 20376.5
2 0 20376.3
2 0 20376.2
2 0 20376.7
2 0 20376.2
2 0 20376.2
2 0 20376.2
2 0 20376.3
2 0 20376.2
2 0 20376.2
2 0 20376.2
79 variables; iteration 30; function evaluation 40; phase 2
Function value   2.0376238e+04; maximum gradient component mag   4.3572e+03
Var   Value    Gradient   |Var   Value    Gradient   |Var   Value    Gradient
  1 -0.71303  1.48647e+02 |  2 -0.61234  1.32650e+02 |  3  0.23795 -1.59099e+02
  4  0.20562  2.08134e+02 |  5  0.13419 -7.99737e+00 |  6  0.09097 -2.39853e+00
  7  0.06326  2.46902e+00 |  8  0.04291  1.84796e+00 |  9  0.02709  1.17796e+00
 10  0.01448  7.12476e-01 | 11  0.00433  4.32187e-01 | 12 -0.00380  2.76554e-01
 13 -0.01024  1.85135e-01 | 14 -0.01520  1.29860e-01 | 15 -0.01881  9.48451e-02
 16 -0.02117  6.76969e-02 | 17 -0.02234  6.23796e-02 | 18  0.08356 -1.04776e+03
 19 -0.00928 -1.22633e+02 | 20 -0.00274 -3.76566e+02 | 21 -0.00239  3.16895e+00
 22 -0.00408  8.26249e+01 | 23 -0.00316  5.14750e+01 | 24  0.00112 -2.91621e+02
 25 -0.00334 -2.12720e+02 | 26 -0.00195  5.33628e+01 | 27 -0.00190  5.37418e+01
 28  0.00280 -3.31460e+02 | 29 -0.00100  3.20022e+01 | 30  0.00139 -1.26677e+02
 31 -0.00071  1.04345e+02 | 32  0.00238  1.45284e+02 | 33  0.00606  5.44175e+02
 34  0.00619 -6.32004e+01 | 35  0.00816  1.17136e+02 | 36  0.00396 -1.22774e+02
 37  0.00899  2.04665e+02 | 38  0.00880 -3.14238e+01 | 39  0.00663 -1.59958e+01
 40  0.00946  1.14709e+02 | 41  0.00947  1.02146e+01 | 42  0.00776  2.91970e+01
 43  0.01126  2.41795e+02 | 44  0.01075  2.06940e+02 | 45  0.01264  2.04269e+02
 46  0.00913 -4.40791e+02 | 47 -0.09568  6.65705e+02 | 48  0.14335  4.35715e+03
 49 -0.07687  1.82072e+02 | 50 -0.06528  4.35524e+02 | 51 -0.05283  3.90387e+02
 52 -0.04514  2.13343e+02 | 53 -0.04779  1.82286e+02 | 54 -0.04467  2.80117e+02
 55 -0.02792  4.40053e+02 | 56 -0.01453  3.17786e+02 | 57 -0.00749  2.26812e+02
 58 -0.00076  4.22718e+02 | 59  0.01033  3.88674e+02 | 60  0.01749  3.35685e+02
 61  0.02311  2.84105e+01 | 62  0.01862 -3.73330e+02 | 63  0.01458 -4.07807e+02
 64  0.01548 -1.92841e+02 | 65  0.01564 -1.70172e+02 | 66  0.01756 -2.52294e+01
 67  0.01543 -1.29916e+02 | 68  0.01743 -1.17312e+01 | 69  0.02090  5.66354e-01
 70  0.02112 -8.26064e+01 | 71  0.02337 -1.81849e+01 | 72  0.02666 -1.61856e+02
 73  0.02560 -3.47098e+02 | 74  0.02395 -3.93692e+02 | 75  0.02121  1.76918e+01
 76  0.02962  3.64046e+01 | 77  0.02687 -1.72722e+02 | 78 -0.65246  2.51259e+03
 79 -0.60530  4.45469e+01 |
2 0 20376.2
2 0 20376.2
2 0 20376.2
2 0 20376.2
2 0 20376.2
2 0 20376.2
2 0 20376.2
2 0 20376.2
2 0 20376.1
2 0 20376.1
2 0 20376.1
2 0 20376.2
2 0 20376.1
79 variables; iteration 40; function evaluation 53; phase 2
Function value   2.0376186e+04; maximum gradient component mag   4.3255e+03
Var   Value    Gradient   |Var   Value    Gradient   |Var   Value    Gradient
  1 -0.71298  1.47782e+02 |  2 -0.61283  1.32424e+02 |  3  0.23779 -1.62165e+02
  4  0.20536  2.05628e+02 |  5  0.13289 -7.32058e+00 |  6  0.08697 -1.68862e+01
  7  0.05944 -7.21628e+00 |  8  0.04128  7.08249e+00 |  9  0.02572  5.55441e-01
 10  0.01329 -2.05377e-01 | 11  0.00342  1.62266e-01 | 12 -0.00453  1.00860e-01
 13 -0.01084 -1.63886e-02 | 14 -0.01571 -9.07444e-02 | 15 -0.01927 -1.39175e-01
 16 -0.02160 -1.62815e-01 | 17 -0.02275 -1.67948e-01 | 18  0.08348 -1.03990e+03
 19 -0.00959 -1.16559e+02 | 20 -0.00268 -3.75300e+02 | 21 -0.00235  4.95361e+00
 22 -0.00405  8.60230e+01 | 23 -0.00317  5.30702e+01 | 24  0.00111 -2.87384e+02
 25 -0.00336 -2.35652e+02 | 26 -0.00189  8.35007e+01 | 27 -0.00190  3.57852e+01
 28  0.00278 -3.39443e+02 | 29 -0.00101  3.64505e+01 | 30  0.00138 -1.32879e+02
 31 -0.00072  8.81835e+01 | 32  0.00242  1.53887e+02 | 33  0.00607  5.41123e+02
 34  0.00625 -4.48276e+01 | 35  0.00823  1.37955e+02 | 36  0.00393 -1.27042e+02
 37  0.00891  1.65704e+02 | 38  0.00876 -4.59471e+01 | 39  0.00662 -1.81588e+01
 40  0.00945  1.04733e+02 | 41  0.00951  1.81255e+01 | 42  0.00781  3.49788e+01
 43  0.01127  2.36726e+02 | 44  0.01078  2.11442e+02 | 45  0.01265  2.11531e+02
 46  0.00912 -4.49210e+02 | 47 -0.09565  6.65661e+02 | 48  0.14335  4.32547e+03
 49 -0.07681  1.88792e+02 | 50 -0.06528  4.37875e+02 | 51 -0.05279  4.03971e+02
 52 -0.04514  2.07325e+02 | 53 -0.04785  1.59091e+02 | 54 -0.04467  2.85642e+02
 55 -0.02797  4.19612e+02 | 56 -0.01450  3.16938e+02 | 57 -0.00746  2.38867e+02
 58 -0.00080  4.09276e+02 | 59  0.01033  3.83073e+02 | 60  0.01747  3.35739e+02
 61  0.02315  4.65010e+01 | 62  0.01861 -3.73180e+02 | 63  0.01455 -4.20753e+02
 64  0.01556 -1.81515e+02 | 65  0.01562 -1.88588e+02 | 66  0.01753 -2.34529e+01
 67  0.01542 -1.16432e+02 | 68  0.01743 -1.57233e+00 | 69  0.02089  3.54346e+00
 70  0.02111 -8.32595e+01 | 71  0.02341 -6.97328e+00 | 72  0.02666 -1.60727e+02
 73  0.02561 -3.41754e+02 | 74  0.02398 -3.93356e+02 | 75  0.02115 -4.98704e-02
 76  0.02963  4.34478e+01 | 77  0.02685 -1.71240e+02 | 78 -0.65252  2.49891e+03
 79 -0.60547  4.62032e+01 |
2 0 20376.1
2 0 20376.1
2 0 20376.1
2 0 20376.1
2 0 20376.1
2 0 20376.1
2 0 20376.1
2 0 20376.1
2 0 20376.1
2 0 20376.1
2 0 20376
79 variables; iteration 50; function evaluation 64; phase 2
Function value   2.0376109e+04; maximum gradient component mag   4.3074e+03
Var   Value    Gradient   |Var   Value    Gradient   |Var   Value    Gradient
  1 -0.71296  1.47597e+02 |  2 -0.61297  1.32439e+02 |  3  0.23770 -1.63183e+02
  4  0.20523  2.03215e+02 |  5  0.13291 -7.15441e+00 |  6  0.08697 -1.34084e+01
  7  0.05828 -7.19874e+00 |  8  0.03870  1.85676e-01 |  9  0.02347 -2.17388e+00
 10  0.01197  1.67077e+00 | 11  0.00234  1.16144e-01 | 12 -0.00543 -1.39434e-01
 13 -0.01157 -3.98160e-02 | 14 -0.01632 -9.00991e-02 | 15 -0.01980 -1.65528e-01
 16 -0.02208 -2.09365e-01 | 17 -0.02321 -2.23152e-01 | 18  0.08343 -1.03741e+03
 19 -0.00973 -1.24034e+02 | 20 -0.00268 -3.78104e+02 | 21 -0.00238 -1.15924e+01
 22 -0.00402  9.44102e+01 | 23 -0.00316  4.52515e+01 | 24  0.00110 -2.94318e+02
 25 -0.00342 -2.54090e+02 | 26 -0.00186  8.69876e+01 | 27 -0.00189  3.22366e+01
 28  0.00277 -3.45849e+02 | 29 -0.00101  3.37843e+01 | 30  0.00137 -1.40080e+02
 31 -0.00072  8.20832e+01 | 32  0.00241  1.50571e+02 | 33  0.00605  5.31568e+02
 34  0.00626 -5.33041e+01 | 35  0.00826  1.42499e+02 | 36  0.00392 -1.39193e+02
 37  0.00890  1.69423e+02 | 38  0.00873 -6.75826e+01 | 39  0.00663 -1.65029e+01
 40  0.00947  9.88014e+01 | 41  0.00950  1.42555e+01 | 42  0.00778  2.60475e+01
 43  0.01128  2.40666e+02 | 44  0.01077  2.07320e+02 | 45  0.01264  1.94852e+02
 46  0.00914 -4.45994e+02 | 47 -0.09567  6.57825e+02 | 48  0.14336  4.30743e+03
 49 -0.07678  1.98976e+02 | 50 -0.06534  4.26977e+02 | 51 -0.05280  4.06666e+02
 52 -0.04514  2.09391e+02 | 53 -0.04778  1.86245e+02 | 54 -0.04477  2.61852e+02
 55 -0.02798  4.24593e+02 | 56 -0.01449  3.25459e+02 | 57 -0.00749  2.34136e+02
 58 -0.00080  4.12358e+02 | 59  0.01030  3.77035e+02 | 60  0.01746  3.39228e+02
 61  0.02316  5.32749e+01 | 62  0.01856 -3.81360e+02 | 63  0.01455 -4.11792e+02
 64  0.01556 -1.76706e+02 | 65  0.01566 -1.68681e+02 | 66  0.01747 -4.00260e+01
 67  0.01543 -1.05167e+02 | 68  0.01737 -7.69874e+00 | 69  0.02093  2.10947e+01
 70  0.02112 -7.21322e+01 | 71  0.02337 -1.45161e+01 | 72  0.02663 -1.66854e+02
 73  0.02562 -3.40514e+02 | 74  0.02395 -3.93665e+02 | 75  0.02117  1.15908e+01
 76  0.02964  4.69698e+01 | 77  0.02717 -1.66022e+02 | 78 -0.65255  2.49305e+03
 79 -0.60562  4.65051e+01 |
2 0 20376.1
2 0 20376
2 0 20376
2 0 20376
2 0 20376
2 0 20375.9
2 0 20376.5
2 0 20375.8
2 0 20375.8
2 0 20375.8
2 0 20375.7
2 0 20375.7
2 0 20375.7
2 0 20375.6
79 variables; iteration 60; function evaluation 78; phase 2
Function value   2.0375688e+04; maximum gradient component mag   4.2146e+03
Var   Value    Gradient   |Var   Value    Gradient   |Var   Value    Gradient
  1 -0.71288  1.42998e+02 |  2 -0.61398  1.30409e+02 |  3  0.23899 -1.56535e+02
  4  0.20820  2.27826e+02 |  5  0.13381 -1.33055e+01 |  6  0.08770 -1.23449e+01
  7  0.05847 -1.74844e+00 |  8  0.03667  6.30719e+00 |  9  0.01715  4.48617e-01
 10  0.00016 -2.61278e+01 | 11 -0.00718 -3.59601e+00 | 12 -0.01190  5.72480e+00
 13 -0.01696  4.50613e-01 | 14 -0.02091 -1.07047e-01 | 15 -0.02368  4.11124e-01
 16 -0.02551  3.97764e-01 | 17 -0.02643  3.08148e-01 | 18  0.08348 -1.01962e+03
 19 -0.00861 -1.22515e+02 | 20 -0.00252 -3.55927e+02 | 21 -0.00239  2.59726e+01
 22 -0.00420  3.02576e+01 | 23 -0.00317  8.99226e+01 | 24  0.00103 -3.13458e+02
 25 -0.00342 -2.42610e+02 | 26 -0.00188  8.87450e+01 | 27 -0.00196  1.94348e+01
 28  0.00269 -3.61700e+02 | 29 -0.00103  4.39131e+01 | 30  0.00139 -1.22967e+02
 31 -0.00068  9.91116e+01 | 32  0.00237  1.54483e+02 | 33  0.00593  5.04551e+02
 34  0.00622 -3.54907e+01 | 35  0.00820  1.23007e+02 | 36  0.00393 -1.12378e+02
 37  0.00892  1.94007e+02 | 38  0.00873 -8.08487e+01 | 39  0.00658 -4.02310e+01
 40  0.00951  1.68268e+02 | 41  0.00934 -7.37476e+01 | 42  0.00797  1.77954e+02
 43  0.01117  1.64551e+02 | 44  0.01064  2.02780e+02 | 45  0.01237  1.56937e+02
 46  0.00895 -4.69064e+02 | 47 -0.09562  6.33003e+02 | 48  0.14325  4.21457e+03
 49 -0.07647  2.31319e+02 | 50 -0.06524  4.03470e+02 | 51 -0.05276  3.85535e+02
 52 -0.04510  1.87423e+02 | 53 -0.04771  1.77015e+02 | 54 -0.04472  2.54964e+02
 55 -0.02787  4.31571e+02 | 56 -0.01437  3.43848e+02 | 57 -0.00741  2.48768e+02
 58 -0.00074  4.20419e+02 | 59  0.01038  3.77480e+02 | 60  0.01757  3.40767e+02
 61  0.02334  7.77860e+01 | 62  0.01858 -3.92164e+02 | 63  0.01461 -4.17486e+02
 64  0.01563 -1.74004e+02 | 65  0.01576 -1.62375e+02 | 66  0.01753 -5.73140e+01
 67  0.01559 -8.03603e+01 | 68  0.01752  3.74110e+01 | 69  0.02105  2.60949e+01
 70  0.02118 -6.46201e+01 | 71  0.02342 -4.88018e+01 | 72  0.02672 -1.99612e+02
 73  0.02581 -2.97306e+02 | 74  0.02391 -4.12477e+02 | 75  0.02112 -9.08376e+00
 76  0.02937  1.92846e+01 | 77  0.02506 -1.73123e+02 | 78 -0.65282  2.46161e+03
 79 -0.60670  4.69512e+01 |
2 0 20375.6
2 0 20375.5
2 0 20375.4
2 0 20375.4
2 0 20375.3
2 0 20375
2 0 20374.6
2 0 20376
2 0 20374.5
2 0 20374.3
2 0 20374
2 0 20374.2
2 0 20373.8
79 variables; iteration 70; function evaluation 91; phase 2
Function value   2.0373901e+04; maximum gradient component mag   3.7806e+03
Var   Value    Gradient   |Var   Value    Gradient   |Var   Value    Gradient
  1 -0.71233  1.33358e+02 |  2 -0.61728  1.26314e+02 |  3  0.23957 -1.38716e+02
  4  0.20943  2.40990e+02 |  5  0.13487 -9.02731e+00 |  6  0.08809 -2.09417e+01
  7  0.06094  1.33277e+01 |  8  0.03706  2.19294e+00 |  9  0.01675  3.71245e+00
 10 -0.00202 -1.80220e+01 | 11 -0.01365  1.51533e+01 | 12 -0.02852 -7.77286e+00
 13 -0.04012 -3.26037e+01 | 14 -0.04117 -4.39884e+00 | 15 -0.04019  5.58105e+00
 16 -0.04015  3.23709e+00 | 17 -0.04036  1.75957e+00 | 18  0.08294 -9.54909e+02
 19 -0.00831 -1.74486e+02 | 20 -0.00236 -3.01946e+02 | 21 -0.00234  3.94299e+01
 22 -0.00419  2.70794e+01 | 23 -0.00313  1.03068e+02 | 24  0.00103 -2.95102e+02
 25 -0.00363 -2.79062e+02 | 26 -0.00202  6.10964e+01 | 27 -0.00191  3.30095e+01
 28  0.00279 -3.26508e+02 | 29 -0.00093  5.22842e+01 | 30  0.00159 -7.99662e+01
 31 -0.00046  1.37819e+02 | 32  0.00256  1.96899e+02 | 33  0.00590  4.81446e+02
 34  0.00599 -8.13891e+01 | 35  0.00822  1.37574e+02 | 36  0.00400 -7.80439e+01
 37  0.00870  1.43873e+02 | 38  0.00862 -8.48730e+01 | 39  0.00655 -2.61075e+01
 40  0.00909  7.49279e+01 | 41  0.00917 -8.04691e+01 | 42  0.00820  2.00419e+02
 43  0.01105  1.69416e+02 | 44  0.01002  7.01175e+01 | 45  0.01218  1.16059e+02
 46  0.00945 -3.47252e+02 | 47 -0.09542  6.25842e+02 | 48  0.14325  3.78061e+03
 49 -0.07643  2.39607e+02 | 50 -0.06523  3.96299e+02 | 51 -0.05283  3.55387e+02
 52 -0.04512  1.72168e+02 | 53 -0.04756  2.12091e+02 | 54 -0.04478  2.33790e+02
 55 -0.02808  3.68276e+02 | 56 -0.01446  3.17561e+02 | 57 -0.00739  2.42796e+02
 58 -0.00083  3.81561e+02 | 59  0.01036  3.57406e+02 | 60  0.01756  3.22210e+02
 61  0.02345  9.12937e+01 | 62  0.01889 -2.97348e+02 | 63  0.01436 -4.61190e+02
 64  0.01546 -2.04180e+02 | 65  0.01601 -9.16447e+01 | 66  0.01746 -7.01008e+01
 67  0.01535 -1.37760e+02 | 68  0.01764  6.87543e+01 | 69  0.02113  6.59311e+01
 70  0.02052 -2.25653e+02 | 71  0.02359  1.39288e+01 | 72  0.02712 -8.60273e+01
 73  0.02557 -3.37306e+02 | 74  0.02329 -5.22986e+02 | 75  0.02121  1.98455e+01
 76  0.02976  1.18601e+02 | 77  0.02562 -1.54593e+02 | 78 -0.65378  2.28260e+03
 79 -0.61076  5.52873e+01 |
2 0 20373.6
2 0 20372.6
2 0 20371.7
2 0 20371.7
2 0 20371.3
2 0 20370.6
2 0 20371.4
2 0 20370.3
2 0 20369.9
2 0 20369.2
2 0 20368
2 0 20365.7
2 0 20363
79 variables; iteration 80; function evaluation 104; phase 2
Function value   2.0363008e+04; maximum gradient component mag  -5.4865e+02
Var   Value    Gradient   |Var   Value    Gradient   |Var   Value    Gradient
  1 -0.70857  9.75802e+00 |  2 -0.63844  7.81563e+01 |  3  0.24003 -1.78479e+02
  4  0.21000  2.52138e+02 |  5  0.13433 -5.82485e+00 |  6  0.08622 -5.27353e+01
  7  0.06738  6.62978e+01 |  8  0.03728 -1.49922e+01 |  9  0.01619 -4.99556e+00
 10 -0.00063 -1.00866e+01 | 11 -0.01253  3.15314e+01 | 12 -0.03247 -5.02014e+01
 13 -0.03639  7.77323e+01 | 14 -0.06292 -3.67165e+01 | 15 -0.07793 -9.42385e+01
 16 -0.06393  6.38906e+01 | 17 -0.06888 -1.49474e+01 | 18  0.07972 -8.65166e+00
 19 -0.00799 -2.80040e+02 | 20 -0.00216 -1.32241e+02 | 21 -0.00262 -3.96685e+01
 22 -0.00431 -1.29764e+01 | 23 -0.00307  1.19978e+02 | 24  0.00147 -1.26386e+02
 25 -0.00296 -1.91205e+02 | 26 -0.00184  2.38788e+01 | 27 -0.00197 -1.50774e+01
 28  0.00280 -2.02031e+02 | 29 -0.00112 -5.96320e+01 | 30  0.00167 -8.64384e-01
 31 -0.00048  1.10694e+02 | 32  0.00241  1.94621e+02 | 33  0.00564  3.00379e+02
 34  0.00613  1.19364e+01 | 35  0.00794  1.09476e+02 | 36  0.00382 -5.98348e+01
 37  0.00839  1.03822e+02 | 38  0.00841 -7.35906e+01 | 39  0.00670  4.68445e+01
 40  0.00928  1.46679e+02 | 41  0.00904 -6.68481e+01 | 42  0.00788  1.28154e+02
 43  0.01072  1.20016e+02 | 44  0.01009  6.76984e+01 | 45  0.01234  1.79939e+02
 46  0.00925 -1.87498e+02 | 47 -0.09535  9.51090e+01 | 48  0.14322 -5.48649e+02
 49 -0.07639  3.05914e+02 | 50 -0.06560  2.66273e+02 | 51 -0.05330  1.76286e+02
 52 -0.04535  5.54156e+01 | 53 -0.04765  1.58967e+02 | 54 -0.04487  1.93712e+02
 55 -0.02816  2.88970e+02 | 56 -0.01473  1.97078e+02 | 57 -0.00751  1.26868e+02
 58 -0.00134  1.87567e+02 | 59  0.01006  1.99873e+02 | 60  0.01736  1.96267e+02
 61  0.02340  5.10692e+01 | 62  0.01877 -2.12387e+02 | 63  0.01481 -2.30064e+02
 64  0.01548 -1.37089e+02 | 65  0.01581 -1.04798e+02 | 66  0.01745 -4.86915e+01
 67  0.01512 -1.63882e+02 | 68  0.01729 -1.79167e+01 | 69  0.02134  1.01734e+02
 70  0.02073 -1.80496e+02 | 71  0.02324 -5.46730e+01 | 72  0.02720 -7.59813e+00
 73  0.02504 -3.99926e+02 | 74  0.02429 -2.13569e+02 | 75  0.02090 -1.32369e+02
 76  0.02900  1.67489e+02 | 77  0.02839  5.06676e+01 | 78 -0.65987  7.86438e+01
 79 -0.63849  1.62376e+02 |
2 0 20358.4
2 0 20353.1
2 0 20354.8
2 0 20352.3
2 0 20351.6
2 0 20351.3
2 0 20351.2
2 0 20351.1
2 0 20351.1
2 0 20351.1
2 0 20351
79 variables; iteration 90; function evaluation 115; phase 2
Function value   2.0351043e+04; maximum gradient component mag  -4.2003e+01
Var   Value    Gradient   |Var   Value    Gradient   |Var   Value    Gradient
  1 -0.68004 -5.37343e+00 |  2 -0.72246 -1.50173e+00 |  3  0.24716  1.17188e+00
  4  0.19862  9.59829e-01 |  5  0.13571  8.63654e-02 |  6  0.09318  1.15733e-01
  7  0.06460  7.77551e-02 |  8  0.04365  7.11729e-02 |  9  0.02751  3.18171e-02
 10  0.01474  3.12887e-03 | 11  0.00453 -6.35606e-03 | 12 -0.00362  1.06758e-01
 13 -0.01007 -1.37957e-02 | 14 -0.01502  8.53242e-02 | 15 -0.01864  5.00189e-02
 16 -0.02102 -5.24893e-02 | 17 -0.02220 -1.08329e-02 | 18  0.07827 -1.51386e+00
 19 -0.00503  2.54084e+00 | 20 -0.00193  1.50269e+00 | 21 -0.00254 -8.30846e-01
 22 -0.00436 -7.84528e-01 | 23 -0.00342 -3.96676e-01 | 24  0.00147  4.05052e-01
 25 -0.00264 -8.11389e-01 | 26 -0.00187  9.32714e-01 | 27 -0.00187  9.58255e-02
 28  0.00312  2.55748e-01 | 29 -0.00111  5.70816e-01 | 30  0.00129  1.03854e-01
 31 -0.00111  2.33713e-01 | 32  0.00181 -1.05232e+00 | 33  0.00517 -6.57817e-01
 34  0.00596 -1.39948e+00 | 35  0.00761 -8.03912e-03 | 36  0.00373 -3.93383e-01
 37  0.00822 -8.93032e-01 | 38  0.00840  1.03519e-01 | 39  0.00619 -8.71130e-02
 40  0.00884 -6.25691e-01 | 41  0.00901  4.56967e-01 | 42  0.00731 -4.70696e-02
 43  0.01052 -7.31114e-01 | 44  0.01009 -3.76442e-01 | 45  0.01199 -8.96865e-01
 46  0.00950  3.57036e+00 | 47 -0.09468 -2.36634e+00 | 48  0.14323  4.16484e+00
 49 -0.07666 -8.37521e-01 | 50 -0.06583 -1.92858e+00 | 51 -0.05334 -9.25128e-01
 52 -0.04530 -8.66927e-02 | 53 -0.04791  1.45574e-01 | 54 -0.04500  2.19329e-01
 55 -0.02847 -3.51697e-01 | 56 -0.01496 -7.89584e-01 | 57 -0.00738  1.02174e-01
 58 -0.00134 -1.51978e-01 | 59  0.01000 -7.81883e-01 | 60  0.01709 -8.81204e-01
 61  0.02318  5.01409e-01 | 62  0.01899  1.14519e+00 | 63  0.01520  6.14611e-01
 64  0.01562  3.81851e-01 | 65  0.01599  7.91726e-01 | 66  0.01748 -3.88609e-02
 67  0.01567 -7.47675e-03 | 68  0.01744  3.09642e-02 | 69  0.02085  3.14488e-01
 70  0.02131  7.47019e-02 | 71  0.02335  4.43497e-01 | 72  0.02684  3.34434e-01
 73  0.02603  9.80925e-01 | 74  0.02444  1.28706e+00 | 75  0.02114 -3.70497e+00
 76  0.02756 -7.90496e-01 | 77  0.02758 -2.22892e-01 | 78 -0.66539 -4.20027e+01
 79 -0.69628  5.77598e+00 |
2 0 20351
2 0 20351
2 0 20351
2 0 20351
2 0 20351
2 0 20351
2 0 20351
2 0 20351
2 0 20351
2 0 20351
2 0 20351
79 variables; iteration 100; function evaluation 126; phase 2
Function value   2.0351024e+04; maximum gradient component mag  -9.4857e-01
Var   Value    Gradient   |Var   Value    Gradient   |Var   Value    Gradient
  1 -0.67232 -9.48565e-01 |  2 -0.74968 -2.52883e-01 |  3  0.24700  3.15633e-01
  4  0.19845  1.90386e-01 |  5  0.13560  3.41476e-02 |  6  0.09310  1.23056e-03
  7  0.06454  3.21540e-02 |  8  0.04361  5.57094e-03 |  9  0.02748  4.32708e-03
 10  0.01472 -1.67733e-03 | 11  0.00452  1.38154e-02 | 12 -0.00364 -3.95144e-03
 13 -0.01007  2.41750e-02 | 14 -0.01502 -7.07959e-03 | 15 -0.01863 -1.90303e-02
 16 -0.02098  1.46196e-02 | 17 -0.02214 -5.70848e-03 | 18  0.07838  2.99887e-01
 19 -0.00515 -8.29685e-01 | 20 -0.00193  2.76227e-01 | 21 -0.00254  9.42167e-03
 22 -0.00436 -7.78229e-03 | 23 -0.00342  7.71886e-02 | 24  0.00147  1.70386e-02
 25 -0.00264 -8.18378e-02 | 26 -0.00186 -5.85467e-03 | 27 -0.00187  2.62477e-02
 28  0.00313 -3.68220e-02 | 29 -0.00111 -4.35432e-03 | 30  0.00129 -2.42171e-03
 31 -0.00111  4.34696e-02 | 32  0.00181  5.89186e-02 | 33  0.00517  1.48674e-01
 34  0.00597  6.88245e-03 | 35  0.00762  2.68062e-02 | 36  0.00374  1.43161e-02
 37  0.00822  4.04343e-02 | 38  0.00841  7.00106e-03 | 39  0.00620  2.38653e-02
 40  0.00884  4.15480e-02 | 41  0.00902  9.59233e-03 | 42  0.00732  3.99331e-02
 43  0.01053  3.10276e-02 | 44  0.01009  5.32942e-02 | 45  0.01200  6.39777e-02
 46  0.00950 -1.59033e-01 | 47 -0.09470  1.35455e-01 | 48  0.14323  3.47014e-02
 49 -0.07667  3.82151e-01 | 50 -0.06583  1.46986e-01 | 51 -0.05334  7.47830e-02
 52 -0.04530 -4.30369e-03 | 53 -0.04791 -1.07335e-04 | 54 -0.04500  5.09238e-02
 55 -0.02846  1.15971e-01 | 56 -0.01496  8.77443e-02 | 57 -0.00738  5.60878e-02
 58 -0.00134  4.74551e-02 | 59  0.01001  5.11537e-02 | 60  0.01709  4.89038e-02
 61  0.02318 -1.82531e-02 | 62  0.01898 -1.45762e-01 | 63  0.01520 -1.26838e-01
 64  0.01562 -8.33200e-02 | 65  0.01599 -7.15312e-02 | 66  0.01748 -8.68984e-02
 67  0.01567 -8.54243e-02 | 68  0.01744 -4.44645e-02 | 69  0.02085 -1.36869e-02
 70  0.02131 -6.89505e-02 | 71  0.02335 -5.28856e-02 | 72  0.02684 -3.29903e-02
 73  0.02603 -1.31742e-01 | 74  0.02444 -1.03980e-01 | 75  0.02115  5.86939e-02
 76  0.02758  5.63383e-02 | 77  0.02758  1.32591e-02 | 78 -0.66657 -9.26646e-01
 79 -0.71628  9.94477e-02 |
2 0 20351
2 0 20351
2 0 20351
2 0 20351
2 0 20351
2 0 20351
2 0 20351
2 0 20351
2 0 20351
2 0 20351
2 0 20351
2 0 20351
2 0 20351
2 0 20351
2 0 20351
79 variables; iteration 110; function evaluation 141; phase 2
Function value   2.0351023e+04; maximum gradient component mag   5.7176e+00
Var   Value    Gradient   |Var   Value    Gradient   |Var   Value    Gradient
  1 -0.67072  5.71761e+00 |  2 -0.75574  1.48223e+00 |  3  0.24700  5.39966e-02
  4  0.19845  4.32998e-02 |  5  0.13560  6.24385e-03 |  6  0.09309  2.95370e-04
  7  0.06453  5.58990e-03 |  8  0.04360  9.49118e-04 |  9  0.02748  3.94097e-04
 10  0.01472  4.80755e-04 | 11  0.00452  1.57350e-03 | 12 -0.00363 -5.91980e-04
 13 -0.01007  3.91319e-03 | 14 -0.01502 -1.80049e-03 | 15 -0.01861 -2.32381e-03
 16 -0.02097  2.27269e-03 | 17 -0.02213 -1.23526e-03 | 18  0.07838  2.93137e-01
 19 -0.00515 -2.02384e-01 | 20 -0.00194  5.15110e-02 | 21 -0.00254 -9.08367e-03
 22 -0.00436 -7.45555e-03 | 23 -0.00342  2.34605e-02 | 24  0.00147 -8.59605e-04
 25 -0.00264 -5.45711e-02 | 26 -0.00186 -2.72449e-02 | 27 -0.00187  4.90904e-04
 28  0.00313  3.75791e-03 | 29 -0.00111 -2.61186e-02 | 30  0.00129 -3.33330e-03
 31 -0.00111 -6.30680e-03 | 32  0.00181  3.91377e-02 | 33  0.00517  3.86622e-02
 34  0.00597  2.04090e-02 | 35  0.00762  2.61221e-02 | 36  0.00374  9.00648e-03
 37  0.00823  2.96303e-02 | 38  0.00841  1.56192e-02 | 39  0.00620  9.87199e-03
 40  0.00884  2.57826e-02 | 41  0.00902  2.39046e-02 | 42  0.00732  4.53251e-03
 43  0.01053  2.62981e-02 | 44  0.01009  3.84001e-02 | 45  0.01200  4.34030e-02
 46  0.00950 -2.38743e-02 | 47 -0.09470 -6.32234e-02 | 48  0.14323 -2.15111e+00
 49 -0.07667  1.15481e-01 | 50 -0.06583  5.78782e-02 | 51 -0.05334  4.01823e-02
 52 -0.04530 -7.34500e-03 | 53 -0.04791 -1.01245e-02 | 54 -0.04500  2.91772e-02
 55 -0.02846  5.82149e-02 | 56 -0.01496  4.11606e-02 | 57 -0.00739  8.34434e-03
 58 -0.00134  1.79842e-02 | 59  0.01001  2.57914e-02 | 60  0.01709  1.52180e-02
 61  0.02318 -2.65711e-02 | 62  0.01899 -4.96984e-02 | 63  0.01520 -4.64695e-02
 64  0.01562 -4.25424e-02 | 65  0.01599 -2.67852e-02 | 66  0.01748 -4.12447e-02
 67  0.01567 -4.12711e-02 | 68  0.01744 -2.37482e-02 | 69  0.02085 -2.39899e-02
 70  0.02131 -4.26344e-02 | 71  0.02335 -1.58639e-02 | 72  0.02684 -2.92975e-02
 73  0.02603 -6.13731e-02 | 74  0.02444 -5.62362e-02 | 75  0.02115 -1.42505e-02
 76  0.02758  5.91088e-02 | 77  0.02758  1.03573e-01 | 78 -0.66688 -5.66533e-01
 79 -0.72154  3.96209e-02 |
2 0 20351
2 0 20351
2 0 20351
2 0 20351
2 0 20351
2 0 20351
2 0 20351
2 0 20351
2 0 20351
2 0 20351
2 0 20351
2 0 20351
79 variables; iteration 120; function evaluation 153; phase 2
Function value   2.0351023e+04; maximum gradient component mag   2.8458e+00
Var   Value    Gradient   |Var   Value    Gradient   |Var   Value    Gradient
  1 -0.67005  2.84580e+00 |  2 -0.75837  7.28954e-01 |  3  0.24700  1.24985e-02
  4  0.19845  1.27305e-02 |  5  0.13560  1.62829e-03 |  6  0.09309 -6.13825e-06
  7  0.06453  1.66409e-03 |  8  0.04360  2.65821e-04 |  9  0.02748  1.47986e-05
 10  0.01472  2.08658e-04 | 11  0.00452  3.69007e-04 | 12 -0.00363 -1.56378e-04
 13 -0.01007  1.12918e-03 | 14 -0.01502 -6.27399e-04 | 15 -0.01861 -6.56655e-04
 16 -0.02097  5.58690e-04 | 17 -0.02213 -5.06282e-04 | 18  0.07838  1.39932e-01
 19 -0.00515 -6.54663e-02 | 20 -0.00193  1.68109e-02 | 21 -0.00254 -7.82018e-03
 22 -0.00436 -4.70704e-03 | 23 -0.00342  1.06145e-02 | 24  0.00147  3.42158e-03
 25 -0.00264 -2.39950e-02 | 26 -0.00186 -1.06437e-02 | 27 -0.00187  4.57890e-04
 28  0.00313  3.22506e-03 | 29 -0.00111 -1.02674e-02 | 30  0.00129 -2.09738e-03
 31 -0.00111 -2.24037e-03 | 32  0.00181  1.43352e-02 | 33  0.00517  1.60751e-02
 34  0.00597  7.14038e-03 | 35  0.00762  9.90559e-03 | 36  0.00374  4.10218e-03
 37  0.00822  1.13414e-02 | 38  0.00841  6.63495e-03 | 39  0.00620  2.76503e-03
 40  0.00884  8.71830e-03 | 41  0.00902  8.59145e-03 | 42  0.00732  6.63015e-04
 43  0.01053  9.97433e-03 | 44  0.01009  1.40473e-02 | 45  0.01200  1.58108e-02
 46  0.00950 -8.22880e-03 | 47 -0.09470 -3.19300e-02 | 48  0.14323 -8.09331e-01
 49 -0.07667  3.73711e-02 | 50 -0.06583  1.89909e-02 | 51 -0.05334  1.35880e-02
 52 -0.04530 -4.45228e-03 | 53 -0.04791 -4.23992e-03 | 54 -0.04500  1.17720e-02
 55 -0.02846  2.30072e-02 | 56 -0.01496  1.50413e-02 | 57 -0.00738  4.41978e-03
 58 -0.00134  6.62841e-03 | 59  0.01001  8.41337e-03 | 60  0.01709  3.54796e-03
 61  0.02318 -1.09007e-02 | 62  0.01899 -1.83813e-02 | 63  0.01520 -1.61710e-02
 64  0.01562 -1.54355e-02 | 65  0.01599 -1.03826e-02 | 66  0.01748 -1.68196e-02
 67  0.01567 -1.53555e-02 | 68  0.01744 -9.23742e-03 | 69  0.02085 -1.00499e-02
 70  0.02131 -1.47295e-02 | 71  0.02335 -6.66218e-03 | 72  0.02684 -1.16478e-02
 73  0.02603 -2.10154e-02 | 74  0.02444 -2.04088e-02 | 75  0.02115 -7.02632e-03
 76  0.02758  2.66190e-02 | 77  0.02758  3.84677e-02 | 78 -0.66702 -3.36797e-01
 79 -0.72408  2.15917e-02 |
2 0 20351
2 0 20351
2 0 20351
2 0 20351
2 0 20351
2 0 20351
2 0 20351
2 0 20351
2 0 20351
2 0 20351
2 0 20351
2 0 20351
2 0 20351
79 variables; iteration 130; function evaluation 166; phase 2
Function value   2.0351023e+04; maximum gradient component mag   1.5881e+00
Var   Value    Gradient   |Var   Value    Gradient   |Var   Value    Gradient
  1 -0.66963  1.58807e+00 |  2 -0.76000  4.03722e-01 |  3  0.24700  9.59713e-04
  4  0.19845 -1.55746e-04 |  5  0.13560 -8.50132e-05 |  6  0.09309 -7.40990e-05
  7  0.06453 -5.47309e-06 |  8  0.04360 -3.62313e-05 |  9  0.02748 -7.38695e-05
 10  0.01472  3.48761e-05 | 11  0.00452 -6.46628e-05 | 12 -0.00363 -1.15212e-05
 13 -0.01007  9.76900e-07 | 14 -0.01501 -6.32764e-05 | 15 -0.01861  2.61717e-05
 16 -0.02096 -2.74152e-05 | 17 -0.02213 -5.63370e-05 | 18  0.07838  2.23150e-02
 19 -0.00515 -5.35157e-03 | 20 -0.00193  3.67846e-04 | 21 -0.00254 -1.82205e-03
 22 -0.00436 -1.12096e-03 | 23 -0.00342  1.14750e-03 | 24  0.00147  1.47451e-04
 25 -0.00264 -4.71496e-03 | 26 -0.00186 -2.11709e-03 | 27 -0.00187 -4.79999e-05
 28  0.00313  1.02441e-03 | 29 -0.00111 -2.02953e-03 | 30  0.00129 -3.51524e-04
 31 -0.00111 -1.04961e-03 | 32  0.00181  2.37479e-03 | 33  0.00517  1.58097e-03
 34  0.00597  1.11436e-03 | 35  0.00762  2.01164e-03 | 36  0.00374  5.72092e-04
 37  0.00822  1.85030e-03 | 38  0.00841  1.40018e-03 | 39  0.00620  4.95641e-04
 40  0.00884  1.56661e-03 | 41  0.00902  2.25327e-03 | 42  0.00732 -1.81650e-04
 43  0.01053  1.84792e-03 | 44  0.01009  2.80638e-03 | 45  0.01200  2.89332e-03
 46  0.00950  8.73996e-04 | 47 -0.09470 -8.30529e-03 | 48  0.14323 -2.08471e-01
 49 -0.07667  4.32188e-03 | 50 -0.06583  2.73557e-03 | 51 -0.05334  2.71524e-03
 52 -0.04530 -5.45966e-04 | 53 -0.04791 -9.04276e-04 | 54 -0.04500  2.14242e-03
 55 -0.02846  4.20447e-03 | 56 -0.01496  2.50100e-03 | 57 -0.00738  4.16737e-04
 58 -0.00134  1.11768e-03 | 59  0.01001  1.73412e-03 | 60  0.01709  5.24717e-04
 61  0.02318 -1.96940e-03 | 62  0.01899 -2.44069e-03 | 63  0.01520 -2.57922e-03
 64  0.01562 -2.79564e-03 | 65  0.01599 -1.36041e-03 | 66  0.01748 -2.84732e-03
 67  0.01567 -2.90052e-03 | 68  0.01744 -1.67898e-03 | 69  0.02085 -2.10115e-03
 70  0.02131 -3.12818e-03 | 71  0.02335 -7.34169e-04 | 72  0.02684 -2.29246e-03
 73  0.02603 -3.73237e-03 | 74  0.02444 -3.46776e-03 | 75  0.02115 -3.45422e-03
 76  0.02758  4.72255e-03 | 77  0.02758  9.79216e-03 | 78 -0.66712 -6.27626e-02
 79 -0.72582  4.53189e-03 |
2 0 20351
2 0 20351
2 0 20351
2 0 20351
2 0 20351
2 0 20351
2 0 20351
2 0 20351
2 0 20351
2 0 20351
2 0 20351
2 0 20351
2 0 20351
79 variables; iteration 140; function evaluation 179; phase 2
Function value   2.0351023e+04; maximum gradient component mag   6.4074e+00
Var   Value    Gradient   |Var   Value    Gradient   |Var   Value    Gradient
  1 -0.66939  6.40741e+00 |  2 -0.76093  1.62185e+00 |  3  0.24700  3.95451e-03
  4  0.19845  2.95970e-04 |  5  0.13560 -1.38636e-04 |  6  0.09309 -1.45629e-04
  7  0.06453 -2.58838e-05 |  8  0.04360 -7.19210e-05 |  9  0.02748 -8.66664e-05
 10  0.01472 -2.03216e-05 | 11  0.00452 -5.51140e-05 | 12 -0.00363 -4.52632e-05
 13 -0.01007  9.87620e-06 | 14 -0.01501 -8.06050e-05 | 15 -0.01861 -3.84099e-05
 16 -0.02096 -1.87893e-05 | 17 -0.02213 -7.01024e-05 | 18  0.07838 -1.55969e-02
 19 -0.00515 -5.48205e-03 | 20 -0.00193  8.79532e-04 | 21 -0.00254 -4.47919e-04
 22 -0.00436 -9.89603e-04 | 23 -0.00342 -6.76472e-04 | 24  0.00147 -1.05168e-03
 25 -0.00264 -2.05875e-03 | 26 -0.00186 -7.41688e-04 | 27 -0.00187  6.11203e-04
 28  0.00313  8.18288e-04 | 29 -0.00111  1.29458e-04 | 30  0.00129 -3.35115e-04
 31 -0.00111 -1.11533e-03 | 32  0.00181  1.03137e-04 | 33  0.00517 -1.05640e-03
 34  0.00597 -2.07376e-04 | 35  0.00762  8.77197e-04 | 36  0.00374 -3.85198e-05
 37  0.00822  1.61039e-05 | 38  0.00841  7.52905e-04 | 39  0.00620  7.51928e-04
 40  0.00884  8.87089e-04 | 41  0.00902  2.92501e-03 | 42  0.00732  4.22972e-05
 43  0.01053  6.38733e-04 | 44  0.01009  2.44575e-03 | 45  0.01200  1.92914e-03
 46  0.00950  1.11490e-03 | 47 -0.09470 -1.25831e-03 | 48  0.14323 -2.42833e-01
 49 -0.07667  3.28497e-03 | 50 -0.06583  1.71553e-03 | 51 -0.05334  3.37235e-03
 52 -0.04530  1.29785e-03 | 53 -0.04791 -1.04580e-03 | 54 -0.04500  2.67324e-05
 55 -0.02846  3.52467e-03 | 56 -0.01496  1.78624e-03 | 57 -0.00738  3.87508e-04
 58 -0.00134 -7.96961e-05 | 59  0.01001  2.57160e-03 | 60  0.01709  1.17258e-03
 61  0.02318 -4.71003e-04 | 62  0.01899 -1.21471e-03 | 63  0.01520 -2.87262e-03
 64  0.01562 -2.45603e-03 | 65  0.01599 -7.73311e-04 | 66  0.01748 -1.77937e-03
 67  0.01567 -3.08318e-03 | 68  0.01744 -1.72635e-03 | 69  0.02085 -1.38954e-03
 70  0.02131 -3.80506e-03 | 71  0.02335  2.51416e-04 | 72  0.02684 -1.63078e-03
 73  0.02603 -3.97092e-03 | 74  0.02444 -2.54926e-03 | 75  0.02115 -3.13324e-03
 76  0.02758 -2.68961e-05 | 77  0.02758  1.14345e-02 | 78 -0.66718  1.99823e-01
 79 -0.72688 -1.08547e-02 |
2 0 20351
2 0 20351
2 0 20351
2 0 20351
2 0 20351
2 0 20351
2 0 20351
2 0 20351
2 0 20351
2 0 20351
2 0 20351
2 0 20351
79 variables; iteration 150; function evaluation 191; phase 2
Function value   2.0351023e+04; maximum gradient component mag  -1.0321e+00
Var   Value    Gradient   |Var   Value    Gradient   |Var   Value    Gradient
  1 -0.66927 -1.03210e+00 |  2 -0.76142 -2.60660e-01 |  3  0.24700  8.23066e-05
  4  0.19845  3.01868e-04 |  5  0.13560  8.06918e-05 |  6  0.09309  1.99534e-05
  7  0.06453  6.76265e-05 |  8  0.04360  1.89550e-05 |  9  0.02748  4.70831e-06
 10  0.01472  1.99785e-05 | 11  0.00452  1.40667e-05 | 12 -0.00363  3.06392e-06
 13 -0.01007  4.21922e-05 | 14 -0.01501 -1.67008e-05 | 15 -0.01861 -1.14008e-05
 16 -0.02096  2.02927e-05 | 17 -0.02213 -1.46025e-05 | 18  0.07838  1.07736e-02
 19 -0.00515 -2.16915e-03 | 20 -0.00193  6.38094e-04 | 21 -0.00254 -5.32064e-04
 22 -0.00436 -1.62740e-04 | 23 -0.00342  7.40003e-04 | 24  0.00147  3.97842e-04
 25 -0.00264 -1.22306e-03 | 26 -0.00186 -5.20571e-04 | 27 -0.00187 -1.88656e-05
 28  0.00313  1.54883e-04 | 29 -0.00111 -6.60465e-04 | 30  0.00129 -7.05942e-05
 31 -0.00111  2.21679e-05 | 32  0.00181  7.22044e-04 | 33  0.00517  9.01909e-04
 34  0.00597  3.75312e-04 | 35  0.00762  4.24559e-04 | 36  0.00374  2.73514e-04
 37  0.00822  5.88569e-04 | 38  0.00841  2.96824e-04 | 39  0.00620  1.83340e-05
 40  0.00884  3.26907e-04 | 41  0.00902  5.21009e-05 | 42  0.00732 -1.69413e-05
 43  0.01053  4.59110e-04 | 44  0.01009  3.88492e-04 | 45  0.01200  5.65078e-04
 46  0.00950 -1.20664e-04 | 47 -0.09470 -2.12383e-03 | 48  0.14323 -8.86288e-03
 49 -0.07667  1.32743e-03 | 50 -0.06583  6.64251e-04 | 51 -0.05334  1.83089e-04
 52 -0.04530 -5.37880e-04 | 53 -0.04791 -1.07081e-04 | 54 -0.04500  7.80346e-04
 55 -0.02846  7.62440e-04 | 56 -0.01496  5.61043e-04 | 57 -0.00738  1.14060e-04
 58 -0.00134  3.99854e-04 | 59  0.01001 -2.68541e-05 | 60  0.01709 -6.30131e-05
 61  0.02318 -5.36569e-04 | 62  0.01899 -6.84015e-04 | 63  0.01520 -3.06064e-04
 64  0.01562 -4.31826e-04 | 65  0.01599 -3.65223e-04 | 66  0.01748 -6.96644e-04
 67  0.01567 -3.53902e-04 | 68  0.01744 -2.28366e-04 | 69  0.02085 -4.04256e-04
 70  0.02131 -2.08173e-04 | 71  0.02335 -3.89088e-04 | 72  0.02684 -4.21070e-04
 73  0.02603 -4.52513e-04 | 74  0.02444 -6.65201e-04 | 75  0.02115 -3.79442e-04
 76  0.02758  1.49173e-03 | 77  0.02758  4.22960e-04 | 78 -0.66722 -3.77884e-02
 79 -0.72749  2.52724e-03 |
2 0 20351
2 0 20351
2 0 20351
2 0 20351
2 0 20351
2 0 20351
2 0 20351
2 0 20351
2 0 20351
2 0 20351
2 0 20351
2 0 20351
2 0 20351
2 0 20351
79 variables; iteration 160; function evaluation 205; phase 2
Function value   2.0351023e+04; maximum gradient component mag   3.9179e+00
Var   Value    Gradient   |Var   Value    Gradient   |Var   Value    Gradient
  1 -0.66918  3.91794e+00 |  2 -0.76177  9.87843e-01 |  3  0.24700  2.05220e-03
  4  0.19845  3.97777e-04 |  5  0.13560  3.83311e-05 |  6  0.09309 -1.59543e-05
  7  0.06453  3.92448e-05 |  8  0.04360 -2.71489e-06 |  9  0.02748 -6.34608e-06
 10  0.01472 -3.19118e-06 | 11  0.00452  1.03329e-05 | 12 -0.00363 -1.27264e-05
 13 -0.01007  3.45939e-05 | 14 -0.01501 -2.11647e-05 | 15 -0.01861 -2.90953e-05
 16 -0.02096  1.94113e-05 | 17 -0.02213 -1.58064e-05 | 18  0.07838 -1.96091e-02
 19 -0.00515 -1.03303e-03 | 20 -0.00193  9.40229e-04 | 21 -0.00254  6.59611e-04
 22 -0.00436  1.35425e-04 | 23 -0.00342 -6.48201e-04 | 24  0.00147 -3.63367e-04
 25 -0.00264  1.37126e-03 | 26 -0.00186  7.35166e-04 | 27 -0.00187  4.72252e-04
 28  0.00313  1.64468e-05 | 29 -0.00111  1.05571e-03 | 30  0.00129  5.65120e-05
 31 -0.00111  6.53449e-05 | 32  0.00181 -1.32751e-03 | 33  0.00517 -1.44886e-03
 34  0.00597 -6.93691e-04 | 35  0.00762 -7.47300e-04 | 36  0.00374 -1.70847e-04
 37  0.00822 -1.05245e-03 | 38  0.00841 -3.32982e-04 | 39  0.00620  9.90258e-05
 40  0.00884 -4.60556e-04 | 41  0.00902  1.32666e-04 | 42  0.00732  8.93389e-05
 43  0.01053 -7.70341e-04 | 44  0.01009 -3.97545e-04 | 45  0.01200 -7.39291e-04
 46  0.00950  7.24020e-05 | 47 -0.09470  4.14803e-03 | 48  0.14323  7.14814e-03
 49 -0.07667 -3.17965e-04 | 50 -0.06583 -6.43923e-04 | 51 -0.05334  5.48865e-05
 52 -0.04530  6.79924e-04 | 53 -0.04791 -1.29980e-04 | 54 -0.04500 -1.02181e-03
 55 -0.02846 -5.21277e-04 | 56 -0.01496 -4.21304e-04 | 57 -0.00738 -1.54233e-04
 58 -0.00134 -7.13802e-04 | 59  0.01001  7.38012e-05 | 60  0.01709  1.67094e-04
 61  0.02318  8.21176e-04 | 62  0.01899  7.88604e-04 | 63  0.01520  1.98178e-04
 64  0.01562  3.92173e-04 | 65  0.01599  3.79967e-04 | 66  0.01748  5.55287e-04
 67  0.01567  1.32147e-04 | 68  0.01744  5.30359e-05 | 69  0.02085  3.84384e-04
 70  0.02131 -5.74741e-05 | 71  0.02335  4.01161e-04 | 72  0.02684  4.41119e-04
 73  0.02603  2.62343e-04 | 74  0.02444  7.39449e-04 | 75  0.02115  3.93397e-04
 76  0.02758 -2.67333e-03 | 77  0.02758 -3.25681e-04 | 78 -0.66724  2.12781e-01
 79 -0.72796 -1.17950e-02 |
2 0 20351
2 0 20351
2 0 20351
2 0 20351
2 0 20351
2 0 20351
2 0 20351
2 0 20351
2 0 20351
2 0 20351
2 0 20351
2 0 20351
2 0 20351
2 0 20351
79 variables; iteration 170; function evaluation 219; phase 2
Function value   2.0351023e+04; maximum gradient component mag   7.2679e+00
Var   Value    Gradient   |Var   Value    Gradient   |Var   Value    Gradient
  1 -0.66912  7.26793e+00 |  2 -0.76201  1.83044e+00 |  3  0.24700  1.08226e-03
  4  0.19845  6.30142e-05 |  5  0.13560 -2.44984e-06 |  6  0.09309 -1.68286e-05
  7  0.06453  3.79558e-06 |  8  0.04360 -8.77159e-06 |  9  0.02748 -1.08228e-05
 10  0.01472 -3.43875e-06 | 11  0.00452 -4.31481e-06 | 12 -0.00363 -6.28339e-06
 13 -0.01007  7.28946e-06 | 14 -0.01501 -1.18458e-05 | 15 -0.01861 -9.34615e-06
 16 -0.02096  8.94988e-07 | 17 -0.02213 -1.06500e-05 | 18  0.07838 -6.00428e-03
 19 -0.00515 -9.12210e-04 | 20 -0.00193  3.21819e-04 | 21 -0.00254  8.07164e-05
 22 -0.00436 -9.61425e-05 | 23 -0.00342 -2.14824e-04 | 24  0.00147 -2.13167e-04
 25 -0.00264 -1.10013e-05 | 26 -0.00186  5.63299e-05 | 27 -0.00187  1.83050e-04
 28  0.00313  1.06352e-04 | 29 -0.00111  2.14084e-04 | 30  0.00129 -1.55664e-05
 31 -0.00111 -1.25635e-04 | 32  0.00181 -2.55211e-04 | 33  0.00517 -4.61179e-04
 34  0.00597 -1.84814e-04 | 35  0.00762 -3.76973e-05 | 36  0.00374 -4.26124e-05
 37  0.00822 -2.23413e-04 | 38  0.00841  3.03584e-05 | 39  0.00620  1.20304e-04
 40  0.00884  2.43450e-05 | 41  0.00902  4.02073e-04 | 42  0.00732  2.35392e-05
 43  0.01053 -7.66467e-05 | 44  0.01009  2.21224e-04 | 45  0.01200  8.18293e-05
 46  0.00950  2.89316e-04 | 47 -0.09470  6.25462e-04 | 48  0.14323 -2.84701e-02
 49 -0.07667  3.88537e-04 | 50 -0.06583  8.52573e-05 | 51 -0.05334  4.30404e-04
 52 -0.04530  2.92453e-04 | 53 -0.04791 -1.64108e-04 | 54 -0.04500 -1.75302e-04
 55 -0.02846  3.34043e-04 | 56 -0.01496  1.34640e-04 | 57 -0.00738 -2.37883e-06
 58 -0.00134 -1.36540e-04 | 59  0.01001  3.27050e-04 | 60  0.01709  1.77570e-04
 61  0.02318  1.15629e-04 | 62  0.01899  3.57761e-05 | 63  0.01520 -2.98923e-04
 64  0.01562 -2.21441e-04 | 65  0.01599  1.29907e-05 | 66  0.01748 -1.10684e-04
 67  0.01567 -3.56426e-04 | 68  0.01744 -1.93967e-04 | 69  0.02085 -1.01855e-04
 70  0.02131 -4.95421e-04 | 71  0.02335  1.24569e-04 | 72  0.02684 -1.13950e-04
 73  0.02603 -4.31195e-04 | 74  0.02444 -1.42715e-04 | 75  0.02115 -4.29186e-04
 76  0.02758 -5.91280e-04 | 77  0.02758  1.34797e-03 | 78 -0.66726  6.77463e-02
 79 -0.72830 -3.60739e-03 |
2 0 20351
2 0 20351
2 0 20351
2 0 20351
2 0 20351
2 0 20351
2 0 20351
2 0 20351
2 0 20351
2 0 20351
2 0 20351
2 0 20351
2 0 20351
79 variables; iteration 180; function evaluation 232; phase 2
Function value   2.0351023e+04; maximum gradient component mag  -1.5266e+01
Var   Value    Gradient   |Var   Value    Gradient   |Var   Value    Gradient
  1 -0.66910 -1.52661e+01 |  2 -0.76211 -3.84299e+00 |  3  0.24700 -3.03191e-04
  4  0.19845 -1.35961e-05 |  5  0.13560  4.03740e-05 |  6  0.09309  2.19265e-05
  7  0.06453  2.22648e-05 |  8  0.04360  1.24396e-05 |  9  0.02748  7.78821e-06
 10  0.01472  1.07086e-05 | 11  0.00452  7.04392e-06 | 12 -0.00363  7.17959e-06
 13 -0.01007  1.11695e-05 | 14 -0.01501  2.65498e-06 | 15 -0.01861  4.07886e-06
 16 -0.02096  6.16280e-06 | 17 -0.02213  1.40509e-06 | 18  0.07838  7.42886e-03
 19 -0.00515 -3.93046e-04 | 20 -0.00193  1.17244e-04 | 21 -0.00254 -2.70414e-04
 22 -0.00436 -2.07926e-05 | 23 -0.00342  4.19022e-04 | 24  0.00147  2.72841e-04
 25 -0.00264 -5.54072e-04 | 26 -0.00186 -2.42857e-04 | 27 -0.00187 -8.53849e-05
 28  0.00313  1.55013e-05 | 29 -0.00111 -4.05099e-04 | 30  0.00129 -8.88405e-07
 31 -0.00111  7.23942e-05 | 32  0.00181  4.19318e-04 | 33  0.00517  5.50787e-04
 34  0.00597  2.21778e-04 | 35  0.00762  1.97603e-04 | 36  0.00374  1.35697e-04
 37  0.00822  3.37409e-04 | 38  0.00841  1.16528e-04 | 39  0.00620 -4.89637e-05
 40  0.00884  1.26006e-04 | 41  0.00902 -1.71680e-04 | 42  0.00732 -2.37063e-05
 43  0.01053  2.22314e-04 | 44  0.01009  3.54578e-05 | 45  0.01200  1.69237e-04
 46  0.00950 -1.28806e-07 | 47 -0.09470 -1.29441e-03 | 48  0.14323  1.16021e-02
 49 -0.07667  3.72103e-04 | 50 -0.06583  2.15184e-04 | 51 -0.05334 -1.57391e-04
 52 -0.04530 -3.89649e-04 | 53 -0.04791  2.68884e-05 | 54 -0.04500  4.52890e-04
 55 -0.02846  1.37354e-04 | 56 -0.01496  1.51632e-04 | 57 -0.00738  1.80270e-05
 58 -0.00134  2.58623e-04 | 59  0.01001 -2.01432e-04 | 60  0.01709 -1.30641e-04
 61  0.02318 -2.67637e-04 | 62  0.01899 -2.51005e-04 | 63  0.01520  6.60988e-05
 64  0.01562 -4.94052e-05 | 65  0.01599 -1.09000e-04 | 66  0.01748 -2.31777e-04
 67  0.01567  4.34389e-05 | 68  0.01744  2.03663e-05 | 69  0.02085 -1.26022e-04
 70  0.02131  1.63281e-04 | 71  0.02335 -2.08078e-04 | 72  0.02684 -1.13309e-04
 73  0.02603  6.72573e-05 | 74  0.02444 -1.54387e-04 | 75  0.02115 -1.11620e-04
 76  0.02758  8.61691e-04 | 77  0.02758 -5.42932e-04 | 78 -0.66727 -4.92220e-02
 79 -0.72846  3.00423e-03 |
2 0 20351
2 0 20351
2 0 20351
2 0 20351
2 0 20351
2 0 20351
2 0 20351
2 0 20351
2 0 20351
2 0 20351
2 0 20351
2 0 20351
2 0 20351
2 0 20351
2 0 20351
2 0 20351
2 0 20351
79 variables; iteration 190; function evaluation 249; phase 2
Function value   2.0351023e+04; maximum gradient component mag   4.7577e+01
Var   Value    Gradient   |Var   Value    Gradient   |Var   Value    Gradient
  1 -0.66908  4.75773e+01 |  2 -0.76217  1.19734e+01 |  3  0.24700  6.17813e-04
  4  0.19845  1.49851e-05 |  5  0.13560 -1.34133e-06 |  6  0.09309 -8.54543e-06
  7  0.06453  9.96807e-07 |  8  0.04360 -5.28454e-06 |  9  0.02748 -8.72145e-06
 10  0.01472  2.05511e-06 | 11  0.00452 -6.52771e-06 | 12 -0.00363 -2.41336e-06
 13 -0.01007  2.05893e-06 | 14 -0.01501 -8.48632e-06 | 15 -0.01861  1.20329e-06
 16 -0.02096 -7.75773e-07 | 17 -0.02213 -6.36696e-06 | 18  0.07838 -1.97616e-03
 19 -0.00515 -6.81773e-04 | 20 -0.00193  1.84907e-04 | 21 -0.00254 -2.01799e-05
 22 -0.00436 -9.24864e-05 | 23 -0.00342 -6.62550e-05 | 24  0.00147 -7.35332e-05
 25 -0.00264 -1.98871e-04 | 26 -0.00186 -8.62487e-05 | 27 -0.00187  5.71406e-05
 28  0.00313  9.92959e-05 | 29 -0.00111 -1.54557e-05 | 30  0.00129 -5.93011e-06
 31 -0.00111 -1.35815e-04 | 32  0.00181  1.85249e-05 | 33  0.00517 -1.37118e-04
 34  0.00597 -1.25618e-05 | 35  0.00762  8.02132e-05 | 36  0.00374  2.20817e-06
 37  0.00822 -1.18244e-05 | 38  0.00841  9.31932e-05 | 39  0.00620  8.58609e-05
 40  0.00884  8.66961e-05 | 41  0.00902  3.13084e-04 | 42  0.00732 -1.08728e-05
 43  0.01053  3.90611e-05 | 44  0.01009  2.42194e-04 | 45  0.01200  1.37136e-04
 46  0.00950  7.85045e-05 | 47 -0.09470  2.88990e-05 | 48  0.14323 -2.29889e-02
 49 -0.07667  3.99957e-04 | 50 -0.06583  1.60331e-04 | 51 -0.05334  3.35198e-04
 52 -0.04530  1.29027e-04 | 53 -0.04791 -1.41117e-04 | 54 -0.04500 -3.99335e-05
 55 -0.02846  3.37526e-04 | 56 -0.01496  1.58936e-04 | 57 -0.00738  1.04307e-05
 58 -0.00134 -3.15683e-05 | 59  0.01001  2.51422e-04 | 60  0.01709  1.04511e-04
 61  0.02318 -4.88935e-05 | 62  0.01899 -9.49228e-05 | 63  0.01520 -2.52851e-04
 64  0.01562 -2.31643e-04 | 65  0.01599 -4.46212e-05 | 66  0.01748 -1.64266e-04
 67  0.01567 -2.92081e-04 | 68  0.01744 -1.72664e-04 | 69  0.02085 -1.51047e-04
 70  0.02131 -3.88454e-04 | 71  0.02335  2.29907e-05 | 72  0.02684 -1.56026e-04
 73  0.02603 -3.51098e-04 | 74  0.02444 -1.95526e-04 | 75  0.02115 -2.38461e-04
 76  0.02758 -5.57166e-05 | 77  0.02758  1.08936e-03 | 78 -0.66728  3.13352e-02
 79 -0.72856 -1.57491e-03 |
2 0 20351
2 0 20351
2 0 20351
2 0 20351
2 0 20351
2 0 20351
2 0 29023.6
2 0 20351
2 0 20351
2 0 20351
2 0 20351
2 0 20351
2 0 20351
2 0 20351
2 0 20351
2 0 20351
2 0 20351
2 0 20351
2 0 20351
2 0 20351
2 0 20351
2 0 20351
2 0 20351
2 0 20351
2 0 20351
2 0 20351
2 0 20351
2 0 20351
2 0 20351
2 0 20351
2 0 20351
2 0 20351
2 0 20351
2 0 20351
2 0 20351
2 0 20351
2 0 20351
  ic > imax  in fminim is answer attained ?
Var   Value    Gradient   |Var   Value    Gradient   |Var   Value    Gradient
  1 -0.66908  4.49086e+01 |  2 -0.76218  1.13013e+01 |  3  0.24700  8.20175e-05
  4  0.19845  2.00644e-04 |  5  0.13560  2.83409e-05 |  6  0.09309  2.92228e-06
  7  0.06453  2.82842e-05 |  8  0.04360  5.04464e-06 |  9  0.02748 -5.83615e-06
 10  0.01472  1.58226e-05 | 11  0.00452 -3.46435e-06 | 12 -0.00363 -1.82541e-07
 13 -0.01007  1.56078e-05 | 14 -0.01501 -1.59372e-05 | 15 -0.01861  5.44075e-06
 16 -0.02096  7.61859e-06 | 17 -0.02213 -9.38068e-06 | 18  0.07838  6.03671e-03
 19 -0.00515 -1.46348e-03 | 20 -0.00193  2.85102e-04 | 21 -0.00254 -2.73633e-04
 22 -0.00436 -1.41208e-04 | 23 -0.00342  3.37238e-04 | 24  0.00147  1.87657e-04
 25 -0.00264 -8.04708e-04 | 26 -0.00186 -4.56143e-04 | 27 -0.00187 -1.12342e-04
 28  0.00313  1.52398e-04 | 29 -0.00111 -5.09546e-04 | 30  0.00129 -2.22482e-05
 31 -0.00111 -1.79144e-04 | 32  0.00181  6.29523e-04 | 33  0.00517  5.76210e-04
 34  0.00597  3.66297e-04 | 35  0.00762  3.89048e-04 | 36  0.00374  1.44597e-04
 37  0.00822  4.69229e-04 | 38  0.00841  2.79223e-04 | 39  0.00620  7.57781e-05
 40  0.00884  3.03715e-04 | 41  0.00902  2.85718e-04 | 42  0.00732 -4.80393e-05
 43  0.01053  3.52913e-04 | 44  0.01009  4.71986e-04 | 45  0.01200  4.49396e-04
 46  0.00950 -4.36231e-04 | 47 -0.09470 -1.23647e-03 | 48  0.14323 -2.52354e-02
 49 -0.07667  1.00465e-03 | 50 -0.06583  5.64728e-04 | 51 -0.05334  3.80987e-04
 52 -0.04530 -1.99571e-04 | 53 -0.04791 -1.66515e-04 | 54 -0.04500  3.34232e-04
 55 -0.02846  6.72171e-04 | 56 -0.01496  4.25494e-04 | 57 -0.00738  8.10576e-05
 58 -0.00134  2.01130e-04 | 59  0.01001  2.39835e-04 | 60  0.01709  4.45997e-05
 61  0.02318 -4.55554e-04 | 62  0.01899 -5.64574e-04 | 63  0.01520 -4.07639e-04
 64  0.01562 -4.66300e-04 | 65  0.01599 -2.97670e-04 | 66  0.01748 -4.92881e-04
 67  0.01567 -4.08589e-04 | 68  0.01744 -2.77308e-04 | 69  0.02085 -3.69165e-04
 70  0.02131 -4.27734e-04 | 71  0.02335 -2.43432e-04 | 72  0.02684 -3.87021e-04
 73  0.02603 -5.37394e-04 | 74  0.02444 -5.83354e-04 | 75  0.02115  2.08131e-05
 76  0.02758  1.13121e-03 | 77  0.02758  1.19733e-03 | 78 -0.66728 -1.32014e-02
 79 -0.72858  9.46997e-04 |
Function minimizer not making progress ... is minimum attained?
Minimprove criterion =   0.0000e+00

 - final statistics:
79 variables; iteration 194; function evaluation 285
Function value   2.0351e+04; maximum gradient component mag   4.4909e+01
Exit code = 1;  converg criter   1.0000e-03
Var   Value    Gradient   |Var   Value    Gradient   |Var   Value    Gradient
  1 -0.66908  4.49086e+01 |  2 -0.76218  1.13013e+01 |  3  0.24700  8.20175e-05
  4  0.19845  2.00644e-04 |  5  0.13560  2.83409e-05 |  6  0.09309  2.92228e-06
  7  0.06453  2.82842e-05 |  8  0.04360  5.04464e-06 |  9  0.02748 -5.83615e-06
 10  0.01472  1.58226e-05 | 11  0.00452 -3.46435e-06 | 12 -0.00363 -1.82541e-07
 13 -0.01007  1.56078e-05 | 14 -0.01501 -1.59372e-05 | 15 -0.01861  5.44075e-06
 16 -0.02096  7.61859e-06 | 17 -0.02213 -9.38068e-06 | 18  0.07838  6.03671e-03
 19 -0.00515 -1.46348e-03 | 20 -0.00193  2.85102e-04 | 21 -0.00254 -2.73633e-04
 22 -0.00436 -1.41208e-04 | 23 -0.00342  3.37238e-04 | 24  0.00147  1.87657e-04
 25 -0.00264 -8.04708e-04 | 26 -0.00186 -4.56143e-04 | 27 -0.00187 -1.12342e-04
 28  0.00313  1.52398e-04 | 29 -0.00111 -5.09546e-04 | 30  0.00129 -2.22482e-05
 31 -0.00111 -1.79144e-04 | 32  0.00181  6.29523e-04 | 33  0.00517  5.76210e-04
 34  0.00597  3.66297e-04 | 35  0.00762  3.89048e-04 | 36  0.00374  1.44597e-04
 37  0.00822  4.69229e-04 | 38  0.00841  2.79223e-04 | 39  0.00620  7.57781e-05
 40  0.00884  3.03715e-04 | 41  0.00902  2.85718e-04 | 42  0.00732 -4.80393e-05
 43  0.01053  3.52913e-04 | 44  0.01009  4.71986e-04 | 45  0.01200  4.49396e-04
 46  0.00950 -4.36231e-04 | 47 -0.09470 -1.23647e-03 | 48  0.14323 -2.52354e-02
 49 -0.07667  1.00465e-03 | 50 -0.06583  5.64728e-04 | 51 -0.05334  3.80987e-04
 52 -0.04530 -1.99571e-04 | 53 -0.04791 -1.66515e-04 | 54 -0.04500  3.34232e-04
 55 -0.02846  6.72171e-04 | 56 -0.01496  4.25494e-04 | 57 -0.00738  8.10576e-05
 58 -0.00134  2.01130e-04 | 59  0.01001  2.39835e-04 | 60  0.01709  4.45997e-05
 61  0.02318 -4.55554e-04 | 62  0.01899 -5.64574e-04 | 63  0.01520 -4.07639e-04
 64  0.01562 -4.66300e-04 | 65  0.01599 -2.97670e-04 | 66  0.01748 -4.92881e-04
 67  0.01567 -4.08589e-04 | 68  0.01744 -2.77308e-04 | 69  0.02085 -3.69165e-04
 70  0.02131 -4.27734e-04 | 71  0.02335 -2.43432e-04 | 72  0.02684 -3.87021e-04
 73  0.02603 -5.37394e-04 | 74  0.02444 -5.83354e-04 | 75  0.02115  2.08131e-05
 76  0.02758  1.13121e-03 | 77  0.02758  1.19733e-03 | 78 -0.66728 -1.32014e-02
 79 -0.72858  9.46997e-04 |
2 0 20351
B0234224
0.3 0.256804
0.220118 0.331932
0.208755 0.345754
0.206222 0.34897
0.205615 0.349748
0.205467 0.349938
0.205431 0.349985
0.205422 0.349996
0.20542 0.349999
0.20542 0.35
0.20542 0.35
0.20542 0.35
0.20542 0.35
0.20542 0.35
0.20542 0.35
0.20542 0.35
0.20542 0.35
0.20542 0.35
0.20542 0.35
0.20542 0.35
0.20542 0.35
FutMOrt0.0831254
FutMOrt0.0831254
FutMOrt0.0831254
FutMOrt0.0831254
FutMOrt0.0831254
FutMOrt0.0831254
FutMOrt0.0831254
FutMOrt0.0831254
FutMOrt0.0831254
FutMOrt0.0831254
Survey Bio35.1961
Survey len10126.2
CPUE114.062
Catch9.86896
Catch len10013.8
initsmo_penal15.6973
F_pen32.5383
Rec_pen3.66849
M_pen0


Starting time: Fri Oct  5 17:55:52 2018
Finishing time: Fri Oct  5 17:55:58 2018
This run took: 0 hours, 0 minutes, 6 seconds.

