survYears 71 72 73 74 75 76 77 78 79 80 81 82 83 84 85 86 87 88 89 90 91 92 93 94 95 96 97 98
SurvLenYear 71 72 73 74 75 76 77 78 79 80 81 82 83 84 85 86 87 88 89 90 91 92 93 94 95 96 97 98
catchBiomass 5112.78 4955.52 6354.57 5295.27 5671.22 10406 10348.5 13277.4 17892.8 32578.5 48550 55831.5 74014.6 100628 114257 95166.2 81540 76223.4 84774.6 83025.4 85512.6 88803.9 94542.8 95930.7 107366 118141 125354 109081
steep0.999
25
Out
1 0 34124.7

Initial statistics: 74 variables; iteration 0; function evaluation 0; phase 1
Function value   3.4124699e+04; maximum gradient component mag   6.9994e+04
Var   Value    Gradient   |Var   Value    Gradient   |Var   Value    Gradient
  1  0.26710  3.81560e+03 |  2  0.26050  4.78705e+03 |  3  0.23017  3.29605e+03
  4  0.20104  2.03347e+03 |  5  0.19125  1.93038e+03 |  6  0.16748  1.15904e+03
  7  0.15743  1.08909e+03 |  8  0.12218  3.68338e+02 |  9  0.11906  4.66440e+02
 10  0.11055  4.33448e+02 | 11  0.08434  1.75857e+02 | 12  0.06803  1.47921e+02
 13  0.05044  7.95830e+01 | 14  0.03779 -9.35541e+01 | 15  0.07495  2.92709e+02
 16 -0.00744 -8.41853e+03 | 17  0.00000 -2.09245e+04 | 18  0.00000 -6.81780e+02
 19  0.00000 -9.46902e+03 | 20  0.00000 -2.95945e+03 | 21  0.00000  3.91173e+03
 22  0.00000 -4.16994e+03 | 23  0.00000  2.47143e+03 | 24  0.00000  5.44169e+03
 25  0.00000  1.07039e+04 | 26  0.00000  7.15832e+03 | 27  0.00000  4.00197e+03
 28  0.00000  6.95797e+03 | 29  0.00000  6.45648e+03 | 30  0.00000  1.69234e+03
 31  0.00000 -2.96079e+03 | 32  0.00000 -2.21255e+03 | 33  0.00000 -6.32841e+01
 34  0.00000  2.20223e+03 | 35  0.00000 -2.01184e+02 | 36  0.00000  1.52455e+03
 37  0.00000  1.81063e+03 | 38  0.00000  2.49973e+03 | 39  0.00000  2.18429e+03
 40  0.00000  3.84532e+03 | 41  0.00000  3.13600e+03 | 42  0.00000  2.52140e+02
 43  0.00000 -6.94940e+03 | 44  0.00000 -1.56588e+04 | 45  0.12943 -4.20439e+04
 46  0.00000  6.99944e+04 | 47  0.00000  6.05544e+04 | 48  0.00000  5.65377e+04
 49  0.00000  4.59724e+04 | 50  0.00000  3.81299e+04 | 51  0.00000  3.33456e+04
 52  0.00000  2.31213e+04 | 53  0.00000  1.04209e+04 | 54  0.00000 -1.11608e+03
 55  0.00000 -7.84859e+03 | 56  0.00000 -1.38186e+04 | 57  0.00000 -2.04854e+04
 58  0.00000 -2.37078e+04 | 59  0.00000 -2.14413e+04 | 60  0.00000 -1.78945e+04
 61  0.00000 -1.62948e+04 | 62  0.00000 -1.66444e+04 | 63  0.00000 -1.72939e+04
 64  0.00000 -1.75594e+04 | 65  0.00000 -1.92951e+04 | 66  0.00000 -2.07201e+04
 67  0.00000 -2.21011e+04 | 68  0.00000 -2.37800e+04 | 69  0.00000 -2.59683e+04
 70  0.00000 -2.53967e+04 | 71  0.00000 -1.98828e+04 | 72  0.00000 -8.87198e+03
 73  0.00000  2.04419e+03 | 74  0.01266  1.63198e+03 |
1 0 34124.7
1 0 34124.5
1 0 34122.5
1 0 34102.5
1 0 33904
1 0 32054.3
1 0 28695.3
1 0 27239.5
1 0 25634
1 0 24965.2
1 0 24548.9
1 0 24246.4
1 0 24381.9
1 0 24110.4
1 0 24255.4
1 0 24062.2
1 0 23984.6

Intermediate statistics: 74 variables; iteration 10; function evaluation 17; phase 1
Function value   2.3984596e+04; maximum gradient component mag  -1.2794e+05
Var   Value    Gradient   |Var   Value    Gradient   |Var   Value    Gradient
  1  0.23714  7.98845e+01 |  2  0.24448  4.21601e+02 |  3  0.21775  2.91018e+02
  4  0.19268  1.85458e+02 |  5  0.18100  2.31222e+02 |  6  0.16192  1.32122e+02
  7  0.14963  1.74122e+02 |  8  0.12211  3.19696e+00 |  9  0.11583  7.36379e+01
 10  0.10653  9.63564e+01 | 11  0.08388  1.33299e+01 | 12  0.06701  2.09603e+01
 13  0.05045 -1.24090e+01 | 14  0.04219 -1.07785e+02 | 15  0.07023  1.16451e+02
 16  0.08225 -5.56422e+03 | 17  0.33067  2.40418e+03 | 18 -0.01140 -1.50567e+02
 19 -0.06037 -1.90759e+04 | 20 -0.05314  5.29549e+03 | 21 -0.06121  6.83586e+03
 22 -0.06291 -7.72455e+03 | 23 -0.04253  2.82014e+03 | 24 -0.02050  4.13529e+03
 25  0.01155  5.12786e+03 | 26  0.01847  3.88854e+03 | 27  0.01405  5.17600e+03
 28  0.07269  8.15819e+02 | 29  0.03188  5.21979e+03 | 30 -0.02679 -2.64364e+03
 31 -0.02965 -2.36255e+03 | 32 -0.01884 -2.81329e+03 | 33 -0.00095 -8.26723e+02
 34  0.00043  6.46418e+02 | 35 -0.01003  1.65445e+02 | 36  0.00796  1.74819e+03
 37 -0.00008  1.27896e+03 | 38 -0.00231  8.11094e+02 | 39 -0.00589  2.03951e+03
 40  0.02120  4.27288e+03 | 41  0.00698  8.35805e+02 | 42 -0.02362 -2.44746e+03
 43 -0.02715 -4.33373e+03 | 44 -0.04298 -1.06078e+04 | 45  0.14894 -1.27942e+05
 46 -0.05395 -2.10890e+03 | 47 -0.03182  1.88262e+03 | 48 -0.02037  2.16153e+04
 49 -0.01554  1.56003e+04 | 50 -0.02279  1.01467e+04 | 51 -0.02671  1.25084e+04
 52 -0.03411  7.57136e+03 | 53 -0.04304  2.24253e+03 | 54 -0.01441 -1.50049e+03
 55  0.00101 -1.56552e+03 | 56 -0.01863 -3.36082e+03 | 57  0.00560 -6.95307e+03
 58  0.04799 -6.47611e+03 | 59  0.02119 -5.37883e+03 | 60 -0.00853 -4.91390e+03
 61 -0.00058 -4.72411e+03 | 62  0.01246 -3.43351e+03 | 63  0.02498 -2.50942e+03
 64 -0.01222 -2.98512e+03 | 65  0.02118 -3.85108e+03 | 66  0.01495 -4.12030e+03
 67  0.02089 -6.06000e+03 | 68 -0.01058 -4.89682e+03 | 69  0.02311 -6.65157e+03
 70  0.04703 -4.06343e+03 | 71  0.02647 -3.01987e+03 | 72  0.04313  7.01277e+02
 73  0.00289  6.01435e+03 | 74  0.16375  1.93202e+04 |
1 0 23906.9
1 0 24008.6
1 0 23883.7
1 0 23882.4
1 0 23871.8
1 0 23874.1
1 0 23866.4
1 0 23859.2
1 0 23853.9
1 0 23851.1
1 0 23849
1 0 23846.4
1 0 23843.1
74 variables; iteration 20; function evaluation 30; phase 1
Function value   2.3843090e+04; maximum gradient component mag  -1.1246e+05
Var   Value    Gradient   |Var   Value    Gradient   |Var   Value    Gradient
  1  0.26062  9.54653e+01 |  2  0.27806  7.21648e+02 |  3  0.23955  3.98499e+02
  4  0.20536  2.14169e+02 |  5  0.18640  2.07471e+02 |  6  0.16634  1.43009e+02
  7  0.14761  1.07160e+02 |  8  0.12806  4.97263e+01 |  9  0.11513  5.28147e+01
 10  0.10279  5.87878e+01 | 11  0.08536  3.16741e+01 | 12  0.06709  5.29692e+00
 13  0.05303 -3.18969e+01 | 14  0.05281 -1.71557e+01 | 15  0.06195  4.73703e+01
 16  0.09024 -6.84104e+03 | 17  0.34195  2.62160e+03 | 18 -0.01584 -1.68852e+03
 19 -0.06204 -1.83280e+04 | 20 -0.05233  5.80184e+03 | 21 -0.05856  6.86343e+03
 22 -0.06057 -8.02651e+03 | 23 -0.04146  2.49362e+03 | 24 -0.01997  3.60771e+03
 25  0.01497  5.01267e+03 | 26  0.01198  3.44604e+03 | 27 -0.00815  3.67500e+03
 28  0.11075  1.98970e+03 | 29  0.02223  4.48502e+03 | 30 -0.02016 -3.79795e+03
 31 -0.02831 -2.74264e+03 | 32 -0.01751 -2.38749e+03 | 33 -0.00042  2.55758e+02
 34 -0.00122  1.21473e+03 | 35 -0.01460 -3.27706e+02 | 36  0.00544  1.87488e+03
 37 -0.00415  8.67753e+02 | 38 -0.00694  3.50664e+02 | 39 -0.01624  3.90393e+02
 40  0.01831  4.22910e+03 | 41  0.00541  1.65702e+03 | 42 -0.01858 -2.13355e+03
 43 -0.02094 -2.73465e+03 | 44 -0.04506 -7.88410e+03 | 45  0.15334 -1.12460e+05
 46 -0.05564 -4.07161e+03 | 47 -0.03209  3.96357e+02 | 48 -0.02342  1.90743e+04
 49 -0.02008  1.16877e+04 | 50 -0.02289  7.40770e+03 | 51 -0.02692  1.08775e+04
 52 -0.03509  6.08101e+03 | 53 -0.04451  1.38616e+03 | 54 -0.01138 -5.71490e+02
 55  0.01386  1.75429e+02 | 56 -0.05679 -3.29543e+03 | 57  0.00828 -5.42025e+03
 58  0.03653 -7.68985e+03 | 59  0.03515 -4.58758e+03 | 60 -0.00967 -4.68961e+03
 61  0.00468 -3.97991e+03 | 62  0.01393 -2.25116e+03 | 63  0.02795 -8.72588e+02
 64 -0.01193 -2.86600e+03 | 65  0.02295 -2.34640e+03 | 66  0.01794 -2.65153e+03
 67  0.02926 -3.40790e+03 | 68 -0.02618 -4.48902e+03 | 69  0.02346 -5.62529e+03
 70  0.03988 -3.91764e+03 | 71  0.03138 -1.99681e+03 | 72  0.05199  2.10831e+03
 73  0.01894  5.30789e+03 | 74  0.18637  2.13837e+04 |
1 0 23838.4
1 0 23835.7
1 0 23832.1
1 0 23831.8
1 0 23830.2
1 0 23830
1 0 23829.2
1 0 23827.8
1 0 23828.2
1 0 23827.2
1 0 23826.4
1 0 23826.8
1 0 23826
1 0 23825.4
74 variables; iteration 30; function evaluation 44; phase 1
Function value   2.3825449e+04; maximum gradient component mag  -1.1086e+05
Var   Value    Gradient   |Var   Value    Gradient   |Var   Value    Gradient
  1  0.29987  2.41509e+02 |  2  0.30493  8.92631e+02 |  3  0.26506  5.54294e+02
  4  0.22548  2.77956e+02 |  5  0.19938  2.11023e+02 |  6  0.17452  1.34335e+02
  7  0.15137  6.98899e+01 |  8  0.13461  6.98499e+01 |  9  0.11632  3.72282e+01
 10  0.10029  2.46180e+01 | 11  0.08640  3.37571e+01 | 12  0.06933 -8.99957e+00
 13  0.05983 -2.72525e+01 | 14  0.06246  4.81878e+01 | 15  0.05463 -1.44412e+01
 16  0.09251 -6.09184e+03 | 17  0.35195  2.53692e+03 | 18 -0.01510 -8.23773e+02
 19 -0.06145 -1.84588e+04 | 20 -0.05226  5.67375e+03 | 21 -0.05891  6.59255e+03
 22 -0.06049 -7.73174e+03 | 23 -0.04121  2.46628e+03 | 24 -0.01952  3.60241e+03
 25  0.01519  4.77591e+03 | 26  0.01172  3.34141e+03 | 27 -0.00757  3.72760e+03
 28  0.10948  1.87184e+03 | 29  0.02143  4.28051e+03 | 30 -0.02108 -3.84954e+03
 31 -0.02868 -2.98241e+03 | 32 -0.01938 -2.54198e+03 | 33 -0.00084  4.43306e+02
 34 -0.00204  8.42091e+02 | 35 -0.01484 -9.27195e+01 | 36  0.00542  1.67492e+03
 37 -0.00515  1.59569e+03 | 38 -0.00788 -3.80987e+02 | 39 -0.01523  1.14977e+03
 40  0.01782  4.10355e+03 | 41  0.00519  1.66831e+03 | 42 -0.01947 -1.98435e+03
 43 -0.02058 -2.93037e+03 | 44 -0.04747 -8.04352e+03 | 45  0.15400 -1.10860e+05
 46 -0.05599 -3.17798e+03 | 47 -0.03423  9.45753e+01 | 48 -0.02426  1.94006e+04
 49 -0.02145  1.17522e+04 | 50 -0.02348  7.95963e+03 | 51 -0.02997  1.00199e+04
 52 -0.03646  5.80117e+03 | 53 -0.04600  9.92329e+02 | 54 -0.01202 -5.73693e+02
 55  0.01293  7.51820e+02 | 56 -0.05289 -3.08207e+03 | 57  0.00747 -5.77150e+03
 58  0.03617 -7.72844e+03 | 59  0.03326 -4.63776e+03 | 60 -0.00535 -4.60275e+03
 61  0.00172 -3.84767e+03 | 62  0.01321 -2.53721e+03 | 63  0.02731 -7.08048e+02
 64 -0.01440 -3.03828e+03 | 65  0.02399 -1.70541e+03 | 66  0.01513 -3.24559e+03
 67  0.02807 -3.37057e+03 | 68 -0.02503 -4.62089e+03 | 69  0.02266 -5.60858e+03
 70  0.03981 -3.88101e+03 | 71  0.02785 -2.32291e+03 | 72  0.05410  2.10187e+03
 73  0.03741  5.32002e+03 | 74  0.18344  2.08057e+04 |
1 0 23825.2
1 0 23824.8
1 0 23824.5
1 0 23824.2
1 0 23824.1
1 0 23824
1 0 23823.8
1 0 23823.6
1 0 23823.2
1 0 23822.9
74 variables; iteration 40; function evaluation 54; phase 1
Function value   2.3822935e+04; maximum gradient component mag  -1.1124e+05
Var   Value    Gradient   |Var   Value    Gradient   |Var   Value    Gradient
  1  0.30959  3.06698e+02 |  2  0.30509  8.37793e+02 |  3  0.26327  4.80889e+02
  4  0.23152  3.11537e+02 |  5  0.21063  2.73050e+02 |  6  0.18568  1.63685e+02
  7  0.16282  1.12930e+02 |  8  0.13928  5.14652e+01 |  9  0.12125  4.21562e+01
 10  0.10485  3.33772e+01 | 11  0.08847  1.29609e+01 | 12  0.07525  4.06151e+00
 13  0.06608 -1.17269e+00 | 14  0.06154  5.32358e+00 | 15  0.05925  4.55138e+00
 16  0.09324 -6.04246e+03 | 17  0.35378  2.54183e+03 | 18 -0.01557 -9.49824e+02
 19 -0.06155 -1.84976e+04 | 20 -0.05219  5.78018e+03 | 21 -0.05947  6.33862e+03
 22 -0.06052 -7.71302e+03 | 23 -0.04098  2.47840e+03 | 24 -0.01892  3.79013e+03
 25  0.01507  4.69658e+03 | 26  0.01182  3.45395e+03 | 27 -0.00807  3.52113e+03
 28  0.11102  1.90378e+03 | 29  0.02119  4.46083e+03 | 30 -0.02098 -3.66266e+03
 31 -0.02919 -3.09169e+03 | 32 -0.02038 -2.80141e+03 | 33 -0.00047  5.74540e+02
 34 -0.00109  1.27956e+03 | 35 -0.01456  2.31027e+02 | 36  0.00476  1.21152e+03
 37 -0.00479  1.95090e+03 | 38 -0.00802 -1.18390e+02 | 39 -0.01532  8.43455e+02
 40  0.01736  4.01395e+03 | 41  0.00505  1.79010e+03 | 42 -0.01977 -2.09372e+03
 43 -0.02147 -2.89784e+03 | 44 -0.04716 -8.34167e+03 | 45  0.15393 -1.11239e+05
 46 -0.05590 -3.31877e+03 | 47 -0.03443  3.57159e+01 | 48 -0.02425  1.93839e+04
 49 -0.02128  1.17573e+04 | 50 -0.02385  7.91892e+03 | 51 -0.03027  1.00088e+04
 52 -0.03665  5.77855e+03 | 53 -0.04568  9.53642e+02 | 54 -0.01198 -4.71877e+02
 55  0.01303  6.63728e+02 | 56 -0.05368 -3.08573e+03 | 57  0.00819 -5.16549e+03
 58  0.03617 -7.58437e+03 | 59  0.03367 -4.70953e+03 | 60 -0.00493 -4.56708e+03
 61  0.00081 -3.64702e+03 | 62  0.01324 -2.31944e+03 | 63  0.02715 -1.15997e+03
 64 -0.01461 -3.23147e+03 | 65  0.02427 -1.18910e+03 | 66  0.01557 -3.24411e+03
 67  0.02707 -3.92857e+03 | 68 -0.02294 -4.60154e+03 | 69  0.02283 -5.42370e+03
 70  0.03981 -3.92671e+03 | 71  0.02890 -2.30160e+03 | 72  0.05255  1.76016e+03
 73  0.03675  5.34377e+03 | 74  0.18338  2.10459e+04 |
1 0 23822.5
1 0 23822.5
1 0 23822.2
1 0 23821.9
1 0 23821.5
1 0 23821
1 0 23820.7
1 0 23820.6
1 0 23820.4
1 0 23819.9
1 0 23819.2
74 variables; iteration 50; function evaluation 65; phase 1
Function value   2.3819412e+04; maximum gradient component mag  -1.1089e+05
Var   Value    Gradient   |Var   Value    Gradient   |Var   Value    Gradient
  1  0.30672  2.63649e+02 |  2  0.30655  8.15349e+02 |  3  0.26980  5.48656e+02
  4  0.23381  2.91999e+02 |  5  0.21463  2.66329e+02 |  6  0.19626  2.10065e+02
  7  0.17540  1.42111e+02 |  8  0.15335  8.54161e+01 |  9  0.13256  4.73070e+01
 10  0.11512  3.23338e+01 | 11  0.10005  2.87933e+01 | 12  0.08497  1.04780e+01
 13  0.07297 -1.52407e+01 | 14  0.07037  1.60037e+01 | 15  0.06739  4.03806e+00
 16  0.09379 -5.94082e+03 | 17  0.35490  2.41297e+03 | 18 -0.01608 -1.19164e+03
 19 -0.06141 -1.84751e+04 | 20 -0.05217  5.68621e+03 | 21 -0.05958  6.20339e+03
 22 -0.06078 -7.87717e+03 | 23 -0.04130  2.30726e+03 | 24 -0.01905  3.68114e+03
 25  0.01511  4.57265e+03 | 26  0.01172  3.31311e+03 | 27 -0.00824  3.41328e+03
 28  0.11075  1.75260e+03 | 29  0.02033  4.03770e+03 | 30 -0.02152 -3.74902e+03
 31 -0.03001 -3.79000e+03 | 32 -0.02027 -2.51155e+03 | 33 -0.00119  3.10497e+02
 34 -0.00159  1.07082e+03 | 35 -0.01452  1.26697e+02 | 36  0.00483  1.20046e+03
 37 -0.00456  1.96062e+03 | 38 -0.00812 -7.48212e+01 | 39 -0.01609  4.31933e+02
 40  0.01719  3.84396e+03 | 41  0.00459  1.73648e+03 | 42 -0.01989 -2.07809e+03
 43 -0.02223 -3.20934e+03 | 44 -0.04675 -8.38061e+03 | 45  0.15361 -1.10887e+05
 46 -0.05561 -3.35021e+03 | 47 -0.03452  1.76976e+02 | 48 -0.02413  1.94796e+04
 49 -0.02122  1.17512e+04 | 50 -0.02358  7.97778e+03 | 51 -0.03011  1.00221e+04
 52 -0.03669  5.73128e+03 | 53 -0.04557  9.36588e+02 | 54 -0.01187 -5.28712e+02
 55  0.01318  6.37502e+02 | 56 -0.05303 -3.07438e+03 | 57  0.00811 -5.62423e+03
 58  0.03660 -7.56926e+03 | 59  0.03359 -4.61235e+03 | 60 -0.00407 -4.41609e+03
 61  0.00122 -3.67661e+03 | 62  0.01342 -2.28488e+03 | 63  0.02717 -9.97665e+02
 64 -0.01363 -3.11754e+03 | 65  0.02439 -1.00012e+03 | 66  0.01612 -3.21738e+03
 67  0.02726 -4.14868e+03 | 68 -0.02384 -4.61707e+03 | 69  0.02351 -5.13491e+03
 70  0.03995 -3.85702e+03 | 71  0.02951 -2.34755e+03 | 72  0.05182  1.80735e+03
 73  0.03232  5.32525e+03 | 74  0.18302  2.08752e+04 |
1 0 23818.5
1 0 23817.7
1 0 23817.3
1 0 23816.4
1 0 23814.9
1 0 23813.4
1 0 23811.4
1 0 23808.8
1 0 23805.1
1 0 23805.4
1 0 23803.3
74 variables; iteration 60; function evaluation 76; phase 1
Function value   2.3803841e+04; maximum gradient component mag  -1.0885e+05
Var   Value    Gradient   |Var   Value    Gradient   |Var   Value    Gradient
  1  0.31439  3.04042e+02 |  2  0.30901  8.03671e+02 |  3  0.26965  5.31584e+02
  4  0.22609  1.86788e+02 |  5  0.21225  2.67140e+02 |  6  0.18972  1.59693e+02
  7  0.16928  7.18772e+01 |  8  0.16243  7.60335e+01 |  9  0.16423  1.33783e+02
 10  0.15879  1.42418e+02 | 11  0.14020  4.55450e+01 | 12  0.12866  4.35004e+01
 13  0.12001  4.23247e+01 | 14  0.11180  4.21041e+00 | 15  0.11355  4.36473e+01
 16  0.09479 -5.63345e+03 | 17  0.35537  2.46529e+03 | 18 -0.01622 -1.07178e+03
 19 -0.06113 -1.81015e+04 | 20 -0.05192  5.83482e+03 | 21 -0.05944  6.16857e+03
 22 -0.05997 -7.59154e+03 | 23 -0.04041  2.47629e+03 | 24 -0.01820  3.75848e+03
 25  0.01620  4.84786e+03 | 26  0.01231  3.34067e+03 | 27 -0.00851  3.39445e+03
 28  0.11051  1.80940e+03 | 29  0.02066  4.25583e+03 | 30 -0.02195 -3.75978e+03
 31 -0.02987 -3.75846e+03 | 32 -0.01941 -2.39449e+03 | 33 -0.00127  4.79990e+02
 34 -0.00324  9.30104e+02 | 35 -0.01497  7.38882e+01 | 36  0.00468  1.31613e+03
 37 -0.00311  2.28106e+03 | 38 -0.00737  1.09546e+02 | 39 -0.01595  3.33432e+02
 40  0.01721  4.06821e+03 | 41  0.00583  2.02629e+03 | 42 -0.02070 -1.98209e+03
 43 -0.02319 -3.34671e+03 | 44 -0.04763 -8.34411e+03 | 45  0.15409 -1.08852e+05
 46 -0.05546 -3.00988e+03 | 47 -0.03457  6.03262e+02 | 48 -0.02444  1.95666e+04
 49 -0.02158  1.18815e+04 | 50 -0.02429  8.04715e+03 | 51 -0.03055  1.01366e+04
 52 -0.03689  5.87069e+03 | 53 -0.04524  1.14193e+03 | 54 -0.01256 -7.90424e+02
 55  0.01343  8.95197e+02 | 56 -0.05380 -3.01096e+03 | 57  0.00810 -5.32585e+03
 58  0.03678 -7.51238e+03 | 59  0.03291 -4.43329e+03 | 60 -0.00471 -4.25373e+03
 61  0.00272 -3.42925e+03 | 62  0.01442 -2.00759e+03 | 63  0.02676 -8.11891e+02
 64 -0.01345 -2.97318e+03 | 65  0.02327 -9.38053e+02 | 66  0.01645 -3.13904e+03
 67  0.02723 -3.86394e+03 | 68 -0.02222 -4.41061e+03 | 69  0.02265 -5.05219e+03
 70  0.04109 -3.60168e+03 | 71  0.02914 -2.30752e+03 | 72  0.05241  1.89966e+03
 73  0.03884  5.41278e+03 | 74  0.18322  2.04485e+04 |
1 0 23800.1
1 0 23795.2
1 0 23792.3
1 0 23787
1 0 23778.4
1 0 23762.3
1 0 23732.1
1 0 23672.9
1 0 23224.6
1 0 22405.3
1 0 22800.2
1 0 22067.6
74 variables; iteration 70; function evaluation 88; phase 1
Function value   2.2067913e+04; maximum gradient component mag  -5.1148e+04
Var   Value    Gradient   |Var   Value    Gradient   |Var   Value    Gradient
  1  0.24630  8.34544e+01 |  2  0.25786  5.28737e+02 |  3  0.22644  3.72359e+02
  4  0.18376  9.51114e+01 |  5  0.16791  1.73759e+02 |  6  0.14379  1.32460e+01
  7  0.14607  3.32310e+02 |  8  0.07865 -4.56078e+02 |  9  0.15922  7.40413e+02
 10  0.05748 -3.47988e+02 | 11  0.06712 -7.44084e+01 | 12  0.10572  6.64430e+01
 13  0.13982  2.53283e+02 | 14  0.12940  2.52521e+02 | 15  0.06816 -1.78620e+02
 16  0.09205  2.29612e+03 | 17  0.26103  1.07484e+03 | 18 -0.01759  4.01130e+02
 19 -0.03902 -5.43058e+03 | 20 -0.05566 -1.22346e+03 | 21 -0.06558 -1.05557e+03
 22 -0.04740 -2.14880e+03 | 23 -0.03815  1.37049e+02 | 24 -0.01855  1.41136e+03
 25  0.00031  2.03104e+03 | 26  0.00665  2.15431e+03 | 27 -0.00466  3.09193e+03
 28  0.12520  8.66930e+02 | 29  0.01014  1.90214e+03 | 30 -0.01065 -1.20974e+03
 31 -0.01251 -6.59949e+03 | 32 -0.01346  9.88358e+02 | 33 -0.00603  3.10477e+03
 34 -0.00276  8.54065e+02 | 35 -0.00539 -9.02859e+02 | 36  0.00339  1.67236e+03
 37 -0.00049  2.11730e+03 | 38 -0.00138  2.63170e+02 | 39 -0.00373 -3.32723e+03
 40  0.00452  5.54273e+03 | 41 -0.00129  2.59697e+03 | 42 -0.01288 -1.42152e+03
 43 -0.02023 -3.50051e+03 | 44 -0.03018 -6.36691e+03 | 45  0.15430 -5.11484e+04
 46 -0.04695  5.72791e+03 | 47 -0.04329  4.90070e+03 | 48 -0.03137  1.19927e+04
 49 -0.02603  1.01781e+04 | 50 -0.03385  5.76758e+03 | 51 -0.03836  5.34105e+03
 52 -0.04087  2.04426e+03 | 53 -0.03581 -6.07652e+02 | 54 -0.01262 -1.99974e+03
 55  0.00749 -2.94519e+03 | 56 -0.04829 -5.89036e+03 | 57  0.01368 -6.06859e+03
 58  0.02814 -7.09912e+03 | 59  0.01736 -4.01415e+03 | 60  0.03815  1.01711e+04
 61  0.00090 -2.15739e+03 | 62  0.01072 -2.91661e+03 | 63  0.01746 -2.45307e+03
 64  0.00721 -2.06555e+03 | 65  0.01870 -2.78398e+03 | 66  0.01175 -5.31572e+03
 67  0.01716 -3.52243e+03 | 68  0.02682  4.33540e+03 | 69  0.02497 -2.59506e+03
 70  0.03078 -4.96020e+03 | 71  0.03289 -3.27803e+03 | 72  0.03157 -3.68624e+02
 73  0.02440  2.53626e+03 | 74  0.16062  8.21225e+03 |
1 0 30349.1
1 0 22058.9
1 0 22072.8
1 0 22056.5
1 0 22052.8
1 0 22045.5
1 0 21983.9
1 0 21856.9
1 0 32362
1 0 22662.6
1 0 21854.6
1 0 21850
1 0 21804.9
1 0 21455.4
1 0 21025.4
1 0 20912.2
1 0 20737.4
74 variables; iteration 80; function evaluation 105; phase 1
Function value   2.0737767e+04; maximum gradient component mag   2.6464e+04
Var   Value    Gradient   |Var   Value    Gradient   |Var   Value    Gradient
  1  0.13937 -4.39138e+01 |  2  0.14386 -1.26503e+01 |  3  0.12401 -1.09526e+02
  4  0.10953 -5.59434e+01 |  5  0.08527 -1.13189e+02 |  6  0.07734  9.52092e+00
  7  0.04946 -1.56775e+02 |  8  0.05941  1.61571e+02 |  9  0.00777 -2.34665e+02
 10  0.02275  1.00140e+02 | 11  0.00191 -2.23469e+01 | 12 -0.01579 -1.16116e+02
 13 -0.00100 -2.96459e+01 | 14  0.01929 -2.82252e+01 | 15  0.04256  4.53903e+01
 16  0.07426  1.87794e+03 | 17  0.13069  4.20575e+02 | 18 -0.00932 -5.95650e+02
 19 -0.00603  3.22702e+03 | 20 -0.02936 -2.92046e+03 | 21 -0.03700 -2.71413e+03
 22 -0.01434  1.70384e+03 | 23 -0.02193 -2.51332e+03 | 24 -0.01762 -8.98523e+02
 25 -0.02342 -8.36422e+02 | 26 -0.01599 -9.34635e+02 | 27  0.00480  5.67090e+03
 28  0.13191  1.08841e+03 | 29 -0.00624 -1.92867e+03 | 30 -0.00438  2.12738e+03
 31  0.00120  2.14037e+03 | 32 -0.00360 -2.10985e+03 | 33 -0.01112 -2.21763e+03
 34 -0.01127 -4.70157e+02 | 35  0.00280  2.06238e+03 | 36 -0.00503 -1.18755e+03
 37 -0.00504  4.98905e+02 | 38 -0.00532  2.88175e+02 | 39  0.00316  2.83762e+03
 40 -0.00822 -2.56807e+03 | 41 -0.01376 -1.47163e+03 | 42 -0.01180  6.28876e+02
 43 -0.01063 -1.26111e+03 | 44 -0.00628 -1.55958e+03 | 45  0.15249  2.64638e+04
 46 -0.04380  1.53239e+04 | 47 -0.06233  2.41394e+03 | 48 -0.05246  4.62989e+03
 49 -0.05547 -1.49191e+02 | 50 -0.04585  5.02786e+02 | 51 -0.04573 -1.06595e+03
 52 -0.03460 -6.49999e+02 | 53 -0.01508  1.29055e+03 | 54 -0.00459  8.25247e+02
 55 -0.00272 -1.71019e+03 | 56 -0.03187 -7.57981e+03 | 57  0.03111  1.87119e+03
 58  0.02711  3.04399e+02 | 59  0.01852 -3.57062e+03 | 60  0.01736 -3.32617e+03
 61  0.02348  2.35115e+03 | 62  0.01459  2.43676e+02 | 63  0.00976 -1.97481e+03
 64  0.02251  1.73634e+03 | 65  0.01950 -1.04342e+01 | 66  0.01919 -1.08533e+03
 67  0.01379 -3.79522e+03 | 68  0.02480 -2.86007e+03 | 69  0.03322  1.13532e+03
 70  0.02910 -7.82963e+02 | 71  0.02766 -1.09966e+03 | 72  0.01382 -2.98590e+03
 73  0.04717 -1.13644e+03 | 74  0.11124 -4.44939e+03 |
1 0 20515.9
1 0 20396.2
1 0 20306.2
1 0 20237.2
1 0 20159.6
1 0 28800.5
1 0 20074.6
1 0 21003.8
1 0 20039
1 0 19992.7
1 0 19928.1
1 0 19838.2
1 0 19832.7
74 variables; iteration 90; function evaluation 118; phase 1
Function value   1.9832759e+04; maximum gradient component mag   1.5955e+04
Var   Value    Gradient   |Var   Value    Gradient   |Var   Value    Gradient
  1  0.00223 -8.55519e+02 |  2 -0.02833 -2.99580e+02 |  3 -0.02056 -5.59999e+01
  4 -0.00748 -3.58581e+01 |  5  0.01749  1.54715e+01 |  6  0.04543  6.36535e+01
  7  0.07130  1.69397e+02 |  8  0.07864  1.45199e+02 |  9  0.08183  1.60380e+02
 10  0.07994  1.21366e+02 | 11  0.08346  1.54469e+02 | 12  0.08620  1.67955e+02
 13  0.08731  1.80799e+02 | 14  0.08434  1.65421e+02 | 15  0.07869  1.18803e+02
 16  0.06092  2.16783e+03 | 17 -0.04107 -1.21273e+03 | 18  0.00161  2.47540e+03
 19  0.00457  5.42268e+02 | 20  0.00653  1.24699e+02 | 21 -0.00521 -5.48459e+02
 22  0.00328  9.29234e+02 | 23 -0.00066 -8.75716e+02 | 24  0.00581  7.56514e+02
 25 -0.00808 -2.96925e+03 | 26  0.00778  3.51951e+03 | 27  0.01155  7.53644e+02
 28  0.00186 -8.05539e+02 | 29 -0.00064  1.49546e+03 | 30 -0.00272 -1.29492e+03
 31  0.00401 -3.77184e+02 | 32  0.00416 -8.49121e+02 | 33  0.00134  1.47327e+02
 34  0.00002  8.13883e+02 | 35  0.00451 -4.95801e+02 | 36  0.00228 -6.03507e+02
 37  0.00143 -2.24637e+02 | 38 -0.00623 -2.67950e+03 | 39 -0.00020  1.01906e+03
 40 -0.00467 -1.13608e+03 | 41 -0.00480 -3.01454e+02 | 42 -0.00129  3.06421e+02
 43  0.00463  6.06810e+01 | 44  0.00742 -4.97410e+02 | 45  0.14286  1.59554e+04
 46 -0.05710  5.93110e+03 | 47 -0.06632 -6.09685e+02 | 48 -0.07841 -3.01738e+03
 49 -0.05385 -2.81483e+02 | 50 -0.04567 -9.76682e+02 | 51 -0.04993 -2.33852e+03
 52 -0.03880 -2.26077e+03 | 53 -0.01767 -3.80647e+02 | 54 -0.00598  6.39945e+02
 55  0.00161 -2.00955e+03 | 56  0.01639  2.17853e+03 | 57  0.02543  2.46385e+03
 58  0.02725 -4.53103e+02 | 59  0.02327 -5.93480e+02 | 60  0.02338  1.33010e+03
 61  0.02252  2.39192e+03 | 62  0.01454 -1.06368e+03 | 63  0.01568 -1.54772e+03
 64  0.02141  1.36536e+03 | 65  0.02163  4.49526e+02 | 66  0.02832  3.14645e+03
 67  0.01942 -6.33065e+02 | 68  0.02769  8.16352e+02 | 69  0.02825 -4.08662e+02
 70  0.02643 -1.82571e+03 | 71  0.02708 -1.11592e+03 | 72  0.02285 -5.16677e+02
 73  0.01989 -8.01221e+02 | 74  0.05640 -1.67790e+03 |
1 0 19821.8
1 0 19740.2
1 0 19603.6
1 0 19708.9
1 0 19487.4
1 0 19482.8
1 0 19455.9
1 0 19420.6
1 0 19388.3
1 0 19369.1
1 0 19358.5
1 0 19352.3
1 0 19348.9
74 variables; iteration 100; function evaluation 131; phase 1
Function value   1.9348898e+04; maximum gradient component mag   1.4943e+03
Var   Value    Gradient   |Var   Value    Gradient   |Var   Value    Gradient
  1  0.25092 -3.26536e+02 |  2  0.18289 -1.15765e+02 |  3  0.13481  1.68918e+00
  4  0.09276 -3.08119e+01 |  5  0.06649 -2.49138e+01 |  6  0.05205 -7.73787e+00
  7  0.04315 -1.26751e+01 |  8  0.04073  3.99921e+00 |  9  0.03965  1.24010e+01
 10  0.03734 -2.55202e+00 | 11  0.03818  4.45987e+00 | 12  0.04013  1.59831e+01
 13  0.03983 -4.91071e+00 | 14  0.04357  1.66429e+01 | 15  0.04508  1.46525e+01
 16  0.05828 -1.75239e+00 | 17  0.00094  8.31007e+02 | 18 -0.00308 -2.71119e+02
 19  0.00380 -4.45931e+02 | 20  0.00197  7.44676e+01 | 21 -0.00654  2.35288e+01
 22  0.00229  7.81509e+01 | 23 -0.00091  1.14419e+02 | 24 -0.00079  1.44675e+02
 25 -0.00718 -1.22060e+01 | 26 -0.00515 -3.21355e+02 | 27 -0.00088 -4.84536e+02
 28 -0.00142  6.08511e+02 | 29 -0.00283 -1.86810e+02 | 30 -0.00133 -4.06791e+02
 31  0.00333  1.91472e+02 | 32  0.00378  2.38662e+02 | 33  0.00179  3.38400e+02
 34 -0.00199 -4.19997e+02 | 35  0.00250  1.71395e+02 | 36  0.00203  9.61949e+01
 37  0.00186  8.05779e+01 | 38 -0.00078 -3.67536e+02 | 39  0.00035  2.94475e+02
 40 -0.00164 -6.62800e+01 | 41 -0.00297 -3.24428e+02 | 42 -0.00152  2.50227e+02
 43  0.00411  2.12822e+02 | 44  0.01087 -1.44135e+01 | 45  0.14226  1.49426e+03
 46 -0.06600  2.96214e+02 | 47 -0.06660 -3.33064e+02 | 48 -0.06984  1.29110e+01
 49 -0.05555  9.52233e+01 | 50 -0.04493  1.64731e+02 | 51 -0.04569  7.73532e+01
 52 -0.03334 -4.23710e+01 | 53 -0.01911 -4.01825e+02 | 54 -0.00255 -2.88091e+01
 55  0.00502  2.52768e+02 | 56  0.01116  3.85114e+02 | 57  0.02031 -4.32013e+02
 58  0.02899  3.55968e+02 | 59  0.02479 -1.83613e+02 | 60  0.02091 -5.34749e+01
 61  0.01855  6.91488e+01 | 62  0.01782  9.09185e+00 | 63  0.01811 -1.10076e+02
 64  0.01754 -1.06189e+02 | 65  0.02092 -2.27011e+02 | 66  0.02344  3.56575e+02
 67  0.02322 -9.45845e+01 | 68  0.02492 -1.01379e+02 | 69  0.02979  1.52030e+02
 70  0.03047  5.55090e+01 | 71  0.02754 -4.78032e+01 | 72  0.02035 -7.33839e+01
 73  0.01925 -8.06161e+01 | 74  0.06053 -3.15012e+02 |
1 0 19345
1 0 19344.2
1 0 19343
1 0 19342.1
1 0 19341.6
1 0 19341.4
1 0 19341.2
1 0 19341
1 0 19340.9
1 0 19340.7
74 variables; iteration 110; function evaluation 141; phase 1
Function value   1.9340709e+04; maximum gradient component mag  -1.5336e+02
Var   Value    Gradient   |Var   Value    Gradient   |Var   Value    Gradient
  1  0.25389  1.47652e+01 |  2  0.19070 -1.58976e+00 |  3  0.13811  4.19138e+00
  4  0.09921 -4.40136e+00 |  5  0.07169 -5.18834e+00 |  6  0.05193 -4.25363e+00
  7  0.03751 -4.31040e+00 |  8  0.02731 -2.89947e-01 |  9  0.01953  2.04895e+00
 10  0.01307  6.81272e-01 | 11  0.00810 -5.05251e-01 | 12  0.00477  2.30803e-01
 13  0.00276 -1.21755e+00 | 14  0.00245  3.05336e+00 | 15  0.00253  4.69635e+00
 16  0.05665  7.12068e+01 | 17 -0.00365 -4.19323e+01 | 18 -0.00295 -1.56181e+01
 19  0.00517  4.17556e+01 | 20  0.00211 -2.44410e+01 | 21 -0.00663  1.25358e+01
 22  0.00209  2.36774e+01 | 23 -0.00105  1.73360e+01 | 24 -0.00085  1.26293e+01
 25 -0.00740 -3.98175e+01 | 26 -0.00419  4.97635e+00 | 27  0.00067  1.87247e+01
 28 -0.00116  9.34072e+01 | 29 -0.00237  2.89772e+01 | 30 -0.00036 -3.07881e+01
 31  0.00315 -2.03039e+01 | 32  0.00280 -2.51221e+00 | 33  0.00094  6.48610e+00
 34 -0.00132 -5.18863e+01 | 35  0.00246  1.21660e+01 | 36  0.00184 -4.57987e+00
 37  0.00146  6.61007e+00 | 38  0.00005  9.14979e+00 | 39  0.00035  2.40415e+01
 40 -0.00135  3.31810e+01 | 41 -0.00231 -2.36338e+01 | 42 -0.00197 -6.39355e+01
 43  0.00361 -2.95507e+00 | 44  0.01088 -1.86679e+01 | 45  0.14294  8.61583e+01
 46 -0.06901 -1.53364e+02 | 47 -0.06561  8.66886e+00 | 48 -0.06936  4.47822e+01
 49 -0.05544  5.69231e+01 | 50 -0.04503  5.90249e+01 | 51 -0.04578  3.11253e+01
 52 -0.03334  1.22027e+01 | 53 -0.01835  2.60876e+01 | 54 -0.00305  5.86007e+00
 55  0.00461 -4.52356e+01 | 56  0.01078  3.50652e+00 | 57  0.02132  1.20806e+01
 58  0.02806 -7.89393e+01 | 59  0.02589 -6.35961e+00 | 60  0.02111  4.35463e+00
 61  0.01803  2.21601e+01 | 62  0.01740 -1.57183e+01 | 63  0.01857 -2.44706e+01
 64  0.01778  4.51129e+01 | 65  0.02136  1.06353e+01 | 66  0.02236 -1.24709e+01
 67  0.02383 -3.14022e+01 | 68  0.02494 -3.98825e+01 | 69  0.02960 -1.60676e+01
 70  0.03100  6.33969e+01 | 71  0.02748  2.23962e+01 | 72  0.02005 -3.82928e+00
 73  0.02034 -2.54447e+00 | 74  0.06753 -8.50214e+01 |
1 0 19340.6
1 0 19340.5
1 0 19340.4
1 0 19340.3
1 0 19340.3
1 0 19340.3
1 0 19340.3
1 0 19340.3
1 0 19340.3
1 0 19340.3
74 variables; iteration 120; function evaluation 151; phase 1
Function value   1.9340270e+04; maximum gradient component mag   3.6905e+01
Var   Value    Gradient   |Var   Value    Gradient   |Var   Value    Gradient
  1  0.25476 -3.69197e-01 |  2  0.19162 -2.94389e-01 |  3  0.13885 -4.04218e-01
  4  0.10152  4.97641e-01 |  5  0.07465  3.54476e-02 |  6  0.05443 -5.77485e-01
  7  0.03873 -6.96415e-01 |  8  0.02629 -6.63757e-01 |  9  0.01635 -6.81677e-01
 10  0.00845 -4.11252e-01 | 11  0.00221 -1.35237e-01 | 12 -0.00266 -8.74633e-02
 13 -0.00632 -3.21933e-01 | 14 -0.00880 -6.07169e-01 | 15 -0.01006 -8.71249e-01
 16  0.05544  3.92382e+00 | 17 -0.00316  2.97259e+00 | 18 -0.00297 -8.09075e+00
 19  0.00497  3.56853e+00 | 20  0.00204  7.13586e+00 | 21 -0.00672  1.07646e+01
 22  0.00195 -6.98753e-01 | 23 -0.00115 -3.18801e+00 | 24 -0.00094  3.39907e+00
 25 -0.00730 -1.83384e+00 | 26 -0.00426  3.03034e+00 | 27  0.00030 -5.60929e+00
 28 -0.00175 -5.26559e+00 | 29 -0.00261 -4.28823e+00 | 30 -0.00042 -6.36939e+00
 31  0.00312  1.80704e+00 | 32  0.00273 -1.11555e+00 | 33  0.00090 -2.58448e+00
 34 -0.00125  2.73589e-01 | 35  0.00235 -4.38124e+00 | 36  0.00180 -2.32286e+00
 37  0.00142 -3.82130e+00 | 38 -0.00001  1.16987e+00 | 39  0.00020  9.56695e-01
 40 -0.00153  1.84611e+00 | 41 -0.00235  9.53571e-01 | 42 -0.00179  7.53960e+00
 43  0.00398  1.03278e+00 | 44  0.01245  7.68637e+00 | 45  0.14346  3.69051e+01
 46 -0.06841  1.20719e+01 | 47 -0.06564  1.21277e+01 | 48 -0.06941  2.71746e+01
 49 -0.05540 -3.29994e+00 | 50 -0.04504 -1.98124e+00 | 51 -0.04579 -2.98159e+00
 52 -0.03329  3.39754e-01 | 53 -0.01839 -1.02584e+01 | 54 -0.00285  1.21341e+01
 55  0.00492 -2.04199e+00 | 56  0.01090 -1.92902e+00 | 57  0.02120 -8.57059e+00
 58  0.02821 -9.43272e+00 | 59  0.02591 -4.97114e+00 | 60  0.02116 -3.97564e+00
 61  0.01799 -7.92190e+00 | 62  0.01749 -6.21672e+00 | 63  0.01873 -6.58404e+00
 64  0.01767 -7.01075e+00 | 65  0.02141 -8.52400e-01 | 66  0.02245 -4.05816e-02
 67  0.02398  3.74179e+00 | 68  0.02506 -9.23949e-01 | 69  0.02965  4.81077e+00
 70  0.03088  3.79430e+00 | 71  0.02736  2.10926e+00 | 72  0.01939  2.77624e+00
 73  0.01939 -1.76371e+00 | 74  0.07242 -1.20949e+01 |
1 0 19340.3
1 0 19340.3
1 0 19340.3
1 0 19340.3
1 0 19340.3
1 0 19340.3
1 0 19340.3
1 0 19340.3
1 0 19340.3
1 0 19340.3
74 variables; iteration 130; function evaluation 161; phase 1
Function value   1.9340259e+04; maximum gradient component mag  -1.0966e+00
Var   Value    Gradient   |Var   Value    Gradient   |Var   Value    Gradient
  1  0.25463  5.29786e-02 |  2  0.19140 -3.01844e-02 |  3  0.13869 -4.48747e-02
  4  0.10146 -2.77591e-02 |  5  0.07496  1.80130e-02 |  6  0.05524  3.56980e-02
  7  0.03998  5.77708e-02 |  8  0.02789 -4.59789e-03 |  9  0.01822 -7.11401e-03
 10  0.01050 -1.15984e-02 | 11  0.00441 -2.10877e-02 | 12 -0.00026 -2.51124e-02
 13 -0.00365 -1.39276e-02 | 14 -0.00585 -2.93126e-03 | 15 -0.00694  2.38341e-02
 16  0.05528  3.00157e-02 | 17 -0.00327 -2.16502e-01 | 18 -0.00298  1.94021e-02
 19  0.00495 -4.50871e-01 | 20  0.00204 -4.41081e-01 | 21 -0.00673 -7.59522e-02
 22  0.00195 -1.09062e-01 | 23 -0.00113 -2.72379e-02 | 24 -0.00093  2.02892e-01
 25 -0.00731  3.95680e-02 | 26 -0.00424 -7.79047e-02 | 27  0.00034  3.10085e-01
 28 -0.00170  8.79470e-02 | 29 -0.00256  5.54137e-02 | 30 -0.00038  1.04244e-01
 31  0.00314  1.67888e-01 | 32  0.00275  2.85835e-01 | 33  0.00093  1.99903e-01
 34 -0.00123 -1.23754e-01 | 35  0.00238 -8.67837e-02 | 36  0.00182 -3.36212e-01
 37  0.00144 -1.36773e-01 | 38 -0.00001 -5.30908e-02 | 39  0.00020  1.46926e-01
 40 -0.00153 -3.69203e-02 | 41 -0.00236  2.93828e-01 | 42 -0.00181  1.13111e-01
 43  0.00395  2.63105e-01 | 44  0.01228  6.18702e-02 | 45  0.14352  3.26131e-01
 46 -0.06845 -1.58868e-01 | 47 -0.06565 -1.09663e+00 | 48 -0.06948  5.28657e-01
 49 -0.05537 -5.46997e-01 | 50 -0.04505  6.24464e-02 | 51 -0.04579  9.41952e-02
 52 -0.03329  4.30432e-02 | 53 -0.01836 -4.82701e-03 | 54 -0.00289 -4.55278e-02
 55  0.00491  3.27550e-01 | 56  0.01089 -4.58919e-02 | 57  0.02121  1.37187e-01
 58  0.02823  2.08827e-01 | 59  0.02591  7.38504e-02 | 60  0.02115 -1.94049e-01
 61  0.01800  2.48453e-02 | 62  0.01749 -1.25647e-01 | 63  0.01873 -2.17230e-01
 64  0.01768  1.57522e-03 | 65  0.02141 -3.04602e-01 | 66  0.02246 -6.37060e-02
 67  0.02397  6.50340e-02 | 68  0.02507  1.20659e-02 | 69  0.02965  3.38771e-01
 70  0.03088  6.45223e-01 | 71  0.02737  2.82621e-01 | 72  0.01943  1.89081e-02
 73  0.01943 -2.59364e-02 | 74  0.07284 -1.05459e-01 |
1 0 19340.3
1 0 19340.3
1 0 19340.3

 - final statistics:
74 variables; iteration 133; function evaluation 164
Function value   1.9340e+04; maximum gradient component mag   6.6970e-02
Exit code = 1;  converg criter   1.0000e-01
Var   Value    Gradient   |Var   Value    Gradient   |Var   Value    Gradient
  1  0.25464  1.22395e-02 |  2  0.19141 -1.13322e-02 |  3  0.13870  5.93592e-03
  4  0.10147  4.40175e-03 |  5  0.07495  1.41754e-03 |  6  0.05521 -2.51437e-03
  7  0.03995 -8.62533e-04 |  8  0.02788 -5.39135e-04 |  9  0.01822  5.56402e-04
 10  0.01051  3.30825e-04 | 11  0.00443  1.41391e-03 | 12 -0.00023  8.68344e-04
 13 -0.00362  4.38471e-04 | 14 -0.00584 -6.41775e-05 | 15 -0.00693 -1.44543e-03
 16  0.05528 -4.10573e-02 | 17 -0.00327 -2.13552e-02 | 18 -0.00298 -4.01463e-02
 19  0.00495 -4.89178e-02 | 20  0.00205  4.02242e-02 | 21 -0.00673  2.96058e-02
 22  0.00195  4.86574e-02 | 23 -0.00113  1.75334e-02 | 24 -0.00093 -1.51106e-02
 25 -0.00732 -6.37223e-03 | 26 -0.00424 -6.50437e-03 | 27  0.00034 -1.13596e-02
 28 -0.00170 -1.48087e-03 | 29 -0.00256  1.80732e-03 | 30 -0.00039  1.50407e-02
 31  0.00314 -4.11639e-03 | 32  0.00275 -8.69167e-03 | 33  0.00093  1.33990e-02
 34 -0.00123  1.36669e-02 | 35  0.00238  2.17557e-02 | 36  0.00182  1.87359e-02
 37  0.00144  2.35664e-02 | 38 -0.00001  1.80299e-02 | 39  0.00020 -2.47413e-02
 40 -0.00153  4.99631e-03 | 41 -0.00236 -6.34785e-02 | 42 -0.00181  4.21826e-02
 43  0.00395 -2.73493e-02 | 44  0.01228  2.13383e-02 | 45  0.14352  1.11880e-02
 46 -0.06845  2.51451e-02 | 47 -0.06565 -6.50372e-03 | 48 -0.06948  6.69704e-02
 49 -0.05537  4.57740e-02 | 50 -0.04505  1.13000e-02 | 51 -0.04579 -1.48743e-02
 52 -0.03329  6.74786e-03 | 53 -0.01836  2.06984e-02 | 54 -0.00289 -5.74354e-02
 55  0.00491 -1.38571e-03 | 56  0.01089 -4.06400e-02 | 57  0.02121  7.52229e-03
 58  0.02823  9.18292e-03 | 59  0.02591 -2.61805e-03 | 60  0.02115  2.95677e-02
 61  0.01800 -5.99300e-03 | 62  0.01749  1.73002e-02 | 63  0.01873  4.32578e-02
 64  0.01768  1.38847e-02 | 65  0.02141  2.16235e-02 | 66  0.02246 -2.30769e-02
 67  0.02397 -4.17338e-02 | 68  0.02507 -3.41729e-02 | 69  0.02965 -6.09836e-02
 70  0.03088 -3.69077e-02 | 71  0.02737 -1.90849e-02 | 72  0.01943  2.85171e-02
 73  0.01943 -4.63953e-04 | 74  0.07284 -1.18808e-02 |
1 0 19340.3
B031161
0.3 0.485949
0.416528 0.389307
0.463306 0.358544
0.474616 0.351662
0.476869 0.350315
0.477298 0.350059
0.477379 0.350011
0.477394 0.350002
0.477397 0.35
0.477397 0.35
0.477397 0.35
0.477397 0.35
0.477397 0.35
0.477397 0.35
0.477397 0.35
0.477397 0.35
0.477397 0.35
0.477397 0.35
0.477397 0.35
0.477397 0.35
0.477397 0.35
FutMOrt0.100893
FutMOrt0.100893
FutMOrt0.100893
FutMOrt0.100893
FutMOrt0.100893
FutMOrt0.100893
FutMOrt0.100893
FutMOrt0.100893
FutMOrt0.100893
FutMOrt0.100893
2 0 19340.3

Initial statistics: 78 variables; iteration 0; function evaluation 0; phase 2
Function value   1.9340259e+04; maximum gradient component mag   1.6497e+02
Var   Value    Gradient   |Var   Value    Gradient   |Var   Value    Gradient
  1 -0.80474 -2.99120e+01 |  2 -0.60571 -5.58247e+01 |  3  0.25464  1.22395e-02
  4  0.19141 -1.13322e-02 |  5  0.13870  5.93592e-03 |  6  0.10147  4.40175e-03
  7  0.07495  1.41754e-03 |  8  0.05521 -2.51437e-03 |  9  0.03995 -8.62533e-04
 10  0.02788 -5.39135e-04 | 11  0.01822  5.56402e-04 | 12  0.01051  3.30825e-04
 13  0.00443  1.41391e-03 | 14 -0.00023  8.68344e-04 | 15 -0.00362  4.38471e-04
 16 -0.00584 -6.41775e-05 | 17 -0.00693 -1.44543e-03 | 18  0.05528 -4.10573e-02
 19 -0.00327 -2.31737e-02 | 20 -0.00298 -4.19648e-02 | 21  0.00495 -5.07362e-02
 22  0.00205  3.84056e-02 | 23 -0.00673  2.77874e-02 | 24  0.00195  4.68389e-02
 25 -0.00113  1.57149e-02 | 26 -0.00093 -1.69291e-02 | 27 -0.00732 -8.19063e-03
 28 -0.00424 -8.32285e-03 | 29  0.00034 -1.31781e-02 | 30 -0.00170 -3.29939e-03
 31 -0.00256 -1.11870e-05 | 32 -0.00039  1.32221e-02 | 33  0.00314 -5.93488e-03
 34  0.00275 -1.05102e-02 | 35  0.00093  1.15805e-02 | 36 -0.00123  1.18484e-02
 37  0.00238  1.99372e-02 | 38  0.00182  1.69174e-02 | 39  0.00144  2.17479e-02
 40 -0.00001  1.62114e-02 | 41  0.00020 -2.65598e-02 | 42 -0.00153  3.17780e-03
 43 -0.00236 -6.52970e-02 | 44 -0.00181  4.03641e-02 | 45  0.00395 -2.91677e-02
 46  0.01228  1.95201e-02 | 47  0.14352  1.11880e-02 | 48 -0.06845  2.50674e-02
 49 -0.06565 -6.58145e-03 | 50 -0.06948  6.68927e-02 | 51 -0.05537  4.56961e-02
 52 -0.04505  1.12221e-02 | 53 -0.04579 -1.49522e-02 | 54 -0.03329  6.66982e-03
 55 -0.01836  2.06203e-02 | 56 -0.00289 -5.75136e-02 | 57  0.00491 -1.46386e-03
 58  0.01089 -4.07182e-02 | 59  0.02121  7.44419e-03 | 60  0.02823  9.10485e-03
 61  0.02591 -2.69613e-03 | 62  0.02115  2.94896e-02 | 63  0.01800 -6.07111e-03
 64  0.01749  1.72221e-02 | 65  0.01873  4.31797e-02 | 66  0.01768  1.38066e-02
 67  0.02141  2.15454e-02 | 68  0.02246 -2.31550e-02 | 69  0.02397 -4.18119e-02
 70  0.02507 -3.42510e-02 | 71  0.02965 -6.10616e-02 | 72  0.03088 -3.69857e-02
 73  0.02737 -1.91630e-02 | 74  0.01943  2.84390e-02 | 75  0.01943 -5.42062e-04
 76  0.07284 -1.18808e-02 | 77 -0.69591  1.64970e+02 | 78 -0.62264  4.19194e+01
2 0 19340.2
2 0 19340.1
2 0 19340.3
2 0 19340.1
2 0 19340
2 0 19339.9
2 0 19340.3
2 0 19339.8
2 0 19339.8
2 0 19339.8
2 0 19339.7
2 0 19339.7
2 0 19339.7
2 0 19339.6

Intermediate statistics: 78 variables; iteration 10; function evaluation 14; phase 2
Function value   1.9339639e+04; maximum gradient component mag   5.9335e+02
Var   Value    Gradient   |Var   Value    Gradient   |Var   Value    Gradient
  1 -0.80145 -1.51649e+01 |  2 -0.59965 -3.22685e+01 |  3  0.25499  5.98790e+00
  4  0.19105 -3.24058e+00 |  5  0.13849  1.18208e-01 |  6  0.10137  3.53764e-01
  7  0.07490  1.96691e-01 |  8  0.05518  1.15166e-01 |  9  0.03993  7.72340e-02
 10  0.02786  5.71690e-02 | 11  0.01821  4.55874e-02 | 12  0.01050  3.80840e-02
 13  0.00442  3.33231e-02 | 14 -0.00024  2.96854e-02 | 15 -0.00363  2.69808e-02
 16 -0.00584  2.49585e-02 | 17 -0.00694  2.34046e-02 | 18  0.05493  7.96438e+01
 19 -0.00270 -1.80016e+01 | 20 -0.00293  2.66498e+01 | 21  0.00499  2.12193e+01
 22  0.00213  2.46883e+01 | 23 -0.00672 -1.93498e+01 | 24  0.00210  6.20483e+01
 25 -0.00108  1.69896e+00 | 26 -0.00078  3.61846e+01 | 27 -0.00721 -1.10336e+01
 28 -0.00416  6.67711e+00 | 29  0.00044  7.69273e+00 | 30 -0.00157  2.23940e+01
 31 -0.00254  1.02784e+01 | 32 -0.00042  1.19786e+01 | 33  0.00301 -2.97018e+01
 34  0.00262 -3.38238e+01 | 35  0.00079 -2.10904e+01 | 36 -0.00135 -1.57970e+01
 37  0.00233 -1.19692e+00 | 38  0.00169 -2.04723e+01 | 39  0.00132 -1.02944e+01
 40 -0.00009 -9.58435e+00 | 41  0.00015 -5.84844e+00 | 42 -0.00163 -1.32897e+01
 43 -0.00247 -9.65870e+00 | 44 -0.00190 -4.65740e-01 | 45  0.00383 -2.40215e+00
 46  0.01214 -9.77018e+00 | 47  0.14320  5.93350e+02 | 48 -0.06832  5.05322e+01
 49 -0.06572 -4.14138e+01 | 50 -0.06942  6.01134e+00 | 51 -0.05547 -1.41400e+01
 52 -0.04505  5.75793e+00 | 53 -0.04572  1.00184e+01 | 54 -0.03344 -4.07542e+01
 55 -0.01848 -4.25904e+01 | 56 -0.00293 -6.11065e+00 | 57  0.00488 -4.06116e+00
 58  0.01087  1.41589e+01 | 59  0.02129  4.07233e+01 | 60  0.02826  1.30228e+01
 61  0.02599  1.12965e+01 | 62  0.02118  1.19837e+01 | 63  0.01804  2.20237e+01
 64  0.01750  1.70945e+01 | 65  0.01867 -2.30771e+01 | 66  0.01781  3.63093e+01
 67  0.02137 -5.51202e+00 | 68  0.02249  2.27110e+01 | 69  0.02394 -9.63157e-01
 70  0.02516  3.02717e+01 | 71  0.02963  1.08298e+01 | 72  0.03087 -4.71620e+00
 73  0.02738 -2.96931e+01 | 74  0.01943 -4.04312e+01 | 75  0.01936 -2.86662e+01
 76  0.06976 -9.88154e+01 | 77 -0.69869  5.53932e+01 | 78 -0.62463  1.96229e+01
2 0 19339.6
2 0 19339.6
2 0 19339.6
2 0 19339.5
2 0 19339.4
2 0 19339.4
2 0 19339.3
2 0 19339.2
2 0 19339.1
2 0 19339
2 0 19339.2
2 0 19339
78 variables; iteration 20; function evaluation 26; phase 2
Function value   1.9338983e+04; maximum gradient component mag   3.7470e+02
Var   Value    Gradient   |Var   Value    Gradient   |Var   Value    Gradient
  1 -0.79225 -8.80498e+00 |  2 -0.57901 -2.52149e+01 |  3  0.25569  1.10237e+00
  4  0.19186 -3.30688e+00 |  5  0.13844 -3.90948e+00 |  6  0.10108 -2.07007e+00
  7  0.07473 -4.05719e-01 |  8  0.05510 -1.79416e-01 |  9  0.03988 -1.70137e-01
 10  0.02783 -1.56443e-01 | 11  0.01819 -1.37584e-01 | 12  0.01049 -1.21355e-01
 13  0.00441 -1.08416e-01 | 14 -0.00025 -9.94382e-02 | 15 -0.00364 -9.30804e-02
 16 -0.00585 -8.87884e-02 | 17 -0.00694 -8.67981e-02 | 18  0.05432  1.03977e+02
 19 -0.00314 -1.94405e+01 | 20 -0.00276  6.37235e+01 | 21  0.00508  1.40119e+00
 22  0.00217 -1.39348e+01 | 23 -0.00662  4.69148e+01 | 24  0.00211  8.22782e+01
 25 -0.00106  4.33471e+01 | 26 -0.00098  1.93862e+01 | 27 -0.00741 -3.98290e+01
 28 -0.00424 -5.15730e+00 | 29  0.00036 -1.24381e+01 | 30 -0.00168  1.54027e+01
 31 -0.00258  1.26357e+01 | 32 -0.00038  1.70632e+01 | 33  0.00312 -4.32677e+00
 34  0.00268 -4.90593e+00 | 35  0.00077 -1.88712e+01 | 36 -0.00143 -2.42753e+01
 37  0.00221 -3.19375e+01 | 38  0.00163 -3.74099e+01 | 39  0.00124 -2.32260e+01
 40 -0.00022 -2.58718e+01 | 41 -0.00004 -4.09706e+01 | 42 -0.00180 -4.15521e+01
 43 -0.00251 -1.74123e+00 | 44 -0.00185 -2.17162e+01 | 45  0.00423  6.60103e+01
 46  0.01309 -7.28922e+00 | 47  0.14444  3.74698e+02 | 48 -0.06837  4.05980e+01
 49 -0.06565  3.34966e+00 | 50 -0.06941  5.68431e+01 | 51 -0.05525  1.35046e+02
 52 -0.04493  1.05211e+02 | 53 -0.04572  1.99508e+01 | 54 -0.03333 -4.97108e+01
 55 -0.01849 -1.00875e+02 | 56 -0.00299 -6.10656e+01 | 57  0.00489 -8.86214e+00
 58  0.01095  3.78995e+01 | 59  0.02125  2.90250e+01 | 60  0.02821  2.68177e+00
 61  0.02596  1.40515e+01 | 62  0.02122  2.45436e+01 | 63  0.01808  2.76599e+01
 64  0.01756  3.02557e+01 | 65  0.01867 -5.02333e+00 | 66  0.01776  3.85200e+01
 67  0.02140  1.83395e+01 | 68  0.02252  3.65686e+01 | 69  0.02399  1.71600e+01
 70  0.02517  4.13056e+01 | 71  0.02962  1.37122e+01 | 72  0.03084  2.03640e+00
 73  0.02723 -1.16262e+01 | 74  0.01908 -2.23877e+01 | 75  0.01991  2.29734e+00
 76  0.07924 -4.59247e+01 | 77 -0.69382  3.94900e+01 | 78 -0.63228  6.34560e+00
2 0 19339
2 0 19339
2 0 19339
2 0 19339
2 0 19339
2 0 19339
2 0 19338.9
2 0 19339
2 0 19338.9
2 0 19338.9
2 0 19338.9
2 0 19338.9
78 variables; iteration 30; function evaluation 38; phase 2
Function value   1.9338925e+04; maximum gradient component mag   2.4867e+02
Var   Value    Gradient   |Var   Value    Gradient   |Var   Value    Gradient
  1 -0.79265 -8.87347e+00 |  2 -0.57429 -2.52382e+01 |  3  0.25617  1.28700e+00
  4  0.19276 -2.91818e-01 |  5  0.14011  3.37700e+00 |  6  0.10220 -1.43715e-01
  7  0.07510 -1.61871e+00 |  8  0.05523 -6.45097e-01 |  9  0.03999 -9.12079e-02
 10  0.02793 -2.20281e-02 | 11  0.01828 -3.04965e-02 | 12  0.01056 -3.41455e-02
 13  0.00448 -3.22758e-02 | 14 -0.00019 -2.98043e-02 | 15 -0.00358 -2.75228e-02
 16 -0.00580 -2.60717e-02 | 17 -0.00689 -2.63037e-02 | 18  0.05440  1.08787e+02
 19 -0.00295 -1.59187e+01 | 20 -0.00268  8.41858e+01 | 21  0.00506  4.29557e+00
 22  0.00201 -4.47880e+01 | 23 -0.00671  2.68341e+01 | 24  0.00209  9.69007e+01
 25 -0.00105  2.68500e+01 | 26 -0.00087  4.77663e+01 | 27 -0.00745 -4.53299e+01
 28 -0.00436 -1.22484e+01 | 29  0.00031  4.85016e+00 | 30 -0.00179 -8.70729e+00
 31 -0.00273  8.19951e+00 | 32 -0.00049 -3.48822e+00 | 33  0.00304 -2.58761e+01
 34  0.00252 -4.67832e+01 | 35  0.00060 -3.16519e+01 | 36 -0.00159 -3.43175e+01
 37  0.00222 -6.98861e+00 | 38  0.00171 -3.38533e+01 | 39  0.00144  1.25573e+01
 40 -0.00003  5.12985e+00 | 41  0.00016  1.51768e+01 | 42 -0.00178 -3.87779e+01
 43 -0.00258 -8.79816e+00 | 44 -0.00192 -2.95671e+01 | 45  0.00424  2.48826e+01
 46  0.01356  1.49729e+01 | 47  0.14461  2.48666e+02 | 48 -0.06853 -4.03333e+01
 49 -0.06552  1.42371e+00 | 50 -0.06940  1.92672e+01 | 51 -0.05529  9.59616e+01
 52 -0.04490  1.02554e+02 | 53 -0.04580 -2.12567e+01 | 54 -0.03333 -5.59607e+01
 55 -0.01836 -8.62561e+01 | 56 -0.00288 -3.80498e+01 | 57  0.00486 -3.24022e+01
 58  0.01100  2.42496e+01 | 59  0.02135  4.00484e+01 | 60  0.02813 -4.41601e+01
 61  0.02599  1.37804e+01 | 62  0.02131  5.14211e+01 | 63  0.01814  4.93638e+01
 64  0.01757  2.32702e+01 | 65  0.01851 -7.40917e+01 | 66  0.01772 -3.38624e+00
 67  0.02132 -2.70459e+01 | 68  0.02257  3.11882e+01 | 69  0.02401 -2.56756e+00
 70  0.02531  4.25658e+01 | 71  0.02965 -1.77426e+01 | 72  0.03081 -4.01738e+01
 73  0.02711 -4.89285e+01 | 74  0.01890 -1.38668e+01 | 75  0.01920 -1.26292e+01
 76  0.08087 -2.49837e+01 | 77 -0.69341  3.75321e+01 | 78 -0.63114  4.88216e+00
2 0 19338.9
2 0 19338.9
2 0 19338.9
2 0 19338.9
2 0 19338.9
2 0 19338.8
2 0 19338.8
2 0 19338.9
2 0 19338.8
2 0 19338.8
2 0 19338.7
78 variables; iteration 40; function evaluation 49; phase 2
Function value   1.9338746e+04; maximum gradient component mag   1.6014e+02
Var   Value    Gradient   |Var   Value    Gradient   |Var   Value    Gradient
  1 -0.79985 -1.43384e+01 |  2 -0.55919 -2.84230e+01 |  3  0.25652  6.94332e+00
  4  0.19342  6.75507e+00 |  5  0.14090  4.36398e-01 |  6  0.10497  9.01632e+00
  7  0.07802  5.52857e+00 |  8  0.05674 -1.38161e+00 |  9  0.04059 -1.86390e+00
 10  0.02828 -4.32664e-01 | 11  0.01858  1.08544e-01 | 12  0.01084  1.46580e-01
 13  0.00473  1.14682e-01 | 14  0.00005  9.48785e-02 | 15 -0.00336  8.50786e-02
 16 -0.00559  7.88887e-02 | 17 -0.00669  7.56195e-02 | 18  0.05451  1.60136e+02
 19 -0.00323 -4.31115e+01 | 20 -0.00275  6.81681e+01 | 21  0.00513  1.42334e+01
 22  0.00213 -1.02518e+01 | 23 -0.00669  1.27283e+01 | 24  0.00207  7.46696e+01
 25 -0.00109  3.54712e+01 | 26 -0.00083  8.15587e+01 | 27 -0.00758 -8.35621e+01
 28 -0.00443 -1.17146e+01 | 29  0.00030  9.26502e-01 | 30 -0.00174 -2.11497e+01
 31 -0.00258  7.18436e+01 | 32 -0.00050 -2.79735e+01 | 33  0.00309 -1.07943e+01
 34  0.00265 -5.80347e+00 | 35  0.00078  2.34217e+01 | 36 -0.00148 -9.12192e+00
 37  0.00224 -1.36043e+01 | 38  0.00174 -5.37113e+01 | 39  0.00151  2.49261e+01
 40  0.00001  1.75829e+01 | 41  0.00012  1.87785e+01 | 42 -0.00188 -5.80743e+01
 43 -0.00265 -3.01169e+01 | 44 -0.00196 -5.37776e+01 | 45  0.00425  3.25871e+01
 46  0.01343  4.43157e-02 | 47  0.14515 -1.45915e+02 | 48 -0.06864 -4.16757e+01
 49 -0.06556  2.74603e+01 | 50 -0.06944  3.26449e+01 | 51 -0.05527  8.33491e+01
 52 -0.04489  1.27491e+02 | 53 -0.04570  3.98463e+01 | 54 -0.03341 -6.99999e+01
 55 -0.01826 -8.91851e+01 | 56 -0.00286 -3.03974e+01 | 57  0.00479 -4.06164e+01
 58  0.01095  3.63760e+01 | 59  0.02141  8.93784e+01 | 60  0.02815 -3.23827e+01
 61  0.02595  3.01883e+01 | 62  0.02123  3.88677e+01 | 63  0.01807  1.55150e+01
 64  0.01758 -7.87044e+00 | 65  0.01847 -1.10736e+02 | 66  0.01762 -3.35650e+01
 67  0.02127 -3.48001e+01 | 68  0.02259  3.27552e+01 | 69  0.02402 -1.42911e+01
 70  0.02529  1.66761e+01 | 71  0.02957 -6.02402e+01 | 72  0.03080 -4.13203e+01
 73  0.02706 -4.12160e+01 | 74  0.01888 -2.05593e+00 | 75  0.01977  9.91516e+00
 76  0.08467  6.04379e+01 | 77 -0.69400  5.21604e-01 | 78 -0.61988 -4.70500e+00
2 0 19338.7
2 0 19338.7
2 0 19338.8
2 0 19338.7
2 0 19338.7
2 0 19338.7
2 0 19338.7
2 0 19338.7
2 0 19338.6
2 0 19338.7
2 0 19338.6
2 0 19338.6
2 0 19338.6
78 variables; iteration 50; function evaluation 62; phase 2
Function value   1.9338645e+04; maximum gradient component mag  -5.5046e+02
Var   Value    Gradient   |Var   Value    Gradient   |Var   Value    Gradient
  1 -0.80498 -1.88791e+01 |  2 -0.54880 -3.03930e+01 |  3  0.25643 -1.87916e+01
  4  0.19381  6.65521e+00 |  5  0.14112  2.89082e+00 |  6  0.10391  1.63979e+00
  7  0.07740  7.10123e-01 |  8  0.05779  3.57421e+00 |  9  0.04180  8.29232e-01
 10  0.02887 -1.38192e+00 | 11  0.01882 -8.72602e-01 | 12  0.01100 -1.94187e-01
 13  0.00487  2.62915e-03 | 14  0.00018  1.39509e-02 | 15 -0.00324  3.68241e-03
 16 -0.00547 -1.46125e-03 | 17 -0.00657 -4.39917e-03 | 18  0.05458  2.15978e+02
 19 -0.00331 -1.71065e+01 | 20 -0.00265  8.08713e+01 | 21  0.00517  2.03979e+01
 22  0.00206 -3.07407e+01 | 23 -0.00676  6.94762e+00 | 24  0.00199  7.08581e+01
 25 -0.00122  7.84942e-01 | 26 -0.00091  6.88715e+01 | 27 -0.00755 -7.10968e+01
 28 -0.00440 -1.80488e+01 | 29  0.00039  1.61365e+01 | 30 -0.00168 -1.04663e+01
 31 -0.00268  5.23650e+01 | 32 -0.00058 -4.25571e+01 | 33  0.00308 -2.19670e+01
 34  0.00270  3.13666e+01 | 35  0.00076  5.40814e+00 | 36 -0.00149 -7.03190e+00
 37  0.00216 -2.73009e+01 | 38  0.00163 -7.86520e+01 | 39  0.00150  1.19213e+01
 40  0.00010  3.58730e+01 | 41  0.00019  2.46614e+01 | 42 -0.00180 -4.12558e+01
 43 -0.00249  6.33014e-01 | 44 -0.00182 -2.74371e+01 | 45  0.00431  3.55056e+01
 46  0.01340 -2.00348e+01 | 47  0.14551 -5.50464e+02 | 48 -0.06858 -3.23917e+01
 49 -0.06556  2.19909e+01 | 50 -0.06937  4.81931e+01 | 51 -0.05524  8.29034e+01
 52 -0.04486  1.26563e+02 | 53 -0.04570  3.17695e+01 | 54 -0.03341 -6.49767e+01
 55 -0.01828 -9.53838e+01 | 56 -0.00285 -3.47457e+01 | 57  0.00474 -5.36226e+01
 58  0.01101  4.99460e+01 | 59  0.02152  1.09637e+02 | 60  0.02813 -3.94683e+01
 61  0.02589  2.25665e+01 | 62  0.02122  3.70859e+01 | 63  0.01807  3.01189e+00
 64  0.01762  3.76838e-01 | 65  0.01851 -1.00372e+02 | 66  0.01761 -3.61106e+01
 67  0.02116 -6.57245e+01 | 68  0.02256  3.05322e+01 | 69  0.02406 -2.56318e+00
 70  0.02530  1.84618e+01 | 71  0.02950 -9.05647e+01 | 72  0.03084 -4.84915e+01
 73  0.02712 -2.95701e+01 | 74  0.01886  9.20161e+00 | 75  0.01955  2.83463e+01
 76  0.08734  1.58213e+02 | 77 -0.69457 -4.21892e+01 | 78 -0.61140 -1.36532e+01
2 0 19338.6
2 0 19338.6
2 0 19338.6
2 0 19338.6
2 0 19338.6
2 0 19338.6
2 0 19338.6
2 0 19338.6
2 0 19338.6
2 0 19338.6
2 0 19338.6
2 0 19338.6
2 0 19338.6
2 0 19338.6
2 0 19338.6
78 variables; iteration 60; function evaluation 77; phase 2
Function value   1.9338634e+04; maximum gradient component mag  -6.1148e+02
Var   Value    Gradient   |Var   Value    Gradient   |Var   Value    Gradient
  1 -0.80641 -1.96318e+01 |  2 -0.54691 -3.06152e+01 |  3  0.25631 -2.45016e+01
  4  0.19369  4.61614e+00 |  5  0.14113  4.22501e+00 |  6  0.10341 -4.23118e-02
  7  0.07667  3.86840e+00 |  8  0.05568 -5.30708e+00 |  9  0.04072 -1.69679e+00
 10  0.02946  3.42858e+00 | 11  0.01963  1.26510e+00 | 12  0.01140 -6.63559e-01
 13  0.00501 -6.91983e-01 | 14  0.00024 -2.71450e-01 | 15 -0.00319 -8.01807e-02
 16 -0.00542 -4.50736e-02 | 17 -0.00652 -4.67211e-02 | 18  0.05456  2.25532e+02
 19 -0.00342 -1.25957e+01 | 20 -0.00265  7.96999e+01 | 21  0.00515  1.57657e+01
 22  0.00203 -3.97312e+01 | 23 -0.00675  9.29368e+00 | 24  0.00201  7.46190e+01
 25 -0.00121  3.75967e+00 | 26 -0.00093  6.03874e+01 | 27 -0.00753 -6.75258e+01
 28 -0.00442 -2.01010e+01 | 29  0.00036  9.77501e+00 | 30 -0.00167 -6.25406e+00
 31 -0.00266  4.93628e+01 | 32 -0.00056 -3.99715e+01 | 33  0.00311 -1.13916e+01
 34  0.00271  3.17575e+01 | 35  0.00077  3.64273e+00 | 36 -0.00148  1.10337e+00
 37  0.00216 -3.53035e+01 | 38  0.00165 -7.61925e+01 | 39  0.00153  1.91738e+01
 40  0.00012  3.76638e+01 | 41  0.00017  2.32116e+01 | 42 -0.00182 -4.89248e+01
 43 -0.00250  2.17340e+00 | 44 -0.00182 -2.70853e+01 | 45  0.00431  3.35656e+01
 46  0.01341 -2.33880e+01 | 47  0.14556 -6.11484e+02 | 48 -0.06856 -3.00476e+01
 49 -0.06555  2.06756e+01 | 50 -0.06936  5.05203e+01 | 51 -0.05527  7.54031e+01
 52 -0.04485  1.28864e+02 | 53 -0.04568  3.53813e+01 | 54 -0.03340 -6.75800e+01
 55 -0.01830 -9.97471e+01 | 56 -0.00281 -2.48892e+01 | 57  0.00474 -5.16583e+01
 58  0.01098  4.11903e+01 | 59  0.02152  1.07952e+02 | 60  0.02814 -3.41893e+01
 61  0.02591  3.09724e+01 | 62  0.02123  3.72836e+01 | 63  0.01807  2.78847e+00
 64  0.01763  1.26025e+00 | 65  0.01849 -1.09433e+02 | 66  0.01761 -3.37661e+01
 67  0.02117 -6.01533e+01 | 68  0.02257  3.16492e+01 | 69  0.02409  3.53952e+00
 70  0.02529  1.39642e+01 | 71  0.02949 -9.57764e+01 | 72  0.03084 -5.28158e+01
 73  0.02710 -3.76889e+01 | 74  0.01886  1.22722e+01 | 75  0.01950  3.10614e+01
 76  0.08770  1.74408e+02 | 77 -0.69466 -4.92790e+01 | 78 -0.61020 -1.50420e+01
2 0 19338.6
2 0 19338.6
2 0 19338.6
2 0 19338.6
2 0 19338.6
2 0 19338.6
2 0 19338.6
2 0 19338.6
2 0 19338.6
2 0 19338.6
2 0 19338.6
2 0 19338.6
2 0 19338.6
2 0 19338.7
2 0 19338.6
2 0 19338.6
2 0 19338.6
78 variables; iteration 70; function evaluation 94; phase 2
Function value   1.9338623e+04; maximum gradient component mag  -5.0377e+02
Var   Value    Gradient   |Var   Value    Gradient   |Var   Value    Gradient
  1 -0.81101 -1.97484e+01 |  2 -0.54496 -3.06707e+01 |  3  0.25619 -2.38601e+01
  4  0.19355  3.86879e+00 |  5  0.14086  3.99794e+00 |  6  0.10288 -5.81441e-01
  7  0.07587  2.66295e+00 |  8  0.05481 -5.96713e+00 |  9  0.03988 -1.34832e+00
 10  0.02846  2.36103e+00 | 11  0.01872 -2.14903e-01 | 12  0.01096 -1.45655e+00
 13  0.00525 -1.61658e+00 | 14  0.00144  2.84258e+00 | 15 -0.00193  1.89362e+00
 16 -0.00467 -7.08118e-01 | 17 -0.00608 -1.04940e+00 | 18  0.05448  2.18258e+02
 19 -0.00349 -1.44123e+01 | 20 -0.00266  7.90227e+01 | 21  0.00515  1.49340e+01
 22  0.00202 -3.74138e+01 | 23 -0.00675  7.81110e+00 | 24  0.00202  7.46526e+01
 25 -0.00120  8.61449e+00 | 26 -0.00093  5.86628e+01 | 27 -0.00751 -6.41156e+01
 28 -0.00442 -2.23714e+01 | 29  0.00038  1.48073e+01 | 30 -0.00167 -6.47404e+00
 31 -0.00267  4.79949e+01 | 32 -0.00056 -3.96052e+01 | 33  0.00311 -1.25228e+01
 34  0.00272  3.33604e+01 | 35  0.00078  5.67488e+00 | 36 -0.00149  5.56867e-01
 37  0.00213 -3.96610e+01 | 38  0.00165 -7.27384e+01 | 39  0.00152  1.52309e+01
 40  0.00011  3.82296e+01 | 41  0.00017  2.31965e+01 | 42 -0.00181 -4.66602e+01
 43 -0.00249  2.17703e+00 | 44 -0.00184 -2.98628e+01 | 45  0.00430  2.97136e+01
 46  0.01349 -1.96195e+01 | 47  0.14547 -5.03773e+02 | 48 -0.06855 -3.12201e+01
 49 -0.06554  2.12903e+01 | 50 -0.06935  5.13332e+01 | 51 -0.05526  7.49010e+01
 52 -0.04485  1.26508e+02 | 53 -0.04567  3.60130e+01 | 54 -0.03339 -6.83612e+01
 55 -0.01830 -1.01479e+02 | 56 -0.00278 -1.97218e+01 | 57  0.00473 -5.87901e+01
 58  0.01101  4.69237e+01 | 59  0.02153  1.07618e+02 | 60  0.02814 -3.47886e+01
 61  0.02592  3.25143e+01 | 62  0.02124  3.77142e+01 | 63  0.01809  5.33692e+00
 64  0.01766  7.55350e+00 | 65  0.01850 -1.08485e+02 | 66  0.01760 -3.85047e+01
 67  0.02119 -6.04432e+01 | 68  0.02260  3.80546e+01 | 69  0.02410  2.52031e+00
 70  0.02528  1.06061e+01 | 71  0.02952 -8.99505e+01 | 72  0.03086 -4.69816e+01
 73  0.02710 -4.00168e+01 | 74  0.01881  6.14107e+00 | 75  0.01924  2.47472e+01
 76  0.08716  1.56159e+02 | 77 -0.69435 -4.24650e+01 | 78 -0.61259 -1.41107e+01
2 0 19338.6
2 0 19338.6
2 0 19338.6
2 0 19338.6
2 0 19338.6
2 0 19338.6
2 0 19338.6
2 0 19338.6
2 0 19338.5
2 0 19338.4
2 0 19338.1
2 0 19337.6
78 variables; iteration 80; function evaluation 106; phase 2
Function value   1.9337643e+04; maximum gradient component mag  -5.2495e+02
Var   Value    Gradient   |Var   Value    Gradient   |Var   Value    Gradient
  1 -0.86211 -1.16619e+01 |  2 -0.48441 -1.52479e+01 |  3  0.25806 -1.38138e+01
  4  0.19486  6.21609e+00 |  5  0.14158  1.66021e+00 |  6  0.10381 -1.52582e+00
  7  0.07740  4.11261e+00 |  8  0.05669 -4.93254e-01 |  9  0.04062 -3.41614e+00
 10  0.02872  1.01204e+00 | 11  0.01892  2.87028e+00 | 12  0.01018 -2.84800e+00
 13  0.00388 -2.08414e+00 | 14 -0.00045  2.98607e+00 | 15 -0.00443  1.06214e+00
 16 -0.00760 -5.27193e+00 | 17 -0.00814  1.64020e+00 | 18  0.05302  1.75193e+02
 19 -0.00278 -1.12703e+01 | 20 -0.00274  3.45988e+01 | 21  0.00514  1.41338e+01
 22  0.00205 -1.86189e+01 | 23 -0.00684 -1.03483e-01 | 24  0.00193  3.31146e+01
 25 -0.00124 -2.71416e+00 | 26 -0.00118  1.65650e+01 | 27 -0.00768 -2.94761e+01
 28 -0.00451 -9.92247e+00 | 29  0.00020  5.99261e+00 | 30 -0.00182 -5.92893e+00
 31 -0.00268  1.41575e+01 | 32 -0.00043 -9.05487e+00 | 33  0.00324  3.64777e+00
 34  0.00278  1.59975e+01 | 35  0.00087  4.80461e+00 | 36 -0.00133 -1.44003e+00
 37  0.00233 -1.26762e+01 | 38  0.00188 -2.47266e+01 | 39  0.00155  1.02229e+01
 40  0.00008  1.52650e+01 | 41  0.00020  1.07099e+01 | 42 -0.00163 -1.86425e+01
 43 -0.00239 -1.55659e-01 | 44 -0.00175 -6.91748e+00 | 45  0.00419  1.65645e+01
 46  0.01260 -2.94515e+01 | 47  0.14601 -5.24955e+02 | 48 -0.06845 -6.33630e+00
 49 -0.06571  3.11089e+00 | 50 -0.06945  2.57439e+01 | 51 -0.05518  3.20423e+01
 52 -0.04500  4.44076e+01 | 53 -0.04571  1.79850e+01 | 54 -0.03319 -2.34222e+01
 55 -0.01814 -3.42217e+01 | 56 -0.00275 -6.36474e+00 | 57  0.00484 -2.38383e+01
 58  0.01096  1.80265e+01 | 59  0.02136  4.23493e+01 | 60  0.02815 -1.96370e+01
 61  0.02580  9.48466e+00 | 62  0.02115  1.44698e+01 | 63  0.01800 -2.30001e+00
 64  0.01756  2.68537e+00 | 65  0.01856 -4.40170e+01 | 66  0.01755 -1.49029e+01
 67  0.02130 -2.49723e+01 | 68  0.02251  1.39463e+01 | 69  0.02402 -2.90009e+00
 70  0.02517  4.70243e+00 | 71  0.02965 -3.48439e+01 | 72  0.03087 -2.38480e+01
 73  0.02716 -1.91123e+01 | 74  0.01905  1.17267e+01 | 75  0.01946  2.76447e+01
 76  0.08995  1.43818e+02 | 77 -0.69543 -6.83721e+01 | 78 -0.60242 -2.03910e+01
2 0 19337.2
2 0 19337.3
2 0 19337.2
2 0 19337.1
2 0 19337
2 0 19336.8
2 0 19336.5
2 0 19335.8
2 0 20074
2 0 19335.8
2 0 19335.6
2 0 19352.7
2 0 19335.9
2 0 19335.5
2 0 19335.4
2 0 19335.1
78 variables; iteration 90; function evaluation 122; phase 2
Function value   1.9335144e+04; maximum gradient component mag  -1.5773e+03
Var   Value    Gradient   |Var   Value    Gradient   |Var   Value    Gradient
  1 -0.76686  6.93686e+00 |  2 -0.37051  5.45466e+00 |  3  0.26432 -2.84863e+01
  4  0.19839 -1.91330e+00 |  5  0.14503 -1.33953e+00 |  6  0.10703 -2.75531e+00
  7  0.08005 -2.02558e+00 |  8  0.06016 -1.64018e+00 |  9  0.04507 -6.45818e-01
 10  0.03326  5.07060e-01 | 11  0.02368  5.06739e-01 | 12  0.01585 -7.67408e-01
 13  0.00987 -4.03454e-01 | 14  0.00540  8.18248e-01 | 15  0.00195  6.04223e-01
 16 -0.00051 -1.34803e+00 | 17 -0.00145  4.45924e-01 | 18  0.05376  1.04668e+02
 19 -0.00296  1.92215e+01 | 20 -0.00228  2.15265e+01 | 21  0.00562  1.70343e+01
 22  0.00210 -2.73474e+01 | 23 -0.00707 -1.48727e+00 | 24  0.00185  2.24545e+01
 25 -0.00147 -2.10185e+01 | 26 -0.00203 -1.56811e+00 | 27 -0.00858 -1.63186e+01
 28 -0.00508 -3.23537e+00 | 29 -0.00030 -1.58903e+00 | 30 -0.00226 -1.10965e+01
 31 -0.00280  5.52432e+00 | 32 -0.00018  1.06823e+01 | 33  0.00373  1.45939e+01
 34  0.00306  1.48326e+01 | 35  0.00098  5.97817e+00 | 36 -0.00113 -2.70562e+00
 37  0.00271 -1.29390e+00 | 38  0.00243 -1.43579e+01 | 39  0.00188  1.03843e+01
 40  0.00032  7.52230e+00 | 41  0.00039  4.10723e+00 | 42 -0.00139 -8.95926e+00
 43 -0.00210  5.42536e+00 | 44 -0.00134  5.45867e+00 | 45  0.00453  1.62007e+01
 46  0.01140 -5.80277e+01 | 47  0.15210 -1.57733e+03 | 48 -0.06834  6.29908e+00
 49 -0.06602 -3.48715e+00 | 50 -0.06950  1.38052e+01 | 51 -0.05476  1.74385e+01
 52 -0.04511  1.07117e+01 | 53 -0.04555  1.22440e+01 | 54 -0.03261  3.55520e+00
 55 -0.01737  3.83373e-01 | 56 -0.00235  1.33055e+00 | 57  0.00497 -9.49071e+00
 58  0.01107  1.17382e+01 | 59  0.02136  1.91388e+01 | 60  0.02799 -2.16799e+01
 61  0.02543 -1.49771e+01 | 62  0.02089 -1.63851e+01 | 63  0.01790 -1.92910e+01
 64  0.01745 -6.57158e+00 | 65  0.01830 -2.58559e+01 | 66  0.01726 -6.76982e+00
 67  0.02122 -1.47198e+01 | 68  0.02241  5.24269e-01 | 69  0.02396 -8.66287e+00
 70  0.02519 -5.22617e+00 | 71  0.02976 -2.13686e+01 | 72  0.03087 -2.62089e+01
 73  0.02692 -2.26510e+01 | 74  0.01914  2.63152e+01 | 75  0.01901  7.56842e+01
 76  0.12319  2.90547e+02 | 77 -0.68179 -7.07314e+01 | 78 -0.50021 -2.29688e-01
2 0 19334.7
2 0 19334.2
2 0 19333.6
2 0 19334.3
2 0 19333.4
2 0 19333.2
2 0 19333.1
2 0 19332.9
2 0 19332.6
2 0 19332.4
2 0 19332.2
78 variables; iteration 100; function evaluation 133; phase 2
Function value   1.9332200e+04; maximum gradient component mag  -1.4751e+03
Var   Value    Gradient   |Var   Value    Gradient   |Var   Value    Gradient
  1 -0.61010  2.14441e+01 |  2 -0.14736  1.07449e+01 |  3  0.28081 -7.04761e+00
  4  0.20837 -9.00994e+00 |  5  0.15451 -1.75714e+00 |  6  0.11684 -4.27752e-01
  7  0.08971 -3.41412e-01 |  8  0.06938 -6.83910e-01 |  9  0.05376  8.41674e-01
 10  0.04115  2.04473e-01 | 11  0.03099 -6.85917e-01 | 12  0.02304  4.29244e-01
 13  0.01665  3.85773e-01 | 14  0.01161 -1.13502e+00 | 15  0.00821  1.14763e-01
 16  0.00600  5.80937e-01 | 17  0.00477 -3.58390e-01 | 18  0.05673 -1.72514e+01
 19 -0.00182  1.63078e+01 | 20 -0.00113  3.84488e+01 | 21  0.00657  5.25646e+00
 22  0.00214 -1.27772e+01 | 23 -0.00766 -2.34477e+00 | 24  0.00143  3.33025e-01
 25 -0.00216 -1.06871e+01 | 26 -0.00379  4.94359e+00 | 27 -0.01042 -1.42390e+01
 28 -0.00639 -3.56319e+00 | 29 -0.00152  1.05565e+00 | 30 -0.00338 -1.72706e+01
 31 -0.00326 -9.52408e+00 | 32  0.00014  2.26151e+00 | 33  0.00464  2.04031e+00
 34  0.00347  5.63974e+00 | 35  0.00096 -4.12967e+00 | 36 -0.00099 -6.93244e+00
 37  0.00319 -9.54615e-01 | 38  0.00337 -4.61568e+00 | 39  0.00252  1.60689e+01
 40  0.00082  2.94901e+00 | 41  0.00071 -1.02497e+00 | 42 -0.00108 -1.25663e+01
 43 -0.00154  1.53398e+01 | 44 -0.00046  1.08970e+01 | 45  0.00537  3.60422e+01
 46  0.01029 -5.63655e+01 | 47  0.16609 -1.47511e+03 | 48 -0.06854  1.26961e+01
 49 -0.06677  5.63394e+00 | 50 -0.06958  1.65545e+01 | 51 -0.05370  3.83704e-01
 52 -0.04494  4.03054e+00 | 53 -0.04506  1.14086e+00 | 54 -0.03117 -2.53815e+01
 55 -0.01549 -2.65928e+01 | 56 -0.00112 -1.59118e+01 | 57  0.00557 -2.18349e+01
 58  0.01162 -5.80787e+00 | 59  0.02159  9.87841e+00 | 60  0.02761 -1.33869e+00
 61  0.02445  3.14864e+00 | 62  0.02036 -2.09644e+00 | 63  0.01774 -3.36602e+00
 64  0.01723  4.18673e+00 | 65  0.01761  9.54002e+00 | 66  0.01636  1.53347e+01
 67  0.02083 -5.68367e-01 | 68  0.02216 -3.28352e+00 | 69  0.02384  1.16993e+00
 70  0.02522  1.56374e+01 | 71  0.02976 -2.64473e+00 | 72  0.03061 -1.42903e+01
 73  0.02613 -2.80517e+01 | 74  0.01859 -4.46774e+00 | 75  0.01865  7.36527e+01
 76  0.17251  2.68128e+02 | 77 -0.60144  9.27317e+00 | 78 -0.33113  2.71642e+01
2 0 19332
2 0 19331.7
2 0 19331.4
2 0 19331.1
2 0 19331.5
2 0 19331
2 0 19330.8
2 0 19330.4
2 0 19329.9
2 0 19329.3
2 0 19329.4
2 0 19329.2
78 variables; iteration 110; function evaluation 145; phase 2
Function value   1.9329236e+04; maximum gradient component mag   1.2541e+02
Var   Value    Gradient   |Var   Value    Gradient   |Var   Value    Gradient
  1 -0.54810 -2.87976e+01 |  2 -0.20051  1.10380e+00 |  3  0.29193 -3.45518e+00
  4  0.21643 -2.76115e+00 |  5  0.16022 -8.00411e-01 |  6  0.12102 -4.06670e-01
  7  0.09284 -8.38901e-01 |  8  0.07189 -9.10490e-01 |  9  0.05590  3.03743e-01
 10  0.04321  4.41095e-01 | 11  0.03300 -1.33817e-02 | 12  0.02489  6.48474e-02
 13  0.01852  2.27062e-01 | 14  0.01361  4.67550e-02 | 15  0.01005  3.69160e-01
 16  0.00766 -1.29715e-01 | 17  0.00650  7.11556e-02 | 18  0.06084  4.15049e+01
 19 -0.00189  1.35168e+01 | 20 -0.00016  2.20544e+01 | 21  0.00727 -5.59383e+00
 22  0.00224 -2.44365e+00 | 23 -0.00786 -6.37994e-01 | 24  0.00133 -4.15280e+00
 25 -0.00244  1.04378e+01 | 26 -0.00459  1.54170e+01 | 27 -0.01128 -9.76500e+00
 28 -0.00706 -6.94588e+00 | 29 -0.00215  4.87595e+00 | 30 -0.00386 -8.12010e-01
 31 -0.00339  4.11223e-01 | 32  0.00038  2.51975e-01 | 33  0.00512  4.75038e-01
 34  0.00367  1.46506e+01 | 35  0.00098  7.16516e+00 | 36 -0.00085  8.76332e+00
 37  0.00361  6.76662e-01 | 38  0.00400 -7.62675e+00 | 39  0.00296  7.40624e+00
 40  0.00117  5.81740e+00 | 41  0.00097  1.55499e+00 | 42 -0.00084 -1.22149e+01
 43 -0.00122  6.83623e+00 | 44 -0.00017 -8.90310e+00 | 45  0.00537 -1.96727e+00
 46  0.00869 -5.52422e+01 | 47  0.17793  1.25409e+02 | 48 -0.06889 -1.77821e+01
 49 -0.06745 -3.06256e-01 | 50 -0.06967  9.55313e+00 | 51 -0.05330 -3.92210e+00
 52 -0.04500  2.29560e+01 | 53 -0.04469  1.86943e+01 | 54 -0.03037 -1.52488e+01
 55 -0.01449 -2.25890e+01 | 56 -0.00038 -1.86014e+00 | 57  0.00598 -3.17600e+00
 58  0.01195  2.37979e+00 | 59  0.02167  1.06077e+01 | 60  0.02724  4.43880e+00
 61  0.02388  1.49653e+01 | 62  0.02001  1.07228e+00 | 63  0.01762 -8.89555e-01
 64  0.01703 -6.79630e+00 | 65  0.01699 -5.61482e+00 | 66  0.01574  3.70896e+00
 67  0.02037 -1.06663e+01 | 68  0.02185 -7.62620e+00 | 69  0.02361 -2.42287e+00
 70  0.02513  1.69290e+01 | 71  0.02966 -2.98532e+00 | 72  0.03053  5.76785e+00
 73  0.02593 -8.63452e-01 | 74  0.01932 -1.23431e+01 | 75  0.01923 -7.17121e+00
 76  0.20485  7.31747e+00 | 77 -0.55717 -4.76125e+01 | 78 -0.31095  1.54659e+01
2 0 19329.2
2 0 19329.1
2 0 19329.1
2 0 19329
2 0 19328.9
2 0 19328.7
2 0 19328.7
2 0 19328.6
2 0 19328.5
2 0 19328.4
2 0 19328.3
78 variables; iteration 120; function evaluation 156; phase 2
Function value   1.9328264e+04; maximum gradient component mag  -5.8141e+02
Var   Value    Gradient   |Var   Value    Gradient   |Var   Value    Gradient
  1 -0.49545 -1.23027e+01 |  2 -0.15046  5.05972e+00 |  3  0.30164  1.43956e+01
  4  0.22271  2.12353e+00 |  5  0.16512  7.40754e-01 |  6  0.12522  1.58847e-01
  7  0.09664 -6.36478e-02 |  8  0.07529 -3.86544e-01 |  9  0.05893  4.58661e-01
 10  0.04594  4.57446e-01 | 11  0.03551  6.99249e-03 | 12  0.02724  1.19849e-01
 13  0.02074  2.54595e-01 | 14  0.01573  1.83055e-02 | 15  0.01213  4.00786e-01
 16  0.00971 -4.45803e-02 | 17  0.00853  8.45539e-02 | 18  0.06233 -1.36841e+02
 19 -0.00243 -9.06134e+00 | 20  0.00032  5.96902e+01 | 21  0.00759 -3.98954e+00
 22  0.00216 -1.57960e+00 | 23 -0.00813 -6.17758e+00 | 24  0.00107 -1.66317e+01
 25 -0.00274  1.07983e+01 | 26 -0.00517  3.04232e+01 | 27 -0.01185  8.07202e-01
 28 -0.00757 -6.14247e+00 | 29 -0.00274  3.63511e+00 | 30 -0.00435  1.92477e+00
 31 -0.00358  7.73072e-01 | 32  0.00050 -3.86870e+00 | 33  0.00546 -1.78827e+00
 34  0.00375  1.52245e+01 | 35  0.00090  6.37505e+00 | 36 -0.00086 -1.23882e+00
 37  0.00370 -1.54102e+01 | 38  0.00431 -1.86125e+01 | 39  0.00321  1.91673e+00
 40  0.00142 -1.80617e+00 | 41  0.00114 -1.23413e+01 | 42 -0.00060 -2.01980e+01
 43 -0.00079  9.02238e+00 | 44  0.00044 -3.64566e+00 | 45  0.00594 -2.17837e+00
 46  0.00890 -1.28049e+01 | 47  0.18712 -5.81406e+02 | 48 -0.06914  2.25754e+01
 49 -0.06784  1.33206e+01 | 50 -0.06966  1.23452e+01 | 51 -0.05274 -7.62587e+00
 52 -0.04473  2.89390e+01 | 53 -0.04434  2.79849e+01 | 54 -0.02959 -6.06664e+00
 55 -0.01351 -1.39091e+01 | 56  0.00046  1.08520e+01 | 57  0.00658  8.62224e+00
 58  0.01241  8.03198e+00 | 59  0.02189  1.14628e+01 | 60  0.02708  2.86437e+00
 61  0.02339  1.16864e+01 | 62  0.01979 -4.02336e+00 | 63  0.01759 -1.45556e+01
 64  0.01699 -1.79217e+01 | 65  0.01667 -1.42180e+01 | 66  0.01526 -4.87835e+00
 67  0.02007 -3.01866e+01 | 68  0.02164 -3.23321e+01 | 69  0.02349 -2.09513e+01
 70  0.02502  2.38721e+00 | 71  0.02946 -2.05082e+01 | 72  0.03018 -1.73000e+01
 73  0.02540 -4.65593e+00 | 74  0.01885  8.08734e+00 | 75  0.01883  2.83960e+01
 76  0.22227  1.56468e+02 | 77 -0.51766  9.78163e+01 | 78 -0.26492 -1.88672e+01
2 0 19328.2
2 0 19328.2
2 0 19328.1
2 0 19328
2 0 19328
2 0 19327.9
2 0 19327.9
2 0 19327.8
2 0 19327.8
2 0 19327.8
78 variables; iteration 130; function evaluation 166; phase 2
Function value   1.9327755e+04; maximum gradient component mag  -3.0281e+02
Var   Value    Gradient   |Var   Value    Gradient   |Var   Value    Gradient
  1 -0.46770  1.40686e+01 |  2 -0.15614 -7.37302e+00 |  3  0.31150 -3.83600e+00
  4  0.22976 -1.17501e+00 |  5  0.17026 -5.60809e-01 |  6  0.12911 -3.44050e-01
  7  0.09961 -4.14340e-01 |  8  0.07759 -4.80587e-01 |  9  0.06066  2.22163e-03
 10  0.04730  1.03217e-01 | 11  0.03662 -5.13784e-02 | 12  0.02812 -5.29044e-02
 13  0.02145  2.91907e-02 | 14  0.01635  1.63493e-02 | 15  0.01264  1.40801e-01
 16  0.01018 -1.33929e-01 | 17  0.00899  1.31385e-02 | 18  0.06619 -4.99255e+01
 19 -0.00043  1.99889e+01 | 20  0.00104  2.85280e+01 | 21  0.00800  3.30905e+00
 22  0.00221  6.23301e+00 | 23 -0.00826  9.22360e-01 | 24  0.00096 -1.26649e+01
 25 -0.00302 -1.93278e+01 | 26 -0.00587 -1.30419e+01 | 27 -0.01255 -1.33049e+01
 28 -0.00811 -4.16292e+00 | 29 -0.00325  1.16300e+01 | 30 -0.00472  1.44377e+01
 31 -0.00369  1.02204e+01 | 32  0.00061  5.34994e+00 | 33  0.00566  2.07642e-01
 34  0.00365  3.10994e+00 | 35  0.00065 -9.21010e-01 | 36 -0.00103 -3.86161e+00
 37  0.00370 -9.01779e+00 | 38  0.00447 -9.38352e+00 | 39  0.00325  5.52265e+00
 40  0.00140  2.35386e+00 | 41  0.00110 -6.43043e+00 | 42 -0.00055 -1.12836e+01
 43 -0.00063  4.48032e+00 | 44  0.00070  1.18727e+00 | 45  0.00613  4.22397e+00
 46  0.00856 -1.74528e+01 | 47  0.19632 -3.02808e+02 | 48 -0.06948 -6.56481e+00
 49 -0.06831  3.20722e+00 | 50 -0.06977  3.88003e+00 | 51 -0.05246 -2.00675e+01
 52 -0.04472 -1.36856e+01 | 53 -0.04408 -6.21576e+00 | 54 -0.02886 -1.21654e+01
 55 -0.01268  5.53687e+00 | 56  0.00108  3.31774e+01 | 57  0.00701  2.87144e+01
 58  0.01270  1.48872e+01 | 59  0.02195  3.38725e+00 | 60  0.02686 -6.80378e+00
 61  0.02301  5.27426e-01 | 62  0.01969 -2.15629e+00 | 63  0.01765 -3.99863e+00
 64  0.01698 -1.77741e+00 | 65  0.01639  4.12070e+00 | 66  0.01490  1.30630e+01
 67  0.01991  1.84584e+00 | 68  0.02156 -1.51947e+00 | 69  0.02342  1.59577e+00
 70  0.02491  6.00163e+00 | 71  0.02932 -1.66263e+01 | 72  0.02993 -2.40081e+01
 73  0.02504 -1.88681e+01 | 74  0.01882 -4.13181e+00 | 75  0.01878  1.47683e+01
 76  0.23856  9.30748e+01 | 77 -0.49174  4.60522e+01 | 78 -0.25081 -9.28516e+00
2 0 19327.7
2 0 19327.7
2 0 19327.7
2 0 19327.7
2 0 19327.7
2 0 19327.7
2 0 19327.7
2 0 19327.7
2 0 19327.7
2 0 19327.7
78 variables; iteration 140; function evaluation 176; phase 2
Function value   1.9327684e+04; maximum gradient component mag  -1.3420e+01
Var   Value    Gradient   |Var   Value    Gradient   |Var   Value    Gradient
  1 -0.45729 -3.05028e-01 |  2 -0.15418 -1.42716e-01 |  3  0.31518  7.30355e-01
  4  0.23206  1.00516e-01 |  5  0.17193  7.26736e-02 |  6  0.13045  8.60441e-02
  7  0.10075  6.09514e-02 |  8  0.07856  5.19103e-02 |  9  0.06140  7.48971e-03
 10  0.04787 -1.60059e-03 | 11  0.03710  1.33164e-02 | 12  0.02853  1.35883e-02
 13  0.02178  3.79298e-03 | 14  0.01662  1.92598e-03 | 15  0.01288 -1.19778e-02
 16  0.01044  2.18892e-02 | 17  0.00924  2.57359e-03 | 18  0.06739 -1.59150e+00
 19 -0.00103 -2.38587e+00 | 20  0.00102 -2.64820e+00 | 21  0.00802  7.04159e-01
 22  0.00216  1.11560e+00 | 23 -0.00833  4.41633e-01 | 24  0.00099  1.75376e+00
 25 -0.00295 -3.31417e-01 | 26 -0.00591 -9.91657e-01 | 27 -0.01257  1.80547e+00
 28 -0.00807  1.39212e+00 | 29 -0.00326  4.97283e-03 | 30 -0.00478 -7.05133e-01
 31 -0.00372 -1.34715e+00 | 32  0.00063 -1.08316e+00 | 33  0.00573 -6.52752e-01
 34  0.00364 -9.58266e-01 | 35  0.00062 -4.57799e-01 | 36 -0.00100 -8.70305e-01
 37  0.00382 -9.90869e-01 | 38  0.00468 -1.59501e-03 | 39  0.00338 -3.20635e-01
 40  0.00149  9.13332e-01 | 41  0.00121  1.58047e+00 | 42 -0.00039  2.70518e+00
 43 -0.00054  9.41083e-01 | 44  0.00075  9.37257e-01 | 45  0.00610 -2.86589e-01
 46  0.00833 -6.87411e-01 | 47  0.20003 -1.34202e+01 | 48 -0.06947  2.10792e+00
 49 -0.06846  1.42344e+00 | 50 -0.06977  1.14815e+00 | 51 -0.05229  4.38673e-01
 52 -0.04474 -2.64281e+00 | 53 -0.04406 -1.88196e+00 | 54 -0.02867  2.47243e+00
 55 -0.01251  4.26457e+00 | 56  0.00116  1.82346e+00 | 57  0.00710 -4.89232e-01
 58  0.01281 -3.60363e+00 | 59  0.02201 -5.67540e+00 | 60  0.02683 -3.45456e+00
 61  0.02287 -1.43179e+00 | 62  0.01965 -2.06999e-01 | 63  0.01766 -6.65459e-01
 64  0.01695 -1.84031e+00 | 65  0.01622 -1.86706e+00 | 66  0.01467 -2.29256e+00
 67  0.01981 -7.50246e-01 | 68  0.02149  1.22096e+00 | 69  0.02334  3.29074e+00
 70  0.02483  2.81341e+00 | 71  0.02934  2.90585e+00 | 72  0.02994  1.60794e+00
 73  0.02501  9.69172e-01 | 74  0.01890  5.67683e-01 | 75  0.01891  7.09491e-01
 76  0.24432  3.42367e+00 | 77 -0.48277  3.52096e+00 | 78 -0.24687 -1.12785e+00
2 0 19327.7
2 0 19327.7
2 0 19327.7
2 0 19327.7
2 0 19327.7
2 0 19327.7
2 0 19327.7
2 0 19327.7
2 0 19327.7
2 0 19327.7
78 variables; iteration 150; function evaluation 186; phase 2
Function value   1.9327684e+04; maximum gradient component mag  -1.6755e-01
Var   Value    Gradient   |Var   Value    Gradient   |Var   Value    Gradient
  1 -0.45626  1.14735e-02 |  2 -0.15366 -5.50457e-03 |  3  0.31555 -2.71779e-03
  4  0.23235 -8.48372e-04 |  5  0.17214 -2.71553e-04 |  6  0.13060  2.69230e-05
  7  0.10085  7.38201e-05 |  8  0.07863  8.13724e-05 |  9  0.06146 -9.15312e-05
 10  0.04792 -1.38845e-04 | 11  0.03714 -6.64722e-05 | 12  0.02856 -1.20698e-05
 13  0.02181 -5.29967e-05 | 14  0.01665 -8.86933e-05 | 15  0.01290 -1.21141e-04
 16  0.01046  5.08909e-05 | 17  0.00926 -6.59907e-05 | 18  0.06748 -5.36385e-02
 19 -0.00085  1.23376e-02 | 20  0.00106 -2.52313e-02 | 21  0.00804 -1.16805e-03
 22  0.00215  3.74897e-03 | 23 -0.00835 -2.39739e-03 | 24  0.00096  1.34812e-02
 25 -0.00298  2.12368e-02 | 26 -0.00593  4.97878e-03 | 27 -0.01257 -4.39016e-03
 28 -0.00808 -6.95446e-03 | 29 -0.00328  3.00090e-03 | 30 -0.00480  1.30277e-03
 31 -0.00374 -1.02692e-03 | 32  0.00062  2.55433e-04 | 33  0.00573  9.74613e-03
 34  0.00364  2.99476e-02 | 35  0.00061  1.42000e-02 | 36 -0.00101 -2.39516e-02
 37  0.00381 -3.76609e-02 | 38  0.00467 -3.38336e-02 | 39  0.00337 -1.56637e-02
 40  0.00148  9.73521e-04 | 41  0.00120  4.12988e-03 | 42 -0.00040  2.98808e-03
 43 -0.00053  2.64719e-04 | 44  0.00076  5.56085e-03 | 45  0.00611  5.34693e-03
 46  0.00833  1.70284e-02 | 47  0.20035 -1.67546e-01 | 48 -0.06950  8.51299e-03
 49 -0.06847  1.38776e-02 | 50 -0.06977  9.35358e-03 | 51 -0.05228  8.49576e-03
 52 -0.04471  6.39515e-03 | 53 -0.04404  9.56442e-03 | 54 -0.02866  1.50930e-02
 55 -0.01250 -8.04190e-03 | 56  0.00117 -4.00375e-02 | 57  0.00711 -4.42468e-02
 58  0.01284 -3.69568e-02 | 59  0.02204 -1.74536e-02 | 60  0.02683  1.54697e-02
 61  0.02286  1.88849e-02 | 62  0.01964 -1.86141e-02 | 63  0.01766 -6.89875e-02
 64  0.01695 -8.36960e-02 | 65  0.01621 -4.76829e-02 | 66  0.01467  1.25769e-02
 67  0.01981  7.61842e-02 | 68  0.02149  8.77014e-02 | 69  0.02333  5.10589e-02
 70  0.02482  5.21585e-03 | 71  0.02933 -1.29469e-02 | 72  0.02993  1.53541e-03
 73  0.02499  2.09479e-02 | 74  0.01889  1.33934e-02 | 75  0.01889  8.63317e-03
 76  0.24477  3.57462e-02 | 77 -0.48191  5.63284e-02 | 78 -0.24623 -1.58462e-02
2 0 19327.7
2 0 19327.7
2 0 19327.7
2 0 19327.7
2 0 19327.7
2 0 19327.7
2 0 19327.7
2 0 19327.7

 - final statistics:
78 variables; iteration 158; function evaluation 194
Function value   1.9328e+04; maximum gradient component mag  -3.6229e-04
Exit code = 1;  converg criter   1.0000e-03
Var   Value    Gradient   |Var   Value    Gradient   |Var   Value    Gradient
  1 -0.45627 -3.92049e-05 |  2 -0.15367  5.44991e-06 |  3  0.31555  2.08492e-06
  4  0.23235  3.66536e-06 |  5  0.17214  1.32567e-06 |  6  0.13060  6.45153e-08
  7  0.10085  3.52365e-07 |  8  0.07863  8.27475e-08 |  9  0.06146 -3.31552e-07
 10  0.04792  1.81953e-07 | 11  0.03714  3.80973e-07 | 12  0.02856 -2.04563e-07
 13  0.02181 -6.52432e-08 | 14  0.01665  6.29186e-07 | 15  0.01290  2.55532e-07
 16  0.01046 -4.33333e-07 | 17  0.00926  2.46035e-07 | 18  0.06748 -1.71992e-04
 19 -0.00085 -8.70759e-06 | 20  0.00106 -7.05322e-05 | 21  0.00804  1.48475e-04
 22  0.00215  8.53802e-05 | 23 -0.00835 -4.10424e-05 | 24  0.00096 -2.90158e-05
 25 -0.00298  6.96943e-05 | 26 -0.00593 -3.03351e-05 | 27 -0.01257 -9.59453e-05
 28 -0.00808 -2.33204e-05 | 29 -0.00328  1.19211e-04 | 30 -0.00480  8.03159e-05
 31 -0.00374  1.23909e-05 | 32  0.00062  4.68391e-07 | 33  0.00573  2.18325e-05
 34  0.00364  4.06019e-05 | 35  0.00061 -9.09393e-05 | 36 -0.00101 -1.60818e-04
 37  0.00381 -1.64358e-04 | 38  0.00467 -6.24988e-05 | 39  0.00337  4.73794e-05
 40  0.00148  6.76900e-05 | 41  0.00121  8.94733e-05 | 42 -0.00040  7.30979e-06
 43 -0.00053  2.02787e-06 | 44  0.00076 -4.68144e-05 | 45  0.00611  2.21726e-05
 46  0.00833  1.18249e-05 | 47  0.20035 -3.62288e-04 | 48 -0.06950  6.58606e-05
 49 -0.06847  3.27922e-05 | 50 -0.06977  1.50080e-05 | 51 -0.05228  8.36674e-05
 52 -0.04471  7.87766e-05 | 53 -0.04404 -1.82012e-05 | 54 -0.02866 -5.39900e-05
 55 -0.01250 -4.44080e-05 | 56  0.00118 -1.06858e-04 | 57  0.00711 -1.37959e-04
 58  0.01284 -6.78725e-05 | 59  0.02204  6.92528e-06 | 60  0.02683 -3.86713e-05
 61  0.02286 -5.90876e-05 | 62  0.01964 -5.05742e-05 | 63  0.01766  8.23346e-05
 64  0.01695  2.01544e-04 | 65  0.01621  2.17597e-04 | 66  0.01467  1.95900e-04
 67  0.01981  1.02334e-04 | 68  0.02149 -1.05323e-05 | 69  0.02333 -1.84121e-04
 70  0.02482 -2.33920e-04 | 71  0.02933 -1.90707e-04 | 72  0.02993 -3.01445e-06
 73  0.02499  6.25898e-05 | 74  0.01889  1.97813e-05 | 75  0.01889  1.74775e-05
 76  0.24478  1.48667e-04 | 77 -0.48191  1.59429e-04 | 78 -0.24623 -4.69368e-05
2 0 19327.7
B03438.24
0.3 0.895557
0.76762 0.774109
1.69778 0.615231
2.98435 0.484237
4.12896 0.410109
4.83806 0.375766
5.19422 0.360924
5.35635 0.354621
5.42707 0.351954
5.45737 0.350826
5.47025 0.350349
5.47571 0.350148
5.47802 0.350062
5.479 0.350026
5.47941 0.350011
5.47958 0.350005
5.47966 0.350002
5.47969 0.350001
5.4797 0.35
5.47971 0.35
5.47971 0.35
Survey Bio27.7532
Survey len9602.37
CPUE26.4398
Catch0.449905
Catch len9643.89
initsmo_penal21.1585
F_pen1.56073
Rec_pen4.06468
M_pen0


Starting time: Sat Oct  6 10:14:12 2018
Finishing time: Sat Oct  6 10:14:17 2018
This run took: 0 hours, 0 minutes, 5 seconds.

