survYears 72 73 74 75 76 77 78 79 80 81 82 83 84 85 86 87 88 89 90 91 92 93 94 95 96 97 98 99 100
SurvLenYear 72 73 74 75 76 77 78 79 80 81 82 83 84 85 86 87 88 89 90 91 92 93 94 95 96 97 98 99 100
catchBiomass 4513.4 4263.68 3228.8 2450.06 5361.73 7858.11 11763.8 15977.5 24564.8 28162.1 38231.1 48970.6 69535.5 98120.5 100502 66530.8 68405.4 76377.9 82644.7 68547.3 85657.5 66440.5 77115.2 87726.1 127390 112793 111176 89511.1 99388.6
steep0.75
25
Out
1 0 36164.5

Initial statistics: 76 variables; iteration 0; function evaluation 0; phase 1
Function value   3.6164472e+04; maximum gradient component mag   4.3498e+04
Var   Value    Gradient   |Var   Value    Gradient   |Var   Value    Gradient
  1  0.24347  2.57925e+02 |  2  0.21906  2.16080e+02 |  3  0.18624  3.45102e+02
  4  0.17999  6.29879e+02 |  5  0.18066  9.26655e+02 |  6  0.16276  6.61451e+02
  7  0.15317  6.23191e+02 |  8  0.14235  4.89906e+02 |  9  0.14300  6.28239e+02
 10  0.12465  3.66947e+02 | 11  0.11434  3.46236e+02 | 12  0.09647  2.08288e+02
 13  0.08213  1.26170e+02 | 14  0.07849 -2.37662e+00 | 15  0.12163  5.47421e+02
 16  0.01233 -2.77553e+04 | 17  0.00000 -2.87806e+03 | 18  0.00000  3.54053e+02
 19  0.00000 -3.53496e+03 | 20  0.00000 -9.13836e+02 | 21  0.00000 -2.00148e+03
 22  0.00000 -1.35526e+03 | 23  0.00000 -3.17420e+02 | 24  0.00000  4.62409e+02
 25  0.00000 -2.25773e+01 | 26  0.00000  1.32589e+03 | 27  0.00000  1.67382e+03
 28  0.00000  2.07512e+03 | 29  0.00000  1.90926e+03 | 30  0.00000 -2.57661e+01
 31  0.00000 -1.29256e+03 | 32  0.00000  5.39082e+02 | 33  0.00000  9.24032e+02
 34  0.00000  3.49911e+02 | 35  0.00000 -6.21983e+02 | 36  0.00000  6.32671e+02
 37  0.00000 -4.97208e+02 | 38  0.00000  1.43154e+03 | 39  0.00000  1.41496e+03
 40  0.00000  1.93294e+03 | 41  0.00000  2.22031e+02 | 42  0.00000 -5.07797e+02
 43  0.00000 -7.87850e+02 | 44  0.00000 -3.49969e+02 | 45  0.00000 -1.40983e+02
 46  0.13497  4.34983e+04 | 47  0.00000  3.35748e+04 | 48  0.00000  2.70240e+04
 49  0.00000  1.86679e+04 | 50  0.00000  1.44547e+04 | 51  0.00000  1.07937e+04
 52  0.00000  7.36600e+03 | 53  0.00000  4.23757e+03 | 54  0.00000  2.43045e+03
 55  0.00000 -1.24287e+02 | 56  0.00000 -2.68547e+03 | 57  0.00000 -4.86602e+03
 58  0.00000 -6.59436e+03 | 59  0.00000 -6.13704e+03 | 60  0.00000 -4.46014e+03
 61  0.00000 -4.81876e+03 | 62  0.00000 -5.53004e+03 | 63  0.00000 -5.56845e+03
 64  0.00000 -4.79002e+03 | 65  0.00000 -5.33246e+03 | 66  0.00000 -5.57733e+03
 67  0.00000 -6.34877e+03 | 68  0.00000 -7.51698e+03 | 69  0.00000 -8.55772e+03
 70  0.00000 -8.90415e+03 | 71  0.00000 -7.42321e+03 | 72  0.00000 -6.71458e+03
 73  0.00000 -6.60918e+03 | 74  0.00000 -7.94434e+03 | 75  0.00000 -2.04573e+03
 76 -0.01146 -1.42040e+04 |
1 0 36164.5
1 0 36164.3
1 0 36162.3
1 0 36142.3
1 0 35950
1 0 35530.9
1 0 32400.3
1 0 31622.2
1 0 31683.8
1 0 31137.1
1 0 30732
1 0 30365.2
1 0 30415.8
1 0 30168.1
1 0 29940.5
1 0 29876.3
1 0 29842.5

Intermediate statistics: 76 variables; iteration 10; function evaluation 17; phase 1
Function value   2.9842833e+04; maximum gradient component mag   2.4047e+04
Var   Value    Gradient   |Var   Value    Gradient   |Var   Value    Gradient
  1  0.24395  2.40872e+02 |  2  0.20263  8.18333e+01 |  3  0.17670  9.44276e+01
  4  0.15957  9.92301e+01 |  5  0.14850  1.11128e+02 |  6  0.13983  1.18460e+02
  7  0.13087  1.00938e+02 |  8  0.12477  1.09104e+02 |  9  0.11785  1.00172e+02
 10  0.11038  9.90551e+01 | 11  0.09958  7.36264e+01 | 12  0.08835  4.90671e+01
 13  0.07981  6.46332e+00 | 14  0.08418  3.71119e+01 | 15  0.09409  1.02952e+02
 16  0.36482 -7.78529e+03 | 17  0.25376  2.63401e+03 | 18 -0.00827 -9.68542e+03
 19 -0.09520 -3.74097e+03 | 20 -0.11510 -1.64530e+03 | 21 -0.09719 -1.96812e+03
 22 -0.06185 -8.58456e+01 | 23 -0.06580 -2.52870e+02 | 24 -0.06013  1.83229e+02
 25 -0.05057  3.08703e+02 | 26 -0.05366  3.99127e+02 | 27 -0.05223  3.97263e+02
 28 -0.05235  3.45094e+02 | 29 -0.05489 -2.30760e+02 | 30 -0.04001  2.62797e+03
 31 -0.04544 -1.49967e+03 | 32 -0.04717 -4.65712e+02 | 33 -0.04479 -2.18029e+02
 34 -0.03960 -5.94008e+02 | 35  0.03345  1.71562e+03 | 36  0.04491  1.26929e+03
 37  0.07100  1.47954e+03 | 38  0.07331  1.27590e+03 | 39  0.08714  1.39268e+03
 40  0.09149  1.40926e+03 | 41  0.08310  1.28052e+03 | 42  0.08396  1.33164e+03
 43  0.08597  1.45222e+03 | 44  0.06754  1.52839e+03 | 45  0.01788  1.09695e+03
 46  0.14218  7.72265e+03 | 47  0.00460  2.40473e+04 | 48 -0.09236  2.70840e+03
 49 -0.06933  4.79428e+03 | 50 -0.06349  1.44301e+03 | 51 -0.05013  4.66330e+02
 52 -0.04139  2.60454e+02 | 53 -0.02903 -6.46556e+01 | 54 -0.01914  6.54981e+01
 55 -0.01568 -9.55489e+02 | 56 -0.00809 -1.69660e+03 | 57 -0.00243 -2.36793e+03
 58  0.00586 -2.23161e+03 | 59  0.00028 -5.04138e+03 | 60  0.00658 -2.45051e+03
 61  0.00292 -1.89998e+03 | 62  0.00899 -1.38054e+03 | 63  0.01086 -1.42671e+03
 64  0.01381 -1.04955e+03 | 65  0.02497 -7.91557e+02 | 66  0.02777 -1.37117e+03
 67  0.02525 -1.21062e+03 | 68  0.03041 -1.20148e+03 | 69  0.03340 -7.26276e+02
 70  0.03667 -2.14771e+03 | 71  0.04158 -8.32112e+02 | 72  0.03131 -1.93147e+03
 73  0.03324 -9.47971e+02 | 74  0.03853  1.41426e+03 | 75  0.01818 -3.75625e+02
 76 -0.16067 -1.31215e+03 |
1 0 29761.7
1 0 29751.6
1 0 29722.6
1 0 29675.5
1 0 29637.5
1 0 29583
1 0 29631.6
1 0 29567.4
1 0 29618.7
1 0 29564.4
1 0 29559
1 0 29548.8
76 variables; iteration 20; function evaluation 29; phase 1
Function value   2.9563411e+04; maximum gradient component mag  -2.0179e+04
Var   Value    Gradient   |Var   Value    Gradient   |Var   Value    Gradient
  1  0.22742  2.06921e+02 |  2  0.18648  3.25286e+01 |  3  0.16470  8.87697e+01
  4  0.14459  7.16767e+01 |  5  0.12881  5.38217e+01 |  6  0.12023  7.61681e+01
  7  0.11161  6.37425e+01 |  8  0.10544  7.85706e+01 |  9  0.09634  4.57321e+01
 10  0.09184  6.98933e+01 | 11  0.08374  3.91821e+01 | 12  0.07912  3.60704e+01
 13  0.07787  3.51701e+01 | 14  0.08025  9.24684e+01 | 15  0.06997  6.99300e+00
 16  0.43391 -4.98571e+03 | 17  0.16039  2.63742e+03 | 18 -0.02212 -9.60537e+02
 19 -0.10335 -3.62937e+03 | 20 -0.09491  5.20306e+02 | 21 -0.07418  1.13764e+03
 22 -0.06197  1.79705e+03 | 23 -0.06487  1.23263e+03 | 24 -0.06630  1.16325e+03
 25 -0.06283  9.68415e+02 | 26 -0.06973  2.60840e+02 | 27 -0.07025  2.05322e+02
 28 -0.07415 -7.50503e+02 | 29 -0.06986 -5.05196e+02 | 30 -0.05503  3.28164e+03
 31 -0.07249 -2.59654e+03 | 32 -0.06765 -8.30266e+02 | 33 -0.07014 -1.61336e+03
 34 -0.05287  8.36603e+01 | 35 -0.01280  2.64116e+03 | 36  0.04875  1.48299e+03
 37  0.13930  1.98629e+03 | 38  0.16497  1.56811e+03 | 39  0.19630  1.81456e+03
 40  0.18329  1.60261e+03 | 41  0.16708  1.82285e+03 | 42  0.11046  1.52555e+03
 43  0.07232  1.89178e+03 | 44 -0.00820  1.10213e+03 | 45 -0.02611  1.98531e+03
 46  0.13509 -2.01785e+04 | 47 -0.00556  1.82315e+04 | 48 -0.10487  1.12049e+03
 49 -0.07968  1.70969e+03 | 50 -0.06730  3.38339e+02 | 51 -0.05060  5.16294e+02
 52 -0.03692  7.33281e+02 | 53 -0.02656  4.19117e+02 | 54 -0.01999  1.77386e+02
 55 -0.01385  2.25090e+02 | 56 -0.00776 -5.45995e+02 | 57 -0.00042 -2.88548e+02
 58  0.01198  4.36057e+02 | 59  0.00841 -3.23386e+03 | 60 -0.00012 -1.26657e+03
 61  0.00267 -4.84573e+02 | 62  0.00881  5.20626e+02 | 63  0.01497  1.79252e+02
 64  0.01049 -1.07309e+03 | 65  0.02269 -8.84898e+02 | 66  0.02723 -1.61627e+03
 67  0.02320 -1.94220e+03 | 68  0.02930 -1.63991e+03 | 69  0.03301 -9.55125e+02
 70  0.03717 -2.07751e+03 | 71  0.03813 -2.01979e+03 | 72  0.03233 -1.72175e+03
 73  0.03508 -6.23372e+02 | 74  0.04742  3.59431e+03 | 75  0.04342  1.23611e+03
 76 -0.31734 -2.01101e+02 |
1 0 29533.2
1 0 29569.4
1 0 29529.1
1 0 29526.9
1 0 29527.6
1 0 29525.7
1 0 29523.7
1 0 29521.2
1 0 29520
1 0 29519.1
1 0 29519.3
1 0 29518.7
1 0 29518.1
76 variables; iteration 30; function evaluation 42; phase 1
Function value   2.9529941e+04; maximum gradient component mag  -1.9794e+04
Var   Value    Gradient   |Var   Value    Gradient   |Var   Value    Gradient
  1  0.19419  1.14935e+02 |  2  0.16432  1.01783e+01 |  3  0.14147  3.59951e+01
  4  0.11741  1.38478e+01 |  5  0.09731 -2.30787e+01 |  6  0.09088  3.14227e+01
  7  0.08159  5.70228e+00 |  8  0.07681  3.58048e+01 |  9  0.06732 -1.27805e+01
 10  0.06707  2.93085e+01 | 11  0.06359  4.65052e+00 | 12  0.06417  2.82552e+01
 13  0.06194  1.37768e+01 | 14  0.06114  5.13995e+01 | 15  0.05042 -2.07304e+01
 16  0.43889 -5.39180e+03 | 17  0.14963  2.59359e+03 | 18 -0.02399 -2.59140e+03
 19 -0.10404 -3.51236e+03 | 20 -0.09581  4.50432e+02 | 21 -0.07751  7.25199e+02
 22 -0.06517  1.50447e+03 | 23 -0.06827  9.98375e+02 | 24 -0.06822  1.08945e+03
 25 -0.06413  8.78750e+02 | 26 -0.07098  2.57245e+02 | 27 -0.07071  2.72428e+02
 28 -0.07301 -4.06616e+02 | 29 -0.07073 -3.20584e+02 | 30 -0.05713  3.35910e+03
 31 -0.07433 -2.56445e+03 | 32 -0.06430 -3.56169e+02 | 33 -0.06692 -1.16124e+03
 34 -0.05527 -1.54775e+02 | 35 -0.03337  2.44732e+03 | 36  0.01812  1.10518e+03
 37  0.16336  2.26125e+03 | 38  0.19123  1.51876e+03 | 39  0.22975  1.85473e+03
 40  0.20826  1.61050e+03 | 41  0.17756  1.89583e+03 | 42  0.09139  1.51738e+03
 43  0.02610  1.52324e+03 | 44 -0.01892  6.70335e+02 | 45  0.01117  1.83757e+03
 46  0.13466 -1.97938e+04 | 47 -0.00577  1.86609e+04 | 48 -0.10605  8.08578e+02
 49 -0.07628  2.47070e+03 | 50 -0.06534  8.05057e+02 | 51 -0.04935  8.58183e+02
 52 -0.03722  7.91219e+02 | 53 -0.02669  3.93270e+02 | 54 -0.01902  3.42372e+02
 55 -0.01382  1.59940e+02 | 56 -0.00747 -6.26987e+02 | 57 -0.00011 -5.45686e+02
 58  0.01092 -8.54495e+01 | 59  0.00726 -3.61356e+03 | 60 -0.00252 -1.79697e+03
 61  0.00499 -4.66779e+02 | 62  0.01057  3.86275e+02 | 63  0.01514  2.29877e+02
 64  0.01669 -7.51051e+02 | 65  0.01580 -4.32325e+02 | 66  0.02821 -1.39405e+03
 67  0.02378 -1.88859e+03 | 68  0.02934 -1.74992e+03 | 69  0.03223 -1.31989e+03
 70  0.03715 -2.20197e+03 | 71  0.03819 -2.12715e+03 | 72  0.03282 -1.71140e+03
 73  0.03529 -6.94056e+02 | 74  0.04221  2.84817e+03 | 75  0.04100  1.21758e+03
 76 -0.31345 -2.08875e+02 |
1 0 29517.5
1 0 29519.1
1 0 29517.3
1 0 29517.1
1 0 29516.9
1 0 29516.6
1 0 29516.6
1 0 29516.4
1 0 29516.3
1 0 29516.1
1 0 29515.9
1 0 29515.7
76 variables; iteration 40; function evaluation 54; phase 1
Function value   2.9527692e+04; maximum gradient component mag  -2.0006e+04
Var   Value    Gradient   |Var   Value    Gradient   |Var   Value    Gradient
  1  0.19184  1.08312e+02 |  2  0.16054 -1.05422e+01 |  3  0.13800  2.20054e+01
  4  0.11382  5.52893e+00 |  5  0.09222 -3.06033e+01 |  6  0.08328  1.60152e+01
  7  0.07261 -9.21538e+00 |  8  0.06755  2.10929e+01 |  9  0.05886 -2.18059e+01
 10  0.05921  2.15450e+01 | 11  0.05566 -3.96600e+00 | 12  0.05582  1.37938e+01
 13  0.05443  2.52566e+00 | 14  0.05490  4.60271e+01 | 15  0.04415 -2.85467e+01
 16  0.43767 -5.34142e+03 | 17  0.14695  2.57340e+03 | 18 -0.02365 -2.33983e+03
 19 -0.10381 -3.52261e+03 | 20 -0.09612  4.01586e+02 | 21 -0.07786  6.69687e+02
 22 -0.06460  1.54920e+03 | 23 -0.06776  1.02296e+03 | 24 -0.06854  9.92494e+02
 25 -0.06273  1.02323e+03 | 26 -0.07110  1.93671e+02 | 27 -0.07023  2.92464e+02
 28 -0.07244 -3.82596e+02 | 29 -0.07040 -3.19161e+02 | 30 -0.05670  3.34103e+03
 31 -0.07430 -2.58090e+03 | 32 -0.06384 -2.99407e+02 | 33 -0.06713 -1.22809e+03
 34 -0.05563 -2.05579e+02 | 35 -0.03329  2.43019e+03 | 36  0.02365  1.13849e+03
 37  0.16721  2.27566e+03 | 38  0.18887  1.47596e+03 | 39  0.22829  1.88146e+03
 40  0.20192  1.56914e+03 | 41  0.17407  1.88450e+03 | 42  0.09218  1.50560e+03
 43  0.03200  1.57466e+03 | 44 -0.01763  7.31022e+02 | 45  0.00599  1.80158e+03
 46  0.13460 -2.00063e+04 | 47 -0.00569  1.85945e+04 | 48 -0.10566  8.81154e+02
 49 -0.07633  2.48764e+03 | 50 -0.06574  7.58590e+02 | 51 -0.04935  8.48400e+02
 52 -0.03691  8.33468e+02 | 53 -0.02714  3.47363e+02 | 54 -0.01813  4.50477e+02
 55 -0.01404  1.23515e+02 | 56 -0.00737 -6.11897e+02 | 57  0.00010 -5.21085e+02
 58  0.01085 -1.09022e+02 | 59  0.00785 -3.51540e+03 | 60 -0.00276 -1.80885e+03
 61  0.00494 -5.04200e+02 | 62  0.01056  4.20696e+02 | 63  0.01474  1.89866e+02
 64  0.01613 -8.33631e+02 | 65  0.01559 -4.69846e+02 | 66  0.02801 -1.45429e+03
 67  0.02352 -1.96963e+03 | 68  0.02944 -1.71707e+03 | 69  0.03240 -1.26596e+03
 70  0.03712 -2.21277e+03 | 71  0.03834 -2.08136e+03 | 72  0.03280 -1.71490e+03
 73  0.03520 -7.23942e+02 | 74  0.04293  2.99072e+03 | 75  0.04065  1.22367e+03
 76 -0.31430 -2.06797e+02 |
1 0 29515.5
1 0 29515.2
1 0 29514.8
1 0 29514.9
1 0 29514.6
1 0 29514.3
1 0 29512.4
1 0 29509.4
1 0 29513.2
1 0 29508.5
1 0 29509.7
1 0 29508.2
1 0 29507.9
1 0 29507.3
76 variables; iteration 50; function evaluation 68; phase 1
Function value   2.9519067e+04; maximum gradient component mag  -1.9909e+04
Var   Value    Gradient   |Var   Value    Gradient   |Var   Value    Gradient
  1  0.23596  1.73328e+02 |  2  0.20171  7.63772e+01 |  3  0.17207  9.59820e+01
  4  0.13712  4.65406e+01 |  5  0.10397 -1.10575e+01 |  6  0.08394  3.06985e+01
  7  0.06177 -6.68658e+00 |  8  0.04654  1.85224e+01 |  9  0.02953 -3.17192e+01
 10  0.02481  7.87906e+00 | 11  0.02033 -1.49287e+01 | 12  0.02278  1.55196e+01
 13  0.02327  3.28322e+00 | 14  0.02557  4.52281e+01 | 15  0.01732 -1.90327e+01
 16  0.43645 -5.27620e+03 | 17  0.14379  2.53883e+03 | 18 -0.02340 -2.27915e+03
 19 -0.10270 -3.40906e+03 | 20 -0.09592  3.79275e+02 | 21 -0.07761  6.33609e+02
 22 -0.06370  1.58522e+03 | 23 -0.06718  1.02630e+03 | 24 -0.06874  9.20889e+02
 25 -0.06272  9.76793e+02 | 26 -0.07047  2.46398e+02 | 27 -0.07125  1.57983e+02
 28 -0.07075 -2.15074e+02 | 29 -0.07029 -3.83576e+02 | 30 -0.05609  3.36642e+03
 31 -0.07368 -2.57431e+03 | 32 -0.06407 -4.12899e+02 | 33 -0.06607 -1.12376e+03
 34 -0.05519 -2.08750e+02 | 35 -0.03293  2.45816e+03 | 36  0.01831  1.10786e+03
 37  0.15852  2.24412e+03 | 38  0.18080  1.43958e+03 | 39  0.22524  1.84886e+03
 40  0.20753  1.59187e+03 | 41  0.17972  1.85476e+03 | 42  0.09903  1.53142e+03
 43  0.03209  1.51582e+03 | 44 -0.01744  6.87998e+02 | 45  0.00803  1.79096e+03
 46  0.13481 -1.99092e+04 | 47 -0.00582  1.85734e+04 | 48 -0.10607  7.96890e+02
 49 -0.07691  2.36886e+03 | 50 -0.06580  7.80104e+02 | 51 -0.04913  8.94248e+02
 52 -0.03661  8.99241e+02 | 53 -0.02739  3.41177e+02 | 54 -0.01856  4.13989e+02
 55 -0.01363  1.95723e+02 | 56 -0.00908 -8.61789e+02 | 57  0.00055 -4.96234e+02
 58  0.01057 -1.52726e+02 | 59  0.00791 -3.50643e+03 | 60 -0.00242 -1.76985e+03
 61  0.00466 -4.85509e+02 | 62  0.01053  3.75592e+02 | 63  0.01468  1.78760e+02
 64  0.01608 -8.32142e+02 | 65  0.01550 -4.81794e+02 | 66  0.02826 -1.33419e+03
 67  0.02302 -2.08813e+03 | 68  0.02954 -1.64309e+03 | 69  0.03196 -1.36239e+03
 70  0.03682 -2.26626e+03 | 71  0.03851 -1.98781e+03 | 72  0.03275 -1.69479e+03
 73  0.03540 -6.18124e+02 | 74  0.04299  3.03207e+03 | 75  0.04353  1.23075e+03
 76 -0.31411 -2.02447e+02 |
1 0 29506.5
1 0 29505.9
1 0 29504.8
1 0 29496.5
1 0 29509.5
1 0 29493.6
1 0 29490.5
1 0 29485.2
1 0 29476.4
1 0 29469.2
1 0 29485.3
1 0 29467.5
1 0 29463.9
1 0 29440.6
76 variables; iteration 60; function evaluation 82; phase 1
Function value   2.9450348e+04; maximum gradient component mag   1.8387e+04
Var   Value    Gradient   |Var   Value    Gradient   |Var   Value    Gradient
  1  0.20824  1.36839e+02 |  2  0.18123 -5.14307e+00 |  3  0.18148  1.91547e+02
  4  0.16272  1.20691e+02 |  5  0.14555  1.07793e+02 |  6  0.12912 -2.95936e+01
  7  0.15060  3.60274e+02 |  8  0.11207  8.56316e+01 |  9  0.07184  8.12273e+01
 10  0.01754 -5.74045e+01 | 11 -0.01636  3.32070e+01 | 12 -0.05888 -7.64880e+01
 13 -0.07782 -5.22963e+00 | 14 -0.09487 -1.49139e+00 | 15 -0.11128 -5.25496e+01
 16  0.43951 -5.11806e+03 | 17  0.13100  2.39869e+03 | 18 -0.02503 -3.31371e+03
 19 -0.10245 -3.34472e+03 | 20 -0.09676  2.59665e+02 | 21 -0.07741  5.81110e+02
 22 -0.06311  1.51387e+03 | 23 -0.06414  1.27974e+03 | 24 -0.06666  1.14675e+03
 25 -0.06266  8.56426e+02 | 26 -0.06854  3.15400e+02 | 27 -0.07119  1.62129e+02
 28 -0.07417 -6.11464e+02 | 29 -0.07022 -4.28356e+02 | 30 -0.05359  3.46475e+03
 31 -0.07409 -2.58677e+03 | 32 -0.06392 -4.68725e+02 | 33 -0.06243 -7.25030e+02
 34 -0.05570 -3.56939e+02 | 35 -0.03303  2.44867e+03 | 36  0.00828  1.00518e+03
 37  0.14801  2.17836e+03 | 38  0.16768  1.31982e+03 | 39  0.21684  1.67889e+03
 40  0.22196  1.60746e+03 | 41  0.19523  1.80311e+03 | 42  0.10668  1.40014e+03
 43  0.03910  1.45865e+03 | 44 -0.01654  6.92911e+02 | 45  0.00694  1.68911e+03
 46  0.13594 -1.79456e+04 | 47 -0.00823  1.83868e+04 | 48 -0.10762  5.60608e+02
 49 -0.07768  2.28399e+03 | 50 -0.06590  8.03739e+02 | 51 -0.04972  8.52322e+02
 52 -0.03524  1.10738e+03 | 53 -0.02735  2.05265e+02 | 54 -0.01945  2.62149e+02
 55 -0.01203  5.05842e+02 | 56 -0.00873 -8.25438e+02 | 57 -0.00196 -7.68948e+02
 58  0.00928 -3.09583e+02 | 59  0.01233 -2.83384e+03 | 60 -0.00368 -1.95503e+03
 61  0.00366 -6.55581e+02 | 62  0.01165  3.32835e+02 | 63  0.01412  8.74472e+01
 64  0.01568 -8.60082e+02 | 65  0.01539 -5.08739e+02 | 66  0.02776 -1.33027e+03
 67  0.02302 -1.93691e+03 | 68  0.02921 -1.59905e+03 | 69  0.03201 -1.19428e+03
 70  0.03593 -2.39442e+03 | 71  0.03823 -1.92127e+03 | 72  0.03257 -1.59631e+03
 73  0.03497 -6.02264e+02 | 74  0.04200  2.76962e+03 | 75  0.05092  1.17134e+03
 76 -0.31397 -2.07082e+02 |
1 0 29522.3
1 0 29435.1
1 0 29426
1 0 29409.2
1 0 29420.1
1 0 29402.7
1 0 29390.2
1 0 29304.3
1 0 29157.7
1 0 28931.9
1 0 28560
1 0 30240.4
1 0 28429.2
1 0 28988.6
1 0 28391.9
76 variables; iteration 70; function evaluation 97; phase 1
Function value   2.8394805e+04; maximum gradient component mag   1.2089e+04
Var   Value    Gradient   |Var   Value    Gradient   |Var   Value    Gradient
  1  0.15046 -7.27210e+02 |  2  0.23704  6.21627e+01 |  3  0.14924 -3.11228e+02
  4  0.19139  7.01206e+02 |  5  0.17988  7.65508e+02 |  6  0.10909 -6.78635e+01
  7  0.10385  1.33758e+02 |  8  0.10113  1.71141e+02 |  9  0.09059  5.17959e+01
 10  0.10164  3.37431e+02 | 11  0.06007  1.58070e+02 | 12 -0.00905 -5.42811e+02
 13  0.08922  9.16150e+02 | 14 -0.04940 -1.36895e+02 | 15 -0.14606 -3.08986e+02
 16  0.44042 -1.29967e+03 | 17 -0.07686 -1.34199e+03 | 18 -0.03872 -1.74131e+03
 19 -0.09316 -3.28589e+03 | 20 -0.08869 -5.34593e+02 | 21 -0.07361 -5.75515e+02
 22 -0.06552 -2.28941e+02 | 23 -0.06588 -3.39397e+02 | 24 -0.06393 -3.40616e+02
 25 -0.05595  8.04998e+01 | 26 -0.05975 -6.06496e+02 | 27 -0.05682 -7.14057e+02
 28 -0.05399 -7.45069e+02 | 29 -0.05370 -5.39373e+02 | 30 -0.04668 -2.34269e+02
 31 -0.03963  5.80672e+01 | 32 -0.04158 -3.92288e+01 | 33 -0.04096  3.33161e+02
 34 -0.03957 -4.07288e+01 | 35 -0.02578  9.70413e+02 | 36  0.08667  7.51616e+01
 37  0.16425  1.04649e+02 | 38  0.20013 -3.16023e+01 | 39  0.21776  1.68179e+02
 40  0.17909 -1.31579e+02 | 41  0.14086 -1.10564e+02 | 42  0.09890 -1.15371e+02
 43  0.05380  7.26078e+00 | 44 -0.01552 -3.67981e+02 | 45 -0.04933 -4.23891e+02
 46  0.14319 -4.81323e+03 | 47 -0.04216  1.20894e+04 | 48 -0.11494 -8.50716e+02
 49 -0.08840 -2.63129e+02 | 50 -0.07009 -1.44286e+02 | 51 -0.05625 -3.24019e+02
 52 -0.04442 -5.22050e+02 | 53 -0.02963 -4.04251e+01 | 54 -0.02196 -4.32619e+02
 55 -0.01496 -2.95648e+02 | 56 -0.00414 -1.71168e+02 | 57  0.00634  2.19332e+02
 58  0.01424 -6.73322e-01 | 59  0.01734 -7.71212e+02 | 60  0.01649 -7.64532e+02
 61  0.01122 -8.17237e+02 | 62  0.01686 -3.30156e+02 | 63  0.01743 -5.88047e+02
 64  0.01942 -7.05160e+02 | 65  0.01351 -1.25707e+03 | 66  0.02736 -6.58324e+02
 67  0.02422 -7.63586e+02 | 68  0.03020 -4.95541e+02 | 69  0.03202 -4.17810e+02
 70  0.04028 -2.44655e+02 | 71  0.03865 -1.01771e+03 | 72  0.03329 -5.51546e+02
 73  0.03293 -4.27111e+02 | 74  0.03564 -2.54566e+02 | 75  0.05785  3.40937e+02
 76 -0.32405 -1.19168e+02 |
1 0 28416.3
1 0 28378.8
1 0 28404.6
1 0 28375.7
1 0 28380.6
1 0 28374.8
1 0 28373.5
1 0 28371
1 0 28348.3
1 0 28303.6
1 0 29745.2
1 0 28304.6
1 0 28301.4
1 0 28297.5
1 0 28289.9
1 0 28220.2
1 0 28084.6
76 variables; iteration 80; function evaluation 114; phase 1
Function value   2.8088331e+04; maximum gradient component mag   7.5455e+03
Var   Value    Gradient   |Var   Value    Gradient   |Var   Value    Gradient
  1  0.19907 -1.06639e+03 |  2  0.23926  9.06969e+01 |  3  0.17405 -7.90563e+01
  4  0.16859  2.48756e+02 |  5  0.15551  3.70686e+02 |  6  0.10346 -4.18114e+00
  7  0.08191 -2.76166e+01 |  8  0.08865  1.68567e+02 |  9  0.06928 -3.58346e+01
 10  0.07813  3.22372e+02 | 11  0.01147 -1.47142e+01 | 12 -0.04577 -5.55484e+02
 13  0.06568  7.24498e+02 | 14 -0.02349 -1.74680e+02 | 15 -0.05785 -1.10299e+02
 16  0.44622  8.28785e+02 | 17 -0.07237  7.51880e+02 | 18 -0.04633  5.64989e+02
 19 -0.08559 -1.99453e+03 | 20 -0.08669 -9.35988e+02 | 21 -0.07218 -8.86032e+02
 22 -0.06686 -8.76468e+02 | 23 -0.06646 -7.51380e+02 | 24 -0.06284 -5.37272e+02
 25 -0.05482 -2.78987e+02 | 26 -0.05602 -5.36046e+02 | 27 -0.05223 -6.64644e+02
 28 -0.04805 -3.97598e+02 | 29 -0.04845 -2.88070e+02 | 30 -0.04444 -8.82416e+02
 31 -0.03369  4.84251e+02 | 32 -0.03684  1.50499e+02 | 33 -0.03800  2.85112e+02
 34 -0.03630  1.39771e+01 | 35 -0.02863 -4.46332e+01 | 36  0.08531 -2.90648e+02
 37  0.15491 -4.27192e+02 | 38  0.20464 -3.03927e+02 | 39  0.21194 -2.66513e+02
 40  0.16966 -5.26235e+02 | 41  0.12526 -6.20077e+02 | 42  0.09347 -4.91866e+02
 43  0.05104 -4.19874e+02 | 44 -0.01477 -5.93344e+02 | 45 -0.05157 -1.06691e+03
 46  0.14530 -2.39974e+02 | 47 -0.05909  7.54553e+03 | 48 -0.11464 -1.33650e+03
 49 -0.08971 -6.67129e+02 | 50 -0.06932 -8.70762e+01 | 51 -0.05603 -1.30158e+02
 52 -0.04517 -5.50447e+02 | 53 -0.03034 -1.93962e+02 | 54 -0.02118 -2.77638e+02
 55 -0.01499 -4.18933e+02 | 56 -0.00250 -7.69166e+01 | 57  0.00821  2.59034e+02
 58  0.01544 -7.75576e+01 | 59  0.02103 -1.34835e+02 | 60  0.02087 -1.46309e+02
 61  0.01485 -5.39594e+02 | 62  0.01741 -4.50231e+02 | 63  0.01922 -4.81412e+02
 64  0.02081 -5.15255e+02 | 65  0.01427 -7.29530e+02 | 66  0.02778 -3.25589e+02
 67  0.02512 -2.71635e+02 | 68  0.03018 -2.93588e+02 | 69  0.03203 -2.06555e+02
 70  0.04088  1.45765e+02 | 71  0.04009 -3.63811e+02 | 72  0.03357 -2.57634e+02
 73  0.03241 -3.73027e+02 | 74  0.03251 -1.12147e+03 | 75  0.05230  5.83522e+01
 76 -0.31661 -6.98540e+01 |
1 0 27933.5
1 0 27928.5
1 0 27915.6
1 0 27826.5
1 0 27816.5
1 0 27788.1
1 0 27761.4
1 0 27719.2
1 0 27679.2
1 0 27659.2
1 0 27728
1 0 27647.3
1 0 27661.7
1 0 27634.1
76 variables; iteration 90; function evaluation 128; phase 1
Function value   2.7634103e+04; maximum gradient component mag  -1.9637e+03
Var   Value    Gradient   |Var   Value    Gradient   |Var   Value    Gradient
  1  0.24576  2.02185e+02 |  2  0.19261 -2.02662e+02 |  3  0.14562  1.85595e+01
  4  0.06534 -1.02607e+02 |  5  0.01458 -1.10979e+02 |  6 -0.00270  2.40526e+01
  7 -0.02687  2.28417e+01 |  8 -0.05773 -5.52823e+01 |  9 -0.07180  1.89557e+01
 10 -0.09163 -7.61194e+01 | 11 -0.08812  2.26148e+01 | 12 -0.09151  1.81375e+02
 13 -0.15096 -2.28057e+02 | 14 -0.13854  4.77698e+01 | 15 -0.14120 -8.40677e+00
 16  0.33003  1.32986e+02 | 17 -0.06172  7.03305e+01 | 18 -0.05290  1.32610e+03
 19 -0.04924  3.68758e+02 | 20 -0.06036 -4.55109e+02 | 21 -0.04638 -7.48683e+01
 22 -0.04132 -1.20351e+02 | 23 -0.04077 -5.91790e+01 | 24 -0.04021 -8.59459e+01
 25 -0.03331 -8.29578e+01 | 26 -0.03343 -1.52985e+02 | 27 -0.02933 -1.25735e+01
 28 -0.02777 -1.89949e+02 | 29 -0.02732 -4.65255e+01 | 30 -0.01814  5.78596e+02
 31 -0.01556 -2.19494e+02 | 32 -0.01970 -1.89012e+02 | 33 -0.02050 -1.15529e+02
 34 -0.01991 -7.85702e+02 | 35 -0.00458  1.60809e+03 | 36 -0.02155 -1.96372e+03
 37 -0.00527 -7.36606e+01 | 38  0.01338  4.58429e+02 | 39  0.03910  1.72687e+00
 40  0.06596  1.48304e+01 | 41  0.08736  3.28981e+01 | 42  0.09893 -1.69582e+01
 43  0.10935 -8.76828e+01 | 44  0.13053  1.14711e+02 | 45  0.12699 -4.66697e+01
 46  0.14457  1.61880e+03 | 47 -0.10427 -6.68753e+02 | 48 -0.10013  1.47972e+02
 49 -0.08213  1.69296e+02 | 50 -0.06511  1.26117e+02 | 51 -0.05278 -4.52460e+01
 52 -0.03933  9.69434e+01 | 53 -0.02707  5.26788e+01 | 54 -0.01898 -5.60820e+01
 55 -0.01089  1.46981e+02 | 56 -0.00062 -7.47609e+01 | 57  0.00859  4.30382e+01
 58  0.01671 -3.43641e+01 | 59  0.02089 -6.98913e+02 | 60  0.02260 -6.47333e+01
 61  0.01408 -3.79566e+02 | 62  0.01825 -1.24918e+01 | 63  0.02032  1.85814e+02
 64  0.02313  3.34241e+01 | 65  0.01697 -6.56302e+02 | 66  0.02852  1.36907e+03
 67  0.02621  1.27454e+03 | 68  0.03138  6.65232e+01 | 69  0.03228 -3.61398e+02
 70  0.04063 -1.49855e+02 | 71  0.04104 -2.80079e+02 | 72  0.03532  8.18189e+01
 73  0.03357 -5.32460e+01 | 74  0.03308  4.95794e+02 | 75  0.03769 -2.40539e+01
 76 -0.15135 -2.62360e+02 |
1 0 27668.3
1 0 27627.9
1 0 27616
1 0 27983.5
1 0 27600.2
1 0 27653
1 0 27588.4
1 0 27570.9
1 0 27593.1
1 0 27561.4
1 0 27546.2
1 0 27525.8
1 0 27543.7
1 0 27512.9
1 0 27495.3
1 0 27475.7
76 variables; iteration 100; function evaluation 144; phase 1
Function value   2.7475760e+04; maximum gradient component mag   1.7838e+03
Var   Value    Gradient   |Var   Value    Gradient   |Var   Value    Gradient
  1  0.25216 -1.69044e+02 |  2  0.21268 -1.98412e+01 |  3  0.15397 -5.22688e+01
  4  0.11638  3.01899e+01 |  5  0.08157  4.84917e+01 |  6  0.04173 -2.87267e+00
  7  0.00771 -5.13717e+01 |  8 -0.00845 -2.61824e+00 |  9 -0.02205 -1.54853e+01
 10 -0.02966  2.14153e+01 | 11 -0.04258 -4.33045e+01 | 12 -0.04157 -1.11935e+02
 13 -0.00596  1.89080e+02 | 14 -0.02504 -4.68251e+01 | 15 -0.02869 -7.93490e+00
 16  0.24684  2.06585e+01 | 17 -0.04502  3.54665e+02 | 18 -0.04191  2.65809e+02
 19 -0.03908 -3.67779e+02 | 20 -0.04396  1.93655e+02 | 21 -0.03337 -1.14115e+02
 22 -0.02739 -5.45078e+01 | 23 -0.02732 -8.19699e+01 | 24 -0.02654 -8.73734e+01
 25 -0.01853 -1.10743e+01 | 26 -0.01742  7.31790e+01 | 27 -0.01397  2.52300e+01
 28 -0.01122  1.27385e+02 | 29 -0.01096 -6.53053e+01 | 30 -0.00606 -5.71362e+02
 31  0.00246  1.15037e+02 | 32 -0.00182 -2.68032e+01 | 33 -0.00458 -2.15037e+02
 34  0.00185  5.26266e+02 | 35  0.00107 -8.79766e+02 | 36  0.00706  1.50619e+02
 37  0.01067  4.59680e+02 | 38  0.00399 -1.36807e+01 | 39  0.00578 -2.00724e+02
 40  0.01466  1.77187e+02 | 41  0.00847 -5.24984e+01 | 42  0.01305 -9.20480e+02
 43  0.05655 -6.44573e+01 | 44  0.11008  1.53529e+02 | 45  0.13339  9.77071e+01
 46  0.14794  1.78377e+03 | 47 -0.09736  9.25345e+01 | 48 -0.09455  8.21908e+02
 49 -0.07826  4.82159e+01 | 50 -0.06310 -1.81950e+02 | 51 -0.04934  4.77409e+01
 52 -0.03708 -1.40399e+01 | 53 -0.02491 -5.31061e+01 | 54 -0.01672 -2.35678e+01
 55 -0.00990 -1.11472e+02 | 56  0.00173 -1.25123e+01 | 57  0.00914 -2.51426e+02
 58  0.01818 -5.65209e+01 | 59  0.02657  5.57923e+02 | 60  0.02341  3.28421e+02
 61  0.01814  1.51776e+02 | 62  0.02001  1.91615e+02 | 63  0.02130 -8.70214e+01
 64  0.02258  2.38788e+01 | 65  0.01760 -2.73256e+01 | 66  0.02679  1.85004e+02
 67  0.02041 -5.47999e+02 | 68  0.02497 -4.69595e+02 | 69  0.02817  7.94331e+01
 70  0.03961 -1.95633e+02 | 71  0.03398 -2.30915e+02 | 72  0.03017  2.78072e+02
 73  0.03166  9.24828e+01 | 74  0.02749 -4.76046e+02 | 75  0.02851 -7.49204e+01
 76  0.01300 -6.97819e+02 |
1 0 27472.3
1 0 27465.9
1 0 27453.8
1 0 27433.1
1 0 27410
1 0 27404.6
1 0 27398.6
1 0 27395.5
1 0 27390.2
1 0 27380.3
76 variables; iteration 110; function evaluation 154; phase 1
Function value   2.7380256e+04; maximum gradient component mag   1.2664e+03
Var   Value    Gradient   |Var   Value    Gradient   |Var   Value    Gradient
  1  0.27265 -7.60758e+01 |  2  0.21613 -5.52100e+00 |  3  0.15099 -1.02015e+01
  4  0.09975 -8.72210e+00 |  5  0.06234 -1.65550e+01 |  6  0.03784 -8.13855e-02
  7  0.01906 -5.65572e+00 |  8  0.00617  4.86259e+00 |  9 -0.00486  4.17881e+00
 10 -0.01445  2.94131e+00 | 11 -0.02268 -6.42590e+00 | 12 -0.02708 -1.43851e+01
 13 -0.02540  2.44879e+01 | 14 -0.02924 -1.75934e+00 | 15 -0.03083  2.54429e-01
 16  0.19800  5.00787e+02 | 17 -0.05011  7.68503e+01 | 18 -0.03327  1.26643e+03
 19 -0.02983  1.48193e+02 | 20 -0.03741 -4.91685e+01 | 21 -0.02725 -2.45890e+01
 22 -0.02266 -6.36807e+00 | 23 -0.02207 -6.30309e+01 | 24 -0.02232 -9.95267e+01
 25 -0.01496 -7.58711e+01 | 26 -0.01417 -8.28033e+01 | 27 -0.01075 -1.21020e+02
 28 -0.00815 -6.73921e+01 | 29 -0.00588 -1.19090e+02 | 30  0.00088 -2.33312e+02
 31  0.00823 -1.08503e+02 | 32  0.00416 -3.09780e+01 | 33  0.00165 -1.17411e+02
 34  0.00570  5.01763e+01 | 35  0.00937 -4.30923e+02 | 36  0.01070 -1.09953e+02
 37  0.01548 -4.62375e+01 | 38  0.01225  3.11191e+00 | 39  0.01345 -5.81195e+01
 40  0.01849 -4.05647e+01 | 41  0.02044  1.39933e+02 | 42  0.02851 -1.67951e+00
 43  0.04094  1.16563e+02 | 44  0.05849  2.55038e+02 | 45  0.05029 -7.10381e+01
 46  0.15656 -5.39602e+02 | 47 -0.09109 -1.45920e+02 | 48 -0.09396 -2.14619e+02
 49 -0.07245 -8.81262e+01 | 50 -0.05807 -9.89680e+01 | 51 -0.04620 -4.71813e+01
 52 -0.03383 -1.68346e+01 | 53 -0.02110  3.94484e+01 | 54 -0.01443  6.59766e+01
 55 -0.00780  5.01356e+01 | 56  0.00300  9.13258e+01 | 57  0.01074  2.02209e+01
 58  0.01889  1.34080e+02 | 59  0.02573  3.13747e+02 | 60  0.02086  6.63274e+01
 61  0.01765  2.29522e+02 | 62  0.01924  1.29443e+02 | 63  0.02072  6.74915e+01
 64  0.02099  8.88088e+01 | 65  0.01703  8.48100e+01 | 66  0.02265  3.91388e+01
 67  0.01947 -9.16366e+01 | 68  0.02537  5.13739e+01 | 69  0.02595  1.23421e+02
 70  0.03512 -2.78959e+02 | 71  0.03290 -1.05504e+02 | 72  0.02648 -2.39267e+02
 73  0.02632  6.43457e+01 | 74  0.02423 -2.66657e+02 | 75  0.02489  3.26946e+01
 76  0.13266  5.35588e+01 |
1 0 27394.8
1 0 27373.4
1 0 27379.6
1 0 27370.2
1 0 27366.3
1 0 27363
1 0 27361.4
1 0 27360.9
1 0 27360.2
1 0 27359.4
1 0 27358.9
1 0 27358.5
76 variables; iteration 120; function evaluation 166; phase 1
Function value   2.7358540e+04; maximum gradient component mag  -6.0401e+02
Var   Value    Gradient   |Var   Value    Gradient   |Var   Value    Gradient
  1  0.27277 -4.50573e+00 |  2  0.21091 -4.85891e-01 |  3  0.14838 -4.56558e+00
  4  0.10262  1.06871e+01 |  5  0.06819  1.29067e+01 |  6  0.04027 -1.39787e+00
  7  0.01952 -2.01329e-01 |  8  0.00347  7.24320e-01 |  9 -0.00943 -1.89086e+00
 10 -0.01916 -9.79505e-01 | 11 -0.02646  2.56558e+00 | 12 -0.03268 -1.20903e+00
 13 -0.03692 -1.34135e+00 | 14 -0.03927  9.11721e-01 | 15 -0.04046  6.84812e-01
 16  0.18212  8.39223e+01 | 17 -0.05821 -7.53089e+01 | 18 -0.03668  3.52300e+02
 19 -0.02956  1.78362e+01 | 20 -0.03528  8.37131e+00 | 21 -0.02453  3.45270e+00
 22 -0.01984  1.28805e+01 | 23 -0.01867  4.26662e+00 | 24 -0.01861 -1.26746e+00
 25 -0.01133  5.53299e-01 | 26 -0.01057 -1.85053e+01 | 27 -0.00704 -3.09921e+01
 28 -0.00506 -3.98882e+01 | 29 -0.00240 -2.39152e+01 | 30  0.00563  1.48240e+01
 31  0.01199 -1.87281e+01 | 32  0.00736 -1.88997e+00 | 33  0.00533 -1.25004e+01
 34  0.00858 -2.86021e+01 | 35  0.01573  6.19477e+00 | 36  0.01541 -7.47392e+00
 37  0.01907 -1.02767e+01 | 38  0.01458 -1.82144e+01 | 39  0.01636 -1.20041e+01
 40  0.02182 -3.27028e+01 | 41  0.02116 -2.55181e+01 | 42  0.03012 -1.90318e+00
 43  0.02733 -3.79330e+01 | 44  0.03062 -2.24011e+01 | 45  0.02656 -3.87369e+01
 46  0.15740 -6.04006e+02 | 47 -0.09304 -1.86149e+02 | 48 -0.09355 -7.32509e+01
 49 -0.07219 -1.70470e+01 | 50 -0.05766 -3.90059e+01 | 51 -0.04606 -2.84353e+01
 52 -0.03388 -2.96639e+01 | 53 -0.02117 -1.19719e+01 | 54 -0.01466 -9.84927e+00
 55 -0.00788  1.58943e+01 | 56  0.00277  3.05269e+01 | 57  0.01099  5.43341e+01
 58  0.01831  2.14668e+01 | 59  0.02422 -2.26131e+01 | 60  0.02105 -3.93450e+00
 61  0.01659  2.48633e+00 | 62  0.01871  9.60755e+00 | 63  0.02037  2.26235e+01
 64  0.02021  7.65410e+00 | 65  0.01721  2.67700e+01 | 66  0.02261  4.61568e+01
 67  0.01973 -9.90731e+00 | 68  0.02476  1.91032e+01 | 69  0.02516  4.03968e+01
 70  0.03631  1.91896e+01 | 71  0.03228  1.47967e+01 | 72  0.02947  1.98882e+01
 73  0.02590 -1.14298e+01 | 74  0.02655  6.83751e+01 | 75  0.02602  2.54312e+01
 76  0.13873  5.08674e+01 |
1 0 27358.3
1 0 27358.1
1 0 27357.9
1 0 27357.8
1 0 27357.7
1 0 27357.7
1 0 27357.7
1 0 27357.7
1 0 27357.7
1 0 27357.7
76 variables; iteration 130; function evaluation 176; phase 1
Function value   2.7357684e+04; maximum gradient component mag  -7.6380e+00
Var   Value    Gradient   |Var   Value    Gradient   |Var   Value    Gradient
  1  0.27529  2.64167e+00 |  2  0.21302 -2.69408e-02 |  3  0.14978  1.69724e-01
  4  0.10105  3.61944e-01 |  5  0.06551  3.62357e-01 |  6  0.03921 -3.28365e-02
  7  0.01925  1.52772e-01 |  8  0.00369  7.93769e-02 |  9 -0.00861  7.90097e-02
 10 -0.01835  1.86227e-02 | 11 -0.02599  1.43525e-01 | 12 -0.03185  1.53254e-01
 13 -0.03615 -1.36108e-01 | 14 -0.03893  9.07259e-02 | 15 -0.04033 -1.11414e-01
 16  0.18118 -1.20945e+00 | 17 -0.05716 -7.63802e+00 | 18 -0.03848  1.12586e+00
 19 -0.03064 -1.37822e-01 | 20 -0.03614 -1.87500e-01 | 21 -0.02502  5.81220e-01
 22 -0.02037  9.73813e-01 | 23 -0.01909  7.20337e-01 | 24 -0.01896  2.91849e-01
 25 -0.01162  1.77346e-01 | 26 -0.01066 -3.46066e-03 | 27 -0.00696  2.94215e-01
 28 -0.00484  9.75197e-01 | 29 -0.00220  1.52954e-01 | 30  0.00552 -1.09032e+00
 31  0.01203  4.06477e-01 | 32  0.00725  2.56670e-01 | 33  0.00528  1.87074e-01
 34  0.00869  6.25847e-01 | 35  0.01557  8.16688e-02 | 36  0.01527  2.20463e-01
 37  0.01918 -5.07157e-01 | 38  0.01459 -1.21401e-03 | 39  0.01630  2.85501e-01
 40  0.02223  5.78481e-01 | 41  0.02146  1.84320e+00 | 42  0.03003 -2.10262e-01
 43  0.02804  1.19263e+00 | 44  0.03087  1.60693e+00 | 45  0.02975  1.12540e+00
 46  0.15802  7.43659e+00 | 47 -0.09183  1.48880e+00 | 48 -0.09281  2.28943e+00
 49 -0.07190 -1.77010e-01 | 50 -0.05724 -3.68473e-01 | 51 -0.04573 -5.07303e-01
 52 -0.03359 -4.14696e-01 | 53 -0.02095 -7.86777e-02 | 54 -0.01449  3.52079e-01
 55 -0.00787  4.80079e-01 | 56  0.00273  5.92440e-02 | 57  0.01085 -1.36753e+00
 58  0.01830  1.31732e-01 | 59  0.02439  1.22954e+00 | 60  0.02099  1.96609e-01
 61  0.01659 -3.21347e-01 | 62  0.01865 -1.48395e-01 | 63  0.02025  5.45062e-01
 64  0.02018 -1.03471e-01 | 65  0.01700 -1.28659e+00 | 66  0.02228  6.19655e-01
 67  0.01975 -5.64338e-01 | 68  0.02461  3.44811e-01 | 69  0.02481  1.33214e+00
 70  0.03614 -1.94110e+00 | 71  0.03217 -1.38496e+00 | 72  0.02908 -1.10074e+00
 73  0.02594  8.29748e-01 | 74  0.02546  1.88678e+00 | 75  0.02545 -3.46359e-01
 76  0.14308 -1.09171e+00 |
1 0 27357.7
1 0 27357.7
1 0 27357.7
1 0 27357.7
1 0 27357.7
1 0 27357.7
1 0 27357.7
1 0 27357.7
1 0 27357.7
1 0 27357.7

 - final statistics:
76 variables; iteration 140; function evaluation 186
Function value   2.7358e+04; maximum gradient component mag  -8.3685e-02
Exit code = 1;  converg criter   1.0000e-01
Var   Value    Gradient   |Var   Value    Gradient   |Var   Value    Gradient
  1  0.27535 -8.61617e-03 |  2  0.21324  1.17229e-02 |  3  0.14996  6.00032e-03
  4  0.10114 -1.27160e-03 |  5  0.06554 -7.96955e-04 |  6  0.03925  3.58420e-03
  7  0.01925  5.22357e-03 |  8  0.00367 -5.20205e-04 |  9 -0.00864  3.13921e-03
 10 -0.01839 -2.09809e-04 | 11 -0.02603  3.63731e-03 | 12 -0.03187  5.97437e-03
 13 -0.03611 -3.35240e-03 | 14 -0.03888  1.96456e-03 | 15 -0.04024  3.77739e-06
 16  0.18127 -3.66310e-02 | 17 -0.05675  2.51900e-02 | 18 -0.03846  5.10502e-02
 19 -0.03063 -5.32266e-02 | 20 -0.03614  3.06497e-02 | 21 -0.02503  3.39866e-02
 22 -0.02039  2.94276e-02 | 23 -0.01911  2.02713e-02 | 24 -0.01897 -6.95138e-04
 25 -0.01163  5.31799e-03 | 26 -0.01067  1.14235e-02 | 27 -0.00697  2.26065e-02
 28 -0.00485  1.61858e-02 | 29 -0.00221 -2.43193e-03 | 30  0.00552 -8.36846e-02
 31  0.01202 -2.60840e-03 | 32  0.00724 -2.72743e-02 | 33  0.00527 -2.58138e-03
 34  0.00867  4.58715e-02 | 35  0.01556 -3.92328e-02 | 36  0.01526  4.15196e-02
 37  0.01918 -3.62246e-02 | 38  0.01458  2.37234e-02 | 39  0.01628  6.64218e-03
 40  0.02222  3.16757e-03 | 41  0.02143  2.37565e-02 | 42  0.03002  1.20657e-02
 43  0.02799 -4.24603e-03 | 44  0.03082 -4.09930e-03 | 45  0.02968  9.25393e-03
 46  0.15800  2.20854e-02 | 47 -0.09184 -1.31635e-02 | 48 -0.09283  5.68908e-02
 49 -0.07190  1.53632e-03 | 50 -0.05725 -3.46183e-02 | 51 -0.04574 -2.36609e-02
 52 -0.03359 -2.02645e-02 | 53 -0.02096 -1.78339e-02 | 54 -0.01450 -1.42993e-02
 55 -0.00787 -3.07869e-03 | 56  0.00273 -8.43476e-03 | 57  0.01085 -5.06058e-02
 58  0.01830 -3.43104e-02 | 59  0.02438  5.13089e-02 | 60  0.02099  2.91088e-02
 61  0.01659  3.08655e-02 | 62  0.01865  2.93990e-02 | 63  0.02025 -3.31773e-02
 64  0.02018  7.24377e-03 | 65  0.01701 -6.59874e-02 | 66  0.02228 -9.35340e-03
 67  0.01976 -8.69686e-03 | 68  0.02461  3.25121e-02 | 69  0.02481  1.43732e-02
 70  0.03615 -1.04544e-02 | 71  0.03217  7.56410e-02 | 72  0.02909 -1.58119e-02
 73  0.02594 -3.21182e-03 | 74  0.02546  7.19061e-02 | 75  0.02546 -1.97369e-03
 76  0.14293 -3.52113e-03 |
1 0 27357.7
B019666.7
0.3 0.758491
0.650135 0.616418
1.14501 0.510535
1.6702 0.446766
2.13197 0.409282
2.49307 0.386698
2.75447 0.372836
2.93419 0.364247
3.05362 0.358901
3.13128 0.355565
3.18107 0.353481
3.21271 0.352179
3.23271 0.351364
3.2453 0.350854
3.25321 0.350534
3.25818 0.350334
3.26129 0.350209
3.26325 0.350131
3.26447 0.350082
3.26523 0.350051
3.26571 0.350051
FutMOrt3.22945
FutMOrt3.22945
FutMOrt3.22945
FutMOrt3.22945
FutMOrt3.22945
FutMOrt3.22945
FutMOrt3.22945
FutMOrt3.22945
FutMOrt3.22945
FutMOrt3.22945
2 0 27357.7

Initial statistics: 80 variables; iteration 0; function evaluation 0; phase 2
Function value   2.7357682e+04; maximum gradient component mag   1.3984e+04
Var   Value    Gradient   |Var   Value    Gradient   |Var   Value    Gradient
  1 -0.80921 -1.07076e+02 |  2 -0.71495 -4.82838e+02 |  3  0.27535 -8.61617e-03
  4  0.21324  1.17229e-02 |  5  0.14996  6.00032e-03 |  6  0.10114 -1.27160e-03
  7  0.06554 -7.96955e-04 |  8  0.03925  3.58420e-03 |  9  0.01925  5.22357e-03
 10  0.00367 -5.20205e-04 | 11 -0.00864  3.13921e-03 | 12 -0.01839 -2.09809e-04
 13 -0.02603  3.63731e-03 | 14 -0.03187  5.97437e-03 | 15 -0.03611 -3.35240e-03
 16 -0.03888  1.96456e-03 | 17 -0.04024  3.77739e-06 | 18  0.18127 -3.66310e-02
 19 -0.05675  1.98299e-02 | 20 -0.03846  4.56786e-02 | 21 -0.03063 -5.86018e-02
 22 -0.03614  2.52770e-02 | 23 -0.02503  2.86094e-02 | 24 -0.02039  2.40489e-02
 25 -0.01911  1.48923e-02 | 26 -0.01897 -6.07418e-03 | 27 -0.01163 -6.25400e-05
 28 -0.01067  6.04285e-03 | 29 -0.00697  1.72254e-02 | 30 -0.00485  1.08046e-02
 31 -0.00221 -7.81332e-03 | 32  0.00552 -8.90658e-02 | 33  0.01202 -7.98887e-03
 34  0.00724 -3.26554e-02 | 35  0.00527 -7.96262e-03 | 36  0.00867  4.04905e-02
 37  0.01556 -4.46126e-02 | 38  0.01526  3.61397e-02 | 39  0.01918 -4.16036e-02
 40  0.01458  1.83434e-02 | 41  0.01628  1.26251e-03 | 42  0.02222 -2.21058e-03
 43  0.02143  1.83781e-02 | 44  0.03002  6.69023e-03 | 45  0.02799 -9.62226e-03
 46  0.03082 -9.47442e-03 | 47  0.02968  3.87835e-03 | 48  0.15800  2.20854e-02
 49 -0.09184 -1.42639e-02 | 50 -0.09283  5.57907e-02 | 51 -0.07190  4.31432e-04
 52 -0.05725 -3.57258e-02 | 53 -0.04574 -2.47700e-02 | 54 -0.03359 -2.13749e-02
 55 -0.02096 -1.89452e-02 | 56 -0.01450 -1.54110e-02 | 57 -0.00787 -4.19059e-03
 58  0.00273 -9.54673e-03 | 59  0.01085 -5.17176e-02 | 60  0.01830 -3.54219e-02
 61  0.02438  5.01977e-02 | 62  0.02099  2.79975e-02 | 63  0.01659  2.97539e-02
 64  0.01865  2.82875e-02 | 65  0.02025 -3.42888e-02 | 66  0.02018  6.13235e-03
 67  0.01701 -6.70990e-02 | 68  0.02228 -1.04647e-02 | 69  0.01976 -9.80830e-03
 70  0.02461  3.14010e-02 | 71  0.02481  1.32620e-02 | 72  0.03615 -1.15645e-02
 73  0.03217  7.45304e-02 | 74  0.02909 -1.69227e-02 | 75  0.02594 -4.32288e-03
 76  0.02546  7.07950e-02 | 77  0.02546 -3.08477e-03 | 78  0.14293 -3.52113e-03
 79 -0.63255  1.39839e+04 | 80 -0.60259 -3.50809e+03 |
2 0 27357.7
2 0 27357.5
2 0 27355.5
2 0 27337.1
2 0 27344
2 0 27328.2
2 0 27311.3
2 0 27240.6
2 0 27192.6
2 0 27114.3
2 0 27290.7
2 0 27098.7
2 0 27099.6
2 0 27096.3
2 0 27090.1
2 0 27082.3
2 0 27082.5
2 0 27078.3

Intermediate statistics: 80 variables; iteration 10; function evaluation 18; phase 2
Function value   2.7078470e+04; maximum gradient component mag  -8.9043e+03
Var   Value    Gradient   |Var   Value    Gradient   |Var   Value    Gradient
  1 -0.79699  4.63710e+01 |  2 -0.66557  7.64326e+01 |  3  0.27997  4.12646e+02
  4  0.20688  1.10691e+02 |  5  0.14531  4.46714e+01 |  6  0.09887  2.34051e+01
  7  0.06441  1.19496e+01 |  8  0.03860  6.50651e+00 |  9  0.01883  3.94879e+00
 10  0.00337  2.64655e+00 | 11 -0.00886  1.92204e+00 | 12 -0.01857  1.49140e+00
 13 -0.02618  1.22208e+00 | 14 -0.03200  1.04799e+00 | 15 -0.03623  9.35270e-01
 16 -0.03899  8.69427e-01 | 17 -0.04035  8.40275e-01 | 18  0.08558 -3.26072e+03
 19 -0.02822  1.64250e+02 | 20 -0.02718  1.32233e+01 | 21 -0.02904 -6.99921e+02
 22 -0.03558  3.22127e+02 | 23 -0.02475  1.10454e+02 | 24 -0.02248  6.36680e+01
 25 -0.02020  1.68755e+02 | 26 -0.02075  1.88460e+01 | 27 -0.01419 -4.32001e+01
 28 -0.01317  1.31694e+02 | 29 -0.01028  5.11136e+01 | 30 -0.00841  9.91686e+01
 31 -0.00783  1.50838e+01 | 32 -0.00262 -3.35974e+02 | 33  0.00561  1.74576e+02
 34  0.00107 -1.23935e+02 | 35  0.00061 -1.40357e+02 | 36  0.00327 -1.50509e+02
 37  0.01092  5.57409e-01 | 38  0.01206  1.28787e+02 | 39  0.01579  5.75026e+01
 40  0.01243  9.61132e+01 | 41  0.01448 -5.89452e+01 | 42  0.02161  2.14462e+02
 43  0.02617  3.30462e+02 | 44  0.02701  7.10501e+01 | 45  0.03782  4.68552e+02
 46  0.03354  2.47798e+02 | 47  0.04524  5.64521e+02 | 48  0.14447 -8.90432e+03
 49 -0.09944 -1.97229e+02 | 50 -0.09327  8.09058e+01 | 51 -0.07553  1.61123e+02
 52 -0.05682  3.69588e+02 | 53 -0.04547  2.55543e+02 | 54 -0.03476  1.32993e+02
 55 -0.02096  2.58018e+02 | 56 -0.01426  1.14247e+02 | 57 -0.00888 -9.65587e+01
 58  0.00276  4.54683e+01 | 59  0.01121  4.99991e+01 | 60  0.01831 -2.12364e+02
 61  0.02352 -3.22409e+02 | 62  0.01901 -6.41317e+02 | 63  0.01372 -9.36183e+02
 64  0.01682 -6.40023e+02 | 65  0.02043 -3.89839e+02 | 66  0.02043 -3.08918e+02
 67  0.01678 -4.84287e+02 | 68  0.02322 -1.65194e+02 | 69  0.02020 -3.44746e+02
 70  0.02551 -1.53791e+02 | 71  0.02690 -1.07784e+02 | 72  0.03822  6.04308e+02
 73  0.03598 -2.30340e+02 | 74  0.03025  2.90669e+02 | 75  0.03000  2.93831e+02
 76  0.02766  5.53766e+02 | 77  0.02510  3.47123e+02 | 78  0.06474 -1.18630e+01
 79 -0.69939  1.62742e+03 | 80 -0.71310  1.14706e+03 |
2 0 27079.5
2 0 27076.9
2 0 27076.6
2 0 27076.5
2 0 27076.1
2 0 27075.7
2 0 27075.6
2 0 27075.3
2 0 27074.9
2 0 27074.4
2 0 27073.6
2 0 27072.9
80 variables; iteration 20; function evaluation 30; phase 2
Function value   2.7073031e+04; maximum gradient component mag  -9.0347e+03
Var   Value    Gradient   |Var   Value    Gradient   |Var   Value    Gradient
  1 -0.80756  9.55083e+01 |  2 -0.61428  1.22474e+02 |  3  0.28627  3.23776e+02
  4  0.21878  1.75819e+02 |  5  0.14971  3.55571e+01 |  6  0.09798 -1.03403e+00
  7  0.06280  1.39178e+00 |  8  0.03753  3.24507e+00 |  9  0.01821  2.56537e+00
 10  0.00300  1.71630e+00 | 11 -0.00910  1.18885e+00 | 12 -0.01873  8.90084e-01
 13 -0.02631  7.12570e-01 | 14 -0.03211  6.04078e-01 | 15 -0.03632  5.41019e-01
 16 -0.03906  5.08991e-01 | 17 -0.04042  4.89097e-01 | 18  0.08998 -2.90415e+03
 19 -0.02115  2.52646e+02 | 20 -0.02576  3.40578e+02 | 21 -0.02850 -6.47348e+02
 22 -0.03798 -1.16018e+02 | 23 -0.02504  1.42886e+02 | 24 -0.02321 -5.54618e+01
 25 -0.02108  5.61731e+01 | 26 -0.02135 -3.33985e+01 | 27 -0.01509 -1.59051e+02
 28 -0.01464 -6.65036e+01 | 29 -0.01138 -8.94834e+01 | 30 -0.00962 -1.08580e+02
 31 -0.00880 -1.13918e+02 | 32 -0.00268 -3.13475e+02 | 33  0.00534  1.64950e+02
 34  0.00039 -2.73572e+02 | 35  0.00061 -1.61671e+02 | 36  0.00321 -1.91256e+02
 37  0.01109 -7.53707e+01 | 38  0.01374  2.09831e+02 | 39  0.01767  1.61014e+02
 40  0.01515  1.85224e+02 | 41  0.01688  3.76118e+01 | 42  0.02242  1.66659e+02
 43  0.02812  3.36022e+02 | 44  0.02879  1.21001e+02 | 45  0.03710  3.65796e+02
 46  0.03280  2.07526e+02 | 47  0.03409  3.99990e+02 | 48  0.14506 -9.03469e+03
 49 -0.09995 -3.45933e+02 | 50 -0.09265  7.65849e+01 | 51 -0.07519  1.53158e+02
 52 -0.05683  4.64522e+02 | 53 -0.04624  1.63042e+02 | 54 -0.03448  2.21939e+02
 55 -0.02127  2.65986e+02 | 56 -0.01479  4.14439e+01 | 57 -0.00899 -9.66608e+01
 58  0.00258  9.28765e+01 | 59  0.01127  1.62187e+02 | 60  0.01903  3.22070e+01
 61  0.02321 -2.89658e+02 | 62  0.01876 -7.13580e+02 | 63  0.01320 -1.04075e+03
 64  0.01680 -6.01239e+02 | 65  0.02033 -4.01121e+02 | 66  0.02019 -3.47349e+02
 67  0.01700 -3.95085e+02 | 68  0.02314 -2.26919e+02 | 69  0.01966 -5.09741e+02
 70  0.02569 -1.86644e+02 | 71  0.02725 -1.04567e+02 | 72  0.03775  5.04928e+02
 73  0.03592 -2.81473e+02 | 74  0.03002  1.58515e+02 | 75  0.02926  6.58290e+01
 76  0.02839  5.48616e+02 | 77  0.02675  3.38780e+02 | 78  0.06332 -5.17091e+01
 79 -0.69770  1.70072e+03 | 80 -0.71007  1.06817e+03 |
2 0 27071.9
2 0 27070.7
2 0 27069.3
2 0 27068.8
2 0 27068
2 0 27067.1
2 0 27066.7
2 0 27066.2
2 0 27065.6
2 0 27065.3
80 variables; iteration 30; function evaluation 40; phase 2
Function value   2.7065508e+04; maximum gradient component mag  -4.1082e+03
Var   Value    Gradient   |Var   Value    Gradient   |Var   Value    Gradient
  1 -0.89475  4.62918e+01 |  2 -0.45415  6.12513e+01 |  3  0.29340  4.60329e+02
  4  0.21849  9.74116e+01 |  5  0.15055 -9.30032e-01 |  6  0.10580  3.72303e+01
  7  0.06692  5.85073e+00 |  8  0.03696 -9.64740e+00 |  9  0.01643 -4.12719e+00
 10  0.00161  4.61476e-01 | 11 -0.00998  1.33727e+00 | 12 -0.01928  1.06068e+00
 13 -0.02667  7.55718e-01 | 14 -0.03237  5.76257e-01 | 15 -0.03652  4.75078e-01
 16 -0.03924  4.25450e-01 | 17 -0.04058  4.12417e-01 | 18  0.09881 -2.56855e+03
 19 -0.02297  1.72707e+02 | 20 -0.02846  1.94335e+02 | 21 -0.03041 -6.88392e+02
 22 -0.03845  1.81337e+02 | 23 -0.02675  2.30105e+02 | 24 -0.02604 -2.32022e+02
 25 -0.02199  2.28517e+02 | 26 -0.02366 -2.00264e+02 | 27 -0.01728 -2.82808e+02
 28 -0.01596  8.48976e+01 | 29 -0.01366 -1.74701e+02 | 30 -0.01100 -3.74157e+01
 31 -0.01049 -2.77713e+02 | 32 -0.00274 -2.29329e+02 | 33  0.00517  1.60700e+02
 34  0.00048 -1.57501e+02 | 35 -0.00026 -2.69682e+02 | 36  0.00311 -1.05257e+02
 37  0.01044 -8.18286e+01 | 38  0.01255  1.34771e+02 | 39  0.01615  1.01276e+02
 40  0.01287  8.11468e+01 | 41  0.01624  5.11189e+01 | 42  0.02366  2.21790e+02
 43  0.02991  4.03421e+02 | 44  0.02868  8.01590e+01 | 45  0.03954  3.67305e+02
 46  0.03928  3.00804e+02 | 47  0.05320  4.75544e+02 | 48  0.14918 -4.10824e+03
 49 -0.09756 -3.41108e+02 | 50 -0.09152  5.64704e+01 | 51 -0.07304  3.18619e+02
 52 -0.05615  3.26502e+02 | 53 -0.04624 -6.70374e+01 | 54 -0.03442  5.69214e+01
 55 -0.02125  7.00953e+01 | 56 -0.01275  3.75360e+02 | 57 -0.00751  1.33145e+02
 58  0.00253  8.65926e+00 | 59  0.01139  1.36346e+02 | 60  0.01857 -8.02777e+01
 61  0.02401 -1.08955e+02 | 62  0.01895 -6.85922e+02 | 63  0.01319 -1.06828e+03
 64  0.01642 -7.00373e+02 | 65  0.02119 -1.55606e+02 | 66  0.02006 -3.28312e+02
 67  0.01647 -4.38939e+02 | 68  0.02311 -1.12582e+02 | 69  0.01890 -5.76011e+02
 70  0.02475 -2.29131e+02 | 71  0.02624 -1.63660e+02 | 72  0.03719  5.46128e+02
 73  0.03538 -2.88420e+02 | 74  0.02889  1.08228e+02 | 75  0.02855  1.95285e+02
 76  0.02641  5.07682e+02 | 77  0.02381  9.56410e+01 | 78  0.08827 -4.84314e+02
 79 -0.69062  2.29188e+03 | 80 -0.69686  8.71831e+02 |
2 0 27065.1
2 0 27064.9
2 0 27064.6
2 0 27064.4
2 0 27064.1
2 0 27063.7
2 0 27063.6
2 0 27063.4
2 0 27063.4
2 0 27063.4
80 variables; iteration 40; function evaluation 50; phase 2
Function value   2.7063524e+04; maximum gradient component mag  -3.8254e+03
Var   Value    Gradient   |Var   Value    Gradient   |Var   Value    Gradient
  1 -0.95909  1.68683e+01 |  2 -0.42210  6.00694e+01 |  3  0.29302  3.93366e+02
  4  0.21886  7.51620e+01 |  5  0.15832  6.85235e+01 |  6  0.10444 -4.88205e+00
  7  0.06938  5.86378e+00 |  8  0.04385  1.63701e+01 |  9  0.02101  5.34319e-01
 10  0.00296 -5.60874e+00 | 11 -0.00994 -2.58192e+00 | 12 -0.01940  7.45884e-02
 13 -0.02668  7.73506e-01 | 14 -0.03228  7.04429e-01 | 15 -0.03638  5.51879e-01
 16 -0.03908  4.63338e-01 | 17 -0.04041  4.19043e-01 | 18  0.09817 -2.40338e+03
 19 -0.02176  2.09637e+02 | 20 -0.02800  1.91554e+02 | 21 -0.02982 -6.79304e+02
 22 -0.03833  1.45835e+02 | 23 -0.02609  2.70425e+02 | 24 -0.02523 -1.75141e+02
 25 -0.02169  2.17960e+02 | 26 -0.02366 -2.52185e+02 | 27 -0.01638 -2.18418e+02
 28 -0.01528  5.88733e+01 | 29 -0.01288 -1.49126e+02 | 30 -0.01013  3.03286e+00
 31 -0.00986 -2.75069e+02 | 32 -0.00186 -1.20437e+02 | 33  0.00573  1.59341e+02
 34  0.00069 -2.24502e+02 | 35  0.00002 -2.79111e+02 | 36  0.00347 -1.39826e+02
 37  0.01158 -1.42994e+01 | 38  0.01421  2.00014e+02 | 39  0.01742  1.43796e+02
 40  0.01327  1.16439e+02 | 41  0.01580 -5.04613e+01 | 42  0.02307  1.58174e+02
 43  0.03189  4.32203e+02 | 44  0.02960  1.14812e+02 | 45  0.03677  2.78028e+02
 46  0.03600  2.55831e+02 | 47  0.04263  4.18675e+02 | 48  0.14923 -3.82544e+03
 49 -0.09760 -3.38972e+02 | 50 -0.09151  8.81557e+01 | 51 -0.07251  4.47497e+02
 52 -0.05628  3.62729e+02 | 53 -0.04624 -3.78338e+01 | 54 -0.03424  8.98994e+01
 55 -0.02135  6.05997e+01 | 56 -0.01365  2.21204e+02 | 57 -0.00750  1.38686e+02
 58  0.00286  8.83697e+01 | 59  0.01126  1.18713e+02 | 60  0.01859 -8.18921e+01
 61  0.02401 -1.34762e+02 | 62  0.01844 -8.12245e+02 | 63  0.01337 -1.05160e+03
 64  0.01681 -5.94254e+02 | 65  0.02115 -1.34117e+02 | 66  0.02022 -2.76992e+02
 67  0.01642 -4.56304e+02 | 68  0.02316 -1.46781e+02 | 69  0.01919 -5.73774e+02
 70  0.02385 -4.97011e+02 | 71  0.02647 -1.08766e+02 | 72  0.03696  5.35006e+02
 73  0.03580 -2.05630e+02 | 74  0.02907  6.31605e+01 | 75  0.02876  1.99297e+02
 76  0.02725  5.94256e+02 | 77  0.02289  7.32807e+01 | 78  0.08655 -5.00369e+02
 79 -0.69015  2.22887e+03 | 80 -0.69627  8.22419e+02 |
2 0 27063.3
2 0 27063.3
2 0 27063.2
2 0 27063.3
2 0 27063.2
2 0 27063.2
2 0 27063.2
2 0 27063.2
2 0 27063.2
2 0 27063.2
2 0 27063.2
80 variables; iteration 50; function evaluation 61; phase 2
Function value   2.7063323e+04; maximum gradient component mag  -3.7817e+03
Var   Value    Gradient   |Var   Value    Gradient   |Var   Value    Gradient
  1 -0.96553  1.41492e+01 |  2 -0.42042  5.99743e+01 |  3  0.29323  4.10847e+02
  4  0.21885  8.10404e+01 |  5  0.15461  3.78158e+01 |  6  0.10320 -8.63335e-01
  7  0.06836  1.14943e+01 |  8  0.04093 -6.48517e-01 |  9  0.02075  7.99798e-01
 10  0.00524  4.47213e+00 | 11 -0.00797  7.12535e-01 | 12 -0.01862 -1.59160e+00
 13 -0.02656 -9.07371e-01 | 14 -0.03232  8.85040e-02 | 15 -0.03640  4.65230e-01
 16 -0.03906  4.98603e-01 | 17 -0.04038  4.65013e-01 | 18  0.09766 -2.39905e+03
 19 -0.02178  2.04558e+02 | 20 -0.02786  1.90504e+02 | 21 -0.02969 -6.82539e+02
 22 -0.03810  1.60850e+02 | 23 -0.02602  2.62397e+02 | 24 -0.02513 -1.75841e+02
 25 -0.02160  2.18519e+02 | 26 -0.02355 -2.46777e+02 | 27 -0.01636 -2.37705e+02
 28 -0.01518  5.55450e+01 | 29 -0.01259 -1.37118e+02 | 30 -0.00977  2.86344e+01
 31 -0.00979 -2.81322e+02 | 32 -0.00171 -1.15048e+02 | 33  0.00586  1.63632e+02
 34  0.00067 -2.37453e+02 | 35 -0.00000 -2.90904e+02 | 36  0.00355 -1.42829e+02
 37  0.01189  5.96365e+00 | 38  0.01444  2.04257e+02 | 39  0.01743  1.28694e+02
 40  0.01342  1.20276e+02 | 41  0.01636 -2.86285e+01 | 42  0.02364  1.79183e+02
 43  0.03204  4.32659e+02 | 44  0.02954  1.06457e+02 | 45  0.03636  2.70580e+02
 46  0.03476  2.23157e+02 | 47  0.04036  4.13121e+02 | 48  0.14939 -3.78173e+03
 49 -0.09779 -3.45949e+02 | 50 -0.09166  8.34819e+01 | 51 -0.07265  4.46292e+02
 52 -0.05632  3.73693e+02 | 53 -0.04641 -4.73649e+01 | 54 -0.03430  9.74921e+01
 55 -0.02152  4.71036e+01 | 56 -0.01388  1.96983e+02 | 57 -0.00753  1.59801e+02
 58  0.00262  7.58615e+01 | 59  0.01131  1.51689e+02 | 60  0.01860 -6.30595e+01
 61  0.02379 -1.51795e+02 | 62  0.01837 -8.08618e+02 | 63  0.01326 -1.05507e+03
 64  0.01664 -6.02690e+02 | 65  0.02096 -1.45802e+02 | 66  0.02004 -2.88861e+02
 67  0.01633 -4.60482e+02 | 68  0.02309 -1.40125e+02 | 69  0.01911 -5.55187e+02
 70  0.02362 -5.13539e+02 | 71  0.02652 -7.36169e+01 | 72  0.03689  5.37653e+02
 73  0.03563 -2.28976e+02 | 74  0.02898  6.19578e+01 | 75  0.02872  1.98873e+02
 76  0.02730  5.91714e+02 | 77  0.02592  8.88387e+01 | 78  0.08648 -5.03951e+02
 79 -0.69020  2.21768e+03 | 80 -0.69639  8.21309e+02 |
2 0 27063.2
2 0 27063.2
2 0 27063.1
2 0 27063.1
2 0 27063.1
2 0 27063.1
2 0 27063.1
2 0 27063
2 0 27062.9
2 0 27062.9
2 0 27062.9
2 0 27062.8
80 variables; iteration 60; function evaluation 73; phase 2
Function value   2.7062970e+04; maximum gradient component mag  -3.7680e+03
Var   Value    Gradient   |Var   Value    Gradient   |Var   Value    Gradient
  1 -0.96653  1.37154e+01 |  2 -0.42109  6.02174e+01 |  3  0.29313  4.11830e+02
  4  0.21893  8.32784e+01 |  5  0.15416  3.89837e+01 |  6  0.10140 -1.32526e+00
  7  0.06459  1.51206e+00 |  8  0.03727 -1.12262e+01 |  9  0.01982  5.68893e+00
 10  0.00544  1.86787e+00 | 11 -0.00584  5.52300e-01 | 12 -0.01436  7.26654e+00
 13 -0.02258  4.81916e+00 | 14 -0.03016 -9.07003e-01 | 15 -0.03568 -2.30179e+00
 16 -0.03891 -9.97312e-01 | 17 -0.04034  8.85699e-02 | 18  0.09761 -2.38790e+03
 19 -0.02188  2.01774e+02 | 20 -0.02772  2.04177e+02 | 21 -0.02946 -6.60459e+02
 22 -0.03789  1.76565e+02 | 23 -0.02593  2.67990e+02 | 24 -0.02509 -1.72777e+02
 25 -0.02154  2.26886e+02 | 26 -0.02352 -2.41695e+02 | 27 -0.01641 -2.45195e+02
 28 -0.01525  4.03911e+01 | 29 -0.01242 -1.13086e+02 | 30 -0.00978  2.97089e+01
 31 -0.00991 -2.97419e+02 | 32 -0.00209 -1.73589e+02 | 33  0.00612  1.97530e+02
 34  0.00091 -2.21730e+02 | 35 -0.00015 -3.11918e+02 | 36  0.00344 -1.41302e+02
 37  0.01159 -2.31541e+01 | 38  0.01454  2.09453e+02 | 39  0.01737  1.26970e+02
 40  0.01339  1.13514e+02 | 41  0.01636 -3.15251e+01 | 42  0.02373  1.87330e+02
 43  0.03199  4.24683e+02 | 44  0.02968  1.10653e+02 | 45  0.03633  2.69175e+02
 46  0.03469  2.21975e+02 | 47  0.04009  4.08324e+02 | 48  0.14926 -3.76797e+03
 49 -0.09763 -3.35916e+02 | 50 -0.09157  8.92162e+01 | 51 -0.07257  4.52935e+02
 52 -0.05612  3.95844e+02 | 53 -0.04625 -3.29072e+01 | 54 -0.03424  9.33461e+01
 55 -0.02146  3.49611e+01 | 56 -0.01383  1.84068e+02 | 57 -0.00748  1.52235e+02
 58  0.00266  6.87270e+01 | 59  0.01145  1.51167e+02 | 60  0.01861 -8.39001e+01
 61  0.02400 -1.24660e+02 | 62  0.01810 -8.43550e+02 | 63  0.01357 -1.02713e+03
 64  0.01697 -5.60852e+02 | 65  0.02108 -1.31950e+02 | 66  0.02004 -3.06102e+02
 67  0.01624 -4.81175e+02 | 68  0.02326 -1.27056e+02 | 69  0.01911 -5.73292e+02
 70  0.02375 -5.00051e+02 | 71  0.02665 -5.91211e+01 | 72  0.03685  4.99892e+02
 73  0.03568 -2.35151e+02 | 74  0.02917  8.76210e+01 | 75  0.02881  2.01064e+02
 76  0.02734  5.87845e+02 | 77  0.02350  7.43286e+01 | 78  0.08645 -5.02458e+02
 79 -0.69028  2.19834e+03 | 80 -0.69662  8.19921e+02 |
2 0 27062.7
2 0 27062.1
2 0 27061.8
2 0 27061.5
2 0 27061.1
2 0 27060.6
2 0 27059.8
2 0 27059.1
2 0 27058.7
2 0 27058
2 0 27056.8
80 variables; iteration 70; function evaluation 84; phase 2
Function value   2.7056884e+04; maximum gradient component mag  -3.6409e+03
Var   Value    Gradient   |Var   Value    Gradient   |Var   Value    Gradient
  1 -0.95689  1.68603e+01 |  2 -0.43724  6.56946e+01 |  3  0.29089  3.72931e+02
  4  0.21688  8.36729e+01 |  5  0.15410  4.66544e+01 |  6  0.10453  1.93616e+01
  7  0.06762  8.20571e+00 |  8  0.03989  2.13101e+01 |  9  0.01320 -4.86048e+01
 10  0.00553 -2.24600e+01 | 11  0.00855  7.65911e-01 | 12  0.01576  2.84513e+01
 13  0.01987  4.29041e+01 | 14  0.01722  5.61976e+01 | 15  0.00357  3.28406e+01
 16 -0.01561 -1.14816e+01 | 17 -0.02855 -3.61537e+01 | 18  0.09760 -2.12911e+03
 19 -0.02316  1.18613e+02 | 20 -0.02771  2.44922e+02 | 21 -0.03029 -7.47132e+02
 22 -0.03895  9.08207e+01 | 23 -0.02690  1.65576e+02 | 24 -0.02556 -2.00101e+02
 25 -0.02145  2.51981e+02 | 26 -0.02356 -2.66532e+02 | 27 -0.01621 -2.53582e+02
 28 -0.01428  1.13055e+02 | 29 -0.01176 -7.29063e+01 | 30 -0.00859  1.46398e+02
 31 -0.00997 -3.19551e+02 | 32 -0.00233 -1.98274e+02 | 33  0.00593  1.65097e+02
 34  0.00112 -2.23002e+02 | 35  0.00133 -1.52823e+02 | 36  0.00596  1.00699e+02
 37  0.01194 -6.21982e+01 | 38  0.01366  1.51401e+02 | 39  0.01708  1.09008e+02
 40  0.01294  5.92253e+01 | 41  0.01665 -1.99675e+01 | 42  0.02380  1.71961e+02
 43  0.03129  3.52561e+02 | 44  0.03133  1.78527e+02 | 45  0.03604  2.20335e+02
 46  0.03445  1.97260e+02 | 47  0.03822  3.54156e+02 | 48  0.14955 -3.64087e+03
 49 -0.09690 -1.66105e+02 | 50 -0.09099  2.44491e+02 | 51 -0.07314  4.44388e+02
 52 -0.05638  4.51337e+02 | 53 -0.04681 -2.56123e+01 | 54 -0.03518  1.95062e+01
 55 -0.02206 -1.93759e+01 | 56 -0.01469  1.00102e+02 | 57 -0.00813  1.25632e+02
 58  0.00267  1.31964e+02 | 59  0.01063  6.09134e+01 | 60  0.01884 -2.00460e+01
 61  0.02336 -1.79093e+02 | 62  0.01800 -7.95310e+02 | 63  0.01327 -9.83393e+02
 64  0.01657 -5.42251e+02 | 65  0.02029 -2.67624e+02 | 66  0.02069 -2.38030e+02
 67  0.01679 -3.03817e+02 | 68  0.02274 -1.18977e+02 | 69  0.01880 -5.57253e+02
 70  0.02336 -4.76473e+02 | 71  0.02632 -5.61093e+01 | 72  0.03638  4.69491e+02
 73  0.03503 -2.50091e+02 | 74  0.02898  1.08120e+02 | 75  0.02828  1.70526e+02
 76  0.02707  5.45086e+02 | 77  0.03244  1.35180e+02 | 78  0.08510 -4.15500e+02
 79 -0.69169  1.71457e+03 | 80 -0.70119  7.29746e+02 |
2 0 27054.7
2 0 27052.9
2 0 27049.7
2 0 27055.2
2 0 27048.8
2 0 27047.4
2 0 27044.7
2 0 27039.9
2 0 27033.2
2 0 27083.1
2 0 27032.5
2 0 27036.7
2 0 27032.4
80 variables; iteration 80; function evaluation 97; phase 2
Function value   2.7032459e+04; maximum gradient component mag  -2.5246e+03
Var   Value    Gradient   |Var   Value    Gradient   |Var   Value    Gradient
  1 -0.91832  2.44937e+01 |  2 -0.49163  7.35840e+01 |  3  0.28524  3.05764e+02
  4  0.21220  9.81692e+01 |  5  0.13965  2.11158e-01 |  6  0.08751 -4.48101e+01
  7  0.06219  1.76220e+00 |  8  0.04733  5.94376e+01 |  9  0.02421 -5.36742e+00
 10  0.00898 -2.44828e+01 | 11  0.00577  2.39584e+01 | 12 -0.00010 -2.34162e+01
 13  0.00512  3.17901e+01 | 14  0.00549  2.49775e+01 | 15  0.00320  8.25217e+01
 16 -0.01923 -5.77941e+01 | 17 -0.02153  1.12087e+00 | 18  0.09718 -1.35304e+03
 19 -0.02952 -1.39176e+01 | 20 -0.02734  2.86128e+02 | 21 -0.02909 -6.07291e+02
 22 -0.03762  1.27487e+02 | 23 -0.02611  1.19167e+02 | 24 -0.02382 -5.36146e+01
 25 -0.02034  2.68779e+02 | 26 -0.02243 -1.39257e+02 | 27 -0.01602 -2.20308e+02
 28 -0.01499 -1.09580e+01 | 29 -0.01179 -9.07682e+01 | 30 -0.00800  1.55545e+02
 31 -0.00866 -1.44392e+02 | 32 -0.00209 -1.46520e+02 | 33  0.00500 -3.73259e+01
 34  0.00222 -1.37895e+02 | 35  0.00196 -8.81718e+01 | 36  0.00479 -3.14515e+01
 37  0.01242 -7.01825e+00 | 38  0.01304  2.64569e+01 | 39  0.01842  1.25237e+02
 40  0.01299 -1.81028e+01 | 41  0.01755 -2.05996e+00 | 42  0.02310  6.24380e+01
 43  0.03189  2.44457e+02 | 44  0.03037  4.87235e+01 | 45  0.03809  1.82894e+02
 46  0.03359  1.07478e+02 | 47  0.03266  1.63301e+02 | 48  0.14887 -2.52458e+03
 49 -0.09431  1.60800e+02 | 50 -0.09202  9.41594e+01 | 51 -0.07405  3.01964e+02
 52 -0.05693  3.03767e+02 | 53 -0.04662 -5.72191e+00 | 54 -0.03502  4.59329e+01
 55 -0.02131  6.01309e+01 | 56 -0.01405  1.02730e+02 | 57 -0.00804  6.60309e+01
 58  0.00254  7.13255e+01 | 59  0.01074  6.00380e+01 | 60  0.01923  1.12061e+01
 61  0.02427 -1.41639e+02 | 62  0.01928 -6.50807e+02 | 63  0.01392 -7.88844e+02
 64  0.01823 -2.58582e+02 | 65  0.02133 -1.48748e+02 | 66  0.02059 -2.74338e+02
 67  0.01754 -2.33765e+02 | 68  0.02290 -3.55459e+01 | 69  0.02014 -3.00786e+02
 70  0.02404 -3.15545e+02 | 71  0.02683 -4.99263e+00 | 72  0.03591  3.71819e+02
 73  0.03537 -1.80006e+02 | 74  0.02891  1.49675e+02 | 75  0.02822  1.40772e+02
 76  0.02674  3.94114e+02 | 77  0.02339  6.73582e+01 | 78  0.08472 -1.48206e+02
 79 -0.69599  5.38221e+02 | 80 -0.71499  3.47722e+02 |
2 0 27032.3
2 0 27032.1
2 0 27029.6
2 0 27013.6
2 0 27007.9
2 0 27005.3
2 0 27004
2 0 27003
2 0 27002.9
2 0 27002.6
2 0 27002.5
2 0 27002.4
2 0 27002.3
80 variables; iteration 90; function evaluation 110; phase 2
Function value   2.7002343e+04; maximum gradient component mag  -2.1020e+02
Var   Value    Gradient   |Var   Value    Gradient   |Var   Value    Gradient
  1 -0.70200  1.51938e+01 |  2 -0.72918  1.72975e+01 |  3  0.26991 -1.66314e+01
  4  0.20002 -5.54726e+00 |  5  0.13590 -1.37090e+00 |  6  0.08804 -9.11035e-01
  7  0.05343 -5.72172e-01 |  8  0.02787 -4.68729e-01 |  9  0.00838 -4.52756e-01
 10 -0.00686 -3.94189e-01 | 11 -0.01898 -7.72000e-01 | 12 -0.02856 -3.10176e-01
 13 -0.03616 -4.96290e-01 | 14 -0.04202 -8.11628e-01 | 15 -0.04623 -6.76688e-01
 16 -0.04895 -2.50843e-01 | 17 -0.05038 -8.49815e-01 | 18  0.11901  2.32782e+01
 19 -0.03809  1.73579e+01 | 20 -0.03029  3.74741e+00 | 21 -0.02766  8.87088e-02
 22 -0.03888 -9.95510e+00 | 23 -0.02774  4.93449e-01 | 24 -0.02506 -1.52961e+00
 25 -0.02354 -2.88296e+00 | 26 -0.02304  1.09639e-01 | 27 -0.01589  1.51056e+00
 28 -0.01572 -2.32171e+00 | 29 -0.01240  3.54455e-01 | 30 -0.01006 -1.26295e+00
 31 -0.00915 -3.66348e+00 | 32 -0.00212  1.81305e+00 | 33  0.00454  2.02433e+00
 34  0.00170 -3.35657e+00 | 35  0.00139 -2.09556e+00 | 36  0.00411 -9.61710e-01
 37  0.01144  4.43812e-01 | 38  0.01201 -2.13615e+00 | 39  0.01724  3.98654e+00
 40  0.01456 -1.65673e+00 | 41  0.01902  5.56077e+00 | 42  0.02450  4.35823e-01
 43  0.03128  3.33888e+00 | 44  0.03347  5.86125e+00 | 45  0.04010 -3.45883e+00
 46  0.04008  5.51226e-02 | 47  0.04425 -2.24774e+00 | 48  0.14644 -2.10201e+02
 49 -0.09748 -8.11830e-01 | 50 -0.09449  2.31530e+00 | 51 -0.07705 -1.97921e+00
 52 -0.05982 -2.21205e+00 | 53 -0.04770 -5.48664e-01 | 54 -0.03626 -4.17247e-01
 55 -0.02320 -2.66074e+00 | 56 -0.01515 -2.12126e+00 | 57 -0.00866  1.10446e+00
 58  0.00198 -1.44002e+00 | 59  0.01044 -1.69652e+00 | 60  0.01861  3.49399e+00
 61  0.02502  9.40400e-01 | 62  0.02309  2.06787e+00 | 63  0.01768  3.17746e+00
 64  0.01942  9.65248e-01 | 65  0.02240  2.74451e-01 | 66  0.02263  6.01804e-01
 67  0.01909  1.90587e+00 | 68  0.02366  2.78872e-01 | 69  0.02139 -2.20488e+00
 70  0.02601  7.96029e-01 | 71  0.02761 -7.15977e-01 | 72  0.03546  2.48360e-01
 73  0.03632 -3.17387e+00 | 74  0.02918 -4.50174e+00 | 75  0.02794 -2.90440e+00
 76  0.02545 -1.27011e+00 | 77  0.02548  1.00669e+01 | 78  0.05015  2.54383e+01
 79 -0.69849 -5.59919e+00 | 80 -0.72028 -3.45297e+00 |
2 0 27002.3
2 0 27002.3
2 0 27002.3
2 0 27002.3
2 0 27002.3
2 0 27002.3
2 0 27002.3
2 0 27002.3
2 0 27002.3
2 0 27002.3
80 variables; iteration 100; function evaluation 120; phase 2
Function value   2.7002292e+04; maximum gradient component mag   1.6306e+00
Var   Value    Gradient   |Var   Value    Gradient   |Var   Value    Gradient
  1 -0.69594  1.21652e-02 |  2 -0.73676  7.47080e-02 |  3  0.26975 -3.69229e-01
  4  0.19981  7.05867e-04 |  5  0.13570 -3.38458e-02 |  6  0.08806 -2.47412e-02
  7  0.05370 -1.34322e-02 |  8  0.02844 -3.56549e-03 |  9  0.00930 -1.75884e-03
 10 -0.00557 -3.42521e-03 | 11 -0.01730 -8.58819e-03 | 12 -0.02657  2.08735e-04
 13 -0.03383 -6.55300e-03 | 14 -0.03937 -8.67570e-03 | 15 -0.04338 -7.86103e-03
 16 -0.04600  1.09576e-03 | 17 -0.04729 -8.67935e-03 | 18  0.11850  1.23344e-01
 19 -0.03744  6.76158e-01 | 20 -0.03004 -5.22554e-02 | 21 -0.02748 -7.28772e-02
 22 -0.03870 -8.61527e-03 | 23 -0.02758  2.98219e-02 | 24 -0.02490 -4.93159e-04
 25 -0.02337 -8.70264e-03 | 26 -0.02288  4.42533e-02 | 27 -0.01575  1.15674e-02
 28 -0.01556 -1.49743e-02 | 29 -0.01225 -6.00430e-05 | 30 -0.00992 -5.56641e-02
 31 -0.00903 -5.65472e-03 | 32 -0.00207  1.47172e-01 | 33  0.00459 -2.60166e-02
 34  0.00182  2.75712e-03 | 35  0.00150  5.76017e-02 | 36  0.00420  1.06012e-01
 37  0.01149  7.48023e-02 | 38  0.01209  1.15893e-02 | 39  0.01721 -1.41080e-01
 40  0.01466 -1.48075e-02 | 41  0.01893 -1.88388e-01 | 42  0.02430  5.08875e-02
 43  0.03069 -1.45539e-01 | 44  0.03277 -4.99682e-02 | 45  0.03963 -1.08830e-01
 46  0.03952 -3.78395e-01 | 47  0.04362 -9.16343e-02 | 48  0.14618  1.63056e+00
 49 -0.09767 -6.23599e-02 | 50 -0.09467  3.53618e-02 | 51 -0.07723  9.29565e-02
 52 -0.05995  1.01461e-01 | 53 -0.04781  1.05634e-01 | 54 -0.03636  1.05081e-01
 55 -0.02329  7.73518e-02 | 56 -0.01521  2.69623e-02 | 57 -0.00872  6.47786e-02
 58  0.00195  5.58514e-02 | 59  0.01043  3.14875e-02 | 60  0.01858  8.05802e-02
 61  0.02503 -5.50473e-02 | 62  0.02309 -7.27586e-02 | 63  0.01767  5.43836e-02
 64  0.01945  3.87014e-02 | 65  0.02244 -4.28899e-02 | 66  0.02268 -1.10236e-01
 67  0.01913 -5.09319e-02 | 68  0.02373 -2.49577e-02 | 69  0.02145  7.78071e-02
 70  0.02609  6.13983e-02 | 71  0.02770  6.91100e-02 | 72  0.03557 -1.23322e-01
 73  0.03644  8.31085e-02 | 74  0.02930 -7.17371e-02 | 75  0.02807 -1.28337e-01
 76  0.02558 -9.52975e-02 | 77  0.02558 -6.42666e-02 | 78  0.04602  3.23694e-03
 79 -0.69907 -1.02102e+00 | 80 -0.72110  1.09154e-01 |
2 0 27002.3
2 0 27002.3
2 0 27002.3
2 0 27002.3
2 0 27002.3
2 0 27002.3
2 0 27002.3
2 0 27002.3
2 0 27002.3
2 0 27002.3
2 0 27002.3
80 variables; iteration 110; function evaluation 131; phase 2
Function value   2.7002292e+04; maximum gradient component mag  -9.2544e-01
Var   Value    Gradient   |Var   Value    Gradient   |Var   Value    Gradient
  1 -0.68651  2.07684e-01 |  2 -0.74519  2.25985e-01 |  3  0.26974 -1.61087e-01
  4  0.19980  8.71942e-03 |  5  0.13570 -1.30252e-02 |  6  0.08806 -1.25679e-02
  7  0.05370 -4.04185e-03 |  8  0.02844 -5.46756e-04 |  9  0.00930 -2.58972e-03
 10 -0.00557 -1.94739e-03 | 11 -0.01729 -4.66289e-03 | 12 -0.02656  1.47282e-04
 13 -0.03382 -2.97084e-03 | 14 -0.03936 -4.61831e-03 | 15 -0.04337 -2.39021e-03
 16 -0.04599  2.69215e-05 | 17 -0.04728 -5.05746e-03 | 18  0.11852  1.76764e-01
 19 -0.03745  2.19216e-01 | 20 -0.03004 -1.82054e-02 | 21 -0.02749 -3.57645e-02
 22 -0.03870 -4.12321e-02 | 23 -0.02759  2.33600e-02 | 24 -0.02491 -1.76839e-03
 25 -0.02338  6.34950e-03 | 26 -0.02289  1.55299e-02 | 27 -0.01575  2.35048e-03
 28 -0.01557 -2.17114e-02 | 29 -0.01226  8.10650e-03 | 30 -0.00993 -3.93040e-02
 31 -0.00904 -2.14919e-02 | 32 -0.00208  8.53699e-02 | 33  0.00458 -4.00606e-03
 34  0.00181 -2.38446e-02 | 35  0.00150  2.73812e-02 | 36  0.00419  4.56581e-02
 37  0.01149  4.98949e-02 | 38  0.01209  8.58744e-03 | 39  0.01721 -3.11242e-02
 40  0.01465  1.85983e-02 | 41  0.01892 -1.64291e-01 | 42  0.02430 -1.86609e-02
 43  0.03069 -7.20359e-02 | 44  0.03279  1.13932e-01 | 45  0.03966  3.14155e-02
 46  0.03956 -1.10543e-01 | 47  0.04366 -5.40696e-02 | 48  0.14618 -6.83609e-01
 49 -0.09767 -9.44004e-03 | 50 -0.09467  2.51874e-02 | 51 -0.07723  7.91896e-02
 52 -0.05995  5.51515e-02 | 53 -0.04781  5.92789e-02 | 54 -0.03636  5.35551e-02
 55 -0.02329  4.58808e-02 | 56 -0.01521  1.21554e-02 | 57 -0.00872  4.06162e-02
 58  0.00195  1.54055e-02 | 59  0.01043  2.39725e-02 | 60  0.01858  4.65210e-02
 61  0.02503 -2.90087e-02 | 62  0.02309 -6.11263e-02 | 63  0.01767 -7.71047e-04
 64  0.01945  1.13220e-02 | 65  0.02244 -2.89920e-02 | 66  0.02268 -6.10768e-02
 67  0.01913 -3.52832e-02 | 68  0.02373 -2.53438e-02 | 69  0.02145 -5.27912e-03
 70  0.02610 -2.01423e-02 | 71  0.02770  4.83380e-02 | 72  0.03557 -3.07164e-02
 73  0.03644  5.05697e-02 | 74  0.02930 -4.11162e-02 | 75  0.02807 -1.08116e-01
 76  0.02558 -6.98564e-02 | 77  0.02558  3.53021e-02 | 78  0.04602  6.81842e-02
 79 -0.69906 -9.25442e-01 | 80 -0.72112  1.85541e-01 |
2 0 27002.3
2 0 27002.3
2 0 27002.3
2 0 27002.3
2 0 27002.3
2 0 27002.3
2 0 27002.3
2 0 27002.3
2 0 27002.3
2 0 27002.3
2 0 27002.3
80 variables; iteration 120; function evaluation 142; phase 2
Function value   2.7002292e+04; maximum gradient component mag  -1.2227e+00
Var   Value    Gradient   |Var   Value    Gradient   |Var   Value    Gradient
  1 -0.68007  6.19718e-01 |  2 -0.75124  6.45553e-01 |  3  0.26974 -4.61925e-02
  4  0.19980 -1.93423e-02 |  5  0.13570 -4.98724e-03 |  6  0.08806 -3.46645e-03
  7  0.05370 -1.06996e-03 |  8  0.02844 -8.62733e-05 |  9  0.00930 -1.12739e-04
 10 -0.00557 -1.93728e-03 | 11 -0.01728 -4.84816e-04 | 12 -0.02655 -1.54055e-04
 13 -0.03381 -3.50601e-05 | 14 -0.03934  1.70848e-04 | 15 -0.04336 -6.48280e-04
 16 -0.04597 -2.77388e-04 | 17 -0.04726 -5.64611e-04 | 18  0.11852  1.20492e-01
 19 -0.03746  6.10411e-02 | 20 -0.03004 -1.63570e-02 | 21 -0.02749 -3.01182e-02
 22 -0.03870 -6.69390e-03 | 23 -0.02759 -3.62939e-03 | 24 -0.02491 -1.13815e-02
 25 -0.02338 -8.57819e-03 | 26 -0.02289 -1.67525e-03 | 27 -0.01575  4.31063e-03
 28 -0.01557  8.77952e-03 | 29 -0.01226  1.36083e-02 | 30 -0.00993  3.66181e-03
 31 -0.00904  9.55591e-03 | 32 -0.00208  2.37511e-02 | 33  0.00458  2.05052e-02
 34  0.00181  1.87470e-02 | 35  0.00150  5.59027e-03 | 36  0.00419  1.84212e-02
 37  0.01149  2.16796e-02 | 38  0.01209 -1.00215e-02 | 39  0.01721 -2.29715e-02
 40  0.01465 -1.11723e-02 | 41  0.01893  1.71645e-02 | 42  0.02430  3.39580e-02
 43  0.03069  7.30871e-03 | 44  0.03277 -1.85050e-01 | 45  0.03966 -2.17089e-02
 46  0.03958  5.63946e-02 | 47  0.04368 -1.61468e-02 | 48  0.14618 -1.22273e+00
 49 -0.09767  9.83463e-03 | 50 -0.09467  4.86543e-03 | 51 -0.07723  3.69731e-02
 52 -0.05995  2.42529e-02 | 53 -0.04781  1.82412e-02 | 54 -0.03636  1.64729e-02
 55 -0.02329  1.19814e-02 | 56 -0.01521 -1.17926e-02 | 57 -0.00872 -2.06789e-03
 58  0.00195  1.00796e-02 | 59  0.01043  5.17185e-03 | 60  0.01858 -1.29929e-03
 61  0.02503 -2.24663e-02 | 62  0.02309 -3.80439e-02 | 63  0.01767 -1.96109e-02
 64  0.01945 -1.44891e-02 | 65  0.02244 -1.94199e-02 | 66  0.02268 -3.42123e-02
 67  0.01913 -1.72558e-02 | 68  0.02373 -7.09125e-03 | 69  0.02145  1.36122e-03
 70  0.02609  5.48454e-03 | 71  0.02770 -1.50005e-02 | 72  0.03557 -2.52320e-02
 73  0.03644 -4.36765e-02 | 74  0.02930  7.56038e-02 | 75  0.02807  2.53899e-02
 76  0.02558 -2.19251e-03 | 77  0.02558  5.94121e-02 | 78  0.04604  8.05127e-02
 79 -0.69899 -8.49459e-01 | 80 -0.72119  2.35745e-01 |
2 0 27002.3
2 0 27002.3
2 0 27002.3
2 0 27002.3
2 0 27002.3
2 0 27002.3
2 0 27002.3
2 0 27002.3
2 0 27002.3
2 0 27002.3
2 0 27002.3
2 0 27002.3
80 variables; iteration 130; function evaluation 154; phase 2
Function value   2.7002292e+04; maximum gradient component mag  -3.6165e+00
Var   Value    Gradient   |Var   Value    Gradient   |Var   Value    Gradient
  1 -0.67133 -3.61649e+00 |  2 -0.75987 -3.55756e+00 |  3  0.26974  1.93331e-01
  4  0.19979 -2.57011e-02 |  5  0.13570  2.12570e-02 |  6  0.08806  1.89076e-02
  7  0.05370  7.01088e-03 |  8  0.02845  4.10775e-03 |  9  0.00932  6.02113e-03
 10 -0.00555  5.03765e-03 | 11 -0.01726  1.36060e-02 | 12 -0.02652  2.42276e-03
 13 -0.03377  9.52774e-03 | 14 -0.03930  1.45144e-02 | 15 -0.04331  1.19552e-02
 16 -0.04593  2.15980e-03 | 17 -0.04721  1.29537e-02 | 18  0.11853  1.00928e-01
 19 -0.03747 -4.00078e-01 | 20 -0.03005  1.17379e-01 | 21 -0.02749  3.74126e-02
 22 -0.03870  3.44196e-02 | 23 -0.02759 -5.75955e-03 | 24 -0.02491  6.63494e-03
 25 -0.02338 -1.62671e-02 | 26 -0.02289 -4.54648e-06 | 27 -0.01575  1.66786e-02
 28 -0.01557  1.75086e-02 | 29 -0.01226 -2.85709e-04 | 30 -0.00993  6.35445e-02
 31 -0.00904  4.11137e-02 | 32 -0.00208 -4.06122e-02 | 33  0.00458  3.38924e-02
 34  0.00181  3.90348e-02 | 35  0.00150 -2.82079e-02 | 36  0.00419 -4.12692e-02
 37  0.01148 -4.89177e-02 | 38  0.01209 -3.74902e-02 | 39  0.01721  3.97233e-02
 40  0.01465 -5.47913e-02 | 41  0.01894  3.21892e-01 | 42  0.02430  4.34332e-02
 43  0.03070  1.28182e-01 | 44  0.03277 -2.42872e-01 | 45  0.03965 -1.38353e-01
 46  0.03958  7.99690e-02 | 47  0.04368  3.97968e-02 | 48  0.14618  1.23189e+00
 49 -0.09767  1.33458e-02 | 50 -0.09467  2.18290e-02 | 51 -0.07723 -5.42870e-02
 52 -0.05995 -5.30849e-02 | 53 -0.04781 -5.93056e-02 | 54 -0.03636 -3.75780e-02
 55 -0.02329 -7.61392e-02 | 56 -0.01521 -3.90662e-02 | 57 -0.00872 -4.25525e-02
 58  0.00195 -2.28434e-02 | 59  0.01043 -4.65488e-02 | 60  0.01858 -4.28187e-02
 61  0.02503 -4.30880e-03 | 62  0.02309  1.26061e-02 | 63  0.01767 -3.50649e-02
 64  0.01945 -3.68841e-02 | 65  0.02244  6.33387e-03 | 66  0.02268  2.79570e-02
 67  0.01913  3.86789e-02 | 68  0.02373  4.06566e-02 | 69  0.02145  2.65190e-03
 70  0.02609  4.43561e-02 | 71  0.02770 -8.31652e-02 | 72  0.03557  9.12562e-02
 73  0.03644 -1.41913e-01 | 74  0.02930  1.00246e-01 | 75  0.02807  1.74015e-01
 76  0.02558  1.92672e-01 | 77  0.02558 -6.27937e-02 | 78  0.04606  7.12241e-02
 79 -0.69869 -6.87447e-01 | 80 -0.72154  3.14752e-01 |
2 0 27002.3
2 0 28036.2
2 0 27002.3
2 0 27002.3
2 0 27002.3
2 0 27002.3
2 0 27002.3
2 0 27002.3
2 0 27002.3
2 0 27002.3
2 0 27002.3
2 0 27002.3
2 0 27002.3
2 0 27002.3
2 0 27002.3
2 0 27002.3
2 0 27002.3
2 0 27002.3
2 0 27002.3
2 0 28038
2 0 27002.3
2 0 27002.3
2 0 27002.3
2 0 27002.3
2 0 28038.2
2 0 27002.3
2 0 27002.3
2 0 27002.3
2 0 27002.3
2 0 27002.3
2 0 27002.3
2 0 27002.3
2 0 27002.3
2 0 27002.3
2 0 27002.3
2 0 27002.3
2 0 27002.3
2 0 27002.3
2 0 27002.3
2 0 27002.3
2 0 27002.3
2 0 27002.3
2 0 27002.3
2 0 27002.3
2 0 27002.3
2 0 27002.3
2 0 27002.3
2 0 27002.3
2 0 27002.3
2 0 27002.3
2 0 27002.3
2 0 27002.3
2 0 27002.3
2 0 27002.3
2 0 27002.3
  ic > imax  in fminim is answer attained ?
Var   Value    Gradient   |Var   Value    Gradient   |Var   Value    Gradient
  1 -0.66920  7.09071e+01 |  2 -0.76206  6.86900e+01 |  3  0.26975 -4.18590e-01
  4  0.19982  1.37844e-02 |  5  0.13571 -3.49523e-02 |  6  0.08806 -3.11437e-02
  7  0.05369 -1.08028e-02 |  8  0.02843 -5.56590e-03 |  9  0.00928 -9.05544e-03
 10 -0.00560 -1.01235e-02 | 11 -0.01733 -2.26644e-02 | 12 -0.02660 -3.29756e-03
 13 -0.03387 -1.45116e-02 | 14 -0.03942 -2.29756e-02 | 15 -0.04343 -2.07283e-02
 16 -0.04605 -3.59443e-03 | 17 -0.04734 -2.17123e-02 | 18  0.11852  1.75715e-01
 19 -0.03744  7.50425e-01 | 20 -0.03004 -1.09848e-01 | 21 -0.02749 -1.01339e-01
 22 -0.03870 -5.21390e-02 | 23 -0.02759  2.65148e-02 | 24 -0.02491 -5.46758e-03
 25 -0.02338  2.31160e-02 | 26 -0.02289  2.31972e-02 | 27 -0.01575 -1.77933e-03
 28 -0.01557 -2.39854e-02 | 29 -0.01226  1.31828e-02 | 30 -0.00993 -8.14539e-02
 31 -0.00904 -4.78857e-02 | 32 -0.00208  1.34178e-01 | 33  0.00458 -3.55962e-02
 34  0.00181 -4.28389e-02 | 35  0.00150  5.60708e-02 | 36  0.00419  9.05157e-02
 37  0.01149  9.27591e-02 | 38  0.01209  2.03538e-02 | 39  0.01720 -1.00450e-01
 40  0.01465  4.46169e-02 | 41  0.01891 -5.22549e-01 | 42  0.02429 -9.60285e-02
 43  0.03068 -2.19433e-01 | 44  0.03279  1.15418e-01 | 45  0.03967  1.84102e-01
 46  0.03957 -8.24751e-02 | 47  0.04366 -1.01510e-01 | 48  0.14618 -9.58771e-01
 49 -0.09767 -5.44114e-02 | 50 -0.09467 -6.85183e-03 | 51 -0.07723  1.11067e-01
 52 -0.05995  9.94253e-02 | 53 -0.04781  1.01941e-01 | 54 -0.03636  7.87159e-02
 55 -0.02329  1.00175e-01 | 56 -0.01521  2.55069e-02 | 57 -0.00872  5.73430e-02
 58  0.00195  3.32624e-02 | 59  0.01043  5.48173e-02 | 60  0.01858  7.21916e-02
 61  0.02503 -5.39182e-02 | 62  0.02309 -8.70435e-02 | 63  0.01767  1.40437e-02
 64  0.01945  3.80315e-02 | 65  0.02244 -3.99558e-02 | 66  0.02268 -9.52406e-02
 67  0.01913 -6.43009e-02 | 68  0.02373 -4.67841e-02 | 69  0.02145  1.32471e-02
 70  0.02610 -4.95019e-02 | 71  0.02770  1.45457e-01 | 72  0.03557 -1.04419e-01
 73  0.03644  2.03635e-01 | 74  0.02930  1.34860e-02 | 75  0.02807 -2.07253e-01
 76  0.02558 -2.29009e-01 | 77  0.02558  5.64154e-02 | 78  0.04602  9.24768e-02
 79 -0.69856 -9.53230e-01 | 80 -0.72173  7.07262e-02 |
Function minimizer not making progress ... is minimum attained?
Minimprove criterion =   0.0000e+00

 - final statistics:
80 variables; iteration 140; function evaluation 208
Function value   2.7002e+04; maximum gradient component mag   7.0907e+01
Exit code = 1;  converg criter   1.0000e-03
Var   Value    Gradient   |Var   Value    Gradient   |Var   Value    Gradient
  1 -0.66920  7.09071e+01 |  2 -0.76206  6.86900e+01 |  3  0.26975 -4.18590e-01
  4  0.19982  1.37844e-02 |  5  0.13571 -3.49523e-02 |  6  0.08806 -3.11437e-02
  7  0.05369 -1.08028e-02 |  8  0.02843 -5.56590e-03 |  9  0.00928 -9.05544e-03
 10 -0.00560 -1.01235e-02 | 11 -0.01733 -2.26644e-02 | 12 -0.02660 -3.29756e-03
 13 -0.03387 -1.45116e-02 | 14 -0.03942 -2.29756e-02 | 15 -0.04343 -2.07283e-02
 16 -0.04605 -3.59443e-03 | 17 -0.04734 -2.17123e-02 | 18  0.11852  1.75715e-01
 19 -0.03744  7.50425e-01 | 20 -0.03004 -1.09848e-01 | 21 -0.02749 -1.01339e-01
 22 -0.03870 -5.21390e-02 | 23 -0.02759  2.65148e-02 | 24 -0.02491 -5.46758e-03
 25 -0.02338  2.31160e-02 | 26 -0.02289  2.31972e-02 | 27 -0.01575 -1.77933e-03
 28 -0.01557 -2.39854e-02 | 29 -0.01226  1.31828e-02 | 30 -0.00993 -8.14539e-02
 31 -0.00904 -4.78857e-02 | 32 -0.00208  1.34178e-01 | 33  0.00458 -3.55962e-02
 34  0.00181 -4.28389e-02 | 35  0.00150  5.60708e-02 | 36  0.00419  9.05157e-02
 37  0.01149  9.27591e-02 | 38  0.01209  2.03538e-02 | 39  0.01720 -1.00450e-01
 40  0.01465  4.46169e-02 | 41  0.01891 -5.22549e-01 | 42  0.02429 -9.60285e-02
 43  0.03068 -2.19433e-01 | 44  0.03279  1.15418e-01 | 45  0.03967  1.84102e-01
 46  0.03957 -8.24751e-02 | 47  0.04366 -1.01510e-01 | 48  0.14618 -9.58771e-01
 49 -0.09767 -5.44114e-02 | 50 -0.09467 -6.85183e-03 | 51 -0.07723  1.11067e-01
 52 -0.05995  9.94253e-02 | 53 -0.04781  1.01941e-01 | 54 -0.03636  7.87159e-02
 55 -0.02329  1.00175e-01 | 56 -0.01521  2.55069e-02 | 57 -0.00872  5.73430e-02
 58  0.00195  3.32624e-02 | 59  0.01043  5.48173e-02 | 60  0.01858  7.21916e-02
 61  0.02503 -5.39182e-02 | 62  0.02309 -8.70435e-02 | 63  0.01767  1.40437e-02
 64  0.01945  3.80315e-02 | 65  0.02244 -3.99558e-02 | 66  0.02268 -9.52406e-02
 67  0.01913 -6.43009e-02 | 68  0.02373 -4.67841e-02 | 69  0.02145  1.32471e-02
 70  0.02610 -4.95019e-02 | 71  0.02770  1.45457e-01 | 72  0.03557 -1.04419e-01
 73  0.03644  2.03635e-01 | 74  0.02930  1.34860e-02 | 75  0.02807 -2.07253e-01
 76  0.02558 -2.29009e-01 | 77  0.02558  5.64154e-02 | 78  0.04602  9.24768e-02
 79 -0.69856 -9.53230e-01 | 80 -0.72173  7.07262e-02 |
2 0 27002.3
B053151.7
0.3 0.474202
0.406459 0.393469
0.45694 0.363618
0.474719 0.354111
0.480294 0.351227
0.481978 0.350365
0.48248 0.350108
0.48263 0.350032
0.482674 0.35001
0.482687 0.350003
0.482691 0.350001
0.482692 0.35
0.482693 0.35
0.482693 0.35
0.482693 0.35
0.482693 0.35
0.482693 0.35
0.482693 0.35
0.482693 0.35
0.482693 0.35
0.482693 0.35
FutMOrt0.139206
FutMOrt0.139206
FutMOrt0.139206
FutMOrt0.139206
FutMOrt0.139206
FutMOrt0.139206
FutMOrt0.139206
FutMOrt0.139206
FutMOrt0.139206
FutMOrt0.139206
Survey Bio26.6012
Survey len13265.6
CPUE51.2897
Catch18.5492
Catch len13611.4
initsmo_penal21.6497
F_pen2.18427
Rec_pen4.97598
M_pen0


Starting time: Mon Nov 26 14:14:13 2018
Finishing time: Mon Nov 26 14:14:20 2018
This run took: 0 hours, 0 minutes, 7 seconds.

