survYears 71 72 73 74 75 76 77 78 79 80 81 82 83 84 85 86 87 88 89 90 91 92 93 94 95 96 97 98
SurvLenYear 71 72 73 74 75 76 77 78 79 80 81 82 83 84 85 86 87 88 89 90 91 92 93 94 95 96 97 98
catchBiomass 4472.35 4735.36 6259.84 6914.24 9320.74 18172.9 20278.9 20997 29678.4 37540.3 41000.4 66528.2 72728.2 94920.4 105396 90307.7 89858.6 79426.3 86809.7 80104.6 80566.3 93105.2 100954 101264 103765 109714 119924 104612
steep0.999
25
Out
1 0 36009.8

Initial statistics: 73 variables; iteration 0; function evaluation 0; phase 1
Function value   3.6009765e+04; maximum gradient component mag  -3.9209e+05
Var   Value    Gradient   |Var   Value    Gradient   |Var   Value    Gradient
  1  0.24253  1.26373e+03 |  2  0.22116  1.78680e+03 |  3  0.22870  3.51702e+03
  4  0.20888  2.89108e+03 |  5  0.17794  1.62350e+03 |  6  0.17816  1.99983e+03
  7  0.16760  1.76864e+03 |  8  0.14040  8.97890e+02 |  9  0.14702  1.31317e+03
 10  0.12971  8.62872e+02 | 11  0.11618  6.86372e+02 | 12  0.09626  3.98188e+02
 13  0.08705  3.53412e+02 | 14  0.07909  9.31494e+01 | 15  0.13505  1.27265e+03
 16 -0.02723 -1.48896e+04 | 17  0.00000 -1.72339e+04 | 18  0.00000  7.00544e+03
 19  0.00000  3.71684e+03 | 20  0.00000  8.68313e+03 | 21  0.00000  1.16928e+04
 22  0.00000  1.80480e+03 | 23  0.00000  2.77346e+03 | 24  0.00000  7.12596e+03
 25  0.00000  5.12800e+03 | 26  0.00000  4.77461e+03 | 27  0.00000  9.19179e+03
 28  0.00000  2.67488e+03 | 29  0.00000  4.60137e+03 | 30  0.00000  5.96145e+00
 31  0.00000 -3.79040e+03 | 32  0.00000 -1.45738e+03 | 33  0.00000 -2.75552e+03
 34  0.00000  2.82817e+02 | 35  0.00000 -1.93325e+03 | 36  0.00000  4.30765e+02
 37  0.00000  1.85989e+03 | 38  0.00000  2.37241e+02 | 39  0.00000 -8.66210e+02
 40  0.00000 -7.00838e+02 | 41  0.00000 -7.80626e+02 | 42  0.00000 -4.04223e+03
 43  0.00000 -1.32273e+04 | 44  0.00000 -2.52021e+04 | 45  0.11997 -3.92090e+05
 46  0.00000  6.35911e+04 | 47  0.00000  5.17852e+04 | 48  0.00000  4.29456e+04
 49  0.00000  2.89071e+04 | 50  0.00000  2.39639e+04 | 51  0.00000  2.13996e+04
 52  0.00000  1.30029e+04 | 53  0.00000  6.54757e+03 | 54  0.00000  2.97848e+02
 55  0.00000 -7.35380e+03 | 56  0.00000 -1.34650e+04 | 57  0.00000 -1.77332e+04
 58  0.00000 -1.97648e+04 | 59  0.00000 -1.74390e+04 | 60  0.00000 -1.56467e+04
 61  0.00000 -1.49380e+04 | 62  0.00000 -1.46739e+04 | 63  0.00000 -1.46509e+04
 64  0.00000 -1.54235e+04 | 65  0.00000 -1.75405e+04 | 66  0.00000 -1.94707e+04
 67  0.00000 -2.03313e+04 | 68  0.00000 -2.07640e+04 | 69  0.00000 -2.10077e+04
 70  0.00000 -1.85717e+04 | 71  0.00000 -9.68132e+03 | 72  0.00000  7.00772e+03
 73  0.00000  1.90075e+04 |
1 0 36009.7
1 0 36009.5
1 0 36007.5
1 0 35987.6
1 0 35789.2
1 0 33954.8
1 0 30354.6
1 0 31477.8
1 0 28969.4
1 0 28904.5
1 0 28250.6
1 0 27443
1 0 27497.5
1 0 27017.2
1 0 27101.3
1 0 26789.8
1 0 26607
1 0 26453.7
1 0 26358.3

Intermediate statistics: 73 variables; iteration 10; function evaluation 19; phase 1
Function value   2.6358274e+04; maximum gradient component mag  -1.5078e+05
Var   Value    Gradient   |Var   Value    Gradient   |Var   Value    Gradient
  1  0.26955 -1.21794e+03 |  2  0.22222  6.51699e+01 |  3  0.21975  3.75911e+02
  4  0.20090  3.32638e+02 |  5  0.17570  1.68766e+02 |  6  0.17108  2.71207e+02
  7  0.16023  2.55910e+02 |  8  0.14026  9.90060e+01 |  9  0.13985  2.13627e+02
 10  0.12653  1.37623e+02 | 11  0.11264  1.13816e+02 | 12  0.09563  4.93208e+01
 13  0.08583  2.90925e+01 | 14  0.08538 -6.72876e+01 | 15  0.12411  2.74306e+02
 16  0.12927  1.16553e+04 | 17  0.05155  1.13907e+04 | 18  0.01384  3.97683e+03
 19 -0.01325 -1.77937e+03 | 20 -0.03081 -3.74255e+03 | 21 -0.02690 -3.17361e+02
 22 -0.00998  7.82080e+02 | 23  0.01544  3.57648e+03 | 24  0.03470  8.07277e+03
 25  0.02246  7.63419e+03 | 26  0.05977  3.37827e+03 | 27  0.18802 -1.31079e+02
 28  0.04219  8.15253e+03 | 29  0.01874  4.72917e+03 | 30 -0.03323 -4.74067e+02
 31 -0.05996 -6.08263e+03 | 32 -0.05506 -2.83195e+03 | 33 -0.04415 -9.11467e+03
 34 -0.02768 -7.12226e+02 | 35 -0.02746 -5.43360e+03 | 36  0.01773  1.45000e+03
 37  0.03928  5.55079e+03 | 38 -0.00072  1.78484e+03 | 39 -0.01257  1.88865e+03
 40  0.02595  1.06931e+03 | 41  0.02128  3.94783e+03 | 42 -0.03527 -5.87866e+03
 43 -0.07100 -1.31529e+04 | 44 -0.10158 -1.80204e+04 | 45  0.13339 -1.50776e+05
 46 -0.05015  4.64619e+03 | 47 -0.03310  8.98803e+03 | 48 -0.04264  6.68168e+03
 49 -0.03483  2.52930e+03 | 50 -0.02409  2.76898e+03 | 51 -0.04259  1.23666e+03
 52 -0.01726  4.68306e+02 | 53 -0.00139 -5.19782e+02 | 54 -0.01212 -2.34565e+03
 55 -0.00085 -3.01389e+03 | 56  0.02485  9.26752e+02 | 57  0.03265  3.18622e+03
 58  0.06972  9.44168e+02 | 59 -0.04090 -4.24556e+03 | 60 -0.07851 -3.87055e+03
 61 -0.03164 -3.49283e+03 | 62  0.02394 -5.28218e+03 | 63 -0.00504 -3.07581e+03
 64 -0.04164 -2.39940e+03 | 65  0.02316 -2.60659e+03 | 66  0.04845  2.10016e+03
 67  0.02440 -2.72136e+03 | 68 -0.03744 -2.62207e+03 | 69  0.04080  1.49204e+03
 70  0.06758 -6.98242e+03 | 71  0.05545 -2.41005e+03 | 72  0.08494  3.00295e+03
 73 -0.00121  6.83919e+03 |
1 0 26201.9
1 0 26017.7
1 0 26452.8
1 0 25977.5
1 0 25941.9
1 0 25928.3
1 0 25911.4
1 0 25885.4
1 0 25887.5
1 0 25872.7
1 0 25863.1
1 0 25863.8
1 0 25858.6
73 variables; iteration 20; function evaluation 32; phase 1
Function value   2.5858555e+04; maximum gradient component mag  -1.3777e+05
Var   Value    Gradient   |Var   Value    Gradient   |Var   Value    Gradient
  1  0.33511 -1.16871e+03 |  2  0.23067 -8.99555e+01 |  3  0.20184  1.72280e+02
  4  0.18317  1.98664e+02 |  5  0.16735  1.76211e+02 |  6  0.15559  1.71519e+02
  7  0.14488  1.51812e+02 |  8  0.13603  1.47598e+02 |  9  0.12583  1.14846e+02
 10  0.11823  1.27979e+02 | 11  0.10506  8.15434e+01 | 12  0.09309  5.77254e+01
 13  0.08405 -3.61649e+00 | 14  0.09326  6.59906e+01 | 15  0.10402  1.27446e+02
 16  0.14267  8.38497e+03 | 17  0.02798  1.01987e+04 | 18  0.00169  5.79417e+02
 19 -0.01050  2.82147e+03 | 20 -0.02436  6.29090e+02 | 21 -0.02728 -1.43568e+03
 22 -0.01492  4.92265e+02 | 23  0.00694  2.49074e+03 | 24  0.01454  4.31208e+03
 25  0.00191  4.67225e+03 | 26  0.08763 -2.08111e+03 | 27  0.30387  1.32705e+03
 28  0.03644  7.79679e+03 | 29  0.02316  7.26066e+03 | 30 -0.03474  1.26047e+03
 31 -0.05884 -3.76069e+03 | 32 -0.05022  1.14876e+03 | 33 -0.04204 -1.53397e+04
 34 -0.02202  7.33639e+02 | 35 -0.03004 -7.54109e+03 | 36  0.01293  2.81851e+03
 37  0.01392  1.38867e+03 | 38  0.00402  1.56818e+03 | 39 -0.00724 -6.81654e+02
 40  0.01958  2.49268e+03 | 41  0.01428  2.61850e+03 | 42 -0.02660 -3.43763e+03
 43 -0.07814 -1.01255e+04 | 44 -0.13191 -1.22181e+04 | 45  0.13814 -1.37766e+05
 46 -0.06189  3.62711e+03 | 47 -0.03293  1.38758e+04 | 48 -0.05867  1.93180e+03
 49 -0.03618 -1.23997e+03 | 50 -0.02966 -3.99657e+02 | 51 -0.04750 -1.14061e+02
 52 -0.01682  2.59941e+02 | 53  0.00104  8.74569e+02 | 54 -0.03229  5.08071e+02
 55  0.00525  4.29840e+03 | 56  0.02059 -9.17178e+02 | 57  0.02220 -1.56433e+03
 58  0.05894 -1.88782e+04 | 59 -0.04829 -5.66925e+03 | 60 -0.14325 -4.30481e+03
 61 -0.02797 -3.40651e+03 | 62  0.02943 -2.72354e+03 | 63 -0.00056 -1.44728e+03
 64 -0.02511 -1.67590e+03 | 65  0.02597 -1.63104e+03 | 66  0.03488  2.38505e+03
 67  0.03390  1.23932e+03 | 68 -0.00132 -8.11160e+02 | 69  0.03677  9.87923e+02
 70  0.05732 -1.40449e+02 | 71  0.08937  2.26191e+03 | 72  0.13095  6.91444e+03
 73  0.01615  6.05208e+03 |
1 0 25851.5
1 0 25844.8
1 0 25831.4
1 0 25960.8
1 0 25750.4
1 0 33699.2
1 0 25752.5
1 0 25743.2
1 0 25754.8
1 0 25741.2
1 0 25739
1 0 25739.9
1 0 25738.1
1 0 25737.2
1 0 25736
1 0 25734.5
73 variables; iteration 30; function evaluation 48; phase 1
Function value   2.5734576e+04; maximum gradient component mag  -1.0306e+05
Var   Value    Gradient   |Var   Value    Gradient   |Var   Value    Gradient
  1  0.37005  1.26254e+02 |  2  0.26589  2.66949e+02 |  3  0.19040  9.59298e+00
  4  0.16158  6.50894e+01 |  5  0.14933  1.30841e+02 |  6  0.13188  7.16629e+01
  7  0.12108  4.82321e+01 |  8  0.12120  1.50769e+02 |  9  0.10327  2.18081e+01
 10  0.09918  8.07795e+01 | 11  0.09006  3.71373e+01 | 12  0.08635  4.73624e+01
 13  0.08409 -2.56877e+00 | 14  0.09818  2.07907e+02 | 15  0.07062 -5.17169e+01
 16  0.14440  6.15503e+03 | 17  0.03016  7.58382e+03 | 18  0.00035  1.76132e+03
 19 -0.00697  3.93838e+03 | 20 -0.02144  1.10342e+03 | 21 -0.02780 -9.34247e+02
 22 -0.01581  3.73683e+02 | 23  0.00225  2.36375e+03 | 24  0.00803  3.22146e+03
 25  0.00105  4.24576e+03 | 26  0.08216 -1.78028e+03 | 27  0.30885  1.78478e+03
 28  0.02903  6.87807e+03 | 29  0.02797  7.71498e+03 | 30 -0.02969 -2.38747e+03
 31 -0.06043 -1.02488e+04 | 32 -0.05138 -2.49186e+02 | 33 -0.04331 -8.08243e+03
 34 -0.03302 -7.17251e+02 | 35 -0.03577 -6.29566e+03 | 36  0.01785  3.62867e+03
 37  0.00948 -5.67862e+01 | 38  0.00083  1.18095e+03 | 39 -0.00097 -1.27653e+03
 40  0.03062  5.76829e+03 | 41  0.02582  5.30731e+03 | 42 -0.02754 -4.16225e+03
 43 -0.08058 -9.29132e+03 | 44 -0.12635 -9.57206e+03 | 45  0.14038 -1.03065e+05
 46 -0.06462  3.46377e+03 | 47 -0.03827  1.03478e+04 | 48 -0.05296  1.45337e+03
 49 -0.03754 -2.82115e+03 | 50 -0.03169 -1.88267e+03 | 51 -0.04368 -1.37505e+03
 52 -0.01869 -1.46474e+03 | 53 -0.00247 -3.04214e+02 | 54 -0.03027 -5.86915e+02
 55  0.00211  1.22988e+03 | 56  0.02119 -1.88272e+03 | 57  0.01739 -2.95417e+03
 58  0.05766 -2.01409e+03 | 59  0.02064 -3.60756e+03 | 60 -0.23806 -1.01334e+03
 61 -0.00244 -2.33953e+03 | 62  0.02971  2.54371e+03 | 63 -0.02108 -3.15831e+03
 64 -0.04989 -4.18129e+03 | 65  0.02500 -5.26285e+03 | 66  0.03321  1.26529e+03
 67  0.02527  6.76241e+02 | 68  0.02127  1.77871e+03 | 69  0.03404  8.71291e+02
 70  0.05836 -2.18552e+03 | 71  0.09110  2.73713e+03 | 72  0.11909  4.99254e+03
 73  0.06984  4.67985e+03 |
1 0 25732.3
1 0 25732.9
1 0 25731.4
1 0 25730.2
1 0 25730.2
1 0 25729.8
1 0 25729.3
1 0 25729.1
1 0 25728.5
1 0 25728.3
1 0 25728.2
1 0 25727.6
1 0 25727.3
73 variables; iteration 40; function evaluation 61; phase 1
Function value   2.5727321e+04; maximum gradient component mag  -1.0326e+05
Var   Value    Gradient   |Var   Value    Gradient   |Var   Value    Gradient
  1  0.36418  5.46391e+01 |  2  0.26120  1.92918e+02 |  3  0.20370  1.53959e+02
  4  0.16529  8.76451e+01 |  5  0.14232  9.20153e+01 |  6  0.12320  5.91301e+01
  7  0.11094  4.19824e+01 |  8  0.10745  1.15020e+02 |  9  0.09069  1.46236e+01
 10  0.08572  5.45422e+01 | 11  0.07944  2.18682e+01 | 12  0.08039  4.93393e+01
 13  0.08101  3.15478e+01 | 14  0.08741  1.79817e+02 | 15  0.05716 -6.95393e+01
 16  0.14431  6.35553e+03 | 17  0.02904  7.39404e+03 | 18  0.00108  1.84286e+03
 19 -0.00589  4.24415e+03 | 20 -0.02086  9.71065e+02 | 21 -0.02681 -6.99960e+02
 22 -0.01457  7.02955e+02 | 23  0.00272  2.09655e+03 | 24  0.00813  3.26632e+03
 25  0.00103  4.46414e+03 | 26  0.08290 -1.84228e+03 | 27  0.30936  1.72667e+03
 28  0.02867  6.63663e+03 | 29  0.02778  7.56779e+03 | 30 -0.02978 -2.38431e+03
 31 -0.06083 -1.04690e+04 | 32 -0.05158 -2.03706e+02 | 33 -0.04377 -8.24158e+03
 34 -0.03313 -8.56402e+02 | 35 -0.03592 -6.54747e+03 | 36  0.01748  3.53832e+03
 37  0.00895 -7.60476e-01 | 38 -0.00030  1.22044e+03 | 39 -0.00192 -1.47068e+03
 40  0.03114  5.70747e+03 | 41  0.02552  5.21587e+03 | 42 -0.02826 -4.41214e+03
 43 -0.08091 -8.96159e+03 | 44 -0.12737 -9.76583e+03 | 45  0.14174 -1.03261e+05
 46 -0.06614  3.35865e+03 | 47 -0.03934  1.03523e+04 | 48 -0.05354  1.49283e+03
 49 -0.03920 -2.96354e+03 | 50 -0.03308 -2.22425e+03 | 51 -0.04349 -1.37297e+03
 52 -0.01909 -1.03315e+03 | 53 -0.00319 -1.85682e+02 | 54 -0.03213 -7.23908e+02
 55  0.00148  1.58394e+03 | 56  0.01958 -2.50381e+03 | 57  0.01621 -3.07665e+03
 58  0.05678 -1.95724e+03 | 59  0.01976 -3.58840e+03 | 60 -0.23923 -9.99152e+02
 61 -0.00457 -2.45861e+03 | 62  0.02865  2.55573e+03 | 63 -0.02177 -3.10470e+03
 64 -0.04894 -4.07183e+03 | 65  0.02478 -4.68468e+03 | 66  0.03230  1.04417e+03
 67  0.02257  1.39712e+02 | 68  0.01941  1.48189e+03 | 69  0.03333  9.78022e+02
 70  0.05780 -1.97728e+03 | 71  0.09090  3.03451e+03 | 72  0.11879  4.82479e+03
 73  0.09532  4.80818e+03 |
1 0 25726.8
1 0 25726.5
1 0 25726.1
1 0 25725.4
1 0 25724.5
1 0 25723
1 0 25720.7
1 0 25722.6
1 0 25719.9
1 0 25719.1
1 0 25717.8
73 variables; iteration 50; function evaluation 72; phase 1
Function value   2.5717770e+04; maximum gradient component mag  -1.0317e+05
Var   Value    Gradient   |Var   Value    Gradient   |Var   Value    Gradient
  1  0.36450  1.22552e+02 |  2  0.26523  2.35295e+02 |  3  0.20698  1.27931e+02
  4  0.18138  1.93987e+02 |  5  0.15528  1.53189e+02 |  6  0.12478  5.55130e+01
  7  0.10325  2.00287e+01 |  8  0.09371  8.97613e+01 |  9  0.07272 -2.10749e+01
 10  0.06878  3.91981e+01 | 11  0.06321  1.33920e+01 | 12  0.06300  4.99805e+01
 13  0.05740 -1.79809e+01 | 14  0.06602  1.40944e+02 | 15  0.04293 -5.49409e+01
 16  0.14457  6.20840e+03 | 17  0.02881  7.06800e+03 | 18  0.00102  1.92552e+03
 19 -0.00544  4.39810e+03 | 20 -0.01976  1.14227e+03 | 21 -0.02638 -7.55836e+02
 22 -0.01453  5.94822e+02 | 23  0.00203  2.30240e+03 | 24  0.00855  3.15571e+03
 25  0.00132  4.61475e+03 | 26  0.08329 -1.81248e+03 | 27  0.30904  1.74479e+03
 28  0.02809  6.53891e+03 | 29  0.02730  7.53420e+03 | 30 -0.03006 -2.46287e+03
 31 -0.06096 -1.03906e+04 | 32 -0.05196 -3.18088e+02 | 33 -0.04433 -8.40301e+03
 34 -0.03336 -7.94479e+02 | 35 -0.03631 -6.65933e+03 | 36  0.01758  3.59359e+03
 37  0.00869  4.11198e+01 | 38  0.00105  1.51283e+03 | 39 -0.00172 -1.45739e+03
 40  0.03095  5.64896e+03 | 41  0.02505  5.22847e+03 | 42 -0.02832 -4.40451e+03
 43 -0.08066 -8.96139e+03 | 44 -0.12710 -9.86419e+03 | 45  0.14137 -1.03165e+05
 46 -0.06583  3.52866e+03 | 47 -0.03926  1.03406e+04 | 48 -0.05388  1.39382e+03
 49 -0.03823 -2.92565e+03 | 50 -0.03268 -2.06252e+03 | 51 -0.04164 -1.24633e+03
 52 -0.02042 -1.45168e+03 | 53 -0.00223  8.85540e+01 | 54 -0.03182 -6.75953e+02
 55  0.00175  1.57494e+03 | 56  0.02013 -2.35914e+03 | 57  0.01663 -2.91032e+03
 58  0.05714 -1.90608e+03 | 59  0.02008 -3.55024e+03 | 60 -0.23844 -9.90099e+02
 61 -0.00418 -2.37023e+03 | 62  0.02915  2.84258e+03 | 63 -0.02271 -3.15019e+03
 64 -0.04838 -4.00861e+03 | 65  0.02528 -4.59102e+03 | 66  0.03147  8.36845e+02
 67  0.02477  2.42045e+02 | 68  0.01878  1.32812e+03 | 69  0.03389  1.10623e+03
 70  0.05794 -2.03398e+03 | 71  0.09074  2.92523e+03 | 72  0.11857  4.80871e+03
 73  0.08851  4.80224e+03 |
1 0 25715.7
1 0 25712.5
1 0 25714.9
1 0 25711.3
1 0 25709.7
1 0 25707.9
1 0 25705.6
1 0 25701.2
1 0 25681.4
1 0 25720.8
1 0 25674.8
1 0 25662.7
1 0 25645.6
73 variables; iteration 60; function evaluation 85; phase 1
Function value   2.5645577e+04; maximum gradient component mag  -1.0353e+05
Var   Value    Gradient   |Var   Value    Gradient   |Var   Value    Gradient
  1  0.35627  7.03098e+01 |  2  0.26117  2.03455e+02 |  3  0.20000  9.28781e+01
  4  0.17241  2.04415e+02 |  5  0.13082 -1.29699e+02 |  6  0.15565  2.06478e+02
  7  0.16931  3.84635e+02 |  8  0.14509  2.56389e+02 |  9  0.09468  7.70257e+01
 10  0.03934  3.19298e+01 | 11 -0.02011 -1.65534e+02 | 12 -0.02848 -8.37414e+01
 13 -0.01052  5.23245e+01 | 14 -0.00648  1.59186e+02 | 15 -0.04825 -1.36038e+02
 16  0.14160  5.36679e+03 | 17  0.02736  6.34279e+03 | 18  0.00208  2.31534e+03
 19 -0.00482  4.07236e+03 | 20 -0.01921  1.34991e+03 | 21 -0.02676 -7.30869e+02
 22 -0.01382  9.68071e+02 | 23  0.00219  2.10693e+03 | 24  0.00893  3.28237e+03
 25  0.00208  4.77624e+03 | 26  0.08301 -1.69843e+03 | 27  0.30902  1.86510e+03
 28  0.02629  6.23011e+03 | 29  0.02726  7.52127e+03 | 30 -0.02955 -2.62383e+03
 31 -0.05983 -1.02072e+04 | 32 -0.05079 -2.45440e+02 | 33 -0.04273 -8.12758e+03
 34 -0.03255 -6.15104e+02 | 35 -0.03603 -6.60529e+03 | 36  0.01473  3.30697e+03
 37  0.00987  1.04464e+01 | 38  0.00146  1.72384e+03 | 39 -0.00144 -1.22568e+03
 40  0.02948  5.36665e+03 | 41  0.02253  4.95853e+03 | 42 -0.02875 -4.61254e+03
 43 -0.08237 -9.25190e+03 | 44 -0.12574 -9.52625e+03 | 45  0.14064 -1.03533e+05
 46 -0.06604  3.48608e+03 | 47 -0.03891  1.03393e+04 | 48 -0.05160  1.98841e+03
 49 -0.03695 -2.47911e+03 | 50 -0.03329 -2.00132e+03 | 51 -0.03985 -1.06742e+03
 52 -0.01949 -9.46504e+02 | 53 -0.00145  4.81259e+02 | 54 -0.03103 -5.64818e+02
 55  0.00189  1.22733e+03 | 56  0.02138 -2.28367e+03 | 57  0.01634 -2.99988e+03
 58  0.05713 -2.66852e+03 | 59  0.02006 -3.68317e+03 | 60 -0.23623 -1.06777e+03
 61 -0.00222 -2.25667e+03 | 62  0.02998  2.72294e+03 | 63 -0.02266 -3.24754e+03
 64 -0.04720 -4.09327e+03 | 65  0.02467 -4.97087e+03 | 66  0.03316  1.13749e+03
 67  0.02446  6.71071e+01 | 68  0.01922  1.09228e+03 | 69  0.03477  8.88294e+02
 70  0.05820 -2.26149e+03 | 71  0.09402  3.49160e+03 | 72  0.11398  4.37458e+03
 73  0.07262  4.76281e+03 |
1 0 25626.2
1 0 25591.3
1 0 25546
1 0 25470.1
1 0 25344.9
1 0 25218.7
1 0 25016.3
1 0 24686.5
1 0 24228.3
1 0 23674.3
73 variables; iteration 70; function evaluation 95; phase 1
Function value   2.3674280e+04; maximum gradient component mag  -9.9766e+04
Var   Value    Gradient   |Var   Value    Gradient   |Var   Value    Gradient
  1  0.30159 -1.69583e+03 |  2  0.23730 -1.05830e+02 |  3  0.21929  1.36896e+02
  4  0.23651  7.30683e+02 |  5  0.19877  3.14771e+02 |  6  0.16568  2.09413e+02
  7  0.12662 -7.23111e+01 |  8  0.13855  2.90074e+02 |  9  0.10067 -1.84342e+02
 10  0.13833  4.62227e+02 | 11  0.07850 -1.97398e+01 | 12  0.03744 -5.69890e+02
 13  0.17488  1.36995e+03 | 14 -0.00014 -1.06738e+02 | 15 -0.13998 -4.50664e+02
 16  0.12832  5.83858e+02 | 17  0.02172  9.77451e+03 | 18 -0.01237 -3.16257e+03
 19 -0.01097  1.76927e+03 | 20 -0.01246  1.87509e+03 | 21 -0.01822  1.11157e+03
 22 -0.01000  1.96538e+03 | 23 -0.00694 -3.31272e+02 | 24  0.00422  3.80773e+03
 25  0.00276  3.17679e+03 | 26  0.07355 -7.36162e+02 | 27  0.26252  2.25272e+03
 28  0.00421 -2.03385e+03 | 29  0.00398  5.37394e+03 | 30 -0.02889 -2.87960e+03
 31 -0.04693 -4.37048e+03 | 32 -0.04594 -4.45681e+03 | 33 -0.02282 -3.54782e+03
 34 -0.01971 -4.25185e+02 | 35 -0.02328 -3.88025e+03 | 36  0.00307  1.73089e+03
 37  0.01589  4.22335e+03 | 38 -0.00723 -1.12053e+03 | 39 -0.00436  4.57948e+03
 40  0.00260 -1.68312e+03 | 41 -0.00415 -1.03793e+03 | 42 -0.00459  3.61095e+03
 43 -0.03499 -7.14557e+03 | 44 -0.07415 -9.05704e+03 | 45  0.13771 -9.97655e+04
 46 -0.05391  3.95503e+03 | 47 -0.04333  8.87796e+03 | 48 -0.05734  2.30815e+03
 49 -0.02805  1.27831e+03 | 50 -0.02464  4.98049e+02 | 51 -0.02695  1.44848e+03
 52 -0.02002  4.75856e+02 | 53 -0.00235  3.16568e+02 | 54 -0.02403  5.15100e+02
 55  0.00365  6.23424e+02 | 56  0.03042 -2.32218e+03 | 57  0.02008 -5.27634e+01
 58  0.05341 -3.06791e+03 | 59  0.01520 -4.07443e+03 | 60 -0.18258 -4.01924e+03
 61  0.00019 -1.94357e+03 | 62  0.03381  1.73995e+03 | 63  0.00019 -2.00299e+03
 64  0.00223 -8.92695e+02 | 65  0.02634  9.96908e+02 | 66  0.04214  1.49906e+03
 67  0.01038 -3.84479e+03 | 68  0.01891 -4.54231e+03 | 69  0.03980  9.25947e+02
 70  0.03122 -1.64636e+03 | 71  0.05533 -3.43622e+03 | 72  0.07616  2.48819e+03
 73  0.00205  4.44100e+03 |
1 0 23755.5
1 0 23350.5
1 0 49944.4
1 0 23334.3
1 0 23502.9
1 0 23333.1
1 0 23332.2
1 0 23330.3
1 0 23312
1 0 23138.1
1 0 22542.4
1 0 21721.2
1 0 21652.2
1 0 21183.6
1 0 20802
1 0 20808.9
1 0 20648.2
1 0 20442.2
73 variables; iteration 80; function evaluation 113; phase 1
Function value   2.0442322e+04; maximum gradient component mag  -3.0661e+04
Var   Value    Gradient   |Var   Value    Gradient   |Var   Value    Gradient
  1  0.27062 -1.85790e+02 |  2  0.21790  1.49214e+02 |  3  0.15926  9.91819e+01
  4  0.11508 -2.39769e+01 |  5  0.10476  2.33665e+01 |  6  0.11290  1.60772e+02
  7  0.10775  1.95020e+02 |  8  0.07900  3.93319e+01 |  9  0.05880 -5.86834e+01
 10  0.07003  2.06718e+01 | 11  0.09382  2.07790e+02 | 12  0.08827  7.48503e+01
 13  0.09097  2.39058e+02 | 14  0.05465 -2.10354e+02 | 15  0.09699  2.70902e+02
 16  0.09793 -3.35207e+03 | 17  0.00339  1.53235e+03 | 18 -0.01641 -1.21533e+03
 19 -0.02038 -1.98468e+03 | 20 -0.02203  1.25284e+03 | 21 -0.02534  1.30500e+03
 22 -0.01277  6.50382e+02 | 23 -0.00991 -1.77387e+02 | 24 -0.00936  6.03102e+02
 25 -0.00120 -1.03381e+01 | 26  0.07725  1.24783e+03 | 27  0.15736  1.87395e+03
 28  0.00301  9.32693e+02 | 29 -0.01456  1.88650e+03 | 30 -0.01579 -3.90863e+03
 31 -0.01116 -3.31163e+03 | 32 -0.00839  1.50140e+03 | 33 -0.00169  1.74242e+03
 34  0.00042  2.00181e+03 | 35  0.00704  1.94690e+03 | 36  0.00319  2.75318e+02
 37 -0.00282 -1.81319e+03 | 38 -0.00536 -1.42722e+03 | 39 -0.00507  4.61795e+03
 40 -0.00743 -3.47291e+02 | 41 -0.00978 -4.05730e+03 | 42 -0.00914  7.21271e+02
 43 -0.01158 -4.24707e+03 | 44 -0.02709  2.04671e+02 | 45  0.15384 -3.06613e+04
 46 -0.06072  5.55700e+03 | 47 -0.05678  5.72719e+03 | 48 -0.05207  5.57277e+03
 49 -0.03675  3.11104e+03 | 50 -0.03207  2.05214e+03 | 51 -0.03461  1.35260e+03
 52 -0.02191  1.34429e+03 | 53 -0.02212  6.67780e+01 | 54 -0.02908  7.65346e+02
 55 -0.00468  2.37017e+02 | 56  0.03026  1.61908e+03 | 57  0.01000 -4.19502e+03
 58  0.01135 -3.89135e+03 | 59  0.02479  3.38013e+03 | 60  0.00421 -1.86760e+03
 61  0.01473 -1.24914e+03 | 62 -0.00077 -4.45455e+03 | 63  0.01284 -3.58225e+03
 64  0.01063 -3.04941e+03 | 65  0.01837  1.86569e+02 | 66  0.02445  2.91148e+03
 67  0.02609 -1.62954e+02 | 68 -0.01251 -7.20059e+03 | 69  0.02712 -3.41382e+03
 70  0.01712 -3.77065e+03 | 71  0.02112 -2.36961e+03 | 72  0.04654  2.43115e+03
 73  0.06255  1.54580e+03 |
1 0 20207.6
1 0 19951.5
1 0 19779.7
1 0 20221.6
1 0 19728.1
1 0 19631.8
1 0 19455.9
1 0 19174.6
1 0 19013.5
1 0 18881
1 0 18847.5
73 variables; iteration 90; function evaluation 124; phase 1
Function value   1.8847527e+04; maximum gradient component mag  -1.9387e+04
Var   Value    Gradient   |Var   Value    Gradient   |Var   Value    Gradient
  1  0.24470 -1.37410e+03 |  2  0.17829 -2.91711e+02 |  3  0.11518 -9.69101e+01
  4  0.07356 -4.67250e+01 |  5  0.04512 -2.65427e+01 |  6  0.02369 -1.06578e+01
  7  0.00455 -1.29510e+01 |  8 -0.01144 -2.88852e+01 |  9 -0.01938  4.37069e+00
 10 -0.02919 -8.59335e+00 | 11 -0.03691 -2.01126e+01 | 12 -0.03901  1.54638e+01
 13 -0.04620  5.46985e+01 | 14 -0.07032 -7.88826e+01 | 15 -0.07074 -2.07885e+00
 16  0.09246  2.40485e+03 | 17 -0.01352  1.65223e+03 | 18 -0.01052 -1.20564e+03
 19 -0.01229 -1.61692e+03 | 20 -0.01729 -1.76762e+03 | 21 -0.01769  5.77027e+01
 22 -0.00452  1.68327e+02 | 23 -0.00296 -9.25410e+02 | 24  0.00057  1.81471e+03
 25  0.00345  1.14694e+03 | 26  0.00099 -2.63713e+02 | 27  0.00058  4.54393e+02
 28  0.00708  6.52749e+02 | 29 -0.00184  3.75094e+02 | 30  0.00130  2.24767e+02
 31  0.00754  1.62261e+03 | 32  0.00108 -7.64469e+02 | 33  0.00290 -1.95938e+02
 34  0.00436  4.66528e+02 | 35  0.01312  1.21155e+03 | 36  0.00808  5.92955e+02
 37  0.00299 -3.89103e+02 | 38  0.00821  5.65773e+02 | 39  0.01249  1.17477e+03
 40  0.00909  4.02713e+02 | 41  0.00275 -1.97620e+03 | 42  0.00557 -3.40942e+02
 43  0.00545  2.19383e+02 | 44 -0.01511 -2.05662e+03 | 45  0.15560 -1.93867e+04
 46 -0.06815 -4.45429e+02 | 47 -0.06601 -5.35699e+02 | 48 -0.05628  2.23321e+03
 49 -0.04442 -4.35255e+02 | 50 -0.03084  1.92538e+03 | 51 -0.03349  1.73036e+03
 52 -0.02458  5.16745e+02 | 53 -0.01695 -6.24992e+02 | 54 -0.00651  4.99536e+01
 55 -0.00886 -1.65123e+03 | 56  0.01371  1.12523e+03 | 57  0.01772  6.54578e+02
 58  0.01591 -1.43409e+03 | 59  0.02162  5.70369e+02 | 60  0.01691  3.86787e+02
 61  0.01615  6.17295e+02 | 62  0.00657 -1.22375e+03 | 63  0.01511  4.42889e+02
 64  0.01846  1.36785e+03 | 65  0.01591  2.52390e+02 | 66  0.01449 -1.06710e+03
 67  0.01919 -1.31034e+03 | 68  0.02192 -1.74311e+03 | 69  0.02116 -1.49797e+03
 70  0.02314 -4.78538e+02 | 71  0.02837  8.93982e+01 | 72  0.03402  5.14215e+01
 73  0.03622  9.82735e+02 |
1 0 18799.9
1 0 18769.8
1 0 18749.7
1 0 18744.8
1 0 18738.2
1 0 18735.8
1 0 18732.6
1 0 18730.9
1 0 18729
1 0 18726.6
73 variables; iteration 100; function evaluation 134; phase 1
Function value   1.8726638e+04; maximum gradient component mag  -1.4927e+03
Var   Value    Gradient   |Var   Value    Gradient   |Var   Value    Gradient
  1  0.25447 -4.02408e+01 |  2  0.18767 -6.99263e-01 |  3  0.12628  5.09043e+00
  4  0.08516  5.18396e+00 |  5  0.05611  3.42037e+00 |  6  0.03387  3.56767e+00
  7  0.01562  2.14681e+00 |  8  0.00028 -3.90950e+00 |  9 -0.01126  3.09446e+00
 10 -0.02165 -4.44859e+00 | 11 -0.02899 -2.96468e+00 | 12 -0.03396 -2.71886e-01
 13 -0.03751  4.70462e+00 | 14 -0.04121 -7.55519e+00 | 15 -0.04145  3.12178e+00
 16  0.08620 -9.36958e+01 | 17 -0.01680  2.09006e+02 | 18 -0.00911 -6.76877e+01
 19 -0.00656  4.94527e+01 | 20 -0.00953  6.27175e+01 | 21 -0.01552 -4.59938e+01
 22 -0.00531  3.20886e+01 | 23 -0.00183  7.65349e+01 | 24 -0.00443 -1.20259e+02
 25 -0.00225  1.02842e+02 | 26 -0.00082  6.31967e+01 | 27 -0.00681 -2.91410e+02
 28  0.00069  5.14687e-01 | 29 -0.00421  1.25491e+02 | 30 -0.00100  7.49221e+01
 31  0.00453  3.47666e+02 | 32  0.00232  8.77927e+01 | 33  0.00353 -6.31023e+02
 34  0.00113 -6.48755e+01 | 35  0.00574 -7.84215e+01 | 36  0.00555  9.00746e+01
 37  0.00548  3.05018e+01 | 38  0.00807  7.82068e+01 | 39  0.00964  2.20480e+01
 40  0.01005 -9.54774e+01 | 41  0.00866 -3.47826e+01 | 42  0.00836  1.64030e+02
 43  0.01003  8.60978e+00 | 44  0.00031 -2.47439e+02 | 45  0.15557 -1.49266e+03
 46 -0.07173 -1.28341e+01 | 47 -0.06390  1.43274e+02 | 48 -0.06066 -2.17979e+01
 49 -0.03870 -2.63172e+02 | 50 -0.03327 -3.35240e+01 | 51 -0.03443  1.88504e+01
 52 -0.02169  1.28685e+02 | 53 -0.01494  1.08656e+02 | 54 -0.00806 -1.08888e+02
 55  0.00052  2.37962e+02 | 56  0.01011  3.79775e+01 | 57  0.01687  9.35571e+01
 58  0.01771 -1.49219e+03 | 59  0.01954 -1.24066e+02 | 60  0.01623 -3.43099e+01
 61  0.01668  2.93782e+02 | 62  0.01330  1.87981e+02 | 63  0.01440  2.28230e+02
 64  0.01397  1.58793e+02 | 65  0.01588  1.72578e+02 | 66  0.01922  1.01365e+02
 67  0.02160  1.15469e+02 | 68  0.02198  3.41153e+01 | 69  0.02416  2.29693e+02
 70  0.02627 -9.82364e+00 | 71  0.02598 -2.22549e+02 | 72  0.02754 -1.43652e+01
 73  0.02506  5.89822e+01 |
1 0 18725.2
1 0 18724.3
1 0 18723.1
1 0 18722.2
1 0 18721.9
1 0 18721.6
1 0 18721.5
1 0 18721.3
1 0 18721.2
1 0 18721.1
73 variables; iteration 110; function evaluation 144; phase 1
Function value   1.8721141e+04; maximum gradient component mag   7.0193e+01
Var   Value    Gradient   |Var   Value    Gradient   |Var   Value    Gradient
  1  0.25144 -6.60951e+00 |  2  0.18345 -8.60198e-02 |  3  0.12126 -9.44865e-01
  4  0.08015 -6.53608e-01 |  5  0.05202  3.09205e-01 |  6  0.03115  1.59778e+00
  7  0.01464  2.62493e-01 |  8  0.00154  1.16638e+00 |  9 -0.00923  1.54183e-01
 10 -0.01787  1.77494e-01 | 11 -0.02473  2.33497e-01 | 12 -0.03006  6.37782e-01
 13 -0.03414  4.67499e-01 | 14 -0.03702 -7.65713e-01 | 15 -0.03841 -5.11787e-01
 16  0.08735  7.01933e+01 | 17 -0.02184  3.20380e+01 | 18 -0.00971 -8.20036e+00
 19 -0.00697 -1.22503e+01 | 20 -0.00970 -6.37324e+00 | 21 -0.01584 -6.06849e+00
 22 -0.00588 -5.90583e+00 | 23 -0.00245 -7.88110e+00 | 24 -0.00453 -1.38793e+01
 25 -0.00235  1.36398e+01 | 26 -0.00086  9.07369e+00 | 27 -0.00612 -1.77894e+01
 28  0.00120 -3.38687e+01 | 29 -0.00305 -7.61373e+00 | 30 -0.00099  5.74071e+00
 31  0.00275  5.35862e+01 | 32  0.00169  3.08603e+01 | 33  0.00468 -2.04304e+01
 34  0.00172 -6.22011e+01 | 35  0.00602  6.94215e+01 | 36  0.00521 -1.74656e+01
 37  0.00510  2.39353e+01 | 38  0.00752 -1.48807e+01 | 39  0.00943 -4.66538e+00
 40  0.01005 -1.63931e+01 | 41  0.00869 -2.23275e+01 | 42  0.00844 -7.86054e-01
 43  0.01132  9.74160e-01 | 44  0.00646  3.52739e+01 | 45  0.15544 -2.13710e+01
 46 -0.07164  1.31030e+01 | 47 -0.06410  2.58736e+01 | 48 -0.06052  3.40441e-02
 49 -0.03797  1.02112e+01 | 50 -0.03309 -6.95211e+00 | 51 -0.03437 -3.40081e+00
 52 -0.02188 -8.96675e+00 | 53 -0.01500 -1.53579e+01 | 54 -0.00768 -1.50045e+00
 55  0.00008  5.09398e+01 | 56  0.01022 -6.63671e+01 | 57  0.01613  1.15345e+01
 58  0.02205  9.14348e+00 | 59  0.01897 -1.52284e+01 | 60  0.01568 -1.54277e+01
 61  0.01623 -5.51355e+00 | 62  0.01385  2.41158e+01 | 63  0.01457  9.44006e+00
 64  0.01419 -6.59098e+00 | 65  0.01588  1.71689e+01 | 66  0.01928 -2.59855e+01
 67  0.02136 -4.09601e+01 | 68  0.02225 -1.69654e+01 | 69  0.02395  1.36465e+01
 70  0.02644  1.30912e+01 | 71  0.02589  1.47200e+01 | 72  0.02445  1.60984e+01
 73  0.02443  9.87339e-01 |
1 0 18721.1
1 0 18721.1
1 0 18721.1
1 0 18721.1
1 0 18721.1
1 0 18721.1
1 0 18721
1 0 18721
1 0 18721
1 0 18721
73 variables; iteration 120; function evaluation 154; phase 1
Function value   1.8721037e+04; maximum gradient component mag   4.2414e+01
Var   Value    Gradient   |Var   Value    Gradient   |Var   Value    Gradient
  1  0.25074 -2.28773e+00 |  2  0.18266  1.98759e-01 |  3  0.12074  1.49512e-01
  4  0.07965  6.43587e-02 |  5  0.05130  8.17664e-02 |  6  0.03018  1.90239e-01
  7  0.01373  1.47721e-01 |  8  0.00063  2.66824e-01 |  9 -0.00994  1.47008e-01
 10 -0.01844  1.73739e-01 | 11 -0.02521  1.68497e-02 | 12 -0.03041 -6.19821e-02
 13 -0.03418 -1.66304e-02 | 14 -0.03664  8.48912e-03 | 15 -0.03784  1.13433e-01
 16  0.08668 -1.33329e+00 | 17 -0.02299  1.18811e+01 | 18 -0.00970  1.03352e+00
 19 -0.00683 -1.27222e-01 | 20 -0.00955 -4.51551e+00 | 21 -0.01568  1.13549e+00
 22 -0.00572 -1.67502e+00 | 23 -0.00229  8.84916e-01 | 24 -0.00439  8.65531e-01
 25 -0.00230 -7.08768e-01 | 26 -0.00080  6.19734e+00 | 27 -0.00586 -1.14282e+00
 28  0.00148 -5.62493e-01 | 29 -0.00292  1.33371e+00 | 30 -0.00093 -1.27943e-02
 31  0.00269 -6.65029e+00 | 32  0.00167 -1.61315e+00 | 33  0.00483  9.80855e+00
 34  0.00192 -6.19461e+00 | 35  0.00599 -4.45428e+00 | 36  0.00528  9.98596e-01
 37  0.00518  2.58067e+00 | 38  0.00772 -2.36934e+00 | 39  0.00959 -2.89753e-01
 40  0.01020  2.39516e+00 | 41  0.00885 -2.56667e+00 | 42  0.00852  1.09170e+00
 43  0.01108  2.90662e+00 | 44  0.00496 -8.03323e+00 | 45  0.15552  4.24135e+01
 46 -0.07181 -9.06734e+00 | 47 -0.06425 -7.51350e+00 | 48 -0.06055  1.86593e+00
 49 -0.03804  3.50344e+00 | 50 -0.03313  2.59092e+00 | 51 -0.03441  2.05309e+00
 52 -0.02190  7.27225e-01 | 53 -0.01500 -6.98669e-01 | 54 -0.00776 -9.70629e-01
 55 -0.00021 -3.86337e+00 | 56  0.01037 -2.51317e+00 | 57  0.01607  1.62873e+00
 58  0.02204  1.71530e+01 | 59  0.01892  3.44292e+00 | 60  0.01556  2.35652e+00
 61  0.01612 -1.64049e+00 | 62  0.01381  2.96634e+00 | 63  0.01452 -1.48006e+00
 64  0.01410  9.87712e-01 | 65  0.01575  5.39026e+00 | 66  0.01923 -2.16119e+00
 67  0.02139  1.02437e+00 | 68  0.02221 -1.71171e+00 | 69  0.02386 -5.32162e+00
 70  0.02641 -6.98980e-01 | 71  0.02598 -2.02616e+00 | 72  0.02516 -4.48564e+00
 73  0.02520 -1.89475e+00 |
1 0 18721
1 0 18721
1 0 18721
1 0 18721
1 0 18721
1 0 18721
1 0 18721
1 0 18721
1 0 18721
1 0 18721
73 variables; iteration 130; function evaluation 164; phase 1
Function value   1.8721032e+04; maximum gradient component mag  -2.6729e-01
Var   Value    Gradient   |Var   Value    Gradient   |Var   Value    Gradient
  1  0.25049 -1.93610e-02 |  2  0.18232 -3.11511e-03 |  3  0.12041  1.01875e-03
  4  0.07934  1.16119e-02 |  5  0.05098  7.05329e-03 |  6  0.02981  4.26767e-03
  7  0.01333  1.37471e-03 |  8  0.00020 -7.09450e-04 |  9 -0.01035  1.03645e-03
 10 -0.01882 -2.25193e-03 | 11 -0.02552 -2.02656e-03 | 12 -0.03068 -1.07845e-03
 13 -0.03443  4.02454e-03 | 14 -0.03690 -1.16951e-03 | 15 -0.03812 -3.24262e-03
 16  0.08664 -1.20454e-01 | 17 -0.02346  6.78068e-02 | 18 -0.00973 -3.03135e-02
 19 -0.00684 -4.75319e-02 | 20 -0.00953  1.89734e-02 | 21 -0.01567  1.87028e-02
 22 -0.00571  1.74654e-02 | 23 -0.00228  3.29471e-02 | 24 -0.00438  1.51844e-02
 25 -0.00229 -2.34696e-02 | 26 -0.00080 -9.14683e-02 | 27 -0.00585 -1.54271e-02
 28  0.00148  8.18678e-02 | 29 -0.00293 -2.70081e-02 | 30 -0.00092 -9.71782e-03
 31  0.00272  3.08842e-03 | 32  0.00168 -1.36285e-01 | 33  0.00482 -9.58758e-02
 34  0.00194  2.24554e-01 | 35  0.00602 -1.77209e-02 | 36  0.00529 -1.30483e-01
 37  0.00519  1.68302e-01 | 38  0.00773 -1.13689e-02 | 39  0.00960  4.12171e-02
 40  0.01021 -2.93345e-03 | 41  0.00886  3.66098e-02 | 42  0.00853 -2.73541e-02
 43  0.01113 -8.66750e-02 | 44  0.00520  1.07993e-02 | 45  0.15550 -2.67293e-01
 46 -0.07180 -1.28626e-01 | 47 -0.06423 -2.48842e-01 | 48 -0.06055 -4.82107e-02
 49 -0.03803 -8.14887e-02 | 50 -0.03312  6.17388e-02 | 51 -0.03441 -4.78442e-02
 52 -0.02188  7.14652e-02 | 53 -0.01498 -4.77367e-02 | 54 -0.00775 -2.08279e-02
 55 -0.00019  1.18597e-01 | 56  0.01039  3.02742e-02 | 57  0.01609 -4.01895e-02
 58  0.02201  1.52261e-02 | 59  0.01894  1.41314e-03 | 60  0.01558  7.09160e-02
 61  0.01613  1.09812e-01 | 62  0.01380 -1.77751e-02 | 63  0.01454 -2.37296e-02
 64  0.01412  3.93786e-02 | 65  0.01575  2.46202e-01 | 66  0.01925  6.05115e-02
 67  0.02140  5.26436e-02 | 68  0.02222  1.20090e-01 | 69  0.02388 -2.57715e-02
 70  0.02642 -1.94579e-01 | 71  0.02596 -6.19177e-02 | 72  0.02506 -4.05625e-02
 73  0.02506  1.37478e-02 |
1 0 18721

 - final statistics:
73 variables; iteration 131; function evaluation 165
Function value   1.8721e+04; maximum gradient component mag   9.8197e-02
Exit code = 1;  converg criter   1.0000e-01
Var   Value    Gradient   |Var   Value    Gradient   |Var   Value    Gradient
  1  0.25049 -4.08982e-03 |  2  0.18232 -2.73292e-03 |  3  0.12041 -3.48925e-03
  4  0.07934  2.07436e-03 |  5  0.05097  3.44172e-03 |  6  0.02981  3.96462e-03
  7  0.01333  2.15404e-04 |  8  0.00020  1.44906e-04 |  9 -0.01035 -6.75303e-04
 10 -0.01882 -1.08191e-03 | 11 -0.02552  2.60363e-04 | 12 -0.03068  4.16374e-04
 13 -0.03444  9.96865e-04 | 14 -0.03690 -1.37161e-04 | 15 -0.03812 -3.73411e-03
 16  0.08664 -1.85360e-02 | 17 -0.02346  1.72788e-02 | 18 -0.00973 -3.21831e-02
 19 -0.00684 -3.37942e-02 | 20 -0.00953  3.39498e-02 | 21 -0.01567 -1.01288e-02
 22 -0.00571  1.14963e-02 | 23 -0.00228  5.49566e-03 | 24 -0.00438  9.34652e-03
 25 -0.00229  4.55894e-03 | 26 -0.00080 -5.21799e-02 | 27 -0.00585  2.45163e-03
 28  0.00148  1.00732e-02 | 29 -0.00293 -1.46449e-02 | 30 -0.00092 -1.19549e-02
 31  0.00272  1.56355e-02 | 32  0.00168 -1.61728e-02 | 33  0.00482 -4.63087e-02
 34  0.00194  6.67561e-02 | 35  0.00602  1.98550e-02 | 36  0.00529 -1.52725e-02
 37  0.00519  6.86081e-03 | 38  0.00773  1.02876e-02 | 39  0.00960  1.68756e-02
 40  0.01021 -1.24543e-03 | 41  0.00886  3.96881e-02 | 42  0.00853  1.52393e-02
 43  0.01113 -8.32290e-02 | 44  0.00520  2.04495e-02 | 45  0.15550 -5.80842e-02
 46 -0.07180 -3.55356e-02 | 47 -0.06423 -8.02808e-02 | 48 -0.06055 -5.32826e-03
 49 -0.03803 -4.81091e-02 | 50 -0.03312 -3.60623e-02 | 51 -0.03441 -5.06392e-02
 52 -0.02188 -4.54621e-03 | 53 -0.01498 -2.11516e-02 | 54 -0.00775 -1.92784e-03
 55 -0.00019  6.28797e-02 | 56  0.01039  2.97828e-02 | 57  0.01609  8.34110e-03
 58  0.02201  2.28845e-02 | 59  0.01894 -4.64596e-03 | 60  0.01558  1.54836e-02
 61  0.01613  2.10734e-02 | 62  0.01380 -1.64294e-03 | 63  0.01454  2.03011e-02
 64  0.01412 -6.87899e-03 | 65  0.01575  1.94950e-02 | 66  0.01925  7.60954e-02
 67  0.02140  1.74780e-02 | 68  0.02222  9.81973e-02 | 69  0.02388  4.45772e-03
 70  0.02642 -5.73784e-02 | 71  0.02596 -5.35704e-02 | 72  0.02506  5.74369e-03
 73  0.02506  2.37151e-03 |
1 0 18721
B050895.7
0.3 0.538388
0.461476 0.432317
0.570011 0.383146
0.623993 0.363072
0.647298 0.355132
0.65679 0.352013
0.660567 0.350789
0.662056 0.350309
0.662642 0.350121
0.662871 0.350048
0.662961 0.350019
0.662997 0.350007
0.66301 0.350003
0.663016 0.350001
0.663018 0.35
0.663019 0.35
0.663019 0.35
0.663019 0.35
0.663019 0.35
0.663019 0.35
0.663019 0.35
FutMOrt0.481701
FutMOrt0.481701
FutMOrt0.481701
FutMOrt0.481701
FutMOrt0.481701
FutMOrt0.481701
FutMOrt0.481701
FutMOrt0.481701
FutMOrt0.481701
FutMOrt0.481701
2 0 18721

Initial statistics: 77 variables; iteration 0; function evaluation 0; phase 2
Function value   1.8721032e+04; maximum gradient component mag   8.3344e+02
Var   Value    Gradient   |Var   Value    Gradient   |Var   Value    Gradient
  1 -0.80621 -1.79873e+02 |  2 -0.58432 -1.40131e+02 |  3  0.25049 -4.08982e-03
  4  0.18232 -2.73292e-03 |  5  0.12041 -3.48925e-03 |  6  0.07934  2.07436e-03
  7  0.05097  3.44172e-03 |  8  0.02981  3.96462e-03 |  9  0.01333  2.15404e-04
 10  0.00020  1.44906e-04 | 11 -0.01035 -6.75303e-04 | 12 -0.01882 -1.08191e-03
 13 -0.02552  2.60363e-04 | 14 -0.03068  4.16374e-04 | 15 -0.03444  9.96865e-04
 16 -0.03690 -1.37161e-04 | 17 -0.03812 -3.73411e-03 | 18  0.08664 -1.85360e-02
 19 -0.02346  1.76647e-02 | 20 -0.00973 -3.17970e-02 | 21 -0.00684 -3.34081e-02
 22 -0.00953  3.43360e-02 | 23 -0.01567 -9.74272e-03 | 24 -0.00571  1.18824e-02
 25 -0.00228  5.88183e-03 | 26 -0.00438  9.73268e-03 | 27 -0.00229  4.94511e-03
 28 -0.00080 -5.17937e-02 | 29 -0.00585  2.83778e-03 | 30  0.00148  1.04594e-02
 31 -0.00293 -1.42587e-02 | 32 -0.00092 -1.15687e-02 | 33  0.00272  1.60217e-02
 34  0.00168 -1.57866e-02 | 35  0.00482 -4.59226e-02 | 36  0.00194  6.71423e-02
 37  0.00602  2.02412e-02 | 38  0.00529 -1.48864e-02 | 39  0.00519  7.24697e-03
 40  0.00773  1.06738e-02 | 41  0.00960  1.72618e-02 | 42  0.01021 -8.59309e-04
 43  0.00886  4.00743e-02 | 44  0.00853  1.56254e-02 | 45  0.01113 -8.28428e-02
 46  0.00520  2.08357e-02 | 47  0.15550 -5.80842e-02 | 48 -0.07180 -3.53960e-02
 49 -0.06423 -8.01410e-02 | 50 -0.06055 -5.18842e-03 | 51 -0.03803 -4.79689e-02
 52 -0.03312 -3.59221e-02 | 53 -0.03441 -5.04989e-02 | 54 -0.02188 -4.40581e-03
 55 -0.01498 -2.10111e-02 | 56 -0.00775 -1.78737e-03 | 57 -0.00019  6.30202e-02
 58  0.01039  2.99232e-02 | 59  0.01609  8.48153e-03 | 60  0.02201  2.30249e-02
 61  0.01894 -4.50555e-03 | 62  0.01558  1.56240e-02 | 63  0.01613  2.12138e-02
 64  0.01380 -1.50249e-03 | 65  0.01454  2.04415e-02 | 66  0.01412 -6.73854e-03
 67  0.01575  1.96354e-02 | 68  0.01925  7.62358e-02 | 69  0.02140  1.76184e-02
 70  0.02222  9.83377e-02 | 71  0.02388  4.59810e-03 | 72  0.02642 -5.72380e-02
 73  0.02596 -5.34301e-02 | 74  0.02506  5.88406e-03 | 75  0.02506  2.51188e-03
 76 -0.64944  8.33439e+02 | 77 -0.56435  3.29630e+02 |
2 0 18721
2 0 18720.8
2 0 18719.7
2 0 18727.5
2 0 18719.5
2 0 18719.2
2 0 18716.8
2 0 18712.6
2 0 18717.4
2 0 18711.2
2 0 18708.8
2 0 18705
2 0 18699.1
2 0 18708.6
2 0 18697.5
2 0 18696.2

Intermediate statistics: 77 variables; iteration 10; function evaluation 16; phase 2
Function value   1.8696240e+04; maximum gradient component mag  -1.0460e+03
Var   Value    Gradient   |Var   Value    Gradient   |Var   Value    Gradient
  1 -0.77605 -2.03189e+02 |  2 -0.56612 -4.88789e+01 |  3  0.24919  1.25829e+01
  4  0.18181  1.57551e+01 |  5  0.11994  8.58296e+00 |  6  0.07909  5.68802e+00
  7  0.05084  3.57705e+00 |  8  0.02972  2.44778e+00 |  9  0.01327  1.81602e+00
 10  0.00015  1.42791e+00 | 11 -0.01039  1.17447e+00 | 12 -0.01885  1.00282e+00
 13 -0.02555  8.84712e-01 | 14 -0.03070  8.03865e-01 | 15 -0.03446  7.50145e-01
 16 -0.03692  7.16952e-01 | 17 -0.03814  6.89032e-01 | 18  0.08150  7.50247e+02
 19 -0.02195 -1.98486e+02 | 20 -0.00823  4.85200e+02 | 21 -0.00585  3.46749e+02
 22 -0.00824  8.11625e+01 | 23 -0.01492  1.68506e+01 | 24 -0.00544  1.58404e+02
 25 -0.00289 -4.37566e+02 | 26 -0.00425  7.34606e+01 | 27 -0.00194  6.48027e+01
 28 -0.00005  1.38992e+02 | 29 -0.00480  2.34909e+02 | 30  0.00189 -5.71737e+01
 31 -0.00298  8.07087e+01 | 32 -0.00153  1.00246e+02 | 33  0.00139 -3.98886e+02
 34  0.00041 -1.27777e+02 | 35  0.00345 -3.01248e+02 | 36  0.00115  7.40355e+00
 37  0.00528 -5.50047e+01 | 38  0.00487 -5.47852e+01 | 39  0.00504 -1.60434e+01
 40  0.00769  5.00825e+01 | 41  0.00937  3.54493e+01 | 42  0.00987 -1.02148e+02
 43  0.00879  3.80811e+01 | 44  0.00834  6.59744e+01 | 45  0.01044 -1.44115e+02
 46  0.00510 -9.09072e+01 | 47  0.15550 -1.04602e+03 | 48 -0.07059  6.71959e+02
 49 -0.06451 -7.94561e+01 | 50 -0.06126 -2.18348e+02 | 51 -0.03841 -2.76575e+02
 52 -0.03268 -8.92479e+01 | 53 -0.03444 -5.40702e+01 | 54 -0.02205  1.51654e+02
 55 -0.01484  1.68643e+02 | 56 -0.00801  4.80210e+00 | 57 -0.00020 -2.92561e+00
 58  0.01031 -1.03499e+02 | 59  0.01703  2.86418e+02 | 60  0.02181 -2.29007e+02
 61  0.01906 -5.85740e+01 | 62  0.01576  5.77764e+01 | 63  0.01567 -8.04033e+01
 64  0.01406  1.32812e+02 | 65  0.01412 -1.62864e+02 | 66  0.01407 -5.37642e+01
 67  0.01568 -2.35193e+01 | 68  0.01939  1.53349e+01 | 69  0.02152 -6.37065e+01
 70  0.02214 -7.51407e+01 | 71  0.02399  4.27866e+01 | 72  0.02666  5.52468e+00
 73  0.02619  7.53019e+00 | 74  0.02468  5.65371e+01 | 75  0.02462  5.40328e+01
 76 -0.66172 -9.68597e+02 | 77 -0.61872  2.62902e+02 |
2 0 18699.5
2 0 18696
2 0 18695.5
2 0 18694.9
2 0 18693.8
2 0 18691.8
2 0 18688.5
2 0 18702.4
2 0 18687.9
2 0 18687.6
2 0 18687.1
2 0 18686.9
77 variables; iteration 20; function evaluation 28; phase 2
Function value   1.8686958e+04; maximum gradient component mag  -2.8959e+03
Var   Value    Gradient   |Var   Value    Gradient   |Var   Value    Gradient
  1 -0.71165  4.13867e+01 |  2 -0.57256  1.19830e+02 |  3  0.24771 -1.58012e+02
  4  0.18430  4.46058e+00 |  5  0.12145 -1.05175e+00 |  6  0.07938 -4.51512e+00
  7  0.05098 -1.22500e+00 |  8  0.02989 -4.54148e-01 |  9  0.01343 -3.85408e-01
 10  0.00030 -3.49898e-01 | 11 -0.01025 -3.12966e-01 | 12 -0.01872 -2.81157e-01
 13 -0.02543 -2.55183e-01 | 14 -0.03059 -2.37819e-01 | 15 -0.03435 -2.25401e-01
 16 -0.03682 -2.16857e-01 | 17 -0.03804 -2.22665e-01 | 18  0.08182  5.84767e+02
 19 -0.01905 -1.17724e+01 | 20 -0.00719  5.39914e+02 | 21 -0.00539  3.34544e+02
 22 -0.00754  3.36255e+02 | 23 -0.01522 -2.91518e+02 | 24 -0.00525  1.31157e+02
 25 -0.00199 -1.72214e+01 | 26 -0.00403 -1.73691e+01 | 27 -0.00234 -1.85598e+02
 28 -0.00071 -9.48204e+01 | 29 -0.00552  1.31027e+02 | 30  0.00131 -1.91447e+02
 31 -0.00289  2.20724e+02 | 32 -0.00107  1.75658e+02 | 33  0.00232 -1.91814e+02
 34  0.00139  1.77017e+01 | 35  0.00419 -1.91090e+02 | 36  0.00156  5.49016e+01
 37  0.00536 -4.09973e-01 | 38  0.00432 -2.12423e+02 | 39  0.00445 -1.26360e+02
 40  0.00731 -9.28637e+00 | 41  0.00919  7.58113e+01 | 42  0.00944 -2.11697e+02
 43  0.00814 -1.17701e+01 | 44  0.00777 -2.43747e+01 | 45  0.00969 -2.10633e+02
 46  0.00167 -8.45410e+01 | 47  0.15584 -2.89594e+03 | 48 -0.07027  7.62563e+02
 49 -0.06452 -2.05707e+01 | 50 -0.06145 -2.46944e+02 | 51 -0.03861 -2.74513e+02
 52 -0.03287  5.90579e+01 | 53 -0.03480 -2.22482e+02 | 54 -0.02251 -1.58034e+02
 55 -0.01473  1.78805e+02 | 56 -0.00797  1.89030e+02 | 57  0.00021  4.25646e+02
 58  0.01038  2.85568e+02 | 59  0.01684  5.36253e+02 | 60  0.02146 -1.63337e+02
 61  0.01898 -5.71755e+01 | 62  0.01573  2.77345e+00 | 63  0.01594 -3.84711e+01
 64  0.01402  1.10263e+02 | 65  0.01423 -1.94864e+02 | 66  0.01394 -1.21590e+02
 67  0.01540 -2.88822e+01 | 68  0.01902 -2.51801e+01 | 69  0.02116 -2.05675e+02
 70  0.02191 -1.86006e+02 | 71  0.02384 -5.31104e+01 | 72  0.02601 -1.85358e+02
 73  0.02614 -7.15127e+01 | 74  0.02670  1.40586e+02 | 75  0.02633  1.61208e+02
 76 -0.66283 -7.26397e+02 | 77 -0.62423  2.21944e+02 |
2 0 18686.7
2 0 18687
2 0 18686.7
2 0 18686.6
2 0 18686.4
2 0 18686.2
2 0 18687.8
2 0 18686.2
2 0 18686.2
2 0 18686.2
2 0 18686.2
2 0 18686.2
2 0 18686.2
77 variables; iteration 30; function evaluation 41; phase 2
Function value   1.8686214e+04; maximum gradient component mag  -3.3132e+03
Var   Value    Gradient   |Var   Value    Gradient   |Var   Value    Gradient
  1 -0.70601  1.14225e+02 |  2 -0.58036  1.29457e+02 |  3  0.24566 -2.01651e+02
  4  0.18664  4.87148e+01 |  5  0.12182 -1.61710e+00 |  6  0.07966 -2.76423e+00
  7  0.05118 -2.92457e-01 |  8  0.03001 -2.74186e-02 |  9  0.01353 -1.85959e-02
 10  0.00039 -5.21157e-02 | 11 -0.01017 -7.65782e-02 | 12 -0.01865 -8.58196e-02
 13 -0.02536 -8.63223e-02 | 14 -0.03053 -8.71437e-02 | 15 -0.03429 -8.60074e-02
 16 -0.03676 -8.30857e-02 | 17 -0.03798 -9.20025e-02 | 18  0.08156  5.50694e+02
 19 -0.02004 -4.11136e+01 | 20 -0.00720  5.56089e+02 | 21 -0.00540  3.69818e+02
 22 -0.00780  2.59634e+02 | 23 -0.01526 -2.52639e+02 | 24 -0.00522  1.28006e+02
 25 -0.00208 -8.71524e+01 | 26 -0.00417 -9.31075e+00 | 27 -0.00260 -2.53354e+02
 28 -0.00069 -6.94495e+01 | 29 -0.00567  7.40637e+01 | 30  0.00116 -2.44783e+02
 31 -0.00282  2.54196e+02 | 32 -0.00109  1.38524e+02 | 33  0.00229 -1.63059e+02
 34  0.00130 -1.68928e+01 | 35  0.00420 -1.63922e+02 | 36  0.00169  3.93219e+01
 37  0.00570  1.98703e+01 | 38  0.00475 -1.24827e+02 | 39  0.00482 -7.06272e+01
 40  0.00747 -1.48812e+01 | 41  0.00925  6.58608e+01 | 42  0.00961 -1.82772e+02
 43  0.00846  3.48372e+01 | 44  0.00801 -6.53158e+00 | 45  0.00977 -1.80568e+02
 46  0.00152 -1.02911e+02 | 47  0.15588 -3.31325e+03 | 48 -0.07026  8.21873e+02
 49 -0.06453 -3.11715e+01 | 50 -0.06138 -2.39120e+02 | 51 -0.03878 -3.14813e+02
 52 -0.03313 -5.27788e+01 | 53 -0.03460 -1.78673e+02 | 54 -0.02254 -1.50817e+02
 55 -0.01477  1.66362e+02 | 56 -0.00833  7.66080e+01 | 57  0.00044  4.87028e+02
 58  0.01016  2.56513e+02 | 59  0.01682  5.68412e+02 | 60  0.02146 -1.39327e+02
 61  0.01903 -3.78684e+01 | 62  0.01545 -9.33342e+01 | 63  0.01593 -6.08723e+01
 64  0.01362 -1.88704e+01 | 65  0.01431 -1.56514e+02 | 66  0.01395 -1.05662e+02
 67  0.01545 -2.74359e+01 | 68  0.01911 -5.65616e+00 | 69  0.02119 -1.80917e+02
 70  0.02181 -1.88780e+02 | 71  0.02374 -7.75403e+01 | 72  0.02612 -1.52170e+02
 73  0.02625 -4.57544e+01 | 74  0.02671  1.09473e+02 | 75  0.02701  1.78880e+02
 76 -0.66321 -7.26557e+02 | 77 -0.62718  2.10167e+02 |
2 0 18686.2
2 0 18686.2
2 0 18686.2
2 0 18686.2
2 0 18686.2
2 0 18686.2
2 0 18686.2
2 0 18686.2
2 0 18686.2
2 0 18686.2
2 0 18686.2
2 0 18686.2
2 0 18686.2
77 variables; iteration 40; function evaluation 54; phase 2
Function value   1.8686200e+04; maximum gradient component mag  -3.3190e+03
Var   Value    Gradient   |Var   Value    Gradient   |Var   Value    Gradient
  1 -0.70604  1.12806e+02 |  2 -0.58038  1.29043e+02 |  3  0.24585 -2.04958e+02
  4  0.18720  5.12943e+01 |  5  0.12275  3.68251e+00 |  6  0.07989 -3.97045e+00
  7  0.05120 -1.53129e+00 |  8  0.03023  8.45130e-01 |  9  0.01374  2.25152e-01
 10  0.00056 -2.45867e-02 | 11 -0.01002  2.70200e-03 | 12 -0.01851  7.24640e-04
 13 -0.02523 -1.16713e-02 | 14 -0.03040 -2.17948e-02 | 15 -0.03417 -2.46584e-02
 16 -0.03663 -2.19200e-02 | 17 -0.03786 -3.11920e-02 | 18  0.08162  5.52428e+02
 19 -0.01968 -2.90093e+01 | 20 -0.00721  5.54857e+02 | 21 -0.00543  3.65169e+02
 22 -0.00784  2.59003e+02 | 23 -0.01527 -2.48533e+02 | 24 -0.00520  1.40201e+02
 25 -0.00205 -7.95530e+01 | 26 -0.00415 -2.18948e+00 | 27 -0.00261 -2.53591e+02
 28 -0.00070 -6.39594e+01 | 29 -0.00568  7.86675e+01 | 30  0.00118 -2.34910e+02
 31 -0.00280  2.58798e+02 | 32 -0.00108  1.43245e+02 | 33  0.00230 -1.52735e+02
 34  0.00130 -1.09948e+01 | 35  0.00417 -1.66068e+02 | 36  0.00164  3.34716e+01
 37  0.00566  1.78450e+01 | 38  0.00471 -1.26185e+02 | 39  0.00478 -7.16582e+01
 40  0.00744 -1.42372e+01 | 41  0.00925  7.17919e+01 | 42  0.00964 -1.74058e+02
 43  0.00851  5.10018e+01 | 44  0.00802  2.70727e+00 | 45  0.00971 -1.89892e+02
 46  0.00147 -1.00502e+02 | 47  0.15590 -3.31898e+03 | 48 -0.07026  8.17001e+02
 49 -0.06453 -2.69748e+01 | 50 -0.06140 -2.39106e+02 | 51 -0.03880 -3.14390e+02
 52 -0.03317 -6.09851e+01 | 53 -0.03462 -1.81615e+02 | 54 -0.02253 -1.46544e+02
 55 -0.01477  1.72048e+02 | 56 -0.00833  8.33037e+01 | 57  0.00042  4.88207e+02
 58  0.01013  2.51172e+02 | 59  0.01681  5.69264e+02 | 60  0.02147 -1.32241e+02
 61  0.01902 -3.76859e+01 | 62  0.01547 -8.49155e+01 | 63  0.01593 -5.92878e+01
 64  0.01360 -1.78042e+01 | 65  0.01429 -1.52993e+02 | 66  0.01395 -9.54544e+01
 67  0.01543 -2.74800e+01 | 68  0.01909 -6.87841e+00 | 69  0.02115 -1.87282e+02
 70  0.02179 -1.91557e+02 | 71  0.02374 -7.48179e+01 | 72  0.02614 -1.49410e+02
 73  0.02625 -4.66354e+01 | 74  0.02669  1.04838e+02 | 75  0.02735  1.82256e+02
 76 -0.66321 -7.28632e+02 | 77 -0.62727  2.09916e+02 |
2 0 18686.2
2 0 18686.2
2 0 18686.2
2 0 18686.2
2 0 18686.2
2 0 18686.2
2 0 18686.2
2 0 18686.1
2 0 18686.1
2 0 18686.1
2 0 18686.1
2 0 18686.1
2 0 18686.1
2 0 18686
77 variables; iteration 50; function evaluation 68; phase 2
Function value   1.8686030e+04; maximum gradient component mag  -3.3045e+03
Var   Value    Gradient   |Var   Value    Gradient   |Var   Value    Gradient
  1 -0.70613  1.09270e+02 |  2 -0.58045  1.27834e+02 |  3  0.24588 -2.09595e+02
  4  0.18727  5.06648e+01 |  5  0.12410  1.23145e+00 |  6  0.08466  1.63008e+01
  7  0.05502  4.24231e+00 |  8  0.03231 -5.49547e+00 |  9  0.01638  2.78066e+00
 10  0.00337  2.36085e+00 | 11 -0.00746  5.07625e-01 | 12 -0.01612  4.04920e-01
 13 -0.02295  4.75378e-01 | 14 -0.02820  4.11671e-01 | 15 -0.03204  3.54396e-01
 16 -0.03455  3.29899e-01 | 17 -0.03580  3.14019e-01 | 18  0.08168  5.44325e+02
 19 -0.01931 -2.51637e+01 | 20 -0.00728  5.40708e+02 | 21 -0.00544  3.79239e+02
 22 -0.00794  2.09610e+02 | 23 -0.01530 -2.48750e+02 | 24 -0.00524  1.22557e+02
 25 -0.00204 -6.86996e+01 | 26 -0.00413 -4.71786e+00 | 27 -0.00258 -2.55878e+02
 28 -0.00067 -5.83242e+01 | 29 -0.00571  6.83519e+01 | 30  0.00110 -2.51257e+02
 31 -0.00290  2.38663e+02 | 32 -0.00114  1.46904e+02 | 33  0.00221 -1.83309e+02
 34  0.00119 -4.61397e+01 | 35  0.00418 -1.48944e+02 | 36  0.00165  1.97330e+01
 37  0.00567  3.30572e+01 | 38  0.00463 -1.35330e+02 | 39  0.00460 -1.41273e+02
 40  0.00738 -5.60184e-02 | 41  0.00913  3.60079e+01 | 42  0.00959 -1.86775e+02
 43  0.00856  6.27048e+01 | 44  0.00817  1.16362e+00 | 45  0.00999 -1.24004e+02
 46  0.00145 -1.04021e+02 | 47  0.15593 -3.30449e+03 | 48 -0.07036  7.91230e+02
 49 -0.06460 -6.40920e+01 | 50 -0.06143 -2.55342e+02 | 51 -0.03882 -3.01209e+02
 52 -0.03318 -4.73991e+01 | 53 -0.03466 -1.81145e+02 | 54 -0.02258 -1.57179e+02
 55 -0.01481  1.66582e+02 | 56 -0.00833  8.83854e+01 | 57  0.00041  4.84715e+02
 58  0.01014  2.59389e+02 | 59  0.01678  5.66599e+02 | 60  0.02140 -1.51579e+02
 61  0.01899 -4.28975e+01 | 62  0.01541 -8.22634e+01 | 63  0.01586 -6.33876e+01
 64  0.01358 -1.86537e+01 | 65  0.01433 -1.41493e+02 | 66  0.01391 -1.20265e+02
 67  0.01540 -2.54354e+01 | 68  0.01907  1.73496e+01 | 69  0.02111 -1.89361e+02
 70  0.02175 -1.81002e+02 | 71  0.02366 -8.30386e+01 | 72  0.02607 -1.51522e+02
 73  0.02630 -2.11904e+01 | 74  0.02688  1.28320e+02 | 75  0.02795  1.82972e+02
 76 -0.66320 -7.26278e+02 | 77 -0.62794  2.07322e+02 |
2 0 18686
2 0 18685.9
2 0 18686
2 0 18685.9
2 0 18685.9
2 0 18685.8
2 0 18685.7
2 0 18685.8
2 0 18685.7
2 0 18685.7
2 0 18685.6
2 0 18685.4
2 0 18685.3
77 variables; iteration 60; function evaluation 81; phase 2
Function value   1.8685288e+04; maximum gradient component mag  -3.2566e+03
Var   Value    Gradient   |Var   Value    Gradient   |Var   Value    Gradient
  1 -0.70626  9.61088e+01 |  2 -0.58303  1.22790e+02 |  3  0.24525 -1.85487e+02
  4  0.18522  4.83550e+01 |  5  0.12190  8.85304e+00 |  6  0.08000 -1.14806e+01
  7  0.05565  1.49920e+01 |  8  0.03556 -3.30688e+01 |  9  0.03132  5.25171e+01
 10  0.01696  1.32585e+01 | 11  0.00287 -1.41833e+01 | 12 -0.00378  9.03070e+00
 13 -0.01033  5.54901e+00 | 14 -0.01609  1.83474e+00 | 15 -0.02019  1.90240e+00
 16 -0.02285  1.99810e+00 | 17 -0.02417  1.88548e+00 | 18  0.08145  5.26342e+02
 19 -0.02029 -5.50757e+01 | 20 -0.00747  5.34407e+02 | 21 -0.00548  3.55154e+02
 22 -0.00810  1.88892e+02 | 23 -0.01543 -2.53186e+02 | 24 -0.00539  1.92784e+01
 25 -0.00188 -5.77744e+01 | 26 -0.00367  1.62647e+02 | 27 -0.00218 -1.10928e+02
 28 -0.00079 -1.96289e+02 | 29 -0.00585  2.54622e+01 | 30  0.00102 -2.52093e+02
 31 -0.00300  2.52165e+02 | 32 -0.00131  1.12332e+02 | 33  0.00200 -2.45766e+02
 34  0.00106 -9.61372e+01 | 35  0.00441 -7.55737e+01 | 36  0.00198 -5.08506e+01
 37  0.00614  1.24446e+02 | 38  0.00491  4.07477e+01 | 39  0.00451 -2.29722e+02
 40  0.00751 -8.83704e+00 | 41  0.00941  8.64384e+01 | 42  0.00986 -2.16254e+02
 43  0.00871  1.42306e+02 | 44  0.00797  6.59430e+01 | 45  0.00961 -3.00381e+02
 46  0.00156 -7.43623e+01 | 47  0.15593 -3.25661e+03 | 48 -0.07065  7.44465e+02
 49 -0.06453 -3.26782e+01 | 50 -0.06125 -1.99899e+02 | 51 -0.03883 -2.78082e+02
 52 -0.03321  7.58601e+00 | 53 -0.03477 -1.21823e+02 | 54 -0.02249 -8.67007e+01
 55 -0.01500  1.02245e+00 | 56 -0.00828 -1.66750e+00 | 57  0.00044  5.00629e+02
 58  0.01014  2.82073e+02 | 59  0.01679  5.56024e+02 | 60  0.02128 -2.15779e+02
 61  0.01891 -6.72704e+01 | 62  0.01527 -9.87117e+01 | 63  0.01566 -1.10367e+02
 64  0.01353  1.90803e+01 | 65  0.01486  9.64753e+01 | 66  0.01407 -1.04700e+02
 67  0.01514 -1.76157e+02 | 68  0.01900  2.04838e+00 | 69  0.02112 -1.72196e+02
 70  0.02175 -1.48069e+02 | 71  0.02410  8.58854e+01 | 72  0.02603 -2.38735e+02
 73  0.02584 -2.08013e+02 | 74  0.02681  1.46402e+02 | 75  0.02844  1.82387e+02
 76 -0.66343 -7.28084e+02 | 77 -0.63220  1.89864e+02 |
2 0 18685.1
2 0 18685.4
2 0 18685.1
2 0 18685.1
2 0 18685
2 0 18684.6
2 0 18684.4
2 0 18684.6
2 0 18684.4
2 0 18684.3
2 0 18684.1
2 0 18684.1
2 0 18684
2 0 18683.8
2 0 18683
77 variables; iteration 70; function evaluation 96; phase 2
Function value   1.8682959e+04; maximum gradient component mag  -3.1678e+03
Var   Value    Gradient   |Var   Value    Gradient   |Var   Value    Gradient
  1 -0.70674  5.29314e+01 |  2 -0.59054  1.06767e+02 |  3  0.24540 -1.43242e+02
  4  0.18452  6.13270e+01 |  5  0.11915  2.44935e+00 |  6  0.07692  6.28237e+00
  7  0.04660 -1.27173e+01 |  8  0.02769 -1.04239e+01 |  9  0.01713 -3.57941e+01
 10  0.02167  7.44735e+01 | 11  0.00892 -4.59779e+01 | 12  0.01392  4.17463e+01
 13  0.01096  3.08155e+01 | 14  0.00313 -7.91180e+00 | 15  0.00141  1.16018e+01
 16 -0.00017  1.11058e+01 | 17 -0.00153  7.03842e+00 | 18  0.08109  5.02152e+02
 19 -0.02105 -8.19780e+01 | 20 -0.00805  4.80937e+02 | 21 -0.00618  2.00597e+02
 22 -0.00880  5.60138e+01 | 23 -0.01531 -1.46019e+02 | 24 -0.00509  8.72170e+01
 25 -0.00160 -7.46590e+00 | 26 -0.00374  1.20093e+02 | 27 -0.00235 -1.38664e+02
 28 -0.00085 -1.49492e+02 | 29 -0.00589 -1.28595e+01 | 30  0.00099 -2.21813e+02
 31 -0.00320  1.66578e+02 | 32 -0.00136  6.86810e+01 | 33  0.00223 -1.78737e+02
 34  0.00149 -2.17518e+01 | 35  0.00480  7.34342e+00 | 36  0.00205 -2.62306e+01
 37  0.00601  6.18980e+01 | 38  0.00492 -1.17021e+01 | 39  0.00502 -1.08461e+02
 40  0.00793  5.50248e+01 | 41  0.00938  4.35962e+01 | 42  0.00990 -1.76582e+02
 43  0.00861  8.92969e+01 | 44  0.00811  5.32070e+01 | 45  0.00999 -1.80046e+02
 46  0.00189 -1.10442e+02 | 47  0.15587 -3.16777e+03 | 48 -0.07080  6.87419e+02
 49 -0.06433  1.82354e+01 | 50 -0.06136 -1.85780e+02 | 51 -0.03907 -2.67698e+02
 52 -0.03322 -5.87391e+00 | 53 -0.03458 -9.97271e+01 | 54 -0.02226 -4.31301e+01
 55 -0.01495  2.33917e+01 | 56 -0.00832 -3.66723e+01 | 57  0.00025  3.81912e+02
 58  0.01027  2.57566e+02 | 59  0.01662  4.40554e+02 | 60  0.02127 -2.10570e+02
 61  0.01880 -9.66678e+01 | 62  0.01526 -1.18993e+02 | 63  0.01592 -7.87503e+01
 64  0.01373  2.35830e+01 | 65  0.01477  4.69138e+01 | 66  0.01401 -8.52912e+01
 67  0.01505 -1.67535e+02 | 68  0.01925  4.54754e+01 | 69  0.02143 -9.42100e+01
 70  0.02165 -1.70777e+02 | 71  0.02420  9.83936e+01 | 72  0.02587 -2.42091e+02
 73  0.02605 -1.41398e+02 | 74  0.02663  9.61870e+01 | 75  0.02786  1.71529e+02
 76 -0.66407 -7.53453e+02 | 77 -0.64344  1.46255e+02 |
2 0 18692.9
2 0 18682.9
2 0 18682.7
2 0 18681.7
2 0 18680.4
2 0 18679.1
2 0 18677.9
2 0 18677.4
2 0 18676.6
2 0 18687.3
2 0 18676.5
2 0 18676.4
2 0 18675.7
2 0 18674.4
77 variables; iteration 80; function evaluation 110; phase 2
Function value   1.8674390e+04; maximum gradient component mag  -2.0388e+03
Var   Value    Gradient   |Var   Value    Gradient   |Var   Value    Gradient
  1 -0.70206  2.94922e+00 |  2 -0.62369  5.86538e+01 |  3  0.24911 -8.29192e+01
  4  0.18500  1.42529e+01 |  5  0.12167 -4.93907e+00 |  6  0.08035 -1.93710e+00
  7  0.05186 -3.25367e+00 |  8  0.03115 -2.74707e-01 |  9  0.01490 -2.78851e+00
 10  0.00262  3.52034e+00 | 11 -0.00829  2.19072e+00 | 12 -0.01793 -9.45904e-01
 13 -0.02569  2.55992e+00 | 14 -0.03288 -8.86177e+00 | 15 -0.03625  1.55588e+00
 16 -0.03899 -1.91262e+01 | 17 -0.03495  1.72112e+01 | 18  0.08040  1.49578e+02
 19 -0.02216  3.15091e+01 | 20 -0.00977 -4.44313e+01 | 21 -0.00717 -8.41233e+01
 22 -0.00984 -1.06781e+02 | 23 -0.01575  4.27973e+01 | 24 -0.00565 -1.88891e+01
 25 -0.00212 -5.39519e+01 | 26 -0.00423  8.10192e+00 | 27 -0.00222 -1.47829e+01
 28 -0.00098 -2.58207e+01 | 29 -0.00622 -1.29657e+02 | 30  0.00136 -6.35935e+00
 31 -0.00288  2.38311e+01 | 32 -0.00075  2.70612e+01 | 33  0.00316  7.87758e+01
 34  0.00214  5.60832e+01 | 35  0.00522  1.08542e+02 | 36  0.00228  1.98152e+01
 37  0.00624  1.54472e+01 | 38  0.00543  1.41795e+01 | 39  0.00541  3.16610e+01
 40  0.00800  1.22531e+01 | 41  0.00969  7.77875e+00 | 42  0.01030  5.14631e+00
 43  0.00882  1.81826e+01 | 44  0.00848  2.71526e+01 | 45  0.01075  9.09665e+01
 46  0.00249 -1.11534e+02 | 47  0.15570 -2.03884e+03 | 48 -0.07196 -2.50430e+01
 49 -0.06431  3.47629e+00 | 50 -0.06068  6.67519e+01 | 51 -0.03862  3.33520e+01
 52 -0.03336 -3.15072e+01 | 53 -0.03426 -1.29732e+01 | 54 -0.02224  5.27218e+00
 55 -0.01504  1.26764e+01 | 56 -0.00777 -2.12940e+01 | 57 -0.00048 -3.80281e+01
 58  0.01013 -8.86372e+00 | 59  0.01583 -2.92132e+01 | 60  0.02179 -5.12671e+01
 61  0.01901 -4.25472e+01 | 62  0.01582 -2.15627e+01 | 63  0.01619 -5.78967e+01
 64  0.01387 -1.61903e+01 | 65  0.01470  1.23270e+00 | 66  0.01427  4.10453e+01
 67  0.01570  2.82282e+01 | 68  0.01921  8.91041e+00 | 69  0.02159  1.61415e+01
 70  0.02222  1.89596e+01 | 71  0.02398 -1.73311e-01 | 72  0.02633 -2.26080e+01
 73  0.02628 -5.27529e+01 | 74  0.02652 -1.61432e+00 | 75  0.02475  8.55427e+01
 76 -0.66592 -3.36831e+01 | 77 -0.68513  1.12528e+01 |
2 0 18672.7
2 0 18672
2 0 18672.3
2 0 18671.9
2 0 18671.8
2 0 18672.2
2 0 18671.8
2 0 18671.8
2 0 18671.8
2 0 18671.8
2 0 18671.8
2 0 18671.8
77 variables; iteration 90; function evaluation 122; phase 2
Function value   1.8671756e+04; maximum gradient component mag   3.8892e+01
Var   Value    Gradient   |Var   Value    Gradient   |Var   Value    Gradient
  1 -0.67785  3.93148e+00 |  2 -0.71943  9.56568e-01 |  3  0.25018  5.31386e-01
  4  0.18278 -3.21331e-01 |  5  0.12087  2.06183e-02 |  6  0.07998 -3.12645e-02
  7  0.05185  1.29684e-02 |  8  0.03091  1.37916e-02 |  9  0.01461  3.34061e-02
 10  0.00163 -1.25249e-01 | 11 -0.00876  7.56687e-03 | 12 -0.01710  1.68281e-02
 13 -0.02370 -3.77992e-02 | 14 -0.02876  8.91800e-02 | 15 -0.03248 -1.09376e-02
 16 -0.03491  1.70682e-01 | 17 -0.03616 -1.88857e-01 | 18  0.07827 -5.86156e+00
 19 -0.02185  7.19780e-01 | 20 -0.00960 -4.66647e-01 | 21 -0.00688  1.00332e-01
 22 -0.00939  1.08681e+00 | 23 -0.01566 -1.00211e-01 | 24 -0.00546 -4.08847e-01
 25 -0.00191  6.14339e-01 | 26 -0.00425  1.33012e-02 | 27 -0.00210  2.75013e-01
 28 -0.00069  3.24707e-01 | 29 -0.00578  8.06567e-01 | 30  0.00143  1.12076e-01
 31 -0.00297 -1.99587e-01 | 32 -0.00091 -6.63417e-01 | 33  0.00290 -2.85907e-01
 34  0.00184 -1.55188e-01 | 35  0.00482 -5.37062e-01 | 36  0.00202 -1.00319e-01
 37  0.00605 -5.00492e-01 | 38  0.00525 -2.43330e-01 | 39  0.00524 -8.12755e-02
 40  0.00789 -2.59103e-01 | 41  0.00960 -2.65660e-01 | 42  0.01023  3.71123e-02
 43  0.00872 -2.84849e-01 | 44  0.00831 -4.46495e-01 | 45  0.01047 -3.12470e-01
 46  0.00268  1.23340e+00 | 47  0.15592  1.50107e+01 | 48 -0.07204 -1.04179e+00
 49 -0.06440 -4.55360e-01 | 50 -0.06086 -6.95211e-01 | 51 -0.03869 -4.27064e-01
 52 -0.03333  3.84837e-02 | 53 -0.03418 -2.75128e-01 | 54 -0.02229 -1.14466e-01
 55 -0.01518 -2.22678e-01 | 56 -0.00787 -4.82386e-02 | 57 -0.00045 -7.55457e-01
 58  0.01022 -2.58129e-01 | 59  0.01586 -3.42003e-01 | 60  0.02183  6.94493e-01
 61  0.01903  6.84273e-01 | 62  0.01576  6.26975e-01 | 63  0.01620  5.88218e-01
 64  0.01373  4.51565e-01 | 65  0.01464  2.60995e-01 | 66  0.01414  2.89661e-01
 67  0.01560  2.46471e-01 | 68  0.01912 -1.70443e-02 | 69  0.02152  3.24244e-01
 70  0.02215  4.37119e-01 | 71  0.02395  3.00222e-02 | 72  0.02634  6.12864e-01
 73  0.02629  6.36105e-01 | 74  0.02628 -5.45327e-01 | 75  0.02629 -6.79840e-01
 76 -0.66822  3.88918e+01 | 77 -0.72997 -1.09239e+00 |
2 0 18671.8
2 0 18671.8
2 0 18671.8
2 0 18671.8
2 0 18671.8
2 0 18671.8
2 0 18671.8
2 0 18671.8
2 0 18671.8
2 0 18671.8
2 0 18671.8
77 variables; iteration 100; function evaluation 133; phase 2
Function value   1.8671756e+04; maximum gradient component mag   2.1103e+00
Var   Value    Gradient   |Var   Value    Gradient   |Var   Value    Gradient
  1 -0.67537  6.28962e-01 |  2 -0.73077  1.35781e-01 |  3  0.25017 -1.47801e-02
  4  0.18281  1.72434e-02 |  5  0.12088 -7.40545e-04 |  6  0.07998  7.29000e-04
  7  0.05185 -1.27455e-03 |  8  0.03091 -1.78841e-03 |  9  0.01462 -3.03828e-03
 10  0.00166  7.46215e-03 | 11 -0.00875  8.29240e-04 | 12 -0.01710  6.98020e-04
 13 -0.02371  5.23985e-03 | 14 -0.02879 -2.88292e-03 | 15 -0.03250  2.34654e-03
 16 -0.03492 -1.07863e-02 | 17 -0.03612  1.13770e-02 | 18  0.07829 -3.77991e-01
 19 -0.02185  3.95694e-02 | 20 -0.00960  2.74227e-02 | 21 -0.00688 -1.85785e-02
 22 -0.00940  3.20138e-02 | 23 -0.01566 -1.64439e-02 | 24 -0.00546 -2.69830e-02
 25 -0.00191  1.49083e-02 | 26 -0.00425  4.45986e-03 | 27 -0.00210 -1.43727e-02
 28 -0.00070 -8.51639e-03 | 29 -0.00578 -2.43562e-02 | 30  0.00143 -2.64313e-02
 31 -0.00297  2.40175e-02 | 32 -0.00091 -1.98895e-02 | 33  0.00290 -3.46959e-02
 34  0.00184  4.17341e-03 | 35  0.00482 -8.71118e-03 | 36  0.00202 -3.80604e-03
 37  0.00605 -5.79967e-03 | 38  0.00525  6.19879e-03 | 39  0.00524  1.13819e-02
 40  0.00789 -1.54215e-03 | 41  0.00960 -7.89998e-03 | 42  0.01023 -1.68291e-02
 43  0.00872  1.22822e-02 | 44  0.00831  3.34784e-03 | 45  0.01047  1.13091e-02
 46  0.00268  4.55044e-02 | 47  0.15591 -5.60113e-01 | 48 -0.07204  1.74501e-02
 49 -0.06439 -8.16315e-03 | 50 -0.06086 -4.03416e-02 | 51 -0.03869 -4.89083e-02
 52 -0.03333 -9.73111e-03 | 53 -0.03418 -2.63611e-02 | 54 -0.02229 -2.63264e-02
 55 -0.01518 -1.61736e-02 | 56 -0.00787 -3.11746e-02 | 57 -0.00045 -3.89336e-03
 58  0.01022 -9.66951e-04 | 59  0.01586  7.45155e-03 | 60  0.02183 -4.24294e-03
 61  0.01903  2.38551e-02 | 62  0.01576  1.27540e-02 | 63  0.01620  2.17506e-02
 64  0.01373  1.90477e-02 | 65  0.01464  2.89191e-02 | 66  0.01414  2.36586e-02
 67  0.01560  1.37241e-02 | 68  0.01912  1.98134e-02 | 69  0.02152  5.92949e-03
 70  0.02215  1.20940e-02 | 71  0.02395  1.49971e-02 | 72  0.02634 -2.13084e-03
 73  0.02629 -5.20195e-03 | 74  0.02628 -4.21383e-02 | 75  0.02628  2.43883e-02
 76 -0.66837  2.11033e+00 | 77 -0.73524 -5.82232e-02 |
2 0 18671.8
2 0 18671.8
2 0 18671.8
2 0 18671.8
2 0 18671.8
2 0 18671.8
2 0 18671.8
2 0 18671.8
2 0 18671.8
2 0 18671.8
2 0 18671.8
77 variables; iteration 110; function evaluation 144; phase 2
Function value   1.8671756e+04; maximum gradient component mag   7.3075e-02
Var   Value    Gradient   |Var   Value    Gradient   |Var   Value    Gradient
  1 -0.67441 -6.85290e-02 |  2 -0.73529 -1.42972e-02 |  3  0.25017  3.49087e-03
  4  0.18281 -1.16253e-03 |  5  0.12088  3.63951e-04 |  6  0.07998  1.24800e-05
  7  0.05185  2.04349e-04 |  8  0.03091  1.70075e-04 |  9  0.01462  2.78464e-04
 10  0.00166 -7.17420e-04 | 11 -0.00875  1.03337e-04 | 12 -0.01710  1.45742e-04
 13 -0.02371 -1.99940e-04 | 14 -0.02880  6.07021e-04 | 15 -0.03250 -3.92096e-05
 16 -0.03493  1.13018e-03 | 17 -0.03613 -1.07991e-03 | 18  0.07829  2.41683e-02
 19 -0.02185 -5.24329e-03 | 20 -0.00960 -1.91756e-04 | 21 -0.00688  1.43859e-03
 22 -0.00940 -1.49724e-03 | 23 -0.01566  1.18817e-03 | 24 -0.00546  1.86250e-03
 25 -0.00191 -3.30111e-04 | 26 -0.00425 -3.82544e-04 | 27 -0.00210  1.57789e-03
 28 -0.00070  1.05514e-03 | 29 -0.00578  2.60227e-03 | 30  0.00143  2.33516e-03
 31 -0.00297 -2.29416e-03 | 32 -0.00091  8.82711e-04 | 33  0.00290  2.82283e-03
 34  0.00184 -2.89495e-04 | 35  0.00482  1.78063e-04 | 36  0.00202  2.66132e-04
 37  0.00605 -2.10523e-04 | 38  0.00525 -7.58735e-04 | 39  0.00524 -7.48202e-04
 40  0.00789 -1.05545e-04 | 41  0.00960  1.98856e-04 | 42  0.01023  1.46925e-03
 43  0.00872 -1.65635e-03 | 44  0.00831 -7.40641e-04 | 45  0.01047 -1.08371e-03
 46  0.00268 -2.41363e-03 | 47  0.15591  7.30753e-02 | 48 -0.07204  1.04832e-04
 49 -0.06439  4.21624e-04 | 50 -0.06086  2.47997e-03 | 51 -0.03869  3.25051e-03
 52 -0.03333  6.16796e-04 | 53 -0.03418  1.87848e-03 | 54 -0.02229  1.78936e-03
 55 -0.01518  9.87601e-04 | 56 -0.00787  2.31222e-03 | 57 -0.00045 -1.06014e-03
 58  0.01022 -6.04766e-04 | 59  0.01586 -1.55805e-03 | 60  0.02183  9.80068e-04
 61  0.01903 -1.13994e-03 | 62  0.01576 -2.73550e-04 | 63  0.01620 -1.05831e-03
 64  0.01373 -1.02282e-03 | 65  0.01464 -2.13955e-03 | 66  0.01414 -1.62744e-03
 67  0.01560 -9.16060e-04 | 68  0.01912 -1.59463e-03 | 69  0.02152 -1.25174e-04
 70  0.02215 -4.39077e-04 | 71  0.02395 -1.18349e-03 | 72  0.02634  7.63759e-04
 73  0.02629  1.34218e-03 | 74  0.02628  2.64398e-03 | 75  0.02628 -3.25905e-03
 76 -0.66843 -4.91967e-02 | 77 -0.73734  1.34751e-03 |
2 0 18671.8
2 0 18671.8
2 0 18671.8
2 0 18671.8
2 0 18671.8
2 0 18671.8
2 0 18671.8
2 0 18671.8
2 0 18671.8
2 0 18671.8
2 0 18671.8
2 0 18671.8
77 variables; iteration 120; function evaluation 156; phase 2
Function value   1.8671756e+04; maximum gradient component mag   6.9699e-02
Var   Value    Gradient   |Var   Value    Gradient   |Var   Value    Gradient
  1 -0.67396  6.96988e-02 |  2 -0.73743  1.45179e-02 |  3  0.25017  6.17459e-04
  4  0.18281  3.79387e-05 |  5  0.12088 -1.30005e-05 |  6  0.07998 -1.54224e-05
  7  0.05185 -1.84345e-05 |  8  0.03091 -1.89488e-05 |  9  0.01462 -2.08690e-05
 10  0.00166  1.60902e-05 | 11 -0.00876 -5.16675e-06 | 12 -0.01710 -5.23349e-06
 13 -0.02371  1.33305e-05 | 14 -0.02880 -9.33027e-06 | 15 -0.03250  9.37165e-06
 16 -0.03493 -3.38799e-05 | 17 -0.03613  3.37072e-05 | 18  0.07829 -1.28661e-03
 19 -0.02185 -7.31411e-04 | 20 -0.00960  5.79809e-04 | 21 -0.00688  2.08400e-04
 22 -0.00940 -4.83612e-04 | 23 -0.01566  2.88292e-04 | 24 -0.00546 -1.60379e-04
 25 -0.00191 -4.22933e-04 | 26 -0.00425 -1.76498e-04 | 27 -0.00210 -2.26076e-04
 28 -0.00070 -1.31834e-04 | 29 -0.00578 -1.68026e-04 | 30  0.00143  4.64719e-05
 31 -0.00297  6.46551e-05 | 32 -0.00091  1.31727e-04 | 33  0.00290 -8.58343e-05
 34  0.00184 -4.92756e-05 | 35  0.00482  1.56969e-04 | 36  0.00202 -1.27010e-04
 37  0.00605  1.72462e-04 | 38  0.00525  1.89282e-04 | 39  0.00524 -6.33809e-05
 40  0.00789 -1.28316e-04 | 41  0.00960  2.59444e-04 | 42  0.01023 -6.63574e-05
 43  0.00872  3.62123e-04 | 44  0.00831  2.51680e-04 | 45  0.01047  3.17106e-04
 46  0.00268 -6.49454e-06 | 47  0.15591 -3.75218e-02 | 48 -0.07204  1.10080e-03
 49 -0.06439  3.19913e-04 | 50 -0.06086  5.95297e-04 | 51 -0.03869  1.41753e-03
 52 -0.03333  4.01408e-04 | 53 -0.03418 -3.69266e-04 | 54 -0.02229  6.65320e-04
 55 -0.01518  1.66454e-04 | 56 -0.00787  3.00091e-05 | 57 -0.00045  3.28249e-04
 58  0.01022  2.02801e-04 | 59  0.01586  7.49275e-05 | 60  0.02183 -1.17604e-05
 61  0.01903 -5.08897e-04 | 62  0.01576 -7.35100e-04 | 63  0.01620 -5.36914e-04
 64  0.01373 -3.83662e-04 | 65  0.01464 -5.87543e-04 | 66  0.01414 -5.73412e-04
 67  0.01560 -2.07534e-04 | 68  0.01912 -1.49131e-04 | 69  0.02152 -7.35337e-04
 70  0.02215 -4.05919e-04 | 71  0.02395 -6.83751e-04 | 72  0.02634 -3.79443e-04
 73  0.02629 -6.79083e-04 | 74  0.02628 -2.05531e-04 | 75  0.02628  1.82543e-03
 76 -0.66845  2.29498e-02 | 77 -0.73833 -6.26946e-04 |
2 0 18671.8
2 0 18671.8
2 0 18671.8
2 0 18671.8
2 0 18671.8
2 0 18671.8
2 0 18671.8
2 0 18671.8
2 0 18671.8
2 0 18671.8
2 0 18671.8
77 variables; iteration 130; function evaluation 167; phase 2
Function value   1.8671756e+04; maximum gradient component mag   1.8832e-02
Var   Value    Gradient   |Var   Value    Gradient   |Var   Value    Gradient
  1 -0.67372  1.88318e-02 |  2 -0.73861  3.90447e-03 |  3  0.25017  2.28631e-04
  4  0.18281 -1.50019e-05 |  5  0.12088  1.23373e-06 |  6  0.07998 -6.15496e-06
  7  0.05185 -6.15026e-07 |  8  0.03091 -2.32793e-06 |  9  0.01462  5.97291e-07
 10  0.00166 -1.47511e-05 | 11 -0.00876  4.12026e-06 | 12 -0.01710  5.26370e-06
 13 -0.02371  1.53806e-06 | 14 -0.02880  1.60142e-05 | 15 -0.03250  1.62826e-06
 16 -0.03493  1.89271e-05 | 17 -0.03613 -2.00908e-05 | 18  0.07829 -1.00680e-03
 19 -0.02185 -1.30640e-04 | 20 -0.00960  1.11898e-04 | 21 -0.00688  6.45285e-05
 22 -0.00940  2.09063e-06 | 23 -0.01566  4.58823e-05 | 24 -0.00546 -8.83409e-05
 25 -0.00191 -3.14124e-05 | 26 -0.00425 -5.01095e-05 | 27 -0.00210 -2.18609e-05
 28 -0.00070  6.88879e-06 | 29 -0.00578  6.40956e-05 | 30  0.00143  5.05388e-05
 31 -0.00297 -4.05397e-05 | 32 -0.00091 -4.39063e-05 | 33  0.00290 -4.49058e-05
 34  0.00184 -3.53220e-05 | 35  0.00482 -2.89348e-05 | 36  0.00202 -3.60410e-05
 37  0.00605 -1.19919e-05 | 38  0.00525  2.12636e-05 | 39  0.00524 -2.17153e-05
 40  0.00789 -5.99420e-05 | 41  0.00960  3.08757e-05 | 42  0.01023  3.97925e-06
 43  0.00872  4.15415e-05 | 44  0.00831  1.53112e-05 | 45  0.01047  4.79737e-05
 46  0.00268  1.38811e-04 | 47  0.15591 -7.46981e-03 | 48 -0.07204  1.77984e-04
 49 -0.06439  3.48271e-05 | 50 -0.06086  7.81280e-05 | 51 -0.03869  3.23801e-04
 52 -0.03333  1.11394e-04 | 53 -0.03418 -1.04212e-04 | 54 -0.02229  1.59433e-04
 55 -0.01518  2.18188e-05 | 56 -0.00787  2.63791e-06 | 57 -0.00045 -2.26538e-05
 58  0.01022 -1.89604e-05 | 59  0.01586 -5.80725e-05 | 60  0.02183  9.44419e-05
 61  0.01903 -3.84645e-05 | 62  0.01576 -1.04517e-04 | 63  0.01620 -4.64852e-05
 64  0.01373 -4.23976e-05 | 65  0.01464 -1.21071e-04 | 66  0.01414 -1.24747e-04
 67  0.01560 -3.25985e-05 | 68  0.01912 -4.20408e-05 | 69  0.02152 -1.48199e-04
 70  0.02215 -5.34361e-05 | 71  0.02395 -1.80435e-04 | 72  0.02634 -1.27874e-05
 73  0.02629 -8.20472e-05 | 74  0.02628 -1.14769e-04 | 75  0.02628  3.73008e-04
 76 -0.66847  8.25137e-03 | 77 -0.73888 -2.25291e-04 |
2 0 18671.8
2 0 18671.8
2 0 18671.8
2 0 18671.8
2 0 18671.8
2 0 18671.8
2 0 18671.8
2 0 18671.8
2 0 18671.8
2 0 18671.8
2 0 18671.8
2 0 18671.8
77 variables; iteration 140; function evaluation 179; phase 2
Function value   1.8671756e+04; maximum gradient component mag   8.4799e-03
Var   Value    Gradient   |Var   Value    Gradient   |Var   Value    Gradient
  1 -0.67354  7.27392e-03 |  2 -0.73948  1.50270e-03 |  3  0.25017  3.47089e-05
  4  0.18281 -9.90283e-06 |  5  0.12088 -7.27979e-06 |  6  0.07998 -4.00990e-06
  7  0.05185 -2.52145e-06 |  8  0.03091 -1.51468e-06 |  9  0.01462 -8.61247e-07
 10  0.00166 -2.97195e-06 | 11 -0.00876 -1.30286e-06 | 12 -0.01710 -1.10342e-06
 13 -0.02371 -2.33010e-06 | 14 -0.02880 -9.57876e-07 | 15 -0.03250 -2.09416e-06
 16 -0.03493  7.46785e-07 | 17 -0.03613 -3.22063e-06 | 18  0.07829 -9.25825e-04
 19 -0.02185  1.01927e-04 | 20 -0.00960 -1.56287e-05 | 21 -0.00688  3.96650e-06
 22 -0.00940  8.31918e-05 | 23 -0.01566 -1.14690e-05 | 24 -0.00546 -7.23393e-05
 25 -0.00191  2.89205e-05 | 26 -0.00425 -1.21016e-05 | 27 -0.00210 -1.49286e-05
 28 -0.00070  5.58172e-06 | 29 -0.00578  2.49522e-05 | 30  0.00143 -1.56259e-05
 31 -0.00297  1.36975e-05 | 32 -0.00091 -5.94775e-05 | 33  0.00290 -7.04728e-05
 34  0.00184 -1.55308e-05 | 35  0.00482 -4.18615e-05 | 36  0.00202 -1.77805e-05
 37  0.00605 -2.69319e-05 | 38  0.00525  9.06325e-07 | 39  0.00524 -1.86904e-06
 40  0.00789 -2.87903e-05 | 41  0.00960 -7.86675e-06 | 42  0.01023 -1.75022e-05
 43  0.00872  2.42486e-05 | 44  0.00831 -8.76594e-06 | 45  0.01047  1.63060e-05
 46  0.00268  1.35872e-04 | 47  0.15591 -2.18654e-03 | 48 -0.07204 -4.06822e-05
 49 -0.06439 -1.67006e-05 | 50 -0.06086 -4.73337e-05 | 51 -0.03869  3.18646e-05
 52 -0.03333  2.48419e-05 | 53 -0.03418 -7.02001e-05 | 54 -0.02229  1.05723e-05
 55 -0.01518 -1.88090e-05 | 56 -0.00787 -3.33846e-05 | 57 -0.00045 -2.62969e-05
 58  0.01022 -1.90391e-06 | 59  0.01586 -3.03992e-06 | 60  0.02183  5.30780e-05
 61  0.01903  4.22591e-05 | 62  0.01576  6.30854e-06 | 63  0.01620  3.45197e-05
 64  0.01373  2.35817e-05 | 65  0.01464  1.31108e-05 | 66  0.01414  6.56964e-06
 67  0.01560  2.23691e-05 | 68  0.01912  9.81845e-06 | 69  0.02152 -1.96505e-05
 70  0.02215  1.44298e-05 | 71  0.02395 -3.13669e-05 | 72  0.02634  2.30632e-05
 73  0.02629 -1.29189e-05 | 74  0.02628 -1.07737e-04 | 75  0.02628  1.08266e-04
 76 -0.66848  8.47989e-03 | 77 -0.73928 -2.31203e-04 |
2 0 18671.8
2 0 18671.8
2 0 18671.8
2 0 18671.8
2 0 18671.8
2 0 18671.8
2 0 18671.8
2 0 18671.8
2 0 18671.8
2 0 18671.8
2 0 18671.8
2 0 18671.8
2 0 18671.8
77 variables; iteration 150; function evaluation 192; phase 2
Function value   1.8671756e+04; maximum gradient component mag   1.4022e-03
Var   Value    Gradient   |Var   Value    Gradient   |Var   Value    Gradient
  1 -0.67342  1.40215e-03 |  2 -0.74006  2.89592e-04 |  3  0.25017 -7.43042e-07
  4  0.18281 -4.22683e-06 |  5  0.12088 -2.60216e-06 |  6  0.07998 -1.19068e-06
  7  0.05185 -7.92568e-07 |  8  0.03091 -2.89164e-07 |  9  0.01462 -7.39035e-08
 10  0.00166 -8.20052e-07 | 11 -0.00876 -8.83616e-07 | 12 -0.01710 -9.27559e-07
 13 -0.02371 -1.59185e-06 | 14 -0.02880 -1.18433e-06 | 15 -0.03250 -1.11520e-06
 16 -0.03493  1.07656e-07 | 17 -0.03613 -1.02218e-06 | 18  0.07829 -1.82295e-04
 19 -0.02185  3.20461e-05 | 20 -0.00960 -1.43029e-05 | 21 -0.00688  1.71467e-06
 22 -0.00940  1.71415e-05 | 23 -0.01566 -3.68362e-06 | 24 -0.00546 -1.42000e-05
 25 -0.00191  5.94908e-06 | 26 -0.00425 -2.54337e-06 | 27 -0.00210 -2.70752e-06
 28 -0.00070  1.17386e-06 | 29 -0.00578  7.51903e-06 | 30  0.00143 -2.34859e-06
 31 -0.00297  1.12527e-06 | 32 -0.00091 -1.19805e-05 | 33  0.00290 -1.52065e-05
 34  0.00184 -4.45282e-06 | 35  0.00482 -9.55900e-06 | 36  0.00202 -3.24122e-06
 37  0.00605 -4.56249e-06 | 38  0.00525  3.00631e-07 | 39  0.00524 -1.47547e-06
 40  0.00789 -5.62345e-06 | 41  0.00960 -1.33054e-06 | 42  0.01023 -2.84419e-06
 43  0.00872  5.19162e-06 | 44  0.00831 -2.09195e-06 | 45  0.01047  1.44498e-06
 46  0.00268  2.81521e-05 | 47  0.15591 -4.14826e-04 | 48 -0.07204 -2.02198e-05
 49 -0.06439 -4.52340e-06 | 50 -0.06086 -9.85849e-06 | 51 -0.03869  6.31824e-06
 52 -0.03333  6.09417e-06 | 53 -0.03418 -1.23363e-05 | 54 -0.02229  2.58404e-06
 55 -0.01518 -3.49539e-06 | 56 -0.00787 -5.67910e-06 | 57 -0.00045 -3.47257e-06
 58  0.01022 -7.32032e-07 | 59  0.01586  3.24125e-07 | 60  0.02183  1.21819e-05
 61  0.01903  9.40279e-06 | 62  0.01576  2.21031e-06 | 63  0.01620  8.63856e-06
 64  0.01373  5.13655e-06 | 65  0.01464  3.56055e-06 | 66  0.01414  1.17930e-06
 67  0.01560  4.31031e-06 | 68  0.01912  1.65312e-06 | 69  0.02152 -3.12286e-06
 70  0.02215  2.66806e-06 | 71  0.02395 -5.86908e-06 | 72  0.02634  6.06572e-06
 73  0.02629 -1.66173e-06 | 74  0.02628 -2.00282e-05 | 75  0.02628  2.06061e-05
 76 -0.66849  1.32399e-03 | 77 -0.73955 -3.64821e-05 |
2 0 18671.8
2 0 18671.8
2 0 18671.8
2 0 18671.8

 - final statistics:
77 variables; iteration 153; function evaluation 196
Function value   1.8672e+04; maximum gradient component mag  -5.8911e-04
Exit code = 1;  converg criter   1.0000e-03
Var   Value    Gradient   |Var   Value    Gradient   |Var   Value    Gradient
  1 -0.67339 -4.74832e-04 |  2 -0.74021 -9.68124e-05 |  3  0.25017  3.00733e-06
  4  0.18281  2.41080e-06 |  5  0.12088  1.31248e-06 |  6  0.07998  5.43533e-07
  7  0.05185  3.61482e-07 |  8  0.03091  9.61799e-08 |  9  0.01462 -8.37569e-09
 10  0.00166  3.85629e-07 | 11 -0.00876  4.54258e-07 | 12 -0.01710  4.84551e-07
 13 -0.02371  8.57676e-07 | 14 -0.02880  6.69641e-07 | 15 -0.03250  6.16511e-07
 16 -0.03493 -2.75186e-08 | 17 -0.03613  5.25993e-07 | 18  0.07829  8.83268e-05
 19 -0.02185 -1.96532e-05 | 20 -0.00960  9.88478e-06 | 21 -0.00688 -2.50522e-07
 22 -0.00940 -1.05745e-05 | 23 -0.01566  3.16920e-06 | 24 -0.00546  6.60917e-06
 25 -0.00191 -4.66600e-06 | 26 -0.00425  5.42965e-07 | 27 -0.00210  5.08309e-07
 28 -0.00070 -1.09425e-06 | 29 -0.00578 -4.67650e-06 | 30  0.00143  1.27663e-06
 31 -0.00297 -1.08008e-07 | 32 -0.00091  6.65539e-06 | 33  0.00290  7.79350e-06
 34  0.00184  2.30055e-06 | 35  0.00482  5.71558e-06 | 36  0.00202  1.24760e-06
 37  0.00605  2.82566e-06 | 38  0.00525  3.79739e-07 | 39  0.00524  5.58010e-07
 40  0.00789  2.31392e-06 | 41  0.00960  1.63277e-06 | 42  0.01023  1.15653e-06
 43  0.00872 -1.28706e-06 | 44  0.00831  1.95232e-06 | 45  0.01047  6.53851e-07
 46  0.00268 -1.46010e-05 | 47  0.15591  7.41117e-05 | 48 -0.07204  1.49977e-05
 49 -0.06439  3.59201e-06 | 50 -0.06086  7.45502e-06 | 51 -0.03869  2.50807e-06
 52 -0.03333 -1.71578e-06 | 53 -0.03418  4.57024e-06 | 54 -0.02229  1.15185e-06
 55 -0.01518  2.54512e-06 | 56 -0.00787  3.09484e-06 | 57 -0.00045  2.78445e-06
 58  0.01022  1.35752e-06 | 59  0.01586  2.51475e-07 | 60  0.02183 -6.29750e-06
 61  0.01903 -6.89392e-06 | 62  0.01576 -4.07918e-06 | 63  0.01620 -6.81008e-06
 64  0.01373 -4.21803e-06 | 65  0.01464 -4.18191e-06 | 66  0.01414 -2.63841e-06
 67  0.01560 -2.80965e-06 | 68  0.01912 -1.47101e-06 | 69  0.02152 -1.16296e-06
 70  0.02215 -2.79105e-06 | 71  0.02395  3.09807e-07 | 72  0.02634 -4.49173e-06
 73  0.02629 -1.77235e-06 | 74  0.02628  9.13364e-06 | 75  0.02628 -3.79160e-06
 76 -0.66849 -5.89107e-04 | 77 -0.73962  1.55135e-05 |
2 0 18671.8
B050895.7
0.3 0.524097
0.449226 0.423027
0.542956 0.378146
0.586619 0.360603
0.604389 0.353971
0.611247 0.351485
0.61384 0.350555
0.614814 0.350207
0.615178 0.350077
0.615314 0.350029
0.615365 0.350011
0.615384 0.350004
0.615391 0.350002
0.615394 0.350001
0.615395 0.35
0.615395 0.35
0.615395 0.35
0.615395 0.35
0.615395 0.35
0.615395 0.35
0.615395 0.35
FutMOrt0.46855
FutMOrt0.46855
FutMOrt0.46855
FutMOrt0.46855
FutMOrt0.46855
FutMOrt0.46855
FutMOrt0.46855
FutMOrt0.46855
FutMOrt0.46855
FutMOrt0.46855
Survey Bio31.2295
Survey len9320.91
CPUE66.9867
Catch5.10499
Catch len9223.88
initsmo_penal18.6523
F_pen1.65878
Rec_pen3.33023
M_pen0


Starting time: Fri Oct  5 17:34:49 2018
Finishing time: Fri Oct  5 17:34:55 2018
This run took: 0 hours, 0 minutes, 6 seconds.

