survYears 73 74 75 76 77 78 79 80 81 82 83 84 85 86 87 88 89 90 91 92 93 94 95 96 97 98 99 100
SurvLenYear 73 74 75 76 77 78 79 80 81 82 83 84 85 86 87 88 89 90 91 92 93 94 95 96 97 98 99 100
catchBiomass 8695.39 9144.04 6489.11 8975.87 14988.9 13751.4 13747 17931.8 26658.1 42101.3 59053.2 61492.3 94415.9 92205.8 103895 93408.6 81437.9 66800.9 82969.5 90466 85776 80342.2 91884.6 104468 114573 104170 102266 124175
steep0.999
25
Out
1 0 30584.7

Initial statistics: 73 variables; iteration 0; function evaluation 0; phase 1
Function value   3.0584724e+04; maximum gradient component mag  -1.2786e+05
Var   Value    Gradient   |Var   Value    Gradient   |Var   Value    Gradient
  1  0.25028  6.42024e+02 |  2  0.21627  4.31083e+02 |  3  0.22776  1.72016e+03
  4  0.19832  1.14034e+03 |  5  0.18466  9.68139e+02 |  6  0.19752  1.68197e+03
  7  0.16940  8.60317e+02 |  8  0.15607  7.27158e+02 |  9  0.13858  4.44705e+02
 10  0.13983  5.84822e+02 | 11  0.12624  4.38258e+02 | 12  0.10276  1.92571e+02
 13  0.09477  1.99172e+02 | 14  0.08863 -1.25174e+01 | 15  0.14178  7.78981e+02
 16 -0.02957 -8.84737e+03 | 17  0.00000 -8.28121e+03 | 18  0.00000 -3.67246e+03
 19  0.00000 -1.83924e+03 | 20  0.00000 -2.53154e+03 | 21  0.00000 -4.35649e+03
 22  0.00000 -2.95524e+03 | 23  0.00000 -4.91879e+02 | 24  0.00000  1.77940e+03
 25  0.00000  2.12414e+03 | 26  0.00000  2.45627e+03 | 27  0.00000  2.11207e+03
 28  0.00000  3.46939e+03 | 29  0.00000  1.79729e+03 | 30  0.00000  1.98812e+03
 31  0.00000  3.68477e+02 | 32  0.00000  2.27122e+02 | 33  0.00000  5.15450e+02
 34  0.00000  1.89669e+03 | 35  0.00000  1.64206e+03 | 36  0.00000  1.25966e+03
 37  0.00000  1.93290e+03 | 38  0.00000  3.24100e+03 | 39  0.00000  2.76680e+03
 40  0.00000  2.14973e+03 | 41  0.00000  5.39160e+02 | 42  0.00000 -7.13375e+01
 43  0.00000 -1.41544e+03 | 44  0.00000 -6.65088e+03 | 45  0.08902 -1.27856e+05
 46  0.00000  1.93763e+04 | 47  0.00000  1.46414e+04 | 48  0.00000  1.14942e+04
 49  0.00000  1.15069e+04 | 50  0.00000  9.20538e+03 | 51  0.00000  5.85495e+03
 52  0.00000  2.10403e+03 | 53  0.00000 -6.10787e+01 | 54  0.00000 -2.43279e+03
 55  0.00000 -3.80807e+03 | 56  0.00000 -4.95914e+03 | 57  0.00000 -5.90365e+03
 58  0.00000 -5.53674e+03 | 59  0.00000 -3.73623e+03 | 60  0.00000 -2.89695e+03
 61  0.00000 -3.35745e+03 | 62  0.00000 -4.05243e+03 | 63  0.00000 -4.64193e+03
 64  0.00000 -4.74543e+03 | 65  0.00000 -5.50430e+03 | 66  0.00000 -6.38996e+03
 67  0.00000 -6.67828e+03 | 68  0.00000 -6.38257e+03 | 69  0.00000 -5.43277e+03
 70  0.00000 -4.23158e+03 | 71  0.00000 -2.01760e+03 | 72  0.00000  2.43740e+03
 73  0.00000  6.14840e+03 |
1 0 30584.7
1 0 30584.5
1 0 30582.5
1 0 30562.6
1 0 30367.7
1 0 28885.2
1 0 26207.5
1 0 28761.3
1 0 25384.5
1 0 26057.8
1 0 25192
1 0 25375.3
1 0 25124.2
1 0 25074.3
1 0 25106.2
1 0 25055.7
1 0 25030.7
1 0 25021.7
1 0 25010.7

Intermediate statistics: 73 variables; iteration 10; function evaluation 19; phase 1
Function value   2.5011116e+04; maximum gradient component mag  -5.2836e+04
Var   Value    Gradient   |Var   Value    Gradient   |Var   Value    Gradient
  1  0.32244  1.62109e+03 |  2  0.27818  1.17239e+02 |  3  0.27705  5.65883e+02
  4  0.23467  2.38916e+02 |  5  0.21456  1.86746e+02 |  6  0.22089  4.79488e+02
  7  0.18997  1.85269e+02 |  8  0.16913  1.37750e+02 |  9  0.15220  7.74059e+01
 10  0.14571  1.27718e+02 | 11  0.13071  9.00446e+01 | 12  0.11104  1.94283e+01
 13  0.10071 -1.35277e+01 | 14  0.10689 -3.44655e+01 | 15  0.13841  1.98592e+02
 16  0.10056  3.69793e+03 | 17  0.01614 -4.46736e+03 | 18  0.01567 -2.49422e+03
 19 -0.02188 -2.78948e+03 | 20 -0.02893 -3.18303e+03 | 21 -0.01157 -3.19724e+03
 22 -0.01355 -3.00967e+03 | 23 -0.01235 -1.46966e+03 | 24 -0.00498  7.25327e+02
 25  0.00385  1.64185e+03 | 26  0.00706  1.71777e+03 | 27  0.00950  1.82032e+03
 28  0.01083  2.26583e+03 | 29  0.01115  8.80705e+02 | 30  0.00119  1.90896e+03
 31 -0.00318  8.46839e+02 | 32 -0.00420  1.04423e+02 | 33  0.00047  4.05430e+02
 34  0.00495  1.29856e+03 | 35  0.00924  1.71103e+03 | 36  0.00701  1.75009e+03
 37  0.00873  1.32248e+03 | 38  0.01506  2.49772e+03 | 39  0.01451  1.95675e+03
 40  0.01168  1.08227e+03 | 41  0.00732 -2.23677e+02 | 42  0.00429 -1.15016e+03
 43 -0.00827 -1.90301e+02 | 44 -0.05424 -4.85004e+03 | 45  0.12955 -5.28363e+04
 46 -0.02413  1.25390e+04 | 47 -0.03838  7.18630e+03 | 48 -0.03501  5.01334e+03
 49 -0.03404  5.13298e+03 | 50 -0.03222  4.50669e+03 | 51 -0.03498  1.67884e+03
 52 -0.02237  2.10516e+02 | 53 -0.01847 -1.17358e+03 | 54 -0.00604 -2.02305e+03
 55 -0.00049 -2.63815e+03 | 56 -0.00481 -2.98254e+03 | 57  0.02350 -2.53271e+03
 58  0.01251 -2.97436e+03 | 59 -0.00023 -2.64364e+03 | 60 -0.00439 -2.11121e+03
 61 -0.00232 -2.19017e+03 | 62 -0.00434 -2.50216e+03 | 63  0.01047 -2.77880e+03
 64  0.00265 -3.30751e+03 | 65 -0.00540 -3.36576e+03 | 66  0.01380 -3.49055e+03
 67  0.01094 -3.39386e+03 | 68  0.02373 -2.67976e+03 | 69  0.01614 -1.72906e+03
 70  0.02338 -7.75431e+01 | 71  0.04418  1.18278e+03 | 72  0.06412  2.52918e+03
 73  0.01895  2.21756e+03 |
1 0 24986.5
1 0 24976.7
1 0 24959.6
1 0 24994.5
1 0 24955.6
1 0 24950.2
1 0 24946
1 0 24943.2
1 0 24940.1
1 0 24938
1 0 24936.1
73 variables; iteration 20; function evaluation 30; phase 1
Function value   2.4937010e+04; maximum gradient component mag  -5.1310e+04
Var   Value    Gradient   |Var   Value    Gradient   |Var   Value    Gradient
  1  0.33467  8.11270e+02 |  2  0.31672  1.17964e+02 |  3  0.31433  4.90587e+02
  4  0.29397  4.59434e+02 |  5  0.27737  4.14336e+02 |  6  0.27351  5.72452e+02
  7  0.24562  3.13509e+02 |  8  0.22192  2.25551e+02 |  9  0.19555  9.26205e+01
 10  0.18240  1.28093e+02 | 11  0.16181  7.38754e+01 | 12  0.13997 -9.97260e+00
 13  0.13523  2.49409e+01 | 14  0.13543 -5.94390e+01 | 15  0.16761  1.88090e+02
 16  0.10806  5.41050e+03 | 17  0.02746 -1.87109e+03 | 18  0.00642 -3.07141e+03
 19 -0.02387 -2.85922e+03 | 20 -0.03263 -3.60858e+03 | 21 -0.01369 -3.51262e+03
 22 -0.01169 -2.80610e+03 | 23 -0.01459 -1.76626e+03 | 24 -0.00904  2.68724e+02
 25  0.00107  9.71763e+02 | 26  0.00634  1.31348e+03 | 27  0.01046  1.59288e+03
 28  0.01053  1.89351e+03 | 29  0.01025  9.33805e+02 | 30  0.00574  3.34686e+03
 31 -0.00410  1.26474e+03 | 32 -0.00680 -6.06849e+02 | 33 -0.00123 -1.47972e+02
 34  0.00396  7.37988e+02 | 35  0.00890  1.43735e+03 | 36  0.00714  1.18161e+03
 37  0.00948  9.61282e+02 | 38  0.01643  2.45596e+03 | 39  0.01821  1.89929e+03
 40  0.01179  9.77406e+02 | 41  0.00773 -7.03335e+02 | 42  0.00690 -4.41200e+02
 43 -0.01088 -1.24731e+03 | 44 -0.04880 -4.51065e+03 | 45  0.13166 -5.13100e+04
 46 -0.03173  1.13890e+04 | 47 -0.04304  6.12788e+03 | 48 -0.03761  4.70855e+03
 49 -0.03396  5.41649e+03 | 50 -0.03339  4.28400e+03 | 51 -0.03630  1.60012e+03
 52 -0.02802 -4.49776e+02 | 53 -0.02042 -1.11672e+03 | 54 -0.00615 -1.61852e+03
 55 -0.00083 -2.17334e+03 | 56  0.00391 -2.17515e+03 | 57  0.01884 -2.19816e+03
 58  0.01604 -3.55659e+03 | 59 -0.00613 -3.37439e+03 | 60 -0.00595 -2.31062e+03
 61 -0.00352 -2.01999e+03 | 62 -0.00268 -2.00590e+03 | 63  0.01049 -2.21047e+03
 64  0.00334 -2.66617e+03 | 65  0.00266 -2.50897e+03 | 66  0.00828 -2.92907e+03
 67  0.02001 -2.61864e+03 | 68  0.02265 -2.12306e+03 | 69  0.02015 -9.65634e+02
 70  0.02241 -2.30081e+02 | 71  0.03897  9.28588e+02 | 72  0.05889  2.38892e+03
 73  0.04320  2.40040e+03 |
1 0 24933.7
1 0 24932.8
1 0 24931.5
1 0 24930.4
1 0 24928.8
1 0 24927.5
1 0 24927
1 0 24926.6
1 0 24926.1
1 0 24926.4
1 0 24925.9
73 variables; iteration 30; function evaluation 41; phase 1
Function value   2.4926714e+04; maximum gradient component mag  -5.1614e+04
Var   Value    Gradient   |Var   Value    Gradient   |Var   Value    Gradient
  1  0.33884  5.59448e+02 |  2  0.32588  1.44319e+02 |  3  0.31857  4.97717e+02
  4  0.28519  3.03300e+02 |  5  0.26796  2.72787e+02 |  6  0.26994  4.77691e+02
  7  0.24941  2.88850e+02 |  8  0.23691  2.68975e+02 |  9  0.22317  2.05448e+02
 10  0.21231  1.97665e+02 | 11  0.19543  1.33565e+02 | 12  0.17754  6.41006e+01
 13  0.16842  4.01679e+01 | 14  0.17096  2.11196e+01 | 15  0.19344  2.06531e+02
 16  0.10952  5.87760e+03 | 17  0.02989 -8.00985e+02 | 18  0.00722 -2.79502e+03
 19 -0.02571 -3.08251e+03 | 20 -0.03344 -3.67710e+03 | 21 -0.01254 -3.28191e+03
 22 -0.01279 -2.90399e+03 | 23 -0.01382 -1.58466e+03 | 24 -0.00944  7.07755e+01
 25 -0.00027  7.65588e+02 | 26  0.00566  1.14129e+03 | 27  0.01091  1.68797e+03
 28  0.01054  1.78887e+03 | 29  0.01056  9.25839e+02 | 30  0.00503  3.24711e+03
 31 -0.00284  1.33936e+03 | 32 -0.00736 -5.53183e+02 | 33 -0.00148 -2.40470e+02
 34  0.00388  5.50626e+02 | 35  0.00988  1.83022e+03 | 36  0.00617  7.37865e+02
 37  0.00902  8.25613e+02 | 38  0.01589  2.36255e+03 | 39  0.01739  1.77638e+03
 40  0.01230  9.13360e+02 | 41  0.00846 -4.89912e+02 | 42  0.00650 -5.74525e+02
 43 -0.00988 -1.10748e+03 | 44 -0.04804 -4.68371e+03 | 45  0.13116 -5.16142e+04
 46 -0.03161  1.10555e+04 | 47 -0.04292  6.10779e+03 | 48 -0.03776  4.52176e+03
 49 -0.03415  5.18965e+03 | 50 -0.03352  4.18959e+03 | 51 -0.03709  1.35564e+03
 52 -0.02587 -1.86219e+02 | 53 -0.02057 -1.07491e+03 | 54 -0.00600 -1.49174e+03
 55  0.00059 -2.06255e+03 | 56  0.00315 -2.14636e+03 | 57  0.02136 -2.02181e+03
 58  0.01382 -3.57407e+03 | 59 -0.00112 -3.34099e+03 | 60 -0.00808 -2.42853e+03
 61 -0.00329 -2.04074e+03 | 62 -0.00079 -1.79484e+03 | 63  0.01041 -2.32305e+03
 64  0.00484 -2.51081e+03 | 65  0.00254 -2.35400e+03 | 66  0.01133 -2.69523e+03
 67  0.01849 -2.51614e+03 | 68  0.02456 -1.92583e+03 | 69  0.02065 -1.00568e+03
 70  0.02251 -2.59612e+02 | 71  0.03866  8.24595e+02 | 72  0.05671  2.29103e+03
 73  0.03347  2.37818e+03 |
1 0 24925.6
1 0 24925.3
1 0 24925
1 0 24925.1
1 0 24924.9
1 0 24924.7
1 0 24924.6
1 0 24924.5
1 0 24924.3
1 0 24924.3
1 0 24924.3
73 variables; iteration 40; function evaluation 52; phase 1
Function value   2.4925104e+04; maximum gradient component mag  -5.1525e+04
Var   Value    Gradient   |Var   Value    Gradient   |Var   Value    Gradient
  1  0.33926  5.53250e+02 |  2  0.32318  1.14995e+02 |  3  0.31877  4.99043e+02
  4  0.28693  3.13114e+02 |  5  0.27140  3.08404e+02 |  6  0.27026  4.79005e+02
  7  0.24637  2.69766e+02 |  8  0.22992  2.24128e+02 |  9  0.21461  1.49386e+02
 10  0.20853  1.75463e+02 | 11  0.19880  1.44179e+02 | 12  0.18751  9.46388e+01
 13  0.18217  9.00246e+01 | 14  0.18107  3.83274e+01 | 15  0.20105  2.22640e+02
 16  0.10960  5.86981e+03 | 17  0.03002 -7.51990e+02 | 18  0.00731 -2.76590e+03
 19 -0.02573 -3.08247e+03 | 20 -0.03311 -3.64382e+03 | 21 -0.01297 -3.33040e+03
 22 -0.01230 -2.82850e+03 | 23 -0.01406 -1.61279e+03 | 24 -0.00966  1.78471e+01
 25 -0.00047  7.77075e+02 | 26  0.00549  1.14173e+03 | 27  0.01078  1.71482e+03
 28  0.01067  1.79678e+03 | 29  0.01042  8.96854e+02 | 30  0.00515  3.25462e+03
 31 -0.00232  1.31873e+03 | 32 -0.00751 -5.47382e+02 | 33 -0.00170 -3.11600e+02
 34  0.00381  5.75606e+02 | 35  0.01018  1.84196e+03 | 36  0.00626  7.51288e+02
 37  0.00891  8.45147e+02 | 38  0.01567  2.32388e+03 | 39  0.01758  1.83707e+03
 40  0.01271  9.04081e+02 | 41  0.00827 -5.11048e+02 | 42  0.00653 -5.53937e+02
 43 -0.00994 -1.11366e+03 | 44 -0.04821 -4.68700e+03 | 45  0.13130 -5.15252e+04
 46 -0.03176  1.10156e+04 | 47 -0.04312  6.07494e+03 | 48 -0.03799  4.49584e+03
 49 -0.03421  5.21447e+03 | 50 -0.03351  4.17729e+03 | 51 -0.03736  1.33744e+03
 52 -0.02548 -9.75315e+01 | 53 -0.02101 -1.10219e+03 | 54 -0.00601 -1.50535e+03
 55 -0.00018 -2.13939e+03 | 56  0.00321 -2.16379e+03 | 57  0.02129 -2.01972e+03
 58  0.01312 -3.56344e+03 | 59  0.00057 -3.27366e+03 | 60 -0.00889 -2.41601e+03
 61 -0.00286 -1.97792e+03 | 62 -0.00160 -1.82735e+03 | 63  0.01071 -2.28701e+03
 64  0.00516 -2.48423e+03 | 65  0.00177 -2.40027e+03 | 66  0.01189 -2.67789e+03
 67  0.01730 -2.55522e+03 | 68  0.02539 -1.87632e+03 | 69  0.02042 -9.94466e+02
 70  0.02227 -2.74753e+02 | 71  0.03884  8.54626e+02 | 72  0.05644  2.25594e+03
 73  0.03592  2.39025e+03 |
1 0 24924.2
1 0 24924
1 0 24923
1 0 24924.5
1 0 24922.7
1 0 24922.1
1 0 24921.4
1 0 24920.1
1 0 24918.1
1 0 24914.6
1 0 24908.6
1 0 24902.2
73 variables; iteration 50; function evaluation 64; phase 1
Function value   2.4903077e+04; maximum gradient component mag  -5.1136e+04
Var   Value    Gradient   |Var   Value    Gradient   |Var   Value    Gradient
  1  0.34164  7.55048e+02 |  2  0.32646  1.72957e+02 |  3  0.31211  4.14227e+02
  4  0.28539  3.25576e+02 |  5  0.26780  2.89061e+02 |  6  0.26397  4.11290e+02
  7  0.24524  2.66610e+02 |  8  0.23384  2.75428e+02 |  9  0.21390  1.60235e+02
 10  0.19952  1.53541e+02 | 11  0.17977  6.27468e+01 | 12  0.16991 -1.02311e+01
 13  0.18838  1.44592e+02 | 14  0.19879  1.11859e+02 | 15  0.22333  3.39337e+02
 16  0.10983  5.71569e+03 | 17  0.02993 -1.26568e+03 | 18  0.00818 -2.58787e+03
 19 -0.02605 -3.07190e+03 | 20 -0.03159 -3.47441e+03 | 21 -0.01370 -3.40208e+03
 22 -0.01230 -2.84025e+03 | 23 -0.01426 -1.62201e+03 | 24 -0.00987 -1.29392e+01
 25 -0.00157  5.06646e+02 | 26  0.00708  1.75044e+03 | 27  0.01019  1.57857e+03
 28  0.00828  1.28908e+03 | 29  0.01082  1.15263e+03 | 30  0.00648  3.34825e+03
 31 -0.00220  1.29816e+03 | 32 -0.00812 -6.18466e+02 | 33 -0.00161 -2.46471e+02
 34  0.00286  1.23326e+02 | 35  0.00941  1.88298e+03 | 36  0.00614  8.39889e+02
 37  0.01033  1.41695e+03 | 38  0.01638  2.44631e+03 | 39  0.01675  1.54814e+03
 40  0.01169  7.35281e+02 | 41  0.00919 -9.09858e+01 | 42  0.00567 -7.44821e+02
 43 -0.01017 -1.20448e+03 | 44 -0.04611 -4.43872e+03 | 45  0.13138 -5.11355e+04
 46 -0.03173  1.08527e+04 | 47 -0.04416  5.75214e+03 | 48 -0.03789  4.50522e+03
 49 -0.03408  5.32015e+03 | 50 -0.03325  4.24410e+03 | 51 -0.03738  1.34541e+03
 52 -0.02492  3.39678e+01 | 53 -0.02047 -9.00841e+02 | 54 -0.00669 -1.72808e+03
 55 -0.00048 -2.32135e+03 | 56  0.00442 -1.94877e+03 | 57  0.01986 -1.92037e+03
 58  0.01520 -3.41514e+03 | 59  0.00141 -3.17605e+03 | 60 -0.00955 -2.40643e+03
 61 -0.00364 -1.99654e+03 | 62  0.00203 -1.31679e+03 | 63  0.01024 -2.08912e+03
 64  0.00480 -2.51125e+03 | 65  0.00028 -2.76860e+03 | 66  0.01047 -3.08067e+03
 67  0.01828 -2.58149e+03 | 68  0.02532 -1.68556e+03 | 69  0.01969 -1.19725e+03
 70  0.02230 -2.93341e+02 | 71  0.03798  9.00339e+02 | 72  0.05469  2.18791e+03
 73  0.03761  2.39185e+03 |
1 0 24890.4
1 0 24868.7
1 0 24834.4
1 0 24775.6
1 0 24674.4
1 0 24525.3
1 0 24278.6
1 0 24341.9
1 0 24155.5
1 0 24037.2
1 0 24451.8
1 0 24013.4
73 variables; iteration 60; function evaluation 76; phase 1
Function value   2.4013412e+04; maximum gradient component mag  -1.4801e+04
Var   Value    Gradient   |Var   Value    Gradient   |Var   Value    Gradient
  1  0.27909  2.56559e+02 |  2  0.26697  2.78327e+02 |  3  0.26452  8.41438e+02
  4  0.18826 -1.90761e+02 |  5  0.23898  1.05368e+03 |  6  0.18065  2.55703e+01
  7  0.19381  3.76998e+02 |  8  0.20200  6.35350e+02 |  9  0.15561  3.93996e+01
 10  0.15407  1.89607e+02 | 11  0.14976  2.36941e+02 | 12  0.12446 -9.21945e+01
 13  0.15907  4.44979e+02 | 14  0.12261 -1.85602e+02 | 15  0.17542  4.92037e+02
 16  0.10899 -3.56151e+02 | 17  0.00292 -7.26617e+03 | 18 -0.00144 -9.70464e+02
 19 -0.01664 -5.41837e+02 | 20 -0.01182 -7.34620e+01 | 21 -0.00313 -2.64571e+02
 22 -0.00529 -5.58207e+02 | 23 -0.00659 -7.77588e+01 | 24 -0.00722  5.52838e+02
 25 -0.00278  8.43424e+02 | 26 -0.00352 -1.34255e+02 | 27  0.00256  7.61646e+02
 28  0.00066  5.56728e+02 | 29  0.00264  4.37596e+02 | 30  0.00233  1.27877e+03
 31 -0.00140  4.60728e+02 | 32  0.00126 -2.63326e+02 | 33  0.00377  1.22483e+02
 34  0.00272  2.09340e+02 | 35  0.00417  6.91229e+02 | 36  0.00499  6.28058e+02
 37  0.01296  9.10153e+02 | 38  0.00890  1.46861e+03 | 39  0.00832  4.03509e+02
 40  0.00496  4.35673e+02 | 41  0.01238  5.58118e+02 | 42  0.00857 -4.06030e+00
 43 -0.00290 -2.75660e+02 | 44 -0.02344 -1.32009e+03 | 45  0.13713 -1.48014e+04
 46 -0.04876  5.83228e+03 | 47 -0.05281  2.22551e+03 | 48 -0.04088  1.74009e+03
 49 -0.03801  2.55993e+03 | 50 -0.04003  1.24857e+03 | 51 -0.03586  4.36682e+02
 52 -0.02179 -1.74309e+02 | 53 -0.01742 -1.11358e+03 | 54 -0.00003  2.31528e+01
 55 -0.00025 -1.36135e+03 | 56  0.01435  8.78952e+01 | 57  0.01436 -1.43533e+03
 58  0.02032 -1.00542e+03 | 59  0.00200 -2.02564e+03 | 60  0.01176  3.71929e+02
 61  0.00756 -3.74599e+02 | 62  0.00936 -1.76864e+02 | 63  0.01293 -7.99550e+02
 64  0.00215 -2.23840e+03 | 65  0.01964 -1.64703e+01 | 66  0.01397 -1.67348e+03
 67  0.02529 -3.74245e+02 | 68  0.01879 -1.62535e+03 | 69  0.02458 -7.44281e+02
 70  0.02286 -4.76542e+02 | 71  0.03065  2.13312e+02 | 72  0.04312  8.98865e+02
 73  0.00283  5.03090e+02 |
1 0 24026.7
1 0 24004.1
1 0 23994.4
1 0 24043.9
1 0 23993
1 0 23990.9
1 0 24007.3
1 0 23990.7
1 0 23990.4
1 0 23992.1
1 0 23990.4
1 0 23990.3
1 0 23990
1 0 23989.8
1 0 23989.3
1 0 23985
73 variables; iteration 70; function evaluation 92; phase 1
Function value   2.3985035e+04; maximum gradient component mag  -1.3405e+04
Var   Value    Gradient   |Var   Value    Gradient   |Var   Value    Gradient
  1  0.27563  1.38108e+02 |  2  0.25628  1.52152e+02 |  3  0.25306  7.25542e+02
  4  0.17833 -1.83517e+02 |  5  0.21918  7.36196e+02 |  6  0.19126  3.03865e+02
  7  0.17535  1.49078e+02 |  8  0.19767  6.37627e+02 |  9  0.16580  1.46521e+02
 10  0.16683  3.32639e+02 | 11  0.14654  1.96741e+02 | 12  0.11958 -1.40592e+02
 13  0.16720  6.29433e+02 | 14  0.10755 -3.23018e+02 | 15  0.17275  5.44193e+02
 16  0.10814 -3.05862e+02 | 17  0.00123 -6.48369e+03 | 18 -0.00135 -8.46966e+02
 19 -0.01580 -4.55538e+02 | 20 -0.01103  1.59351e+01 | 21 -0.00303 -2.64075e+02
 22 -0.00485 -5.08860e+02 | 23 -0.00591 -3.96177e+01 | 24 -0.00661  5.65633e+02
 25 -0.00218  8.21463e+02 | 26 -0.00400 -1.91523e+02 | 27  0.00271  7.13633e+02
 28  0.00072  4.95084e+02 | 29  0.00222  3.08897e+02 | 30  0.00174  1.21691e+03
 31 -0.00072  3.97265e+02 | 32  0.00139 -3.14563e+02 | 33  0.00383  1.09560e+02
 34  0.00378  2.63435e+02 | 35  0.00457  6.19900e+02 | 36  0.00509  5.87676e+02
 37  0.01294  8.11978e+02 | 38  0.00885  1.38061e+03 | 39  0.00865  4.19904e+02
 40  0.00531  3.91901e+02 | 41  0.01190  4.51597e+02 | 42  0.00794 -1.15096e+02
 43 -0.00378 -3.64654e+02 | 44 -0.02535 -1.20225e+03 | 45  0.14055 -1.34047e+04
 46 -0.05172  5.67557e+03 | 47 -0.05538  2.11258e+03 | 48 -0.04350  1.60129e+03
 49 -0.04082  2.41762e+03 | 50 -0.04275  1.11792e+03 | 51 -0.03813  4.03095e+02
 52 -0.02433 -2.29991e+02 | 53 -0.01792 -8.68283e+02 | 54 -0.00344 -1.47349e+02
 55 -0.00235 -1.33481e+03 | 56  0.01240  1.89540e+02 | 57  0.01244 -1.34780e+03
 58  0.01621 -1.25413e+03 | 59  0.00163 -1.82610e+03 | 60  0.00944  3.98185e+02
 61  0.00443 -5.15867e+02 | 62  0.00791 -5.67656e+01 | 63  0.01126 -6.67335e+02
 64 -0.00017 -2.23779e+03 | 65  0.01751  7.07578e+01 | 66  0.01204 -1.58588e+03
 67  0.02272 -3.90942e+02 | 68  0.01737 -1.50879e+03 | 69  0.02186 -7.73262e+02
 70  0.02015 -5.18347e+02 | 71  0.02870  2.18325e+02 | 72  0.04582  8.76492e+02
 73  0.05939  7.52821e+02 |
1 0 23976.8
1 0 23960.7
1 0 23839.4
1 0 23999.3
1 0 23794.1
1 0 26564.5
1 0 23793.3
1 0 23793.9
1 0 23793
1 0 23792.4
1 0 23786.3
1 0 23736.5
1 0 23664.7
1 0 23649.7
1 0 23641.6
1 0 23635.7
73 variables; iteration 80; function evaluation 108; phase 1
Function value   2.3635749e+04; maximum gradient component mag   7.1197e+02
Var   Value    Gradient   |Var   Value    Gradient   |Var   Value    Gradient
  1  0.27154 -3.46293e+02 |  2  0.23339 -1.22703e+02 |  3  0.17404 -5.45879e+01
  4  0.13602 -5.42183e+00 |  5  0.11083  5.30779e+00 |  6  0.09440  6.51632e+00
  7  0.08471  1.50100e+01 |  8  0.07810  2.66569e+01 |  9  0.07027  2.16037e+01
 10  0.06181  1.45959e+01 | 11  0.05390  2.47142e+00 | 12  0.04945  8.66263e+00
 13  0.04621  2.94827e+00 | 14  0.04566  1.13562e+01 | 15  0.04525  1.04655e+01
 16  0.11418  2.69581e+00 | 17 -0.01174  4.67616e+02 | 18 -0.00820  2.20557e+01
 19 -0.01700 -6.83984e+01 | 20 -0.01405 -9.04743e+01 | 21 -0.00617  1.29498e+02
 22 -0.00389  6.02521e+01 | 23 -0.00561  1.51264e+01 | 24 -0.00978 -3.31992e+01
 25 -0.00607 -3.65130e+01 | 26 -0.00371 -1.11245e+01 | 27  0.00096 -5.73295e+01
 28 -0.00357 -9.40766e+01 | 29  0.00362  2.35877e+01 | 30 -0.00053 -7.98946e+01
 31  0.00265 -4.39515e+01 | 32  0.00278  1.00876e+02 | 33  0.00554 -1.06876e+01
 34  0.00332  6.53436e+01 | 35  0.00459 -3.79593e+01 | 36  0.00732 -5.47785e+01
 37  0.00716 -1.09959e+02 | 38  0.00273 -6.25429e+01 | 39  0.00734  1.79706e+02
 40  0.00798 -4.77438e+01 | 41  0.01233 -2.64946e+01 | 42  0.01148 -1.58035e+00
 43  0.00564 -9.43661e+00 | 44  0.00494 -1.18773e+02 | 45  0.14155  7.11973e+02
 46 -0.07248  1.17385e+02 | 47 -0.06125 -1.39599e+02 | 48 -0.04733 -2.56408e+01
 49 -0.04953 -1.08493e+02 | 50 -0.04421 -5.41578e+01 | 51 -0.03699 -8.63144e+00
 52 -0.02229 -1.79804e+01 | 53 -0.01341 -4.54149e+01 | 54 -0.00168  5.33302e+01
 55  0.00593  1.45997e+01 | 56  0.01102  8.11760e+01 | 57  0.01972 -8.85441e+01
 58  0.02097  1.96531e+02 | 59  0.01492  2.58686e+01 | 60  0.00861 -2.54242e+02
 61  0.01076  1.28686e+02 | 62  0.00874 -2.06819e+02 | 63  0.01543  1.68843e+02
 64  0.01617  1.32389e+02 | 65  0.01623  1.67515e+02 | 66  0.01843 -1.37894e+02
 67  0.02176 -3.42218e+02 | 68  0.02873  4.07757e+02 | 69  0.02633 -3.30586e+01
 70  0.02416 -3.50547e+01 | 71  0.02501 -5.81022e+00 | 72  0.02787  8.17073e+00
 73  0.02799 -3.53239e+01 |
1 0 23632.9
1 0 23632.1
1 0 23631.1
1 0 23630.6
1 0 23630.3
1 0 23630.2
1 0 23630.1
1 0 23630.1
1 0 23630.1
1 0 23630
73 variables; iteration 90; function evaluation 118; phase 1
Function value   2.3630037e+04; maximum gradient component mag  -4.5193e+01
Var   Value    Gradient   |Var   Value    Gradient   |Var   Value    Gradient
  1  0.27546  1.19351e+01 |  2  0.23830  4.26183e+00 |  3  0.18036  2.67761e+00
  4  0.13428  1.38410e+00 |  5  0.10058 -1.92357e-01 |  6  0.07586  9.25167e-02
  7  0.05714 -5.41101e-01 |  8  0.04278 -1.44581e+00 |  9  0.03200  2.48826e-01
 10  0.02364 -1.92441e-01 | 11  0.01743  5.30080e-01 | 12  0.01289 -1.17355e-01
 13  0.01005  1.89813e+00 | 14  0.00820  1.49905e+00 | 15  0.00743  2.38481e+00
 16  0.11542 -1.28051e+01 | 17 -0.01363 -4.51925e+01 | 18 -0.00823 -5.43610e+00
 19 -0.01687  7.85998e-01 | 20 -0.01382  7.29402e+00 | 21 -0.00697  9.58085e-01
 22 -0.00459  2.86795e-01 | 23 -0.00610  2.26246e+00 | 24 -0.00986  2.16004e+00
 25 -0.00607  2.66533e+00 | 26 -0.00401  1.19059e+00 | 27  0.00095  1.18958e+00
 28 -0.00337  1.35729e+00 | 29  0.00335  3.34257e+00 | 30 -0.00089  3.01740e+00
 31  0.00241  1.65012e-02 | 32  0.00247  1.01304e+00 | 33  0.00489 -2.33056e-01
 34  0.00286  2.74582e+00 | 35  0.00390  4.19162e-01 | 36  0.00688  1.55044e+00
 37  0.00721  1.73139e+00 | 38  0.00325  3.78040e+00 | 39  0.00642  2.99254e+00
 40  0.00673 -2.74334e-01 | 41  0.01214  1.84787e+00 | 42  0.01135 -7.65242e-01
 43  0.00654 -1.37824e+00 | 44  0.01306  1.29918e+01 | 45  0.14095  2.66492e+01
 46 -0.07287  2.14393e+01 | 47 -0.06023 -4.00200e+00 | 48 -0.04686 -4.93578e+00
 49 -0.04895 -3.42681e+00 | 50 -0.04387 -3.65155e-01 | 51 -0.03678 -3.71851e-01
 52 -0.02190 -1.10087e+00 | 53 -0.01281  1.27976e-01 | 54 -0.00158  4.07373e+00
 55  0.00630 -4.80875e+00 | 56  0.01112  1.32256e-01 | 57  0.02051 -3.69767e+00
 58  0.02053  6.71280e-01 | 59  0.01518  4.93548e+00 | 60  0.01008  1.24178e+00
 61  0.01029  1.93048e+00 | 62  0.00997 -5.25943e+00 | 63  0.01491  1.61190e+00
 64  0.01594 -2.56376e+00 | 65  0.01593 -2.18153e+00 | 66  0.01961 -6.15885e+00
 67  0.02352  2.02253e-01 | 68  0.02694  6.43721e+00 | 69  0.02684 -4.09241e+00
 70  0.02457  2.95482e+00 | 71  0.02459  2.85312e+00 | 72  0.02437 -2.27208e+00
 73  0.02431 -1.59058e+00 |
1 0 23630
1 0 23630
1 0 23630
1 0 23630
1 0 23630
1 0 23630
1 0 23630
1 0 23630
1 0 23630
1 0 23630
73 variables; iteration 100; function evaluation 128; phase 1
Function value   2.3630006e+04; maximum gradient component mag   1.4560e+00
Var   Value    Gradient   |Var   Value    Gradient   |Var   Value    Gradient
  1  0.27587 -4.62720e-02 |  2  0.23905 -7.18436e-02 |  3  0.18089 -1.42401e-01
  4  0.13482 -6.43976e-02 |  5  0.10126 -1.28838e-01 |  6  0.07653  1.35061e-02
  7  0.05774 -7.94677e-03 |  8  0.04311 -4.15340e-02 |  9  0.03157  7.73317e-02
 10  0.02242  1.18779e-01 | 11  0.01521  5.44157e-02 | 12  0.00969  3.68926e-02
 13  0.00566 -2.56095e-02 | 14  0.00302 -7.25887e-02 | 15  0.00171 -1.13742e-01
 16  0.11542 -1.43295e-01 | 17 -0.01299  1.58861e-01 | 18 -0.00818 -6.12821e-01
 19 -0.01683 -6.86640e-02 | 20 -0.01383  2.73384e-01 | 21 -0.00696 -4.79357e-01
 22 -0.00458  1.46587e-01 | 23 -0.00611 -6.36961e-02 | 24 -0.00987 -9.51119e-03
 25 -0.00608  5.51319e-02 | 26 -0.00401  2.28134e-02 | 27  0.00097  1.45631e-01
 28 -0.00337  7.31055e-02 | 29  0.00335  5.75468e-02 | 30 -0.00090 -2.79422e-01
 31  0.00240  3.24199e-01 | 32  0.00247 -1.60648e-02 | 33  0.00490  1.33220e-02
 34  0.00287 -6.25882e-02 | 35  0.00391  5.88981e-02 | 36  0.00689  2.06993e-02
 37  0.00722  3.73930e-02 | 38  0.00325 -6.67005e-02 | 39  0.00641  5.19392e-03
 40  0.00672  1.23644e-01 | 41  0.01215 -9.31525e-03 | 42  0.01135  5.63387e-02
 43  0.00647  5.70749e-02 | 44  0.01237 -1.02109e-01 | 45  0.14098  5.58037e-01
 46 -0.07298  1.45602e+00 | 47 -0.06022 -1.27070e-01 | 48 -0.04688 -2.93050e-01
 49 -0.04896  1.28419e-01 | 50 -0.04389  2.44902e-02 | 51 -0.03680 -6.49893e-02
 52 -0.02192 -7.97538e-03 | 53 -0.01284 -1.91285e-01 | 54 -0.00163 -1.55291e-01
 55  0.00630  3.49238e-02 | 56  0.01109 -1.79364e-01 | 57  0.02050  2.34813e-02
 58  0.02050 -1.76967e-01 | 59  0.01513  3.75863e-02 | 60  0.01005 -1.95019e-01
 61  0.01026 -1.29345e-01 | 62  0.00997  1.23779e-01 | 63  0.01487 -8.98272e-02
 64  0.01593 -9.86670e-02 | 65  0.01592  2.08142e-01 | 66  0.01961  1.66047e-01
 67  0.02348 -4.39520e-03 | 68  0.02689 -4.71547e-01 | 69  0.02684  1.04423e-01
 70  0.02454 -1.50396e-02 | 71  0.02461 -1.14135e-02 | 72  0.02464 -7.93782e-02
 73  0.02464 -8.03867e-03 |
1 0 23630
1 0 23630
1 0 23630

 - final statistics:
73 variables; iteration 103; function evaluation 131
Function value   2.3630e+04; maximum gradient component mag   8.3653e-02
Exit code = 1;  converg criter   1.0000e-01
Var   Value    Gradient   |Var   Value    Gradient   |Var   Value    Gradient
  1  0.27588  1.14488e-02 |  2  0.23906  6.76499e-03 |  3  0.18092  4.32433e-03
  4  0.13485 -1.28016e-03 |  5  0.10130 -2.92009e-03 |  6  0.07655 -5.53011e-03
  7  0.05774 -7.14985e-04 |  8  0.04310  1.12531e-02 |  9  0.03153  1.22249e-04
 10  0.02237  4.56537e-03 | 11  0.01518  2.09440e-03 | 12  0.00970 -6.06510e-03
 13  0.00572 -1.47514e-02 | 14  0.00313  3.96263e-03 | 15  0.00185  8.40020e-03
 16  0.11542 -1.51101e-03 | 17 -0.01299 -1.74806e-02 | 18 -0.00819  2.19851e-03
 19 -0.01683 -2.72955e-02 | 20 -0.01383  1.79046e-02 | 21 -0.00696  8.36535e-02
 22 -0.00458 -6.26063e-02 | 23 -0.00611  1.22198e-02 | 24 -0.00987  5.71873e-03
 25 -0.00608 -6.51914e-04 | 26 -0.00401  4.87468e-03 | 27  0.00097 -1.04828e-02
 28 -0.00337  1.33367e-03 | 29  0.00335 -6.58327e-03 | 30 -0.00090  1.76843e-02
 31  0.00240 -2.73867e-02 | 32  0.00247 -2.53838e-03 | 33  0.00489 -6.26874e-03
 34  0.00287  4.06174e-03 | 35  0.00391  1.28380e-04 | 36  0.00689 -8.13422e-03
 37  0.00721 -4.54567e-03 | 38  0.00325  8.64787e-03 | 39  0.00641  5.16335e-03
 40  0.00672 -9.37835e-03 | 41  0.01215  1.16453e-03 | 42  0.01135 -2.59600e-03
 43  0.00647 -2.99156e-02 | 44  0.01238  6.09929e-02 | 45  0.14098  6.30444e-02
 46 -0.07299 -3.38803e-02 | 47 -0.06022  3.52955e-02 | 48 -0.04687  1.13016e-02
 49 -0.04896 -2.97667e-02 | 50 -0.04389  1.96142e-03 | 51 -0.03680  6.65586e-03
 52 -0.02192 -1.18957e-02 | 53 -0.01283  3.33048e-02 | 54 -0.00163  3.22528e-03
 55  0.00630  9.25797e-03 | 56  0.01110  1.47684e-02 | 57  0.02050 -1.83639e-02
 58  0.02050  1.20596e-02 | 59  0.01513 -7.18887e-04 | 60  0.01005  2.66616e-03
 61  0.01026  8.24160e-03 | 62  0.00997 -2.08971e-02 | 63  0.01487 -9.40762e-03
 64  0.01593  1.88454e-02 | 65  0.01592 -2.46538e-02 | 66  0.01961 -2.07958e-02
 67  0.02349 -1.37439e-02 | 68  0.02689  1.84250e-02 | 69  0.02684 -1.26015e-02
 70  0.02454 -6.08149e-03 | 71  0.02461  3.45347e-02 | 72  0.02463  6.34284e-05
 73  0.02463 -5.52995e-04 |
1 0 23630
B0234224
0.3 0.295489
0.253276 0.33494
0.242378 0.345639
0.239358 0.34872
0.238482 0.349623
0.238225 0.349889
0.238149 0.349967
0.238127 0.34999
0.23812 0.349997
0.238119 0.349999
0.238118 0.35
0.238118 0.35
0.238118 0.35
0.238118 0.35
0.238118 0.35
0.238118 0.35
0.238118 0.35
0.238118 0.35
0.238118 0.35
0.238118 0.35
0.238118 0.35
2 0 23630

Initial statistics: 77 variables; iteration 0; function evaluation 0; phase 2
Function value   2.3630006e+04; maximum gradient component mag   3.1607e+03
Var   Value    Gradient   |Var   Value    Gradient   |Var   Value    Gradient
  1 -0.80711 -1.26591e+02 |  2 -0.69942 -3.64006e+02 |  3  0.27588  1.14488e-02
  4  0.23906  6.76499e-03 |  5  0.18092  4.32433e-03 |  6  0.13485 -1.28016e-03
  7  0.10130 -2.92009e-03 |  8  0.07655 -5.53011e-03 |  9  0.05774 -7.14985e-04
 10  0.04310  1.12531e-02 | 11  0.03153  1.22249e-04 | 12  0.02237  4.56537e-03
 13  0.01518  2.09440e-03 | 14  0.00970 -6.06510e-03 | 15  0.00572 -1.47514e-02
 16  0.00313  3.96263e-03 | 17  0.00185  8.40020e-03 | 18  0.11542 -1.51101e-03
 19 -0.01299 -1.78336e-02 | 20 -0.00819  1.84543e-03 | 21 -0.01683 -2.76484e-02
 22 -0.01383  1.75516e-02 | 23 -0.00696  8.33004e-02 | 24 -0.00458 -6.29594e-02
 25 -0.00611  1.18667e-02 | 26 -0.00987  5.36567e-03 | 27 -0.00608 -1.00500e-03
 28 -0.00401  4.52158e-03 | 29  0.00097 -1.08359e-02 | 30 -0.00337  9.80571e-04
 31  0.00335 -6.93637e-03 | 32 -0.00090  1.73312e-02 | 33  0.00240 -2.77398e-02
 34  0.00247 -2.89148e-03 | 35  0.00489 -6.62184e-03 | 36  0.00287  3.70864e-03
 37  0.00391 -2.24719e-04 | 38  0.00689 -8.48730e-03 | 39  0.00721 -4.89875e-03
 40  0.00325  8.29477e-03 | 41  0.00641  4.81026e-03 | 42  0.00672 -9.73144e-03
 43  0.01215  8.11492e-04 | 44  0.01135 -2.94905e-03 | 45  0.00647 -3.02687e-02
 46  0.01238  6.06399e-02 | 47  0.14098  6.30444e-02 | 48 -0.07299 -3.41337e-02
 49 -0.06022  3.50417e-02 | 50 -0.04687  1.10473e-02 | 51 -0.04896 -3.00209e-02
 52 -0.04389  1.70701e-03 | 53 -0.03680  6.40127e-03 | 54 -0.02192 -1.21505e-02
 55 -0.01283  3.30498e-02 | 56 -0.00163  2.97027e-03 | 57  0.00630  9.00297e-03
 58  0.01110  1.45134e-02 | 59  0.02050 -1.86188e-02 | 60  0.02050  1.18047e-02
 61  0.01513 -9.73830e-04 | 62  0.01005  2.41118e-03 | 63  0.01026  7.98662e-03
 64  0.00997 -2.11520e-02 | 65  0.01487 -9.66256e-03 | 66  0.01593  1.85905e-02
 67  0.01592 -2.49087e-02 | 68  0.01961 -2.10507e-02 | 69  0.02349 -1.39987e-02
 70  0.02689  1.81702e-02 | 71  0.02684 -1.28563e-02 | 72  0.02454 -6.33631e-03
 73  0.02461  3.42799e-02 | 74  0.02463 -1.91396e-04 | 75  0.02463 -8.07820e-04
 76 -0.57783  3.16069e+03 | 77 -0.46001 -2.22269e+02 |
2 0 23630
2 0 23629.8
2 0 23628
2 0 23625.7
2 0 23621.5
2 0 23601.8
2 0 23603.4
2 0 23590.2
2 0 23570.6
2 0 23539.2
2 0 23587.3
2 0 23530.1
2 0 23531.2
2 0 23527.8
2 0 23526.5
2 0 23525

Intermediate statistics: 77 variables; iteration 10; function evaluation 16; phase 2
Function value   2.3525525e+04; maximum gradient component mag  -1.9923e+03
Var   Value    Gradient   |Var   Value    Gradient   |Var   Value    Gradient
  1 -0.77900 -2.35713e+02 |  2 -0.64279 -2.19219e+02 |  3  0.27747 -1.00273e+02
  4  0.24035 -1.15575e+00 |  5  0.18025  2.17445e+00 |  6  0.13380  6.93707e+00
  7  0.10054  5.83642e+00 |  8  0.07606  3.68215e+00 |  9  0.05740  2.25833e+00
 10  0.04285  1.45984e+00 | 11  0.03133  1.00830e+00 | 12  0.02221  7.40115e-01
 13  0.01505  5.73178e-01 | 14  0.00958  4.64800e-01 | 15  0.00561  3.97243e-01
 16  0.00302  3.61520e-01 | 17  0.00175  3.54306e-01 | 18  0.07905 -1.73417e+02
 19 -0.00953  1.05457e+02 | 20 -0.00944 -1.74470e+02 | 21 -0.01835 -4.23156e+02
 22 -0.01424 -9.05695e+01 | 23 -0.00795 -1.84003e+02 | 24 -0.00507 -1.86483e+02
 25 -0.00472  4.09807e+01 | 26 -0.00686  2.88571e+02 | 27 -0.00397  1.47168e+02
 28 -0.00299  5.63559e+01 | 29  0.00154  5.75112e+01 | 30 -0.00314 -1.85594e+01
 31  0.00283 -3.93138e+00 | 32 -0.00275 -1.46889e+02 | 33  0.00073 -5.97182e+01
 34  0.00108 -1.14502e+02 | 35  0.00376 -5.98331e+01 | 36  0.00178 -9.25970e+01
 37  0.00328 -1.49606e+01 | 38  0.00654  4.33683e+01 | 39  0.00683  5.18353e+00
 40  0.00367  6.28453e+01 | 41  0.00686  1.00490e+02 | 42  0.00691  9.72010e+01
 43  0.01166  1.65310e+02 | 44  0.01074  1.21769e+02 | 45  0.00581 -4.16745e+01
 46  0.01455  1.94386e+01 | 47  0.13964 -1.99233e+03 | 48 -0.07599 -3.20021e+02
 49 -0.06026  2.11917e+02 | 50 -0.04593  3.82128e+02 | 51 -0.05046 -1.24472e+02
 52 -0.04407  1.29023e+02 | 53 -0.03584  3.77359e+02 | 54 -0.01954  5.99068e+02
 55 -0.01045  5.47173e+02 | 56 -0.00005  4.28688e+02 | 57  0.00772  3.34059e+02
 58  0.01244  3.81700e+02 | 59  0.02128  1.94864e+02 | 60  0.01970 -9.38721e+01
 61  0.01341 -2.34733e+02 | 62  0.00867 -1.66949e+02 | 63  0.00971 -7.40072e+01
 64  0.01021  1.62758e+02 | 65  0.01506  1.46002e+02 | 66  0.01615  5.71362e+01
 67  0.01623  9.83389e+01 | 68  0.02077  2.67779e+02 | 69  0.02475  2.70238e+02
 70  0.02784  1.83580e+02 | 71  0.02700 -3.80440e+01 | 72  0.02488  5.74651e+01
 73  0.02480  1.51303e+02 | 74  0.02371  2.10178e+02 | 75  0.02414  2.56601e+02
 76 -0.63139 -8.47472e+02 | 77 -0.56263  5.80252e+02 |
2 0 23522.1
2 0 23517.2
2 0 23509.8
2 0 23502.4
2 0 23508.2
2 0 23503.2
2 0 23520
2 0 23503
2 0 23503
2 0 23502.9
2 0 23502.9
2 0 23502.8
2 0 23503.1
2 0 23502.8
77 variables; iteration 20; function evaluation 30; phase 2
Function value   2.3504430e+04; maximum gradient component mag  -4.8794e+03
Var   Value    Gradient   |Var   Value    Gradient   |Var   Value    Gradient
  1 -0.69702  2.04646e+02 |  2 -0.57950  1.68953e+02 |  3  0.27276 -2.06726e+02
  4  0.24419  4.23983e+01 |  5  0.18086  9.95813e+00 |  6  0.13136 -4.62290e+00
  7  0.09779 -1.14804e+00 |  8  0.07400  1.22096e+00 |  9  0.05599  1.09679e+00
 10  0.04185  5.07405e-01 | 11  0.03058  8.16654e-02 | 12  0.02161 -1.44010e-01
 13  0.01455 -2.67798e-01 | 14  0.00915 -3.34233e-01 | 15  0.00522 -3.79712e-01
 16  0.00266 -3.95873e-01 | 17  0.00139 -4.02535e-01 | 18  0.07987 -4.46691e+02
 19 -0.01041  2.90243e+02 | 20 -0.00845  1.58663e+02 | 21 -0.01735 -1.28528e+02
 22 -0.01278  3.01094e+02 | 23 -0.00733  7.97821e+01 | 24 -0.00494 -3.24875e+01
 25 -0.00463  2.38106e+02 | 26 -0.00715  4.42602e+02 | 27 -0.00421  2.76884e+02
 28 -0.00294  2.48082e+02 | 29  0.00192  2.82239e+02 | 30 -0.00231  2.79857e+02
 31  0.00353  2.15609e+02 | 32 -0.00224  5.22487e+01 | 33  0.00145  1.52152e+02
 34  0.00191  1.12336e+02 | 35  0.00466  2.08495e+02 | 36  0.00252  1.30556e+02
 37  0.00395  2.14186e+02 | 38  0.00719  2.60313e+02 | 39  0.00734  2.49840e+02
 40  0.00400  3.11455e+02 | 41  0.00720  3.50151e+02 | 42  0.00740  3.64751e+02
 43  0.01185  3.51858e+02 | 44  0.01124  4.00353e+02 | 45  0.00565  1.35299e+02
 46  0.01179  3.14503e+02 | 47  0.14050 -4.87944e+03 | 48 -0.07547 -2.95463e+02
 49 -0.06078  1.50849e+02 | 50 -0.04643  2.98664e+02 | 51 -0.05060 -1.91481e+02
 52 -0.04424  1.67712e+02 | 53 -0.03604  3.92543e+02 | 54 -0.01965  6.80395e+02
 55 -0.01099  5.92509e+02 | 56 -0.00038  4.11877e+02 | 57  0.00724  3.12812e+02
 58  0.01210  3.28738e+02 | 59  0.02121  2.34336e+02 | 60  0.01961 -7.13718e+01
 61  0.01339 -1.86086e+02 | 62  0.00901 -1.10454e+02 | 63  0.00992 -3.69507e+01
 64  0.01045  2.43604e+02 | 65  0.01520  2.17470e+02 | 66  0.01625  1.12626e+02
 67  0.01633  9.54969e+01 | 68  0.02058  2.63557e+02 | 69  0.02444  2.46836e+02
 70  0.02748  1.42228e+02 | 71  0.02706 -1.14182e+01 | 72  0.02468  5.64944e+01
 73  0.02506  2.06904e+02 | 74  0.02563  2.25391e+02 | 75  0.02553  4.11891e+02
 76 -0.63286 -6.66951e+02 | 77 -0.56594  5.52566e+02 |
2 0 23502.9
2 0 23502.8
2 0 23502.8
2 0 23502.8
2 0 23502.8
2 0 23502.9
2 0 23502.8
2 0 23502.8
2 0 23502.8
2 0 23502.8
2 0 23502.8
2 0 23502.8
2 0 23502.8
2 0 23502.8
2 0 23502.8
77 variables; iteration 30; function evaluation 45; phase 2
Function value   2.3504376e+04; maximum gradient component mag  -4.8731e+03
Var   Value    Gradient   |Var   Value    Gradient   |Var   Value    Gradient
  1 -0.69710  2.01550e+02 |  2 -0.57914  1.68843e+02 |  3  0.27305 -2.08579e+02
  4  0.24459  4.16910e+01 |  5  0.18231  1.65686e+01 |  6  0.13246  4.15229e-01
  7  0.09733 -2.66334e+00 |  8  0.07233 -2.83872e+00 |  9  0.05409 -1.40961e+00
 10  0.04028 -1.25830e-01 | 11  0.02941  2.00294e-01 | 12  0.02074  7.01965e-02
 13  0.01387 -1.16041e-01 | 14  0.00858 -2.40862e-01 | 15  0.00473 -3.20006e-01
 16  0.00221 -3.54079e-01 | 17  0.00097 -3.66813e-01 | 18  0.07987 -4.42149e+02
 19 -0.01009  2.99126e+02 | 20 -0.00842  1.73189e+02 | 21 -0.01762 -1.75630e+02
 22 -0.01283  2.92880e+02 | 23 -0.00728  8.74953e+01 | 24 -0.00492 -1.63983e+01
 25 -0.00477  2.22398e+02 | 26 -0.00728  4.22555e+02 | 27 -0.00434  2.56964e+02
 28 -0.00287  2.59558e+02 | 29  0.00183  2.61133e+02 | 30 -0.00226  2.98662e+02
 31  0.00347  1.99039e+02 | 32 -0.00218  6.29072e+01 | 33  0.00143  1.50245e+02
 34  0.00187  1.03760e+02 | 35  0.00464  1.98227e+02 | 36  0.00255  1.31628e+02
 37  0.00395  2.10016e+02 | 38  0.00725  2.64906e+02 | 39  0.00741  2.51915e+02
 40  0.00407  3.16661e+02 | 41  0.00733  3.60635e+02 | 42  0.00745  3.67289e+02
 43  0.01198  3.71939e+02 | 44  0.01122  3.83970e+02 | 45  0.00573  1.58118e+02
 46  0.01153  3.13572e+02 | 47  0.14067 -4.87307e+03 | 48 -0.07561 -3.07151e+02
 49 -0.06100  1.40067e+02 | 50 -0.04655  3.03876e+02 | 51 -0.05065 -1.82169e+02
 52 -0.04443  1.45316e+02 | 53 -0.03628  3.69543e+02 | 54 -0.01979  6.81656e+02
 55 -0.01118  5.88079e+02 | 56 -0.00045  4.20166e+02 | 57  0.00713  3.21490e+02
 58  0.01185  2.96919e+02 | 59  0.02106  2.31472e+02 | 60  0.01952 -7.00294e+01
 61  0.01324 -1.92750e+02 | 62  0.00885 -1.13678e+02 | 63  0.00981 -3.09417e+01
 64  0.01035  2.47318e+02 | 65  0.01508  2.18356e+02 | 66  0.01616  1.16650e+02
 67  0.01630  1.11238e+02 | 68  0.02047  2.63686e+02 | 69  0.02444  2.64405e+02
 70  0.02740  1.46309e+02 | 71  0.02701 -1.01565e+01 | 72  0.02462  7.02688e+01
 73  0.02493  1.95007e+02 | 74  0.02588  2.33113e+02 | 75  0.02843  4.27032e+02
 76 -0.63285 -6.74851e+02 | 77 -0.56596  5.53855e+02 |
2 0 23502.8
2 0 23502.7
2 0 23502.7
2 0 23502.7
2 0 23502.9
2 0 23502.7
2 0 23502.6
2 0 23502.6
2 0 23502.6
2 0 23502.6
2 0 23502.6
2 0 23502.6
2 0 23502.6
77 variables; iteration 40; function evaluation 58; phase 2
Function value   2.3504106e+04; maximum gradient component mag  -4.8649e+03
Var   Value    Gradient   |Var   Value    Gradient   |Var   Value    Gradient
  1 -0.69735  1.96188e+02 |  2 -0.57955  1.68727e+02 |  3  0.27310 -1.99748e+02
  4  0.24514  4.54717e+01 |  5  0.18151  1.08915e+01 |  6  0.13099 -2.77973e-01
  7  0.09440  3.50453e-01 |  8  0.06613 -6.77023e+00 |  9  0.04486 -9.52345e+00
 10  0.02957 -8.75618e+00 | 11  0.01907 -5.44221e+00 | 12  0.01189 -1.95625e+00
 13  0.00670  9.19519e-03 | 14  0.00274  4.41186e-01 | 15 -0.00023  2.17814e-01
 16 -0.00224 -2.22349e-02 | 17 -0.00325 -1.56316e-01 | 18  0.07986 -4.25402e+02
 19 -0.01045  2.83603e+02 | 20 -0.00833  1.68608e+02 | 21 -0.01749 -1.64102e+02
 22 -0.01280  2.88109e+02 | 23 -0.00734  7.13936e+01 | 24 -0.00495 -2.34755e+01
 25 -0.00479  2.15988e+02 | 26 -0.00734  4.18872e+02 | 27 -0.00439  2.50979e+02
 28 -0.00278  2.73275e+02 | 29  0.00198  2.85197e+02 | 30 -0.00223  3.05877e+02
 31  0.00334  1.86388e+02 | 32 -0.00225  4.90302e+01 | 33  0.00138  1.33786e+02
 34  0.00191  1.19172e+02 | 35  0.00456  1.96446e+02 | 36  0.00249  1.21193e+02
 37  0.00398  2.02097e+02 | 38  0.00742  2.78527e+02 | 39  0.00750  2.60931e+02
 40  0.00390  2.95705e+02 | 41  0.00725  3.60516e+02 | 42  0.00740  3.69107e+02
 43  0.01205  3.85246e+02 | 44  0.01110  3.59070e+02 | 45  0.00570  1.46824e+02
 46  0.01191  3.12160e+02 | 47  0.14056 -4.86486e+03 | 48 -0.07544 -3.05168e+02
 49 -0.06082  1.56041e+02 | 50 -0.04637  3.27934e+02 | 51 -0.05055 -1.75082e+02
 52 -0.04435  1.48412e+02 | 53 -0.03611  3.88649e+02 | 54 -0.01976  6.70508e+02
 55 -0.01120  5.68609e+02 | 56 -0.00037  4.13591e+02 | 57  0.00728  3.19862e+02
 58  0.01195  2.89370e+02 | 59  0.02099  1.99557e+02 | 60  0.01958 -6.95062e+01
 61  0.01336 -1.81773e+02 | 62  0.00895 -1.18919e+02 | 63  0.00976 -5.82181e+01
 64  0.01037  2.37784e+02 | 65  0.01522  2.33491e+02 | 66  0.01647  1.51879e+02
 67  0.01657  1.37963e+02 | 68  0.02043  2.45053e+02 | 69  0.02442  2.42212e+02
 70  0.02733  1.13661e+02 | 71  0.02718 -4.33689e+00 | 72  0.02466  6.97933e+01
 73  0.02495  1.93629e+02 | 74  0.02567  2.32859e+02 | 75  0.02637  4.14184e+02
 76 -0.63303 -7.01823e+02 | 77 -0.56645  5.57148e+02 |
2 0 23502.5
2 0 23502.6
2 0 23502.5
2 0 23502.5
2 0 23502.4
2 0 23502.4
2 0 23502.4
2 0 23502.3
2 0 23502.2
2 0 23501.9
2 0 23502.6
2 0 23501.7
2 0 23501.8
2 0 23501.7
77 variables; iteration 50; function evaluation 72; phase 2
Function value   2.3503111e+04; maximum gradient component mag  -4.8306e+03
Var   Value    Gradient   |Var   Value    Gradient   |Var   Value    Gradient
  1 -0.69735  1.85492e+02 |  2 -0.58020  1.66697e+02 |  3  0.27427 -1.82595e+02
  4  0.24880  8.39576e+01 |  5  0.18504  1.64955e+01 |  6  0.13719  2.73291e+01
  7  0.09760 -9.84778e+00 |  8  0.07048  5.38543e+00 |  9  0.04740  7.09936e+00
 10  0.02564 -3.31140e+01 | 11  0.01594  1.74419e+01 | 12  0.00266  1.66564e+01
 13 -0.01440 -1.68130e+01 | 14 -0.02560 -2.49323e+01 | 15 -0.02868 -1.08568e+01
 16 -0.02791  1.19599e+00 | 17 -0.02691  5.36069e+00 | 18  0.08026 -3.59449e+02
 19 -0.00907  2.39388e+02 | 20 -0.00820  1.68483e+02 | 21 -0.01755 -1.75653e+02
 22 -0.01280  2.89649e+02 | 23 -0.00746  4.83486e+01 | 24 -0.00491 -6.05315e+00
 25 -0.00494  1.99014e+02 | 26 -0.00779  3.56814e+02 | 27 -0.00440  2.46664e+02
 28 -0.00276  3.04879e+02 | 29  0.00158  2.23451e+02 | 30 -0.00219  3.05824e+02
 31  0.00314  1.57985e+02 | 32 -0.00209  9.41985e+01 | 33  0.00137  1.34373e+02
 34  0.00180  8.95261e+01 | 35  0.00459  2.12634e+02 | 36  0.00248  1.35845e+02
 37  0.00394  1.99775e+02 | 38  0.00725  2.56226e+02 | 39  0.00747  2.66932e+02
 40  0.00382  2.82988e+02 | 41  0.00708  3.38418e+02 | 42  0.00731  3.70839e+02
 43  0.01186  3.59958e+02 | 44  0.01100  3.46521e+02 | 45  0.00568  1.38273e+02
 46  0.01215  2.94598e+02 | 47  0.14051 -4.83059e+03 | 48 -0.07504 -2.80805e+02
 49 -0.06080  1.45702e+02 | 50 -0.04626  3.31772e+02 | 51 -0.05044 -1.68094e+02
 52 -0.04426  1.38682e+02 | 53 -0.03594  4.02877e+02 | 54 -0.02000  6.20968e+02
 55 -0.01096  6.05336e+02 | 56 -0.00046  3.62024e+02 | 57  0.00703  2.69636e+02
 58  0.01228  3.40647e+02 | 59  0.02092  1.78306e+02 | 60  0.01973 -7.81637e+01
 61  0.01354 -1.72718e+02 | 62  0.00912 -9.73433e+01 | 63  0.00987 -6.30141e+01
 64  0.01033  2.03443e+02 | 65  0.01533  2.29347e+02 | 66  0.01645  1.35576e+02
 67  0.01661  1.24555e+02 | 68  0.02055  2.48933e+02 | 69  0.02444  2.34448e+02
 70  0.02730  8.66505e+01 | 71  0.02715 -1.90790e+01 | 72  0.02470  6.57463e+01
 73  0.02503  2.00210e+02 | 74  0.02543  2.24580e+02 | 75  0.02463  3.97447e+02
 76 -0.63356 -8.10709e+02 | 77 -0.56845  5.67321e+02 |
2 0 23501.6
2 0 23501.4
2 0 23501.3
2 0 23501.9
2 0 23501.3
2 0 23501.2
2 0 23501.1
2 0 23501.3
2 0 23501.1
2 0 23501
2 0 23500.9
2 0 23500.9
77 variables; iteration 60; function evaluation 84; phase 2
Function value   2.3502277e+04; maximum gradient component mag  -4.8026e+03
Var   Value    Gradient   |Var   Value    Gradient   |Var   Value    Gradient
  1 -0.69735  1.76784e+02 |  2 -0.58074  1.65815e+02 |  3  0.27442 -1.76190e+02
  4  0.24879  8.31056e+01 |  5  0.18658  3.17829e+01 |  6  0.13679  8.57086e+00
  7  0.10131  1.42510e+01 |  8  0.07185 -3.22067e-01 |  9  0.04844  8.91886e+00
 10  0.02595 -2.03779e+01 | 11  0.01173 -4.51507e+00 | 12  0.00040  2.12300e+01
 13 -0.01613 -7.53804e+00 | 14 -0.02960 -1.33721e+01 | 15 -0.03848 -8.03117e+00
 16 -0.04447 -7.84478e+00 | 17 -0.04769 -9.38525e+00 | 18  0.08031 -3.12462e+02
 19 -0.00901  2.10519e+02 | 20 -0.00820  1.57533e+02 | 21 -0.01765 -1.97638e+02
 22 -0.01293  2.62444e+02 | 23 -0.00734  7.71302e+01 | 24 -0.00520 -7.25213e+01
 25 -0.00486  2.07094e+02 | 26 -0.00790  3.41934e+02 | 27 -0.00459  2.21365e+02
 28 -0.00273  3.04737e+02 | 29  0.00173  2.31832e+02 | 30 -0.00209  3.11366e+02
 31  0.00311  1.54326e+02 | 32 -0.00205  7.82017e+01 | 33  0.00151  1.58088e+02
 34  0.00192  9.70177e+01 | 35  0.00470  2.09698e+02 | 36  0.00268  1.86204e+02
 37  0.00385  1.61990e+02 | 38  0.00732  2.70523e+02 | 39  0.00716  1.88336e+02
 40  0.00434  4.36170e+02 | 41  0.00644  1.68493e+02 | 42  0.00751  4.34930e+02
 43  0.01164  3.14749e+02 | 44  0.01104  3.47210e+02 | 45  0.00566  1.34731e+02
 46  0.01200  2.85004e+02 | 47  0.14057 -4.80260e+03 | 48 -0.07494 -2.65310e+02
 49 -0.06086  1.44116e+02 | 50 -0.04632  3.31606e+02 | 51 -0.05038 -1.66628e+02
 52 -0.04441  1.35428e+02 | 53 -0.03583  4.28401e+02 | 54 -0.02010  6.01731e+02
 55 -0.01123  5.59884e+02 | 56 -0.00058  3.40923e+02 | 57  0.00713  2.85436e+02
 58  0.01236  3.53478e+02 | 59  0.02073  1.39917e+02 | 60  0.01990 -4.03550e+01
 61  0.01358 -1.75633e+02 | 62  0.00922 -8.63343e+01 | 63  0.01009 -2.78544e+01
 64  0.01013  1.44299e+02 | 65  0.01536  2.41354e+02 | 66  0.01644  1.29602e+02
 67  0.01659  1.47859e+02 | 68  0.02004  9.53050e+01 | 69  0.02458  3.08897e+02
 70  0.02719  5.68697e+01 | 71  0.02696 -4.26508e+01 | 72  0.02473  7.37950e+01
 73  0.02495  1.82941e+02 | 74  0.02566  2.39711e+02 | 75  0.02509  3.92538e+02
 76 -0.63396 -8.88878e+02 | 77 -0.56995  5.73721e+02 |
2 0 23500.9
2 0 23500.9
2 0 23500.5
2 0 23500.7
2 0 23500.3
2 0 23499.9
2 0 23499.5
2 0 23498.9
2 0 23497.8
2 0 23496.7
2 0 23494.6
2 0 23492.9
77 variables; iteration 70; function evaluation 96; phase 2
Function value   2.3493423e+04; maximum gradient component mag  -4.5107e+03
Var   Value    Gradient   |Var   Value    Gradient   |Var   Value    Gradient
  1 -0.69708  8.67713e+01 |  2 -0.58767  1.55898e+02 |  3  0.27301 -2.23916e+02
  4  0.24719  4.73874e+01 |  5  0.18141  9.54220e+00 |  6  0.12933 -1.89767e+01
  7  0.09690  9.65847e+00 |  8  0.07071  7.32759e+00 |  9  0.04806 -3.05643e-01
 10  0.02905 -2.86054e+01 | 11  0.02094  8.35473e+00 | 12  0.01221  1.45907e+01
 13  0.00063  2.31523e+01 | 14 -0.01673 -1.99929e+01 | 15 -0.02731 -2.89595e+01
 16 -0.02858 -7.29333e+00 | 17 -0.02708  7.03349e+00 | 18  0.08074  2.51560e+02
 19 -0.01042  1.37762e+02 | 20 -0.00748  1.24753e+02 | 21 -0.01596 -4.52596e+01
 22 -0.01246  2.21519e+02 | 23 -0.00693  4.65883e+01 | 24 -0.00550 -1.64952e+02
 25 -0.00478  1.83131e+02 | 26 -0.01013 -2.98120e+01 | 27 -0.00527  7.55135e+01
 28 -0.00106  4.74654e+02 | 29  0.00124  9.80554e+01 | 30 -0.00331  4.58843e+01
 31  0.00441  2.89493e+02 | 32 -0.00230 -3.11380e+01 | 33  0.00157  8.63547e+01
 34  0.00234  7.70826e+01 | 35  0.00520  1.96360e+02 | 36  0.00197  1.17023e+01
 37  0.00489  2.68307e+02 | 38  0.00581 -6.28337e+00 | 39  0.00772  2.11782e+02
 40  0.00393  2.78628e+02 | 41  0.00643  1.15515e+02 | 42  0.00736  3.11392e+02
 43  0.01138  2.05782e+02 | 44  0.01049  2.03200e+02 | 45  0.00516  2.57492e+01
 46  0.01075  1.39389e+02 | 47  0.14110 -4.51069e+03 | 48 -0.07378 -1.28704e+02
 49 -0.06055  1.72442e+02 | 50 -0.04650  2.60873e+02 | 51 -0.04944 -5.41838e+01
 52 -0.04533 -4.74986e+01 | 53 -0.03549  4.51081e+02 | 54 -0.02190  2.84609e+02
 55 -0.01312  2.43309e+02 | 56  0.00038  4.59581e+02 | 57  0.00663  1.65469e+02
 58  0.01061  8.22089e+01 | 59  0.02172  2.51070e+02 | 60  0.01944 -1.45644e+02
 61  0.01376 -1.67205e+02 | 62  0.00953 -6.80573e+01 | 63  0.01087  6.49744e+01
 64  0.00864 -9.42448e+01 | 65  0.01650  3.78223e+02 | 66  0.01441 -1.84396e+02
 67  0.01693  1.74653e+02 | 68  0.01967  3.45610e+01 | 69  0.02400  1.87892e+02
 70  0.02714  4.84322e+01 | 71  0.02673 -8.13533e+01 | 72  0.02427  5.49237e+00
 73  0.02417  4.17664e+01 | 74  0.02651  2.65666e+02 | 75  0.02799  3.33505e+02
 76 -0.63824 -1.86437e+03 | 77 -0.58633  6.69388e+02 |
2 0 23490.8
2 0 23492.1
2 0 23489.9
2 0 23490.8
2 0 23489.6
2 0 23491.7
2 0 23489.6
2 0 23489.7
2 0 23489.6
2 0 23489.6
2 0 23489.5
2 0 23489.5
2 0 23489.2
2 0 23487.2
2 0 23475.3
2 0 24840.2
2 0 23475.1
2 0 23474.8
2 0 23472.2
77 variables; iteration 80; function evaluation 115; phase 2
Function value   2.3472264e+04; maximum gradient component mag  -3.1049e+02
Var   Value    Gradient   |Var   Value    Gradient   |Var   Value    Gradient
  1 -0.69209 -3.07288e+01 |  2 -0.61925  7.68023e+01 |  3  0.27062 -1.39702e+02
  4  0.24500  3.98190e+01 |  5  0.18074  1.48953e+01 |  6  0.12921 -3.24100e+00
  7  0.09383 -4.99409e+00 |  8  0.06959  1.54075e+00 |  9  0.05120 -5.41429e+00
 10  0.03880  7.60942e+00 | 11  0.02742  2.43931e+00 | 12  0.01789  6.49739e-01
 13  0.01023 -6.62489e-01 | 14  0.00451  5.31410e+00 | 15 -0.00128  1.84808e+00
 16 -0.00629 -1.07936e+01 | 17 -0.00688  1.95037e+00 | 18  0.08955  1.33582e+01
 19 -0.01340 -1.09948e+02 | 20 -0.00741 -1.63773e+01 | 21 -0.01532  8.63942e+01
 22 -0.01288  4.31994e+01 | 23 -0.00682 -5.40782e+01 | 24 -0.00382  2.32745e+01
 25 -0.00614 -3.90305e+01 | 26 -0.01020 -7.17242e+01 | 27 -0.00654 -7.92949e+01
 28 -0.00424 -8.05503e+01 | 29  0.00086 -5.98543e+01 | 30 -0.00324 -3.00219e+01
 31  0.00389  7.19732e+00 | 32 -0.00089 -1.58118e+01 | 33  0.00258 -2.89370e+01
 34  0.00324  1.44136e+01 | 35  0.00551  4.28937e+00 | 36  0.00298 -8.95273e-01
 37  0.00397 -1.93364e+01 | 38  0.00725 -1.28200e+01 | 39  0.00733 -1.55259e+01
 40  0.00289 -7.92717e+01 | 41  0.00622 -2.34386e+01 | 42  0.00665 -6.45004e+01
 43  0.01165 -4.99587e+01 | 44  0.01090 -2.68313e+01 | 45  0.00581 -5.92257e+00
 46  0.00815 -9.67989e+00 | 47  0.14234 -3.10489e+02 | 48 -0.07148  1.28995e+02
 49 -0.06126 -8.32269e+01 | 50 -0.04756 -3.44910e+01 | 51 -0.04825  5.61945e+01
 52 -0.04393 -1.43276e+01 | 53 -0.03797 -1.16683e+02 | 54 -0.02312 -1.50666e+02
 55 -0.01461 -1.77652e+02 | 56 -0.00249 -9.93347e+01 | 57  0.00554 -7.59995e+01
 58  0.01028 -8.66048e+01 | 59  0.02026 -3.80855e+01 | 60  0.02054 -1.43545e+01
 61  0.01553  5.91467e+01 | 62  0.01090  5.74153e+01 | 63  0.01092  2.42355e+01
 64  0.00965 -2.10319e+01 | 65  0.01433 -7.59772e+01 | 66  0.01595 -4.07813e+01
 67  0.01592 -5.14410e+01 | 68  0.01921 -4.46191e+01 | 69  0.02272 -9.53146e+01
 70  0.02673 -1.72702e+01 | 71  0.02684 -3.77531e+01 | 72  0.02415 -1.86604e+01
 73  0.02445 -3.72905e+01 | 74  0.02690 -6.64498e+01 | 75  0.02799 -1.73026e+01
 76 -0.64098 -3.23552e+01 | 77 -0.62017  1.20896e+02 |
2 0 23468.1
2 0 23468.4
2 0 23467
2 0 23466.3
2 0 23466.2
2 0 23466.1
2 0 23466
2 0 23465.9
2 0 23465.8
2 0 23465.8
2 0 23465.8
2 0 23465.8
77 variables; iteration 90; function evaluation 127; phase 2
Function value   2.3465783e+04; maximum gradient component mag   3.2856e+01
Var   Value    Gradient   |Var   Value    Gradient   |Var   Value    Gradient
  1 -0.67561 -3.01075e+01 |  2 -0.71545 -4.45453e+00 |  3  0.27615  7.34670e-01
  4  0.24344  4.27220e-01 |  5  0.18199  7.25370e-02 |  6  0.13261  5.98360e-02
  7  0.09756  2.49040e-02 |  8  0.07220  4.89501e-03 |  9  0.05316  4.37479e-02
 10  0.03844 -5.45384e-03 | 11  0.02687 -5.99159e-03 | 12  0.01774  1.47565e-02
 13  0.01060  2.09595e-02 | 14  0.00516 -7.14748e-03 | 15  0.00122  1.43821e-02
 16 -0.00135  5.57312e-03 | 17 -0.00262 -9.00844e-03 | 18  0.08856 -8.41244e+00
 19 -0.01062  1.55760e-01 | 20 -0.00779 -3.55725e-01 | 21 -0.01594  8.01591e-01
 22 -0.01345  2.39907e-01 | 23 -0.00695 -4.17742e-01 | 24 -0.00404  2.70784e-01
 25 -0.00570  7.39303e-01 | 26 -0.00951  8.84075e-01 | 27 -0.00574  8.03363e-01
 28 -0.00367  2.07125e-01 | 29  0.00124  5.87886e-02 | 30 -0.00309  5.20547e-01
 31  0.00369 -5.02704e-01 | 32 -0.00108 -2.73551e-01 | 33  0.00224 -4.18011e-01
 34  0.00274 -4.13555e-01 | 35  0.00516 -4.76126e-01 | 36  0.00280  1.86034e-02
 37  0.00400 -4.18738e-01 | 38  0.00720 -1.93573e-01 | 39  0.00737 -3.36593e-01
 40  0.00330 -4.83533e-02 | 41  0.00641 -1.46146e-01 | 42  0.00686 -2.48262e-01
 43  0.01180 -7.51504e-01 | 44  0.01083 -5.15088e-01 | 45  0.00548 -5.18247e-02
 46  0.00648  1.43105e+00 | 47  0.14233  3.28562e+01 | 48 -0.07254 -2.44363e-01
 49 -0.06110 -6.37925e-01 | 50 -0.04776 -2.80958e-01 | 51 -0.04866  1.73205e-01
 52 -0.04414 -2.27518e-01 | 53 -0.03764 -3.43207e-01 | 54 -0.02261 -1.37963e-01
 55 -0.01386 -3.38398e-01 | 56 -0.00208  5.52857e-02 | 57  0.00586  2.20400e-01
 58  0.01059 -3.07836e-02 | 59  0.02023  3.59806e-01 | 60  0.02047  3.18937e-01
 61  0.01507 -5.96043e-02 | 62  0.01036 -5.99307e-02 | 63  0.01059  3.84024e-01
 64  0.00954  5.78098e-02 | 65  0.01453  2.73544e-01 | 66  0.01597  3.75453e-01
 67  0.01601  5.44907e-01 | 68  0.01940  3.45824e-01 | 69  0.02309  3.57915e-01
 70  0.02676  4.69430e-01 | 71  0.02700  6.42866e-01 | 72  0.02414  3.79816e-01
 73  0.02456  2.31305e-01 | 74  0.02795 -6.58051e-01 | 75  0.02795 -1.58841e+00
 76 -0.65592 -3.34097e-01 | 77 -0.68807  1.47679e+00 |
2 0 23465.8
2 0 23465.8
2 0 23465.8
2 0 23465.8
2 0 23465.8
2 0 23465.8
2 0 23465.8
2 0 23465.8
2 0 23465.8
2 0 23465.8
77 variables; iteration 100; function evaluation 137; phase 2
Function value   2.3465773e+04; maximum gradient component mag  -5.0985e+00
Var   Value    Gradient   |Var   Value    Gradient   |Var   Value    Gradient
  1 -0.67200  5.96718e-01 |  2 -0.73993  8.21093e-02 |  3  0.27612 -5.68248e-02
  4  0.24343 -2.43405e-02 |  5  0.18201 -3.11194e-03 |  6  0.13263  9.13849e-04
  7  0.09758 -2.20751e-03 |  8  0.07222 -2.17226e-03 |  9  0.05318 -1.28425e-03
 10  0.03846  1.17768e-03 | 11  0.02689 -5.26386e-04 | 12  0.01776 -4.41020e-05
 13  0.01062 -3.00833e-03 | 14  0.00518  1.12110e-03 | 15  0.00124  3.85853e-04
 16 -0.00132 -1.77562e-03 | 17 -0.00259 -1.22998e-03 | 18  0.08869  5.18794e-01
 19 -0.01064  2.68182e-03 | 20 -0.00780 -7.01824e-02 | 21 -0.01595 -4.47868e-02
 22 -0.01346 -4.25315e-02 | 23 -0.00696 -3.94695e-02 | 24 -0.00405 -2.35907e-02
 25 -0.00570 -1.50150e-02 | 26 -0.00952 -1.63996e-02 | 27 -0.00574 -1.85199e-02
 28 -0.00366  1.83917e-02 | 29  0.00124  7.08482e-03 | 30 -0.00309 -2.81904e-02
 31  0.00370  2.76890e-02 | 32 -0.00107  3.03447e-03 | 33  0.00224  8.81427e-03
 34  0.00274 -1.00578e-02 | 35  0.00516  1.92698e-02 | 36  0.00280 -1.30776e-02
 37  0.00401  1.67913e-02 | 38  0.00720  1.72810e-03 | 39  0.00737  3.27387e-02
 40  0.00330  1.83929e-02 | 41  0.00642  2.48881e-02 | 42  0.00687  3.34008e-02
 43  0.01181  6.40317e-02 | 44  0.01084  4.58098e-02 | 45  0.00548 -3.01821e-03
 46  0.00646 -6.75309e-02 | 47  0.14233 -1.92071e+00 | 48 -0.07254  3.95874e-02
 49 -0.06110  2.30526e-02 | 50 -0.04776  4.53058e-02 | 51 -0.04866  7.87344e-03
 52 -0.04414  1.13002e-02 | 53 -0.03764  3.16939e-02 | 54 -0.02262  3.40984e-02
 55 -0.01386  3.29875e-02 | 56 -0.00208  2.73678e-02 | 57  0.00586  2.57195e-03
 58  0.01058  9.09627e-03 | 59  0.02023 -9.75681e-03 | 60  0.02047 -3.96212e-02
 61  0.01507 -2.97137e-02 | 62  0.01036 -2.57514e-02 | 63  0.01059 -2.39292e-02
 64  0.00954 -1.77868e-02 | 65  0.01453  3.85899e-03 | 66  0.01597 -2.79372e-02
 67  0.01601 -2.88563e-02 | 68  0.01939 -1.07458e-02 | 69  0.02308 -1.45725e-02
 70  0.02676 -1.18617e-02 | 71  0.02700 -6.34336e-02 | 72  0.02414 -4.06108e-02
 73  0.02456 -5.59083e-03 | 74  0.02796  7.74667e-02 | 75  0.02796  9.54687e-02
 76 -0.65907 -5.09853e+00 | 77 -0.70454  1.03509e+00 |
2 0 23465.8
2 0 23465.8
2 0 23465.8
2 0 23465.8
2 0 23465.8
2 0 23465.8
2 0 23465.8
2 0 23465.8
2 0 23465.8
2 0 23465.8
2 0 23465.8
2 0 23465.8
77 variables; iteration 110; function evaluation 149; phase 2
Function value   2.3465772e+04; maximum gradient component mag   3.6863e+00
Var   Value    Gradient   |Var   Value    Gradient   |Var   Value    Gradient
  1 -0.67034  1.49660e+00 |  2 -0.75229  1.95766e-01 |  3  0.27612  2.79293e-02
  4  0.24343  8.54871e-03 |  5  0.18201  7.07735e-05 |  6  0.13263 -6.73225e-04
  7  0.09758  5.81749e-04 |  8  0.07222  6.39773e-04 |  9  0.05318  5.62082e-04
 10  0.03846 -9.73637e-04 | 11  0.02689  1.20590e-04 | 12  0.01776  1.65724e-04
 13  0.01063  1.27154e-03 | 14  0.00519 -6.39882e-04 | 15  0.00125 -4.44657e-04
 16 -0.00132  5.68651e-04 | 17 -0.00259  2.93906e-04 | 18  0.08869 -2.79935e-01
 19 -0.01065  3.33066e-03 | 20 -0.00780  1.13011e-02 | 21 -0.01595  1.89153e-02
 22 -0.01346  1.11824e-02 | 23 -0.00696  9.70165e-03 | 24 -0.00405  8.57291e-03
 25 -0.00570  1.07435e-02 | 26 -0.00952  1.57789e-02 | 27 -0.00574  9.68447e-03
 28 -0.00366 -1.96381e-03 | 29  0.00124 -1.50825e-03 | 30 -0.00309  1.39677e-02
 31  0.00370 -1.42755e-02 | 32 -0.00107 -4.05447e-03 | 33  0.00224 -1.10906e-02
 34  0.00274 -2.35435e-03 | 35  0.00516 -8.96362e-03 | 36  0.00280  4.74386e-03
 37  0.00401 -6.92751e-03 | 38  0.00720 -2.16506e-03 | 39  0.00737 -7.69774e-03
 40  0.00330  7.37412e-04 | 41  0.00642 -3.51048e-03 | 42  0.00687 -7.99270e-03
 43  0.01181 -1.77509e-02 | 44  0.01084 -1.21264e-02 | 45  0.00548  6.96462e-03
 46  0.00646  3.92836e-02 | 47  0.14233  3.20066e-01 | 48 -0.07254 -5.85652e-03
 49 -0.06110 -1.09538e-02 | 50 -0.04776 -6.62324e-03 | 51 -0.04866 -6.03669e-03
 52 -0.04414 -6.80305e-04 | 53 -0.03764 -1.09592e-02 | 54 -0.02262 -1.02098e-02
 55 -0.01386 -3.94844e-03 | 56 -0.00208 -1.17958e-02 | 57  0.00586  4.10993e-03
 58  0.01058 -3.94898e-03 | 59  0.02023  7.92734e-03 | 60  0.02047  1.43277e-02
 61  0.01507  1.51688e-02 | 62  0.01036  5.95249e-03 | 63  0.01059  7.95290e-03
 64  0.00954  4.90901e-03 | 65  0.01453 -2.53284e-04 | 66  0.01597  1.13451e-02
 67  0.01601  4.24979e-03 | 68  0.01939  3.12373e-03 | 69  0.02308  5.96574e-03
 70  0.02676  5.63674e-03 | 71  0.02700  1.92838e-02 | 72  0.02414  1.31369e-02
 73  0.02456  7.87847e-04 | 74  0.02796 -3.99208e-02 | 75  0.02796 -1.51487e-02
 76 -0.66059  3.68628e+00 | 77 -0.71272 -6.72582e-01 |
2 0 23465.8
2 0 23465.8
2 0 23465.8
2 0 23465.8
2 0 23465.8
2 0 23465.8
2 0 23465.8
2 0 23465.8
2 0 23465.8
2 0 23465.8
2 0 23465.8
2 0 23465.8
2 0 23465.8
77 variables; iteration 120; function evaluation 162; phase 2
Function value   2.3465772e+04; maximum gradient component mag   3.3382e+00
Var   Value    Gradient   |Var   Value    Gradient   |Var   Value    Gradient
  1 -0.66977  3.33821e+00 |  2 -0.75673  4.28528e-01 |  3  0.27612  6.52499e-03
  4  0.24343  1.81018e-04 |  5  0.18201 -7.96474e-04 |  6  0.13263 -4.51163e-04
  7  0.09758 -4.58873e-05 |  8  0.07222  1.25059e-05 |  9  0.05318  6.77737e-06
 10  0.03846 -3.33910e-04 | 11  0.02689 -3.26739e-05 | 12  0.01776  8.00208e-06
 13  0.01063  2.37938e-04 | 14  0.00519 -1.93951e-04 | 15  0.00125 -1.21407e-04
 16 -0.00132  1.96311e-04 | 17 -0.00259  8.80879e-05 | 18  0.08869  1.96881e-02
 19 -0.01064 -1.07807e-02 | 20 -0.00780 -4.65868e-03 | 21 -0.01595 -5.25497e-03
 22 -0.01346 -4.96562e-03 | 23 -0.00696 -1.87392e-03 | 24 -0.00405 -4.00189e-04
 25 -0.00570 -2.92430e-03 | 26 -0.00952  1.01365e-03 | 27 -0.00574 -3.56367e-03
 28 -0.00366 -1.67406e-03 | 29  0.00124  6.75880e-04 | 30 -0.00309 -1.19641e-03
 31  0.00370 -9.21285e-04 | 32 -0.00107  1.71563e-03 | 33  0.00224  2.85045e-04
 34  0.00274 -9.02568e-05 | 35  0.00516  2.32340e-03 | 36  0.00280  1.25047e-03
 37  0.00401  8.27506e-04 | 38  0.00720  2.60707e-03 | 39  0.00737  4.57336e-03
 40  0.00330  3.84408e-03 | 41  0.00642  4.44445e-03 | 42  0.00687  3.31527e-03
 43  0.01181  9.88074e-03 | 44  0.01084  7.12164e-03 | 45  0.00548  3.56336e-03
 46  0.00646 -3.85704e-03 | 47  0.14233 -4.33590e-01 | 48 -0.07254  3.70132e-03
 49 -0.06110  5.55716e-03 | 50 -0.04776  7.05979e-03 | 51 -0.04866 -2.15893e-03
 52 -0.04414  3.48172e-03 | 53 -0.03764  1.93640e-03 | 54 -0.02262  3.06779e-03
 55 -0.01386  8.02512e-03 | 56 -0.00208 -1.17514e-03 | 57  0.00586  1.31380e-03
 58  0.01058  7.96122e-04 | 59  0.02023 -8.13123e-04 | 60  0.02047 -2.98163e-03
 61  0.01507  5.02973e-04 | 62  0.01036 -3.42694e-03 | 63  0.01059 -4.43387e-03
 64  0.00954 -1.87109e-03 | 65  0.01453 -2.49551e-03 | 66  0.01597 -1.81002e-03
 67  0.01601 -8.36534e-03 | 68  0.01939 -3.02278e-03 | 69  0.02308 -2.61316e-03
 70  0.02676 -1.90896e-03 | 71  0.02700 -8.72126e-03 | 72  0.02414 -4.73702e-03
 73  0.02456 -2.54429e-03 | 74  0.02796  8.13577e-04 | 75  0.02796  2.13692e-02
 76 -0.66115 -2.01739e-01 | 77 -0.71572  3.95373e-02 |
2 0 23465.8
2 0 23465.8
2 0 23465.8
2 0 23465.8
2 0 23465.8
2 0 23465.8
2 0 23465.8
2 0 23465.8
2 0 23465.8
2 0 23465.8
2 0 23465.8
2 0 23465.8
2 0 23465.8
77 variables; iteration 130; function evaluation 175; phase 2
Function value   2.3465772e+04; maximum gradient component mag   4.7694e+00
Var   Value    Gradient   |Var   Value    Gradient   |Var   Value    Gradient
  1 -0.66942  4.76944e+00 |  2 -0.75944  6.05206e-01 |  3  0.27612  2.49832e-03
  4  0.24343 -4.29794e-04 |  5  0.18201 -4.09847e-04 |  6  0.13263 -1.60343e-04
  7  0.09758 -2.10606e-04 |  8  0.07222 -1.74903e-04 |  9  0.05318 -2.65141e-05
 10  0.03846 -7.06467e-05 | 11  0.02689 -1.25220e-04 | 12  0.01776 -4.47953e-05
 13  0.01063 -6.27334e-05 | 14  0.00518 -6.28600e-05 | 15  0.00124 -6.76047e-05
 16 -0.00132 -2.16311e-04 | 17 -0.00259 -1.59914e-04 | 18  0.08869  2.53749e-03
 19 -0.01064 -3.05098e-03 | 20 -0.00780 -2.42859e-03 | 21 -0.01595 -2.37731e-03
 22 -0.01346 -2.10281e-03 | 23 -0.00696 -1.34017e-03 | 24 -0.00405 -4.21943e-04
 25 -0.00570 -1.03857e-03 | 26 -0.00952 -1.29999e-04 | 27 -0.00574 -2.17560e-03
 28 -0.00366 -3.27235e-05 | 29  0.00124 -1.98526e-04 | 30 -0.00309 -1.09682e-03
 31  0.00370 -1.28070e-04 | 32 -0.00107  1.47119e-04 | 33  0.00224 -8.49291e-04
 34  0.00274 -4.90421e-04 | 35  0.00516  1.03759e-03 | 36  0.00280 -2.19286e-05
 37  0.00401  6.77819e-04 | 38  0.00720  1.05359e-04 | 39  0.00737  2.38812e-03
 40  0.00330  1.57343e-03 | 41  0.00642  2.00470e-03 | 42  0.00687  1.36875e-03
 43  0.01181  4.30722e-03 | 44  0.01084  2.76685e-03 | 45  0.00548  8.43042e-04
 46  0.00646 -5.35378e-04 | 47  0.14233 -2.32900e-01 | 48 -0.07254  1.70529e-03
 49 -0.06110  2.85306e-03 | 50 -0.04776  3.86293e-03 | 51 -0.04866 -8.96847e-04
 52 -0.04414  1.32700e-03 | 53 -0.03764  6.10691e-04 | 54 -0.02262  6.30950e-04
 55 -0.01386  3.28550e-03 | 56 -0.00208 -1.06996e-03 | 57  0.00586  2.42657e-04
 58  0.01058 -1.63956e-04 | 59  0.02023 -1.46503e-04 | 60  0.02047 -1.92029e-03
 61  0.01507  6.94712e-04 | 62  0.01036 -1.30091e-03 | 63  0.01059 -2.16601e-03
 64  0.00954 -1.11498e-03 | 65  0.01453 -1.11066e-03 | 66  0.01597 -1.14986e-03
 67  0.01601 -4.68295e-03 | 68  0.01939 -1.96763e-03 | 69  0.02308 -1.68004e-03
 70  0.02676 -8.07138e-04 | 71  0.02700 -4.97726e-03 | 72  0.02414 -1.90403e-03
 73  0.02456 -1.42882e-03 | 74  0.02796 -6.87274e-04 | 75  0.02796  1.12346e-02
 76 -0.66149 -6.66402e-02 | 77 -0.71761  1.33809e-02 |
2 0 23465.8
2 0 23465.8
2 0 23465.8
2 0 23465.8
2 0 23465.8
2 0 23465.8
2 0 23465.8
2 0 23465.8
2 0 23465.8
2 0 23465.8
2 0 23465.8
2 0 23465.8
77 variables; iteration 140; function evaluation 187; phase 2
Function value   2.3465772e+04; maximum gradient component mag   4.5254e+00
Var   Value    Gradient   |Var   Value    Gradient   |Var   Value    Gradient
  1 -0.66929  4.52537e+00 |  2 -0.76049  5.71641e-01 |  3  0.27612  1.88188e-03
  4  0.24343 -3.62387e-04 |  5  0.18201 -2.23374e-04 |  6  0.13263 -6.03137e-05
  7  0.09758 -1.53983e-04 |  8  0.07222 -1.30548e-04 |  9  0.05318 -1.96979e-05
 10  0.03846 -1.44915e-06 | 11  0.02689 -8.91439e-05 | 12  0.01776 -3.20849e-05
 13  0.01063 -7.07200e-05 | 14  0.00519 -1.64999e-05 | 15  0.00124 -2.64352e-05
 16 -0.00132 -1.92331e-04 | 17 -0.00259 -1.23354e-04 | 18  0.08869 -2.90034e-03
 19 -0.01064 -1.48566e-03 | 20 -0.00780 -1.58403e-03 | 21 -0.01595 -1.22265e-03
 22 -0.01346 -1.55291e-03 | 23 -0.00696 -7.76678e-04 | 24 -0.00405 -2.41821e-04
 25 -0.00570 -5.04813e-04 | 26 -0.00952 -3.36972e-04 | 27 -0.00574 -1.36603e-03
 28 -0.00366 -3.66596e-05 | 29  0.00124 -5.34914e-04 | 30 -0.00309 -9.88188e-04
 31  0.00370 -3.99451e-04 | 32 -0.00107 -1.62539e-04 | 33  0.00224 -5.90905e-04
 34  0.00274 -4.46142e-04 | 35  0.00516  2.76594e-04 | 36  0.00280 -3.80782e-04
 37  0.00401 -9.00546e-05 | 38  0.00720 -7.28123e-04 | 39  0.00737  1.18545e-03
 40  0.00330  3.17528e-04 | 41  0.00642  7.93300e-04 | 42  0.00687  2.50816e-04
 43  0.01181  1.69804e-03 | 44  0.01084  9.14537e-04 | 45  0.00548 -6.21800e-05
 46  0.00646  1.49149e-04 | 47  0.14233 -1.33979e-01 | 48 -0.07254  1.21968e-03
 49 -0.06110  1.34805e-03 | 50 -0.04776  2.18342e-03 | 51 -0.04866 -5.70395e-04
 52 -0.04414  6.59760e-04 | 53 -0.03764  3.83133e-05 | 54 -0.02262 -2.16091e-04
 55 -0.01386  1.58730e-03 | 56 -0.00208 -9.05911e-04 | 57  0.00586  8.81218e-05
 58  0.01058 -3.78294e-04 | 59  0.02023 -3.12074e-05 | 60  0.02047 -1.26448e-03
 61  0.01507  4.37484e-04 | 62  0.01036 -7.82669e-04 | 63  0.01059 -1.30954e-03
 64  0.00954 -8.56524e-04 | 65  0.01453 -7.45057e-04 | 66  0.01597 -6.73566e-04
 67  0.01601 -2.79661e-03 | 68  0.01939 -1.27971e-03 | 69  0.02308 -1.00459e-03
 70  0.02676 -3.45947e-04 | 71  0.02700 -2.82284e-03 | 72  0.02414 -8.80203e-04
 73  0.02456 -9.17348e-04 | 74  0.02796 -1.15402e-03 | 75  0.02796  6.31526e-03
 76 -0.66163 -5.89793e-03 | 77 -0.71837  1.98212e-03 |
2 0 23465.8
2 0 23465.8
2 0 23465.8
2 0 23465.8
2 0 23465.8
2 0 23465.8
2 0 23465.8
2 0 23465.8
2 0 23465.8
2 0 23465.8
2 0 23465.8
2 0 23465.8
2 0 23465.8
77 variables; iteration 150; function evaluation 200; phase 2
Function value   2.3465772e+04; maximum gradient component mag   3.8089e+00
Var   Value    Gradient   |Var   Value    Gradient   |Var   Value    Gradient
  1 -0.66917  3.80888e+00 |  2 -0.76141  4.79241e-01 |  3  0.27612  1.62562e-03
  4  0.24343  3.89797e-05 |  5  0.18201 -7.22409e-05 |  6  0.13263 -2.67366e-05
  7  0.09758 -2.68483e-05 |  8  0.07222 -2.42969e-05 |  9  0.05318 -9.60485e-06
 10  0.03846 -1.48123e-05 | 11  0.02689 -1.56110e-05 | 12  0.01776 -4.12305e-06
 13  0.01063 -1.03682e-05 | 14  0.00519 -1.00447e-05 | 15  0.00125 -3.79925e-06
 16 -0.00132 -4.88264e-06 | 17 -0.00259 -8.89087e-06 | 18  0.08869 -7.16063e-03
 19 -0.01064 -7.89596e-04 | 20 -0.00780 -7.28961e-04 | 21 -0.01595 -1.45795e-04
 22 -0.01346 -5.78546e-04 | 23 -0.00696 -2.74098e-04 | 24 -0.00405 -3.67467e-05
 25 -0.00570  1.65133e-04 | 26 -0.00952  4.43018e-04 | 27 -0.00574 -7.02350e-05
 28 -0.00366  2.71877e-04 | 29  0.00124 -9.10313e-06 | 30 -0.00309  3.12461e-07
 31  0.00370 -4.39803e-04 | 32 -0.00107 -2.72211e-04 | 33  0.00224 -7.26155e-04
 34  0.00274 -5.01909e-04 | 35  0.00516 -2.02593e-04 | 36  0.00280 -8.04831e-05
 37  0.00401 -2.10434e-05 | 38  0.00720 -2.83749e-04 | 39  0.00737  3.69838e-04
 40  0.00330  5.17085e-04 | 41  0.00642  4.51932e-04 | 42  0.00687  2.47460e-04
 43  0.01181  6.74320e-04 | 44  0.01084  3.77174e-04 | 45  0.00548  3.89528e-04
 46  0.00646  9.29519e-04 | 47  0.14233 -4.51932e-02 | 48 -0.07254  2.34793e-04
 49 -0.06110  4.39236e-04 | 50 -0.04776  9.40341e-04 | 51 -0.04866 -2.87113e-04
 52 -0.04414  2.70311e-04 | 53 -0.03764  7.33820e-05 | 54 -0.02262  1.86019e-05
 55 -0.01386  8.23246e-04 | 56 -0.00208 -3.32893e-04 | 57  0.00586  2.30436e-04
 58  0.01058 -1.37957e-04 | 59  0.02023  3.34202e-04 | 60  0.02047 -1.17488e-04
 61  0.01507  4.08217e-04 | 62  0.01036 -2.37485e-04 | 63  0.01059 -2.08598e-04
 64  0.00954 -1.91191e-04 | 65  0.01453 -8.12264e-05 | 66  0.01597  3.46252e-05
 67  0.01601 -8.31359e-04 | 68  0.01939 -3.40897e-04 | 69  0.02308 -1.60115e-04
 70  0.02676 -1.54193e-05 | 71  0.02700 -7.78677e-04 | 72  0.02414 -1.71121e-04
 73  0.02456 -3.73417e-04 | 74  0.02796 -1.10021e-03 | 75  0.02796  2.21430e-03
 76 -0.66176  6.10653e-02 | 77 -0.71906 -1.03929e-02 |
2 0 23465.8
2 0 23465.8
2 0 23465.8
2 0 23465.8
2 0 23465.8
2 0 23465.8
2 0 23465.8
2 0 23465.8
2 0 23465.8
2 0 23465.8
2 0 23465.8
2 0 23465.8
77 variables; iteration 160; function evaluation 212; phase 2
Function value   2.3465772e+04; maximum gradient component mag   2.1530e+01
Var   Value    Gradient   |Var   Value    Gradient   |Var   Value    Gradient
  1 -0.66911  2.15301e+01 |  2 -0.76190  2.70312e+00 |  3  0.27612  1.20220e-03
  4  0.24343  4.03917e-06 |  5  0.18201 -4.62239e-05 |  6  0.13263 -5.16559e-05
  7  0.09758 -6.23785e-05 |  8  0.07222 -4.42153e-05 |  9  0.05318 -3.30303e-05
 10  0.03846  5.68822e-06 | 11  0.02689 -2.50450e-05 | 12  0.01776 -2.56605e-05
 13  0.01063 -2.79688e-05 | 14  0.00519  1.26122e-07 | 15  0.00125 -1.18014e-05
 16 -0.00132 -6.57777e-05 | 17 -0.00259 -3.13650e-05 | 18  0.08869 -4.95207e-03
 19 -0.01064 -1.44953e-03 | 20 -0.00780 -5.02952e-04 | 21 -0.01595 -4.58085e-04
 22 -0.01346 -6.40033e-04 | 23 -0.00696 -1.86700e-04 | 24 -0.00405 -3.53971e-05
 25 -0.00570 -2.80546e-04 | 26 -0.00952 -1.62634e-04 | 27 -0.00574 -8.57019e-04
 28 -0.00366 -1.19642e-04 | 29  0.00124 -3.63253e-04 | 30 -0.00309 -4.31828e-04
 31  0.00370 -3.77984e-04 | 32 -0.00107 -1.30097e-04 | 33  0.00224 -4.49139e-04
 34  0.00274 -1.85050e-04 | 35  0.00516  8.21055e-05 | 36  0.00280 -1.47569e-04
 37  0.00401 -5.46140e-05 | 38  0.00720 -4.37579e-04 | 39  0.00737  5.78773e-04
 40  0.00330  1.84808e-04 | 41  0.00642  3.78973e-04 | 42  0.00687  4.77328e-06
 43  0.01181  8.25424e-04 | 44  0.01084  3.42520e-04 | 45  0.00548 -2.97040e-05
 46  0.00646  6.27831e-04 | 47  0.14233 -7.84746e-02 | 48 -0.07254  6.61390e-04
 49 -0.06110  6.13798e-04 | 50 -0.04776  1.25662e-03 | 51 -0.04866 -4.62343e-04
 52 -0.04414  3.15189e-04 | 53 -0.03764 -1.69372e-04 | 54 -0.02262 -3.23138e-04
 55 -0.01386  7.94474e-04 | 56 -0.00208 -7.82809e-04 | 57  0.00586 -1.84971e-05
 58  0.01058 -3.34519e-04 | 59  0.02023  1.35309e-04 | 60  0.02047 -5.82400e-04
 61  0.01507  5.00925e-04 | 62  0.01036 -3.39299e-04 | 63  0.01059 -6.24373e-04
 64  0.00954 -3.81427e-04 | 65  0.01453 -4.98205e-04 | 66  0.01597 -2.74072e-04
 67  0.01601 -1.61675e-03 | 68  0.01939 -7.44949e-04 | 69  0.02308 -5.93922e-04
 70  0.02676 -2.04567e-04 | 71  0.02700 -1.52999e-03 | 72  0.02414 -3.11781e-04
 73  0.02456 -5.54820e-04 | 74  0.02796 -1.12760e-03 | 75  0.02796  3.70554e-03
 76 -0.66183  8.46677e-02 | 77 -0.71946 -1.47617e-02 |
2 0 23465.8
2 0 23465.8
2 0 23465.8
2 0 23465.8
2 0 23465.8
2 0 23465.8
2 0 23465.8
2 0 23465.8
2 0 23465.8
2 0 23465.8
2 0 23465.8
2 0 23465.8
2 0 23465.8
2 0 23465.8
77 variables; iteration 170; function evaluation 226; phase 2
Function value   2.3465772e+04; maximum gradient component mag   6.0423e+01
Var   Value    Gradient   |Var   Value    Gradient   |Var   Value    Gradient
  1 -0.66908  6.04231e+01 |  2 -0.76212  7.57902e+00 |  3  0.27612  1.30694e-03
  4  0.24343  5.24526e-05 |  5  0.18201 -3.06266e-05 |  6  0.13263 -3.35930e-05
  7  0.09758 -3.24214e-05 |  8  0.07222 -2.28092e-05 |  9  0.05318 -2.33507e-05
 10  0.03846  1.91999e-07 | 11  0.02689 -1.10791e-05 | 12  0.01776 -1.47800e-05
 13  0.01063 -1.53965e-05 | 14  0.00519 -9.80270e-07 | 15  0.00125 -6.94203e-06
 16 -0.00132 -2.50979e-05 | 17 -0.00259 -1.31278e-05 | 18  0.08869 -6.05127e-03
 19 -0.01064 -1.11147e-03 | 20 -0.00780 -5.22826e-04 | 21 -0.01595 -2.08203e-04
 22 -0.01346 -5.58701e-04 | 23 -0.00696 -1.73490e-04 | 24 -0.00405 -2.85989e-05
 25 -0.00570 -4.71491e-05 | 26 -0.00952  1.02096e-04 | 27 -0.00574 -4.03606e-04
 28 -0.00366  3.00437e-05 | 29  0.00124 -2.07038e-04 | 30 -0.00309 -2.00671e-04
 31  0.00370 -4.42457e-04 | 32 -0.00107 -2.27940e-04 | 33  0.00224 -5.56975e-04
 34  0.00274 -3.27742e-04 | 35  0.00516 -1.35176e-04 | 36  0.00280 -1.39437e-04
 37  0.00401 -1.02213e-04 | 38  0.00720 -4.01794e-04 | 39  0.00737  3.30913e-04
 40  0.00330  2.30822e-04 | 41  0.00642  2.84938e-04 | 42  0.00687  1.51714e-05
 43  0.01181  5.24170e-04 | 44  0.01084  1.99094e-04 | 45  0.00548  8.77577e-05
 46  0.00646  7.85227e-04 | 47  0.14233 -5.11526e-02 | 48 -0.07254  4.13557e-04
 49 -0.06110  3.40120e-04 | 50 -0.04776  9.16095e-04 | 51 -0.04866 -3.40864e-04
 52 -0.04414  2.24556e-04 | 53 -0.03764 -9.90041e-05 | 54 -0.02262 -1.94615e-04
 55 -0.01386  6.50624e-04 | 56 -0.00208 -5.24965e-04 | 57  0.00586  7.70546e-05
 58  0.01058 -2.37872e-04 | 59  0.02023  2.34175e-04 | 60  0.02047 -2.63187e-04
 61  0.01507  4.19087e-04 | 62  0.01036 -2.51131e-04 | 63  0.01059 -3.22861e-04
 64  0.00954 -2.44044e-04 | 65  0.01453 -2.77591e-04 | 66  0.01597 -5.46518e-05
 67  0.01601 -1.01538e-03 | 68  0.01939 -4.57656e-04 | 69  0.02308 -3.15711e-04
 70  0.02676 -7.30922e-05 | 71  0.02700 -9.44173e-04 | 72  0.02414 -1.72662e-04
 73  0.02456 -4.02945e-04 | 74  0.02796 -1.05094e-03 | 75  0.02796  2.43812e-03
 76 -0.66186  7.64767e-02 | 77 -0.71964 -1.33170e-02 |
2 0 23465.8
2 0 23465.8
2 0 23465.8
2 0 23465.8
2 0 23465.8
2 0 23465.8
2 0 23465.8
2 0 23465.8
2 0 23465.8
2 0 23465.8
2 0 23465.8
2 0 23465.8
2 0 23465.8
2 0 23465.8
2 0 23465.8
2 0 28349.8
2 0 23465.8
2 0 23465.8
2 0 23465.8
2 0 23465.8
2 0 23465.8
2 0 23465.8
2 0 23465.8
2 0 23465.8
2 0 23465.8
2 0 23465.8
2 0 23465.8
2 0 23465.8
2 0 23465.8
2 0 23465.8
2 0 23465.8
2 0 23465.8
2 0 23465.8
2 0 23465.8
2 0 23465.8
2 0 23465.8
2 0 23465.8
2 0 23465.8
2 0 23465.8
2 0 23465.8
2 0 23465.8
2 0 23465.8
2 0 23465.8
2 0 23465.8
2 0 23465.8
2 0 23465.8
  ic > imax  in fminim is answer attained ?
Var   Value    Gradient   |Var   Value    Gradient   |Var   Value    Gradient
  1 -0.66908  7.08070e+01 |  2 -0.76218  8.87959e+00 |  3  0.27612  1.45189e-03
  4  0.24343  7.94178e-05 |  5  0.18201 -3.50602e-05 |  6  0.13263  1.77802e-06
  7  0.09758  6.58883e-08 |  8  0.07222 -6.09056e-06 |  9  0.05318  1.91604e-06
 10  0.03846 -9.41442e-06 | 11  0.02689 -4.17107e-06 | 12  0.01776  6.18565e-06
 13  0.01063 -2.52503e-06 | 14  0.00519 -5.63004e-06 | 15  0.00125  5.98724e-06
 16 -0.00132  2.21139e-05 | 17 -0.00259  7.05045e-06 | 18  0.08869 -8.47340e-03
 19 -0.01064 -1.37869e-04 | 20 -0.00780 -5.33514e-04 | 21 -0.01595  2.26219e-04
 22 -0.01346 -3.14810e-04 | 23 -0.00696 -1.64957e-04 | 24 -0.00405  1.27972e-05
 25 -0.00570  4.21357e-04 | 26 -0.00952  5.98661e-04 | 27 -0.00574  3.82996e-04
 28 -0.00366  3.79722e-04 | 29  0.00124  6.63312e-05 | 30 -0.00309  2.12968e-04
 31  0.00370 -4.59685e-04 | 32 -0.00107 -3.52086e-04 | 33  0.00224 -7.17750e-04
 34  0.00274 -5.45542e-04 | 35  0.00516 -4.25376e-04 | 36  0.00280 -9.47803e-05
 37  0.00401 -1.31595e-04 | 38  0.00720 -3.23342e-04 | 39  0.00737  1.44608e-05
 40  0.00330  3.60456e-04 | 41  0.00642  1.98862e-04 | 42  0.00687  9.63675e-05
 43  0.01181  4.10662e-05 | 44  0.01084 -1.05685e-05 | 45  0.00548  3.42884e-04
 46  0.00646  1.12499e-03 | 47  0.14233 -8.49169e-03 | 48 -0.07254 -5.32828e-05
 49 -0.06110  4.57844e-05 | 50 -0.04776  3.87791e-04 | 51 -0.04866 -1.26738e-04
 52 -0.04414  8.48698e-05 | 53 -0.03764  2.98223e-05 | 54 -0.02262 -1.97950e-05
 55 -0.01386  4.00820e-04 | 56 -0.00208 -1.13957e-04 | 57  0.00586  2.55061e-04
 58  0.01058 -8.78174e-05 | 59  0.02023  4.02358e-04 | 60  0.02047  2.13142e-04
 61  0.01507  3.12423e-04 | 62  0.01036 -5.13622e-05 | 63  0.01059  1.51769e-04
 64  0.00954 -2.96072e-05 | 65  0.01453  1.50131e-04 | 66  0.01597  2.43772e-04
 67  0.01601 -8.32083e-05 | 68  0.01939 -1.89436e-05 | 69  0.02308  1.42277e-04
 70  0.02676  1.48864e-04 | 71  0.02700  7.86680e-06 | 72  0.02414  1.14688e-04
 73  0.02456 -1.63088e-04 | 74  0.02796 -1.07703e-03 | 75  0.02796  4.58480e-04
 76 -0.66187  6.11218e-02 | 77 -0.71969 -1.05484e-02 |
Function minimizer not making progress ... is minimum attained?
Minimprove criterion =   0.0000e+00

 - final statistics:
77 variables; iteration 180; function evaluation 271
Function value   2.3466e+04; maximum gradient component mag   7.0807e+01
Exit code = 1;  converg criter   1.0000e-03
Var   Value    Gradient   |Var   Value    Gradient   |Var   Value    Gradient
  1 -0.66908  7.08070e+01 |  2 -0.76218  8.87959e+00 |  3  0.27612  1.45189e-03
  4  0.24343  7.94178e-05 |  5  0.18201 -3.50602e-05 |  6  0.13263  1.77802e-06
  7  0.09758  6.58883e-08 |  8  0.07222 -6.09056e-06 |  9  0.05318  1.91604e-06
 10  0.03846 -9.41442e-06 | 11  0.02689 -4.17107e-06 | 12  0.01776  6.18565e-06
 13  0.01063 -2.52503e-06 | 14  0.00519 -5.63004e-06 | 15  0.00125  5.98724e-06
 16 -0.00132  2.21139e-05 | 17 -0.00259  7.05045e-06 | 18  0.08869 -8.47340e-03
 19 -0.01064 -1.37869e-04 | 20 -0.00780 -5.33514e-04 | 21 -0.01595  2.26219e-04
 22 -0.01346 -3.14810e-04 | 23 -0.00696 -1.64957e-04 | 24 -0.00405  1.27972e-05
 25 -0.00570  4.21357e-04 | 26 -0.00952  5.98661e-04 | 27 -0.00574  3.82996e-04
 28 -0.00366  3.79722e-04 | 29  0.00124  6.63312e-05 | 30 -0.00309  2.12968e-04
 31  0.00370 -4.59685e-04 | 32 -0.00107 -3.52086e-04 | 33  0.00224 -7.17750e-04
 34  0.00274 -5.45542e-04 | 35  0.00516 -4.25376e-04 | 36  0.00280 -9.47803e-05
 37  0.00401 -1.31595e-04 | 38  0.00720 -3.23342e-04 | 39  0.00737  1.44608e-05
 40  0.00330  3.60456e-04 | 41  0.00642  1.98862e-04 | 42  0.00687  9.63675e-05
 43  0.01181  4.10662e-05 | 44  0.01084 -1.05685e-05 | 45  0.00548  3.42884e-04
 46  0.00646  1.12499e-03 | 47  0.14233 -8.49169e-03 | 48 -0.07254 -5.32828e-05
 49 -0.06110  4.57844e-05 | 50 -0.04776  3.87791e-04 | 51 -0.04866 -1.26738e-04
 52 -0.04414  8.48698e-05 | 53 -0.03764  2.98223e-05 | 54 -0.02262 -1.97950e-05
 55 -0.01386  4.00820e-04 | 56 -0.00208 -1.13957e-04 | 57  0.00586  2.55061e-04
 58  0.01058 -8.78174e-05 | 59  0.02023  4.02358e-04 | 60  0.02047  2.13142e-04
 61  0.01507  3.12423e-04 | 62  0.01036 -5.13622e-05 | 63  0.01059  1.51769e-04
 64  0.00954 -2.96072e-05 | 65  0.01453  1.50131e-04 | 66  0.01597  2.43772e-04
 67  0.01601 -8.32083e-05 | 68  0.01939 -1.89436e-05 | 69  0.02308  1.42277e-04
 70  0.02676  1.48864e-04 | 71  0.02700  7.86680e-06 | 72  0.02414  1.14688e-04
 73  0.02456 -1.63088e-04 | 74  0.02796 -1.07703e-03 | 75  0.02796  4.58480e-04
 76 -0.66187  6.11218e-02 | 77 -0.71969 -1.05484e-02 |
2 0 23465.8
B0234224
0.3 0.267277
0.229095 0.331788
0.217174 0.345437
0.214342 0.348826
0.213624 0.349696
0.213438 0.349921
0.21339 0.34998
0.213377 0.349995
0.213374 0.349999
0.213373 0.35
0.213373 0.35
0.213373 0.35
0.213373 0.35
0.213373 0.35
0.213373 0.35
0.213373 0.35
0.213373 0.35
0.213373 0.35
0.213373 0.35
0.213373 0.35
0.213373 0.35
Survey Bio26.8582
Survey len11668.2
CPUE51.7074
Catch19.8825
Catch len11679.2
initsmo_penal15.4415
F_pen1.16859
Rec_pen3.33448
M_pen0


Starting time: Mon Oct 15 14:52:15 2018
Finishing time: Mon Oct 15 14:52:24 2018
This run took: 0 hours, 0 minutes, 9 seconds.

