survYears 73 74 75 76 77 78 79 80 81 82 83 84 85 86 87 88 89 90 91 92 93 94 95 96 97 98 99 100
SurvLenYear 73 74 75 76 77 78 79 80 81 82 83 84 85 86 87 88 89 90 91 92 93 94 95 96 97 98 99 100
catchBiomass 2270.28 2014.72 3270.61 4726.32 8679.12 15553.2 16924.2 15536.9 24058.3 43930.9 43626.3 58382.7 87407.6 101408 86286.2 88132.2 84614.9 72911.5 86961.1 79295.2 81746.7 79664.4 84431.5 100145 93070.6 120177 120418 111193
steep0.999
25
Out
1 0 34290.8

Initial statistics: 73 variables; iteration 0; function evaluation 0; phase 1
Function value   3.4290767e+04; maximum gradient component mag  -2.2267e+05
Var   Value    Gradient   |Var   Value    Gradient   |Var   Value    Gradient
  1  0.19079  2.22879e+01 |  2  0.17361  2.00694e+02 |  3  0.15864  5.40968e+02
  4  0.15373  8.58946e+02 |  5  0.12535  4.56160e+02 |  6  0.11501  4.40669e+02
  7  0.11268  4.98393e+02 |  8  0.10747  5.23185e+02 |  9  0.08530  2.43203e+02
 10  0.07984  2.77101e+02 | 11  0.07359  2.45631e+02 | 12  0.06741  2.88788e+02
 13  0.04009  3.61991e+01 | 14  0.03751 -4.66193e+01 | 15  0.08316  4.79314e+02
 16 -0.02912 -9.61434e+03 | 17  0.00000 -2.31071e+03 | 18  0.00000  1.94228e+03
 19  0.00000  1.24851e+03 | 20  0.00000  2.41532e+03 | 21  0.00000  1.64540e+03
 22  0.00000 -3.50251e+02 | 23  0.00000  6.76292e+00 | 24  0.00000  2.57143e+03
 25  0.00000  2.59824e+03 | 26  0.00000  7.50833e+02 | 27  0.00000  2.43306e+03
 28  0.00000  2.20304e+03 | 29  0.00000  3.39318e+02 | 30  0.00000 -9.25154e+02
 31  0.00000 -3.09190e+02 | 32  0.00000 -5.54348e+02 | 33  0.00000 -4.05651e+02
 34  0.00000  3.26439e+02 | 35  0.00000 -4.92979e+02 | 36  0.00000  2.14742e+02
 37  0.00000  2.34293e+02 | 38  0.00000  7.45563e+02 | 39  0.00000  9.50039e+02
 40  0.00000 -4.90298e+01 | 41  0.00000  3.62815e+02 | 42  0.00000 -1.78480e+03
 43  0.00000 -4.33220e+03 | 44  0.00000 -9.47378e+03 | 45  0.09059 -2.22673e+05
 46  0.00000  2.61864e+04 | 47  0.00000  1.81104e+04 | 48  0.00000  1.25382e+04
 49  0.00000  8.06579e+03 | 50  0.00000  8.96457e+03 | 51  0.00000  8.61088e+03
 52  0.00000  3.13730e+03 | 53  0.00000 -6.24362e+02 | 54  0.00000 -2.41375e+03
 55  0.00000 -4.08632e+03 | 56  0.00000 -6.16866e+03 | 57  0.00000 -7.15701e+03
 58  0.00000 -6.21514e+03 | 59  0.00000 -5.08656e+03 | 60  0.00000 -4.76323e+03
 61  0.00000 -5.01035e+03 | 62  0.00000 -5.24170e+03 | 63  0.00000 -5.55788e+03
 64  0.00000 -5.98977e+03 | 65  0.00000 -6.39918e+03 | 66  0.00000 -7.18814e+03
 67  0.00000 -7.90520e+03 | 68  0.00000 -7.86858e+03 | 69  0.00000 -7.59676e+03
 70  0.00000 -5.66053e+03 | 71  0.00000 -1.20422e+03 | 72  0.00000  5.81210e+03
 73  0.00000  1.07117e+04 |
1 0 34290.7
1 0 34290.5
1 0 34288.5
1 0 34268.6
1 0 34070.5
1 0 32266.9
1 0 29250.1
1 0 36990.9
1 0 28550
1 0 29173.3
1 0 28246
1 0 28064.5
1 0 27981.6
1 0 28066.6
1 0 27848.1
1 0 27805.6
1 0 27751.3
1 0 27693
1 0 27634.1

Intermediate statistics: 73 variables; iteration 10; function evaluation 19; phase 1
Function value   2.7634165e+04; maximum gradient component mag  -5.0684e+04
Var   Value    Gradient   |Var   Value    Gradient   |Var   Value    Gradient
  1  0.24451  8.13030e+02 |  2  0.18848  9.58809e+01 |  3  0.15426  1.13773e+02
  4  0.13458  1.58821e+02 |  5  0.11802  1.40254e+02 |  6  0.10643  1.26461e+02
  7  0.10041  1.50026e+02 |  8  0.09228  1.37044e+02 |  9  0.08212  1.07398e+02
 10  0.07301  8.50965e+01 | 11  0.06683  1.01071e+02 | 12  0.05597  6.85123e+01
 13  0.04519  7.25695e+00 | 14  0.04877  2.98028e+01 | 15  0.06172  1.26214e+02
 16  0.08276 -4.58677e+03 | 17  0.01086 -4.70052e+02 | 18  0.00462  2.40311e+03
 19 -0.00070  7.50238e+02 | 20 -0.00572  1.32856e+03 | 21 -0.00688  9.51630e+02
 22 -0.01096 -9.47163e+01 | 23 -0.01465 -1.43528e+03 | 24  0.12390  1.95357e+03
 25  0.02860  2.50923e+03 | 26  0.00233  1.11977e+03 | 27 -0.01043  1.52081e+03
 28  0.04826  2.81991e+03 | 29  0.02278 -7.11880e+02 | 30 -0.02584 -4.13051e+03
 31 -0.03681 -2.71661e+03 | 32 -0.02838 -1.53117e+03 | 33 -0.00846  1.74824e+02
 34 -0.01300 -4.41571e+02 | 35 -0.00429 -5.17728e+02 | 36 -0.00678 -5.75509e+02
 37 -0.01102 -3.43961e+02 | 38  0.02914  7.15615e+02 | 39  0.01098  2.06452e+02
 40 -0.00513  7.80978e+02 | 41  0.01708  1.80491e+03 | 42  0.02604  1.03328e+03
 43 -0.02626 -7.43845e+02 | 44 -0.10897 -6.28727e+03 | 45  0.11654 -5.06841e+04
 46 -0.06273  2.90400e+03 | 47 -0.04228  2.96064e+03 | 48 -0.03383  1.41135e+03
 49 -0.00745  2.23336e+03 | 50 -0.01780  9.15507e+02 | 51 -0.10549 -1.50297e+03
 52 -0.07436 -1.92254e+03 | 53  0.02871 -4.89399e+02 | 54  0.03187 -6.92156e+02
 55 -0.11088 -1.26731e+03 | 56  0.01285 -3.24842e+02 | 57  0.07624  8.28878e+03
 58  0.04610  7.43042e+02 | 59 -0.10929 -5.48799e+02 | 60 -0.01114 -4.94235e+03
 61  0.03192 -8.34849e+02 | 62  0.00543 -2.72768e+03 | 63  0.02262 -2.04677e+03
 64  0.03681 -1.12727e+03 | 65 -0.02699 -3.37168e+03 | 66 -0.02195 -3.50329e+03
 67  0.06801  4.48133e+02 | 68 -0.06610 -1.69693e+03 | 69  0.03976 -1.95837e+03
 70  0.03259 -1.26743e+03 | 71  0.10542  2.97925e+03 | 72  0.13427  4.33645e+03
 73  0.01601  1.71865e+03 |
1 0 27609.4
1 0 27591.3
1 0 27570.7
1 0 27560.8
1 0 27557.9
1 0 27555.2
1 0 27554.1
1 0 27550
1 0 27545.8
1 0 27542.1
1 0 27537.4
1 0 27533.9
73 variables; iteration 20; function evaluation 31; phase 1
Function value   2.7534078e+04; maximum gradient component mag  -2.5898e+04
Var   Value    Gradient   |Var   Value    Gradient   |Var   Value    Gradient
  1  0.26841  1.56433e+03 |  2  0.21054  2.73823e+02 |  3  0.15232  7.49174e+01
  4  0.11323 -1.47745e+01 |  5  0.10529  1.11636e+02 |  6  0.09256  8.45645e+01
  7  0.08085  7.30269e+01 |  8  0.07037  2.40909e+01 |  9  0.07294  1.22445e+02
 10  0.06165  5.15333e+01 | 11  0.05374  7.04494e+01 | 12  0.04105 -3.56778e+01
 13  0.05179  6.76822e+01 | 14  0.05888  1.80450e+02 | 15  0.03165 -5.43705e+01
 16  0.09133 -3.84357e+03 | 17  0.02012 -4.01192e+02 | 18  0.00232  2.53725e+03
 19 -0.00393  2.82156e+02 | 20 -0.00946  1.14586e+03 | 21 -0.00894  1.35662e+03
 22 -0.01068  5.97331e+02 | 23 -0.01418 -1.38664e+03 | 24  0.17443  2.42843e+03
 25  0.03229  3.06685e+03 | 26 -0.00460 -3.32546e+02 | 27 -0.01440  1.10433e+03
 28  0.03608  2.48223e+03 | 29  0.02760  1.37554e+02 | 30 -0.02991 -4.92724e+03
 31 -0.02990 -1.79942e+03 | 32 -0.02443 -1.95100e+03 | 33 -0.00411  1.41202e+02
 34 -0.00551  7.62191e+02 | 35 -0.00882 -1.71220e+03 | 36 -0.00089  9.47449e+02
 37 -0.00386 -2.35765e+02 | 38  0.01189  3.55699e+02 | 39  0.00235 -7.85056e+01
 40 -0.01073 -4.97017e+02 | 41  0.02419  2.80718e+03 | 42  0.01544  4.50065e+02
 43 -0.03644 -3.27602e+02 | 44 -0.12287 -5.78235e+03 | 45  0.12143 -2.58982e+04
 46 -0.07678 -2.66314e+02 | 47 -0.04517  1.58797e+03 | 48 -0.03478  5.23914e+02
 49 -0.01660 -7.67713e+02 | 50 -0.02435 -1.25459e+03 | 51 -0.08461 -2.82513e+03
 52 -0.06527 -2.11489e+03 | 53  0.03275  1.97116e+03 | 54  0.03636  1.28098e+03
 55 -0.19656 -1.69644e+03 | 56  0.02266  3.58733e+02 | 57  0.07635  9.21986e+03
 58  0.04823  1.48240e+03 | 59 -0.15748 -1.43952e+03 | 60  0.01238 -2.98405e+03
 61  0.03252  6.35277e+01 | 62  0.01642 -2.64266e+03 | 63  0.02562 -1.63344e+03
 64  0.02556 -2.42735e+03 | 65  0.01566 -3.21852e+03 | 66  0.00709 -3.09814e+03
 67  0.06755  3.27465e+03 | 68 -0.14420 -1.71326e+03 | 69  0.04096 -1.40804e+03
 70  0.04918 -1.10747e+03 | 71  0.10840  3.43913e+03 | 72  0.15324  4.69459e+03
 73  0.06820  6.86937e+02 |
1 0 27531.3
1 0 27531.6
1 0 27530.2
1 0 27529.5
1 0 27528.6
1 0 27527.8
1 0 27527
1 0 27526
1 0 27524.7
1 0 27523
1 0 27521.7
73 variables; iteration 30; function evaluation 42; phase 1
Function value   2.7522055e+04; maximum gradient component mag  -2.2764e+04
Var   Value    Gradient   |Var   Value    Gradient   |Var   Value    Gradient
  1  0.25557  1.38231e+03 |  2  0.19823  2.55051e+02 |  3  0.14430  1.13028e+02
  4  0.09617 -3.63126e+01 |  5  0.08059  6.68186e+01 |  6  0.06460  4.81797e+01
  7  0.05070  3.23100e+01 |  8  0.04080 -1.15218e+01 |  9  0.04636  9.56234e+01
 10  0.03776  3.09413e+01 | 11  0.03254  4.02815e+01 | 12  0.02691 -3.36407e+01
 13  0.04202  9.99162e+01 | 14  0.04258  1.79992e+02 | 15  0.00499 -1.02682e+02
 16  0.08901 -4.02400e+03 | 17  0.01072 -4.87804e+02 | 18  0.00217  2.50969e+03
 19 -0.00431  5.99535e+01 | 20 -0.00928  1.00570e+03 | 21 -0.00926  1.04489e+03
 22 -0.01028  3.53944e+02 | 23 -0.01435 -1.58932e+03 | 24  0.17134  2.30504e+03
 25  0.03275  2.85129e+03 | 26 -0.00360 -3.28012e+02 | 27 -0.01316  1.26997e+03
 28  0.03555  2.24986e+03 | 29  0.02706 -5.32882e+02 | 30 -0.02707 -4.65496e+03
 31 -0.03290 -2.44016e+03 | 32 -0.02628 -2.40807e+03 | 33 -0.00393 -7.70220e+01
 34 -0.00439  7.50760e+02 | 35 -0.00731 -1.42985e+03 | 36 -0.00059  9.71566e+02
 37 -0.00411 -4.34933e+02 | 38  0.01330  3.31294e+02 | 39  0.00277 -2.03918e+01
 40 -0.01024 -5.76687e+02 | 41  0.02615  2.85216e+03 | 42  0.01548  2.74357e+02
 43 -0.03550 -1.99986e+02 | 44 -0.12256 -5.85666e+03 | 45  0.12263 -2.27637e+04
 46 -0.07790 -4.99553e+02 | 47 -0.04635  1.35536e+03 | 48 -0.03485  5.79777e+02
 49 -0.01630 -3.75209e+02 | 50 -0.02345 -9.55486e+02 | 51 -0.08894 -2.97765e+03
 52 -0.06160 -1.96214e+03 | 53  0.03280  2.29163e+03 | 54  0.03687  1.71713e+03
 55 -0.21894 -1.95078e+03 | 56  0.02074  1.67569e+02 | 57  0.07636  9.92680e+03
 58  0.04647  1.18509e+03 | 59 -0.14324 -1.67417e+03 | 60  0.01232 -2.98866e+03
 61  0.03303  4.56499e+02 | 62  0.01732 -2.56954e+03 | 63  0.02362 -2.07551e+03
 64  0.02387 -2.95562e+03 | 65  0.01172 -3.70142e+03 | 66  0.01175 -2.96691e+03
 67  0.06577  2.76403e+03 | 68 -0.15323 -1.89270e+03 | 69  0.04071 -1.40437e+03
 70  0.04970 -1.14377e+03 | 71  0.10783  3.48589e+03 | 72  0.15226  4.36446e+03
 73  0.09231  6.36735e+02 |
1 0 27520.9
1 0 27519.8
1 0 27518.8
1 0 27518.1
1 0 27517.4
1 0 27516.4
1 0 27514.9
1 0 27513.8
1 0 27513.7
1 0 27513.3
1 0 27512.7
73 variables; iteration 40; function evaluation 53; phase 1
Function value   2.7513110e+04; maximum gradient component mag  -2.3757e+04
Var   Value    Gradient   |Var   Value    Gradient   |Var   Value    Gradient
  1  0.25101  1.35148e+03 |  2  0.19522  3.20650e+02 |  3  0.12648  2.28602e+01
  4  0.07956 -5.56082e+01 |  5  0.06481  7.48209e+01 |  6  0.04198  2.16298e+01
  7  0.02304  4.52834e+00 |  8  0.01032 -4.09805e+01 |  9  0.01605  6.67761e+01
 10  0.00928  6.52298e+00 | 11  0.00734  5.07501e+01 | 12 -0.00309 -5.66772e+01
 13  0.00896  4.50914e+01 | 14  0.01490  1.59330e+02 | 15 -0.01829 -9.70381e+01
 16  0.08806 -3.92495e+03 | 17  0.00576 -4.61403e+02 | 18  0.00245  2.55843e+03
 19 -0.00364  9.43943e+01 | 20 -0.00947  9.53613e+02 | 21 -0.01048  7.98645e+02
 22 -0.00995  3.45976e+02 | 23 -0.01246 -1.38293e+03 | 24  0.17267  2.29516e+03
 25  0.03250  2.75764e+03 | 26 -0.00266 -1.56448e+02 | 27 -0.01259  1.32863e+03
 28  0.03301  2.02377e+03 | 29  0.02792 -3.00658e+02 | 30 -0.02640 -4.57211e+03
 31 -0.03278 -2.46824e+03 | 32 -0.02500 -2.20888e+03 | 33 -0.00341  3.78445e+01
 34 -0.00432  6.34207e+02 | 35 -0.00663 -1.41471e+03 | 36  0.00012  1.16826e+03
 37 -0.00498 -6.77581e+02 | 38  0.01232  2.11946e+02 | 39  0.00214 -1.88075e+02
 40 -0.01012 -6.51712e+02 | 41  0.02818  2.89159e+03 | 42  0.01712  3.95957e+02
 43 -0.03670 -1.59771e+02 | 44 -0.12445 -6.05004e+03 | 45  0.12174 -2.37567e+04
 46 -0.07834 -6.23926e+02 | 47 -0.04570  1.31077e+03 | 48 -0.03415  5.70022e+02
 49 -0.01579 -3.15002e+02 | 50 -0.02369 -8.66980e+02 | 51 -0.07899 -2.83945e+03
 52 -0.06261 -2.04049e+03 | 53  0.03329  2.24962e+03 | 54  0.03662  1.32431e+03
 55 -0.19940 -1.85434e+03 | 56  0.02316  1.76150e+02 | 57  0.07705  9.95466e+03
 58  0.04687  1.01173e+03 | 59 -0.15246 -1.60040e+03 | 60  0.01183 -3.14825e+03
 61  0.03222  4.17879e+01 | 62  0.01762 -2.61757e+03 | 63  0.02468 -2.05348e+03
 64  0.02406 -3.10031e+03 | 65  0.01246 -3.67373e+03 | 66  0.01149 -2.97405e+03
 67  0.06679  3.09674e+03 | 68 -0.16285 -1.83099e+03 | 69  0.03946 -1.39771e+03
 70  0.05341 -8.61827e+02 | 71  0.11036  3.76355e+03 | 72  0.15302  4.40923e+03
 73  0.07056  5.50621e+02 |
1 0 27511.8
1 0 27510.4
1 0 27509
1 0 27507.8
1 0 27505.9
1 0 27502.4
1 0 27498.5
1 0 27496.5
1 0 27493.4
1 0 27489.4
73 variables; iteration 50; function evaluation 63; phase 1
Function value   2.7489893e+04; maximum gradient component mag  -2.4079e+04
Var   Value    Gradient   |Var   Value    Gradient   |Var   Value    Gradient
  1  0.24402  1.02820e+03 |  2  0.20322  4.57020e+02 |  3  0.14240  8.67494e+01
  4  0.10299  3.48321e+01 |  5  0.08211  9.37107e+01 |  6  0.05622  2.40905e+01
  7  0.03840  4.32757e+01 |  8  0.01892 -4.68707e+00 |  9  0.00868  8.22187e+01
 10 -0.01966 -1.67035e+01 | 11 -0.03945 -2.37854e+01 | 12 -0.04977 -9.63803e+01
 13 -0.02912  5.67981e+01 | 14 -0.02244  1.60405e+02 | 15 -0.06031 -1.20126e+02
 16  0.09020 -3.57123e+03 | 17  0.00315 -5.89717e+02 | 18  0.00140  2.40042e+03
 19 -0.00402 -2.22317e+01 | 20 -0.00881  1.14075e+03 | 21 -0.01061  7.54229e+02
 22 -0.00786  6.06427e+02 | 23 -0.01103 -1.03286e+03 | 24  0.17300  2.23747e+03
 25  0.03271  2.84320e+03 | 26 -0.00127 -2.90244e+01 | 27 -0.01206  1.28829e+03
 28  0.03683  2.29462e+03 | 29  0.02794 -3.04615e+02 | 30 -0.02703 -4.63239e+03
 31 -0.03274 -2.41688e+03 | 32 -0.02620 -2.34571e+03 | 33 -0.00400 -2.47046e+01
 34 -0.00661  3.95319e+02 | 35 -0.00630 -1.27271e+03 | 36  0.00053  1.08723e+03
 37 -0.00487 -6.27642e+02 | 38  0.01276  2.63888e+02 | 39 -0.00047 -7.72695e+02
 40 -0.01001 -6.19632e+02 | 41  0.02724  2.71570e+03 | 42  0.01716  4.74483e+02
 43 -0.03761 -3.04829e+02 | 44 -0.12314 -5.76797e+03 | 45  0.12341 -2.40795e+04
 46 -0.08046 -7.04179e+02 | 47 -0.04593  1.59663e+03 | 48 -0.03536  5.49856e+02
 49 -0.01948 -8.46754e+02 | 50 -0.02194 -5.88762e+02 | 51 -0.07975 -2.84593e+03
 52 -0.06609 -2.22565e+03 | 53  0.03053  1.64771e+03 | 54  0.03488  1.10925e+03
 55 -0.16715 -1.89800e+03 | 56  0.02257  1.42631e+02 | 57  0.07603  9.79590e+03
 58  0.04614  1.10633e+03 | 59 -0.16874 -1.58163e+03 | 60  0.00902 -3.27696e+03
 61  0.03263  3.11267e+02 | 62  0.01320 -2.85564e+03 | 63  0.02241 -2.21596e+03
 64  0.02432 -2.95053e+03 | 65  0.01138 -3.66928e+03 | 66  0.00787 -3.13670e+03
 67  0.06653  3.61499e+03 | 68 -0.17265 -1.83166e+03 | 69  0.03828 -1.25078e+03
 70  0.05289 -6.91163e+02 | 71  0.10916  3.92554e+03 | 72  0.15122  4.33659e+03
 73  0.09956  7.29109e+02 |
1 0 27483.3
1 0 27473.7
1 0 27461.1
1 0 27455.3
1 0 27445.1
1 0 27426.2
1 0 27398.7
1 0 27386
1 0 27364.2
1 0 27325.4
73 variables; iteration 60; function evaluation 73; phase 1
Function value   2.7325643e+04; maximum gradient component mag  -2.3845e+04
Var   Value    Gradient   |Var   Value    Gradient   |Var   Value    Gradient
  1  0.25623  1.76121e+03 |  2  0.19597  2.82571e+02 |  3  0.15711  2.24617e+02
  4  0.11367 -9.55457e+01 |  5  0.13705  4.46784e+02 |  6  0.10429  1.97210e+01
  7  0.11235  3.52593e+02 |  8  0.07533  1.14708e+02 |  9  0.03300  4.53725e+01
 10 -0.01124  1.40989e+01 | 11 -0.05547  2.36831e+01 | 12 -0.10559 -4.50423e+01
 13 -0.14176 -3.75088e+00 | 14 -0.17697  5.55439e+01 | 15 -0.23109 -1.59794e+02
 16  0.08689 -3.93759e+03 | 17  0.00750 -1.53075e+03 | 18  0.00008  2.72721e+03
 19 -0.00883 -7.75633e+02 | 20 -0.00241  1.90133e+03 | 21 -0.01013  7.63536e+02
 22 -0.00944  1.67657e+02 | 23 -0.00928 -9.76869e+02 | 24  0.16182  2.15574e+03
 25  0.03280  2.72798e+03 | 26 -0.00171 -1.98525e+01 | 27 -0.01313  1.12131e+03
 28  0.03082  1.93828e+03 | 29  0.02969  4.62791e+02 | 30 -0.02371 -4.39825e+03
 31 -0.02892 -1.97940e+03 | 32 -0.02157 -2.01427e+03 | 33 -0.00288  8.48625e+01
 34 -0.00619  3.48273e+02 | 35  0.00035 -6.71518e+02 | 36  0.00915  1.91000e+03
 37 -0.00104 -2.08023e+02 | 38  0.01007 -6.69575e+01 | 39 -0.00139 -3.44714e+02
 40 -0.01404 -1.16577e+03 | 41  0.01873  1.95199e+03 | 42  0.00922 -4.19685e+01
 43 -0.04046 -8.99277e+02 | 44 -0.11762 -5.66229e+03 | 45  0.12225 -2.38454e+04
 46 -0.07790 -5.84685e+02 | 47 -0.04999  1.00978e+03 | 48 -0.02929  1.73403e+03
 49 -0.01743 -5.21445e+02 | 50 -0.02362 -5.66573e+02 | 51 -0.06849 -2.49190e+03
 52 -0.06118 -1.87959e+03 | 53  0.03301  2.37382e+03 | 54  0.03732  1.87002e+03
 55 -0.24731 -2.06623e+03 | 56  0.02539  7.46189e+02 | 57  0.07546  9.04802e+03
 58  0.04816  1.56786e+03 | 59 -0.12712 -1.70886e+03 | 60  0.01708 -2.39037e+03
 61  0.03240  3.74246e+01 | 62  0.00879 -3.24561e+03 | 63  0.02147 -2.37922e+03
 64  0.03177 -2.51783e+03 | 65  0.01034 -3.87137e+03 | 66  0.02507 -1.98766e+03
 67  0.06251  2.22231e+03 | 68 -0.14137 -1.82413e+03 | 69  0.03775 -1.89252e+03
 70  0.05365 -7.86190e+02 | 71  0.10723  3.46742e+03 | 72  0.14308  3.85205e+03
 73  0.06369  6.10793e+02 |
1 0 27273
1 0 27182.2
1 0 27149
1 0 27088
1 0 26991.7
1 0 26833
1 0 26833.9
1 0 26756
1 0 26622.2
1 0 26497.2
1 0 26477
73 variables; iteration 70; function evaluation 84; phase 1
Function value   2.6477076e+04; maximum gradient component mag  -1.8982e+04
Var   Value    Gradient   |Var   Value    Gradient   |Var   Value    Gradient
  1  0.23064  6.67483e+02 |  2  0.14418 -3.17784e+01 |  3  0.07835 -3.15142e+02
  4  0.11874  2.71279e+02 |  5  0.12897  4.68300e+02 |  6  0.08851  2.31318e+02
  7  0.02141 -1.26652e+02 |  8  0.00253 -1.24997e+02 |  9  0.02803 -5.55213e+00
 10  0.06848  7.20272e+02 | 11 -0.07341  8.19288e+01 | 12 -0.24424 -6.73812e+02
 13 -0.18788 -1.08801e+02 | 14 -0.09819 -1.38787e+02 | 15  0.03252  4.90114e+02
 16  0.09243 -2.45278e+03 | 17 -0.01220 -5.99574e+02 | 18 -0.00166  2.18943e+03
 19 -0.00419 -1.67950e+02 | 20 -0.00341  1.36753e+03 | 21 -0.00877  6.68636e+02
 22 -0.00886 -3.32262e+02 | 23 -0.00238 -2.96779e+03 | 24  0.12162  1.53344e+03
 25  0.03067  2.59833e+03 | 26 -0.00009  4.85140e+02 | 27 -0.01194  1.39482e+03
 28  0.00873  1.37490e+02 | 29  0.01699  5.19003e+02 | 30 -0.01070 -2.39377e+03
 31 -0.02037 -7.81990e+02 | 32 -0.00609 -1.09292e+03 | 33  0.00762  1.08933e+03
 34  0.00509  7.77163e+02 | 35  0.00860  1.86629e+02 | 36  0.00457  1.27705e+03
 37 -0.00399 -6.42636e+02 | 38 -0.00297 -1.41861e+03 | 39 -0.00624 -4.67539e+02
 40 -0.01323 -5.77725e+02 | 41  0.01073  1.03518e+03 | 42 -0.01279 -3.32786e+03
 43 -0.01860  4.68482e+02 | 44 -0.06778 -2.56384e+03 | 45  0.12891 -1.89817e+04
 46 -0.08125 -3.42794e+02 | 47 -0.05668  3.50544e+02 | 48 -0.03660  1.03888e+03
 49 -0.02019 -2.23776e+02 | 50 -0.03389 -6.42845e+02 | 51 -0.01494  6.58283e+03
 52 -0.07484 -3.19435e+03 | 53  0.02644  1.50017e+03 | 54  0.03081  8.17445e+02
 55 -0.26313 -2.39960e+03 | 56  0.03657  2.33151e+03 | 57  0.05636  5.09724e+03
 58  0.04269  7.81405e+02 | 59 -0.09310 -2.58063e+03 | 60  0.02400 -7.79906e+02
 61  0.02520 -9.77292e+02 | 62  0.01509 -2.53480e+03 | 63  0.02841 -1.42700e+03
 64  0.02259 -3.00481e+03 | 65  0.01298 -3.50077e+03 | 66  0.02430 -1.44493e+03
 67  0.05216  7.22226e+02 | 68 -0.11838 -2.36675e+03 | 69  0.03995 -1.24414e+03
 70  0.05431  1.90780e+03 | 71  0.06650  1.28672e+03 | 72  0.09952  2.12003e+03
 73  0.12594  1.00846e+03 |
1 0 26495.1
1 0 26470.1
1 0 26462.3
1 0 26447.2
1 0 26335.3
1 0 26140.1
1 0 25817.4
1 0 25261.4
1 0 29063.5
1 0 25066.9
1 0 24874
1 0 24682.1
1 0 24384.7
73 variables; iteration 80; function evaluation 97; phase 1
Function value   2.4384864e+04; maximum gradient component mag  -5.3724e+04
Var   Value    Gradient   |Var   Value    Gradient   |Var   Value    Gradient
  1  0.19469 -4.68131e+02 |  2  0.16105 -2.19549e+02 |  3  0.15038  2.57758e+02
  4  0.10533  8.07284e+01 |  5  0.06851  5.71945e+01 |  6  0.03142 -3.77193e+01
  7  0.01338 -3.78438e+01 |  8  0.01187  1.06701e+02 |  9 -0.01659 -4.25857e+00
 10 -0.04115 -1.47599e+02 | 11 -0.01975  1.21013e+02 | 12 -0.03222  9.29471e+01
 13 -0.07086 -4.40874e+01 | 14 -0.09549 -1.60614e+02 | 15 -0.07051  8.46150e+01
 16  0.10517  3.19263e+03 | 17 -0.03497 -4.17948e+02 | 18 -0.02876 -1.78712e+03
 19 -0.01441 -3.26896e+00 | 20 -0.01667 -2.88309e+02 | 21 -0.01159 -2.00806e+02
 22 -0.00562 -3.39180e+02 | 23  0.00548  1.77002e+03 | 24 -0.00379 -1.13323e+03
 25  0.00796  1.50928e+03 | 26 -0.00632  7.35619e+02 | 27 -0.02459  1.03520e+02
 28 -0.00658 -2.39090e+01 | 29 -0.01051 -3.75399e+03 | 30  0.01890  2.14271e+03
 31  0.00670 -5.04669e+02 | 32  0.02017  3.10949e+03 | 33  0.00960  2.89785e+02
 34  0.00892  1.22288e+02 | 35  0.01271  6.42740e+02 | 36  0.00928 -2.90296e+02
 37  0.01303  4.06851e+02 | 38  0.01356  1.23180e+03 | 39  0.00319 -3.00598e+01
 40 -0.00570 -1.47977e+03 | 41  0.00067 -8.06115e+02 | 42  0.00783  6.18505e+02
 43  0.01050  5.62134e+02 | 44  0.02151 -1.80362e+03 | 45  0.13461 -5.37235e+04
 46 -0.06724  5.05932e+03 | 47 -0.06461  1.58983e+03 | 48 -0.04943  1.21932e+03
 49 -0.02702  1.18992e+03 | 50 -0.02864  1.87223e+03 | 51 -0.03480  1.27570e+03
 52 -0.02278  5.58639e+02 | 53  0.00593  1.66489e+03 | 54  0.01779 -2.04077e+03
 55 -0.12007 -1.11038e+03 | 56  0.00693 -3.92058e+03 | 57  0.01850 -1.35788e+03
 58  0.03230  7.83422e+02 | 59  0.02208  1.05882e+03 | 60  0.02414  2.21382e+02
 61  0.01498 -9.92886e+02 | 62  0.02112  1.90190e+02 | 63  0.01889 -3.90663e+02
 64  0.02162  9.98376e+01 | 65  0.02692  7.54467e+02 | 66  0.02151 -7.50415e+02
 67  0.03238 -9.03982e+02 | 68  0.00926 -2.06277e+03 | 69  0.02950 -4.35336e+02
 70  0.02350 -1.78487e+03 | 71  0.01943 -2.36092e+03 | 72  0.01020  2.46584e+01
 73  0.04001  2.87116e+03 |
1 0 24093.7
1 0 23945.6
1 0 54419.3
1 0 23927.3
1 0 23893
1 0 23828.1
1 0 23710.6
1 0 23526.8
1 0 23398.8
1 0 23335
1 0 23297.5
1 0 23248.2
73 variables; iteration 90; function evaluation 109; phase 1
Function value   2.3248220e+04; maximum gradient component mag  -7.2649e+03
Var   Value    Gradient   |Var   Value    Gradient   |Var   Value    Gradient
  1  0.21903 -5.94361e+01 |  2  0.17044  3.60382e+01 |  3  0.08779 -1.66320e+02
  4  0.06085 -2.36018e+01 |  5  0.04814  1.30785e+01 |  6  0.03952  1.90349e+01
  7  0.03299  3.00001e+01 |  8  0.02471  3.13144e+01 |  9  0.01329  1.51507e+01
 10  0.00225  4.44231e+00 | 11 -0.00624 -1.23938e+00 | 12 -0.01111  1.82120e+01
 13 -0.01853  1.92091e+01 | 14 -0.02923  1.23651e+01 | 15 -0.04172 -3.65636e+01
 16  0.10968  1.24401e+02 | 17 -0.02497  5.69570e+01 | 18 -0.01846 -1.13955e+02
 19 -0.01251  3.16822e+01 | 20 -0.01843 -6.82159e+01 | 21 -0.01571 -6.29955e+01
 22 -0.00941 -1.47189e+02 | 23 -0.00662 -2.18179e+01 | 24 -0.00845  1.30346e+02
 25 -0.00887 -2.32250e+02 | 26  0.00152  1.43968e+02 | 27 -0.00565  1.63955e+02
 28 -0.00903 -4.62722e+02 | 29  0.00510  6.57207e+02 | 30  0.00979  3.50516e+02
 31  0.00506  3.22852e+02 | 32  0.00381 -2.89981e+02 | 33  0.00496 -1.95112e+01
 34  0.00440 -1.05368e+02 | 35  0.00953  7.80654e+01 | 36  0.00771  3.45596e+00
 37  0.00864 -5.20765e+01 | 38  0.00595 -2.49830e+02 | 39  0.00586  1.86878e+02
 40  0.01371  2.11398e+02 | 41  0.01043  2.42036e+02 | 42  0.01395  1.72440e+02
 43  0.00961 -8.33376e+02 | 44  0.01836  8.71321e+01 | 45  0.15053 -7.26489e+03
 46 -0.08918  4.96270e+02 | 47 -0.07009  3.61808e+02 | 48 -0.05522  1.82789e+02
 49 -0.03431  3.46633e+02 | 50 -0.03733  4.60544e+02 | 51 -0.04231  4.47573e+02
 52 -0.02536 -1.77511e+02 | 53 -0.01186 -7.72925e+02 | 54 -0.00074 -2.89023e+02
 55  0.00661  4.77721e+02 | 56  0.01076 -5.08556e+02 | 57  0.01764 -1.36711e+03
 58  0.02236 -1.73730e+02 | 59  0.01506 -1.90304e+02 | 60  0.01493  3.19980e+02
 61  0.01373 -1.01823e+02 | 62  0.01492  1.69318e+02 | 63  0.01627 -6.59606e+01
 64  0.01727 -6.62521e+01 | 65  0.02009  3.49885e+02 | 66  0.02224  5.49241e+02
 67  0.01908 -9.68866e+02 | 68  0.02720  8.59810e+01 | 69  0.02589 -3.09928e+02
 70  0.02978  3.35833e+01 | 71  0.02772  3.01269e+02 | 72  0.02110 -5.73754e+01
 73  0.02309  3.64004e+02 |
1 0 23227.9
1 0 23221.5
1 0 23218.6
1 0 23217.6
1 0 23217.3
1 0 23217.3
1 0 23217.2
1 0 23217.2
1 0 23217.2
1 0 23217.2
73 variables; iteration 100; function evaluation 119; phase 1
Function value   2.3217164e+04; maximum gradient component mag   7.6174e+00
Var   Value    Gradient   |Var   Value    Gradient   |Var   Value    Gradient
  1  0.22074  1.39974e+00 |  2  0.17235  1.84801e-01 |  3  0.11715  2.06096e-01
  4  0.07575  7.60566e-01 |  5  0.04569  7.75594e-01 |  6  0.02326  1.27284e+00
  7  0.00577  7.21182e-01 |  8 -0.00817  2.35698e-01 |  9 -0.01935 -5.17832e-01
 10 -0.02815  2.68671e-02 | 11 -0.03509 -6.23244e-02 | 12 -0.04041 -2.15299e-01
 13 -0.04422  3.47523e-01 | 14 -0.04681  1.57813e-01 | 15 -0.04818 -4.48644e-01
 16  0.11040 -4.69238e+00 | 17 -0.02429 -7.01213e+00 | 18 -0.01782  4.40987e+00
 19 -0.01245 -2.59686e-01 | 20 -0.01788  6.60493e-01 | 21 -0.01545  2.85894e-01
 22 -0.00886 -1.83907e+00 | 23 -0.00625 -5.03588e+00 | 24 -0.00772 -8.35221e-01
 25 -0.00689 -2.51414e+00 | 26  0.00050 -1.03489e+00 | 27 -0.00682 -1.08378e+00
 28 -0.00469  6.19214e+00 | 29  0.00357  2.15847e+00 | 30  0.00719  1.15267e+00
 31  0.00339  9.07742e-01 | 32  0.00506 -4.53495e-01 | 33  0.00616  6.57996e-02
 34  0.00537 -6.69632e-03 | 35  0.00994 -4.04189e-01 | 36  0.00799  2.86400e+00
 37  0.00878  1.15327e+00 | 38  0.00813  1.23751e+00 | 39  0.00699  5.04928e-01
 40  0.01194 -3.45454e-01 | 41  0.00906 -2.34615e+00 | 42  0.01337  1.01093e+00
 43  0.01324 -6.75475e-01 | 44  0.00842  9.40148e-01 | 45  0.15298 -2.49343e+00
 46 -0.09163 -6.69901e+00 | 47 -0.07207 -3.75671e+00 | 48 -0.05628 -9.96720e-01
 49 -0.03610 -8.47816e-01 | 50 -0.03946 -6.09304e-01 | 51 -0.04493  4.45406e+00
 52 -0.02560 -1.11519e+00 | 53 -0.00883  2.80710e+00 | 54 -0.00036  7.61736e+00
 55  0.00259 -1.94761e+00 | 56  0.01318 -2.24454e+00 | 57  0.02282 -5.24407e+00
 58  0.02082  1.53477e+00 | 59  0.01452  1.17604e+00 | 60  0.01309  3.69941e+00
 61  0.01417  5.18964e-01 | 62  0.01390 -4.85855e+00 | 63  0.01622  3.70877e+00
 64  0.01719 -2.69058e+00 | 65  0.01807  9.02403e-01 | 66  0.01952 -4.31767e+00
 67  0.02393 -4.70082e+00 | 68  0.02546  2.84161e+00 | 69  0.02635  5.31047e+00
 70  0.02825 -1.50777e+00 | 71  0.02845  6.96009e+00 | 72  0.02815  1.28429e+00
 73  0.02807 -3.27544e-01 |
1 0 23217.2
1 0 23217.2
1 0 23217.2
1 0 23217.2
1 0 23217.2
1 0 23217.2
1 0 23217.2
1 0 23217.2
1 0 23217.2
1 0 23217.2

 - final statistics:
73 variables; iteration 110; function evaluation 129
Function value   2.3217e+04; maximum gradient component mag  -8.8704e-02
Exit code = 1;  converg criter   1.0000e-01
Var   Value    Gradient   |Var   Value    Gradient   |Var   Value    Gradient
  1  0.22086  4.17880e-03 |  2  0.17259 -6.61799e-03 |  3  0.11722  7.36078e-03
  4  0.07551  2.31338e-03 |  5  0.04521  5.75477e-03 |  6  0.02261  2.01453e-03
  7  0.00520 -1.50777e-03 |  8 -0.00851  2.43727e-03 |  9 -0.01944 -3.04688e-03
 10 -0.02815 -1.50972e-03 | 11 -0.03501  5.26039e-04 | 12 -0.04027  5.91292e-04
 13 -0.04410  1.53055e-03 | 14 -0.04660 -1.67559e-03 | 15 -0.04784  1.19173e-02
 16  0.11047 -7.94595e-02 | 17 -0.02404  2.85951e-02 | 18 -0.01781  1.10184e-02
 19 -0.01246  1.88775e-02 | 20 -0.01790  6.76108e-03 | 21 -0.01546  1.27526e-03
 22 -0.00885 -1.68119e-02 | 23 -0.00622 -6.25845e-02 | 24 -0.00770  8.64354e-03
 25 -0.00688  2.03873e-02 | 26  0.00049 -2.50529e-02 | 27 -0.00681 -3.49025e-02
 28 -0.00474  6.29728e-03 | 29  0.00354  6.73540e-02 | 30  0.00716  1.05420e-02
 31  0.00337  6.58616e-02 | 32  0.00504 -1.23319e-02 | 33  0.00615 -5.26005e-03
 34  0.00537  2.27896e-02 | 35  0.00992 -1.09405e-02 | 36  0.00796 -2.45121e-02
 37  0.00876 -8.62060e-03 | 38  0.00812  6.23108e-03 | 39  0.00698  1.37000e-02
 40  0.01193  9.81700e-04 | 41  0.00906  2.44593e-03 | 42  0.01335 -6.73799e-03
 43  0.01322 -1.46285e-02 | 44  0.00845 -4.40057e-02 | 45  0.15298  8.82596e-02
 46 -0.09159  7.65474e-02 | 47 -0.07206  6.65223e-02 | 48 -0.05628  3.68712e-02
 49 -0.03610  4.01488e-02 | 50 -0.03946  6.80925e-02 | 51 -0.04495  5.12381e-02
 52 -0.02560 -9.12234e-03 | 53 -0.00884 -3.67509e-02 | 54 -0.00039  8.93487e-03
 55  0.00260  7.87301e-03 | 56  0.01318  4.27905e-02 | 57  0.02283 -4.67866e-02
 58  0.02081 -8.87042e-02 | 59  0.01451 -3.60828e-02 | 60  0.01307 -5.94916e-02
 61  0.01417 -9.96737e-03 | 62  0.01393 -6.03523e-02 | 63  0.01620  4.29718e-02
 64  0.01720 -9.75408e-03 | 65  0.01805 -3.17429e-03 | 66  0.01954  3.47801e-03
 67  0.02395  1.07848e-02 | 68  0.02544 -1.91216e-02 | 69  0.02633 -1.40251e-02
 70  0.02826 -2.17167e-02 | 71  0.02841 -2.82633e-02 | 72  0.02812 -1.37591e-02
 73  0.02812 -3.50584e-03 |
1 0 23217.2
B050895.7
0.3 0.597756
0.512362 0.47725
0.698642 0.411623
0.82165 0.379724
0.89143 0.364427
0.928176 0.357038
0.946841 0.353444
0.956156 0.351687
0.960766 0.350828
0.963038 0.350406
0.964155 0.350199
0.964704 0.350098
0.964973 0.350048
0.965106 0.350024
0.965171 0.350012
0.965202 0.350006
0.965218 0.350003
0.965226 0.350001
0.96523 0.350001
0.965231 0.35
0.965232 0.35
FutMOrt0.90758
FutMOrt0.90758
FutMOrt0.90758
FutMOrt0.90758
FutMOrt0.90758
FutMOrt0.90758
FutMOrt0.90758
FutMOrt0.90758
FutMOrt0.90758
FutMOrt0.90758
2 0 23217.2

Initial statistics: 77 variables; iteration 0; function evaluation 0; phase 2
Function value   2.3217160e+04; maximum gradient component mag   6.4245e+03
Var   Value    Gradient   |Var   Value    Gradient   |Var   Value    Gradient
  1 -0.81017 -1.21346e+02 |  2 -0.69964 -3.87809e+02 |  3  0.22086  4.17880e-03
  4  0.17259 -6.61799e-03 |  5  0.11722  7.36078e-03 |  6  0.07551  2.31338e-03
  7  0.04521  5.75477e-03 |  8  0.02261  2.01453e-03 |  9  0.00520 -1.50777e-03
 10 -0.00851  2.43727e-03 | 11 -0.01944 -3.04688e-03 | 12 -0.02815 -1.50972e-03
 13 -0.03501  5.26039e-04 | 14 -0.04027  5.91292e-04 | 15 -0.04410  1.53055e-03
 16 -0.04660 -1.67559e-03 | 17 -0.04784  1.19173e-02 | 18  0.11047 -7.94595e-02
 19 -0.02404  2.76889e-02 | 20 -0.01781  1.01119e-02 | 21 -0.01246  1.79709e-02
 22 -0.01790  5.85462e-03 | 23 -0.01546  3.68710e-04 | 24 -0.00885 -1.77186e-02
 25 -0.00622 -6.34912e-02 | 26 -0.00770  7.73678e-03 | 27 -0.00688  1.94805e-02
 28  0.00049 -2.59597e-02 | 29 -0.00681 -3.58093e-02 | 30 -0.00474  5.39048e-03
 31  0.00354  6.64472e-02 | 32  0.00716  9.63523e-03 | 33  0.00337  6.49548e-02
 34  0.00504 -1.32387e-02 | 35  0.00615 -6.16682e-03 | 36  0.00537  2.18828e-02
 37  0.00992 -1.18472e-02 | 38  0.00796 -2.54188e-02 | 39  0.00876 -9.52734e-03
 40  0.00812  5.32433e-03 | 41  0.00698  1.27932e-02 | 42  0.01193  7.50391e-05
 43  0.00906  1.53920e-03 | 44  0.01335 -7.64461e-03 | 45  0.01322 -1.55351e-02
 46  0.00845 -4.49124e-02 | 47  0.15298  8.82596e-02 | 48 -0.09159  7.66472e-02
 49 -0.07206  6.66224e-02 | 50 -0.05628  3.69717e-02 | 51 -0.03610  4.02494e-02
 52 -0.03946  6.81932e-02 | 53 -0.04495  5.13386e-02 | 54 -0.02560 -9.02162e-03
 55 -0.00884 -3.66501e-02 | 56 -0.00039  9.03567e-03 | 57  0.00260  7.97381e-03
 58  0.01318  4.28912e-02 | 59  0.02283 -4.66859e-02 | 60  0.02081 -8.86034e-02
 61  0.01451 -3.59821e-02 | 62  0.01307 -5.93908e-02 | 63  0.01417 -9.86660e-03
 64  0.01393 -6.02515e-02 | 65  0.01620  4.30726e-02 | 66  0.01720 -9.65332e-03
 67  0.01805 -3.07353e-03 | 68  0.01954  3.57877e-03 | 69  0.02395  1.08855e-02
 70  0.02544 -1.90209e-02 | 71  0.02633 -1.39243e-02 | 72  0.02826 -2.16160e-02
 73  0.02841 -2.81626e-02 | 74  0.02812 -1.36584e-02 | 75  0.02812 -3.40514e-03
 76 -0.56940  6.42455e+03 | 77 -0.45038 -1.46579e+03 |
2 0 23217.1
2 0 23216.9
2 0 23215
2 0 23199
2 0 23248.6
2 0 23195.2
2 0 23187.8
2 0 23148.1
2 0 23163.3
2 0 23127.9
2 0 23099.4
2 0 23053.6
2 0 23030.3
2 0 23026.3
2 0 23044.6
2 0 23019.2
2 0 23053.7
2 0 23017.1
2 0 23015.4

Intermediate statistics: 77 variables; iteration 10; function evaluation 19; phase 2
Function value   2.3016455e+04; maximum gradient component mag  -4.3376e+03
Var   Value    Gradient   |Var   Value    Gradient   |Var   Value    Gradient
  1 -0.77957 -2.36268e+02 |  2 -0.63007 -1.98844e+02 |  3  0.22603  1.76075e+02
  4  0.17214  4.86797e+01 |  5  0.11555  2.41210e+01 |  6  0.07406  1.89539e+01
  7  0.04424  1.37129e+01 |  8  0.02196  9.59120e+00 |  9  0.00474  6.99234e+00
 10 -0.00887  5.39055e+00 | 11 -0.01972  4.36997e+00 | 12 -0.02839  3.69156e+00
 13 -0.03522  3.23227e+00 | 14 -0.04046  2.92124e+00 | 15 -0.04427  2.71667e+00
 16 -0.04676  2.59655e+00 | 17 -0.04800  2.52150e+00 | 18  0.05747  1.19261e+03
 19 -0.01933 -3.77760e+02 | 20 -0.01506  1.43214e+02 | 21 -0.01123  1.01840e+02
 22 -0.01769 -2.18792e+02 | 23 -0.01505  1.03512e+02 | 24 -0.00700  3.27673e+02
 25 -0.00391 -1.36276e+02 | 26 -0.00748 -2.75721e+02 | 27 -0.00692 -1.89103e+01
 28  0.00072  9.58998e+01 | 29 -0.00625 -1.35152e+02 | 30 -0.00497 -2.17220e+02
 31  0.00277  3.92427e+01 | 32  0.00556 -5.59690e+01 | 33  0.00284  9.27311e+01
 34  0.00502  1.38126e+02 | 35  0.00576  1.36145e+02 | 36  0.00424 -3.42143e+01
 37  0.00876  1.29529e+02 | 38  0.00687  3.57895e+01 | 39  0.00788  6.76674e+01
 40  0.00683 -1.31309e+01 | 41  0.00569 -2.18760e+01 | 42  0.01093  1.64136e+02
 43  0.00761 -5.53243e+01 | 44  0.01223  1.60094e+02 | 45  0.01238  1.33364e+02
 46  0.00873 -3.43686e+02 | 47  0.15086 -4.33761e+03 | 48 -0.08896  1.02319e+03
 49 -0.07160  5.77004e+02 | 50 -0.05439  7.65840e+02 | 51 -0.03588  2.02486e+02
 52 -0.03894  1.40837e+02 | 53 -0.04364  4.37796e+02 | 54 -0.02436  6.36483e+02
 55 -0.00829  4.07973e+02 | 56  0.00012  2.34096e+02 | 57  0.00383  4.69704e+02
 58  0.01425  4.47118e+02 | 59  0.02337  1.86281e+02 | 60  0.02259  3.72666e+02
 61  0.01473  1.43680e+02 | 62  0.01302  1.54138e+01 | 63  0.01409 -1.04603e+02
 64  0.01388 -2.12363e+01 | 65  0.01566 -8.64854e+01 | 66  0.01669 -9.55290e+01
 67  0.01783 -7.09607e+01 | 68  0.01970  4.41388e+01 | 69  0.02354  1.87327e+01
 70  0.02530 -6.30831e+01 | 71  0.02611  1.88279e+01 | 72  0.02772 -9.40100e+01
 73  0.02782 -1.53783e+02 | 74  0.02769  3.96813e+02 | 75  0.02657  4.30471e+02
 76 -0.64822 -2.08592e+03 | 77 -0.59398  5.21421e+02 |
2 0 23012.6
2 0 23007.7
2 0 23002.3
2 0 23000.1
2 0 23003.7
2 0 22999.2
2 0 23000.2
2 0 22999
2 0 22998.7
2 0 22998.7
2 0 22998.7
2 0 22998.7
77 variables; iteration 20; function evaluation 31; phase 2
Function value   2.2999655e+04; maximum gradient component mag  -6.5196e+03
Var   Value    Gradient   |Var   Value    Gradient   |Var   Value    Gradient
  1 -0.70749  7.11193e+01 |  2 -0.56197  1.50512e+02 |  3  0.22590  1.95739e+02
  4  0.17354  5.60401e+01 |  5  0.11504  1.48902e+01 |  6  0.07207  6.44121e+00
  7  0.04218  6.26108e+00 |  8  0.02039  5.94307e+00 |  9  0.00362  4.75981e+00
 10 -0.00968  3.62962e+00 | 11 -0.02035  2.83897e+00 | 12 -0.02890  2.32153e+00
 13 -0.03565  1.98178e+00 | 14 -0.04084  1.75760e+00 | 15 -0.04462  1.61220e+00
 16 -0.04709  1.52501e+00 | 17 -0.04832  1.46643e+00 | 18  0.05850  9.53865e+02
 19 -0.01937 -3.96823e+02 | 20 -0.01467  2.42697e+02 | 21 -0.01199  1.80596e+01
 22 -0.01791 -2.08283e+02 | 23 -0.01518  8.11658e+01 | 24 -0.00626  5.19419e+02
 25 -0.00470 -3.52736e+02 | 26 -0.00752 -2.61193e+02 | 27 -0.00717 -5.91186e+01
 28  0.00058  2.64065e+01 | 29 -0.00584 -7.00636e+01 | 30 -0.00441 -1.71410e+02
 31  0.00316  9.92502e+00 | 32  0.00644  6.89367e+01 | 33  0.00321  3.82401e+01
 34  0.00563  1.30530e+02 | 35  0.00627  1.23264e+02 | 36  0.00492  5.06875e+00
 37  0.00927  1.47322e+02 | 38  0.00732  6.81613e+01 | 39  0.00811  6.49773e+01
 40  0.00689  7.44410e-01 | 41  0.00572 -1.51328e+01 | 42  0.01112  1.73211e+02
 43  0.00823  1.47755e+00 | 44  0.01271  1.83822e+02 | 45  0.01204  1.66851e+02
 46  0.00363 -3.75262e+02 | 47  0.15175 -6.51961e+03 | 48 -0.08857  1.07506e+03
 49 -0.07243  4.47509e+02 | 50 -0.05459  7.69098e+02 | 51 -0.03665  1.17774e+02
 52 -0.04019 -1.37361e+02 | 53 -0.04383  3.89619e+02 | 54 -0.02456  6.53861e+02
 55 -0.00826  4.69666e+02 | 56 -0.00012  2.74717e+02 | 57  0.00313  3.65116e+02
 58  0.01374  3.56544e+02 | 59  0.02335  2.12517e+02 | 60  0.02217  2.71598e+02
 61  0.01440  1.18098e+02 | 62  0.01312  4.52524e+01 | 63  0.01435 -3.23646e+01
 64  0.01417  7.79069e+01 | 65  0.01600 -2.25246e+00 | 66  0.01680 -3.11589e+01
 67  0.01795 -1.52228e+01 | 68  0.01983  8.91236e+01 | 69  0.02329  3.82524e+01
 70  0.02516 -5.65081e+01 | 71  0.02578  1.03096e+01 | 72  0.02786 -9.32742e+01
 73  0.02831 -1.58706e+02 | 74  0.03071  3.90809e+02 | 75  0.02734  5.19974e+02
 76 -0.64711 -1.75817e+03 | 77 -0.59118  4.94574e+02 |
2 0 22998.7
2 0 22998.7
2 0 22998.7
2 0 22998.6
2 0 22998.7
2 0 22998.6
2 0 22998.6
2 0 22998.6
2 0 22998.6
2 0 22998.6
2 0 22998.6
2 0 22998.6
77 variables; iteration 30; function evaluation 43; phase 2
Function value   2.2999602e+04; maximum gradient component mag  -6.5619e+03
Var   Value    Gradient   |Var   Value    Gradient   |Var   Value    Gradient
  1 -0.70679  7.91572e+01 |  2 -0.56224  1.51956e+02 |  3  0.22655  1.93553e+02
  4  0.17472  5.91062e+01 |  5  0.11653  1.92969e+01 |  6  0.07303  7.71015e+00
  7  0.04240  5.26137e+00 |  8  0.02013  4.46780e+00 |  9  0.00323  3.88716e+00
 10 -0.01001  3.37494e+00 | 11 -0.02059  2.84227e+00 | 12 -0.02907  2.37421e+00
 13 -0.03578  2.02784e+00 | 14 -0.04094  1.79335e+00 | 15 -0.04470  1.64317e+00
 16 -0.04716  1.55577e+00 | 17 -0.04838  1.49814e+00 | 18  0.05875  9.57938e+02
 19 -0.01812 -3.84255e+02 | 20 -0.01465  2.35384e+02 | 21 -0.01206  1.33617e+01
 22 -0.01793 -2.06213e+02 | 23 -0.01520  8.15894e+01 | 24 -0.00626  5.25280e+02
 25 -0.00469 -3.45680e+02 | 26 -0.00746 -2.48535e+02 | 27 -0.00725 -6.69274e+01
 28  0.00049  2.51684e+01 | 29 -0.00598 -8.15242e+01 | 30 -0.00447 -1.71742e+02
 31  0.00315  1.77799e+01 | 32  0.00641  7.12824e+01 | 33  0.00318  4.02638e+01
 34  0.00561  1.34926e+02 | 35  0.00621  1.19745e+02 | 36  0.00479 -2.89160e+00
 37  0.00912  1.38852e+02 | 38  0.00718  6.03525e+01 | 39  0.00801  6.18781e+01
 40  0.00684  4.45843e+00 | 41  0.00564 -1.61609e+01 | 42  0.01104  1.73724e+02
 43  0.00813 -4.78819e+00 | 44  0.01265  1.80808e+02 | 45  0.01204  1.66644e+02
 46  0.00379 -3.64908e+02 | 47  0.15182 -6.56190e+03 | 48 -0.08855  1.08296e+03
 49 -0.07254  4.35363e+02 | 50 -0.05470  7.60231e+02 | 51 -0.03669  1.22923e+02
 52 -0.04022 -1.32112e+02 | 53 -0.04394  3.80717e+02 | 54 -0.02457  6.61041e+02
 55 -0.00825  4.83222e+02 | 56 -0.00018  2.76370e+02 | 57  0.00305  3.64467e+02
 58  0.01368  3.57596e+02 | 59  0.02329  2.10480e+02 | 60  0.02215  2.74707e+02
 61  0.01433  1.16141e+02 | 62  0.01311  5.17540e+01 | 63  0.01434 -2.41593e+01
 64  0.01412  8.06837e+01 | 65  0.01590 -7.44979e+00 | 66  0.01669 -3.82818e+01
 67  0.01784 -2.43310e+01 | 68  0.01975  8.38952e+01 | 69  0.02322  3.40391e+01
 70  0.02508 -6.27800e+01 | 71  0.02569  4.38302e+00 | 72  0.02779 -9.27546e+01
 73  0.02825 -1.53626e+02 | 74  0.03061  3.87172e+02 | 75  0.02900  5.32316e+02
 76 -0.64715 -1.76461e+03 | 77 -0.59131  4.94917e+02 |
2 0 22998.6
2 0 22998.6
2 0 22998.6
2 0 22998.6
2 0 22998.6
2 0 22998.6
2 0 22998.6
2 0 22998.6
2 0 22998.6
2 0 22998.6
2 0 22998.6
77 variables; iteration 40; function evaluation 54; phase 2
Function value   2.2999520e+04; maximum gradient component mag  -6.5424e+03
Var   Value    Gradient   |Var   Value    Gradient   |Var   Value    Gradient
  1 -0.70670  7.99203e+01 |  2 -0.56242  1.51858e+02 |  3  0.22663  1.93077e+02
  4  0.17494  5.94507e+01 |  5  0.11706  2.18750e+01 |  6  0.07339  4.48382e+00
  7  0.04370  1.05278e+01 |  8  0.02107  8.54118e+00 |  9  0.00272  3.34910e+00
 10 -0.01188  3.37165e-01 | 11 -0.02307 -1.18309e-01 | 12 -0.03143  9.24813e-01
 13 -0.03773  1.76027e+00 | 14 -0.04250  1.94530e+00 | 15 -0.04600  1.82856e+00
 16 -0.04830  1.68766e+00 | 17 -0.04944  1.59694e+00 | 18  0.05878  9.53944e+02
 19 -0.01796 -3.83139e+02 | 20 -0.01467  2.29497e+02 | 21 -0.01203  1.90597e+01
 22 -0.01786 -1.97152e+02 | 23 -0.01521  8.12234e+01 | 24 -0.00638  5.06880e+02
 25 -0.00467 -3.42110e+02 | 26 -0.00740 -2.36035e+02 | 27 -0.00732 -7.75750e+01
 28  0.00048  2.57582e+01 | 29 -0.00605 -8.49892e+01 | 30 -0.00461 -1.73875e+02
 31  0.00307  1.83047e+01 | 32  0.00637  5.84225e+01 | 33  0.00316  3.66739e+01
 34  0.00574  1.65881e+02 | 35  0.00610  9.52536e+01 | 36  0.00487  1.96205e+01
 37  0.00907  1.17913e+02 | 38  0.00727  8.64474e+01 | 39  0.00789  4.58993e+01
 40  0.00671 -2.19104e+01 | 41  0.00559 -3.53990e+01 | 42  0.01127  2.16586e+02
 43  0.00820 -5.13984e-01 | 44  0.01267  1.80969e+02 | 45  0.01206  1.72989e+02
 46  0.00384 -3.65591e+02 | 47  0.15181 -6.54238e+03 | 48 -0.08852  1.08546e+03
 49 -0.07253  4.35900e+02 | 50 -0.05471  7.52694e+02 | 51 -0.03661  1.32309e+02
 52 -0.04033 -1.48780e+02 | 53 -0.04390  3.85147e+02 | 54 -0.02452  6.64676e+02
 55 -0.00826  4.78036e+02 | 56 -0.00016  2.78311e+02 | 57  0.00323  3.90856e+02
 58  0.01351  3.18918e+02 | 59  0.02309  1.60804e+02 | 60  0.02219  2.80333e+02
 61  0.01431  1.13065e+02 | 62  0.01318  5.05554e+01 | 63  0.01436 -2.35311e+01
 64  0.01406  6.16752e+01 | 65  0.01597  4.95387e+00 | 66  0.01676 -3.47179e+01
 67  0.01777 -4.18236e+01 | 68  0.01978  9.59897e+01 | 69  0.02335  7.37693e+01
 70  0.02519 -4.98778e+01 | 71  0.02573  1.92386e+00 | 72  0.02786 -8.57387e+01
 73  0.02828 -1.53028e+02 | 74  0.03056  3.81799e+02 | 75  0.02860  5.28415e+02
 76 -0.64715 -1.76020e+03 | 77 -0.59131  4.94286e+02 |
2 0 22998.5
2 0 22998.5
2 0 22998.4
2 0 22998.4
2 0 22998.4
2 0 22998.3
2 0 22998.2
2 0 22998.2
2 0 22998.2
2 0 22998.1
2 0 22998.1
2 0 22997.9
77 variables; iteration 50; function evaluation 66; phase 2
Function value   2.2998772e+04; maximum gradient component mag  -6.3063e+03
Var   Value    Gradient   |Var   Value    Gradient   |Var   Value    Gradient
  1 -0.70664  7.62637e+01 |  2 -0.56406  1.49582e+02 |  3  0.22603  1.76029e+02
  4  0.17477  5.21672e+01 |  5  0.11671  1.76330e+01 |  6  0.07284  1.13381e+01
  7  0.04004  2.89298e-01 |  8  0.01613  9.15768e-01 |  9 -0.00226 -1.97599e+00
 10 -0.01607  1.04693e+01 | 11 -0.03003  1.64211e+00 | 12 -0.04227 -6.58066e+00
 13 -0.05085 -7.92254e+00 | 14 -0.05563 -4.29717e+00 | 15 -0.05784 -8.33846e-02
 16 -0.05880  2.08918e+00 | 17 -0.05919  2.66625e+00 | 18  0.05858  9.23748e+02
 19 -0.01902 -3.65718e+02 | 20 -0.01479  2.07268e+02 | 21 -0.01204  2.18949e+01
 22 -0.01783 -1.86325e+02 | 23 -0.01542  4.32059e+01 | 24 -0.00645  4.78725e+02
 25 -0.00431 -2.89469e+02 | 26 -0.00720 -2.16721e+02 | 27 -0.00722 -6.54467e+01
 28  0.00031 -5.44062e+00 | 29 -0.00604 -9.27247e+01 | 30 -0.00450 -1.41395e+02
 31  0.00306  4.53094e+00 | 32  0.00648  7.01340e+01 | 33  0.00306  2.37055e+01
 34  0.00556  1.18214e+02 | 35  0.00614  1.10265e+02 | 36  0.00489  5.89973e+00
 37  0.00918  1.19746e+02 | 38  0.00752  1.10748e+02 | 39  0.00831  8.60849e+01
 40  0.00702  3.29282e+00 | 41  0.00565 -1.28162e+01 | 42  0.01082  1.39360e+02
 43  0.00801 -1.32510e+01 | 44  0.01263  1.60326e+02 | 45  0.01227  1.89199e+02
 46  0.00411 -3.39732e+02 | 47  0.15187 -6.30631e+03 | 48 -0.08853  1.05963e+03
 49 -0.07266  4.02331e+02 | 50 -0.05475  7.32045e+02 | 51 -0.03668  1.18963e+02
 52 -0.04050 -1.67718e+02 | 53 -0.04367  4.07148e+02 | 54 -0.02472  6.16027e+02
 55 -0.00813  4.83223e+02 | 56 -0.00050  2.12807e+02 | 57  0.00350  4.42123e+02
 58  0.01323  2.55036e+02 | 59  0.02298  1.30839e+02 | 60  0.02231  2.92374e+02
 61  0.01410  6.90719e+01 | 62  0.01320  6.08828e+01 | 63  0.01418 -5.35849e+01
 64  0.01408  6.60019e+01 | 65  0.01601  1.41640e+01 | 66  0.01673 -4.17805e+01
 67  0.01785 -3.93119e+01 | 68  0.02013  1.44423e+02 | 69  0.02331  4.74370e+01
 70  0.02506 -6.60894e+01 | 71  0.02547 -3.60865e+01 | 72  0.02776 -9.60863e+01
 73  0.02832 -1.42914e+02 | 74  0.03063  3.83966e+02 | 75  0.02906  5.07097e+02
 76 -0.64717 -1.71207e+03 | 77 -0.59132  4.86533e+02 |
2 0 22997.8
2 0 22998
2 0 22997.8
2 0 22997.7
2 0 22997.6
2 0 22997.6
2 0 22997.5
2 0 22997.5
2 0 22997.3
2 0 22997.1
2 0 22997.6
2 0 22997
2 0 22996.9
77 variables; iteration 60; function evaluation 79; phase 2
Function value   2.2997617e+04; maximum gradient component mag  -5.9485e+03
Var   Value    Gradient   |Var   Value    Gradient   |Var   Value    Gradient
  1 -0.70647  6.95868e+01 |  2 -0.56630  1.45565e+02 |  3  0.22555  1.45377e+02
  4  0.17498  4.34089e+01 |  5  0.11652  1.44319e+01 |  6  0.07160  8.50302e+00
  7  0.03739 -6.55872e+00 |  8  0.01315  3.32392e+00 |  9 -0.00700 -9.25149e+00
 10 -0.02103  4.01636e+00 | 11 -0.03378 -6.63477e+00 | 12 -0.04266  4.98038e+00
 13 -0.05149  8.59979e+00 | 14 -0.06164 -1.26482e+00 | 15 -0.07041 -8.18715e+00
 16 -0.07585 -8.03754e+00 | 17 -0.07811 -5.08477e+00 | 18  0.05849  8.72327e+02
 19 -0.01941 -3.26687e+02 | 20 -0.01495  1.81223e+02 | 21 -0.01227 -1.06924e+01
 22 -0.01761 -1.51764e+02 | 23 -0.01530  5.54492e+01 | 24 -0.00666  4.26447e+02
 25 -0.00469 -3.23969e+02 | 26 -0.00755 -2.49152e+02 | 27 -0.00678 -2.20734e+00
 28  0.00062  2.66226e+01 | 29 -0.00600 -9.07350e+01 | 30 -0.00461 -1.72910e+02
 31  0.00366  9.21625e+01 | 32  0.00677  1.03274e+02 | 33  0.00306  2.76262e+01
 34  0.00548  9.54450e+01 | 35  0.00630  1.22814e+02 | 36  0.00505  2.68445e+01
 37  0.00866  5.23304e+01 | 38  0.00733  9.90501e+01 | 39  0.00798  1.67639e+01
 40  0.00684  1.10392e+01 | 41  0.00525 -8.48002e+01 | 42  0.01122  1.92674e+02
 43  0.00840  3.30181e+01 | 44  0.01262  1.31804e+02 | 45  0.01229  1.88467e+02
 46  0.00452 -3.03081e+02 | 47  0.15194 -5.94847e+03 | 48 -0.08860  1.00427e+03
 49 -0.07288  3.42862e+02 | 50 -0.05499  6.68294e+02 | 51 -0.03662  1.08836e+02
 52 -0.04028 -1.36018e+02 | 53 -0.04358  4.05172e+02 | 54 -0.02525  5.10621e+02
 55 -0.00836  4.19548e+02 | 56 -0.00033  2.10547e+02 | 57  0.00358  4.33736e+02
 58  0.01299  2.12334e+02 | 59  0.02319  1.45525e+02 | 60  0.02259  3.10156e+02
 61  0.01397  2.11356e+01 | 62  0.01306  2.52962e+01 | 63  0.01412 -7.35450e+01
 64  0.01465  1.42357e+02 | 65  0.01563 -5.26731e+01 | 66  0.01640 -1.05594e+02
 67  0.01810  1.18506e+01 | 68  0.01999  1.15261e+02 | 69  0.02297 -2.54139e+00
 70  0.02523 -4.70372e+01 | 71  0.02553 -5.20524e+01 | 72  0.02815 -4.16013e+01
 73  0.02802 -1.88618e+02 | 74  0.03067  3.81500e+02 | 75  0.02899  4.68812e+02
 76 -0.64715 -1.64408e+03 | 77 -0.59127  4.76877e+02 |
2 0 22996.7
2 0 22996.7
2 0 22996.5
2 0 22996.3
2 0 22995.3
2 0 22998.7
2 0 22995
2 0 22994.5
2 0 22993.6
2 0 22993.9
2 0 22993.2
2 0 22992.5
2 0 22994.5
2 0 22992.3
77 variables; iteration 70; function evaluation 93; phase 2
Function value   2.2992491e+04; maximum gradient component mag  -4.1871e+03
Var   Value    Gradient   |Var   Value    Gradient   |Var   Value    Gradient
  1 -0.70510  4.29564e+01 |  2 -0.57377  1.25268e+02 |  3  0.22627  3.88592e+01
  4  0.17711  3.00552e+01 |  5  0.11875 -3.41184e+00 |  6  0.07846  4.41912e+00
  7  0.05149  1.62501e+01 |  8  0.03025  6.63559e+00 |  9  0.01441  1.06537e+01
 10  0.00081  3.82828e+01 | 11 -0.02017 -1.89241e+01 | 12 -0.03288  5.23387e+01
 13 -0.05942 -5.88252e+01 | 14 -0.06711  1.57569e+01 | 15 -0.07870 -2.69366e+00
 16 -0.08878 -6.98484e+00 | 17 -0.09617 -2.25452e+01 | 18  0.05969  6.52727e+02
 19 -0.01472 -1.29009e+02 | 20 -0.01523  1.04475e+02 | 21 -0.01215  1.04054e+01
 22 -0.01751 -1.08805e+02 | 23 -0.01530  6.24011e+01 | 24 -0.00724  2.73849e+02
 25 -0.00444 -1.74942e+02 | 26 -0.00738 -1.56870e+02 | 27 -0.00738 -4.42013e+01
 28  0.00002 -1.72372e+01 | 29 -0.00617 -6.41386e+01 | 30 -0.00447 -1.04100e+02
 31  0.00305  3.44297e+01 | 32  0.00630  5.63795e+01 | 33  0.00340  1.00957e+02
 34  0.00533  7.10859e+01 | 35  0.00553  1.64627e+01 | 36  0.00527  6.89932e+01
 37  0.00874  8.27277e+01 | 38  0.00675 -3.64156e+00 | 39  0.00764  2.46334e+01
 40  0.00660 -8.60384e+00 | 41  0.00522 -7.45530e+01 | 42  0.01063  1.06730e+02
 43  0.00838  7.39545e+01 | 44  0.01193  6.08476e+00 | 45  0.01185  1.26986e+02
 46  0.00561 -1.63679e+02 | 47  0.15222 -4.18714e+03 | 48 -0.09000  6.04981e+02
 49 -0.07287  2.15453e+02 | 50 -0.05596  3.64975e+02 | 51 -0.03662  2.89133e+01
 52 -0.03959 -4.32334e+01 | 53 -0.04405  2.19779e+02 | 54 -0.02562  3.08369e+02
 55 -0.00871  2.27793e+02 | 56 -0.00075  5.13871e+01 | 57  0.00305  2.51869e+02
 58  0.01330  1.65525e+02 | 59  0.02302  4.19532e+01 | 60  0.02193  1.35792e+02
 61  0.01427 -1.79534e+01 | 62  0.01388  9.08267e+01 | 63  0.01341 -2.19390e+02
 64  0.01523  1.93436e+02 | 65  0.01584 -8.65233e+01 | 66  0.01697 -3.63824e+01
 67  0.01793 -6.01061e+01 | 68  0.01978  2.57084e+01 | 69  0.02367  6.88171e+01
 70  0.02517 -8.76139e+01 | 71  0.02566 -8.31122e+01 | 72  0.02861  1.07804e+01
 73  0.02773 -2.34348e+02 | 74  0.03018  2.83038e+02 | 75  0.02787  2.88386e+02
 76 -0.64671 -1.30744e+03 | 77 -0.59052  4.29589e+02 |
2 0 22992
2 0 22990.6
2 0 22995.2
2 0 22990.3
2 0 22989.5
2 0 22988.6
2 0 22988.3
2 0 22988.3
2 0 22988.1
2 0 22995
2 0 22988.1
2 0 22988.1
2 0 22988.1
2 0 22988.1
2 0 22988
2 0 22987.8
2 0 22985.6
2 0 22981.6
77 variables; iteration 80; function evaluation 111; phase 2
Function value   2.2981616e+04; maximum gradient component mag  -9.0073e+02
Var   Value    Gradient   |Var   Value    Gradient   |Var   Value    Gradient
  1 -0.69630  1.87352e+01 |  2 -0.61546  7.15005e+01 |  3  0.22316 -9.31973e+01
  4  0.17517 -1.66065e+01 |  5  0.11668 -1.30892e+01 |  6  0.07272 -8.55784e+00
  7  0.04159 -9.59879e-01 |  8  0.01763 -7.43687e+00 |  9  0.00032 -1.37531e+00
 10 -0.01349  5.55701e+00 | 11 -0.02671 -7.53185e+00 | 12 -0.03598 -2.70838e+00
 13 -0.04307  4.66042e-01 | 14 -0.04914 -6.41062e+00 | 15 -0.05226  1.84023e+01
 16 -0.05999 -2.77396e+01 | 17 -0.05854  7.53479e+00 | 18  0.05991  2.22596e+02
 19 -0.01681  7.72726e+01 | 20 -0.01611 -2.72837e+01 | 21 -0.01194  2.63550e+01
 22 -0.01701 -1.01239e+01 | 23 -0.01539  2.45174e+01 | 24 -0.00844 -3.51117e+01
 25 -0.00391  3.22934e+01 | 26 -0.00697 -4.96915e+01 | 27 -0.00715 -1.53170e+01
 28  0.00016 -2.16286e+00 | 29 -0.00641 -6.26958e+01 | 30 -0.00411 -2.82367e+01
 31  0.00318  3.97527e+01 | 32  0.00635  5.29196e+01 | 33  0.00351  5.95800e+01
 34  0.00534  2.38270e+01 | 35  0.00575  3.64190e+00 | 36  0.00486  2.79243e+01
 37  0.00887  2.56351e+01 | 38  0.00690 -8.17841e+00 | 39  0.00764 -1.03471e+01
 40  0.00668 -5.37442e+00 | 41  0.00564 -8.95322e+00 | 42  0.01031 -2.12556e+01
 43  0.00799 -1.54726e+01 | 44  0.01225  1.52689e+01 | 45  0.01195  1.80182e+01
 46  0.00706  1.19730e+01 | 47  0.15280 -9.00735e+02 | 48 -0.09250 -4.67042e+01
 49 -0.07310  1.90857e+01 | 50 -0.05743 -6.47164e+01 | 51 -0.03653 -3.14786e+01
 52 -0.03914  4.65430e+01 | 53 -0.04444 -6.68232e+00 | 54 -0.02672 -4.89025e+01
 55 -0.00944 -5.99699e+01 | 56 -0.00062 -5.22962e+01 | 57  0.00216 -3.15645e+01
 58  0.01299 -1.57826e+01 | 59  0.02301 -6.33172e+01 | 60  0.02136 -7.31652e+01
 61  0.01472 -2.77083e+01 | 62  0.01367 -6.66071e+00 | 63  0.01465 -7.11971e+01
 64  0.01425 -4.10550e+01 | 65  0.01643 -3.93525e+01 | 66  0.01727 -2.94988e+01
 67  0.01825 -6.08305e+01 | 68  0.01971 -5.58980e+01 | 69  0.02363 -3.08204e+01
 70  0.02559 -6.48761e+01 | 71  0.02601 -3.29243e+01 | 72  0.02846 -5.08182e+01
 73  0.02909 -7.12306e+00 | 74  0.02847 -2.12750e+01 | 75  0.02823  8.38879e+00
 76 -0.64775 -6.90758e+02 | 77 -0.59862  3.06051e+02 |
2 0 22976.7
2 0 23003.7
2 0 22976.7
2 0 22975.9
2 0 22974.9
2 0 22973.7
2 0 22982.4
2 0 22973
2 0 22972.6
2 0 22972.3
2 0 22972.2
2 0 22972.2
2 0 22972
2 0 26189.7
2 0 22972
2 0 22972
2 0 22972
2 0 22972
2 0 22972
77 variables; iteration 90; function evaluation 130; phase 2
Function value   2.2971989e+04; maximum gradient component mag   2.7243e+02
Var   Value    Gradient   |Var   Value    Gradient   |Var   Value    Gradient
  1 -0.67018  2.72428e+02 |  2 -0.75487  4.18199e+01 |  3  0.22334  7.87981e+00
  4  0.17388  3.94930e+00 |  5  0.11711 -2.44781e-01 |  6  0.07403 -1.88268e-02
  7  0.04319  1.10009e+00 |  8  0.02019 -1.53085e+00 |  9  0.00305 -9.21333e-02
 10 -0.01027  3.07100e+00 | 11 -0.02165 -2.66393e+00 | 12 -0.02999  9.41068e-01
 13 -0.03676 -6.29727e-01 | 14 -0.04173 -1.13350e+00 | 15 -0.04491  5.94704e+00
 16 -0.04854 -6.37819e+00 | 17 -0.04899  2.60763e+00 | 18  0.06158  7.52771e+00
 19 -0.01786 -3.42796e+00 | 20 -0.01650  3.69150e+00 | 21 -0.01222 -3.95685e+00
 22 -0.01716 -5.87876e+00 | 23 -0.01557  1.33216e+00 | 24 -0.00848  1.37349e+01
 25 -0.00427 -1.13580e+01 | 26 -0.00650 -6.45956e+00 | 27 -0.00675  1.55259e+00
 28  0.00051  6.07654e-01 | 29 -0.00593 -2.65730e+00 | 30 -0.00384 -5.25402e+00
 31  0.00326  2.82807e+00 | 32  0.00630  5.17187e+00 | 33  0.00317  1.47073e+00
 34  0.00521 -2.22545e+00 | 35  0.00584 -8.16529e+00 | 36  0.00487  5.70851e+00
 37  0.00900  5.37826e+00 | 38  0.00720 -1.09445e+00 | 39  0.00803 -2.49548e+00
 40  0.00710  4.11558e+00 | 41  0.00604 -2.37637e+00 | 42  0.01085  2.78770e+00
 43  0.00842  4.22070e+00 | 44  0.01244  8.24333e-01 | 45  0.01179  6.34189e+00
 46  0.00503 -1.12614e+01 | 47  0.15283 -1.51048e+02 | 48 -0.09248  2.32785e+01
 49 -0.07346  3.83858e+00 | 50 -0.05719  1.33854e+01 | 51 -0.03674  1.61709e+00
 52 -0.03947  1.75758e+00 | 53 -0.04462  6.17725e+00 | 54 -0.02667  8.26892e+00
 55 -0.00940  6.81025e+00 | 56 -0.00063  6.78408e+00 | 57  0.00224  8.49831e+00
 58  0.01296  1.38013e+00 | 59  0.02308  3.98791e+00 | 60  0.02140  8.97551e+00
 61  0.01453  8.35933e-01 | 62  0.01343  6.62510e+00 | 63  0.01471 -1.20107e+01
 64  0.01419  1.01153e+01 | 65  0.01636 -3.77310e-01 | 66  0.01720  2.68019e+00
 67  0.01832 -5.12066e+00 | 68  0.01978  3.59879e+00 | 69  0.02364  6.07274e+00
 70  0.02573 -2.97086e+00 | 71  0.02601 -2.19632e+00 | 72  0.02856 -6.85513e-01
 73  0.02902 -1.57860e+00 | 74  0.02972  3.72312e+00 | 75  0.02936  9.29319e+00
 76 -0.65663  9.48423e+01 | 77 -0.66698  2.90683e+00 |
2 0 22971.9
2 0 22971.9
2 0 26181.8
2 0 22971.9
2 0 22971.9
2 0 22971.9
2 0 22971.9
2 0 22971.9
2 0 22972.3
2 0 22971.9
2 0 26184.9
2 0 22971.9
2 0 22971.9
2 0 22971.9
2 0 22971.9
2 0 22971.9
2 0 22971.9
2 0 26191.4
2 0 22971.9
2 0 22971.9
2 0 22971.9
2 0 22971.9
2 0 22971.9
2 0 22971.9
2 0 26192.5
2 0 22971.9
2 0 22971.9
2 0 22971.9
2 0 26196.1
2 0 22971.9
2 0 22971.9
2 0 22971.9
2 0 22971.9
2 0 22971.9
2 0 22971.9
2 0 26195.7
2 0 22971.9
2 0 22971.9
2 0 22971.9
2 0 22971.9
2 0 22971.9
2 0 22971.9
2 0 26194.3
2 0 22971.9
2 0 22971.9
2 0 22971.9
2 0 22971.9
2 0 22971.9
2 0 22971.9
2 0 26194.8
2 0 22971.9
2 0 22971.9
2 0 22971.9
2 0 22971.9
2 0 22971.9
2 0 22971.9
2 0 22971.9
2 0 26193.5
2 0 22971.9
2 0 22971.9
2 0 22971.9
2 0 22971.9
2 0 22971.9
2 0 22971.9
2 0 22971.9
2 0 26193.3
2 0 22971.9
2 0 22971.9
2 0 22971.9
2 0 22971.9
2 0 22971.9
2 0 26192.4
2 0 22971.9
2 0 22971.9
2 0 22971.9
2 0 22971.9
2 0 22971.9
2 0 22971.9
2 0 22971.9
2 0 22971.9
2 0 22971.9
2 0 26193.7
2 0 22971.9
2 0 22971.9
2 0 22971.9
2 0 22971.9
2 0 22971.9
2 0 22971.9
2 0 22971.9
2 0 22971.9
2 0 26193.5
2 0 22971.9
2 0 22971.9
2 0 22971.9
2 0 22971.9
2 0 22971.9
2 0 22971.9
2 0 22971.9
77 variables; iteration 100; function evaluation 228; phase 2
Function value   2.2971877e+04; maximum gradient component mag   2.5796e+05
Var   Value    Gradient   |Var   Value    Gradient   |Var   Value    Gradient
  1 -0.66908  2.57962e+05 |  2 -0.76218  3.86529e+04 |  3  0.22324  5.18771e+00
  4  0.17369  2.28347e+00 |  5  0.11704 -2.01085e-02 |  6  0.07398  6.28638e-02
  7  0.04312  6.46606e-01 |  8  0.02023 -8.03300e-01 |  9  0.00297 -4.70923e-02
 10 -0.01048  1.66944e+00 | 11 -0.02159 -1.42756e+00 | 12 -0.03005  5.40907e-01
 13 -0.03681 -3.33658e-01 | 14 -0.04187 -5.84725e-01 | 15 -0.04532  3.14897e+00
 16 -0.04839 -3.33677e+00 | 17 -0.04921  1.37943e+00 | 18  0.06134  2.00424e+01
 19 -0.01801 -5.36110e+00 | 20 -0.01651  1.05842e+00 | 21 -0.01220 -2.98546e+00
 22 -0.01713 -4.30572e+00 | 23 -0.01557  5.62415e-01 | 24 -0.00851  7.79954e+00
 25 -0.00424 -8.65703e+00 | 26 -0.00647 -4.07464e+00 | 27 -0.00675  1.06610e+00
 28  0.00051  1.11860e+00 | 29 -0.00591 -1.95779e+00 | 30 -0.00382 -3.35242e+00
 31  0.00324  1.97439e+00 | 32  0.00627  3.49902e+00 | 33  0.00316  5.34447e-01
 34  0.00521 -1.12855e+00 | 35  0.00587 -3.66553e+00 | 36  0.00485  3.03049e+00
 37  0.00898  3.88125e+00 | 38  0.00720  1.44585e-01 | 39  0.00804 -3.70823e-01
 40  0.00709  3.09422e+00 | 41  0.00604 -6.08474e-01 | 42  0.01085  3.09270e+00
 43  0.00841  2.80275e+00 | 44  0.01244  1.39219e+00 | 45  0.01179  3.89737e+00
 46  0.00514 -8.69998e+00 | 47  0.15283 -1.18466e+02 | 48 -0.09253  1.48381e+01
 49 -0.07346  3.92789e+00 | 50 -0.05721  9.70602e+00 | 51 -0.03673  8.45585e-01
 52 -0.03949  6.13937e-02 | 53 -0.04463  4.26104e+00 | 54 -0.02668  6.76413e+00
 55 -0.00940  5.08702e+00 | 56 -0.00064  3.76790e+00 | 57  0.00222  5.57763e+00
 58  0.01297  1.69413e+00 | 59  0.02307  2.17635e+00 | 60  0.02138  4.37398e+00
 61  0.01453  2.19714e-01 | 62  0.01341  2.89326e+00 | 63  0.01474 -7.70463e+00
 64  0.01417  5.08373e+00 | 65  0.01636 -9.40409e-01 | 66  0.01720  9.01381e-01
 67  0.01834 -3.52834e+00 | 68  0.01977  1.49633e+00 | 69  0.02363  3.23986e+00
 70  0.02574 -2.40873e+00 | 71  0.02602 -1.30237e+00 | 72  0.02856 -9.34616e-01
 73  0.02901 -1.45960e+00 | 74  0.02967  3.76882e+00 | 75  0.02947  7.11046e+00
 76 -0.65775  5.98937e-01 | 77 -0.67393  1.00358e+01 |
2 0 22971.9
2 0 22971.9
2 0 22971.8
2 0 22971.8
2 0 22971.8
2 0 22971.8
2 0 22971.8
2 0 22971.8
2 0 22971.8
2 0 22971.8
77 variables; iteration 110; function evaluation 238; phase 2
Function value   2.2971773e+04; maximum gradient component mag   1.2471e+04
Var   Value    Gradient   |Var   Value    Gradient   |Var   Value    Gradient
  1 -0.66909  1.24714e+04 |  2 -0.76210  1.86237e+03 |  3  0.22310  2.84682e-02
  4  0.17350  3.81452e-02 |  5  0.11698 -2.95281e-02 |  6  0.07392 -1.62864e-02
  7  0.04304  2.48947e-02 |  8  0.02027 -5.36474e-02 |  9  0.00289 -6.10796e-03
 10 -0.01072  9.06464e-02 | 11 -0.02155 -8.21450e-02 | 12 -0.03014  1.92966e-02
 13 -0.03689 -1.18336e-02 | 14 -0.04206 -3.14199e-02 | 15 -0.04581  1.50489e-01
 16 -0.04829 -1.69762e-01 | 17 -0.04948  6.50853e-02 | 18  0.06097  4.86914e+00
 19 -0.01813 -7.36249e-01 | 20 -0.01651 -1.34053e-01 | 21 -0.01217 -2.05490e-01
 22 -0.01710 -4.36660e-01 | 23 -0.01557  5.01740e-02 | 24 -0.00852  3.23960e-01
 25 -0.00418 -8.28308e-01 | 26 -0.00645 -4.55377e-01 | 27 -0.00676  3.14589e-02
 28  0.00050  1.28943e-01 | 29 -0.00590 -3.63117e-01 | 30 -0.00379 -3.35430e-01
 31  0.00323  2.87976e-01 | 32  0.00626  5.07406e-01 | 33  0.00318  8.99912e-02
 34  0.00524  3.40480e-02 | 35  0.00591  2.67531e-02 | 36  0.00483  2.23326e-01
 37  0.00897  4.72324e-01 | 38  0.00720  1.76284e-01 | 39  0.00804  1.80161e-01
 40  0.00706  3.45744e-01 | 41  0.00604  9.41864e-02 | 42  0.01083  4.76396e-01
 43  0.00839  1.93889e-01 | 44  0.01243  3.32305e-01 | 45  0.01178  3.34324e-01
 46  0.00521 -9.66604e-01 | 47  0.15286 -2.14601e+01 | 48 -0.09259  1.17685e+00
 49 -0.07347  6.53482e-01 | 50 -0.05725  9.23749e-01 | 51 -0.03673  1.08952e-01
 52 -0.03950  4.49322e-03 | 53 -0.04463  3.79260e-01 | 54 -0.02670  7.16648e-01
 55 -0.00941  4.15882e-01 | 56 -0.00065  1.13078e-01 | 57  0.00220  4.36502e-01
 58  0.01297  2.34466e-01 | 59  0.02307 -8.90901e-02 | 60  0.02136 -1.83954e-01
 61  0.01453 -1.14275e-01 | 62  0.01340 -7.88913e-02 | 63  0.01479 -7.40762e-01
 64  0.01415  2.54832e-02 | 65  0.01636 -3.44205e-01 | 66  0.01718 -1.88824e-01
 67  0.01835 -4.63527e-01 | 68  0.01976 -2.10566e-01 | 69  0.02361  4.79811e-02
 70  0.02575 -4.52416e-01 | 71  0.02602 -1.75111e-01 | 72  0.02856 -3.38411e-01
 73  0.02901 -3.50258e-01 | 74  0.02964  4.94623e-01 | 75  0.02963  1.10150e+00
 76 -0.66208 -2.99446e+01 | 77 -0.70455  4.13617e+00 |
2 0 22971.8
2 0 22971.8
2 0 22971.8
2 0 22971.8
2 0 22971.8
2 0 22971.8
2 0 22971.8
2 0 22971.8
2 0 22971.8
2 0 22971.8
2 0 22971.8
2 0 22971.8
77 variables; iteration 120; function evaluation 250; phase 2
Function value   2.2971772e+04; maximum gradient component mag   3.1499e+03
Var   Value    Gradient   |Var   Value    Gradient   |Var   Value    Gradient
  1 -0.66911  3.14993e+03 |  2 -0.76196  4.71558e+02 |  3  0.22309  2.36752e-03
  4  0.17350 -2.33654e-03 |  5  0.11698  2.03000e-04 |  6  0.07392 -1.89238e-04
  7  0.04304 -1.06977e-03 |  8  0.02028  9.81077e-04 |  9  0.00289  2.35878e-04
 10 -0.01073 -1.85463e-03 | 11 -0.02154  1.61147e-03 | 12 -0.03014 -1.80989e-03
 13 -0.03689  1.10031e-03 | 14 -0.04207  8.10211e-04 | 15 -0.04583 -5.51204e-03
 16 -0.04828  5.97857e-03 | 17 -0.04949 -2.14503e-03 | 18  0.06095  8.62551e-02
 19 -0.01813 -2.50239e-02 | 20 -0.01651 -7.71880e-03 | 21 -0.01217 -7.61383e-03
 22 -0.01710 -9.51964e-03 | 23 -0.01557 -6.92384e-03 | 24 -0.00852 -2.60861e-02
 25 -0.00418 -2.15924e-04 | 26 -0.00645 -4.98612e-03 | 27 -0.00676 -1.01042e-02
 28  0.00050 -9.36752e-03 | 29 -0.00590 -6.57215e-03 | 30 -0.00379 -4.62110e-03
 31  0.00323  3.36465e-03 | 32  0.00626  2.68173e-02 | 33  0.00318 -2.00908e-03
 34  0.00524  1.86346e-03 | 35  0.00591  1.46744e-02 | 36  0.00483  7.58440e-04
 37  0.00897  9.52964e-03 | 38  0.00720  1.00086e-02 | 39  0.00804  9.41409e-03
 40  0.00706  7.17209e-03 | 41  0.00604  7.22190e-03 | 42  0.01083  1.01657e-02
 43  0.00839 -2.76858e-03 | 44  0.01243  1.06747e-02 | 45  0.01178  5.42097e-03
 46  0.00520 -3.80840e-04 | 47  0.15286 -6.23787e-01 | 48 -0.09259 -1.24200e-02
 49 -0.07347  1.62199e-02 | 50 -0.05725  6.73036e-03 | 51 -0.03673  2.41073e-02
 52 -0.03950  2.24571e-02 | 53 -0.04463 -4.87561e-03 | 54 -0.02670  5.33102e-03
 55 -0.00941 -4.43435e-03 | 56 -0.00066 -2.33784e-03 | 57  0.00220 -6.01262e-03
 58  0.01297 -5.13123e-03 | 59  0.02306 -1.85875e-02 | 60  0.02136 -5.04557e-02
 61  0.01453 -8.84475e-03 | 62  0.01340 -1.60193e-02 | 63  0.01479 -1.76747e-03
 64  0.01415 -2.26186e-02 | 65  0.01636 -1.50597e-02 | 66  0.01718 -1.31279e-02
 67  0.01835 -7.23586e-03 | 68  0.01976 -2.40257e-02 | 69  0.02361 -1.05468e-02
 70  0.02575 -1.49399e-02 | 71  0.02602 -1.47297e-03 | 72  0.02856 -1.63235e-02
 73  0.02901 -1.50649e-02 | 74  0.02965  1.49875e-03 | 75  0.02965  2.52572e-02
 76 -0.66409 -3.96961e+00 | 77 -0.72008  5.04448e-01 |
2 0 22971.8
2 0 22971.8
2 0 22971.8
2 0 22971.8
2 0 22971.8
2 0 22971.8
2 0 22971.8
2 0 22971.8
2 0 22971.8
2 0 22971.8
2 0 22971.8
2 0 22971.8
77 variables; iteration 130; function evaluation 262; phase 2
Function value   2.2971772e+04; maximum gradient component mag   1.8285e+03
Var   Value    Gradient   |Var   Value    Gradient   |Var   Value    Gradient
  1 -0.66913  1.82851e+03 |  2 -0.76182  2.74005e+02 |  3  0.22309  4.00651e-02
  4  0.17350  1.00801e-02 |  5  0.11698 -7.77576e-04 |  6  0.07392 -1.79483e-03
  7  0.04304  1.86305e-03 |  8  0.02028 -4.96066e-03 |  9  0.00289  2.15758e-03
 10 -0.01073  1.03704e-02 | 11 -0.02154 -6.79932e-03 | 12 -0.03014 -4.90355e-03
 13 -0.03689  4.95322e-03 | 14 -0.04207 -1.36931e-03 | 15 -0.04583  1.95944e-03
 16 -0.04828 -4.99085e-03 | 17 -0.04949  3.05655e-03 | 18  0.06095 -7.24436e-01
 19 -0.01813  4.20031e-02 | 20 -0.01651  5.69924e-02 | 21 -0.01217  2.90894e-02
 22 -0.01710  4.35226e-02 | 23 -0.01557 -1.40443e-03 | 24 -0.00852 -1.13934e-02
 25 -0.00418  4.90001e-02 | 26 -0.00645  4.05785e-02 | 27 -0.00676  1.16288e-02
 28  0.00050 -2.14432e-02 | 29 -0.00590  3.46114e-02 | 30 -0.00379  2.38527e-02
 31  0.00323 -3.72112e-02 | 32  0.00626 -6.48015e-02 | 33  0.00318 -2.93068e-02
 34  0.00524 -3.04982e-02 | 35  0.00591 -4.02583e-02 | 36  0.00483 -9.14570e-03
 37  0.00897 -3.31148e-02 | 38  0.00720 -2.26758e-02 | 39  0.00804 -2.65777e-02
 40  0.00706 -1.00136e-02 | 41  0.00604 -1.30066e-02 | 42  0.01083 -3.60435e-02
 43  0.00839 -6.28782e-03 | 44  0.01243 -4.12521e-02 | 45  0.01178 -2.26013e-02
 46  0.00520  9.62070e-02 | 47  0.15286  7.13674e-01 | 48 -0.09259 -5.14669e-02
 49 -0.07347 -6.38401e-02 | 50 -0.05725 -6.29142e-02 | 51 -0.03673  8.61414e-03
 52 -0.03950  6.21320e-03 | 53 -0.04463 -4.18625e-02 | 54 -0.02670 -5.47222e-02
 55 -0.00941 -2.55823e-02 | 56 -0.00066  8.41598e-03 | 57  0.00220 -2.58679e-02
 58  0.01297 -2.02785e-02 | 59  0.02307  2.76605e-02 | 60  0.02136  5.77384e-02
 61  0.01453  3.50616e-02 | 62  0.01340  2.23274e-02 | 63  0.01479  2.60071e-02
 64  0.01415  3.16618e-02 | 65  0.01636  2.59236e-02 | 66  0.01718  3.42084e-02
 67  0.01835  2.53404e-02 | 68  0.01976  2.42907e-02 | 69  0.02361  1.99397e-02
 70  0.02575  3.18070e-02 | 71  0.02602  2.05369e-02 | 72  0.02856  3.01484e-02
 73  0.02901  2.16706e-02 | 74  0.02965 -8.42286e-02 | 75  0.02965 -4.37355e-02
 76 -0.66517  6.49710e+00 | 77 -0.72876 -8.01641e-01 |
2 0 22971.8
2 0 22971.8
2 0 22971.8
2 0 22971.8
2 0 22971.8
2 0 22971.8
2 0 22971.8
2 0 22971.8
2 0 22971.8
2 0 22971.8
2 0 22971.8
2 0 22971.8
2 0 22971.8
77 variables; iteration 140; function evaluation 275; phase 2
Function value   2.2971772e+04; maximum gradient component mag   1.4208e+03
Var   Value    Gradient   |Var   Value    Gradient   |Var   Value    Gradient
  1 -0.66914  1.42081e+03 |  2 -0.76173  2.13008e+02 |  3  0.22309 -8.81651e-03
  4  0.17350 -6.82383e-04 |  5  0.11698 -2.68111e-04 |  6  0.07392 -1.63643e-05
  7  0.04304  5.07254e-04 |  8  0.02028 -6.71580e-04 |  9  0.00289  9.58702e-06
 10 -0.01073  1.39929e-03 | 11 -0.02154 -1.14760e-03 | 12 -0.03014  3.87889e-04
 13 -0.03689 -1.96007e-04 | 14 -0.04207 -4.46680e-04 | 15 -0.04582  2.49017e-03
 16 -0.04828 -2.70918e-03 | 17 -0.04949  1.10713e-03 | 18  0.06096  3.00716e-01
 19 -0.01813 -3.50659e-02 | 20 -0.01651 -1.69051e-02 | 21 -0.01217 -1.31014e-02
 22 -0.01710 -2.01535e-02 | 23 -0.01557  1.74182e-03 | 24 -0.00852  1.03437e-02
 25 -0.00418 -2.75731e-02 | 26 -0.00645 -1.92942e-02 | 27 -0.00676 -3.54122e-03
 28  0.00050  7.41546e-03 | 29 -0.00590 -1.52804e-02 | 30 -0.00379 -1.23294e-02
 31  0.00323  1.66273e-02 | 32  0.00626  3.18183e-02 | 33  0.00318  1.20759e-02
 34  0.00524  9.40558e-03 | 35  0.00591  1.11755e-02 | 36  0.00483  8.07075e-03
 37  0.00897  1.83584e-02 | 38  0.00720  9.30380e-03 | 39  0.00804  9.29615e-03
 40  0.00706  7.74039e-03 | 41  0.00604  3.98768e-03 | 42  0.01083  1.70795e-02
 43  0.00839  6.56905e-03 | 44  0.01243  1.72062e-02 | 45  0.01178  1.22677e-02
 46  0.00520 -4.83042e-02 | 47  0.15286 -4.32939e-01 | 48 -0.09259  3.75361e-02
 49 -0.07347  2.85034e-02 | 50 -0.05725  3.32457e-02 | 51 -0.03673  9.10855e-04
 52 -0.03950 -9.20119e-04 | 53 -0.04463  1.73189e-02 | 54 -0.02670  2.70212e-02
 55 -0.00941  1.48810e-02 | 56 -0.00066 -5.82295e-04 | 57  0.00220  1.46038e-02
 58  0.01297  9.36753e-03 | 59  0.02307 -1.09597e-02 | 60  0.02136 -2.28394e-02
 61  0.01453 -1.25890e-02 | 62  0.01340 -8.06604e-03 | 63  0.01479 -2.07803e-02
 64  0.01415 -7.67719e-03 | 65  0.01636 -1.28948e-02 | 66  0.01718 -1.13792e-02
 67  0.01835 -1.55386e-02 | 68  0.01976 -9.11968e-03 | 69  0.02361 -4.23613e-03
 70  0.02575 -1.74458e-02 | 71  0.02602 -9.50309e-03 | 72  0.02856 -1.30022e-02
 73  0.02901 -1.33212e-02 | 74  0.02965  3.49736e-02 | 75  0.02965  2.21249e-02
 76 -0.66567 -4.10165e+00 | 77 -0.73280  4.99641e-01 |
2 0 22971.8
2 0 22971.8
2 0 22971.8
2 0 22971.8
2 0 22971.8
2 0 22971.8
2 0 22971.8
2 0 22971.8
2 0 22971.8
2 0 22971.8
2 0 22971.8
2 0 22971.8
77 variables; iteration 150; function evaluation 287; phase 2
Function value   2.2971772e+04; maximum gradient component mag   1.1332e+03
Var   Value    Gradient   |Var   Value    Gradient   |Var   Value    Gradient
  1 -0.66916  1.13320e+03 |  2 -0.76162  1.69980e+02 |  3  0.22309 -6.65547e-03
  4  0.17350 -4.01218e-04 |  5  0.11698 -1.56457e-04 |  6  0.07392  8.42656e-05
  7  0.04304  4.16251e-04 |  8  0.02028 -4.03699e-04 |  9  0.00289 -1.39151e-04
 10 -0.01073  7.96399e-04 | 11 -0.02154 -7.70921e-04 | 12 -0.03014  6.77057e-04
 13 -0.03689 -4.76429e-04 | 14 -0.04207 -3.69522e-04 | 15 -0.04583  2.35579e-03
 16 -0.04828 -2.38462e-03 | 17 -0.04949  9.04267e-04 | 18  0.06096  2.37210e-01
 19 -0.01813 -2.61150e-02 | 20 -0.01651 -1.33708e-02 | 21 -0.01217 -9.99820e-03
 22 -0.01710 -1.62315e-02 | 23 -0.01557  1.82806e-03 | 24 -0.00852  1.05784e-02
 25 -0.00418 -2.26053e-02 | 26 -0.00645 -1.54534e-02 | 27 -0.00676 -2.00015e-03
 28  0.00050  7.27250e-03 | 29 -0.00590 -1.21065e-02 | 30 -0.00379 -9.82959e-03
 31  0.00323  1.31082e-02 | 32  0.00626  2.28108e-02 | 33  0.00318  9.70166e-03
 34  0.00524  7.50396e-03 | 35  0.00591  8.35521e-03 | 36  0.00483  6.04123e-03
 37  0.00897  1.41556e-02 | 38  0.00720  6.91169e-03 | 39  0.00804  7.31492e-03
 40  0.00706  6.02914e-03 | 41  0.00604  3.05761e-03 | 42  0.01083  1.35295e-02
 43  0.00839  5.30837e-03 | 44  0.01243  1.31858e-02 | 45  0.01178  9.50344e-03
 46  0.00520 -3.83772e-02 | 47  0.15286 -3.34712e-01 | 48 -0.09259  3.13116e-02
 49 -0.07347  2.14805e-02 | 50 -0.05725  2.64268e-02 | 51 -0.03673 -2.49856e-03
 52 -0.03950 -3.35228e-03 | 53 -0.04463  1.44008e-02 | 54 -0.02670  2.16456e-02
 55 -0.00941  1.18500e-02 | 56 -0.00066 -7.31320e-04 | 57  0.00220  1.20528e-02
 58  0.01297  7.79079e-03 | 59  0.02307 -7.44358e-03 | 60  0.02136 -1.38741e-02
 61  0.01453 -9.56911e-03 | 62  0.01340 -5.57426e-03 | 63  0.01479 -1.70259e-02
 64  0.01415 -4.93514e-03 | 65  0.01636 -9.68786e-03 | 66  0.01718 -8.75400e-03
 67  0.01835 -1.23250e-02 | 68  0.01976 -6.08357e-03 | 69  0.02361 -3.06800e-03
 70  0.02575 -1.32219e-02 | 71  0.02602 -7.79506e-03 | 72  0.02856 -9.74598e-03
 73  0.02901 -9.45110e-03 | 74  0.02965  2.77989e-02 | 75  0.02965  1.76799e-02
 76 -0.66618 -3.04475e+00 | 77 -0.73700  3.65924e-01 |
2 0 22971.8
2 0 22971.8
2 0 22971.8
2 0 22971.8
2 0 22971.8
2 0 22971.8
2 0 22971.8
2 0 22971.8
2 0 22971.8
2 0 22971.8
2 0 22971.8
2 0 22971.8
77 variables; iteration 160; function evaluation 299; phase 2
Function value   2.2971772e+04; maximum gradient component mag   9.6068e+02
Var   Value    Gradient   |Var   Value    Gradient   |Var   Value    Gradient
  1 -0.66918  9.60682e+02 |  2 -0.76153  1.44173e+02 |  3  0.22309  5.50443e-03
  4  0.17350  1.47031e-03 |  5  0.11698 -1.55446e-04 |  6  0.07392 -7.54261e-05
  7  0.04304  1.78016e-04 |  8  0.02028 -3.40505e-04 |  9  0.00289 -1.89083e-04
 10 -0.01073  4.41973e-04 | 11 -0.02154 -5.56501e-04 | 12 -0.03014  4.71113e-04
 13 -0.03689 -4.03897e-04 | 14 -0.04207 -2.90875e-04 | 15 -0.04583  1.61672e-03
 16 -0.04828 -1.66899e-03 | 17 -0.04949  5.78634e-04 | 18  0.06096 -1.09475e-01
 19 -0.01813  1.32030e-02 | 20 -0.01651  8.18380e-03 | 21 -0.01217  4.77447e-03
 22 -0.01710  5.63483e-03 | 23 -0.01557  4.32673e-04 | 24 -0.00852  3.05702e-03
 25 -0.00418  4.36061e-03 | 26 -0.00645  4.56602e-03 | 27 -0.00676  3.23455e-03
 28  0.00050 -1.02243e-03 | 29 -0.00590  4.17782e-03 | 30 -0.00379  2.52468e-03
 31  0.00323 -5.37441e-03 | 32  0.00626 -1.33628e-02 | 33  0.00318 -4.49068e-03
 34  0.00524 -4.62091e-03 | 35  0.00591 -7.65284e-03 | 36  0.00483 -1.23849e-03
 37  0.00897 -4.80568e-03 | 38  0.00720 -4.10970e-03 | 39  0.00804 -4.01157e-03
 40  0.00706 -6.29725e-04 | 41  0.00604 -1.96431e-03 | 42  0.01083 -4.48882e-03
 43  0.00839 -7.51720e-04 | 44  0.01243 -6.30198e-03 | 45  0.01178 -2.67571e-03
 46  0.00520  1.30842e-02 | 47  0.15286  3.77364e-02 | 48 -0.09259 -2.69855e-03
 49 -0.07347 -9.48062e-03 | 50 -0.05725 -6.59925e-03 | 51 -0.03673 -2.86072e-03
 52 -0.03950 -2.23187e-03 | 53 -0.04463 -3.67556e-03 | 54 -0.02670 -6.13816e-03
 55 -0.00941 -2.56332e-03 | 56 -0.00066  2.16899e-03 | 57  0.00220 -1.53475e-03
 58  0.01297 -1.92075e-03 | 59  0.02307  7.01002e-03 | 60  0.02136  1.65823e-02
 61  0.01453  5.94319e-03 | 62  0.01340  5.70584e-03 | 63  0.01479  1.53058e-03
 64  0.01415  7.50812e-03 | 65  0.01636  4.38299e-03 | 66  0.01718  5.15983e-03
 67  0.01835  3.10025e-03 | 68  0.01976  5.19483e-03 | 69  0.02361  4.17975e-03
 70  0.02575  5.30779e-03 | 71  0.02602  2.67457e-03 | 72  0.02856  4.49434e-03
 73  0.02901  4.59576e-03 | 74  0.02965 -1.24638e-02 | 75  0.02965 -9.57266e-04
 76 -0.66660  2.86729e+00 | 77 -0.74055 -3.40612e-01 |
2 0 22971.8
2 0 22971.8
2 0 22971.8
2 0 22971.8
2 0 22971.8
2 0 22971.8
2 0 22971.8
2 0 22971.8
2 0 22971.8
2 0 22971.8
2 0 22971.8
2 0 22971.8
2 0 22971.8
77 variables; iteration 170; function evaluation 312; phase 2
Function value   2.2971772e+04; maximum gradient component mag   7.6726e+02
Var   Value    Gradient   |Var   Value    Gradient   |Var   Value    Gradient
  1 -0.66919  7.67264e+02 |  2 -0.76141  1.15227e+02 |  3  0.22309 -2.08090e-02
  4  0.17350 -2.87832e-03 |  5  0.11698 -4.08319e-06 |  6  0.07392  3.97998e-04
  7  0.04304  5.59976e-04 |  8  0.02028 -1.09092e-04 |  9  0.00289 -1.86604e-04
 10 -0.01073  4.72635e-04 | 11 -0.02154 -4.86947e-04 | 12 -0.03014  1.08099e-03
 13 -0.03689 -7.28262e-04 | 14 -0.04207 -3.02974e-04 | 15 -0.04583  2.61502e-03
 16 -0.04828 -2.39996e-03 | 17 -0.04949  8.97819e-04 | 18  0.06096  6.42210e-01
 19 -0.01813 -7.13234e-02 | 20 -0.01651 -3.93776e-02 | 21 -0.01217 -2.69546e-02
 22 -0.01710 -4.19003e-02 | 23 -0.01557  3.41600e-03 | 24 -0.00852  1.89716e-02
 25 -0.00418 -5.32353e-02 | 26 -0.00645 -3.82480e-02 | 27 -0.00676 -8.02682e-03
 28  0.00050  1.78767e-02 | 29 -0.00590 -3.08288e-02 | 30 -0.00379 -2.37881e-02
 31  0.00323  3.43784e-02 | 32  0.00626  6.32525e-02 | 33  0.00318  2.61939e-02
 34  0.00524  2.20513e-02 | 35  0.00591  2.81892e-02 | 36  0.00483  1.34004e-02
 37  0.00897  3.54717e-02 | 38  0.00720  1.98158e-02 | 39  0.00804  2.11099e-02
 40  0.00706  1.32751e-02 | 41  0.00604  9.28781e-03 | 42  0.01083  3.44232e-02
 43  0.00839  1.18826e-02 | 44  0.01243  3.57036e-02 | 45  0.01178  2.29702e-02
 46  0.00520 -9.67360e-02 | 47  0.15286 -7.47207e-01 | 48 -0.09259  6.87069e-02
 49 -0.07347  5.63636e-02 | 50 -0.05725  6.33029e-02 | 51 -0.03673 -4.58207e-03
 52 -0.03950 -6.41554e-03 | 53 -0.04463  3.52470e-02 | 54 -0.02670  5.33028e-02
 55 -0.00941  2.75264e-02 | 56 -0.00066 -5.27811e-03 | 57  0.00220  2.69472e-02
 58  0.01297  1.88971e-02 | 59  0.02307 -2.43700e-02 | 60  0.02136 -4.84869e-02
 61  0.01453 -2.76982e-02 | 62  0.01340 -1.92446e-02 | 63  0.01479 -3.74307e-02
 64  0.01415 -2.04153e-02 | 65  0.01636 -2.58825e-02 | 66  0.01718 -2.53803e-02
 67  0.01835 -2.97494e-02 | 68  0.01976 -1.93244e-02 | 69  0.02361 -1.24245e-02
 70  0.02575 -3.42738e-02 | 71  0.02602 -2.00942e-02 | 72  0.02856 -2.61500e-02
 73  0.02901 -2.48149e-02 | 74  0.02965  7.46619e-02 | 75  0.02965  3.83871e-02
 76 -0.66718 -1.36031e+01 | 77 -0.74545  1.58944e+00 |
2 0 22971.8
2 0 22971.8
2 0 22971.8
2 0 22971.8
2 0 22971.8
2 0 22971.8
2 0 22971.8
2 0 22971.8
2 0 22971.8
2 0 22971.8
2 0 22971.8
77 variables; iteration 180; function evaluation 323; phase 2
Function value   2.2971771e+04; maximum gradient component mag   6.2970e+02
Var   Value    Gradient   |Var   Value    Gradient   |Var   Value    Gradient
  1 -0.66920  6.29704e+02 |  2 -0.76134  9.46504e+01 |  3  0.22309  1.99465e-02
  4  0.17350  4.31831e-03 |  5  0.11698 -1.01529e-04 |  6  0.07392 -1.47453e-04
  7  0.04304  9.64906e-05 |  8  0.02028 -3.58738e-04 |  9  0.00289 -3.71058e-04
 10 -0.01073  2.06209e-04 | 11 -0.02154 -5.47158e-04 | 12 -0.03014  7.53447e-04
 13 -0.03690 -7.10702e-04 | 14 -0.04207 -3.53459e-04 | 15 -0.04583  2.02589e-03
 16 -0.04828 -2.03653e-03 | 17 -0.04949  6.29745e-04 | 18  0.06096 -5.35873e-01
 19 -0.01813  6.49748e-02 | 20 -0.01651  3.54412e-02 | 21 -0.01217  2.34433e-02
 22 -0.01710  3.26330e-02 | 23 -0.01557  3.70334e-05 | 24 -0.00852 -3.16177e-04
 25 -0.00418  3.60346e-02 | 26 -0.00645  2.86777e-02 | 27 -0.00676  1.12819e-02
 28  0.00050 -9.04830e-03 | 29 -0.00590  2.44728e-02 | 30 -0.00379  1.76352e-02
 31  0.00323 -2.77484e-02 | 32  0.00626 -6.08880e-02 | 33  0.00318 -2.08145e-02
 34  0.00524 -1.92558e-02 | 35  0.00591 -2.96517e-02 | 36  0.00483 -9.75372e-03
 37  0.00897 -2.88376e-02 | 38  0.00720 -1.90515e-02 | 39  0.00804 -1.92458e-02
 40  0.00706 -9.62689e-03 | 41  0.00604 -9.31228e-03 | 42  0.01083 -2.75830e-02
 43  0.00839 -7.42189e-03 | 44  0.01243 -3.12865e-02 | 45  0.01178 -1.77833e-02
 46  0.00520  7.37216e-02 | 47  0.15286  5.77647e-01 | 48 -0.09259 -3.97054e-02
 49 -0.07347 -4.95701e-02 | 50 -0.05725 -4.64548e-02 | 51 -0.03673 -8.41234e-03
 52 -0.03950 -4.90286e-03 | 53 -0.04463 -2.41753e-02 | 54 -0.02670 -3.98795e-02
 55 -0.00941 -1.90624e-02 | 56 -0.00066  6.11581e-03 | 57  0.00220 -1.64184e-02
 58  0.01297 -1.28505e-02 | 59  0.02307  2.73885e-02 | 60  0.02136  6.20256e-02
 61  0.01453  2.54697e-02 | 62  0.01340  2.21061e-02 | 63  0.01479  2.31829e-02
 64  0.01415  2.65116e-02 | 65  0.01636  2.34740e-02 | 66  0.01718  2.36825e-02
 67  0.01835  2.23313e-02 | 68  0.01976  2.27221e-02 | 69  0.02361  1.46140e-02
 70  0.02575  2.96707e-02 | 71  0.02602  1.49673e-02 | 72  0.02856  2.39222e-02
 73  0.02901  2.37295e-02 | 74  0.02965 -6.05735e-02 | 75  0.02965 -2.68606e-02
 76 -0.66782  2.39480e+01 | 77 -0.75102 -2.74550e+00 |
2 0 22971.8
2 0 22971.8
2 0 22971.8
2 0 22971.8
2 0 22971.8
2 0 22971.8
2 0 22971.8
2 0 22971.8
2 0 22971.8
2 0 22971.8
2 0 22971.8
2 0 22971.8
2 0 22971.8
2 0 22971.8
2 0 22971.8
77 variables; iteration 190; function evaluation 338; phase 2
Function value   2.2971771e+04; maximum gradient component mag   4.8294e+02
Var   Value    Gradient   |Var   Value    Gradient   |Var   Value    Gradient
  1 -0.66920  4.82945e+02 |  2 -0.76136  7.26415e+01 |  3  0.22309 -3.26809e-02
  4  0.17350 -2.84571e-03 |  5  0.11698  3.71916e-04 |  6  0.07392  1.18106e-03
  7  0.04304  1.34643e-03 |  8  0.02028  3.75597e-05 |  9  0.00289 -7.89853e-04
 10 -0.01073  3.51823e-04 | 11 -0.02154 -7.94932e-04 | 12 -0.03014  3.57276e-03
 13 -0.03690 -2.59532e-03 | 14 -0.04207 -7.53935e-04 | 15 -0.04583  7.35933e-03
 16 -0.04828 -6.55567e-03 | 17 -0.04949  2.30511e-03 | 18  0.06096  9.34054e-01
 19 -0.01813 -9.03494e-02 | 20 -0.01651 -5.61890e-02 | 21 -0.01217 -3.70482e-02
 22 -0.01710 -6.00763e-02 | 23 -0.01557  9.45066e-03 | 24 -0.00852  4.71889e-02
 25 -0.00418 -8.04376e-02 | 26 -0.00645 -5.62492e-02 | 27 -0.00676 -6.18675e-03
 28  0.00050  3.45556e-02 | 29 -0.00590 -4.32063e-02 | 30 -0.00379 -3.38963e-02
 31  0.00323  5.07355e-02 | 32  0.00626  7.91965e-02 | 33  0.00318  4.22403e-02
 34  0.00524  3.37703e-02 | 35  0.00591  3.46246e-02 | 36  0.00483  1.94137e-02
 37  0.00897  4.76468e-02 | 38  0.00720  2.39372e-02 | 39  0.00804  2.67104e-02
 40  0.00706  1.52258e-02 | 41  0.00604  9.78291e-03 | 42  0.01083  4.60489e-02
 43  0.00839  1.91391e-02 | 44  0.01243  4.78957e-02 | 45  0.01178  3.17188e-02
 46  0.00521 -1.47141e-01 | 47  0.15286 -7.31322e-01 | 48 -0.09259  1.12342e-01
 49 -0.07347  7.32689e-02 | 50 -0.05725  9.18119e-02 | 51 -0.03673 -2.71580e-02
 52 -0.03950 -2.57158e-02 | 53 -0.04463  5.66604e-02 | 54 -0.02670  7.73799e-02
 55 -0.00941  4.27696e-02 | 56 -0.00066 -7.88368e-03 | 57  0.00220  4.39575e-02
 58  0.01297  3.07026e-02 | 59  0.02307 -2.64217e-02 | 60  0.02136 -4.18617e-02
 61  0.01453 -3.89114e-02 | 62  0.01340 -1.99273e-02 | 63  0.01479 -5.58779e-02
 64  0.01415 -1.82694e-02 | 65  0.01636 -3.06802e-02 | 66  0.01718 -3.24136e-02
 67  0.01835 -4.10388e-02 | 68  0.01976 -1.51809e-02 | 69  0.02361 -1.40317e-02
 70  0.02575 -4.30990e-02 | 71  0.02602 -3.10840e-02 | 72  0.02856 -3.05816e-02
 73  0.02901 -2.79113e-02 | 74  0.02965  1.13452e-01 | 75  0.02965  4.20407e-02
 76 -0.66825 -2.82284e+01 | 77 -0.75480  3.19318e+00 |
2 0 22971.8
2 0 22971.8
2 0 22971.8
2 0 22971.8
2 0 22971.8
2 0 22971.8
2 0 22971.8
2 0 22971.8
2 0 22971.8
2 0 22971.8
2 0 22971.8
2 0 22971.8
2 0 22971.8
2 0 22971.8
77 variables; iteration 200; function evaluation 352; phase 2
Function value   2.2971771e+04; maximum gradient component mag   2.5593e+02
Var   Value    Gradient   |Var   Value    Gradient   |Var   Value    Gradient
  1 -0.66919  2.55935e+02 |  2 -0.76146  3.85382e+01 |  3  0.22309 -2.70219e-02
  4  0.17349 -4.71903e-03 |  5  0.11698  9.56778e-05 |  6  0.07392  3.84263e-04
  7  0.04303  3.54349e-04 |  8  0.02027  1.39884e-04 |  9  0.00289  1.07875e-04
 10 -0.01074  2.50896e-04 | 11 -0.02155 -3.52295e-05 | 12 -0.03014  2.52719e-04
 13 -0.03690 -2.87638e-05 | 14 -0.04208  8.01005e-06 | 15 -0.04584  5.42858e-04
 16 -0.04829 -3.59182e-04 | 17 -0.04950  2.25499e-04 | 18  0.06095  8.05471e-01
 19 -0.01813 -9.40387e-02 | 20 -0.01651 -5.08930e-02 | 21 -0.01217 -3.46062e-02
 22 -0.01710 -5.16525e-02 | 23 -0.01557  2.30176e-03 | 24 -0.00852  1.31625e-02
 25 -0.00418 -6.17356e-02 | 26 -0.00645 -4.60308e-02 | 27 -0.00676 -1.31640e-02
 28  0.00050  1.84618e-02 | 29 -0.00590 -3.80374e-02 | 30 -0.00379 -2.86491e-02
 31  0.00323  4.25772e-02 | 32  0.00626  8.50320e-02 | 33  0.00318  3.19173e-02
 34  0.00524  2.80448e-02 | 35  0.00591  3.94850e-02 | 36  0.00483  1.58814e-02
 37  0.00897  4.42980e-02 | 38  0.00720  2.67037e-02 | 39  0.00804  2.77736e-02
 40  0.00706  1.60593e-02 | 41  0.00604  1.28097e-02 | 42  0.01083  4.27844e-02
 43  0.00838  1.33546e-02 | 44  0.01243  4.59554e-02 | 45  0.01178  2.82378e-02
 46  0.00521 -1.16539e-01 | 47  0.15286 -9.34100e-01 | 48 -0.09259  7.47513e-02
 49 -0.07347  7.23381e-02 | 50 -0.05725  7.53741e-02 | 51 -0.03673  2.18893e-03
 52 -0.03950 -9.23507e-04 | 53 -0.04463  4.08070e-02 | 54 -0.02670  6.40458e-02
 55 -0.00941  3.16602e-02 | 56 -0.00066 -7.86980e-03 | 57  0.00220  2.97299e-02
 58  0.01297  2.15296e-02 | 59  0.02307 -3.55981e-02 | 60  0.02136 -7.56006e-02
 61  0.01453 -3.62847e-02 | 62  0.01340 -2.82978e-02 | 63  0.01479 -4.20899e-02
 64  0.01415 -3.21035e-02 | 65  0.01636 -3.41203e-02 | 66  0.01718 -3.36702e-02
 67  0.01835 -3.60631e-02 | 68  0.01976 -2.91145e-02 | 69  0.02361 -1.85526e-02
 70  0.02575 -4.41600e-02 | 71  0.02602 -2.42394e-02 | 72  0.02856 -3.46312e-02
 73  0.02900 -3.34305e-02 | 74  0.02964  9.22800e-02 | 75  0.02964  4.58673e-02
 76 -0.66867 -9.37033e+01 | 77 -0.75854  1.04556e+01 |
2 0 22971.8
2 0 22971.8
2 0 22971.8
2 0 22971.8
2 0 22971.8
2 0 22971.8
2 0 22971.8
2 0 22971.8
2 0 22971.8
2 0 22971.8
2 0 22971.8
2 0 22971.8
2 0 22971.8
77 variables; iteration 210; function evaluation 365; phase 2
Function value   2.2971771e+04; maximum gradient component mag  -4.2803e+01
Var   Value    Gradient   |Var   Value    Gradient   |Var   Value    Gradient
  1 -0.66917  2.90845e+01 |  2 -0.76155  4.38323e+00 |  3  0.22310 -7.77091e-03
  4  0.17349 -1.22066e-03 |  5  0.11697  3.18518e-05 |  6  0.07391  1.39699e-04
  7  0.04303  1.42170e-04 |  8  0.02027  2.94977e-05 |  9  0.00288 -8.42180e-06
 10 -0.01074  8.01383e-05 | 11 -0.02155 -4.59954e-05 | 12 -0.03015  2.25980e-04
 13 -0.03691 -1.28561e-04 | 14 -0.04208 -3.41746e-05 | 15 -0.04584  4.74726e-04
 16 -0.04829 -4.03301e-04 | 17 -0.04950  1.68036e-04 | 18  0.06095  2.25484e-01
 19 -0.01813 -2.52801e-02 | 20 -0.01651 -1.41356e-02 | 21 -0.01217 -9.52850e-03
 22 -0.01710 -1.43232e-02 | 23 -0.01557  9.95205e-04 | 24 -0.00852  5.30873e-03
 25 -0.00418 -1.76328e-02 | 26 -0.00645 -1.29771e-02 | 27 -0.00676 -3.23821e-03
 28  0.00050  5.78991e-03 | 29 -0.00590 -1.05539e-02 | 30 -0.00379 -7.99460e-03
 31  0.00323  1.19714e-02 | 32  0.00626  2.28897e-02 | 33  0.00318  9.23921e-03
 34  0.00524  7.94230e-03 | 35  0.00591  1.04772e-02 | 36  0.00483  4.49527e-03
 37  0.00896  1.21473e-02 | 38  0.00720  7.09018e-03 | 39  0.00804  7.44038e-03
 40  0.00706  4.23829e-03 | 41  0.00604  3.28602e-03 | 42  0.01083  1.17233e-02
 43  0.00838  3.89971e-03 | 44  0.01243  1.25665e-02 | 45  0.01178  7.83037e-03
 46  0.00522 -3.32530e-02 | 47  0.15285 -2.37265e-01 | 48 -0.09259  2.21528e-02
 49 -0.07346  1.98238e-02 | 50 -0.05725  2.13163e-02 | 51 -0.03673 -6.07306e-04
 52 -0.03950 -1.32096e-03 | 53 -0.04463  1.18963e-02 | 54 -0.02670  1.80614e-02
 55 -0.00941  9.27997e-03 | 56 -0.00065 -2.03067e-03 | 57  0.00220  8.83906e-03
 58  0.01297  6.37192e-03 | 59  0.02307 -9.18172e-03 | 60  0.02136 -1.89865e-02
 61  0.01453 -9.99962e-03 | 62  0.01340 -7.21843e-03 | 63  0.01479 -1.19862e-02
 64  0.01415 -7.99542e-03 | 65  0.01636 -8.99550e-03 | 66  0.01718 -9.01851e-03
 67  0.01835 -9.91862e-03 | 68  0.01976 -7.11536e-03 | 69  0.02361 -4.75393e-03
 70  0.02575 -1.18591e-02 | 71  0.02602 -6.86789e-03 | 72  0.02856 -9.11776e-03
 73  0.02900 -8.79187e-03 | 74  0.02964  2.62621e-02 | 75  0.02964  1.20119e-02
 76 -0.66885 -4.28025e+01 | 77 -0.76016  4.74827e+00 |
2 0 22971.8
2 0 22971.8
2 0 22971.8
2 0 22971.8
2 0 22971.8
2 0 22971.8
2 0 22971.8
2 0 22971.8
2 0 22971.8
2 0 22971.8
2 0 22971.8
2 0 22971.8
2 0 22971.8
2 0 22971.8
2 0 22971.8
2 0 22971.8
2 0 22971.8
2 0 22971.8
2 0 22971.8
2 0 22971.8
2 0 22971.8
2 0 22971.8
2 0 22971.8
2 0 22971.8
2 0 22971.8
2 0 22971.8
2 0 22971.8
2 0 22971.8
2 0 22971.8
2 0 22971.8
2 0 22971.8
2 0 22971.8
2 0 22971.8
2 0 22971.8
2 0 22971.8
2 0 22971.8
2 0 22971.8
  ic > imax  in fminim is answer attained ?
Var   Value    Gradient   |Var   Value    Gradient   |Var   Value    Gradient
  1 -0.66917  9.23667e-02 |  2 -0.76156  1.39213e-02 |  3  0.22310  6.45566e-06
  4  0.17349  1.07207e-06 |  5  0.11697 -2.74306e-07 |  6  0.07391 -4.91519e-07
  7  0.04303 -2.73974e-08 |  8  0.02027 -7.18550e-07 |  9  0.00288  4.17381e-07
 10 -0.01074  1.44911e-06 | 11 -0.02155 -9.22626e-07 | 12 -0.03015 -1.23846e-06
 13 -0.03691  1.04235e-06 | 14 -0.04208 -1.10875e-07 | 15 -0.04584 -6.06018e-07
 16 -0.04829  3.17376e-08 | 17 -0.04950  1.28872e-07 | 18  0.06095 -1.68498e-04
 19 -0.01814  1.25330e-05 | 20 -0.01651  1.19821e-05 | 21 -0.01217  5.94301e-06
 22 -0.01710  9.90687e-06 | 23 -0.01557 -2.06128e-06 | 24 -0.00852 -1.07581e-05
 25 -0.00418  1.26919e-05 | 26 -0.00645  9.00705e-06 | 27 -0.00676  3.58603e-07
 28  0.00050 -8.87985e-06 | 29 -0.00590  6.91366e-06 | 30 -0.00379  4.97129e-06
 31  0.00323 -8.34852e-06 | 32  0.00626 -9.94921e-06 | 33  0.00318 -8.29897e-06
 34  0.00524 -7.08780e-06 | 35  0.00591 -7.45431e-06 | 36  0.00483 -1.23423e-06
 37  0.00896 -6.32165e-06 | 38  0.00720 -3.63656e-06 | 39  0.00804 -5.16690e-06
 40  0.00706 -1.01295e-06 | 41  0.00604 -1.84966e-06 | 42  0.01083 -7.49741e-06
 43  0.00838 -2.36429e-06 | 44  0.01243 -7.52859e-06 | 45  0.01178 -4.40406e-06
 46  0.00522  2.35388e-05 | 47  0.15285  2.66160e-05 | 48 -0.09259 -1.78570e-05
 49 -0.07346 -1.19452e-05 | 50 -0.05725 -1.43079e-05 | 51 -0.03673  8.10642e-06
 52 -0.03950  7.59210e-06 | 53 -0.04463 -1.05389e-05 | 54 -0.02670 -1.30414e-05
 55 -0.00941 -7.41757e-06 | 56 -0.00065  1.88538e-06 | 57  0.00220 -7.48254e-06
 58  0.01297 -6.23927e-06 | 59  0.02307  3.04921e-06 | 60  0.02136  3.47735e-06
 61  0.01453  6.69822e-06 | 62  0.01340  2.93895e-06 | 63  0.01479  7.14226e-06
 64  0.01415  3.29330e-06 | 65  0.01636  3.52632e-06 | 66  0.01718  5.56162e-06
 67  0.01835  4.89883e-06 | 68  0.01976  8.31374e-07 | 69  0.02361  2.87408e-06
 70  0.02575  5.32488e-06 | 71  0.02602  5.11187e-06 | 72  0.02856  3.64711e-06
 73  0.02900  2.03681e-06 | 74  0.02964 -2.17206e-05 | 75  0.02964 -3.85768e-06
 76 -0.66887  1.77063e-03 | 77 -0.76031 -1.96908e-04 |
Function minimizer not making progress ... is minimum attained?
Minimprove criterion =   0.0000e+00

 - final statistics:
77 variables; iteration 217; function evaluation 401
Function value   2.2972e+04; maximum gradient component mag   9.2367e-02
Exit code = 1;  converg criter   1.0000e-03
Var   Value    Gradient   |Var   Value    Gradient   |Var   Value    Gradient
  1 -0.66917  9.23667e-02 |  2 -0.76156  1.39213e-02 |  3  0.22310  6.45566e-06
  4  0.17349  1.07207e-06 |  5  0.11697 -2.74306e-07 |  6  0.07391 -4.91519e-07
  7  0.04303 -2.73974e-08 |  8  0.02027 -7.18550e-07 |  9  0.00288  4.17381e-07
 10 -0.01074  1.44911e-06 | 11 -0.02155 -9.22626e-07 | 12 -0.03015 -1.23846e-06
 13 -0.03691  1.04235e-06 | 14 -0.04208 -1.10875e-07 | 15 -0.04584 -6.06018e-07
 16 -0.04829  3.17376e-08 | 17 -0.04950  1.28872e-07 | 18  0.06095 -1.68498e-04
 19 -0.01814  1.25330e-05 | 20 -0.01651  1.19821e-05 | 21 -0.01217  5.94301e-06
 22 -0.01710  9.90687e-06 | 23 -0.01557 -2.06128e-06 | 24 -0.00852 -1.07581e-05
 25 -0.00418  1.26919e-05 | 26 -0.00645  9.00705e-06 | 27 -0.00676  3.58603e-07
 28  0.00050 -8.87985e-06 | 29 -0.00590  6.91366e-06 | 30 -0.00379  4.97129e-06
 31  0.00323 -8.34852e-06 | 32  0.00626 -9.94921e-06 | 33  0.00318 -8.29897e-06
 34  0.00524 -7.08780e-06 | 35  0.00591 -7.45431e-06 | 36  0.00483 -1.23423e-06
 37  0.00896 -6.32165e-06 | 38  0.00720 -3.63656e-06 | 39  0.00804 -5.16690e-06
 40  0.00706 -1.01295e-06 | 41  0.00604 -1.84966e-06 | 42  0.01083 -7.49741e-06
 43  0.00838 -2.36429e-06 | 44  0.01243 -7.52859e-06 | 45  0.01178 -4.40406e-06
 46  0.00522  2.35388e-05 | 47  0.15285  2.66160e-05 | 48 -0.09259 -1.78570e-05
 49 -0.07346 -1.19452e-05 | 50 -0.05725 -1.43079e-05 | 51 -0.03673  8.10642e-06
 52 -0.03950  7.59210e-06 | 53 -0.04463 -1.05389e-05 | 54 -0.02670 -1.30414e-05
 55 -0.00941 -7.41757e-06 | 56 -0.00065  1.88538e-06 | 57  0.00220 -7.48254e-06
 58  0.01297 -6.23927e-06 | 59  0.02307  3.04921e-06 | 60  0.02136  3.47735e-06
 61  0.01453  6.69822e-06 | 62  0.01340  2.93895e-06 | 63  0.01479  7.14226e-06
 64  0.01415  3.29330e-06 | 65  0.01636  3.52632e-06 | 66  0.01718  5.56162e-06
 67  0.01835  4.89883e-06 | 68  0.01976  8.31374e-07 | 69  0.02361  2.87408e-06
 70  0.02575  5.32488e-06 | 71  0.02602  5.11187e-06 | 72  0.02856  3.64711e-06
 73  0.02900  2.03681e-06 | 74  0.02964 -2.17206e-05 | 75  0.02964 -3.85768e-06
 76 -0.66887  1.77063e-03 | 77 -0.76031 -1.96908e-04 |
2 0 22971.8
B050895.7
0.3 0.538235
0.461344 0.433172
0.570975 0.384247
0.626843 0.363913
0.651761 0.355647
0.662277 0.352293
0.666616 0.350932
0.668391 0.350378
0.669113 0.350154
0.669407 0.350062
0.669527 0.350025
0.669576 0.35001
0.669595 0.350004
0.669603 0.350002
0.669607 0.350001
0.669608 0.35
0.669608 0.35
0.669609 0.35
0.669609 0.35
0.669609 0.35
0.669609 0.35
FutMOrt0.62665
FutMOrt0.62665
FutMOrt0.62665
FutMOrt0.62665
FutMOrt0.62665
FutMOrt0.62665
FutMOrt0.62665
FutMOrt0.62665
FutMOrt0.62665
FutMOrt0.62665
Survey Bio27.7721
Survey len11408.7
CPUE43.9347
Catch15.3345
Catch len11453.2
initsmo_penal15.4953
F_pen1.20014
Rec_pen6.16667
M_pen0


Starting time: Mon Oct 15 14:49:04 2018
Finishing time: Mon Oct 15 14:49:15 2018
This run took: 0 hours, 0 minutes, 11 seconds.

