survYears 73 74 75 76 77 78 79 80 81 82 83 84 85 86 87 88 89 90 91 92 93 94 95 96 97 98 99 100
SurvLenYear 73 74 75 76 77 78 79 80 81 82 83 84 85 86 87 88 89 90 91 92 93 94 95 96 97 98 99 100
catchBiomass 2427.38 2436.91 3751.9 6448.86 7719.2 9229.95 14667.5 15393.1 25065.3 37332.1 42055.8 62561 73029.9 95093.4 104669 81689.3 78938.4 89815.8 70672.5 69435.7 76127.7 95609.5 79320.6 112493 110992 101210 105677 93558
steep0.999
25
Out
1 0 30727.8

Initial statistics: 74 variables; iteration 0; function evaluation 0; phase 1
Function value   3.0727829e+04; maximum gradient component mag  -8.2285e+04
Var   Value    Gradient   |Var   Value    Gradient   |Var   Value    Gradient
  1  0.22108  1.09297e+03 |  2  0.20733  1.06899e+03 |  3  0.19735  1.38665e+03
  4  0.16465  6.96248e+02 |  5  0.16798  1.05190e+03 |  6  0.15408  8.17010e+02
  7  0.13403  5.12520e+02 |  8  0.12172  4.74801e+02 |  9  0.09303  1.96848e+02
 10  0.07287  1.24025e+02 | 11  0.05858  1.04720e+02 | 12  0.04409  6.27552e+01
 13  0.03324  9.43401e+01 | 14  0.01158 -1.53728e+02 | 15  0.04670  1.96902e+02
 16 -0.02048 -6.89504e+03 | 17  0.00000 -4.92846e+03 | 18  0.00000  6.31918e+02
 19  0.00000 -8.94810e+02 | 20  0.00000 -2.29865e+03 | 21  0.00000 -1.71589e+03
 22  0.00000 -2.24946e+02 | 23  0.00000 -1.17971e+03 | 24  0.00000  1.76451e+03
 25  0.00000  1.43337e+03 | 26  0.00000  6.18897e+02 | 27  0.00000  1.80371e+03
 28  0.00000  1.29868e+03 | 29  0.00000  1.57818e+03 | 30  0.00000  5.41088e+02
 31  0.00000 -4.53766e+02 | 32  0.00000  3.67749e+02 | 33  0.00000  5.88071e+02
 34  0.00000 -9.37858e+02 | 35  0.00000  5.34094e+02 | 36  0.00000  1.17643e+03
 37  0.00000  1.82475e+03 | 38  0.00000  5.56952e+02 | 39  0.00000  2.38971e+03
 40  0.00000  8.18453e+02 | 41  0.00000  8.37378e+02 | 42  0.00000  3.63679e+02
 43  0.00000 -1.67742e+03 | 44  0.00000 -4.81610e+03 | 45  0.10784 -8.22851e+04
 46  0.00000  2.85876e+04 | 47  0.00000  1.98641e+04 | 48  0.00000  1.56973e+04
 49  0.00000  1.23830e+04 | 50  0.00000  9.88189e+03 | 51  0.00000  7.78490e+03
 52  0.00000  4.26186e+03 | 53  0.00000  4.27232e+02 | 54  0.00000 -1.50413e+03
 55  0.00000 -3.21643e+03 | 56  0.00000 -5.42553e+03 | 57  0.00000 -6.86626e+03
 58  0.00000 -6.90050e+03 | 59  0.00000 -5.73416e+03 | 60  0.00000 -5.29293e+03
 61  0.00000 -5.54200e+03 | 62  0.00000 -4.62606e+03 | 63  0.00000 -4.36970e+03
 64  0.00000 -5.36184e+03 | 65  0.00000 -6.82112e+03 | 66  0.00000 -6.99721e+03
 67  0.00000 -7.63310e+03 | 68  0.00000 -8.25916e+03 | 69  0.00000 -7.91147e+03
 70  0.00000 -6.78268e+03 | 71  0.00000 -4.00440e+03 | 72  0.00000  3.85493e+02
 73  0.00000  3.97524e+03 | 74  0.00900  8.51206e+03 |
1 0 30727.8
1 0 30727.6
1 0 30725.6
1 0 30705.7
1 0 30514.1
1 0 30100.4
1 0 27308.3
1 0 34266.5
1 0 26745.3
1 0 27502.1
1 0 26597.5
1 0 26847.8
1 0 26556.9
1 0 26541.5
1 0 26532.3
1 0 26529.6
1 0 26523.5
1 0 26517.6

Intermediate statistics: 74 variables; iteration 10; function evaluation 18; phase 1
Function value   2.6518270e+04; maximum gradient component mag  -6.3911e+04
Var   Value    Gradient   |Var   Value    Gradient   |Var   Value    Gradient
  1  0.24526 -2.22333e+02 |  2  0.19349  6.32664e+01 |  3  0.16931  1.65665e+02
  4  0.15141  1.61453e+02 |  5  0.14012  1.71292e+02 |  6  0.13039  1.68350e+02
  7  0.11860  1.43718e+02 |  8  0.10403  1.10171e+02 |  9  0.08700  7.33061e+01
 10  0.06952  3.96895e+01 | 11  0.05490  2.95401e+01 | 12  0.04211  2.60279e+01
 13  0.02953 -1.24552e+01 | 14  0.02672 -1.28662e+01 | 15  0.03344  4.44990e+01
 16  0.05175  2.65016e+03 | 17  0.02200  1.43055e+03 | 18 -0.02945 -2.76362e+03
 19 -0.03040 -1.19957e+03 | 20 -0.01743 -8.23813e+02 | 21 -0.01454 -8.56307e+02
 22 -0.01382 -6.32883e+02 | 23  0.00001 -3.08345e+02 | 24  0.00829  5.83885e+02
 25  0.00760  5.35436e+02 | 26  0.00392  2.33628e+02 | 27  0.01136  6.01627e+02
 28  0.01686  1.11518e+03 | 29  0.00925  9.00411e+02 | 30  0.00050  1.13577e+02
 31 -0.00198 -9.16889e+00 | 32  0.00772  3.87434e+02 | 33  0.00454  3.63985e+02
 34 -0.00044 -1.36824e+02 | 35 -0.00128  2.69770e+02 | 36  0.01677  8.35901e+02
 37  0.00635  8.51457e+02 | 38 -0.00010  2.56662e+02 | 39  0.01920  9.13777e+02
 40  0.00921  3.23285e+02 | 41 -0.00199  3.88656e+02 | 42 -0.00343 -2.27691e+02
 43 -0.00981 -1.48429e+03 | 44 -0.02128 -3.32152e+03 | 45  0.13047 -6.39106e+04
 46 -0.04205  8.57268e+03 | 47 -0.04544  5.24654e+03 | 48 -0.04360  3.24367e+03
 49 -0.03808  2.03583e+03 | 50 -0.03366  1.54341e+03 | 51 -0.03082  1.07198e+03
 52 -0.03611 -2.11599e+02 | 53  0.00106 -3.10909e+02 | 54  0.00320 -7.58953e+02
 55 -0.01644 -1.80434e+03 | 56  0.01664 -1.63654e+03 | 57  0.02099 -1.89207e+03
 58  0.02924 -1.81193e+03 | 59  0.01005 -2.16203e+03 | 60 -0.00478 -2.08550e+03
 61  0.02979 -1.26245e+03 | 62  0.01339 -1.45167e+03 | 63  0.00371 -1.82534e+03
 64 -0.01678 -2.10949e+03 | 65  0.03408 -1.82296e+03 | 66  0.01244 -2.26535e+03
 67 -0.03337 -2.57488e+03 | 68  0.04546 -1.82339e+03 | 69  0.01520 -2.12659e+03
 70  0.02939 -1.52267e+03 | 71  0.02690 -7.12831e+01 | 72  0.03242  2.26899e+03
 73  0.01044  2.80980e+03 | 74  0.10848  1.08714e+04 |
1 0 26519.8
1 0 26515.2
1 0 26512.1
1 0 26509.1
1 0 26509.1
1 0 26508.5
1 0 26506.9
1 0 26506.5
1 0 26505.6
1 0 26504.5
1 0 26503.2
1 0 26502.8
74 variables; iteration 20; function evaluation 30; phase 1
Function value   2.6503393e+04; maximum gradient component mag  -6.5916e+04
Var   Value    Gradient   |Var   Value    Gradient   |Var   Value    Gradient
  1  0.24843 -5.31217e+01 |  2  0.18638  6.73559e+01 |  3  0.14792  7.86720e+01
  4  0.12376  8.01616e+01 |  5  0.10772  7.75398e+01 |  6  0.09633  7.44919e+01
  7  0.08719  7.63756e+01 |  8  0.07682  5.27316e+01 |  9  0.06878  5.92740e+01
 10  0.05852  4.70377e+01 | 11  0.04677  2.64013e+01 | 12  0.03689  1.22068e+01
 13  0.03120  1.77364e-02 | 14  0.03246  6.70418e+01 | 15  0.02074 -2.07695e+01
 16  0.04840  2.21623e+03 | 17  0.01897  1.08120e+03 | 18 -0.02779 -2.43938e+03
 19 -0.03072 -1.30534e+03 | 20 -0.01830 -1.03095e+03 | 21 -0.01491 -9.34744e+02
 22 -0.01271 -2.84370e+02 | 23 -0.00056 -3.29546e+02 | 24  0.00671  4.70899e+02
 25  0.00813  5.98818e+02 | 26  0.00467  3.27373e+02 | 27  0.01007  5.41716e+02
 28  0.01828  1.30017e+03 | 29  0.01054  1.00464e+03 | 30  0.00118  8.20675e+01
 31 -0.00050  2.78642e+02 | 32  0.00675  3.13991e+02 | 33  0.00406  3.28350e+02
 34 -0.00025 -1.34677e+02 | 35 -0.00048  3.43407e+02 | 36  0.01625  8.85626e+02
 37  0.00655  8.66942e+02 | 38 -0.00085 -2.03696e+02 | 39  0.01942  1.17700e+03
 40  0.01099  7.40209e+02 | 41 -0.00156  1.30239e+02 | 42 -0.00330 -2.29299e+02
 43 -0.01048 -1.59277e+03 | 44 -0.02224 -3.42559e+03 | 45  0.13081 -6.59155e+04
 46 -0.04328  8.63487e+03 | 47 -0.04702  5.02743e+03 | 48 -0.04341  3.56005e+03
 49 -0.03643  2.71076e+03 | 50 -0.03356  1.79754e+03 | 51 -0.03202  1.03552e+03
 52 -0.03607 -1.67637e+02 | 53 -0.00050 -2.83446e+02 | 54  0.00296 -7.16342e+02
 55 -0.01547 -1.73664e+03 | 56  0.01391 -1.64540e+03 | 57  0.02091 -1.94585e+03
 58  0.02821 -1.75248e+03 | 59  0.01006 -2.09436e+03 | 60 -0.00348 -2.04244e+03
 61  0.02788 -1.36525e+03 | 62  0.01173 -1.52706e+03 | 63  0.00191 -1.87725e+03
 64 -0.01347 -1.99547e+03 | 65  0.03236 -1.88251e+03 | 66  0.01244 -2.02679e+03
 67 -0.03698 -2.57409e+03 | 68  0.04241 -2.83106e+03 | 69  0.01417 -2.26702e+03
 70  0.02952 -1.56101e+03 | 71  0.02467 -2.08392e+02 | 72  0.03321  2.27433e+03
 73  0.02900  3.02090e+03 | 74  0.10582  1.09825e+04 |
1 0 26502.5
1 0 26502.4
1 0 26502.1
1 0 26501.8
1 0 26501.5
1 0 26501.2
1 0 26500.8
1 0 26500.6
1 0 26500.3
1 0 26500.1
74 variables; iteration 30; function evaluation 40; phase 1
Function value   2.6500612e+04; maximum gradient component mag  -6.5764e+04
Var   Value    Gradient   |Var   Value    Gradient   |Var   Value    Gradient
  1  0.24816 -3.43225e+01 |  2  0.18667  5.13773e+01 |  3  0.15481  1.34599e+02
  4  0.12675  9.80159e+01 |  5  0.10418  6.59189e+01 |  6  0.08800  6.46559e+01
  7  0.07298  4.97778e+01 |  8  0.05887  2.93107e+01 |  9  0.04806  2.68395e+01
 10  0.03896  1.16020e+01 | 11  0.03446  1.93967e+01 | 12  0.03155  4.39440e+01
 13  0.02243  8.39673e-02 | 14  0.01900 -1.37463e+00 | 15  0.02127  2.62139e+01
 16  0.04843  2.21458e+03 | 17  0.01769  1.02061e+03 | 18 -0.02867 -2.52885e+03
 19 -0.03009 -1.18247e+03 | 20 -0.01841 -1.02932e+03 | 21 -0.01526 -9.81050e+02
 22 -0.01236 -2.67275e+02 | 23  0.00007 -2.73009e+02 | 24  0.00704  5.03290e+02
 25  0.00879  6.71329e+02 | 26  0.00544  4.92335e+02 | 27  0.01003  4.96718e+02
 28  0.01764  1.25514e+03 | 29  0.01087  1.06407e+03 | 30  0.00157  1.01977e+02
 31 -0.00063  1.94428e+02 | 32  0.00611  2.71842e+02 | 33  0.00376  3.26342e+02
 34  0.00002 -3.87217e+01 | 35 -0.00099  1.72205e+02 | 36  0.01698  9.37359e+02
 37  0.00659  8.11581e+02 | 38 -0.00142 -3.76966e+02 | 39  0.01858  1.15119e+03
 40  0.01090  7.53188e+02 | 41 -0.00164  1.59690e+02 | 42 -0.00320 -1.81317e+02
 43 -0.01019 -1.60900e+03 | 44 -0.02129 -3.36808e+03 | 45  0.13036 -6.57641e+04
 46 -0.04292  8.64428e+03 | 47 -0.04632  5.09844e+03 | 48 -0.04266  3.61741e+03
 49 -0.03673  2.57739e+03 | 50 -0.03318  1.81247e+03 | 51 -0.03131  1.09252e+03
 52 -0.03486 -7.70006e+01 | 53 -0.00031 -2.18594e+02 | 54  0.00392 -7.08455e+02
 55 -0.01586 -1.80721e+03 | 56  0.01474 -1.72166e+03 | 57  0.01989 -2.05671e+03
 58  0.02869 -1.88396e+03 | 59  0.01072 -2.09305e+03 | 60 -0.00182 -2.02374e+03
 61  0.02759 -1.40286e+03 | 62  0.01219 -1.59744e+03 | 63  0.00215 -1.88481e+03
 64 -0.01399 -1.98195e+03 | 65  0.03331 -1.76541e+03 | 66  0.01358 -1.86702e+03
 67 -0.03705 -2.58252e+03 | 68  0.04299 -2.71159e+03 | 69  0.01465 -2.28010e+03
 70  0.02941 -1.64899e+03 | 71  0.02445 -2.83343e+02 | 72  0.03342  2.34168e+03
 73  0.01896  2.95344e+03 | 74  0.10633  1.09928e+04 |
1 0 26499.8
1 0 26499.6
1 0 26499.4
1 0 26499.1
1 0 26498.8
1 0 26498.5
1 0 26498.2
1 0 26497.7
1 0 26497.1
1 0 26496.7
74 variables; iteration 40; function evaluation 50; phase 1
Function value   2.6497195e+04; maximum gradient component mag  -6.5541e+04
Var   Value    Gradient   |Var   Value    Gradient   |Var   Value    Gradient
  1  0.24712 -4.31336e+01 |  2  0.18761  6.01654e+01 |  3  0.15588  1.32025e+02
  4  0.13025  9.66294e+01 |  5  0.11377  1.15860e+02 |  6  0.09499  9.55457e+01
  7  0.07173  5.15159e+01 |  8  0.04852  1.34255e+01 |  9  0.03086  5.68754e+00
 10  0.01805  1.08520e+01 | 11  0.00695 -1.41400e+00 | 12  0.00018 -2.21107e+01
 13  0.00340  3.22216e+00 | 14  0.00931  5.78678e+01 | 15  0.00206 -1.22119e+01
 16  0.04833  2.17997e+03 | 17  0.01755  1.02072e+03 | 18 -0.02850 -2.51886e+03
 19 -0.02973 -1.13310e+03 | 20 -0.01815 -9.82862e+02 | 21 -0.01569 -1.10998e+03
 22 -0.01221 -2.72024e+02 | 23  0.00057 -2.04471e+02 | 24  0.00674  5.02789e+02
 25  0.00850  6.20403e+02 | 26  0.00541  4.84916e+02 | 27  0.01038  5.40442e+02
 28  0.01790  1.29477e+03 | 29  0.01109  1.10841e+03 | 30  0.00174  1.39754e+02
 31 -0.00014  2.70590e+02 | 32  0.00624  3.50015e+02 | 33  0.00325  2.04843e+02
 34  0.00015 -5.91733e+01 | 35 -0.00088  2.81518e+02 | 36  0.01732  9.36934e+02
 37  0.00658  7.36879e+02 | 38 -0.00139 -3.87203e+02 | 39  0.01832  1.17506e+03
 40  0.01049  6.39695e+02 | 41 -0.00169  1.65792e+02 | 42 -0.00371 -3.06222e+02
 43 -0.01075 -1.67023e+03 | 44 -0.02148 -3.28497e+03 | 45  0.13068 -6.55408e+04
 46 -0.04305  8.71064e+03 | 47 -0.04659  5.09106e+03 | 48 -0.04415  3.32195e+03
 49 -0.03646  2.68214e+03 | 50 -0.03385  1.79540e+03 | 51 -0.02983  1.35520e+03
 52 -0.03589 -1.53741e+02 | 53 -0.00044 -2.24469e+02 | 54  0.00357 -6.85435e+02
 55 -0.01615 -1.80084e+03 | 56  0.01457 -1.72510e+03 | 57  0.01960 -2.08495e+03
 58  0.02827 -1.95240e+03 | 59  0.00964 -2.16742e+03 | 60  0.00022 -2.03399e+03
 61  0.02621 -1.48239e+03 | 62  0.01294 -1.51826e+03 | 63  0.00154 -1.92412e+03
 64 -0.01556 -2.04080e+03 | 65  0.03315 -1.79033e+03 | 66  0.01374 -1.80833e+03
 67 -0.03738 -2.59806e+03 | 68  0.04268 -2.72738e+03 | 69  0.01414 -2.26975e+03
 70  0.02979 -1.55252e+03 | 71  0.02445 -1.85613e+02 | 72  0.03369  2.36243e+03
 73  0.02484  2.97625e+03 | 74  0.10605  1.09161e+04 |
1 0 26496.2
1 0 26495.6
1 0 26494.7
1 0 26493.7
1 0 26494
1 0 26493.3
1 0 26492.5
1 0 26491.5
1 0 26490
1 0 26488.8
1 0 26487.7
74 variables; iteration 50; function evaluation 61; phase 1
Function value   2.6488244e+04; maximum gradient component mag  -6.5614e+04
Var   Value    Gradient   |Var   Value    Gradient   |Var   Value    Gradient
  1  0.24424 -7.35250e+01 |  2  0.18813  9.01397e+01 |  3  0.14751  7.43362e+01
  4  0.12248  8.45866e+01 |  5  0.10386  6.86790e+01 |  6  0.09078  5.27952e+01
  7  0.08406  1.08315e+02 |  8  0.06528  8.53694e+01 |  9  0.03499  4.32912e+01
 10 -0.00099 -3.51671e+01 | 11 -0.02321 -2.95058e+01 | 12 -0.03465  1.87654e+01
 13 -0.05026 -5.97272e+01 | 14 -0.04681  5.14157e+00 | 15 -0.04376  1.41462e+01
 16  0.04776  2.20998e+03 | 17  0.01607  9.75386e+02 | 18 -0.02829 -2.54538e+03
 19 -0.02932 -1.15233e+03 | 20 -0.01741 -9.43144e+02 | 21 -0.01526 -1.06849e+03
 22 -0.01234 -2.90275e+02 | 23 -0.00037 -3.42958e+02 | 24  0.00532  3.82951e+02
 25  0.00852  6.60186e+02 | 26  0.00550  4.30607e+02 | 27  0.01014  6.07655e+02
 28  0.01931  1.37131e+03 | 29  0.01220  1.14372e+03 | 30  0.00229  1.50257e+02
 31  0.00039  2.47156e+02 | 32  0.00666  4.48054e+02 | 33  0.00331  2.29036e+02
 34  0.00128  1.23010e+02 | 35  0.00044  4.31602e+02 | 36  0.01580  7.65576e+02
 37  0.00668  7.86850e+02 | 38 -0.00138 -4.25231e+02 | 39  0.01753  1.06359e+03
 40  0.01001  6.62868e+02 | 41 -0.00275  1.02033e+02 | 42 -0.00321 -2.61265e+02
 43 -0.01018 -1.68491e+03 | 44 -0.02314 -3.41098e+03 | 45  0.13088 -6.56136e+04
 46 -0.04362  8.60242e+03 | 47 -0.04692  5.09500e+03 | 48 -0.04375  3.46707e+03
 49 -0.03647  2.71122e+03 | 50 -0.03396  1.78076e+03 | 51 -0.02969  1.39267e+03
 52 -0.03592 -1.70137e+02 | 53 -0.00107 -2.27692e+02 | 54  0.00305 -7.34567e+02
 55 -0.01442 -1.76374e+03 | 56  0.01207 -1.80568e+03 | 57  0.02063 -2.08173e+03
 58  0.02822 -1.81468e+03 | 59  0.01032 -2.01721e+03 | 60  0.00123 -1.93918e+03
 61  0.02596 -1.44488e+03 | 62  0.01093 -1.65579e+03 | 63  0.00354 -1.90630e+03
 64 -0.01497 -2.07816e+03 | 65  0.03237 -1.79711e+03 | 66  0.01390 -1.83276e+03
 67 -0.03834 -2.61321e+03 | 68  0.04310 -2.67430e+03 | 69  0.01215 -2.43859e+03
 70  0.02741 -1.82646e+03 | 71  0.02580 -1.82888e+02 | 72  0.03539  2.42160e+03
 73  0.02655  2.97520e+03 | 74  0.10548  1.09479e+04 |
1 0 26485.8
1 0 26483.2
1 0 26479.9
1 0 26480.4
1 0 26478.3
1 0 26476.1
1 0 26472.6
1 0 26469.9
1 0 26467.4
1 0 26463.9
1 0 26458
74 variables; iteration 60; function evaluation 72; phase 1
Function value   2.6458623e+04; maximum gradient component mag  -6.4661e+04
Var   Value    Gradient   |Var   Value    Gradient   |Var   Value    Gradient
  1  0.24386 -5.07662e+01 |  2  0.18669  6.61647e+01 |  3  0.15327  9.73462e+01
  4  0.13460  1.48025e+02 |  5  0.11367  1.20403e+02 |  6  0.08956  6.76027e+01
  7  0.06699  3.90668e+01 |  8  0.04680 -3.55261e+01 |  9  0.04669  9.05650e+01
 10  0.02891  1.00135e+02 | 11 -0.01243  1.57016e+00 | 12 -0.05179  5.27685e+01
 13 -0.10642 -2.33947e+01 | 14 -0.15422 -7.19001e+01 | 15 -0.17955 -7.80938e+01
 16  0.04837  2.24720e+03 | 17  0.01631  9.05800e+02 | 18 -0.02684 -2.41059e+03
 19 -0.02800 -1.07107e+03 | 20 -0.01648 -8.81506e+02 | 21 -0.01517 -1.07158e+03
 22 -0.01323 -3.88200e+02 | 23 -0.00156 -4.71947e+02 | 24  0.00509  3.47453e+02
 25  0.00952  7.49678e+02 | 26  0.00623  4.52845e+02 | 27  0.00952  6.46658e+02
 28  0.01861  1.39677e+03 | 29  0.01206  1.02620e+03 | 30  0.00169  1.02404e+02
 31 -0.00143  7.35125e+01 | 32  0.00493  2.50789e+02 | 33  0.00304  2.20992e+02
 34  0.00132  9.04722e+01 | 35  0.00070  4.20036e+02 | 36  0.01641  9.23488e+02
 37  0.00693  8.23254e+02 | 38 -0.00101 -3.85391e+02 | 39  0.01734  1.10139e+03
 40  0.01024  7.89365e+02 | 41 -0.00262  2.51306e+02 | 42 -0.00485 -6.07345e+02
 43 -0.00989 -1.61906e+03 | 44 -0.02112 -3.24194e+03 | 45  0.13095 -6.46606e+04
 46 -0.04424  8.62370e+03 | 47 -0.04737  5.06118e+03 | 48 -0.04381  3.46670e+03
 49 -0.03625  2.73472e+03 | 50 -0.03365  1.82325e+03 | 51 -0.02994  1.38854e+03
 52 -0.03823 -3.70454e+02 | 53 -0.00129 -2.36373e+02 | 54  0.00333 -6.58017e+02
 55 -0.01105 -1.60599e+03 | 56  0.01112 -1.78815e+03 | 57  0.01992 -2.09606e+03
 58  0.02981 -1.64951e+03 | 59  0.00899 -2.07814e+03 | 60  0.00020 -2.01488e+03
 61  0.02525 -1.45691e+03 | 62  0.01096 -1.63383e+03 | 63  0.00326 -1.85286e+03
 64 -0.01309 -2.02909e+03 | 65  0.03198 -1.75576e+03 | 66  0.01437 -1.78312e+03
 67 -0.03619 -2.61468e+03 | 68  0.04297 -2.62556e+03 | 69  0.01212 -2.55776e+03
 70  0.02714 -1.90242e+03 | 71  0.02350 -3.05207e+02 | 72  0.03476  2.40287e+03
 73  0.02891  2.94591e+03 | 74  0.10381  1.06998e+04 |
1 0 26452.5
1 0 26443.6
1 0 26428.8
1 0 26408.3
1 0 26373.4
1 0 26311.2
1 0 26195.9
1 0 26010
1 0 25744.5
1 0 30573.8
1 0 25718.7
74 variables; iteration 70; function evaluation 83; phase 1
Function value   2.5718758e+04; maximum gradient component mag  -4.3311e+04
Var   Value    Gradient   |Var   Value    Gradient   |Var   Value    Gradient
  1  0.23081 -1.24538e+02 |  2  0.17447  4.15354e+01 |  3  0.13533  4.17201e+01
  4  0.11224  2.33380e+01 |  5  0.10797  5.91662e+01 |  6  0.11539  2.55765e+02
  7  0.08480  4.09712e+01 |  8  0.06379  1.45132e+02 |  9  0.01313 -2.85219e+01
 10 -0.02440 -1.32871e+02 | 11 -0.02011  4.30591e+00 | 12 -0.01499  1.30937e+02
 13 -0.04679  2.79290e+02 | 14 -0.16321 -8.76016e+01 | 15 -0.25566 -2.67970e+02
 16  0.05589  2.50665e+03 | 17  0.01862  7.73729e+02 | 18 -0.00100 -1.91245e+02
 19 -0.01284 -7.45052e+02 | 20 -0.00460 -4.58669e+02 | 21 -0.00319 -2.88241e+02
 22 -0.00620  2.20191e+01 | 23  0.00184 -2.05579e+02 | 24 -0.00350 -6.88118e+01
 25  0.00717  1.09173e+03 | 26  0.00997  3.72601e+02 | 27  0.00407  1.87498e+02
 28  0.01399  1.54231e+03 | 29  0.00355  2.79453e+02 | 30 -0.00109  2.74757e+02
 31  0.00154 -5.68987e+02 | 32 -0.00629 -1.65200e+03 | 33 -0.00359  9.40908e+02
 34  0.00316  2.96757e+02 | 35  0.00322  1.30113e+02 | 36 -0.00004 -7.29535e+02
 37  0.00324  1.90560e+03 | 38  0.00061 -3.36466e+02 | 39 -0.00019  1.97100e+02
 40  0.00620  1.57533e+03 | 41 -0.00480  8.19729e+01 | 42 -0.00717 -3.13272e+02
 43 -0.00978 -1.38367e+03 | 44 -0.01289 -2.70814e+03 | 45  0.13150 -4.33113e+04
 46 -0.05511  6.25724e+03 | 47 -0.05249  4.16058e+03 | 48 -0.04775  2.64722e+03
 49 -0.03892  1.99689e+03 | 50 -0.03436  1.38119e+03 | 51 -0.02891  1.10836e+03
 52 -0.02044  1.04783e+03 | 53 -0.01130 -8.52938e+02 | 54  0.00148 -6.80240e+02
 55  0.01111  6.63155e+02 | 56  0.00133 -1.88934e+03 | 57  0.02776 -1.66717e+03
 58  0.01375 -2.48541e+03 | 59  0.01423 -1.35277e+03 | 60  0.02925  1.73593e+03
 61  0.00847 -1.76285e+03 | 62  0.00880 -1.80104e+03 | 63  0.00574 -1.23860e+03
 64  0.02168  5.96728e+02 | 65  0.01813 -1.27970e+03 | 66  0.01748 -1.72303e+03
 67  0.01582 -1.17654e+03 | 68  0.03333 -1.13143e+03 | 69  0.01846 -2.67340e+03
 70  0.02138 -2.24820e+03 | 71  0.01837 -1.02839e+03 | 72  0.01618  8.01143e+02
 73 -0.01456  1.90165e+03 | 74  0.07744  6.87353e+03 |
1 0 25684.9
1 0 26019.7
1 0 25681.9
1 0 25699.6
1 0 25681.6
1 0 25680.9
1 0 25679.7
1 0 25668.7
1 0 25645
1 0 25506.9
1 0 25325.7
1 0 25237
1 0 25148.7
1 0 25129.6
74 variables; iteration 80; function evaluation 97; phase 1
Function value   2.5129621e+04; maximum gradient component mag  -9.9274e+02
Var   Value    Gradient   |Var   Value    Gradient   |Var   Value    Gradient
  1  0.22047  9.33757e+01 |  2  0.16289  5.06438e+01 |  3  0.10635 -3.46934e+01
  4  0.07439  1.82907e+00 |  5  0.05234  5.55389e+00 |  6  0.03651 -6.58179e+00
  7  0.02881  5.89361e+01 |  8  0.00890  4.08556e+00 |  9 -0.00864 -1.29024e+01
 10 -0.01985 -3.34872e+00 | 11 -0.02816 -2.70120e+01 | 12 -0.02674  1.58348e+01
 13 -0.02843  1.19798e+01 | 14 -0.03211  8.75641e-01 | 15 -0.03458 -3.55287e+00
 16  0.05574  4.91316e+02 | 17 -0.00961 -1.07696e+02 | 18 -0.00393  1.33308e+02
 19 -0.00496 -2.45721e+01 | 20  0.00084 -8.22920e+01 | 21 -0.00009 -1.99684e+01
 22 -0.00610  2.56087e-01 | 23  0.00233 -7.00771e+00 | 24 -0.00761 -2.51375e+02
 25 -0.00097  2.47612e+02 | 26  0.00367  5.47470e+00 | 27 -0.00183 -1.22338e+02
 28  0.00114 -1.71186e+02 | 29  0.00297  4.94761e+02 | 30  0.00362 -1.67686e+01
 31  0.00360 -1.44485e+02 | 32  0.00156  1.23565e+02 | 33 -0.00034 -2.39154e+02
 34  0.00501 -2.08158e+02 | 35  0.00219  7.89949e+01 | 36  0.00131  5.15779e+01
 37 -0.00316 -5.29674e+01 | 38  0.00391  4.13489e+02 | 39 -0.00269  2.12934e+02
 40  0.00231 -1.05148e+02 | 41 -0.00104 -8.63348e+01 | 42 -0.00144  1.18237e+02
 43  0.00298  1.73088e+02 | 44  0.00685 -5.48572e+01 | 45  0.14142 -5.26115e+02
 46 -0.07992  6.19451e+02 | 47 -0.06643  6.79375e+02 | 48 -0.05598  4.81093e+02
 49 -0.04541  3.36842e+02 | 50 -0.03959  2.07153e+02 | 51 -0.03244  2.53932e+02
 52 -0.02122  8.83523e+02 | 53 -0.00986 -4.15168e+02 | 54  0.00341  4.88740e+02
 55  0.00562  3.21171e+02 | 56  0.01407 -1.64452e+01 | 57  0.01652 -9.92740e+02
 58  0.02636  3.49079e+02 | 59  0.02085  1.67549e+02 | 60  0.01336 -6.59593e+02
 61  0.02016  2.55134e+02 | 62  0.01445 -2.73774e+02 | 63  0.01152 -8.44084e+00
 64  0.01770  6.43163e+02 | 65  0.01929 -2.21945e+02 | 66  0.02013 -6.22866e+02
 67  0.01784 -8.85410e+02 | 68  0.02868 -2.90753e+00 | 69  0.02721 -1.20055e+02
 70  0.02273 -6.16851e+02 | 71  0.02050 -9.65074e+01 | 72  0.01647  1.87459e+02
 73  0.01499  5.28552e+01 | 74  0.06467  1.08274e+02 |
1 0 25119.4
1 0 25114.5
1 0 25112.6
1 0 25111.5
1 0 25111.6
1 0 25111.2
1 0 25111.1
1 0 25111.1
1 0 25111
1 0 25111
1 0 25111
74 variables; iteration 90; function evaluation 108; phase 1
Function value   2.5110959e+04; maximum gradient component mag  -3.9930e+01
Var   Value    Gradient   |Var   Value    Gradient   |Var   Value    Gradient
  1  0.21822 -2.37943e+00 |  2  0.16015  2.33926e-01 |  3  0.11106  3.80052e-01
  4  0.07479  3.86970e-01 |  5  0.04771 -7.51541e-01 |  6  0.02707 -9.16571e-01
  7  0.01101 -1.34466e+00 |  8 -0.00153 -5.07685e-01 |  9 -0.01151 -1.86797e-01
 10 -0.01947 -2.43625e-01 | 11 -0.02573 -2.17479e-01 | 12 -0.03049 -6.62736e-02
 13 -0.03393 -2.45913e-01 | 14 -0.03611  6.45289e-02 | 15 -0.03717  1.83880e-01
 16  0.05190  3.23448e+00 | 17 -0.01348  9.60323e+00 | 18 -0.00569 -8.30849e+00
 19 -0.00472 -2.88359e+00 | 20  0.00176 -1.18012e+00 | 21  0.00038  1.77948e-02
 22 -0.00585  7.07829e-01 | 23  0.00242  1.43292e+00 | 24 -0.00519  1.39048e+00
 25 -0.00169  2.41849e-01 | 26  0.00284 -6.01968e-01 | 27 -0.00050 -3.53277e-01
 28  0.00314  1.96558e+00 | 29  0.00078  7.97675e-01 | 30  0.00241  6.93881e-01
 31  0.00478  1.32960e+00 | 32  0.00232  3.76364e+00 | 33  0.00092 -6.09353e-02
 34  0.00690  1.14624e+00 | 35  0.00161  1.50881e+00 | 36  0.00076 -2.71698e+00
 37 -0.00183  4.96356e+00 | 38  0.00311 -7.28424e+00 | 39 -0.00415 -1.42930e+00
 40  0.00223  1.43413e+00 | 41  0.00005  1.09890e+00 | 42 -0.00109  2.07758e+00
 43  0.00187  1.42225e+00 | 44  0.00591 -1.23856e+01 | 45  0.14204 -3.99301e+01
 46 -0.08247 -2.61925e+01 | 47 -0.06904 -1.56862e+00 | 48 -0.05759  1.35922e+00
 49 -0.04623  1.06975e+00 | 50 -0.04008  5.84938e-01 | 51 -0.03341  3.87059e-01
 52 -0.02518 -2.25149e+00 | 53 -0.00675 -1.27140e+00 | 54  0.00091  2.12024e+00
 55  0.00415 -1.26546e+00 | 56  0.01448 -2.43637e+00 | 57  0.02144 -3.46149e-01
 58  0.02366  4.53598e+00 | 59  0.01998  5.01022e+00 | 60  0.01684 -4.23257e+00
 61  0.01872  1.69871e+00 | 62  0.01652  3.38313e+00 | 63  0.01191  3.25025e+00
 64  0.01441  3.95069e+00 | 65  0.02049  1.59029e-01 | 66  0.02253  1.50010e+01
 67  0.02163 -5.32437e+00 | 68  0.02763 -1.47823e-01 | 69  0.02754 -5.33774e-01
 70  0.02571  5.22737e-01 | 71  0.02056 -2.05702e+00 | 72  0.01556 -9.95880e-01
 73  0.01559  2.04284e+00 | 74  0.06867  3.13738e+00 |
1 0 25111
1 0 25111
1 0 25111
1 0 25111
1 0 25111
1 0 25111
1 0 25111
1 0 25111
1 0 25111
1 0 25111
74 variables; iteration 100; function evaluation 118; phase 1
Function value   2.5110950e+04; maximum gradient component mag  -2.2794e-01
Var   Value    Gradient   |Var   Value    Gradient   |Var   Value    Gradient
  1  0.21798 -6.72322e-04 |  2  0.15979  4.42696e-03 |  3  0.11074  8.48222e-03
  4  0.07473 -6.36365e-03 |  5  0.04814  6.43430e-03 |  6  0.02791 -1.64795e-03
  7  0.01211  6.55236e-03 |  8 -0.00045 -1.12105e-03 |  9 -0.01051 -1.92575e-03
 10 -0.01855 -4.05929e-04 | 11 -0.02488 -2.74312e-03 | 12 -0.02974  1.22354e-03
 13 -0.03328  3.17548e-03 | 14 -0.03558 -1.03196e-03 | 15 -0.03672 -2.35772e-03
 16  0.05179  3.90650e-02 | 17 -0.01383 -1.24257e-02 | 18 -0.00567  6.60454e-04
 19 -0.00473 -2.46022e-02 | 20  0.00177 -1.52525e-02 | 21  0.00038  9.27097e-04
 22 -0.00586  3.15368e-03 | 23  0.00241 -1.50362e-02 | 24 -0.00521 -3.55515e-03
 25 -0.00170  1.36205e-02 | 26  0.00284  1.64612e-02 | 27 -0.00050  6.60024e-04
 28  0.00313 -3.25876e-02 | 29  0.00076  8.93729e-03 | 30  0.00240 -1.10051e-02
 31  0.00477 -1.83321e-02 | 32  0.00231  1.50360e-03 | 33  0.00091 -1.23993e-02
 34  0.00688 -3.72023e-03 | 35  0.00160  6.04250e-03 | 36  0.00077  2.86821e-02
 37 -0.00186 -3.48143e-02 | 38  0.00313  1.19825e-01 | 39 -0.00412 -5.31275e-02
 40  0.00223  1.33955e-02 | 41  0.00005  1.41317e-02 | 42 -0.00109 -3.87486e-03
 43  0.00195 -4.90268e-02 | 44  0.00629  7.55765e-02 | 45  0.14207 -2.27938e-01
 46 -0.08235 -1.88019e-01 | 47 -0.06903  1.03540e-01 | 48 -0.05758  1.41443e-02
 49 -0.04622  2.51593e-02 | 50 -0.04006  1.73242e-02 | 51 -0.03339  1.37567e-02
 52 -0.02515  3.85150e-02 | 53 -0.00673 -8.88898e-03 | 54  0.00092 -1.83004e-02
 55  0.00418  3.57105e-02 | 56  0.01450  7.98049e-03 | 57  0.02146 -3.41036e-02
 58  0.02365 -4.79055e-02 | 59  0.01997  5.23827e-02 | 60  0.01687  1.12019e-02
 61  0.01872  2.31129e-03 | 62  0.01651 -1.93396e-02 | 63  0.01191  1.75559e-02
 64  0.01441 -2.85038e-02 | 65  0.02051 -6.24876e-02 | 66  0.02247 -2.12818e-02
 67  0.02169  7.62612e-03 | 68  0.02765 -2.34049e-02 | 69  0.02755 -2.18443e-02
 70  0.02570 -1.34450e-02 | 71  0.02053  1.42801e-01 | 72  0.01542 -1.65346e-03
 73  0.01542  8.72902e-03 | 74  0.06898  4.49630e-02 |
1 0 25111
1 0 25111

 - final statistics:
74 variables; iteration 102; function evaluation 120
Function value   2.5111e+04; maximum gradient component mag   2.6986e-02
Exit code = 1;  converg criter   1.0000e-01
Var   Value    Gradient   |Var   Value    Gradient   |Var   Value    Gradient
  1  0.21797 -1.28390e-02 |  2  0.15979 -4.17885e-03 |  3  0.11074 -1.44437e-03
  4  0.07473  1.00461e-03 |  5  0.04814 -3.98254e-04 |  6  0.02791  1.74915e-03
  7  0.01210 -1.41109e-03 |  8 -0.00045  2.72560e-04 |  9 -0.01051  2.28149e-04
 10 -0.01854 -1.28013e-04 | 11 -0.02488  3.55274e-04 | 12 -0.02974 -1.87617e-04
 13 -0.03328 -5.59981e-04 | 14 -0.03558  5.14063e-05 | 15 -0.03672  1.49606e-04
 16  0.05179 -3.53145e-03 | 17 -0.01383  1.52527e-02 | 18 -0.00567 -1.31075e-02
 19 -0.00473 -9.20533e-04 | 20  0.00177  4.42908e-04 | 21  0.00038 -1.16744e-03
 22 -0.00586 -9.13151e-04 | 23  0.00241 -1.03429e-03 | 24 -0.00521 -1.36481e-03
 25 -0.00170 -6.72872e-05 | 26  0.00284 -2.52225e-03 | 27 -0.00050 -8.43780e-03
 28  0.00313  1.59396e-03 | 29  0.00076  5.60763e-03 | 30  0.00240 -3.60195e-03
 31  0.00477 -6.08270e-03 | 32  0.00231 -4.32687e-03 | 33  0.00091  9.69020e-03
 34  0.00688  1.03645e-02 | 35  0.00160 -1.93598e-03 | 36  0.00077 -4.04908e-03
 37 -0.00186 -9.05025e-03 | 38  0.00313  2.69858e-02 | 39 -0.00412  6.82880e-03
 40  0.00223 -1.17426e-02 | 41  0.00005 -2.08453e-03 | 42 -0.00109 -9.57431e-05
 43  0.00195 -5.48767e-03 | 44  0.00629 -2.43400e-03 | 45  0.14207 -7.62725e-04
 46 -0.08234 -1.05458e-02 | 47 -0.06903 -1.25416e-02 | 48 -0.05758 -5.23098e-03
 49 -0.04622 -2.20648e-03 | 50 -0.04006 -3.09401e-03 | 51 -0.03339 -2.08674e-03
 52 -0.02515 -6.59905e-04 | 53 -0.00673 -3.95652e-03 | 54  0.00092  3.92530e-03
 55  0.00418 -5.17747e-04 | 56  0.01450 -7.18384e-03 | 57  0.02146  2.61876e-03
 58  0.02365  1.00538e-02 | 59  0.01997  1.25047e-02 | 60  0.01687  8.43941e-03
 61  0.01872 -5.03355e-03 | 62  0.01651  2.49672e-03 | 63  0.01191  3.84135e-03
 64  0.01441  4.87793e-03 | 65  0.02051  2.48507e-03 | 66  0.02247 -1.17304e-02
 67  0.02169 -8.87590e-04 | 68  0.02765 -3.98057e-03 | 69  0.02755  2.19116e-03
 70  0.02570  4.47943e-03 | 71  0.02053  7.13622e-03 | 72  0.01542 -7.46627e-03
 73  0.01542 -4.42008e-04 | 74  0.06898  3.22336e-03 |
1 0 25111
B040037.5
0.3 0.58435
0.500871 0.453439
0.648898 0.388641
0.720538 0.363422
0.74817 0.354539
0.757873 0.351521
0.761165 0.350508
0.76227 0.350169
0.762639 0.350057
0.762762 0.350019
0.762803 0.350006
0.762817 0.350002
0.762822 0.350001
0.762823 0.35
0.762824 0.35
0.762824 0.35
0.762824 0.35
0.762824 0.35
0.762824 0.35
0.762824 0.35
0.762824 0.35
FutMOrt0.473484
FutMOrt0.473484
FutMOrt0.473484
FutMOrt0.473484
FutMOrt0.473484
FutMOrt0.473484
FutMOrt0.473484
FutMOrt0.473484
FutMOrt0.473484
FutMOrt0.473484
2 0 25111

Initial statistics: 78 variables; iteration 0; function evaluation 0; phase 2
Function value   2.5110950e+04; maximum gradient component mag   5.2140e+02
Var   Value    Gradient   |Var   Value    Gradient   |Var   Value    Gradient
  1 -0.80828 -1.39963e+01 |  2 -0.72419 -6.95721e+01 |  3  0.21797 -1.28390e-02
  4  0.15979 -4.17885e-03 |  5  0.11074 -1.44437e-03 |  6  0.07473  1.00461e-03
  7  0.04814 -3.98254e-04 |  8  0.02791  1.74915e-03 |  9  0.01210 -1.41109e-03
 10 -0.00045  2.72560e-04 | 11 -0.01051  2.28149e-04 | 12 -0.01854 -1.28013e-04
 13 -0.02488  3.55274e-04 | 14 -0.02974 -1.87617e-04 | 15 -0.03328 -5.59981e-04
 16 -0.03558  5.14063e-05 | 17 -0.03672  1.49606e-04 | 18  0.05179 -3.53145e-03
 19 -0.01383  1.53833e-02 | 20 -0.00567 -1.29769e-02 | 21 -0.00473 -7.89951e-04
 22  0.00177  5.73493e-04 | 23  0.00038 -1.03685e-03 | 24 -0.00586 -7.82571e-04
 25  0.00241 -9.03708e-04 | 26 -0.00521 -1.23423e-03 | 27 -0.00170  6.32979e-05
 28  0.00284 -2.39167e-03 | 29 -0.00050 -8.30722e-03 | 30  0.00313  1.72454e-03
 31  0.00076  5.73822e-03 | 32  0.00240 -3.47137e-03 | 33  0.00477 -5.95212e-03
 34  0.00231 -4.19629e-03 | 35  0.00091  9.82079e-03 | 36  0.00688  1.04950e-02
 37  0.00160 -1.80539e-03 | 38  0.00077 -3.91849e-03 | 39 -0.00186 -8.91966e-03
 40  0.00313  2.71163e-02 | 41 -0.00412  6.95939e-03 | 42  0.00223 -1.16120e-02
 43  0.00005 -1.95394e-03 | 44 -0.00109  3.48423e-05 | 45  0.00195 -5.35708e-03
 46  0.00629 -2.30342e-03 | 47  0.14207 -7.62725e-04 | 48 -0.08234 -1.00959e-02
 49 -0.06903 -1.20907e-02 | 50 -0.05758 -4.77923e-03 | 51 -0.04622 -1.75407e-03
 52 -0.04006 -2.64130e-03 | 53 -0.03339 -1.63375e-03 | 54 -0.02515 -2.06653e-04
 55 -0.00673 -3.50293e-03 | 56  0.00092  4.37891e-03 | 57  0.00418 -6.41506e-05
 58  0.01450 -6.73035e-03 | 59  0.02146  3.07210e-03 | 60  0.02365  1.05071e-02
 61  0.01997  1.29581e-02 | 62  0.01687  8.89286e-03 | 63  0.01872 -4.58014e-03
 64  0.01651  2.95017e-03 | 65  0.01191  4.29488e-03 | 66  0.01441  5.33142e-03
 67  0.02051  2.93844e-03 | 68  0.02247 -1.12771e-02 | 69  0.02169 -4.34248e-04
 70  0.02765 -3.52739e-03 | 71  0.02755  2.64434e-03 | 72  0.02570  4.93267e-03
 73  0.02053  7.58959e-03 | 74  0.01542 -7.01280e-03 | 75  0.01542  1.14646e-05
 76  0.06898  3.22336e-03 | 77 -0.64199  5.21402e+02 | 78 -0.55988 -6.86465e+01
2 0 25110.9
2 0 25110.8
2 0 25111
2 0 25110.7
2 0 25110.6
2 0 25110
2 0 25111.1
2 0 25109.8
2 0 25109.6
2 0 25109.5
2 0 25109.4
2 0 25109.2
2 0 25109.2
2 0 25109.1

Intermediate statistics: 78 variables; iteration 10; function evaluation 14; phase 2
Function value   2.5109161e+04; maximum gradient component mag   3.8839e+02
Var   Value    Gradient   |Var   Value    Gradient   |Var   Value    Gradient
  1 -0.80541 -4.81772e+00 |  2 -0.71116 -1.56146e+01 |  3  0.21717  4.00514e+00
  4  0.15925  7.60114e-01 |  5  0.11031  6.88006e-02 |  6  0.07447  3.78974e-01
  7  0.04798  2.82801e-01 |  8  0.02780  1.56109e-01 |  9  0.01203  8.61645e-02
 10 -0.00051  4.87321e-02 | 11 -0.01055  2.99160e-02 | 12 -0.01858  1.97003e-02
 13 -0.02491  1.33972e-02 | 14 -0.02977  9.91259e-03 | 15 -0.03330  7.81858e-03
 16 -0.03561  6.37872e-03 | 17 -0.03674  5.77257e-03 | 18  0.04796 -1.90280e+02
 19 -0.01245  1.72101e+01 | 20 -0.00534  4.83422e+01 | 21 -0.00500 -2.38523e+01
 22  0.00158 -6.23573e+00 | 23  0.00014 -1.28330e+01 | 24 -0.00601 -2.03561e+01
 25  0.00262  5.63817e+01 | 26 -0.00552 -3.43980e+01 | 27 -0.00173  3.42492e+01
 28  0.00273 -1.05830e+01 | 29 -0.00071 -2.23713e+01 | 30  0.00291  2.25268e+00
 31  0.00050 -3.40135e+01 | 32  0.00231 -3.50776e+01 | 33  0.00495  2.85495e+01
 34  0.00237  5.01074e+00 | 35  0.00093  3.85292e+00 | 36  0.00726  9.50227e+01
 37  0.00162 -2.02544e+01 | 38  0.00064 -2.31544e+01 | 39 -0.00201 -2.49926e+01
 40  0.00304 -4.65954e+01 | 41 -0.00410  1.03742e+01 | 42  0.00211 -2.15423e+01
 43  0.00013 -9.96862e+00 | 44 -0.00091 -1.22518e+01 | 45  0.00198 -1.86247e+01
 46  0.00593  5.47732e+01 | 47  0.14085  1.89680e+01 | 48 -0.08217  4.76451e+01
 49 -0.06934 -4.00204e+01 | 50 -0.05751  2.40750e+01 | 51 -0.04624  2.90337e+01
 52 -0.04008  5.56223e+01 | 53 -0.03345 -1.69346e+00 | 54 -0.02494  6.49108e+01
 55 -0.00692 -4.24382e+00 | 56  0.00092  1.91262e+01 | 57  0.00439  7.01465e+01
 58  0.01451  3.24325e+01 | 59  0.02143  4.09166e+01 | 60  0.02387  1.02564e+02
 61  0.02024  7.83724e+01 | 62  0.01696  4.34577e+01 | 63  0.01859  9.59682e+00
 64  0.01638 -5.29500e+01 | 65  0.01194  1.71531e+01 | 66  0.01443  2.61260e+01
 67  0.02039  3.21436e+01 | 68  0.02276  1.02963e+02 | 69  0.02188  8.50993e+01
 70  0.02755  3.69981e+01 | 71  0.02765  7.67710e+01 | 72  0.02591  9.26271e+01
 73  0.02110  1.29659e+02 | 74  0.01580  3.54645e+01 | 75  0.01518  3.80268e+01
 76  0.05973 -1.50799e+02 | 77 -0.64823  3.88388e+02 | 78 -0.56830 -2.61860e+01
2 0 25109
2 0 25108.8
2 0 25108.5
2 0 25108.4
2 0 25108.4
2 0 25108.3
2 0 25108.3
2 0 25108.3
2 0 25108.3
2 0 25108.3
2 0 25108.3
78 variables; iteration 20; function evaluation 25; phase 2
Function value   2.5108364e+04; maximum gradient component mag   1.5009e+02
Var   Value    Gradient   |Var   Value    Gradient   |Var   Value    Gradient
  1 -0.79985 -3.03052e+00 |  2 -0.69050 -3.77435e+00 |  3  0.21913  6.98857e+01
  4  0.16015  1.93807e+01 |  5  0.11053  5.90785e+00 |  6  0.07438  2.87834e+00
  7  0.04782  1.79491e+00 |  8  0.02768  1.40168e+00 |  9  0.01195  1.06553e+00
 10 -0.00056  8.05389e-01 | 11 -0.01059  6.33011e-01 | 12 -0.01860  5.20601e-01
 13 -0.02493  4.46758e-01 | 14 -0.02979  3.97566e-01 | 15 -0.03331  3.65331e-01
 16 -0.03562  3.45925e-01 | 17 -0.03676  3.36460e-01 | 18  0.04665 -7.78453e+01
 19 -0.01406 -1.32738e+02 | 20 -0.00620 -4.60577e+01 | 21 -0.00543 -1.09284e+02
 22  0.00148 -5.07502e+01 | 23 -0.00001 -5.25293e+01 | 24 -0.00635 -9.93542e+01
 25  0.00225 -3.33010e+01 | 26 -0.00587 -1.14493e+02 | 27 -0.00203 -3.67281e+01
 28  0.00260 -6.87960e+01 | 29 -0.00048 -3.52152e+01 | 30  0.00295 -6.21044e+01
 31  0.00053 -7.70732e+01 | 32  0.00218 -8.98656e+01 | 33  0.00485  7.07521e+00
 34  0.00202 -7.00038e+01 | 35  0.00062 -7.10456e+01 | 36  0.00705  2.95406e+01
 37  0.00162 -5.29507e+01 | 38  0.00060 -7.94873e+01 | 39 -0.00196 -6.97586e+01
 40  0.00308 -8.03190e+01 | 41 -0.00407 -1.41396e+01 | 42  0.00195 -7.29668e+01
 43 -0.00006 -6.11434e+01 | 44 -0.00112 -8.43835e+01 | 45  0.00240 -9.49763e+01
 46  0.00911  4.70023e+01 | 47  0.14168 -1.23251e+02 | 48 -0.08224  7.43485e+01
 49 -0.06931 -1.36746e+01 | 50 -0.05730  6.68048e+01 | 51 -0.04619  2.61248e+01
 52 -0.04012  2.26845e+01 | 53 -0.03344 -3.19644e+00 | 54 -0.02466  1.05146e+02
 55 -0.00712 -4.79919e+01 | 56  0.00089  1.40431e+01 | 57  0.00428  4.00022e+01
 58  0.01459  3.72044e+01 | 59  0.02166  7.68954e+01 | 60  0.02404  1.22048e+02
 61  0.02033  6.09018e+01 | 62  0.01694  1.77053e+01 | 63  0.01853 -1.72338e+01
 64  0.01637 -5.84447e+01 | 65  0.01207  2.37861e+01 | 66  0.01448  2.46506e+01
 67  0.02054  4.44052e+01 | 68  0.02303  1.34073e+02 | 69  0.02207  9.57930e+01
 70  0.02753  5.31433e+00 | 71  0.02769  4.86849e+01 | 72  0.02575  5.78128e+01
 73  0.02078  1.44110e+02 | 74  0.01408 -3.04484e+00 | 75  0.01591  5.82102e+01
 76  0.06671 -8.13255e+01 | 77 -0.65133  1.50090e+02 | 78 -0.58917 -1.56839e+01
2 0 25108.3
2 0 25108.3
2 0 25108.2
2 0 25108.2
2 0 25108.2
2 0 25108.1
2 0 25108.2
2 0 25108.1
2 0 25108.1
2 0 25108.1
2 0 25108.1
2 0 25108.1
2 0 25108.1
2 0 25108
78 variables; iteration 30; function evaluation 39; phase 2
Function value   2.5108143e+04; maximum gradient component mag   2.9690e+02
Var   Value    Gradient   |Var   Value    Gradient   |Var   Value    Gradient
  1 -0.79067  3.16546e+00 |  2 -0.67239  7.42351e+00 |  3  0.22040  8.07828e+01
  4  0.16126  2.16488e+01 |  5  0.11248  1.24030e+01 |  6  0.07619  7.09658e+00
  7  0.04878  1.95985e+00 |  8  0.02796  2.54742e-01 |  9  0.01194  3.27475e-01
 10 -0.00061  6.38067e-01 | 11 -0.01061  6.90606e-01 | 12 -0.01860  6.07509e-01
 13 -0.02491  5.17061e-01 | 14 -0.02976  4.52602e-01 | 15 -0.03329  4.11902e-01
 16 -0.03559  3.88336e-01 | 17 -0.03673  3.77575e-01 | 18  0.04714 -1.57564e+02
 19 -0.01415 -1.26864e+02 | 20 -0.00627 -3.53744e+01 | 21 -0.00553 -1.25172e+02
 22  0.00157 -2.89668e+01 | 23 -0.00016 -6.65224e+01 | 24 -0.00636 -9.35766e+01
 25  0.00233 -2.43141e+01 | 26 -0.00574 -8.97840e+01 | 27 -0.00221 -5.60109e+01
 28  0.00240 -7.74415e+01 | 29 -0.00067 -5.05839e+01 | 30  0.00292 -6.54302e+01
 31  0.00054 -8.61922e+01 | 32  0.00241 -6.78880e+01 | 33  0.00497 -2.13325e+00
 34  0.00212 -6.07866e+01 | 35  0.00076 -6.30101e+01 | 36  0.00725  4.04435e+01
 37  0.00169 -5.11615e+01 | 38  0.00049 -9.83502e+01 | 39 -0.00203 -8.53610e+01
 40  0.00312 -8.05310e+01 | 41 -0.00395  5.47624e+00 | 42  0.00204 -6.82440e+01
 43 -0.00008 -6.86255e+01 | 44 -0.00110 -8.02608e+01 | 45  0.00232 -1.10319e+02
 46  0.00895  4.75698e+01 | 47  0.14272 -1.73700e+02 | 48 -0.08210  7.69671e+01
 49 -0.06937 -4.42064e+01 | 50 -0.05722  6.53502e+01 | 51 -0.04621  1.28529e+01
 52 -0.04016  3.96222e+00 | 53 -0.03334  9.30584e+00 | 54 -0.02465  8.02725e+01
 55 -0.00694 -3.11820e+01 | 56  0.00079 -1.59972e+00 | 57  0.00432  4.77768e+01
 58  0.01457  3.88536e+01 | 59  0.02165  8.50877e+01 | 60  0.02413  1.41853e+02
 61  0.02044  8.30199e+01 | 62  0.01698  2.64912e+01 | 63  0.01853 -1.60406e+01
 64  0.01648 -3.68726e+01 | 65  0.01216  3.28000e+01 | 66  0.01454  3.17736e+01
 67  0.02053  4.22384e+01 | 68  0.02309  1.50699e+02 | 69  0.02211  8.99875e+01
 70  0.02764  1.57496e+01 | 71  0.02762  2.24981e+01 | 72  0.02581  6.05511e+01
 73  0.02075  1.35955e+02 | 74  0.01399 -2.89003e+01 | 75  0.01506  5.59439e+01
 76  0.07334 -1.23386e+02 | 77 -0.64792  2.96904e+02 | 78 -0.57848 -3.87868e+01
2 0 25108
2 0 25108
2 0 25108
2 0 25108
2 0 25108
2 0 25108
2 0 25108
2 0 25108
2 0 25108
2 0 25108
2 0 25108
2 0 25108
78 variables; iteration 40; function evaluation 51; phase 2
Function value   2.5108094e+04; maximum gradient component mag   3.1594e+02
Var   Value    Gradient   |Var   Value    Gradient   |Var   Value    Gradient
  1 -0.79125  4.36896e+00 |  2 -0.66671  8.74735e+00 |  3  0.22033  7.11448e+01
  4  0.16141  2.37850e+01 |  5  0.11094  4.71613e+00 |  6  0.07428 -6.95296e-01
  7  0.04809  6.92058e-01 |  8  0.02858  3.85044e+00 |  9  0.01276  2.12637e+00
 10 -0.00016  3.24982e-01 | 11 -0.01048 -1.12893e-01 | 12 -0.01859  1.09320e-01
 13 -0.02492  2.96492e-01 | 14 -0.02976  3.34174e-01 | 15 -0.03328  3.14131e-01
 16 -0.03558  2.91842e-01 | 17 -0.03671  2.80032e-01 | 18  0.04718 -1.67083e+02
 19 -0.01476 -1.20327e+02 | 20 -0.00639 -4.62133e+01 | 21 -0.00560 -1.38343e+02
 22  0.00168 -1.33632e+01 | 23 -0.00015 -6.64743e+01 | 24 -0.00638 -9.40716e+01
 25  0.00227 -3.68253e+01 | 26 -0.00569 -8.54038e+01 | 27 -0.00212 -4.79200e+01
 28  0.00244 -7.78772e+01 | 29 -0.00060 -4.50363e+01 | 30  0.00293 -6.33259e+01
 31  0.00042 -1.04153e+02 | 32  0.00229 -8.60434e+01 | 33  0.00489 -1.66174e+01
 34  0.00210 -6.76901e+01 | 35  0.00080 -6.19621e+01 | 36  0.00735  4.59783e+01
 37  0.00181 -4.32644e+01 | 38  0.00058 -9.03888e+01 | 39 -0.00197 -8.24260e+01
 40  0.00318 -7.95402e+01 | 41 -0.00390  6.65055e+00 | 42  0.00213 -6.24476e+01
 43  0.00000 -6.42516e+01 | 44 -0.00099 -7.00541e+01 | 45  0.00240 -1.04785e+02
 46  0.00892  5.05338e+01 | 47  0.14308 -2.20322e+02 | 48 -0.08209  7.53997e+01
 49 -0.06943 -4.86981e+01 | 50 -0.05727  6.13489e+01 | 51 -0.04618  1.90347e+01
 52 -0.04021 -5.85147e+00 | 53 -0.03341  2.66801e+00 | 54 -0.02469  7.78170e+01
 55 -0.00697 -3.39960e+01 | 56  0.00075 -3.31341e+00 | 57  0.00434  5.59830e+01
 58  0.01459  4.64405e+01 | 59  0.02162  8.57214e+01 | 60  0.02404  1.36227e+02
 61  0.02030  6.95043e+01 | 62  0.01692  2.47092e+01 | 63  0.01846 -2.09182e+01
 64  0.01644 -3.50509e+01 | 65  0.01219  4.46660e+01 | 66  0.01454  3.53600e+01
 67  0.02047  3.14982e+01 | 68  0.02307  1.52101e+02 | 69  0.02208  8.91840e+01
 70  0.02762  1.79415e+01 | 71  0.02759  2.17469e+01 | 72  0.02584  6.81019e+01
 73  0.02076  1.41829e+02 | 74  0.01410 -2.10895e+01 | 75  0.01570  6.13338e+01
 76  0.07526 -1.19825e+02 | 77 -0.64688  3.15936e+02 | 78 -0.57504 -4.23702e+01
2 0 25108
2 0 25108
2 0 25108
2 0 25108
2 0 25108
2 0 25107.9
2 0 25107.9
2 0 25107.9
2 0 25108
2 0 25107.9
2 0 25107.9
78 variables; iteration 50; function evaluation 62; phase 2
Function value   2.5107981e+04; maximum gradient component mag  -3.3612e+02
Var   Value    Gradient   |Var   Value    Gradient   |Var   Value    Gradient
  1 -0.80988 -1.04722e+00 |  2 -0.64808 -1.32831e+00 |  3  0.22083  5.81121e+01
  4  0.16117  1.73117e+01 |  5  0.10997 -1.65291e+00 |  6  0.07346 -3.21697e+00
  7  0.04763  7.99212e-01 |  8  0.02814  1.85141e+00 |  9  0.01274 -9.80508e-01
 10  0.00106  1.92766e+00 | 11 -0.00850  3.70257e+00 | 12 -0.01697  1.36012e+00
 13 -0.02402 -5.65674e-01 | 14 -0.02934 -7.76407e-01 | 15 -0.03303 -2.89265e-01
 16 -0.03536  6.92498e-02 | 17 -0.03649  1.93531e-01 | 18  0.04750 -1.37487e+02
 19 -0.01568 -1.12237e+02 | 20 -0.00659 -6.72254e+01 | 21 -0.00560 -1.41166e+02
 22  0.00177 -7.22512e+00 | 23 -0.00022 -7.29815e+01 | 24 -0.00639 -9.28073e+01
 25  0.00231 -2.93247e+01 | 26 -0.00559 -8.44609e+01 | 27 -0.00213 -5.33701e+01
 28  0.00233 -9.02443e+01 | 29 -0.00058 -3.99759e+01 | 30  0.00296 -6.57493e+01
 31  0.00047 -1.02794e+02 | 32  0.00233 -9.31307e+01 | 33  0.00512  1.54796e+00
 34  0.00234 -3.87351e+01 | 35  0.00086 -6.30616e+01 | 36  0.00726  2.59143e+01
 37  0.00181 -4.62050e+01 | 38  0.00059 -9.95023e+01 | 39 -0.00189 -8.11216e+01
 40  0.00330 -6.34299e+01 | 41 -0.00373  2.43679e+01 | 42  0.00206 -8.27072e+01
 43  0.00003 -6.70005e+01 | 44 -0.00087 -5.51825e+01 | 45  0.00247 -1.02086e+02
 46  0.00893  4.57643e+01 | 47  0.14401 -3.36120e+02 | 48 -0.08204  8.03821e+01
 49 -0.06956 -6.56441e+01 | 50 -0.05725  7.52935e+01 | 51 -0.04617  2.65206e+01
 52 -0.04028 -1.55141e+01 | 53 -0.03355 -1.47792e+01 | 54 -0.02479  6.03764e+01
 55 -0.00693 -2.92296e+01 | 56  0.00061 -1.58168e+01 | 57  0.00433  6.70641e+01
 58  0.01448  4.16830e+01 | 59  0.02162  9.59187e+01 | 60  0.02386  1.17625e+02
 61  0.02030  8.19465e+01 | 62  0.01696  3.40929e+01 | 63  0.01845 -1.81490e+01
 64  0.01626 -4.79905e+01 | 65  0.01208  3.46320e+01 | 66  0.01445  3.02596e+01
 67  0.02051  4.97217e+01 | 68  0.02293  1.34134e+02 | 69  0.02225  1.19595e+02
 70  0.02751  7.36885e+00 | 71  0.02749  1.15889e+01 | 72  0.02587  7.90861e+01
 73  0.02068  1.38069e+02 | 74  0.01416 -4.76957e+00 | 75  0.01694  7.38821e+01
 76  0.08046 -6.31612e+01 | 77 -0.64397  2.88938e+02 | 78 -0.56562 -4.08580e+01
2 0 25107.9
2 0 25107.9
2 0 25107.9
2 0 25107.9
2 0 25107.9
2 0 25107.9
2 0 25107.8
2 0 25107.9
2 0 25107.8
2 0 25107.8
2 0 25107.8
2 0 25107.8
2 0 25107.8
2 0 25107.9
2 0 25107.8
78 variables; iteration 60; function evaluation 77; phase 2
Function value   2.5107948e+04; maximum gradient component mag  -3.9739e+02
Var   Value    Gradient   |Var   Value    Gradient   |Var   Value    Gradient
  1 -0.81563 -2.65285e+00 |  2 -0.64269 -4.24648e+00 |  3  0.22089  5.56087e+01
  4  0.16094  1.48843e+01 |  5  0.10989 -2.63852e+00 |  6  0.07375 -3.43603e+00
  7  0.04841  2.50642e+00 |  8  0.02902  2.06783e+00 |  9  0.01373  4.04076e+00
 10  0.00074 -1.75018e-01 | 11 -0.00953 -5.44624e-01 | 12 -0.01749  5.02200e-02
 13 -0.02366  1.31447e+00 | 14 -0.02865  9.14998e-01 | 15 -0.03250  4.25186e-02
 16 -0.03507 -2.87545e-01 | 17 -0.03634 -2.45614e-01 | 18  0.04758 -1.21482e+02
 19 -0.01604 -1.15130e+02 | 20 -0.00659 -6.57245e+01 | 21 -0.00552 -1.33560e+02
 22  0.00177 -1.06033e+01 | 23 -0.00028 -7.94071e+01 | 24 -0.00640 -9.29765e+01
 25  0.00231 -2.99888e+01 | 26 -0.00557 -8.63116e+01 | 27 -0.00207 -4.66615e+01
 28  0.00230 -9.19920e+01 | 29 -0.00066 -5.02149e+01 | 30  0.00297 -6.53199e+01
 31  0.00054 -9.48032e+01 | 32  0.00236 -9.08319e+01 | 33  0.00510 -2.54864e+00
 34  0.00228 -4.98670e+01 | 35  0.00090 -5.74457e+01 | 36  0.00735  3.27587e+01
 37  0.00193 -3.38398e+01 | 38  0.00064 -9.33172e+01 | 39 -0.00191 -9.03867e+01
 40  0.00331 -6.05455e+01 | 41 -0.00375  2.09260e+01 | 42  0.00205 -8.65093e+01
 43  0.00007 -6.24954e+01 | 44 -0.00084 -5.08756e+01 | 45  0.00246 -1.05761e+02
 46  0.00896  4.36833e+01 | 47  0.14425 -3.97387e+02 | 48 -0.08206  7.55150e+01
 49 -0.06956 -6.56636e+01 | 50 -0.05722  7.81627e+01 | 51 -0.04617  2.52934e+01
 52 -0.04030 -2.10275e+01 | 53 -0.03354 -1.20156e+01 | 54 -0.02483  5.60259e+01
 55 -0.00692 -2.85573e+01 | 56  0.00064 -1.21239e+01 | 57  0.00430  6.43049e+01
 58  0.01443  3.67056e+01 | 59  0.02162  9.70135e+01 | 60  0.02388  1.20470e+02
 61  0.02027  7.88949e+01 | 62  0.01693  3.40078e+01 | 63  0.01839 -2.70869e+01
 64  0.01626 -4.58487e+01 | 65  0.01213  4.30585e+01 | 66  0.01447  3.06556e+01
 67  0.02053  5.43990e+01 | 68  0.02291  1.31048e+02 | 69  0.02227  1.23374e+02
 70  0.02747  2.15770e+00 | 71  0.02749  1.14742e+01 | 72  0.02590  8.16874e+01
 73  0.02064  1.34400e+02 | 74  0.01416  1.63769e+00 | 75  0.01704  7.74026e+01
 76  0.08195 -3.81075e+01 | 77 -0.64315  2.68310e+02 | 78 -0.56299 -3.79379e+01
2 0 25107.8
2 0 25107.8
2 0 25107.8
2 0 25107.8
2 0 25107.8
2 0 25107.8
2 0 25107.8
2 0 25107.8
2 0 25107.8
2 0 25107.8
2 0 25107.8
2 0 25107.8
2 0 25107.8
78 variables; iteration 70; function evaluation 90; phase 2
Function value   2.5107942e+04; maximum gradient component mag  -4.0645e+02
Var   Value    Gradient   |Var   Value    Gradient   |Var   Value    Gradient
  1 -0.81609 -2.80352e+00 |  2 -0.64204 -4.51939e+00 |  3  0.22097  5.59937e+01
  4  0.16100  1.52050e+01 |  5  0.10981 -3.47664e+00 |  6  0.07375 -3.38170e+00
  7  0.04846  3.17306e+00 |  8  0.02890  1.44706e+00 |  9  0.01363  4.04841e+00
 10  0.00064  7.43785e-01 | 11 -0.00992 -1.69623e+00 | 12 -0.01785  8.45344e-01
 13 -0.02424 -5.19369e-01 | 14 -0.02892  2.20801e+00 | 15 -0.03287 -3.10204e+00
 16 -0.03461 -6.60536e-01 | 17 -0.03490  3.08899e+00 | 18  0.04760 -1.19122e+02
 19 -0.01602 -1.14787e+02 | 20 -0.00659 -6.50276e+01 | 21 -0.00551 -1.32570e+02
 22  0.00176 -1.17546e+01 | 23 -0.00029 -8.02502e+01 | 24 -0.00640 -9.22404e+01
 25  0.00232 -2.89455e+01 | 26 -0.00556 -8.57367e+01 | 27 -0.00209 -4.81843e+01
 28  0.00230 -9.12694e+01 | 29 -0.00065 -5.02117e+01 | 30  0.00298 -6.45815e+01
 31  0.00054 -9.27176e+01 | 32  0.00234 -9.45276e+01 | 33  0.00511 -1.38188e+00
 34  0.00228 -4.92314e+01 | 35  0.00090 -5.74161e+01 | 36  0.00735  3.29313e+01
 37  0.00192 -3.41120e+01 | 38  0.00064 -9.32857e+01 | 39 -0.00192 -9.15301e+01
 40  0.00331 -5.94789e+01 | 41 -0.00374  2.27984e+01 | 42  0.00205 -8.70695e+01
 43  0.00008 -6.04520e+01 | 44 -0.00085 -5.31983e+01 | 45  0.00245 -1.05827e+02
 46  0.00896  4.45332e+01 | 47  0.14429 -4.06454e+02 | 48 -0.08207  7.42372e+01
 49 -0.06955 -6.53230e+01 | 50 -0.05722  7.96595e+01 | 51 -0.04618  2.47289e+01
 52 -0.04031 -2.24454e+01 | 53 -0.03354 -1.24697e+01 | 54 -0.02481  5.94021e+01
 55 -0.00691 -2.60891e+01 | 56  0.00062 -1.41084e+01 | 57  0.00430  6.50136e+01
 58  0.01445  4.03663e+01 | 59  0.02162  9.51428e+01 | 60  0.02386  1.17170e+02
 61  0.02029  8.20555e+01 | 62  0.01692  3.13808e+01 | 63  0.01839 -2.88676e+01
 64  0.01627 -4.43611e+01 | 65  0.01212  4.26730e+01 | 66  0.01447  2.98890e+01
 67  0.02052  5.25994e+01 | 68  0.02292  1.34190e+02 | 69  0.02224  1.17871e+02
 70  0.02746 -9.03132e-01 | 71  0.02749  1.16491e+01 | 72  0.02592  8.54231e+01
 73  0.02061  1.30121e+02 | 74  0.01419  5.56968e+00 | 75  0.01707  7.77117e+01
 76  0.08214 -3.46963e+01 | 77 -0.64305  2.64544e+02 | 78 -0.56264 -3.73161e+01
2 0 25107.8
2 0 25107.8
2 0 25107.8
2 0 25107.8
2 0 25107.8
2 0 25107.8
2 0 25107.8
2 0 25107.8
2 0 25107.7
2 0 25107.6
2 0 25108.3
2 0 25107.6
2 0 25107.5
2 0 25107.1
78 variables; iteration 80; function evaluation 104; phase 2
Function value   2.5107135e+04; maximum gradient component mag  -7.1174e+02
Var   Value    Gradient   |Var   Value    Gradient   |Var   Value    Gradient
  1 -0.80825 -3.91478e+00 |  2 -0.62155 -4.37470e+00 |  3  0.22219  1.35065e+01
  4  0.16178  2.22442e+00 |  5  0.11013 -1.03807e+01 |  6  0.07407 -4.10829e+00
  7  0.04815  2.95835e+00 |  8  0.02744 -7.06692e+00 |  9  0.01306 -4.74777e-01
 10  0.00201  7.66700e+00 | 11 -0.00878 -3.77411e-02 | 12 -0.01755  1.02363e+00
 13 -0.02495  2.20417e+00 | 14 -0.03161 -5.89673e+00 | 15 -0.03526 -1.64125e+00
 16 -0.03730  1.94270e+00 | 17 -0.03884 -1.67195e+00 | 18  0.04760  6.05109e+00
 19 -0.01514 -3.72945e+01 | 20 -0.00602 -2.16734e+01 | 21 -0.00495 -4.39744e+01
 22  0.00169 -9.61632e+00 | 23 -0.00010 -2.15446e+01 | 24 -0.00620 -3.95687e+01
 25  0.00233 -5.77863e+00 | 26 -0.00529 -2.98703e+01 | 27 -0.00198 -1.70101e+01
 28  0.00239 -2.94080e+01 | 29 -0.00070 -2.32278e+01 | 30  0.00309 -2.11101e+01
 31  0.00073 -3.01892e+01 | 32  0.00253 -2.97475e+01 | 33  0.00511  1.12491e+01
 34  0.00239 -1.01921e+01 | 35  0.00101 -2.10619e+01 | 36  0.00726  3.07902e+01
 37  0.00187 -1.07993e+01 | 38  0.00086 -3.14529e+01 | 39 -0.00169 -2.45824e+01
 40  0.00325 -1.70511e+01 | 41 -0.00396  4.56332e+00 | 42  0.00231 -2.26721e+01
 43  0.00016 -1.81800e+01 | 44 -0.00090 -2.78406e+00 | 45  0.00225 -2.66936e+01
 46  0.00698 -1.36525e+01 | 47  0.14562 -7.11739e+02 | 48 -0.08219  2.06810e+01
 49 -0.06914 -1.08831e+01 | 50 -0.05749  1.46375e+01 | 51 -0.04620  8.05310e+00
 52 -0.04018 -1.37334e+01 | 53 -0.03349 -7.11577e+00 | 54 -0.02501  1.91820e+01
 55 -0.00677 -1.25081e+01 | 56  0.00070 -7.48784e+00 | 57  0.00410  1.66244e+01
 58  0.01434  8.79916e+00 | 59  0.02141  2.69238e+01 | 60  0.02362  3.10312e+01
 61  0.02011  2.84687e+01 | 62  0.01693  1.79553e+01 | 63  0.01845 -2.32517e+01
 64  0.01643 -5.35371e+00 | 65  0.01195  1.31408e+01 | 66  0.01441  3.72637e+00
 67  0.02053  1.59680e+01 | 68  0.02266  4.06653e+01 | 69  0.02192  3.47804e+01
 70  0.02758  1.72071e+00 | 71  0.02755 -9.98951e+00 | 72  0.02587  2.92228e+01
 73  0.02062  4.59395e+01 | 74  0.01510  1.83662e+01 | 75  0.01619  5.40929e+01
 76  0.08974  1.16678e+02 | 77 -0.64068  7.15535e+00 | 78 -0.55531  3.78835e+00
2 0 25106.9
2 0 25106.9
2 0 25106.9
2 0 25106.9
2 0 25106.8
2 0 25106.8
2 0 25106.7
2 0 25106.6
2 0 25106.5
2 0 25107.3
2 0 25106.5
78 variables; iteration 90; function evaluation 115; phase 2
Function value   2.5106450e+04; maximum gradient component mag  -2.4153e+02
Var   Value    Gradient   |Var   Value    Gradient   |Var   Value    Gradient
  1 -0.77420 -8.50593e+00 |  2 -0.48872 -5.98056e+00 |  3  0.23001 -1.22010e+01
  4  0.16775 -6.19932e+00 |  5  0.11617 -3.45803e+00 |  6  0.07915 -1.81912e+00
  7  0.05217 -8.90341e-01 |  8  0.03182 -3.85594e-01 |  9  0.01603  1.87222e-01
 10  0.00345  5.17572e-01 | 11 -0.00675  5.77004e-01 | 12 -0.01509 -2.43106e-01
 13 -0.02165 -5.94370e-01 | 14 -0.02655  9.90839e-02 | 15 -0.03015 -3.55962e-02
 16 -0.03251 -2.82524e-01 | 17 -0.03363  8.92171e-02 | 18  0.05047  8.34158e+01
 19 -0.01617  9.00127e-01 | 20 -0.00615 -4.30312e+00 | 21 -0.00474 -1.19665e-01
 22  0.00158 -4.11729e+00 | 23 -0.00062  3.68925e-02 | 24 -0.00645 -3.15881e+00
 25  0.00198  3.07189e+00 | 26 -0.00543 -4.81829e+00 | 27 -0.00234 -2.17307e+00
 28  0.00191  1.25934e+00 | 29 -0.00105 -3.55158e+00 | 30  0.00317 -2.63841e+00
 31  0.00102  3.61822e+00 | 32  0.00314  8.42999e+00 | 33  0.00565  6.64400e+00
 34  0.00270  3.57937e+00 | 35  0.00145  5.41974e+00 | 36  0.00750  9.13432e+00
 37  0.00220  4.05660e+00 | 38  0.00121  1.65064e+00 | 39 -0.00131  1.39978e+00
 40  0.00342  6.85833e+00 | 41 -0.00391 -2.16287e+00 | 42  0.00279  6.80965e+00
 43  0.00054  4.89975e+00 | 44 -0.00087  6.67043e+00 | 45  0.00247  4.17069e+00
 46  0.00633 -1.86302e+01 | 47  0.15364 -2.41526e+02 | 48 -0.08171 -2.36893e+00
 49 -0.06877  5.26445e+00 | 50 -0.05747 -3.40275e-01 | 51 -0.04610 -5.38616e+00
 52 -0.03987 -4.14711e+00 | 53 -0.03341 -1.73241e-01 | 54 -0.02479  4.92833e+00
 55 -0.00652 -1.42224e+00 | 56  0.00061 -5.81009e+00 | 57  0.00398  8.55131e-01
 58  0.01407 -2.45722e+00 | 59  0.02111 -7.88310e+00 | 60  0.02331 -5.47209e+00
 61  0.01979 -1.17401e+00 | 62  0.01673 -3.19276e+00 | 63  0.01840 -2.29400e+00
 64  0.01605 -2.50988e+00 | 65  0.01175  9.16737e-01 | 66  0.01443 -5.81291e-01
 67  0.02054 -4.51462e+00 | 68  0.02247 -5.70433e+00 | 69  0.02191 -1.93534e+00
 70  0.02753 -3.62076e+00 | 71  0.02771 -4.66246e+00 | 72  0.02583 -6.49124e+00
 73  0.02048  3.36915e+00 | 74  0.01551  2.44110e+01 | 75  0.01594  1.37192e+01
 76  0.12465  1.34519e+02 | 77 -0.61629 -1.11178e+02 | 78 -0.49931  2.80687e+01
2 0 25106.4
2 0 25106.3
2 0 25106.2
2 0 25106.2
2 0 25106.2
2 0 25106.2
2 0 25106.2
2 0 25106.2
2 0 25106.1
2 0 25106.1
2 0 25106.1
2 0 25106
78 variables; iteration 100; function evaluation 127; phase 2
Function value   2.5106050e+04; maximum gradient component mag  -2.1968e+02
Var   Value    Gradient   |Var   Value    Gradient   |Var   Value    Gradient
  1 -0.71177  6.43428e+00 |  2 -0.37687  3.91721e+00 |  3  0.23841 -6.08465e+00
  4  0.17443 -3.10129e+00 |  5  0.12111 -1.47146e+00 |  6  0.08300 -8.47334e-01
  7  0.05523 -5.01965e-01 |  8  0.03427 -2.04160e-01 |  9  0.01797 -6.26872e-02
 10  0.00505  1.60507e-01 | 11 -0.00534  2.30439e-01 | 12 -0.01372 -1.32588e-01
 13 -0.02033 -2.90467e-01 | 14 -0.02535 -3.58305e-02 | 15 -0.02901 -8.56728e-02
 16 -0.03140 -1.23935e-01 | 17 -0.03257 -5.32169e-02 | 18  0.05190 -4.77205e+00
 19 -0.01690  7.93120e+00 | 20 -0.00653 -1.12914e-01 | 21 -0.00487  1.87470e+00
 22  0.00145 -3.22064e-02 | 23 -0.00125  9.46011e-01 | 24 -0.00689  8.17424e-01
 25  0.00152  1.81049e+00 | 26 -0.00569  2.12123e+00 | 27 -0.00274  4.27837e-01
 28  0.00129  7.50286e-01 | 29 -0.00152  1.40075e-01 | 30  0.00310 -7.81062e-01
 31  0.00112  1.84580e+00 | 32  0.00359  2.66669e+00 | 33  0.00627  1.17671e+00
 34  0.00303  1.65187e+00 | 35  0.00180  1.35159e+00 | 36  0.00788 -9.33751e-01
 37  0.00250  1.06523e+00 | 38  0.00141  1.50915e+00 | 39 -0.00101  9.24761e-01
 40  0.00361  1.90738e+00 | 41 -0.00374 -2.96019e-01 | 42  0.00316  2.05121e+00
 43  0.00093  1.12849e+00 | 44 -0.00066  5.91881e-01 | 45  0.00281  8.36410e-01
 46  0.00639 -1.02242e+00 | 47  0.16085 -2.19683e+02 | 48 -0.08108 -3.70602e+00
 49 -0.06848 -1.04842e+00 | 50 -0.05735 -4.13881e+00 | 51 -0.04574 -2.11247e+00
 52 -0.03953 -2.34357e+00 | 53 -0.03324 -7.61853e-01 | 54 -0.02449 -4.37822e+00
 55 -0.00621 -1.69949e+00 | 56  0.00069 -7.78993e-01 | 57  0.00403 -1.29444e+00
 58  0.01391 -1.99388e+00 | 59  0.02098 -3.52236e+00 | 60  0.02304 -2.09804e+00
 61  0.01946 -1.44830e+00 | 62  0.01659 -1.09218e+00 | 63  0.01819  1.43575e+00
 64  0.01569  1.98763e+00 | 65  0.01159  3.35344e-01 | 66  0.01444 -2.00044e-01
 67  0.02056 -2.37887e+00 | 68  0.02241 -2.16319e+00 | 69  0.02201 -2.86796e+00
 70  0.02745 -1.96050e-01 | 71  0.02768 -6.81458e-01 | 72  0.02586 -2.52653e-01
 73  0.02032  1.07520e+00 | 74  0.01530  4.81996e+00 | 75  0.01542  1.07524e+01
 76  0.14818  2.55434e+01 | 77 -0.59114  9.24340e+00 | 78 -0.45221  1.58676e+00
2 0 25106
2 0 25106
2 0 25106
2 0 25106
2 0 25106
2 0 25106
2 0 25106
2 0 25106
2 0 25106
2 0 25106
78 variables; iteration 110; function evaluation 137; phase 2
Function value   2.5105954e+04; maximum gradient component mag   9.2994e+00
Var   Value    Gradient   |Var   Value    Gradient   |Var   Value    Gradient
  1 -0.66410 -2.06943e+00 |  2 -0.34820  8.46748e-02 |  3  0.24466  1.63648e+00
  4  0.17891  2.78962e-01 |  5  0.12416  1.88390e-02 |  6  0.08530  5.22089e-02
  7  0.05703  8.74123e-02 |  8  0.03569  7.20285e-02 |  9  0.01909  7.77407e-02
 10  0.00594  1.58173e-02 | 11 -0.00457 -3.87180e-03 | 12 -0.01294  2.53794e-03
 13 -0.01953  1.04839e-02 | 14 -0.02458  2.50543e-02 | 15 -0.02825  2.12303e-02
 16 -0.03065  2.64515e-03 | 17 -0.03183  2.32947e-02 | 18  0.05376  4.35999e+00
 19 -0.01802 -2.67567e+00 | 20 -0.00674  8.17136e-02 | 21 -0.00491 -2.95777e-01
 22  0.00138  3.91697e-02 | 23 -0.00163 -1.65008e-01 | 24 -0.00716 -5.30086e-01
 25  0.00127 -3.96758e-02 | 26 -0.00582 -5.42110e-01 | 27 -0.00298 -8.18602e-02
 28  0.00087 -3.14913e-01 | 29 -0.00180 -5.37626e-01 | 30  0.00310 -1.12466e-01
 31  0.00121  2.65467e-01 | 32  0.00390  5.33305e-01 | 33  0.00668  1.03024e+00
 34  0.00323  3.54068e-01 | 35  0.00204  2.54881e-01 | 36  0.00814  1.01851e+00
 37  0.00273 -5.05727e-03 | 38  0.00158 -2.60305e-01 | 39 -0.00077 -1.26974e-01
 40  0.00374  2.91292e-01 | 41 -0.00362  6.97784e-03 | 42  0.00343  3.43996e-01
 43  0.00118  1.85393e-01 | 44 -0.00054  1.32797e-01 | 45  0.00304  1.49281e-02
 46  0.00647 -1.17138e+00 | 47  0.16650 -1.24656e+00 | 48 -0.08071  1.78463e+00
 49 -0.06831  9.45487e-01 | 50 -0.05724  3.38049e-01 | 51 -0.04553 -7.45448e-02
 52 -0.03930  2.67142e-01 | 53 -0.03314 -1.94155e-02 | 54 -0.02424  7.24835e-01
 55 -0.00600 -8.23003e-02 | 56  0.00075 -8.52157e-02 | 57  0.00407  5.75234e-01
 58  0.01380  2.09137e-01 | 59  0.02087 -2.16225e-01 | 60  0.02283 -4.55331e-01
 61  0.01926 -6.00200e-01 | 62  0.01649 -5.04457e-01 | 63  0.01802 -5.26159e-01
 64  0.01541 -8.33024e-01 | 65  0.01148  8.40868e-02 | 66  0.01441 -2.21515e-02
 67  0.02057  8.21618e-02 | 68  0.02237 -3.06725e-01 | 69  0.02208  8.92491e-02
 70  0.02736 -3.24674e-01 | 71  0.02768 -3.93870e-01 | 72  0.02588 -3.87756e-01
 73  0.02022  1.37659e-03 | 74  0.01522  9.54629e-01 | 75  0.01527  4.07147e-01
 76  0.16482  9.29943e+00 | 77 -0.57551 -7.87662e+00 | 78 -0.43120  2.12673e+00
2 0 25106
2 0 25106
2 0 25106
2 0 25106
2 0 25106
2 0 25106
2 0 25106
2 0 25106
2 0 25106
2 0 25106

 - final statistics:
78 variables; iteration 120; function evaluation 147
Function value   2.5106e+04; maximum gradient component mag   1.2182e-04
Exit code = 1;  converg criter   1.0000e-03
Var   Value    Gradient   |Var   Value    Gradient   |Var   Value    Gradient
  1 -0.66159  1.09910e-06 |  2 -0.34521  3.67783e-06 |  3  0.24499 -4.11791e-05
  4  0.17921 -1.57718e-05 |  5  0.12439 -4.71612e-06 |  6  0.08545 -2.19346e-06
  7  0.05713 -9.90401e-07 |  8  0.03576 -1.60148e-06 |  9  0.01914  1.14137e-07
 10  0.00598  1.28191e-07 | 11 -0.00453 -4.39188e-07 | 12 -0.01291 -5.19265e-07
 13 -0.01952 -2.54820e-07 | 14 -0.02457  2.70887e-07 | 15 -0.02825  1.62484e-07
 16 -0.03064 -2.73588e-07 | 17 -0.03183  1.74789e-07 | 18  0.05384 -6.27207e-05
 19 -0.01794  2.14925e-05 | 20 -0.00674 -1.00420e-04 | 21 -0.00490 -6.74356e-05
 22  0.00137 -4.27932e-05 | 23 -0.00166 -9.51977e-06 | 24 -0.00717  6.56186e-07
 25  0.00125  1.86443e-05 | 26 -0.00584 -2.42114e-05 | 27 -0.00300 -4.09471e-05
 28  0.00084 -6.36070e-05 | 29 -0.00183 -2.44472e-05 | 30  0.00309  1.57122e-06
 31  0.00121  3.26011e-05 | 32  0.00391  7.84860e-05 | 33  0.00669  1.21824e-04
 34  0.00323  5.92551e-05 | 35  0.00204  2.93699e-06 | 36  0.00815 -4.34541e-05
 37  0.00274 -2.79777e-05 | 38  0.00159  1.15080e-05 | 39 -0.00076  2.86179e-05
 40  0.00374  4.49963e-05 | 41 -0.00362  4.13360e-05 | 42  0.00344  4.07718e-05
 43  0.00119  1.38376e-05 | 44 -0.00053 -3.43141e-05 | 45  0.00305 -7.70935e-05
 46  0.00646 -1.05850e-05 | 47  0.16680 -8.74938e-05 | 48 -0.08069 -7.95652e-05
 49 -0.06830 -3.75111e-05 | 50 -0.05723 -3.79968e-05 | 51 -0.04551 -7.60333e-05
 52 -0.03928 -7.51242e-05 | 53 -0.03313 -6.79464e-05 | 54 -0.02423 -1.32699e-05
 55 -0.00598  4.33359e-05 | 56  0.00076  9.68254e-05 | 57  0.00407  7.70795e-05
 58  0.01379  4.98539e-05 | 59  0.02086  7.41628e-06 | 60  0.02282 -4.88393e-05
 61  0.01925 -7.70817e-05 | 62  0.01649 -3.78327e-05 | 63  0.01801  1.69487e-05
 64  0.01540  6.52345e-05 | 65  0.01148  7.00028e-05 | 66  0.01441  4.42087e-05
 67  0.02057  2.46850e-05 | 68  0.02237  1.56383e-06 | 69  0.02208 -5.59466e-06
 70  0.02736 -1.02079e-05 | 71  0.02768  1.05395e-05 | 72  0.02588  4.41883e-05
 73  0.02021  5.13816e-05 | 74  0.01522 -9.05078e-06 | 75  0.01522  4.91453e-06
 76  0.16553  5.17530e-06 | 77 -0.57447  1.02660e-04 | 78 -0.42952 -4.49985e-05
2 0 25106
B014291.7
0.3 0.799908
0.685635 0.64581
1.26512 0.508068
1.83647 0.422609
2.21745 0.380428
2.41023 0.362148
2.49389 0.354743
2.52768 0.351835
2.54093 0.350707
2.54606 0.350272
2.54804 0.350105
2.5488 0.35004
2.5491 0.350015
2.54921 0.350006
2.54925 0.350002
2.54927 0.350001
2.54928 0.35
2.54928 0.35
2.54928 0.35
2.54928 0.35
2.54928 0.35
Survey Bio24.2463
Survey len12368.5
CPUE28.7013
Catch3.47397
Catch len12658.5
initsmo_penal16.8826
F_pen1.90979
Rec_pen3.80415
M_pen0


Starting time: Mon Oct 15 14:54:25 2018
Finishing time: Mon Oct 15 14:54:31 2018
This run took: 0 hours, 0 minutes, 6 seconds.

