survYears 69 70 71 72 73 74 75 76 77 78 79 80 81 82 83 84 85 86 87 88 89 90 91 92 93 94 95 96 97
SurvLenYear 69 70 71 72 73 74 75 76 77 78 79 80 81 82 83 84 85 86 87 88 89 90 91 92 93 94 95 96 97
catchBiomass 3622.35 3511.79 3607.91 4760.44 6435.72 7688.84 9745.56 7321.34 8445.14 19095.8 24215.8 18433.4 32684.6 48688.4 42063.3 37618.6 30616.4 34779.3 32738.7 34028.7 40231.5 33544.1 42116.4 41736.2 47106.5 53987.8 41487.2 41010 69156.7
steep0.999
25
Out
1 0 35909.7

Initial statistics: 76 variables; iteration 0; function evaluation 0; phase 1
Function value   3.5909663e+04; maximum gradient component mag  -3.5326e+05
Var   Value    Gradient   |Var   Value    Gradient   |Var   Value    Gradient
  1  0.23207  2.97494e+03 |  2  0.19980  2.03272e+03 |  3  0.18441  1.83929e+03
  4  0.18199  2.16890e+03 |  5  0.16802  1.77185e+03 |  6  0.14752  1.17933e+03
  7  0.13018  8.32050e+02 |  8  0.11621  6.79066e+02 |  9  0.08805  2.97103e+02
 10  0.07277  2.17943e+02 | 11  0.06469  2.27877e+02 | 12  0.04887  1.45062e+02
 13  0.03182  9.68721e+01 | 14  0.01425 -1.04679e+02 | 15  0.04711  2.45472e+02
 16  0.00819 -8.41119e+03 | 17  0.00000 -1.42101e+04 | 18  0.00000  6.03091e+02
 19  0.00000  3.73674e+03 | 20  0.00000  3.86739e+03 | 21  0.00000  2.01537e+03
 22  0.00000  1.21234e+03 | 23  0.00000 -4.29444e+03 | 24  0.00000  6.32640e+03
 25  0.00000  1.44960e+04 | 26  0.00000  2.85662e+03 | 27  0.00000 -8.26216e+02
 28  0.00000  1.20457e+04 | 29  0.00000  5.50683e+03 | 30  0.00000 -3.28082e+03
 31  0.00000 -3.16625e+03 | 32  0.00000 -2.77537e+03 | 33  0.00000  1.95815e+03
 34  0.00000 -4.54165e+02 | 35  0.00000  1.54963e+03 | 36  0.00000  2.31073e+03
 37  0.00000 -1.71010e+03 | 38  0.00000  3.68736e+03 | 39  0.00000  8.83801e+02
 40  0.00000  2.74155e+03 | 41  0.00000  7.31878e+02 | 42  0.00000 -4.62414e+03
 43  0.00000  1.25420e-01 | 44  0.00000 -1.80742e+03 | 45  0.00000 -2.93808e+04
 46  0.07333 -3.53265e+05 | 47  0.00000  5.10976e+04 | 48  0.00000  4.11589e+04
 49  0.00000  3.36657e+04 | 50  0.00000  2.80264e+04 | 51  0.00000  2.64942e+04
 52  0.00000  2.77409e+04 | 53  0.00000  1.82667e+04 | 54  0.00000  2.24973e+03
 55  0.00000  5.48085e+02 | 56  0.00000 -2.00294e+03 | 57  0.00000 -1.41764e+04
 58  0.00000 -1.84352e+04 | 59  0.00000 -1.57597e+04 | 60  0.00000 -1.11270e+04
 61  0.00000 -1.00942e+04 | 62  0.00000 -1.18559e+04 | 63  0.00000 -1.09831e+04
 64  0.00000 -1.30704e+04 | 65  0.00000 -1.36847e+04 | 66  0.00000 -1.42177e+04
 67  0.00000 -1.67945e+04 | 68  0.00000 -1.79220e+04 | 69  0.00000 -2.09552e+04
 70  0.00000 -2.03332e+04 | 71  0.00000 -1.68295e+04 | 72  0.00000 -1.53712e+04
 73  0.00000 -8.75647e+03 | 74  0.00000  6.77082e+03 | 75  0.00000  1.63504e+04
 76  0.00835  6.14762e+04 |
1 0 35909.6
1 0 35909.4
1 0 35907.4
1 0 35887.5
1 0 35689.6
1 0 33906.7
1 0 30508.6
1 0 38121.3
1 0 29588.1
1 0 28738.3
1 0 29146.3
1 0 28331.1
1 0 28602.6
1 0 28166.9
1 0 28176.4
1 0 28081.9
1 0 28036
1 0 28025.2
1 0 28008.7

Intermediate statistics: 76 variables; iteration 10; function evaluation 19; phase 1
Function value   2.8008715e+04; maximum gradient component mag  -9.7390e+04
Var   Value    Gradient   |Var   Value    Gradient   |Var   Value    Gradient
  1  0.25710 -2.31417e+03 |  2  0.20898 -3.59820e+02 |  3  0.18526  6.45292e+01
  4  0.17834  1.94287e+02 |  5  0.16437  1.75803e+02 |  6  0.14534  1.12218e+02
  7  0.12857  8.41843e+01 |  8  0.11322  9.62593e+01 |  9  0.08855  9.44249e+00
 10  0.07295  8.16700e+00 | 11  0.06332  4.02650e+01 | 12  0.04833  2.17604e+01
 13  0.03165 -4.53054e+00 | 14  0.01966 -1.09575e+02 | 15  0.04312  9.23609e+01
 16  0.11867  2.36112e+04 | 17  0.03325  5.89681e+03 | 18 -0.00016  1.62284e+03
 19 -0.03437 -2.16479e+03 | 20 -0.03503 -2.53341e+03 | 21 -0.02204 -9.33639e+02
 22 -0.01595 -1.36473e+03 | 23 -0.00178 -8.91028e+02 | 24  0.01032 -1.73696e+02
 25  0.01572  7.21180e+03 | 26  0.00841  3.79361e+03 | 27  0.02190  5.04773e+02
 28  0.03964  8.80370e+03 | 29  0.01170  3.76535e+03 | 30 -0.01039 -2.18598e+03
 31 -0.02337 -4.20552e+03 | 32  0.00226 -2.54588e+03 | 33  0.00789  1.64477e+03
 34  0.00279 -2.42856e+02 | 35  0.00985  1.21478e+03 | 36  0.00066  1.77168e+03
 37  0.01386  1.54926e+02 | 38  0.01077  3.15654e+03 | 39  0.01445  2.09452e+02
 40  0.01741  2.02368e+03 | 41 -0.00589 -2.57497e+02 | 42 -0.01578 -4.67532e+03
 43  0.00490 -2.43409e+03 | 44 -0.00494 -2.78236e+03 | 45 -0.05622 -1.44092e+04
 46  0.10253 -9.73900e+04 | 47 -0.01029  2.91956e+04 | 48 -0.02466  1.27548e+04
 49 -0.03093  6.80875e+03 | 50 -0.02414  5.95415e+03 | 51 -0.02070  6.03663e+03
 52 -0.03214  4.62625e+03 | 53 -0.04663  6.15687e+02 | 54 -0.00564  1.39628e+03
 55  0.00979 -2.65460e+03 | 56 -0.07335 -4.59184e+03 | 57  0.00793 -3.75338e+02
 58  0.03741 -3.05054e+03 | 59  0.03896 -4.48905e+03 | 60 -0.03958 -5.21238e+03
 61 -0.02402 -4.35424e+03 | 62  0.03081 -2.28256e+03 | 63 -0.02208 -5.10248e+03
 64  0.02455 -3.94614e+03 | 65  0.01381 -5.55714e+03 | 66 -0.01205 -5.60763e+03
 67  0.03091 -4.89168e+03 | 68 -0.03934 -5.80031e+03 | 69  0.03581 -4.73654e+03
 70  0.04262 -4.52421e+03 | 71 -0.01776 -5.52329e+03 | 72 -0.00149 -2.96804e+03
 73  0.04894  6.14454e+02 | 74  0.10070  3.79151e+03 | 75  0.00295  3.96239e+03
 76  0.09456  2.48501e+04 |
1 0 27998
1 0 27990
1 0 27984.3
1 0 27978.7
1 0 27975.6
1 0 27970.9
1 0 27967.2
1 0 27963.9
1 0 27961.4
1 0 27959.8
76 variables; iteration 20; function evaluation 29; phase 1
Function value   2.7959784e+04; maximum gradient component mag  -9.9768e+04
Var   Value    Gradient   |Var   Value    Gradient   |Var   Value    Gradient
  1  0.31884 -1.21826e+03 |  2  0.22569 -1.86927e+01 |  3  0.18355  7.25847e+01
  4  0.16529  1.18016e+02 |  5  0.15144  1.19217e+02 |  6  0.13667  9.44610e+01
  7  0.12174  7.96812e+01 |  8  0.10458  4.89404e+01 |  9  0.08828  3.47107e+01
 10  0.07265  1.83810e+01 | 11  0.05944  1.93289e+01 | 12  0.04634  1.67559e+01
 13  0.03261 -3.21963e+01 | 14  0.03181  2.61948e+00 | 15  0.03339  1.62613e+01
 16  0.11611  2.24441e+04 | 17  0.04852  5.19166e+03 | 18 -0.00348  1.12452e+03
 19 -0.03593 -2.36526e+03 | 20 -0.03582 -2.99095e+03 | 21 -0.02181 -9.88548e+02
 22 -0.01595 -1.08648e+03 | 23 -0.00290 -1.35327e+03 | 24  0.00998 -2.33844e+01
 25  0.01475  7.93347e+03 | 26  0.00531  1.91336e+03 | 27  0.01876  4.67636e+01
 28  0.03965  8.77694e+03 | 29  0.01063  4.29966e+03 | 30 -0.01012 -8.75338e+02
 31 -0.02162 -4.15617e+03 | 32  0.00331 -2.75030e+03 | 33  0.00719  1.04676e+03
 34  0.00239  4.31667e+02 | 35  0.00979  1.25995e+03 | 36  0.00191  2.11187e+03
 37  0.01258 -3.28269e+02 | 38  0.01090  2.63431e+03 | 39  0.01594  3.05375e+02
 40  0.01746  2.50201e+03 | 41 -0.00481 -4.43649e+02 | 42 -0.01025 -2.60194e+03
 43  0.00410 -2.64133e+03 | 44 -0.00106 -2.82567e+03 | 45 -0.06946 -1.40450e+04
 46  0.10557 -9.97680e+04 | 47 -0.01327  2.72935e+04 | 48 -0.02885  1.13598e+04
 49 -0.03343  6.80048e+03 | 50 -0.02421  7.19730e+03 | 51 -0.02130  7.12425e+03
 52 -0.03452  5.17753e+03 | 53 -0.04781  1.17823e+03 | 54 -0.00566  2.07007e+03
 55  0.00728 -2.05172e+03 | 56 -0.08371 -4.57993e+03 | 57  0.00556 -2.76306e+02
 58  0.03634 -3.89261e+03 | 59  0.03171 -7.45251e+03 | 60 -0.03438 -5.46595e+03
 61 -0.02193 -4.38515e+03 | 62  0.02795 -2.40056e+03 | 63 -0.01704 -4.91272e+03
 64  0.01796 -4.88604e+03 | 65  0.01419 -6.28655e+03 | 66 -0.02023 -5.90270e+03
 67  0.02868 -5.18192e+03 | 68 -0.04815 -5.71561e+03 | 69  0.03647 -3.11840e+03
 70  0.03714 -3.53971e+03 | 71 -0.00474 -5.03278e+03 | 72 -0.00247 -3.13988e+03
 73  0.04124  5.14478e+02 | 74  0.11911  5.43966e+03 | 75  0.03871  4.17628e+03
 76  0.09538  2.53685e+04 |
1 0 27957.6
1 0 27958.5
1 0 27956.7
1 0 27956
1 0 27956.3
1 0 27955.7
1 0 27955.2
1 0 27954.6
1 0 27953.5
1 0 27953.5
1 0 27953
1 0 27952.6
1 0 27952.3
76 variables; iteration 30; function evaluation 42; phase 1
Function value   2.7952335e+04; maximum gradient component mag  -1.0025e+05
Var   Value    Gradient   |Var   Value    Gradient   |Var   Value    Gradient
  1  0.32078 -1.06679e+03 |  2  0.22223 -5.65399e+01 |  3  0.18375  1.00661e+02
  4  0.16050  9.80963e+01 |  5  0.14413  9.33157e+01 |  6  0.12972  8.11150e+01
  7  0.11525  6.80085e+01 |  8  0.09925  3.68646e+01 |  9  0.08609  3.99482e+01
 10  0.07151  2.57179e+01 | 11  0.05698  1.03549e+01 | 12  0.04500  3.91264e+00
 13  0.03616 -1.81340e+01 | 14  0.03632  3.66257e+01 | 15  0.02901 -1.42754e+01
 16  0.11516  2.22974e+04 | 17  0.04852  4.76710e+03 | 18 -0.00395  1.22900e+03
 19 -0.03667 -2.51504e+03 | 20 -0.03651 -3.03524e+03 | 21 -0.02226 -7.80683e+02
 22 -0.01654 -1.21683e+03 | 23 -0.00294 -1.41869e+03 | 24  0.00986 -8.46055e+01
 25  0.01496  8.15078e+03 | 26  0.00567  2.09171e+03 | 27  0.02055  3.90184e+02
 28  0.04029  8.91615e+03 | 29  0.01098  4.23428e+03 | 30 -0.00926 -8.20396e+02
 31 -0.02041 -4.08061e+03 | 32  0.00336 -2.63300e+03 | 33  0.00704  1.02920e+03
 34  0.00264  3.72143e+02 | 35  0.00984  1.32802e+03 | 36  0.00179  2.17190e+03
 37  0.01409  1.05275e+01 | 38  0.01118  2.69500e+03 | 39  0.01492 -3.50659e+01
 40  0.01700  2.41804e+03 | 41 -0.00567 -4.80377e+02 | 42 -0.01127 -2.57048e+03
 43  0.00530 -2.59335e+03 | 44 -0.00130 -2.78467e+03 | 45 -0.07002 -1.38231e+04
 46  0.10700 -1.00253e+05 | 47 -0.01417  2.71134e+04 | 48 -0.02946  1.14310e+04
 49 -0.03362  7.08606e+03 | 50 -0.02536  7.03619e+03 | 51 -0.02318  6.71253e+03
 52 -0.03497  5.38406e+03 | 53 -0.05001  1.00960e+03 | 54 -0.00618  2.22860e+03
 55  0.00553 -2.37642e+03 | 56 -0.08447 -4.55445e+03 | 57  0.00465 -2.74004e+02
 58  0.03538 -3.64791e+03 | 59  0.03032 -6.96276e+03 | 60 -0.02868 -5.32120e+03
 61 -0.02226 -4.34289e+03 | 62  0.02684 -2.35395e+03 | 63 -0.01988 -4.92548e+03
 64  0.01811 -4.88571e+03 | 65  0.01174 -6.40245e+03 | 66 -0.02118 -5.89990e+03
 67  0.02806 -5.33053e+03 | 68 -0.04873 -5.68531e+03 | 69  0.03559 -3.14734e+03
 70  0.03671 -3.78124e+03 | 71 -0.01126 -5.31135e+03 | 72 -0.00443 -3.12915e+03
 73  0.04191  7.53839e+02 | 74  0.11901  5.56579e+03 | 75  0.06507  4.35039e+03
 76  0.09591  2.54290e+04 |
1 0 27952.1
1 0 27951.8
1 0 27951.7
1 0 27951.6
1 0 27951.4
1 0 27951.2
1 0 27951
1 0 27951
1 0 27950.9
1 0 27950.3
1 0 27950.1
1 0 27949.7
76 variables; iteration 40; function evaluation 54; phase 1
Function value   2.7949724e+04; maximum gradient component mag  -9.9830e+04
Var   Value    Gradient   |Var   Value    Gradient   |Var   Value    Gradient
  1  0.31486 -1.19596e+03 |  2  0.22674 -2.47698e+01 |  3  0.18257  6.40597e+01
  4  0.16460  1.43026e+02 |  5  0.14316  9.81192e+01 |  6  0.12191  5.19268e+01
  7  0.10587  4.42186e+01 |  8  0.09207  3.82762e+01 |  9  0.07863  2.77600e+01
 10  0.06590  1.67966e+01 | 11  0.05503  7.67673e+00 | 12  0.04730  1.35825e+01
 13  0.04009  7.69731e+00 | 14  0.03448  4.55880e+00 | 15  0.03095 -1.13988e+00
 16  0.11475  2.23224e+04 | 17  0.04709  4.91064e+03 | 18 -0.00400  1.21372e+03
 19 -0.03689 -2.56095e+03 | 20 -0.03675 -3.04488e+03 | 21 -0.02252 -8.50830e+02
 22 -0.01686 -1.32796e+03 | 23 -0.00348 -1.72990e+03 | 24  0.00964 -6.97681e+01
 25  0.01494  7.98726e+03 | 26  0.00591  2.19663e+03 | 27  0.02033  2.67567e+02
 28  0.03965  8.79977e+03 | 29  0.01199  4.32619e+03 | 30 -0.00841 -5.70662e+02
 31 -0.02090 -4.19057e+03 | 32  0.00350 -2.79257e+03 | 33  0.00685  1.20290e+03
 34  0.00105  3.02516e+02 | 35  0.01011  1.51836e+03 | 36  0.00286  1.46848e+03
 37  0.01401  1.55066e+02 | 38  0.01083  2.57656e+03 | 39  0.01556 -3.52879e+01
 40  0.01700  2.50681e+03 | 41 -0.00535 -2.77068e+02 | 42 -0.01053 -2.69391e+03
 43  0.00557 -2.48756e+03 | 44 -0.00184 -2.97351e+03 | 45 -0.06959 -1.38537e+04
 46  0.10760 -9.98297e+04 | 47 -0.01440  2.71698e+04 | 48 -0.02955  1.15027e+04
 49 -0.03427  6.89501e+03 | 50 -0.02572  6.96288e+03 | 51 -0.02349  6.71302e+03
 52 -0.03546  5.44148e+03 | 53 -0.04998  1.09466e+03 | 54 -0.00681  2.25093e+03
 55  0.00551 -2.19211e+03 | 56 -0.08708 -4.61791e+03 | 57  0.00475 -1.47778e+02
 58  0.03377 -3.78271e+03 | 59  0.03156 -7.22122e+03 | 60 -0.03497 -5.43166e+03
 61 -0.02078 -4.20322e+03 | 62  0.02683 -2.23702e+03 | 63 -0.01703 -5.00055e+03
 64  0.01369 -5.45143e+03 | 65  0.01307 -6.46194e+03 | 66 -0.01896 -5.85337e+03
 67  0.02712 -5.42703e+03 | 68 -0.05161 -5.73866e+03 | 69  0.03608 -2.64399e+03
 70  0.03543 -3.79000e+03 | 71 -0.01011 -5.28573e+03 | 72 -0.00287 -3.09664e+03
 73  0.04123  6.32977e+02 | 74  0.11808  5.43216e+03 | 75  0.07639  4.37914e+03
 76  0.09633  2.54793e+04 |
1 0 27949.4
1 0 27948.8
1 0 27948.1
1 0 27947
1 0 27945.9
1 0 27944.1
1 0 27942.4
1 0 27940.3
1 0 27937.8
1 0 27934.4
76 variables; iteration 50; function evaluation 64; phase 1
Function value   2.7934433e+04; maximum gradient component mag  -9.9821e+04
Var   Value    Gradient   |Var   Value    Gradient   |Var   Value    Gradient
  1  0.31513 -1.11071e+03 |  2  0.23704  1.12316e+01 |  3  0.19516  1.34919e+02
  4  0.17098  1.60452e+02 |  5  0.14403  1.41945e+02 |  6  0.10410  1.52575e+01
  7  0.07374 -1.34751e+01 |  8  0.05499 -4.82588e+00 |  9  0.04275 -1.51087e+01
 10  0.03897 -2.89370e+01 | 11  0.04756  2.01667e+01 | 12  0.05463  7.71715e+01
 13  0.04382  4.36201e-01 | 14  0.03714 -2.42764e+01 | 15  0.04143  2.77221e+01
 16  0.11376  2.19354e+04 | 17  0.04654  4.84848e+03 | 18 -0.00465  1.32388e+03
 19 -0.03763 -2.62906e+03 | 20 -0.03739 -3.01942e+03 | 21 -0.02340 -1.03341e+03
 22 -0.01672 -9.10208e+02 | 23 -0.00368 -1.70780e+03 | 24  0.00863 -2.72465e+02
 25  0.01344  7.98793e+03 | 26  0.00474  1.62568e+03 | 27  0.02106  4.24489e+02
 28  0.03978  8.83593e+03 | 29  0.01214  4.54408e+03 | 30 -0.00897 -8.73957e+02
 31 -0.02172 -4.64029e+03 | 32  0.00427 -2.47073e+03 | 33  0.00706  1.06240e+03
 34  0.00262  2.30160e+02 | 35  0.01134  1.90987e+03 | 36  0.00118  1.29986e+03
 37  0.01476  4.78374e+02 | 38  0.01151  2.22061e+03 | 39  0.01586  1.93790e+02
 40  0.01737  2.47596e+03 | 41 -0.00422  1.12634e+02 | 42 -0.00992 -2.58203e+03
 43  0.00623 -2.34543e+03 | 44 -0.00151 -2.97155e+03 | 45 -0.06847 -1.38031e+04
 46  0.10742 -9.98213e+04 | 47 -0.01400  2.69536e+04 | 48 -0.02872  1.15818e+04
 49 -0.03352  7.00505e+03 | 50 -0.02497  7.24048e+03 | 51 -0.02344  6.57222e+03
 52 -0.03513  5.36470e+03 | 53 -0.04886  1.20874e+03 | 54 -0.00565  2.12373e+03
 55  0.00441 -2.43775e+03 | 56 -0.08251 -4.51209e+03 | 57  0.00504 -6.87735e+01
 58  0.03416 -3.86818e+03 | 59  0.03229 -7.28207e+03 | 60 -0.03893 -5.37162e+03
 61 -0.02116 -4.14821e+03 | 62  0.02751 -2.00256e+03 | 63 -0.02514 -5.07663e+03
 64  0.01869 -5.05799e+03 | 65  0.01235 -6.15043e+03 | 66 -0.02361 -5.91785e+03
 67  0.02771 -5.54234e+03 | 68 -0.04196 -5.50689e+03 | 69  0.03527 -2.79549e+03
 70  0.03617 -3.81710e+03 | 71 -0.00971 -5.32696e+03 | 72 -0.00227 -3.12625e+03
 73  0.04130  5.46893e+02 | 74  0.11733  5.39149e+03 | 75  0.06844  4.35769e+03
 76  0.09769  2.55006e+04 |
1 0 27935.8
1 0 27933
1 0 27930.4
1 0 27926.3
1 0 27923.2
1 0 27921.8
1 0 27920.3
1 0 27914.1
1 0 27915.1
1 0 27910.2
1 0 27903
1 0 27891.1
1 0 27870.7
76 variables; iteration 60; function evaluation 77; phase 1
Function value   2.7870791e+04; maximum gradient component mag  -1.0001e+05
Var   Value    Gradient   |Var   Value    Gradient   |Var   Value    Gradient
  1  0.30597 -8.87675e+02 |  2  0.24018 -4.02674e+01 |  3  0.19001  9.19759e+01
  4  0.16373  1.55723e+02 |  5  0.12950  5.26241e+01 |  6  0.10195  1.31289e+02
  7  0.04789  2.72963e+01 |  8 -0.00995 -1.40064e+02 |  9 -0.02460 -9.76971e+01
 10 -0.00907  1.66006e+01 | 11  0.00267  1.08701e+01 | 12  0.01276 -6.77129e+01
 13  0.04529  2.91653e+01 | 14  0.07362  1.75890e+02 | 15  0.05737 -3.36628e+01
 16  0.11199  2.09891e+04 | 17  0.04212  4.21535e+03 | 18 -0.00494  1.83884e+03
 19 -0.03799 -2.47539e+03 | 20 -0.03805 -2.92892e+03 | 21 -0.02387 -9.26140e+02
 22 -0.01651 -7.00352e+02 | 23 -0.00302 -1.75996e+03 | 24  0.01115  4.65142e+02
 25  0.01326  7.90276e+03 | 26  0.00496  1.87956e+03 | 27  0.02252  8.86843e+02
 28  0.03944  8.75666e+03 | 29  0.00966  3.09764e+03 | 30 -0.00856 -8.97332e+02
 31 -0.01881 -4.23722e+03 | 32  0.00442 -2.22895e+03 | 33  0.00600  1.20542e+03
 34 -0.00193 -1.21950e+02 | 35  0.01061  1.24889e+03 | 36  0.00488  1.64311e+03
 37  0.01468  1.05089e+03 | 38  0.00964  1.23715e+03 | 39  0.01567  1.40482e+02
 40  0.02015  3.48297e+03 | 41 -0.00366 -5.55018e+02 | 42 -0.00994 -2.81118e+03
 43  0.00854 -1.57673e+03 | 44 -0.00341 -3.20577e+03 | 45 -0.06604 -1.38291e+04
 46  0.10630 -1.00014e+05 | 47 -0.01296  2.68903e+04 | 48 -0.02644  1.19738e+04
 49 -0.03213  6.99633e+03 | 50 -0.02395  7.19256e+03 | 51 -0.02279  6.45973e+03
 52 -0.03422  5.50018e+03 | 53 -0.04735  1.33370e+03 | 54 -0.00378  2.31411e+03
 55  0.00519 -2.26854e+03 | 56 -0.08563 -4.65600e+03 | 57  0.00596 -6.96683e+02
 58  0.03598 -4.06864e+03 | 59  0.03042 -6.15905e+03 | 60 -0.01941 -5.00859e+03
 61 -0.02196 -4.31280e+03 | 62  0.02982 -2.25214e+03 | 63 -0.01753 -5.20328e+03
 64  0.01125 -5.17556e+03 | 65  0.01776 -5.79852e+03 | 66 -0.01910 -6.04187e+03
 67  0.02796 -6.24381e+03 | 68 -0.05431 -5.83781e+03 | 69  0.03511 -3.58174e+03
 70  0.03813 -4.10764e+03 | 71 -0.00573 -5.00645e+03 | 72 -0.00966 -3.47406e+03
 73  0.04723  5.42573e+02 | 74  0.11412  5.10083e+03 | 75  0.03628  4.15024e+03
 76  0.09999  2.54687e+04 |
1 0 27841.2
1 0 27790.2
1 0 27741.5
1 0 27653.3
1 0 27501.7
1 0 27255.3
1 0 26808.2
1 0 26182
1 0 27884.6
1 0 26010.3
1 0 26013.5
1 0 25937.4
76 variables; iteration 70; function evaluation 89; phase 1
Function value   2.5937466e+04; maximum gradient component mag  -9.9499e+04
Var   Value    Gradient   |Var   Value    Gradient   |Var   Value    Gradient
  1  0.26259  1.05627e+03 |  2  0.26073  1.00989e+03 |  3  0.19831  3.30669e+02
  4  0.11214 -2.60704e+02 |  5  0.12425 -2.10774e+02 |  6  0.23218  2.07657e+03
  7  0.02102 -5.52984e+02 |  8 -0.01593  3.20181e+02 |  9 -0.14905 -1.14925e+02
 10 -0.25032  1.42348e+02 | 11 -0.41523 -5.02452e+02 | 12 -0.35761  1.01698e+02
 13 -0.34441  3.12291e+02 | 14 -0.46667 -6.58929e+02 | 15 -0.26556  5.11823e+02
 16  0.08733  6.92785e+03 | 17  0.01886 -5.62750e+03 | 18  0.00598  5.61114e+03
 19 -0.01870  2.18217e+02 | 20 -0.02350 -1.24590e+03 | 21 -0.01713 -5.73460e+02
 22 -0.01453 -8.26128e+02 | 23 -0.00293 -2.64012e+03 | 24  0.01081  3.15929e+03
 25 -0.00012  4.04271e+03 | 26  0.00102 -5.80882e+02 | 27  0.02214  2.96971e+03
 28  0.02495  7.28423e+03 | 29  0.00359 -4.33472e+02 | 30 -0.00520 -2.84574e+02
 31 -0.01099 -3.99259e+03 | 32  0.00230 -7.78752e+02 | 33  0.00405  2.80336e+03
 34 -0.00529 -2.27180e+03 | 35  0.00433  3.90773e+03 | 36  0.00365  2.11521e+03
 37  0.01061  1.47988e+03 | 38  0.00826  7.21196e+02 | 39  0.01182  4.56880e+02
 40  0.01140  1.39669e+03 | 41 -0.01156 -1.37461e+03 | 42 -0.01105 -6.00538e+02
 43  0.00324 -2.00086e+03 | 44  0.00797 -1.40910e+03 | 45 -0.03379 -1.13702e+04
 46  0.10357 -9.94986e+04 | 47 -0.02845  1.77885e+04 | 48 -0.03150  9.87489e+03
 49 -0.03415  5.63560e+03 | 50 -0.02454  6.19029e+03 | 51 -0.02578  5.63588e+03
 52 -0.03940  4.84619e+03 | 53 -0.03252  4.04425e+03 | 54  0.00211  3.05917e+03
 55 -0.00631  1.07799e+03 | 56 -0.00988  1.55260e+03 | 57  0.00418 -1.66887e+03
 58  0.03560 -3.11233e+03 | 59  0.02067 -2.66758e+03 | 60  0.00049 -1.68868e+03
 61  0.00256 -9.95816e+02 | 62  0.02341 -1.03006e+02 | 63  0.00391 -1.99644e+03
 64  0.00415 -4.75427e+03 | 65  0.01356 -6.71300e+03 | 66 -0.01535 -6.77845e+03
 67  0.02461 -7.10140e+03 | 68 -0.06080 -6.09527e+03 | 69  0.04093 -6.08408e+03
 70  0.02781 -5.66336e+03 | 71 -0.01705 -5.80243e+03 | 72 -0.01604 -4.57079e+03
 73  0.03585 -2.16645e+03 | 74  0.08446  2.68044e+03 | 75  0.01560  4.18082e+03
 76  0.07508  2.19343e+04 |
1 0 25912.3
1 0 25865.1
1 0 25773.5
1 0 72906.5
1 0 25762.8
1 0 25666.1
1 0 34117
1 0 25640.9
1 0 25608.2
1 0 30076.6
1 0 25666.4
1 0 25605
1 0 25600
1 0 25590.5
1 0 25547.4
1 0 25447.8
1 0 25255.4
1 0 24726.4
1 0 24392.4
76 variables; iteration 80; function evaluation 108; phase 1
Function value   2.4392448e+04; maximum gradient component mag  -6.2765e+04
Var   Value    Gradient   |Var   Value    Gradient   |Var   Value    Gradient
  1  0.23401  1.03216e+03 |  2  0.21612  1.05767e+03 |  3  0.17839  4.65706e+02
  4  0.15982  1.35715e+02 |  5  0.24313  3.86982e+03 |  6  0.10332 -1.96094e+02
  7  0.07594 -2.33402e+02 |  8  0.14711  8.91562e+02 |  9  0.08466 -1.04135e+01
 10  0.06091  1.21266e+02 | 11  0.02087  1.03976e+02 | 12 -0.04236 -3.89934e+02
 13  0.01362  7.61432e+01 | 14  0.05359  3.44375e+02 | 15  0.00722 -1.34564e+02
 16  0.05513 -5.13785e+03 | 17  0.01099 -1.32063e+04 | 18  0.00751  5.83688e+03
 19 -0.00088  3.68019e+03 | 20 -0.00356  1.72367e+03 | 21 -0.00305  4.72590e+02
 22 -0.00412  2.21317e+02 | 23  0.00229 -9.83321e+02 | 24 -0.00559 -1.11571e+03
 25 -0.01369  2.31683e+03 | 26 -0.00145  3.58639e+03 | 27  0.00407 -3.49220e+02
 28 -0.01073 -3.26323e+03 | 29  0.00279  5.14248e+03 | 30  0.00308  3.40072e+03
 31 -0.00391 -7.40648e+02 | 32 -0.00280 -5.86755e+03 | 33  0.00413  5.84601e+03
 34  0.00479  4.96691e+03 | 35 -0.00676 -6.37730e+03 | 36 -0.01064 -1.35282e+03
 37 -0.00474 -6.31805e+03 | 38  0.00370  2.14753e+03 | 39  0.00054 -4.50029e+03
 40 -0.00037  3.60550e+03 | 41 -0.00943  2.23142e+03 | 42  0.00030  3.50022e+03
 43 -0.00257 -3.66112e+03 | 44  0.02276  6.18401e+03 | 45  0.01785 -6.77219e+03
 46  0.09990 -6.27646e+04 | 47 -0.04460  9.39158e+03 | 48 -0.04658  2.46623e+03
 49 -0.04162  1.95955e+02 | 50 -0.03280 -3.38755e+02 | 51 -0.03206  7.73769e+01
 52 -0.03740  1.79173e+03 | 53 -0.02037  4.64403e+03 | 54 -0.00033  1.82309e+03
 55 -0.01486 -2.87732e+03 | 56 -0.00599 -8.94508e+02 | 57  0.01340 -3.18670e+02
 58  0.02073 -2.84073e+03 | 59  0.01717 -5.54454e+03 | 60 -0.01119 -5.20162e+03
 61  0.01293  7.77057e+02 | 62  0.00948 -4.17008e+03 | 63 -0.01119 -7.19392e+03
 64  0.02464 -2.02262e+03 | 65 -0.01381 -4.68905e+03 | 66  0.01932  4.94647e+03
 67  0.01101  9.18682e+02 | 68  0.03996  1.52675e+04 | 69  0.03831  8.82065e+03
 70  0.00443 -4.21492e+03 | 71  0.00846 -3.68417e+03 | 72 -0.00904 -4.35619e+03
 73  0.01396 -3.89190e+03 | 74  0.03867 -2.75584e+03 | 75  0.04807  2.93912e+03
 76  0.02353  9.11833e+03 |
1 0 23957.1
1 0 23569.9
1 0 23444.2
1 0 23265.9
1 0 23156.9
1 0 23062.3
1 0 23012.8
1 0 22982.9
1 0 22951.6
1 0 22934.9
76 variables; iteration 90; function evaluation 118; phase 1
Function value   2.2934900e+04; maximum gradient component mag  -1.1630e+04
Var   Value    Gradient   |Var   Value    Gradient   |Var   Value    Gradient
  1  0.24303  1.13090e+02 |  2  0.20136  1.85813e+00 |  3  0.15171  5.83344e+01
  4  0.10276 -1.98803e+01 |  5  0.07346 -2.27039e+01 |  6  0.06055  3.63500e+01
  7  0.04474  9.79196e+00 |  8  0.03193  4.18229e+00 |  9  0.02241  1.37413e+01
 10  0.01242 -2.81877e+01 | 11  0.01384  1.32495e+01 | 12  0.01431 -1.70322e+01
 13  0.02299  6.53973e+00 | 14  0.03352  6.00883e+01 | 15  0.03083  6.32727e+00
 16  0.06777 -1.03758e+03 | 17 -0.00210 -1.92147e+02 | 18 -0.00698 -4.28556e+01
 19 -0.01011  9.93567e+01 | 20 -0.00831  1.26798e+02 | 21 -0.00546  1.30681e+02
 22 -0.00557  1.65402e+02 | 23  0.00252  6.72588e-01 | 24 -0.00374  3.64397e+02
 25 -0.01506 -3.30902e+02 | 26 -0.00360 -2.21583e+02 | 27  0.00460  2.17184e+02
 28 -0.00952 -1.19040e+02 | 29 -0.00467 -7.93288e+01 | 30  0.00477  2.02250e+02
 31  0.00547 -6.16553e+01 | 32  0.00589  3.83904e+02 | 33 -0.00028 -2.62760e+01
 34  0.00202  7.02234e+01 | 35  0.00109  1.61496e+02 | 36 -0.00012 -1.85811e+02
 37  0.00593  1.94254e+02 | 38  0.00057  2.17268e+02 | 39  0.00397  3.98506e+02
 40  0.00088 -4.53524e+02 | 41  0.00240 -3.57407e+01 | 42  0.00829  1.62621e+02
 43  0.00349  1.93466e+02 | 44  0.00355 -1.68279e+02 | 45  0.01996 -1.23973e+03
 46  0.10601 -1.16298e+04 | 47 -0.05858  9.72508e+02 | 48 -0.05101  7.56252e+02
 49 -0.04257  7.91048e+02 | 50 -0.03399  7.07035e+02 | 51 -0.03268  6.55697e+02
 52 -0.03918  6.30161e+02 | 53 -0.03025  2.05352e+02 | 54 -0.00494  3.37265e+02
 55 -0.00688  2.93903e+02 | 56 -0.00466  6.72801e+02 | 57  0.01181 -5.91129e+01
 58  0.01732 -5.91185e+02 | 59  0.01570 -5.23139e+02 | 60  0.01294  1.30219e+03
 61  0.00939  1.41912e+02 | 62  0.01029 -6.12625e+02 | 63  0.00760 -4.19655e+02
 64  0.01064 -4.69073e+02 | 65  0.01205  1.09586e+02 | 66  0.01232 -3.53202e+02
 67  0.01409 -6.26209e+02 | 68  0.01571 -5.19953e+02 | 69  0.01980 -1.01920e+03
 70  0.02137 -3.90977e+02 | 71  0.01807  2.17049e+01 | 72  0.01265 -1.15236e+03
 73  0.01700 -1.02212e+03 | 74  0.03164 -2.84794e+02 | 75  0.03438  5.61923e+02
 76  0.02696  2.30786e+03 |
1 0 22925.7
1 0 22914.9
1 0 22909.3
1 0 22906
1 0 22902.3
1 0 22899.2
1 0 22897.6
1 0 22896.2
1 0 22895
1 0 22894.2
76 variables; iteration 100; function evaluation 128; phase 1
Function value   2.2894225e+04; maximum gradient component mag  -1.9397e+02
Var   Value    Gradient   |Var   Value    Gradient   |Var   Value    Gradient
  1  0.23803 -9.16963e+01 |  2  0.20458 -3.58900e+01 |  3  0.15248 -6.48439e+00
  4  0.10992 -1.00616e+01 |  5  0.08023 -1.52830e+00 |  6  0.05854  6.37614e+00
  7  0.04028  3.79267e+00 |  8  0.02461 -7.09477e+00 |  9  0.01369  5.77254e+00
 10  0.00310 -6.62959e+00 | 11 -0.00389 -1.09390e+00 | 12 -0.00919 -5.08300e-01
 13 -0.01312  3.07956e+00 | 14 -0.01688  1.99629e+00 | 15 -0.02023 -8.02094e+00
 16  0.08273 -3.50929e+01 | 17 -0.00024  6.96691e+01 | 18 -0.00747 -1.19706e+02
 19 -0.01068 -7.07234e+01 | 20 -0.00913 -9.16635e+00 | 21 -0.00644 -2.39765e+00
 22 -0.00680  1.78566e+01 | 23  0.00153  2.98088e+01 | 24 -0.00468  1.83816e+01
 25 -0.01545 -1.59219e+02 | 26 -0.00407 -5.05397e+01 | 27  0.00435  1.00876e+02
 28 -0.00885 -1.37054e+02 | 29 -0.00432  1.33224e+02 | 30  0.00341  9.25353e+01
 31  0.00332  5.09194e+01 | 32  0.00491 -1.40263e+01 | 33 -0.00014 -2.52478e+01
 34  0.00143 -2.99365e+01 | 35 -0.00035 -1.65184e+02 | 36 -0.00123 -1.23529e+01
 37  0.00549  1.16849e+02 | 38  0.00009  1.11124e+02 | 39  0.00307 -1.25528e+02
 40  0.00140  5.56725e+01 | 41  0.00158  1.53509e+01 | 42  0.00775 -4.55216e+01
 43  0.00435  2.76820e+01 | 44  0.00549  4.05918e+01 | 45  0.03171  8.15454e+01
 46  0.10130 -1.31109e+02 | 47 -0.06039 -1.93965e+02 | 48 -0.05203 -5.75490e+01
 49 -0.04358  4.84381e+00 | 50 -0.03478  1.06702e+00 | 51 -0.03336 -1.51686e+01
 52 -0.03986 -2.24448e+01 | 53 -0.03064 -7.71379e+01 | 54 -0.00569  1.32552e+02
 55 -0.00705 -9.58543e+01 | 56 -0.00583  1.08557e+02 | 57  0.01173  1.15410e+02
 58  0.01933  7.14369e+01 | 59  0.01776 -1.03219e+02 | 60  0.01033  5.36599e+00
 61  0.00937 -4.36131e+01 | 62  0.01179 -1.14654e+02 | 63  0.00909  3.05311e+01
 64  0.01183  9.09688e+01 | 65  0.01154 -9.65387e+01 | 66  0.01343 -6.82948e+01
 67  0.01517 -1.52569e+02 | 68  0.01656  1.52962e+02 | 69  0.02243  1.76812e+02
 70  0.02234  2.25336e+01 | 71  0.01795  1.28918e+02 | 72  0.01509 -1.54640e+01
 73  0.01817 -2.49621e+01 | 74  0.02949  5.88973e+01 | 75  0.02966  8.01501e+00
 76 -0.01083  1.32155e+02 |
1 0 22893.7
1 0 22893.5
1 0 22893.3
1 0 22893.2
1 0 22893.1
1 0 22893.1
1 0 22893
1 0 22893
1 0 22893
1 0 22893
76 variables; iteration 110; function evaluation 138; phase 1
Function value   2.2892970e+04; maximum gradient component mag  -6.0653e+01
Var   Value    Gradient   |Var   Value    Gradient   |Var   Value    Gradient
  1  0.23830  7.34701e-01 |  2  0.20748  5.48562e-02 |  3  0.15498 -6.72994e-01
  4  0.11240 -8.42511e-01 |  5  0.08074 -1.66465e+00 |  6  0.05736 -1.87348e+00
  7  0.03989 -2.23843e-01 |  8  0.02627 -3.20467e-01 |  9  0.01558  1.87723e-01
 10  0.00706 -3.74888e-01 | 11  0.00049 -2.41974e-02 | 12 -0.00450  4.74563e-02
 13 -0.00808  6.21174e-03 | 14 -0.01037  1.24909e-01 | 15 -0.01145  3.91814e-01
 16  0.08462  1.13941e+01 | 17  0.00200  2.09582e+01 | 18 -0.00675 -3.98642e+00
 19 -0.01037 -2.42792e+00 | 20 -0.00905 -3.64541e+00 | 21 -0.00636 -1.57414e+00
 22 -0.00678 -1.10401e+00 | 23  0.00156 -2.41277e-01 | 24 -0.00453 -6.76426e+00
 25 -0.01498 -2.15311e+00 | 26 -0.00379  9.11210e-01 | 27  0.00418  5.58934e+00
 28 -0.00859 -1.32626e+01 | 29 -0.00447 -1.46073e+00 | 30  0.00329  2.94222e+00
 31  0.00318  3.72888e+00 | 32  0.00500 -1.24140e+00 | 33  0.00006 -8.75642e+00
 34  0.00161 -5.05611e+00 | 35  0.00016  4.71650e+00 | 36 -0.00094  6.63123e+00
 37  0.00531 -3.80611e+00 | 38 -0.00024  7.74918e+00 | 39  0.00288 -2.16464e-01
 40  0.00120  2.51417e+00 | 41  0.00157  2.73799e+00 | 42  0.00771  3.20513e+00
 43  0.00418 -2.11957e+00 | 44  0.00468 -9.66168e+00 | 45  0.02831  5.15456e+00
 46  0.10038 -6.06525e+01 | 47 -0.06009  9.32196e-01 | 48 -0.05213 -5.67030e-01
 49 -0.04385 -1.38458e+00 | 50 -0.03501 -2.32540e+00 | 51 -0.03353 -3.61304e+00
 52 -0.04005 -1.74347e+00 | 53 -0.03078  4.45065e+00 | 54 -0.00623  5.82749e+00
 55 -0.00670  4.83737e+00 | 56 -0.00630  5.54499e-01 | 57  0.01143  5.10812e-03
 58  0.01911  1.06600e+01 | 59  0.01781 -1.14295e+01 | 60  0.01007 -3.52322e+00
 61  0.00930  3.79253e+00 | 62  0.01186 -8.08503e+00 | 63  0.00884  5.29974e+00
 64  0.01160 -4.46571e+00 | 65  0.01186 -7.25102e+00 | 66  0.01346  3.62638e+00
 67  0.01530 -1.02828e+01 | 68  0.01610 -1.40615e+01 | 69  0.02198 -4.12355e+00
 70  0.02234  7.86795e+00 | 71  0.01772  6.66874e+00 | 72  0.01530  1.18152e+00
 73  0.01874  6.77412e+00 | 74  0.03082  4.78388e+00 | 75  0.03082  2.69674e+00
 76 -0.02068  1.39046e+01 |
1 0 22893
1 0 22893
1 0 22893
1 0 22893
1 0 22893
1 0 22893
1 0 22893
1 0 22893
1 0 22893
1 0 22893
76 variables; iteration 120; function evaluation 148; phase 1
Function value   2.2892961e+04; maximum gradient component mag   9.9865e-01
Var   Value    Gradient   |Var   Value    Gradient   |Var   Value    Gradient
  1  0.23798 -9.73944e-02 |  2  0.20696 -4.52716e-02 |  3  0.15477 -2.19605e-02
  4  0.11263 -8.11614e-03 |  5  0.08142  2.31645e-02 |  6  0.05823 -4.59522e-02
  7  0.04056 -1.29840e-02 |  8  0.02678  5.17814e-03 |  9  0.01588 -1.09661e-02
 10  0.00726 -4.91136e-03 | 11  0.00049 -2.65852e-03 | 12 -0.00467  1.13365e-02
 13 -0.00842 -1.29942e-02 | 14 -0.01087 -1.65172e-02 | 15 -0.01208 -4.35651e-02
 16  0.08465  1.05983e-01 | 17  0.00176  2.28654e-01 | 18 -0.00675 -7.57275e-02
 19 -0.01034  4.76352e-02 | 20 -0.00902  5.78819e-02 | 21 -0.00634  4.02802e-02
 22 -0.00676  1.03436e-02 | 23  0.00158  8.09457e-02 | 24 -0.00450 -8.06248e-02
 25 -0.01496  1.85072e-01 | 26 -0.00378  8.10913e-02 | 27  0.00419 -1.44229e-01
 28 -0.00854  6.29975e-02 | 29 -0.00444  2.28108e-01 | 30  0.00331 -5.67013e-02
 31  0.00319 -4.13645e-02 | 32  0.00502 -4.06617e-02 | 33  0.00010 -8.66161e-02
 34  0.00163 -2.15833e-01 | 35  0.00017 -5.57146e-03 | 36 -0.00094 -1.89421e-02
 37  0.00532  8.44303e-02 | 38 -0.00024 -1.77753e-01 | 39  0.00289  5.30925e-02
 40  0.00118  2.65101e-02 | 41  0.00155 -5.35140e-02 | 42  0.00771 -3.46929e-01
 43  0.00419  8.44059e-02 | 44  0.00468  3.22775e-01 | 45  0.02812 -2.87232e-01
 46  0.10033  9.98649e-01 | 47 -0.06012  5.58251e-01 | 48 -0.05215 -1.12736e-01
 49 -0.04386 -1.10610e-01 | 50 -0.03502 -7.36763e-02 | 51 -0.03354 -6.89606e-02
 52 -0.04005 -1.34349e-01 | 53 -0.03080 -4.89026e-02 | 54 -0.00624  1.04299e-01
 55 -0.00672 -1.67332e-01 | 56 -0.00632  2.10989e-01 | 57  0.01142  1.83269e-02
 58  0.01908 -2.62581e-01 | 59  0.01784 -2.55717e-01 | 60  0.01007 -1.70954e-02
 61  0.00927 -8.33145e-02 | 62  0.01188 -1.92853e-01 | 63  0.00883  8.39582e-02
 64  0.01160  2.61404e-01 | 65  0.01186  2.10863e-01 | 66  0.01344 -2.78692e-02
 67  0.01530  1.15175e-01 | 68  0.01613  1.89062e-01 | 69  0.02197 -4.55768e-02
 70  0.02231  4.36992e-03 | 71  0.01769  1.27892e-01 | 72  0.01530  9.30105e-02
 73  0.01876  3.62242e-02 | 74  0.03093 -2.45505e-01 | 75  0.03093 -4.25563e-02
 76 -0.02123 -7.98858e-02 |
1 0 22893
1 0 22893
1 0 22893
1 0 22893
1 0 22893
1 0 22893
1 0 22893

 - final statistics:
76 variables; iteration 127; function evaluation 155
Function value   2.2893e+04; maximum gradient component mag  -6.7858e-02
Exit code = 1;  converg criter   1.0000e-01
Var   Value    Gradient   |Var   Value    Gradient   |Var   Value    Gradient
  1  0.23798 -6.57934e-03 |  2  0.20696  1.99932e-03 |  3  0.15477 -6.50807e-04
  4  0.11263 -3.94230e-04 |  5  0.08143 -8.11212e-05 |  6  0.05825 -1.10849e-03
  7  0.04058 -1.34759e-03 |  8  0.02680  1.50550e-03 |  9  0.01591 -5.62136e-04
 10  0.00729 -7.15636e-04 | 11  0.00054 -2.70822e-04 | 12 -0.00462  3.73774e-04
 13 -0.00836 -3.86527e-04 | 14 -0.01079 -4.98618e-06 | 15 -0.01199  2.79523e-04
 16  0.08465 -6.01134e-03 | 17  0.00175  4.74031e-03 | 18 -0.00675 -1.12966e-02
 19 -0.01034 -8.63348e-03 | 20 -0.00902 -9.44085e-05 | 21 -0.00634  3.44595e-04
 22 -0.00676  4.85152e-04 | 23  0.00158  4.42343e-03 | 24 -0.00450 -1.36475e-03
 25 -0.01496  1.38181e-02 | 26 -0.00378  1.21799e-02 | 27  0.00419 -7.81454e-03
 28 -0.00854 -8.49933e-03 | 29 -0.00444  2.67923e-03 | 30  0.00331 -6.35239e-03
 31  0.00319  2.72782e-03 | 32  0.00502  1.91554e-03 | 33  0.00010  1.41023e-02
 34  0.00163 -8.12181e-03 | 35  0.00017  8.11956e-03 | 36 -0.00094  1.29554e-03
 37  0.00532  4.54201e-03 | 38 -0.00024 -1.26373e-02 | 39  0.00289  3.70546e-04
 40  0.00118 -5.48321e-03 | 41  0.00155 -7.04429e-04 | 42  0.00771 -1.63871e-02
 43  0.00419  7.88115e-03 | 44  0.00468  9.81188e-03 | 45  0.02812 -3.12793e-03
 46  0.10033 -6.78579e-02 | 47 -0.06012 -2.94070e-02 | 48 -0.05215 -3.99305e-03
 49 -0.04386  7.33612e-04 | 50 -0.03502  4.09095e-03 | 51 -0.03354  3.40376e-03
 52 -0.04005 -1.75532e-03 | 53 -0.03080  1.93442e-03 | 54 -0.00625  1.37910e-02
 55 -0.00672 -4.29292e-03 | 56 -0.00632  1.27126e-02 | 57  0.01142 -1.19321e-02
 58  0.01909 -1.37243e-02 | 59  0.01784  4.23796e-03 | 60  0.01007  5.38705e-03
 61  0.00927  4.89788e-03 | 62  0.01188  9.83060e-03 | 63  0.00883  3.92458e-03
 64  0.01160  1.17409e-02 | 65  0.01186  5.32591e-03 | 66  0.01344 -8.04151e-03
 67  0.01530 -2.87850e-03 | 68  0.01613  2.85230e-03 | 69  0.02197 -1.13475e-02
 70  0.02231 -2.68119e-03 | 71  0.01769  4.74934e-03 | 72  0.01530  2.78240e-04
 73  0.01876  9.45067e-04 | 74  0.03092  1.57544e-03 | 75  0.03092  3.18503e-03
 76 -0.02123  5.25841e-03 |
1 0 22893
B089028.5
0.3 0.426536
0.365602 0.374548
0.391245 0.357215
0.399311 0.352058
0.401659 0.350582
0.402327 0.350164
0.402515 0.350046
0.402569 0.350013
0.402584 0.350004
0.402588 0.350001
0.402589 0.35
0.402589 0.35
0.402589 0.35
0.402589 0.35
0.402589 0.35
0.402589 0.35
0.402589 0.35
0.402589 0.35
0.402589 0.35
0.402589 0.35
0.402589 0.35
2 0 22893

Initial statistics: 80 variables; iteration 0; function evaluation 0; phase 2
Function value   2.2892961e+04; maximum gradient component mag  -7.7924e+03
Var   Value    Gradient   |Var   Value    Gradient   |Var   Value    Gradient
  1 -0.80138  1.72564e+02 |  2 -0.47858  1.43129e+02 |  3  0.23798 -6.57934e-03
  4  0.20696  1.99932e-03 |  5  0.15477 -6.50807e-04 |  6  0.11263 -3.94230e-04
  7  0.08143 -8.11212e-05 |  8  0.05825 -1.10849e-03 |  9  0.04058 -1.34759e-03
 10  0.02680  1.50550e-03 | 11  0.01591 -5.62136e-04 | 12  0.00729 -7.15636e-04
 13  0.00054 -2.70822e-04 | 14 -0.00462  3.73774e-04 | 15 -0.00836 -3.86527e-04
 16 -0.01079 -4.98618e-06 | 17 -0.01199  2.79523e-04 | 18  0.08465 -6.01134e-03
 19  0.00175  4.77764e-03 | 20 -0.00675 -1.12593e-02 | 21 -0.01034 -8.59616e-03
 22 -0.00902 -5.70852e-05 | 23 -0.00634  3.81920e-04 | 24 -0.00676  5.22477e-04
 25  0.00158  4.46076e-03 | 26 -0.00450 -1.32742e-03 | 27 -0.01496  1.38554e-02
 28 -0.00378  1.22173e-02 | 29  0.00419 -7.77721e-03 | 30 -0.00854 -8.46201e-03
 31 -0.00444  2.71656e-03 | 32  0.00331 -6.31507e-03 | 33  0.00319  2.76514e-03
 34  0.00502  1.95286e-03 | 35  0.00010  1.41396e-02 | 36  0.00163 -8.08448e-03
 37  0.00017  8.15689e-03 | 38 -0.00094  1.33286e-03 | 39  0.00532  4.57934e-03
 40 -0.00024 -1.25999e-02 | 41  0.00289  4.07873e-04 | 42  0.00118 -5.44588e-03
 43  0.00155 -6.67102e-04 | 44  0.00771 -1.63498e-02 | 45  0.00419  7.91848e-03
 46  0.00468  9.84920e-03 | 47  0.02812 -3.09064e-03 | 48  0.10033 -6.78579e-02
 49 -0.06012 -2.95926e-02 | 50 -0.05215 -4.17892e-03 | 51 -0.04386  5.47564e-04
 52 -0.03502  3.90474e-03 | 53 -0.03354  3.21753e-03 | 54 -0.04005 -1.94144e-03
 55 -0.03080  1.74815e-03 | 56 -0.00625  1.36045e-02 | 57 -0.00672 -4.47940e-03
 58 -0.00632  1.25261e-02 | 59  0.01142 -1.21186e-02 | 60  0.01909 -1.39107e-02
 61  0.01784  4.05154e-03 | 62  0.01007  5.20058e-03 | 63  0.00927  4.71141e-03
 64  0.01188  9.64414e-03 | 65  0.00883  3.73811e-03 | 66  0.01160  1.15544e-02
 67  0.01186  5.13945e-03 | 68  0.01344 -8.22796e-03 | 69  0.01530 -3.06493e-03
 70  0.01613  2.66587e-03 | 71  0.02197 -1.15339e-02 | 72  0.02231 -2.86757e-03
 73  0.01769  4.56292e-03 | 74  0.01530  9.18040e-05 | 75  0.01876  7.58658e-04
 76  0.03092  1.38917e-03 | 77  0.03092  2.99876e-03 | 78 -0.02123  5.25840e-03
 79 -0.56841 -7.79237e+03 | 80 -0.44103  4.33541e+03 |
2 0 22892.9
2 0 22892.7
2 0 22890.8
2 0 22873
2 0 22872.1
2 0 22862.7
2 0 22843.5
2 0 22810.8
2 0 22886.6
2 0 22803.3
2 0 22791.7
2 0 22784.1
2 0 22774.4
2 0 22791.3
2 0 22771.8
2 0 22770

Intermediate statistics: 80 variables; iteration 10; function evaluation 16; phase 2
Function value   2.2769978e+04; maximum gradient component mag  -1.5859e+04
Var   Value    Gradient   |Var   Value    Gradient   |Var   Value    Gradient
  1 -0.80950  1.10930e+02 |  2 -0.48304  8.28176e+01 |  3  0.23230 -1.50872e+02
  4  0.20821  1.40021e+02 |  5  0.15608  5.18864e+01 |  6  0.11326  2.27036e+01
  7  0.08174  1.16686e+01 |  8  0.05843  6.98068e+00 |  9  0.04070  4.65916e+00
 10  0.02689  3.38105e+00 | 11  0.01598  2.61737e+00 | 12  0.00735  2.13591e+00
 13  0.00059  1.82140e+00 | 14 -0.00458  1.61290e+00 | 15 -0.00832  1.47634e+00
 16 -0.01075  1.39468e+00 | 17 -0.01195  1.35589e+00 | 18  0.08388 -1.61209e+03
 19 -0.00618 -2.06260e+02 | 20 -0.00792  5.87281e+02 | 21 -0.00967  3.70336e+02
 22 -0.00911 -2.04984e+02 | 23 -0.00620 -3.54060e+01 | 24 -0.00777 -4.79449e+02
 25 -0.00033 -1.00913e+03 | 26 -0.00256  1.24732e+03 | 27 -0.01350 -3.40800e+02
 28 -0.00449 -2.97797e+02 | 29  0.00394 -1.29338e+02 | 30 -0.00722 -1.34486e+02
 31 -0.00364  3.31179e+02 | 32  0.00297  7.83466e+01 | 33  0.00241 -3.55245e+02
 34  0.00550  3.90786e+02 | 35  0.00029 -2.11944e+02 | 36  0.00118 -7.70586e+01
 37  0.00020  1.35574e+01 | 38 -0.00073  1.60218e+02 | 39  0.00530  1.83238e+00
 40  0.00006  4.15048e+01 | 41  0.00304  2.99013e+01 | 42  0.00149 -2.27959e+02
 43  0.00139 -2.21236e+02 | 44  0.00922  1.31338e+03 | 45  0.00427 -4.66237e+02
 46  0.00575 -8.67924e+01 | 47  0.03232 -8.64144e+01 | 48  0.10232 -1.58585e+04
 49 -0.06102 -3.62009e+02 | 50 -0.05219 -7.37218e+02 | 51 -0.04410 -8.08032e+02
 52 -0.03505 -6.82609e+02 | 53 -0.03303  1.32003e+02 | 54 -0.03913  1.15023e+03
 55 -0.03107 -2.95406e+02 | 56 -0.00625 -1.15358e+03 | 57 -0.00705 -4.08840e+02
 58 -0.00666  1.27363e+02 | 59  0.01212 -1.98987e+01 | 60  0.01909 -4.54468e+02
 61  0.01689 -3.97372e+02 | 62  0.01011  3.76061e+02 | 63  0.00890  1.09529e+02
 64  0.01233  3.06268e+02 | 65  0.00926  5.13125e+02 | 66  0.01174  3.52125e+02
 67  0.01242  2.51840e+02 | 68  0.01310  2.23693e+02 | 69  0.01532  5.95640e+01
 70  0.01601  1.23357e+02 | 71  0.02248  4.55992e+02 | 72  0.02268  5.51809e+02
 73  0.01629 -5.91103e+02 | 74  0.01485 -2.20872e+01 | 75  0.01868  2.66876e+02
 76  0.03060  2.47062e+02 | 77  0.03256  7.51398e+02 | 78  0.01391  1.88156e+03
 79 -0.57290 -2.12161e+03 | 80 -0.49021  1.62039e+03 |
2 0 22769.9
2 0 22769
2 0 22768.3
2 0 22769.4
2 0 22768.1
2 0 22767.9
2 0 22768.1
2 0 22767.8
2 0 22767.7
2 0 22767.6
2 0 22767.6
2 0 22767.6
2 0 22767.6
2 0 22767.5
80 variables; iteration 20; function evaluation 30; phase 2
Function value   2.2767515e+04; maximum gradient component mag  -1.4161e+04
Var   Value    Gradient   |Var   Value    Gradient   |Var   Value    Gradient
  1 -0.81414  1.14124e+02 |  2 -0.48655  8.87198e+01 |  3  0.23592  1.75055e+02
  4  0.20656  2.80442e+01 |  5  0.15441  2.18810e+01 |  6  0.11227  1.46741e+01
  7  0.08117  8.65192e+00 |  8  0.05808  5.37100e+00 |  9  0.04046  3.62726e+00
 10  0.02672  2.63847e+00 | 11  0.01585  2.04226e+00 | 12  0.00724  1.66547e+00
 13  0.00049  1.41934e+00 | 14 -0.00466  1.25632e+00 | 15 -0.00839  1.14990e+00
 16 -0.01082  1.08604e+00 | 17 -0.01202  1.05559e+00 | 18  0.08259 -1.61740e+03
 19 -0.00375 -6.10093e+01 | 20 -0.00786  4.71619e+02 | 21 -0.00995  3.44559e+02
 22 -0.00880  3.57788e+01 | 23 -0.00648 -1.23824e+02 | 24 -0.00809 -5.04199e+02
 25 -0.00056 -8.78964e+02 | 26 -0.00294  1.11470e+03 | 27 -0.01387 -3.62891e+02
 28 -0.00471 -3.72692e+02 | 29  0.00397 -3.90006e+01 | 30 -0.00684  9.33162e+01
 31 -0.00426 -3.85735e+01 | 32  0.00269  5.45372e+00 | 33  0.00178 -3.60770e+02
 34  0.00478  2.86618e+02 | 35 -0.00006 -1.92490e+02 | 36  0.00095 -1.11529e+02
 37  0.00019  3.32798e+01 | 38 -0.00089  1.17623e+02 | 39  0.00537  5.18472e+01
 40  0.00012  7.08569e+01 | 41  0.00291  1.19519e+01 | 42  0.00128 -1.68394e+02
 43  0.00099 -1.98046e+02 | 44  0.00886  1.41509e+03 | 45  0.00385 -6.27544e+02
 46  0.00614 -1.34553e+02 | 47  0.03520  1.18119e+02 | 48  0.10169 -1.41614e+04
 49 -0.06079 -2.16938e+02 | 50 -0.05243 -6.58911e+02 | 51 -0.04386 -7.32213e+02
 52 -0.03498 -6.18723e+02 | 53 -0.03285  2.26014e+02 | 54 -0.03951  9.59023e+02
 55 -0.03079 -2.19867e+02 | 56 -0.00650 -1.15242e+03 | 57 -0.00666 -1.99303e+02
 58 -0.00678  1.12935e+02 | 59  0.01187 -2.77758e+02 | 60  0.01928 -3.17740e+02
 61  0.01756 -5.30324e+01 | 62  0.01004  3.73005e+02 | 63  0.00871  7.38079e+01
 64  0.01208  1.86077e+02 | 65  0.00915  4.49841e+02 | 66  0.01184  3.65584e+02
 67  0.01241  2.43706e+02 | 68  0.01317  2.29358e+02 | 69  0.01544  7.68791e+01
 70  0.01627  1.95995e+02 | 71  0.02250  3.91783e+02 | 72  0.02247  3.39653e+02
 73  0.01591 -9.03493e+02 | 74  0.01438 -1.90653e+02 | 75  0.01851  3.33656e+02
 76  0.03042  3.73061e+02 | 77  0.03302  6.76145e+02 | 78  0.00923  1.52605e+03
 79 -0.57747 -1.90267e+03 | 80 -0.49936  1.35846e+03 |
2 0 22767.4
2 0 22767.3
2 0 22767.1
2 0 22767
2 0 22767
2 0 22766.9
2 0 22766.9
2 0 22766.8
2 0 22767.2
2 0 22766.7
2 0 22766.7
80 variables; iteration 30; function evaluation 41; phase 2
Function value   2.2766749e+04; maximum gradient component mag  -1.3745e+04
Var   Value    Gradient   |Var   Value    Gradient   |Var   Value    Gradient
  1 -0.82947  8.31369e+01 |  2 -0.50226  7.96929e+01 |  3  0.23570  2.01079e+02
  4  0.20514  2.47051e+01 |  5  0.15242  1.90368e+01 |  6  0.10933  6.29991e+00
  7  0.07878  6.15301e+00 |  8  0.05646  5.50193e+00 |  9  0.03936  3.99372e+00
 10  0.02593  2.88077e+00 | 11  0.01524  2.18170e+00 | 12  0.00675  1.74415e+00
 13  0.00008  1.46400e+00 | 14 -0.00502  1.28217e+00 | 15 -0.00873  1.16539e+00
 16 -0.01114  1.09604e+00 | 17 -0.01233  1.06323e+00 | 18  0.08282 -1.58109e+03
 19 -0.00462 -8.80009e+01 | 20 -0.00821  4.19775e+02 | 21 -0.01014  3.33861e+02
 22 -0.00899  2.40361e-01 | 23 -0.00656 -1.44473e+02 | 24 -0.00801 -5.03115e+02
 25 -0.00046 -8.85311e+02 | 26 -0.00260  1.15396e+03 | 27 -0.01361 -3.38262e+02
 28 -0.00482 -3.84596e+02 | 29  0.00397  2.83118e+01 | 30 -0.00725  2.19550e+00
 31 -0.00443 -8.42271e+01 | 32  0.00295  1.03189e+02 | 33  0.00172 -3.88109e+02
 34  0.00453  1.75433e+02 | 35  0.00017 -1.31489e+02 | 36  0.00138 -1.06155e+01
 37  0.00035  7.67510e+01 | 38 -0.00113  4.72102e+01 | 39  0.00510 -5.73606e+01
 40  0.00018  1.19386e+02 | 41  0.00300  3.43255e+01 | 42  0.00132 -1.51041e+02
 43  0.00102 -1.78152e+02 | 44  0.00871  1.40189e+03 | 45  0.00339 -7.17704e+02
 46  0.00595 -1.77557e+02 | 47  0.03678  1.37364e+02 | 48  0.10137 -1.37451e+04
 49 -0.06095 -2.52681e+02 | 50 -0.05236 -6.33161e+02 | 51 -0.04389 -7.36307e+02
 52 -0.03506 -6.29348e+02 | 53 -0.03271  2.95313e+02 | 54 -0.03956  9.75648e+02
 55 -0.03091 -2.15850e+02 | 56 -0.00604 -9.52594e+02 | 57 -0.00673 -2.03283e+02
 58 -0.00645  1.49919e+02 | 59  0.01182 -3.29209e+02 | 60  0.01906 -3.87226e+02
 61  0.01788  2.03600e+00 | 62  0.01020  4.13047e+02 | 63  0.00860  1.05498e+02
 64  0.01213  2.39338e+02 | 65  0.00946  5.26345e+02 | 66  0.01215  4.28539e+02
 67  0.01247  2.81433e+02 | 68  0.01323  3.28205e+02 | 69  0.01555  1.54640e+02
 70  0.01645  2.72355e+02 | 71  0.02260  4.23041e+02 | 72  0.02264  3.75869e+02
 73  0.01621 -8.32441e+02 | 74  0.01431 -1.94527e+02 | 75  0.01815  2.79442e+02
 76  0.02968  3.83658e+02 | 77  0.03324  6.93195e+02 | 78  0.00722  1.51208e+03
 79 -0.57740 -2.08616e+03 | 80 -0.49843  1.45771e+03 |
2 0 22766.7
2 0 22766.7
2 0 22766.7
2 0 22766.6
2 0 22766.6
2 0 22766.5
2 0 22766.5
2 0 22766.2
2 0 22765.9
2 0 22765.5
2 0 22766.3
2 0 22765.5
80 variables; iteration 40; function evaluation 53; phase 2
Function value   2.2765502e+04; maximum gradient component mag  -1.2653e+04
Var   Value    Gradient   |Var   Value    Gradient   |Var   Value    Gradient
  1 -0.81425  6.39101e+01 |  2 -0.56891  5.93200e+01 |  3  0.23578  2.11583e+02
  4  0.20830  6.63872e+01 |  5  0.15533  2.23467e+01 |  6  0.11507  5.45806e+01
  7  0.07530 -8.35529e+00 |  8  0.04774 -1.83800e+01 |  9  0.03150 -2.25113e+00
 10  0.02010  3.42138e+00 | 11  0.01093  3.40557e+00 | 12  0.00340  2.62304e+00
 13 -0.00267  2.03759e+00 | 14 -0.00739  1.66988e+00 | 15 -0.01085  1.44864e+00
 16 -0.01312  1.32598e+00 | 17 -0.01425  1.27193e+00 | 18  0.08300 -1.42050e+03
 19 -0.00329 -9.05789e+01 | 20 -0.00825  4.33105e+02 | 21 -0.01039  2.86331e+02
 22 -0.00930 -4.24268e+01 | 23 -0.00680 -2.13144e+02 | 24 -0.00809 -4.61704e+02
 25 -0.00057 -9.17951e+02 | 26 -0.00269  1.15795e+03 | 27 -0.01373 -3.49692e+02
 28 -0.00494 -4.29303e+02 | 29  0.00393  5.53569e+01 | 30 -0.00724  2.60377e+01
 31 -0.00445 -5.28512e+01 | 32  0.00287  1.09102e+02 | 33  0.00163 -4.15713e+02
 34  0.00452  1.97858e+02 | 35  0.00008 -1.57488e+02 | 36  0.00135 -5.29728e+00
 37  0.00024  6.32316e+01 | 38 -0.00125  8.39587e+01 | 39  0.00489 -7.14232e+01
 40  0.00006  1.03834e+02 | 41  0.00313  1.32547e+02 | 42  0.00147 -9.15987e+01
 43  0.00105 -1.74406e+02 | 44  0.00869  1.41124e+03 | 45  0.00347 -6.92979e+02
 46  0.00625 -9.58367e+01 | 47  0.03729  1.26260e+02 | 48  0.10077 -1.26532e+04
 49 -0.06088 -2.79306e+02 | 50 -0.05226 -6.27934e+02 | 51 -0.04398 -7.68750e+02
 52 -0.03494 -5.57711e+02 | 53 -0.03267  3.02661e+02 | 54 -0.03939  1.01024e+03
 55 -0.03090 -2.17687e+02 | 56 -0.00604 -9.37925e+02 | 57 -0.00648 -1.04644e+02
 58 -0.00642  1.49376e+02 | 59  0.01186 -3.28138e+02 | 60  0.01909 -4.36558e+02
 61  0.01799 -1.84518e+01 | 62  0.01036  4.41708e+02 | 63  0.00879  1.37014e+02
 64  0.01227  2.97836e+02 | 65  0.00972  6.07529e+02 | 66  0.01236  5.06125e+02
 67  0.01259  2.87543e+02 | 68  0.01324  2.82179e+02 | 69  0.01557  1.39505e+02
 70  0.01641  1.69713e+02 | 71  0.02263  3.07918e+02 | 72  0.02278  3.35809e+02
 73  0.01633 -8.48530e+02 | 74  0.01437 -2.08332e+02 | 75  0.01821  2.38488e+02
 76  0.02974  4.01155e+02 | 77  0.03076  6.25619e+02 | 78  0.00354  1.48780e+03
 79 -0.57886 -2.55720e+03 | 80 -0.49999  1.62198e+03 |
2 0 22765.4
2 0 22765.4
2 0 22765.3
2 0 22765.2
2 0 22765.1
2 0 22765.4
2 0 22765
2 0 22765.1
2 0 22765
2 0 22765
2 0 22765
2 0 22764.9
80 variables; iteration 50; function evaluation 65; phase 2
Function value   2.2764961e+04; maximum gradient component mag  -1.2304e+04
Var   Value    Gradient   |Var   Value    Gradient   |Var   Value    Gradient
  1 -0.80526  5.13605e+01 |  2 -0.59561  4.80664e+01 |  3  0.23501  2.00037e+02
  4  0.20616  5.51089e+01 |  5  0.15190  1.25138e+01 |  6  0.11080  3.52939e+01
  7  0.07441 -2.92644e+00 |  8  0.04841 -6.17905e+00 |  9  0.03020 -5.25127e+00
 10  0.01765 -1.47409e+00 | 11  0.00863  1.95888e+00 | 12  0.00156  2.65177e+00
 13 -0.00414  2.25932e+00 | 14 -0.00862  1.82195e+00 | 15 -0.01194  1.53211e+00
 16 -0.01412  1.36901e+00 | 17 -0.01521  1.29650e+00 | 18  0.08284 -1.30890e+03
 19 -0.00465 -1.30212e+02 | 20 -0.00838  3.94977e+02 | 21 -0.01045  2.12124e+02
 22 -0.00917 -4.31028e+00 | 23 -0.00701 -3.13231e+02 | 24 -0.00804 -4.74556e+02
 25 -0.00041 -9.00348e+02 | 26 -0.00282  1.08543e+03 | 27 -0.01361 -3.47777e+02
 28 -0.00482 -3.88992e+02 | 29  0.00383 -4.07828e+01 | 30 -0.00709  2.73864e+01
 31 -0.00423 -4.38823e+01 | 32  0.00292  9.05884e+01 | 33  0.00162 -4.28596e+02
 34  0.00446  1.54617e+02 | 35  0.00001 -1.99857e+02 | 36  0.00136 -2.55168e+01
 37  0.00047  6.50787e+01 | 38 -0.00116  8.60667e+01 | 39  0.00490 -1.12646e+02
 40  0.00027  1.63443e+02 | 41  0.00304  4.43310e+01 | 42  0.00137 -1.09733e+02
 43  0.00101 -2.26160e+02 | 44  0.00877  1.40631e+03 | 45  0.00356 -6.96732e+02
 46  0.00608 -1.56654e+02 | 47  0.03706  8.87818e+01 | 48  0.10067 -1.23042e+04
 49 -0.06103 -2.98248e+02 | 50 -0.05241 -6.26640e+02 | 51 -0.04380 -7.08201e+02
 52 -0.03517 -5.93166e+02 | 53 -0.03274  3.08890e+02 | 54 -0.03910  1.09935e+03
 55 -0.03122 -2.75795e+02 | 56 -0.00610 -9.31783e+02 | 57 -0.00651 -1.44719e+02
 58 -0.00662  1.13885e+02 | 59  0.01165 -3.79024e+02 | 60  0.01914 -4.29641e+02
 61  0.01802 -1.72201e+01 | 62  0.01031  4.18357e+02 | 63  0.00875  1.28246e+02
 64  0.01222  3.02049e+02 | 65  0.00945  5.35855e+02 | 66  0.01253  5.81774e+02
 67  0.01257  2.82766e+02 | 68  0.01313  2.60936e+02 | 69  0.01557  1.05193e+02
 70  0.01647  1.98003e+02 | 71  0.02245  2.43741e+02 | 72  0.02271  3.34207e+02
 73  0.01633 -8.40368e+02 | 74  0.01453 -1.61595e+02 | 75  0.01815  2.34478e+02
 76  0.02978  4.02650e+02 | 77  0.03187  6.10385e+02 | 78  0.00236  1.51413e+03
 79 -0.57941 -2.80928e+03 | 80 -0.50066  1.70105e+03 |
2 0 22765.1
2 0 22764.9
2 0 22764.9
2 0 22764.9
2 0 22764.9
2 0 22764.9
2 0 22764.9
2 0 22764.9
2 0 22764.9
2 0 22764.9
2 0 22764.9
2 0 22764.9
2 0 22764.9
2 0 22764.9
2 0 22764.9
80 variables; iteration 60; function evaluation 80; phase 2
Function value   2.2764889e+04; maximum gradient component mag  -1.2268e+04
Var   Value    Gradient   |Var   Value    Gradient   |Var   Value    Gradient
  1 -0.80426  5.04347e+01 |  2 -0.59783  4.70140e+01 |  3  0.23505  2.04759e+02
  4  0.20648  5.99355e+01 |  5  0.15215  1.76575e+01 |  6  0.10945  2.97926e+01
  7  0.07258 -1.38358e+01 |  8  0.04897  2.04564e+00 |  9  0.03071 -1.51752e+01
 10  0.02112  1.51581e+01 | 11  0.01034  4.71199e+00 | 12  0.00078 -3.41206e+00
 13 -0.00564 -8.20852e-01 | 14 -0.00997  1.30233e+00 | 15 -0.01304  1.66642e+00
 16 -0.01507  1.54462e+00 | 17 -0.01608  1.43919e+00 | 18  0.08287 -1.29768e+03
 19 -0.00461 -1.32904e+02 | 20 -0.00843  3.72595e+02 | 21 -0.01044  2.18771e+02
 22 -0.00914  5.58069e+00 | 23 -0.00690 -2.73132e+02 | 24 -0.00806 -5.01759e+02
 25 -0.00043 -8.96768e+02 | 26 -0.00283  1.08459e+03 | 27 -0.01361 -3.50082e+02
 28 -0.00481 -3.89072e+02 | 29  0.00379 -3.96614e+01 | 30 -0.00716  4.98814e+00
 31 -0.00421 -4.10978e+01 | 32  0.00297  1.10569e+02 | 33  0.00162 -4.16367e+02
 34  0.00447  1.60898e+02 | 35  0.00001 -2.33388e+02 | 36  0.00132 -1.65469e+01
 37  0.00044  7.09893e+01 | 38 -0.00117  9.44245e+01 | 39  0.00484 -1.29244e+02
 40  0.00024  1.44677e+02 | 41  0.00306  5.48490e+01 | 42  0.00138 -8.66310e+01
 43  0.00091 -2.66346e+02 | 44  0.00878  1.41271e+03 | 45  0.00364 -6.65673e+02
 46  0.00608 -1.65507e+02 | 47  0.03713  8.69246e+01 | 48  0.10062 -1.22680e+04
 49 -0.06104 -2.93378e+02 | 50 -0.05236 -6.04629e+02 | 51 -0.04383 -7.19281e+02
 52 -0.03512 -6.02789e+02 | 53 -0.03269  3.18817e+02 | 54 -0.03908  1.09637e+03
 55 -0.03121 -2.81236e+02 | 56 -0.00610 -9.40301e+02 | 57 -0.00643 -1.29303e+02
 58 -0.00659  1.10140e+02 | 59  0.01164 -3.84732e+02 | 60  0.01917 -4.19492e+02
 61  0.01810 -2.39858e+00 | 62  0.01030  3.93209e+02 | 63  0.00870  9.44810e+01
 64  0.01239  3.72282e+02 | 65  0.00946  5.34786e+02 | 66  0.01252  5.64595e+02
 67  0.01259  2.68870e+02 | 68  0.01310  2.41154e+02 | 69  0.01561  1.25491e+02
 70  0.01653  2.13627e+02 | 71  0.02249  2.36407e+02 | 72  0.02270  3.30606e+02
 73  0.01633 -8.41898e+02 | 74  0.01459 -1.66660e+02 | 75  0.01817  2.27931e+02
 76  0.02976  4.03050e+02 | 77  0.03120  6.04727e+02 | 78  0.00231  1.51337e+03
 79 -0.57947 -2.82246e+03 | 80 -0.50076  1.70313e+03 |
2 0 22764.9
2 0 22764.8
2 0 22764.8
2 0 22764.8
2 0 22764.7
2 0 22765.1
2 0 22764.7
2 0 22764.7
2 0 22764.6
2 0 22764.6
2 0 22764.5
2 0 22764.5
2 0 22764.1
80 variables; iteration 70; function evaluation 93; phase 2
Function value   2.2764117e+04; maximum gradient component mag  -1.1959e+04
Var   Value    Gradient   |Var   Value    Gradient   |Var   Value    Gradient
  1 -0.80467  4.40490e+01 |  2 -0.60259  4.09513e+01 |  3  0.23524  2.17011e+02
  4  0.20715  6.46582e+01 |  5  0.15384  2.42312e+01 |  6  0.11220  3.31085e+01
  7  0.07697 -9.10227e+00 |  8  0.05476  5.43058e+00 |  9  0.03786  3.83775e+00
 10  0.02476 -9.26959e+00 | 11  0.01817  4.26407e+01 | 12  0.00201 -1.96359e+01
 13 -0.00603  1.66370e+01 | 14 -0.01722 -3.60518e+00 | 15 -0.02589 -1.45092e+01
 16 -0.02904 -4.98901e+00 | 17 -0.02961  1.69592e+00 | 18  0.08333 -1.27361e+03
 19 -0.00407 -1.46349e+02 | 20 -0.00852  3.58583e+02 | 21 -0.01051  2.06285e+02
 22 -0.00904  2.72328e+01 | 23 -0.00670 -2.30435e+02 | 24 -0.00804 -4.82261e+02
 25 -0.00072 -9.47581e+02 | 26 -0.00319  1.00946e+03 | 27 -0.01349 -3.18962e+02
 28 -0.00452 -3.29840e+02 | 29  0.00402  1.66747e-01 | 30 -0.00713  1.92265e+01
 31 -0.00441 -7.36646e+01 | 32  0.00261  4.02892e+01 | 33  0.00128 -4.77920e+02
 34  0.00442  1.59179e+02 | 35  0.00021 -1.86596e+02 | 36  0.00149  1.90564e+01
 37  0.00045  7.20121e+01 | 38 -0.00120  8.25099e+01 | 39  0.00481 -1.19560e+02
 40  0.00005  1.12765e+02 | 41  0.00283  1.40159e+01 | 42  0.00134 -9.49498e+01
 43  0.00121 -1.95427e+02 | 44  0.00901  1.44527e+03 | 45  0.00366 -6.50400e+02
 46  0.00598 -1.70861e+02 | 47  0.03704  8.04993e+01 | 48  0.10060 -1.19588e+04
 49 -0.06104 -2.84460e+02 | 50 -0.05250 -6.27907e+02 | 51 -0.04396 -7.46957e+02
 52 -0.03501 -5.76086e+02 | 53 -0.03251  3.58942e+02 | 54 -0.03910  1.08916e+03
 55 -0.03153 -3.39674e+02 | 56 -0.00627 -9.57535e+02 | 57 -0.00632 -9.99307e+01
 58 -0.00644  1.39186e+02 | 59  0.01172 -3.77642e+02 | 60  0.01926 -3.92715e+02
 61  0.01800 -1.46149e+01 | 62  0.01002  3.36005e+02 | 63  0.00855  6.89312e+01
 64  0.01241  3.75443e+02 | 65  0.00959  5.63886e+02 | 66  0.01253  5.63319e+02
 67  0.01259  2.74184e+02 | 68  0.01319  2.65774e+02 | 69  0.01562  1.31533e+02
 70  0.01641  1.99488e+02 | 71  0.02226  1.83133e+02 | 72  0.02280  3.61737e+02
 73  0.01655 -7.85243e+02 | 74  0.01466 -1.52514e+02 | 75  0.01810  1.96289e+02
 76  0.02978  3.90665e+02 | 77  0.03152  5.91540e+02 | 78  0.00195  1.48036e+03
 79 -0.57927 -2.75899e+03 | 80 -0.50058  1.66804e+03 |
2 0 22764
2 0 22764
2 0 22763.9
2 0 22763.8
2 0 22763.1
2 0 22771.5
2 0 22763
2 0 22762.9
2 0 22761.9
2 0 22760
2 0 22756.9
2 0 22757.2
2 0 22755.4
2 0 22753.3
2 0 22751.5
80 variables; iteration 80; function evaluation 108; phase 2
Function value   2.2751542e+04; maximum gradient component mag  -8.5923e+03
Var   Value    Gradient   |Var   Value    Gradient   |Var   Value    Gradient
  1 -0.81591  2.14704e+01 |  2 -0.60731  1.14154e+01 |  3  0.23445  2.69715e+02
  4  0.20684  6.38230e+01 |  5  0.15750  2.00744e+01 |  6  0.12697  8.87099e+01
  7  0.09470  5.78791e+01 |  8  0.06115 -3.22504e+00 |  9  0.03705  6.31404e+00
 10  0.01610  3.50436e+01 | 11 -0.01224  2.73795e+01 | 12 -0.04721 -1.14780e+02
 13 -0.04687 -2.30064e+00 | 14 -0.04509  2.55794e+01 | 15 -0.05027 -7.71071e+00
 16 -0.05243 -2.74355e+01 | 17 -0.04566  2.49705e+01 | 18  0.08925 -1.16096e+03
 19 -0.00411 -2.46913e+02 | 20 -0.00828  3.88589e+02 | 21 -0.01035  2.02547e+02
 22 -0.00920  2.85363e+00 | 23 -0.00699 -2.50699e+02 | 24 -0.00803 -3.75421e+02
 25 -0.00010 -6.43453e+02 | 26 -0.00266  8.88327e+02 | 27 -0.01329 -2.87495e+02
 28 -0.00491 -3.41918e+02 | 29  0.00367 -4.55315e+01 | 30 -0.00680  2.41559e+01
 31 -0.00407 -4.48730e+01 | 32  0.00296  8.61490e+01 | 33  0.00171 -3.06207e+02
 34  0.00424  8.15096e+01 | 35  0.00011 -1.73210e+02 | 36  0.00108 -3.56517e+01
 37  0.00013  1.31024e+00 | 38 -0.00116  7.96332e+01 | 39  0.00507 -7.51283e+01
 40  0.00035  1.13066e+02 | 41  0.00319  7.29239e+01 | 42  0.00167 -4.05626e+01
 43  0.00103 -2.07447e+02 | 44  0.00818  1.00367e+03 | 45  0.00384 -4.85879e+02
 46  0.00604 -1.12770e+02 | 47  0.03578  8.39372e+01 | 48  0.10128 -8.59231e+03
 49 -0.06114 -1.90444e+02 | 50 -0.05251 -4.84043e+02 | 51 -0.04389 -5.41461e+02
 52 -0.03548 -5.07148e+02 | 53 -0.03325  2.20962e+02 | 54 -0.03983  8.52251e+02
 55 -0.03140 -2.37367e+02 | 56 -0.00618 -7.34708e+02 | 57 -0.00671 -1.04464e+02
 58 -0.00732  3.33445e+01 | 59  0.01133 -3.32775e+02 | 60  0.01897 -3.40517e+02
 61  0.01771  4.09942e+01 | 62  0.01007  3.92639e+02 | 63  0.00811  3.55116e+01
 64  0.01203  3.23698e+02 | 65  0.00902  4.58888e+02 | 66  0.01171  3.88851e+02
 67  0.01217  2.09815e+02 | 68  0.01272  2.21218e+02 | 69  0.01520  8.27324e+01
 70  0.01604  1.58623e+02 | 71  0.02211  1.96546e+02 | 72  0.02248  3.27595e+02
 73  0.01581 -6.97843e+02 | 74  0.01435 -1.00798e+02 | 75  0.01800  1.38002e+02
 76  0.03082  3.01974e+02 | 77  0.03973  4.71946e+02 | 78  0.00261  9.69977e+02
 79 -0.57472 -7.15601e+02 | 80 -0.49750  6.81082e+02 |
2 0 22748.3
2 0 22742.7
2 0 22734.9
2 0 22732
2 0 22731
2 0 22730
2 0 22729.5
2 0 22728.7
2 0 22727.8
2 0 22726.9
80 variables; iteration 90; function evaluation 118; phase 2
Function value   2.2726902e+04; maximum gradient component mag  -8.7211e+02
Var   Value    Gradient   |Var   Value    Gradient   |Var   Value    Gradient
  1 -0.74155 -1.31298e+01 |  2 -0.41466  5.61265e+00 |  3  0.24476 -3.73082e+01
  4  0.21188 -1.53944e+01 |  5  0.15877 -3.88870e+00 |  6  0.11757  8.69011e+00
  7  0.08601  4.81686e+00 |  8  0.06200  1.25931e+00 |  9  0.04369  2.20000e+00
 10  0.02895  3.59761e+00 | 11  0.01621  2.20468e+00 | 12  0.00511 -9.70478e+00
 13 -0.00126 -1.50267e-01 | 14 -0.00604  2.23381e+00 | 15 -0.01009 -6.90036e-01
 16 -0.01266 -1.71853e+00 | 17 -0.01352  1.08347e+00 | 18  0.10131  1.03294e+02
 19 -0.00679  7.18302e+00 | 20 -0.00879  1.07006e+01 | 21 -0.01092  1.68914e+01
 22 -0.00965  7.53470e+00 | 23 -0.00694 -2.88930e+01 | 24 -0.00794 -4.39011e+01
 25  0.00028 -6.90670e+01 | 26 -0.00394  8.12580e+01 | 27 -0.01330 -3.57636e+01
 28 -0.00437 -5.01518e+01 | 29  0.00402 -9.00475e+00 | 30 -0.00693  1.96025e+01
 31 -0.00417  1.74505e-01 | 32  0.00292  1.80338e+01 | 33  0.00246 -2.99614e+01
 34  0.00492  7.57547e+00 | 35  0.00051 -7.64623e+00 | 36  0.00108 -1.48097e+00
 37  0.00023  5.19312e+00 | 38 -0.00092  6.78751e+00 | 39  0.00553 -4.67975e+00
 40  0.00044  1.85721e+01 | 41  0.00347  6.04553e+00 | 42  0.00218  5.52549e-01
 43  0.00188 -2.04247e+01 | 44  0.00817  1.14409e+02 | 45  0.00534 -5.23774e+01
 46  0.00732  6.88815e+00 | 47  0.03385 -2.24414e+01 | 48  0.11265 -8.72106e+02
 49 -0.05929 -2.05103e+01 | 50 -0.05069 -3.73574e+01 | 51 -0.04243 -5.21630e+01
 52 -0.03398 -4.45604e+01 | 53 -0.03269  1.86797e+01 | 54 -0.04019  9.06918e+01
 55 -0.03034 -2.11152e+01 | 56 -0.00491 -7.93419e+01 | 57 -0.00609  1.25214e+01
 58 -0.00694  2.90077e+01 | 59  0.01225 -3.84554e+01 | 60  0.01965 -3.83986e+01
 61  0.01734 -1.09158e+01 | 62  0.00963  3.92316e+01 | 63  0.00836  6.51806e+00
 64  0.01193  1.77667e+01 | 65  0.00860  3.20125e+01 | 66  0.01142  1.86698e+01
 67  0.01211  1.56204e+01 | 68  0.01241  8.17028e+00 | 69  0.01514 -9.05654e+00
 70  0.01571  1.86530e+01 | 71  0.02177 -1.22508e+00 | 72  0.02196  2.07508e+01
 73  0.01600 -6.05279e+01 | 74  0.01415 -2.29112e+00 | 75  0.01740  1.44837e+01
 76  0.03043  7.31088e+01 | 77  0.03117  4.66955e+01 | 78  0.06870  2.07732e+02
 79 -0.55337 -6.92299e+02 | 80 -0.47138  2.95347e+02 |
2 0 22725.9
2 0 22725.1
2 0 22724.7
2 0 22724.9
2 0 22724.5
2 0 22724.2
2 0 22723.6
2 0 22723
2 0 22722.6
2 0 22722
2 0 22721.4
80 variables; iteration 100; function evaluation 129; phase 2
Function value   2.2721411e+04; maximum gradient component mag  -2.3168e+03
Var   Value    Gradient   |Var   Value    Gradient   |Var   Value    Gradient
  1 -0.62357  2.93923e+01 |  2 -0.36978 -1.44005e+01 |  3  0.26248 -8.24316e+01
  4  0.21966 -2.83612e+01 |  5  0.16362 -1.09829e+01 |  6  0.12058 -1.24302e+00
  7  0.08863 -2.11902e-01 |  8  0.06484  7.37106e-02 |  9  0.04664  6.10179e-01
 10  0.03220  8.09639e-01 | 11  0.02044  6.89748e-01 | 12  0.01074 -3.38125e+00
 13  0.00386 -2.26796e-02 | 14 -0.00144  5.50668e-01 | 15 -0.00553 -6.77951e-01
 16 -0.00816 -1.18706e+00 | 17 -0.00924  2.63130e-01 | 18  0.10659 -2.07110e+01
 19 -0.00887  9.43955e+01 | 20 -0.00938 -2.14481e+01 | 21 -0.01164 -2.56270e+01
 22 -0.01032 -1.23889e+01 | 23 -0.00739 -7.90672e+00 | 24 -0.00797 -8.21491e+00
 25  0.00036 -1.66322e+01 | 26 -0.00473 -7.79202e+00 | 27 -0.01394 -4.27456e+01
 28 -0.00440 -2.12354e+01 | 29  0.00384 -1.12170e+01 | 30 -0.00772 -1.88133e+01
 31 -0.00445 -7.18274e+00 | 32  0.00340  3.31541e+01 | 33  0.00325  1.14071e+01
 34  0.00566  1.77757e+01 | 35  0.00075  1.40865e+00 | 36  0.00129  6.20241e+00
 37  0.00036  5.67039e+00 | 38 -0.00055  4.39948e+00 | 39  0.00591  1.15013e+01
 40  0.00064  4.41033e+00 | 41  0.00413 -2.13972e+00 | 42  0.00280 -4.88909e+00
 43  0.00273 -5.21086e+00 | 44  0.00926  6.62441e+01 | 45  0.00649 -1.33064e+01
 46  0.00852  1.02930e+01 | 47  0.03195 -5.77978e+01 | 48  0.12802 -2.31675e+03
 49 -0.05768 -1.40305e-01 | 50 -0.04917 -3.35246e+00 | 51 -0.04125 -1.66964e+01
 52 -0.03314 -3.27812e+01 | 53 -0.03215 -1.52385e+01 | 54 -0.03961  3.55105e+01
 55 -0.02913  5.89600e+00 | 56 -0.00398 -3.85633e+01 | 57 -0.00590  1.25002e+01
 58 -0.00650  2.19795e+01 | 59  0.01294 -1.70083e+01 | 60  0.01954 -1.83813e+01
 61  0.01677 -2.44338e+01 | 62  0.00914  3.17370e+00 | 63  0.00810 -1.50859e+01
 64  0.01180 -1.90746e+01 | 65  0.00847 -1.77236e+00 | 66  0.01133 -1.15566e+01
 67  0.01183 -2.12403e+00 | 68  0.01197 -8.74081e+00 | 69  0.01474 -4.50640e+00
 70  0.01527  1.30705e+01 | 71  0.02132 -2.80281e+00 | 72  0.02116  9.68687e+00
 73  0.01508 -2.56900e+01 | 74  0.01322 -3.63110e+00 | 75  0.01596 -6.98824e-01
 76  0.02979  6.98639e+01 | 77  0.02996  1.10271e+02 | 78  0.12855  6.83354e+02
 79 -0.53303 -1.33779e+02 | 80 -0.44908  9.57629e+01 |
2 0 22721
2 0 22720.8
2 0 22720.7
2 0 22720.3
2 0 22720
2 0 22719.7
2 0 22720.6
2 0 22719.6
2 0 22719.5
2 0 22719.4
2 0 22719.4
2 0 22719.3
80 variables; iteration 110; function evaluation 141; phase 2
Function value   2.2719317e+04; maximum gradient component mag  -6.5778e+02
Var   Value    Gradient   |Var   Value    Gradient   |Var   Value    Gradient
  1 -0.56483  2.95686e+01 |  2 -0.33932 -1.08338e+01 |  3  0.27949 -4.87961e+01
  4  0.22660 -1.81668e+01 |  5  0.16934 -1.04667e+00 |  6  0.12485  2.41163e-01
  7  0.09185 -7.14903e-01 |  8  0.06747 -3.29137e-03 |  9  0.04882 -4.01559e-02
 10  0.03420 -4.39394e-01 | 11  0.02269 -6.10640e-01 | 12  0.01368  4.41343e-01
 13  0.00644 -4.64131e-01 | 14  0.00096 -5.75880e-01 | 15 -0.00292  1.52920e-01
 16 -0.00554 -3.51573e-01 | 17 -0.00681 -2.19363e-01 | 18  0.11149 -1.67785e+01
 19 -0.01128  3.25035e+01 | 20 -0.00976 -1.96065e+01 | 21 -0.01198 -1.97180e+01
 22 -0.01068 -1.58826e+01 | 23 -0.00771 -7.35505e+00 | 24 -0.00797 -7.33815e+00
 25  0.00052  3.66559e-01 | 26 -0.00512 -6.24809e+00 | 27 -0.01425 -1.55124e+00
 28 -0.00434 -1.13174e+01 | 29  0.00378 -1.03052e+01 | 30 -0.00827  4.05795e-01
 31 -0.00463 -3.18180e+00 | 32  0.00377  4.13053e+00 | 33  0.00383  2.61757e+00
 34  0.00621  7.01754e+00 | 35  0.00088  9.62800e+00 | 36  0.00142  1.48702e+00
 37  0.00039  4.71762e+00 | 38 -0.00034 -1.36873e+00 | 39  0.00613  5.13544e+00
 40  0.00073  2.90928e+00 | 41  0.00469 -1.42186e+00 | 42  0.00336 -1.69071e+00
 43  0.00348 -6.23815e-02 | 44  0.01021  1.05526e+01 | 45  0.00742  2.05287e+01
 46  0.00926 -2.97919e+00 | 47  0.03029  1.45837e+01 | 48  0.14280 -6.57782e+02
 49 -0.05650 -2.02549e+01 | 50 -0.04799 -1.77595e+01 | 51 -0.04026 -1.17196e+01
 52 -0.03243 -8.12334e+00 | 53 -0.03176 -1.45718e+00 | 54 -0.03920  2.05406e-01
 55 -0.02817 -5.99337e-01 | 56 -0.00322 -1.06860e+01 | 57 -0.00579  3.17362e+00
 58 -0.00609  3.16222e+00 | 59  0.01353 -1.41867e+01 | 60  0.01943 -8.56348e+00
 61  0.01625 -3.44692e+00 | 62  0.00862  3.95925e+00 | 63  0.00786  2.45211e+00
 64  0.01171 -5.36759e+00 | 65  0.00838 -2.89235e+00 | 66  0.01129 -4.88604e+00
 67  0.01156  2.80106e+00 | 68  0.01162  8.13275e-02 | 69  0.01433 -3.25947e-01
 70  0.01477  3.51653e+00 | 71  0.02083 -1.99551e+00 | 72  0.02031 -6.50645e-01
 73  0.01415 -1.42696e+00 | 74  0.01236 -6.63689e+00 | 75  0.01491  2.37026e+01
 76  0.02967  4.13745e+01 | 77  0.02966  3.07125e+01 | 78  0.16817  2.50152e+02
 79 -0.51658  1.72055e+01 | 80 -0.43316  2.79072e+01 |
2 0 22719.3
2 0 22719.3
2 0 22719.3
2 0 22719.3
2 0 22719.2
2 0 22719.2
2 0 22719.2
2 0 22719.2
2 0 22719.2
2 0 22719.2
80 variables; iteration 120; function evaluation 151; phase 2
Function value   2.2719242e+04; maximum gradient component mag   5.2569e+00
Var   Value    Gradient   |Var   Value    Gradient   |Var   Value    Gradient
  1 -0.55745 -4.64702e-01 |  2 -0.33568  2.98990e-02 |  3  0.28260 -6.17017e-01
  4  0.22827 -2.12223e-01 |  5  0.17003 -8.38691e-02 |  6  0.12523 -3.16781e-02
  7  0.09227 -1.92957e-02 |  8  0.06787 -1.38069e-02 |  9  0.04931 -5.83449e-03
 10  0.03486 -3.25717e-04 | 11  0.02346  1.81089e-03 | 12  0.01444 -1.09128e-03
 13  0.00738  5.47107e-03 | 14  0.00200  6.58094e-03 | 15 -0.00190 -9.37530e-03
 16 -0.00444  2.38018e-03 | 17 -0.00570 -1.64785e-03 | 18  0.11193  1.00565e-01
 19 -0.01141  1.25508e+00 | 20 -0.00980  1.14106e-01 | 21 -0.01200 -1.32273e-01
 22 -0.01068 -2.42000e-02 | 23 -0.00772  1.19342e-01 | 24 -0.00793  2.60682e-01
 25  0.00058  3.91058e-01 | 26 -0.00516  4.33032e-01 | 27 -0.01429  1.66257e-01
 28 -0.00428 -1.86576e-02 | 29  0.00384 -6.20534e-02 | 30 -0.00834  1.56398e-01
 31 -0.00466  2.34362e-02 | 32  0.00382 -2.59787e-01 | 33  0.00390 -4.50797e-01
 34  0.00626 -2.86948e-01 | 35  0.00086 -9.98483e-02 | 36  0.00142 -1.31767e-01
 37  0.00037 -1.27643e-01 | 38 -0.00032 -1.22132e-01 | 39  0.00615 -1.10723e-01
 40  0.00074 -1.23091e-01 | 41  0.00479 -2.52414e-01 | 42  0.00346 -3.91367e-01
 43  0.00360 -4.37315e-01 | 44  0.01032 -2.08790e-01 | 45  0.00744  2.54013e-01
 46  0.00924 -5.81542e-02 | 47  0.02981  1.08264e-01 | 48  0.14531  5.25685e+00
 49 -0.05633 -5.57430e-01 | 50 -0.04781  3.08744e-03 | 51 -0.04011  4.31673e-01
 52 -0.03234  5.96943e-01 | 53 -0.03172  3.42528e-01 | 54 -0.03912 -5.23538e-02
 55 -0.02802 -1.81696e-01 | 56 -0.00313 -4.31645e-02 | 57 -0.00580  1.02363e-02
 58 -0.00602 -4.69984e-02 | 59  0.01365 -9.58325e-02 | 60  0.01942 -9.25940e-02
 61  0.01615  7.02095e-02 | 62  0.00853  1.53077e-01 | 63  0.00782  7.73312e-02
 64  0.01170  1.37499e-02 | 65  0.00837 -5.78224e-02 | 66  0.01128 -9.45449e-02
 67  0.01150 -1.78878e-01 | 68  0.01155 -2.81572e-01 | 69  0.01424 -1.80048e-01
 70  0.01467  7.42765e-02 | 71  0.02074  4.16066e-01 | 72  0.02018  4.02741e-01
 73  0.01403  1.56148e-03 | 74  0.01226 -2.77636e-01 | 75  0.01477 -7.69405e-02
 76  0.02969 -1.08484e-01 | 77  0.02969 -2.49919e-01 | 78  0.17380 -1.29091e+00
 79 -0.51434  6.50723e-01 | 80 -0.43132 -4.84326e-01 |
2 0 22719.2
2 0 22719.2
2 0 22719.2
2 0 22719.2
2 0 22719.2
2 0 22719.2
2 0 22719.2
2 0 22719.2
2 0 22719.2
2 0 22719.2
80 variables; iteration 130; function evaluation 161; phase 2
Function value   2.2719242e+04; maximum gradient component mag  -3.5379e-03
Var   Value    Gradient   |Var   Value    Gradient   |Var   Value    Gradient
  1 -0.55748 -2.11532e-05 |  2 -0.33567  6.82175e-06 |  3  0.28259  1.03312e-04
  4  0.22824  6.75616e-05 |  5  0.17001  3.44071e-05 |  6  0.12521  1.92133e-05
  7  0.09226  1.11966e-05 |  8  0.06786  7.52767e-06 |  9  0.04930  4.14530e-06
 10  0.03485  2.25663e-06 | 11  0.02344  2.08988e-06 | 12  0.01442  5.20990e-06
 13  0.00737  2.72148e-06 | 14  0.00198  2.50422e-06 | 15 -0.00192  4.17600e-06
 16 -0.00446  4.31451e-06 | 17 -0.00571  3.27503e-06 | 18  0.11192 -3.20553e-04
 19 -0.01143 -2.39775e-04 | 20 -0.00981  3.16228e-04 | 21 -0.01200 -1.13718e-04
 22 -0.01068 -1.84125e-04 | 23 -0.00772 -2.29743e-04 | 24 -0.00793 -2.37118e-04
 25  0.00057 -2.35213e-04 | 26 -0.00516  2.34044e-04 | 27 -0.01429  3.22141e-04
 28 -0.00428  3.13669e-04 | 29  0.00384  1.15995e-04 | 30 -0.00834 -4.32627e-04
 31 -0.00466 -3.30402e-04 | 32  0.00382 -1.05953e-04 | 33  0.00390  4.78167e-05
 34  0.00627 -7.35247e-05 | 35  0.00086 -1.20483e-04 | 36  0.00142  1.29719e-05
 37  0.00037  2.60465e-04 | 38 -0.00031  3.74651e-04 | 39  0.00615  3.91223e-04
 40  0.00074  1.94405e-05 | 41  0.00480 -1.06937e-04 | 42  0.00346 -9.83159e-05
 43  0.00360  3.15843e-05 | 44  0.01032  4.08703e-06 | 45  0.00744 -1.12455e-05
 46  0.00924  3.20991e-04 | 47  0.02981 -2.14209e-04 | 48  0.14529 -3.53791e-03
 49 -0.05633 -9.37991e-05 | 50 -0.04782  7.65235e-05 | 51 -0.04012  3.70467e-04
 52 -0.03234  6.50205e-04 | 53 -0.03172  8.10228e-04 | 54 -0.03912  6.95716e-04
 55 -0.02802  4.63361e-04 | 56 -0.00313 -7.70759e-06 | 57 -0.00580 -4.81458e-04
 58 -0.00602 -5.69294e-04 | 59  0.01365 -4.07983e-04 | 60  0.01942  5.83117e-05
 61  0.01615  3.92393e-04 | 62  0.00853  4.89445e-04 | 63  0.00782  5.29479e-04
 64  0.01170  4.57992e-04 | 65  0.00837  2.07303e-04 | 66  0.01128 -1.36151e-04
 67  0.01150 -4.47067e-04 | 68  0.01155 -6.06727e-04 | 69  0.01424 -4.68902e-04
 70  0.01467 -3.16063e-04 | 71  0.02074 -3.37502e-04 | 72  0.02018 -3.09050e-04
 73  0.01403 -2.55188e-04 | 74  0.01226 -2.22011e-04 | 75  0.01477 -4.59741e-04
 76  0.02969 -2.55510e-04 | 77  0.02969  1.66943e-04 | 78  0.17377  1.10529e-03
 79 -0.51435  1.11593e-03 | 80 -0.43133 -3.95617e-04 |
2 0 22719.2

 - final statistics:
80 variables; iteration 131; function evaluation 162
Function value   2.2719e+04; maximum gradient component mag  -5.1162e-04
Exit code = 1;  converg criter   1.0000e-03
Var   Value    Gradient   |Var   Value    Gradient   |Var   Value    Gradient
  1 -0.55748 -4.65221e-05 |  2 -0.33567  1.41682e-05 |  3  0.28259 -2.52842e-05
  4  0.22824 -1.98421e-05 |  5  0.17001 -3.81876e-06 |  6  0.12521  4.06726e-06
  7  0.09226 -1.69698e-06 |  8  0.06786  8.20209e-07 |  9  0.04930  1.09473e-06
 10  0.03485 -4.92267e-07 | 11  0.02344 -2.13950e-06 | 12  0.01442 -2.90972e-06
 13  0.00737 -2.91761e-06 | 14  0.00198 -2.40799e-06 | 15 -0.00192 -4.70066e-07
 16 -0.00446 -3.81856e-06 | 17 -0.00571 -1.37576e-06 | 18  0.11192 -3.96266e-05
 19 -0.01143  5.41363e-05 | 20 -0.00981 -8.93725e-05 | 21 -0.01200 -6.02181e-06
 22 -0.01068  2.17157e-05 | 23 -0.00772  1.69500e-05 | 24 -0.00793 -1.42500e-04
 25  0.00057 -2.25098e-04 | 26 -0.00516  1.48177e-04 | 27 -0.01429  9.33772e-05
 28 -0.00428 -9.06963e-05 | 29  0.00384 -8.00696e-05 | 30 -0.00834  4.00839e-05
 31 -0.00466  4.77895e-05 | 32  0.00382 -5.73498e-05 | 33  0.00390 -5.91039e-05
 34  0.00627 -5.11752e-05 | 35  0.00086 -1.36193e-04 | 36  0.00142 -1.50316e-04
 37  0.00037  3.37328e-05 | 38 -0.00031  1.02185e-04 | 39  0.00615  1.42471e-04
 40  0.00074  1.20344e-04 | 41  0.00480  7.04490e-05 | 42  0.00346  6.18739e-05
 43  0.00360 -6.26397e-05 | 44  0.01032 -7.76462e-05 | 45  0.00744  1.83320e-04
 46  0.00924  2.21796e-04 | 47  0.02981 -1.07462e-04 | 48  0.14529 -5.11618e-04
 49 -0.05633  2.58524e-04 | 50 -0.04782  1.55751e-04 | 51 -0.04012  2.38982e-06
 52 -0.03234  6.73824e-05 | 53 -0.03172  3.35874e-04 | 54 -0.03912  3.16614e-04
 55 -0.02802  4.75903e-05 | 56 -0.00313 -2.63565e-04 | 57 -0.00580 -2.46819e-04
 58 -0.00602 -1.29850e-04 | 59  0.01365 -2.50479e-06 | 60  0.01942  1.77805e-04
 61  0.01615  1.48657e-04 | 62  0.00853  1.62885e-05 | 63  0.00782 -7.87622e-05
 64  0.01170 -9.46839e-05 | 65  0.00837 -1.27352e-04 | 66  0.01128 -2.06314e-04
 67  0.01150 -6.94231e-05 | 68  0.01155  2.35689e-05 | 69  0.01424 -3.83676e-06
 70  0.01467 -1.07698e-04 | 71  0.02074 -1.87856e-04 | 72  0.02018  2.27239e-05
 73  0.01403  1.74176e-04 | 74  0.01226  2.13178e-06 | 75  0.01477 -1.99553e-04
 76  0.02969 -6.53383e-05 | 77  0.02969  2.56032e-05 | 78  0.17377  2.71380e-04
 79 -0.51435 -5.65359e-05 | 80 -0.43133  5.42065e-05 |
2 0 22719.2
B08725.12
0.3 0.825343
0.707437 0.685395
1.38535 0.555122
2.19726 0.46742
2.93441 0.416447
3.4915 0.387945
3.87003 0.371928
4.1125 0.362789
4.26276 0.357504
4.35415 0.354419
4.40913 0.352609
4.44199 0.351542
4.46156 0.350912
4.47319 0.35054
4.48009 0.35032
4.48418 0.350189
4.48661 0.350112
4.48805 0.350066
4.4889 0.350039
4.4894 0.350023
4.4897 0.350023
Survey Bio32.8777
Survey len11108
CPUE35.9796
Catch3.20777
Catch len11513.5
initsmo_penal16.6084
F_pen3.58774
Rec_pen5.4304
M_pen0


Starting time: Mon Jun 18 08:07:24 2018
Finishing time: Mon Jun 18 08:07:37 2018
This run took: 0 hours, 0 minutes, 13 seconds.

