survYears 73 74 75 76 77 78 79 80 81 82 83 84 85 86 87 88 89 90 91 92 93 94 95 96 97 98 99 100
SurvLenYear 73 74 75 76 77 78 79 80 81 82 83 84 85 86 87 88 89 90 91 92 93 94 95 96 97 98 99 100
catchBiomass 22295.3 26937.1 27791.1 29826.8 36946.1 30657.9 28495.3 32481.4 39711.8 45188.1 47147.5 51222 53913.9 62970.7 54395.2 70834 52299.6 70569.8 67413.1 85123.2 82525.9 92419.6 113847 89540 104476 93164.8 108714 98310.5
steep0.75
25
Out
1 0 27852

Initial statistics: 74 variables; iteration 0; function evaluation 0; phase 1
Function value   2.7852017e+04; maximum gradient component mag  -2.2310e+04
Var   Value    Gradient   |Var   Value    Gradient   |Var   Value    Gradient
  1  0.36832  4.15033e+03 |  2  0.36014  4.31997e+03 |  3  0.33393  3.25437e+03
  4  0.31437  2.62807e+03 |  5  0.28790  1.70889e+03 |  6  0.25669  8.46803e+02
  7  0.26239  1.21996e+03 |  8  0.23281  6.24178e+02 |  9  0.20179  2.24388e+02
 10  0.20381  3.99901e+02 | 11  0.18682  2.49061e+02 | 12  0.16651  1.37956e+02
 13  0.15114  5.09687e+01 | 14  0.15423  9.32990e+01 | 15  0.16491  1.82164e+02
 16 -0.02471 -2.23095e+04 | 17  0.00000 -1.56075e+04 | 18  0.00000 -2.24307e+03
 19  0.00000 -9.42260e+02 | 20  0.00000 -6.22683e+02 | 21  0.00000 -2.28302e+03
 22  0.00000 -6.33904e+02 | 23  0.00000  2.23604e+02 | 24  0.00000  8.02427e+02
 25  0.00000  6.34947e+02 | 26  0.00000 -2.59328e+01 | 27  0.00000  2.19611e+02
 28  0.00000  1.78814e+02 | 29  0.00000  4.49454e+02 | 30  0.00000  3.89380e+02
 31  0.00000  1.75920e+03 | 32  0.00000  3.34850e+01 | 33  0.00000  2.26866e+03
 34  0.00000  1.12630e+03 | 35  0.00000  2.19757e+03 | 36  0.00000  1.18487e+03
 37  0.00000  2.07647e+03 | 38  0.00000  1.84480e+03 | 39  0.00000  5.43127e+02
 40  0.00000  1.92361e+03 | 41  0.00000  1.24992e+03 | 42  0.00000  1.75307e+03
 43  0.00000  8.24403e+02 | 44  0.00000  6.74657e+02 | 45  0.14255  2.01575e+04
 46  0.00000  5.62559e+03 | 47  0.00000  6.40170e+03 | 48  0.00000  6.19043e+03
 49  0.00000  6.24575e+03 | 50  0.00000  6.11487e+03 | 51  0.00000  5.26122e+03
 52  0.00000  3.70570e+03 | 53  0.00000  2.26769e+03 | 54  0.00000  2.29374e+03
 55  0.00000  1.83722e+03 | 56  0.00000  1.11978e+03 | 57  0.00000  9.09459e+02
 58  0.00000 -1.65698e+02 | 59  0.00000 -1.21522e+03 | 60  0.00000 -1.20464e+03
 61  0.00000 -1.48651e+03 | 62  0.00000 -2.18775e+03 | 63  0.00000 -2.84211e+03
 64  0.00000 -3.45157e+03 | 65  0.00000 -4.13048e+03 | 66  0.00000 -4.57501e+03
 67  0.00000 -4.54197e+03 | 68  0.00000 -4.59977e+03 | 69  0.00000 -4.52742e+03
 70  0.00000 -4.68215e+03 | 71  0.00000 -4.27813e+03 | 72  0.00000 -3.10025e+03
 73  0.00000 -9.84459e+02 | 74  0.00985 -1.21892e+04 |
1 0 27852
1 0 27851.8
1 0 27849.8
1 0 27830
1 0 27647.8
1 0 27249.8
1 0 25832.1
1 0 53105
1 0 25764
1 0 25800.5
1 0 25735.5
1 0 25690.4
1 0 25712.6
1 0 25670.7
1 0 25658.2
1 0 25661.6
1 0 25649.8
1 0 25620.9
1 0 25897.6
1 0 25553.9
1 0 25756
1 0 25531.1

Intermediate statistics: 74 variables; iteration 10; function evaluation 22; phase 1
Function value   2.5531290e+04; maximum gradient component mag   8.6539e+03
Var   Value    Gradient   |Var   Value    Gradient   |Var   Value    Gradient
  1  0.32170 -5.60755e+02 |  2  0.26169 -8.96220e+01 |  3  0.24572  8.62122e+01
  4  0.23134  8.65169e+01 |  5  0.22557  1.07514e+02 |  6  0.22712  2.23550e+02
  7  0.20556  5.02019e+01 |  8  0.20316  1.15224e+02 |  9  0.19840  1.41985e+02
 10  0.18032  3.88908e+01 | 11  0.17246  6.91844e+01 | 12  0.16164  3.46816e+01
 13  0.15501  2.95113e+01 | 14  0.15220  3.09321e+01 | 15  0.15200  3.85043e+01
 16  0.11054  6.31022e+03 | 17  0.01477  1.70490e+03 | 18  0.01233  2.40587e+03
 19 -0.00069 -6.30529e+02 | 20  0.00166  4.16461e+02 | 21  0.00578  6.81268e+01
 22  0.00190  5.36627e+02 | 23  0.00303  7.64880e+02 | 24  0.00237  5.26548e+02
 25 -0.00083 -1.70639e+02 | 26 -0.00066 -4.87300e+02 | 27 -0.00048 -1.75989e+02
 28 -0.00081 -3.85490e+02 | 29 -0.00152 -3.36958e+02 | 30  0.00022 -1.88270e+02
 31 -0.00770 -9.36807e+02 | 32  0.00144 -3.20263e+02 | 33 -0.00777 -4.76691e+02
 34 -0.00103  1.00748e+02 | 35 -0.00842 -7.41685e+02 | 36 -0.00143 -3.16463e+01
 37 -0.00807 -9.48696e+02 | 38 -0.00799 -1.15561e+03 | 39  0.00109  4.06059e+01
 40 -0.00714 -9.17382e+02 | 41 -0.00199  5.37979e+01 | 42 -0.00546 -7.36695e+02
 43  0.00180  1.06656e+02 | 44  0.01216 -5.23233e+02 | 45  0.14584  8.65394e+03
 46 -0.01756  2.21759e+01 | 47 -0.02646 -1.04972e+03 | 48 -0.01698  4.46386e+02
 49 -0.01896 -5.14694e+02 | 50 -0.02155 -3.35604e+02 | 51 -0.02139 -6.50968e+02
 52 -0.01644 -5.29082e+02 | 53 -0.00392  5.73614e+02 | 54 -0.00555  4.09652e+02
 55 -0.00651  1.17341e+02 | 56 -0.00279  1.57470e+02 | 57 -0.00574 -2.22748e+02
 58 -0.00081 -1.71850e+02 | 59  0.00554  5.73335e+02 | 60  0.00670  2.48868e+02
 61  0.00275  2.59448e+02 | 62  0.00667 -3.29722e+01 | 63  0.00734  2.12831e+02
 64  0.01003 -2.60796e+02 | 65  0.01130  3.98992e+01 | 66  0.01585  5.77806e+02
 67  0.01735  6.06151e+01 | 68  0.01475  1.58438e+02 | 69  0.01498 -7.44493e+01
 70  0.01550  6.24004e+01 | 71  0.01621  1.74189e+02 | 72  0.01120  3.92217e+02
 73  0.00876 -4.29974e+02 | 74 -0.06775  1.18790e+02 |
1 0 25502.4
1 0 25545
1 0 25493.8
1 0 25502.6
1 0 25491
1 0 25486.9
1 0 25482.3
1 0 25483.2
1 0 25480.2
1 0 25479.9
1 0 25479.6
1 0 25479
1 0 25477.8
1 0 25477.1
74 variables; iteration 20; function evaluation 36; phase 1
Function value   2.5477250e+04; maximum gradient component mag   6.0772e+03
Var   Value    Gradient   |Var   Value    Gradient   |Var   Value    Gradient
  1  0.33590 -2.96686e+02 |  2  0.23797 -1.28597e+02 |  3  0.19515 -5.52590e+01
  4  0.17956 -1.85521e+01 |  5  0.18051  2.83968e+01 |  6  0.18696  1.30488e+02
  7  0.17120 -9.44509e+00 |  8  0.17441  5.93684e+01 |  9  0.17669  1.13422e+02
 10  0.16237  1.85910e+01 | 11  0.15707  3.76902e+01 | 12  0.15320  3.39684e+01
 13  0.15101  4.69705e+01 | 14  0.14588  3.36188e+01 | 15  0.14080  1.41642e+01
 16  0.10646  6.07719e+03 | 17  0.01551  1.18018e+03 | 18  0.01468  2.74123e+03
 19 -0.00046 -8.17610e+02 | 20  0.00172  8.11409e+01 | 21  0.00772  3.41341e+01
 22  0.00110 -5.74150e+01 | 23  0.00427  7.24839e+02 | 24  0.00277  3.74892e+02
 25  0.00128  1.00693e+02 | 26  0.00037 -4.49128e+02 | 27 -0.00017 -2.50574e+02
 28 -0.00027 -4.13513e+02 | 29 -0.00092 -2.45251e+02 | 30  0.00076 -5.33901e+01
 31 -0.00579 -5.06769e+02 | 32  0.00243 -1.77458e+01 | 33 -0.00717 -3.39460e+02
 34 -0.00116 -5.80752e+00 | 35 -0.00760 -4.70262e+02 | 36 -0.00171 -6.21357e+01
 37 -0.00777 -7.55310e+02 | 38 -0.00698 -8.31869e+02 | 39 -0.00012 -3.04807e+02
 40 -0.00682 -7.18893e+02 | 41 -0.00265 -9.56880e+01 | 42 -0.00513 -5.60514e+02
 43 -0.00016 -1.32182e+02 | 44 -0.00128 -6.49870e+02 | 45  0.14342  2.21879e+03
 46 -0.01462  9.08122e+02 | 47 -0.02493 -5.99657e+02 | 48 -0.01667  8.09503e+02
 49 -0.01494  4.48843e+02 | 50 -0.02013  3.20850e+02 | 51 -0.01861  1.55808e+02
 52 -0.01469  3.64952e+01 | 53 -0.00299  8.57500e+02 | 54 -0.00510  5.48128e+02
 55 -0.00681  1.63968e+02 | 56 -0.00245  3.24168e+02 | 57 -0.00655 -3.01537e+02
 58 -0.00123 -2.83800e+02 | 59  0.00266 -1.74013e+02 | 60  0.00592 -6.16118e+01
 61 -0.00021 -3.76663e+02 | 62  0.00667 -1.59477e+01 | 63  0.00452 -3.69588e+02
 64  0.00905 -4.56817e+02 | 65  0.00869 -5.19344e+02 | 66  0.01257 -1.88213e+02
 67  0.01658  1.96048e+01 | 68  0.01208 -3.22702e+02 | 69  0.01381 -2.22368e+02
 70  0.01336 -3.29550e+02 | 71  0.01594  1.35922e+02 | 72  0.01640  6.07791e+02
 73  0.01312 -9.12006e+01 | 74 -0.09060  3.16913e+02 |
1 0 25477.3
1 0 25476.7
1 0 25476.3
1 0 25475.6
1 0 25475.9
1 0 25475.3
1 0 25475.9
1 0 25475.2
1 0 25475.1
1 0 25475
1 0 25474.9
1 0 25475.1
1 0 25474.8
1 0 25474.8
74 variables; iteration 30; function evaluation 50; phase 1
Function value   2.5475000e+04; maximum gradient component mag   6.0519e+03
Var   Value    Gradient   |Var   Value    Gradient   |Var   Value    Gradient
  1  0.33339 -3.35630e+02 |  2  0.24299 -1.22934e+02 |  3  0.20450 -1.02321e+01
  4  0.17967 -2.85786e+01 |  5  0.17432  3.94769e+00 |  6  0.18003  1.29997e+02
  7  0.16043 -3.88377e+01 |  8  0.16535  4.66447e+01 |  9  0.16972  1.14291e+02
 10  0.15397  1.04091e+00 | 11  0.14988  3.08878e+01 | 12  0.14708  2.93998e+01
 13  0.14550  4.24598e+01 | 14  0.14073  2.95708e+01 | 15  0.13587  1.08826e+01
 16  0.10681  6.05188e+03 | 17  0.01479  1.21177e+03 | 18  0.01467  2.74172e+03
 19 -0.00029 -8.13472e+02 | 20  0.00214  1.46704e+02 | 21  0.00735 -2.22897e+01
 22  0.00098 -2.25992e+01 | 23  0.00455  7.88361e+02 | 24  0.00245  3.41209e+02
 25  0.00145  1.67309e+02 | 26  0.00004 -4.74602e+02 | 27 -0.00031 -2.47540e+02
 28 -0.00032 -3.94160e+02 | 29 -0.00138 -3.02997e+02 | 30  0.00060 -7.62941e+01
 31 -0.00597 -5.33649e+02 | 32  0.00222 -5.92760e+01 | 33 -0.00710 -3.06090e+02
 34 -0.00080  1.34290e+02 | 35 -0.00811 -5.90792e+02 | 36 -0.00197 -1.46186e+02
 37 -0.00767 -6.87529e+02 | 38 -0.00732 -8.94388e+02 | 39 -0.00067 -4.92363e+02
 40 -0.00689 -6.94584e+02 | 41 -0.00264 -7.42722e+01 | 42 -0.00523 -5.66746e+02
 43  0.00039 -8.71823e+01 | 44  0.00139 -6.18407e+02 | 45  0.14360  2.46636e+03
 46 -0.01485  8.57509e+02 | 47 -0.02488 -5.76436e+02 | 48 -0.01603  9.39514e+02
 49 -0.01492  4.74172e+02 | 50 -0.02119  1.31677e+02 | 51 -0.01788  2.59719e+02
 52 -0.01544 -9.12092e+01 | 53 -0.00291  8.58495e+02 | 54 -0.00551  4.75065e+02
 55 -0.00714  1.11203e+02 | 56 -0.00238  3.35881e+02 | 57 -0.00705 -3.66618e+02
 58 -0.00133 -2.75155e+02 | 59  0.00278 -1.21788e+02 | 60  0.00582 -4.27767e+01
 61 -0.00027 -3.79202e+02 | 62  0.00650 -9.61515e+01 | 63  0.00443 -3.63205e+02
 64  0.00940 -3.35232e+02 | 65  0.00857 -5.26368e+02 | 66  0.01240 -1.89793e+02
 67  0.01699  1.91384e+02 | 68  0.01184 -3.22503e+02 | 69  0.01392 -1.96787e+02
 70  0.01296 -3.84329e+02 | 71  0.01602  1.78261e+02 | 72  0.01510  5.46309e+02
 73  0.01648 -7.60346e+01 | 74 -0.09010  3.04072e+02 |
1 0 25474.8
1 0 25474.7
1 0 25474.7
1 0 25474.7
1 0 25474.7
1 0 25474.6
1 0 25474.6
1 0 25474.6
1 0 25474.6
1 0 25474.6
1 0 25474.5
1 0 25474.5
74 variables; iteration 40; function evaluation 62; phase 1
Function value   2.5474703e+04; maximum gradient component mag   6.0637e+03
Var   Value    Gradient   |Var   Value    Gradient   |Var   Value    Gradient
  1  0.33329 -3.37330e+02 |  2  0.24247 -1.23278e+02 |  3  0.20324 -1.94462e+01
  4  0.18023 -2.92713e+01 |  5  0.17689  9.11638e+00 |  6  0.18354  1.44676e+02
  7  0.16121 -4.10539e+01 |  8  0.16424  4.31717e+01 |  9  0.16733  1.10492e+02
 10  0.15057 -4.01074e+00 | 11  0.14606  2.82889e+01 | 12  0.14266  2.41391e+01
 13  0.14104  4.02315e+01 | 14  0.13589  2.49868e+01 | 15  0.13106  7.97240e+00
 16  0.10686  6.06371e+03 | 17  0.01471  1.21163e+03 | 18  0.01464  2.73276e+03
 19 -0.00035 -8.23268e+02 | 20  0.00210  1.48108e+02 | 21  0.00730 -4.41247e+01
 22  0.00085 -4.23176e+01 | 23  0.00457  8.03845e+02 | 24  0.00261  3.62891e+02
 25  0.00175  2.30694e+02 | 26 -0.00012 -5.00239e+02 | 27 -0.00022 -2.43793e+02
 28 -0.00037 -4.27610e+02 | 29 -0.00116 -2.71707e+02 | 30  0.00068 -6.48277e+01
 31 -0.00604 -5.49543e+02 | 32  0.00221 -5.12305e+01 | 33 -0.00717 -3.21877e+02
 34 -0.00096  8.77212e+01 | 35 -0.00809 -5.79286e+02 | 36 -0.00209 -1.67494e+02
 37 -0.00761 -6.76736e+02 | 38 -0.00726 -8.83406e+02 | 39 -0.00078 -5.21318e+02
 40 -0.00681 -6.71448e+02 | 41 -0.00261 -5.21548e+01 | 42 -0.00517 -5.45527e+02
 43  0.00029 -1.00268e+02 | 44  0.00145 -6.19532e+02 | 45  0.14358  2.43497e+03
 46 -0.01484  8.59380e+02 | 47 -0.02481 -5.62186e+02 | 48 -0.01617  9.10603e+02
 49 -0.01478  5.06154e+02 | 50 -0.02125  1.28375e+02 | 51 -0.01794  2.45485e+02
 52 -0.01564 -1.33632e+02 | 53 -0.00266  8.73165e+02 | 54 -0.00579  4.15639e+02
 55 -0.00695  1.47248e+02 | 56 -0.00233  3.61412e+02 | 57 -0.00682 -3.28285e+02
 58 -0.00120 -2.56897e+02 | 59  0.00283 -1.10518e+02 | 60  0.00575 -5.77185e+01
 61 -0.00020 -3.63045e+02 | 62  0.00651 -7.38585e+01 | 63  0.00452 -3.42401e+02
 64  0.00927 -3.50311e+02 | 65  0.00862 -5.19091e+02 | 66  0.01246 -1.84175e+02
 67  0.01694  1.90812e+02 | 68  0.01189 -3.20899e+02 | 69  0.01380 -2.32501e+02
 70  0.01295 -4.02358e+02 | 71  0.01582  1.38841e+02 | 72  0.01512  5.53020e+02
 73  0.01634 -7.53962e+01 | 74 -0.09021  3.05468e+02 |
1 0 25474.6
1 0 25474.5
1 0 25474.5
1 0 25474.5
1 0 25474.4
1 0 25474.5
1 0 25474.4
1 0 25474.4
1 0 25474.3
1 0 25474.3
1 0 25474.4
1 0 25474.2
1 0 25474.2
74 variables; iteration 50; function evaluation 75; phase 1
Function value   2.5474389e+04; maximum gradient component mag   6.0550e+03
Var   Value    Gradient   |Var   Value    Gradient   |Var   Value    Gradient
  1  0.33329 -3.38101e+02 |  2  0.24268 -1.21847e+02 |  3  0.20311 -1.93171e+01
  4  0.17966 -3.06706e+01 |  5  0.17617  8.83891e+00 |  6  0.18249  1.37809e+02
  7  0.16165 -4.39430e+01 |  8  0.16718  5.38134e+01 |  9  0.17026  1.19217e+02
 10  0.15166 -3.00731e+00 | 11  0.14528  2.56962e+01 | 12  0.14063  2.23275e+01
 13  0.13790  3.74012e+01 | 14  0.13189  2.20240e+01 | 15  0.12640  3.44529e+00
 16  0.10683  6.05499e+03 | 17  0.01470  1.21341e+03 | 18  0.01458  2.71585e+03
 19 -0.00030 -8.06445e+02 | 20  0.00202  1.27344e+02 | 21  0.00735 -3.13369e+01
 22  0.00088 -3.49672e+01 | 23  0.00461  8.04213e+02 | 24  0.00263  3.68175e+02
 25  0.00163  2.05644e+02 | 26 -0.00009 -4.84959e+02 | 27 -0.00019 -2.40218e+02
 28 -0.00051 -4.60363e+02 | 29 -0.00114 -2.71668e+02 | 30  0.00079 -5.10876e+01
 31 -0.00597 -5.42432e+02 | 32  0.00219 -6.42873e+01 | 33 -0.00686 -2.44949e+02
 34 -0.00103  7.15098e+01 | 35 -0.00813 -5.84438e+02 | 36 -0.00214 -1.67750e+02
 37 -0.00765 -6.75613e+02 | 38 -0.00736 -9.09077e+02 | 39 -0.00071 -5.03895e+02
 40 -0.00680 -6.71617e+02 | 41 -0.00264 -6.21935e+01 | 42 -0.00521 -5.60963e+02
 43  0.00031 -9.16597e+01 | 44  0.00138 -6.20229e+02 | 45  0.14356  2.44530e+03
 46 -0.01484  8.61096e+02 | 47 -0.02483 -5.66279e+02 | 48 -0.01618  9.10351e+02
 49 -0.01474  5.10858e+02 | 50 -0.02131  1.13393e+02 | 51 -0.01784  2.61185e+02
 52 -0.01560 -1.27976e+02 | 53 -0.00267  8.79041e+02 | 54 -0.00588  3.97280e+02
 55 -0.00684  1.63255e+02 | 56 -0.00237  3.63621e+02 | 57 -0.00679 -3.17195e+02
 58 -0.00112 -2.44497e+02 | 59  0.00293 -9.39945e+01 | 60  0.00581 -4.41337e+01
 61 -0.00032 -4.09622e+02 | 62  0.00647 -9.58110e+01 | 63  0.00450 -3.48793e+02
 64  0.00922 -3.62255e+02 | 65  0.00851 -5.41678e+02 | 66  0.01250 -1.71122e+02
 67  0.01696  1.91971e+02 | 68  0.01194 -3.14154e+02 | 69  0.01377 -2.33883e+02
 70  0.01305 -3.79301e+02 | 71  0.01585  1.42143e+02 | 72  0.01514  5.51123e+02
 73  0.01612 -7.72573e+01 | 74 -0.09023  3.04615e+02 |
1 0 25474.1
1 0 25474
1 0 25473.8
1 0 25473.5
1 0 25473
1 0 25472.5
1 0 25471.7
1 0 25470.2
1 0 25468.4
1 0 25466.2
74 variables; iteration 60; function evaluation 85; phase 1
Function value   2.5466392e+04; maximum gradient component mag   5.7923e+03
Var   Value    Gradient   |Var   Value    Gradient   |Var   Value    Gradient
  1  0.33240 -3.45538e+02 |  2  0.24096 -1.29730e+02 |  3  0.20177 -2.54172e+01
  4  0.17984 -2.47537e+01 |  5  0.17565  1.52441e+01 |  6  0.17878  1.25245e+02
  7  0.15726 -4.66190e+01 |  8  0.16157  3.89382e+01 |  9  0.16628  1.11763e+02
 10  0.15014 -2.84244e+01 | 11  0.15374  4.94002e+01 | 12  0.15343  7.63796e+01
 13  0.14076  5.71267e+01 | 14  0.11913 -1.43982e+01 | 15  0.10750 -2.41451e+01
 16  0.10537  5.79227e+03 | 17  0.01453  1.22695e+03 | 18  0.01405  2.50777e+03
 19 -0.00008 -7.54541e+02 | 20  0.00259  2.25746e+02 | 21  0.00759  3.61850e+00
 22  0.00073 -9.90209e+01 | 23  0.00596  1.01958e+03 | 24  0.00294  3.76761e+02
 25  0.00146  1.66914e+02 | 26  0.00030 -3.86931e+02 | 27 -0.00148 -5.49213e+02
 28  0.00046 -2.15505e+02 | 29 -0.00219 -6.51092e+02 | 30  0.00078  3.76807e+01
 31 -0.00605 -5.52871e+02 | 32  0.00259 -4.42706e+01 | 33 -0.00707 -2.77922e+02
 34 -0.00233 -1.30267e+02 | 35 -0.00797 -5.70490e+02 | 36 -0.00167 -1.37495e+02
 37 -0.00734 -6.31287e+02 | 38 -0.00705 -8.58695e+02 | 39 -0.00092 -5.78028e+02
 40 -0.00483 -4.03966e+02 | 41 -0.00214 -2.58951e+01 | 42 -0.00507 -5.78633e+02
 43 -0.00006 -8.13052e+01 | 44 -0.00144 -6.47918e+02 | 45  0.14377  2.68068e+03
 46 -0.01515  8.78605e+02 | 47 -0.02518 -5.42716e+02 | 48 -0.01643  8.61084e+02
 49 -0.01474  5.08538e+02 | 50 -0.02231 -2.52556e+01 | 51 -0.01758  2.89196e+02
 52 -0.01492 -3.07542e+01 | 53 -0.00332  7.91846e+02 | 54 -0.00594  3.85462e+02
 55 -0.00744  1.65653e+02 | 56 -0.00285  2.81277e+02 | 57 -0.00555  2.37908e+01
 58 -0.00174 -2.76273e+02 | 59  0.00209 -2.22690e+02 | 60  0.00591 -2.92319e-02
 61  0.00037 -2.60704e+02 | 62  0.00450 -3.44344e+02 | 63  0.00413 -3.57758e+02
 64  0.00965 -2.59162e+02 | 65  0.00812 -5.91528e+02 | 66  0.01265 -1.42486e+02
 67  0.01530 -5.37955e+01 | 68  0.01365 -3.79995e+01 | 69  0.01375 -2.40385e+02
 70  0.01340 -2.95494e+02 | 71  0.01552  7.82634e+01 | 72  0.01576  4.73728e+02
 73  0.01974 -7.21988e+01 | 74 -0.08990  2.77539e+02 |
1 0 25462
1 0 25455.3
1 0 25443.8
1 0 25424.8
1 0 25474.5
1 0 25420.7
1 0 25413.4
1 0 25454.2
1 0 25412.4
1 0 25425.2
1 0 25412.4
1 0 25412.3
1 0 25413.1
1 0 25412.3
74 variables; iteration 70; function evaluation 99; phase 1
Function value   2.5412548e+04; maximum gradient component mag   4.7414e+03
Var   Value    Gradient   |Var   Value    Gradient   |Var   Value    Gradient
  1  0.32226 -4.40338e+02 |  2  0.23784 -1.30697e+02 |  3  0.19123 -5.48631e+01
  4  0.16463 -5.01463e+01 |  5  0.15830 -3.96698e+00 |  6  0.15919  7.13370e+01
  7  0.14514 -3.15861e+01 |  8  0.14759  3.11925e+01 |  9  0.14760  5.50222e+01
 10  0.13804 -8.18329e+00 | 11  0.13756  2.73160e+01 | 12  0.13505  2.60476e+01
 13  0.13065  5.44339e+01 | 14  0.11498 -1.49043e+01 | 15  0.10797 -1.16502e+01
 16  0.09640  3.75410e+03 | 17  0.01143  1.24084e+03 | 18  0.01058  1.25448e+03
 19  0.00126 -3.62047e+02 | 20  0.00285  2.74674e+02 | 21  0.00845  1.71802e+02
 22  0.00246  1.16024e+02 | 23  0.00562  7.95672e+02 | 24  0.00307  4.06400e+02
 25  0.00237  3.00646e+02 | 26  0.00211 -1.30474e+02 | 27 -0.00065 -4.76649e+02
 28  0.00053 -2.77224e+02 | 29 -0.00125 -5.77235e+02 | 30  0.00169 -2.14241e+01
 31 -0.00422 -3.38807e+02 | 32  0.00250 -2.37416e+02 | 33 -0.00739 -4.26919e+02
 34  0.00011 -1.23715e+01 | 35 -0.00662 -4.76721e+02 | 36 -0.00167 -4.20091e+02
 37 -0.00625 -5.91991e+02 | 38 -0.00531 -6.71361e+02 | 39 -0.00214 -9.17220e+02
 40 -0.00437 -4.25524e+02 | 41 -0.00227 -3.09072e+02 | 42 -0.00396 -4.05671e+02
 43 -0.00182 -2.56062e+01 | 44 -0.01182 -7.90926e+02 | 45  0.14347  4.74138e+03
 46 -0.01627  9.75499e+02 | 47 -0.02529 -3.74319e+02 | 48 -0.01718  6.25638e+02
 49 -0.01684  3.20340e+01 | 50 -0.02166 -4.34632e+01 | 51 -0.01750  3.05855e+02
 52 -0.01484 -8.72964e+00 | 53 -0.00424  5.69281e+02 | 54 -0.00583  2.81140e+02
 55 -0.00716  1.20642e+02 | 56 -0.00408  3.58327e+01 | 57 -0.00559 -1.69435e+01
 58 -0.00157 -2.25466e+02 | 59  0.00363  4.94417e+01 | 60  0.00564  2.12518e+01
 61 -0.00141 -5.04244e+02 | 62  0.00729  1.99098e+02 | 63  0.00532 -1.38756e+02
 64  0.01007 -4.65993e+01 | 65  0.00851 -4.48395e+02 | 66  0.01483  2.37600e+02
 67  0.01302 -3.55587e+02 | 68  0.01374  2.74959e+01 | 69  0.01378 -1.18878e+02
 70  0.01474 -8.65613e+01 | 71  0.01543 -1.91169e+02 | 72  0.01824  8.74402e+01
 73  0.01633 -2.14480e+02 | 74 -0.08875  3.01662e+01 |
1 0 25412.2
1 0 25412.2
1 0 25412.2
1 0 25412.2
1 0 25412.1
1 0 25411.8
1 0 25409.1
1 0 25386.5
1 0 25366.1
1 0 37994.3
1 0 25366.1
1 0 25366
1 0 25365.4
1 0 25359.8
1 0 25348.7
1 0 25332.3
1 0 25328.9
74 variables; iteration 80; function evaluation 116; phase 1
Function value   2.5328901e+04; maximum gradient component mag   3.0360e+03
Var   Value    Gradient   |Var   Value    Gradient   |Var   Value    Gradient
  1  0.33508  5.74164e+02 |  2  0.27427  1.40240e+02 |  3  0.21020  9.49228e+00
  4  0.16204 -1.04596e+01 |  5  0.12672 -1.35869e+01 |  6  0.10092 -3.71923e+01
  7  0.08982  7.54510e+00 |  8  0.07907 -4.87203e+00 |  9  0.07199 -1.71689e+01
 10  0.07204  1.37514e+01 | 11  0.06986  2.24831e+00 | 12  0.06887  4.37394e+00
 13  0.06840  5.08429e-01 | 14  0.06963  1.40162e+00 | 15  0.07235  1.56453e+01
 16  0.07782 -7.05153e+02 | 17  0.00295 -6.35073e+02 | 18 -0.00009 -2.16931e+02
 19  0.00160  1.00970e+02 | 20  0.00050  1.87891e+02 | 21  0.00670 -3.80894e+00
 22  0.00057  6.68207e+01 | 23 -0.00037  7.43192e+01 | 24 -0.00133  1.25802e+02
 25 -0.00169 -3.14146e+01 | 26  0.00132 -7.01862e+01 | 27  0.00147  4.15124e+01
 28  0.00218 -1.08794e+01 | 29  0.00142 -2.37539e+01 | 30  0.00156 -1.05527e+02
 31 -0.00312 -2.60212e+01 | 32  0.00436 -1.27842e+01 | 33 -0.00513 -3.54019e+01
 34  0.00004 -1.30307e+00 | 35 -0.00374  2.21341e+01 | 36  0.00080 -4.64967e+01
 37 -0.00252 -6.04652e+01 | 38 -0.00208 -1.10628e+02 | 39  0.00393  8.91349e+01
 40 -0.00284 -1.94389e+02 | 41 -0.00099 -9.21463e+01 | 42 -0.00109  7.95905e+01
 43 -0.00032  4.64774e+01 | 44 -0.00528 -3.52137e+00 | 45  0.14074  3.03603e+03
 46 -0.02719 -4.85907e+01 | 47 -0.02324  9.29782e+01 | 48 -0.01981  5.67952e+01
 49 -0.01900 -2.90834e+02 | 50 -0.02171 -1.15758e+02 | 51 -0.02063 -1.17002e+02
 52 -0.01474  7.53926e+01 | 53 -0.00793 -4.81333e+00 | 54 -0.00775 -3.11393e+01
 55 -0.00660  3.05445e+01 | 56 -0.00323  3.75080e+01 | 57 -0.00353  1.18978e+02
 58 -0.00054 -1.13128e+02 | 59  0.00436  1.18026e+02 | 60  0.00624  8.52041e+01
 61  0.00294  1.56162e+02 | 62  0.00587 -7.56133e+01 | 63  0.00835  2.74761e+02
 64  0.01062 -7.70668e+01 | 65  0.01284  1.51063e+02 | 66  0.01502  3.59707e+01
 67  0.01806  1.55178e+02 | 68  0.01512  6.38582e+01 | 69  0.01359 -2.73379e+02
 70  0.01706  1.67109e+02 | 71  0.01637 -5.04236e+01 | 72  0.01562 -2.32333e+02
 73  0.01387 -1.57324e+02 | 74 -0.07997 -4.29329e+02 |
1 0 25324.1
1 0 25321.8
1 0 25320.6
1 0 25319.7
1 0 25318.8
1 0 25317.3
1 0 25315.3
1 0 25313.7
1 0 25312.3
1 0 25312.1
74 variables; iteration 90; function evaluation 126; phase 1
Function value   2.5312139e+04; maximum gradient component mag  -6.3295e+01
Var   Value    Gradient   |Var   Value    Gradient   |Var   Value    Gradient
  1  0.31862  9.91749e+00 |  2  0.26096  6.93066e+00 |  3  0.21070  4.65467e+00
  4  0.17330  2.64054e+00 |  5  0.14590  1.49975e+00 |  6  0.12555  7.02239e-01
  7  0.11033  1.50531e+00 |  8  0.09869  1.79227e+00 |  9  0.08969  1.38856e+00
 10  0.08294  2.27573e+00 | 11  0.07779  2.43983e+00 | 12  0.07396  2.71639e+00
 13  0.07121  3.76921e+00 | 14  0.06911  1.79004e+00 | 15  0.06818  2.43670e+00
 16  0.06749 -6.32946e+01 | 17 -0.00442 -3.92546e+01 | 18  0.00090 -3.93583e-01
 19  0.00114 -6.61985e-01 | 20  0.00003  2.76926e+00 | 21  0.00724 -7.36606e+00
 22  0.00050 -9.60013e-01 | 23 -0.00100 -8.37311e-01 | 24 -0.00221  4.71178e+00
 25 -0.00161 -1.45776e+00 | 26  0.00143 -3.21391e+00 | 27  0.00121  1.77788e+00
 28  0.00214  1.73845e+00 | 29  0.00170  4.17832e+00 | 30  0.00252  1.13226e+00
 31 -0.00305  7.72963e+00 | 32  0.00368  1.82130e+00 | 33 -0.00560  6.44836e+00
 34 -0.00040  4.89470e+00 | 35 -0.00428  9.58165e+00 | 36  0.00095  9.17366e+00
 37 -0.00240  6.87126e+00 | 38 -0.00155  6.36300e+00 | 39  0.00341  9.97964e+00
 40 -0.00192  4.44262e+00 | 41 -0.00009  5.39821e+00 | 42 -0.00154  1.16501e+01
 43  0.00120  1.23019e+01 | 44  0.00212  4.18708e+00 | 45  0.14411  2.65979e+01
 46 -0.02624 -4.80467e+01 | 47 -0.02352 -4.73877e+00 | 48 -0.02036  3.90110e+00
 49 -0.01773  3.37170e+00 | 50 -0.02121 -1.28235e+00 | 51 -0.01992  5.27717e+00
 52 -0.01512  1.04351e+01 | 53 -0.00763  9.80921e+00 | 54 -0.00739  6.63079e+00
 55 -0.00679  3.95250e+00 | 56 -0.00329  7.20397e+00 | 57 -0.00408  6.58695e+00
 58  0.00043 -2.46289e+00 | 59  0.00437  2.06400e+00 | 60  0.00600  4.48252e+00
 61  0.00263  4.03606e+00 | 62  0.00658 -1.61276e+00 | 63  0.00731  7.80524e+00
 64  0.01138 -2.99423e+00 | 65  0.01259  3.37683e+00 | 66  0.01541  4.11010e-01
 67  0.01733  3.81777e+00 | 68  0.01542 -1.16641e-01 | 69  0.01550 -1.23206e+01
 70  0.01628  2.22755e+00 | 71  0.01576 -5.05049e+00 | 72  0.01326 -7.64915e+00
 73  0.01301 -2.93957e+00 | 74 -0.00658 -1.55511e+00 |
1 0 25312
1 0 25312
1 0 25312
1 0 25312
1 0 25312
1 0 25312
1 0 25312
1 0 25312
1 0 25312
1 0 25312

 - final statistics:
74 variables; iteration 100; function evaluation 136
Function value   2.5312e+04; maximum gradient component mag   9.4885e-02
Exit code = 1;  converg criter   1.0000e-01
Var   Value    Gradient   |Var   Value    Gradient   |Var   Value    Gradient
  1  0.31934 -4.90834e-04 |  2  0.26156  5.73837e-04 |  3  0.21083 -1.05607e-04
  4  0.17287 -2.88480e-04 |  5  0.14474  1.18323e-04 |  6  0.12339  5.45691e-04
  7  0.10678  9.06889e-04 |  8  0.09364  1.11563e-03 |  9  0.08316  6.14331e-04
 10  0.07482  4.21925e-04 | 11  0.06825 -2.46278e-04 | 12  0.06322 -5.44687e-04
 13  0.05957 -2.96761e-04 | 14  0.05719 -1.25552e-03 | 15  0.05602 -7.95252e-04
 16  0.06822 -2.12898e-02 | 17 -0.00378  1.30304e-02 | 18  0.00110 -1.70171e-02
 19  0.00115  6.17455e-03 | 20 -0.00000  1.36740e-03 | 21  0.00725 -7.35243e-04
 22  0.00050  4.53442e-04 | 23 -0.00100 -2.48144e-03 | 24 -0.00224  2.42969e-03
 25 -0.00161  8.62782e-05 | 26  0.00144  8.31528e-04 | 27  0.00119  1.37652e-03
 28  0.00211  5.84804e-04 | 29  0.00167  9.36787e-04 | 30  0.00249 -1.24714e-03
 31 -0.00310 -8.87585e-04 | 32  0.00365 -2.06942e-03 | 33 -0.00562 -1.63235e-03
 34 -0.00043 -4.00923e-03 | 35 -0.00435 -3.76446e-04 | 36  0.00090 -4.09017e-03
 37 -0.00246 -6.02625e-04 | 38 -0.00160  2.53347e-04 | 39  0.00334 -1.33407e-03
 40 -0.00194 -2.31171e-03 | 41 -0.00012 -4.35754e-03 | 42 -0.00162  7.75562e-04
 43  0.00110  2.56353e-03 | 44  0.00196  1.39230e-03 | 45  0.14399  9.48850e-02
 46 -0.02590  3.79145e-03 | 47 -0.02350  3.99101e-03 | 48 -0.02040 -2.68136e-03
 49 -0.01773 -4.27970e-03 | 50 -0.02120 -1.18292e-03 | 51 -0.01997 -1.53952e-03
 52 -0.01520 -4.77353e-04 | 53 -0.00768 -1.91767e-03 | 54 -0.00742 -3.08746e-03
 55 -0.00681 -1.73871e-03 | 56 -0.00333 -1.47591e-03 | 57 -0.00413 -7.00768e-04
 58  0.00043 -5.57521e-04 | 59  0.00433  1.12584e-03 | 60  0.00596  2.17157e-03
 61  0.00258  2.50532e-03 | 62  0.00656  1.85305e-03 | 63  0.00723  2.87898e-03
 64  0.01136  2.71337e-03 | 65  0.01253  2.03025e-03 | 66  0.01537 -1.51140e-04
 67  0.01727  3.37823e-03 | 68  0.01538  1.60336e-03 | 69  0.01554  1.45055e-04
 70  0.01622  1.00711e-03 | 71  0.01576 -2.70844e-03 | 72  0.01337 -2.95201e-03
 73  0.01337 -5.50096e-03 | 74 -0.00888 -7.88088e-03 |
1 0 25312
B087718.7
0.3 0.43646
0.374109 0.378363
0.404425 0.358481
0.414226 0.352456
0.417132 0.350704
0.417972 0.350201
0.418212 0.350058
0.418281 0.350016
0.418301 0.350005
0.418306 0.350001
0.418308 0.35
0.418308 0.35
0.418309 0.35
0.418309 0.35
0.418309 0.35
0.418309 0.35
0.418309 0.35
0.418309 0.35
0.418309 0.35
0.418309 0.35
0.418309 0.35
FutMOrt0.148069
FutMOrt0.148069
FutMOrt0.148069
FutMOrt0.148069
FutMOrt0.148069
FutMOrt0.148069
FutMOrt0.148069
FutMOrt0.148069
FutMOrt0.148069
FutMOrt0.148069
2 0 25312

Initial statistics: 78 variables; iteration 0; function evaluation 0; phase 2
Function value   2.5312001e+04; maximum gradient component mag  -6.9033e+02
Var   Value    Gradient   |Var   Value    Gradient   |Var   Value    Gradient
  1 -0.80860  1.06823e+01 |  2 -0.71065  4.86459e+01 |  3  0.31934 -4.90834e-04
  4  0.26156  5.73837e-04 |  5  0.21083 -1.05607e-04 |  6  0.17287 -2.88480e-04
  7  0.14474  1.18323e-04 |  8  0.12339  5.45691e-04 |  9  0.10678  9.06889e-04
 10  0.09364  1.11563e-03 | 11  0.08316  6.14331e-04 | 12  0.07482  4.21925e-04
 13  0.06825 -2.46278e-04 | 14  0.06322 -5.44687e-04 | 15  0.05957 -2.96761e-04
 16  0.05719 -1.25552e-03 | 17  0.05602 -7.95252e-04 | 18  0.06822 -2.12898e-02
 19 -0.00378  1.34195e-02 | 20  0.00110 -1.66279e-02 | 21  0.00115  6.56369e-03
 22 -0.00000  1.75654e-03 | 23  0.00725 -3.46129e-04 | 24  0.00050  8.42581e-04
 25 -0.00100 -2.09230e-03 | 26 -0.00224  2.81883e-03 | 27 -0.00161  4.75416e-04
 28  0.00144  1.22067e-03 | 29  0.00119  1.76566e-03 | 30  0.00211  9.73941e-04
 31  0.00167  1.32592e-03 | 32  0.00249 -8.58002e-04 | 33 -0.00310 -4.98451e-04
 34  0.00365 -1.68028e-03 | 35 -0.00562 -1.24322e-03 | 36 -0.00043 -3.62009e-03
 37 -0.00435  1.26838e-05 | 38  0.00090 -3.70104e-03 | 39 -0.00246 -2.13489e-04
 40 -0.00160  6.42485e-04 | 41  0.00334 -9.44936e-04 | 42 -0.00194 -1.92258e-03
 43 -0.00012 -3.96840e-03 | 44 -0.00162  1.16470e-03 | 45  0.00110  2.95267e-03
 46  0.00196  1.78144e-03 | 47  0.14399  9.48850e-02 | 48 -0.02590  3.85409e-03
 49 -0.02350  4.05366e-03 | 50 -0.02040 -2.61869e-03 | 51 -0.01773 -4.21703e-03
 52 -0.02120 -1.12026e-03 | 53 -0.01997 -1.47686e-03 | 54 -0.01520 -4.14676e-04
 55 -0.00768 -1.85498e-03 | 56 -0.00742 -3.02477e-03 | 57 -0.00681 -1.67602e-03
 58 -0.00333 -1.41322e-03 | 59 -0.00413 -6.38074e-04 | 60  0.00043 -4.94827e-04
 61  0.00433  1.18854e-03 | 62  0.00596  2.23426e-03 | 63  0.00258  2.56802e-03
 64  0.00656  1.91574e-03 | 65  0.00723  2.94168e-03 | 66  0.01136  2.77606e-03
 67  0.01253  2.09293e-03 | 68  0.01537 -8.84637e-05 | 69  0.01727  3.44091e-03
 70  0.01538  1.66604e-03 | 71  0.01554  2.07731e-04 | 72  0.01622  1.06978e-03
 73  0.01576 -2.64576e-03 | 74  0.01337 -2.88932e-03 | 75  0.01337 -5.43828e-03
 76 -0.00888 -7.88088e-03 | 77 -0.65365 -6.90331e+02 | 78 -0.56178  7.19106e+01
2 0 25312
2 0 25311.8
2 0 25311.6
2 0 25311.1
2 0 25308.7
2 0 25353.9
2 0 25308.5
2 0 25308.3
2 0 25308.1
2 0 25307.8
2 0 25308.8
2 0 25307.8
2 0 25307.8
2 0 25307.8
2 0 25307.8

Intermediate statistics: 78 variables; iteration 10; function evaluation 15; phase 2
Function value   2.5307757e+04; maximum gradient component mag  -4.3625e+02
Var   Value    Gradient   |Var   Value    Gradient   |Var   Value    Gradient
  1 -0.81015  2.01919e-01 |  2 -0.71769  6.15532e+00 |  3  0.31797 -1.48333e+01
  4  0.26210 -5.75244e-01 |  5  0.21167 -1.43397e+00 |  6  0.17343 -2.01257e+00
  7  0.14509 -1.47885e+00 |  8  0.12362 -9.86154e-01 |  9  0.10694 -6.85504e-01
 10  0.09377 -5.07561e-01 | 11  0.08326 -3.97944e-01 | 12  0.07490 -3.27680e-01
 13  0.06832 -2.81164e-01 | 14  0.06328 -2.50094e-01 | 15  0.05963 -2.29849e-01
 16  0.05725 -2.17332e-01 | 17  0.05607 -2.11535e-01 | 18  0.07594  1.77873e+02
 19 -0.00559 -1.81455e+01 | 20  0.00118 -2.21523e+00 | 21  0.00131  2.82973e+00
 22  0.00013  1.67795e+01 | 23  0.00773  6.47927e+01 | 24  0.00066 -6.18037e+00
 25 -0.00099 -3.88765e+00 | 26 -0.00226 -1.04548e+01 | 27 -0.00170 -4.69535e+01
 28  0.00133 -2.37438e+01 | 29  0.00132  4.90408e+00 | 30  0.00225 -2.89013e+01
 31  0.00181  1.25845e+01 | 32  0.00262 -1.25541e+01 | 33 -0.00302  2.63390e+00
 34  0.00367 -1.01320e-01 | 35 -0.00563  2.12192e+01 | 36 -0.00061 -2.89284e+01
 37 -0.00431  1.50274e+01 | 38  0.00086 -2.97643e+01 | 39 -0.00233  1.37838e+01
 40 -0.00154  8.03724e+00 | 41  0.00351  1.64058e+01 | 42 -0.00178  2.55616e+01
 43 -0.00006 -1.36306e+00 | 44 -0.00150  1.30436e+01 | 45  0.00124 -5.84700e+00
 46  0.00167 -2.71418e+01 | 47  0.14513 -4.36255e+02 | 48 -0.02588  1.00267e+01
 49 -0.02360 -1.26180e+00 | 50 -0.02045 -2.22604e+01 | 51 -0.01811 -5.02264e+01
 52 -0.02116 -7.52712e+00 | 53 -0.02013 -1.87354e+01 | 54 -0.01538 -5.17745e+01
 55 -0.00775 -1.63825e+01 | 56 -0.00741  2.99897e+01 | 57 -0.00690  1.65920e+01
 58 -0.00331  2.85341e+01 | 59 -0.00412  3.07730e+00 | 60  0.00037  3.73780e+00
 61  0.00422 -2.08484e+01 | 62  0.00579 -4.79520e+00 | 63  0.00246 -3.90366e+01
 64  0.00656  3.87642e+00 | 65  0.00714 -8.93239e+00 | 66  0.01137  1.90343e+01
 67  0.01256  3.72279e+00 | 68  0.01537 -4.24495e+00 | 69  0.01725  9.32338e+00
 70  0.01540  6.10860e+00 | 71  0.01562  3.15000e+01 | 72  0.01631  2.79461e+01
 73  0.01588  4.62054e+01 | 74  0.01397  4.61390e+01 | 75  0.01401  2.38097e+01
 76  0.00537  5.74713e+01 | 77 -0.64330 -2.15917e+02 | 78 -0.56213  2.84867e+00
2 0 25307.7
2 0 25307.7
2 0 25307.8
2 0 25307.7
2 0 25307.7
2 0 25307.7
2 0 25307.7
2 0 25307.7
2 0 25307.7
2 0 25307.7
2 0 25307.7
2 0 25307.7
78 variables; iteration 20; function evaluation 27; phase 2
Function value   2.5307696e+04; maximum gradient component mag  -5.7164e+02
Var   Value    Gradient   |Var   Value    Gradient   |Var   Value    Gradient
  1 -0.80972 -4.09718e-01 |  2 -0.71730  3.65702e+00 |  3  0.31844 -1.16191e+01
  4  0.26220 -5.39571e-01 |  5  0.21191 -1.05049e+00 |  6  0.17393 -6.89524e-01
  7  0.14559 -6.88971e-01 |  8  0.12400 -7.94206e-01 |  9  0.10721 -6.70694e-01
 10  0.09396 -5.02594e-01 | 11  0.08341 -3.80734e-01 | 12  0.07502 -3.02869e-01
 13  0.06842 -2.53336e-01 | 14  0.06337 -2.21341e-01 | 15  0.05971 -2.00916e-01
 16  0.05733 -1.88757e-01 | 17  0.05615 -1.83057e-01 | 18  0.07619  2.53923e+02
 19 -0.00546 -3.51475e+01 | 20  0.00119 -3.44503e+00 | 21  0.00126 -6.04934e+00
 22  0.00005 -1.71683e+00 | 23  0.00768  5.32383e+01 | 24  0.00067 -6.30177e+00
 25 -0.00102 -1.43150e+01 | 26 -0.00228 -1.44091e+01 | 27 -0.00172 -5.28232e+01
 28  0.00131 -3.42662e+01 | 29  0.00127 -9.79582e+00 | 30  0.00221 -3.55246e+01
 31  0.00180  7.24436e+00 | 32  0.00260 -1.93024e+01 | 33 -0.00303 -2.97091e+00
 34  0.00369  7.60942e+00 | 35 -0.00565  1.14587e+01 | 36 -0.00063 -3.37104e+01
 37 -0.00433  1.20287e+00 | 38  0.00084 -3.67269e+01 | 39 -0.00237  6.29705e+00
 40 -0.00157  1.49338e+00 | 41  0.00345  2.70217e+00 | 42 -0.00184  1.79627e+01
 43 -0.00015 -1.47419e+01 | 44 -0.00157 -6.07120e-01 | 45  0.00125 -1.49870e+01
 46  0.00194 -4.48804e+01 | 47  0.14520 -5.71637e+02 | 48 -0.02581  1.67601e+01
 49 -0.02360 -9.15171e+00 | 50 -0.02046 -2.82034e+01 | 51 -0.01808 -4.83608e+01
 52 -0.02111 -4.85079e+00 | 53 -0.02006 -1.40971e+01 | 54 -0.01540 -6.21422e+01
 55 -0.00776 -2.88578e+01 | 56 -0.00733  3.90751e+01 | 57 -0.00682  2.66248e+01
 58 -0.00331  2.29358e+01 | 59 -0.00411 -1.05409e+00 | 60  0.00040  1.18264e+00
 61  0.00424 -2.84425e+01 | 62  0.00582 -1.64578e+01 | 63  0.00249 -4.44556e+01
 64  0.00658 -2.42900e+00 | 65  0.00721 -6.08361e-01 | 66  0.01145  2.76545e+01
 67  0.01258  2.34413e-01 | 68  0.01538 -1.23213e+01 | 69  0.01728  7.56105e+00
 70  0.01542  1.04352e+00 | 71  0.01559  1.88860e+01 | 72  0.01628  1.63468e+01
 73  0.01585  4.17166e+01 | 74  0.01376  4.54804e+01 | 75  0.01348  2.59636e+01
 76  0.00648  8.85192e+01 | 77 -0.64267 -3.25240e+02 | 78 -0.55772  2.32314e+01
2 0 25307.7
2 0 25307.7
2 0 25307.7
2 0 25307.7
2 0 25307.7
2 0 25307.7
2 0 25307.7
2 0 25307.7
2 0 25307.7
2 0 25307.7
2 0 25307.7
2 0 25307.7
2 0 25307.7
2 0 25307.7
2 0 25307.7
78 variables; iteration 30; function evaluation 42; phase 2
Function value   2.5307679e+04; maximum gradient component mag  -6.7398e+02
Var   Value    Gradient   |Var   Value    Gradient   |Var   Value    Gradient
  1 -0.80730  1.15111e-01 |  2 -0.71224  5.71044e+00 |  3  0.31866 -7.71718e+00
  4  0.26214 -9.53602e-01 |  5  0.21224  3.53241e-01 |  6  0.17451 -1.40684e-01
  7  0.14648  8.98297e-02 |  8  0.12515  6.80316e-01 |  9  0.10833  2.98413e-01
 10  0.09487 -2.35025e-01 | 11  0.08411 -3.92933e-01 | 12  0.07557 -3.43842e-01
 13  0.06887 -2.66965e-01 | 14  0.06376 -2.12110e-01 | 15  0.06006 -1.78949e-01
 16  0.05765 -1.60453e-01 | 17  0.05647 -1.52289e-01 | 18  0.07625  2.64493e+02
 19 -0.00552 -4.45937e+01 | 20  0.00126  8.85047e+00 | 21  0.00127 -5.83009e+00
 22  0.00007 -2.72988e+00 | 23  0.00773  5.64624e+01 | 24  0.00068 -6.40347e+00
 25 -0.00100 -1.07130e+01 | 26 -0.00226 -1.48450e+01 | 27 -0.00172 -5.13527e+01
 28  0.00129 -3.84418e+01 | 29  0.00138  1.03117e+01 | 30  0.00223 -3.67798e+01
 31  0.00179  2.43872e+00 | 32  0.00259 -2.41218e+01 | 33 -0.00304 -3.35343e+00
 34  0.00368  7.69940e+00 | 35 -0.00566  1.44387e+01 | 36 -0.00062 -3.23131e+01
 37 -0.00437 -5.17203e+00 | 38  0.00082 -3.87674e+01 | 39 -0.00237  3.27817e+00
 40 -0.00156  2.64136e+00 | 41  0.00344  3.29506e+00 | 42 -0.00183  1.81514e+01
 43 -0.00013 -1.42900e+01 | 44 -0.00159 -2.27730e+00 | 45  0.00122 -1.96436e+01
 46  0.00184 -4.84264e+01 | 47  0.14551 -6.73977e+02 | 48 -0.02581  2.36743e+01
 49 -0.02367 -1.70102e+01 | 50 -0.02052 -3.20633e+01 | 51 -0.01810 -4.52379e+01
 52 -0.02116 -8.51859e+00 | 53 -0.02013 -2.12589e+01 | 54 -0.01538 -5.22900e+01
 55 -0.00780 -2.80994e+01 | 56 -0.00743  3.08578e+01 | 57 -0.00686  2.18012e+01
 58 -0.00334  2.17935e+01 | 59 -0.00418 -4.22021e+00 | 60  0.00035 -1.08622e+00
 61  0.00419 -3.16291e+01 | 62  0.00579 -1.26063e+01 | 63  0.00243 -5.12353e+01
 64  0.00655  6.93236e-02 | 65  0.00721  5.77416e+00 | 66  0.01138  2.60463e+01
 67  0.01257  8.09728e+00 | 68  0.01538 -4.64384e+00 | 69  0.01719 -9.60745e-02
 70  0.01537 -3.30917e+00 | 71  0.01560  2.63102e+01 | 72  0.01622  1.33433e+01
 73  0.01582  4.19433e+01 | 74  0.01381  4.80951e+01 | 75  0.01450  3.67065e+01
 76  0.00912  1.01424e+02 | 77 -0.64211 -3.38732e+02 | 78 -0.55663  2.50950e+01
2 0 25307.7
2 0 25307.7
2 0 25307.7
2 0 25307.7
2 0 25307.7
2 0 25307.7
2 0 25307.7
2 0 25307.7
2 0 25307.7
2 0 25307.7
2 0 25307.7
2 0 25307.7
2 0 25307.7
78 variables; iteration 40; function evaluation 55; phase 2
Function value   2.5307676e+04; maximum gradient component mag  -6.8882e+02
Var   Value    Gradient   |Var   Value    Gradient   |Var   Value    Gradient
  1 -0.80628  2.17895e-01 |  2 -0.71177  6.03884e+00 |  3  0.31865 -8.75457e+00
  4  0.26203 -2.46052e+00 |  5  0.21235  2.07512e+00 |  6  0.17421 -1.75358e+00
  7  0.14620  1.88088e-01 |  8  0.12480 -4.37404e-01 |  9  0.10821  2.23981e-01
 10  0.09498 -3.05118e-01 | 11  0.08447  6.98073e-02 | 12  0.07605  1.86302e-01
 13  0.06933 -7.46454e-02 | 14  0.06414 -2.25982e-01 | 15  0.06038 -2.36908e-01
 16  0.05794 -2.10508e-01 | 17  0.05673 -1.93300e-01 | 18  0.07625  2.65331e+02
 19 -0.00555 -4.35071e+01 | 20  0.00127  8.99206e+00 | 21  0.00127 -6.58863e+00
 22  0.00008 -3.04466e+00 | 23  0.00774  5.76191e+01 | 24  0.00068 -5.97440e+00
 25 -0.00101 -1.22063e+01 | 26 -0.00226 -1.33229e+01 | 27 -0.00172 -4.94953e+01
 28  0.00129 -3.61909e+01 | 29  0.00137  9.54619e+00 | 30  0.00222 -3.88611e+01
 31  0.00180  3.27726e+00 | 32  0.00260 -2.33919e+01 | 33 -0.00302 -2.00591e+00
 34  0.00369  1.02285e+01 | 35 -0.00567  1.34191e+01 | 36 -0.00063 -3.18425e+01
 37 -0.00437 -5.40789e+00 | 38  0.00080 -4.30259e+01 | 39 -0.00237  2.77719e+00
 40 -0.00157  1.33520e+00 | 41  0.00343  1.88895e+00 | 42 -0.00184  1.71708e+01
 43 -0.00013 -1.36897e+01 | 44 -0.00159 -2.45950e+00 | 45  0.00123 -1.95598e+01
 46  0.00188 -4.78654e+01 | 47  0.14553 -6.88822e+02 | 48 -0.02579  2.60240e+01
 49 -0.02365 -1.47239e+01 | 50 -0.02050 -2.93559e+01 | 51 -0.01809 -4.42528e+01
 52 -0.02116 -9.73394e+00 | 53 -0.02012 -2.13606e+01 | 54 -0.01537 -5.42459e+01
 55 -0.00780 -3.32431e+01 | 56 -0.00744  2.55274e+01 | 57 -0.00687  1.85027e+01
 58 -0.00333  2.25978e+01 | 59 -0.00416 -3.60245e+00 | 60  0.00037  5.83466e-01
 61  0.00422 -2.75794e+01 | 62  0.00581 -1.16389e+01 | 63  0.00244 -5.09967e+01
 64  0.00655 -2.19624e+00 | 65  0.00721  4.52891e+00 | 66  0.01140  2.91263e+01
 67  0.01259  9.87466e+00 | 68  0.01538 -5.16036e+00 | 69  0.01719 -1.75090e+00
 70  0.01537 -3.76114e+00 | 71  0.01560  2.52684e+01 | 72  0.01623  1.36855e+01
 73  0.01583  4.36274e+01 | 74  0.01381  4.96518e+01 | 75  0.01425  3.59700e+01
 76  0.00949  1.03412e+02 | 77 -0.64204 -3.39537e+02 | 78 -0.55654  2.51753e+01
2 0 25307.7
2 0 25307.7
2 0 25307.7
2 0 25307.7
2 0 25307.7
2 0 25307.7
2 0 25307.7
2 0 25307.7
2 0 25307.7
2 0 25307.7
2 0 25307.7
2 0 25307.7
2 0 25307.7
2 0 25307.7
2 0 25307.7
78 variables; iteration 50; function evaluation 70; phase 2
Function value   2.5307669e+04; maximum gradient component mag  -6.8357e+02
Var   Value    Gradient   |Var   Value    Gradient   |Var   Value    Gradient
  1 -0.80154  3.05042e-01 |  2 -0.71302  6.06159e+00 |  3  0.31863 -8.02653e+00
  4  0.26193 -2.17703e+00 |  5  0.21210  1.45652e+00 |  6  0.17398 -2.73068e+00
  7  0.14627  7.20245e-01 |  8  0.12502  2.05044e-01 |  9  0.10841  1.08276e+00
 10  0.09493 -2.37075e+00 | 11  0.08481  2.87410e-01 | 12  0.07673 -6.20557e-01
 13  0.07062  3.48086e-01 | 14  0.06598  1.34252e+00 | 15  0.06235  7.56875e-01
 16  0.05979 -3.65272e-02 | 17  0.05848 -3.76212e-01 | 18  0.07626  2.63800e+02
 19 -0.00558 -4.45019e+01 | 20  0.00124  5.74811e+00 | 21  0.00126 -6.82984e+00
 22  0.00008 -3.14990e+00 | 23  0.00774  5.83980e+01 | 24  0.00066 -1.02369e+01
 25 -0.00098 -7.60180e+00 | 26 -0.00225 -1.34914e+01 | 27 -0.00171 -4.84290e+01
 28  0.00129 -3.59647e+01 | 29  0.00136  7.06423e+00 | 30  0.00223 -3.71664e+01
 31  0.00180  4.11616e+00 | 32  0.00261 -2.12928e+01 | 33 -0.00304 -4.26573e+00
 34  0.00367  6.92576e+00 | 35 -0.00566  1.44145e+01 | 36 -0.00059 -2.65929e+01
 37 -0.00436 -4.00089e+00 | 38  0.00078 -4.57591e+01 | 39 -0.00238  1.08996e+00
 40 -0.00155  4.08567e+00 | 41  0.00345  4.64594e+00 | 42 -0.00183  1.81719e+01
 43 -0.00013 -1.17897e+01 | 44 -0.00162 -8.59369e+00 | 45  0.00124 -1.63452e+01
 46  0.00187 -4.86398e+01 | 47  0.14553 -6.83566e+02 | 48 -0.02580  2.68592e+01
 49 -0.02368 -1.95353e+01 | 50 -0.02049 -2.78258e+01 | 51 -0.01808 -4.19858e+01
 52 -0.02118 -1.18057e+01 | 53 -0.02010 -1.83921e+01 | 54 -0.01538 -5.58982e+01
 55 -0.00780 -3.17345e+01 | 56 -0.00742  2.91681e+01 | 57 -0.00688  1.67071e+01
 58 -0.00333  2.17813e+01 | 59 -0.00416 -3.32907e+00 | 60  0.00036 -2.40513e+00
 61  0.00423 -2.63419e+01 | 62  0.00579 -1.40945e+01 | 63  0.00243 -5.28723e+01
 64  0.00657  1.56945e-01 | 65  0.00723  7.28310e+00 | 66  0.01137  2.41723e+01
 67  0.01259  1.12607e+01 | 68  0.01539 -2.92241e+00 | 69  0.01719 -2.01682e+00
 70  0.01540  4.09531e-01 | 71  0.01561  2.50570e+01 | 72  0.01621  1.16023e+01
 73  0.01584  4.50126e+01 | 74  0.01379  4.73868e+01 | 75  0.01425  3.58076e+01
 76  0.00947  1.02426e+02 | 77 -0.64203 -3.37061e+02 | 78 -0.55647  2.49052e+01
2 0 25307.7
2 0 25307.7
2 0 25307.7
2 0 25307.7
2 0 25307.7
2 0 25307.7
2 0 25307.7
2 0 25307.7
2 0 25307.7
2 0 25307.7
2 0 25307.7
2 0 25307.7
2 0 25307.7
78 variables; iteration 60; function evaluation 83; phase 2
Function value   2.5307664e+04; maximum gradient component mag  -6.7150e+02
Var   Value    Gradient   |Var   Value    Gradient   |Var   Value    Gradient
  1 -0.79776  3.64710e-01 |  2 -0.71427  6.02806e+00 |  3  0.31862 -7.49982e+00
  4  0.26193 -1.79703e+00 |  5  0.21226  2.19321e+00 |  6  0.17422 -1.93304e+00
  7  0.14647  8.94842e-01 |  8  0.12520 -1.10134e-01 |  9  0.10872  6.68881e-01
 10  0.09554 -9.58887e-01 | 11  0.08534 -1.26653e-01 | 12  0.07735  7.26518e-01
 13  0.07096 -8.34178e-01 | 14  0.06641  8.99917e-01 | 15  0.06304  4.39035e-01
 16  0.06086  3.31576e-01 | 17  0.05986  7.99053e-01 | 18  0.07628  2.60919e+02
 19 -0.00554 -4.49916e+01 | 20  0.00124  5.83976e+00 | 21  0.00129 -4.18301e-01
 22  0.00006 -6.53045e+00 | 23  0.00773  5.73162e+01 | 24  0.00063 -1.44623e+01
 25 -0.00100 -8.25490e+00 | 26 -0.00228 -1.71608e+01 | 27 -0.00168 -4.43786e+01
 28  0.00131 -3.30091e+01 | 29  0.00139  1.10441e+01 | 30  0.00223 -3.78643e+01
 31  0.00179  7.72002e-02 | 32  0.00263 -1.72673e+01 | 33 -0.00304 -4.19917e+00
 34  0.00366  5.78948e+00 | 35 -0.00567  1.42378e+01 | 36 -0.00062 -3.10134e+01
 37 -0.00435 -1.71244e+00 | 38  0.00079 -4.52283e+01 | 39 -0.00237  3.24272e+00
 40 -0.00155  5.93187e+00 | 41  0.00343  1.75237e+00 | 42 -0.00183  1.86105e+01
 43 -0.00012 -1.27392e+01 | 44 -0.00164 -1.31434e+01 | 45  0.00126 -8.90651e+00
 46  0.00186 -5.07282e+01 | 47  0.14551 -6.71504e+02 | 48 -0.02580  2.62746e+01
 49 -0.02365 -1.71168e+01 | 50 -0.02053 -3.41996e+01 | 51 -0.01806 -3.93776e+01
 52 -0.02120 -1.45385e+01 | 53 -0.02009 -1.50487e+01 | 54 -0.01542 -6.13618e+01
 55 -0.00778 -2.91844e+01 | 56 -0.00743  2.63365e+01 | 57 -0.00687  1.70263e+01
 58 -0.00331  2.52209e+01 | 59 -0.00415  6.59759e-01 | 60  0.00037 -8.82648e-02
 61  0.00422 -2.69545e+01 | 62  0.00578 -1.55334e+01 | 63  0.00244 -4.98817e+01
 64  0.00655 -1.90970e+00 | 65  0.00724  9.22477e+00 | 66  0.01138  2.57697e+01
 67  0.01260  1.27780e+01 | 68  0.01538 -5.84923e+00 | 69  0.01719 -2.97828e+00
 70  0.01538 -2.64495e+00 | 71  0.01563  2.94696e+01 | 72  0.01623  1.64269e+01
 73  0.01582  3.85346e+01 | 74  0.01379  4.50161e+01 | 75  0.01428  3.54234e+01
 76  0.00930  1.00207e+02 | 77 -0.64204 -3.32849e+02 | 78 -0.55650  2.43279e+01
2 0 25307.7
2 0 25307.7
2 0 25307.7
2 0 25307.7
2 0 25307.7
2 0 25307.7
2 0 25307.7
2 0 25307.7
2 0 25307.6
2 0 25307.6
78 variables; iteration 70; function evaluation 93; phase 2
Function value   2.5307649e+04; maximum gradient component mag  -6.4883e+02
Var   Value    Gradient   |Var   Value    Gradient   |Var   Value    Gradient
  1 -0.78462  7.35852e-01 |  2 -0.71817  6.41447e+00 |  3  0.31857 -6.49956e+00
  4  0.26182 -1.89601e+00 |  5  0.21224  2.16742e+00 |  6  0.17439 -1.58016e+00
  7  0.14680  9.79050e-01 |  8  0.12574 -6.86126e-02 |  9  0.10954  1.34055e+00
 10  0.09650  1.83904e-01 | 11  0.08617  3.66781e-01 | 12  0.07795  4.37947e-01
 13  0.07145 -1.43433e-01 | 14  0.06662  2.02097e+00 | 15  0.06263 -4.66608e-01
 16  0.06010  1.10226e+00 | 17  0.05850 -1.29137e+00 | 18  0.07632  2.54164e+02
 19 -0.00554 -4.60147e+01 | 20  0.00122  1.32248e+00 | 21  0.00132  6.35493e+00
 22  0.00005 -7.04402e+00 | 23  0.00778  6.16067e+01 | 24  0.00067 -8.86207e+00
 25 -0.00104 -1.59101e+01 | 26 -0.00226 -1.50992e+01 | 27 -0.00167 -4.22686e+01
 28  0.00131 -3.16595e+01 | 29  0.00135  4.18601e+00 | 30  0.00228 -3.03246e+01
 31  0.00180  5.37799e+00 | 32  0.00261 -2.19495e+01 | 33 -0.00302 -9.23290e-01
 34  0.00363  2.11255e+00 | 35 -0.00568  1.21090e+01 | 36 -0.00060 -2.81707e+01
 37 -0.00434 -6.68103e-01 | 38  0.00080 -4.28193e+01 | 39 -0.00242 -6.19430e+00
 40 -0.00149  1.75015e+01 | 41  0.00341 -2.02383e+00 | 42 -0.00190  8.48194e+00
 43 -0.00012 -1.15699e+01 | 44 -0.00162 -1.04216e+01 | 45  0.00130 -2.59145e+00
 46  0.00181 -5.58629e+01 | 47  0.14549 -6.48834e+02 | 48 -0.02581  2.89053e+01
 49 -0.02362 -1.17043e+01 | 50 -0.02059 -4.57905e+01 | 51 -0.01802 -3.29151e+01
 52 -0.02115 -8.04999e+00 | 53 -0.02013 -1.93469e+01 | 54 -0.01540 -5.49807e+01
 55 -0.00775 -2.34095e+01 | 56 -0.00743  2.41727e+01 | 57 -0.00693  8.36372e+00
 58 -0.00325  3.50353e+01 | 59 -0.00417 -5.87223e+00 | 60  0.00034 -4.43203e+00
 61  0.00426 -1.97645e+01 | 62  0.00576 -1.82176e+01 | 63  0.00243 -5.08878e+01
 64  0.00657  1.90683e+00 | 65  0.00723  6.20959e+00 | 66  0.01141  3.04889e+01
 67  0.01255  6.53178e+00 | 68  0.01542 -1.53050e+00 | 69  0.01721  6.91781e-01
 70  0.01531 -1.22607e+01 | 71  0.01563  3.09045e+01 | 72  0.01621  1.27211e+01
 73  0.01590  5.05744e+01 | 74  0.01368  2.93149e+01 | 75  0.01430  3.50710e+01
 76  0.00901  9.53688e+01 | 77 -0.64204 -3.22475e+02 | 78 -0.55642  2.30494e+01
2 0 25307.6
2 0 25307.7
2 0 25307.6
2 0 25307.6
2 0 25307.6
2 0 25307.7
2 0 25307.6
2 0 25307.6
2 0 25307.6
2 0 25307.6
2 0 25307.6
2 0 25307.6
2 0 25307.6
2 0 25307.6
2 0 25307.6
2 0 25307.5
2 0 25307.3
78 variables; iteration 80; function evaluation 110; phase 2
Function value   2.5307323e+04; maximum gradient component mag  -5.5609e+02
Var   Value    Gradient   |Var   Value    Gradient   |Var   Value    Gradient
  1 -0.76473  1.57416e+00 |  2 -0.72071  6.56075e+00 |  3  0.31897 -6.69831e+00
  4  0.26208 -1.74154e+00 |  5  0.21231  1.18504e+00 |  6  0.17450 -9.45263e-01
  7  0.14663  5.33888e-01 |  8  0.12533  4.22074e-02 |  9  0.10875  7.14309e-01
 10  0.09541 -6.47949e-01 | 11  0.08493 -8.81806e-01 | 12  0.07685  1.50827e-01
 13  0.07051  8.87738e-01 | 14  0.06546  1.39544e+00 | 15  0.06139 -1.95909e+00
 16  0.05918 -5.07718e-02 | 17  0.05820  6.79153e-01 | 18  0.07657  1.99077e+02
 19 -0.00557 -2.96196e+01 | 20  0.00122  1.21594e+00 | 21  0.00132  3.67025e+00
 22  0.00008 -3.84181e+00 | 23  0.00769  4.00078e+01 | 24  0.00066 -6.49266e+00
 25 -0.00099 -8.08609e+00 | 26 -0.00222 -9.93843e+00 | 27 -0.00160 -2.52769e+01
 28  0.00136 -1.53519e+01 | 29  0.00133  1.88990e+00 | 30  0.00231 -1.75082e+01
 31  0.00182  4.20074e+00 | 32  0.00265 -1.35086e+01 | 33 -0.00303 -7.58083e-01
 34  0.00364  6.28188e+00 | 35 -0.00575  5.59643e+00 | 36 -0.00060 -1.70042e+01
 37 -0.00437 -9.03125e-02 | 38  0.00085 -2.43906e+01 | 39 -0.00243 -5.97705e+00
 40 -0.00152  1.23918e+01 | 41  0.00341  1.25308e+00 | 42 -0.00196  2.69951e+00
 43 -0.00011 -3.25086e+00 | 44 -0.00164 -7.27908e+00 | 45  0.00129 -3.56237e+00
 46  0.00197 -4.01716e+01 | 47  0.14582 -5.56091e+02 | 48 -0.02583  1.79383e+01
 49 -0.02359 -8.22257e+00 | 50 -0.02049 -2.62190e+01 | 51 -0.01802 -2.15714e+01
 52 -0.02118 -8.93769e+00 | 53 -0.02007 -1.10929e+01 | 54 -0.01526 -2.95245e+01
 55 -0.00770 -1.62398e+01 | 56 -0.00745  1.61590e+01 | 57 -0.00692  4.53670e+00
 58 -0.00332  1.73829e+01 | 59 -0.00413 -2.08889e-01 | 60  0.00036 -4.91377e+00
 61  0.00431 -1.32297e+01 | 62  0.00578 -1.24668e+01 | 63  0.00254 -2.85144e+01
 64  0.00656 -1.03166e+00 | 65  0.00725  4.34907e+00 | 66  0.01139  1.82903e+01
 67  0.01256  5.52279e-01 | 68  0.01543  8.77416e-01 | 69  0.01721 -3.41462e-02
 70  0.01532 -1.20780e+01 | 71  0.01560  1.96112e+01 | 72  0.01620  6.68155e+00
 73  0.01577  2.64622e+01 | 74  0.01365  2.81165e+01 | 75  0.01401  2.91291e+01
 76  0.01214  7.82553e+01 | 77 -0.64004 -2.51088e+02 | 78 -0.54837  2.00143e+01
2 0 25307
2 0 25306.8
2 0 25306.8
2 0 25306.8
2 0 25306.7
2 0 25306.6
2 0 25313.1
2 0 25306.6
2 0 25306.5
2 0 25306.9
2 0 25306.4
2 0 25306.3
2 0 25306.3
2 0 25306.2
78 variables; iteration 90; function evaluation 124; phase 2
Function value   2.5306205e+04; maximum gradient component mag  -3.7863e+02
Var   Value    Gradient   |Var   Value    Gradient   |Var   Value    Gradient
  1 -1.00236 -8.17870e-03 |  2 -0.52687  1.08719e+00 |  3  0.32621 -4.85778e+00
  4  0.26668 -1.81759e-01 |  5  0.21552  4.33205e-01 |  6  0.17746 -1.55704e-01
  7  0.14919 -7.13399e-02 |  8  0.12763 -1.91091e-01 |  9  0.11078 -1.15377e-01
 10  0.09737 -4.15164e-01 | 11  0.08668 -5.30199e-01 | 12  0.07824 -4.66463e-01
 13  0.07167 -4.12182e-01 | 14  0.06673 -1.38824e-01 | 15  0.06317 -2.59877e-01
 16  0.06094  1.83582e-01 | 17  0.05985  1.92109e-01 | 18  0.07886  5.71438e+01
 19 -0.00631 -1.10204e+00 | 20  0.00156 -3.27297e-01 | 21  0.00165 -4.53078e-02
 22  0.00050 -2.85632e+00 | 23  0.00797  1.05247e+01 | 24  0.00089 -6.94110e-01
 25 -0.00117 -2.10847e-01 | 26 -0.00237 -1.67727e+00 | 27 -0.00163 -1.75166e+00
 28  0.00126 -1.43173e+00 | 29  0.00137  1.18421e-02 | 30  0.00255 -1.60296e+00
 31  0.00213 -1.02012e+00 | 32  0.00303 -1.01429e+00 | 33 -0.00317 -6.21140e-01
 34  0.00324  7.50347e+00 | 35 -0.00649  3.85422e-01 | 36 -0.00099 -6.31315e-01
 37 -0.00462 -1.70265e+00 | 38  0.00081 -2.10142e+00 | 39 -0.00245 -1.86416e+00
 40 -0.00150  5.43353e-01 | 41  0.00361  2.03308e+00 | 42 -0.00202 -1.15507e+00
 43 -0.00002 -3.27615e-01 | 44 -0.00167 -2.77708e+00 | 45  0.00153 -3.12847e+00
 46  0.00227 -1.66841e+01 | 47  0.15258 -3.78631e+02 | 48 -0.02584  3.39154e+00
 49 -0.02357 -1.96657e+00 | 50 -0.02050 -2.46495e+00 | 51 -0.01834 -5.90562e+00
 52 -0.02118 -4.50970e+00 | 53 -0.01987 -2.74364e+00 | 54 -0.01497 -2.73802e+00
 55 -0.00757 -2.48658e+00 | 56 -0.00765  3.40686e+00 | 57 -0.00707 -7.92462e-01
 58 -0.00355  2.26062e+00 | 59 -0.00422  2.69243e+00 | 60  0.00039 -2.56412e+00
 61  0.00454 -3.82300e+00 | 62  0.00567 -6.87931e+00 | 63  0.00292 -4.79703e+00
 64  0.00661 -8.05810e-01 | 65  0.00745 -1.62255e+00 | 66  0.01136  2.07234e+00
 67  0.01274 -1.10367e+00 | 68  0.01550  6.00149e-01 | 69  0.01709 -3.05285e+00
 70  0.01550 -3.88616e+00 | 71  0.01558 -6.25266e-01 | 72  0.01627  8.02490e-01
 73  0.01561  3.80569e+00 | 74  0.01348  1.51481e+01 | 75  0.01360  1.92966e+01
 76  0.06323  6.29875e+01 | 77 -0.61548 -8.40141e+01 | 78 -0.48807  2.00271e+01
2 0 25306.1
2 0 25305.9
2 0 25305.9
2 0 25305.8
2 0 25305.8
2 0 25305.7
2 0 25305.7
2 0 25305.7
2 0 25305.7
2 0 25305.6
78 variables; iteration 100; function evaluation 134; phase 2
Function value   2.5305593e+04; maximum gradient component mag   8.9052e+01
Var   Value    Gradient   |Var   Value    Gradient   |Var   Value    Gradient
  1 -1.20032  2.39743e+00 |  2 -0.34756  3.96278e+00 |  3  0.33702  3.08208e+00
  4  0.27371  7.77482e-01 |  5  0.22071  8.99508e-01 |  6  0.18203  3.78461e-01
  7  0.15347  1.65648e-01 |  8  0.13177  3.77194e-02 |  9  0.11490  1.47261e-01
 10  0.10151  5.68619e-02 | 11  0.09081 -7.48351e-02 | 12  0.08230 -1.50864e-01
 13  0.07565 -1.48940e-01 | 14  0.07060  4.81277e-02 | 15  0.06695  3.37841e-02
 16  0.06458  1.64131e-01 | 17  0.06339  1.47011e-02 | 18  0.08130  1.19709e+01
 19 -0.00671 -7.52003e+00 | 20  0.00208 -3.55992e+00 | 21  0.00210  8.58457e-01
 22  0.00106  1.26872e+00 | 23  0.00848  9.62865e+00 | 24  0.00118  1.93833e+00
 25 -0.00147  1.97638e+00 | 26 -0.00266  1.80417e+00 | 27 -0.00184 -2.77596e-01
 28  0.00100 -5.16113e+00 | 29  0.00139  2.12668e-01 | 30  0.00275 -2.50694e+00
 31  0.00251 -1.88385e+00 | 32  0.00347  9.29550e-01 | 33 -0.00334  2.51710e+00
 34  0.00261  3.02369e+00 | 35 -0.00750  1.47969e+00 | 36 -0.00165 -3.89372e+00
 37 -0.00495  3.76751e-01 | 38  0.00064 -5.01921e+00 | 39 -0.00248 -6.84299e-01
 40 -0.00136  3.59996e-01 | 41  0.00391 -8.60960e-01 | 42 -0.00206 -1.27682e+00
 43  0.00017 -1.30322e+00 | 44 -0.00169 -4.03331e+00 | 45  0.00188 -2.18983e+00
 46  0.00249  3.19372e+00 | 47  0.16198  8.90520e+01 | 48 -0.02586  8.99265e-01
 49 -0.02364 -1.08232e+00 | 50 -0.02073 -1.46758e+00 | 51 -0.01882 -6.86087e+00
 52 -0.02119 -2.72793e+00 | 53 -0.01961 -1.79927e+00 | 54 -0.01470 -8.95888e-01
 55 -0.00745  1.02510e+00 | 56 -0.00781  3.71048e+00 | 57 -0.00728 -9.29933e-01
 58 -0.00380  2.58017e+00 | 59 -0.00441  2.02750e+00 | 60  0.00033 -1.57394e+00
 61  0.00484 -7.82222e-01 | 62  0.00567 -2.60468e+00 | 63  0.00340 -1.07760e+00
 64  0.00677  3.33045e+00 | 65  0.00774  3.90328e-01 | 66  0.01141  4.19956e+00
 67  0.01292  1.08919e+00 | 68  0.01556  1.29857e+00 | 69  0.01694  4.05489e-01
 70  0.01568  9.11206e-01 | 71  0.01564  1.17242e+00 | 72  0.01639  3.77999e+00
 73  0.01549  9.59391e-01 | 74  0.01327 -1.26717e+00 | 75  0.01323 -4.62849e+00
 76  0.11025 -2.41035e+01 | 77 -0.58306 -4.17080e+01 | 78 -0.43069  2.00185e+01
2 0 25305.8
2 0 25305.6
2 0 25305.5
2 0 25305.4
2 0 25305.4
2 0 25305.4
2 0 25305.3
2 0 25305.2
2 0 25305.2
2 0 25305.3
2 0 25305.2
2 0 25305.1
2 0 25305.1
78 variables; iteration 110; function evaluation 147; phase 2
Function value   2.5305137e+04; maximum gradient component mag  -1.1696e+02
Var   Value    Gradient   |Var   Value    Gradient   |Var   Value    Gradient
  1 -1.31568 -1.93197e+00 |  2 -0.33063 -8.03724e-01 |  3  0.34525 -3.81466e+00
  4  0.27899 -8.76672e-01 |  5  0.22422 -9.45743e-02 |  6  0.18484  4.72725e-02
  7  0.15594  5.87132e-02 |  8  0.13405  1.02671e-02 |  9  0.11703 -9.15476e-03
 10  0.10358 -1.91753e-02 | 11  0.09287  8.45526e-03 | 12  0.08435  6.22224e-02
 13  0.07763  7.92074e-02 | 14  0.07247  4.15338e-02 | 15  0.06871 -4.62664e-02
 16  0.06626 -3.86816e-02 | 17  0.06506 -3.34088e-03 | 18  0.08444  2.54138e+01
 19 -0.00731  2.46317e+00 | 20  0.00266 -4.72224e-01 | 21  0.00252 -2.08606e-01
 22  0.00148 -1.37678e+00 | 23  0.00881  1.21422e+00 | 24  0.00133 -1.23188e+00
 25 -0.00174 -1.17919e+00 | 26 -0.00288 -1.26019e+00 | 27 -0.00198  2.96917e-01
 28  0.00082  5.86443e-01 | 29  0.00142  6.33237e-01 | 30  0.00296  9.29823e-01
 31  0.00287 -3.65291e-01 | 32  0.00385 -2.06432e-01 | 33 -0.00353 -9.29137e-01
 34  0.00200  1.67556e+00 | 35 -0.00830 -9.59931e-01 | 36 -0.00212  6.86616e-01
 37 -0.00519 -2.71985e-01 | 38  0.00056  7.95987e-01 | 39 -0.00246  7.18364e-02
 40 -0.00122  2.68704e-02 | 41  0.00415  1.76154e+00 | 42 -0.00204  6.02886e-01
 43  0.00032  9.01542e-01 | 44 -0.00166  4.82326e-01 | 45  0.00216  2.73397e-01
 46  0.00254 -6.31317e+00 | 47  0.16984 -1.16963e+02 | 48 -0.02594 -7.89050e-01
 49 -0.02377  2.56582e-01 | 50 -0.02094  1.31344e+00 | 51 -0.01923 -6.29128e-02
 52 -0.02117  1.30891e+00 | 53 -0.01944  2.19347e-01 | 54 -0.01453  4.06380e-01
 55 -0.00737 -1.35163e+00 | 56 -0.00795 -1.13212e+00 | 57 -0.00742 -3.46851e-01
 58 -0.00407 -9.53548e-01 | 59 -0.00464  3.91889e-01 | 60  0.00031  2.98522e-01
 61  0.00509 -7.76206e-01 | 62  0.00575 -2.12735e+00 | 63  0.00381 -1.04078e+00
 64  0.00690 -1.24518e+00 | 65  0.00799 -5.17899e-01 | 66  0.01139 -1.32484e+00
 67  0.01303 -8.43161e-01 | 68  0.01556 -6.85084e-01 | 69  0.01681 -1.08058e+00
 70  0.01577 -1.09715e+00 | 71  0.01571 -9.22559e-01 | 72  0.01639 -1.44345e+00
 73  0.01540  6.95052e-01 | 74  0.01330  7.26644e+00 | 75  0.01327  5.62022e+00
 76  0.14107  3.83067e+01 | 77 -0.56315 -3.68549e+01 | 78 -0.40943  1.30103e+01
2 0 25305.1
2 0 25305.1
2 0 25305.1
2 0 25305.1
2 0 25305
2 0 25305
2 0 25305
2 0 25305
2 0 25305
2 0 25305
2 0 25305
78 variables; iteration 120; function evaluation 158; phase 2
Function value   2.5305004e+04; maximum gradient component mag  -5.9641e+01
Var   Value    Gradient   |Var   Value    Gradient   |Var   Value    Gradient
  1 -1.37457 -2.57008e+00 |  2 -0.28897 -1.11089e-01 |  3  0.35368 -2.96989e+00
  4  0.28459 -6.07474e-01 |  5  0.22791 -3.93186e-01 |  6  0.18760 -2.07421e-01
  7  0.15818 -1.47701e-01 |  8  0.13597 -8.87910e-02 |  9  0.11873 -7.06981e-02
 10  0.10511 -4.22103e-02 | 11  0.09426 -3.74204e-02 | 12  0.08562 -5.29017e-02
 13  0.07883 -5.87169e-02 | 14  0.07365 -5.37518e-02 | 15  0.06990  7.62565e-03
 16  0.06745 -1.37240e-02 | 17  0.06624 -2.11057e-02 | 18  0.08662 -4.68574e+00
 19 -0.00726  7.07515e+00 | 20  0.00315 -1.02252e+00 | 21  0.00286 -1.40168e+00
 22  0.00185 -1.50474e+00 | 23  0.00906 -2.67663e+00 | 24  0.00145 -1.96897e+00
 25 -0.00197 -1.14665e+00 | 26 -0.00307 -4.02583e-01 | 27 -0.00213  4.42358e-01
 28  0.00060  8.76396e-01 | 29  0.00137  3.98169e-01 | 30  0.00305  2.73826e-01
 31  0.00311 -4.36484e-01 | 32  0.00413 -5.77253e-01 | 33 -0.00369 -6.68431e-01
 34  0.00146  2.35443e-01 | 35 -0.00901  3.75277e-02 | 36 -0.00258  8.52674e-01
 37 -0.00541  1.70514e-01 | 38  0.00046  9.69650e-01 | 39 -0.00245  5.03696e-01
 40 -0.00109  2.45193e-01 | 41  0.00435  6.89748e-01 | 42 -0.00204  4.13736e-01
 43  0.00046  5.86431e-01 | 44 -0.00164  2.46439e-01 | 45  0.00237 -5.84043e-01
 46  0.00262  6.58374e-01 | 47  0.17720 -5.96406e+01 | 48 -0.02605 -9.82048e-01
 49 -0.02391  6.07956e-01 | 50 -0.02118  1.31777e+00 | 51 -0.01960  2.06643e+00
 52 -0.02120  1.71106e+00 | 53 -0.01923  1.14298e+00 | 54 -0.01433  4.87922e-01
 55 -0.00726 -5.73025e-01 | 56 -0.00802 -9.39688e-01 | 57 -0.00756 -7.72072e-01
 58 -0.00429 -7.11209e-01 | 59 -0.00485  1.61096e-01 | 60  0.00023  2.62367e-01
 61  0.00534 -3.52487e-02 | 62  0.00592 -3.83712e-01 | 63  0.00425 -4.63328e-01
 64  0.00710 -1.05496e+00 | 65  0.00820 -1.00961e+00 | 66  0.01143 -1.20373e+00
 67  0.01312 -1.06617e+00 | 68  0.01555 -8.71885e-01 | 69  0.01667 -8.55466e-01
 70  0.01585 -8.24993e-01 | 71  0.01572 -9.00001e-01 | 72  0.01642 -2.04915e-01
 73  0.01528  9.15632e-01 | 74  0.01319  1.34458e+00 | 75  0.01319  2.94109e+00
 76  0.16321  1.00320e+01 | 77 -0.54348  6.99746e+00 | 78 -0.38555 -2.77405e-01
2 0 25305
2 0 25305
2 0 25305
2 0 25305
2 0 25305
2 0 25305
2 0 25305
2 0 25305
2 0 25305
2 0 25305
78 variables; iteration 130; function evaluation 168; phase 2
Function value   2.5304998e+04; maximum gradient component mag  -2.4019e-02
Var   Value    Gradient   |Var   Value    Gradient   |Var   Value    Gradient
  1 -1.38456 -4.23625e-04 |  2 -0.28500  3.91517e-04 |  3  0.35535  6.52313e-03
  4  0.28561  1.08699e-03 |  5  0.22861  9.95712e-04 |  6  0.18815  5.63208e-04
  7  0.15865  3.21150e-04 |  8  0.13638  2.03504e-04 |  9  0.11911  1.71610e-04
 10  0.10547  1.37939e-04 | 11  0.09460  8.92930e-05 | 12  0.08596  7.34183e-05
 13  0.07916  8.37554e-05 | 14  0.07396  8.16471e-05 | 15  0.07019  4.90164e-05
 16  0.06774  4.75480e-05 | 17  0.06652  4.18222e-05 | 18  0.08716  1.51340e-02
 19 -0.00747 -2.10621e-02 | 20  0.00324 -4.76303e-03 | 21  0.00294 -7.69254e-03
 22  0.00195 -9.07481e-03 | 23  0.00915 -9.53590e-03 | 24  0.00151 -2.23470e-03
 25 -0.00198 -2.12990e-04 | 26 -0.00309  1.42042e-03 | 27 -0.00216  5.22448e-03
 28  0.00056  6.17575e-03 | 29  0.00137  5.93163e-03 | 30  0.00308  3.76408e-03
 31  0.00317 -1.31614e-03 | 32  0.00420 -2.54178e-04 | 33 -0.00371 -6.90032e-04
 34  0.00136  5.40588e-05 | 35 -0.00915  4.59575e-04 | 36 -0.00267  3.27153e-03
 37 -0.00545  4.21529e-03 | 38  0.00043  3.98022e-03 | 39 -0.00245  2.19407e-03
 40 -0.00107  2.42675e-03 | 41  0.00439  6.71923e-03 | 42 -0.00204  3.55626e-03
 43  0.00049  3.70797e-03 | 44 -0.00164 -6.77226e-05 | 45  0.00242  1.76223e-03
 46  0.00262  1.40757e-03 | 47  0.17876  1.24959e-02 | 48 -0.02608  5.35103e-03
 49 -0.02395  4.83835e-03 | 50 -0.02124  7.25261e-03 | 51 -0.01969  6.88122e-03
 52 -0.02121  4.81972e-03 | 53 -0.01920  2.27416e-03 | 54 -0.01430  7.42581e-04
 55 -0.00723 -3.48843e-03 | 56 -0.00803 -5.68377e-03 | 57 -0.00758 -5.85042e-03
 58 -0.00434 -3.61056e-03 | 59 -0.00490  5.21371e-04 | 60  0.00021  3.80303e-04
 61  0.00539  1.81815e-03 | 62  0.00597  8.30373e-04 | 63  0.00434  1.02524e-03
 64  0.00715 -1.63943e-03 | 65  0.00825 -3.65105e-03 | 66  0.01144 -3.38142e-03
 67  0.01314 -2.13246e-03 | 68  0.01555 -1.85476e-03 | 69  0.01665 -4.38202e-03
 70  0.01586 -2.27494e-03 | 71  0.01573 -2.09210e-03 | 72  0.01643  1.52806e-03
 73  0.01526  5.82933e-04 | 74  0.01319  1.84477e-03 | 75  0.01319 -6.69109e-04
 76  0.16753  3.85324e-03 | 77 -0.54002 -2.40187e-02 | 78 -0.38225  5.19588e-03
2 0 25305
2 0 25305
2 0 25305
2 0 25305
2 0 25305

 - final statistics:
78 variables; iteration 135; function evaluation 173
Function value   2.5305e+04; maximum gradient component mag  -8.6058e-05
Exit code = 1;  converg criter   1.0000e-03
Var   Value    Gradient   |Var   Value    Gradient   |Var   Value    Gradient
  1 -1.38457 -3.03457e-05 |  2 -0.28500 -1.67751e-05 |  3  0.35536  4.10112e-05
  4  0.28561  9.95803e-06 |  5  0.22861  3.51087e-06 |  6  0.18815  1.68791e-06
  7  0.15865  1.45608e-06 |  8  0.13638  7.62112e-07 |  9  0.11911  4.43096e-07
 10  0.10547  1.14142e-07 | 11  0.09460  2.94717e-07 | 12  0.08596  7.13425e-07
 13  0.07916  7.83698e-07 | 14  0.07396  5.62761e-07 | 15  0.07019 -3.67816e-07
 16  0.06774 -4.39453e-08 | 17  0.06652  2.20271e-07 | 18  0.08716  8.38133e-06
 19 -0.00747 -6.65507e-05 | 20  0.00324 -5.31089e-05 | 21  0.00294  1.01907e-05
 22  0.00195  7.08635e-05 | 23  0.00915  6.16172e-05 | 24  0.00151 -2.54002e-05
 25 -0.00198 -5.26715e-05 | 26 -0.00309 -4.55613e-05 | 27 -0.00216 -4.90264e-05
 28  0.00056 -4.22440e-05 | 29  0.00137 -5.97679e-05 | 30  0.00308 -2.00134e-05
 31  0.00317  3.56284e-05 | 32  0.00420 -7.69611e-06 | 33 -0.00371  3.24555e-06
 34  0.00136  4.95988e-05 | 35 -0.00915  4.52032e-05 | 36 -0.00267  3.47340e-05
 37 -0.00545 -1.72146e-05 | 38  0.00043 -1.03497e-05 | 39 -0.00245  9.45423e-06
 40 -0.00107  1.24227e-05 | 41  0.00439 -1.60676e-05 | 42 -0.00204  2.09317e-05
 43  0.00049  4.68120e-05 | 44 -0.00164  5.53082e-05 | 45  0.00242 -1.79454e-05
 46  0.00262 -2.46838e-06 | 47  0.17876  3.98232e-05 | 48 -0.02608  8.14956e-05
 49 -0.02395  4.69014e-06 | 50 -0.02124 -6.64960e-05 | 51 -0.01969 -4.15064e-05
 52 -0.02121  2.55928e-05 | 53 -0.01920  7.15605e-05 | 54 -0.01430  6.16542e-05
 55 -0.00723  5.22529e-05 | 56 -0.00803  3.57304e-05 | 57 -0.00758  3.92021e-05
 58 -0.00434  6.76758e-07 | 59 -0.00490 -4.51701e-05 | 60  0.00021 -1.86865e-05
 61  0.00539 -2.05645e-05 | 62  0.00597 -4.06403e-05 | 63  0.00434 -5.34154e-05
 64  0.00715 -3.84493e-05 | 65  0.00825  7.62694e-07 | 66  0.01144 -9.02309e-06
 67  0.01314 -1.94454e-05 | 68  0.01555 -8.65070e-06 | 69  0.01665  2.26679e-05
 70  0.01586 -9.30362e-08 | 71  0.01573 -1.80754e-05 | 72  0.01643 -3.44933e-05
 73  0.01526  1.91456e-05 | 74  0.01319 -3.85318e-07 | 75  0.01319 -2.10423e-06
 76  0.16753 -8.60583e-05 | 77 -0.54002 -2.28521e-05 | 78 -0.38224  1.21593e-05
2 0 25305
B013984.1
0.3 0.827507
0.709292 0.682708
1.38354 0.54089
2.13812 0.44389
2.71169 0.391685
3.03464 0.367442
3.18587 0.357086
3.25037 0.352841
3.27675 0.351133
3.28735 0.350451
3.29159 0.350179
3.29327 0.350071
3.29394 0.350028
3.29421 0.350011
3.29431 0.350004
3.29435 0.350002
3.29437 0.350001
3.29438 0.35
3.29438 0.35
3.29438 0.35
3.29438 0.35
Survey Bio36.9865
Survey len12469.4
CPUE21.381
Catch3.36137
Catch len12754.8
initsmo_penal16.6
F_pen1.90678
Rec_pen0.586523
M_pen0


Starting time: Tue Oct 30 11:42:38 2018
Finishing time: Tue Oct 30 11:42:42 2018
This run took: 0 hours, 0 minutes, 4 seconds.

