survYears 73 74 75 76 77 78 79 80 81 82 83 84 85 86 87 88 89 90 91 92 93 94 95 96 97 98 99 100
SurvLenYear 73 74 75 76 77 78 79 80 81 82 83 84 85 86 87 88 89 90 91 92 93 94 95 96 97 98 99 100
catchBiomass 7691.72 8282.68 6535.04 9981.91 12377.5 12276.9 13779.1 19037.2 25543.1 36211.7 44866.6 57831.7 76015.8 93872.4 98905.5 82968.3 67697.6 76256.9 70208.9 74340.4 100332 85615.4 104413 109528 106094 98383.9 106319 95891.6
steep0.999
25
Out
1 0 31857.1

Initial statistics: 73 variables; iteration 0; function evaluation 0; phase 1
Function value   3.1857148e+04; maximum gradient component mag  -1.7015e+05
Var   Value    Gradient   |Var   Value    Gradient   |Var   Value    Gradient
  1  0.22783 -8.81375e+01 |  2  0.22708  7.56254e+02 |  3  0.20303  9.54134e+02
  4  0.20876  1.70363e+03 |  5  0.20075  1.71802e+03 |  6  0.17399  9.81035e+02
  7  0.16207  8.11299e+02 |  8  0.16256  9.57264e+02 |  9  0.14844  7.08056e+02
 10  0.13010  4.26201e+02 | 11  0.12710  5.37598e+02 | 12  0.09871  1.82200e+02
 13  0.08919  1.78584e+02 | 14  0.08577  2.92876e+01 | 15  0.13029  6.59310e+02
 16 -0.02998 -1.65199e+03 | 17  0.00000 -9.53191e+03 | 18  0.00000 -4.02505e+03
 19  0.00000 -2.36141e+03 | 20  0.00000 -3.73963e+03 | 21  0.00000 -3.52184e+03
 22  0.00000 -1.92769e+03 | 23  0.00000 -2.29471e+02 | 24  0.00000  5.97434e+02
 25  0.00000  1.52880e+03 | 26  0.00000  2.51432e+03 | 27  0.00000  3.28839e+03
 28  0.00000  3.76737e+03 | 29  0.00000  3.09705e+03 | 30  0.00000  2.05897e+03
 31  0.00000  7.60012e+02 | 32  0.00000  4.35066e+02 | 33  0.00000  1.75383e+03
 34  0.00000  1.44150e+03 | 35  0.00000  2.55436e+03 | 36  0.00000  3.28020e+03
 37  0.00000  1.57045e+03 | 38  0.00000  2.96839e+03 | 39  0.00000  2.27167e+03
 40  0.00000  1.52093e+03 | 41  0.00000  8.48869e+02 | 42  0.00000 -1.27745e+02
 43  0.00000 -3.09389e+03 | 44  0.00000 -7.69897e+03 | 45  0.07808 -1.70154e+05
 46  0.00000  1.82405e+04 | 47  0.00000  1.42954e+04 | 48  0.00000  1.13632e+04
 49  0.00000  1.10869e+04 | 50  0.00000  8.56378e+03 | 51  0.00000  5.65953e+03
 52  0.00000  2.69995e+03 | 53  0.00000  7.04204e+02 | 54  0.00000 -2.00418e+03
 55  0.00000 -3.81015e+03 | 56  0.00000 -5.17461e+03 | 57  0.00000 -6.35575e+03
 58  0.00000 -6.03521e+03 | 59  0.00000 -4.06111e+03 | 60  0.00000 -3.11361e+03
 61  0.00000 -3.74525e+03 | 62  0.00000 -4.44066e+03 | 63  0.00000 -5.24060e+03
 64  0.00000 -5.64352e+03 | 65  0.00000 -6.03943e+03 | 66  0.00000 -6.52231e+03
 67  0.00000 -6.64544e+03 | 68  0.00000 -6.34250e+03 | 69  0.00000 -5.43745e+03
 70  0.00000 -3.76260e+03 | 71  0.00000 -6.68307e+02 | 72  0.00000  4.26533e+03
 73  0.00000  8.16389e+03 |
1 0 31857.1
1 0 31856.9
1 0 31854.9
1 0 31835
1 0 31638.2
1 0 29962.5
1 0 27062.4
1 0 31120
1 0 26284.3
1 0 26613.8
1 0 26103.6
1 0 25961.3
1 0 26092.9
1 0 25913.9
1 0 25940.8
1 0 25894.6
1 0 25864.7
1 0 25834.9
1 0 25796.4

Intermediate statistics: 73 variables; iteration 10; function evaluation 19; phase 1
Function value   2.5796436e+04; maximum gradient component mag  -7.8071e+04
Var   Value    Gradient   |Var   Value    Gradient   |Var   Value    Gradient
  1  0.29663  1.62425e+03 |  2  0.28123  8.70026e+02 |  3  0.24562  4.31181e+02
  4  0.24282  7.42851e+02 |  5  0.22809  7.07939e+02 |  6  0.19563  3.29108e+02
  7  0.17952  2.60879e+02 |  8  0.17454  3.19437e+02 |  9  0.15883  2.21285e+02
 10  0.14101  1.33477e+02 | 11  0.12860  1.46308e+02 | 12  0.10736  4.35231e+01
 13  0.09578  3.56122e+00 | 14  0.10109  1.17275e+00 | 15  0.12682  2.04909e+02
 16  0.07874  2.58013e+03 | 17  0.01028 -9.99330e+03 | 18  0.00077 -1.12851e+03
 19 -0.01973 -1.57663e+03 | 20 -0.01545 -1.65963e+03 | 21 -0.02019 -2.75627e+03
 22 -0.01726 -1.75061e+03 | 23 -0.00891  8.85893e+01 | 24 -0.00166  9.33218e+02
 25  0.00222  1.49599e+03 | 26  0.01205  2.40176e+03 | 27  0.01293  2.38477e+03
 28  0.03507  2.27213e+03 | 29  0.02411  1.64326e+03 | 30 -0.00492 -8.38619e+02
 31 -0.01610 -1.07723e+03 | 32 -0.01231  1.16998e+02 | 33  0.00028  1.38637e+03
 34  0.00546  1.38432e+03 | 35  0.01001  2.01258e+03 | 36  0.00540  1.62158e+03
 37  0.00599  2.10541e+03 | 38  0.01397  2.14595e+03 | 39  0.01970  1.99355e+03
 40  0.01524  1.52359e+03 | 41  0.01230  1.31752e+03 | 42  0.01234  4.16731e+02
 43 -0.00985 -4.65848e+02 | 44 -0.07197 -6.04271e+03 | 45  0.11628 -7.80706e+04
 46 -0.04271  6.75112e+03 | 47 -0.04292  4.27550e+03 | 48 -0.03992  2.69208e+03
 49 -0.03972  3.63155e+03 | 50 -0.03519  2.65110e+03 | 51 -0.02989  1.30716e+03
 52 -0.01745  3.42098e+02 | 53 -0.02543 -1.01718e+03 | 54 -0.00530 -1.41849e+03
 55  0.00798 -1.36035e+03 | 56 -0.05875 -1.45063e+03 | 57  0.05051 -5.71217e+02
 58  0.03090  4.30373e+02 | 59 -0.02704 -1.84840e+03 | 60 -0.02889 -2.57850e+03
 61  0.00545 -1.76916e+03 | 62  0.00171 -2.07204e+03 | 63  0.00853 -2.09367e+03
 64  0.02254 -1.99349e+03 | 65 -0.00307 -2.72869e+03 | 66  0.00723 -2.81537e+03
 67  0.02620 -2.30866e+03 | 68  0.03083 -1.71409e+03 | 69  0.01264 -1.81595e+03
 70  0.03412 -3.00103e+02 | 71  0.05722  1.54551e+03 | 72  0.08295  3.87153e+03
 73  0.01926  3.44430e+03 |
1 0 25769.3
1 0 25735.9
1 0 25702.8
1 0 25728.1
1 0 25699.5
1 0 25695.9
1 0 25694.3
1 0 25692
1 0 25691
1 0 25689.9
1 0 25688.8
73 variables; iteration 20; function evaluation 30; phase 1
Function value   2.5693226e+04; maximum gradient component mag  -6.1101e+04
Var   Value    Gradient   |Var   Value    Gradient   |Var   Value    Gradient
  1  0.34887  1.67036e+03 |  2  0.36390  7.75818e+02 |  3  0.32333  4.76952e+02
  4  0.30501  5.64301e+02 |  5  0.28197  4.88799e+02 |  6  0.24731  2.37839e+02
  7  0.22392  1.64526e+02 |  8  0.20848  1.61313e+02 |  9  0.18895  1.09231e+02
 10  0.16815  8.38837e+01 | 11  0.14315  8.14484e+00 | 12  0.12896  1.86332e+01
 13  0.11884 -4.30720e+01 | 14  0.13013  6.94103e+01 | 15  0.13035  3.54185e+01
 16  0.08242 -9.93917e+01 | 17  0.03693 -3.09305e+03 | 18 -0.00335 -7.60254e+02
 19 -0.01728 -5.24637e+02 | 20 -0.01056 -2.51737e+02 | 21 -0.01097 -5.34795e+02
 22 -0.01357 -7.83353e+02 | 23 -0.01480 -6.45603e+02 | 24 -0.01221 -7.71366e+02
 25 -0.00646  3.37996e+02 | 26  0.00024  1.24533e+03 | 27  0.00525  1.83753e+03
 28  0.08222  7.08168e+02 | 29  0.02627  1.41128e+03 | 30  0.00034  6.79344e+01
 31 -0.01454 -1.77151e+03 | 32 -0.01703 -2.00110e+03 | 33 -0.00544  5.67300e+02
 34  0.00074  3.73851e+02 | 35  0.00230  7.83595e+02 | 36  0.00449  2.76161e+03
 37 -0.00174 -1.47759e+03 | 38  0.00872  1.60875e+03 | 39  0.01431  2.05698e+03
 40  0.01543  2.17177e+03 | 41  0.01187  9.78081e+02 | 42  0.00998  9.98544e+02
 43 -0.01184 -1.76992e+02 | 44 -0.08027 -5.76740e+03 | 45  0.12075 -6.11013e+04
 46 -0.06074  2.63523e+03 | 47 -0.05175  1.31118e+03 | 48 -0.04439  3.68177e+02
 49 -0.04283  1.52867e+03 | 50 -0.03698  1.19312e+03 | 51 -0.03172  4.91632e+02
 52 -0.01906  4.15024e+02 | 53 -0.02037 -7.29649e+02 | 54 -0.00662 -1.12952e+03
 55 -0.00157 -2.22877e+03 | 56 -0.14052 -1.61785e+03 | 57  0.05125 -6.51835e+02
 58  0.03009  6.16568e+02 | 59 -0.00516 -1.68940e+03 | 60 -0.01690 -2.09571e+03
 61  0.00265 -1.33128e+03 | 62  0.00600 -1.34873e+03 | 63  0.01199 -1.37025e+03
 64  0.01269 -2.29681e+03 | 65  0.00993 -1.67637e+03 | 66  0.01575 -1.60198e+03
 67  0.02263 -1.92880e+03 | 68  0.02431 -2.48166e+03 | 69  0.02054 -2.10997e+03
 70  0.02947 -1.20341e+03 | 71  0.05165  9.98444e+01 | 72  0.09810  3.28813e+03
 73  0.07213  2.32419e+03 |
1 0 25688.3
1 0 25688.4
1 0 25687.9
1 0 25687.4
1 0 25687
1 0 25687.3
1 0 25686.9
1 0 25686.7
1 0 25686.6
1 0 25686.4
1 0 25686.1
1 0 25685.7
73 variables; iteration 30; function evaluation 42; phase 1
Function value   2.5689714e+04; maximum gradient component mag  -6.2529e+04
Var   Value    Gradient   |Var   Value    Gradient   |Var   Value    Gradient
  1  0.35039  1.52168e+03 |  2  0.36253  7.01519e+02 |  3  0.32298  4.58710e+02
  4  0.30519  5.54141e+02 |  5  0.28189  4.74570e+02 |  6  0.24787  2.27795e+02
  7  0.22749  1.82319e+02 |  8  0.21253  1.70683e+02 |  9  0.19367  1.13750e+02
 10  0.17498  9.17906e+01 | 11  0.15261  8.86234e+00 | 12  0.14368  3.98423e+01
 13  0.13577 -3.94809e+00 | 14  0.14074  9.11014e+01 | 15  0.13035  8.62137e-01
 16  0.08292  2.26535e+02 | 17  0.03776 -2.29647e+03 | 18 -0.00355 -6.87610e+02
 19 -0.01730 -5.21743e+02 | 20 -0.01053 -2.06980e+02 | 21 -0.01126 -5.25719e+02
 22 -0.01336 -6.48738e+02 | 23 -0.01514 -7.29766e+02 | 24 -0.01122 -5.56792e+02
 25 -0.00609  4.19584e+02 | 26  0.00046  1.29959e+03 | 27  0.00572  1.91070e+03
 28  0.08496  7.75471e+02 | 29  0.02622  1.44104e+03 | 30 -0.00062  1.09581e+01
 31 -0.01558 -1.72629e+03 | 32 -0.01664 -1.94072e+03 | 33 -0.00448  7.22812e+02
 34  0.00094  4.82538e+02 | 35  0.00255  9.60104e+02 | 36  0.00500  2.91308e+03
 37 -0.00288 -1.55260e+03 | 38  0.00882  1.79660e+03 | 39  0.01434  2.12384e+03
 40  0.01432  2.01586e+03 | 41  0.01062  9.43204e+02 | 42  0.00995  1.03253e+03
 43 -0.01089 -9.37677e+01 | 44 -0.07979 -5.70651e+03 | 45  0.12152 -6.25291e+04
 46 -0.06217  2.58785e+03 | 47 -0.05185  1.46792e+03 | 48 -0.04486  4.71006e+02
 49 -0.04370  1.55444e+03 | 50 -0.03831  1.13224e+03 | 51 -0.03200  6.32120e+02
 52 -0.01953  4.70582e+02 | 53 -0.02095 -6.71513e+02 | 54 -0.00692 -1.05762e+03
 55 -0.00252 -2.05128e+03 | 56 -0.13033 -1.68865e+03 | 57  0.05090 -5.56349e+02
 58  0.02926  5.56288e+02 | 59 -0.01190 -1.87521e+03 | 60 -0.01398 -1.91886e+03
 61  0.00294 -1.11213e+03 | 62  0.00559 -1.31484e+03 | 63  0.00986 -1.50587e+03
 64  0.01366 -2.26952e+03 | 65  0.00715 -1.80285e+03 | 66  0.01404 -1.75141e+03
 67  0.02182 -2.00152e+03 | 68  0.02411 -2.41401e+03 | 69  0.01779 -2.15848e+03
 70  0.02856 -1.18612e+03 | 71  0.04980  9.90904e+01 | 72  0.09870  3.35465e+03
 73  0.08676  2.49394e+03 |
1 0 25685.3
1 0 25684.9
1 0 25684.5
1 0 25684
1 0 25683.9
1 0 25683.6
1 0 25683.3
1 0 25682.9
1 0 25682.2
1 0 25681.3
73 variables; iteration 40; function evaluation 52; phase 1
Function value   2.5685402e+04; maximum gradient component mag  -6.1980e+04
Var   Value    Gradient   |Var   Value    Gradient   |Var   Value    Gradient
  1  0.35118  1.53638e+03 |  2  0.36485  7.43837e+02 |  3  0.32357  4.75880e+02
  4  0.30084  5.02810e+02 |  5  0.27556  4.14917e+02 |  6  0.24199  2.06280e+02
  7  0.21887  1.40487e+02 |  8  0.20411  1.23766e+02 |  9  0.19236  1.02720e+02
 10  0.18334  1.04738e+02 | 11  0.17168  5.70484e+01 | 12  0.16682  8.69395e+01
 13  0.15738  2.47361e+01 | 14  0.15936  9.62866e+01 | 15  0.15120  2.90757e+01
 16  0.08307  2.13819e+02 | 17  0.03792 -2.33355e+03 | 18 -0.00301 -5.36903e+02
 19 -0.01689 -4.66848e+02 | 20 -0.01037 -2.28671e+02 | 21 -0.01134 -5.47687e+02
 22 -0.01392 -7.31433e+02 | 23 -0.01534 -6.94118e+02 | 24 -0.01219 -7.41598e+02
 25 -0.00609  4.09854e+02 | 26  0.00082  1.38070e+03 | 27  0.00582  1.92461e+03
 28  0.08342  7.57011e+02 | 29  0.02622  1.45429e+03 | 30 -0.00050  6.73764e+01
 31 -0.01614 -1.87494e+03 | 32 -0.01626 -1.82625e+03 | 33 -0.00438  7.75415e+02
 34  0.00110  4.89107e+02 | 35  0.00219  7.38722e+02 | 36  0.00516  2.95346e+03
 37 -0.00233 -1.45343e+03 | 38  0.00899  1.82793e+03 | 39  0.01445  2.14037e+03
 40  0.01453  1.99012e+03 | 41  0.01036  8.11189e+02 | 42  0.01067  1.20734e+03
 43 -0.01092 -9.74783e+01 | 44 -0.07963 -5.74596e+03 | 45  0.12110 -6.19798e+04
 46 -0.06210  2.47267e+03 | 47 -0.05165  1.39666e+03 | 48 -0.04387  5.44791e+02
 49 -0.04321  1.57231e+03 | 50 -0.03795  1.13249e+03 | 51 -0.03208  5.55117e+02
 52 -0.01927  5.08659e+02 | 53 -0.02034 -6.28103e+02 | 54 -0.00664 -1.07444e+03
 55 -0.00161 -2.06388e+03 | 56 -0.13298 -1.67023e+03 | 57  0.05134 -5.07260e+02
 58  0.02949  5.08534e+02 | 59 -0.01184 -1.90237e+03 | 60 -0.01357 -1.97248e+03
 61  0.00287 -1.21524e+03 | 62  0.00579 -1.34990e+03 | 63  0.01134 -1.31941e+03
 64  0.01391 -2.19654e+03 | 65  0.00815 -1.77466e+03 | 66  0.01460 -1.76099e+03
 67  0.02181 -2.04636e+03 | 68  0.02494 -2.37816e+03 | 69  0.01861 -2.06463e+03
 70  0.02880 -1.19532e+03 | 71  0.05070  6.35862e+01 | 72  0.09772  3.28352e+03
 73  0.07864  2.42441e+03 |
1 0 25680.7
1 0 25680.2
1 0 25679.4
1 0 25678.2
1 0 25676.2
1 0 25674.2
1 0 25671
1 0 25665.8
1 0 25658.3
1 0 25648
73 variables; iteration 50; function evaluation 62; phase 1
Function value   2.5652086e+04; maximum gradient component mag  -6.2313e+04
Var   Value    Gradient   |Var   Value    Gradient   |Var   Value    Gradient
  1  0.34788  1.39086e+03 |  2  0.35715  6.03967e+02 |  3  0.32544  5.43555e+02
  4  0.29167  3.79856e+02 |  5  0.27029  3.61927e+02 |  6  0.24554  2.49374e+02
  7  0.22293  1.60474e+02 |  8  0.20737  1.57013e+02 |  9  0.18729  1.12930e+02
 10  0.16306  3.82496e+01 | 11  0.14654 -3.71289e+01 | 12  0.15597  1.40984e+01
 13  0.17928  8.98480e+01 | 14  0.20583  2.59470e+02 | 15  0.20648  1.89083e+02
 16  0.08355  5.44282e+02 | 17  0.03707 -1.92702e+03 | 18 -0.00410 -8.14026e+02
 19 -0.01699 -5.47350e+02 | 20 -0.01185 -4.58421e+02 | 21 -0.01136 -4.90972e+02
 22 -0.01330 -6.77808e+02 | 23 -0.01410 -5.33032e+02 | 24 -0.01103 -5.21658e+02
 25 -0.00784  1.01904e+02 | 26 -0.00023  1.19204e+03 | 27  0.00628  2.00671e+03
 28  0.08152  6.83123e+02 | 29  0.02606  1.41186e+03 | 30 -0.00037  7.51063e+01
 31 -0.01603 -1.86205e+03 | 32 -0.01467 -1.49024e+03 | 33 -0.00434  5.85441e+02
 34  0.00175  6.19681e+02 | 35  0.00166  4.76788e+02 | 36  0.00532  3.03963e+03
 37 -0.00232 -1.53914e+03 | 38  0.00928  1.95460e+03 | 39  0.01468  2.12829e+03
 40  0.01385  1.92366e+03 | 41  0.01145  1.01304e+03 | 42  0.01080  9.96146e+02
 43 -0.01021  3.53693e+01 | 44 -0.07867 -5.73967e+03 | 45  0.12159 -6.23128e+04
 46 -0.06228  2.61543e+03 | 47 -0.04989  1.84827e+03 | 48 -0.04590  4.09127e+02
 49 -0.04430  1.45443e+03 | 50 -0.03816  1.12137e+03 | 51 -0.03248  4.60980e+02
 52 -0.01917  4.12128e+02 | 53 -0.02208 -7.70557e+02 | 54 -0.00797 -1.15063e+03
 55 -0.00188 -1.97417e+03 | 56 -0.12648 -1.74917e+03 | 57  0.05073 -6.38878e+02
 58  0.02936  5.01810e+02 | 59 -0.01256 -1.92164e+03 | 60 -0.01301 -1.95850e+03
 61  0.00340 -1.08355e+03 | 62  0.00534 -1.35967e+03 | 63  0.01199 -1.14495e+03
 64  0.01296 -2.18177e+03 | 65  0.00898 -1.67981e+03 | 66  0.01258 -1.91481e+03
 67  0.02275 -2.05330e+03 | 68  0.02330 -2.48790e+03 | 69  0.01692 -2.21002e+03
 70  0.03076 -9.86832e+02 | 71  0.04909  8.90533e+01 | 72  0.09680  3.25422e+03
 73  0.08300  2.47062e+03 |
1 0 25651.5
1 0 25643.6
1 0 25635.8
1 0 25621.4
1 0 25596.2
1 0 25549.6
1 0 25484.8
1 0 25396.6
1 0 25299.2
1 0 25424
1 0 25268
1 0 25234.4
73 variables; iteration 60; function evaluation 74; phase 1
Function value   2.5235120e+04; maximum gradient component mag  -6.5471e+04
Var   Value    Gradient   |Var   Value    Gradient   |Var   Value    Gradient
  1  0.32360  4.74300e+02 |  2  0.33315  3.70436e+02 |  3  0.31366  4.12236e+02
  4  0.31103  8.19093e+02 |  5  0.25307  1.27589e+02 |  6  0.24711  2.73382e+02
  7  0.24672  5.19873e+02 |  8  0.18051  6.87305e+00 |  9  0.14160 -7.70116e+00
 10  0.11778 -8.13758e+01 | 11  0.12679 -6.72580e+01 | 12  0.16673  4.49751e+01
 13  0.21839  4.27001e+02 | 14  0.21130  1.52315e+02 | 15  0.22705  3.60715e+02
 16  0.09873  3.02789e+03 | 17  0.02756 -1.75459e+03 | 18 -0.00574 -3.67292e+02
 19 -0.01681 -5.88016e+02 | 20 -0.01229 -8.21732e+02 | 21 -0.01110 -3.42598e+02
 22 -0.01261 -6.30860e+02 | 23 -0.01102 -2.81115e+02 | 24 -0.00751 -1.65367e+02
 25 -0.00561  5.40127e+02 | 26  0.00144  2.12053e+03 | 27  0.00321  9.15331e+02
 28  0.09888  6.25443e+02 | 29  0.02091  8.38117e+02 | 30 -0.00646 -2.33820e+02
 31 -0.01930 -1.92233e+03 | 32 -0.01503 -1.63651e+03 | 33 -0.00218  1.13134e+03
 34 -0.00265  3.30501e+02 | 35 -0.00024  7.38547e+02 | 36  0.00187  2.59377e+03
 37 -0.01068 -2.01295e+03 | 38  0.00783  1.90534e+03 | 39  0.01114  2.10212e+03
 40  0.00714  1.39132e+03 | 41  0.00807  1.15254e+03 | 42  0.00101 -7.00255e+02
 43 -0.00442  3.24300e+02 | 44 -0.04309 -3.87341e+03 | 45  0.12542 -6.54707e+04
 46 -0.06339  3.03224e+03 | 47 -0.05184  2.38993e+03 | 48 -0.04292  1.72448e+03
 49 -0.04627  1.88733e+03 | 50 -0.04011  1.54057e+03 | 51 -0.03226  1.15559e+03
 52 -0.01761  1.24168e+03 | 53 -0.02332 -4.53406e+02 | 54 -0.00780 -1.37610e+03
 55 -0.01582 -1.94867e+03 | 56 -0.00607  1.87307e+03 | 57  0.04807 -1.24859e+03
 58  0.02165 -1.72826e+02 | 59 -0.01700 -1.65901e+03 | 60 -0.00973 -1.09397e+03
 61  0.00746 -2.36783e+02 | 62 -0.00013 -1.43599e+03 | 63  0.00405 -1.52343e+03
 64  0.01792 -1.80154e+03 | 65 -0.01284 -2.30399e+03 | 66  0.01107 -1.93353e+03
 67  0.02162 -2.18408e+03 | 68  0.01482 -2.75365e+03 | 69  0.01399 -2.32465e+03
 70  0.02657 -5.95771e+02 | 71  0.02154 -7.66464e+02 | 72  0.06231  2.39408e+03
 73  0.10896  3.21691e+03 |
1 0 25235.7
1 0 25217.8
1 0 25271.2
1 0 25214.6
1 0 25210.7
1 0 25206.5
1 0 25231.2
1 0 25205.9
1 0 25205.2
1 0 25204.8
1 0 25204
1 0 25202.8
1 0 25200.4
1 0 25183
73 variables; iteration 70; function evaluation 88; phase 1
Function value   2.5183475e+04; maximum gradient component mag  -6.4756e+04
Var   Value    Gradient   |Var   Value    Gradient   |Var   Value    Gradient
  1  0.32090  2.69634e+02 |  2  0.32851  3.14503e+02 |  3  0.30055  2.46901e+02
  4  0.30957  9.14466e+02 |  5  0.22195 -1.32924e+02 |  6  0.23002  1.50331e+02
  7  0.25668  6.00374e+02 |  8  0.21678  1.86999e+02 |  9  0.17998  2.12835e+01
 10  0.16696  1.61539e+02 | 11  0.12611 -1.82957e+02 | 12  0.15241 -4.10846e+01
 13  0.21102  4.47580e+02 | 14  0.19320 -6.18231e+01 | 15  0.24612  6.32651e+02
 16  0.09896  3.31126e+03 | 17  0.02714 -9.50350e+02 | 18 -0.00659 -4.78299e+02
 19 -0.01721 -6.48090e+02 | 20 -0.01357 -1.01191e+03 | 21 -0.01151 -4.30761e+02
 22 -0.01270 -6.89475e+02 | 23 -0.01105 -3.25705e+02 | 24 -0.00819 -3.16562e+02
 25 -0.00536  4.51323e+02 | 26  0.00133  1.95894e+03 | 27  0.00176  6.26922e+02
 28  0.09806  5.88837e+02 | 29  0.02062  8.31642e+02 | 30 -0.00663 -1.79598e+02
 31 -0.01789 -1.75876e+03 | 32 -0.01237 -1.52386e+03 | 33  0.00204  1.34153e+03
 34  0.00025  5.27215e+02 | 35 -0.00131  6.09264e+02 | 36  0.00464  2.92841e+03
 37 -0.00647 -1.50247e+03 | 38  0.00693  1.77155e+03 | 39  0.01077  1.92473e+03
 40  0.00509  1.18843e+03 | 41  0.00361  8.37186e+02 | 42  0.00128 -4.89733e+02
 43 -0.00569  3.37619e+01 | 44 -0.04490 -4.09700e+03 | 45  0.12571 -6.47565e+04
 46 -0.06405  2.97525e+03 | 47 -0.05186  2.38586e+03 | 48 -0.04444  1.52432e+03
 49 -0.04657  1.87669e+03 | 50 -0.04021  1.56620e+03 | 51 -0.03177  1.25497e+03
 52 -0.01857  1.18004e+03 | 53 -0.02283 -3.10772e+02 | 54 -0.00546 -1.00377e+03
 55 -0.01971 -1.93451e+03 | 56 -0.00140  2.30776e+03 | 57  0.04786 -1.37805e+03
 58  0.01953 -4.84264e+02 | 59 -0.01427 -1.58393e+03 | 60 -0.00781 -7.94848e+02
 61  0.01085  3.16621e+02 | 62  0.00679 -8.53226e+02 | 63 -0.00096 -1.70836e+03
 64  0.01755 -1.87161e+03 | 65 -0.00269 -2.10264e+03 | 66  0.00860 -2.01703e+03
 67  0.02214 -2.10489e+03 | 68  0.01690 -2.72757e+03 | 69  0.00617 -2.71701e+03
 70  0.02446 -1.09325e+03 | 71  0.02609 -5.68633e+02 | 72  0.05865  2.22861e+03
 73  0.10111  3.19753e+03 |
1 0 25164.9
1 0 25129.5
1 0 24866.9
1 0 24704.9
1 0 40063.3
1 0 24700.5
1 0 24732.6
1 0 24700.1
1 0 24699.2
1 0 24690
1 0 24609.3
1 0 24457.1
1 0 24269.8
1 0 24151.1
1 0 24121.7
73 variables; iteration 80; function evaluation 103; phase 1
Function value   2.4121774e+04; maximum gradient component mag  -3.5250e+03
Var   Value    Gradient   |Var   Value    Gradient   |Var   Value    Gradient
  1  0.26724 -8.32158e+02 |  2  0.26706  7.02294e+01 |  3  0.19972 -4.40471e+01
  4  0.17791  1.69625e+02 |  5  0.13860  4.74857e-01 |  6  0.12100 -1.80308e+01
  7  0.12648  1.84680e+02 |  8  0.09681  2.39198e+01 |  9  0.07211 -3.19490e+01
 10  0.06442 -6.37827e+01 | 11  0.08242  1.60325e+02 | 12  0.06154  4.50256e+01
 13  0.03340 -2.58044e+02 | 14  0.08647  1.29420e+02 | 15  0.11205  1.53310e+02
 16  0.13390  2.03089e+03 | 17 -0.00352  1.35619e+03 | 18 -0.01278 -1.50674e+02
 19 -0.02254 -6.88182e+02 | 20 -0.01606 -6.29500e+02 | 21 -0.01936 -1.08825e+03
 22 -0.01587 -3.14413e+02 | 23 -0.01242  2.27444e+02 | 24 -0.00873  3.51902e+02
 25 -0.00864  1.16415e+02 | 26 -0.00777  2.12991e+01 | 27 -0.00083  2.40937e+02
 28  0.09058  6.92230e+02 | 29  0.01560  2.81621e+02 | 30 -0.00569 -7.96841e+01
 31 -0.00152  8.69622e+02 | 32  0.00132  9.55641e+02 | 33 -0.00502 -4.83521e+01
 34 -0.00071  9.75926e+01 | 35 -0.00293  3.73749e+02 | 36 -0.00544 -7.11905e+01
 37  0.00883  2.14728e+02 | 38 -0.00109 -9.22146e+01 | 39  0.00130 -3.72297e+01
 40  0.00450 -8.56087e+02 | 41  0.00261  2.83206e+02 | 42  0.00500 -4.32345e+02
 43 -0.00091 -1.67324e+03 | 44  0.02234  2.24936e+01 | 45  0.13733 -3.52504e+03
 46 -0.06568  1.05865e+03 | 47 -0.05555  8.19613e+02 | 48 -0.04426  6.62442e+02
 49 -0.04932  4.77358e+02 | 50 -0.04260  5.40670e+01 | 51 -0.03308 -1.72266e+02
 52 -0.02129 -3.46019e+02 | 53 -0.01638 -3.90280e+02 | 54 -0.00424 -1.04812e+02
 55  0.00166 -2.52873e+02 | 56 -0.01212 -4.23655e+02 | 57  0.04551 -3.88446e+02
 58  0.02080 -8.40320e+02 | 59  0.01752 -5.12964e+02 | 60  0.01040 -5.74924e+02
 61  0.00818 -5.60467e+02 | 62  0.01333 -2.40998e+02 | 63  0.01035 -1.07985e+03
 64  0.01396 -6.77237e+02 | 65  0.03028  1.49210e+03 | 66  0.02061 -2.68557e+02
 67  0.01960 -9.90378e+02 | 68  0.03624  1.80337e+03 | 69  0.01445 -2.10044e+03
 70  0.03318  1.28975e+03 | 71  0.02765  1.48105e+03 | 72  0.01011 -4.54928e+02
 73  0.00893  1.25599e+02 |
1 0 24078.1
1 0 24034.9
1 0 23922.3
1 0 32375.3
1 0 23852.2
1 0 27160.1
1 0 23841.1
1 0 23822.9
1 0 23795.7
1 0 23767.6
1 0 23745.5
1 0 23723.6
1 0 23692.9
73 variables; iteration 90; function evaluation 116; phase 1
Function value   2.3692896e+04; maximum gradient component mag   2.3305e+03
Var   Value    Gradient   |Var   Value    Gradient   |Var   Value    Gradient
  1  0.27587  2.80683e+02 |  2  0.23302  2.98975e+01 |  3  0.17046  2.61755e+01
  4  0.10479 -6.31556e+01 |  5  0.06396 -1.73941e+01 |  6  0.03169  1.40636e+01
  7 -0.00296 -6.08094e+01 |  8 -0.01850 -7.79627e+00 |  9 -0.03110  4.49433e+01
 10 -0.05683  7.41160e+00 | 11 -0.08466 -6.82646e+01 | 12 -0.09159 -4.62238e+01
 13 -0.08426  1.79385e+02 | 14 -0.13190 -7.45565e+01 | 15 -0.15656 -7.75664e+01
 16  0.10756 -4.89669e+02 | 17 -0.01582 -2.53784e+02 | 18 -0.00941  7.24167e+01
 19 -0.01508  2.05669e+02 | 20 -0.00822  1.37215e+02 | 21 -0.00829  3.41147e+02
 22 -0.00889  9.07656e+01 | 23 -0.01024 -1.14929e+02 | 24 -0.00770 -1.56966e+02
 25 -0.00596 -2.14418e+01 | 26 -0.00524  5.94460e+01 | 27 -0.00453  1.31430e+01
 28 -0.00230  4.69201e+02 | 29  0.00700  4.14184e+02 | 30  0.00055 -7.28089e+01
 31 -0.00105 -5.10920e+02 | 32  0.00221 -2.47552e+02 | 33  0.00067  1.13030e+02
 34  0.00380 -6.23694e+01 | 35  0.00153 -2.17689e+02 | 36 -0.00108  1.55580e+02
 37  0.00597 -3.23982e+02 | 38  0.00421 -1.96373e+02 | 39  0.00613 -2.15780e+01
 40  0.00972 -4.02274e+01 | 41  0.01038 -2.50624e+02 | 42  0.00785 -5.81099e+01
 43  0.00973 -1.15238e+02 | 44  0.03406  5.63814e+02 | 45  0.13850  2.15735e+03
 46 -0.07736 -6.69444e+02 | 47 -0.05965 -3.37086e+02 | 48 -0.04668 -3.40349e+02
 49 -0.05048 -2.81538e+02 | 50 -0.04249 -1.62773e+02 | 51 -0.03331 -7.61980e+01
 52 -0.02156  2.43149e+01 | 53 -0.01587 -4.23456e+01 | 54 -0.00507 -1.24305e+02
 55  0.00353 -1.26086e+02 | 56  0.00387 -1.26133e+03 | 57  0.03158  2.33045e+03
 58  0.02437  3.24166e+02 | 59  0.01683  2.75084e+02 | 60  0.00937  3.05320e+01
 61  0.00979  6.46087e+00 | 62  0.01228 -6.52732e+01 | 63  0.01564  3.85999e+02
 64  0.01676 -7.11863e+00 | 65  0.01801 -3.54037e+02 | 66  0.02317  5.02141e+02
 67  0.02330 -2.82342e+02 | 68  0.02704 -1.58898e+02 | 69  0.02991  6.59837e+02
 70  0.02541 -7.17556e+01 | 71  0.02469  2.15996e+02 | 72  0.01754  2.44531e+02
 73  0.01984 -7.14639e+01 |
1 0 23673.4
1 0 23663.4
1 0 23656.7
1 0 23649.8
1 0 23647.7
1 0 23645.8
1 0 23644
1 0 23643.1
1 0 23642.4
1 0 23641.9
73 variables; iteration 100; function evaluation 126; phase 1
Function value   2.3641933e+04; maximum gradient component mag   3.9652e+02
Var   Value    Gradient   |Var   Value    Gradient   |Var   Value    Gradient
  1  0.27518  2.18249e+01 |  2  0.23782 -2.55769e+00 |  3  0.18164  6.33428e+00
  4  0.13637  8.97994e+00 |  5  0.10184  4.82865e+00 |  6  0.07519 -7.03310e-01
  7  0.05479  8.93985e+00 |  8  0.03578 -2.11964e-01 |  9  0.01957 -5.21992e+00
 10  0.00684 -7.69841e+00 | 11 -0.00213  1.30247e+00 | 12 -0.01030 -2.61180e+00
 13 -0.01669  1.10213e+01 | 14 -0.02554 -6.18239e+00 | 15 -0.03182 -1.88341e+01
 16  0.10164 -8.08689e+01 | 17 -0.00789  1.02595e+01 | 18 -0.00710 -9.76544e+00
 19 -0.01381  1.70894e+01 | 20 -0.00675  1.94260e+01 | 21 -0.00769  3.03147e+01
 22 -0.00741  1.46139e+01 | 23 -0.00758 -8.23740e-01 | 24 -0.00489 -6.65648e+00
 25 -0.00381  2.37877e-01 | 26 -0.00347 -5.05860e+00 | 27 -0.00283 -1.51658e+01
 28 -0.00333  1.94991e+00 | 29  0.00071 -1.59817e+01 | 30  0.00123 -1.85239e+00
 31  0.00226  3.32772e+00 | 32  0.00478 -1.62955e+01 | 33  0.00185 -1.80373e+01
 34  0.00577 -1.56183e+01 | 35  0.00364  1.20312e+01 | 36  0.00052  8.19558e+00
 37  0.01042  7.09097e+01 | 38  0.00634 -4.32952e+01 | 39  0.00873 -3.37592e+01
 40  0.01175  2.58712e+01 | 41  0.01228  3.16226e+00 | 42  0.00931 -3.67042e+01
 43  0.00587  8.21693e+01 | 44 -0.00888 -7.94317e+01 | 45  0.13994  3.96522e+02
 46 -0.07433 -2.87758e+01 | 47 -0.05998 -2.44379e+01 | 48 -0.04700 -1.29342e+01
 49 -0.05115 -1.80263e+01 | 50 -0.04347 -1.51690e+01 | 51 -0.03412  3.07088e+00
 52 -0.02267 -2.14350e+01 | 53 -0.01698 -4.12335e+01 | 54 -0.00576 -6.23352e+00
 55  0.00298  3.46463e+01 | 56  0.00941 -1.28633e+01 | 57  0.01975  2.18595e+02
 58  0.02211  3.28515e+01 | 59  0.01537 -2.04218e+01 | 60  0.00857 -1.01637e+01
 61  0.00835 -2.96401e+00 | 62  0.01166  1.35826e+01 | 63  0.01271 -5.59762e+01
 64  0.01581  5.59253e+01 | 65  0.01948 -4.88690e+01 | 66  0.02010  2.71381e+01
 67  0.02394  3.59994e+01 | 68  0.02630 -1.12687e+02 | 69  0.02683  1.48580e+02
 70  0.02557  5.78909e+01 | 71  0.02563 -9.02810e+01 | 72  0.03065 -4.03257e+01
 73  0.02996 -2.18765e+01 |
1 0 23641.7
1 0 23641.5
1 0 23641.3
1 0 23641.3
1 0 23641.2
1 0 23641.2
1 0 23641.2
1 0 23641.2
1 0 23641.2
1 0 23641.2
73 variables; iteration 110; function evaluation 136; phase 1
Function value   2.3641186e+04; maximum gradient component mag   3.7444e+01
Var   Value    Gradient   |Var   Value    Gradient   |Var   Value    Gradient
  1  0.27482 -5.40866e+00 |  2  0.23794 -4.19461e+00 |  3  0.18002  7.38375e-01
  4  0.13366  2.24135e+00 |  5  0.09914 -5.94451e-01 |  6  0.07353 -9.55513e-01
  7  0.05401 -2.02388e+00 |  8  0.03910 -6.97007e-01 |  9  0.02736 -1.45708e+00
 10  0.01836 -1.11657e-01 | 11  0.01131 -6.72573e-02 | 12  0.00591 -1.41555e-01
 13  0.00202 -1.04932e+00 | 14 -0.00020  6.47539e-01 | 15 -0.00133  4.42566e-01
 16  0.10200  9.54535e+00 | 17 -0.00792  3.74445e+01 | 18 -0.00711  1.30561e+00
 19 -0.01390 -7.63424e-01 | 20 -0.00690 -6.65703e-01 | 21 -0.00788 -8.25263e-01
 22 -0.00752 -9.88754e-01 | 23 -0.00759 -4.74114e-01 | 24 -0.00480 -1.83700e-01
 25 -0.00374 -7.77408e-01 | 26 -0.00349 -1.46392e+00 | 27 -0.00289 -6.04557e+00
 28 -0.00348  1.10957e-02 | 29  0.00024 -9.26129e+00 | 30  0.00107 -6.78638e+00
 31  0.00220 -4.03082e+00 | 32  0.00483  1.36057e+00 | 33  0.00195  2.97476e+00
 34  0.00581  1.83174e+00 | 35  0.00361  9.80002e-01 | 36  0.00026 -5.01988e+00
 37  0.01007 -4.18585e+00 | 38  0.00645  2.15658e-01 | 39  0.00888  1.75376e+00
 40  0.01175  8.81701e-01 | 41  0.01178 -1.09856e+00 | 42  0.00938  1.68309e+00
 43  0.00602 -7.17942e+00 | 44 -0.00710 -1.16917e+00 | 45  0.13981 -2.47804e+01
 46 -0.07413 -2.78353e-01 | 47 -0.05985 -6.28598e-01 | 48 -0.04695  3.16494e-02
 49 -0.05110  7.75534e-01 | 50 -0.04341  6.09400e-01 | 51 -0.03412  1.41487e+00
 52 -0.02252  1.14881e+00 | 53 -0.01672  4.38697e+00 | 54 -0.00568 -6.97180e-01
 55  0.00289  2.47357e+00 | 56  0.00958 -1.87579e+00 | 57  0.01878 -1.38213e+00
 58  0.02207  6.10337e+00 | 59  0.01550 -1.37574e+00 | 60  0.00869 -2.25010e+00
 61  0.00848  3.79160e+00 | 62  0.01167 -1.16427e+00 | 63  0.01305 -2.59683e-01
 64  0.01551  3.88970e-01 | 65  0.01959  5.68040e-02 | 66  0.02005  1.18320e+00
 67  0.02387 -2.84368e+00 | 68  0.02696  2.04314e+00 | 69  0.02603 -7.34033e+00
 70  0.02535 -5.61961e+00 | 71  0.02572  2.69338e+00 | 72  0.03014  2.95474e+00
 73  0.03022  1.91441e+00 |
1 0 23641.2
1 0 23641.2
1 0 23641.2
1 0 23641.2
1 0 23641.2
1 0 23641.2
1 0 23641.2
1 0 23641.2
1 0 23641.2
1 0 23641.2
73 variables; iteration 120; function evaluation 146; phase 1
Function value   2.3641171e+04; maximum gradient component mag   3.1117e-01
Var   Value    Gradient   |Var   Value    Gradient   |Var   Value    Gradient
  1  0.27436  9.39844e-03 |  2  0.23736  1.21238e-02 |  3  0.17904  4.16251e-03
  4  0.13273 -4.22694e-03 |  5  0.09898  5.20247e-03 |  6  0.07408  1.55977e-03
  7  0.05517 -1.22987e-02 |  8  0.04044 -1.69198e-03 |  9  0.02881  1.21075e-02
 10  0.01960 -1.92172e-03 | 11  0.01238  1.90859e-03 | 12  0.00686 -2.72216e-04
 13  0.00286  3.97597e-04 | 14  0.00026  3.86565e-04 | 15 -0.00103  2.17054e-04
 16  0.10194 -6.05718e-02 | 17 -0.00848  4.82211e-03 | 18 -0.00716  1.31623e-02
 19 -0.01391  4.70233e-03 | 20 -0.00689  9.25529e-03 | 21 -0.00787 -4.43618e-03
 22 -0.00751  8.14552e-03 | 23 -0.00758  1.86276e-02 | 24 -0.00479  1.61134e-02
 25 -0.00374  1.78137e-02 | 26 -0.00346  4.22416e-02 | 27 -0.00284 -1.98851e-02
 28 -0.00345  1.93143e-02 | 29  0.00031 -1.44834e-02 | 30  0.00111 -1.06029e-01
 31  0.00224 -7.11265e-02 | 32  0.00484  5.03581e-03 | 33  0.00194  1.50717e-02
 34  0.00581  3.48610e-03 | 35  0.00362  2.75037e-02 | 36  0.00030 -5.00253e-02
 37  0.01011  6.32924e-02 | 38  0.00646  8.49945e-03 | 39  0.00889 -3.50300e-02
 40  0.01175 -2.37688e-02 | 41  0.01182  1.71017e-02 | 42  0.00940 -7.19609e-03
 43  0.00608  2.97096e-02 | 44 -0.00700  1.22144e-02 | 45  0.13981  3.11167e-01
 46 -0.07415  1.91325e-03 | 47 -0.05985 -1.26188e-02 | 48 -0.04695 -6.58216e-03
 49 -0.05110 -6.32287e-03 | 50 -0.04340 -2.31870e-02 | 51 -0.03412  5.66945e-03
 52 -0.02252 -3.02497e-02 | 53 -0.01673 -3.95532e-02 | 54 -0.00567 -5.98740e-02
 55  0.00290 -2.90796e-02 | 56  0.00960  3.46582e-03 | 57  0.01882  6.87952e-02
 58  0.02206  6.67039e-02 | 59  0.01553  5.79028e-02 | 60  0.00871  2.39562e-02
 61  0.00846 -3.35972e-03 | 62  0.01168 -1.76990e-02 | 63  0.01306 -5.39610e-02
 64  0.01552  2.60134e-02 | 65  0.01961  6.05697e-03 | 66  0.02005  2.62529e-02
 67  0.02389  2.31468e-02 | 68  0.02695  1.04102e-03 | 69  0.02607  6.79842e-03
 70  0.02538  2.24121e-02 | 71  0.02571 -6.52899e-02 | 72  0.03008 -1.50294e-02
 73  0.03008 -2.07553e-02 |
1 0 23641.2

 - final statistics:
73 variables; iteration 121; function evaluation 147
Function value   2.3641e+04; maximum gradient component mag   5.6157e-02
Exit code = 1;  converg criter   1.0000e-01
Var   Value    Gradient   |Var   Value    Gradient   |Var   Value    Gradient
  1  0.27436 -1.98692e-03 |  2  0.23736  6.84286e-03 |  3  0.17904 -1.20382e-03
  4  0.13273 -4.35265e-03 |  5  0.09897 -1.19846e-04 |  6  0.07408  1.22932e-04
  7  0.05517 -2.49790e-03 |  8  0.04044 -1.97534e-04 |  9  0.02880  3.04657e-03
 10  0.01959  1.24778e-04 | 11  0.01237 -6.80131e-04 | 12  0.00686 -1.30627e-04
 13  0.00286  2.66164e-05 | 14  0.00025 -1.11025e-03 | 15 -0.00103  3.82865e-04
 16  0.10194 -1.41311e-02 | 17 -0.00848  5.34508e-03 | 18 -0.00716  2.86061e-03
 19 -0.01391  1.36341e-03 | 20 -0.00689  2.12542e-03 | 21 -0.00787  1.44687e-03
 22 -0.00751  1.07984e-04 | 23 -0.00758  2.25894e-03 | 24 -0.00479  1.33906e-03
 25 -0.00374  5.09602e-03 | 26 -0.00346  8.07549e-03 | 27 -0.00284 -3.37249e-03
 28 -0.00345  4.10985e-03 | 29  0.00031 -1.35171e-02 | 30  0.00111 -2.35397e-02
 31  0.00224 -1.46935e-02 | 32  0.00484 -1.83375e-04 | 33  0.00194  1.90194e-03
 34  0.00581 -3.77110e-03 | 35  0.00362 -7.04141e-03 | 36  0.00030 -6.93275e-03
 37  0.01011  1.37754e-02 | 38  0.00646  3.67534e-03 | 39  0.00889  2.88844e-03
 40  0.01175  2.13745e-04 | 41  0.01182  6.10194e-03 | 42  0.00940 -8.33397e-03
 43  0.00608  2.61292e-02 | 44 -0.00700 -8.34251e-03 | 45  0.13981  5.61570e-02
 46 -0.07415 -2.80367e-03 | 47 -0.05985 -2.83315e-03 | 48 -0.04695 -1.07002e-02
 49 -0.05110 -3.00751e-03 | 50 -0.04340  8.63798e-04 | 51 -0.03412 -7.93084e-03
 52 -0.02252 -5.41640e-03 | 53 -0.01673 -2.60049e-03 | 54 -0.00567  1.55569e-02
 55  0.00290  4.76249e-03 | 56  0.00960 -1.07174e-02 | 57  0.01882  1.74724e-02
 58  0.02206  2.97089e-02 | 59  0.01553  5.71363e-03 | 60  0.00871  4.59422e-04
 61  0.00846  2.50823e-03 | 62  0.01168  3.39035e-03 | 63  0.01306  7.98230e-03
 64  0.01552  2.41763e-03 | 65  0.01961  2.15264e-03 | 66  0.02005 -1.40138e-02
 67  0.02389 -1.07579e-03 | 68  0.02695  3.72011e-04 | 69  0.02607  1.94998e-02
 70  0.02538  1.21692e-02 | 71  0.02571 -1.41284e-02 | 72  0.03008 -1.66185e-02
 73  0.03008 -7.76033e-04 |
1 0 23641.2
B0234224
0.3 0.292019
0.250302 0.334422
0.239162 0.345577
0.236139 0.348725
0.235279 0.349631
0.235031 0.349893
0.234959 0.349969
0.234938 0.349991
0.234932 0.349997
0.234931 0.349999
0.23493 0.35
0.23493 0.35
0.23493 0.35
0.23493 0.35
0.23493 0.35
0.23493 0.35
0.23493 0.35
0.23493 0.35
0.23493 0.35
0.23493 0.35
0.23493 0.35
FutMOrt0.0709089
FutMOrt0.0709089
FutMOrt0.0709089
FutMOrt0.0709089
FutMOrt0.0709089
FutMOrt0.0709089
FutMOrt0.0709089
FutMOrt0.0709089
FutMOrt0.0709089
FutMOrt0.0709089
2 0 23641.2

Initial statistics: 77 variables; iteration 0; function evaluation 0; phase 2
Function value   2.3641171e+04; maximum gradient component mag   2.3522e+03
Var   Value    Gradient   |Var   Value    Gradient   |Var   Value    Gradient
  1 -0.81586 -1.12476e+02 |  2 -0.69971 -3.47197e+02 |  3  0.27436 -1.98692e-03
  4  0.23736  6.84286e-03 |  5  0.17904 -1.20382e-03 |  6  0.13273 -4.35265e-03
  7  0.09897 -1.19846e-04 |  8  0.07408  1.22932e-04 |  9  0.05517 -2.49790e-03
 10  0.04044 -1.97534e-04 | 11  0.02880  3.04657e-03 | 12  0.01959  1.24778e-04
 13  0.01237 -6.80131e-04 | 14  0.00686 -1.30627e-04 | 15  0.00286  2.66164e-05
 16  0.00025 -1.11025e-03 | 17 -0.00103  3.82865e-04 | 18  0.10194 -1.41311e-02
 19 -0.00848  5.37754e-03 | 20 -0.00716  2.89307e-03 | 21 -0.01391  1.39586e-03
 22 -0.00689  2.15788e-03 | 23 -0.00787  1.47933e-03 | 24 -0.00751  1.40443e-04
 25 -0.00758  2.29140e-03 | 26 -0.00479  1.37152e-03 | 27 -0.00374  5.12848e-03
 28 -0.00346  8.10795e-03 | 29 -0.00284 -3.34003e-03 | 30 -0.00345  4.14231e-03
 31  0.00031 -1.34846e-02 | 32  0.00111 -2.35072e-02 | 33  0.00224 -1.46611e-02
 34  0.00484 -1.50915e-04 | 35  0.00194  1.93440e-03 | 36  0.00581 -3.73864e-03
 37  0.00362 -7.00895e-03 | 38  0.00030 -6.90029e-03 | 39  0.01011  1.38078e-02
 40  0.00646  3.70780e-03 | 41  0.00889  2.92090e-03 | 42  0.01175  2.46201e-04
 43  0.01182  6.13439e-03 | 44  0.00940 -8.30151e-03 | 45  0.00608  2.61616e-02
 46 -0.00700 -8.31005e-03 | 47  0.13981  5.61570e-02 | 48 -0.07415 -3.95091e-03
 49 -0.05985 -3.98311e-03 | 50 -0.04695 -1.18522e-02 | 51 -0.05110 -4.15886e-03
 52 -0.04340 -2.88586e-04 | 53 -0.03412 -9.08425e-03 | 54 -0.02252 -6.57074e-03
 55 -0.01673 -3.75516e-03 | 56 -0.00567  1.44019e-02 | 57  0.00290  3.60743e-03
 58  0.00960 -1.18723e-02 | 59  0.01882  1.63178e-02 | 60  0.02206  2.85545e-02
 61  0.01553  4.55891e-03 | 62  0.00871 -6.95537e-04 | 63  0.00846  1.35327e-03
 64  0.01168  2.23548e-03 | 65  0.01306  6.82748e-03 | 66  0.01552  1.26290e-03
 67  0.01961  9.98125e-04 | 68  0.02005 -1.51683e-02 | 69  0.02389 -2.23005e-03
 70  0.02695 -7.82022e-04 | 71  0.02607  1.83457e-02 | 72  0.02538  1.10150e-02
 73  0.02571 -1.52826e-02 | 74  0.03008 -1.77723e-02 | 75  0.03008 -1.92981e-03
 76 -0.58532  2.35225e+03 | 77 -0.46173  1.24229e+02 |
2 0 23641.2
2 0 23641
2 0 23639.2
2 0 23637.4
2 0 23633.9
2 0 23615.5
2 0 23614.1
2 0 23604.2
2 0 23585.4
2 0 23555.6
2 0 23635.5
2 0 23549.1
2 0 23549.4
2 0 23547
2 0 23545.9
2 0 23544.4

Intermediate statistics: 77 variables; iteration 10; function evaluation 16; phase 2
Function value   2.3544712e+04; maximum gradient component mag  -1.3663e+03
Var   Value    Gradient   |Var   Value    Gradient   |Var   Value    Gradient
  1 -0.78983 -2.17675e+02 |  2 -0.64376 -2.29276e+02 |  3  0.27460 -1.31866e+02
  4  0.23860 -7.91939e+00 |  5  0.17858  2.32969e+00 |  6  0.13179  6.36164e+00
  7  0.09828  5.39062e+00 |  8  0.07363  3.38511e+00 |  9  0.05486  2.04358e+00
 10  0.04021  1.29357e+00 | 11  0.02863  8.73989e-01 | 12  0.01945  6.28305e-01
 13  0.01225  4.77814e-01 | 14  0.00675  3.82989e-01 | 15  0.00276  3.21891e-01
 16  0.00016  2.84715e-01 | 17 -0.00113  2.73611e-01 | 18  0.07183  4.23914e+01
 19 -0.00658  1.14241e+02 | 20 -0.00906 -2.12127e+02 | 21 -0.01557 -3.62743e+02
 22 -0.00790 -1.61573e+02 | 23 -0.00925 -2.52487e+02 | 24 -0.00761 -1.58814e+02
 25 -0.00582  1.00371e+02 | 26 -0.00313  9.15628e+01 | 27 -0.00254  2.90607e+01
 28 -0.00226  5.60743e+01 | 29 -0.00161  7.31841e+01 | 30 -0.00274  2.26834e+01
 31 -0.00009 -1.40478e+01 | 32 -0.00028  6.29013e+00 | 33  0.00113  1.43566e+02
 34  0.00364  2.50463e+01 | 35  0.00052 -1.74140e+02 | 36  0.00506 -1.18752e+01
 37  0.00322 -2.71144e+01 | 38  0.00015 -5.87208e+01 | 39  0.00988  8.62348e+01
 40  0.00627 -8.99396e+00 | 41  0.00883  6.64836e+01 | 42  0.01195  2.32379e+02
 43  0.01187  2.44342e+02 | 44  0.00938  1.28024e+02 | 45  0.00588 -7.32230e+01
 46 -0.00334  9.25150e+01 | 47  0.13880 -1.36633e+03 | 48 -0.07705 -3.00284e+02
 49 -0.06040  1.12041e+02 | 50 -0.04619  3.39200e+02 | 51 -0.05204 -1.11963e+01
 52 -0.04303  2.47035e+02 | 53 -0.03258  4.22332e+02 | 54 -0.02048  4.91694e+02
 55 -0.01513  4.08804e+02 | 56 -0.00399  4.32540e+02 | 57  0.00484  4.64922e+02
 58  0.01125  3.76020e+02 | 59  0.01998  2.79651e+02 | 60  0.02110 -1.61981e+02
 61  0.01360 -4.02563e+02 | 62  0.00729 -2.53332e+02 | 63  0.00795 -7.92810e-01
 64  0.01160  3.91372e+01 | 65  0.01339  1.44828e+02 | 66  0.01615  1.75398e+02
 67  0.01967 -2.03348e+01 | 68  0.02064  1.51287e+02 | 69  0.02457  1.26783e+02
 70  0.02738 -3.12461e+00 | 71  0.02607 -1.10384e+02 | 72  0.02585  3.31496e+01
 73  0.02547  1.03771e+02 | 74  0.02941  3.12978e+02 | 75  0.02942  1.94840e+02
 76 -0.63497 -1.18484e+03 | 77 -0.56455  6.56170e+02 |
2 0 23541.4
2 0 23536.7
2 0 23529.4
2 0 23521
2 0 23556.9
2 0 23519.5
2 0 23541.2
2 0 23519.4
2 0 23519.4
2 0 23519.4
2 0 23519.3
2 0 23519.4
2 0 23519.3
77 variables; iteration 20; function evaluation 29; phase 2
Function value   2.3519626e+04; maximum gradient component mag  -4.0641e+03
Var   Value    Gradient   |Var   Value    Gradient   |Var   Value    Gradient
  1 -0.70476  3.18991e+01 |  2 -0.57726  1.54309e+02 |  3  0.26701 -3.31887e+02
  4  0.24281  3.38965e+01 |  5  0.17976  1.63508e+01 |  6  0.12985 -2.64654e+00
  7  0.09592 -6.38854e-01 |  8  0.07185  1.22817e+00 |  9  0.05364  9.91022e-01
 10  0.03936  3.84755e-01 | 11  0.02800 -2.37362e-02 | 12  0.01896 -2.47080e-01
 13  0.01184 -3.61453e-01 | 14  0.00640 -4.22900e-01 | 15  0.00244 -4.59244e-01
 16 -0.00014 -4.83283e-01 | 17 -0.00141 -4.84089e-01 | 18  0.07252 -1.94577e+02
 19 -0.00848  1.24157e+02 | 20 -0.00868 -1.77145e+02 | 21 -0.01486 -2.29741e+02
 22 -0.00669 -2.77549e+01 | 23 -0.00925 -2.71151e+02 | 24 -0.00779 -2.03667e+02
 25 -0.00568  1.24605e+02 | 26 -0.00328  5.14856e+01 | 27 -0.00297 -6.47425e+01
 28 -0.00259  1.17899e+01 | 29 -0.00179  4.34576e+01 | 30 -0.00277  1.59273e+00
 31  0.00034  3.83067e+01 | 32 -0.00020 -1.25999e+01 | 33  0.00150  1.40534e+02
 34  0.00445  9.24523e+01 | 35  0.00119 -1.23104e+02 | 36  0.00551  1.10934e+01
 37  0.00375 -4.77221e+00 | 38  0.00072 -4.07001e+01 | 39  0.01020  6.66826e+01
 40  0.00672  1.21627e+01 | 41  0.00895  7.64537e+01 | 42  0.01196  2.65142e+02
 43  0.01178  2.85913e+02 | 44  0.00961  2.00405e+02 | 45  0.00509 -9.63339e+01
 46 -0.00611  1.27901e+02 | 47  0.13961 -4.06410e+03 | 48 -0.07583 -1.90588e+02
 49 -0.06163 -9.48952e+01 | 50 -0.04569  4.75194e+02 | 51 -0.05250 -1.11731e+02
 52 -0.04322  2.62711e+02 | 53 -0.03288  4.22230e+02 | 54 -0.02095  4.70569e+02
 55 -0.01573  3.49177e+02 | 56 -0.00419  4.05182e+02 | 57  0.00424  4.36053e+02
 58  0.01094  3.47308e+02 | 59  0.02004  3.15720e+02 | 60  0.02083 -1.51336e+02
 61  0.01387 -3.25441e+02 | 62  0.00768 -1.88190e+02 | 63  0.00826  4.11095e+01
 64  0.01192  9.80490e+01 | 65  0.01333  1.90437e+02 | 66  0.01636  2.25528e+02
 67  0.01987  8.41302e-02 | 68  0.02072  1.84574e+02 | 69  0.02473  1.17433e+02
 70  0.02719 -2.82115e+01 | 71  0.02570 -1.87329e+02 | 72  0.02550 -1.03407e+01
 73  0.02548  9.60641e+00 | 74  0.03091  2.77272e+02 | 75  0.02990  3.22819e+02
 76 -0.63648 -1.11428e+03 | 77 -0.56859  6.48104e+02 |
2 0 23519.3
2 0 23519.3
2 0 23519.3
2 0 23519.3
2 0 23519.3
2 0 23519.3
2 0 23519.3
2 0 23519.3
2 0 23519.3
2 0 23519.3
2 0 23519.2
2 0 23519.2
2 0 23519.2
2 0 23519.2
77 variables; iteration 30; function evaluation 43; phase 2
Function value   2.3519585e+04; maximum gradient component mag  -4.0928e+03
Var   Value    Gradient   |Var   Value    Gradient   |Var   Value    Gradient
  1 -0.70429  3.77054e+01 |  2 -0.57771  1.55122e+02 |  3  0.26696 -3.31189e+02
  4  0.24310  3.83163e+01 |  5  0.18035  2.06910e+01 |  6  0.13015 -7.98097e-01
  7  0.09561 -1.28851e+00 |  8  0.07114 -1.51166e-01 |  9  0.05288  1.78107e-01
 10  0.03874  2.23834e-01 | 11  0.02755  8.98511e-02 | 12  0.01863 -1.02479e-01
 13  0.01159 -2.50401e-01 | 14  0.00620 -3.42564e-01 | 15  0.00227 -3.96949e-01
 16 -0.00029 -4.29685e-01 | 17 -0.00155 -4.34059e-01 | 18  0.07252 -1.97685e+02
 19 -0.00844  1.16205e+02 | 20 -0.00870 -1.79823e+02 | 21 -0.01494 -2.39626e+02
 22 -0.00663 -1.52366e+01 | 23 -0.00927 -2.71130e+02 | 24 -0.00783 -2.03475e+02
 25 -0.00579  1.05839e+02 | 26 -0.00332  4.62675e+01 | 27 -0.00302 -6.95138e+01
 28 -0.00262  1.10786e+01 | 29 -0.00184  3.79122e+01 | 30 -0.00273  9.79928e+00
 31  0.00030  2.76547e+01 | 32 -0.00022 -2.11176e+01 | 33  0.00151  1.46784e+02
 34  0.00446  9.72102e+01 | 35  0.00118 -1.22923e+02 | 36  0.00555  2.01709e+01
 37  0.00376 -8.58809e-01 | 38  0.00069 -4.36170e+01 | 39  0.01022  6.95687e+01
 40  0.00671  8.34904e+00 | 41  0.00900  8.26464e+01 | 42  0.01197  2.63671e+02
 43  0.01184  2.98064e+02 | 44  0.00960  2.00127e+02 | 45  0.00519 -8.76322e+01
 46 -0.00601  1.35341e+02 | 47  0.13970 -4.09275e+03 | 48 -0.07585 -1.85051e+02
 49 -0.06179 -1.09255e+02 | 50 -0.04572  4.78421e+02 | 51 -0.05258 -1.15315e+02
 52 -0.04338  2.46076e+02 | 53 -0.03293  4.33724e+02 | 54 -0.02101  4.76936e+02
 55 -0.01582  3.47476e+02 | 56 -0.00429  3.99626e+02 | 57  0.00411  4.24653e+02
 58  0.01089  3.47665e+02 | 59  0.01998  3.22669e+02 | 60  0.02079 -1.38915e+02
 61  0.01377 -3.32104e+02 | 62  0.00761 -1.91806e+02 | 63  0.00818  3.88752e+01
 64  0.01186  9.50299e+01 | 65  0.01327  1.88678e+02 | 66  0.01626  2.19933e+02
 67  0.01983  4.33065e+00 | 68  0.02063  1.82495e+02 | 69  0.02473  1.28391e+02
 70  0.02713 -2.75989e+01 | 71  0.02569 -1.81608e+02 | 72  0.02537 -2.31561e+01
 73  0.02547  1.94948e+01 | 74  0.03091  2.77018e+02 | 75  0.03175  3.35036e+02
 76 -0.63654 -1.11769e+03 | 77 -0.56880  6.48218e+02 |
2 0 23519.2
2 0 23519.2
2 0 23519.2
2 0 23519.3
2 0 23519.1
2 0 23519.1
2 0 23519.1
2 0 23519
2 0 23519
2 0 23519
2 0 23519
2 0 23519
2 0 23519
2 0 23518.9
2 0 23518.9
77 variables; iteration 40; function evaluation 58; phase 2
Function value   2.3519191e+04; maximum gradient component mag  -4.1999e+03
Var   Value    Gradient   |Var   Value    Gradient   |Var   Value    Gradient
  1 -0.70283  5.64954e+01 |  2 -0.58072  1.57981e+02 |  3  0.26591 -3.43773e+02
  4  0.24200  1.96534e+01 |  5  0.17944  2.12205e+01 |  6  0.12658  7.89772e-01
  7  0.08677 -2.18241e+01 |  8  0.06103  9.46444e-02 |  9  0.03976 -3.18320e+00
 10  0.02225 -1.11714e+01 | 11  0.00992 -1.27531e+01 | 12  0.00276 -6.83218e+00
 13 -0.00124 -1.01963e+00 | 14 -0.00394  9.92640e-01 | 15 -0.00603  8.71931e-01
 16 -0.00752  3.74788e-01 | 17 -0.00830  9.71010e-02 | 18  0.07230 -1.79771e+02
 19 -0.00990  1.04115e+02 | 20 -0.00858 -1.76271e+02 | 21 -0.01470 -2.15839e+02
 22 -0.00624  6.19766e+01 | 23 -0.00924 -2.83884e+02 | 24 -0.00770 -1.84122e+02
 25 -0.00588  8.60655e+01 | 26 -0.00346  3.26757e+01 | 27 -0.00325 -1.15031e+02
 28 -0.00261  2.06257e+01 | 29 -0.00173  4.66348e+01 | 30 -0.00266  3.27190e+01
 31  0.00023  4.16954e+00 | 32 -0.00031 -4.31901e+01 | 33  0.00153  1.39464e+02
 34  0.00448  1.07766e+02 | 35  0.00112 -1.42779e+02 | 36  0.00547 -2.14315e+01
 37  0.00385 -9.60174e+00 | 38  0.00093 -3.18835e+00 | 39  0.01041  1.29552e+02
 40  0.00660 -5.63308e+00 | 41  0.00886  6.35774e+01 | 42  0.01182  2.38359e+02
 43  0.01191  3.04992e+02 | 44  0.00965  1.94647e+02 | 45  0.00531 -9.57719e+01
 46 -0.00533  1.38961e+02 | 47  0.13950 -4.19989e+03 | 48 -0.07568 -1.98443e+02
 49 -0.06158 -1.06332e+02 | 50 -0.04557  4.45389e+02 | 51 -0.05232 -1.02172e+02
 52 -0.04320  2.44504e+02 | 53 -0.03277  4.39306e+02 | 54 -0.02102  4.53486e+02
 55 -0.01568  3.64832e+02 | 56 -0.00432  3.68267e+02 | 57  0.00440  4.50963e+02
 58  0.01079  2.90106e+02 | 59  0.02019  3.40929e+02 | 60  0.02087 -1.38764e+02
 61  0.01402 -3.10168e+02 | 62  0.00770 -2.03037e+02 | 63  0.00829  4.14656e+01
 64  0.01210  1.35940e+02 | 65  0.01360  2.39652e+02 | 66  0.01648  2.22157e+02
 67  0.01991 -4.07238e+01 | 68  0.02064  1.49766e+02 | 69  0.02476  1.09862e+02
 70  0.02712 -4.18903e+01 | 71  0.02589 -1.71959e+02 | 72  0.02557 -5.92591e+00
 73  0.02556  3.11851e+01 | 74  0.03043  2.66981e+02 | 75  0.02858  3.22141e+02
 76 -0.63709 -1.15558e+03 | 77 -0.57062  6.46796e+02 |
2 0 23518.8
2 0 23518.8
2 0 23518.8
2 0 23518.7
2 0 23518.6
2 0 23518.8
2 0 23518.6
2 0 23518.5
2 0 23518.4
2 0 23518.3
2 0 23518.4
2 0 23518.2
2 0 23518.1
77 variables; iteration 50; function evaluation 71; phase 2
Function value   2.3518425e+04; maximum gradient component mag  -4.1882e+03
Var   Value    Gradient   |Var   Value    Gradient   |Var   Value    Gradient
  1 -0.70277  5.23088e+01 |  2 -0.58105  1.57577e+02 |  3  0.26610 -3.42760e+02
  4  0.24260  1.80916e+01 |  5  0.17944  1.64203e+01 |  6  0.12678 -1.86646e+00
  7  0.08769 -2.07203e+01 |  8  0.06229  3.76079e+00 |  9  0.04028  1.91627e+00
 10  0.02045 -6.71919e+00 | 11  0.00435 -1.02353e+01 | 12 -0.00755 -1.27646e+01
 13 -0.01477 -1.09256e+01 | 14 -0.01802 -6.07398e+00 | 15 -0.01881 -1.04698e+00
 16 -0.01867  1.82055e+00 | 17 -0.01847  2.70447e+00 | 18  0.07239 -1.47911e+02
 19 -0.00978  1.12702e+02 | 20 -0.00863 -2.15772e+02 | 21 -0.01476 -2.18644e+02
 22 -0.00624  7.56614e+01 | 23 -0.00940 -3.31395e+02 | 24 -0.00766 -1.49826e+02
 25 -0.00586  9.27712e+01 | 26 -0.00350  5.05423e+00 | 27 -0.00295 -5.67155e+01
 28 -0.00273 -1.50504e+01 | 29 -0.00201  1.65133e+01 | 30 -0.00248  5.30502e+01
 31  0.00023  5.47849e+00 | 32 -0.00012 -9.72216e+00 | 33  0.00137  1.05724e+02
 34  0.00463  1.30966e+02 | 35  0.00122 -1.34746e+02 | 36  0.00545 -2.28227e+01
 37  0.00370 -1.73296e+01 | 38  0.00088 -4.49484e-01 | 39  0.01042  1.32131e+02
 40  0.00676 -1.10567e+01 | 41  0.00905  9.56724e+01 | 42  0.01224  2.90966e+02
 43  0.01186  2.94880e+02 | 44  0.00962  1.92160e+02 | 45  0.00497 -1.29663e+02
 46 -0.00571  1.10379e+02 | 47  0.13956 -4.18821e+03 | 48 -0.07543 -1.56552e+02
 49 -0.06165 -1.11392e+02 | 50 -0.04575  4.11353e+02 | 51 -0.05211 -5.06552e+01
 52 -0.04356  1.72739e+02 | 53 -0.03297  3.98860e+02 | 54 -0.02093  4.85742e+02
 55 -0.01576  3.38049e+02 | 56 -0.00409  4.23974e+02 | 57  0.00393  3.78636e+02
 58  0.01101  3.34501e+02 | 59  0.02003  3.11909e+02 | 60  0.02102 -1.19123e+02
 61  0.01387 -3.22560e+02 | 62  0.00779 -1.91825e+02 | 63  0.00840  6.18890e+01
 64  0.01210  1.38216e+02 | 65  0.01334  1.95690e+02 | 66  0.01628  1.84552e+02
 67  0.01971 -7.08354e+01 | 68  0.02099  2.24269e+02 | 69  0.02460  8.04487e+01
 70  0.02757  1.62850e+01 | 71  0.02576 -1.92384e+02 | 72  0.02565  1.10493e+01
 73  0.02535  1.58351e+00 | 74  0.03013  2.20468e+02 | 75  0.02936  3.24408e+02
 76 -0.63737 -1.20551e+03 | 77 -0.57199  6.48672e+02 |
2 0 23517.9
2 0 23518.2
2 0 23517.9
2 0 23517.8
2 0 23517.7
2 0 23517
2 0 23519.9
2 0 23516.9
2 0 23516.8
2 0 23516.6
2 0 23516.3
2 0 23516.6
2 0 23516.3
2 0 23516.2
77 variables; iteration 60; function evaluation 85; phase 2
Function value   2.3516418e+04; maximum gradient component mag  -4.1062e+03
Var   Value    Gradient   |Var   Value    Gradient   |Var   Value    Gradient
  1 -0.70260  3.81653e+01 |  2 -0.58183  1.55296e+02 |  3  0.26715 -3.08571e+02
  4  0.24452  3.99205e+01 |  5  0.18207  3.41023e+01 |  6  0.12738 -7.66749e+00
  7  0.08885 -2.46270e+01 |  8  0.06564  2.24897e+01 |  9  0.04067 -6.21316e+00
 10  0.02050  1.80102e+01 | 11 -0.00328 -4.49058e+01 | 12 -0.01256 -1.22464e+01
 13 -0.01737  2.32743e+01 | 14 -0.02847  2.05283e+01 | 15 -0.04523 -7.73655e+00
 16 -0.05931 -2.28702e+01 | 17 -0.06623 -2.20833e+01 | 18  0.07285 -4.63122e+01
 19 -0.00907  5.81881e+01 | 20 -0.00850 -2.15965e+02 | 21 -0.01466 -2.01576e+02
 22 -0.00637  6.37825e+01 | 23 -0.00942 -3.23769e+02 | 24 -0.00746 -1.16529e+02
 25 -0.00568  1.18788e+02 | 26 -0.00390 -5.56447e+01 | 27 -0.00296 -4.47520e+01
 28 -0.00266  8.03046e+00 | 29 -0.00246 -5.35174e+01 | 30 -0.00287  7.20490e-01
 31  0.00031  3.16825e+01 | 32 -0.00001  5.66560e+00 | 33  0.00148  1.15734e+02
 34  0.00452  1.16026e+02 | 35  0.00138 -1.10244e+02 | 36  0.00565 -8.43945e+00
 37  0.00357 -1.44788e+01 | 38  0.00104  5.39985e+01 | 39  0.01010  5.48444e+01
 40  0.00721  9.93841e+01 | 41  0.00907  1.40869e+02 | 42  0.01168  1.61519e+02
 43  0.01204  3.27757e+02 | 44  0.00970  2.07304e+02 | 45  0.00503 -1.44541e+02
 46 -0.00621  9.32458e+01 | 47  0.13968 -4.10623e+03 | 48 -0.07520 -1.28662e+02
 49 -0.06148 -7.78958e+01 | 50 -0.04598  3.69206e+02 | 51 -0.05215 -6.02929e+01
 52 -0.04360  1.53686e+02 | 53 -0.03281  4.14508e+02 | 54 -0.02122  4.41764e+02
 55 -0.01594  3.02234e+02 | 56 -0.00413  4.04803e+02 | 57  0.00377  3.68117e+02
 58  0.01075  3.08986e+02 | 59  0.01990  2.84988e+02 | 60  0.02112 -1.07385e+02
 61  0.01417 -2.80330e+02 | 62  0.00764 -2.13309e+02 | 63  0.00843  6.00768e+01
 64  0.01252  2.07719e+02 | 65  0.01297  1.19973e+02 | 66  0.01610  1.21108e+02
 67  0.01956 -7.59015e+01 | 68  0.02099  1.82431e+02 | 69  0.02424 -2.58530e+01
 70  0.02729  5.13574e+00 | 71  0.02592 -1.61579e+02 | 72  0.02547 -2.80404e+01
 73  0.02590  1.02265e+02 | 74  0.03012  1.94861e+02 | 75  0.02984  3.12524e+02
 76 -0.63825 -1.35305e+03 | 77 -0.57655  6.48557e+02 |
2 0 23516
2 0 23515.9
2 0 23515.7
2 0 23515.3
2 0 23515
2 0 23514.5
2 0 23514
2 0 23513
2 0 23511
2 0 23508.1
77 variables; iteration 70; function evaluation 95; phase 2
Function value   2.3508264e+04; maximum gradient component mag  -3.9351e+03
Var   Value    Gradient   |Var   Value    Gradient   |Var   Value    Gradient
  1 -0.70026  2.24430e+01 |  2 -0.58599  1.52853e+02 |  3  0.26743 -2.89057e+02
  4  0.24399  1.65293e+01 |  5  0.17896  1.61860e+01 |  6  0.12333 -1.79839e+01
  7  0.08535 -2.65724e+01 |  8  0.06263  9.36572e+00 |  9  0.04182 -8.96660e+00
 10  0.02676  2.04264e+01 | 11  0.00769 -3.61462e+01 | 12  0.00083  2.04672e+01
 13 -0.01105  2.66077e+00 | 14 -0.02288  2.35078e+01 | 15 -0.04115 -3.18636e+01
 16 -0.04943 -1.73905e+01 | 17 -0.05212 -7.85103e+00 | 18  0.07396  2.63539e+02
 19 -0.00945  4.29862e+01 | 20 -0.00747 -9.71060e+01 | 21 -0.01437 -1.78171e+02
 22 -0.00657  5.10191e+01 | 23 -0.00960 -3.16894e+02 | 24 -0.00706 -5.12099e+01
 25 -0.00619  4.94544e+01 | 26 -0.00429 -8.71959e+01 | 27 -0.00309 -5.70747e+01
 28 -0.00253  2.83491e+01 | 29 -0.00213 -8.85256e-01 | 30 -0.00298 -2.25302e+01
 31  0.00030  3.02214e+01 | 32  0.00014  1.14861e+01 | 33  0.00062 -3.67052e+01
 34  0.00531  1.74303e+02 | 35  0.00144 -8.81677e+01 | 36  0.00485 -1.08206e+02
 37  0.00419  6.21386e+01 | 38  0.00235  2.11661e+02 | 39  0.00983 -3.58581e-01
 40  0.00685  4.38331e+01 | 41  0.00895  9.91526e+01 | 42  0.01186  1.62806e+02
 43  0.01169  2.30948e+02 | 44  0.00947  1.44335e+02 | 45  0.00586 -2.94923e+00
 46 -0.00760 -3.68815e+01 | 47  0.14000 -3.93508e+03 | 48 -0.07343  9.19300e+01
 49 -0.06123 -3.12172e+01 | 50 -0.04650  2.52408e+02 | 51 -0.05269 -1.67619e+02
 52 -0.04339  1.58419e+02 | 53 -0.03339  3.04438e+02 | 54 -0.02204  2.71335e+02
 55 -0.01648  1.95500e+02 | 56 -0.00458  2.91847e+02 | 57  0.00354  2.83808e+02
 58  0.01037  2.15635e+02 | 59  0.01948  1.91704e+02 | 60  0.02147 -5.06105e+01
 61  0.01321 -3.99872e+02 | 62  0.00912  7.97952e+00 | 63  0.00847  4.69845e+01
 64  0.01123 -5.38990e+00 | 65  0.01282  6.92234e+01 | 66  0.01725  2.62950e+02
 67  0.01926 -1.36265e+02 | 68  0.02046  9.79034e+01 | 69  0.02400 -5.79892e+01
 70  0.02745  3.13084e+01 | 71  0.02588 -1.37669e+02 | 72  0.02482 -1.07178e+02
 73  0.02695  2.30334e+02 | 74  0.02985  8.34544e+01 | 75  0.03098  2.79585e+02
 76 -0.64103 -1.83291e+03 | 77 -0.59128  6.50989e+02 |
2 0 23503.5
2 0 23561.1
2 0 23503.2
2 0 23502.6
2 0 23506.8
2 0 23502.5
2 0 23502.8
2 0 23502.5
2 0 23502.5
2 0 23502.5
2 0 23502.5
2 0 23502.3
2 0 23500.3
2 0 23490.7
2 0 26716.8
2 0 23490.6
2 0 23490.5
2 0 23489.8
2 0 23485.7
77 variables; iteration 80; function evaluation 114; phase 2
Function value   2.3485712e+04; maximum gradient component mag  -1.2282e+03
Var   Value    Gradient   |Var   Value    Gradient   |Var   Value    Gradient
  1 -0.69260 -4.25820e+01 |  2 -0.62207  7.95566e+01 |  3  0.26994 -7.38731e+01
  4  0.24343  4.97025e+01 |  5  0.17980  1.67863e+01 |  6  0.12947  1.43976e+00
  7  0.09500  3.55289e+00 |  8  0.07009  2.69042e-01 |  9  0.05202  2.27810e+00
 10  0.03808 -2.12431e+00 | 11  0.02837  8.28837e+00 | 12  0.01906  3.72033e+00
 13  0.01098  1.67416e+00 | 14  0.00436 -6.08751e+00 | 15  0.00126  3.49015e+00
 16 -0.00132 -8.69121e+00 | 17  0.00020  1.02059e+01 | 18  0.08019  1.13867e+02
 19 -0.00917 -1.57840e+02 | 20 -0.00720  2.21264e+01 | 21 -0.01346  1.05591e+01
 22 -0.00635  7.23930e+01 | 23 -0.00831 -3.78034e+01 | 24 -0.00703  1.26633e+01
 25 -0.00724 -2.53574e+01 | 26 -0.00428 -5.24580e+00 | 27 -0.00348 -4.62791e+01
 28 -0.00332 -2.87864e+01 | 29 -0.00272 -2.27577e+01 | 30 -0.00325 -2.07558e+01
 31  0.00032  1.81179e+01 | 32  0.00060 -2.02551e+01 | 33  0.00198 -1.15075e+01
 34  0.00493 -6.56709e+00 | 35  0.00240  4.75073e+01 | 36  0.00598  3.75591e+01
 37  0.00424  5.39778e+01 | 38  0.00091 -6.90437e+00 | 39  0.01065  3.49995e+01
 40  0.00694  1.56517e+01 | 41  0.00887 -1.25234e+01 | 42  0.01156  2.27227e+01
 43  0.01139  1.19062e+01 | 44  0.00924 -4.20941e+00 | 45  0.00547  1.57478e+01
 46 -0.00974 -1.64909e+01 | 47  0.14091 -1.22822e+03 | 48 -0.07328  7.81592e+01
 49 -0.06070  1.07042e+01 | 50 -0.04739  3.73329e+01 | 51 -0.05097 -1.34515e+01
 52 -0.04379 -1.47403e+01 | 53 -0.03492 -3.86312e+01 | 54 -0.02337 -9.12749e+01
 55 -0.01748 -6.67797e+01 | 56 -0.00607 -6.37440e+01 | 57  0.00198 -6.78807e+01
 58  0.00940 -3.42571e+01 | 59  0.01856 -1.01057e+01 | 60  0.02168 -3.34899e+00
 61  0.01619  7.94359e+01 | 62  0.00908  4.81036e+01 | 63  0.00870  1.81593e+01
 64  0.01167 -2.65759e+01 | 65  0.01268 -1.43018e+01 | 66  0.01551 -3.89748e+01
 67  0.01995 -3.22224e+01 | 68  0.01987 -3.06183e+01 | 69  0.02411 -1.87433e+01
 70  0.02678 -3.56066e+01 | 71  0.02585 -4.57691e+01 | 72  0.02502  3.27035e+00
 73  0.02560 -5.07093e+01 | 74  0.03182 -7.39673e+00 | 75  0.03264  5.12189e+01
 76 -0.64790 -8.51972e+02 | 77 -0.64145  2.40228e+02 |
2 0 23483.5
2 0 23482.4
2 0 23481.5
2 0 23482.1
2 0 23481.3
2 0 23481.1
2 0 23481
2 0 23481
2 0 23480.9
2 0 23480.9
2 0 23480.9
77 variables; iteration 90; function evaluation 125; phase 2
Function value   2.3480929e+04; maximum gradient component mag  -9.1067e+01
Var   Value    Gradient   |Var   Value    Gradient   |Var   Value    Gradient
  1 -0.67513 -3.48814e+00 |  2 -0.71806 -4.39201e-01 |  3  0.27344  5.56030e-01
  4  0.24213 -1.50314e-01 |  5  0.18085 -9.39153e-02 |  6  0.13134 -4.79546e-02
  7  0.09616 -4.00918e-02 |  8  0.07069 -3.85797e-02 |  9  0.05157 -2.23966e-02
 10  0.03679  4.27036e-02 | 11  0.02516 -5.97280e-03 | 12  0.01598 -9.14530e-03
 13  0.00879 -3.40030e-02 | 14  0.00331  5.16529e-02 | 15 -0.00068 -1.04714e-01
 16 -0.00326  1.74048e-02 | 17 -0.00455 -7.96104e-02 | 18  0.08206  1.40288e+01
 19 -0.00747 -1.25132e+00 | 20 -0.00754  5.14728e-01 | 21 -0.01369 -1.50782e+00
 22 -0.00684  5.09228e-01 | 23 -0.00825 -5.52375e-01 | 24 -0.00707 -3.41364e-01
 25 -0.00700 -9.14344e-01 | 26 -0.00396 -5.08979e-01 | 27 -0.00298 -3.12322e-01
 28 -0.00293 -1.70488e-01 | 29 -0.00239 -3.21307e-01 | 30 -0.00307 -1.34397e-01
 31  0.00026  2.45934e-01 | 32  0.00067  5.25134e-01 | 33  0.00177  5.72340e-01
 34  0.00475  7.18621e-01 | 35  0.00209 -2.18530e-02 | 36  0.00583  7.70095e-01
 37  0.00399  1.11116e-02 | 38  0.00098 -3.15738e-01 | 39  0.01063  6.70862e-01
 40  0.00699  2.38852e-01 | 41  0.00906  7.34497e-01 | 42  0.01165  8.33979e-01
 43  0.01152  1.20160e+00 | 44  0.00932  1.22335e+00 | 45  0.00520  1.89952e-01
 46 -0.01153 -2.75023e+00 | 47  0.14127 -2.50983e+01 | 48 -0.07387 -9.57585e-01
 49 -0.06079  1.41060e+00 | 50 -0.04787 -1.16156e+00 | 51 -0.05094  3.51619e-01
 52 -0.04386  6.08327e-01 | 53 -0.03485  8.08097e-01 | 54 -0.02310  1.05094e+00
 55 -0.01722  1.04112e+00 | 56 -0.00584  5.71747e-01 | 57  0.00220  3.76660e-01
 58  0.00951  6.05473e-01 | 59  0.01845 -4.00774e-01 | 60  0.02163 -6.67304e-01
 61  0.01573 -3.21257e-01 | 62  0.00873 -7.58217e-01 | 63  0.00842 -5.80470e-02
 64  0.01160 -6.81315e-01 | 65  0.01248 -2.01281e-02 | 66  0.01559  5.26118e-01
 67  0.01992 -3.13037e-01 | 68  0.01985 -1.38754e-01 | 69  0.02413 -6.14833e-01
 70  0.02680 -6.68002e-01 | 71  0.02595 -7.62982e-01 | 72  0.02489 -1.11804e+00
 73  0.02593 -3.05382e-01 | 74  0.03310  1.93647e+00 | 75  0.03309  1.23081e+00
 76 -0.65819 -9.10672e+01 | 77 -0.69697  1.71382e+01 |
2 0 23480.9
2 0 23480.9
2 0 23480.9
2 0 23480.9
2 0 23480.9
2 0 23480.9
2 0 23480.9
2 0 23480.9
2 0 23480.9
2 0 23480.9
2 0 23480.9
77 variables; iteration 100; function evaluation 136; phase 2
Function value   2.3480926e+04; maximum gradient component mag  -1.0905e+01
Var   Value    Gradient   |Var   Value    Gradient   |Var   Value    Gradient
  1 -0.67154  1.92786e-01 |  2 -0.74327  2.61290e-02 |  3  0.27339 -2.09277e-01
  4  0.24212 -2.18653e-02 |  5  0.18084 -5.82820e-03 |  6  0.13134 -5.17969e-03
  7  0.09617 -4.55470e-04 |  8  0.07071 -2.18699e-03 |  9  0.05159 -1.24067e-03
 10  0.03681  1.29838e-04 | 11  0.02520  1.02629e-04 | 12  0.01603 -1.12881e-03
 13  0.00887 -2.06546e-03 | 14  0.00340  5.77332e-04 | 15 -0.00055 -4.96745e-03
 16 -0.00313 -1.60903e-03 | 17 -0.00440 -3.77242e-03 | 18  0.08205  1.27439e+00
 19 -0.00748  8.49317e-02 | 20 -0.00755 -1.25022e-01 | 21 -0.01369 -3.34520e-02
 22 -0.00684 -3.74572e-02 | 23 -0.00824 -4.46761e-02 | 24 -0.00707 -4.66484e-02
 25 -0.00700 -6.10140e-02 | 26 -0.00396 -2.74060e-02 | 27 -0.00298 -4.74566e-02
 28 -0.00293 -2.36485e-02 | 29 -0.00239 -2.56250e-02 | 30 -0.00308 -4.44641e-02
 31  0.00026  2.35087e-02 | 32  0.00068  5.85211e-02 | 33  0.00177  9.48193e-02
 34  0.00476  5.59071e-02 | 35  0.00209  1.52341e-02 | 36  0.00583  4.33981e-02
 37  0.00400  3.02500e-02 | 38  0.00098 -1.98706e-02 | 39  0.01063  1.04460e-01
 40  0.00699  9.98725e-03 | 41  0.00906  4.13611e-02 | 42  0.01165  8.73468e-02
 43  0.01152  9.00080e-02 | 44  0.00931  2.64946e-02 | 45  0.00520  1.13445e-03
 46 -0.01151 -1.95718e-01 | 47  0.14127 -3.00680e+00 | 48 -0.07386  1.26257e-01
 49 -0.06079 -9.76090e-03 | 50 -0.04787  6.59671e-02 | 51 -0.05094  1.49786e-02
 52 -0.04386  5.67380e-02 | 53 -0.03485  3.56340e-02 | 54 -0.02310  1.47780e-02
 55 -0.01723  2.34373e-02 | 56 -0.00584  4.52702e-03 | 57  0.00220 -2.17447e-03
 58  0.00951  2.21483e-02 | 59  0.01845 -2.40832e-02 | 60  0.02163 -3.79243e-02
 61  0.01573 -5.92791e-02 | 62  0.00873 -2.53568e-02 | 63  0.00843 -8.63812e-03
 64  0.01160 -6.54815e-02 | 65  0.01248 -5.15336e-02 | 66  0.01559  4.04294e-03
 67  0.01992 -1.22946e-01 | 68  0.01985 -3.96515e-02 | 69  0.02413 -5.94631e-02
 70  0.02680 -7.43865e-02 | 71  0.02595 -1.05206e-01 | 72  0.02489 -2.71793e-02
 73  0.02593 -2.56433e-03 | 74  0.03309  1.69806e-01 | 75  0.03309  1.46725e-01
 76 -0.66046 -1.09053e+01 | 77 -0.70959  1.95939e+00 |
2 0 23480.9
2 0 23480.9
2 0 23480.9
2 0 23480.9
2 0 23480.9
2 0 23480.9
2 0 23480.9
2 0 23480.9
2 0 23480.9
2 0 23480.9
2 0 23480.9
77 variables; iteration 110; function evaluation 147; phase 2
Function value   2.3480926e+04; maximum gradient component mag   5.4270e+00
Var   Value    Gradient   |Var   Value    Gradient   |Var   Value    Gradient
  1 -0.67032  5.42698e+00 |  2 -0.75246  7.08018e-01 |  3  0.27339  2.46991e-02
  4  0.24212  3.16810e-03 |  5  0.18084  4.35359e-04 |  6  0.13134  4.13024e-04
  7  0.09617 -2.87371e-04 |  8  0.07071 -2.14219e-05 |  9  0.05160  3.20020e-05
 10  0.03682  3.76651e-04 | 11  0.02520  6.27796e-04 | 12  0.01604  5.57329e-04
 13  0.00888  6.41643e-04 | 14  0.00342  9.54835e-04 | 15 -0.00054  1.06351e-04
 16 -0.00311  1.30667e-03 | 17 -0.00438  2.54211e-03 | 18  0.08205  2.24964e-01
 19 -0.00749 -7.07823e-02 | 20 -0.00755  1.31924e-02 | 21 -0.01369 -2.67785e-02
 22 -0.00684  7.81178e-03 | 23 -0.00825 -2.99889e-03 | 24 -0.00707 -7.65627e-03
 25 -0.00700 -2.28423e-02 | 26 -0.00396 -1.34785e-02 | 27 -0.00298 -1.77517e-02
 28 -0.00293 -4.47285e-03 | 29 -0.00239 -7.16953e-03 | 30 -0.00308 -6.71744e-03
 31  0.00026  1.12193e-02 | 32  0.00068  2.28378e-02 | 33  0.00177  1.78801e-02
 34  0.00476  1.69193e-02 | 35  0.00209  6.36861e-03 | 36  0.00583  1.39555e-02
 37  0.00400  2.40643e-03 | 38  0.00098 -1.00436e-02 | 39  0.01063  1.22595e-02
 40  0.00699 -8.46723e-04 | 41  0.00906  1.78104e-02 | 42  0.01165  2.60990e-02
 43  0.01152  2.81517e-02 | 44  0.00931  1.65037e-02 | 45  0.00520  1.13024e-02
 46 -0.01151 -4.37500e-02 | 47  0.14127 -1.29747e+00 | 48 -0.07386 -2.05447e-04
 49 -0.06079  3.56098e-02 | 50 -0.04787 -5.73523e-03 | 51 -0.05094 -4.97595e-03
 52 -0.04386  1.05776e-02 | 53 -0.03485  1.82490e-02 | 54 -0.02310  1.20055e-02
 55 -0.01723  1.33864e-02 | 56 -0.00584 -8.25959e-03 | 57  0.00220  4.45379e-03
 58  0.00951 -2.08757e-03 | 59  0.01845 -1.76584e-02 | 60  0.02163 -1.69268e-02
 61  0.01573 -7.08976e-03 | 62  0.00873 -7.77262e-03 | 63  0.00843 -7.07555e-03
 64  0.01160 -2.26483e-02 | 65  0.01248  4.06896e-03 | 66  0.01559  3.75371e-03
 67  0.01992 -1.63113e-02 | 68  0.01985 -5.63929e-03 | 69  0.02413 -2.95021e-02
 70  0.02680 -2.45878e-02 | 71  0.02595 -2.53739e-02 | 72  0.02489 -1.49103e-02
 73  0.02593 -1.57129e-02 | 74  0.03309  2.48293e-02 | 75  0.03309  6.15441e-02
 76 -0.66128 -1.26482e+00 | 77 -0.71427  2.27627e-01 |
2 0 23480.9
2 0 23480.9
2 0 23480.9
2 0 23480.9
2 0 23480.9
2 0 23480.9
2 0 23480.9
2 0 23480.9
2 0 23480.9
2 0 23480.9
2 0 23480.9
77 variables; iteration 120; function evaluation 158; phase 2
Function value   2.3480926e+04; maximum gradient component mag   1.0312e+00
Var   Value    Gradient   |Var   Value    Gradient   |Var   Value    Gradient
  1 -0.66984  1.03120e+00 |  2 -0.75615  1.32496e-01 |  3  0.27339  5.92986e-03
  4  0.24212  2.51085e-04 |  5  0.18084  8.02731e-05 |  6  0.13134  2.30444e-04
  7  0.09617 -6.10468e-05 |  8  0.07071  4.94566e-05 |  9  0.05159  3.96993e-05
 10  0.03682  1.33841e-04 | 11  0.02520  2.01266e-04 | 12  0.01604  2.34513e-04
 13  0.00887  2.07275e-04 | 14  0.00341  2.78567e-04 | 15 -0.00054  8.60497e-05
 16 -0.00312  3.94162e-04 | 17 -0.00439  8.10078e-04 | 18  0.08205  8.40206e-02
 19 -0.00749 -1.99405e-02 | 20 -0.00755  4.28182e-03 | 21 -0.01369 -8.78386e-03
 22 -0.00684  2.97018e-03 | 23 -0.00824 -8.82850e-04 | 24 -0.00707 -2.73824e-03
 25 -0.00700 -6.70296e-03 | 26 -0.00396 -3.21613e-03 | 27 -0.00298 -4.07770e-03
 28 -0.00293 -1.55964e-03 | 29 -0.00239 -1.66400e-03 | 30 -0.00308 -2.02156e-03
 31  0.00026  3.01127e-03 | 32  0.00068  7.15644e-03 | 33  0.00177  5.24841e-03
 34  0.00476  5.90499e-03 | 35  0.00209  1.83012e-03 | 36  0.00583  3.48219e-03
 37  0.00400  1.30139e-03 | 38  0.00098 -2.20286e-03 | 39  0.01063  3.54327e-03
 40  0.00699  3.45878e-04 | 41  0.00906  4.50605e-03 | 42  0.01165  6.96530e-03
 43  0.01152  7.13354e-03 | 44  0.00931  5.61554e-03 | 45  0.00520  2.79483e-03
 46 -0.01151 -1.55073e-02 | 47  0.14127 -2.74921e-01 | 48 -0.07386 -9.88128e-04
 49 -0.06079  1.10549e-02 | 50 -0.04787 -5.07936e-03 | 51 -0.05094 -1.99960e-04
 52 -0.04386  3.09041e-03 | 53 -0.03485  4.71769e-03 | 54 -0.02310  2.64711e-03
 55 -0.01723  4.03631e-03 | 56 -0.00584 -6.15004e-04 | 57  0.00220  5.22499e-04
 58  0.00951  8.62710e-05 | 59  0.01845 -5.04940e-03 | 60  0.02163 -5.84065e-03
 61  0.01573 -2.19278e-03 | 62  0.00873 -3.21311e-03 | 63  0.00843 -1.56976e-03
 64  0.01160 -6.03335e-03 | 65  0.01248  2.62691e-04 | 66  0.01559  1.11174e-03
 67  0.01992 -3.11744e-03 | 68  0.01985 -1.52571e-03 | 69  0.02413 -6.35214e-03
 70  0.02680 -6.39568e-03 | 71  0.02595 -5.96392e-03 | 72  0.02489 -5.86368e-03
 73  0.02593 -2.47560e-03 | 74  0.03309  9.87165e-03 | 75  0.03309  1.29323e-02
 76 -0.66161 -4.47842e-01 | 77 -0.71619  8.11037e-02 |
2 0 23480.9
2 0 23480.9
2 0 23480.9
2 0 23480.9
2 0 23480.9
2 0 23480.9
2 0 23480.9
2 0 23480.9
2 0 23480.9
2 0 23480.9
2 0 23480.9
77 variables; iteration 130; function evaluation 169; phase 2
Function value   2.3480926e+04; maximum gradient component mag   2.5712e+00
Var   Value    Gradient   |Var   Value    Gradient   |Var   Value    Gradient
  1 -0.66950  2.57119e+00 |  2 -0.75881  3.26628e-01 |  3  0.27339  5.54260e-04
  4  0.24212  7.72556e-05 |  5  0.18084  2.33918e-05 |  6  0.13134  5.94220e-05
  7  0.09617 -4.19622e-05 |  8  0.07071 -5.22379e-05 |  9  0.05159 -2.12809e-05
 10  0.03682  3.37708e-05 | 11  0.02520  1.52943e-04 | 12  0.01604  1.34629e-04
 13  0.00887 -3.55078e-05 | 14  0.00341  6.47487e-05 | 15 -0.00054 -1.27308e-04
 16 -0.00312  8.00742e-05 | 17 -0.00439  2.47159e-04 | 18  0.08205  4.35248e-02
 19 -0.00749 -9.90796e-03 | 20 -0.00755 -1.36746e-03 | 21 -0.01369 -3.04305e-03
 22 -0.00684 -1.79955e-04 | 23 -0.00824 -9.67190e-04 | 24 -0.00707 -1.33592e-03
 25 -0.00700 -3.68779e-03 | 26 -0.00396 -1.93670e-03 | 27 -0.00298 -2.87106e-03
 28 -0.00293 -7.42671e-04 | 29 -0.00239 -1.31927e-03 | 30 -0.00308 -1.28949e-03
 31  0.00026  2.11551e-03 | 32  0.00068  4.09630e-03 | 33  0.00177  3.63546e-03
 34  0.00476  2.83103e-03 | 35  0.00209  1.39646e-03 | 36  0.00583  2.14455e-03
 37  0.00400  1.15413e-03 | 38  0.00098 -1.53171e-03 | 39  0.01063  2.89149e-03
 40  0.00699 -3.16807e-05 | 41  0.00906  2.86410e-03 | 42  0.01165  4.73481e-03
 43  0.01152  5.02450e-03 | 44  0.00931  1.88473e-03 | 45  0.00520  2.01464e-03
 46 -0.01151 -7.65533e-03 | 47  0.14127 -2.24080e-01 | 48 -0.07386  3.22865e-03
 49 -0.06079  3.67410e-03 | 50 -0.04787  6.97381e-04 | 51 -0.05094 -3.73192e-04
 52 -0.04386  2.45316e-03 | 53 -0.03485  2.34470e-03 | 54 -0.02310  5.82303e-04
 55 -0.01723  1.49942e-03 | 56 -0.00584 -2.06452e-03 | 57  0.00220 -2.09298e-04
 58  0.00951 -3.99816e-04 | 59  0.01845 -2.60438e-03 | 60  0.02163 -2.80136e-03
 61  0.01573 -4.44942e-04 | 62  0.00873 -8.13471e-04 | 63  0.00843 -1.03799e-03
 64  0.01160 -4.48413e-03 | 65  0.01248 -5.47584e-04 | 66  0.01559 -1.31387e-04
 67  0.01992 -4.23784e-03 | 68  0.01985 -1.84707e-03 | 69  0.02413 -4.95521e-03
 70  0.02680 -4.10939e-03 | 71  0.02595 -4.94876e-03 | 72  0.02489 -1.60089e-03
 73  0.02593 -1.92422e-03 | 74  0.03309  4.61538e-03 | 75  0.03309  1.06482e-02
 76 -0.66187 -1.45921e-01 | 77 -0.71764  2.71012e-02 |
2 0 23480.9
2 0 23480.9
2 0 23480.9
2 0 23480.9
2 0 23480.9
2 0 23480.9
2 0 23480.9
2 0 23480.9
2 0 23480.9
2 0 23480.9
2 0 23480.9
2 0 23480.9
77 variables; iteration 140; function evaluation 181; phase 2
Function value   2.3480926e+04; maximum gradient component mag   3.1698e-01
Var   Value    Gradient   |Var   Value    Gradient   |Var   Value    Gradient
  1 -0.66929  3.16981e-01 |  2 -0.76050  3.99768e-02 |  3  0.27339 -1.48640e-03
  4  0.24212 -1.39836e-04 |  5  0.18084  9.57327e-05 |  6  0.13134  8.78401e-05
  7  0.09617  6.24592e-06 |  8  0.07071 -1.56036e-05 |  9  0.05159  1.23281e-06
 10  0.03682 -2.20480e-05 | 11  0.02520  7.09787e-05 | 12  0.01604  7.07240e-05
 13  0.00887 -9.10295e-05 | 14  0.00341 -7.06834e-05 | 15 -0.00055 -6.24199e-05
 16 -0.00312 -6.53295e-05 | 17 -0.00439 -6.04605e-05 | 18  0.08205  1.65264e-02
 19 -0.00749 -2.71747e-03 | 20 -0.00755 -2.18586e-03 | 21 -0.01369  2.17499e-04
 22 -0.00684 -8.27066e-04 | 23 -0.00824 -3.02404e-04 | 24 -0.00707 -5.01863e-04
 25 -0.00700 -6.90109e-04 | 26 -0.00396  2.60750e-05 | 27 -0.00298 -3.77245e-04
 28 -0.00293 -5.36657e-05 | 29 -0.00239 -2.31624e-04 | 30 -0.00308 -4.03950e-04
 31  0.00026  5.23833e-04 | 32  0.00068  1.21697e-03 | 33  0.00177  1.24675e-03
 34  0.00476  9.64780e-04 | 35  0.00209  5.69426e-04 | 36  0.00583  4.93840e-04
 37  0.00400  8.50790e-04 | 38  0.00098 -1.91807e-04 | 39  0.01063  1.31984e-03
 40  0.00699  2.08428e-04 | 41  0.00906  5.21460e-04 | 42  0.01165  1.16095e-03
 43  0.01152  1.16336e-03 | 44  0.00931  1.03223e-04 | 45  0.00520  2.22117e-04
 46 -0.01151 -2.07800e-03 | 47  0.14127 -4.03761e-02 | 48 -0.07386  2.51987e-03
 49 -0.06079 -8.17031e-04 | 50 -0.04787  5.75208e-04 | 51 -0.05094  4.60194e-04
 52 -0.04386  1.00530e-03 | 53 -0.03485  4.50200e-05 | 54 -0.02310 -8.49952e-04
 55 -0.01723 -7.68750e-05 | 56 -0.00584 -6.54981e-04 | 57  0.00220 -6.34846e-04
 58  0.00951 -4.79520e-05 | 59  0.01845 -4.28284e-04 | 60  0.02163 -7.47714e-04
 61  0.01573  1.79067e-04 | 62  0.00873 -3.05307e-04 | 63  0.00843 -1.68899e-04
 64  0.01160 -1.37878e-03 | 65  0.01248 -1.07865e-03 | 66  0.01559 -4.54237e-04
 67  0.01992 -1.59332e-03 | 68  0.01985 -9.38711e-04 | 69  0.02413 -8.42014e-04
 70  0.02680 -7.35752e-04 | 71  0.02595 -1.33398e-03 | 72  0.02489 -1.56528e-05
 73  0.02593  4.72988e-04 | 74  0.03309  2.00006e-03 | 75  0.03309  1.90457e-03
 76 -0.66203 -2.61615e-02 | 77 -0.71861  5.74168e-03 |
2 0 23480.9
2 0 23480.9
2 0 23480.9
2 0 23480.9
2 0 23480.9
2 0 23480.9
2 0 23480.9
2 0 23480.9
2 0 23480.9
2 0 23480.9
2 0 23480.9
2 0 23480.9
2 0 23480.9
77 variables; iteration 150; function evaluation 194; phase 2
Function value   2.3480926e+04; maximum gradient component mag   1.0650e+01
Var   Value    Gradient   |Var   Value    Gradient   |Var   Value    Gradient
  1 -0.66918  1.06501e+01 |  2 -0.76139  1.33794e+00 |  3  0.27339  2.96298e-03
  4  0.24212  3.04939e-04 |  5  0.18084 -7.04933e-05 |  6  0.13134 -6.64861e-05
  7  0.09617 -5.27994e-05 |  8  0.07071 -4.41761e-05 |  9  0.05159 -3.19802e-05
 10  0.03682  1.39355e-06 | 11  0.02520  1.20058e-05 | 12  0.01604  7.55183e-06
 13  0.00887 -1.49444e-06 | 14  0.00341  3.23391e-05 | 15 -0.00054 -4.53002e-05
 16 -0.00312  3.04555e-05 | 17 -0.00439  7.93948e-05 | 18  0.08205 -1.22786e-02
 19 -0.00749 -2.83742e-03 | 20 -0.00755 -2.62206e-04 | 21 -0.01369 -7.97685e-05
 22 -0.00684 -7.34690e-04 | 23 -0.00824 -6.09168e-05 | 24 -0.00707  3.46328e-04
 25 -0.00700 -4.73652e-04 | 26 -0.00396 -8.08083e-04 | 27 -0.00298 -1.04713e-03
 28 -0.00293  3.71335e-04 | 29 -0.00239 -3.27860e-04 | 30 -0.00308  8.19638e-05
 31  0.00026  6.36790e-04 | 32  0.00068  3.18721e-04 | 33  0.00177 -1.24657e-04
 34  0.00476 -6.37436e-04 | 35  0.00209  8.74505e-05 | 36  0.00583  4.72715e-04
 37  0.00400 -5.13605e-04 | 38  0.00098 -8.27391e-04 | 39  0.01063 -6.33252e-05
 40  0.00699 -5.74117e-04 | 41  0.00906  1.21601e-03 | 42  0.01165  1.31667e-03
 43  0.01152  1.71694e-03 | 44  0.00931 -1.39962e-04 | 45  0.00520  1.36376e-03
 46 -0.01151  1.25081e-03 | 47  0.14127 -1.16480e-01 | 48 -0.07386  4.27140e-04
 49 -0.06079  9.71356e-04 | 50 -0.04787  2.05352e-03 | 51 -0.05094 -1.04612e-03
 52 -0.04386  4.55176e-04 | 53 -0.03485  1.07591e-03 | 54 -0.02310  9.91741e-04
 55 -0.01723  4.70566e-04 | 56 -0.00584 -1.79229e-03 | 57  0.00220  6.42825e-04
 58  0.00951 -6.50227e-04 | 59  0.01845 -7.41627e-04 | 60  0.02163  2.85683e-04
 61  0.01573  6.13681e-04 | 62  0.00873  7.69563e-04 | 63  0.00843 -5.82010e-04
 64  0.01160 -1.35466e-03 | 65  0.01248  9.76060e-04 | 66  0.01559  3.26101e-05
 67  0.01992 -1.53348e-03 | 68  0.01985 -2.90788e-04 | 69  0.02413 -2.82277e-03
 70  0.02680 -1.22645e-03 | 71  0.02595 -1.70232e-03 | 72  0.02489  6.84596e-04
 73  0.02593 -2.20327e-03 | 74  0.03309 -2.05810e-03 | 75  0.03309  5.61259e-03
 76 -0.66213  1.75332e-01 | 77 -0.71915 -2.92684e-02 |
2 0 23480.9
2 0 23480.9
2 0 23480.9
2 0 23480.9
2 0 23480.9
2 0 23480.9
2 0 23480.9
2 0 23480.9
2 0 23480.9
2 0 23480.9
2 0 23480.9
2 0 23480.9
2 0 23480.9
2 0 23480.9
2 0 23480.9
77 variables; iteration 160; function evaluation 209; phase 2
Function value   2.3480926e+04; maximum gradient component mag   1.6610e+01
Var   Value    Gradient   |Var   Value    Gradient   |Var   Value    Gradient
  1 -0.66912  1.66104e+01 |  2 -0.76187  2.08240e+00 |  3  0.27339  2.04161e-03
  4  0.24212  1.52304e-04 |  5  0.18084 -5.69310e-05 |  6  0.13134 -4.21048e-05
  7  0.09617 -3.61264e-05 |  8  0.07071 -2.64505e-05 |  9  0.05159 -2.20992e-05
 10  0.03682 -9.15049e-06 | 11  0.02520 -7.04599e-06 | 12  0.01604 -3.27137e-07
 13  0.00887 -8.03385e-06 | 14  0.00341  2.93253e-06 | 15 -0.00054 -1.97181e-05
 16 -0.00312 -1.03881e-06 | 17 -0.00439  1.49638e-05 | 18  0.08205 -1.04761e-02
 19 -0.00749 -1.55373e-03 | 20 -0.00755 -5.09598e-04 | 21 -0.01369  2.31489e-04
 22 -0.00684 -7.75185e-04 | 23 -0.00824 -6.76745e-05 | 24 -0.00707  2.71976e-04
 25 -0.00700 -7.22037e-05 | 26 -0.00396 -3.69331e-04 | 27 -0.00298 -5.01872e-04
 28 -0.00293  4.19765e-04 | 29 -0.00239 -1.13849e-04 | 30 -0.00308  1.35478e-04
 31  0.00026  3.12436e-04 | 32  0.00068  4.51055e-05 | 33  0.00177 -3.16972e-04
 34  0.00476 -6.28884e-04 | 35  0.00209 -5.49230e-05 | 36  0.00583  2.46612e-04
 37  0.00400 -4.11670e-04 | 38  0.00098 -5.05257e-04 | 39  0.01063 -7.02754e-05
 40  0.00699 -3.74749e-04 | 41  0.00906  7.78490e-04 | 42  0.01165  7.76654e-04
 43  0.01152  1.08240e-03 | 44  0.00931 -1.80201e-04 | 45  0.00520  8.82978e-04
 46 -0.01151  1.30745e-03 | 47  0.14127 -7.11353e-02 | 48 -0.07386  3.04869e-04
 49 -0.06079  2.33936e-04 | 50 -0.04787  1.53477e-03 | 51 -0.05094 -5.58342e-04
 52 -0.04386  3.05108e-04 | 53 -0.03485  6.75968e-04 | 54 -0.02310  7.24587e-04
 55 -0.01723  3.04957e-04 | 56 -0.00584 -1.11478e-03 | 57  0.00220  5.49639e-04
 58  0.00951 -3.67406e-04 | 59  0.01845 -3.59011e-04 | 60  0.02163  3.65245e-04
 61  0.01573  4.50832e-04 | 62  0.00873  5.03538e-04 | 63  0.00843 -3.89270e-04
 64  0.01160 -7.57283e-04 | 65  0.01248  6.21022e-04 | 66  0.01559  1.61023e-05
 67  0.01992 -9.81287e-04 | 68  0.01985 -1.44280e-04 | 69  0.02413 -1.75574e-03
 70  0.02680 -6.58166e-04 | 71  0.02595 -1.03315e-03 | 72  0.02489  6.14814e-04
 73  0.02593 -1.38644e-03 | 74  0.03309 -1.50615e-03 | 75  0.03309  3.45497e-03
 76 -0.66218  1.20025e-01 | 77 -0.71946 -1.98353e-02 |
2 0 23480.9
2 0 23480.9
2 0 23480.9
2 0 23480.9
2 0 23480.9
2 0 23480.9
2 0 23480.9
2 0 23480.9
2 0 23480.9
2 0 23480.9
2 0 23480.9
2 0 23480.9
2 0 23480.9
2 0 23480.9
2 0 23480.9
77 variables; iteration 170; function evaluation 224; phase 2
Function value   2.3480926e+04; maximum gradient component mag   4.5849e+01
Var   Value    Gradient   |Var   Value    Gradient   |Var   Value    Gradient
  1 -0.66909  4.58494e+01 |  2 -0.76212  5.74195e+00 |  3  0.27339  1.48336e-03
  4  0.24212  7.97376e-05 |  5  0.18084 -4.01000e-05 |  6  0.13134 -2.44923e-05
  7  0.09617 -2.60434e-05 |  8  0.07071 -1.53053e-05 |  9  0.05159 -1.37824e-05
 10  0.03682 -7.73366e-06 | 11  0.02520 -8.43356e-06 | 12  0.01604  1.13499e-06
 13  0.00887 -4.23718e-06 | 14  0.00341 -1.01432e-06 | 15 -0.00054 -6.15807e-06
 16 -0.00312 -2.61144e-06 | 17 -0.00439  7.60485e-06 | 18  0.08205 -7.48902e-03
 19 -0.00749 -1.00543e-03 | 20 -0.00755 -3.62632e-04 | 21 -0.01369  1.65526e-04
 22 -0.00684 -5.74962e-04 | 23 -0.00824 -2.78759e-05 | 24 -0.00707  1.82932e-04
 25 -0.00700  1.47588e-05 | 26 -0.00396 -1.77769e-04 | 27 -0.00298 -2.50115e-04
 28 -0.00293  3.43628e-04 | 29 -0.00239 -1.99407e-05 | 30 -0.00308  1.10942e-04
 31  0.00026  1.68175e-04 | 32  0.00068 -1.50974e-05 | 33  0.00177 -3.19517e-04
 34  0.00476 -4.75974e-04 | 35  0.00209 -7.99721e-05 | 36  0.00583  1.37113e-04
 37  0.00400 -3.04285e-04 | 38  0.00098 -3.18865e-04 | 39  0.01063 -6.37289e-05
 40  0.00699 -2.40536e-04 | 41  0.00906  5.19071e-04 | 42  0.01165  4.81883e-04
 43  0.01152  6.87873e-04 | 44  0.00931 -1.04288e-04 | 45  0.00520  5.84435e-04
 46 -0.01151  9.76214e-04 | 47  0.14127 -4.40823e-02 | 48 -0.07386  9.57471e-05
 49 -0.06079  1.61344e-04 | 50 -0.04787  9.59214e-04 | 51 -0.05094 -3.42064e-04
 52 -0.04386  1.90788e-04 | 53 -0.03485  4.63861e-04 | 54 -0.02310  5.14234e-04
 55 -0.01723  2.25715e-04 | 56 -0.00584 -6.85732e-04 | 57  0.00220  3.98041e-04
 58  0.00951 -2.17386e-04 | 59  0.01845 -2.25828e-04 | 60  0.02163  2.88498e-04
 61  0.01573  3.11562e-04 | 62  0.00873  3.18876e-04 | 63  0.00843 -2.53490e-04
 64  0.01160 -4.73314e-04 | 65  0.01248  4.17128e-04 | 66  0.01559  2.69095e-05
 67  0.01992 -5.95753e-04 | 68  0.01985 -7.19538e-05 | 69  0.02413 -1.13216e-03
 70  0.02680 -3.84167e-04 | 71  0.02595 -6.26714e-04 | 72  0.02489  3.96290e-04
 73  0.02593 -8.84751e-04 | 74  0.03309 -1.00511e-03 | 75  0.03309  2.14858e-03
 76 -0.66221  8.40725e-02 | 77 -0.71963 -1.36956e-02 |
2 0 23480.9
2 0 23480.9
2 0 23480.9
2 0 23480.9
2 0 23480.9
2 0 23480.9
2 0 23480.9
2 0 23480.9
2 0 28381.6
2 0 23480.9
2 0 23480.9
2 0 23480.9
2 0 23480.9
2 0 23480.9
2 0 23480.9
2 0 23480.9
2 0 23480.9
2 0 23480.9
2 0 23480.9
2 0 23480.9
2 0 23480.9
2 0 23480.9
2 0 23480.9
2 0 23480.9
2 0 23480.9
2 0 23480.9
2 0 23480.9
2 0 23480.9
2 0 23480.9
2 0 23480.9
2 0 23480.9
2 0 23480.9
2 0 23480.9
2 0 23480.9
2 0 23480.9
2 0 23480.9
2 0 23480.9
2 0 23480.9
2 0 23480.9
  ic > imax  in fminim is answer attained ?
Var   Value    Gradient   |Var   Value    Gradient   |Var   Value    Gradient
  1 -0.66908  2.11160e+01 |  2 -0.76217  2.64387e+00 |  3  0.27339  3.45220e-04
  4  0.24212 -1.79531e-05 |  5  0.18084 -1.06452e-05 |  6  0.13134  6.97730e-06
  7  0.09617 -7.56838e-06 |  8  0.07071 -3.18655e-07 |  9  0.05159 -1.45190e-06
 10  0.03682  1.82941e-06 | 11  0.02520  6.25836e-06 | 12  0.01604  1.52504e-05
 13  0.00887  2.49500e-06 | 14  0.00341  4.42536e-06 | 15 -0.00054 -6.72136e-07
 16 -0.00312  3.85234e-06 | 17 -0.00439  2.47070e-05 | 18  0.08205  2.16675e-03
 19 -0.00749 -7.74330e-04 | 20 -0.00755 -1.80465e-04 | 21 -0.01369 -2.41674e-04
 22 -0.00684 -1.43693e-04 | 23 -0.00824 -6.33967e-05 | 24 -0.00707 -9.84884e-05
 25 -0.00700 -2.00621e-04 | 26 -0.00396 -6.66867e-05 | 27 -0.00298 -1.15263e-04
 28 -0.00293  5.78555e-05 | 29 -0.00239 -1.53909e-05 | 30 -0.00308 -5.81336e-05
 31  0.00026  1.31800e-04 | 32  0.00068  2.63166e-04 | 33  0.00177  9.09659e-05
 34  0.00476  8.28771e-05 | 35  0.00209  2.25544e-05 | 36  0.00583  1.34158e-04
 37  0.00400  2.44470e-05 | 38  0.00098 -1.10295e-04 | 39  0.01063  1.90196e-04
 40  0.00699 -4.89515e-06 | 41  0.00906  2.77556e-04 | 42  0.01165  3.67577e-04
 43  0.01152  4.18244e-04 | 44  0.00931  1.84947e-04 | 45  0.00520  2.20847e-04
 46 -0.01151 -4.08311e-04 | 47  0.14127 -1.51840e-02 | 48 -0.07386  9.38543e-05
 49 -0.06079  3.74007e-04 | 50 -0.04787 -5.70320e-06 | 51 -0.05094 -2.70925e-06
 52 -0.04386  2.02264e-04 | 53 -0.03485  2.53387e-04 | 54 -0.02310  1.38133e-04
 55 -0.01723  1.91410e-04 | 56 -0.00584 -9.72739e-05 | 57  0.00220  5.81263e-05
 58  0.00951  1.07310e-05 | 59  0.01845 -2.15702e-04 | 60  0.02163 -1.26323e-04
 61  0.01573  3.37094e-05 | 62  0.00873 -4.00617e-05 | 63  0.00843 -8.44150e-05
 64  0.01160 -3.57328e-04 | 65  0.01248 -1.45790e-05 | 66  0.01559  1.94570e-05
 67  0.01992 -2.88215e-04 | 68  0.01985 -1.13131e-04 | 69  0.02413 -4.19687e-04
 70  0.02680 -2.74342e-04 | 71  0.02595 -3.39938e-04 | 72  0.02489 -1.54518e-04
 73  0.02593 -1.46262e-04 | 74  0.03309  2.85137e-04 | 75  0.03309  7.33110e-04
 76 -0.66222  1.68799e-02 | 77 -0.71968 -2.13778e-03 |
Function minimizer not making progress ... is minimum attained?
Minimprove criterion =   0.0000e+00

 - final statistics:
77 variables; iteration 177; function evaluation 262
Function value   2.3481e+04; maximum gradient component mag   2.1116e+01
Exit code = 1;  converg criter   1.0000e-03
Var   Value    Gradient   |Var   Value    Gradient   |Var   Value    Gradient
  1 -0.66908  2.11160e+01 |  2 -0.76217  2.64387e+00 |  3  0.27339  3.45220e-04
  4  0.24212 -1.79531e-05 |  5  0.18084 -1.06452e-05 |  6  0.13134  6.97730e-06
  7  0.09617 -7.56838e-06 |  8  0.07071 -3.18655e-07 |  9  0.05159 -1.45190e-06
 10  0.03682  1.82941e-06 | 11  0.02520  6.25836e-06 | 12  0.01604  1.52504e-05
 13  0.00887  2.49500e-06 | 14  0.00341  4.42536e-06 | 15 -0.00054 -6.72136e-07
 16 -0.00312  3.85234e-06 | 17 -0.00439  2.47070e-05 | 18  0.08205  2.16675e-03
 19 -0.00749 -7.74330e-04 | 20 -0.00755 -1.80465e-04 | 21 -0.01369 -2.41674e-04
 22 -0.00684 -1.43693e-04 | 23 -0.00824 -6.33967e-05 | 24 -0.00707 -9.84884e-05
 25 -0.00700 -2.00621e-04 | 26 -0.00396 -6.66867e-05 | 27 -0.00298 -1.15263e-04
 28 -0.00293  5.78555e-05 | 29 -0.00239 -1.53909e-05 | 30 -0.00308 -5.81336e-05
 31  0.00026  1.31800e-04 | 32  0.00068  2.63166e-04 | 33  0.00177  9.09659e-05
 34  0.00476  8.28771e-05 | 35  0.00209  2.25544e-05 | 36  0.00583  1.34158e-04
 37  0.00400  2.44470e-05 | 38  0.00098 -1.10295e-04 | 39  0.01063  1.90196e-04
 40  0.00699 -4.89515e-06 | 41  0.00906  2.77556e-04 | 42  0.01165  3.67577e-04
 43  0.01152  4.18244e-04 | 44  0.00931  1.84947e-04 | 45  0.00520  2.20847e-04
 46 -0.01151 -4.08311e-04 | 47  0.14127 -1.51840e-02 | 48 -0.07386  9.38543e-05
 49 -0.06079  3.74007e-04 | 50 -0.04787 -5.70320e-06 | 51 -0.05094 -2.70925e-06
 52 -0.04386  2.02264e-04 | 53 -0.03485  2.53387e-04 | 54 -0.02310  1.38133e-04
 55 -0.01723  1.91410e-04 | 56 -0.00584 -9.72739e-05 | 57  0.00220  5.81263e-05
 58  0.00951  1.07310e-05 | 59  0.01845 -2.15702e-04 | 60  0.02163 -1.26323e-04
 61  0.01573  3.37094e-05 | 62  0.00873 -4.00617e-05 | 63  0.00843 -8.44150e-05
 64  0.01160 -3.57328e-04 | 65  0.01248 -1.45790e-05 | 66  0.01559  1.94570e-05
 67  0.01992 -2.88215e-04 | 68  0.01985 -1.13131e-04 | 69  0.02413 -4.19687e-04
 70  0.02680 -2.74342e-04 | 71  0.02595 -3.39938e-04 | 72  0.02489 -1.54518e-04
 73  0.02593 -1.46262e-04 | 74  0.03309  2.85137e-04 | 75  0.03309  7.33110e-04
 76 -0.66222  1.68799e-02 | 77 -0.71968 -2.13778e-03 |
2 0 23480.9
B0234224
0.3 0.266444
0.228381 0.331778
0.21649 0.345458
0.213681 0.348837
0.212971 0.3497
0.212788 0.349923
0.212741 0.34998
0.212729 0.349995
0.212726 0.349999
0.212725 0.35
0.212725 0.35
0.212725 0.35
0.212725 0.35
0.212725 0.35
0.212725 0.35
0.212725 0.35
0.212725 0.35
0.212725 0.35
0.212725 0.35
0.212725 0.35
0.212725 0.35
FutMOrt0.0695197
FutMOrt0.0695197
FutMOrt0.0695197
FutMOrt0.0695197
FutMOrt0.0695197
FutMOrt0.0695197
FutMOrt0.0695197
FutMOrt0.0695197
FutMOrt0.0695197
FutMOrt0.0695197
Survey Bio38.6831
Survey len11668.3
CPUE53.632
Catch19.9277
Catch len11679.8
initsmo_penal15.3582
F_pen1.69498
Rec_pen3.51574
M_pen0


Starting time: Mon Oct 15 14:44:56 2018
Finishing time: Mon Oct 15 14:45:08 2018
This run took: 0 hours, 0 minutes, 12 seconds.

