survYears 73 74 75 76 77 78 79 80 81 82 83 84 85 86 87 88 89 90 91 92 93 94 95 96 97 98 99 100
SurvLenYear 73 74 75 76 77 78 79 80 81 82 83 84 85 86 87 88 89 90 91 92 93 94 95 96 97 98 99 100
catchBiomass 12712.6 15703.4 13066.3 9861.35 19405.8 36447.5 46208.3 48968.9 76233.8 117274 118656 143399 212981 199818 215254 169538 208507 226735 192900 194714 217280 215112 185702 240048 230367 237955 219096 217934
steep0.75
25
Out
1 0 41151.2

Initial statistics: 73 variables; iteration 0; function evaluation 0; phase 1
Function value   4.1151216e+04; maximum gradient component mag  -1.5753e+05
Var   Value    Gradient   |Var   Value    Gradient   |Var   Value    Gradient
  1  0.27290 -5.50028e+02 |  2  0.23477 -2.42312e+02 |  3  0.24322  4.02647e+02
  4  0.24026  9.00893e+02 |  5  0.22370  8.73188e+02 |  6  0.18670  2.75897e+02
  7  0.19649  6.92199e+02 |  8  0.16500  1.76182e+02 |  9  0.17373  4.65212e+02
 10  0.15613  2.49620e+02 | 11  0.14472  2.33703e+02 | 12  0.12716  1.27763e+02
 13  0.11570  1.25891e+02 | 14  0.10098 -1.10387e+02 | 15  0.14620  3.78510e+02
 16  0.04206 -2.79952e+03 | 17  0.00000 -5.88092e+03 | 18  0.00000 -1.42576e+03
 19  0.00000 -1.94518e+03 | 20  0.00000 -4.20086e+01 | 21  0.00000  1.48231e+02
 22  0.00000 -7.27213e+02 | 23  0.00000 -7.30472e+02 | 24  0.00000  1.13938e+03
 25  0.00000  1.06375e+03 | 26  0.00000  4.75171e+02 | 27  0.00000  1.26765e+03
 28  0.00000  1.91238e+03 | 29  0.00000  1.05231e+03 | 30  0.00000  1.10873e+03
 31  0.00000  3.55083e+02 | 32  0.00000  1.72750e+03 | 33  0.00000  1.21493e+03
 34  0.00000  5.68034e+02 | 35  0.00000  1.13735e+03 | 36  0.00000  1.00095e+03
 37  0.00000  3.41405e+02 | 38  0.00000  2.34975e+02 | 39  0.00000  1.62316e+03
 40  0.00000  3.34722e+02 | 41  0.00000  5.38480e+02 | 42  0.00000 -2.71792e+02
 43  0.00000 -1.23540e+03 | 44  0.00000 -4.98544e+03 | 45  0.11677 -1.57529e+05
 46  0.00000  2.24707e+04 | 47  0.00000  1.93179e+04 | 48  0.00000  1.38015e+04
 49  0.00000  1.04287e+04 | 50  0.00000  6.72609e+03 | 51  0.00000  5.27257e+03
 52  0.00000  2.43536e+03 | 53  0.00000 -1.62027e+01 | 54  0.00000 -1.42280e+03
 55  0.00000 -3.05645e+03 | 56  0.00000 -5.16426e+03 | 57  0.00000 -5.84129e+03
 58  0.00000 -5.31040e+03 | 59  0.00000 -4.62990e+03 | 60  0.00000 -5.82772e+03
 61  0.00000 -6.21708e+03 | 62  0.00000 -6.06430e+03 | 63  0.00000 -5.77142e+03
 64  0.00000 -5.73627e+03 | 65  0.00000 -5.28817e+03 | 66  0.00000 -5.37608e+03
 67  0.00000 -6.79958e+03 | 68  0.00000 -5.84216e+03 | 69  0.00000 -6.28621e+03
 70  0.00000 -5.16656e+03 | 71  0.00000 -3.12361e+03 | 72  0.00000  4.85829e+03
 73  0.00000  7.62935e+03 |
1 0 41151.2
1 0 41151
1 0 41149
1 0 41129
1 0 40932.7
1 0 39296
1 0 36575.1
1 0 32384.6
1 0 30101.1
1 0 39393.3
1 0 29815.2
1 0 29823.3
1 0 29676.1
1 0 29660.8
1 0 29633.1
1 0 29593.2
1 0 29547.8

Intermediate statistics: 73 variables; iteration 10; function evaluation 17; phase 1
Function value   2.9547856e+04; maximum gradient component mag   1.0142e+05
Var   Value    Gradient   |Var   Value    Gradient   |Var   Value    Gradient
  1  0.30000 -2.87822e+02 |  2  0.25760 -1.52759e+02 |  3  0.23254 -4.57297e+01
  4  0.20458  4.07670e+01 |  5  0.18535  7.35279e+01 |  6  0.17478  1.12624e+02
  7  0.16222  7.06975e+01 |  8  0.15702  1.00302e+02 |  9  0.14903  7.71976e+01
 10  0.14252  8.76793e+01 | 11  0.13180  6.26789e+01 | 12  0.12043  4.48517e+01
 13  0.11010  1.54377e+00 | 14  0.11133  9.28811e+00 | 15  0.12230  8.82876e+01
 16  0.88458 -8.63865e+02 | 17 -0.12513  2.18951e+03 | 18 -0.15329 -1.31577e+03
 19 -0.16991 -1.31697e+03 | 20 -0.21193 -2.45852e+03 | 21 -0.17022 -4.34212e+02
 22 -0.05530 -4.67012e+02 | 23 -0.00907 -1.57001e+03 | 24  0.00858 -9.36161e+02
 25  0.02573 -5.82821e+02 | 26  0.03784 -3.75437e+02 | 27  0.03982 -6.09221e+02
 28  0.04021 -2.66819e+01 | 29  0.03930  1.95458e+01 | 30  0.04221 -1.48803e+03
 31  0.04349 -7.88160e+02 | 32  0.04251  8.25341e+01 | 33  0.04505 -1.07636e+03
 34  0.04822  8.03835e+00 | 35  0.04611 -1.16458e+03 | 36  0.04793 -1.19889e+03
 37  0.05397 -1.15841e+03 | 38  0.06956  5.18556e+03 | 39  0.05828  2.45723e+03
 40  0.05981 -1.28236e+03 | 41  0.06755  4.50848e+03 | 42  0.06398  5.28164e+03
 43  0.03614 -8.29106e+02 | 44 -0.02981  1.27554e+02 | 45  0.20874  1.01419e+05
 46 -0.09081  9.52999e+02 | 47 -0.07556  2.07566e+03 | 48 -0.05462  4.60796e+03
 49 -0.04234  3.80805e+03 | 50 -0.03880  8.98874e+02 | 51 -0.02987  1.87106e+03
 52 -0.01829  1.98560e+03 | 53 -0.00917  1.26793e+03 | 54 -0.00154  5.04428e+02
 55  0.00678  1.98833e+03 | 56  0.00964  7.53013e+02 | 57  0.01194 -1.13575e+03
 58  0.02395  3.63826e+03 | 59  0.01349 -7.45575e+01 | 60  0.01482  5.51090e+02
 61  0.02206  1.79975e+03 | 62  0.01734 -1.23328e+03 | 63  0.02407  2.53868e+03
 64  0.02296  1.57962e+03 | 65  0.02259  9.47787e+02 | 66  0.01720 -3.00699e+03
 67  0.01856 -1.55035e+03 | 68  0.02647  1.35102e+03 | 69  0.01778 -3.85672e+03
 70  0.00942 -6.32536e+03 | 71 -0.00783 -7.16643e+03 | 72  0.06685 -1.74302e+03
 73  0.02501 -5.28025e+03 |
1 0 29555.4
1 0 29526
1 0 29511.5
1 0 29509.5
1 0 29505.9
1 0 29497.2
1 0 29483.4
1 0 29460.7
1 0 29492.4
1 0 29454.2
1 0 29455.7
1 0 29451.9
1 0 29449.7
1 0 29445.6
73 variables; iteration 20; function evaluation 31; phase 1
Function value   2.9445798e+04; maximum gradient component mag   9.6168e+04
Var   Value    Gradient   |Var   Value    Gradient   |Var   Value    Gradient
  1  0.29164  1.26855e+02 |  2  0.28894  1.79216e+02 |  3  0.21898  5.26990e+01
  4  0.15886 -5.28845e+01 |  5  0.13771 -6.05126e+00 |  6  0.13930  1.34817e+02
  7  0.12527  1.26094e+01 |  8  0.12905  1.25516e+02 |  9  0.11910  4.23293e+01
 10  0.11727  7.99829e+01 | 11  0.11177  5.94346e+01 | 12  0.10703  5.32039e+01
 13  0.10339  2.92961e+01 | 14  0.10708  1.01475e+02 | 15  0.09752  1.63330e+01
 16  0.88794 -4.55138e+02 | 17 -0.14107  1.34296e+02 | 18 -0.15052 -1.18576e+03
 19 -0.16583 -1.40261e+03 | 20 -0.19901 -1.32457e+03 | 21 -0.20158 -1.99074e+03
 22 -0.12378 -1.11199e+03 | 23  0.02371 -1.05346e+03 | 24  0.02270 -7.54608e+02
 25  0.02785 -7.54677e+02 | 26  0.03714 -6.27360e+02 | 27  0.04321 -3.23862e+02
 28  0.05042  1.16227e+03 | 29  0.04651  5.99261e+02 | 30  0.04044 -1.86892e+03
 31  0.03677 -1.59352e+03 | 32  0.04993  6.53809e+02 | 33  0.05020 -5.08123e+02
 34  0.05189  2.89517e+02 | 35  0.04520 -1.48537e+03 | 36  0.04931 -1.12451e+03
 37  0.05522 -1.22290e+03 | 38  0.06739  3.97201e+03 | 39  0.06309  3.86606e+03
 40  0.06154 -1.07352e+03 | 41  0.06787  4.07826e+03 | 42  0.06510  5.27451e+03
 43  0.03448 -1.70099e+03 | 44 -0.02062  2.76018e+01 | 45  0.20975  9.61682e+04
 46 -0.09168  1.18505e+03 | 47 -0.07855  1.73219e+03 | 48 -0.05803  3.27789e+03
 49 -0.04164  3.40870e+03 | 50 -0.04256  4.45383e+02 | 51 -0.02662  1.76335e+03
 52 -0.01852  2.15410e+03 | 53 -0.01070  1.42839e+03 | 54 -0.00372  3.62034e+02
 55  0.00577  1.50540e+03 | 56  0.01142  6.57823e+02 | 57  0.01315 -9.20309e+02
 58  0.02139  3.65272e+03 | 59  0.01113  2.71398e+02 | 60  0.01734  7.79738e+02
 61  0.02181  1.40771e+03 | 62  0.01804 -8.93674e+02 | 63  0.02214  2.52747e+03
 64  0.02134  1.27374e+03 | 65  0.02206  1.16152e+03 | 66  0.01508 -2.75184e+03
 67  0.01855 -1.69637e+03 | 68  0.02581  1.26604e+03 | 69  0.01855 -3.20187e+03
 70  0.01030 -5.77197e+03 | 71 -0.00551 -6.01964e+03 | 72  0.05924 -1.79758e+03
 73  0.04735 -4.80983e+03 |
1 0 29441.7
1 0 29439.3
1 0 29437.4
1 0 29435.3
1 0 29433
1 0 29430.6
1 0 29430.7
1 0 29429.4
1 0 29428.7
1 0 29428.3
1 0 29427.7
73 variables; iteration 30; function evaluation 42; phase 1
Function value   2.9427814e+04; maximum gradient component mag   9.6242e+04
Var   Value    Gradient   |Var   Value    Gradient   |Var   Value    Gradient
  1  0.28992  2.63122e+00 |  2  0.26242 -1.04914e+02 |  3  0.20722  4.46925e+01
  4  0.14546 -2.10615e+01 |  5  0.10787 -4.99335e+01 |  6  0.09761  2.76352e+01
  7  0.09025  6.93956e+00 |  8  0.09133  5.48250e+01 |  9  0.08701  2.15053e+01
 10  0.08677  3.83063e+01 | 11  0.08567  2.84578e+01 | 12  0.08662  4.28242e+01
 13  0.08561  3.78417e+01 | 14  0.08402  5.00860e+01 | 15  0.07778  9.81957e+00
 16  0.88487 -3.63104e+02 | 17 -0.15267  2.91880e+02 | 18 -0.15426 -1.77808e+03
 19 -0.16673 -1.64586e+03 | 20 -0.19500 -9.35299e+02 | 21 -0.19786 -1.77631e+03
 22 -0.11796 -7.08395e+02 | 23  0.00793 -1.38478e+03 | 24  0.02556 -6.60606e+02
 25  0.03048 -5.30631e+02 | 26  0.03898 -4.11341e+02 | 27  0.04461 -1.34692e+02
 28  0.04865  9.53608e+02 | 29  0.04669  6.00851e+02 | 30  0.04311 -1.77907e+03
 31  0.03805 -1.53043e+03 | 32  0.04851  4.76235e+02 | 33  0.05110 -4.38897e+02
 34  0.05248  3.84915e+02 | 35  0.04745 -1.19820e+03 | 36  0.05124 -1.01430e+03
 37  0.05556 -1.22098e+03 | 38  0.06719  3.83204e+03 | 39  0.06601  4.74383e+03
 40  0.06225 -1.12000e+03 | 41  0.06923  4.50236e+03 | 42  0.06512  4.89694e+03
 43  0.03894 -1.43549e+03 | 44 -0.02445 -2.41588e+02 | 45  0.20974  9.62423e+04
 46 -0.09111  1.66365e+03 | 47 -0.07874  1.95094e+03 | 48 -0.05819  3.29880e+03
 49 -0.04167  3.44484e+03 | 50 -0.04302  6.57748e+02 | 51 -0.02896  1.75540e+03
 52 -0.01823  1.83612e+03 | 53 -0.01150  9.55715e+02 | 54 -0.00414  1.25591e+02
 55  0.00509  1.22734e+03 | 56  0.00961  3.43508e+02 | 57  0.01317 -9.67658e+02
 58  0.02264  3.75348e+03 | 59  0.01090  1.57527e+02 | 60  0.01609  5.82959e+02
 61  0.02219  1.40355e+03 | 62  0.01798 -1.01303e+03 | 63  0.02269  2.34007e+03
 64  0.02261  1.50286e+03 | 65  0.02191  1.10732e+03 | 66  0.01419 -2.94263e+03
 67  0.02052 -1.47911e+03 | 68  0.02674  1.43325e+03 | 69  0.01991 -3.06117e+03
 70  0.00862 -6.03568e+03 | 71 -0.00223 -5.57845e+03 | 72  0.06047 -1.97015e+03
 73  0.04433 -4.86739e+03 |
1 0 29426.9
1 0 29426
1 0 29425.5
1 0 29425.1
1 0 29424.5
1 0 29423.7
1 0 29423.8
1 0 29423.3
1 0 29423.1
1 0 29422.8
1 0 29422.5
73 variables; iteration 40; function evaluation 53; phase 1
Function value   2.9422546e+04; maximum gradient component mag   9.5875e+04
Var   Value    Gradient   |Var   Value    Gradient   |Var   Value    Gradient
  1  0.29089  1.55318e+02 |  2  0.26968  4.26028e+01 |  3  0.21482  9.25574e+01
  4  0.16225  5.85994e+01 |  5  0.12206  1.05529e+01 |  6  0.09686  2.53003e+01
  7  0.07591 -3.75756e+01 |  8  0.07437  3.76801e+01 |  9  0.06942  5.13515e+00
 10  0.07031  3.57489e+01 | 11  0.06808  2.71730e+01 | 12  0.06510  2.92737e+01
 13  0.06031 -6.62867e+00 | 14  0.06392  2.71129e+01 | 15  0.06632  3.24261e+01
 16  0.88481 -3.76942e+02 | 17 -0.15263  4.56410e+01 | 18 -0.15554 -1.91686e+03
 19 -0.16787 -1.67231e+03 | 20 -0.19676 -1.01287e+03 | 21 -0.19825 -1.73375e+03
 22 -0.11799 -7.14421e+02 | 23  0.00916 -1.34388e+03 | 24  0.02618 -5.97381e+02
 25  0.03015 -5.36475e+02 | 26  0.03853 -4.38779e+02 | 27  0.04397 -1.76497e+02
 28  0.04874  9.71493e+02 | 29  0.04812  8.15413e+02 | 30  0.04258 -1.86828e+03
 31  0.03790 -1.51490e+03 | 32  0.04986  6.75017e+02 | 33  0.05120 -3.92359e+02
 34  0.05278  4.39160e+02 | 35  0.04674 -1.26309e+03 | 36  0.05042 -1.05225e+03
 37  0.05599 -1.13478e+03 | 38  0.06726  3.86604e+03 | 39  0.06580  4.68317e+03
 40  0.06191 -1.19283e+03 | 41  0.06929  4.53304e+03 | 42  0.06509  4.92183e+03
 43  0.03843 -1.48055e+03 | 44 -0.02105 -1.96916e+02 | 45  0.20879  9.58750e+04
 46 -0.09089  1.53341e+03 | 47 -0.07774  2.00282e+03 | 48 -0.05761  3.21337e+03
 49 -0.04065  3.51786e+03 | 50 -0.04226  6.84994e+02 | 51 -0.02846  1.63830e+03
 52 -0.01768  1.81172e+03 | 53 -0.01100  9.79242e+02 | 54 -0.00374  1.15518e+02
 55  0.00541  1.19800e+03 | 56  0.01036  3.62381e+02 | 57  0.01465 -8.64518e+02
 58  0.02342  3.92144e+03 | 59  0.01159  1.27427e+02 | 60  0.01740  6.38314e+02
 61  0.02277  1.38465e+03 | 62  0.01880 -9.69850e+02 | 63  0.02286  2.31733e+03
 64  0.02262  1.39961e+03 | 65  0.02283  1.12695e+03 | 66  0.01493 -2.90780e+03
 67  0.02104 -1.47641e+03 | 68  0.02724  1.46136e+03 | 69  0.02063 -3.03553e+03
 70  0.00948 -5.98763e+03 | 71 -0.00199 -5.59735e+03 | 72  0.05808 -2.02386e+03
 73  0.02982 -4.92363e+03 |
1 0 29422
1 0 29421.3
1 0 29420.7
1 0 29420.2
1 0 29420.1
1 0 29420
1 0 29419.8
1 0 29419.4
1 0 29418.9
1 0 29418.8
73 variables; iteration 50; function evaluation 63; phase 1
Function value   2.9418861e+04; maximum gradient component mag   9.5893e+04
Var   Value    Gradient   |Var   Value    Gradient   |Var   Value    Gradient
  1  0.29332  2.88943e+02 |  2  0.26882  1.81414e+01 |  3  0.21435  6.54894e+01
  4  0.16600  5.30357e+01 |  5  0.13261  2.14158e+01 |  6  0.11488  7.98925e+01
  7  0.09007  3.36237e+00 |  8  0.07507  2.68598e+01 |  9  0.05987 -1.00095e+01
 10  0.05349  2.18029e+01 | 11  0.04559  1.22322e+00 | 12  0.04162  3.47241e+00
 13  0.04058  3.62552e-01 | 14  0.04334  3.21644e+01 | 15  0.04061  4.10001e+00
 16  0.88481 -3.57181e+02 | 17 -0.15136  8.56265e+01 | 18 -0.15489 -1.91068e+03
 19 -0.16662 -1.58903e+03 | 20 -0.19613 -9.79145e+02 | 21 -0.19862 -1.78338e+03
 22 -0.11812 -7.30418e+02 | 23  0.01004 -1.34803e+03 | 24  0.02440 -6.84809e+02
 25  0.02969 -6.33973e+02 | 26  0.03857 -3.92999e+02 | 27  0.04374 -1.27578e+02
 28  0.04757  6.25367e+02 | 29  0.04866  9.92939e+02 | 30  0.04202 -1.88333e+03
 31  0.03788 -1.57707e+03 | 32  0.05014  6.50704e+02 | 33  0.05031 -4.50441e+02
 34  0.05307  5.51338e+02 | 35  0.04663 -1.27135e+03 | 36  0.04981 -1.16544e+03
 37  0.05559 -1.23761e+03 | 38  0.06705  3.86752e+03 | 39  0.06590  4.69742e+03
 40  0.06278 -1.02265e+03 | 41  0.06972  4.66153e+03 | 42  0.06570  5.05520e+03
 43  0.03927 -1.44455e+03 | 44 -0.02258 -1.80966e+02 | 45  0.20955  9.58935e+04
 46 -0.09121  1.60838e+03 | 47 -0.07801  2.09090e+03 | 48 -0.05798  3.26569e+03
 49 -0.04113  3.52659e+03 | 50 -0.04309  5.73856e+02 | 51 -0.02898  1.70438e+03
 52 -0.01869  1.74833e+03 | 53 -0.01116  1.17278e+03 | 54 -0.00495 -1.35324e+02
 55  0.00432  1.03000e+03 | 56  0.01052  7.80421e+02 | 57  0.01364 -1.11676e+03
 58  0.02257  3.87866e+03 | 59  0.01153  2.75846e+02 | 60  0.01716  7.08534e+02
 61  0.02124  1.17636e+03 | 62  0.01798 -1.10484e+03 | 63  0.02210  2.27752e+03
 64  0.02192  1.45322e+03 | 65  0.02205  1.12284e+03 | 66  0.01361 -3.09521e+03
 67  0.02050 -1.48486e+03 | 68  0.02730  1.50264e+03 | 69  0.02038 -3.01132e+03
 70  0.00944 -5.91747e+03 | 71 -0.00191 -5.53718e+03 | 72  0.05957 -1.94605e+03
 73  0.04325 -4.84832e+03 |
1 0 29418.5
1 0 29418.2
1 0 29417.6
1 0 29416.6
1 0 29415.8
1 0 29414.6
1 0 29412.5
1 0 29409.6
1 0 29407.2
1 0 29403.6
73 variables; iteration 60; function evaluation 73; phase 1
Function value   2.9403659e+04; maximum gradient component mag   9.5749e+04
Var   Value    Gradient   |Var   Value    Gradient   |Var   Value    Gradient
  1  0.29173  2.11264e+02 |  2  0.26939  3.82383e+01 |  3  0.21221  7.88493e+01
  4  0.15793  2.29901e+01 |  5  0.12406 -7.59208e+00 |  6  0.11153  5.81345e+01
  7  0.09788  1.36252e+01 |  8  0.09341  3.70068e+01 |  9  0.09026  5.83409e+01
 10  0.08141  1.11971e+02 | 11  0.04861  6.74487e+00 | 12  0.01866 -4.53336e+01
 13  0.00474 -2.37472e+01 | 14 -0.00032  3.04175e+01 | 15 -0.01296 -3.82576e+01
 16  0.88411 -3.75362e+02 | 17 -0.15283  5.01367e+01 | 18 -0.15426 -1.81613e+03
 19 -0.16681 -1.64362e+03 | 20 -0.19473 -8.65279e+02 | 21 -0.19842 -1.81215e+03
 22 -0.11776 -6.81863e+02 | 23  0.00975 -1.32973e+03 | 24  0.02562 -5.97499e+02
 25  0.03319 -3.94608e+02 | 26  0.03929 -3.30969e+02 | 27  0.04204 -2.81332e+02
 28  0.04669  5.22497e+02 | 29  0.04786  8.50488e+02 | 30  0.03711 -2.06565e+03
 31  0.04120 -1.43244e+03 | 32  0.05025  6.57281e+02 | 33  0.04935 -5.57881e+02
 34  0.05324  5.78381e+02 | 35  0.04968 -9.63863e+02 | 36  0.04654 -1.36582e+03
 37  0.05672 -1.08578e+03 | 38  0.06687  3.82961e+03 | 39  0.06593  4.76292e+03
 40  0.06202 -1.14670e+03 | 41  0.06973  4.69054e+03 | 42  0.06558  4.98797e+03
 43  0.03900 -1.47957e+03 | 44 -0.02247 -2.06115e+02 | 45  0.20915  9.57492e+04
 46 -0.09076  1.66310e+03 | 47 -0.07822  2.00340e+03 | 48 -0.05789  3.23819e+03
 49 -0.04119  3.47954e+03 | 50 -0.04279  5.83530e+02 | 51 -0.02856  1.71088e+03
 52 -0.01784  1.77572e+03 | 53 -0.01005  1.18320e+03 | 54 -0.00454 -6.44382e+01
 55  0.00377  9.84873e+02 | 56  0.01039  7.42639e+02 | 57  0.01360 -1.06101e+03
 58  0.02129  3.81372e+03 | 59  0.01374  4.32253e+02 | 60  0.01751  7.70216e+02
 61  0.02105  1.15837e+03 | 62  0.01858 -1.06433e+03 | 63  0.02342  2.30291e+03
 64  0.02019  1.25441e+03 | 65  0.02323  1.20128e+03 | 66  0.01357 -3.13569e+03
 67  0.02055 -1.55190e+03 | 68  0.02686  1.40934e+03 | 69  0.02054 -3.03569e+03
 70  0.00968 -5.89708e+03 | 71 -0.00135 -5.42324e+03 | 72  0.05913 -1.99943e+03
 73  0.03791 -4.87514e+03 |
1 0 29397.9
1 0 29394.5
1 0 29388.7
1 0 29378.6
1 0 29368.5
1 0 29352.9
1 0 29323.7
1 0 29287.9
1 0 29219.8
1 0 28907.2
1 0 28311.9
73 variables; iteration 70; function evaluation 84; phase 1
Function value   2.8311974e+04; maximum gradient component mag   6.2722e+04
Var   Value    Gradient   |Var   Value    Gradient   |Var   Value    Gradient
  1  0.28676  2.90474e+02 |  2  0.25487  3.71581e+02 |  3  0.10782 -5.46215e+02
  4  0.13981  9.30142e+00 |  5  0.20624  1.14418e+03 |  6  0.13927  3.95182e+02
  7  0.01179 -6.78634e+02 |  8  0.09278  4.20660e+02 |  9  0.06853 -3.21487e+01
 10  0.06758  2.61936e+01 | 11  0.07220  5.24040e+01 | 12  0.07624 -1.79506e+01
 13  0.10295  5.82567e+02 | 14 -0.01621  2.66913e+02 | 15 -0.21730 -6.17965e+02
 16  0.78657 -2.03134e+03 | 17 -0.16351 -3.75253e+02 | 18 -0.14718 -7.38357e+02
 19 -0.15016 -2.02846e+02 | 20 -0.18022 -1.45090e+03 | 21 -0.15902 -5.66753e+02
 22 -0.12868 -6.32114e+02 | 23 -0.01834 -8.43319e+02 | 24  0.01548 -2.28682e+02
 25  0.02228 -3.49929e+02 | 26  0.04141  2.83468e+02 | 27  0.03334 -2.54574e+02
 28  0.03583  1.21292e+02 | 29  0.04127  2.53573e+02 | 30  0.03750 -9.70502e+02
 31  0.04373 -2.76098e+02 | 32  0.03998  4.87699e+01 | 33  0.04315 -6.90418e+02
 34  0.04937  4.97288e+01 | 35  0.04980 -3.59773e+02 | 36  0.04912 -6.01750e+02
 37  0.05388 -7.02450e+02 | 38  0.06470  2.12916e+03 | 39  0.06288  3.07443e+03
 40  0.05921 -1.08385e+03 | 41  0.06772  2.74692e+03 | 42  0.06500  2.27710e+03
 43  0.05374  1.26539e+02 | 44  0.01061  1.91528e+02 | 45  0.19095  6.27215e+04
 46 -0.08831  8.63532e+02 | 47 -0.07780  6.91429e+02 | 48 -0.06321  1.10929e+03
 49 -0.04889  1.62384e+03 | 50 -0.04310  3.78319e+02 | 51 -0.02944  5.87074e+02
 52 -0.01476  1.58387e+03 | 53 -0.00615  1.12093e+03 | 54  0.00213  3.57343e+02
 55  0.00378  1.85494e+02 | 56  0.01116  2.28987e+02 | 57  0.01746 -5.67396e+02
 58  0.02394  2.59572e+03 | 59  0.01672  8.73458e+00 | 60  0.01818  6.65478e+02
 61  0.02477  1.52217e+03 | 62  0.02326 -4.18233e+02 | 63  0.02791  2.03091e+03
 64  0.02585  1.38775e+03 | 65  0.02471  7.45765e+02 | 66  0.02089 -1.70547e+03
 67  0.02538 -1.04842e+03 | 68  0.02871  1.05338e+03 | 69  0.02688 -1.90764e+03
 70  0.02049 -3.21202e+03 | 71  0.01604 -2.78985e+03 | 72  0.04368 -1.84667e+03
 73 -0.02834 -3.48556e+03 |
1 0 27969.8
1 0 81116.7
1 0 27968.4
1 0 27959.5
1 0 28351
1 0 27959.2
1 0 27958.7
1 0 27954.6
1 0 27945.4
1 0 27858.7
1 0 27687.1
1 0 27431.3
1 0 27303.8
1 0 27250
1 0 27190.2
73 variables; iteration 80; function evaluation 99; phase 1
Function value   2.7190240e+04; maximum gradient component mag  -3.3843e+03
Var   Value    Gradient   |Var   Value    Gradient   |Var   Value    Gradient
  1  0.29172  3.03250e+02 |  2  0.25867  2.44806e+02 |  3  0.19201  6.91938e+01
  4  0.14969  1.75877e+01 |  5  0.14025  2.12293e+02 |  6  0.10668  2.14544e+01
  7  0.08902  1.70111e+02 |  8  0.03529 -1.07771e+02 |  9  0.01880 -2.71156e+01
 10  0.01364 -5.95698e+01 | 11  0.02923  1.44156e+02 | 12  0.00563  6.23485e+01
 13 -0.03429 -2.75531e+02 | 14  0.00961  8.49299e+01 | 15  0.03068  8.46886e+01
 16  0.91206 -1.33946e+02 | 17 -0.17088 -6.61727e+02 | 18 -0.15115 -4.22452e+02
 19 -0.14851 -1.72970e+02 | 20 -0.15187  1.31376e+01 | 21 -0.13492  2.29676e+02
 22 -0.03789 -1.27186e+03 | 23  0.02732  9.48319e+02 | 24  0.00735 -6.08301e+02
 25  0.02104  1.45507e+02 | 26  0.03092  3.27271e+02 | 27  0.02825  4.28223e+01
 28  0.02829  2.22300e+02 | 29  0.03238  1.12620e+02 | 30  0.03060  1.84549e+02
 31  0.03593  3.72447e+02 | 32  0.02979  9.79014e+01 | 33  0.03588  3.24507e+02
 34  0.03882  6.37043e+00 | 35  0.03608  1.94719e+02 | 36  0.03772  9.88582e+01
 37  0.04326  9.09866e+01 | 38  0.04347 -4.92196e+02 | 39  0.03397 -6.53660e+02
 40  0.04886  1.91962e+02 | 41  0.04662 -5.98462e+02 | 42  0.05009 -3.02407e+02
 43  0.05590  1.34010e+03 | 44  0.04547 -6.93036e+01 | 45  0.17432 -3.38428e+03
 46 -0.09450  5.50761e+02 | 47 -0.08219  1.70339e+02 | 48 -0.06713  2.87207e+02
 49 -0.06050 -4.30200e+02 | 50 -0.03369  1.28118e+03 | 51 -0.02762 -1.30058e+03
 52 -0.02149 -6.27777e+02 | 53 -0.00843  1.15528e+02 | 54  0.00107  8.67555e+01
 55  0.00474 -2.99555e+00 | 56  0.01117 -4.47866e+01 | 57  0.01939 -1.57551e+01
 58  0.01699 -4.15028e+02 | 59  0.01603 -1.04063e+02 | 60  0.01575 -4.49019e+01
 61  0.02008 -3.49704e+02 | 62  0.02354  7.78677e+01 | 63  0.01955 -3.13167e+02
 64  0.01980 -2.15228e+02 | 65  0.02129 -1.21020e+02 | 66  0.02186  3.58498e+02
 67  0.02165 -3.43495e+01 | 68  0.02389 -2.27493e+02 | 69  0.02889  3.53298e+02
 70  0.02833  2.23370e+02 | 71  0.02865 -9.93180e+01 | 72  0.03066  1.73707e+02
 73  0.02069  8.78765e+01 |
1 0 27147.2
1 0 27125.7
1 0 27122.6
1 0 27120.8
1 0 27119.9
1 0 27119.1
1 0 27118.2
1 0 27116.4
1 0 27113.6
1 0 27114.4
1 0 27112.3
73 variables; iteration 90; function evaluation 110; phase 1
Function value   2.7112311e+04; maximum gradient component mag  -5.9950e+02
Var   Value    Gradient   |Var   Value    Gradient   |Var   Value    Gradient
  1  0.29150 -1.89033e+02 |  2  0.26710 -5.20715e+01 |  3  0.19153 -1.03366e+02
  4  0.14961  1.59897e+01 |  5  0.11598  1.26395e+01 |  6  0.08952  1.58826e+01
  7  0.06550 -7.82056e+00 |  8  0.04830  1.21146e+01 |  9  0.03045  8.33656e+00
 10  0.01208 -9.84339e+00 | 11 -0.00206 -2.47584e+01 | 12 -0.00785  5.01236e-01
 13 -0.01302 -4.81553e+00 | 14 -0.01604  1.38043e+01 | 15 -0.02256 -1.98457e+01
 16  1.05560  2.62542e+02 | 17 -0.15795  5.34113e+02 | 18 -0.15296 -1.48543e+02
 19 -0.14927  5.80527e+01 | 20 -0.15076  8.87683e+01 | 21 -0.09131 -5.99504e+02
 22 -0.00275 -4.05198e+01 | 23  0.01902 -4.21952e+01 | 24  0.01114  7.33428e+00
 25  0.01494  2.09511e+01 | 26  0.02485  1.24501e+02 | 27  0.02422  4.81549e+01
 28  0.02369  1.91789e+02 | 29  0.02812  4.85096e+01 | 30  0.02586 -4.46222e+01
 31  0.03007  8.13700e+01 | 32  0.02571  9.29413e+01 | 33  0.03098  2.68861e+01
 34  0.03516 -2.69560e+01 | 35  0.03248  1.31138e+01 | 36  0.03397 -8.55730e+01
 37  0.04029  8.84004e+00 | 38  0.04283 -4.27533e+01 | 39  0.03676  7.45510e+01
 40  0.04605 -5.20995e+01 | 41  0.04572 -4.17309e+01 | 42  0.04663 -2.57322e+02
 43  0.04728  2.46820e+01 | 44  0.03374  1.29324e+02 | 45  0.17496  1.99906e+02
 46 -0.09749  1.55486e+01 | 47 -0.08419 -1.90375e+02 | 48 -0.07357 -2.75055e+01
 49 -0.05165  4.21776e+02 | 50 -0.03539 -1.66481e+02 | 51 -0.02583  9.67703e+01
 52 -0.01870 -1.07220e-01 | 53 -0.00957 -1.30840e+01 | 54 -0.00066 -1.26837e+01
 55  0.00416  6.17975e+01 | 56  0.01013 -1.52512e+02 | 57  0.01836 -4.98870e+00
 58  0.01726  2.93412e+01 | 59  0.01449 -3.10080e+01 | 60  0.01511 -3.99464e+01
 61  0.02016  5.12334e+01 | 62  0.02242  5.31720e+01 | 63  0.01995  7.65847e+01
 64  0.02009  1.43189e+02 | 65  0.02089  4.72492e+00 | 66  0.02066 -3.02918e+01
 67  0.02317  3.37240e+01 | 68  0.02439  8.87318e+01 | 69  0.02739 -8.49917e+01
 70  0.02629 -1.12022e+02 | 71  0.02591  5.32312e+01 | 72  0.03381  1.43366e+01
 73  0.03202 -1.09134e+01 |
1 0 27110.1
1 0 27106.1
1 0 27099.3
1 0 27089
1 0 27081.9
1 0 27078.5
1 0 27075.4
1 0 27074.8
1 0 27074.5
1 0 27074.3
73 variables; iteration 100; function evaluation 120; phase 1
Function value   2.7074296e+04; maximum gradient component mag   1.0193e+02
Var   Value    Gradient   |Var   Value    Gradient   |Var   Value    Gradient
  1  0.29068 -4.26955e+01 |  2  0.24736 -1.57716e+01 |  3  0.17982 -1.87677e+00
  4  0.12678  4.10842e-01 |  5  0.08984  1.40641e+00 |  6  0.06292 -8.84238e-01
  7  0.04267 -4.53288e-01 |  8  0.02666 -8.60972e-01 |  9  0.01369  1.16999e+00
 10  0.00240 -3.82433e+00 | 11 -0.00623 -5.93912e+00 | 12 -0.01187 -1.79409e+00
 13 -0.01592 -2.72512e+00 | 14 -0.01821  1.25752e-01 | 15 -0.01966 -2.00082e+00
 16  0.99961 -2.02651e+00 | 17 -0.18603  9.25584e+01 | 18 -0.15351  1.58629e+01
 19 -0.15021  9.78727e+00 | 20 -0.15122 -2.86947e+01 | 21 -0.03516  6.98325e+00
 22  0.00347  4.55920e-01 | 23  0.01859 -4.95771e+00 | 24  0.00991  1.50216e+00
 25  0.01345  3.96696e+00 | 26  0.02246  4.95379e+00 | 27  0.02223  3.33046e+00
 28  0.02091  1.03710e+01 | 29  0.02647  3.30888e+00 | 30  0.02487 -2.37821e+01
 31  0.02850  2.04123e+01 | 32  0.02379  6.37079e+00 | 33  0.02949 -3.29616e+00
 34  0.03423  3.28021e+00 | 35  0.03123  3.48383e-01 | 36  0.03330  6.75982e-01
 37  0.03933 -6.89777e+00 | 38  0.04209 -2.42954e+01 | 39  0.03517 -9.64085e+00
 40  0.04529 -6.14349e+00 | 41  0.04536 -2.58169e+01 | 42  0.04726 -4.79430e+01
 43  0.04584 -5.83594e+00 | 44  0.02631  1.28687e+01 | 45  0.17519  1.01925e+02
 46 -0.09794  8.86458e+00 | 47 -0.08360 -1.12463e+01 | 48 -0.07577  7.55583e+00
 49 -0.05125 -5.19137e+01 | 50 -0.03447 -2.11049e+01 | 51 -0.02624  7.49557e+00
 52 -0.01895  1.13725e+01 | 53 -0.00982  1.69726e+00 | 54 -0.00126  2.95136e-02
 55  0.00348 -5.14747e+00 | 56  0.00998 -2.20703e+00 | 57  0.01787 -6.36403e+00
 58  0.01691  2.66044e+00 | 59  0.01409  5.02325e+00 | 60  0.01473 -8.97619e+00
 61  0.01959  1.14344e+01 | 62  0.02195 -2.26949e+00 | 63  0.01934  1.09998e+01
 64  0.01947  5.88183e+00 | 65  0.02058  9.30998e+00 | 66  0.02058  4.35445e+00
 67  0.02258  3.94873e+00 | 68  0.02388  1.91284e+01 | 69  0.02757 -3.20967e+00
 70  0.02716  3.53116e+00 | 71  0.02552  9.43072e+00 | 72  0.03657 -6.41716e+00
 73  0.03666 -4.53498e+00 |
1 0 27074.1
1 0 27074
1 0 27073.9
1 0 27073.8
1 0 27073.7
1 0 27073.7
1 0 27073.6
1 0 27073.6
1 0 27073.6
1 0 27073.6
73 variables; iteration 110; function evaluation 130; phase 1
Function value   2.7073618e+04; maximum gradient component mag   3.7215e+00
Var   Value    Gradient   |Var   Value    Gradient   |Var   Value    Gradient
  1  0.29069 -3.96341e-01 |  2  0.24113 -4.97218e-01 |  3  0.17232 -5.87826e-01
  4  0.11971  2.64474e-02 |  5  0.08367  1.52165e-01 |  6  0.05828 -3.36290e-02
  7  0.03964  4.47539e-02 |  8  0.02548 -7.93478e-02 |  9  0.01451  1.66043e-01
 10  0.00590 -1.16282e-01 | 11 -0.00075 -1.03853e-02 | 12 -0.00579  7.10451e-03
 13 -0.00943 -7.54675e-02 | 14 -0.01177  5.40540e-02 | 15 -0.01294 -6.67575e-02
 16  0.99993 -3.14390e-01 | 17 -0.20117  5.35960e-01 | 18 -0.15376 -1.71791e+00
 19 -0.14991  1.20353e+00 | 20 -0.15032 -3.09864e-01 | 21 -0.03334  2.07559e-02
 22  0.00447  3.27159e-01 | 23  0.01921 -2.43651e-02 | 24  0.01047 -1.56667e+00
 25  0.01402  9.65045e-01 | 26  0.02291 -5.70050e-01 | 27  0.02272  9.28687e-02
 28  0.02132  8.59721e-02 | 29  0.02692  5.02192e-02 | 30  0.02556  3.58739e-02
 31  0.02875  2.46585e-01 | 32  0.02421 -4.56782e-02 | 33  0.02992 -5.04981e-02
 34  0.03459  2.60331e-01 | 35  0.03158  3.22548e-01 | 36  0.03367 -7.11335e-02
 37  0.03969  1.20438e-01 | 38  0.04255  7.93214e-01 | 39  0.03558 -5.11341e-01
 40  0.04561 -1.31955e-01 | 41  0.04584  9.36245e-01 | 42  0.04780  1.37419e+00
 43  0.04622 -1.24224e+00 | 44  0.02762 -2.04087e-01 | 45  0.17525 -1.19209e-01
 46 -0.09837  3.72150e+00 | 47 -0.08364  1.65578e+00 | 48 -0.07565  2.45502e-02
 49 -0.05108 -1.05094e+00 | 50 -0.03432  2.39923e-01 | 51 -0.02618  8.32702e-02
 52 -0.01896  9.61440e-01 | 53 -0.00980  1.07424e+00 | 54 -0.00120 -1.97178e-01
 55  0.00355 -2.19404e-02 | 56  0.01000 -6.76304e-01 | 57  0.01797 -3.92650e-01
 58  0.01705  5.51272e-01 | 59  0.01410 -4.83207e-01 | 60  0.01479 -6.10816e-01
 61  0.01963 -3.63240e-01 | 62  0.02203 -4.10627e-01 | 63  0.01936 -3.28339e-01
 64  0.01951  9.93438e-02 | 65  0.02063 -4.08699e-01 | 66  0.02070 -7.73074e-01
 67  0.02264  2.05177e-02 | 68  0.02386 -4.47768e-01 | 69  0.02774 -5.75980e-01
 70  0.02735 -1.09695e+00 | 71  0.02556  1.25986e-01 | 72  0.03597 -2.25638e-01
 73  0.03597  8.30668e-03 |
1 0 27073.6
1 0 27073.6
1 0 27073.6
1 0 27073.6
1 0 27073.6
1 0 27073.6

 - final statistics:
73 variables; iteration 116; function evaluation 136
Function value   2.7074e+04; maximum gradient component mag   2.4773e-02
Exit code = 1;  converg criter   1.0000e-01
Var   Value    Gradient   |Var   Value    Gradient   |Var   Value    Gradient
  1  0.29070 -7.47273e-03 |  2  0.24112 -3.84736e-03 |  3  0.17235 -5.80493e-03
  4  0.11969 -3.13125e-04 |  5  0.08362  2.00410e-04 |  6  0.05824  4.43076e-04
  7  0.03961  5.79494e-04 |  8  0.02545 -3.30915e-04 |  9  0.01448 -3.70602e-04
 10  0.00592  1.89498e-04 | 11 -0.00072  3.52778e-04 | 12 -0.00575  2.07919e-04
 13 -0.00937 -1.87477e-03 | 14 -0.01171  4.51461e-04 | 15 -0.01286  1.91439e-04
 16  0.99999 -2.19327e-02 | 17 -0.20122  5.97080e-03 | 18 -0.15376  6.33636e-04
 19 -0.14991 -3.41256e-03 | 20 -0.15032  1.05099e-03 | 21 -0.03333  2.37067e-03
 22  0.00446  7.09314e-04 | 23  0.01922 -6.36695e-04 | 24  0.01049  1.24547e-03
 25  0.01401 -5.16622e-03 | 26  0.02292 -4.13839e-03 | 27  0.02272 -2.90805e-03
 28  0.02132 -3.74579e-03 | 29  0.02692 -1.12860e-03 | 30  0.02556 -6.45019e-03
 31  0.02875 -3.00555e-03 | 32  0.02421 -3.23354e-03 | 33  0.02993 -2.57047e-03
 34  0.03459  4.56978e-03 | 35  0.03158  2.66143e-03 | 36  0.03367 -3.11568e-03
 37  0.03969  2.18906e-03 | 38  0.04255  2.97172e-03 | 39  0.03559  1.11267e-02
 40  0.04561  5.14972e-03 | 41  0.04584  1.77980e-03 | 42  0.04779 -4.39546e-03
 43  0.04622  3.32816e-03 | 44  0.02763  4.70824e-03 | 45  0.17525 -2.34797e-02
 46 -0.09839  2.07844e-02 | 47 -0.08365 -2.46338e-02 | 48 -0.07564  2.47730e-02
 49 -0.05107 -1.93473e-03 | 50 -0.03432  1.00675e-03 | 51 -0.02618  1.01635e-03
 52 -0.01896 -2.41150e-04 | 53 -0.00980 -6.93435e-04 | 54 -0.00120 -4.37084e-04
 55  0.00355  1.74793e-03 | 56  0.01000 -1.42916e-03 | 57  0.01797 -2.82415e-03
 58  0.01705  3.44450e-03 | 59  0.01411 -3.22259e-03 | 60  0.01480  2.32059e-03
 61  0.01963 -2.21102e-03 | 62  0.02203 -4.14544e-03 | 63  0.01936 -2.98146e-03
 64  0.01951 -1.39523e-03 | 65  0.02063 -5.76762e-04 | 66  0.02070 -3.72441e-03
 67  0.02264 -4.75259e-03 | 68  0.02386 -1.72731e-03 | 69  0.02774 -1.96702e-03
 70  0.02735 -3.13162e-03 | 71  0.02556  1.19898e-03 | 72  0.03597  7.76724e-03
 73  0.03597  2.68002e-04 |
1 0 27073.6
B0234224
0.3 0.291148
0.249555 0.333616
0.237873 0.345239
0.234637 0.348598
0.233697 0.349586
0.233421 0.349877
0.233339 0.349964
0.233315 0.349989
0.233307 0.349997
0.233305 0.349999
0.233305 0.35
0.233304 0.35
0.233304 0.35
0.233304 0.35
0.233304 0.35
0.233304 0.35
0.233304 0.35
0.233304 0.35
0.233304 0.35
0.233304 0.35
0.233304 0.35
FutMOrt0.0552642
FutMOrt0.0552642
FutMOrt0.0552642
FutMOrt0.0552642
FutMOrt0.0552642
FutMOrt0.0552642
FutMOrt0.0552642
FutMOrt0.0552642
FutMOrt0.0552642
FutMOrt0.0552642
2 0 27073.6

Initial statistics: 77 variables; iteration 0; function evaluation 0; phase 2
Function value   2.7073617e+04; maximum gradient component mag   9.2873e+04
Var   Value    Gradient   |Var   Value    Gradient   |Var   Value    Gradient
  1 -0.80908 -1.17911e+02 |  2 -0.69609 -3.56796e+02 |  3  0.29070 -7.47273e-03
  4  0.24112 -3.84736e-03 |  5  0.17235 -5.80493e-03 |  6  0.11969 -3.13125e-04
  7  0.08362  2.00410e-04 |  8  0.05824  4.43076e-04 |  9  0.03961  5.79494e-04
 10  0.02545 -3.30915e-04 | 11  0.01448 -3.70602e-04 | 12  0.00592  1.89498e-04
 13 -0.00072  3.52778e-04 | 14 -0.00575  2.07919e-04 | 15 -0.00937 -1.87477e-03
 16 -0.01171  4.51461e-04 | 17 -0.01286  1.91439e-04 | 18  0.99999 -2.19327e-02
 19 -0.20122  5.73810e-03 | 20 -0.15376  3.95918e-04 | 21 -0.14991 -3.65062e-03
 22 -0.15032  8.12954e-04 | 23 -0.03333  2.12618e-03 | 24  0.00446  4.64496e-04
 25  0.01922 -8.81408e-04 | 26  0.01049  1.00068e-03 | 27  0.01401 -5.41099e-03
 28  0.02292 -4.38306e-03 | 29  0.02272 -3.15272e-03 | 30  0.02132 -3.99047e-03
 31  0.02692 -1.37321e-03 | 32  0.02556 -6.69481e-03 | 33  0.02875 -3.25012e-03
 34  0.02421 -3.47818e-03 | 35  0.02993 -2.81503e-03 | 36  0.03459  4.32532e-03
 37  0.03158  2.41690e-03 | 38  0.03367 -3.36016e-03 | 39  0.03969  1.94471e-03
 40  0.04255  2.72744e-03 | 41  0.03559  1.08823e-02 | 42  0.04561  4.90552e-03
 43  0.04584  1.53561e-03 | 44  0.04779 -4.63959e-03 | 45  0.04622  3.08398e-03
 46  0.02763  4.46364e-03 | 47  0.17525 -2.34797e-02 | 48 -0.09839  2.06960e-02
 49 -0.08365 -2.47225e-02 | 50 -0.07564  2.46843e-02 | 51 -0.05107 -2.02387e-03
 52 -0.03432  9.17453e-04 | 53 -0.02618  9.27004e-04 | 54 -0.01896 -3.30535e-04
 55 -0.00980 -7.82848e-04 | 56 -0.00120 -5.26508e-04 | 57  0.00355  1.65851e-03
 58  0.01000 -1.51858e-03 | 59  0.01797 -2.91354e-03 | 60  0.01705  3.35510e-03
 61  0.01411 -3.31200e-03 | 62  0.01480  2.23119e-03 | 63  0.01963 -2.30041e-03
 64  0.02203 -4.23481e-03 | 65  0.01936 -3.07084e-03 | 66  0.01951 -1.48462e-03
 67  0.02063 -6.66139e-04 | 68  0.02070 -3.81379e-03 | 69  0.02264 -4.84195e-03
 70  0.02386 -1.81668e-03 | 71  0.02774 -2.05636e-03 | 72  0.02735 -3.22096e-03
 73  0.02556  1.10963e-03 | 74  0.03597  7.67796e-03 | 75  0.03597  1.78720e-04
 76 -0.58361  9.28730e+04 | 77 -0.61026 -5.75673e+04 |
2 0 27073.6
2 0 27073.4
2 0 27071.5
2 0 27057.1
2 0 27071
2 0 27051.3
2 0 27043.5
2 0 27031.7
2 0 27018.6
2 0 27020.8
2 0 27014.6
2 0 27010.1
2 0 27004
2 0 26995.2
2 0 26987.9

Intermediate statistics: 77 variables; iteration 10; function evaluation 15; phase 2
Function value   2.6988624e+04; maximum gradient component mag  -1.3580e+04
Var   Value    Gradient   |Var   Value    Gradient   |Var   Value    Gradient
  1 -0.77163 -2.90086e+02 |  2 -0.61487 -2.36382e+02 |  3  0.29889  2.19713e+02
  4  0.26811 -1.74408e+02 |  5  0.18373 -1.37569e+02 |  6  0.12404 -6.51041e+01
  7  0.08561 -3.04925e+01 |  8  0.05934 -1.63521e+01 |  9  0.04031 -1.00257e+01
 10  0.02596 -6.82433e+00 | 11  0.01487 -5.03431e+00 | 12  0.00623 -3.95729e+00
 13 -0.00046 -3.27632e+00 | 14 -0.00552 -2.83452e+00 | 15 -0.00916 -2.54675e+00
 16 -0.01151 -2.37220e+00 | 17 -0.01267 -2.27407e+00 | 18  0.99999  3.31671e-02
 19 -0.15289  2.45506e+02 | 20 -0.14862 -9.85791e+01 | 21 -0.14401 -2.47406e+02
 22 -0.13772 -3.34738e+02 | 23 -0.01920 -3.32206e+01 | 24  0.00352 -1.99993e+02
 25  0.01471 -1.46903e+02 | 26  0.00623 -1.71050e+02 | 27  0.01009 -1.21287e+02
 28  0.01792 -1.88333e+02 | 29  0.01784 -1.62192e+02 | 30  0.01680 -9.17692e+01
 31  0.02126 -2.43163e+02 | 32  0.01983 -3.15622e+02 | 33  0.02347 -1.76992e+02
 34  0.01903 -1.64469e+02 | 35  0.02419 -2.51353e+02 | 36  0.02834 -1.54431e+02
 37  0.02507 -3.16236e+02 | 38  0.02696 -4.36958e+02 | 39  0.03346 -3.43879e+01
 40  0.03579 -1.07812e+02 | 41  0.02828 -4.14941e+02 | 42  0.03866 -1.49169e+02
 43  0.04009  4.61077e+02 | 44  0.03944 -6.07793e+02 | 45  0.04158  2.85067e+02
 46  0.05895 -1.15017e+02 | 47  0.17682 -1.62911e+03 | 48 -0.09801 -9.71002e+01
 49 -0.08436 -2.28571e+01 | 50 -0.06867  1.08059e+03 | 51 -0.04962  1.38727e+02
 52 -0.03434 -2.68670e+02 | 53 -0.02632 -3.15833e+02 | 54 -0.02018 -4.58704e+02
 55 -0.01119 -5.58017e+02 | 56 -0.00098 -2.28559e+02 | 57  0.00352 -2.62242e+02
 58  0.00915 -4.57543e+02 | 59  0.01881 -9.94447e+01 | 60  0.01818  8.70054e+01
 61  0.01508 -1.58306e+02 | 62  0.01487 -2.21052e+02 | 63  0.02055 -3.48277e+01
 64  0.02289 -1.49411e+02 | 65  0.02056  8.64580e+01 | 66  0.02118  2.76593e+02
 67  0.02108 -2.75384e+02 | 68  0.02142 -2.00064e+02 | 69  0.02377  1.75178e+02
 70  0.02464 -1.18488e+02 | 71  0.02700 -7.49985e+02 | 72  0.02882  1.99944e+02
 73  0.02495 -5.36262e+02 | 74  0.02216 -9.20738e+01 | 75  0.02966  8.99725e+00
 76 -0.59653 -1.35800e+04 | 77 -0.62921  8.23230e+03 |
2 0 26978.4
2 0 26970.4
2 0 26969.3
2 0 26966.5
2 0 26965.4
2 0 26963.7
2 0 26963
2 0 26962.2
2 0 26967.4
2 0 26962.1
2 0 26962
77 variables; iteration 20; function evaluation 26; phase 2
Function value   2.6968565e+04; maximum gradient component mag  -3.9842e+04
Var   Value    Gradient   |Var   Value    Gradient   |Var   Value    Gradient
  1 -0.70406  2.94601e+01 |  2 -0.52940  1.06052e+02 |  3  0.29708  3.08573e+02
  4  0.28148  3.74472e+01 |  5  0.20544 -2.31616e+01 |  6  0.13797 -4.39491e+01
  7  0.09280 -3.32360e+01 |  8  0.06317 -1.88266e+01 |  9  0.04259 -1.06346e+01
 10  0.02746 -6.59337e+00 | 11  0.01596 -4.50345e+00 | 12  0.00707 -3.33150e+00
 13  0.00023 -2.62895e+00 | 14 -0.00493 -2.18917e+00 | 15 -0.00863 -1.90922e+00
 16 -0.01103 -1.73870e+00 | 17 -0.01221 -1.65701e+00 | 18  0.99998  7.13606e-02
 19 -0.15012 -2.76158e+02 | 20 -0.14743 -1.69985e+02 | 21 -0.14234 -2.52186e+02
 22 -0.13720 -3.92960e+02 | 23 -0.02132 -2.58678e+02 | 24  0.00394 -2.64008e+02
 25  0.01451 -2.48696e+02 | 26  0.00637 -2.65602e+02 | 27  0.01039 -2.53051e+02
 28  0.01793 -2.21026e+02 | 29  0.01768 -2.48198e+02 | 30  0.01630 -3.15514e+02
 31  0.02128 -1.71763e+02 | 32  0.01997 -2.37507e+02 | 33  0.02371 -1.33569e+02
 34  0.01831 -3.77357e+02 | 35  0.02382 -2.59068e+02 | 36  0.02799 -3.54363e+01
 37  0.02454 -2.79632e+02 | 38  0.02727 -7.30355e+01 | 39  0.03181 -4.83690e+02
 40  0.03553  1.54681e+02 | 41  0.02797 -2.26809e+02 | 42  0.03781 -1.31283e+02
 43  0.03811  6.14531e+01 | 44  0.03876 -4.76242e+02 | 45  0.03916 -3.44714e+02
 46  0.06144 -2.35036e+02 | 47  0.17717 -5.70110e+03 | 48 -0.09820 -4.18612e+02
 49 -0.08462 -4.03426e+02 | 50 -0.07139  1.67813e+02 | 51 -0.05035 -2.57206e+02
 52 -0.03389 -4.66854e+02 | 53 -0.02588 -5.46785e+02 | 54 -0.01952 -5.63458e+02
 55 -0.01004 -5.38405e+02 | 56 -0.00073 -5.98377e+02 | 57  0.00382 -5.28962e+02
 58  0.01033 -4.03870e+02 | 59  0.01842 -6.68249e+02 | 60  0.01737 -5.65511e+02
 61  0.01515 -6.28779e+02 | 62  0.01560 -2.99651e+02 | 63  0.02023 -5.26864e+02
 64  0.02203 -8.37511e+02 | 65  0.01954 -5.78614e+02 | 66  0.01894 -8.60606e+02
 67  0.02173 -3.18088e+02 | 68  0.02055 -9.51756e+02 | 69  0.02179 -8.30260e+02
 70  0.02410 -6.91364e+02 | 71  0.02720 -9.44055e+02 | 72  0.02826 -3.87977e+02
 73  0.02573 -5.23853e+02 | 74  0.02202 -2.78361e+02 | 75  0.02015 -2.54308e+02
 76 -0.59846 -3.98424e+04 | 77 -0.63209  2.38760e+04 |
2 0 26962
2 0 26961.8
2 0 26961.7
2 0 26961.8
2 0 26961.7
2 0 26961.8
2 0 26961.7
2 0 26961.7
2 0 26961.6
2 0 26961.6
2 0 26961.6
2 0 26961.6
2 0 26961.5
77 variables; iteration 30; function evaluation 39; phase 2
Function value   2.6968099e+04; maximum gradient component mag  -4.4014e+04
Var   Value    Gradient   |Var   Value    Gradient   |Var   Value    Gradient
  1 -0.70790 -1.40895e+01 |  2 -0.52364  1.06536e+02 |  3  0.29715  3.01184e+02
  4  0.28023  1.97114e+01 |  5  0.20547 -3.46187e+01 |  6  0.14242 -3.40932e+01
  7  0.09940 -1.86005e+01 |  8  0.06836 -1.53081e+01 |  9  0.04578 -1.23602e+01
 10  0.02936 -8.33650e+00 | 11  0.01717 -5.44351e+00 | 12  0.00792 -3.78850e+00
 13  0.00087 -2.86039e+00 | 14 -0.00442 -2.31680e+00 | 15 -0.00820 -1.98950e+00
 16 -0.01064 -1.79843e+00 | 17 -0.01183 -1.70634e+00 | 18  0.99995  1.42759e-01
 19 -0.15013 -2.81705e+02 | 20 -0.14750 -1.99397e+02 | 21 -0.14246 -2.77924e+02
 22 -0.13706 -4.01943e+02 | 23 -0.02066 -2.44214e+02 | 24  0.00412 -2.63790e+02
 25  0.01459 -2.63266e+02 | 26  0.00639 -2.70435e+02 | 27  0.01037 -2.63662e+02
 28  0.01802 -2.18676e+02 | 29  0.01791 -2.28503e+02 | 30  0.01656 -3.09898e+02
 31  0.02135 -1.90258e+02 | 32  0.02035 -1.84176e+02 | 33  0.02386 -1.51628e+02
 34  0.01870 -3.50287e+02 | 35  0.02389 -2.79693e+02 | 36  0.02784 -1.24567e+02
 37  0.02481 -2.06695e+02 | 38  0.02737 -3.17712e+01 | 39  0.03173 -5.33737e+02
 40  0.03590  2.34478e+02 | 41  0.02800 -2.75882e+02 | 42  0.03794 -1.70896e+02
 43  0.03839  8.04886e+01 | 44  0.03910 -4.35866e+02 | 45  0.03928 -2.62462e+02
 46  0.05758 -2.58339e+02 | 47  0.17748 -5.46277e+03 | 48 -0.09830 -4.06127e+02
 49 -0.08486 -4.04205e+02 | 50 -0.07151  1.70326e+02 | 51 -0.05049 -2.57275e+02
 52 -0.03412 -4.88835e+02 | 53 -0.02600 -5.23122e+02 | 54 -0.01985 -6.10534e+02
 55 -0.01032 -5.63491e+02 | 56 -0.00099 -6.21873e+02 | 57  0.00361 -5.57999e+02
 58  0.01029 -3.77289e+02 | 59  0.01829 -6.48120e+02 | 60  0.01716 -6.17703e+02
 61  0.01514 -5.87763e+02 | 62  0.01557 -2.86815e+02 | 63  0.02016 -4.94531e+02
 64  0.02205 -7.41070e+02 | 65  0.01908 -6.92696e+02 | 66  0.01841 -9.67038e+02
 67  0.02154 -2.94774e+02 | 68  0.02039 -9.86135e+02 | 69  0.02187 -7.53667e+02
 70  0.02422 -6.09833e+02 | 71  0.02725 -9.02001e+02 | 72  0.02834 -3.56145e+02
 73  0.02523 -6.32025e+02 | 74  0.02261 -2.80117e+02 | 75  0.02350 -2.51022e+02
 76 -0.59853 -4.40144e+04 | 77 -0.63222  2.63683e+04 |
2 0 26961.5
2 0 26961.5
2 0 26961.5
2 0 26961.5
2 0 26961.5
2 0 26961.4
2 0 26961.5
2 0 26961.4
2 0 26961.4
2 0 26961.4
2 0 26961.4
77 variables; iteration 40; function evaluation 50; phase 2
Function value   2.6967934e+04; maximum gradient component mag  -4.3705e+04
Var   Value    Gradient   |Var   Value    Gradient   |Var   Value    Gradient
  1 -0.70726 -1.04438e+01 |  2 -0.52543  1.05255e+02 |  3  0.29718  3.07347e+02
  4  0.28094  2.99675e+01 |  5  0.20714 -3.05780e+01 |  6  0.14541 -3.32890e+01
  7  0.10453 -1.27240e+01 |  8  0.07475 -1.22002e+01 |  9  0.05318 -2.90542e+00
 10  0.03543 -5.01726e+00 | 11  0.02123 -6.77698e+00 | 12  0.01054 -5.50530e+00
 13  0.00267 -3.86390e+00 | 14 -0.00306 -2.80374e+00 | 15 -0.00709 -2.22208e+00
 16 -0.00967 -1.91723e+00 | 17 -0.01093 -1.78188e+00 | 18  0.99977  6.20930e-01
 19 -0.14939 -2.75765e+02 | 20 -0.14753 -2.12873e+02 | 21 -0.14240 -2.72298e+02
 22 -0.13611 -3.74078e+02 | 23 -0.02092 -2.57514e+02 | 24  0.00406 -2.50737e+02
 25  0.01451 -2.61137e+02 | 26  0.00622 -2.73372e+02 | 27  0.01012 -2.91995e+02
 28  0.01783 -2.43328e+02 | 29  0.01777 -2.41521e+02 | 30  0.01646 -3.12015e+02
 31  0.02126 -1.77301e+02 | 32  0.02031 -1.80377e+02 | 33  0.02388 -1.11641e+02
 34  0.01864 -3.52954e+02 | 35  0.02378 -2.89042e+02 | 36  0.02771 -1.38034e+02
 37  0.02475 -1.99513e+02 | 38  0.02719 -5.40541e+01 | 39  0.03167 -5.19268e+02
 40  0.03583  2.44420e+02 | 41  0.02802 -2.45909e+02 | 42  0.03782 -1.99434e+02
 43  0.03836  8.91135e+01 | 44  0.03899 -4.43021e+02 | 45  0.03920 -2.69469e+02
 46  0.05826 -2.56255e+02 | 47  0.17736 -5.52951e+03 | 48 -0.09822 -3.95382e+02
 49 -0.08500 -4.24250e+02 | 50 -0.07118  1.96604e+02 | 51 -0.05050 -2.76906e+02
 52 -0.03420 -5.38388e+02 | 53 -0.02595 -5.25506e+02 | 54 -0.01985 -6.31613e+02
 55 -0.01012 -5.08310e+02 | 56 -0.00082 -5.80217e+02 | 57  0.00373 -5.35331e+02
 58  0.01037 -3.72210e+02 | 59  0.01825 -6.82809e+02 | 60  0.01723 -6.16304e+02
 61  0.01506 -6.49460e+02 | 62  0.01569 -2.69233e+02 | 63  0.02027 -4.79272e+02
 64  0.02213 -7.27651e+02 | 65  0.01914 -6.98785e+02 | 66  0.01850 -9.50085e+02
 67  0.02156 -3.12480e+02 | 68  0.02042 -1.00097e+03 | 69  0.02187 -7.87345e+02
 70  0.02441 -5.72751e+02 | 71  0.02740 -8.85011e+02 | 72  0.02839 -3.56799e+02
 73  0.02532 -6.25086e+02 | 74  0.02253 -2.70904e+02 | 75  0.02184 -2.56846e+02
 76 -0.59857 -4.37050e+04 | 77 -0.63226  2.61784e+04 |
2 0 26961.4
2 0 26961.4
2 0 26961.4
2 0 26961.4
2 0 26961.3
2 0 26961.3
2 0 26961.3
2 0 26961.3
2 0 26961.3
2 0 26961.3
77 variables; iteration 50; function evaluation 60; phase 2
Function value   2.6967836e+04; maximum gradient component mag  -4.3294e+04
Var   Value    Gradient   |Var   Value    Gradient   |Var   Value    Gradient
  1 -0.70728 -9.27208e+00 |  2 -0.52507  1.05187e+02 |  3  0.29728  3.21064e+02
  4  0.28082  3.46659e+01 |  5  0.20663 -3.16996e+01 |  6  0.14521 -3.34228e+01
  7  0.10477 -1.35041e+01 |  8  0.07579 -1.67048e+01 |  9  0.05653 -1.53543e+00
 10  0.04097 -3.12964e+00 | 11  0.02869  2.09736e+00 | 12  0.01756 -1.89403e-01
 13  0.00788 -4.01457e+00 | 14  0.00053 -4.56832e+00 | 15 -0.00450 -3.60819e+00
 16 -0.00760 -2.75897e+00 | 17 -0.00907 -2.35721e+00 | 18  0.99822  4.85109e+00
 19 -0.14946 -2.88226e+02 | 20 -0.14760 -2.14670e+02 | 21 -0.14246 -2.76829e+02
 22 -0.13615 -3.73543e+02 | 23 -0.02072 -2.45054e+02 | 24  0.00406 -2.46780e+02
 25  0.01463 -2.51473e+02 | 26  0.00622 -2.78417e+02 | 27  0.01025 -2.77834e+02
 28  0.01791 -2.24447e+02 | 29  0.01788 -2.24558e+02 | 30  0.01649 -3.10332e+02
 31  0.02108 -1.98046e+02 | 32  0.02042 -1.68127e+02 | 33  0.02376 -1.24622e+02
 34  0.01877 -3.33830e+02 | 35  0.02367 -3.07936e+02 | 36  0.02784 -1.22633e+02
 37  0.02461 -2.17682e+02 | 38  0.02714 -5.85736e+01 | 39  0.03124 -5.75774e+02
 40  0.03599  2.66153e+02 | 41  0.02809 -2.36999e+02 | 42  0.03762 -2.19867e+02
 43  0.03824  6.79365e+01 | 44  0.03912 -4.24019e+02 | 45  0.03942 -2.38746e+02
 46  0.05824 -2.53089e+02 | 47  0.17739 -5.50365e+03 | 48 -0.09839 -4.08223e+02
 49 -0.08505 -4.30804e+02 | 50 -0.07120  1.96762e+02 | 51 -0.05052 -2.81269e+02
 52 -0.03426 -5.55347e+02 | 53 -0.02588 -5.06789e+02 | 54 -0.01979 -6.06832e+02
 55 -0.01011 -5.08814e+02 | 56 -0.00090 -6.08342e+02 | 57  0.00373 -5.43354e+02
 58  0.01042 -3.55821e+02 | 59  0.01813 -6.93529e+02 | 60  0.01731 -5.98925e+02
 61  0.01496 -6.58587e+02 | 62  0.01571 -2.70383e+02 | 63  0.02023 -4.73337e+02
 64  0.02223 -7.08220e+02 | 65  0.01904 -7.06367e+02 | 66  0.01851 -9.37602e+02
 67  0.02121 -3.49087e+02 | 68  0.02056 -9.71774e+02 | 69  0.02192 -7.74092e+02
 70  0.02416 -6.08976e+02 | 71  0.02726 -8.98832e+02 | 72  0.02846 -3.44575e+02
 73  0.02553 -5.91473e+02 | 74  0.02258 -2.68089e+02 | 75  0.02243 -2.54314e+02
 76 -0.59852 -4.32935e+04 | 77 -0.63219  2.59356e+04 |
2 0 26961.3
2 0 26961.3
2 0 26961.2
2 0 26961.2
2 0 26961.2
2 0 26961
2 0 26960.5
2 0 26960.2
2 0 26992.8
2 0 26960.2
2 0 26960.4
2 0 26960.2
2 0 26960.2
2 0 26960.1
77 variables; iteration 60; function evaluation 74; phase 2
Function value   2.6966434e+04; maximum gradient component mag  -2.1117e+04
Var   Value    Gradient   |Var   Value    Gradient   |Var   Value    Gradient
  1 -0.70896 -1.39126e+01 |  2 -0.52131  8.89548e+01 |  3  0.29708  4.03748e+02
  4  0.27949  7.41395e+01 |  5  0.20531  9.88131e+00 |  6  0.13470 -9.38569e+01
  7  0.10349 -4.14135e+01 |  8  0.09297  6.05111e+01 |  9  0.07171 -4.06992e+01
 10  0.06811  4.70852e+01 | 11  0.05531 -5.66330e+01 | 12  0.06354  2.85120e+01
 13  0.06794  7.24381e+01 | 14  0.05578  3.14391e+01 | 15  0.03826 -5.35943e+00
 16  0.02512 -1.57238e+01 | 17  0.01875 -1.53638e+01 | 18  0.93746  9.88829e+01
 19 -0.14926 -3.39250e+02 | 20 -0.14725 -2.39779e+02 | 21 -0.14208 -1.97238e+02
 22 -0.13590 -2.73281e+02 | 23 -0.02023 -1.42703e+02 | 24  0.00396 -2.13149e+02
 25  0.01499 -2.10750e+02 | 26  0.00697 -1.75753e+02 | 27  0.01013 -2.52917e+02
 28  0.01725 -2.84409e+02 | 29  0.01732 -2.63274e+02 | 30  0.01590 -3.39287e+02
 31  0.02068 -2.39273e+02 | 32  0.02104 -1.06737e+02 | 33  0.02354 -1.79998e+02
 34  0.01921 -2.67581e+02 | 35  0.02390 -2.97879e+02 | 36  0.02886 -5.73407e+01
 37  0.02540 -1.52983e+02 | 38  0.02714 -8.49797e+01 | 39  0.03145 -5.80592e+02
 40  0.03519  6.72196e+01 | 41  0.02786 -2.84379e+02 | 42  0.03762 -2.87412e+02
 43  0.03873  4.23865e+01 | 44  0.04003 -3.88536e+02 | 45  0.03977 -2.63812e+02
 46  0.05437 -1.57711e+02 | 47  0.17750 -3.90537e+03 | 48 -0.09781 -3.35334e+02
 49 -0.08494 -4.38481e+02 | 50 -0.07118  1.73954e+02 | 51 -0.05050 -3.23382e+02
 52 -0.03434 -5.80246e+02 | 53 -0.02576 -4.81776e+02 | 54 -0.01963 -6.08796e+02
 55 -0.01020 -5.37226e+02 | 56 -0.00126 -6.30290e+02 | 57  0.00340 -5.68888e+02
 58  0.01011 -3.97755e+02 | 59  0.01771 -7.38181e+02 | 60  0.01760 -5.40347e+02
 61  0.01476 -6.41041e+02 | 62  0.01574 -2.85950e+02 | 63  0.02020 -4.71088e+02
 64  0.02292 -5.76514e+02 | 65  0.01945 -6.38051e+02 | 66  0.01836 -9.47034e+02
 67  0.02131 -2.97992e+02 | 68  0.01972 -1.03720e+03 | 69  0.02166 -7.78983e+02
 70  0.02396 -6.06325e+02 | 71  0.02752 -8.08651e+02 | 72  0.02921 -1.87763e+02
 73  0.02591 -4.94006e+02 | 74  0.02318 -3.53269e+02 | 75  0.02155 -3.33086e+02
 76 -0.59859 -2.11165e+04 | 77 -0.63230  1.26716e+04 |
2 0 26960.2
2 0 26960.1
2 0 26960.1
2 0 26960.1
2 0 26960.1
2 0 26960.1
2 0 26960.1
2 0 26960.1
2 0 26960.1
2 0 26960.1
2 0 26960
2 0 26960
2 0 26960.3
2 0 26960
77 variables; iteration 70; function evaluation 88; phase 2
Function value   2.6966059e+04; maximum gradient component mag  -2.4965e+04
Var   Value    Gradient   |Var   Value    Gradient   |Var   Value    Gradient
  1 -0.70838 -1.49563e+01 |  2 -0.52316  8.98178e+01 |  3  0.29701  3.88084e+02
  4  0.27990  7.22827e+01 |  5  0.20784  1.78512e+01 |  6  0.13789 -8.73879e+01
  7  0.10626 -3.19283e+01 |  8  0.09297  6.18086e+01 |  9  0.06856 -5.36066e+01
 10  0.06536  3.15117e+01 | 11  0.05737 -3.83019e+01 | 12  0.06506  3.41133e+01
 13  0.06740  5.17125e+01 | 14  0.05944  3.79454e+01 | 15  0.04451 -1.18930e+01
 16  0.03638  1.40718e+01 | 17  0.02670 -2.51183e+01 | 18  0.94345  1.00870e+02
 19 -0.14870 -3.33717e+02 | 20 -0.14729 -2.25127e+02 | 21 -0.14210 -2.01403e+02
 22 -0.13579 -2.79118e+02 | 23 -0.02022 -1.51275e+02 | 24  0.00390 -2.17997e+02
 25  0.01502 -2.05415e+02 | 26  0.00697 -1.80057e+02 | 27  0.00993 -2.66185e+02
 28  0.01719 -2.91663e+02 | 29  0.01757 -2.48451e+02 | 30  0.01600 -3.19893e+02
 31  0.02045 -2.63066e+02 | 32  0.02079 -1.30474e+02 | 33  0.02348 -1.75269e+02
 34  0.01918 -2.61553e+02 | 35  0.02385 -3.04710e+02 | 36  0.02908 -1.39388e+01
 37  0.02513 -1.73097e+02 | 38  0.02701 -8.64198e+01 | 39  0.03171 -5.35720e+02
 40  0.03538  1.05521e+02 | 41  0.02802 -2.53024e+02 | 42  0.03760 -2.70603e+02
 43  0.03858  4.24848e+01 | 44  0.03981 -3.90354e+02 | 45  0.03960 -2.64597e+02
 46  0.05459 -1.74182e+02 | 47  0.17747 -4.15412e+03 | 48 -0.09784 -3.31496e+02
 49 -0.08496 -4.28539e+02 | 50 -0.07120  1.67606e+02 | 51 -0.05046 -2.99261e+02
 52 -0.03436 -5.82505e+02 | 53 -0.02568 -4.63627e+02 | 54 -0.01951 -5.66052e+02
 55 -0.01030 -5.54006e+02 | 56 -0.00120 -6.08736e+02 | 57  0.00369 -5.02893e+02
 58  0.01013 -4.04706e+02 | 59  0.01767 -7.30114e+02 | 60  0.01755 -5.33816e+02
 61  0.01475 -6.41587e+02 | 62  0.01573 -2.87558e+02 | 63  0.02027 -4.49951e+02
 64  0.02316 -5.46473e+02 | 65  0.01930 -6.59197e+02 | 66  0.01826 -9.64195e+02
 67  0.02153 -2.75772e+02 | 68  0.01997 -1.00377e+03 | 69  0.02180 -7.61134e+02
 70  0.02402 -5.99911e+02 | 71  0.02748 -8.15557e+02 | 72  0.02905 -2.16313e+02
 73  0.02580 -5.10186e+02 | 74  0.02305 -3.44801e+02 | 75  0.02129 -3.13165e+02
 76 -0.59856 -2.49654e+04 | 77 -0.63224  1.49736e+04 |
2 0 26959.9
2 0 26959.8
2 0 26961.6
2 0 26959.8
2 0 26959.6
2 0 26958.7
2 0 26960.1
2 0 26958.4
2 0 26957.3
2 0 26952
2 0 27146.4
2 0 26951.6
2 0 26951.4
2 0 26953.3
2 0 26951.4
2 0 26951.3
2 0 26950.6
2 0 26949.1
77 variables; iteration 80; function evaluation 106; phase 2
Function value   2.6949287e+04; maximum gradient component mag  -1.4910e+04
Var   Value    Gradient   |Var   Value    Gradient   |Var   Value    Gradient
  1 -0.69745  1.12695e+01 |  2 -0.53889  6.98645e+01 |  3  0.29323  4.61764e+01
  4  0.28113  3.60607e+01 |  5  0.21408  1.15644e+01 |  6  0.15285 -3.13876e+01
  7  0.11628 -8.72038e+00 |  8  0.09270  2.36759e+01 |  9  0.06912 -3.62485e+01
 10  0.06112  4.00849e+01 | 11  0.04491 -4.14891e+01 | 12  0.04397  2.67251e+01
 13  0.03771  2.86589e+01 | 14  0.02522 -1.80388e+01 | 15  0.01995 -2.30427e+00
 16  0.01698  1.34948e+01 | 17  0.01145 -1.39840e+01 | 18  0.96418  4.83845e+01
 19 -0.14826  2.08421e+01 | 20 -0.14752 -2.84575e+01 | 21 -0.14306 -7.72681e+01
 22 -0.13866 -8.54180e+01 | 23 -0.02181 -3.31988e+01 | 24  0.00467 -5.87262e+01
 25  0.01603 -5.02163e+01 | 26  0.00785 -5.63144e+01 | 27  0.01161 -4.77730e+01
 28  0.01918 -8.04560e+01 | 29  0.01902 -9.97676e+01 | 30  0.01764 -7.62085e+01
 31  0.02249 -1.01357e+02 | 32  0.02217 -5.16002e+00 | 33  0.02495 -3.74527e+01
 34  0.02084  9.25420e-01 | 35  0.02535 -1.20030e+02 | 36  0.02982  1.16227e+01
 37  0.02704  1.29443e+01 | 38  0.02932  3.16573e+01 | 39  0.03472 -3.41544e+01
 40  0.03682  3.17591e+01 | 41  0.03023 -2.66503e+01 | 42  0.03971 -2.89548e+01
 43  0.03996  6.21232e+01 | 44  0.04183  4.34559e+01 | 45  0.04085  1.35112e+02
 46  0.03105 -3.02848e+02 | 47  0.17896 -1.95386e+03 | 48 -0.09758 -1.40020e+01
 49 -0.08513 -7.26746e+01 | 50 -0.07382  9.20138e+01 | 51 -0.05130 -1.18960e+01
 52 -0.03446 -1.25703e+02 | 53 -0.02591 -6.96966e+01 | 54 -0.01939 -3.76370e+01
 55 -0.01033 -1.50315e+02 | 56 -0.00067 -7.29116e+01 | 57  0.00394  1.90416e+01
 58  0.00967 -1.35737e+02 | 59  0.01863 -5.97567e+01 | 60  0.01782 -1.15869e+01
 61  0.01500 -1.42344e+02 | 62  0.01526 -3.24131e+01 | 63  0.02030 -2.18253e+01
 64  0.02297 -7.82816e+01 | 65  0.01997 -9.21106e+01 | 66  0.01993 -1.39371e+02
 67  0.02185 -9.71682e-01 | 68  0.02128 -2.08481e+02 | 69  0.02283 -9.65378e+01
 70  0.02471 -1.04192e+02 | 71  0.02841 -1.30231e+02 | 72  0.02858 -2.46844e+01
 73  0.02629 -1.34911e+02 | 74  0.02802 -4.00291e+02 | 75  0.02914  2.36082e+01
 76 -0.59595 -1.49099e+04 | 77 -0.62817  9.04143e+03 |
2 0 26947
2 0 26945.4
2 0 26945.1
2 0 26944.9
2 0 26944.7
2 0 26944.5
2 0 26944.3
2 0 26943.8
2 0 30569
2 0 26943.8
2 0 26943.7
2 0 26943.6
2 0 30920.8
2 0 26943.6
2 0 26943.6
2 0 26943.6
2 0 26943.5
2 0 26943.3
2 0 30923.7
2 0 26943.3
2 0 26943.3
2 0 26943.3
2 0 26943.2
77 variables; iteration 90; function evaluation 129; phase 2
Function value   2.6943181e+04; maximum gradient component mag  -1.1937e+04
Var   Value    Gradient   |Var   Value    Gradient   |Var   Value    Gradient
  1 -0.67662 -2.89360e+02 |  2 -0.70617 -4.33617e+01 |  3  0.29063  1.54429e+01
  4  0.26984 -1.56893e+01 |  5  0.20645  3.11252e+00 |  6  0.15037 -1.31176e+01
  7  0.11458 -7.84265e+00 |  8  0.09267  2.02211e+01 |  9  0.07281 -4.50789e+00
 10  0.05990  6.58881e+00 | 11  0.04924 -2.12285e+01 | 12  0.04833  4.04151e+00
 13  0.04950  3.89179e+01 | 14  0.04234  2.01597e+01 | 15  0.03199 -5.15583e+00
 16  0.02548 -5.48393e+00 | 17  0.02258 -3.54379e+00 | 18  0.89323  1.00037e+02
 19 -0.15233 -1.06732e+02 | 20 -0.14677 -1.71396e+02 | 21 -0.14170 -8.94447e+01
 22 -0.13747 -3.63714e+01 | 23 -0.02274 -1.08852e+01 | 24  0.00471 -1.79371e+01
 25  0.01615  5.75398e+00 | 26  0.00839  6.26480e+01 | 27  0.01175 -2.82182e+01
 28  0.01934 -1.42894e+01 | 29  0.01931  3.05387e+01 | 30  0.01804 -3.16907e+01
 31  0.02300  1.43611e+01 | 32  0.02233  6.89668e+01 | 33  0.02532  5.85070e+00
 34  0.02071  2.23134e+01 | 35  0.02605  4.12314e+01 | 36  0.03011  6.46893e+01
 37  0.02720  4.44859e+01 | 38  0.02915 -7.19118e+00 | 39  0.03478  2.48049e+01
 40  0.03682 -1.11801e+01 | 41  0.03016 -1.69443e+01 | 42  0.03992  1.12018e+01
 43  0.03994  4.93312e+01 | 44  0.04180  7.83614e+01 | 45  0.04075  6.85248e+01
 46  0.03046 -7.06653e+01 | 47  0.17921  4.00228e+01 | 48 -0.09788  6.15300e+01
 49 -0.08529  1.16489e+01 | 50 -0.07465  3.02672e+01 | 51 -0.05182 -3.58722e+01
 52 -0.03432  2.71994e+01 | 53 -0.02597 -2.35090e+01 | 54 -0.01964 -5.61071e+01
 55 -0.01002  4.89797e+01 | 56 -0.00079 -5.21670e+01 | 57  0.00334 -1.17203e+02
 58  0.00998  3.28981e+01 | 59  0.01863 -4.39293e+01 | 60  0.01756 -2.66899e+01
 61  0.01534 -1.35361e+01 | 62  0.01503 -5.13290e+00 | 63  0.02022 -5.53695e+01
 64  0.02318  1.36511e+01 | 65  0.02021  3.09716e+01 | 66  0.02010  1.15239e+01
 67  0.02171  5.83014e+00 | 68  0.02178 -1.12839e+01 | 69  0.02281 -1.15456e+01
 70  0.02512  1.71259e+01 | 71  0.02871  2.04840e+01 | 72  0.02856  2.61321e+01
 73  0.02653  1.63344e+01 | 74  0.03105  2.65284e+01 | 75  0.02962 -1.34062e+01
 76 -0.60809 -1.19372e+04 | 77 -0.64816  7.00009e+03 |
2 0 26942.7
2 0 26942.7
2 0 30985.1
2 0 26942.7
2 0 26942.7
2 0 26942.7
2 0 26942.6
2 0 26942.5
2 0 31028
2 0 26942.5
2 0 26942.5
2 0 26942.5
2 0 26942.5
2 0 26942.3
2 0 31027.1
2 0 26942.3
2 0 26942.3
2 0 26942.3
2 0 26942.3
2 0 26942.2
2 0 26942
2 0 31059.5
2 0 26942
2 0 26942
2 0 26942
2 0 31081.1
2 0 26942
2 0 26942
2 0 26942
2 0 26942
2 0 26942
2 0 31174.3
2 0 26942
2 0 26942
2 0 26942
2 0 26942
2 0 26942
2 0 26941.9
2 0 31299.7
2 0 26941.9
2 0 26941.9
2 0 26941.9
2 0 26941.9
2 0 26941.9
2 0 26941.9
2 0 26941.9
2 0 31064.9
2 0 26941.9
2 0 26941.9
2 0 26941.9
2 0 26941.9
2 0 26941.8
2 0 31065.1
2 0 26941.8
2 0 26941.8
2 0 26941.8
2 0 26941.8
2 0 26941.8
2 0 26941.8
2 0 31064.6
2 0 26941.8
2 0 26941.8
2 0 26941.8
2 0 26941.8
2 0 26941.8
2 0 31065
2 0 26941.8
2 0 26941.8
2 0 26941.8
2 0 26941.8
2 0 26941.8
2 0 31065.1
2 0 26941.8
2 0 26941.8
2 0 26941.8
2 0 26941.8
2 0 26941.8
  ic > imax  in fminim is answer attained ?
Var   Value    Gradient   |Var   Value    Gradient   |Var   Value    Gradient
  1 -0.66909 -1.15744e+04 |  2 -0.76209 -1.25231e+03 |  3  0.29011  5.73828e+01
  4  0.26736 -6.03539e+00 |  5  0.20443  7.46409e+00 |  6  0.14982 -6.34436e+00
  7  0.11461 -6.30445e+00 |  8  0.09363  2.30251e+01 |  9  0.07462  2.90456e+00
 10  0.06083 -5.03855e-01 | 11  0.05187 -2.73241e+01 | 12  0.05492 -8.77278e-01
 13  0.06237  6.26967e+01 | 14  0.05562  3.84333e+01 | 15  0.04133 -1.04357e+01
 16  0.03322 -9.12215e+00 | 17  0.03036 -1.86153e+00 | 18  0.84618  1.64896e+02
 19 -0.15159 -2.17518e+02 | 20 -0.14544 -4.04887e+02 | 21 -0.14034 -2.10622e+02
 22 -0.13629 -6.87735e+01 | 23 -0.02274 -7.01527e+00 | 24  0.00450 -1.80570e+01
 25  0.01588  1.67918e+01 | 26  0.00858  1.23726e+02 | 27  0.01145 -4.29028e+01
 28  0.01902  3.39573e-01 | 29  0.01917  8.66472e+01 | 30  0.01786 -3.31302e+01
 31  0.02295  6.50907e+01 | 32  0.02238  1.25906e+02 | 33  0.02520  2.76323e+01
 34  0.02053  4.18840e+01 | 35  0.02603  1.03494e+02 | 36  0.03010  1.16248e+02
 37  0.02721  8.24765e+01 | 38  0.02891 -1.32196e+01 | 39  0.03464  6.72741e+01
 40  0.03666  1.10538e+01 | 41  0.02982 -2.28502e+01 | 42  0.03983  5.10263e+01
 43  0.03989  1.01583e+02 | 44  0.04176  1.59588e+02 | 45  0.04073  1.51105e+02
 46  0.02892 -9.23458e+01 | 47  0.17925 -3.37165e+02 | 48 -0.09784  1.62050e+02
 49 -0.08531  5.90327e+01 | 50 -0.07486  8.60987e+01 | 51 -0.05193 -5.72773e+01
 52 -0.03422  8.04785e+01 | 53 -0.02603 -2.94786e+01 | 54 -0.01968 -8.37924e+01
 55 -0.00987  1.24895e+02 | 56 -0.00092 -7.59671e+01 | 57  0.00306 -2.02492e+02
 58  0.01013  9.70028e+01 | 59  0.01863 -6.32707e+01 | 60  0.01761 -3.28665e+01
 61  0.01545  1.12949e+01 | 62  0.01503  2.09675e+00 | 63  0.02015 -9.28361e+01
 64  0.02334  3.03771e+01 | 65  0.02046  8.16408e+01 | 66  0.02028  7.19370e+01
 67  0.02176  8.49591e+00 | 68  0.02197  3.04255e+01 | 69  0.02284  1.56962e+01
 70  0.02531  5.03439e+01 | 71  0.02893  5.63045e+01 | 72  0.02867  2.17286e+01
 73  0.02675  3.16272e+01 | 74  0.03165  6.89547e+01 | 75  0.02853  1.52677e+01
 76 -0.61391 -2.15523e+04 | 77 -0.65770  1.24206e+04 |
Function minimizer not making progress ... is minimum attained?
Minimprove criterion =   0.0000e+00

 - final statistics:
77 variables; iteration 100; function evaluation 205
Function value   2.6942e+04; maximum gradient component mag  -2.1552e+04
Exit code = 1;  converg criter   1.0000e-03
Var   Value    Gradient   |Var   Value    Gradient   |Var   Value    Gradient
  1 -0.66909 -1.15744e+04 |  2 -0.76209 -1.25231e+03 |  3  0.29011  5.73828e+01
  4  0.26736 -6.03539e+00 |  5  0.20443  7.46409e+00 |  6  0.14982 -6.34436e+00
  7  0.11461 -6.30445e+00 |  8  0.09363  2.30251e+01 |  9  0.07462  2.90456e+00
 10  0.06083 -5.03855e-01 | 11  0.05187 -2.73241e+01 | 12  0.05492 -8.77278e-01
 13  0.06237  6.26967e+01 | 14  0.05562  3.84333e+01 | 15  0.04133 -1.04357e+01
 16  0.03322 -9.12215e+00 | 17  0.03036 -1.86153e+00 | 18  0.84618  1.64896e+02
 19 -0.15159 -2.17518e+02 | 20 -0.14544 -4.04887e+02 | 21 -0.14034 -2.10622e+02
 22 -0.13629 -6.87735e+01 | 23 -0.02274 -7.01527e+00 | 24  0.00450 -1.80570e+01
 25  0.01588  1.67918e+01 | 26  0.00858  1.23726e+02 | 27  0.01145 -4.29028e+01
 28  0.01902  3.39573e-01 | 29  0.01917  8.66472e+01 | 30  0.01786 -3.31302e+01
 31  0.02295  6.50907e+01 | 32  0.02238  1.25906e+02 | 33  0.02520  2.76323e+01
 34  0.02053  4.18840e+01 | 35  0.02603  1.03494e+02 | 36  0.03010  1.16248e+02
 37  0.02721  8.24765e+01 | 38  0.02891 -1.32196e+01 | 39  0.03464  6.72741e+01
 40  0.03666  1.10538e+01 | 41  0.02982 -2.28502e+01 | 42  0.03983  5.10263e+01
 43  0.03989  1.01583e+02 | 44  0.04176  1.59588e+02 | 45  0.04073  1.51105e+02
 46  0.02892 -9.23458e+01 | 47  0.17925 -3.37165e+02 | 48 -0.09784  1.62050e+02
 49 -0.08531  5.90327e+01 | 50 -0.07486  8.60987e+01 | 51 -0.05193 -5.72773e+01
 52 -0.03422  8.04785e+01 | 53 -0.02603 -2.94786e+01 | 54 -0.01968 -8.37924e+01
 55 -0.00987  1.24895e+02 | 56 -0.00092 -7.59671e+01 | 57  0.00306 -2.02492e+02
 58  0.01013  9.70028e+01 | 59  0.01863 -6.32707e+01 | 60  0.01761 -3.28665e+01
 61  0.01545  1.12949e+01 | 62  0.01503  2.09675e+00 | 63  0.02015 -9.28361e+01
 64  0.02334  3.03771e+01 | 65  0.02046  8.16408e+01 | 66  0.02028  7.19370e+01
 67  0.02176  8.49591e+00 | 68  0.02197  3.04255e+01 | 69  0.02284  1.56962e+01
 70  0.02531  5.03439e+01 | 71  0.02893  5.63045e+01 | 72  0.02867  2.17286e+01
 73  0.02675  3.16272e+01 | 74  0.03165  6.89547e+01 | 75  0.02853  1.52677e+01
 76 -0.61391 -2.15523e+04 | 77 -0.65770  1.24206e+04 |
2 0 26941.8
B0234224
0.3 0.290614
0.249098 0.33353
0.237377 0.345228
0.23414 0.348598
0.233202 0.349587
0.232927 0.349878
0.232846 0.349964
0.232822 0.349989
0.232814 0.349997
0.232812 0.349999
0.232812 0.35
0.232812 0.35
0.232812 0.35
0.232811 0.35
0.232811 0.35
0.232811 0.35
0.232811 0.35
0.232811 0.35
0.232811 0.35
0.232811 0.35
0.232811 0.35
Survey Bio26.816
Survey len13121.1
CPUE165.479
Catch47.9278
Catch len13518.3
initsmo_penal15.3927
F_pen41.9497
Rec_pen4.81305
M_pen0


Starting time: Mon Dec 17 12:14:32 2018
Finishing time: Mon Dec 17 12:14:38 2018
This run took: 0 hours, 0 minutes, 6 seconds.

