survYears 69 70 71 72 73 74 75 76 77 78 79 80 81 82 83 84 85 86 87 88 89 90 91 92 93 94 95 96
SurvLenYear 69 70 71 72 73 74 75 76 77 78 79 80 81 82 83 84 85 86 87 88 89 90 91 92 93 94 95 96
catchBiomass 7248.45 7372.28 8219.9 8365.01 10998.6 15027.9 16762.2 18842.5 26062.3 38668.2 49674.7 59371 73765 100352 92616.6 101352 77585.6 83349.4 84210.9 78819.9 82464.7 84540.5 82225 87594.6 97860.7 108037 98883.4 98585.7
steep0.999
25
Out
1 0 55799.8

Initial statistics: 73 variables; iteration 0; function evaluation 0; phase 1
Function value   5.5799752e+04; maximum gradient component mag  -8.0020e+05
Var   Value    Gradient   |Var   Value    Gradient   |Var   Value    Gradient
  1  0.23402 -1.74275e+03 |  2  0.24607  1.11126e+03 |  3  0.20906  9.25114e+02
  4  0.21478  1.68423e+03 |  5  0.20257  1.49058e+03 |  6  0.18393  1.10049e+03
  7  0.16425  7.23741e+02 |  8  0.16095  7.84319e+02 |  9  0.15348  7.69749e+02
 10  0.12035  2.69476e+02 | 11  0.10897  2.70176e+02 | 12  0.09753  1.65793e+02
 13  0.10056  2.82000e+02 | 14  0.08846 -8.81042e+00 | 15  0.13404  6.56450e+02
 16  0.00697 -2.16630e+04 | 17  0.00000 -7.97877e+03 | 18  0.00000  7.27332e+03
 19  0.00000  1.92493e+03 | 20  0.00000  7.12197e+03 | 21  0.00000  6.82236e+03
 22  0.00000  3.86372e+03 | 23  0.00000  5.62881e+03 | 24  0.00000  8.85666e+03
 25  0.00000  9.00064e+03 | 26  0.00000  6.50801e+03 | 27  0.00000  4.81344e+03
 28  0.00000  5.13381e+03 | 29  0.00000  4.48863e+03 | 30  0.00000 -1.76196e+03
 31  0.00000 -3.16731e+02 | 32  0.00000 -4.72543e+03 | 33  0.00000  6.32333e+02
 34  0.00000 -9.23163e+02 | 35  0.00000 -1.77299e+03 | 36  0.00000  3.41473e+02
 37  0.00000 -5.02207e+02 | 38  0.00000 -6.99238e+02 | 39  0.00000  1.16117e+03
 40  0.00000  1.18636e+03 | 41  0.00000 -7.18267e+02 | 42  0.00000 -5.96882e+03
 43  0.00000 -1.31692e+04 | 44  0.00000 -3.62209e+04 | 45  0.08496 -8.00203e+05
 46  0.00000  4.65315e+04 | 47  0.00000  4.25138e+04 | 48  0.00000  3.70484e+04
 49  0.00000  2.98260e+04 | 50  0.00000  2.56688e+04 | 51  0.00000  2.01475e+04
 52  0.00000  1.06725e+04 | 53  0.00000  1.12818e+03 | 54  0.00000 -5.73204e+03
 55  0.00000 -9.99850e+03 | 56  0.00000 -1.62208e+04 | 57  0.00000 -2.13217e+04
 58  0.00000 -2.04891e+04 | 59  0.00000 -1.76243e+04 | 60  0.00000 -1.57330e+04
 61  0.00000 -1.65259e+04 | 62  0.00000 -1.60564e+04 | 63  0.00000 -1.55888e+04
 64  0.00000 -1.63298e+04 | 65  0.00000 -1.70804e+04 | 66  0.00000 -1.78248e+04
 67  0.00000 -1.96243e+04 | 68  0.00000 -2.11871e+04 | 69  0.00000 -2.08634e+04
 70  0.00000 -1.45836e+04 | 71  0.00000  2.66476e+03 | 72  0.00000  2.81356e+04
 73  0.00000  3.84468e+04 |
1 0 55799.7
1 0 55799.5
1 0 55797.5
1 0 55777.5
1 0 55578
1 0 53624.7
1 0 38294.6
1 0 44904.3
1 0 31255.3
1 0 40565.5
1 0 29857.8
1 0 28839.1
1 0 29032.6
1 0 28349.7
1 0 27927.8
1 0 28196.4
1 0 27756.9
1 0 27613.6
1 0 27432.5
1 0 27378

Intermediate statistics: 73 variables; iteration 10; function evaluation 20; phase 1
Function value   2.7377973e+04; maximum gradient component mag  -1.0689e+05
Var   Value    Gradient   |Var   Value    Gradient   |Var   Value    Gradient
  1  0.31208  1.80998e+03 |  2  0.21600 -3.02600e+02 |  3  0.17527  2.08805e+02
  4  0.15797  2.86377e+02 |  5  0.15381  3.15015e+02 |  6  0.14863  2.78574e+02
  7  0.14161  2.21931e+02 |  8  0.13682  2.10333e+02 |  9  0.12965  2.01723e+02
 10  0.11277  9.86805e+01 | 11  0.10105  7.50534e+01 | 12  0.09316  5.07525e+01
 13  0.09195  7.00483e+01 | 14  0.09089 -6.88302e+00 | 15  0.11328  1.90270e+02
 16  0.07275 -9.71782e+01 | 17 -0.19204 -7.36926e+02 | 18 -0.05843 -4.11846e+03
 19 -0.04699 -5.78095e+03 | 20 -0.02757 -4.73934e+03 | 21  0.00085  5.85301e+02
 22  0.00363 -4.37736e+02 | 23  0.01087  9.25243e+02 | 24  0.03850  7.75832e+03
 25  0.03373  4.81369e+03 | 26  0.01203  2.71064e+03 | 27 -0.00269  1.91988e+03
 28  0.05579  5.20469e+03 | 29  0.02017  1.35761e+03 | 30 -0.00924 -1.90879e+03
 31 -0.01532  1.13157e+02 | 32  0.01726  1.28145e+03 | 33  0.02664  2.50778e+03
 34 -0.00180 -5.43744e+03 | 35  0.00416 -3.13411e+03 | 36  0.02478  1.35234e+03
 37  0.02114 -3.82297e+01 | 38  0.02088  1.58456e+03 | 39  0.02777  2.77362e+03
 40  0.04388  1.46304e+03 | 41  0.03859  7.48447e+02 | 42  0.02134  1.25539e+03
 43 -0.01209 -1.61817e+03 | 44 -0.05887 -1.04305e+04 | 45  0.11874 -1.06894e+05
 46 -0.28790  1.27509e+03 | 47 -0.08139 -3.07844e+03 | 48 -0.04408  3.89354e+03
 49 -0.00674  1.31469e+04 | 50 -0.01005  9.87459e+03 | 51 -0.01921  5.87926e+03
 52 -0.00443  5.54157e+03 | 53  0.01539  4.39048e+03 | 54  0.04031  5.29439e+03
 55 -0.04319 -4.29347e+03 | 56 -0.02538 -3.31349e+03 | 57  0.06768  3.99353e+03
 58  0.03861 -1.07602e+03 | 59 -0.05965 -4.96611e+03 | 60 -0.05852 -5.53350e+03
 61  0.04659 -1.70191e+04 | 62  0.02259 -5.94191e+03 | 63  0.00316 -3.81709e+03
 64  0.02987 -2.37304e+03 | 65  0.03966 -1.71163e+03 | 66  0.01516 -3.91341e+03
 67  0.03620 -5.32488e+03 | 68 -0.00211 -3.79120e+03 | 69  0.05945  2.21000e+03
 70  0.05212  1.01311e+03 | 71  0.07813  1.11780e+03 | 72  0.09521  4.11086e+03
 73 -0.00629  4.59116e+03 |
1 0 27291.9
1 0 27190.8
1 0 27200.6
1 0 27141.8
1 0 27129.3
1 0 27109.8
1 0 27082.3
1 0 27053.2
1 0 27010.9
1 0 26962.6
1 0 26957.3
1 0 26936.2
73 variables; iteration 20; function evaluation 32; phase 1
Function value   2.6936175e+04; maximum gradient component mag  -1.1076e+05
Var   Value    Gradient   |Var   Value    Gradient   |Var   Value    Gradient
  1  0.32852  3.30552e+03 |  2  0.18134 -1.01489e+03 |  3  0.11115 -1.45522e+02
  4  0.05243 -1.92421e+02 |  5  0.05479 -3.10029e+01 |  6  0.07308  4.49927e+01
  7  0.08773  1.04398e+02 |  8  0.08393  3.61703e+01 |  9  0.08088 -5.55106e+00
 10  0.09015  9.40997e+01 | 11  0.08343  2.22112e+01 | 12  0.08062  3.75432e+01
 13  0.07616 -1.83873e+01 | 14  0.08597  1.10814e+02 | 15  0.07273 -1.68539e+01
 16  0.06261 -6.17274e+02 | 17 -0.24683 -9.98307e+02 | 18 -0.04450 -5.07363e+03
 19 -0.03474 -4.52294e+03 | 20 -0.02100 -2.46838e+03 | 21 -0.00298 -6.58936e+02
 22  0.01239  2.37809e+03 | 23  0.01381  1.60002e+03 | 24  0.03061  5.41469e+03
 25  0.02902  3.84262e+03 | 26  0.01382  2.22533e+03 | 27  0.00421  3.57495e+03
 28  0.04645  3.46398e+03 | 29  0.02205  8.15093e+02 | 30 -0.00400  8.05987e+02
 31 -0.01908 -2.90471e+03 | 32  0.00791  5.47067e+03 | 33  0.02279 -2.71547e+03
 34  0.00999 -3.51926e+03 | 35  0.01133  7.14092e+02 | 36  0.02230  3.52581e+02
 37  0.02255 -1.64389e+02 | 38  0.01730  1.70309e+03 | 39  0.01657 -2.02511e+02
 40  0.04386  1.34934e+03 | 41  0.03860 -3.08534e+02 | 42  0.02601  1.00233e+03
 43  0.00227 -1.05474e+03 | 44 -0.04700 -1.01600e+04 | 45  0.11973 -1.10760e+05
 46 -0.34989  2.60360e+03 | 47 -0.04501  3.44207e+03 | 48 -0.03489  6.79327e+03
 49 -0.01298  1.20070e+04 | 50 -0.00603  1.20958e+04 | 51 -0.01844  5.60382e+03
 52 -0.00263  5.75452e+03 | 53  0.01255  4.28800e+03 | 54  0.03609  4.87626e+03
 55 -0.01700 -3.36024e+03 | 56 -0.02542 -3.71956e+03 | 57  0.06417  1.24441e+03
 58  0.04423 -2.11525e+03 | 59 -0.06464 -4.78015e+03 | 60 -0.03381 -6.55650e+03
 61  0.03336 -1.30261e+04 | 62  0.03347 -4.74941e+03 | 63  0.00943 -4.40380e+03
 64  0.02181 -4.12737e+03 | 65  0.03846 -3.51894e+03 | 66  0.02309 -4.90946e+03
 67  0.02806 -4.75255e+03 | 68 -0.03609 -4.67838e+03 | 69  0.05812 -1.78254e+03
 70  0.03787 -1.23015e+03 | 71  0.07047 -2.17863e+02 | 72  0.09418  4.10538e+03
 73  0.02514  4.96855e+03 |
1 0 26904.3
1 0 26901.9
1 0 26886.9
1 0 26881
1 0 26871.8
1 0 26859.6
1 0 26844.8
1 0 26839.4
1 0 26836.1
1 0 26832
1 0 26834.8
1 0 26830.4
73 variables; iteration 30; function evaluation 44; phase 1
Function value   2.6830433e+04; maximum gradient component mag  -1.0733e+05
Var   Value    Gradient   |Var   Value    Gradient   |Var   Value    Gradient
  1  0.32061  1.40020e+03 |  2  0.23106  8.36045e+01 |  3  0.08017 -2.23574e+02
  4 -0.01718 -3.03732e+02 |  5 -0.02351 -1.27712e+02 |  6  0.00977  2.57499e+01
  7  0.03843  9.83532e+01 |  8  0.04357  2.10742e+01 |  9  0.04927 -1.20765e+01
 10  0.06659  8.42227e+01 | 11  0.07036  5.75048e+01 | 12  0.06982  4.44845e+01
 13  0.06880  3.61282e+01 | 14  0.06956  1.08354e+02 | 15  0.05057 -3.46881e+01
 16  0.06805 -3.23576e+02 | 17 -0.25599 -1.11755e+03 | 18 -0.03772 -1.06450e+03
 19 -0.03217 -4.82092e+03 | 20 -0.01489 -7.38734e+02 | 21 -0.00590 -3.38116e+03
 22  0.01304  3.63607e+03 | 23  0.01124  1.81965e+02 | 24  0.03227  6.21787e+03
 25  0.03391  5.05758e+03 | 26  0.01142  1.71981e+03 | 27 -0.00403  1.84514e+03
 28  0.04189  2.60917e+03 | 29  0.02252 -2.94177e+02 | 30 -0.00157 -4.12825e+01
 31 -0.01782 -5.11397e+03 | 32  0.01422  3.95998e+03 | 33  0.02048 -1.40472e+03
 34  0.01180 -1.90479e+03 | 35  0.00744  5.98319e+02 | 36  0.02370  7.37611e+02
 37  0.02436  1.08093e+03 | 38  0.02305  1.18948e+03 | 39  0.02696 -2.63573e+01
 40  0.03986  1.27171e+03 | 41  0.03753 -2.34365e+01 | 42  0.02438  8.67643e+02
 43 -0.00275 -1.94352e+03 | 44 -0.05437 -9.22891e+03 | 45  0.12175 -1.07331e+05
 46 -0.33593  2.27267e+03 | 47 -0.05136  1.06273e+03 | 48 -0.03707  4.84889e+03
 49 -0.01560  1.02863e+04 | 50 -0.00956  9.86420e+03 | 51 -0.01913  5.71029e+03
 52 -0.00746  4.59402e+03 | 53  0.00864  2.84075e+03 | 54  0.03909  4.45631e+03
 55 -0.05144 -4.51721e+03 | 56 -0.04146 -4.44306e+03 | 57  0.05929 -1.31995e+03
 58  0.04472 -3.93543e+02 | 59 -0.05561 -4.54740e+03 | 60  0.00819 -5.65019e+03
 61  0.02858 -6.21374e+03 | 62  0.04017 -2.06170e+03 | 63 -0.00305 -4.39404e+03
 64  0.02129 -3.58649e+03 | 65  0.03794 -3.60776e+03 | 66  0.00318 -4.67233e+03
 67  0.04076 -3.83385e+03 | 68 -0.03804 -4.91792e+03 | 69  0.05658 -1.43094e+03
 70  0.03758 -1.20892e+03 | 71  0.07257  5.81295e+02 | 72  0.10404  4.83012e+03
 73  0.04814  4.85564e+03 |
1 0 26829.1
1 0 26828.6
1 0 26827.9
1 0 26826.9
1 0 26826.7
1 0 26826.3
1 0 26825.8
1 0 26825
1 0 26824.5
1 0 26823.8
73 variables; iteration 40; function evaluation 54; phase 1
Function value   2.6823889e+04; maximum gradient component mag  -1.0836e+05
Var   Value    Gradient   |Var   Value    Gradient   |Var   Value    Gradient
  1  0.32067  1.48992e+03 |  2  0.23163  7.90679e+01 |  3  0.10113 -9.09640e+01
  4 -0.01225 -2.95908e+02 |  5 -0.03611 -1.69163e+02 |  6 -0.00807 -1.31194e+00
  7  0.02246  6.40143e+01 |  8  0.03813  3.54038e+01 |  9  0.04952  3.30838e+01
 10  0.05932  4.59101e+01 | 11  0.06587  5.93952e+01 | 12  0.06687  4.64422e+01
 13  0.06662  6.82187e+01 | 14  0.05847  1.65241e+01 | 15  0.05600  2.55116e+01
 16  0.06911 -1.77494e+02 | 17 -0.25591 -1.16919e+03 | 18 -0.03768 -1.09761e+03
 19 -0.03206 -4.74335e+03 | 20 -0.01490 -4.10876e+02 | 21 -0.00675 -3.66543e+03
 22  0.01228  3.22009e+03 | 23  0.01166  5.43748e+01 | 24  0.03335  6.93199e+03
 25  0.03326  4.65064e+03 | 26  0.01108  1.53663e+03 | 27 -0.00466  1.48720e+03
 28  0.04086  2.35430e+03 | 29  0.02331  4.69967e+02 | 30 -0.00195 -2.73301e+02
 31 -0.01873 -5.60122e+03 | 32  0.01370  4.04141e+03 | 33  0.01940 -1.38190e+03
 34  0.01123 -2.27051e+03 | 35  0.00902  7.67650e+02 | 36  0.02510  8.66155e+02
 37  0.02481  1.39250e+03 | 38  0.02502  8.56897e+02 | 39  0.02924  7.51521e+02
 40  0.03842  1.13886e+03 | 41  0.03687  1.31765e+02 | 42  0.02365  7.16301e+02
 43 -0.00317 -2.03674e+03 | 44 -0.05497 -9.82773e+03 | 45  0.12168 -1.08359e+05
 46 -0.33520  2.29481e+03 | 47 -0.05010  1.30955e+03 | 48 -0.03766  4.49518e+03
 49 -0.01636  9.77426e+03 | 50 -0.01035  9.64648e+03 | 51 -0.01790  6.33181e+03
 52 -0.00677  4.68329e+03 | 53  0.00772  2.25970e+03 | 54  0.03918  4.44156e+03
 55 -0.05004 -4.42641e+03 | 56 -0.04512 -4.53216e+03 | 57  0.05947 -9.51951e+02
 58  0.04523 -3.28730e+02 | 59 -0.06072 -4.50010e+03 | 60  0.00920 -5.63618e+03
 61  0.02831 -6.35189e+03 | 62  0.03866 -2.16874e+03 | 63 -0.00174 -4.28886e+03
 64  0.02328 -3.44873e+03 | 65  0.03737 -3.53683e+03 | 66  0.00098 -4.40282e+03
 67  0.04286 -3.56674e+03 | 68 -0.03143 -4.74557e+03 | 69  0.05635 -1.53163e+03
 70  0.03663 -1.47866e+03 | 71  0.07265  1.95750e+02 | 72  0.10283  4.58391e+03
 73  0.04724  4.89332e+03 |
1 0 26824
1 0 26823.5
1 0 26823.1
1 0 26822.8
1 0 26822.8
1 0 26822.5
1 0 26822.6
1 0 26822.4
1 0 26822.3
1 0 26822.1
1 0 26821.9
1 0 26821.7
73 variables; iteration 50; function evaluation 66; phase 1
Function value   2.6821747e+04; maximum gradient component mag  -1.0834e+05
Var   Value    Gradient   |Var   Value    Gradient   |Var   Value    Gradient
  1  0.32116  1.74675e+03 |  2  0.23205  1.27439e+02 |  3  0.10648 -8.29029e+01
  4 -0.00124 -2.43022e+02 |  5 -0.03479 -1.65740e+02 |  6 -0.01736 -3.83559e+01
  7  0.01338  5.42994e+01 |  8  0.03161  3.55674e+01 |  9  0.04506  2.57756e+01
 10  0.05896  7.20069e+01 | 11  0.06255  5.37100e+01 | 12  0.06245  4.44305e+01
 13  0.06153  3.68923e+01 | 14  0.06189  6.49356e+01 | 15  0.05523  1.42123e+01
 16  0.06875 -1.98435e+02 | 17 -0.25573 -1.10610e+03 | 18 -0.03741 -1.06563e+03
 19 -0.03166 -4.51791e+03 | 20 -0.01460 -2.30593e+02 | 21 -0.00656 -3.64908e+03
 22  0.01284  3.43588e+03 | 23  0.01193  3.13350e+01 | 24  0.03338  7.00301e+03
 25  0.03313  4.73643e+03 | 26  0.01099  1.54757e+03 | 27 -0.00476  1.36055e+03
 28  0.04063  2.40224e+03 | 29  0.02290  1.72544e+02 | 30 -0.00184 -3.24448e+01
 31 -0.01863 -5.39558e+03 | 32  0.01325  4.05802e+03 | 33  0.02004 -1.39511e+03
 34  0.01205 -2.01541e+03 | 35  0.00939  1.19879e+03 | 36  0.02492  6.10976e+02
 37  0.02496  1.54321e+03 | 38  0.02438  8.47421e+02 | 39  0.02927  8.37278e+02
 40  0.03924  1.25972e+03 | 41  0.03708  2.81301e+02 | 42  0.02294  4.78180e+02
 43 -0.00287 -1.59213e+03 | 44 -0.05515 -1.00594e+04 | 45  0.12166 -1.08336e+05
 46 -0.33574  2.30273e+03 | 47 -0.04973  1.42779e+03 | 48 -0.03790  4.44209e+03
 49 -0.01618  9.90574e+03 | 50 -0.01042  9.59767e+03 | 51 -0.01723  6.57902e+03
 52 -0.00652  4.80739e+03 | 53  0.00794  2.31903e+03 | 54  0.03909  4.39860e+03
 55 -0.05089 -4.44212e+03 | 56 -0.04421 -4.51530e+03 | 57  0.05947 -1.12210e+03
 58  0.04509 -4.48840e+02 | 59 -0.05850 -4.52212e+03 | 60  0.00779 -5.74124e+03
 61  0.02801 -6.32173e+03 | 62  0.03936 -2.14225e+03 | 63 -0.00247 -4.44255e+03
 64  0.02307 -3.49403e+03 | 65  0.03784 -3.44099e+03 | 66  0.00056 -4.44173e+03
 67  0.04252 -3.62757e+03 | 68 -0.03186 -4.75233e+03 | 69  0.05651 -1.59802e+03
 70  0.03721 -1.36551e+03 | 71  0.07228  2.11164e+02 | 72  0.10306  4.48456e+03
 73  0.04624  4.88296e+03 |
1 0 26821.5
1 0 26821.4
1 0 26821.3
1 0 26821.1
1 0 26820.6
1 0 26820
1 0 26818.9
1 0 26817.2
1 0 26814.9
1 0 26812.2
1 0 26808.6
73 variables; iteration 60; function evaluation 77; phase 1
Function value   2.6808596e+04; maximum gradient component mag  -1.0854e+05
Var   Value    Gradient   |Var   Value    Gradient   |Var   Value    Gradient
  1  0.32263  2.17849e+03 |  2  0.22924  7.68048e+01 |  3  0.11387 -3.52932e+01
  4  0.00601 -2.75078e+02 |  5 -0.01726 -1.27482e+02 |  6 -0.00038  5.08819e+01
  7  0.00419  2.78059e+01 |  8  0.00381 -2.54431e+01 |  9  0.01450 -1.23120e+01
 10  0.03339  4.25456e+01 | 11  0.04661  2.21607e+01 | 12  0.06300  1.14524e+02
 13  0.05930  3.36554e+01 | 14  0.05889  3.97981e+01 | 15  0.05993  4.95055e+01
 16  0.06845 -1.71264e+02 | 17 -0.25513 -1.12170e+03 | 18 -0.03632 -8.56170e+02
 19 -0.03097 -4.33701e+03 | 20 -0.01412 -7.47880e+01 | 21 -0.00687 -3.81089e+03
 22  0.01244  3.36590e+03 | 23  0.01142 -1.43415e+02 | 24  0.03293  6.95780e+03
 25  0.03380  4.81951e+03 | 26  0.01180  1.74744e+03 | 27 -0.00459  1.35743e+03
 28  0.04104  2.48323e+03 | 29  0.02304  1.72466e+02 | 30 -0.00171 -1.69046e+02
 31 -0.01816 -5.24343e+03 | 32  0.01357  4.02602e+03 | 33  0.02017 -1.41895e+03
 34  0.01148 -2.10099e+03 | 35  0.00837  1.17907e+03 | 36  0.02668  7.24832e+02
 37  0.02579  1.68133e+03 | 38  0.02325  7.39793e+02 | 39  0.02867  7.90838e+02
 40  0.03747  1.08032e+03 | 41  0.03652  1.21074e+02 | 42  0.02255  4.06685e+02
 43 -0.00345 -1.81326e+03 | 44 -0.05589 -1.00763e+04 | 45  0.12196 -1.08539e+05
 46 -0.33607  2.33256e+03 | 47 -0.04958  1.53250e+03 | 48 -0.03776  4.51194e+03
 49 -0.01599  1.00968e+04 | 50 -0.01070  9.63829e+03 | 51 -0.01725  6.74595e+03
 52 -0.00634  5.00126e+03 | 53  0.00663  2.24813e+03 | 54  0.03924  4.45236e+03
 55 -0.05147 -4.43675e+03 | 56 -0.04257 -4.41987e+03 | 57  0.05900 -1.35261e+03
 58  0.04481 -4.62716e+02 | 59 -0.05530 -4.49880e+03 | 60  0.00750 -5.70451e+03
 61  0.02809 -6.30911e+03 | 62  0.03990 -2.08003e+03 | 63 -0.00908 -4.62694e+03
 64  0.02266 -3.42706e+03 | 65  0.03908 -3.34541e+03 | 66  0.00007 -4.46494e+03
 67  0.04196 -3.71200e+03 | 68 -0.02990 -4.71486e+03 | 69  0.05589 -1.87273e+03
 70  0.03667 -1.47579e+03 | 71  0.07242  1.87766e+02 | 72  0.10402  4.56017e+03
 73  0.04900  4.91621e+03 |
1 0 26802.7
1 0 26793.6
1 0 26776.7
1 0 26748.6
1 0 26694.8
1 0 27326.8
1 0 26573.2
1 0 26308.5
1 0 25879.5
1 0 25330.6
1 0 27494.7
1 0 25179.3
1 0 26150.6
1 0 25146
73 variables; iteration 70; function evaluation 91; phase 1
Function value   2.5160542e+04; maximum gradient component mag  -1.1741e+05
Var   Value    Gradient   |Var   Value    Gradient   |Var   Value    Gradient
  1  0.31380  6.92369e+03 |  2  0.24141  2.79330e+03 |  3  0.21345  2.84430e+03
  4  0.17828  1.66563e+03 |  5  0.15021  1.34214e+03 |  6  0.02864 -2.77719e+02
  7  0.01292 -4.67422e+01 |  8  0.02700  1.45918e+02 |  9  0.02059  4.09867e+02
 10 -0.08812 -1.66156e+02 | 11 -0.14545 -5.22351e+02 | 12 -0.03909  5.81732e+01
 13  0.05429  5.15386e+02 | 14  0.04436  3.44623e+02 | 15 -0.02747 -2.13181e+02
 16  0.07395 -1.19404e+03 | 17 -0.15970 -6.23106e+02 | 18 -0.02851  5.99401e+03
 19 -0.02375 -1.07488e+03 | 20 -0.00675  2.73773e+03 | 21  0.00757  3.98727e+03
 22  0.00837  1.44546e+03 | 23  0.00976  3.43227e+03 | 24  0.01561  4.71423e+02
 25  0.02618  3.25606e+03 | 26  0.01137 -4.54663e+02 | 27 -0.00382 -3.35903e+03
 28  0.02989  3.16875e+03 | 29  0.01783 -3.46878e+02 | 30 -0.00636 -4.35906e+03
 31 -0.01488 -5.57159e+03 | 32  0.00357  9.80082e+02 | 33  0.01421  3.13694e+03
 34  0.00668 -1.30435e+03 | 35  0.00761  7.38402e+02 | 36  0.01228 -2.66283e+03
 37  0.00951  7.37963e+02 | 38  0.01147 -6.28319e+02 | 39  0.01932  1.22883e+03
 40  0.02468 -6.35495e+02 | 41  0.02818 -3.44078e+02 | 42  0.01033 -1.96886e+03
 43  0.00518 -4.63573e+02 | 44 -0.03368 -4.81502e+03 | 45  0.15020 -1.17412e+05
 46 -0.25568 -1.01611e+03 | 47 -0.06609  3.61664e+03 | 48 -0.06766  1.13945e+03
 49 -0.04811 -4.65998e+02 | 50 -0.04036 -1.05071e+03 | 51 -0.05298 -3.19317e+03
 52 -0.03703 -2.93977e+03 | 53 -0.02537 -2.60600e+03 | 54  0.01066  5.70397e+02
 55 -0.02343 -8.28272e+02 | 56 -0.03635 -3.48516e+03 | 57  0.03673  6.96042e+02
 58  0.01583  1.64055e+03 | 59  0.00658  2.91047e+03 | 60 -0.01350 -1.78837e+03
 61  0.00946 -2.70299e+03 | 62  0.01094 -3.30814e+03 | 63 -0.02310 -4.82515e+03
 64  0.01488 -2.03154e+03 | 65  0.00569 -2.88512e+03 | 66 -0.01010 -4.04295e+03
 67  0.01440 -3.72878e+03 | 68 -0.03510 -4.50920e+03 | 69  0.03620  5.00371e+02
 70  0.01114 -9.81797e+02 | 71  0.02977  9.91238e+02 | 72  0.07398  3.63581e+03
 73  0.45568  5.23385e+03 |
1 0 25111.3
1 0 25092.3
1 0 25088.3
1 0 25152.1
1 0 25084.1
1 0 25079.5
1 0 25043.3
1 0 24997.4
1 0 24605.3
1 0 23818.5
1 0 23928.6
1 0 23334.6
1 0 23800.3
1 0 23134.2
1 0 22798.7
1 0 22370
73 variables; iteration 80; function evaluation 107; phase 1
Function value   2.2389974e+04; maximum gradient component mag  -9.6874e+04
Var   Value    Gradient   |Var   Value    Gradient   |Var   Value    Gradient
  1  0.27427  3.72365e+02 |  2  0.26025  2.02543e+03 |  3  0.13542 -2.66126e+02
  4  0.13429  2.45292e+02 |  5  0.12417  5.16466e+01 |  6  0.16434  7.22695e+02
  7  0.15634  6.78173e+02 |  8  0.09507  5.19404e+00 |  9  0.07351  7.46123e+01
 10  0.05483 -3.20748e+01 | 11  0.06283  3.30065e+02 | 12 -0.00800 -1.79348e+02
 13 -0.02087 -5.92558e+01 | 14 -0.01290 -2.40953e+02 | 15  0.07125  3.67158e+02
 16  0.11436 -1.30022e+02 | 17 -0.04147 -2.14238e+03 | 18 -0.03176  1.31619e+03
 19 -0.01108  4.03755e+03 | 20 -0.00459  5.02755e+03 | 21  0.00111  3.85996e+03
 22 -0.00385 -1.34558e+02 | 23 -0.01040  1.09035e+03 | 24 -0.01093 -3.70393e+03
 25 -0.00660 -2.71743e+03 | 26 -0.00203 -1.38429e+03 | 27 -0.00701 -2.70969e+03
 28 -0.00647 -2.95749e+03 | 29  0.00914  4.41075e+03 | 30  0.00301 -7.08413e+02
 31  0.00399 -3.59200e+02 | 32  0.01864  2.42659e+03 | 33  0.00928  3.09220e+03
 34  0.00828 -1.66660e+03 | 35  0.00862 -3.06796e+03 | 36  0.00131  2.73383e+03
 37  0.00773  3.19542e+02 | 38  0.01505  1.10019e+03 | 39  0.01030 -2.24139e+03
 40  0.00613 -3.53702e+03 | 41  0.01398  4.03300e+03 | 42  0.00448 -2.35233e+03
 43  0.00161  1.81115e+02 | 44  0.01546 -2.56049e+03 | 45  0.14247 -9.68740e+04
 46 -0.08720 -8.05792e+02 | 47 -0.05816  5.45224e+02 | 48 -0.06054 -3.23362e+03
 49 -0.04949 -7.19698e+03 | 50 -0.03115 -8.58519e+03 | 51 -0.05047 -5.85259e+03
 52 -0.02760 -5.82348e+03 | 53 -0.01936 -3.64338e+03 | 54  0.00452 -5.46201e+02
 55  0.01172  4.39718e+03 | 56  0.00452  2.73139e+03 | 57  0.03110  4.29641e+03
 58  0.02317  2.07039e+03 | 59  0.01730  3.70379e+03 | 60  0.02870  5.58827e+03
 61  0.01790  5.04742e+02 | 62  0.01028  8.83023e+02 | 63  0.03700  1.15021e+04
 64  0.00785  6.93670e+02 | 65  0.01326  1.57223e+02 | 66  0.01661 -1.38237e+02
 67  0.02325  2.73692e+03 | 68  0.03268  8.74477e+03 | 69  0.03096  4.00227e+03
 70  0.03149  2.78268e+03 | 71  0.01850  1.04514e+03 | 72 -0.00667  1.31788e+03
 73  0.06930  6.14483e+03 |
1 0 21966.3
1 0 21890.1
1 0 21734
1 0 21586.8
1 0 21485.1
1 0 21391.8
1 0 21321.5
1 0 21254.1
1 0 21209
1 0 21172.3
1 0 21153
73 variables; iteration 90; function evaluation 118; phase 1
Function value   2.1152992e+04; maximum gradient component mag  -1.2687e+04
Var   Value    Gradient   |Var   Value    Gradient   |Var   Value    Gradient
  1  0.28408  6.27905e+02 |  2  0.24056  2.30719e+02 |  3  0.15382 -9.04855e+01
  4  0.13110  1.71829e+02 |  5  0.10191  9.62061e+01 |  6  0.07342  1.08112e+01
  7  0.05867 -2.27924e+01 |  8  0.06367  1.14395e+02 |  9  0.04924  3.88317e+01
 10  0.03443 -8.69946e+00 | 11  0.03053  5.00544e+01 | 12  0.01930  4.44567e+01
 13  0.00080 -1.08123e+01 | 14 -0.01047 -2.35987e+01 | 15 -0.01155  6.52299e+00
 16  0.11696  6.81323e+02 | 17 -0.03692 -6.82816e+02 | 18 -0.02182  6.52860e+02
 19 -0.01753  1.94812e+02 | 20 -0.01898  1.34926e+02 | 21 -0.01495  4.07962e+00
 22 -0.00990  3.61359e+01 | 23 -0.00803  9.91778e+01 | 24 -0.00985 -5.16591e+02
 25 -0.00703  7.34453e+02 | 26 -0.00327  3.39336e+02 | 27  0.00273  5.36327e+02
 28  0.00214 -4.02497e+02 | 29  0.00009  8.98697e+01 | 30  0.00511  5.13421e+02
 31  0.00244  3.29200e+02 | 32  0.00934 -7.46509e+02 | 33  0.00559 -3.00535e+02
 34  0.00914  1.83887e+02 | 35  0.01189  6.38001e+01 | 36  0.01021 -3.06619e+01
 37  0.01290  2.54704e+02 | 38  0.01356 -1.26808e+02 | 39  0.01340 -2.00654e+02
 40  0.01360  1.03190e+02 | 41  0.01271 -5.53509e+02 | 42  0.01726  3.99642e+02
 43  0.00953 -1.14416e+02 | 44 -0.00355 -1.10036e+03 | 45  0.15151 -1.26872e+04
 46 -0.06180  1.01062e+03 | 47 -0.05811  6.23518e+02 | 48 -0.05301  7.63768e+02
 49 -0.04053  1.09319e+03 | 50 -0.04026 -2.14490e+02 | 51 -0.03273  9.06012e+02
 52 -0.02309  6.83030e+02 | 53 -0.01299 -4.37604e+02 | 54 -0.00670 -1.76636e+03
 55  0.00106 -3.33329e+02 | 56  0.01132  3.06842e+02 | 57  0.01838 -8.92594e+02
 58  0.01935 -8.21147e+02 | 59  0.01481 -3.80793e+02 | 60  0.01511  4.24816e+02
 61  0.01356  8.82847e+01 | 62  0.01418  5.27482e+01 | 63  0.01385  1.47728e+02
 64  0.01294 -3.18250e+02 | 65  0.01535 -3.92103e+02 | 66  0.01362 -1.00211e+03
 67  0.01587 -5.09240e+02 | 68  0.02125  3.69780e+02 | 69  0.02084 -6.47506e+02
 70  0.02422 -4.51406e+02 | 71  0.02612 -9.84188e+00 | 72  0.02926  1.61877e+02
 73  0.02651  5.70556e+02 |
1 0 21141
1 0 21130.3
1 0 21125.1
1 0 21122.2
1 0 21120.9
1 0 21119.7
1 0 21119.2
1 0 21118.8
1 0 21118.4
1 0 21118.2
73 variables; iteration 100; function evaluation 128; phase 1
Function value   2.1118231e+04; maximum gradient component mag   3.5222e+02
Var   Value    Gradient   |Var   Value    Gradient   |Var   Value    Gradient
  1  0.28287  6.13898e+01 |  2  0.24462  5.11550e+01 |  3  0.16382  3.40016e+00
  4  0.11231  1.73519e+01 |  5  0.07787  4.72037e+00 |  6  0.05488  6.43901e+00
  7  0.03803  5.63696e+00 |  8  0.02520  5.32295e+00 |  9  0.01519  3.76319e+00
 10  0.00766  3.64913e+00 | 11  0.00215  2.11370e+00 | 12 -0.00119  2.83183e+00
 13 -0.00275  3.58502e+00 | 14 -0.00281  6.71005e+00 | 15 -0.00228  1.06052e+01
 16  0.11809  1.87590e+01 | 17 -0.03560 -8.88519e+01 | 18 -0.02271  1.18085e+02
 19 -0.01857  4.00621e+01 | 20 -0.02043  1.00344e+01 | 21 -0.01586  8.25931e+00
 22 -0.01025 -1.41613e+01 | 23 -0.00940 -1.13660e+01 | 24 -0.00938  2.76791e+01
 25 -0.00851 -4.04896e+01 | 26 -0.00628 -5.33411e+01 | 27 -0.00294 -7.70271e+01
 28  0.00041 -7.00766e+01 | 29  0.00014  1.29992e+02 | 30  0.00344  2.00248e+01
 31  0.00058 -1.00027e+01 | 32  0.01012 -4.59852e+01 | 33  0.00695  6.37529e+01
 34  0.00866 -3.86430e+01 | 35  0.01152  2.22180e+01 | 36  0.01045  2.96467e+01
 37  0.01290 -2.07537e+01 | 38  0.01440 -8.38351e+00 | 39  0.01287 -3.64235e+01
 40  0.01372  7.57264e+01 | 41  0.01496 -3.08676e+01 | 42  0.01676 -2.22057e+01
 43  0.01265  2.45584e+01 | 44  0.00938 -7.84769e+00 | 45  0.15188  3.52215e+02
 46 -0.06207  3.18781e+01 | 47 -0.05786  1.05376e+01 | 48 -0.05351  2.58697e+01
 49 -0.04222 -6.90198e+00 | 50 -0.03804 -2.39716e+01 | 51 -0.03451  7.11588e+00
 52 -0.02351 -2.74493e+01 | 53 -0.01105  3.79332e+01 | 54 -0.00169  6.45374e+00
 55  0.00037 -1.42964e+00 | 56  0.00920 -1.64520e+01 | 57  0.02087  5.60356e+01
 58  0.02069 -3.97219e+01 | 59  0.01491  1.16550e+01 | 60  0.01420 -2.23905e+00
 61  0.01488  7.17402e+00 | 62  0.01492  2.70649e+01 | 63  0.01362  6.75293e+00
 64  0.01405 -5.06992e+01 | 65  0.01565 -3.03694e+01 | 66  0.01615 -3.74859e+01
 67  0.01728 -2.78953e+01 | 68  0.01946  2.88441e+00 | 69  0.02367  2.59546e+01
 70  0.02507  1.65671e+01 | 71  0.02281 -1.79079e+01 | 72  0.02328 -1.50880e+00
 73  0.02309 -1.94422e+01 |
1 0 21118.1
1 0 21118
1 0 21117.9
1 0 21117.8
1 0 21117.8
1 0 21117.8
1 0 21117.7
1 0 21117.7
1 0 21117.7
1 0 21117.7
73 variables; iteration 110; function evaluation 138; phase 1
Function value   2.1117700e+04; maximum gradient component mag  -2.9605e+01
Var   Value    Gradient   |Var   Value    Gradient   |Var   Value    Gradient
  1  0.28326  5.89901e+00 |  2  0.24490 -1.61528e+00 |  3  0.16404  5.61775e-01
  4  0.10931  2.71393e+00 |  5  0.07307 -7.22457e-01 |  6  0.04776  3.33150e-01
  7  0.02867 -3.02977e-01 |  8  0.01388 -1.17582e-01 |  9  0.00223  2.02050e-02
 10 -0.00700  4.15495e-01 | 11 -0.01436 -9.18812e-02 | 12 -0.01996 -2.94912e-01
 13 -0.02394  5.17100e-01 | 14 -0.02666 -1.72817e-02 | 15 -0.02803 -1.91970e-01
 16  0.11826  1.30367e+01 | 17 -0.03564  4.34433e+00 | 18 -0.02279 -1.54482e+01
 19 -0.01875  4.41713e+00 | 20 -0.02055  4.40715e+00 | 21 -0.01590 -6.96386e-01
 22 -0.01024  2.65063e-01 | 23 -0.00943 -2.72007e+00 | 24 -0.00943 -3.94381e+00
 25 -0.00835  5.75968e+00 | 26 -0.00591  6.08748e-01 | 27 -0.00246  2.87947e+00
 28  0.00063  5.99056e-01 | 29 -0.00022 -1.36609e-01 | 30  0.00329  6.54390e+00
 31  0.00050  2.37272e+00 | 32  0.01011 -2.18954e+00 | 33  0.00671 -5.54528e+00
 34  0.00859 -2.49141e+00 | 35  0.01143 -6.24073e+00 | 36  0.01040  4.01797e+00
 37  0.01293  9.60581e+00 | 38  0.01442 -4.35196e+00 | 39  0.01281 -4.60881e-01
 40  0.01338 -2.88458e+00 | 41  0.01490 -3.89393e+00 | 42  0.01680 -2.24497e+00
 43  0.01273  9.98476e-02 | 44  0.01001  8.81161e+00 | 45  0.15181  2.73667e+01
 46 -0.06198 -2.72148e+00 | 47 -0.05785 -9.80514e-01 | 48 -0.05360 -5.26724e+00
 49 -0.04221 -7.98100e+00 | 50 -0.03792  1.13419e+00 | 51 -0.03451 -4.56925e+00
 52 -0.02348 -1.05172e+00 | 53 -0.01125 -1.33438e+01 | 54 -0.00176 -2.96054e+01
 55  0.00051 -4.67157e+00 | 56  0.00953 -4.75625e+00 | 57  0.02082  2.54077e+01
 58  0.02075  4.39263e+00 | 59  0.01484 -7.07671e+00 | 60  0.01433 -1.24015e+00
 61  0.01488  4.26945e+00 | 62  0.01489  1.27307e+00 | 63  0.01361  9.31938e-01
 64  0.01417  1.33329e+01 | 65  0.01569 -1.03859e+00 | 66  0.01626 -3.67494e+00
 67  0.01745 -9.19912e+00 | 68  0.01943 -4.87148e+00 | 69  0.02358  2.44625e+00
 70  0.02510  8.94120e-01 | 71  0.02279  6.36084e+00 | 72  0.02282 -2.82216e+00
 73  0.02281 -3.05974e+00 |
1 0 21117.7
1 0 21117.7
1 0 21117.7
1 0 21117.7
1 0 21117.7
1 0 21117.7
1 0 21117.7
1 0 21117.7
1 0 21117.7
1 0 21117.7
73 variables; iteration 120; function evaluation 148; phase 1
Function value   2.1117692e+04; maximum gradient component mag  -3.6971e+00
Var   Value    Gradient   |Var   Value    Gradient   |Var   Value    Gradient
  1  0.28312 -2.93516e-01 |  2  0.24472 -2.05876e-01 |  3  0.16361 -3.89059e-02
  4  0.10857  3.04526e-02 |  5  0.07260 -1.40251e-01 |  6  0.04730 -1.25171e-01
  7  0.02831 -9.14529e-02 |  8  0.01355 -4.12443e-02 |  9  0.00187 -5.90119e-02
 10 -0.00738 -1.68154e-02 | 11 -0.01463 -2.86717e-02 | 12 -0.02017  3.16086e-03
 13 -0.02417  5.64117e-02 | 14 -0.02678  1.01350e-01 | 15 -0.02808  3.33263e-02
 16  0.11808  1.43642e-01 | 17 -0.03599  1.35235e+00 | 18 -0.02273  6.29012e-02
 19 -0.01872 -2.95345e-01 | 20 -0.02053 -5.48808e-01 | 21 -0.01587  4.39933e-02
 22 -0.01021 -1.54285e-01 | 23 -0.00939  2.23964e-01 | 24 -0.00938 -1.77462e-01
 25 -0.00831 -2.36809e-01 | 26 -0.00589  3.84561e-01 | 27 -0.00249  3.67770e-01
 28  0.00061 -2.72242e-01 | 29 -0.00023 -5.02691e-01 | 30  0.00332 -6.79332e-02
 31  0.00054  1.36060e+00 | 32  0.01015  9.35396e-02 | 33  0.00676 -1.03330e+00
 34  0.00864  1.74257e-01 | 35  0.01147  3.59488e-01 | 36  0.01040 -2.89230e-01
 37  0.01294 -4.37531e-01 | 38  0.01446 -8.54789e-02 | 39  0.01286  1.19980e-01
 40  0.01342  2.11669e-01 | 41  0.01494  2.25209e-01 | 42  0.01682  1.76095e-01
 43  0.01268 -2.22736e-01 | 44  0.00970 -9.16961e-01 | 45  0.15183 -3.69712e+00
 46 -0.06198 -6.53673e-02 | 47 -0.05787 -2.49452e-01 | 48 -0.05361 -4.53359e-03
 49 -0.04222  1.48876e-01 | 50 -0.03796 -5.82533e-01 | 51 -0.03453 -8.63868e-02
 52 -0.02350  2.79409e-02 | 53 -0.01124  5.47869e-01 | 54 -0.00171  3.27488e-01
 55  0.00049  1.00030e-01 | 56  0.00953 -5.29933e-02 | 57  0.02075  4.67129e-01
 58  0.02072  1.06170e-02 | 59  0.01484  5.68912e-02 | 60  0.01431  7.77675e-03
 61  0.01485 -5.22354e-01 | 62  0.01487  2.68475e-01 | 63  0.01361 -1.56121e-01
 64  0.01413 -3.61545e-01 | 65  0.01567  1.42973e-01 | 66  0.01624  4.29587e-01
 67  0.01745  2.44340e-01 | 68  0.01942  1.19145e-02 | 69  0.02356  1.14635e-01
 70  0.02509 -1.01690e-01 | 71  0.02282 -6.31937e-01 | 72  0.02301 -1.83814e-01
 73  0.02301  1.79528e-01 |
1 0 21117.7
1 0 21117.7
1 0 21117.7
1 0 21117.7
1 0 21117.7
1 0 21117.7
1 0 21117.7
1 0 21117.7
1 0 21117.7
1 0 21117.7
73 variables; iteration 130; function evaluation 158; phase 1
Function value   2.1117692e+04; maximum gradient component mag   1.5216e-01
Var   Value    Gradient   |Var   Value    Gradient   |Var   Value    Gradient
  1  0.28310 -3.23562e-04 |  2  0.24468 -3.09093e-03 |  3  0.16358 -4.27623e-03
  4  0.10856  3.68311e-03 |  5  0.07264 -3.01060e-03 |  6  0.04737 -8.13793e-04
  7  0.02838 -9.79799e-04 |  8  0.01360 -4.98301e-04 |  9  0.00191 -1.76546e-03
 10 -0.00738  2.05171e-04 | 11 -0.01467 -4.37210e-04 | 12 -0.02024 -1.08748e-03
 13 -0.02429  1.63121e-03 | 14 -0.02694 -1.29770e-04 | 15 -0.02825  8.20659e-04
 16  0.11808  1.55064e-02 | 17 -0.03605  5.33384e-03 | 18 -0.02274 -1.32005e-02
 19 -0.01872 -7.77075e-03 | 20 -0.02053  9.15237e-03 | 21 -0.01587 -1.28023e-02
 22 -0.01021  3.02127e-03 | 23 -0.00939 -6.18727e-03 | 24 -0.00938  1.36080e-03
 25 -0.00831  2.93736e-03 | 26 -0.00589 -2.05946e-03 | 27 -0.00248  2.04427e-02
 28  0.00061  3.34871e-03 | 29 -0.00023  7.62080e-03 | 30  0.00332  3.21109e-02
 31  0.00054 -7.93207e-02 | 32  0.01015 -6.16526e-02 | 33  0.00676  5.37723e-02
 34  0.00864  4.38116e-02 | 35  0.01147  2.72837e-02 | 36  0.01041 -6.37317e-03
 37  0.01294  1.47667e-03 | 38  0.01447 -1.28393e-02 | 39  0.01286  2.79833e-03
 40  0.01342 -9.39440e-03 | 41  0.01494  3.56437e-04 | 42  0.01683  8.12376e-03
 43  0.01269 -1.71807e-03 | 44  0.00972 -1.30845e-02 | 45  0.15183  3.38928e-02
 46 -0.06198 -9.95907e-03 | 47 -0.05787 -4.47624e-03 | 48 -0.05361 -9.95876e-03
 49 -0.04222 -2.32734e-02 | 50 -0.03796  3.01512e-02 | 51 -0.03452 -1.05351e-02
 52 -0.02350 -8.77805e-03 | 53 -0.01124 -2.54426e-02 | 54 -0.00171 -2.07254e-02
 55  0.00049 -1.04928e-02 | 56  0.00953 -1.69999e-02 | 57  0.02075 -9.71882e-02
 58  0.02072 -3.50862e-02 | 59  0.01484 -5.51340e-03 | 60  0.01431  1.91348e-02
 61  0.01485  1.52157e-01 | 62  0.01487  1.65542e-02 | 63  0.01361 -1.11959e-02
 64  0.01413 -1.44193e-02 | 65  0.01567  1.37421e-02 | 66  0.01624  4.23118e-03
 67  0.01745  1.87329e-02 | 68  0.01942 -8.10601e-03 | 69  0.02356  2.50440e-02
 70  0.02509 -5.39192e-03 | 71  0.02281 -4.98559e-03 | 72  0.02300 -9.03856e-03
 73  0.02300 -2.34098e-03 |
1 0 21117.7

 - final statistics:
73 variables; iteration 131; function evaluation 159
Function value   2.1118e+04; maximum gradient component mag   6.5255e-02
Exit code = 1;  converg criter   1.0000e-01
Var   Value    Gradient   |Var   Value    Gradient   |Var   Value    Gradient
  1  0.28310  4.25318e-03 |  2  0.24468 -5.95439e-03 |  3  0.16358  8.02135e-04
  4  0.10856  1.45121e-03 |  5  0.07264 -1.20221e-03 |  6  0.04737 -1.25143e-03
  7  0.02838 -7.12076e-04 |  8  0.01360 -3.78561e-04 |  9  0.00191  3.95313e-04
 10 -0.00737 -3.51694e-04 | 11 -0.01467  2.41541e-05 | 12 -0.02024 -7.13622e-04
 13 -0.02429  8.04447e-04 | 14 -0.02694  8.56122e-04 | 15 -0.02825 -5.31030e-04
 16  0.11808  6.31891e-03 | 17 -0.03605  2.24719e-03 | 18 -0.02274 -2.18946e-02
 19 -0.01872  4.05978e-03 | 20 -0.02053  3.86559e-03 | 21 -0.01587 -1.27281e-02
 22 -0.01021  3.49906e-03 | 23 -0.00939 -1.16792e-02 | 24 -0.00938  8.59807e-03
 25 -0.00831 -5.46612e-03 | 26 -0.00589  5.13001e-04 | 27 -0.00248  1.15171e-02
 28  0.00061 -2.35937e-04 | 29 -0.00023  1.60149e-02 | 30  0.00332  2.67584e-02
 31  0.00054 -5.42082e-02 | 32  0.01015 -3.11315e-02 | 33  0.00676  3.00834e-02
 34  0.00864  3.17341e-02 | 35  0.01147  3.82306e-03 | 36  0.01041 -4.10190e-03
 37  0.01294  1.85056e-02 | 38  0.01447 -6.32942e-03 | 39  0.01286 -4.35852e-03
 40  0.01342  3.20764e-04 | 41  0.01494 -1.45211e-02 | 42  0.01683  3.99247e-03
 43  0.01269  8.24972e-03 | 44  0.00972 -7.49650e-03 | 45  0.15183 -1.72237e-02
 46 -0.06198  5.13638e-03 | 47 -0.05787  3.42867e-03 | 48 -0.05361  5.78546e-03
 49 -0.04222 -7.03385e-03 | 50 -0.03796  4.54179e-02 | 51 -0.03452  4.38289e-03
 52 -0.02350 -6.92272e-04 | 53 -0.01124 -1.67150e-02 | 54 -0.00171 -7.86032e-03
 55  0.00049 -8.32590e-03 | 56  0.00953 -6.74016e-03 | 57  0.02075 -5.11502e-02
 58  0.02072 -3.16383e-02 | 59  0.01484 -2.64172e-03 | 60  0.01431  5.35873e-03
 61  0.01485  6.52546e-02 | 62  0.01487 -1.52715e-02 | 63  0.01361 -2.10444e-02
 64  0.01413 -1.10268e-02 | 65  0.01567 -7.09855e-03 | 66  0.01624 -1.56831e-03
 67  0.01745  1.13119e-02 | 68  0.01942 -8.30364e-03 | 69  0.02356  7.97720e-03
 70  0.02509  4.26603e-03 | 71  0.02281  1.73299e-03 | 72  0.02300 -2.86174e-03
 73  0.02300 -2.68638e-04 |
1 0 21117.7
B052994.1
0.3 0.624694
0.535452 0.501975
0.767953 0.430856
0.945363 0.393493
1.06284 0.373785
1.13507 0.363162
1.17775 0.357336
1.20244 0.354107
1.21654 0.352304
1.22455 0.351295
1.22909 0.350728
1.23164 0.35041
1.23308 0.350231
1.2339 0.35013
1.23435 0.350073
1.23461 0.350041
1.23476 0.350023
1.23484 0.350013
1.23489 0.350007
1.23491 0.350004
1.23493 0.350004
2 0 21117.7

Initial statistics: 77 variables; iteration 0; function evaluation 0; phase 2
Function value   2.1117692e+04; maximum gradient component mag   2.4480e+03
Var   Value    Gradient   |Var   Value    Gradient   |Var   Value    Gradient
  1 -0.80226 -4.40753e+02 |  2 -0.43085 -1.36009e+02 |  3  0.28310  4.25318e-03
  4  0.24468 -5.95439e-03 |  5  0.16358  8.02135e-04 |  6  0.10856  1.45121e-03
  7  0.07264 -1.20221e-03 |  8  0.04737 -1.25143e-03 |  9  0.02838 -7.12076e-04
 10  0.01360 -3.78561e-04 | 11  0.00191  3.95313e-04 | 12 -0.00737 -3.51694e-04
 13 -0.01467  2.41541e-05 | 14 -0.02024 -7.13622e-04 | 15 -0.02429  8.04447e-04
 16 -0.02694  8.56122e-04 | 17 -0.02825 -5.31030e-04 | 18  0.11808  6.31891e-03
 19 -0.03605  2.26071e-03 | 20 -0.02274 -2.18811e-02 | 21 -0.01872  4.07332e-03
 22 -0.02053  3.87912e-03 | 23 -0.01587 -1.27146e-02 | 24 -0.01021  3.51260e-03
 25 -0.00939 -1.16656e-02 | 26 -0.00938  8.61160e-03 | 27 -0.00831 -5.45258e-03
 28 -0.00589  5.26540e-04 | 29 -0.00248  1.15306e-02 | 30  0.00061 -2.22397e-04
 31 -0.00023  1.60284e-02 | 32  0.00332  2.67720e-02 | 33  0.00054 -5.41946e-02
 34  0.01015 -3.11180e-02 | 35  0.00676  3.00969e-02 | 36  0.00864  3.17476e-02
 37  0.01147  3.83660e-03 | 38  0.01041 -4.08836e-03 | 39  0.01294  1.85191e-02
 40  0.01447 -6.31588e-03 | 41  0.01286 -4.34498e-03 | 42  0.01342  3.34301e-04
 43  0.01494 -1.45075e-02 | 44  0.01683  4.00601e-03 | 45  0.01269  8.26326e-03
 46  0.00972 -7.48296e-03 | 47  0.15183 -1.72237e-02 | 48 -0.06198  6.56149e-03
 49 -0.05787  4.85465e-03 | 50 -0.05361  7.21227e-03 | 51 -0.04222 -5.60510e-03
 52 -0.03796  4.68473e-02 | 53 -0.03452  5.81268e-03 | 54 -0.02350  7.38643e-04
 55 -0.01124 -1.52834e-02 | 56 -0.00171 -6.42843e-03 | 57  0.00049 -6.89401e-03
 58  0.00953 -5.30842e-03 | 59  0.02075 -4.97190e-02 | 60  0.02072 -3.02072e-02
 61  0.01484 -1.21022e-03 | 62  0.01431  6.79026e-03 | 63  0.01485  6.66861e-02
 64  0.01487 -1.38400e-02 | 65  0.01361 -1.96129e-02 | 66  0.01413 -9.59525e-03
 67  0.01567 -5.66709e-03 | 68  0.01624 -1.36881e-04 | 69  0.01745  1.27433e-02
 70  0.01942 -6.87241e-03 | 71  0.02356  9.40811e-03 | 72  0.02509  5.69681e-03
 73  0.02281  3.16396e-03 | 74  0.02300 -1.43078e-03 | 75  0.02300  1.16232e-03
 76 -0.55482  2.44800e+03 | 77 -0.43310 -1.34200e+02 |
2 0 21117.7
2 0 21117.5
2 0 21115.9
2 0 21120.9
2 0 21115.5
2 0 21114.7
2 0 21109
2 0 21098.2
2 0 21091.1
2 0 21078.6
2 0 21058.4
2 0 21068.8
2 0 21050.3
2 0 21044.1
2 0 21034.1

Intermediate statistics: 77 variables; iteration 10; function evaluation 15; phase 2
Function value   2.1034082e+04; maximum gradient component mag   1.8017e+03
Var   Value    Gradient   |Var   Value    Gradient   |Var   Value    Gradient
  1 -0.71763 -6.87867e+02 |  2 -0.41946  1.30709e+02 |  3  0.27997  5.54324e+02
  4  0.24960  6.08472e+02 |  5  0.16349  1.07000e+02 |  6  0.10812  4.37926e+01
  7  0.07238  2.43710e+01 |  8  0.04722  1.54756e+01 |  9  0.02828  1.09024e+01
 10  0.01353  8.28282e+00 | 11  0.00185  6.65303e+00 | 12 -0.00742  5.58463e+00
 13 -0.01470  4.86504e+00 | 14 -0.02028  4.37988e+00 | 15 -0.02432  4.06443e+00
 16 -0.02697  3.87929e+00 | 17 -0.02827  3.75895e+00 | 18  0.10384  1.04604e+03
 19 -0.03839 -9.57745e+02 | 20 -0.02059  1.80175e+03 | 21 -0.01990  4.17307e+02
 22 -0.02397 -9.05869e+02 | 23 -0.01796 -2.16383e+02 | 24 -0.01189  2.61575e+02
 25 -0.01080 -3.63359e+02 | 26 -0.00811  1.36925e+01 | 27 -0.00575  3.83942e+02
 28 -0.00377  4.36543e+02 | 29 -0.00142 -2.57480e+02 | 30  0.00386  6.08082e+02
 31  0.00045  3.17037e+02 | 32 -0.00107 -1.30126e+03 | 33 -0.00217  4.18045e+02
 34  0.00611 -1.16945e+03 | 35  0.00436 -1.30865e+02 | 36  0.00828  2.61489e+02
 37  0.01076 -2.80142e+02 | 38  0.01076  1.03006e+02 | 39  0.01402  2.15344e+02
 40  0.01586  7.06606e+01 | 41  0.01540  2.79052e+02 | 42  0.01671  3.80606e+02
 43  0.01709  1.01166e+02 | 44  0.01693 -4.28547e+02 | 45  0.01275 -1.00296e+02
 46  0.01241  3.96702e+01 | 47  0.15125 -1.74812e+03 | 48 -0.05799  1.54049e+03
 49 -0.05726  9.59861e-01 | 50 -0.05397  7.10224e+00 | 51 -0.04155  5.31276e+02
 52 -0.03854 -1.58482e+02 | 53 -0.03647 -4.64271e+02 | 54 -0.02480 -1.37344e+02
 55 -0.01180 -4.85505e+01 | 56 -0.00174 -3.81964e+02 | 57 -0.00038 -2.60100e+02
 58  0.00974 -9.57831e+01 | 59  0.02223 -2.91442e+02 | 60  0.02069 -1.30820e+00
 61  0.01365 -8.17625e+02 | 62  0.01449  1.85579e+02 | 63  0.01348 -2.47882e+02
 64  0.01476 -3.19741e+02 | 65  0.01335 -2.27542e+02 | 66  0.01386 -2.70421e+02
 67  0.01567 -2.64835e+02 | 68  0.01609 -2.30449e+02 | 69  0.01731 -1.90089e+02
 70  0.01996 -2.81716e+01 | 71  0.02491  2.99847e+02 | 72  0.02700  9.10073e+02
 73  0.02294  5.93706e+02 | 74  0.02172  1.76365e+02 | 75  0.02226  8.52781e+01
 76 -0.59688 -1.06767e+03 | 77 -0.52145  4.77516e+02 |
2 0 21018.1
2 0 20994.9
2 0 21525.8
2 0 20993.9
2 0 20993.6
2 0 20993.4
2 0 20993.1
2 0 20993.1
2 0 20992.9
2 0 20992.7
2 0 20992.6
2 0 20992.4
77 variables; iteration 20; function evaluation 27; phase 2
Function value   2.0992460e+04; maximum gradient component mag  -8.0445e+03
Var   Value    Gradient   |Var   Value    Gradient   |Var   Value    Gradient
  1 -0.63255  9.27650e+01 |  2 -0.43447  2.93714e+02 |  3  0.27620  3.29120e+02
  4  0.25528  7.98308e+02 |  5  0.16436  9.84260e+01 |  6  0.10754  3.23931e+01
  7  0.07189  1.99132e+01 |  8  0.04694  1.31116e+01 |  9  0.02812  9.13445e+00
 10  0.01343  6.83250e+00 | 11  0.00178  5.42628e+00 | 12 -0.00747  4.51884e+00
 13 -0.01475  3.91472e+00 | 14 -0.02031  3.50935e+00 | 15 -0.02436  3.24639e+00
 16 -0.02700  3.08945e+00 | 17 -0.02830  2.98934e+00 | 18  0.10195  1.27329e+03
 19 -0.03688 -1.13038e+03 | 20 -0.02099  1.22968e+03 | 21 -0.01812  1.19038e+03
 22 -0.02521 -1.30836e+03 | 23 -0.01960 -3.85771e+02 | 24 -0.01221  1.99112e+02
 25 -0.01062 -1.67511e+02 | 26 -0.00748 -5.22783e+01 | 27 -0.00433  5.04959e+02
 28 -0.00279  4.55698e+02 | 29  0.00025 -3.16519e+00 | 30  0.00477  5.15716e+02
 31  0.00028  2.19953e+02 | 32 -0.00152 -1.43598e+03 | 33 -0.00366  2.64133e+02
 34  0.00466 -1.18885e+03 | 35  0.00319 -3.47420e+02 | 36  0.00683 -8.29584e+01
 37  0.01113 -3.67768e+01 | 38  0.01068  5.03679e+01 | 39  0.01422  2.85642e+02
 40  0.01643  1.78188e+02 | 41  0.01671  5.77259e+02 | 42  0.01827  5.70081e+02
 43  0.01828  5.11252e+02 | 44  0.01691 -2.80907e+02 | 45  0.01206 -5.54134e+01
 46  0.00875 -2.70512e+02 | 47  0.15130 -8.04447e+03 | 48 -0.05866  1.81927e+03
 49 -0.05502  8.46544e+02 | 50 -0.05254  5.61689e+02 | 51 -0.04323  1.84404e+02
 52 -0.03856  1.86089e+01 | 53 -0.03728 -7.63569e+02 | 54 -0.02629 -5.80836e+02
 55 -0.01200 -1.30306e+02 | 56 -0.00215 -4.66679e+02 | 57 -0.00048 -2.71212e+02
 58  0.01103  5.59132e+02 | 59  0.02263  3.25766e+02 | 60  0.02207  8.11941e+02
 61  0.01393 -6.14384e+02 | 62  0.01341 -1.61102e+02 | 63  0.01392 -9.00081e+01
 64  0.01385 -3.35521e+02 | 65  0.01347 -1.91129e+02 | 66  0.01373 -4.24606e+02
 67  0.01551 -3.69266e+02 | 68  0.01601 -2.95229e+02 | 69  0.01694 -4.11057e+02
 70  0.02002 -1.50082e+02 | 71  0.02542  1.29699e+02 | 72  0.02654  3.37262e+02
 73  0.02290  9.29389e+01 | 74  0.02340  3.44700e+01 | 75  0.02246  4.20455e+02
 76 -0.60802 -2.51701e+03 | 77 -0.54662  8.87292e+02 |
2 0 20992.4
2 0 20992.3
2 0 20992.2
2 0 20992.1
2 0 20991.9
2 0 20991.8
2 0 20991.8
2 0 20991.8
2 0 20991.8
2 0 20991.7
77 variables; iteration 30; function evaluation 37; phase 2
Function value   2.0991756e+04; maximum gradient component mag  -8.9102e+03
Var   Value    Gradient   |Var   Value    Gradient   |Var   Value    Gradient
  1 -0.63239  2.14584e+02 |  2 -0.44724  2.46113e+02 |  3  0.27772  1.68643e+02
  4  0.26189  7.13841e+02 |  5  0.16908  7.69333e+01 |  6  0.10947  1.41832e+01
  7  0.07257  9.24247e+00 |  8  0.04722  7.21216e+00 |  9  0.02831  5.60593e+00
 10  0.01358  4.36996e+00 | 11  0.00192  3.51705e+00 | 12 -0.00735  2.95037e+00
 13 -0.01464  2.57168e+00 | 14 -0.02021  2.31691e+00 | 15 -0.02426  2.15337e+00
 16 -0.02690  2.05879e+00 | 17 -0.02821  1.99485e+00 | 18  0.10363  1.27217e+03
 19 -0.02965 -9.65777e+02 | 20 -0.02121  1.02371e+03 | 21 -0.01830  1.24185e+03
 22 -0.02595 -1.45438e+03 | 23 -0.02031 -4.55364e+02 | 24 -0.01318 -2.79172e+01
 25 -0.01072  2.06755e+00 | 26 -0.00771 -3.08976e+00 | 27 -0.00488  4.80711e+02
 28 -0.00328  4.63607e+02 | 29 -0.00005  6.05970e+01 | 30  0.00430  3.73813e+02
 31  0.00014  3.43678e+02 | 32 -0.00197 -1.39070e+03 | 33 -0.00442  1.87206e+02
 34  0.00393 -1.25401e+03 | 35  0.00281 -3.61538e+02 | 36  0.00660 -3.35696e+01
 37  0.01103  4.68188e+01 | 38  0.01048  9.59487e+01 | 39  0.01377  2.92010e+02
 40  0.01603  2.25451e+02 | 41  0.01626  5.02257e+02 | 42  0.01820  6.93617e+02
 43  0.01786  4.49152e+02 | 44  0.01662 -2.11273e+02 | 45  0.01210 -9.93973e+01
 46  0.01151 -2.17257e+02 | 47  0.15127 -8.91020e+03 | 48 -0.05886  1.63677e+03
 49 -0.05474  8.39963e+02 | 50 -0.05266  4.99352e+02 | 51 -0.04298  3.06253e+02
 52 -0.03884  1.17698e+02 | 53 -0.03724 -6.69196e+02 | 54 -0.02609 -4.93106e+02
 55 -0.01203 -1.19776e+02 | 56 -0.00230 -5.04303e+02 | 57 -0.00069 -3.72345e+02
 58  0.01101  6.29908e+02 | 59  0.02280  4.49485e+02 | 60  0.02212  7.93127e+02
 61  0.01391 -6.17916e+02 | 62  0.01312 -1.96885e+02 | 63  0.01400  7.89245e+00
 64  0.01388 -2.83059e+02 | 65  0.01344 -2.11327e+02 | 66  0.01385 -4.35108e+02
 67  0.01547 -4.16914e+02 | 68  0.01583 -4.04214e+02 | 69  0.01685 -4.26174e+02
 70  0.02001 -1.61896e+02 | 71  0.02552  1.56568e+02 | 72  0.02652  3.42531e+02
 73  0.02240  6.79400e+01 | 74  0.02142 -7.04848e+00 | 75  0.02551  4.97411e+02
 76 -0.60956 -2.71850e+03 | 77 -0.55039  9.52227e+02 |
2 0 20991.7
2 0 20991.9
2 0 20991.7
2 0 20991.7
2 0 20991.7
2 0 20991.7
2 0 20991.7
2 0 20991.7
2 0 20991.7
2 0 20991.7
2 0 20991.6
2 0 20991.6
77 variables; iteration 40; function evaluation 49; phase 2
Function value   2.0991666e+04; maximum gradient component mag  -8.9687e+03
Var   Value    Gradient   |Var   Value    Gradient   |Var   Value    Gradient
  1 -0.63228  2.23155e+02 |  2 -0.44783  2.43053e+02 |  3  0.27771  1.19529e+02
  4  0.26235  6.75666e+02 |  5  0.17077  7.93232e+01 |  6  0.11231  2.38867e+01
  7  0.07472  1.13899e+01 |  8  0.04840  5.92159e+00 |  9  0.02895  4.38999e+00
 10  0.01399  3.71667e+00 | 11  0.00222  3.16809e+00 | 12 -0.00710  2.71542e+00
 13 -0.01442  2.38213e+00 | 14 -0.02002  2.15248e+00 | 15 -0.02409  2.00492e+00
 16 -0.02674  1.91801e+00 | 17 -0.02805  1.85678e+00 | 18  0.10379  1.27176e+03
 19 -0.02877 -9.11663e+02 | 20 -0.02119  9.88823e+02 | 21 -0.01826  1.24132e+03
 22 -0.02595 -1.46069e+03 | 23 -0.02032 -4.44457e+02 | 24 -0.01318 -1.96841e+01
 25 -0.01069  2.88451e+00 | 26 -0.00768 -6.60769e-01 | 27 -0.00491  5.03792e+02
 28 -0.00336  4.54424e+02 | 29 -0.00009  5.39839e+01 | 30  0.00430  3.78868e+02
 31  0.00011  3.45254e+02 | 32 -0.00200 -1.38950e+03 | 33 -0.00447  1.79038e+02
 34  0.00390 -1.24160e+03 | 35  0.00270 -3.80404e+02 | 36  0.00640 -5.95990e+01
 37  0.01081  3.88101e+01 | 38  0.01037  7.87184e+01 | 39  0.01376  2.98467e+02
 40  0.01598  2.07975e+02 | 41  0.01628  5.31530e+02 | 42  0.01815  6.79199e+02
 43  0.01781  4.43015e+02 | 44  0.01664 -1.88256e+02 | 45  0.01214 -1.01723e+02
 46  0.01155 -2.02024e+02 | 47  0.15126 -8.96874e+03 | 48 -0.05888  1.60734e+03
 49 -0.05472  8.33241e+02 | 50 -0.05260  5.16376e+02 | 51 -0.04300  2.96700e+02
 52 -0.03888  1.02712e+02 | 53 -0.03728 -6.80824e+02 | 54 -0.02596 -4.45634e+02
 55 -0.01202 -1.23465e+02 | 56 -0.00234 -5.29937e+02 | 57 -0.00072 -3.86272e+02
 58  0.01103  6.34458e+02 | 59  0.02281  4.51211e+02 | 60  0.02213  7.94785e+02
 61  0.01393 -6.10654e+02 | 62  0.01315 -1.95754e+02 | 63  0.01405  2.11046e+01
 64  0.01393 -2.61724e+02 | 65  0.01332 -2.51254e+02 | 66  0.01376 -4.66250e+02
 67  0.01547 -4.23379e+02 | 68  0.01586 -3.88684e+02 | 69  0.01686 -4.29197e+02
 70  0.02003 -1.63210e+02 | 71  0.02553  1.70122e+02 | 72  0.02649  3.30310e+02
 73  0.02241  7.05370e+01 | 74  0.02153  1.80008e+01 | 75  0.02529  4.96996e+02
 76 -0.60964 -2.72266e+03 | 77 -0.55060  9.51875e+02 |
2 0 20991.6
2 0 20991.6
2 0 20991.6
2 0 20991.6
2 0 20991.6
2 0 20991.6
2 0 20991.6
2 0 20991.6
2 0 20991.6
2 0 20991.6
2 0 20991.6
77 variables; iteration 50; function evaluation 60; phase 2
Function value   2.0991618e+04; maximum gradient component mag  -8.9878e+03
Var   Value    Gradient   |Var   Value    Gradient   |Var   Value    Gradient
  1 -0.63224  2.27700e+02 |  2 -0.44808  2.41487e+02 |  3  0.27777  1.17038e+02
  4  0.26249  6.71848e+02 |  5  0.17078  7.75635e+01 |  6  0.11233  1.58795e+01
  7  0.07707  1.95112e+01 |  8  0.05136  1.26508e+01 |  9  0.03106  5.25628e+00
 10  0.01528  2.85454e+00 | 11  0.00306  2.55603e+00 | 12 -0.00647  2.48164e+00
 13 -0.01390  2.31408e+00 | 14 -0.01956  2.13203e+00 | 15 -0.02367  1.99491e+00
 16 -0.02635  1.91069e+00 | 17 -0.02768  1.85135e+00 | 18  0.10385  1.27427e+03
 19 -0.02858 -9.03925e+02 | 20 -0.02123  9.71305e+02 | 21 -0.01820  1.24965e+03
 22 -0.02582 -1.43538e+03 | 23 -0.02021 -4.21621e+02 | 24 -0.01317 -1.85471e+01
 25 -0.01073  1.46663e+00 | 26 -0.00768 -3.12698e+00 | 27 -0.00491  5.15154e+02
 28 -0.00336  4.53245e+02 | 29 -0.00004  6.60193e+01 | 30  0.00432  3.87868e+02
 31  0.00002  3.31917e+02 | 32 -0.00211 -1.40402e+03 | 33 -0.00450  1.74276e+02
 34  0.00390 -1.23528e+03 | 35  0.00275 -3.64414e+02 | 36  0.00640 -5.83060e+01
 37  0.01086  5.68903e+01 | 38  0.01039  8.17417e+01 | 39  0.01366  2.78376e+02
 40  0.01581  1.86182e+02 | 41  0.01625  5.25202e+02 | 42  0.01822  7.03125e+02
 43  0.01790  4.72873e+02 | 44  0.01660 -2.05680e+02 | 45  0.01204 -1.16751e+02
 46  0.01153 -1.96380e+02 | 47  0.15126 -8.98775e+03 | 48 -0.05897  1.58545e+03
 49 -0.05480  8.19981e+02 | 50 -0.05261  5.18569e+02 | 51 -0.04294  3.14225e+02
 52 -0.03881  1.22484e+02 | 53 -0.03734 -6.95859e+02 | 54 -0.02594 -4.32396e+02
 55 -0.01203 -1.24367e+02 | 56 -0.00238 -5.37411e+02 | 57 -0.00073 -3.87522e+02
 58  0.01109  6.51106e+02 | 59  0.02283  4.57392e+02 | 60  0.02206  7.80015e+02
 61  0.01393 -6.00255e+02 | 62  0.01309 -2.05018e+02 | 63  0.01408  2.75651e+01
 64  0.01390 -2.71535e+02 | 65  0.01330 -2.65531e+02 | 66  0.01376 -4.72462e+02
 67  0.01559 -3.83392e+02 | 68  0.01574 -4.04987e+02 | 69  0.01683 -4.22590e+02
 70  0.02000 -1.65254e+02 | 71  0.02552  1.50666e+02 | 72  0.02655  3.39993e+02
 73  0.02236  6.87031e+01 | 74  0.02151  1.74192e+01 | 75  0.02556  4.99536e+02
 76 -0.60967 -2.72036e+03 | 77 -0.55068  9.49919e+02 |
2 0 20991.6
2 0 20991.6
2 0 20991.6
2 0 20991.6
2 0 20991.5
2 0 20991.5
2 0 20991.5
2 0 20991.5
2 0 20991.4
2 0 20991.4
2 0 20991.4
2 0 20991.3
77 variables; iteration 60; function evaluation 72; phase 2
Function value   2.0991369e+04; maximum gradient component mag  -9.0067e+03
Var   Value    Gradient   |Var   Value    Gradient   |Var   Value    Gradient
  1 -0.63224  2.32882e+02 |  2 -0.44865  2.39049e+02 |  3  0.27775  1.15525e+02
  4  0.26246  6.69636e+02 |  5  0.17070  7.66936e+01 |  6  0.11233  1.42125e+01
  7  0.07769  2.35835e+01 |  8  0.05158 -8.50643e-01 |  9  0.03502  8.38433e+00
 10  0.02263  1.90962e+01 | 11  0.00977  8.81015e+00 | 12 -0.00169  1.75424e+00
 13 -0.01047  8.12047e-01 | 14 -0.01684  1.44310e+00 | 15 -0.02128  1.84189e+00
 16 -0.02414  1.94361e+00 | 17 -0.02554  1.92889e+00 | 18  0.10384  1.26907e+03
 19 -0.02851 -9.03199e+02 | 20 -0.02128  9.60900e+02 | 21 -0.01813  1.25609e+03
 22 -0.02571 -1.40417e+03 | 23 -0.02023 -4.22910e+02 | 24 -0.01332 -5.91700e+01
 25 -0.01085 -4.07785e+01 | 26 -0.00753  4.90427e+01 | 27 -0.00478  5.47446e+02
 28 -0.00346  4.16619e+02 | 29 -0.00018  4.21544e+01 | 30  0.00426  3.84458e+02
 31 -0.00004  3.36075e+02 | 32 -0.00213 -1.40889e+03 | 33 -0.00445  1.95509e+02
 34  0.00385 -1.24766e+03 | 35  0.00275 -3.64347e+02 | 36  0.00642 -7.65786e+01
 37  0.01091  8.73070e+01 | 38  0.01041  8.65227e+01 | 39  0.01361  2.51266e+02
 40  0.01585  2.01311e+02 | 41  0.01627  5.41400e+02 | 42  0.01821  7.05681e+02
 43  0.01779  4.41788e+02 | 44  0.01663 -2.06424e+02 | 45  0.01219 -5.78631e+01
 46  0.01156 -2.18930e+02 | 47  0.15124 -9.00671e+03 | 48 -0.05908  1.55130e+03
 49 -0.05482  8.10985e+02 | 50 -0.05252  5.31225e+02 | 51 -0.04285  3.21513e+02
 52 -0.03881  1.23434e+02 | 53 -0.03743 -6.86613e+02 | 54 -0.02598 -4.31895e+02
 55 -0.01193 -1.15980e+02 | 56 -0.00229 -5.18575e+02 | 57 -0.00078 -3.88042e+02
 58  0.01117  6.88848e+02 | 59  0.02281  4.48557e+02 | 60  0.02201  7.59211e+02
 61  0.01399 -6.00280e+02 | 62  0.01309 -2.16064e+02 | 63  0.01403  9.56431e+00
 64  0.01400 -2.27621e+02 | 65  0.01329 -2.70816e+02 | 66  0.01384 -4.66067e+02
 67  0.01554 -3.89597e+02 | 68  0.01584 -3.71151e+02 | 69  0.01677 -4.50857e+02
 70  0.02009 -1.62773e+02 | 71  0.02546  1.29909e+02 | 72  0.02654  3.52012e+02
 73  0.02241  5.56096e+01 | 74  0.02147 -2.47043e+00 | 75  0.02528  4.98975e+02
 76 -0.60974 -2.72630e+03 | 77 -0.55085  9.51871e+02 |
2 0 20991.4
2 0 20991.3
2 0 20991.3
2 0 20991.3
2 0 20991.2
2 0 20991.1
2 0 20991.1
2 0 20991
2 0 20990.9
2 0 20990.8
2 0 20990.8
2 0 20990.7
2 0 20990.6
2 0 20989.8
77 variables; iteration 70; function evaluation 86; phase 2
Function value   2.0989827e+04; maximum gradient component mag  -8.9241e+03
Var   Value    Gradient   |Var   Value    Gradient   |Var   Value    Gradient
  1 -0.63247  2.34708e+02 |  2 -0.45027  2.34345e+02 |  3  0.27776  1.39953e+02
  4  0.26201  6.77685e+02 |  5  0.17021  7.79550e+01 |  6  0.11186  1.46513e+01
  7  0.07726  2.32891e+01 |  8  0.05138 -3.65424e+00 |  9  0.03600  1.64231e+01
 10  0.02263 -8.25296e+00 | 11  0.01709  4.66238e+01 | 12  0.00244 -5.83630e+01
 13  0.00891  3.49825e+01 | 14  0.00915  4.12314e+01 | 15  0.00142  1.04431e+01
 16 -0.00572 -1.41870e+00 | 17 -0.00925 -1.88320e+00 | 18  0.10345  1.24618e+03
 19 -0.02879 -9.27576e+02 | 20 -0.02151  9.19752e+02 | 21 -0.01797  1.26177e+03
 22 -0.02527 -1.29623e+03 | 23 -0.02000 -4.00266e+02 | 24 -0.01321 -7.06695e+01
 25 -0.01074 -3.28088e+01 | 26 -0.00763  4.27670e+01 | 27 -0.00490  5.24806e+02
 28 -0.00356  3.76730e+02 | 29 -0.00030  1.91698e+01 | 30  0.00425  3.86582e+02
 31  0.00012  3.85669e+02 | 32 -0.00203 -1.38014e+03 | 33 -0.00463  1.11722e+02
 34  0.00373 -1.25186e+03 | 35  0.00290 -3.29001e+02 | 36  0.00666 -3.83143e+01
 37  0.01077  4.05948e+01 | 38  0.01039  6.18180e+01 | 39  0.01416  3.62216e+02
 40  0.01596  2.27612e+02 | 41  0.01577  4.32246e+02 | 42  0.01787  6.40332e+02
 43  0.01789  4.77103e+02 | 44  0.01680 -1.46878e+02 | 45  0.01208 -1.23593e+02
 46  0.01130 -1.84490e+02 | 47  0.15128 -8.92410e+03 | 48 -0.05948  1.46065e+03
 49 -0.05504  7.85932e+02 | 50 -0.05245  5.46960e+02 | 51 -0.04284  3.03563e+02
 52 -0.03887  1.03735e+02 | 53 -0.03724 -6.35907e+02 | 54 -0.02598 -4.38336e+02
 55 -0.01204 -1.52464e+02 | 56 -0.00222 -4.70434e+02 | 57 -0.00080 -3.59847e+02
 58  0.01108  6.96982e+02 | 59  0.02276  4.32739e+02 | 60  0.02209  7.51495e+02
 61  0.01403 -5.64866e+02 | 62  0.01288 -2.49179e+02 | 63  0.01384 -5.33953e+01
 64  0.01417 -2.02229e+02 | 65  0.01336 -2.44820e+02 | 66  0.01343 -5.36083e+02
 67  0.01570 -3.45523e+02 | 68  0.01618 -3.14390e+02 | 69  0.01671 -4.56475e+02
 70  0.01987 -1.74631e+02 | 71  0.02536  1.31868e+02 | 72  0.02661  3.37346e+02
 73  0.02237  5.06241e+01 | 74  0.02182  4.03740e+01 | 75  0.02583  4.94524e+02
 76 -0.61007 -2.72870e+03 | 77 -0.55144  9.50176e+02 |
2 0 20992.4
2 0 20989.6
2 0 20989.3
2 0 20988.8
2 0 20987.9
2 0 20986.6
2 0 20984.3
2 0 20979.8
2 0 20953
2 0 23667.9
2 0 20964.6
2 0 20952.5
2 0 20951.5
2 0 20945.5
2 0 20941.5
77 variables; iteration 80; function evaluation 101; phase 2
Function value   2.0941494e+04; maximum gradient component mag  -4.2583e+02
Var   Value    Gradient   |Var   Value    Gradient   |Var   Value    Gradient
  1 -0.65634 -3.11263e+02 |  2 -0.54402  6.80657e+01 |  3  0.27719 -6.12640e+01
  4  0.24452  7.56436e+01 |  5  0.15906 -1.18919e+00 |  6  0.10435  3.74330e+00
  7  0.06895 -1.50553e+00 |  8  0.04511  1.49163e+00 |  9  0.02740 -2.88631e+00
 10  0.01499  4.46207e+00 | 11  0.00462 -6.80929e+00 | 12 -0.00101  1.28284e+01
 13 -0.00810 -1.01240e-01 | 14 -0.01311 -1.11596e+01 | 15 -0.01293  1.32850e+01
 16 -0.01487 -1.21097e+01 | 17 -0.01139  1.81197e+01 | 18  0.09217  5.18625e+01
 19 -0.04269 -9.26606e+01 | 20 -0.02394 -1.34688e+02 | 21 -0.01885 -8.14568e+01
 22 -0.02035  1.50532e+02 | 23 -0.01619 -8.87647e+01 | 24 -0.01021 -2.28012e+01
 25 -0.00865  2.59428e-01 | 26 -0.00843  7.83200e+00 | 27 -0.00736  3.30129e+00
 28 -0.00486  4.79330e+01 | 29 -0.00140  1.10995e+02 | 30  0.00140 -3.68562e+01
 31  0.00020 -1.06606e+02 | 32  0.00424  3.02076e+02 | 33  0.00057 -1.63674e+02
 34  0.01036  1.41835e+02 | 35  0.00672 -3.48255e+01 | 36  0.00848 -1.19174e+02
 37  0.01230  6.15673e+00 | 38  0.01113 -2.89201e+01 | 39  0.01340 -3.04461e+01
 40  0.01538  2.91316e+01 | 41  0.01396  7.20674e+00 | 42  0.01448  2.36139e+01
 43  0.01561  3.35230e+01 | 44  0.01748  1.25626e+02 | 45  0.01264 -5.31060e+01
 46  0.00451 -1.47221e+01 | 47  0.15228 -4.25825e+02 | 48 -0.06369 -3.02374e+02
 49 -0.05860  1.63659e+02 | 50 -0.05384  9.17019e+01 | 51 -0.04364 -1.69045e+02
 52 -0.03916 -2.75805e+01 | 53 -0.03493  8.55384e+01 | 54 -0.02479 -1.09776e+01
 55 -0.01259 -1.23886e+01 | 56 -0.00245  2.31344e+01 | 57  0.00049  1.26955e+02
 58  0.00880  3.87221e+01 | 59  0.01972 -1.33948e+01 | 60  0.02064 -3.97561e+01
 61  0.01559  1.37635e+02 | 62  0.01412 -1.90080e+02 | 63  0.01469  2.71632e+01
 64  0.01421 -6.73823e+01 | 65  0.01339  4.52889e+01 | 66  0.01436  6.43656e+01
 67  0.01542  2.91910e+01 | 68  0.01598  4.67559e+01 | 69  0.01728  5.48036e+01
 70  0.01922 -1.38837e+01 | 71  0.02341 -5.92507e+01 | 72  0.02451 -2.48624e+02
 73  0.02313 -8.49713e+01 | 74  0.02780  3.84898e+01 | 75  0.03032  2.71277e+01
 76 -0.61811 -3.25812e+02 | 77 -0.56827  1.07477e+02 |
2 0 20940.3
2 0 20939.8
2 0 20939.8
2 0 20939.7
2 0 20939.7
2 0 20939.7
2 0 20939.7
2 0 20939.7
2 0 20939.7
2 0 20939.7
77 variables; iteration 90; function evaluation 111; phase 2
Function value   2.0939729e+04; maximum gradient component mag   7.4483e-01
Var   Value    Gradient   |Var   Value    Gradient   |Var   Value    Gradient
  1 -0.65426 -1.25336e-01 |  2 -0.55250  5.64759e-02 |  3  0.27873  3.60811e-02
  4  0.24474 -2.46870e-01 |  5  0.16085 -2.33597e-02 |  6  0.10527 -3.40490e-03
  7  0.06958  6.29805e-03 |  8  0.04469  5.51019e-03 |  9  0.02609  8.92886e-03
 10  0.01166  6.15278e-05 | 11  0.00027  1.18867e-02 | 12 -0.00876 -3.19345e-03
 13 -0.01583  2.60046e-03 | 14 -0.02124  3.15891e-02 | 15 -0.02516  7.05453e-03
 16 -0.02771  4.15371e-02 | 17 -0.02897  3.69059e-02 | 18  0.09314  1.02527e-01
 19 -0.03882  2.33591e-01 | 20 -0.02321 -3.10319e-02 | 21 -0.01895  2.30849e-01
 22 -0.02062 -1.22078e-01 | 23 -0.01598 -2.81733e-02 | 24 -0.01036  2.15780e-02
 25 -0.00888  3.25986e-02 | 26 -0.00858  6.16071e-03 | 27 -0.00767  5.30629e-02
 28 -0.00545  3.49974e-02 | 29 -0.00205 -6.10725e-03 | 30  0.00143 -1.47733e-02
 31  0.00025  3.38931e-02 | 32  0.00342 -2.06549e-01 | 33  0.00057  1.74451e-01
 34  0.01024 -1.60464e-01 | 35  0.00663 -1.77134e-02 | 36  0.00883 -2.21912e-02
 37  0.01224 -3.12809e-02 | 38  0.01115  4.30848e-06 | 39  0.01339  1.49912e-03
 40  0.01515 -2.33518e-03 | 41  0.01379  4.27450e-02 | 42  0.01437  3.32965e-02
 43  0.01547 -2.15845e-02 | 44  0.01717 -6.36879e-02 | 45  0.01234 -9.00513e-02
 46  0.00410 -6.47007e-02 | 47  0.15225  7.44826e-01 | 48 -0.06248  4.65505e-01
 49 -0.05884  1.06119e-02 | 50 -0.05418 -3.31297e-02 | 51 -0.04316 -2.05568e-02
 52 -0.03901 -2.72784e-02 | 53 -0.03508 -1.09604e-01 | 54 -0.02465 -1.09537e-01
 55 -0.01237 -7.31140e-02 | 56 -0.00234 -1.11928e-01 | 57  0.00009 -6.73707e-02
 58  0.00870  6.13266e-02 | 59  0.02008  7.69355e-02 | 60  0.02054  1.88092e-01
 61  0.01528 -1.10235e-01 | 62  0.01468  3.38524e-03 | 63  0.01445  1.97636e-02
 64  0.01459 -3.08481e-02 | 65  0.01342 -2.77296e-02 | 66  0.01435 -3.59171e-02
 67  0.01557 -3.48649e-02 | 68  0.01601 -4.20178e-02 | 69  0.01723 -3.74756e-02
 70  0.01933 -1.31552e-02 | 71  0.02354  1.51790e-02 | 72  0.02496  1.06953e-01
 73  0.02328  1.27220e-01 | 74  0.02787 -2.12058e-02 | 75  0.02787 -6.72175e-02
 76 -0.61815  6.91738e-02 | 77 -0.56824 -1.61045e-01 |
2 0 20939.7
2 0 20939.7
2 0 20939.7
2 0 20939.7
2 0 20939.7
2 0 20939.7

 - final statistics:
77 variables; iteration 96; function evaluation 117
Function value   2.0940e+04; maximum gradient component mag   1.1091e-04
Exit code = 1;  converg criter   1.0000e-03
Var   Value    Gradient   |Var   Value    Gradient   |Var   Value    Gradient
  1 -0.65427 -1.04035e-05 |  2 -0.55252  2.83226e-06 |  3  0.27873  4.02644e-05
  4  0.24474  2.23728e-05 |  5  0.16085  1.07251e-05 |  6  0.10527  3.53277e-06
  7  0.06957  2.29973e-06 |  8  0.04467  1.70964e-06 |  9  0.02606  1.19620e-06
 10  0.01162  3.14955e-07 | 11  0.00022  2.16284e-07 | 12 -0.00882  9.12984e-09
 13 -0.01592  2.57060e-07 | 14 -0.02134  1.21147e-07 | 15 -0.02527 -3.65999e-07
 16 -0.02784 -9.38280e-07 | 17 -0.02911  2.09492e-06 | 18  0.09314 -1.53997e-05
 19 -0.03883 -2.73152e-05 | 20 -0.02321  3.98829e-05 | 21 -0.01895  5.26834e-05
 22 -0.02062 -8.31176e-06 | 23 -0.01598 -1.68805e-05 | 24 -0.01036 -4.21161e-06
 25 -0.00888  1.50418e-06 | 26 -0.00858  2.01800e-06 | 27 -0.00767  1.25204e-05
 28 -0.00545  5.86643e-06 | 29 -0.00205  1.21479e-05 | 30  0.00143 -6.71726e-06
 31  0.00025 -7.83227e-06 | 32  0.00343 -1.35354e-05 | 33  0.00057 -2.79131e-06
 34  0.01024 -2.47925e-05 | 35  0.00663 -8.76894e-06 | 36  0.00883 -2.12552e-05
 37  0.01224 -1.90199e-06 | 38  0.01115 -4.23375e-06 | 39  0.01339  5.85149e-07
 40  0.01515  2.61863e-06 | 41  0.01379  8.36245e-06 | 42  0.01437  1.70980e-05
 43  0.01547  4.44109e-06 | 44  0.01717  5.10550e-06 | 45  0.01235  4.37308e-05
 46  0.00410 -5.99655e-05 | 47  0.15225 -3.10522e-05 | 48 -0.06248 -4.62200e-06
 49 -0.05884  1.55289e-05 | 50 -0.05418  8.13069e-06 | 51 -0.04316 -1.80838e-05
 52 -0.03901  2.34627e-06 | 53 -0.03508 -5.34119e-06 | 54 -0.02465 -1.34612e-05
 55 -0.01237 -4.62401e-06 | 56 -0.00234 -6.32610e-06 | 57  0.00009  8.36125e-06
 58  0.00870  2.51037e-05 | 59  0.02008  2.64084e-05 | 60  0.02054  4.11102e-05
 61  0.01528  1.08922e-05 | 62  0.01468 -1.48401e-05 | 63  0.01445  1.53781e-05
 64  0.01459 -2.47843e-06 | 65  0.01342  7.21824e-06 | 66  0.01435  3.96929e-06
 67  0.01557  1.47046e-06 | 68  0.01601  4.31999e-06 | 69  0.01722  5.28504e-06
 70  0.01933 -4.22552e-06 | 71  0.02354  1.59539e-06 | 72  0.02496 -8.01867e-06
 73  0.02328 -6.22349e-05 | 74  0.02787 -4.79364e-05 | 75  0.02787 -2.98694e-06
 76 -0.61814  1.10913e-04 | 77 -0.56821 -4.47700e-05 |
2 0 20939.7
B052994.1
0.3 0.581214
0.498184 0.467609
0.665587 0.407975
0.775837 0.379049
0.840229 0.36482
0.875808 0.35765
0.894949 0.353974
0.905112 0.352072
0.910471 0.351083
0.913287 0.350566
0.914764 0.350296
0.915538 0.350155
0.915944 0.350081
0.916156 0.350042
0.916267 0.350022
0.916326 0.350012
0.916356 0.350006
0.916372 0.350003
0.91638 0.350002
0.916385 0.350001
0.916387 0.350001
Survey Bio29.9849
Survey len10401.1
CPUE68.6642
Catch3.89358
Catch len10410.2
initsmo_penal21.6457
F_pen1.77184
Rec_pen2.48471
M_pen0


Starting time: Sun Jun 17 18:59:17 2018
Finishing time: Sun Jun 17 19:00:11 2018
This run took: 0 hours, 0 minutes, 54 seconds.

