survYears 73 74 75 76 77 78 79 80 81 82 83 84 85 86 87 88 89 90 91 92 93 94 95 96 97 98 99 100
SurvLenYear 73 74 75 76 77 78 79 80 81 82 83 84 85 86 87 88 89 90 91 92 93 94 95 96 97 98 99 100
catchBiomass 2104.84 2890.8 4456.22 6015.76 6526.05 11249.6 13338.6 14462.2 20707.9 27058.6 43284.8 57279.4 79679.8 114042 110282 89083.8 77327.3 74479.4 103275 71871.9 79593.3 96223.6 92359.1 117516 108614 118835 119245 82753.9
steep0.999
25
Out
1 0 30356.3

Initial statistics: 74 variables; iteration 0; function evaluation 0; phase 1
Function value   3.0356348e+04; maximum gradient component mag  -5.2793e+04
Var   Value    Gradient   |Var   Value    Gradient   |Var   Value    Gradient
  1  0.21664  8.15238e+02 |  2  0.20957  1.04549e+03 |  3  0.19257  1.10951e+03
  4  0.17351  9.47451e+02 |  5  0.14784  5.24054e+02 |  6  0.14682  7.15461e+02
  7  0.12295  3.61761e+02 |  8  0.11016  2.99972e+02 |  9  0.09997  2.70581e+02
 10  0.08371  2.21074e+02 | 11  0.05365  1.85663e+01 | 12  0.04477  8.75997e+01
 13  0.03135  9.77600e+01 | 14  0.00456 -1.70526e+02 | 15  0.03756  1.71601e+02
 16 -0.02079 -6.76023e+03 | 17  0.00000 -3.95189e+03 | 18  0.00000  2.12774e+02
 19  0.00000 -2.42474e+03 | 20  0.00000 -2.95079e+03 | 21  0.00000 -1.41184e+03
 22  0.00000 -2.15543e+03 | 23  0.00000 -1.23953e+03 | 24  0.00000  4.24143e+02
 25  0.00000  6.05906e+02 | 26  0.00000  2.07824e+03 | 27  0.00000  1.94687e+03
 28  0.00000  2.06238e+03 | 29  0.00000  2.12735e+03 | 30  0.00000  4.30663e+02
 31  0.00000 -5.60345e+02 | 32  0.00000 -1.21603e+01 | 33  0.00000  6.37128e+02
 34  0.00000  1.52066e+03 | 35  0.00000 -5.33814e+02 | 36  0.00000  1.24150e+03
 37  0.00000  1.59635e+03 | 38  0.00000  1.17217e+03 | 39  0.00000  2.17451e+03
 40  0.00000  1.00478e+03 | 41  0.00000  1.36122e+03 | 42  0.00000  1.32912e+02
 43  0.00000 -2.04098e+03 | 44  0.00000 -3.44803e+03 | 45  0.11581 -5.27925e+04
 46  0.00000  2.90795e+04 | 47  0.00000  2.02326e+04 | 48  0.00000  1.68500e+04
 49  0.00000  1.33159e+04 | 50  0.00000  1.09423e+04 | 51  0.00000  8.79795e+03
 52  0.00000  5.89802e+03 | 53  0.00000  2.63388e+03 | 54  0.00000 -4.84567e+02
 55  0.00000 -3.31387e+03 | 56  0.00000 -5.71022e+03 | 57  0.00000 -7.62380e+03
 58  0.00000 -7.81484e+03 | 59  0.00000 -6.06392e+03 | 60  0.00000 -5.17256e+03
 61  0.00000 -5.43240e+03 | 62  0.00000 -5.77422e+03 | 63  0.00000 -5.56995e+03
 64  0.00000 -5.74632e+03 | 65  0.00000 -6.70942e+03 | 66  0.00000 -7.36169e+03
 67  0.00000 -8.09282e+03 | 68  0.00000 -8.62205e+03 | 69  0.00000 -8.33309e+03
 70  0.00000 -7.30723e+03 | 71  0.00000 -4.53406e+03 | 72  0.00000 -6.39182e+02
 73  0.00000  2.55611e+03 | 74  0.00750  4.42704e+03 |
1 0 30356.3
1 0 30356.1
1 0 30354.1
1 0 30334.2
1 0 30144.1
1 0 29733.6
1 0 27026.7
1 0 37253.7
1 0 26506.2
1 0 27884.1
1 0 26415.5
1 0 26386.8
1 0 26378.6
1 0 26368.6
1 0 26364.1
1 0 26362.5
1 0 26358.9
1 0 26355.9

Intermediate statistics: 74 variables; iteration 10; function evaluation 18; phase 1
Function value   2.6356053e+04; maximum gradient component mag  -5.8646e+04
Var   Value    Gradient   |Var   Value    Gradient   |Var   Value    Gradient
  1  0.23395  2.91036e+02 |  2  0.19238  1.70334e+02 |  3  0.16826  2.57373e+02
  4  0.14876  2.38039e+02 |  5  0.13402  2.09963e+02 |  6  0.12286  1.94606e+02
  7  0.11135  1.60637e+02 |  8  0.09979  1.27098e+02 |  9  0.08893  1.18745e+02
 10  0.07363  8.45096e+01 | 11  0.05542  3.78567e+01 | 12  0.04084  3.39316e+01
 13  0.02682  4.17193e+00 | 14  0.01935 -2.65422e+01 | 15  0.02644  4.94781e+01
 16  0.03493  2.53563e+03 | 17  0.01059 -1.34894e+03 | 18 -0.01252 -1.53717e+02
 19 -0.02455 -1.46244e+03 | 20 -0.02089 -1.16293e+03 | 21 -0.02245 -1.19610e+03
 22 -0.00909 -8.03656e+02 | 23 -0.00477 -5.50999e+02 | 24 -0.00215 -9.76778e+01
 25  0.00533  3.19811e+02 | 26  0.01234  1.00754e+03 | 27  0.01396  1.29280e+03
 28  0.01992  1.98498e+03 | 29  0.02445  1.86882e+03 | 30  0.00413  5.21641e+02
 31 -0.00521 -4.10754e+02 | 32  0.00062 -1.34249e+02 | 33  0.00327  2.04986e+02
 34  0.00295  7.72011e+02 | 35  0.00354 -2.07070e+02 | 36  0.00246  4.18362e+02
 37  0.00634  7.33803e+02 | 38  0.00544  5.94327e+02 | 39  0.01580  1.28449e+03
 40  0.00801  6.55103e+02 | 41  0.00167  6.26406e+02 | 42 -0.00131 -3.97276e+02
 43 -0.01019 -1.91678e+03 | 44 -0.02937 -3.63224e+03 | 45  0.13415 -5.86463e+04
 46 -0.03687  1.22130e+04 | 47 -0.04376  5.62395e+03 | 48 -0.04602  3.62296e+03
 49 -0.04134  2.54018e+03 | 50 -0.03647  1.91088e+03 | 51 -0.03253  1.32123e+03
 52 -0.02633  6.85413e+02 | 53 -0.01639  1.43719e+02 | 54 -0.01523 -5.86231e+02
 55  0.00689 -7.27912e+02 | 56  0.00452 -1.73101e+03 | 57  0.01261 -2.07773e+03
 58  0.04093 -2.63019e+03 | 59  0.00167 -2.61857e+03 | 60  0.00257 -2.35158e+03
 61  0.01223 -2.08997e+03 | 62  0.01033 -2.00390e+03 | 63  0.01829 -2.02720e+03
 64  0.00283 -2.18359e+03 | 65  0.01376 -2.12296e+03 | 66  0.01961 -2.24929e+03
 67 -0.00492 -2.23906e+03 | 68  0.03835 -2.66642e+03 | 69  0.01205 -2.43695e+03
 70  0.03088 -1.98068e+03 | 71  0.02716 -4.32547e+02 | 72  0.03260  2.02611e+03
 73  0.00913  2.63105e+03 | 74  0.10517  1.02367e+04 |
1 0 26349.9
1 0 26353
1 0 26347.6
1 0 26344.4
1 0 26342.6
1 0 26341.9
1 0 26339.2
1 0 26337.4
1 0 26334.8
1 0 26334.9
1 0 26333.5
1 0 26332.7
74 variables; iteration 20; function evaluation 30; phase 1
Function value   2.6333189e+04; maximum gradient component mag  -5.8157e+04
Var   Value    Gradient   |Var   Value    Gradient   |Var   Value    Gradient
  1  0.22100  2.28768e+02 |  2  0.17136  8.62775e+01 |  3  0.13498  1.05434e+02
  4  0.11112  9.99425e+01 |  5  0.09618  1.02133e+02 |  6  0.08475  8.47837e+01
  7  0.07758  9.16138e+01 |  8  0.06999  8.42518e+01 |  9  0.06098  6.64632e+01
 10  0.05204  5.07019e+01 | 11  0.04452  6.08866e+01 | 12  0.03286  2.10467e+01
 13  0.02580  8.75041e+00 | 14  0.02542  6.55426e+01 | 15  0.01462 -1.19836e+01
 16  0.03229  2.37311e+03 | 17  0.00023 -8.14176e+02 | 18 -0.01090 -5.14028e+01
 19 -0.02149 -1.17091e+03 | 20 -0.01999 -1.10207e+03 | 21 -0.02315 -1.28203e+03
 22 -0.00916 -7.15728e+02 | 23 -0.00588 -5.96206e+02 | 24 -0.00359 -1.84811e+02
 25  0.00442  3.05782e+02 | 26  0.01140  1.01875e+03 | 27  0.01677  1.40007e+03
 28  0.01584  1.90565e+03 | 29  0.02741  1.63221e+03 | 30  0.00790  1.23672e+03
 31 -0.00539 -6.21979e+02 | 32  0.00108  5.22558e+01 | 33  0.00402  4.48722e+02
 34  0.00237  5.24992e+02 | 35  0.00424 -4.78601e+01 | 36  0.00205  4.22970e+02
 37  0.00653  7.90846e+02 | 38  0.00479  3.49586e+02 | 39  0.01717  1.57234e+03
 40  0.01041  1.08021e+03 | 41  0.00158  1.92662e+02 | 42 -0.00082 -2.58484e+02
 43 -0.00958 -1.81834e+03 | 44 -0.02705 -3.41511e+03 | 45  0.13478 -5.81569e+04
 46 -0.03875  1.16138e+04 | 47 -0.04424  5.53524e+03 | 48 -0.04543  3.75101e+03
 49 -0.04114  2.59019e+03 | 50 -0.03582  2.03393e+03 | 51 -0.03240  1.33750e+03
 52 -0.02677  6.37356e+02 | 53 -0.01676  1.13493e+02 | 54 -0.01599 -7.47361e+02
 55  0.00312 -8.93860e+02 | 56  0.01259 -1.65275e+03 | 57 -0.00069 -2.08578e+03
 58  0.04393 -2.17701e+03 | 59  0.00131 -2.57473e+03 | 60  0.00340 -2.29466e+03
 61  0.01069 -2.21549e+03 | 62  0.01023 -2.10778e+03 | 63  0.01755 -2.00976e+03
 64  0.00420 -2.23248e+03 | 65  0.01093 -2.28032e+03 | 66  0.02033 -2.30135e+03
 67 -0.01163 -2.52045e+03 | 68  0.03586 -3.59798e+03 | 69  0.01331 -2.57260e+03
 70  0.03144 -1.81130e+03 | 71  0.02537 -5.15751e+02 | 72  0.03047  1.76290e+03
 73  0.02842  2.65653e+03 | 74  0.10483  1.01453e+04 |
1 0 26332.2
1 0 26331.6
1 0 26331
1 0 26330.5
1 0 26330.2
1 0 26329.7
1 0 26329.2
1 0 26328.9
1 0 26328.6
1 0 26328.2
74 variables; iteration 30; function evaluation 40; phase 1
Function value   2.6328717e+04; maximum gradient component mag  -5.8210e+04
Var   Value    Gradient   |Var   Value    Gradient   |Var   Value    Gradient
  1  0.21924  2.16107e+02 |  2  0.17260  8.98644e+01 |  3  0.13967  1.53330e+02
  4  0.11033  1.08138e+02 |  5  0.08731  7.23008e+01 |  6  0.07084  6.53534e+01
  7  0.05644  4.70594e+01 |  8  0.04463  2.61476e+01 |  9  0.03832  4.71707e+01
 10  0.02968  3.25116e+01 | 11  0.02119  4.14904e+00 | 12  0.01970  4.55698e+01
 13  0.01255  2.41438e+01 | 14  0.00499 -3.83341e+01 | 15  0.01469  5.64371e+01
 16  0.03149  2.35122e+03 | 17 -0.00264 -7.07149e+02 | 18 -0.01205 -1.78693e+02
 19 -0.02159 -1.13729e+03 | 20 -0.02053 -1.14920e+03 | 21 -0.02259 -1.16962e+03
 22 -0.00963 -8.70243e+02 | 23 -0.00530 -5.68575e+02 | 24 -0.00256 -1.29759e+01
 25  0.00467  3.10786e+02 | 26  0.01146  9.85519e+02 | 27  0.01653  1.40354e+03
 28  0.01626  1.82116e+03 | 29  0.02626  1.71484e+03 | 30  0.00736  1.06332e+03
 31 -0.00495 -5.68232e+02 | 32  0.00082 -5.68902e+01 | 33  0.00422  4.33288e+02
 34  0.00309  5.88614e+02 | 35  0.00500  6.62104e+01 | 36  0.00179  3.46866e+02
 37  0.00579  7.52127e+02 | 38  0.00493  4.48770e+02 | 39  0.01882  1.49572e+03
 40  0.01136  1.35529e+03 | 41  0.00128 -1.32340e+01 | 42 -0.00076 -3.07952e+02
 43 -0.00943 -1.77569e+03 | 44 -0.02627 -3.31820e+03 | 45  0.13405 -5.82102e+04
 46 -0.03819  1.15378e+04 | 47 -0.04285  5.75606e+03 | 48 -0.04524  3.66637e+03
 49 -0.04074  2.53484e+03 | 50 -0.03601  1.92624e+03 | 51 -0.03096  1.52948e+03
 52 -0.02601  6.86367e+02 | 53 -0.01631  6.17054e+01 | 54 -0.01546 -7.64766e+02
 55  0.00401 -9.06859e+02 | 56  0.01203 -1.67502e+03 | 57  0.00320 -2.05163e+03
 58  0.04310 -2.40603e+03 | 59  0.00355 -2.55030e+03 | 60  0.00312 -2.31190e+03
 61  0.01160 -2.16476e+03 | 62  0.01037 -2.05839e+03 | 63  0.01880 -1.97984e+03
 64  0.00536 -2.20467e+03 | 65  0.01201 -2.28846e+03 | 66  0.01950 -2.42702e+03
 67 -0.01365 -2.52048e+03 | 68  0.03782 -3.56376e+03 | 69  0.01204 -2.58108e+03
 70  0.03354 -1.61352e+03 | 71  0.02534 -4.62037e+02 | 72  0.03118  1.91693e+03
 73  0.01268  2.57073e+03 | 74  0.10536  1.01490e+04 |
1 0 26327.8
1 0 26327.6
1 0 26327.3
1 0 26327
1 0 26326.7
1 0 26326.4
1 0 26326
1 0 26325.6
1 0 26325.5
1 0 26325.2
74 variables; iteration 40; function evaluation 50; phase 1
Function value   2.6325698e+04; maximum gradient component mag  -5.8207e+04
Var   Value    Gradient   |Var   Value    Gradient   |Var   Value    Gradient
  1  0.21775  1.92938e+02 |  2  0.17289  8.91783e+01 |  3  0.14129  1.49038e+02
  4  0.11646  1.33127e+02 |  5  0.09607  1.14259e+02 |  6  0.07565  7.99381e+01
  7  0.05539  4.87969e+01 |  8  0.03673  2.87458e+01 |  9  0.02046  1.17776e+01
 10  0.00842  1.30683e+01 | 11 -0.00157  1.53197e+01 | 12 -0.01138 -1.64977e+01
 13 -0.01239 -6.63117e+00 | 14 -0.00763  3.31499e+01 | 15 -0.00859  1.06723e+01
 16  0.03165  2.37289e+03 | 17 -0.00277 -6.88415e+02 | 18 -0.01167 -1.48587e+02
 19 -0.02185 -1.21433e+03 | 20 -0.01966 -1.04013e+03 | 21 -0.02226 -1.12588e+03
 22 -0.00990 -9.51565e+02 | 23 -0.00532 -5.40960e+02 | 24 -0.00333 -1.03057e+02
 25  0.00426  2.76260e+02 | 26  0.01154  1.02797e+03 | 27  0.01673  1.38282e+03
 28  0.01573  1.68995e+03 | 29  0.02712  1.83023e+03 | 30  0.00749  1.01273e+03
 31 -0.00490 -5.48628e+02 | 32  0.00080 -2.06290e+01 | 33  0.00387  4.07463e+02
 34  0.00320  5.28659e+02 | 35  0.00587  1.72099e+02 | 36  0.00199  4.05311e+02
 37  0.00593  7.61110e+02 | 38  0.00496  4.19122e+02 | 39  0.01761  1.46014e+03
 40  0.01085  1.37485e+03 | 41  0.00176  5.36584e+01 | 42 -0.00006 -2.27982e+02
 43 -0.00972 -1.86568e+03 | 44 -0.02691 -3.36766e+03 | 45  0.13445 -5.82069e+04
 46 -0.03855  1.14956e+04 | 47 -0.04330  5.73521e+03 | 48 -0.04475  3.84913e+03
 49 -0.04177  2.36896e+03 | 50 -0.03606  1.95899e+03 | 51 -0.03091  1.57359e+03
 52 -0.02593  7.29786e+02 | 53 -0.01678  7.57566e+01 | 54 -0.01582 -7.61154e+02
 55  0.00340 -9.25813e+02 | 56  0.01257 -1.57238e+03 | 57  0.00211 -1.96793e+03
 58  0.04297 -2.38883e+03 | 59  0.00457 -2.48912e+03 | 60  0.00171 -2.34638e+03
 61  0.01208 -2.20293e+03 | 62  0.00809 -2.10308e+03 | 63  0.01942 -1.93535e+03
 64  0.00582 -2.16953e+03 | 65  0.01106 -2.30180e+03 | 66  0.01963 -2.41854e+03
 67 -0.01137 -2.49131e+03 | 68  0.03710 -3.57448e+03 | 69  0.00956 -2.68943e+03
 70  0.03323 -1.79783e+03 | 71  0.02571 -4.68118e+02 | 72  0.03107  1.86710e+03
 73  0.01898  2.60837e+03 | 74  0.10548  1.01751e+04 |
1 0 26324.8
1 0 26324.4
1 0 26324.4
1 0 26324.2
1 0 26323.8
1 0 26323.6
1 0 26323.1
1 0 26322.5
1 0 26321.8
1 0 26321.1
1 0 26320.8
74 variables; iteration 50; function evaluation 61; phase 1
Function value   2.6321279e+04; maximum gradient component mag  -5.8183e+04
Var   Value    Gradient   |Var   Value    Gradient   |Var   Value    Gradient
  1  0.21854  2.08329e+02 |  2  0.17325  1.07425e+02 |  3  0.13508  1.13021e+02
  4  0.10735  8.94086e+01 |  5  0.08864  8.00409e+01 |  6  0.07465  6.71438e+01
  7  0.06395  7.88446e+01 |  8  0.04921  7.24998e+01 |  9  0.02733  4.59807e+01
 10  0.00074 -1.51136e+01 | 11 -0.01637 -4.42165e+00 | 12 -0.02879  1.86800e+01
 13 -0.04432 -3.21844e+01 | 14 -0.04837 -9.63118e+00 | 15 -0.04789  7.02942e+00
 16  0.03120  2.36267e+03 | 17 -0.00382 -6.61699e+02 | 18 -0.01193 -2.27209e+02
 19 -0.02116 -1.16641e+03 | 20 -0.01894 -9.66894e+02 | 21 -0.02231 -1.14023e+03
 22 -0.01025 -1.00202e+03 | 23 -0.00507 -5.07168e+02 | 24 -0.00286 -5.20334e+01
 25  0.00459  2.71916e+02 | 26  0.01166  1.04910e+03 | 27  0.01628  1.31775e+03
 28  0.01564  1.72645e+03 | 29  0.02761  1.80387e+03 | 30  0.00793  1.04443e+03
 31 -0.00456 -5.58737e+02 | 32  0.00125  1.13157e+02 | 33  0.00330  3.62943e+02
 34  0.00220  3.23536e+02 | 35  0.00612  2.44779e+02 | 36  0.00308  6.28413e+02
 37  0.00580  4.39236e+02 | 38  0.00525  5.07241e+02 | 39  0.01550  1.30853e+03
 40  0.01163  1.53919e+03 | 41  0.00292  1.86064e+02 | 42 -0.00089 -4.33495e+02
 43 -0.00996 -1.80896e+03 | 44 -0.02775 -3.45139e+03 | 45  0.13439 -5.81833e+04
 46 -0.03876  1.14748e+04 | 47 -0.04302  5.86574e+03 | 48 -0.04441  3.94159e+03
 49 -0.04131  2.46548e+03 | 50 -0.03613  1.96080e+03 | 51 -0.03170  1.46470e+03
 52 -0.02579  7.20273e+02 | 53 -0.01755 -3.90774e+01 | 54 -0.01510 -7.41196e+02
 55  0.00323 -9.75229e+02 | 56  0.01232 -1.63566e+03 | 57  0.00089 -2.03316e+03
 58  0.04299 -2.41527e+03 | 59  0.00450 -2.46808e+03 | 60  0.00283 -2.32529e+03
 61  0.01176 -2.29886e+03 | 62  0.00750 -2.17646e+03 | 63  0.01883 -1.97393e+03
 64  0.00517 -2.28429e+03 | 65  0.01066 -2.29988e+03 | 66  0.02166 -2.16005e+03
 67 -0.01101 -2.52334e+03 | 68  0.03594 -3.49896e+03 | 69  0.01091 -2.67530e+03
 70  0.03408 -1.72771e+03 | 71  0.02476 -5.30262e+02 | 72  0.03200  1.89660e+03
 73  0.01851  2.59709e+03 | 74  0.10473  1.01226e+04 |
1 0 26320.1
1 0 26319.6
1 0 26319.1
1 0 26318.3
1 0 26317
1 0 26317.5
1 0 26316.5
1 0 26315.7
1 0 26314.4
1 0 26312.2
1 0 26308.3
74 variables; iteration 60; function evaluation 72; phase 1
Function value   2.6308740e+04; maximum gradient component mag  -5.8137e+04
Var   Value    Gradient   |Var   Value    Gradient   |Var   Value    Gradient
  1  0.21545  1.64332e+02 |  2  0.17370  1.04323e+02 |  3  0.13853  1.35231e+02
  4  0.11059  1.02830e+02 |  5  0.09049  9.91131e+01 |  6  0.07063  6.74774e+01
  7  0.05192  1.82925e+01 |  8  0.04267  4.76396e+01 |  9  0.03168  4.90940e+01
 10  0.01599  3.26206e+01 | 11 -0.00239  4.73320e+01 | 12 -0.03032  2.31760e+01
 13 -0.06284 -3.59828e+01 | 14 -0.08342 -2.77639e+01 | 15 -0.09485 -3.54797e+01
 16  0.03136  2.38466e+03 | 17 -0.00396 -6.50762e+02 | 18 -0.01104 -1.50549e+02
 19 -0.02027 -1.08544e+03 | 20 -0.01855 -9.29803e+02 | 21 -0.02239 -1.14577e+03
 22 -0.01047 -9.99709e+02 | 23 -0.00558 -6.30227e+02 | 24 -0.00228  1.48955e+01
 25  0.00410  2.54046e+02 | 26  0.01041  9.41827e+02 | 27  0.01587  1.25353e+03
 28  0.01489  1.62864e+03 | 29  0.02560  1.68120e+03 | 30  0.00759  1.02394e+03
 31 -0.00451 -5.81222e+02 | 32  0.00105  9.46694e+01 | 33  0.00380  4.27679e+02
 34  0.00275  4.11265e+02 | 35  0.00633  2.79250e+02 | 36  0.00457  6.90324e+02
 37  0.00549  4.71596e+02 | 38  0.00470  4.97185e+02 | 39  0.01685  1.38638e+03
 40  0.01135  1.50313e+03 | 41  0.00197  1.11929e+02 | 42 -0.00099 -4.53121e+02
 43 -0.00907 -1.71845e+03 | 44 -0.02689 -3.38286e+03 | 45  0.13474 -5.81370e+04
 46 -0.03899  1.14540e+04 | 47 -0.04308  5.87709e+03 | 48 -0.04422  3.99661e+03
 49 -0.04126  2.47233e+03 | 50 -0.03664  1.85948e+03 | 51 -0.03245  1.37916e+03
 52 -0.02588  7.60176e+02 | 53 -0.01622  1.11638e+02 | 54 -0.01581 -8.08319e+02
 55  0.00256 -1.00148e+03 | 56  0.01269 -1.60417e+03 | 57  0.00119 -2.05918e+03
 58  0.04213 -2.47360e+03 | 59  0.00472 -2.45980e+03 | 60  0.00350 -2.29511e+03
 61  0.01028 -2.31075e+03 | 62  0.00887 -2.15245e+03 | 63  0.01796 -2.00161e+03
 64  0.00378 -2.24992e+03 | 65  0.01470 -2.16584e+03 | 66  0.01936 -2.16160e+03
 67 -0.01104 -2.47271e+03 | 68  0.03668 -3.48152e+03 | 69  0.01048 -2.70285e+03
 70  0.03292 -1.80629e+03 | 71  0.02437 -5.54427e+02 | 72  0.03238  1.95321e+03
 73  0.02094  2.61088e+03 | 74  0.10576  1.02707e+04 |
1 0 26302.8
1 0 26292.9
1 0 26277.7
1 0 26248.6
1 0 26186.8
1 0 26088.8
1 0 25950.3
1 0 25979.3
1 0 25880.4
1 0 25814.2
1 0 26064.6
1 0 25799.4
1 0 25775.9
74 variables; iteration 70; function evaluation 85; phase 1
Function value   2.5775990e+04; maximum gradient component mag  -3.0124e+04
Var   Value    Gradient   |Var   Value    Gradient   |Var   Value    Gradient
  1  0.21294 -1.02334e+02 |  2  0.16723  4.26440e+00 |  3  0.13891 -3.39382e+00
  4  0.14598  2.82971e+02 |  5  0.12863  1.78483e+02 |  6  0.11073  5.55759e+01
  7  0.11725  4.86900e+02 |  8  0.02614 -1.89650e+02 |  9 -0.00085 -3.77152e+01
 10 -0.01294 -9.64875e+01 | 11  0.00670 -6.33391e+01 | 12  0.04985  3.03068e+02
 13  0.01406  2.78802e+02 | 14 -0.10043  1.37289e+01 | 15 -0.22239 -3.68864e+02
 16  0.03671  7.88734e+02 | 17  0.01926  2.42400e+02 | 18  0.00736  4.86218e+02
 19  0.00068 -2.47252e+02 | 20 -0.00064 -1.28126e+02 | 21 -0.00869 -4.21708e+02
 22 -0.00512 -7.72083e+02 | 23 -0.00727 -9.50467e+02 | 24 -0.00279  2.00704e+02
 25  0.00612  6.86093e+02 | 26  0.00501  8.20320e+02 | 27  0.00709  7.28907e+02
 28  0.01511  1.43718e+03 | 29 -0.00210 -1.03975e+03 | 30  0.00321  2.22355e+03
 31 -0.00270 -1.92352e+02 | 32  0.00067  7.48905e+01 | 33  0.00058  3.52351e+02
 34 -0.00399  1.16598e+02 | 35  0.00421  2.73640e+02 | 36  0.00212  3.92389e+02
 37 -0.00368 -5.29026e+02 | 38  0.00084 -7.91935e+02 | 39 -0.01107 -2.54231e+03
 40  0.00695  1.82608e+03 | 41 -0.00091  1.54640e+02 | 42 -0.00568  2.19254e+02
 43 -0.00694 -1.02133e+03 | 44 -0.01855 -2.25369e+03 | 45  0.13144 -3.01235e+04
 46 -0.05059  6.98579e+03 | 47 -0.04727  4.29689e+03 | 48 -0.04737  2.74732e+03
 49 -0.04102  1.83186e+03 | 50 -0.03291  1.73696e+03 | 51 -0.02900  1.26183e+03
 52 -0.03117 -6.36998e+02 | 53 -0.01350 -2.37061e+02 | 54 -0.00778 -9.72331e+02
 55  0.00479 -1.29564e+03 | 56  0.00609 -1.97059e+03 | 57  0.03532  2.54320e+01
 58  0.02665 -2.24807e+03 | 59  0.00367 -3.39124e+03 | 60  0.00988 -2.47978e+03
 61  0.01307 -2.28121e+03 | 62  0.01347 -2.28846e+03 | 63  0.00694 -2.71270e+03
 64  0.01722 -1.69774e+03 | 65  0.01862 -1.42706e+03 | 66  0.01120 -1.56611e+03
 67  0.04925  5.76514e+03 | 68  0.01864 -1.40765e+03 | 69  0.04359  1.61820e+03
 70  0.01859 -2.03727e+03 | 71  0.02356 -9.30551e+02 | 72  0.01821  3.67855e+02
 73 -0.04086  1.04839e+03 | 74  0.06439  4.48268e+03 |
1 0 25898.4
1 0 25772.6
1 0 25781.7
1 0 25772
1 0 25770.9
1 0 25768.8
1 0 25758.9
1 0 25735.6
1 0 25562.5
1 0 25611.5
1 0 25471.3
1 0 25335.3
1 0 25185.4
1 0 25262
1 0 25147.1
1 0 25138.4
74 variables; iteration 80; function evaluation 101; phase 1
Function value   2.5138452e+04; maximum gradient component mag   2.2281e+03
Var   Value    Gradient   |Var   Value    Gradient   |Var   Value    Gradient
  1  0.21055 -1.92583e+02 |  2  0.17427  8.71615e+01 |  3  0.11452 -4.97761e+01
  4  0.08466  4.37465e+01 |  5  0.05337  3.40428e+00 |  6  0.02829 -5.11476e+00
  7  0.00925 -3.77797e+01 |  8  0.00459  6.39619e+01 |  9 -0.01643 -4.44014e+01
 10 -0.02234  1.03375e+01 | 11 -0.02979  4.22407e+01 | 12 -0.04864 -9.02175e+01
 13 -0.03940  9.31605e+01 | 14 -0.05718 -1.01882e+02 | 15 -0.04345  4.87656e+01
 16  0.04170  1.75020e+02 | 17 -0.00624  1.41036e+02 | 18 -0.00394 -3.09826e+02
 19  0.00041 -9.80241e+01 | 20  0.00196  3.37881e+00 | 21 -0.00159  1.56860e+02
 22  0.00322  1.30157e+02 | 23  0.00262  1.66568e+02 | 24 -0.00245 -2.78843e+01
 25 -0.00081 -4.85478e+01 | 26 -0.00498 -9.74785e+01 | 27 -0.00038  1.25671e+02
 28  0.00015 -2.80430e+01 | 29  0.00064  6.47257e+02 | 30  0.00154 -1.53227e+02
 31  0.00429 -2.17353e+02 | 32  0.00405  1.79942e+02 | 33  0.00332 -1.94500e+01
 34 -0.00264 -1.43739e+02 | 35  0.00497 -2.36836e+02 | 36 -0.00135 -6.31165e+02
 37  0.00107  6.64122e+02 | 38  0.00384  2.81257e+02 | 39 -0.00178  2.23553e+02
 40  0.00076 -3.48462e+02 | 41 -0.00111  4.36010e+01 | 42 -0.00121 -3.03764e+02
 43  0.00112 -3.09049e+02 | 44 -0.00560  1.44191e+02 | 45  0.14257  6.14540e+02
 46 -0.07923  2.10189e+02 | 47 -0.06409  4.58747e+02 | 48 -0.06141  1.07253e+02
 49 -0.05075  1.67573e+02 | 50 -0.04260  5.07440e+01 | 51 -0.03649 -5.28993e+01
 52 -0.02627  2.21226e+02 | 53 -0.01540  2.08942e+02 | 54 -0.00611  2.76637e+02
 55  0.00360 -8.01184e+01 | 56  0.01676  5.73938e+02 | 57  0.02023 -6.75489e+02
 58  0.02279 -1.23514e+03 | 59  0.02132 -9.85137e+01 | 60  0.01127 -8.40192e+02
 61  0.01985  7.39731e+02 | 62  0.02038  9.36145e+02 | 63  0.01546 -2.45740e+02
 64  0.02489  2.22806e+03 | 65  0.00913 -1.55987e+03 | 66  0.02618  4.90999e+02
 67  0.01887 -1.04329e+03 | 68  0.02754 -3.29658e+02 | 69  0.02762 -5.36375e+01
 70  0.02713  7.57654e+00 | 71  0.02394  2.89672e+02 | 72  0.02019  1.90570e+02
 73  0.02617  4.06974e+01 | 74  0.05854  7.71372e+01 |
1 0 25123.4
1 0 25105.8
1 0 25107.1
1 0 25100.3
1 0 25099.5
1 0 25098.9
1 0 25098.8
1 0 25098.7
1 0 25098.6
1 0 25098.6
1 0 25098.6
74 variables; iteration 90; function evaluation 112; phase 1
Function value   2.5098596e+04; maximum gradient component mag   4.4067e+01
Var   Value    Gradient   |Var   Value    Gradient   |Var   Value    Gradient
  1  0.21932  3.56708e+00 |  2  0.16164  1.84568e+00 |  3  0.11181 -1.42087e-01
  4  0.07505 -7.14776e-01 |  5  0.04790 -1.03615e+00 |  6  0.02739 -1.99634e-01
  7  0.01133 -7.90879e-01 |  8 -0.00127  6.90473e-02 |  9 -0.01140 -1.42418e-01
 10 -0.01948  7.68478e-02 | 11 -0.02589 -3.97136e-01 | 12 -0.03072 -2.55167e-01
 13 -0.03414  4.77349e-01 | 14 -0.03649 -1.52104e-01 | 15 -0.03762  1.99613e-02
 16  0.04217 -7.14112e+00 | 17 -0.00666  2.67553e+00 | 18 -0.00281 -1.70524e+00
 19  0.00106 -1.61124e+00 | 20  0.00190  1.04128e+00 | 21 -0.00293  6.73858e-01
 22  0.00193  5.46573e-01 | 23  0.00098  1.73172e-01 | 24 -0.00294  1.30403e+00
 25 -0.00056  2.57380e-01 | 26 -0.00434 -4.74708e+00 | 27 -0.00133  3.96932e+00
 28  0.00007 -2.68840e+00 | 29 -0.00087 -9.32925e+00 | 30  0.00328  1.29178e+01
 31  0.00541  1.51796e+00 | 32  0.00329 -1.80686e+00 | 33  0.00143 -1.69335e+00
 34 -0.00243 -1.98094e+00 | 35  0.00586  3.86374e+00 | 36  0.00045 -2.86192e+00
 37 -0.00060 -1.38150e+00 | 38  0.00158 -4.07087e+00 | 39 -0.00206 -3.50144e+00
 40  0.00220  2.93629e+00 | 41 -0.00105 -2.00608e-02 | 42  0.00042  4.49229e+00
 43  0.00280 -2.01173e+00 | 44 -0.00409  1.61209e+00 | 45  0.14142  4.40672e+01
 46 -0.08040 -3.22860e+00 | 47 -0.06525 -7.66201e-01 | 48 -0.06097 -4.82055e-01
 49 -0.05090 -1.99259e+00 | 50 -0.04247 -3.29144e+00 | 51 -0.03595 -4.47228e+00
 52 -0.02721 -7.97230e+00 | 53 -0.01588 -8.60860e-01 | 54 -0.00670  8.59719e+00
 55  0.00480 -1.34985e+01 | 56  0.01419 -1.22524e-03 | 57  0.02267  1.13406e+01
 58  0.02821  1.40302e+01 | 59  0.02163  1.10228e+01 | 60  0.01645  2.61815e+00
 61  0.01638 -2.79452e+00 | 62  0.01669 -2.66279e+00 | 63  0.01866 -1.24649e+01
 64  0.01663  1.05770e+01 | 65  0.01907 -5.13089e+00 | 66  0.02223 -1.47274e+00
 67  0.02398  4.35034e+00 | 68  0.02875  4.63024e+00 | 69  0.02791  2.44649e+00
 70  0.02762 -7.79571e+00 | 71  0.02317  2.64495e+00 | 72  0.01809 -3.12667e+00
 73  0.01813 -1.96864e+00 | 74  0.05329  1.10732e+01 |
1 0 25098.6
1 0 25098.6
1 0 25098.6
1 0 25098.6
1 0 25098.6
1 0 25098.6
1 0 25098.6
1 0 25098.6
1 0 25098.6
1 0 25098.6
74 variables; iteration 100; function evaluation 122; phase 1
Function value   2.5098579e+04; maximum gradient component mag  -2.6797e-01
Var   Value    Gradient   |Var   Value    Gradient   |Var   Value    Gradient
  1  0.21890  2.94433e-02 |  2  0.16131  1.40573e-02 |  3  0.11186  1.07608e-03
  4  0.07547  1.84803e-02 |  5  0.04858  1.80530e-02 |  6  0.02811 -1.01742e-03
  7  0.01213 -4.88249e-03 |  8 -0.00056  5.38747e-04 |  9 -0.01072 -3.29453e-03
 10 -0.01884 -2.80581e-03 | 11 -0.02525 -2.65624e-03 | 12 -0.03015 -5.20552e-04
 13 -0.03372  2.73892e-03 | 14 -0.03605 -3.15026e-03 | 15 -0.03720  8.03241e-04
 16  0.04249  3.91125e-02 | 17 -0.00674 -2.73740e-02 | 18 -0.00280  6.81744e-02
 19  0.00109  4.39173e-02 | 20  0.00191  2.14887e-02 | 21 -0.00291  6.60416e-03
 22  0.00194 -8.02189e-03 | 23  0.00099 -1.38819e-02 | 24 -0.00294 -2.16335e-02
 25 -0.00054 -1.27260e-02 | 26 -0.00428  5.68143e-03 | 27 -0.00133  3.14371e-03
 28  0.00008  3.71421e-02 | 29 -0.00084 -8.54659e-02 | 30  0.00321  1.10688e-01
 31  0.00539 -2.70800e-02 | 32  0.00331 -4.02961e-02 | 33  0.00147 -2.43868e-02
 34 -0.00240 -9.27079e-03 | 35  0.00586 -1.23964e-02 | 36  0.00048  2.50304e-02
 37 -0.00057  4.88033e-02 | 38  0.00161  7.76641e-02 | 39 -0.00204 -3.92392e-02
 40  0.00219  2.62135e-02 | 41 -0.00104 -1.90305e-02 | 42  0.00040 -4.38834e-02
 43  0.00276 -2.19682e-02 | 44 -0.00426 -4.39896e-02 | 45  0.14128 -2.67967e-01
 46 -0.08039 -8.38826e-02 | 47 -0.06526  6.38303e-02 | 48 -0.06097 -1.27538e-02
 49 -0.05091  2.15278e-03 | 50 -0.04246  2.99694e-02 | 51 -0.03594  5.15324e-02
 52 -0.02719  8.83130e-02 | 53 -0.01590 -1.42868e-02 | 54 -0.00676 -6.96121e-02
 55  0.00487  1.55956e-02 | 56  0.01418  5.55763e-02 | 57  0.02264  2.25553e-02
 58  0.02814  6.68139e-02 | 59  0.02157  7.74755e-02 | 60  0.01644  6.16279e-02
 61  0.01639  6.45661e-02 | 62  0.01670 -8.14097e-03 | 63  0.01872  9.78208e-03
 64  0.01655 -6.81004e-02 | 65  0.01909 -8.20256e-03 | 66  0.02223 -7.17382e-03
 67  0.02396 -1.16429e-01 | 68  0.02872 -3.73484e-02 | 69  0.02789 -7.76625e-02
 70  0.02765 -5.95156e-02 | 71  0.02317 -5.83064e-03 | 72  0.01821  8.41160e-04
 73  0.01821  1.18183e-02 | 74  0.05206  3.24764e-02 |
1 0 25098.6
1 0 25098.6

 - final statistics:
74 variables; iteration 102; function evaluation 124
Function value   2.5099e+04; maximum gradient component mag  -6.1672e-02
Exit code = 1;  converg criter   1.0000e-01
Var   Value    Gradient   |Var   Value    Gradient   |Var   Value    Gradient
  1  0.21890  3.21932e-03 |  2  0.16130  3.09296e-03 |  3  0.11186  1.45729e-04
  4  0.07547 -1.92775e-04 |  5  0.04857  2.59803e-03 |  6  0.02811  1.79489e-03
  7  0.01214 -1.82791e-04 |  8 -0.00056  3.31098e-04 |  9 -0.01072  8.42732e-04
 10 -0.01884  3.31743e-06 | 11 -0.02524  3.19723e-04 | 12 -0.03015 -8.49207e-04
 13 -0.03372 -1.10709e-03 | 14 -0.03604 -3.72123e-04 | 15 -0.03719  1.49847e-03
 16  0.04249 -5.94903e-03 | 17 -0.00674  4.11029e-04 | 18 -0.00280 -6.47810e-03
 19  0.00109 -7.71743e-03 | 20  0.00191 -1.77616e-03 | 21 -0.00291  3.23548e-04
 22  0.00194  1.57874e-03 | 23  0.00099  5.11745e-03 | 24 -0.00294  6.21129e-03
 25 -0.00054 -2.17977e-03 | 26 -0.00428  2.02182e-04 | 27 -0.00133  4.48469e-03
 28  0.00008 -2.63573e-03 | 29 -0.00084 -1.28266e-02 | 30  0.00321 -1.74555e-02
 31  0.00539  1.02646e-02 | 32  0.00331  1.24048e-02 | 33  0.00147  6.09034e-03
 34 -0.00240 -6.54719e-04 | 35  0.00586  6.59545e-03 | 36  0.00048  9.54377e-03
 37 -0.00057 -1.37076e-02 | 38  0.00161  1.74651e-02 | 39 -0.00204  1.16303e-02
 40  0.00219 -1.14663e-02 | 41 -0.00104 -2.19751e-03 | 42  0.00040 -1.15538e-02
 43  0.00277 -5.27020e-04 | 44 -0.00426 -2.88451e-03 | 45  0.14128 -6.16719e-02
 46 -0.08039  4.66117e-03 | 47 -0.06526  9.68112e-03 | 48 -0.06097  1.04877e-02
 49 -0.05091  9.56471e-03 | 50 -0.04246  2.34552e-03 | 51 -0.03594 -5.39852e-03
 52 -0.02719 -2.95346e-02 | 53 -0.01590  2.03111e-02 | 54 -0.00676 -3.48842e-03
 55  0.00487 -3.44503e-03 | 56  0.01418  1.78830e-02 | 57  0.02264 -1.36968e-02
 58  0.02814  1.78793e-02 | 59  0.02157  7.26921e-03 | 60  0.01644  4.60010e-03
 61  0.01639 -1.26209e-03 | 62  0.01670 -4.93355e-03 | 63  0.01872  1.45609e-02
 64  0.01655 -4.32350e-03 | 65  0.01909  1.12786e-02 | 66  0.02223 -3.09330e-02
 67  0.02396 -2.07417e-02 | 68  0.02872 -2.55963e-02 | 69  0.02789  9.93534e-05
 70  0.02765  2.65403e-02 | 71  0.02317 -1.40507e-02 | 72  0.01821 -1.15311e-03
 73  0.01821  4.44540e-03 | 74  0.05206  9.89856e-03 |
1 0 25098.6
B047681.8
0.3 0.543005
0.465433 0.42729
0.568213 0.376148
0.610663 0.358226
0.625016 0.352523
0.629521 0.350767
0.630902 0.350233
0.631321 0.350071
0.631449 0.350021
0.631487 0.350006
0.631499 0.350002
0.631502 0.350001
0.631504 0.35
0.631504 0.35
0.631504 0.35
0.631504 0.35
0.631504 0.35
0.631504 0.35
0.631504 0.35
0.631504 0.35
0.631504 0.35
FutMOrt0.464537
FutMOrt0.464537
FutMOrt0.464537
FutMOrt0.464537
FutMOrt0.464537
FutMOrt0.464537
FutMOrt0.464537
FutMOrt0.464537
FutMOrt0.464537
FutMOrt0.464537
2 0 25098.6

Initial statistics: 78 variables; iteration 0; function evaluation 0; phase 2
Function value   2.5098579e+04; maximum gradient component mag  -4.2538e+02
Var   Value    Gradient   |Var   Value    Gradient   |Var   Value    Gradient
  1 -0.80426 -3.12800e+00 |  2 -0.72943 -1.08995e+01 |  3  0.21890  3.21932e-03
  4  0.16130  3.09296e-03 |  5  0.11186  1.45729e-04 |  6  0.07547 -1.92775e-04
  7  0.04857  2.59803e-03 |  8  0.02811  1.79489e-03 |  9  0.01214 -1.82791e-04
 10 -0.00056  3.31098e-04 | 11 -0.01072  8.42732e-04 | 12 -0.01884  3.31743e-06
 13 -0.02524  3.19723e-04 | 14 -0.03015 -8.49207e-04 | 15 -0.03372 -1.10709e-03
 16 -0.03604 -3.72123e-04 | 17 -0.03719  1.49847e-03 | 18  0.04249 -5.94903e-03
 19 -0.00674  4.73056e-04 | 20 -0.00280 -6.41607e-03 | 21  0.00109 -7.65539e-03
 22  0.00191 -1.71413e-03 | 23 -0.00291  3.85578e-04 | 24  0.00194  1.64078e-03
 25  0.00099  5.17948e-03 | 26 -0.00294  6.27332e-03 | 27 -0.00054 -2.11774e-03
 28 -0.00428  2.64212e-04 | 29 -0.00133  4.54672e-03 | 30  0.00008 -2.57370e-03
 31 -0.00084 -1.27646e-02 | 32  0.00321 -1.73935e-02 | 33  0.00539  1.03266e-02
 34  0.00331  1.24669e-02 | 35  0.00147  6.15237e-03 | 36 -0.00240 -5.92688e-04
 37  0.00586  6.65748e-03 | 38  0.00048  9.60581e-03 | 39 -0.00057 -1.36455e-02
 40  0.00161  1.75272e-02 | 41 -0.00204  1.16923e-02 | 42  0.00219 -1.14043e-02
 43 -0.00104 -2.13548e-03 | 44  0.00040 -1.14918e-02 | 45  0.00277 -4.64990e-04
 46 -0.00426 -2.82248e-03 | 47  0.14128 -6.16719e-02 | 48 -0.08039  4.54859e-03
 49 -0.06526  9.56823e-03 | 50 -0.06097  1.03748e-02 | 51 -0.05091  9.45158e-03
 52 -0.04246  2.23229e-03 | 53 -0.03594 -5.51183e-03 | 54 -0.02719 -2.96479e-02
 55 -0.01590  2.01976e-02 | 56 -0.00676 -3.60190e-03 | 57  0.00487 -3.55851e-03
 58  0.01418  1.77695e-02 | 59  0.02264 -1.38102e-02 | 60  0.02814  1.77659e-02
 61  0.02157  7.15579e-03 | 62  0.01644  4.48665e-03 | 63  0.01639 -1.37554e-03
 64  0.01670 -5.04700e-03 | 65  0.01872  1.44475e-02 | 66  0.01655 -4.43695e-03
 67  0.01909  1.11651e-02 | 68  0.02223 -3.10464e-02 | 69  0.02396 -2.08551e-02
 70  0.02872 -2.57097e-02 | 71  0.02789 -1.40242e-05 | 72  0.02765  2.64269e-02
 73  0.02317 -1.41641e-02 | 74  0.01821 -1.26655e-03 | 75  0.01821  4.33196e-03
 76  0.05206  9.89856e-03 | 77 -0.65595 -4.25382e+02 | 78 -0.55985  8.14258e+01
2 0 25098.6
2 0 25098.4
2 0 25098.5
2 0 25098.3
2 0 25098.1
2 0 25097.3
2 0 25098.6
2 0 25097
2 0 25096.9
2 0 25096.8
2 0 25096.7
2 0 25096.6
2 0 25096.5
2 0 25096.5
2 0 25096.4

Intermediate statistics: 78 variables; iteration 10; function evaluation 15; phase 2
Function value   2.5096443e+04; maximum gradient component mag  -3.9208e+02
Var   Value    Gradient   |Var   Value    Gradient   |Var   Value    Gradient
  1 -0.80319 -1.06687e+01 |  2 -0.72470 -4.72022e+01 |  3  0.21925 -1.84277e+01
  4  0.16187 -5.12835e+00 |  5  0.11240 -3.06961e+00 |  6  0.07580 -2.27208e+00
  7  0.04878 -1.45238e+00 |  8  0.02825 -9.38547e-01 |  9  0.01223 -6.50589e-01
 10 -0.00049 -4.83679e-01 | 11 -0.01066 -3.80800e-01 | 12 -0.01879 -3.14263e-01
 13 -0.02520 -2.70607e-01 | 14 -0.03011 -2.41133e-01 | 15 -0.03368 -2.21662e-01
 16 -0.03601 -2.09211e-01 | 17 -0.03716 -2.02942e-01 | 18  0.04713  3.66167e+01
 19 -0.00790  1.75204e+01 | 20 -0.00265 -2.25125e+01 | 21  0.00130 -2.64671e+01
 22  0.00201  8.24454e+00 | 23 -0.00260  1.80498e+01 | 24  0.00214 -6.78750e+00
 25  0.00115 -1.61241e+00 | 26 -0.00283  3.53993e+00 | 27 -0.00044 -2.19875e+01
 28 -0.00399  1.48829e+01 | 29 -0.00131 -1.80172e+01 | 30  0.00024  2.80396e+00
 31 -0.00058  9.59526e+00 | 32  0.00324 -1.57546e+01 | 33  0.00484 -1.14061e+02
 34  0.00324  3.87985e+01 | 35  0.00151  2.74038e+01 | 36 -0.00245  1.91970e-01
 37  0.00593  3.63479e+01 | 38  0.00033 -2.67977e+00 | 39 -0.00054  1.04987e+01
 40  0.00174  3.64934e+01 | 41 -0.00208 -4.57617e+00 | 42  0.00236  4.92728e+01
 43 -0.00116  4.72464e+00 | 44  0.00031  1.42197e+01 | 45  0.00257 -4.02022e+01
 46 -0.00437 -1.67921e+01 | 47  0.14284 -3.92082e+02 | 48 -0.08062 -7.43954e+01
 49 -0.06510  2.54134e+01 | 50 -0.06097 -1.46328e+00 | 51 -0.05099 -1.81189e+01
 52 -0.04249 -2.73013e+01 | 53 -0.03599 -2.26755e+01 | 54 -0.02721 -2.62564e+01
 55 -0.01592  7.33569e+00 | 56 -0.00664  4.59618e+00 | 57  0.00510  1.52468e+01
 58  0.01414  1.49737e+01 | 59  0.02277  1.51206e+01 | 60  0.02827  2.21406e+01
 61  0.02168  8.60808e+01 | 62  0.01642  4.84057e+00 | 63  0.01619 -3.90145e+01
 64  0.01671 -3.39696e+01 | 65  0.01852 -6.18961e+01 | 66  0.01634 -5.48919e+01
 67  0.01898 -4.68659e+01 | 68  0.02202 -7.79295e+01 | 69  0.02376 -7.41372e+01
 70  0.02848 -9.46357e+01 | 71  0.02766 -9.19821e+01 | 72  0.02741 -7.72326e+01
 73  0.02296 -2.68028e+01 | 74  0.01849 -3.42137e-01 | 75  0.01863 -3.53486e+00
 76  0.06477  1.04562e+02 | 77 -0.64814 -3.20739e+01 | 78 -0.56889  2.31166e+01
2 0 25096.4
2 0 25096.3
2 0 25096.2
2 0 25096
2 0 25096
2 0 25095.9
2 0 25095.9
2 0 25095.8
2 0 25095.8
2 0 25095.8
78 variables; iteration 20; function evaluation 25; phase 2
Function value   2.5095845e+04; maximum gradient component mag  -5.0372e+02
Var   Value    Gradient   |Var   Value    Gradient   |Var   Value    Gradient
  1 -0.79687 -9.68240e+00 |  2 -0.70199 -2.44144e+01 |  3  0.21949 -2.05129e+01
  4  0.16228 -6.57937e+00 |  5  0.11312 -2.93917e+00 |  6  0.07658 -1.87776e+00
  7  0.04941 -1.49233e+00 |  8  0.02868 -1.31883e+00 |  9  0.01253 -1.00822e+00
 10 -0.00027 -7.43715e-01 | 11 -0.01050 -5.70620e-01 | 12 -0.01866 -4.61602e-01
 13 -0.02509 -3.91538e-01 | 14 -0.03001 -3.45248e-01 | 15 -0.03359 -3.15692e-01
 16 -0.03593 -2.97937e-01 | 17 -0.03708 -2.89510e-01 | 18  0.04689 -1.30894e+02
 19 -0.00767 -8.02754e+00 | 20 -0.00236 -4.20774e+01 | 21  0.00135 -8.35420e+01
 22  0.00197 -4.54954e+01 | 23 -0.00253 -2.97505e+01 | 24  0.00220 -6.37729e+01
 25  0.00121 -4.72258e+01 | 26 -0.00274 -2.68948e+01 | 27 -0.00032 -5.80160e+01
 28 -0.00391 -2.53170e+01 | 29 -0.00126 -6.11674e+01 | 30  0.00028 -4.64700e+01
 31 -0.00049 -4.59656e+01 | 32  0.00329 -8.31587e+01 | 33  0.00487 -1.61603e+02
 34  0.00328 -1.60508e+01 | 35  0.00167 -1.25197e+01 | 36 -0.00231 -3.55419e+01
 37  0.00603 -7.79075e+00 | 38  0.00031 -5.84306e+01 | 39 -0.00052 -4.39401e+01
 40  0.00174 -2.67850e+01 | 41 -0.00206 -5.46162e+01 | 42  0.00255  2.81672e+01
 43 -0.00113 -4.27440e+01 | 44  0.00015 -4.41815e+01 | 45  0.00173 -1.17386e+02
 46 -0.00727 -1.17040e+02 | 47  0.14342 -5.03723e+02 | 48 -0.08061 -8.20219e+01
 49 -0.06518  2.24087e+01 | 50 -0.06114 -2.39742e+01 | 51 -0.05108 -1.49116e+01
 52 -0.04245 -5.23447e+00 | 53 -0.03603 -1.51052e+01 | 54 -0.02724 -2.12189e+01
 55 -0.01602  4.22992e+00 | 56 -0.00669 -5.14800e+00 | 57  0.00500 -4.84860e+00
 58  0.01390 -1.93872e+01 | 59  0.02269  1.04160e+01 | 60  0.02829  5.41325e+01
 61  0.02150  7.88247e+01 | 62  0.01631  2.33129e+00 | 63  0.01617 -2.16645e+01
 64  0.01671 -2.42019e+01 | 65  0.01843 -7.10961e+01 | 66  0.01619 -6.36607e+01
 67  0.01892 -4.40348e+01 | 68  0.02197 -6.66204e+01 | 69  0.02370 -7.07075e+01
 70  0.02835 -1.09646e+02 | 71  0.02758 -1.06076e+02 | 72  0.02747 -7.30905e+01
 73  0.02342 -1.62530e+01 | 74  0.02040  4.24348e+01 | 75  0.01805 -1.28269e+01
 76  0.06797  2.44357e+01 | 77 -0.64784  2.66372e+02 | 78 -0.57866 -3.02950e+01
2 0 25095.7
2 0 25095.6
2 0 25095.5
2 0 25095.8
2 0 25095.4
2 0 25095.5
2 0 25095.4
2 0 25095.4
2 0 25095.4
2 0 25095.4
2 0 25095.4
2 0 25095.4
2 0 25095.3
2 0 25095.3
78 variables; iteration 30; function evaluation 39; phase 2
Function value   2.5095407e+04; maximum gradient component mag  -1.0683e+03
Var   Value    Gradient   |Var   Value    Gradient   |Var   Value    Gradient
  1 -0.78757 -6.41289e+00 |  2 -0.68392 -9.83552e+00 |  3  0.22109 -1.68602e+01
  4  0.16451  4.38164e+00 |  5  0.11431 -2.04542e+00 |  6  0.07703 -3.59890e+00
  7  0.04977 -2.27519e+00 |  8  0.02924 -5.70872e-01 |  9  0.01311 -4.00381e-01
 10  0.00019 -6.23142e-01 | 11 -0.01015 -6.16649e-01 | 12 -0.01839 -5.05195e-01
 13 -0.02487 -4.09137e-01 | 14 -0.02982 -3.46264e-01 | 15 -0.03342 -3.05512e-01
 16 -0.03577 -2.83502e-01 | 17 -0.03693 -2.75318e-01 | 18  0.04747 -9.62197e+01
 19 -0.00692  1.13046e+00 | 20 -0.00224 -4.12809e+01 | 21  0.00159 -5.08719e+01
 22  0.00212 -2.91861e+01 | 23 -0.00235 -1.26779e+01 | 24  0.00242 -2.47602e+01
 25  0.00081 -9.34270e+01 | 26 -0.00322 -6.05863e+01 | 27 -0.00064 -7.06799e+01
 28 -0.00406 -2.47398e+01 | 29 -0.00143 -8.04612e+01 | 30  0.00027 -4.21630e+01
 31 -0.00043 -3.70095e+01 | 32  0.00333 -7.94249e+01 | 33  0.00482 -1.52666e+02
 34  0.00323 -1.70142e+01 | 35  0.00169 -1.06782e+00 | 36 -0.00238 -4.19814e+01
 37  0.00592 -6.09387e+00 | 38  0.00009 -7.58482e+01 | 39 -0.00068 -5.71864e+01
 40  0.00159 -3.90555e+01 | 41 -0.00222 -6.96266e+01 | 42  0.00242  1.04997e+01
 43 -0.00108 -3.02108e+01 | 44  0.00016 -4.53838e+01 | 45  0.00194 -1.09660e+02
 46 -0.00670 -1.02207e+02 | 47  0.14430 -1.06831e+03 | 48 -0.08062 -8.33785e+01
 49 -0.06518  2.17112e+01 | 50 -0.06110 -1.95415e+01 | 51 -0.05115 -2.91768e+01
 52 -0.04224  1.84005e+01 | 53 -0.03590 -1.01046e+01 | 54 -0.02731 -3.88605e+01
 55 -0.01606 -1.23430e+00 | 56 -0.00667 -4.58614e+00 | 57  0.00495 -8.82473e+00
 58  0.01399  3.88844e+00 | 59  0.02264  1.21453e+00 | 60  0.02842  7.62425e+01
 61  0.02141  5.78491e+01 | 62  0.01624 -1.16886e+01 | 63  0.01624 -1.55620e+01
 64  0.01679 -1.74883e+01 | 65  0.01832 -1.00311e+02 | 66  0.01611 -8.32798e+01
 67  0.01890 -5.33380e+01 | 68  0.02194 -7.81982e+01 | 69  0.02366 -8.64940e+01
 70  0.02827 -1.22614e+02 | 71  0.02770 -8.83055e+01 | 72  0.02745 -7.59568e+01
 73  0.02344  2.44452e+00 | 74  0.02036  7.76288e+01 | 75  0.01802  1.49298e+01
 76  0.07402  1.02151e+02 | 77 -0.64544  2.01359e+02 | 78 -0.57069 -1.97873e+01
2 0 25095.3
2 0 25095.3
2 0 25095.3
2 0 25095.3
2 0 25095.3
2 0 25095.3
2 0 25095.3
2 0 25095.3
2 0 25095.3
2 0 25095.3
2 0 25095.3
2 0 25095.3
2 0 25095.3
78 variables; iteration 40; function evaluation 52; phase 2
Function value   2.5095376e+04; maximum gradient component mag  -1.1183e+03
Var   Value    Gradient   |Var   Value    Gradient   |Var   Value    Gradient
  1 -0.78120 -4.21813e+00 |  2 -0.68447 -5.08580e+00 |  3  0.22094 -1.73343e+01
  4  0.16435  1.48522e+00 |  5  0.11557  2.60897e+00 |  6  0.07896  3.54895e+00
  7  0.05076 -1.46956e+00 |  8  0.02930 -3.60902e+00 |  9  0.01322 -1.47150e+00
 10  0.00074  3.19535e-01 | 11 -0.00939  4.72150e-01 | 12 -0.01768 -7.46594e-02
 13 -0.02429 -3.61324e-01 | 14 -0.02936 -3.73749e-01 | 15 -0.03303 -3.15086e-01
 16 -0.03541 -2.73068e-01 | 17 -0.03659 -2.55678e-01 | 18  0.04750 -1.11048e+02
 19 -0.00688  6.74843e-01 | 20 -0.00224 -4.01538e+01 | 21  0.00158 -5.10613e+01
 22  0.00207 -3.61928e+01 | 23 -0.00233 -7.89038e+00 | 24  0.00247 -2.11650e+01
 25  0.00088 -8.78078e+01 | 26 -0.00316 -5.24214e+01 | 27 -0.00063 -6.82436e+01
 28 -0.00411 -2.82873e+01 | 29 -0.00153 -9.21588e+01 | 30  0.00028 -3.60571e+01
 31 -0.00044 -4.05943e+01 | 32  0.00334 -7.88150e+01 | 33  0.00484 -1.50875e+02
 34  0.00325 -1.29366e+01 | 35  0.00168 -1.48335e+00 | 36 -0.00241 -4.58136e+01
 37  0.00591 -7.82720e+00 | 38  0.00011 -7.44516e+01 | 39 -0.00064 -5.27576e+01
 40  0.00160 -3.75185e+01 | 41 -0.00225 -7.14278e+01 | 42  0.00235  1.09240e+00
 43 -0.00114 -3.62857e+01 | 44  0.00016 -4.45879e+01 | 45  0.00195 -1.11038e+02
 46 -0.00665 -9.80450e+01 | 47  0.14431 -1.11828e+03 | 48 -0.08061 -8.35905e+01
 49 -0.06516  2.48513e+01 | 50 -0.06110 -1.89800e+01 | 51 -0.05120 -3.80969e+01
 52 -0.04227  1.12461e+01 | 53 -0.03586 -2.45928e+00 | 54 -0.02729 -3.66470e+01
 55 -0.01607 -7.99733e+00 | 56 -0.00660  5.48933e+00 | 57  0.00493 -1.12684e+01
 58  0.01395 -3.02778e+00 | 59  0.02266  5.09646e+00 | 60  0.02843  7.94279e+01
 61  0.02142  6.03259e+01 | 62  0.01625 -1.15948e+01 | 63  0.01624 -1.78476e+01
 64  0.01678 -1.93461e+01 | 65  0.01831 -1.01983e+02 | 66  0.01611 -8.29803e+01
 67  0.01893 -4.92033e+01 | 68  0.02198 -7.14165e+01 | 69  0.02368 -8.55188e+01
 70  0.02827 -1.20661e+02 | 71  0.02766 -9.36338e+01 | 72  0.02743 -7.91086e+01
 73  0.02343  2.95848e+00 | 74  0.02034  7.53403e+01 | 75  0.01798  1.73361e+01
 76  0.07413  9.38077e+01 | 77 -0.64541  2.24430e+02 | 78 -0.57102 -2.32469e+01
2 0 25095.3
2 0 25095.3
2 0 25095.3
2 0 25095.3
2 0 25095.3
2 0 25095.3
2 0 25095.3
2 0 25095.3
2 0 25095.3
2 0 25095.3
2 0 25095.3
2 0 25095.3
2 0 25095.3
2 0 25095.3
2 0 25095.3
78 variables; iteration 50; function evaluation 67; phase 2
Function value   2.5095363e+04; maximum gradient component mag  -1.1392e+03
Var   Value    Gradient   |Var   Value    Gradient   |Var   Value    Gradient
  1 -0.77769 -2.65196e+00 |  2 -0.68504 -2.05587e+00 |  3  0.22094 -1.76939e+01
  4  0.16418  2.09011e-01 |  5  0.11534  2.39663e+00 |  6  0.07853  2.06242e+00
  7  0.05044 -3.63728e+00 |  8  0.02966 -2.30532e+00 |  9  0.01388  5.52162e-01
 10  0.00112  2.31808e-01 | 11 -0.00925 -4.31297e-01 | 12 -0.01751 -3.71058e-01
 13 -0.02400 -1.20117e-01 | 14 -0.02902 -1.40540e-01 | 15 -0.03271 -2.59146e-01
 16 -0.03513 -3.13650e-01 | 17 -0.03633 -3.19538e-01 | 18  0.04749 -1.21082e+02
 19 -0.00692  2.78014e+00 | 20 -0.00228 -4.38525e+01 | 21  0.00157 -5.22662e+01
 22  0.00210 -3.17200e+01 | 23 -0.00234 -8.74163e+00 | 24  0.00245 -2.42960e+01
 25  0.00089 -8.38383e+01 | 26 -0.00319 -5.69854e+01 | 27 -0.00059 -6.38994e+01
 28 -0.00407 -2.41562e+01 | 29 -0.00155 -9.67228e+01 | 30  0.00031 -3.01053e+01
 31 -0.00050 -4.77072e+01 | 32  0.00328 -8.70621e+01 | 33  0.00484 -1.49558e+02
 34  0.00323 -1.63112e+01 | 35  0.00170  1.74310e+00 | 36 -0.00242 -4.78361e+01
 37  0.00590 -9.86828e+00 | 38  0.00013 -7.12428e+01 | 39 -0.00062 -4.76697e+01
 40  0.00157 -4.29301e+01 | 41 -0.00226 -7.48575e+01 | 42  0.00243  1.23431e+01
 43 -0.00109 -3.18008e+01 | 44  0.00013 -5.05943e+01 | 45  0.00194 -1.11292e+02
 46 -0.00662 -9.54321e+01 | 47  0.14430 -1.13918e+03 | 48 -0.08059 -8.20425e+01
 49 -0.06518  2.16454e+01 | 50 -0.06108 -1.63641e+01 | 51 -0.05116 -3.09676e+01
 52 -0.04230  6.63100e+00 | 53 -0.03586 -3.85741e+00 | 54 -0.02728 -3.46098e+01
 55 -0.01611 -1.45535e+01 | 56 -0.00655  1.26272e+01 | 57  0.00491 -1.52895e+01
 58  0.01398  1.09939e+00 | 59  0.02267  4.27392e+00 | 60  0.02838  7.27892e+01
 61  0.02144  6.32585e+01 | 62  0.01623 -1.45133e+01 | 63  0.01625 -1.59102e+01
 64  0.01680 -1.57242e+01 | 65  0.01828 -1.06343e+02 | 66  0.01612 -8.01380e+01
 67  0.01894 -4.89980e+01 | 68  0.02198 -7.25071e+01 | 69  0.02363 -9.24982e+01
 70  0.02828 -1.20073e+02 | 71  0.02771 -8.58433e+01 | 72  0.02745 -7.47928e+01
 73  0.02340 -2.81037e+00 | 74  0.02033  7.46489e+01 | 75  0.01794  1.81832e+01
 76  0.07411  8.75493e+01 | 77 -0.64546  2.40669e+02 | 78 -0.57143 -2.58428e+01
2 0 25095.3
2 0 25095.3
2 0 25095.3
2 0 25095.3
2 0 25095.3
2 0 25095.3
2 0 25095.3
2 0 25095.3
2 0 25095.3
2 0 25095.3
2 0 25095.3
78 variables; iteration 60; function evaluation 78; phase 2
Function value   2.5095360e+04; maximum gradient component mag  -1.1423e+03
Var   Value    Gradient   |Var   Value    Gradient   |Var   Value    Gradient
  1 -0.77728 -2.40910e+00 |  2 -0.68499 -1.59244e+00 |  3  0.22095 -1.75654e+01
  4  0.16417  1.68946e-01 |  5  0.11522  2.28999e+00 |  6  0.07824  1.71491e+00
  7  0.04998 -4.27375e+00 |  8  0.02913 -2.75833e+00 |  9  0.01336 -6.72136e-01
 10  0.00092  2.54529e-01 | 11 -0.00915 -2.52214e-01 | 12 -0.01718  9.18887e-01
 13 -0.02381 -3.08735e-01 | 14 -0.02892 -8.41191e-01 | 15 -0.03248 -4.69386e-01
 16 -0.03470 -1.84223e-02 | 17 -0.03579  8.53203e-02 | 18  0.04749 -1.21560e+02
 19 -0.00695  2.64234e+00 | 20 -0.00228 -4.33325e+01 | 21  0.00157 -5.22521e+01
 22  0.00208 -3.43618e+01 | 23 -0.00234 -9.21829e+00 | 24  0.00248 -2.01972e+01
 25  0.00091 -8.13146e+01 | 26 -0.00321 -6.07639e+01 | 27 -0.00061 -6.57629e+01
 28 -0.00405 -1.97175e+01 | 29 -0.00153 -9.28703e+01 | 30  0.00029 -3.44275e+01
 31 -0.00053 -5.39105e+01 | 32  0.00331 -8.09502e+01 | 33  0.00485 -1.48462e+02
 34  0.00321 -2.01417e+01 | 35  0.00171  2.63098e+00 | 36 -0.00238 -4.46651e+01
 37  0.00592 -6.63561e+00 | 38  0.00011 -7.79537e+01 | 39 -0.00057 -3.84248e+01
 40  0.00155 -4.81897e+01 | 41 -0.00225 -7.13214e+01 | 42  0.00240  6.96364e+00
 43 -0.00109 -3.01957e+01 | 44  0.00014 -5.03241e+01 | 45  0.00193 -1.12900e+02
 46 -0.00662 -9.53668e+01 | 47  0.14431 -1.14235e+03 | 48 -0.08059 -8.24340e+01
 49 -0.06518  2.22398e+01 | 50 -0.06108 -1.48191e+01 | 51 -0.05117 -3.13160e+01
 52 -0.04230  6.48266e+00 | 53 -0.03585 -3.80084e+00 | 54 -0.02727 -3.40986e+01
 55 -0.01611 -1.18454e+01 | 56 -0.00656  1.04864e+01 | 57  0.00489 -2.10986e+01
 58  0.01398 -7.09272e-01 | 59  0.02269  1.03365e+01 | 60  0.02838  7.30546e+01
 61  0.02146  6.69481e+01 | 62  0.01621 -1.67993e+01 | 63  0.01622 -2.07928e+01
 64  0.01684 -8.56965e+00 | 65  0.01830 -1.04085e+02 | 66  0.01612 -7.87138e+01
 67  0.01894 -5.03251e+01 | 68  0.02199 -7.12252e+01 | 69  0.02361 -9.73125e+01
 70  0.02827 -1.20793e+02 | 71  0.02770 -8.72919e+01 | 72  0.02746 -7.27570e+01
 73  0.02339 -4.18473e+00 | 74  0.02032  7.34787e+01 | 75  0.01797  1.86036e+01
 76  0.07415  8.69850e+01 | 77 -0.64545  2.41466e+02 | 78 -0.57143 -2.59957e+01
2 0 25095.3
2 0 25095.3
2 0 25095.3
2 0 25095.3
2 0 25095.3
2 0 25095.3
2 0 25095.3
2 0 25095.3
2 0 25095.3
2 0 25095.3
2 0 25095.3
2 0 25095.3
2 0 25095.3
2 0 25095.3
78 variables; iteration 70; function evaluation 92; phase 2
Function value   2.5095323e+04; maximum gradient component mag  -1.1469e+03
Var   Value    Gradient   |Var   Value    Gradient   |Var   Value    Gradient
  1 -0.77733 -2.17718e+00 |  2 -0.68322 -1.10793e+00 |  3  0.22118 -1.46521e+01
  4  0.16386 -3.27343e+00 |  5  0.11553  6.49633e+00 |  6  0.07797 -2.42666e+00
  7  0.05038  8.45344e-01 |  8  0.02872 -5.52959e+00 |  9  0.01294  6.80614e-01
 10  0.00008 -1.58293e+00 | 11 -0.00991 -1.46239e+00 | 12 -0.01752 -4.57048e+00
 13 -0.02209  4.81391e+00 | 14 -0.02660 -7.75426e+00 | 15 -0.02742  8.50738e+00
 16 -0.02944  5.41911e+00 | 17 -0.03180 -3.78274e+00 | 18  0.04756 -1.12228e+02
 19 -0.00691  2.61313e+00 | 20 -0.00227 -3.93117e+01 | 21  0.00154 -5.17309e+01
 22  0.00202 -4.02973e+01 | 23 -0.00233 -4.43634e+00 | 24  0.00250 -1.35586e+01
 25  0.00086 -8.63891e+01 | 26 -0.00324 -6.16744e+01 | 27 -0.00058 -5.80851e+01
 28 -0.00406 -1.97109e+01 | 29 -0.00153 -8.97420e+01 | 30  0.00025 -3.70324e+01
 31 -0.00055 -5.51788e+01 | 32  0.00337 -7.05211e+01 | 33  0.00493 -1.34739e+02
 34  0.00320 -2.02633e+01 | 35  0.00169  2.96753e+00 | 36 -0.00242 -5.06457e+01
 37  0.00595 -1.39941e+00 | 38  0.00020 -6.15901e+01 | 39 -0.00065 -4.89965e+01
 40  0.00151 -5.17396e+01 | 41 -0.00220 -6.41862e+01 | 42  0.00247  1.74440e+01
 43 -0.00117 -3.78020e+01 | 44  0.00009 -5.61844e+01 | 45  0.00195 -1.09753e+02
 46 -0.00655 -9.42515e+01 | 47  0.14442 -1.14687e+03 | 48 -0.08060 -8.17135e+01
 49 -0.06517  2.35952e+01 | 50 -0.06111 -1.73950e+01 | 51 -0.05119 -3.37877e+01
 52 -0.04228  1.03272e+01 | 53 -0.03585 -3.67684e+00 | 54 -0.02731 -3.86591e+01
 55 -0.01609 -8.71220e+00 | 56 -0.00657  9.81048e+00 | 57  0.00489 -2.16419e+01
 58  0.01398  7.81919e-01 | 59  0.02264  4.55170e+00 | 60  0.02837  7.13425e+01
 61  0.02153  7.53378e+01 | 62  0.01621 -1.65253e+01 | 63  0.01621 -2.21718e+01
 64  0.01685 -3.04860e+00 | 65  0.01827 -1.06835e+02 | 66  0.01621 -6.45062e+01
 67  0.01895 -4.77027e+01 | 68  0.02193 -7.74151e+01 | 69  0.02357 -1.01923e+02
 70  0.02842 -9.56254e+01 | 71  0.02764 -9.85694e+01 | 72  0.02744 -7.28913e+01
 73  0.02337 -4.32259e+00 | 74  0.02026  7.11628e+01 | 75  0.01808  2.06201e+01
 76  0.07479  9.15913e+01 | 77 -0.64520  2.24273e+02 | 78 -0.57046 -2.34975e+01
2 0 25095.3
2 0 25095.2
2 0 25095.5
2 0 25095.2
2 0 25095.2
2 0 25095.2
2 0 25095.2
2 0 25095.2
2 0 25095.1
2 0 25095.1
2 0 25095
2 0 25095
2 0 25094.9
2 0 25094.6
2 0 25094.3
78 variables; iteration 80; function evaluation 107; phase 2
Function value   2.5094302e+04; maximum gradient component mag  -7.9513e+01
Var   Value    Gradient   |Var   Value    Gradient   |Var   Value    Gradient
  1 -0.77941  2.96295e-01 |  2 -0.65202  3.08553e+00 |  3  0.22240  1.98332e+00
  4  0.16432  4.41538e-01 |  5  0.11478 -1.00348e+00 |  6  0.07839  5.89165e-02
  7  0.05141  3.76257e-01 |  8  0.03073  6.13425e-01 |  9  0.01433 -5.62013e-01
 10  0.00135 -3.45430e-01 | 11 -0.00903 -5.74364e-01 | 12 -0.01723  9.28535e-01
 13 -0.02402 -1.43188e+00 | 14 -0.02893  1.87169e-01 | 15 -0.03259  1.31160e+00
 16 -0.03543 -3.83450e+00 | 17 -0.03599  1.86013e+00 | 18  0.04800  4.31948e+01
 19 -0.00833  3.50044e+00 | 20 -0.00261  5.19982e+00 | 21  0.00128  9.80670e+00
 22  0.00178  8.77136e+00 | 23 -0.00294 -2.19703e-01 | 24  0.00218  2.77402e+00
 25  0.00115  1.83955e+01 | 26 -0.00315  1.21435e+01 | 27 -0.00072  1.28010e+01
 28 -0.00434  1.58523e+00 | 29 -0.00126  1.91411e+01 | 30  0.00015  7.19346e+00
 31 -0.00052  1.13599e+01 | 32  0.00350  1.74253e+01 | 33  0.00544  3.44074e+01
 34  0.00318  7.68063e+00 | 35  0.00138  4.51359e+00 | 36 -0.00239  1.09829e+01
 37  0.00599  3.28578e+00 | 38  0.00031  1.97615e+01 | 39 -0.00052  1.45854e+01
 40  0.00176  1.32549e+01 | 41 -0.00197  1.84118e+01 | 42  0.00222  3.11650e+00
 43 -0.00116  1.07433e+01 | 44  0.00041  1.65026e+01 | 45  0.00311  2.94748e+01
 46 -0.00347  1.87796e+01 | 47  0.14635 -3.26504e+01 | 48 -0.08012  1.53024e+01
 49 -0.06547 -1.08902e+01 | 50 -0.06099  1.29186e+00 | 51 -0.05106  2.10391e+00
 52 -0.04255 -5.29207e+00 | 53 -0.03588  4.40401e-01 | 54 -0.02704  5.52335e+00
 55 -0.01603 -9.03322e-01 | 56 -0.00672 -8.01170e+00 | 57  0.00497 -5.02291e-02
 58  0.01396 -4.16231e+00 | 59  0.02259 -6.59769e+00 | 60  0.02802 -1.62761e+01
 61  0.02138 -9.24416e+00 | 62  0.01644  4.57209e+00 | 63  0.01631  1.03693e+01
 64  0.01675 -3.86747e+00 | 65  0.01885  3.54477e+01 | 66  0.01650  1.90636e+01
 67  0.01914  1.33955e+01 | 68  0.02230  1.82661e+01 | 69  0.02417  2.32124e+01
 70  0.02880  2.66581e+01 | 71  0.02802  2.14285e+01 | 72  0.02770  2.17388e+01
 73  0.02297  3.64694e+00 | 74  0.01819 -1.10181e+01 | 75  0.01854  9.24476e+00
 76  0.08491 -8.06507e+00 | 77 -0.64315 -7.95133e+01 | 78 -0.56522  7.28996e+00
2 0 25094.2
2 0 25094.1
2 0 25094.1
2 0 25094
2 0 25093.9
2 0 25093.9
2 0 25093.8
2 0 25093.7
2 0 25093.6
2 0 25093.4
78 variables; iteration 90; function evaluation 117; phase 2
Function value   2.5093423e+04; maximum gradient component mag  -1.2454e+02
Var   Value    Gradient   |Var   Value    Gradient   |Var   Value    Gradient
  1 -0.76558 -1.77752e+01 |  2 -0.50431 -1.31316e+01 |  3  0.23132 -6.08795e+00
  4  0.17015 -8.68974e-01 |  5  0.11911 -1.79669e-01 |  6  0.08196 -3.75005e-01
  7  0.05464 -2.47818e-01 |  8  0.03393  8.32320e-02 |  9  0.01774  1.40352e-01
 10  0.00487  4.41833e-02 | 11 -0.00544  1.98471e-03 | 12 -0.01366 -2.01704e-02
 13 -0.02013  5.77203e-02 | 14 -0.02508  2.82736e-02 | 15 -0.02868  2.06717e-02
 16 -0.03101  1.55013e-01 | 17 -0.03218  3.97883e-03 | 18  0.05166  9.17903e+01
 19 -0.00960 -4.85102e+00 | 20 -0.00222 -3.17705e+00 | 21  0.00117  1.34256e+00
 22  0.00143 -1.69373e+00 | 23 -0.00332 -1.60163e+00 | 24  0.00236  3.21111e-01
 25  0.00097 -4.46878e+00 | 26 -0.00391 -6.92343e+00 | 27 -0.00178 -4.62837e+00
 28 -0.00499 -5.12824e+00 | 29 -0.00159 -2.66221e+00 | 30 -0.00007 -9.15263e-01
 31 -0.00018 -8.25338e-02 | 32  0.00413  6.84177e+00 | 33  0.00580  5.82780e+00
 34  0.00346  4.44468e+00 | 35  0.00154  3.88062e+00 | 36 -0.00203  5.32231e-01
 37  0.00651  3.89041e+00 | 38  0.00014  2.46680e+00 | 39 -0.00041  2.06916e+00
 40  0.00206  3.14148e+00 | 41 -0.00169 -1.05882e+00 | 42  0.00258  4.36516e+00
 43 -0.00094  3.42280e+00 | 44  0.00072  4.50530e+00 | 45  0.00334  8.86215e-01
 46 -0.00351 -1.62935e+01 | 47  0.15560  1.06714e+01 | 48 -0.07990  6.47509e+00
 49 -0.06539 -4.56270e+00 | 50 -0.06105  9.19792e-01 | 51 -0.05100 -2.46724e+00
 52 -0.04265  1.68637e+00 | 53 -0.03573  3.98820e+00 | 54 -0.02669  1.62254e+00
 55 -0.01581 -1.31570e+00 | 56 -0.00639  2.06647e+00 | 57  0.00500 -2.60945e-01
 58  0.01389 -1.64548e+00 | 59  0.02247 -1.80236e-01 | 60  0.02777 -6.60680e+00
 61  0.02106 -3.51776e+00 | 62  0.01620 -2.19022e+00 | 63  0.01620 -3.73393e+00
 64  0.01683 -1.24755e+00 | 65  0.01848 -8.28137e-01 | 66  0.01642 -4.11168e+00
 67  0.01907 -5.20214e-01 | 68  0.02216 -1.96141e+00 | 69  0.02419  9.36177e-01
 70  0.02865 -4.89636e+00 | 71  0.02804 -3.44603e+00 | 72  0.02763 -2.96597e+00
 73  0.02295  4.09351e+00 | 74  0.01858  2.23622e+01 | 75  0.01857 -6.74643e-01
 76  0.12664  1.08757e+02 | 77 -0.61421 -1.24539e+02 | 78 -0.49804  2.67481e+01
2 0 25093.2
2 0 25093.1
2 0 25093
2 0 25092.9
2 0 25092.8
2 0 25092.8
2 0 25092.8
2 0 25092.7
2 0 25092.6
2 0 25092.5
78 variables; iteration 100; function evaluation 127; phase 2
Function value   2.5092492e+04; maximum gradient component mag  -8.8632e+02
Var   Value    Gradient   |Var   Value    Gradient   |Var   Value    Gradient
  1 -0.67889  1.75053e+01 |  2 -0.35412  2.87730e+00 |  3  0.24332 -2.08449e+01
  4  0.17851 -5.95860e+00 |  5  0.12495 -2.83106e+00 |  6  0.08670 -1.04565e+00
  7  0.05863 -9.29898e-01 |  8  0.03738 -4.31347e-01 |  9  0.02079 -4.58240e-01
 10  0.00765 -2.68647e-01 | 11 -0.00286 -2.13962e-01 | 12 -0.01126 -3.00452e-01
 13 -0.01785 -7.81498e-02 | 14 -0.02293 -3.48507e-01 | 15 -0.02657  1.18400e-01
 16 -0.02902 -4.43207e-01 | 17 -0.03015  2.37084e-02 | 18  0.05429 -7.77634e+01
 19 -0.00896  3.74772e+01 | 20 -0.00184 -6.83155e+00 | 21  0.00079 -2.19946e+00
 22  0.00084  5.19954e+00 | 23 -0.00413 -1.96574e+00 | 24  0.00222  5.14447e-01
 25  0.00067 -6.09421e-01 | 26 -0.00476 -7.11927e-01 | 27 -0.00308 -5.82628e-01
 28 -0.00594 -3.28436e+00 | 29 -0.00206 -1.29348e-01 | 30 -0.00053 -8.98032e-02
 31 -0.00000 -4.01078e+00 | 32  0.00480 -5.08034e+00 | 33  0.00637  1.23574e-01
 34  0.00377  2.01959e+00 | 35  0.00161 -1.90913e-01 | 36 -0.00167 -6.68628e-01
 37  0.00710  2.87471e-01 | 38 -0.00003  3.52153e+00 | 39 -0.00036  5.88317e-01
 40  0.00238  1.02431e-01 | 41 -0.00131 -3.82369e-01 | 42  0.00295 -1.94646e+00
 43 -0.00063 -5.49394e-01 | 44  0.00119 -2.28023e+00 | 45  0.00379 -4.31788e+00
 46 -0.00315 -5.15604e+00 | 47  0.16611 -8.86319e+02 | 48 -0.07959 -1.75087e+01
 49 -0.06513 -1.52370e+01 | 50 -0.06096 -8.82394e+00 | 51 -0.05068 -1.07384e+01
 52 -0.04274 -8.02419e+00 | 53 -0.03551 -6.20279e+00 | 54 -0.02610 -1.02424e+01
 55 -0.01521 -1.09254e+01 | 56 -0.00589 -1.36957e+01 | 57  0.00514 -1.36719e+01
 58  0.01398 -5.41411e+00 | 59  0.02229 -4.19947e+00 | 60  0.02729  3.06864e+00
 61  0.02059  1.04936e+01 | 62  0.01587  4.73209e+00 | 63  0.01613  4.79766e+00
 64  0.01676  6.93281e-01 | 65  0.01807  5.86619e+00 | 66  0.01647  2.24155e+00
 67  0.01902 -3.35661e-02 | 68  0.02203  1.71010e+00 | 69  0.02421  2.52723e+00
 70  0.02853  3.00904e+00 | 71  0.02802  3.93264e+00 | 72  0.02750  7.75558e+00
 73  0.02279  1.50440e+01 | 74  0.01837  1.86420e+01 | 75  0.01831  4.34236e+01
 76  0.15922  1.40681e+02 | 77 -0.57681  1.45557e+02 | 78 -0.43075 -2.40326e+01
2 0 25092.4
2 0 25092.2
2 0 25092.2
2 0 25092.1
2 0 25092
2 0 25092
2 0 25091.9
2 0 25091.9
2 0 25091.9
2 0 25091.8
2 0 25091.8
78 variables; iteration 110; function evaluation 138; phase 2
Function value   2.5091777e+04; maximum gradient component mag  -3.7844e+02
Var   Value    Gradient   |Var   Value    Gradient   |Var   Value    Gradient
  1 -0.59155  9.65824e+00 |  2 -0.30614 -1.66028e+00 |  3  0.25784 -4.69615e+00
  4  0.18807 -1.83539e+00 |  5  0.13133 -6.96608e-01 |  6  0.09143 -3.55006e-01
  7  0.06249 -1.17836e-01 |  8  0.04063 -8.97519e-02 |  9  0.02364 -6.64298e-02
 10  0.01017 -8.03365e-02 | 11 -0.00059 -1.11674e-01 | 12 -0.00917 -1.26927e-02
 13 -0.01595 -1.92889e-01 | 14 -0.02111 -2.53869e-02 | 15 -0.02488 -7.54742e-02
 16 -0.02734 -2.05266e-01 | 17 -0.02852  1.91429e-02 | 18  0.05936 -7.38747e+00
 19 -0.01007  4.79177e+00 | 20 -0.00144  1.03847e-01 | 21  0.00044  1.02719e+00
 22  0.00015  1.97594e+00 | 23 -0.00486 -1.45423e+00 | 24  0.00217  1.76433e+00
 25  0.00044  1.14737e+00 | 26 -0.00558 -1.56561e+00 | 27 -0.00430 -4.04402e-01
 28 -0.00676 -2.47776e+00 | 29 -0.00245  3.82933e-01 | 30 -0.00091 -3.83224e-02
 31  0.00035  3.94324e-01 | 32  0.00558  2.97162e+00 | 33  0.00689  4.38727e+00
 34  0.00405  1.98202e+00 | 35  0.00172  8.62697e-01 | 36 -0.00123 -1.36472e-01
 37  0.00774  3.59354e+00 | 38 -0.00023  6.63644e-01 | 39 -0.00023  1.50321e-01
 40  0.00280  1.29874e+00 | 41 -0.00084  3.04855e-01 | 42  0.00344  1.83275e+00
 43 -0.00027  1.05638e+00 | 44  0.00174  2.20960e+00 | 45  0.00436  5.35300e-01
 46 -0.00269 -8.36065e+00 | 47  0.18013 -3.78440e+02 | 48 -0.07928  8.04979e-01
 49 -0.06488 -5.29205e+00 | 50 -0.06072 -1.68230e+00 | 51 -0.05037 -2.18497e+00
 52 -0.04281 -1.58963e+00 | 53 -0.03522 -1.40012e+00 | 54 -0.02534 -1.69826e+00
 55 -0.01452 -2.63948e+00 | 56 -0.00529 -1.27542e+00 | 57  0.00540 -2.06851e+00
 58  0.01401 -1.11021e+00 | 59  0.02202 -1.15395e+00 | 60  0.02670 -3.00047e+00
 61  0.02006  1.01998e-01 | 62  0.01557  2.14401e-01 | 63  0.01597 -3.29297e-01
 64  0.01663 -1.37409e-01 | 65  0.01768 -4.35646e-01 | 66  0.01649 -1.29776e+00
 67  0.01893 -6.25438e-01 | 68  0.02181 -7.97327e-01 | 69  0.02416 -9.28018e-02
 70  0.02832 -2.66419e+00 | 71  0.02795 -1.72337e+00 | 72  0.02730 -6.71942e-01
 73  0.02252  5.40369e+00 | 74  0.01828  1.57855e+01 | 75  0.01822  1.86815e+01
 76  0.19386  1.28944e+02 | 77 -0.54322  2.21800e+01 | 78 -0.39295  8.79515e-01
2 0 25091.8
2 0 25091.7
2 0 25091.7
2 0 25091.7
2 0 25091.7
2 0 25091.7
2 0 25091.7
2 0 25091.7
2 0 25091.7
2 0 25091.7
78 variables; iteration 120; function evaluation 148; phase 2
Function value   2.5091693e+04; maximum gradient component mag  -2.0394e+01
Var   Value    Gradient   |Var   Value    Gradient   |Var   Value    Gradient
  1 -0.56551  2.44196e+00 |  2 -0.28552 -6.27578e-01 |  3  0.26361  2.73487e-01
  4  0.19208  5.91321e-02 |  5  0.13400  2.08218e-02 |  6  0.09338  3.01785e-03
  7  0.06401  7.19736e-03 |  8  0.04190 -3.86996e-03 |  9  0.02475  1.24896e-03
 10  0.01120  8.93575e-04 | 11  0.00039  1.01688e-03 | 12 -0.00822  6.05029e-03
 13 -0.01500 -1.82842e-03 | 14 -0.02019  7.95524e-03 | 15 -0.02396 -1.50301e-03
 16 -0.02641  3.43025e-03 | 17 -0.02762  2.64229e-03 | 18  0.06088 -6.06221e+00
 19 -0.00987  1.29694e-01 | 20 -0.00126  5.88386e-02 | 21  0.00027 -8.45000e-02
 22 -0.00013  2.65545e-01 | 23 -0.00517  1.88746e-01 | 24  0.00208 -2.14542e-02
 25  0.00030  7.71624e-02 | 26 -0.00589  2.72358e-01 | 27 -0.00474  1.71220e-01
 28 -0.00707  2.31269e-01 | 29 -0.00262  2.12991e-01 | 30 -0.00108  1.27853e-01
 31  0.00042 -8.47559e-02 | 32  0.00582 -3.11148e-01 | 33  0.00705 -1.27340e-01
 34  0.00414  5.61796e-02 | 35  0.00174 -1.30056e-01 | 36 -0.00108 -4.61101e-04
 37  0.00795 -2.42518e-01 | 38 -0.00031  1.22851e-03 | 39 -0.00021 -1.50825e-01
 40  0.00293 -1.65556e-01 | 41 -0.00069 -7.47621e-02 | 42  0.00360 -1.80287e-01
 43 -0.00014 -6.47215e-02 | 44  0.00193 -1.37509e-01 | 45  0.00456 -5.49342e-02
 46 -0.00253  3.37508e-01 | 47  0.18552 -2.03938e+01 | 48 -0.07918  4.86155e-02
 49 -0.06472  2.45712e-01 | 50 -0.06059  1.24611e-01 | 51 -0.05020  7.89893e-02
 52 -0.04280 -7.13057e-02 | 53 -0.03510  4.63833e-03 | 54 -0.02504  9.26910e-03
 55 -0.01420  2.69343e-01 | 56 -0.00504 -9.57094e-02 | 57  0.00551 -1.11070e-02
 58  0.01406  1.00448e-01 | 59  0.02192 -1.18259e-01 | 60  0.02646  2.04121e-01
 61  0.01984  3.19442e-01 | 62  0.01543  7.70414e-02 | 63  0.01591  9.72976e-02
 64  0.01655 -1.86066e-01 | 65  0.01750  9.90158e-02 | 66  0.01651  4.21058e-02
 67  0.01889 -2.08669e-01 | 68  0.02171 -1.62240e-01 | 69  0.02411 -2.92658e-01
 70  0.02822 -2.34605e-01 | 71  0.02789 -3.59512e-01 | 72  0.02718 -2.28260e-01
 73  0.02238 -9.48761e-02 | 74  0.01817 -5.30778e-01 | 75  0.01817  1.00812e+00
 76  0.20414 -2.83201e+00 | 77 -0.53042  1.10582e+01 | 78 -0.37837 -3.39024e+00
2 0 25091.7
2 0 25091.7
2 0 25091.7
2 0 25091.7
2 0 25091.7
2 0 25091.7
2 0 25091.7
2 0 25091.7
2 0 25091.7
2 0 25091.7
78 variables; iteration 130; function evaluation 158; phase 2
Function value   2.5091691e+04; maximum gradient component mag   3.4799e-03
Var   Value    Gradient   |Var   Value    Gradient   |Var   Value    Gradient
  1 -0.56283 -5.09010e-04 |  2 -0.28509  2.27930e-04 |  3  0.26434 -1.32336e-03
  4  0.19256 -3.78251e-04 |  5  0.13430 -1.58485e-04 |  6  0.09359 -6.41217e-05
  7  0.06417 -5.23193e-05 |  8  0.04203 -2.15362e-05 |  9  0.02486 -1.86168e-05
 10  0.01129 -1.23499e-05 | 11  0.00047 -8.49069e-06 | 12 -0.00816 -2.20379e-05
 13 -0.01494  6.36999e-06 | 14 -0.02014 -1.90409e-05 | 15 -0.02391 -4.72142e-07
 16 -0.02637  2.71249e-06 | 17 -0.02758 -1.12172e-05 | 18  0.06120  1.14959e-03
 19 -0.00985  1.66145e-03 | 20 -0.00123 -1.27773e-03 | 21  0.00026 -1.39220e-03
 22 -0.00016 -1.28108e-03 | 23 -0.00520 -1.31589e-03 | 24  0.00207 -8.08005e-04
 25  0.00029 -7.01190e-04 | 26 -0.00592 -3.14238e-04 | 27 -0.00479 -3.26742e-04
 28 -0.00710 -3.77358e-04 | 29 -0.00263 -3.89234e-04 | 30 -0.00110 -3.98735e-04
 31  0.00043 -1.99607e-04 | 32  0.00585 -2.76924e-05 | 33  0.00706  3.71955e-04
 34  0.00414  5.65731e-04 | 35  0.00174  3.93578e-04 | 36 -0.00107 -1.05522e-04
 37  0.00797  2.51654e-04 | 38 -0.00032 -1.05986e-04 | 39 -0.00021  1.88772e-04
 40  0.00294  4.06005e-04 | 41 -0.00067  7.36123e-04 | 42  0.00362  1.13379e-03
 43 -0.00013  8.51991e-04 | 44  0.00195  5.28064e-04 | 45  0.00458  3.18744e-04
 46 -0.00252 -1.17781e-04 | 47  0.18625 -1.29776e-03 | 48 -0.07918 -1.86224e-03
 49 -0.06471 -1.50179e-03 | 50 -0.06057 -1.10951e-03 | 51 -0.05019 -6.24844e-04
 52 -0.04281  2.28820e-04 | 53 -0.03508  9.77346e-04 | 54 -0.02501  1.01433e-03
 55 -0.01417  4.16144e-04 | 56 -0.00502 -1.29160e-04 | 57  0.00552 -5.57018e-04
 58  0.01406 -3.22961e-04 | 59  0.02190  4.49009e-05 | 60  0.02644  2.20631e-04
 61  0.01981 -4.07647e-05 | 62  0.01542 -3.63649e-04 | 63  0.01590 -4.17719e-04
 64  0.01655  4.87062e-06 | 65  0.01748 -2.47717e-04 | 66  0.01652  9.83534e-05
 67  0.01889  1.28239e-04 | 68  0.02170  1.87682e-04 | 69  0.02411  2.52987e-04
 70  0.02821  3.77529e-04 | 71  0.02789  6.78128e-04 | 72  0.02717  7.06340e-04
 73  0.02237  4.92505e-04 | 74  0.01818  4.36767e-04 | 75  0.01818  2.69822e-05
 76  0.20561  3.47989e-03 | 77 -0.52914 -2.29694e-03 | 78 -0.37746  1.04639e-03
2 0 25091.7
2 0 25091.7
2 0 25091.7
2 0 25091.7
2 0 25091.7
2 0 25091.7
2 0 25091.7
2 0 25091.7
2 0 25091.7
2 0 25091.7
2 0 25091.7
2 0 25091.7
2 0 25091.7
2 0 25091.7
2 0 25091.7
2 0 25091.7
2 0 25091.7
2 0 25091.7
2 0 25091.7
2 0 25091.7
2 0 25091.7
2 0 25091.7
2 0 25091.7
2 0 25091.7
2 0 25091.7
2 0 25091.7
2 0 25091.7
2 0 25091.7
2 0 25091.7
2 0 25091.7
2 0 25091.7
2 0 25091.7
2 0 25091.7
  ic > imax  in fminim is answer attained ?
Var   Value    Gradient   |Var   Value    Gradient   |Var   Value    Gradient
  1 -0.56283 -9.90304e-05 |  2 -0.28509  2.44353e-05 |  3  0.26434 -5.93116e-05
  4  0.19256 -3.32664e-05 |  5  0.13430 -6.21835e-06 |  6  0.09359 -2.43430e-06
  7  0.06417 -7.20862e-07 |  8  0.04203 -3.42721e-07 |  9  0.02486  3.21470e-07
 10  0.01129  5.52011e-08 | 11  0.00047  1.07962e-07 | 12 -0.00816 -1.11462e-07
 13 -0.01494  4.68646e-07 | 14 -0.02014  3.12540e-07 | 15 -0.02391 -3.71043e-07
 16 -0.02637  1.14919e-06 | 17 -0.02758 -5.20708e-07 | 18  0.06120  6.99926e-05
 19 -0.00985 -2.66080e-05 | 20 -0.00123 -1.05888e-04 | 21  0.00026 -7.32920e-05
 22 -0.00016 -1.23922e-04 | 23 -0.00520 -1.04318e-04 | 24  0.00207 -1.02948e-04
 25  0.00029  1.56033e-05 | 26 -0.00592  1.12839e-05 | 27 -0.00479  2.81349e-05
 28 -0.00710  4.62140e-05 | 29 -0.00263  7.11292e-05 | 30 -0.00110  8.79540e-05
 31  0.00043  7.84997e-05 | 32  0.00585  2.64291e-05 | 33  0.00706 -5.52337e-05
 34  0.00414 -2.09813e-05 | 35  0.00174  4.99986e-05 | 36 -0.00107  1.14846e-04
 37  0.00797  1.69729e-04 | 38 -0.00032  7.32119e-05 | 39 -0.00021  8.45273e-05
 40  0.00294  1.80565e-04 | 41 -0.00067  1.34134e-04 | 42  0.00362 -4.78745e-05
 43 -0.00013 -2.11650e-04 | 44  0.00195 -1.89192e-04 | 45  0.00458 -4.32104e-05
 46 -0.00252 -1.55016e-04 | 47  0.18625  1.37721e-03 | 48 -0.07918 -2.74968e-04
 49 -0.06471 -1.17258e-04 | 50 -0.06057  8.79901e-05 | 51 -0.05019  1.47896e-04
 52 -0.04281  5.71848e-05 | 53 -0.03508 -7.59876e-05 | 54 -0.02501 -8.24119e-05
 55 -0.01417  2.34201e-05 | 56 -0.00502  9.24218e-05 | 57  0.00552  9.26879e-05
 58  0.01406  2.27802e-05 | 59  0.02190 -5.13772e-05 | 60  0.02644 -3.28875e-05
 61  0.01981  6.68868e-05 | 62  0.01542  8.75783e-05 | 63  0.01590  6.62702e-05
 64  0.01655  2.08120e-05 | 65  0.01748 -5.09107e-06 | 66  0.01652  6.45094e-05
 67  0.01889  4.08697e-05 | 68  0.02170 -4.39998e-05 | 69  0.02411 -5.70281e-05
 70  0.02821  2.44763e-05 | 71  0.02789  8.97859e-05 | 72  0.02717  1.20167e-05
 73  0.02237 -1.41455e-04 | 74  0.01818 -8.40154e-05 | 75  0.01818 -7.09028e-05
 76  0.20561 -3.99129e-04 | 77 -0.52914 -1.17909e-04 | 78 -0.37746  9.82055e-06
Function minimizer not making progress ... is minimum attained?
Minimprove criterion =   0.0000e+00

 - final statistics:
78 variables; iteration 133; function evaluation 190
Function value   2.5092e+04; maximum gradient component mag   1.3772e-03
Exit code = 1;  converg criter   1.0000e-03
Var   Value    Gradient   |Var   Value    Gradient   |Var   Value    Gradient
  1 -0.56283 -9.90304e-05 |  2 -0.28509  2.44353e-05 |  3  0.26434 -5.93116e-05
  4  0.19256 -3.32664e-05 |  5  0.13430 -6.21835e-06 |  6  0.09359 -2.43430e-06
  7  0.06417 -7.20862e-07 |  8  0.04203 -3.42721e-07 |  9  0.02486  3.21470e-07
 10  0.01129  5.52011e-08 | 11  0.00047  1.07962e-07 | 12 -0.00816 -1.11462e-07
 13 -0.01494  4.68646e-07 | 14 -0.02014  3.12540e-07 | 15 -0.02391 -3.71043e-07
 16 -0.02637  1.14919e-06 | 17 -0.02758 -5.20708e-07 | 18  0.06120  6.99926e-05
 19 -0.00985 -2.66080e-05 | 20 -0.00123 -1.05888e-04 | 21  0.00026 -7.32920e-05
 22 -0.00016 -1.23922e-04 | 23 -0.00520 -1.04318e-04 | 24  0.00207 -1.02948e-04
 25  0.00029  1.56033e-05 | 26 -0.00592  1.12839e-05 | 27 -0.00479  2.81349e-05
 28 -0.00710  4.62140e-05 | 29 -0.00263  7.11292e-05 | 30 -0.00110  8.79540e-05
 31  0.00043  7.84997e-05 | 32  0.00585  2.64291e-05 | 33  0.00706 -5.52337e-05
 34  0.00414 -2.09813e-05 | 35  0.00174  4.99986e-05 | 36 -0.00107  1.14846e-04
 37  0.00797  1.69729e-04 | 38 -0.00032  7.32119e-05 | 39 -0.00021  8.45273e-05
 40  0.00294  1.80565e-04 | 41 -0.00067  1.34134e-04 | 42  0.00362 -4.78745e-05
 43 -0.00013 -2.11650e-04 | 44  0.00195 -1.89192e-04 | 45  0.00458 -4.32104e-05
 46 -0.00252 -1.55016e-04 | 47  0.18625  1.37721e-03 | 48 -0.07918 -2.74968e-04
 49 -0.06471 -1.17258e-04 | 50 -0.06057  8.79901e-05 | 51 -0.05019  1.47896e-04
 52 -0.04281  5.71848e-05 | 53 -0.03508 -7.59876e-05 | 54 -0.02501 -8.24119e-05
 55 -0.01417  2.34201e-05 | 56 -0.00502  9.24218e-05 | 57  0.00552  9.26879e-05
 58  0.01406  2.27802e-05 | 59  0.02190 -5.13772e-05 | 60  0.02644 -3.28875e-05
 61  0.01981  6.68868e-05 | 62  0.01542  8.75783e-05 | 63  0.01590  6.62702e-05
 64  0.01655  2.08120e-05 | 65  0.01748 -5.09107e-06 | 66  0.01652  6.45094e-05
 67  0.01889  4.08697e-05 | 68  0.02170 -4.39998e-05 | 69  0.02411 -5.70281e-05
 70  0.02821  2.44763e-05 | 71  0.02789  8.97859e-05 | 72  0.02717  1.20167e-05
 73  0.02237 -1.41455e-04 | 74  0.01818 -8.40154e-05 | 75  0.01818 -7.09028e-05
 76  0.20561 -3.99129e-04 | 77 -0.52914 -1.17909e-04 | 78 -0.37746  9.82055e-06
2 0 25091.7
B09228.61
0.3 0.881132
0.755256 0.758381
1.63649 0.611027
2.85697 0.48948
3.99551 0.414675
4.73383 0.377289
5.10292 0.360941
5.26244 0.354285
5.32687 0.351662
5.35217 0.350642
5.362 0.350248
5.3658 0.350096
5.36726 0.350037
5.36783 0.350014
5.36804 0.350005
5.36813 0.350002
5.36816 0.350001
5.36817 0.35
5.36818 0.35
5.36818 0.35
5.36818 0.35
Survey Bio18.9291
Survey len12366.8
CPUE25.6278
Catch2.66718
Catch len12653.6
initsmo_penal18.9749
F_pen1.62325
Rec_pen3.42129
M_pen0


Starting time: Mon Oct 15 14:54:15 2018
Finishing time: Mon Oct 15 14:54:22 2018
This run took: 0 hours, 0 minutes, 7 seconds.

