survYears 69 70 71 72 73 74 75 76 77 78 79 80 81 82 83 84 85 86 87 88 89 90 91 92 93 94 95 96 97
SurvLenYear 69 70 71 72 73 74 75 76 77 78 79 80 81 82 83 84 85 86 87 88 89 90 91 92 93 94 95 96 97
catchBiomass 5983.61 6137.63 6169.8 10481.1 14704.3 17960.8 22127.5 26498.3 27368.6 34825.8 47033.9 57938.6 76458.1 97094.8 101525 87319.7 94440.5 80384.4 80764.3 86072.6 85120.8 88838.4 83014.8 100251 108338 121192 109244 87936.3 4479.33
steep0.999
25
Out
1 0 50673.5

Initial statistics: 75 variables; iteration 0; function evaluation 0; phase 1
Function value   5.0673476e+04; maximum gradient component mag  -6.6265e+05
Var   Value    Gradient   |Var   Value    Gradient   |Var   Value    Gradient
  1  0.21236 -3.56578e+02 |  2  0.20497  8.33974e+02 |  3  0.21301  2.88081e+03
  4  0.19124  2.19466e+03 |  5  0.18356  2.29001e+03 |  6  0.14689  9.95040e+02
  7  0.13885  9.56938e+02 |  8  0.14004  1.15105e+03 |  9  0.12008  7.20715e+02
 10  0.10162  4.87164e+02 | 11  0.08553  2.76079e+02 | 12  0.09274  5.06409e+02
 13  0.07548  2.76728e+02 | 14  0.06281 -1.05477e+01 | 15  0.12039  1.01949e+03
 16  0.00315  3.64840e+04 | 17  0.00000 -2.26809e+04 | 18  0.00000 -5.15130e+03
 19  0.00000 -5.01585e+02 | 20  0.00000 -1.64747e+03 | 21  0.00000 -1.95660e+03
 22  0.00000 -5.25241e+02 | 23  0.00000  7.54460e+01 | 24  0.00000  6.79583e+02
 25  0.00000  6.20072e+03 | 26  0.00000  8.60367e+03 | 27  0.00000  8.74033e+03
 28  0.00000  1.05498e+04 | 29  0.00000  9.00383e+03 | 30  0.00000  5.21036e+03
 31  0.00000  2.72010e+03 | 32  0.00000  4.92617e+03 | 33  0.00000  1.61456e+03
 34  0.00000  4.53531e+03 | 35  0.00000  5.23660e+03 | 36  0.00000  4.48037e+03
 37  0.00000  5.45786e+03 | 38  0.00000  4.71105e+03 | 39  0.00000  8.92511e+03
 40  0.00000  6.34836e+03 | 41  0.00000  3.03408e+03 | 42  0.00000 -7.80191e+03
 43  0.00000 -2.43860e+04 | 44  0.00000 -5.13445e+04 | 45  0.00000  1.49423e+04
 46  0.07064 -6.62653e+05 | 47  0.00000  4.69028e+04 | 48  0.00000  3.29773e+04
 49  0.00000  2.71626e+04 | 50  0.00000  2.24231e+04 | 51  0.00000  1.71450e+04
 52  0.00000  1.31244e+04 | 53  0.00000  8.28239e+03 | 54  0.00000  1.68700e+03
 55  0.00000 -6.82436e+03 | 56  0.00000 -1.14504e+04 | 57  0.00000 -1.65459e+04
 58  0.00000 -2.10551e+04 | 59  0.00000 -2.02579e+04 | 60  0.00000 -1.72495e+04
 61  0.00000 -1.66414e+04 | 62  0.00000 -1.61153e+04 | 63  0.00000 -1.62119e+04
 64  0.00000 -1.74720e+04 | 65  0.00000 -1.69533e+04 | 66  0.00000 -1.87832e+04
 67  0.00000 -1.99736e+04 | 68  0.00000 -2.13563e+04 | 69  0.00000 -2.20496e+04
 70  0.00000 -1.76099e+04 | 71  0.00000 -4.55161e+03 | 72  0.00000  1.84567e+04
 73  0.00000  3.30830e+04 | 74  0.00000  2.92019e+04 | 75  0.00000  3.06553e+04
1 0 50673.5
1 0 50673.3
1 0 50671.3
1 0 50651.3
1 0 50452
1 0 48521.1
1 0 44798.7
1 0 42063.3
1 0 40256.8
1 0 39227.8
1 0 37785.4
1 0 37033.2
1 0 36926.5
1 0 36749.6
1 0 36478.1

Intermediate statistics: 75 variables; iteration 10; function evaluation 15; phase 1
Function value   3.6478799e+04; maximum gradient component mag  -6.0329e+04
Var   Value    Gradient   |Var   Value    Gradient   |Var   Value    Gradient
  1  0.27664  7.55228e+03 |  2  0.24292  3.15561e+03 |  3  0.21882  2.13782e+03
  4  0.19307  1.47834e+03 |  5  0.18145  1.44010e+03 |  6  0.14924  6.80477e+02
  7  0.13959  6.33609e+02 |  8  0.13808  7.35149e+02 |  9  0.12007  4.79266e+02
 10  0.10177  3.14161e+02 | 11  0.08767  1.89718e+02 | 12  0.09032  3.22279e+02
 13  0.07593  1.68747e+02 | 14  0.06954  1.37478e+00 | 15  0.11483  6.33963e+02
 16  0.28557  2.68608e+04 | 17 -0.05655 -2.64928e+04 | 18 -0.06171  1.48514e+02
 19 -0.05138  2.20475e+03 | 20 -0.02054  2.27924e+03 | 21 -0.00983  6.06648e+03
 22 -0.00372  5.26793e+03 | 23 -0.01204  4.35670e+03 | 24 -0.01527  3.90561e+03
 25  0.18804 -2.06098e+03 | 26  0.02521  1.50214e+04 | 27  0.14858 -3.98422e+03
 28  0.24214 -2.31283e+03 | 29  0.02193  1.00923e+04 | 30 -0.01146  6.43832e+03
 31 -0.04567  4.64575e+03 | 32 -0.04151 -7.27863e+03 | 33 -0.00692  3.69126e+03
 34  0.02431  7.84535e+03 | 35 -0.00550 -7.04276e+03 | 36  0.04025  5.49618e+02
 37  0.01096  3.56347e+03 | 38  0.01161  6.98304e+03 | 39  0.13343 -2.82927e+03
 40  0.01742  3.93646e+03 | 41 -0.02301  7.62016e+03 | 42 -0.05865  1.33287e+04
 43 -0.08573 -2.39298e+03 | 44 -0.11949 -2.47857e+04 | 45 -0.23844 -3.06916e+04
 46  0.11831 -6.03291e+04 | 47 -0.22760 -3.74614e+03 | 48 -0.09766 -8.03653e+03
 49 -0.02675 -4.93318e+03 | 50 -0.04795 -4.94642e+03 | 51 -0.00486 -3.72353e+02
 52 -0.00569 -3.71423e+02 | 53 -0.00412 -2.61996e+03 | 54 -0.07435 -2.46808e+03
 55  0.02721  2.06838e+03 | 56  0.01499  1.49114e+03 | 57  0.03489  3.25567e+03
 58  0.06419  1.44319e+04 | 59  0.06799  9.60362e+03 | 60 -0.08341 -6.50017e+03
 61  0.00598 -3.13836e+03 | 62  0.04147  6.86540e+02 | 63 -0.02221 -5.42206e+03
 64  0.06020  1.60385e+04 | 65 -0.06675 -3.94162e+03 | 66  0.05933  8.16194e+03
 67  0.04064  1.77899e+03 | 68  0.02754  2.45566e+03 | 69  0.07471  1.82678e+04
 70  0.07515  1.50903e+03 | 71 -0.00066 -1.16506e+04 | 72  0.01869 -1.31554e+04
 73  0.03482 -7.91730e+03 | 74  0.02170 -1.78294e+03 | 75 -0.01045  2.67748e+03
1 0 35977.1
1 0 35238.7
1 0 36718.9
1 0 35044.5
1 0 34821.8
1 0 34580
1 0 34373.3
1 0 34290.1
1 0 34154.5
1 0 34034.6
1 0 34094.7
1 0 33984.3
75 variables; iteration 20; function evaluation 27; phase 1
Function value   3.3984368e+04; maximum gradient component mag  -2.3175e+04
Var   Value    Gradient   |Var   Value    Gradient   |Var   Value    Gradient
  1  0.25117  1.76793e+03 |  2  0.19999  1.27830e+03 |  3  0.17306  1.46809e+03
  4  0.15391  1.26534e+03 |  5  0.14219  1.12688e+03 |  6  0.12780  8.57116e+02
  7  0.11891  7.50262e+02 |  8  0.11329  7.17322e+02 |  9  0.10327  5.90093e+02
 10  0.09051  4.32283e+02 | 11  0.08218  3.68613e+02 | 12  0.07656  3.40212e+02
 13  0.07024  2.58780e+02 | 14  0.07527  3.05245e+02 | 15  0.08969  5.17496e+02
 16  0.35076  2.14908e+04 | 17 -0.11195 -8.61784e+03 | 18 -0.10079 -4.89716e+03
 19 -0.08942 -2.09419e+03 | 20 -0.06673 -9.23688e+02 | 21 -0.05089 -1.63970e+03
 22 -0.04048 -4.98248e+02 | 23 -0.04050  1.00844e+03 | 24 -0.03149  2.64090e+03
 25  0.30508  1.52043e+02 | 26 -0.00536  1.24495e+04 | 27  0.19253 -4.10570e+03
 28  0.60115  8.66622e+02 | 29 -0.00277  5.32297e+03 | 30 -0.02798  2.53567e+03
 31 -0.05869 -8.11575e+03 | 32 -0.05515 -4.45895e+03 | 33 -0.02894  4.77616e+03
 34 -0.00634  2.92354e+03 | 35 -0.01059  3.27670e+03 | 36  0.09473 -2.28953e+03
 37 -0.00423  1.13519e+04 | 38  0.01265  1.12583e+04 | 39  0.09557 -2.42760e+03
 40 -0.00677 -5.42815e+02 | 41 -0.03393 -2.89443e+02 | 42 -0.03909  1.03595e+04
 43 -0.05526 -9.62118e+03 | 44 -0.09776 -1.01551e+04 | 45 -0.24618 -8.80654e+03
 46  0.13177 -2.31752e+04 | 47 -0.34392 -1.82354e+03 | 48 -0.05710 -6.83794e+01
 49 -0.05529 -2.21330e+03 | 50 -0.03772  6.16507e+02 | 51 -0.01527  6.28951e+03
 52 -0.01763  2.44673e+03 | 53 -0.01950 -1.75638e+03 | 54 -0.04461 -9.38569e+02
 55  0.02271 -6.16820e+02 | 56 -0.02326 -2.18119e+03 | 57  0.01662 -5.80218e+03
 58  0.04853  5.47916e+03 | 59  0.04547  3.34564e+03 | 60  0.01188 -1.16623e+02
 61  0.01389  9.01599e+02 | 62  0.00128 -6.38621e+03 | 63  0.01304 -4.08637e+03
 64  0.04783  1.16956e+04 | 65 -0.00214  6.39463e+02 | 66  0.04992  1.31378e+03
 67 -0.00056 -6.74239e+03 | 68  0.02068 -6.05384e+03 | 69  0.06720  1.97528e+04
 70  0.04582  4.27447e+03 | 71  0.00201 -1.18251e+04 | 72  0.02698 -9.08741e+03
 73  0.07626  1.28893e+03 | 74  0.09822  2.29024e+03 | 75 -0.00558  5.12282e+02
1 0 33956
1 0 33914.8
1 0 33866.5
1 0 33829.3
1 0 33790.8
1 0 33765.3
1 0 33729.8
1 0 33743.1
1 0 33715.2
1 0 33694.1
1 0 33695
1 0 33684.1
75 variables; iteration 30; function evaluation 39; phase 1
Function value   3.3684283e+04; maximum gradient component mag   2.0576e+04
Var   Value    Gradient   |Var   Value    Gradient   |Var   Value    Gradient
  1  0.25188  6.81916e+02 |  2  0.18686  2.21809e+02 |  3  0.12417  1.48490e+02
  4  0.09791  2.25525e+02 |  5  0.08731  2.31284e+02 |  6  0.08368  2.53079e+02
  7  0.07820  2.27827e+02 |  8  0.07230  1.95582e+02 |  9  0.06892  1.98243e+02
 10  0.06405  1.71038e+02 | 11  0.06077  1.80911e+02 | 12  0.05296  1.10680e+02
 13  0.05405  1.23355e+02 | 14  0.06175  2.24257e+02 | 15  0.05448  1.23847e+02
 16  0.36756  2.05765e+04 | 17 -0.13525 -4.24956e+03 | 18 -0.09226 -4.65129e+03
 19 -0.07770 -1.72616e+03 | 20 -0.06593 -1.10322e+03 | 21 -0.05182 -1.20642e+03
 22 -0.04314  5.27387e+02 | 23 -0.04264  2.22745e+03 | 24 -0.03461  2.17119e+03
 25  0.19125 -7.79148e+02 | 26 -0.00961  8.42139e+03 | 27  0.25165 -3.51256e+03
 28  0.73914  8.71879e+02 | 29 -0.00558  4.73948e+03 | 30 -0.03166  2.07094e+03
 31 -0.06354 -9.46678e+03 | 32 -0.05160 -1.43213e+03 | 33 -0.01939  5.69558e+03
 34 -0.00615  4.01750e+03 | 35 -0.01343  3.74571e+03 | 36  0.06978 -2.32650e+03
 37 -0.00772  6.36881e+03 | 38 -0.00785  1.13222e+04 | 39  0.10708 -1.94385e+03
 40 -0.00770  1.24421e+03 | 41 -0.03384 -1.36458e+03 | 42 -0.02747  4.89895e+03
 43 -0.04643 -9.22308e+03 | 44 -0.09205 -6.71596e+03 | 45 -0.23028 -6.53524e+03
 46  0.13321 -3.12286e+03 | 47 -0.36210 -2.42695e+03 | 48 -0.04779  1.12251e+03
 49 -0.05724 -3.81434e+03 | 50 -0.03457  9.47613e+02 | 51 -0.01741  4.48710e+03
 52 -0.02109 -2.11133e+02 | 53 -0.02050 -2.39529e+03 | 54 -0.03932 -9.26402e+02
 55  0.02425  3.24713e+03 | 56 -0.01696 -8.87360e+02 | 57  0.01299 -9.13260e+03
 58  0.05442  1.21453e+04 | 59  0.04562  5.38352e+03 | 60  0.00945 -5.69867e+02
 61  0.01564  4.91946e+02 | 62 -0.01644 -8.21649e+03 | 63  0.02726 -3.70836e+03
 64  0.04116  6.84018e+03 | 65  0.00996  1.81277e+03 | 66  0.04603  7.74216e+01
 67  0.02015 -7.15372e+03 | 68  0.00574 -5.76846e+03 | 69  0.06687  1.92816e+04
 70  0.04364  4.76648e+03 | 71 -0.00994 -9.78243e+03 | 72  0.04565 -6.54132e+03
 73  0.05176 -2.32718e+02 | 74  0.07930  9.23322e+02 | 75  0.02365 -2.07077e+02
1 0 33675.1
1 0 33677.1
1 0 33671.9
1 0 33668
1 0 33665
1 0 33661.4
1 0 33661.3
1 0 33660.6
1 0 33660.7
1 0 33660.2
1 0 33659.7
1 0 33659.4
75 variables; iteration 40; function evaluation 51; phase 1
Function value   3.3659450e+04; maximum gradient component mag   2.1046e+04
Var   Value    Gradient   |Var   Value    Gradient   |Var   Value    Gradient
  1  0.25458  1.37410e+03 |  2  0.19032  4.81785e+02 |  3  0.14629  5.85686e+02
  4  0.11440  4.18743e+02 |  5  0.09645  3.25639e+02 |  6  0.08695  2.99855e+02
  7  0.07881  2.61627e+02 |  8  0.07200  2.33201e+02 |  9  0.06632  2.19518e+02
 10  0.05923  1.77514e+02 | 11  0.05502  1.81499e+02 | 12  0.04831  1.27732e+02
 13  0.04851  1.33504e+02 | 14  0.05469  2.11496e+02 | 15  0.05092  1.51374e+02
 16  0.36748  2.10462e+04 | 17 -0.12895 -4.90563e+03 | 18 -0.09176 -4.40241e+03
 19 -0.07787 -1.36835e+03 | 20 -0.06673 -1.29449e+03 | 21 -0.05073 -9.04016e+02
 22 -0.04273  6.48826e+02 | 23 -0.04134  2.27351e+03 | 24 -0.03332  2.74042e+03
 25  0.15425 -1.33183e+03 | 26 -0.00894  9.34784e+03 | 27  0.27543 -3.39726e+03
 28  0.76948  7.33618e+02 | 29 -0.00530  3.90451e+03 | 30 -0.02984  2.55873e+03
 31 -0.06213 -8.74061e+03 | 32 -0.05016 -1.26689e+03 | 33 -0.01814  5.86770e+03
 34 -0.00779  3.21832e+03 | 35 -0.01284  5.22272e+03 | 36  0.06706 -2.49982e+03
 37 -0.00663  5.96874e+03 | 38 -0.01012  1.02753e+04 | 39  0.09247 -2.22414e+03
 40 -0.00897  2.51268e+02 | 41 -0.03626 -2.70635e+03 | 42 -0.02590  4.29020e+03
 43 -0.04368 -9.16746e+03 | 44 -0.09021 -6.07065e+03 | 45 -0.22944 -6.25650e+03
 46  0.13332  1.70831e+03 | 47 -0.36185 -2.56747e+03 | 48 -0.04758  1.03095e+03
 49 -0.06038 -4.62718e+03 | 50 -0.03409  6.20655e+02 | 51 -0.01882  3.33197e+03
 52 -0.02115 -5.72850e+02 | 53 -0.01879 -2.51220e+03 | 54 -0.04172 -1.55180e+03
 55  0.02596  4.74618e+03 | 56 -0.01858 -1.36492e+03 | 57  0.01326 -9.04479e+03
 58  0.05457  1.25537e+04 | 59  0.04744  6.62008e+03 | 60  0.00867 -1.20766e+03
 61  0.01571 -2.71907e+01 | 62 -0.01068 -7.93402e+03 | 63  0.02734 -3.50494e+03
 64  0.04022  5.59778e+03 | 65  0.00754  6.78317e+02 | 66  0.04557  7.23798e+01
 67  0.02547 -6.04455e+03 | 68  0.00299 -4.59174e+03 | 69  0.06739  1.99899e+04
 70  0.04305  5.59010e+03 | 71 -0.01728 -9.82334e+03 | 72  0.04692 -5.79416e+03
 73  0.05299  4.02408e+02 | 74  0.07743  5.34445e+02 | 75  0.02958 -3.65109e+02
1 0 33658.9
1 0 33658.9
1 0 33658.6
1 0 33658.3
1 0 33658
1 0 33657.8
1 0 33657.4
1 0 33657
1 0 33656.4
1 0 33655.6
1 0 33654.8
75 variables; iteration 50; function evaluation 62; phase 1
Function value   3.3654841e+04; maximum gradient component mag   2.0997e+04
Var   Value    Gradient   |Var   Value    Gradient   |Var   Value    Gradient
  1  0.25479  1.25454e+03 |  2  0.19035  4.35285e+02 |  3  0.14104  4.34215e+02
  4  0.11685  4.30949e+02 |  5  0.10600  4.28699e+02 |  6  0.09434  3.49175e+02
  7  0.08273  2.74935e+02 |  8  0.07313  2.34524e+02 |  9  0.06366  2.01389e+02
 10  0.05224  1.38464e+02 | 11  0.04531  1.35706e+02 | 12  0.03762  9.34799e+01
 13  0.03582  8.01078e+01 | 14  0.04296  1.51543e+02 | 15  0.04387  1.36962e+02
 16  0.36739  2.09966e+04 | 17 -0.12835 -4.80863e+03 | 18 -0.09093 -4.16691e+03
 19 -0.07748 -1.45514e+03 | 20 -0.06647 -1.30636e+03 | 21 -0.05044 -8.19453e+02
 22 -0.04265  6.93026e+02 | 23 -0.04124  2.30614e+03 | 24 -0.03355  2.73428e+03
 25  0.15478 -1.29329e+03 | 26 -0.00884  9.37429e+03 | 27  0.27584 -3.36351e+03
 28  0.76963  7.44378e+02 | 29 -0.00542  3.79348e+03 | 30 -0.02990  2.61179e+03
 31 -0.06226 -8.66293e+03 | 32 -0.05059 -1.41360e+03 | 33 -0.01837  5.93781e+03
 34 -0.00824  3.03381e+03 | 35 -0.01286  5.27405e+03 | 36  0.06768 -2.46136e+03
 37 -0.00644  5.98349e+03 | 38 -0.00988  1.05299e+04 | 39  0.09113 -2.21127e+03
 40 -0.00891  3.48381e+02 | 41 -0.03678 -2.90118e+03 | 42 -0.02602  4.39229e+03
 43 -0.04372 -9.18845e+03 | 44 -0.09016 -6.07516e+03 | 45 -0.22944 -6.20033e+03
 46  0.13337  1.42779e+03 | 47 -0.36186 -2.57066e+03 | 48 -0.04764  9.12474e+02
 49 -0.06027 -4.60513e+03 | 50 -0.03391  6.85287e+02 | 51 -0.01902  3.26972e+03
 52 -0.02074 -4.40101e+02 | 53 -0.01937 -2.62926e+03 | 54 -0.04140 -1.50567e+03
 55  0.02584  4.70454e+03 | 56 -0.01839 -1.33400e+03 | 57  0.01294 -9.27785e+03
 58  0.05461  1.26725e+04 | 59  0.04743  6.68037e+03 | 60  0.00819 -1.34611e+03
 61  0.01533 -6.44301e+01 | 62 -0.00984 -7.88355e+03 | 63  0.02694 -3.59935e+03
 64  0.04004  5.54686e+03 | 65  0.00735  6.45101e+02 | 66  0.04539 -1.05594e+00
 67  0.02578 -6.01147e+03 | 68  0.00266 -4.66406e+03 | 69  0.06761  2.02568e+04
 70  0.04274  5.60159e+03 | 71 -0.01774 -9.86150e+03 | 72  0.04673 -5.96500e+03
 73  0.05289  3.55799e+02 | 74  0.07814  6.22933e+02 | 75  0.03015 -3.66735e+02
1 0 33653.9
1 0 33653.2
1 0 33652.3
1 0 33651.3
1 0 33649.7
1 0 33647.6
1 0 33644.9
1 0 33640.4
1 0 33632.5
1 0 33620.2
75 variables; iteration 60; function evaluation 72; phase 1
Function value   3.3620357e+04; maximum gradient component mag   2.0885e+04
Var   Value    Gradient   |Var   Value    Gradient   |Var   Value    Gradient
  1  0.25320  9.90974e+02 |  2  0.19349  5.87222e+02 |  3  0.15000  6.14732e+02
  4  0.12843  6.75802e+02 |  5  0.09194  2.20014e+02 |  6  0.08311  2.36775e+02
  7  0.08456  3.17805e+02 |  8  0.07904  2.88398e+02 |  9  0.06814  2.35400e+02
 10  0.05176  1.60584e+02 | 11  0.03293  1.07465e+02 | 12  0.01191 -1.24895e+01
 13  0.01331  2.76139e+01 | 14  0.02596  1.54336e+02 | 15  0.01876  5.07058e+01
 16  0.36666  2.08855e+04 | 17 -0.12834 -4.78678e+03 | 18 -0.08976 -3.97837e+03
 19 -0.07592 -1.27381e+03 | 20 -0.06637 -1.17217e+03 | 21 -0.05129 -1.05421e+03
 22 -0.04326  6.43275e+02 | 23 -0.04156  2.05104e+03 | 24 -0.03333  2.85211e+03
 25  0.16289 -1.16120e+03 | 26 -0.00845  9.19726e+03 | 27  0.27249 -3.35428e+03
 28  0.76269  7.76018e+02 | 29 -0.00491  4.17278e+03 | 30 -0.02963  2.56211e+03
 31 -0.06211 -8.89558e+03 | 32 -0.04988 -1.01784e+03 | 33 -0.01780  5.91836e+03
 34 -0.00831  2.91978e+03 | 35 -0.01288  5.44570e+03 | 36  0.06587 -2.44075e+03
 37 -0.00666  6.03332e+03 | 38 -0.01089  1.00263e+04 | 39  0.09014 -2.17541e+03
 40 -0.00892  3.75855e+02 | 41 -0.03628 -2.51896e+03 | 42 -0.02683  4.24872e+03
 43 -0.04362 -9.13080e+03 | 44 -0.08983 -5.54538e+03 | 45 -0.23078 -6.63891e+03
 46  0.13330  3.23690e+02 | 47 -0.35981 -2.55577e+03 | 48 -0.04638  1.26413e+03
 49 -0.06062 -4.72282e+03 | 50 -0.03389  7.00501e+02 | 51 -0.01983  2.94309e+03
 52 -0.02054 -2.19684e+02 | 53 -0.01951 -2.58199e+03 | 54 -0.04103 -1.40952e+03
 55  0.02544  4.44791e+03 | 56 -0.01643 -9.94439e+02 | 57  0.01330 -8.96327e+03
 58  0.05442  1.24010e+04 | 59  0.04738  6.58292e+03 | 60  0.00924 -9.18274e+02
 61  0.01526 -1.54981e+02 | 62 -0.01002 -7.79044e+03 | 63  0.02771 -3.18186e+03
 64  0.04015  5.64791e+03 | 65  0.00635  4.90750e+02 | 66  0.04524 -3.19676e+02
 67  0.02530 -6.21058e+03 | 68  0.00179 -4.47981e+03 | 69  0.06712  1.97055e+04
 70  0.04284  5.36546e+03 | 71 -0.01870 -9.85132e+03 | 72  0.04686 -5.67657e+03
 73  0.05436  5.23659e+02 | 74  0.07871  6.00987e+02 | 75  0.02692 -3.20216e+02
1 0 33599.2
1 0 33559
1 0 33412.3
1 0 33285.8
1 0 33053.9
1 0 32662.3
1 0 32199.4
1 0 32630.4
1 0 32043.1
1 0 31794.4
1 0 31752.5
1 0 31471.8
1 0 32515.6
1 0 31385.2
75 variables; iteration 70; function evaluation 86; phase 1
Function value   3.1400854e+04; maximum gradient component mag  -2.8621e+04
Var   Value    Gradient   |Var   Value    Gradient   |Var   Value    Gradient
  1  0.23057 -9.16688e+02 |  2  0.16319 -2.54937e+02 |  3  0.15612  1.36200e+03
  4  0.07399 -2.12868e+02 |  5  0.13229  1.55954e+03 |  6  0.03537 -2.53354e+02
  7  0.05174 -8.87804e+01 |  8  0.15201  2.16846e+03 |  9  0.17877  4.15491e+03
 10  0.03734 -2.86315e+02 | 11  0.02814  1.46299e+02 | 12  0.01100 -7.54836e+00
 13  0.02057  1.43782e+02 | 14  0.01794  2.58267e+02 | 15 -0.03283 -1.39171e+02
 16  0.26802  1.09790e+04 | 17 -0.12607 -4.35727e+03 | 18 -0.08218 -1.11414e+03
 19 -0.07400 -3.93700e+03 | 20 -0.05125 -1.83009e+03 | 21 -0.03914 -1.15066e+03
 22 -0.03763 -1.94762e+03 | 23 -0.03623 -1.32325e+03 | 24 -0.03639 -5.52775e+03
 25  0.10039 -1.09885e+03 | 26  0.00056  2.37720e+03 | 27  0.26058 -2.05599e+03
 28  0.51428  9.57847e+02 | 29  0.00842  6.77782e+03 | 30 -0.02202 -2.69753e+03
 31 -0.04006 -6.92727e+03 | 32 -0.02943 -8.39076e+02 | 33 -0.02320 -8.21539e+03
 34  0.00319  1.00694e+04 | 35 -0.00360  6.76907e+03 | 36  0.02795  9.31966e+03
 37  0.00275  3.61597e+03 | 38 -0.01191  4.11993e+02 | 39  0.10974 -1.14032e+03
 40 -0.00021 -2.96669e+03 | 41 -0.02167  2.69039e+02 | 42 -0.03115  7.57182e+02
 43 -0.04314 -6.82921e+03 | 44 -0.07989 -6.44599e+03 | 45 -0.21869 -5.35191e+03
 46  0.13442 -2.86211e+04 | 47 -0.31883 -2.72576e+03 | 48 -0.05637  1.25364e+03
 49 -0.05121 -1.77099e+01 | 50 -0.03252  3.48116e+03 | 51 -0.02448  3.99668e+03
 52 -0.01928  4.39857e+03 | 53 -0.02369  4.97138e+03 | 54 -0.06672 -1.75019e+03
 55  0.01984  5.20595e+01 | 56 -0.04563 -2.19875e+03 | 57  0.01692 -3.34646e+03
 58  0.04185 -2.02030e+03 | 59  0.03609  2.03100e+03 | 60  0.00985  9.03659e+02
 61  0.01178  7.35208e+02 | 62  0.03206  1.23155e+04 | 63  0.01010 -2.73358e+03
 64  0.02465 -8.21139e+03 | 65 -0.02532 -6.92650e+03 | 66  0.04028 -1.55869e+03
 67  0.01571 -3.69948e+03 | 68 -0.00987 -1.10891e+03 | 69  0.05049  2.01460e+03
 70  0.03752  9.77464e+02 | 71  0.00515 -7.09465e+03 | 72  0.03957 -7.52086e+02
 73  0.05264 -1.64499e+02 | 74  0.10471  4.39257e+03 | 75  0.10989  1.29489e+03
1 0 31365.3
1 0 31406.1
1 0 31361.5
1 0 31361.5
1 0 31359.5
1 0 31355.7
1 0 31335.2
1 0 31291.4
1 0 31227.4
1 0 32251
1 0 31260
1 0 31221.3
1 0 31209.8
1 0 31097.9
1 0 30367.2
1 0 29268.2
1 0 30921.5
1 0 28463.9
75 variables; iteration 80; function evaluation 104; phase 1
Function value   2.8512064e+04; maximum gradient component mag  -1.3409e+05
Var   Value    Gradient   |Var   Value    Gradient   |Var   Value    Gradient
  1  0.25807  5.79808e+03 |  2  0.19644  1.49212e+03 |  3  0.13355  5.46611e+02
  4  0.10140  4.45735e+02 |  5  0.07671  1.29495e+02 |  6  0.10978  7.76060e+02
  7  0.13738  1.75732e+03 |  8  0.09609  3.61187e+02 |  9  0.13953  2.15741e+03
 10  0.07105  4.69937e+02 | 11 -0.02155 -1.97316e+02 | 12 -0.04109 -2.70572e+02
 13  0.02963  6.82715e+02 | 14 -0.05746 -3.99858e+02 | 15 -0.01767  1.84920e+02
 16  0.19619  3.02352e+03 | 17 -0.07918 -6.57013e+03 | 18 -0.04271  2.34931e+03
 19 -0.03077  5.62326e+03 | 20 -0.03174 -1.00122e+03 | 21 -0.03226  1.92716e+03
 22 -0.03830 -3.20709e+03 | 23 -0.04006 -4.67845e+03 | 24 -0.02893 -1.35642e+02
 25 -0.00572  2.42895e+02 | 26  0.00930  3.86632e+03 | 27  0.23570 -4.38632e+02
 28  0.21504 -7.20969e+02 | 29  0.00139 -4.27429e+03 | 30 -0.02541 -3.62975e+03
 31 -0.02097  3.85629e+03 | 32 -0.02717 -2.17465e+03 | 33 -0.02349 -5.26849e+03
 34 -0.01422 -1.19978e+03 | 35 -0.00877  4.98654e+03 | 36  0.00773  2.75717e+03
 37  0.00191 -6.91663e+03 | 38 -0.01429 -7.12662e+03 | 39  0.15928  1.78189e+01
 40  0.00738 -5.51692e+03 | 41 -0.00943  1.68936e+03 | 42 -0.01350 -2.16250e+03
 43 -0.00844  6.34562e+02 | 44 -0.02938 -2.72417e+02 | 45 -0.16621 -1.42496e+04
 46  0.12389 -1.34086e+05 | 47 -0.12866 -1.51978e+03 | 48 -0.05092 -1.18027e+03
 49 -0.03775 -2.26082e+03 | 50 -0.03926 -3.07385e+03 | 51 -0.02930 -1.88911e+03
 52 -0.03159 -4.57836e+02 | 53 -0.03927 -8.93983e+02 | 54 -0.02987  1.10477e+03
 55  0.02080  9.50429e+03 | 56 -0.04077  2.91228e+03 | 57  0.03735  1.29252e+04
 58  0.04385 -1.30635e+04 | 59  0.02165 -2.95064e+02 | 60  0.01320 -1.45650e+03
 61  0.01336 -2.10588e+02 | 62  0.01188  2.08454e+03 | 63  0.02260  4.59487e+03
 64  0.01673 -1.15361e+03 | 65 -0.02845 -2.50454e+03 | 66  0.04839  8.28714e+03
 67  0.01866  7.32788e+03 | 68  0.00361  7.00877e+03 | 69  0.04277 -1.78356e+04
 70  0.03003 -3.37102e+03 | 71  0.01831 -2.04904e+03 | 72  0.03168 -1.06972e+03
 73  0.03153 -1.48342e+03 | 74  0.05112  4.63843e+03 | 75 -0.00648  6.31777e+03
1 0 27851.3
1 0 27166
1 0 26798.2
1 0 26623.5
1 0 26152.3
1 0 26798.3
1 0 26028
1 0 25814.7
1 0 25414
1 0 43253.2
1 0 24992.4
1 0 30574.1
1 0 24894.9
1 0 24744.7
1 0 24533.2
75 variables; iteration 90; function evaluation 119; phase 1
Function value   2.4547636e+04; maximum gradient component mag  -6.2825e+03
Var   Value    Gradient   |Var   Value    Gradient   |Var   Value    Gradient
  1  0.23394 -1.80750e+03 |  2  0.22926 -1.02545e+03 |  3  0.16686 -1.40336e+02
  4  0.11596 -1.18210e+02 |  5  0.10574  1.24822e+02 |  6  0.06426 -4.22513e+01
  7  0.03843 -2.21543e+02 |  8  0.08084  2.66621e+01 |  9  0.11891  3.27824e+02
 10  0.06378  3.00398e+01 | 11  0.00222 -1.31845e+02 | 12 -0.01917 -1.19266e+02
 13 -0.00444  3.87722e+01 | 14 -0.00094  1.96567e+01 | 15 -0.00292 -5.10943e+00
 16  0.14659  2.14015e+03 | 17 -0.01705  3.97199e+03 | 18 -0.01968 -1.06486e+03
 19 -0.02569 -7.51296e+02 | 20 -0.02323 -1.12740e+03 | 21 -0.01943 -4.21026e+02
 22 -0.01212  1.51363e+03 | 23 -0.00877  1.39234e+03 | 24 -0.00433  3.76356e+03
 25 -0.01348 -1.90800e+03 | 26 -0.00063  1.00688e+03 | 27  0.23508  2.86579e+03
 28  0.02927  2.93796e+03 | 29  0.00199  1.20721e+03 | 30 -0.00765  3.01173e+02
 31 -0.00351  5.19947e+00 | 32  0.00076  2.37800e+03 | 33 -0.00051 -5.10134e+02
 34 -0.00744 -1.16883e+03 | 35 -0.00571 -8.28370e+02 | 36  0.00896  3.24950e+03
 37  0.00317 -3.32373e+01 | 38  0.01173  4.69620e+03 | 39  0.02053  2.71438e+03
 40  0.02399  2.45773e+03 | 41  0.00367 -4.27794e+02 | 42  0.00980 -6.63459e+02
 43  0.00153 -1.41779e+03 | 44 -0.00915 -9.63150e+02 | 45 -0.13263  5.06496e+02
 46  0.13912 -6.28251e+03 | 47 -0.06909  1.74660e+03 | 48 -0.05141  3.09668e+03
 49 -0.03941  6.26623e+03 | 50 -0.04104  2.64053e+03 | 51 -0.03080  2.69678e+03
 52 -0.02532  1.72322e+03 | 53 -0.02355 -8.08859e+02 | 54 -0.02171 -8.20154e+01
 55 -0.01387 -6.88141e+02 | 56 -0.03569 -1.07122e+03 | 57  0.03299  7.95746e+02
 58  0.02548  1.08782e+03 | 59  0.00902 -3.40903e+03 | 60  0.01031 -7.86752e+02
 61  0.01497 -3.94821e+02 | 62  0.01464 -1.39858e+02 | 63  0.00795 -4.26864e+02
 64  0.00231 -2.54201e+03 | 65  0.01515 -9.55775e+02 | 66  0.01284 -2.49470e+03
 67  0.00977 -5.05828e+03 | 68 -0.00844 -6.10628e+03 | 69  0.04175  2.96201e+03
 70  0.01776 -2.55547e+03 | 71  0.03182  2.65443e+03 | 72  0.01678  1.32941e+02
 73  0.02179  5.71693e+02 | 74  0.03967  4.19898e+02 | 75  0.03454  2.50526e+02
1 0 24377.9
1 0 24248.2
1 0 24170.2
1 0 24096
1 0 24047.2
1 0 24006.2
1 0 23950.1
1 0 23472.2
1 0 101374
1 0 23266.6
1 0 23153.2
1 0 23146
1 0 60753.5
1 0 23143.4
1 0 23138.3
1 0 23090.9
75 variables; iteration 100; function evaluation 135; phase 1
Function value   2.3091677e+04; maximum gradient component mag   9.8764e+03
Var   Value    Gradient   |Var   Value    Gradient   |Var   Value    Gradient
  1  0.26207  1.02824e+03 |  2  0.25751  4.91416e+02 |  3  0.16579 -4.18402e+01
  4  0.10069 -4.28530e+01 |  5  0.06089 -1.15251e+02 |  6  0.06347  8.10143e+01
  7  0.05049 -7.18816e+01 |  8  0.06653  1.14363e+02 |  9  0.05935  2.46761e+01
 10  0.05496  2.73321e+01 | 11  0.05197  5.33444e+01 | 12  0.04221  1.49052e+01
 13  0.03558  6.17859e+01 | 14  0.01704 -7.15068e-01 | 15  0.00309 -3.58327e+01
 16  0.11755  9.74923e+02 | 17 -0.00156 -4.96500e+02 | 18 -0.01287  3.52701e+02
 19 -0.01851  2.82354e+02 | 20 -0.01507  1.23121e+02 | 21 -0.01091  1.40474e+02
 22 -0.00690  5.89338e+02 | 23 -0.00409  4.35286e+02 | 24 -0.00232  1.09180e+02
 25 -0.00465 -3.27502e+02 | 26  0.00473  4.98339e+03 | 27  0.01148  1.80885e+02
 28  0.02761  4.49978e+03 | 29  0.00577  3.38353e+02 | 30  0.00221 -8.62056e+02
 31  0.00134 -1.28250e+03 | 32  0.00431  1.19132e+03 | 33  0.00804 -7.76483e+02
 34  0.00712 -3.56155e+02 | 35  0.00790  3.17853e+02 | 36  0.00970 -6.41686e+02
 37  0.00797 -8.66283e+02 | 38  0.01053  6.36238e+01 | 39  0.00062 -4.38460e+03
 40  0.00937  6.90057e+02 | 41  0.01456  8.47331e+02 | 42  0.01462 -6.99180e+02
 43  0.01887 -1.42931e+02 | 44  0.02012  1.38191e+03 | 45 -0.10249 -2.88868e+02
 46  0.13754  3.34481e+03 | 47 -0.07436 -6.32340e+02 | 48 -0.05214  4.65872e+02
 49 -0.04640  4.30635e+01 | 50 -0.04053 -6.50116e+01 | 51 -0.03285 -3.80894e+02
 52 -0.02537  4.04427e+02 | 53 -0.02273  5.23878e+01 | 54 -0.01836 -3.15918e+02
 55 -0.01093 -4.52105e+03 | 56 -0.02674 -5.66669e+03 | 57  0.03220  9.87642e+03
 58  0.02054  9.68331e+00 | 59  0.02174  8.44184e+02 | 60  0.01267  2.64442e+02
 61  0.01432 -1.22887e+02 | 62  0.01420 -2.59205e+02 | 63  0.01438  7.05780e+02
 64  0.01312 -8.62600e+02 | 65  0.01673  9.81296e+02 | 66  0.01828  3.98967e+02
 67  0.01490 -9.07432e+02 | 68  0.02409  4.57079e+03 | 69  0.01713 -1.50943e+03
 70  0.02830 -6.57666e+02 | 71  0.02349 -1.30512e+03 | 72  0.02040 -2.32862e+02
 73  0.01540 -8.81918e+02 | 74  0.02833  1.94793e+02 | 75  0.00018 -3.17923e+02
1 0 22997.3
1 0 22855.9
1 0 22770.2
1 0 22753.5
1 0 22741.1
1 0 22735.2
1 0 22733.5
1 0 22732.7
1 0 22732.2
1 0 22732
75 variables; iteration 110; function evaluation 145; phase 1
Function value   2.2732021e+04; maximum gradient component mag   9.7193e+01
Var   Value    Gradient   |Var   Value    Gradient   |Var   Value    Gradient
  1  0.24788  5.09437e+00 |  2  0.23359 -9.75894e+00 |  3  0.16225 -1.70379e+00
  4  0.10837 -5.16434e+00 |  5  0.07465 -8.79960e+00 |  6  0.05533  2.14992e+00
  7  0.04331 -3.82709e+00 |  8  0.03871  8.39692e-01 |  9  0.03970  7.08721e+01
 10  0.02551 -1.18152e+00 | 11  0.01620  3.35620e+00 | 12  0.00960  3.49315e+00
 13  0.00518 -8.41823e-02 | 14  0.00372  2.63698e+00 | 15  0.00434  1.18324e+01
 16  0.11074 -1.54020e+01 | 17 -0.01389  3.26907e+01 | 18 -0.01288 -1.25496e+01
 19 -0.01815  1.84870e+01 | 20 -0.01431  2.07683e+01 | 21 -0.01030  2.26613e+01
 22 -0.00754  7.65910e-01 | 23 -0.00506  2.67862e+01 | 24 -0.00184  1.97923e+01
 25 -0.00359 -1.94965e+01 | 26 -0.00208 -5.28372e+01 | 27 -0.00024  1.51489e+01
 28  0.00113 -5.86159e+01 | 29  0.00526  1.92020e+01 | 30  0.00547 -3.31442e+01
 31  0.00548 -7.11438e+01 | 32  0.00482  3.82021e+01 | 33  0.01137 -6.61278e+01
 34  0.00945  2.85145e+01 | 35  0.01019 -7.30516e+00 | 36  0.01241  3.41076e+01
 37  0.01396  6.30751e+00 | 38  0.01642 -6.75778e+01 | 39  0.01258  4.00760e+01
 40  0.01673  9.64075e+00 | 41  0.01655  7.13856e+01 | 42  0.01933 -3.26078e+01
 43  0.02008 -5.12767e+01 | 44  0.01548  2.31162e+01 | 45 -0.10738 -3.35511e+00
 46  0.13969  6.18535e+00 | 47 -0.07398 -3.58428e+01 | 48 -0.05491  3.90712e+00
 49 -0.04811 -9.85825e+00 | 50 -0.04196 -4.12798e+00 | 51 -0.03399 -8.68178e+00
 52 -0.02914 -1.21003e+01 | 53 -0.02466  3.83405e+00 | 54 -0.01931 -6.05049e+00
 55 -0.00612  1.49953e+01 | 56 -0.00220 -1.67415e+01 | 57  0.00495 -4.94020e+01
 58  0.01788  4.33200e+01 | 59  0.01942  9.71933e+01 | 60  0.01238 -4.24086e+00
 61  0.01213  2.37999e+01 | 62  0.01398  7.74994e+01 | 63  0.01129  7.40805e+00
 64  0.01374 -3.82325e+01 | 65  0.01228 -3.29566e+01 | 66  0.01686  9.12214e+00
 67  0.01660  4.90587e+01 | 68  0.01646  4.62709e+00 | 69  0.02319 -7.68895e+01
 70  0.02637 -7.73683e+01 | 71  0.02559 -1.23190e+00 | 72  0.01977  3.57060e+01
 73  0.01662  3.74883e+01 | 74  0.02790 -4.36152e+00 | 75  0.02673 -6.38389e+00
1 0 22731.9
1 0 22731.7
1 0 22731.6
1 0 22731.5
1 0 22731.4
1 0 22731.3
1 0 22731.1
1 0 22731
1 0 22730.9
1 0 22730.7
75 variables; iteration 120; function evaluation 155; phase 1
Function value   2.2730727e+04; maximum gradient component mag  -1.1577e+02
Var   Value    Gradient   |Var   Value    Gradient   |Var   Value    Gradient
  1  0.24737  4.04527e+01 |  2  0.23176  5.25671e+00 |  3  0.16260  9.56071e+00
  4  0.11107  5.25392e+00 |  5  0.07884  1.91204e+01 |  6  0.05406  3.12810e+00
  7  0.03619  4.25467e+00 |  8  0.02239  1.80969e+00 |  9  0.01202  1.13827e+01
 10  0.00142  1.81360e+00 | 11 -0.00719  3.21845e-01 | 12 -0.01379 -1.27506e+00
 13 -0.01819  1.45209e+00 | 14 -0.02136  3.32175e+00 | 15 -0.02397 -3.79733e+00
 16  0.11037 -7.05841e+01 | 17 -0.01588 -9.63837e+01 | 18 -0.01289  1.53649e+00
 19 -0.01818  2.93589e+01 | 20 -0.01430  8.83920e+00 | 21 -0.01028  1.96499e+01
 22 -0.00747  1.30486e+01 | 23 -0.00501  1.85781e+01 | 24 -0.00175  4.31232e+01
 25 -0.00340  2.64505e+01 | 26 -0.00198 -6.91606e+01 | 27 -0.00006  9.98008e+00
 28  0.00134  1.31971e+01 | 29  0.00514  9.76203e+00 | 30  0.00534 -7.17705e+01
 31  0.00552 -6.39252e+01 | 32  0.00487  4.57578e+01 | 33  0.01151  1.23032e+01
 34  0.00945  9.88998e+00 | 35  0.01012 -6.85545e+01 | 36  0.01242  4.77459e+01
 37  0.01384 -4.71426e+01 | 38  0.01652  7.71969e+00 | 39  0.01255  1.04715e+01
 40  0.01675  3.04908e+01 | 41  0.01645 -9.02578e+00 | 42  0.01932 -6.40008e+01
 43  0.02043  1.62557e+01 | 44  0.01595  5.60274e+01 | 45 -0.10682  4.43292e+01
 46  0.13971 -6.91144e+01 | 47 -0.07398 -1.34512e+01 | 48 -0.05497  1.04749e+01
 49 -0.04807  3.21759e+01 | 50 -0.04203 -1.58107e+00 | 51 -0.03400  4.30632e+00
 52 -0.02912  1.22893e+01 | 53 -0.02478 -3.00889e+01 | 54 -0.01928 -1.11880e+01
 55 -0.00622 -6.95764e+00 | 56 -0.00211  3.47924e+01 | 57  0.00514 -1.40729e+01
 58  0.01772 -3.74634e+01 | 59  0.01918  2.46732e+01 | 60  0.01236 -7.69800e+00
 61  0.01205 -4.53518e+00 | 62  0.01390  2.38176e+00 | 63  0.01123 -2.69368e+01
 64  0.01370 -1.41948e+01 | 65  0.01232 -1.85509e+00 | 66  0.01676  2.19985e+01
 67  0.01652  2.96132e+00 | 68  0.01642 -1.40531e+01 | 69  0.02309 -1.15767e+02
 70  0.02642 -1.31787e+01 | 71  0.02545  2.65229e+01 | 72  0.01988  7.91222e+01
 73  0.01646  3.69068e+01 | 74  0.02777  1.26229e+01 | 75  0.02788  3.60170e+00
1 0 22730.6
1 0 22730.5
1 0 22730.5
1 0 22730.5
1 0 22730.5
1 0 22730.5
1 0 22730.5
1 0 22730.5
1 0 22730.5
1 0 22730.5
75 variables; iteration 130; function evaluation 165; phase 1
Function value   2.2730454e+04; maximum gradient component mag   6.7712e+00
Var   Value    Gradient   |Var   Value    Gradient   |Var   Value    Gradient
  1  0.24768  9.08652e-01 |  2  0.23330 -2.21173e-01 |  3  0.16258  7.65245e-02
  4  0.10862  3.83105e-01 |  5  0.07272 -1.52962e-01 |  6  0.04766  1.13944e-01
  7  0.02889  2.77441e-01 |  8  0.01422 -1.15560e+00 |  9  0.00295  3.05094e-01
 10 -0.00602  4.99249e-01 | 11 -0.01317 -1.43403e-01 | 12 -0.01859  2.04261e-02
 13 -0.02251  9.50827e-02 | 14 -0.02506 -1.36759e-01 | 15 -0.02625  3.17996e-01
 16  0.11061 -5.45732e-01 | 17 -0.01519 -4.26433e+00 | 18 -0.01269  2.60383e+00
 19 -0.01823 -1.09747e+00 | 20 -0.01440 -1.54031e+00 | 21 -0.01037 -1.31256e+00
 22 -0.00757 -2.30593e-01 | 23 -0.00512 -1.36294e+00 | 24 -0.00186  4.16295e-01
 25 -0.00346 -3.59070e-01 | 26 -0.00184  1.15131e+00 | 27 -0.00007 -1.27067e+00
 28  0.00138  1.53455e+00 | 29  0.00520  1.80180e+00 | 30  0.00551 -1.63675e+00
 31  0.00572  4.05085e+00 | 32  0.00480 -1.82812e+00 | 33  0.01146 -1.06233e+00
 34  0.00951  2.45778e+00 | 35  0.01029 -2.88666e+00 | 36  0.01236 -4.69112e-02
 37  0.01394  1.79737e+00 | 38  0.01656  1.95681e+00 | 39  0.01261 -2.03055e+00
 40  0.01680 -2.69472e+00 | 41  0.01642  1.07708e+00 | 42  0.01938  6.77119e+00
 43  0.02018 -1.37689e+00 | 44  0.01548 -3.25936e-01 | 45 -0.10731 -2.27248e-01
 46  0.13976 -4.59703e+00 | 47 -0.07380 -5.17664e-01 | 48 -0.05499  2.63503e-01
 49 -0.04818  7.88748e-02 | 50 -0.04204  1.76087e+00 | 51 -0.03404  1.03976e+00
 52 -0.02921  7.18094e-01 | 53 -0.02481 -8.85925e-01 | 54 -0.01937  2.58390e-01
 55 -0.00618 -1.74530e+00 | 56 -0.00221  3.01699e-01 | 57  0.00514  2.39858e+00
 58  0.01773 -2.88806e+00 | 59  0.01915 -5.60660e+00 | 60  0.01253  6.48464e-01
 61  0.01203 -2.00501e-01 | 62  0.01381 -3.90689e-01 | 63  0.01124  5.72206e-01
 64  0.01380  3.83939e-01 | 65  0.01226  3.15563e-01 | 66  0.01674  5.65349e+00
 67  0.01651 -2.77487e-01 | 68  0.01639  1.13234e+00 | 69  0.02332  4.76938e+00
 70  0.02635 -2.90419e+00 | 71  0.02550 -1.68606e+00 | 72  0.01971 -4.69348e+00
 73  0.01647 -4.77283e-02 | 74  0.02792  7.74745e-01 | 75  0.02793  2.60534e-01
1 0 22730.5
1 0 22730.5
1 0 22730.5
1 0 22730.5
1 0 22730.5
1 0 22730.5
1 0 22730.5
1 0 22730.5
1 0 22730.5
1 0 22730.5
75 variables; iteration 140; function evaluation 175; phase 1
Function value   2.2730454e+04; maximum gradient component mag  -5.1243e-01
Var   Value    Gradient   |Var   Value    Gradient   |Var   Value    Gradient
  1  0.24771 -4.79749e-02 |  2  0.23343  1.08787e-02 |  3  0.16268  2.55343e-02
  4  0.10867 -1.83715e-02 |  5  0.07282  3.83164e-02 |  6  0.04775 -5.16835e-03
  7  0.02900 -1.03764e-02 |  8  0.01444  2.43467e-03 |  9  0.00295 -3.56550e-03
 10 -0.00616  1.20398e-02 | 11 -0.01331 -5.78368e-03 | 12 -0.01878  3.16772e-03
 13 -0.02275 -6.13454e-03 | 14 -0.02533 -1.70431e-02 | 15 -0.02661  1.96782e-02
 16  0.11063  5.38106e-02 | 17 -0.01511 -3.25224e-02 | 18 -0.01269  2.02495e-02
 19 -0.01823  6.93323e-02 | 20 -0.01440  1.94133e-02 | 21 -0.01037  5.19773e-02
 22 -0.00757  3.23276e-02 | 23 -0.00512  6.18450e-02 | 24 -0.00186  4.18149e-03
 25 -0.00346 -6.77449e-02 | 26 -0.00184  4.29332e-01 | 27 -0.00007 -1.70992e-02
 28  0.00137 -1.17074e-01 | 29  0.00520 -1.29293e-01 | 30  0.00551  1.77664e-01
 31  0.00571 -3.78009e-02 | 32  0.00480  5.12107e-02 | 33  0.01146 -2.43748e-02
 34  0.00950  1.06415e-01 | 35  0.01029 -5.12429e-01 | 36  0.01235 -3.42057e-03
 37  0.01392  6.19765e-02 | 38  0.01655 -1.38577e-01 | 39  0.01261 -6.14477e-03
 40  0.01681 -1.81198e-01 | 41  0.01642  2.20166e-01 | 42  0.01936 -4.87644e-05
 43  0.02018  2.40275e-03 | 44  0.01548 -7.52047e-04 | 45 -0.10730 -8.76902e-03
 46  0.13976  8.39625e-02 | 47 -0.07380 -8.31772e-02 | 48 -0.05499 -9.30143e-02
 49 -0.04818 -1.06832e-01 | 50 -0.04205 -8.85930e-02 | 51 -0.03404 -9.57783e-02
 52 -0.02921 -1.05336e-01 | 53 -0.02480 -2.03975e-02 | 54 -0.01937 -3.53090e-02
 55 -0.00618 -1.28445e-01 | 56 -0.00221 -1.17387e-01 | 57  0.00513 -3.17852e-02
 58  0.01774  1.92839e-01 | 59  0.01917  2.32391e-01 | 60  0.01252  5.03995e-02
 61  0.01204  4.92423e-02 | 62  0.01381  7.10766e-02 | 63  0.01124  8.85767e-02
 64  0.01380 -1.22538e-02 | 65  0.01227  5.71458e-03 | 66  0.01672 -2.72035e-01
 67  0.01651 -5.65553e-03 | 68  0.01639  7.89672e-02 | 69  0.02332  4.38266e-01
 70  0.02636 -2.73866e-01 | 71  0.02549  5.88534e-02 | 72  0.01972  2.19215e-01
 73  0.01646  6.77420e-02 | 74  0.02791 -2.04143e-02 | 75  0.02791 -6.68800e-03
1 0 22730.5
1 0 22730.5
1 0 22730.5
1 0 22730.5
1 0 22730.5

 - final statistics:
75 variables; iteration 145; function evaluation 180
Function value   2.2730e+04; maximum gradient component mag   3.6792e-02
Exit code = 1;  converg criter   1.0000e-01
Var   Value    Gradient   |Var   Value    Gradient   |Var   Value    Gradient
  1  0.24771  5.82523e-03 |  2  0.23342 -1.27065e-03 |  3  0.16268 -1.80861e-03
  4  0.10867  1.95525e-03 |  5  0.07282 -2.96115e-03 |  6  0.04775  6.34641e-04
  7  0.02900  2.40355e-03 |  8  0.01444 -2.91239e-03 |  9  0.00295  2.88745e-03
 10 -0.00616  1.56431e-03 | 11 -0.01331 -1.26122e-03 | 12 -0.01878 -2.15183e-04
 13 -0.02275  6.22669e-04 | 14 -0.02534 -1.69979e-03 | 15 -0.02661 -1.50207e-03
 16  0.11063 -5.23597e-03 | 17 -0.01511  1.50263e-03 | 18 -0.01269 -3.68057e-04
 19 -0.01823 -8.42320e-04 | 20 -0.01440 -2.27819e-03 | 21 -0.01037  3.31247e-03
 22 -0.00757 -3.38620e-03 | 23 -0.00512 -3.79327e-03 | 24 -0.00186 -3.97643e-03
 25 -0.00346 -6.98827e-04 | 26 -0.00184  9.73341e-03 | 27 -0.00007 -9.07047e-04
 28  0.00137 -4.42114e-03 | 29  0.00520  1.37017e-02 | 30  0.00551 -2.40403e-02
 31  0.00571  4.07274e-03 | 32  0.00480 -1.91979e-03 | 33  0.01146 -1.75895e-03
 34  0.00950  1.28238e-03 | 35  0.01029 -1.39930e-02 | 36  0.01235  1.00061e-02
 37  0.01392 -1.48953e-02 | 38  0.01655 -5.75578e-03 | 39  0.01261 -4.54527e-03
 40  0.01681  8.26778e-03 | 41  0.01642  1.10677e-02 | 42  0.01936  3.67917e-02
 43  0.02018  1.91874e-02 | 44  0.01548 -1.92821e-02 | 45 -0.10730 -2.27007e-02
 46  0.13976  4.41363e-03 | 47 -0.07380 -6.52897e-03 | 48 -0.05499 -1.43285e-03
 49 -0.04818 -4.08502e-03 | 50 -0.04205 -3.88264e-04 | 51 -0.03404  2.38762e-04
 52 -0.02921  2.17217e-03 | 53 -0.02480  4.91623e-03 | 54 -0.01937  1.30529e-03
 55 -0.00618 -3.69094e-03 | 56 -0.00221 -5.80597e-03 | 57  0.00513  4.27884e-03
 58  0.01774  5.33766e-03 | 59  0.01917  1.20477e-02 | 60  0.01252  6.54290e-04
 61  0.01203  4.11942e-04 | 62  0.01381  3.71402e-04 | 63  0.01124  2.88466e-03
 64  0.01380  9.76720e-03 | 65  0.01227 -1.87354e-03 | 66  0.01672  1.27505e-02
 67  0.01651  5.04478e-03 | 68  0.01639  7.77724e-03 | 69  0.02332  8.33582e-03
 70  0.02637  2.80080e-04 | 71  0.02549 -1.44793e-02 | 72  0.01972 -3.20578e-02
 73  0.01646 -1.03126e-02 | 74  0.02791 -6.58561e-04 | 75  0.02791  4.76472e-04
1 0 22730.5
B0236324
0.3 0.315205
0.270176 0.338906
0.261612 0.346407
0.258926 0.34883
0.25806 0.349618
0.257779 0.349875
0.257687 0.349959
0.257657 0.349987
0.257647 0.349996
0.257644 0.349999
0.257643 0.35
0.257643 0.35
0.257643 0.35
0.257643 0.35
0.257643 0.35
0.257643 0.35
0.257643 0.35
0.257643 0.35
0.257643 0.35
0.257643 0.35
0.257643 0.35
FutMOrt0.140396
FutMOrt0.140396
FutMOrt0.140396
FutMOrt0.140396
FutMOrt0.140396
FutMOrt0.140396
FutMOrt0.140396
FutMOrt0.140396
FutMOrt0.140396
FutMOrt0.140396
2 0 22730.5

Initial statistics: 79 variables; iteration 0; function evaluation 0; phase 2
Function value   2.2730454e+04; maximum gradient component mag   3.7743e+03
Var   Value    Gradient   |Var   Value    Gradient   |Var   Value    Gradient
  1 -0.80235 -3.90023e+02 |  2 -0.45499 -4.59561e+01 |  3  0.24771  5.82523e-03
  4  0.23342 -1.27065e-03 |  5  0.16268 -1.80861e-03 |  6  0.10867  1.95525e-03
  7  0.07282 -2.96115e-03 |  8  0.04775  6.34641e-04 |  9  0.02900  2.40355e-03
 10  0.01444 -2.91239e-03 | 11  0.00295  2.88745e-03 | 12 -0.00616  1.56431e-03
 13 -0.01331 -1.26122e-03 | 14 -0.01878 -2.15183e-04 | 15 -0.02275  6.22669e-04
 16 -0.02534 -1.69979e-03 | 17 -0.02661 -1.50207e-03 | 18  0.11063 -5.23597e-03
 19 -0.01511  1.87986e-03 | 20 -0.01269  9.20637e-06 | 21 -0.01823 -4.65136e-04
 22 -0.01440 -1.90094e-03 | 23 -0.01037  3.68976e-03 | 24 -0.00757 -3.00889e-03
 25 -0.00512 -3.41595e-03 | 26 -0.00186 -3.59909e-03 | 27 -0.00346 -3.21494e-04
 28 -0.00184  1.01107e-02 | 29 -0.00007 -5.29708e-04 | 30  0.00137 -4.04381e-03
 31  0.00520  1.40791e-02 | 32  0.00551 -2.36629e-02 | 33  0.00571  4.45006e-03
 34  0.00480 -1.54246e-03 | 35  0.01146 -1.38167e-03 | 36  0.00950  1.65968e-03
 37  0.01029 -1.36157e-02 | 38  0.01235  1.03834e-02 | 39  0.01392 -1.45181e-02
 40  0.01655 -5.37857e-03 | 41  0.01261 -4.16801e-03 | 42  0.01681  8.64499e-03
 43  0.01642  1.14449e-02 | 44  0.01936  3.71688e-02 | 45  0.02018  1.95645e-02
 46  0.01548 -1.89048e-02 | 47 -0.10730 -2.23287e-02 | 48  0.13976  4.41363e-03
 49 -0.07380 -6.44938e-03 | 50 -0.05499 -1.35302e-03 | 51 -0.04818 -4.00512e-03
 52 -0.04205 -3.08310e-04 | 53 -0.03404  3.18776e-04 | 54 -0.02921  2.25222e-03
 55 -0.02480  4.99630e-03 | 56 -0.01937  1.38538e-03 | 57 -0.00618 -3.61081e-03
 58 -0.00221 -5.72584e-03 | 59  0.00513  4.35897e-03 | 60  0.01774  5.41776e-03
 61  0.01917  1.21278e-02 | 62  0.01252  7.34404e-04 | 63  0.01203  4.92057e-04
 64  0.01381  4.51513e-04 | 65  0.01124  2.96478e-03 | 66  0.01380  9.84731e-03
 67  0.01227 -1.79343e-03 | 68  0.01672  1.28306e-02 | 69  0.01651  5.12488e-03
 70  0.01639  7.85735e-03 | 71  0.02332  8.41590e-03 | 72  0.02637  3.60140e-04
 73  0.02549 -1.43992e-02 | 74  0.01972 -3.19777e-02 | 75  0.01646 -1.02325e-02
 76  0.02791 -5.78509e-04 | 77  0.02791  5.56524e-04 | 78 -0.55107  3.77433e+03
 79 -0.43354 -3.07832e+02 |
2 0 22730.4
2 0 22730.2
2 0 22728.5
2 0 22726.9
2 0 22723.9
2 0 22718.3
2 0 22711.5
2 0 22699.4
2 0 22679.8
2 0 22677.8
2 0 22669.4
2 0 22663.4
2 0 22664.4
2 0 22660.7

Intermediate statistics: 79 variables; iteration 10; function evaluation 14; phase 2
Function value   2.2660656e+04; maximum gradient component mag   3.8430e+03
Var   Value    Gradient   |Var   Value    Gradient   |Var   Value    Gradient
  1 -0.76548 -5.35830e+02 |  2 -0.45512  4.74611e+01 |  3  0.24612  4.48843e+02
  4  0.23861  5.46258e+02 |  5  0.16191  9.61603e+01 |  6  0.10786  4.22285e+01
  7  0.07237  2.28389e+01 |  8  0.04748  1.39087e+01 |  9  0.02882  9.50437e+00
 10  0.01431  7.07051e+00 | 11  0.00284  5.60097e+00 | 12 -0.00625  4.65397e+00
 13 -0.01339  4.02332e+00 | 14 -0.01885  3.60261e+00 | 15 -0.02281  3.32845e+00
 16 -0.02539  3.16287e+00 | 17 -0.02667  3.07295e+00 | 18  0.10124  1.04547e+03
 19 -0.02001 -1.22380e+03 | 20 -0.01638 -2.61931e+02 | 21 -0.01966 -8.76174e+01
 22 -0.01638 -4.95346e+01 | 23 -0.01326 -3.93646e+02 | 24 -0.01039 -3.72366e+02
 25 -0.00784 -3.45611e+02 | 26 -0.00359 -2.83358e+02 | 27 -0.00387 -2.23532e+02
 28 -0.00026  3.77996e+02 | 29  0.00088  9.10807e+01 | 30  0.00265 -9.92375e+01
 31  0.00679  5.42905e+02 | 32  0.00375 -1.52517e+02 | 33  0.00342 -2.02085e+02
 34  0.00295 -2.69242e+02 | 35  0.01172  2.50626e+02 | 36  0.00933 -4.08815e+01
 37  0.01123  1.27316e+02 | 38  0.01449  3.23038e+02 | 39  0.01634  3.35113e+02
 40  0.01920  4.13264e+02 | 41  0.01583  2.55787e+02 | 42  0.02071  5.22723e+02
 43  0.01876  2.62109e+02 | 44  0.02085  9.91421e+01 | 45  0.02058 -4.69641e+02
 46  0.01619 -1.24169e+03 | 47 -0.10442  2.12882e+03 | 48  0.14006  3.84296e+03
 49 -0.07751 -6.99946e+02 | 50 -0.05435  5.56032e+02 | 51 -0.04748  2.56895e+02
 52 -0.04245 -3.86359e+01 | 53 -0.03456 -5.70797e+01 | 54 -0.03016 -1.34020e+02
 55 -0.02572 -9.38313e+01 | 56 -0.01983  1.06807e+02 | 57 -0.00586  1.56066e+02
 58 -0.00218 -7.67965e+01 | 59  0.00604  3.87796e+02 | 60  0.01920  2.28060e+02
 61  0.01867 -4.17943e+02 | 62  0.01181 -4.34175e+02 | 63  0.01072 -4.67505e+02
 64  0.01388 -3.46333e+02 | 65  0.01094 -3.01070e+02 | 66  0.01349 -2.84065e+02
 67  0.01301 -8.55630e+01 | 68  0.01741 -1.79560e+02 | 69  0.01665 -3.33258e+02
 70  0.01684 -1.29633e+02 | 71  0.02476  8.58542e+01 | 72  0.02734 -7.55637e+00
 73  0.02632  7.96962e+01 | 74  0.02181  8.87129e+02 | 75  0.01292  8.07168e+02
 76  0.03159  9.71201e+02 | 77  0.02673 -2.01628e+02 | 78 -0.58216  1.46082e+03
 79 -0.49985 -1.91134e+02 |
2 0 22656.5
2 0 22650.1
2 0 22637.6
2 0 26400.2
2 0 22655
2 0 22606.1
2 0 28428.3
2 0 22786.9
2 0 22602.9
2 0 22615.7
2 0 22602.3
2 0 22605.4
2 0 22602.3
2 0 22602.2
2 0 22602.1
2 0 22602
2 0 22601.9
79 variables; iteration 20; function evaluation 31; phase 2
Function value   2.2601956e+04; maximum gradient component mag   2.3526e+03
Var   Value    Gradient   |Var   Value    Gradient   |Var   Value    Gradient
  1 -0.63771  6.35426e+02 |  2 -0.47951  2.01618e+02 |  3  0.21992 -1.08125e+03
  4  0.24321  1.44125e+03 |  5  0.15547  1.40124e+02 |  6  0.10054  4.10600e+01
  7  0.06791  3.26036e+01 |  8  0.04481  2.08183e+01 |  9  0.02705  1.33721e+01
 10  0.01303  9.34104e+00 | 11  0.00185  7.04719e+00 | 12 -0.00706  5.63974e+00
 13 -0.01408  4.73838e+00 | 14 -0.01946  4.14822e+00 | 15 -0.02338  3.76480e+00
 16 -0.02593  3.53064e+00 | 17 -0.02719  3.41569e+00 | 18  0.09525  2.45360e+02
 19 -0.02928 -1.61566e+03 | 20 -0.01652 -1.71059e+02 | 21 -0.01937 -4.03035e+02
 22 -0.01757 -4.24047e+02 | 23 -0.01289 -4.50053e+02 | 24 -0.00897 -1.93989e+02
 25 -0.00659 -2.19410e+02 | 26 -0.00260 -2.55593e+02 | 27 -0.00353 -4.62820e+02
 28  0.00072  5.28861e+02 | 29  0.00168  1.30190e+02 | 30  0.00270 -5.29201e+02
 31  0.00785  8.19993e+02 | 32  0.00481 -6.31081e+01 | 33  0.00520  9.54891e+01
 34  0.00413 -1.59457e+02 | 35  0.01217  1.78944e+02 | 36  0.00995 -1.11479e+02
 37  0.01214  1.33863e+02 | 38  0.01540  3.44125e+02 | 39  0.01773  4.67361e+02
 40  0.02111  5.93925e+02 | 41  0.01751  3.21422e+02 | 42  0.02200  6.07634e+02
 43  0.01999  3.95029e+02 | 44  0.02191  2.14819e+02 | 45  0.02130 -2.42341e+02
 46  0.01160 -1.23034e+03 | 47 -0.11332  1.56309e+03 | 48  0.14077 -1.83816e+03
 49 -0.07786 -8.27440e+02 | 50 -0.05324  1.25834e+03 | 51 -0.04970 -1.29254e+02
 52 -0.04344 -3.23840e+01 | 53 -0.03477  1.18475e+01 | 54 -0.03037 -1.58083e+02
 55 -0.02579 -6.04289e+01 | 56 -0.02020  2.29126e+02 | 57 -0.00643  1.28496e+02
 58 -0.00265 -1.67778e+02 | 59  0.00605  7.14274e+02 | 60  0.01834  7.13546e+01
 61  0.01797 -6.53669e+02 | 62  0.01211 -4.80813e+02 | 63  0.01073 -6.12326e+02
 64  0.01312 -5.88526e+02 | 65  0.01047 -3.68201e+02 | 66  0.01331 -2.25322e+02
 67  0.01255 -1.50312e+02 | 68  0.01698 -3.06154e+02 | 69  0.01652 -3.57769e+02
 70  0.01703 -5.29775e+01 | 71  0.02445  1.53120e+01 | 72  0.02704 -1.25468e+02
 73  0.02592 -9.62617e+01 | 74  0.02201  6.86503e+02 | 75  0.01643  8.29522e+02
 76  0.03819  7.75685e+02 | 77  0.02389 -2.19081e+01 | 78 -0.59392  2.35260e+03
 79 -0.52561 -5.47118e+02 |
2 0 22601.9
2 0 22601.8
2 0 22601.7
2 0 22601.4
2 0 22601.2
2 0 22602
2 0 22601.2
2 0 22601.2
2 0 22601.2
2 0 22601.2
2 0 22601.2
2 0 22601.1
79 variables; iteration 30; function evaluation 43; phase 2
Function value   2.2601163e+04; maximum gradient component mag   2.5654e+03
Var   Value    Gradient   |Var   Value    Gradient   |Var   Value    Gradient
  1 -0.63953  7.12981e+02 |  2 -0.49137  1.63011e+02 |  3  0.21594 -1.29904e+03
  4  0.23773  1.21163e+03 |  5  0.14765  6.89522e+01 |  6  0.09286  1.13881e+01
  7  0.06182  1.87845e+01 |  8  0.04071  1.54796e+01 |  9  0.02437  1.04992e+01
 10  0.01118  6.83113e+00 | 11  0.00047  4.65807e+00 | 12 -0.00816  3.39984e+00
 13 -0.01500  2.64550e+00 | 14 -0.02026  2.17386e+00 | 15 -0.02409  1.87267e+00
 16 -0.02660  1.68716e+00 | 17 -0.02784  1.60813e+00 | 18  0.09428  2.68198e+02
 19 -0.03522 -1.12404e+03 | 20 -0.01696 -4.75337e+02 | 21 -0.01896 -3.55668e+02
 22 -0.01738 -4.90821e+02 | 23 -0.01235 -3.99714e+02 | 24 -0.00856 -1.82667e+02
 25 -0.00618 -1.70914e+02 | 26 -0.00207 -2.21154e+02 | 27 -0.00308 -3.69618e+02
 28  0.00067  4.12284e+02 | 29  0.00165  9.75502e+01 | 30  0.00294 -4.49453e+02
 31  0.00796  7.18601e+02 | 32  0.00536  5.91668e+01 | 33  0.00563  6.30478e+01
 34  0.00466 -6.25821e+01 | 35  0.01260  2.28117e+02 | 36  0.01029 -3.28141e+01
 37  0.01237  2.09566e+02 | 38  0.01546  3.05920e+02 | 39  0.01782  4.41277e+02
 40  0.02112  5.04121e+02 | 41  0.01748  2.90248e+02 | 42  0.02188  5.20990e+02
 43  0.02003  3.89154e+02 | 44  0.02215  2.29935e+02 | 45  0.02144 -2.89291e+02
 46  0.01177 -1.23554e+03 | 47 -0.11287  1.51424e+03 | 48  0.14074 -2.02186e+03
 49 -0.07845 -9.67923e+02 | 50 -0.05311  1.29622e+03 | 51 -0.04990 -1.59013e+02
 52 -0.04304  1.43237e+02 | 53 -0.03453  1.52989e+02 | 54 -0.03032 -8.99062e+01
 55 -0.02543  9.60620e+01 | 56 -0.01993  3.08287e+02 | 57 -0.00622  2.79454e+02
 58 -0.00264 -8.22545e+01 | 59  0.00599  6.92847e+02 | 60  0.01834  1.42434e+02
 61  0.01812 -6.00575e+02 | 62  0.01244 -3.26911e+02 | 63  0.01096 -5.28851e+02
 64  0.01332 -5.40373e+02 | 65  0.01053 -3.97821e+02 | 66  0.01321 -3.47568e+02
 67  0.01250 -1.87862e+02 | 68  0.01698 -2.91113e+02 | 69  0.01671 -2.17391e+02
 70  0.01713  5.35533e+01 | 71  0.02454  1.38842e+02 | 72  0.02697 -8.45737e+01
 73  0.02601 -4.57177e+01 | 74  0.02222  8.08982e+02 | 75  0.01623  8.47341e+02
 76  0.03759  7.53688e+02 | 77  0.02479  5.04197e+01 | 78 -0.59477  2.56539e+03
 79 -0.52748 -6.60191e+02 |
2 0 22601.2
2 0 22601.1
2 0 22601.1
2 0 22601.1
2 0 22601.1
2 0 22601.1
2 0 22601.1
2 0 22601.1
2 0 22601
2 0 22601
2 0 22601
2 0 22601
79 variables; iteration 40; function evaluation 55; phase 2
Function value   2.2601038e+04; maximum gradient component mag   2.5369e+03
Var   Value    Gradient   |Var   Value    Gradient   |Var   Value    Gradient
  1 -0.63952  7.05394e+02 |  2 -0.49096  1.66868e+02 |  3  0.21595 -1.31163e+03
  4  0.23755  1.17786e+03 |  5  0.14788  7.19005e+01 |  6  0.09130  5.87439e+00
  7  0.05853  9.42876e+00 |  8  0.03701  8.53788e+00 |  9  0.02131  7.43027e+00
 10  0.00902  6.26666e+00 | 11 -0.00102  4.62470e+00 | 12 -0.00924  3.27288e+00
 13 -0.01584  2.41070e+00 | 14 -0.02095  1.88897e+00 | 15 -0.02469  1.57218e+00
 16 -0.02714  1.38474e+00 | 17 -0.02835  1.30823e+00 | 18  0.09421  2.81771e+02
 19 -0.03543 -1.07306e+03 | 20 -0.01690 -4.91075e+02 | 21 -0.01889 -3.51814e+02
 22 -0.01734 -4.81644e+02 | 23 -0.01239 -4.07577e+02 | 24 -0.00864 -1.99479e+02
 25 -0.00624 -1.76893e+02 | 26 -0.00212 -2.32580e+02 | 27 -0.00297 -3.14654e+02
 28  0.00058  3.69563e+02 | 29  0.00170  1.19412e+02 | 30  0.00296 -4.44814e+02
 31  0.00794  7.20145e+02 | 32  0.00537  7.98469e+01 | 33  0.00568  7.48961e+01
 34  0.00473 -4.09281e+01 | 35  0.01265  2.33726e+02 | 36  0.01046  8.93564e+00
 37  0.01253  2.45253e+02 | 38  0.01548  3.11111e+02 | 39  0.01778  4.39725e+02
 40  0.02117  5.50384e+02 | 41  0.01746  2.50024e+02 | 42  0.02191  5.62733e+02
 43  0.01986  3.11751e+02 | 44  0.02208  1.71127e+02 | 45  0.02159 -1.68938e+02
 46  0.01176 -1.26382e+03 | 47 -0.11286  1.52332e+03 | 48  0.14069 -2.05143e+03
 49 -0.07844 -9.90742e+02 | 50 -0.05306  1.29503e+03 | 51 -0.04979 -1.40406e+02
 52 -0.04301  1.41314e+02 | 53 -0.03451  1.55954e+02 | 54 -0.03033 -9.65209e+01
 55 -0.02547  7.99371e+01 | 56 -0.01986  2.95137e+02 | 57 -0.00624  2.64467e+02
 58 -0.00259 -7.67136e+01 | 59  0.00605  6.97670e+02 | 60  0.01837  1.40371e+02
 61  0.01809 -6.37531e+02 | 62  0.01249 -3.34633e+02 | 63  0.01101 -5.39508e+02
 64  0.01332 -5.54717e+02 | 65  0.01060 -4.03250e+02 | 66  0.01331 -3.52938e+02
 67  0.01257 -1.93134e+02 | 68  0.01698 -3.07322e+02 | 69  0.01666 -2.77627e+02
 70  0.01723  8.50156e+01 | 71  0.02461  1.39329e+02 | 72  0.02699 -4.61165e+01
 73  0.02616  7.62698e+01 | 74  0.02219  7.46219e+02 | 75  0.01631  8.48114e+02
 76  0.03757  7.52505e+02 | 77  0.02369  4.23499e+01 | 78 -0.59482  2.53695e+03
 79 -0.52756 -6.52343e+02 |
2 0 22601
2 0 22601
2 0 22601
2 0 22601
2 0 22601
2 0 22600.9
2 0 22601
2 0 22600.9
2 0 22600.9
2 0 22600.9
2 0 22600.8
2 0 22600.7
79 variables; iteration 50; function evaluation 67; phase 2
Function value   2.2600751e+04; maximum gradient component mag   2.5192e+03
Var   Value    Gradient   |Var   Value    Gradient   |Var   Value    Gradient
  1 -0.63975  7.09070e+02 |  2 -0.49213  1.63843e+02 |  3  0.21595 -1.31465e+03
  4  0.23788  1.19230e+03 |  5  0.14834  7.39472e+01 |  6  0.09205  1.06026e+01
  7  0.05851  4.07283e+00 |  8  0.03776  2.91049e+01 |  9  0.01671  9.45736e-01
 10  0.00040 -7.59357e+00 | 11 -0.01029 -5.84476e+00 | 12 -0.01667  1.29213e+00
 13 -0.02128  3.60701e+00 | 14 -0.02505  3.05019e+00 | 15 -0.02800  2.24083e+00
 16 -0.03002  1.76186e+00 | 17 -0.03104  1.55370e+00 | 18  0.09415  2.97670e+02
 19 -0.03547 -1.09385e+03 | 20 -0.01685 -4.80130e+02 | 21 -0.01883 -3.82474e+02
 22 -0.01710 -3.92416e+02 | 23 -0.01230 -4.40299e+02 | 24 -0.00848 -2.05274e+02
 25 -0.00605 -1.61517e+02 | 26 -0.00194 -1.61608e+02 | 27 -0.00296 -3.23971e+02
 28  0.00051  3.38425e+02 | 29  0.00147  6.20198e+01 | 30  0.00292 -4.36141e+02
 31  0.00760  6.41279e+02 | 32  0.00529  7.15051e+01 | 33  0.00565  6.96160e+01
 34  0.00459 -6.25792e+01 | 35  0.01227  1.56166e+02 | 36  0.01036 -4.11420e+00
 37  0.01265  2.80573e+02 | 38  0.01543  2.66718e+02 | 39  0.01763  4.02546e+02
 40  0.02120  5.75366e+02 | 41  0.01762  2.47878e+02 | 42  0.02206  5.67673e+02
 43  0.01982  3.17613e+02 | 44  0.02191  1.47389e+02 | 45  0.02140 -2.06314e+02
 46  0.01189 -1.25897e+03 | 47 -0.11277  1.52763e+03 | 48  0.14066 -2.09381e+03
 49 -0.07856 -1.03711e+03 | 50 -0.05306  1.30258e+03 | 51 -0.04977 -1.68256e+02
 52 -0.04296  1.53559e+02 | 53 -0.03440  2.10718e+02 | 54 -0.03012 -1.94951e+01
 55 -0.02539  6.82363e+01 | 56 -0.01986  2.65741e+02 | 57 -0.00609  3.07147e+02
 58 -0.00274 -1.08083e+02 | 59  0.00627  7.59194e+02 | 60  0.01820  9.75115e+01
 61  0.01806 -6.40959e+02 | 62  0.01255 -3.29336e+02 | 63  0.01110 -5.26144e+02
 64  0.01309 -6.02078e+02 | 65  0.01048 -4.36017e+02 | 66  0.01337 -3.67461e+02
 67  0.01270 -1.54840e+02 | 68  0.01695 -2.95060e+02 | 69  0.01658 -3.15707e+02
 70  0.01726  8.78636e+01 | 71  0.02484  2.12535e+02 | 72  0.02703 -5.07244e+01
 73  0.02614  4.93218e+01 | 74  0.02201  6.94070e+02 | 75  0.01633  8.59588e+02
 76  0.03766  7.79880e+02 | 77  0.02325  4.23118e+01 | 78 -0.59500  2.51918e+03
 79 -0.52787 -6.50063e+02 |
2 0 22600.6
2 0 22601.8
2 0 22600.6
2 0 22600.6
2 0 22600.6
2 0 22600.5
2 0 22600.5
2 0 22600.5
2 0 22600.4
2 0 22600.4
2 0 22600.3
2 0 22599.9
2 0 22601
2 0 22599.8
79 variables; iteration 60; function evaluation 81; phase 2
Function value   2.2599813e+04; maximum gradient component mag   2.4237e+03
Var   Value    Gradient   |Var   Value    Gradient   |Var   Value    Gradient
  1 -0.64015  7.13969e+02 |  2 -0.49402  1.59036e+02 |  3  0.21615 -1.30081e+03
  4  0.23859  1.22938e+03 |  5  0.14981  8.81817e+01 |  6  0.09358  2.26794e+01
  7  0.05772 -9.21809e+00 |  8  0.03856  4.22146e+01 |  9  0.01542 -1.23998e+01
 10  0.00096  2.87687e+01 | 11 -0.01869 -1.07207e+01 | 12 -0.03298 -2.03597e+01
 13 -0.03965 -1.42744e+01 | 14 -0.04073 -7.42620e-01 | 15 -0.04035  4.77941e+00
 16 -0.04017  4.78374e+00 | 17 -0.04020  4.01661e+00 | 18  0.09391  2.93288e+02
 19 -0.03504 -1.14429e+03 | 20 -0.01666 -4.45388e+02 | 21 -0.01874 -3.46031e+02
 22 -0.01715 -4.05287e+02 | 23 -0.01236 -4.27910e+02 | 24 -0.00869 -2.62341e+02
 25 -0.00619 -1.59509e+02 | 26 -0.00210 -1.98746e+02 | 27 -0.00316 -3.63626e+02
 28  0.00040  3.21171e+02 | 29  0.00161  1.40514e+02 | 30  0.00297 -4.46872e+02
 31  0.00765  6.49693e+02 | 32  0.00526  6.21468e+01 | 33  0.00577  9.22219e+01
 34  0.00468 -6.11786e+01 | 35  0.01243  2.02935e+02 | 36  0.01025 -5.82315e+01
 37  0.01246  3.13473e+02 | 38  0.01509  1.40873e+02 | 39  0.01776  5.23129e+02
 40  0.02104  5.10573e+02 | 41  0.01759  2.74039e+02 | 42  0.02206  5.93164e+02
 43  0.01991  2.83005e+02 | 44  0.02214  2.27778e+02 | 45  0.02148 -1.94690e+02
 46  0.01187 -1.24690e+03 | 47 -0.11278  1.48876e+03 | 48  0.14067 -2.20800e+03
 49 -0.07846 -9.99328e+02 | 50 -0.05301  1.33156e+03 | 51 -0.04974 -1.52671e+02
 52 -0.04298  1.44905e+02 | 53 -0.03445  2.09571e+02 | 54 -0.03024 -5.64207e+01
 55 -0.02539  8.25374e+01 | 56 -0.01993  2.69979e+02 | 57 -0.00620  2.99176e+02
 58 -0.00282 -1.66091e+02 | 59  0.00622  7.27678e+02 | 60  0.01827  1.20968e+02
 61  0.01797 -6.58476e+02 | 62  0.01261 -3.05299e+02 | 63  0.01113 -5.01437e+02
 64  0.01321 -5.77715e+02 | 65  0.01062 -3.62908e+02 | 66  0.01322 -4.29622e+02
 67  0.01258 -1.16568e+02 | 68  0.01692 -3.40775e+02 | 69  0.01653 -3.24449e+02
 70  0.01724  8.09234e+01 | 71  0.02465  1.27087e+02 | 72  0.02713  1.26820e+01
 73  0.02622  6.06663e+01 | 74  0.02210  7.02660e+02 | 75  0.01632  8.49794e+02
 76  0.03746  7.57296e+02 | 77  0.02375  5.17149e+01 | 78 -0.59538  2.42367e+03
 79 -0.52848 -6.08381e+02 |
2 0 22599.7
2 0 22599.6
2 0 22599.6
2 0 22599.4
2 0 22598.8
2 0 22600.9
2 0 22598.6
2 0 22598.4
2 0 22597.9
2 0 22598.4
2 0 22597.8
2 0 22597.5
2 0 22597
79 variables; iteration 70; function evaluation 94; phase 2
Function value   2.2597036e+04; maximum gradient component mag  -2.6137e+03
Var   Value    Gradient   |Var   Value    Gradient   |Var   Value    Gradient
  1 -0.64064  6.72680e+02 |  2 -0.49436  1.71698e+02 |  3  0.21711 -1.25232e+03
  4  0.23951  1.27171e+03 |  5  0.15018  9.45076e+01 |  6  0.09265  1.33339e+01
  7  0.05796 -1.13085e+01 |  8  0.04084  5.05636e+01 |  9  0.01787  1.85112e+01
 10 -0.00529 -2.53208e+01 | 11 -0.01778  3.77010e+01 | 12 -0.03936  5.40165e-02
 13 -0.05965 -1.20556e+01 | 14 -0.07551 -3.25652e+01 | 15 -0.08090 -2.04347e+01
 16 -0.07955 -2.04449e+00 | 17 -0.07707  9.93455e+00 | 18  0.09322  3.65797e+02
 19 -0.03435 -1.21357e+03 | 20 -0.01627 -3.50121e+02 | 21 -0.01871 -3.29486e+02
 22 -0.01724 -4.36469e+02 | 23 -0.01259 -4.97955e+02 | 24 -0.00881 -2.85969e+02
 25 -0.00603 -1.16481e+02 | 26 -0.00183 -1.60373e+02 | 27 -0.00296 -3.17589e+02
 28  0.00049  3.46688e+02 | 29  0.00167  7.51105e+01 | 30  0.00332 -3.57749e+02
 31  0.00793  7.13620e+02 | 32  0.00528  7.45982e+01 | 33  0.00547  5.04725e+01
 34  0.00458 -7.97459e+01 | 35  0.01226  1.86655e+02 | 36  0.01029 -2.48216e+01
 37  0.01240  2.66252e+02 | 38  0.01525  2.57467e+02 | 39  0.01749  3.93112e+02
 40  0.02133  6.29170e+02 | 41  0.01746  2.42383e+02 | 42  0.02174  5.38366e+02
 43  0.01973  3.23303e+02 | 44  0.02175  1.80061e+02 | 45  0.02104 -2.11628e+02
 46  0.01171 -1.22078e+03 | 47 -0.11289  1.37836e+03 | 48  0.14079 -2.61368e+03
 49 -0.07828 -9.30616e+02 | 50 -0.05308  1.32125e+03 | 51 -0.04972 -1.11515e+02
 52 -0.04317  1.43374e+02 | 53 -0.03474  1.75437e+02 | 54 -0.03040 -7.17907e+01
 55 -0.02532  1.25290e+02 | 56 -0.01996  2.70286e+02 | 57 -0.00638  2.42609e+02
 58 -0.00285 -9.43553e+01 | 59  0.00616  7.45413e+02 | 60  0.01834  1.47878e+02
 61  0.01809 -6.20719e+02 | 62  0.01222 -3.89830e+02 | 63  0.01108 -4.80099e+02
 64  0.01297 -6.09209e+02 | 65  0.01053 -3.79312e+02 | 66  0.01315 -3.86522e+02
 67  0.01258 -1.48801e+02 | 68  0.01667 -3.34698e+02 | 69  0.01667 -2.73875e+02
 70  0.01725  1.05608e+02 | 71  0.02452  1.50499e+02 | 72  0.02696 -3.60415e+01
 73  0.02607  2.53689e+01 | 74  0.02166  5.80306e+02 | 75  0.01615  7.68569e+02
 76  0.03734  7.50690e+02 | 77  0.02632  8.44722e+01 | 78 -0.59633  2.01000e+03
 79 -0.52992 -4.50643e+02 |
2 0 22598.3
2 0 22596.9
2 0 22596.7
2 0 22596.4
2 0 22597
2 0 22596.3
2 0 22596.2
2 0 22595.3
2 0 22597.4
2 0 22595
2 0 22594.5
2 0 22590.1
2 0 22580.9
2 0 22566
2 0 23904.7
2 0 22565.8
79 variables; iteration 80; function evaluation 110; phase 2
Function value   2.2565840e+04; maximum gradient component mag  -6.2930e+03
Var   Value    Gradient   |Var   Value    Gradient   |Var   Value    Gradient
  1 -0.64761  4.00118e+02 |  2 -0.51451  2.10641e+02 |  3  0.22143 -1.07051e+03
  4  0.24002  1.13273e+03 |  5  0.15104  8.95628e+01 |  6  0.09423  1.50014e+01
  7  0.06081  7.54508e+00 |  8  0.04048  4.50074e+01 |  9  0.01622  3.46962e-01
 10 -0.00271 -1.71780e+01 | 11 -0.01302  4.03697e+01 | 12 -0.03274 -1.02593e+01
 13 -0.04769  8.19858e+00 | 14 -0.06394 -5.64731e+01 | 15 -0.06226 -1.62875e+01
 16 -0.05478  1.14633e+02 | 17 -0.08101 -8.43537e+01 | 18  0.08665  9.08004e+02
 19 -0.03088 -1.22353e+03 | 20 -0.01518 -2.36561e+02 | 21 -0.01887 -3.83534e+02
 22 -0.01686 -4.30652e+02 | 23 -0.01203 -4.38694e+02 | 24 -0.00844 -2.51391e+02
 25 -0.00582 -1.38386e+02 | 26 -0.00176 -1.87086e+02 | 27 -0.00291 -3.08663e+02
 28  0.00007  2.79019e+02 | 29  0.00144  5.11319e+01 | 30  0.00303 -3.52148e+02
 31  0.00710  6.06267e+02 | 32  0.00498  9.89836e+01 | 33  0.00549  1.12042e+02
 34  0.00465 -5.81517e+01 | 35  0.01199  2.52005e+02 | 36  0.00977 -5.54681e+01
 37  0.01173  2.24294e+02 | 38  0.01480  2.95604e+02 | 39  0.01650  3.39037e+02
 40  0.02014  5.92685e+02 | 41  0.01666  2.38203e+02 | 42  0.02061  4.82376e+02
 43  0.01883  3.30320e+02 | 44  0.02137  4.00772e+02 | 45  0.02101  7.30182e+01
 46  0.01313 -7.89071e+02 | 47 -0.11101  5.43102e+02 | 48  0.14039 -6.29302e+03
 49 -0.07701 -5.18707e+02 | 50 -0.05348  1.16098e+03 | 51 -0.04947 -3.59610e+01
 52 -0.04289  1.85367e+02 | 53 -0.03450  1.97925e+02 | 54 -0.03008  5.51652e+00
 55 -0.02504  1.92669e+02 | 56 -0.01962  3.42849e+02 | 57 -0.00632  2.40413e+02
 58 -0.00263 -2.22370e+01 | 59  0.00636  7.40753e+02 | 60  0.01834  1.30997e+02
 61  0.01826 -6.06965e+02 | 62  0.01251 -3.67217e+02 | 63  0.01146 -4.09491e+02
 64  0.01340 -5.58880e+02 | 65  0.01071 -3.81982e+02 | 66  0.01323 -3.60549e+02
 67  0.01296 -7.91186e+01 | 68  0.01685 -3.19214e+02 | 69  0.01656 -3.35338e+02
 70  0.01737  9.61383e+01 | 71  0.02458  1.17161e+02 | 72  0.02688 -1.25719e+02
 73  0.02613 -1.68727e+02 | 74  0.02156  2.03558e+02 | 75  0.01569  3.38527e+02
 76  0.03437  7.11404e+02 | 77  0.02444  2.59505e+02 | 78 -0.60510 -1.32655e+03
 79 -0.54329  7.23643e+02 |
2 0 22565.5
2 0 22561.8
2 0 22533.1
2 0 22513.8
2 0 22515.5
2 0 22512.6
2 0 22510.8
2 0 22508.2
2 0 22506.7
2 0 22505.3
2 0 22504.7
2 0 22504.2
2 0 22504
79 variables; iteration 90; function evaluation 123; phase 2
Function value   2.2504038e+04; maximum gradient component mag  -8.4262e+02
Var   Value    Gradient   |Var   Value    Gradient   |Var   Value    Gradient
  1 -0.66733 -8.75517e+01 |  2 -0.67412  4.01411e+00 |  3  0.24301 -9.41143e+01
  4  0.23205 -1.19878e+02 |  5  0.15203 -2.22680e+01 |  6  0.09485 -8.29228e+00
  7  0.05809 -4.92951e+00 |  8  0.03285 -4.33111e+00 |  9  0.01453 -1.18330e+00
 10  0.00022 -9.12850e-01 | 11 -0.01122 -3.12836e+00 | 12 -0.01973 -1.21634e+00
 13 -0.02625 -7.38736e-01 | 14 -0.03114  1.14383e+00 | 15 -0.03513 -1.34193e+00
 16 -0.03758 -1.55997e+00 | 17 -0.03847  5.38761e-01 | 18  0.07363  1.53977e+02
 19 -0.01884  1.96279e+02 | 20 -0.01191 -1.18852e+02 | 21 -0.01786 -5.33136e+01
 22 -0.01468 -4.16107e+01 | 23 -0.01018  3.66901e+00 | 24 -0.00724  1.11555e+01
 25 -0.00510  1.14274e+00 | 26 -0.00142  4.36502e+00 | 27 -0.00275  4.93119e+00
 28 -0.00123 -3.77046e+01 | 29  0.00044 -1.43150e+01 | 30  0.00224  3.38718e+01
 31  0.00531 -4.20200e+01 | 32  0.00499  3.93873e+01 | 33  0.00552  2.70288e+01
 34  0.00494 -6.79705e+00 | 35  0.01166  3.43437e+01 | 36  0.00944  1.23474e+00
 37  0.01024  6.96069e+00 | 38  0.01254 -1.17457e+01 | 39  0.01414  4.90099e+00
 40  0.01666  4.77925e+00 | 41  0.01314 -2.05399e+01 | 42  0.01711 -5.53421e+00
 43  0.01617  7.23545e+00 | 44  0.01881  1.17614e+01 | 45  0.01968  3.32707e+01
 46  0.01560  8.98730e+01 | 47 -0.10798 -1.85428e+02 | 48  0.14054 -8.42625e+02
 49 -0.07429 -2.76508e+01 | 50 -0.05599  8.73598e+00 | 51 -0.04840  2.29484e+01
 52 -0.04244  2.14644e+01 | 53 -0.03425  3.29337e+01 | 54 -0.02952  2.73239e+01
 55 -0.02494  1.13499e+01 | 56 -0.01963 -5.82436e+00 | 57 -0.00668  1.90529e+01
 58 -0.00238  2.72134e+01 | 59  0.00510 -3.43230e+01 | 60  0.01754 -1.26922e+01
 61  0.01928 -2.14374e+01 | 62  0.01315 -1.11183e+01 | 63  0.01236  8.90383e+00
 64  0.01430 -2.25671e+01 | 65  0.01160 -8.75637e+00 | 66  0.01384  2.17003e-01
 67  0.01254 -2.43427e+00 | 68  0.01710 -7.87037e+00 | 69  0.01652 -1.30015e+01
 70  0.01653  4.25625e+00 | 71  0.02353 -1.26052e+01 | 72  0.02654 -1.51613e+01
 73  0.02577 -2.37201e+01 | 74  0.02032 -4.04694e+01 | 75  0.01514 -8.10423e+01
 76  0.02834  3.98069e-01 | 77  0.02853  3.66721e+01 | 78 -0.63104 -5.99863e+02
 79 -0.60666  2.01498e+02 |
2 0 22503.8
2 0 22503.6
2 0 22503.5
2 0 22503.4
2 0 22503.4
2 0 22503.4
2 0 22503.4
2 0 22503.4
2 0 22503.3
2 0 22503.3
2 0 22503.3
79 variables; iteration 100; function evaluation 134; phase 2
Function value   2.2503329e+04; maximum gradient component mag  -2.2641e+01
Var   Value    Gradient   |Var   Value    Gradient   |Var   Value    Gradient
  1 -0.66873 -1.20776e+01 |  2 -0.74335  2.30315e-01 |  3  0.24294 -2.90492e+00
  4  0.23365 -4.17220e+00 |  5  0.15249 -8.67629e-01 |  6  0.09537 -3.38358e-01
  7  0.05885 -1.43736e-01 |  8  0.03375 -1.97857e-02 |  9  0.01514 -8.61799e-02
 10  0.00080 -8.77435e-02 | 11 -0.01048  5.72160e-02 | 12 -0.01941 -1.56868e-02
 13 -0.02640 -4.00993e-02 | 14 -0.03174 -1.35738e-01 | 15 -0.03558  3.69374e-02
 16 -0.03809  4.93265e-02 | 17 -0.03934 -4.77753e-02 | 18  0.07204  9.79951e+00
 19 -0.01886  7.74214e+00 | 20 -0.01187 -6.33070e+00 | 21 -0.01785  4.40865e-01
 22 -0.01470 -1.11199e+00 | 23 -0.01027 -1.30348e+00 | 24 -0.00736 -9.00118e-01
 25 -0.00521 -4.55828e-01 | 26 -0.00147  5.25208e-01 | 27 -0.00277  3.67214e-02
 28 -0.00116 -1.70777e+00 | 29  0.00047 -8.65565e-01 | 30  0.00222  2.07394e+00
 31  0.00538 -7.67083e-01 | 32  0.00487  1.11324e+00 | 33  0.00539  1.98586e-01
 34  0.00487 -4.26753e-01 | 35  0.01161  1.09855e+00 | 36  0.00938  1.51042e-01
 37  0.01022  8.76004e-01 | 38  0.01258  1.45190e-01 | 39  0.01418  2.61403e-01
 40  0.01671  2.39150e-01 | 41  0.01323 -2.99356e-01 | 42  0.01721  5.51910e-01
 43  0.01620  5.50846e-01 | 44  0.01883  4.43820e-01 | 45  0.01965  4.05437e-01
 46  0.01567 -6.75097e-01 | 47 -0.10767 -1.73179e+00 | 48  0.14050 -2.20616e+01
 49 -0.07431 -1.48866e+00 | 50 -0.05600  4.27154e-01 | 51 -0.04833  2.72818e+00
 52 -0.04240  1.85699e+00 | 53 -0.03427  2.02915e+00 | 54 -0.02955  1.25608e+00
 55 -0.02493 -9.33318e-02 | 56 -0.01959 -1.52961e-01 | 57 -0.00667  2.74391e+00
 58 -0.00236  1.73743e+00 | 59  0.00519 -2.09790e+00 | 60  0.01762  8.57712e-01
 61  0.01932 -1.42634e+00 | 62  0.01317 -8.26466e-01 | 63  0.01235 -2.27600e-01
 64  0.01435  1.00327e-01 | 65  0.01163 -3.76879e-01 | 66  0.01384 -1.49188e+00
 67  0.01260 -4.11773e-01 | 68  0.01715 -7.59874e-01 | 69  0.01655 -8.61737e-01
 70  0.01656 -4.15428e-01 | 71  0.02362 -6.39392e-01 | 72  0.02659 -1.23408e+00
 73  0.02583 -6.33366e-01 | 74  0.02039 -1.05572e-01 | 75  0.01493 -2.47829e+00
 76  0.02821  2.87760e+00 | 77  0.02820  1.05216e+00 | 78 -0.64593 -2.26411e+01
 79 -0.66064  6.72055e+00 |
2 0 22503.3
2 0 22503.3
2 0 22503.3
2 0 22503.3
2 0 22503.3
2 0 22503.3
2 0 22503.3
2 0 22503.3
2 0 22503.3
2 0 22503.3
2 0 37613.8
2 0 22503.3
2 0 22503.3
2 0 22503.3
2 0 22503.3
2 0 22503.3
2 0 22503.3
2 0 22503.3
2 0 22503.3
2 0 37618.5
2 0 22503.3
2 0 22503.3
2 0 22503.3
2 0 22503.3
2 0 22503.3
2 0 22503.3
2 0 22503.3
2 0 22503.3
2 0 22503.3
2 0 22503.3
2 0 22503.3
2 0 22503.3
2 0 22503.3
2 0 22503.3
2 0 22503.3
2 0 22503.3
2 0 22503.3
2 0 22503.3
2 0 22503.3
2 0 22503.3
2 0 22503.3
2 0 22503.3
2 0 22503.3
2 0 22503.3
2 0 22503.3
2 0 22503.3
2 0 22503.3
2 0 22503.3
2 0 22503.3
2 0 22503.3
  ic > imax  in fminim is answer attained ?
Var   Value    Gradient   |Var   Value    Gradient   |Var   Value    Gradient
  1 -0.66906  5.19222e+02 |  2 -0.76105 -9.32376e+00 |  3  0.24293 -1.93290e-03
  4  0.23372  2.03089e+00 |  5  0.15249  1.27686e-01 |  6  0.09536  3.92978e-02
  7  0.05882  1.39004e-02 |  8  0.03370  1.40875e-02 |  9  0.01510  5.24602e-03
 10  0.00075  7.03086e-03 | 11 -0.01054  1.80949e-02 | 12 -0.01946 -2.36938e-03
 13 -0.02645 -4.68986e-03 | 14 -0.03177  3.27837e-02 | 15 -0.03564  5.94022e-03
 16 -0.03816 -1.40750e-02 | 17 -0.03939  2.99431e-02 | 18  0.07192  1.58283e+00
 19 -0.01887 -2.20066e+00 | 20 -0.01186 -1.10620e-01 | 21 -0.01785  1.08723e+00
 22 -0.01469 -1.20938e-01 | 23 -0.01027 -4.19230e-02 | 24 -0.00735 -1.01153e-01
 25 -0.00520 -2.04976e-01 | 26 -0.00147 -1.05507e-01 | 27 -0.00277 -2.07598e-01
 28 -0.00116  1.04693e-01 | 29  0.00047 -1.79452e-01 | 30  0.00222 -2.79638e-01
 31  0.00538  3.56806e-01 | 32  0.00487  1.09802e-01 | 33  0.00539 -1.21700e-03
 34  0.00487 -6.40420e-02 | 35  0.01160  2.71012e-01 | 36  0.00938  5.84152e-02
 37  0.01022  1.77246e-01 | 38  0.01258  1.67774e-01 | 39  0.01417  2.60695e-01
 40  0.01671  5.12040e-01 | 41  0.01323 -4.53664e-02 | 42  0.01721  2.54188e-01
 43  0.01620  1.68689e-01 | 44  0.01883  5.30037e-01 | 45  0.01965  4.74919e-01
 46  0.01568 -1.43291e-01 | 47 -0.10766 -6.42334e-01 | 48  0.14050 -1.13221e+01
 49 -0.07430  1.23649e+00 | 50 -0.05600  1.03590e+00 | 51 -0.04834  3.02486e-01
 52 -0.04240  9.38339e-02 | 53 -0.03427  2.74440e-01 | 54 -0.02955  3.09456e-01
 55 -0.02493  2.42201e-01 | 56 -0.01959  2.76408e-01 | 57 -0.00667  3.39412e-01
 58 -0.00236  2.51693e-01 | 59  0.00520  7.67772e-02 | 60  0.01762  4.37355e-02
 61  0.01933 -1.88940e-01 | 62  0.01317  1.35025e-01 | 63  0.01236  9.91599e-02
 64  0.01435 -1.12582e-01 | 65  0.01163 -1.92313e-01 | 66  0.01385 -3.06393e-01
 67  0.01260 -2.88294e-01 | 68  0.01715 -4.33534e-01 | 69  0.01656 -6.71314e-01
 70  0.01656 -3.91483e-01 | 71  0.02362 -4.82235e-01 | 72  0.02659 -4.56717e-01
 73  0.02583 -6.58712e-01 | 74  0.02039 -4.81190e-01 | 75  0.01494 -6.36881e-01
 76  0.02818  3.58939e-01 | 77  0.02818  5.44081e-01 | 78 -0.64929 -2.99270e+01
 79 -0.67382  7.77237e+00 |
Function minimizer not making progress ... is minimum attained?
Minimprove criterion =   0.0000e+00

 - final statistics:
79 variables; iteration 110; function evaluation 183
Function value   2.2503e+04; maximum gradient component mag   5.1922e+02
Exit code = 1;  converg criter   1.0000e-03
Var   Value    Gradient   |Var   Value    Gradient   |Var   Value    Gradient
  1 -0.66906  5.19222e+02 |  2 -0.76105 -9.32376e+00 |  3  0.24293 -1.93290e-03
  4  0.23372  2.03089e+00 |  5  0.15249  1.27686e-01 |  6  0.09536  3.92978e-02
  7  0.05882  1.39004e-02 |  8  0.03370  1.40875e-02 |  9  0.01510  5.24602e-03
 10  0.00075  7.03086e-03 | 11 -0.01054  1.80949e-02 | 12 -0.01946 -2.36938e-03
 13 -0.02645 -4.68986e-03 | 14 -0.03177  3.27837e-02 | 15 -0.03564  5.94022e-03
 16 -0.03816 -1.40750e-02 | 17 -0.03939  2.99431e-02 | 18  0.07192  1.58283e+00
 19 -0.01887 -2.20066e+00 | 20 -0.01186 -1.10620e-01 | 21 -0.01785  1.08723e+00
 22 -0.01469 -1.20938e-01 | 23 -0.01027 -4.19230e-02 | 24 -0.00735 -1.01153e-01
 25 -0.00520 -2.04976e-01 | 26 -0.00147 -1.05507e-01 | 27 -0.00277 -2.07598e-01
 28 -0.00116  1.04693e-01 | 29  0.00047 -1.79452e-01 | 30  0.00222 -2.79638e-01
 31  0.00538  3.56806e-01 | 32  0.00487  1.09802e-01 | 33  0.00539 -1.21700e-03
 34  0.00487 -6.40420e-02 | 35  0.01160  2.71012e-01 | 36  0.00938  5.84152e-02
 37  0.01022  1.77246e-01 | 38  0.01258  1.67774e-01 | 39  0.01417  2.60695e-01
 40  0.01671  5.12040e-01 | 41  0.01323 -4.53664e-02 | 42  0.01721  2.54188e-01
 43  0.01620  1.68689e-01 | 44  0.01883  5.30037e-01 | 45  0.01965  4.74919e-01
 46  0.01568 -1.43291e-01 | 47 -0.10766 -6.42334e-01 | 48  0.14050 -1.13221e+01
 49 -0.07430  1.23649e+00 | 50 -0.05600  1.03590e+00 | 51 -0.04834  3.02486e-01
 52 -0.04240  9.38339e-02 | 53 -0.03427  2.74440e-01 | 54 -0.02955  3.09456e-01
 55 -0.02493  2.42201e-01 | 56 -0.01959  2.76408e-01 | 57 -0.00667  3.39412e-01
 58 -0.00236  2.51693e-01 | 59  0.00520  7.67772e-02 | 60  0.01762  4.37355e-02
 61  0.01933 -1.88940e-01 | 62  0.01317  1.35025e-01 | 63  0.01236  9.91599e-02
 64  0.01435 -1.12582e-01 | 65  0.01163 -1.92313e-01 | 66  0.01385 -3.06393e-01
 67  0.01260 -2.88294e-01 | 68  0.01715 -4.33534e-01 | 69  0.01656 -6.71314e-01
 70  0.01656 -3.91483e-01 | 71  0.02362 -4.82235e-01 | 72  0.02659 -4.56717e-01
 73  0.02583 -6.58712e-01 | 74  0.02039 -4.81190e-01 | 75  0.01494 -6.36881e-01
 76  0.02818  3.58939e-01 | 77  0.02818  5.44081e-01 | 78 -0.64929 -2.99270e+01
 79 -0.67382  7.77237e+00 |
2 0 22503.3
B0236324
0.3 0.277946
0.238239 0.331998
0.225986 0.345139
0.222847 0.348661
0.221995 0.349629
0.221759 0.349897
0.221694 0.349971
0.221676 0.349992
0.221671 0.349998
0.22167 0.349999
0.221669 0.35
0.221669 0.35
0.221669 0.35
0.221669 0.35
0.221669 0.35
0.221669 0.35
0.221669 0.35
0.221669 0.35
0.221669 0.35
0.221669 0.35
0.221669 0.35
FutMOrt0.114361
FutMOrt0.114361
FutMOrt0.114361
FutMOrt0.114361
FutMOrt0.114361
FutMOrt0.114361
FutMOrt0.114361
FutMOrt0.114361
FutMOrt0.114361
FutMOrt0.114361
Survey Bio21.1457
Survey len11172.7
CPUE52.6923
Catch5.22425
Catch len11182.1
initsmo_penal20.0111
F_pen45.4929
Rec_pen3.94776
M_pen0


Starting time: Wed Feb  7 12:22:12 2018
Finishing time: Wed Feb  7 12:22:18 2018
This run took: 0 hours, 0 minutes, 6 seconds.

