survYears 73 74 75 76 77 78 79 80 81 82 83 84 85 86 87 88 89 90 91 92 93 94 95 96 97 98 99 100
SurvLenYear 73 74 75 76 77 78 79 80 81 82 83 84 85 86 87 88 89 90 91 92 93 94 95 96 97 98 99 100
catchBiomass 16206.3 18660.6 13811.4 7701.58 20092 26589.1 49373.4 57224.2 92214.1 100089 139487 127895 196059 220422 222370 174910 174947 164397 224230 219325 212620 206904 214451 251515 282181 262755 237902 220557
steep0.75
25
Out
1 0 39215.7

Initial statistics: 73 variables; iteration 0; function evaluation 0; phase 1
Function value   3.9215664e+04; maximum gradient component mag  -1.4503e+05
Var   Value    Gradient   |Var   Value    Gradient   |Var   Value    Gradient
  1  0.29231  5.94736e+02 |  2  0.24356 -1.79682e+02 |  3  0.23481  2.76117e+02
  4  0.21465  3.35455e+02 |  5  0.22848  9.64310e+02 |  6  0.19592  3.82832e+02
  7  0.19595  5.82372e+02 |  8  0.17918  3.85645e+02 |  9  0.16522  2.65768e+02
 10  0.16373  3.41918e+02 | 11  0.15102  2.87483e+02 | 12  0.12280  5.18465e+01
 13  0.11868  1.09433e+02 | 14  0.11766  9.48245e+00 | 15  0.15062  3.55903e+02
 16  0.04241 -6.49002e+03 | 17  0.00000 -4.21343e+03 | 18  0.00000 -1.59737e+03
 19  0.00000 -2.56539e+03 | 20  0.00000  8.70088e+02 | 21  0.00000 -5.99061e+02
 22  0.00000  3.30752e+02 | 23  0.00000  2.38933e+01 | 24  0.00000  1.14197e+03
 25  0.00000  3.32364e+02 | 26  0.00000  1.57635e+03 | 27  0.00000  5.82321e+02
 28  0.00000  2.37657e+03 | 29  0.00000  1.13950e+03 | 30  0.00000  5.40366e+02
 31  0.00000 -1.67910e+02 | 32  0.00000  4.06830e+02 | 33  0.00000  4.30481e+02
 34  0.00000  1.80186e+03 | 35  0.00000  5.87464e+02 | 36  0.00000  3.31014e+02
 37  0.00000  5.65364e+02 | 38  0.00000  7.86382e+02 | 39  0.00000  1.12130e+03
 40  0.00000  6.42944e+02 | 41  0.00000  1.49812e+02 | 42  0.00000 -2.41731e+02
 43  0.00000 -1.59251e+03 | 44  0.00000 -4.76022e+03 | 45  0.12104 -1.45034e+05
 46  0.00000  2.24854e+04 | 47  0.00000  2.05644e+04 | 48  0.00000  1.48956e+04
 49  0.00000  1.14092e+04 | 50  0.00000  6.76487e+03 | 51  0.00000  4.19823e+03
 52  0.00000  1.31844e+03 | 53  0.00000  1.39644e+02 | 54  0.00000 -1.80971e+03
 55  0.00000 -2.69385e+03 | 56  0.00000 -5.19746e+03 | 57  0.00000 -5.39924e+03
 58  0.00000 -4.73760e+03 | 59  0.00000 -3.83070e+03 | 60  0.00000 -3.80312e+03
 61  0.00000 -4.41561e+03 | 62  0.00000 -6.05791e+03 | 63  0.00000 -5.85830e+03
 64  0.00000 -5.60624e+03 | 65  0.00000 -5.65240e+03 | 66  0.00000 -6.41553e+03
 67  0.00000 -7.01336e+03 | 68  0.00000 -7.16646e+03 | 69  0.00000 -6.72455e+03
 70  0.00000 -6.31838e+03 | 71  0.00000 -3.31728e+03 | 72  0.00000  3.20875e+03
 73  0.00000  7.03313e+03 |
1 0 39215.6
1 0 39215.4
1 0 39213.4
1 0 39193.5
1 0 38997.6
1 0 37409.3
1 0 34618.7
1 0 30014.9
1 0 35817.3
1 0 28261.2
1 0 41921.2
1 0 28092.4
1 0 27940.5
1 0 28222.8
1 0 27904.6
1 0 27875.3
1 0 27874.1
1 0 27865.2

Intermediate statistics: 73 variables; iteration 10; function evaluation 18; phase 1
Function value   2.7873501e+04; maximum gradient component mag   9.1674e+03
Var   Value    Gradient   |Var   Value    Gradient   |Var   Value    Gradient
  1  0.27368 -6.79288e+02 |  2  0.26447 -2.10611e+02 |  3  0.23632  8.41449e+01
  4  0.20921  1.82154e+02 |  5  0.20060  3.22584e+02 |  6  0.18339  2.13220e+02
  7  0.17583  2.36998e+02 |  8  0.16500  1.86885e+02 |  9  0.15544  1.50103e+02
 10  0.14961  1.63867e+02 | 11  0.13861  1.35832e+02 | 12  0.12220  5.08918e+01
 13  0.11600  4.39350e+01 | 14  0.11906  4.28167e+01 | 15  0.13379  1.60380e+02
 16  0.45525 -5.13823e+03 | 17 -0.08679  4.34551e+02 | 18 -0.08851 -5.88519e+02
 19 -0.11412 -2.28293e+03 | 20 -0.14444 -5.60294e+02 | 21 -0.10094 -1.04776e+03
 22 -0.00723  3.11111e+02 | 23  0.01526  6.57743e+02 | 24  0.01334  9.33223e+02
 25  0.01932  7.52779e+02 | 26  0.01340  8.85714e+02 | 27  0.01832  5.20059e+02
 28  0.01095  5.52949e+02 | 29  0.01759  7.10228e+02 | 30  0.01913  7.69120e+02
 31  0.02295  5.51701e+02 | 32  0.02074  4.47011e+02 | 33  0.02057 -1.96168e+01
 34  0.01365  5.23200e+01 | 35  0.02531  2.96511e+02 | 36  0.02790  1.16973e+02
 37  0.02821  9.94816e+01 | 38  0.02571 -3.98884e+02 | 39  0.02767 -1.58641e+02
 40  0.03434 -1.52074e+02 | 41  0.03822  1.52736e+02 | 42  0.03669  2.38047e+02
 43  0.03942  1.04297e+03 | 44  0.05773  6.52073e+02 | 45  0.17259 -1.12782e+03
 46 -0.05590  9.16738e+03 | 47 -0.06627  3.66520e+03 | 48 -0.04515  5.74733e+03
 49 -0.04575  2.73229e+03 | 50 -0.02937  5.97914e+02 | 51 -0.01920  1.66476e+02
 52 -0.01299 -9.41208e+02 | 53 -0.00769 -9.88191e+02 | 54 -0.00343 -1.76347e+03
 55  0.00062 -1.36397e+03 | 56  0.00536 -2.20340e+03 | 57  0.00929 -2.61348e+03
 58  0.00726 -2.82064e+03 | 59  0.00811 -2.13709e+03 | 60  0.00656 -1.84171e+03
 61  0.00880 -1.16031e+03 | 62  0.01047 -1.95781e+03 | 63  0.01586 -1.86629e+03
 64  0.01587 -1.48556e+03 | 65  0.01590 -1.44963e+03 | 66  0.01791 -1.10107e+03
 67  0.01889 -1.46550e+03 | 68  0.02327 -1.34157e+03 | 69  0.02407 -1.86960e+03
 70  0.02335 -2.21265e+03 | 71  0.01229 -3.82847e+03 | 72  0.00790 -2.73151e+03
 73  0.02898 -4.41935e+02 |
1 0 27860.2
1 0 27857.1
1 0 27856.1
1 0 27852.5
1 0 27848.1
1 0 27841
1 0 27841.5
1 0 27837.8
1 0 27834
1 0 27835.2
1 0 27832.4
1 0 27829.9
73 variables; iteration 20; function evaluation 30; phase 1
Function value   2.7839615e+04; maximum gradient component mag   9.8486e+03
Var   Value    Gradient   |Var   Value    Gradient   |Var   Value    Gradient
  1  0.26235 -7.83065e+02 |  2  0.27654 -5.63726e+01 |  3  0.21583  7.00987e+01
  4  0.17792  9.72745e+01 |  5  0.16238  1.75254e+02 |  6  0.14444  9.58826e+01
  7  0.13789  1.28237e+02 |  8  0.13008  1.06037e+02 |  9  0.12355  9.48333e+01
 10  0.11831  9.23856e+01 | 11  0.11250  8.02766e+01 | 12  0.10698  6.08285e+01
 13  0.10520  7.08124e+01 | 14  0.10347  5.89850e+01 | 15  0.10482  7.61545e+01
 16  0.45617 -4.78654e+03 | 17 -0.09805  5.50246e+02 | 18 -0.08877 -1.08428e+03
 19 -0.10962 -2.38590e+03 | 20 -0.13919 -4.83542e+02 | 21 -0.10432 -1.41291e+03
 22 -0.00653  3.20334e+01 | 23  0.01438  1.49149e+02 | 24  0.01220  5.15612e+02
 25  0.01708  2.89581e+02 | 26  0.01233  4.62412e+02 | 27  0.01781  2.82441e+02
 28  0.01170  3.22438e+02 | 29  0.01762  4.90182e+02 | 30  0.01772  4.24021e+02
 31  0.02155  2.24682e+02 | 32  0.02040  1.89071e+02 | 33  0.02125 -2.04554e+02
 34  0.01474 -1.01892e+02 | 35  0.02588  1.06930e+02 | 36  0.02697 -1.91398e+02
 37  0.02852 -9.68505e+01 | 38  0.02646 -5.32090e+02 | 39  0.02807 -2.91056e+02
 40  0.03450 -3.92016e+02 | 41  0.03997  5.74632e+01 | 42  0.03788  9.27124e+01
 43  0.03957  8.14690e+02 | 44  0.05443  2.16516e+02 | 45  0.17424 -1.01975e+03
 46 -0.05525  9.84858e+03 | 47 -0.06875  3.36130e+03 | 48 -0.04813  5.27560e+03
 49 -0.04341  3.55500e+03 | 50 -0.03007  4.67020e+02 | 51 -0.01793  1.00711e+03
 52 -0.01340 -7.48893e+02 | 53 -0.00912 -1.02551e+03 | 54 -0.00365 -1.43927e+03
 55 -0.00150 -1.74751e+03 | 56  0.00457 -2.16063e+03 | 57  0.00762 -2.86113e+03
 58  0.00516 -3.07531e+03 | 59  0.00589 -2.40905e+03 | 60  0.00473 -2.08233e+03
 61  0.00722 -1.42517e+03 | 62  0.00860 -2.28561e+03 | 63  0.01451 -2.06074e+03
 64  0.01380 -1.75187e+03 | 65  0.01440 -1.65724e+03 | 66  0.01604 -1.46835e+03
 67  0.01654 -1.91508e+03 | 68  0.02154 -1.58496e+03 | 69  0.02402 -1.85887e+03
 70  0.02313 -2.20507e+03 | 71  0.01210 -3.76870e+03 | 72  0.00537 -3.18087e+03
 73  0.05820 -3.30719e+02 |
1 0 27827.4
1 0 27824.9
1 0 27824.5
1 0 27823.4
1 0 27823.3
1 0 27823
1 0 27822.5
1 0 27821.9
1 0 27821.9
1 0 27821.6
1 0 27821.1
1 0 27820.9
73 variables; iteration 30; function evaluation 42; phase 1
Function value   2.7830607e+04; maximum gradient component mag   9.9353e+03
Var   Value    Gradient   |Var   Value    Gradient   |Var   Value    Gradient
  1  0.26238 -8.62101e+02 |  2  0.26119 -2.93635e+02 |  3  0.19470 -7.15274e+01
  4  0.16307  3.91639e+01 |  5  0.15398  1.74590e+02 |  6  0.13328  7.05005e+01
  7  0.12258  9.32787e+01 |  8  0.10974  5.64464e+01 |  9  0.10025  3.20919e+01
 10  0.09796  6.59718e+01 | 11  0.09191  6.66358e+01 | 12  0.07999  1.24652e+01
 13  0.07539  1.34879e+01 | 14  0.07674 -5.24350e+00 | 15  0.09012  9.08400e+01
 16  0.45579 -4.68511e+03 | 17 -0.10653  1.02272e+03 | 18 -0.09121 -1.38263e+03
 19 -0.11108 -2.44457e+03 | 20 -0.14094 -6.04562e+02 | 21 -0.09936 -1.26493e+03
 22 -0.00498  8.92294e+01 | 23  0.01441  9.97094e+01 | 24  0.01272  5.30981e+02
 25  0.01835  3.58232e+02 | 26  0.01296  5.20214e+02 | 27  0.01812  2.95311e+02
 28  0.01192  2.93934e+02 | 29  0.01715  4.28744e+02 | 30  0.01852  3.84032e+02
 31  0.02397  4.64799e+02 | 32  0.02040  3.96554e+01 | 33  0.02073 -2.35318e+02
 34  0.01561 -9.43838e+01 | 35  0.02493  3.03943e+00 | 36  0.02684 -1.41528e+02
 37  0.02807 -2.12830e+02 | 38  0.02746 -3.89117e+02 | 39  0.02885 -1.77161e+02
 40  0.03267 -5.56604e+02 | 41  0.03871 -1.86541e+02 | 42  0.03802  9.52922e+01
 43  0.04015  8.28048e+02 | 44  0.05801  2.73464e+02 | 45  0.17311 -1.05595e+03
 46 -0.05446  9.93531e+03 | 47 -0.06835  3.11958e+03 | 48 -0.04598  5.53740e+03
 49 -0.04213  3.64305e+03 | 50 -0.03002  2.13465e+02 | 51 -0.01681  1.16133e+03
 52 -0.01265 -8.11166e+02 | 53 -0.00801 -9.99553e+02 | 54 -0.00340 -1.65921e+03
 55 -0.00087 -1.82102e+03 | 56  0.00580 -2.02565e+03 | 57  0.00819 -2.90925e+03
 58  0.00692 -2.81036e+03 | 59  0.00710 -2.54190e+03 | 60  0.00675 -1.68921e+03
 61  0.00760 -1.54323e+03 | 62  0.01042 -2.02007e+03 | 63  0.01489 -2.09371e+03
 64  0.01382 -1.98662e+03 | 65  0.01529 -1.55848e+03 | 66  0.01636 -1.71116e+03
 67  0.01710 -2.06970e+03 | 68  0.02124 -1.73029e+03 | 69  0.02467 -1.72046e+03
 70  0.02399 -2.18474e+03 | 71  0.01335 -3.69871e+03 | 72  0.00440 -3.15195e+03
 73  0.03688 -4.51587e+02 |
1 0 27820.6
1 0 27820.7
1 0 27820.4
1 0 27820.3
1 0 27820
1 0 27819.7
1 0 27819.3
1 0 27819.2
1 0 27819
1 0 27819.3
1 0 27818.9
1 0 27818.9
73 variables; iteration 40; function evaluation 54; phase 1
Function value   2.7828618e+04; maximum gradient component mag   9.9639e+03
Var   Value    Gradient   |Var   Value    Gradient   |Var   Value    Gradient
  1  0.26423 -8.25743e+02 |  2  0.26062 -2.82452e+02 |  3  0.20213 -2.38935e+01
  4  0.16898  5.66718e+01 |  5  0.15950  1.99159e+02 |  6  0.13697  6.73931e+01
  7  0.12843  1.16753e+02 |  8  0.11441  7.47882e+01 |  9  0.10054  4.01675e+01
 10  0.09165  5.94742e+01 | 11  0.07890  4.41176e+01 | 12  0.06354 -1.76178e+01
 13  0.06116  1.40879e+01 | 14  0.06177 -1.62710e+01 | 15  0.07474  7.59992e+01
 16  0.45613 -4.69951e+03 | 17 -0.10584  9.50850e+02 | 18 -0.09125 -1.39462e+03
 19 -0.11099 -2.44465e+03 | 20 -0.14074 -5.78264e+02 | 21 -0.09940 -1.25660e+03
 22 -0.00396  1.32319e+02 | 23  0.01478  1.20506e+02 | 24  0.01284  5.37058e+02
 25  0.01829  3.69479e+02 | 26  0.01292  5.27744e+02 | 27  0.01798  2.60668e+02
 28  0.01164  2.82266e+02 | 29  0.01742  4.94274e+02 | 30  0.01867  4.32806e+02
 31  0.02385  4.34165e+02 | 32  0.02059  7.70274e+01 | 33  0.02059 -2.59960e+02
 34  0.01500 -1.37089e+02 | 35  0.02468 -7.88439e+01 | 36  0.02680 -9.59871e+01
 37  0.02797 -2.10519e+02 | 38  0.02723 -3.59511e+02 | 39  0.02812 -2.85965e+02
 40  0.03317 -4.61711e+02 | 41  0.03840 -2.21143e+02 | 42  0.03813  9.79564e+01
 43  0.04006  8.01453e+02 | 44  0.05747  2.80399e+02 | 45  0.17351 -9.15604e+02
 46 -0.05470  9.96390e+03 | 47 -0.06867  3.10748e+03 | 48 -0.04630  5.51549e+03
 49 -0.04238  3.63767e+03 | 50 -0.03022  1.98951e+02 | 51 -0.01691  1.19141e+03
 52 -0.01278 -7.70684e+02 | 53 -0.00842 -1.04927e+03 | 54 -0.00370 -1.67651e+03
 55 -0.00080 -1.70129e+03 | 56  0.00536 -2.06993e+03 | 57  0.00757 -3.04626e+03
 58  0.00628 -2.93759e+03 | 59  0.00697 -2.49126e+03 | 60  0.00641 -1.74058e+03
 61  0.00754 -1.46975e+03 | 62  0.01008 -2.02141e+03 | 63  0.01523 -1.87446e+03
 64  0.01322 -2.10402e+03 | 65  0.01493 -1.57955e+03 | 66  0.01568 -1.83360e+03
 67  0.01698 -1.95660e+03 | 68  0.02098 -1.78546e+03 | 69  0.02420 -1.75170e+03
 70  0.02397 -2.13062e+03 | 71  0.01316 -3.66937e+03 | 72  0.00494 -3.12466e+03
 73  0.04346 -4.23094e+02 |
1 0 27818.7
1 0 27818.6
1 0 27818.5
1 0 27818.4
1 0 27818.1
1 0 27817.4
1 0 27816.4
1 0 27816.2
1 0 27815.9
1 0 27815.2
1 0 27812
1 0 27816
1 0 27810.9
73 variables; iteration 50; function evaluation 67; phase 1
Function value   2.7820464e+04; maximum gradient component mag   1.0049e+04
Var   Value    Gradient   |Var   Value    Gradient   |Var   Value    Gradient
  1  0.26419 -7.91702e+02 |  2  0.25923 -2.73430e+02 |  3  0.20643  4.69561e+01
  4  0.16124  2.67587e+01 |  5  0.14475  9.91228e+01 |  6  0.13456  9.23435e+01
  7  0.13020  1.11021e+02 |  8  0.12508  1.29436e+02 |  9  0.11114  4.36022e+00
 10  0.11934  1.72744e+02 | 11  0.10293  1.20360e+02 | 12  0.06971 -3.23669e+01
 13  0.05577  7.48430e+01 | 14  0.02603 -8.56603e+01 | 15  0.02547  9.29766e+00
 16  0.45756 -4.56839e+03 | 17 -0.10683  8.11670e+02 | 18 -0.09127 -1.37806e+03
 19 -0.11074 -2.45359e+03 | 20 -0.14027 -5.53966e+02 | 21 -0.09964 -1.28215e+03
 22 -0.00390  1.43998e+02 | 23  0.01360  7.24469e+01 | 24  0.01349  6.06584e+02
 25  0.01956  4.49527e+02 | 26  0.01326  5.02388e+02 | 27  0.01694  1.60176e+02
 28  0.01360  4.37825e+02 | 29  0.01757  4.57389e+02 | 30  0.01820  4.10758e+02
 31  0.02422  5.12569e+02 | 32  0.02048  5.90703e+01 | 33  0.01699 -5.20876e+02
 34  0.01474 -1.41756e+02 | 35  0.02556 -1.95677e+01 | 36  0.02844  5.95983e+01
 37  0.02826 -1.95824e+02 | 38  0.02684 -3.49749e+02 | 39  0.02841 -2.76953e+02
 40  0.03404 -3.91820e+02 | 41  0.03821 -1.74822e+02 | 42  0.03782  7.09065e+01
 43  0.03993  7.98219e+02 | 44  0.05694  2.40258e+02 | 45  0.17319 -1.01290e+03
 46 -0.05431  1.00495e+04 | 47 -0.06853  3.11440e+03 | 48 -0.04628  5.48036e+03
 49 -0.04214  3.67979e+03 | 50 -0.03059  2.58606e+01 | 51 -0.01745  9.95112e+02
 52 -0.01263 -8.45130e+02 | 53 -0.00744 -9.16615e+02 | 54 -0.00255 -1.39784e+03
 55 -0.00068 -1.68716e+03 | 56  0.00635 -1.94849e+03 | 57  0.00838 -2.88139e+03
 58  0.00617 -3.01808e+03 | 59  0.00704 -2.60087e+03 | 60  0.00703 -1.63086e+03
 61  0.00687 -1.46806e+03 | 62  0.01025 -2.03137e+03 | 63  0.01591 -1.83577e+03
 64  0.01414 -2.07691e+03 | 65  0.01538 -1.55897e+03 | 66  0.01534 -1.98984e+03
 67  0.01740 -1.91899e+03 | 68  0.02191 -1.70141e+03 | 69  0.02395 -1.89736e+03
 70  0.02413 -2.14344e+03 | 71  0.01362 -3.62789e+03 | 72  0.00475 -3.11848e+03
 73  0.03632 -4.52868e+02 |
1 0 27809.2
1 0 27810.3
1 0 27808.7
1 0 27807.5
1 0 27800.4
1 0 27796.3
1 0 27790.1
1 0 27779.8
1 0 27760.3
1 0 27726.2
1 0 27679.5
1 0 27597.5
73 variables; iteration 60; function evaluation 79; phase 1
Function value   2.7604073e+04; maximum gradient component mag   9.8274e+03
Var   Value    Gradient   |Var   Value    Gradient   |Var   Value    Gradient
  1  0.27601 -3.71951e+02 |  2  0.25550 -1.83776e+02 |  3  0.22111  1.50141e+02
  4  0.18940  2.48341e+02 |  5  0.15719  2.05621e+02 |  6  0.11448 -2.00131e+01
  7  0.10183  1.84142e+01 |  8  0.10259 -1.71822e+01 |  9  0.12926  2.48579e+02
 10  0.11821  1.08046e+02 | 11  0.10542  1.25306e+02 | 12  0.07818  4.61510e+01
 13  0.04996 -2.02831e+00 | 14  0.02917 -2.67610e+01 | 15  0.02063 -1.69981e+01
 16  0.48221 -2.41583e+03 | 17 -0.10833 -7.20317e+01 | 18 -0.09284 -1.40630e+03
 19 -0.11115 -2.57495e+03 | 20 -0.13896 -7.81565e+02 | 21 -0.09865 -1.18620e+03
 22 -0.00629 -2.48496e+01 | 23  0.01124 -1.03014e+02 | 24  0.01692  1.01380e+03
 25  0.01702  3.14608e+02 | 26  0.00953  2.16612e+02 | 27  0.01048 -3.79565e+02
 28  0.01076  2.21279e+02 | 29  0.02051  7.29202e+02 | 30  0.02371  1.09540e+03
 31  0.02432  2.19091e+02 | 32  0.02293  2.90145e+02 | 33  0.02182 -1.68813e+02
 34  0.02083  4.11138e+02 | 35  0.02636  3.33642e+02 | 36  0.02471 -3.48630e+02
 37  0.02613 -5.53936e+02 | 38  0.03079  2.77246e+02 | 39  0.03546  5.71658e+02
 40  0.03929  3.04677e+02 | 41  0.03803 -1.27126e+02 | 42  0.03690  8.25352e+00
 43  0.03766  3.55379e+02 | 44  0.04587 -1.47442e+02 | 45  0.17368 -3.59213e+03
 46 -0.05548  9.82742e+03 | 47 -0.07162  2.74748e+03 | 48 -0.05092  4.57337e+03
 49 -0.04647  3.02380e+03 | 50 -0.03244  2.23558e+00 | 51 -0.01839  8.34646e+02
 52 -0.01202 -7.87200e+02 | 53 -0.00848 -1.08251e+03 | 54 -0.00303 -1.27794e+03
 55 -0.00139 -1.43627e+03 | 56  0.00551 -1.97834e+03 | 57  0.01053 -2.49856e+03
 58  0.00832 -2.90479e+03 | 59  0.01044 -1.75410e+03 | 60  0.00841 -1.53371e+03
 61  0.00835 -1.53104e+03 | 62  0.01232 -1.74121e+03 | 63  0.01530 -2.32514e+03
 64  0.01437 -1.75733e+03 | 65  0.01721 -8.79043e+02 | 66  0.01631 -2.17048e+03
 67  0.02070 -1.64109e+03 | 68  0.02592 -1.43266e+03 | 69  0.02551 -1.75250e+03
 70  0.02672 -1.58110e+03 | 71  0.01766 -2.53180e+03 | 72  0.01206 -2.15117e+03
 73  0.02160 -3.37491e+02 |
1 0 27582.6
1 0 27549.3
1 0 27948.7
1 0 27543.8
1 0 27535.2
1 0 27550.9
1 0 27533
1 0 27532
1 0 27531
1 0 27547.8
1 0 27530.9
1 0 27530.8
1 0 27530.8
1 0 27530.7
1 0 27530.1
73 variables; iteration 70; function evaluation 94; phase 1
Function value   2.7535345e+04; maximum gradient component mag   9.6117e+03
Var   Value    Gradient   |Var   Value    Gradient   |Var   Value    Gradient
  1  0.27765 -3.03928e+02 |  2  0.25490 -2.10070e+02 |  3  0.20620  4.77698e+01
  4  0.16425  1.08329e+02 |  5  0.12860  3.65602e+01 |  6  0.10899 -9.32736e+01
  7  0.13902  2.52903e+02 |  8  0.13522  1.32468e+02 |  9  0.13409  2.47413e+02
 10  0.10034  5.63309e+00 | 11  0.08600  6.37665e+01 | 12  0.06751  3.58626e+01
 13  0.04826 -6.29521e+01 | 14  0.05453  1.00132e+02 | 15  0.03811 -3.72269e+01
 16  0.49441 -1.11926e+03 | 17 -0.11259 -9.35358e+01 | 18 -0.09400 -1.48501e+03
 19 -0.11175 -2.67425e+03 | 20 -0.13850 -9.70228e+02 | 21 -0.09753 -1.09290e+03
 22 -0.00709 -1.50346e+02 | 23  0.01328  5.66858e+01 | 24  0.01247  5.25802e+02
 25  0.01597  1.54651e+02 | 26  0.01508  5.85276e+02 | 27  0.02593  1.09139e+03
 28  0.01543  6.18431e+02 | 29  0.01320 -1.40326e+02 | 30  0.02261  1.06548e+03
 31  0.01570 -6.36776e+02 | 32  0.02962  1.32130e+03 | 33  0.01893 -6.50860e+02
 34  0.02932  1.65254e+03 | 35  0.03125  9.30287e+02 | 36  0.02404 -5.55610e+02
 37  0.02922 -1.25316e+02 | 38  0.02705 -1.83035e+02 | 39  0.02971 -1.11594e+02
 40  0.03604 -5.82189e+01 | 41  0.03731 -1.97417e+02 | 42  0.03729  5.15346e+01
 43  0.03731  1.50220e+02 | 44  0.03999 -3.69860e+02 | 45  0.17408 -4.71940e+03
 46 -0.05638  9.61171e+03 | 47 -0.07331  2.55210e+03 | 48 -0.05382  4.01452e+03
 49 -0.04901  2.53803e+03 | 50 -0.03368 -8.92397e+01 | 51 -0.01852  7.43945e+02
 52 -0.01302 -7.36592e+02 | 53 -0.00854 -9.97717e+02 | 54 -0.00147 -1.07948e+03
 55  0.00361 -1.31938e+03 | 56  0.00716 -1.77437e+03 | 57  0.00884 -2.38846e+03
 58  0.00965 -2.57061e+03 | 59  0.00701 -1.89421e+03 | 60  0.01141 -1.46533e+03
 61  0.00770 -1.46833e+03 | 62  0.01457 -1.71341e+03 | 63  0.01840 -2.17427e+03
 64  0.01456 -1.66169e+03 | 65  0.01879 -8.44172e+02 | 66  0.01571 -2.06080e+03
 67  0.01879 -1.65978e+03 | 68  0.02469 -1.39160e+03 | 69  0.02592 -1.58977e+03
 70  0.02855 -1.22179e+03 | 71  0.02029 -1.89540e+03 | 72  0.01640 -1.60892e+03
 73  0.01500 -2.87913e+02 |
1 0 27529.3
1 0 27527.9
1 0 27525.1
1 0 27512.4
1 0 27482
1 0 27296.5
1 0 27323.7
1 0 27197.2
1 0 27137.8
1 0 27107.9
1 0 27086.1
1 0 27074.9
1 0 27070.9
73 variables; iteration 80; function evaluation 107; phase 1
Function value   2.7070940e+04; maximum gradient component mag  -3.4587e+02
Var   Value    Gradient   |Var   Value    Gradient   |Var   Value    Gradient
  1  0.28783 -2.79731e+02 |  2  0.26086 -3.56709e+01 |  3  0.18910 -5.67416e+00
  4  0.13530 -9.19226e-01 |  5  0.09989  7.78438e+00 |  6  0.07427  5.07702e-01
  7  0.05640 -2.29558e+00 |  8  0.04478  6.82753e+00 |  9  0.03543  8.48152e+00
 10  0.02705  2.09793e-01 | 11  0.02152  7.58115e+00 | 12  0.01629  7.56549e+00
 13  0.01106 -1.89134e+00 | 14  0.00842  1.32768e+00 | 15  0.00729  2.44392e+00
 16  0.53436 -4.72306e+00 | 17 -0.13145 -9.92333e+01 | 18 -0.10507  1.03370e+02
 19 -0.10147  2.55260e+01 | 20 -0.11371 -4.87255e+01 | 21 -0.02490 -1.81763e+02
 22 -0.00344  1.20355e+02 | 23  0.00589  9.19173e+00 | 24  0.00241 -3.06302e+01
 25  0.01075 -2.08445e+00 | 26  0.00573 -2.37433e+00 | 27  0.01462  1.00240e+01
 28  0.00802  4.17232e+00 | 29  0.01486 -1.47291e+01 | 30  0.01687  9.85118e+00
 31  0.02115 -1.07565e+01 | 32  0.01957 -1.00542e+01 | 33  0.02164 -5.28820e+01
 34  0.01628  3.48664e+00 | 35  0.02466 -1.55297e+01 | 36  0.02664 -2.86085e+01
 37  0.02732 -1.74500e+01 | 38  0.02895  9.92454e+01 | 39  0.02966  4.08837e+01
 40  0.03500  1.95665e+01 | 41  0.03666 -2.00556e+01 | 42  0.03436  8.27150e+00
 43  0.03627  5.36558e+01 | 44  0.04040  5.66125e+00 | 45  0.17700  2.54550e+02
 46 -0.09342 -8.31273e+01 | 47 -0.08482  1.18341e+02 | 48 -0.07725  1.31061e+02
 49 -0.05413 -3.45873e+02 | 50 -0.03626  5.16031e+01 | 51 -0.02309  2.03555e+01
 52 -0.01362  9.71931e+00 | 53 -0.00701  1.52291e+00 | 54 -0.00060  4.17738e+00
 55  0.00430  1.70038e+01 | 56  0.01039 -2.78028e+00 | 57  0.01707  8.42470e+00
 58  0.01584  8.31192e-02 | 59  0.01567  4.08031e+00 | 60  0.01267  3.14348e+01
 61  0.01388  2.47096e+01 | 62  0.01626  1.12324e+00 | 63  0.02294  2.21621e+01
 64  0.02152  9.75928e+00 | 65  0.02135  1.97258e+01 | 66  0.02365 -3.34687e+01
 67  0.02464 -3.58710e+00 | 68  0.02945 -1.00720e+00 | 69  0.03220  7.13296e+00
 70  0.03225  2.40563e+01 | 71  0.02700 -3.09917e+01 | 72  0.02383 -2.87353e+01
 73  0.02445 -1.01114e+01 |
1 0 27069.5
1 0 27069.1
1 0 27069
1 0 27068.8
1 0 27068.7
1 0 27068.6
1 0 27068.6
1 0 27068.6
1 0 27068.6
1 0 27068.6
73 variables; iteration 90; function evaluation 117; phase 1
Function value   2.7068608e+04; maximum gradient component mag  -2.8282e+00
Var   Value    Gradient   |Var   Value    Gradient   |Var   Value    Gradient
  1  0.29328 -4.79014e-01 |  2  0.26525 -1.40469e-01 |  3  0.19412  4.65828e-02
  4  0.13817 -1.06328e-01 |  5  0.09957 -1.15682e-01 |  6  0.07216 -2.19647e-02
  7  0.05181 -7.74032e-02 |  8  0.03621 -4.54524e-02 |  9  0.02403  4.97815e-02
 10  0.01446  5.85235e-02 | 11  0.00699  5.96400e-02 | 12  0.00129  4.90394e-02
 13 -0.00283 -3.21897e-04 | 14 -0.00550  6.54422e-02 | 15 -0.00683  3.22980e-02
 16  0.53605  4.55097e-01 | 17 -0.12471  2.57312e-01 | 18 -0.10544  1.59428e-01
 19 -0.10213  6.30985e-01 | 20 -0.11352 -2.34418e-01 | 21 -0.02068 -7.66452e-01
 22 -0.00500 -1.43121e+00 | 23  0.00538 -2.22940e-02 | 24  0.00242  2.01922e-01
 25  0.01047 -2.25128e-01 | 26  0.00543  1.80252e-01 | 27  0.01415 -1.22776e-01
 28  0.00767 -3.72663e-02 | 29  0.01464 -1.40668e-01 | 30  0.01648 -1.65229e-01
 31  0.02089 -4.43694e-01 | 32  0.01926 -3.86023e-01 | 33  0.02164 -5.74158e-01
 34  0.01596  4.36587e-01 | 35  0.02439  5.26231e-01 | 36  0.02648  6.63342e-02
 37  0.02704  1.03390e+00 | 38  0.02811  6.60793e-01 | 39  0.02904 -4.23768e-02
 40  0.03455  1.01981e-01 | 41  0.03639 -7.39022e-02 | 42  0.03394 -4.86957e-02
 43  0.03574 -4.94079e-01 | 44  0.03927  7.52928e-01 | 45  0.17690 -2.82824e+00
 46 -0.09344 -6.03882e-01 | 47 -0.08536  2.71012e-01 | 48 -0.07761  6.77155e-01
 49 -0.05276 -9.28638e-01 | 50 -0.03649  3.69757e-01 | 51 -0.02317 -1.85461e-01
 52 -0.01357 -1.17053e-01 | 53 -0.00699  4.92450e-01 | 54 -0.00059 -1.42023e-01
 55  0.00422  3.74153e-01 | 56  0.01041 -8.09624e-02 | 57  0.01710  1.37896e-01
 58  0.01583  2.43042e-01 | 59  0.01570  4.16403e-01 | 60  0.01258  2.50794e-01
 61  0.01394  1.19602e-01 | 62  0.01627 -1.88989e-02 | 63  0.02291 -3.40231e-01
 64  0.02157 -4.27380e-02 | 65  0.02133 -2.95788e-01 | 66  0.02356 -2.24696e-01
 67  0.02455  4.08080e-04 | 68  0.02940 -2.06195e-02 | 69  0.03221 -1.40047e-01
 70  0.03215 -1.71606e-01 | 71  0.02703  7.42216e-01 | 72  0.02422 -5.40043e-01
 73  0.02422  1.57103e-01 |
1 0 27068.6
1 0 27068.6
1 0 27068.6
1 0 27068.6

 - final statistics:
73 variables; iteration 94; function evaluation 121
Function value   2.7069e+04; maximum gradient component mag  -4.9998e-02
Exit code = 1;  converg criter   1.0000e-01
Var   Value    Gradient   |Var   Value    Gradient   |Var   Value    Gradient
  1  0.29329  9.50517e-03 |  2  0.26525  6.82615e-03 |  3  0.19412  5.82658e-04
  4  0.13819  2.64999e-03 |  5  0.09961  9.63893e-04 |  6  0.07218 -6.21617e-04
  7  0.05181  4.73115e-04 |  8  0.03618 -1.42080e-03 |  9  0.02395 -3.73084e-03
 10  0.01433 -1.25264e-03 | 11  0.00683 -4.48047e-06 | 12  0.00112  3.39784e-04
 13 -0.00302  9.74537e-04 | 14 -0.00571 -3.01309e-04 | 15 -0.00704  6.82522e-04
 16  0.53603 -9.79579e-03 | 17 -0.12472 -7.76020e-03 | 18 -0.10544  1.48250e-02
 19 -0.10213 -1.95904e-02 | 20 -0.11352  4.00238e-03 | 21 -0.02066 -5.69971e-03
 22 -0.00498 -1.48399e-02 | 23  0.00538  8.44572e-03 | 24  0.00242 -5.88678e-03
 25  0.01047  2.96592e-03 | 26  0.00543  2.31038e-03 | 27  0.01415  1.59422e-02
 28  0.00768 -3.13138e-04 | 29  0.01464  4.72006e-03 | 30  0.01648  1.25803e-02
 31  0.02089  4.15369e-02 | 32  0.01927 -1.55201e-03 | 33  0.02165 -4.99977e-02
 34  0.01596 -1.83170e-02 | 35  0.02439 -1.95586e-02 | 36  0.02648  2.05612e-02
 37  0.02703 -3.12231e-02 | 38  0.02811  2.15471e-02 | 39  0.02904  2.32888e-03
 40  0.03455 -2.25640e-02 | 41  0.03639  4.48101e-02 | 42  0.03395 -4.98928e-03
 43  0.03574  1.27611e-02 | 44  0.03919 -4.27815e-03 | 45  0.17690 -1.12025e-03
 46 -0.09343 -3.98634e-02 | 47 -0.08537  1.82018e-02 | 48 -0.07761 -7.13882e-03
 49 -0.05276  2.01170e-02 | 50 -0.03649  2.01529e-03 | 51 -0.02317  1.00867e-02
 52 -0.01357 -1.87348e-03 | 53 -0.00699 -3.55672e-03 | 54 -0.00059 -8.08881e-04
 55  0.00422 -1.05185e-02 | 56  0.01041 -1.01417e-03 | 57  0.01709 -3.51466e-03
 58  0.01583 -1.49445e-02 | 59  0.01569 -1.88450e-02 | 60  0.01258 -7.79967e-04
 61  0.01394  2.29344e-02 | 62  0.01627  4.75702e-03 | 63  0.02290  1.19535e-02
 64  0.02156 -5.95059e-03 | 65  0.02132  1.30519e-02 | 66  0.02356 -1.05546e-02
 67  0.02455 -1.85404e-03 | 68  0.02939  5.13360e-03 | 69  0.03221 -3.05790e-03
 70  0.03215  1.45139e-03 | 71  0.02702 -1.32297e-02 | 72  0.02425  2.32621e-02
 73  0.02425 -5.22011e-04 |
1 0 27068.6
B0234224
0.3 0.290687
0.24916 0.333561
0.237457 0.345238
0.234227 0.348602
0.233291 0.349588
0.233016 0.349878
0.232935 0.349964
0.232911 0.349989
0.232904 0.349997
0.232902 0.349999
0.232901 0.35
0.232901 0.35
0.232901 0.35
0.232901 0.35
0.232901 0.35
0.232901 0.35
0.232901 0.35
0.232901 0.35
0.232901 0.35
0.232901 0.35
0.232901 0.35
2 0 27068.6

Initial statistics: 77 variables; iteration 0; function evaluation 0; phase 2
Function value   2.7068608e+04; maximum gradient component mag   9.0090e+03
Var   Value    Gradient   |Var   Value    Gradient   |Var   Value    Gradient
  1 -0.80768 -1.41505e+02 |  2 -0.70108 -4.50567e+02 |  3  0.29329  9.50517e-03
  4  0.26525  6.82615e-03 |  5  0.19412  5.82658e-04 |  6  0.13819  2.64999e-03
  7  0.09961  9.63893e-04 |  8  0.07218 -6.21617e-04 |  9  0.05181  4.73115e-04
 10  0.03618 -1.42080e-03 | 11  0.02395 -3.73084e-03 | 12  0.01433 -1.25264e-03
 13  0.00683 -4.48047e-06 | 14  0.00112  3.39784e-04 | 15 -0.00302  9.74537e-04
 16 -0.00571 -3.01309e-04 | 17 -0.00704  6.82522e-04 | 18  0.53603 -9.79579e-03
 19 -0.12472 -7.85369e-03 | 20 -0.10544  1.47310e-02 | 21 -0.10213 -1.96845e-02
 22 -0.11352  3.90857e-03 | 23 -0.02066 -5.79497e-03 | 24 -0.00498 -1.49352e-02
 25  0.00538  8.35041e-03 | 26  0.00242 -5.98209e-03 | 27  0.01047  2.87061e-03
 28  0.00543  2.21507e-03 | 29  0.01415  1.58469e-02 | 30  0.00768 -4.08444e-04
 31  0.01464  4.62477e-03 | 32  0.01648  1.24851e-02 | 33  0.02089  4.14417e-02
 34  0.01927 -1.64728e-03 | 35  0.02165 -5.00929e-02 | 36  0.01596 -1.84123e-02
 37  0.02439 -1.96539e-02 | 38  0.02648  2.04659e-02 | 39  0.02703 -3.13184e-02
 40  0.02811  2.14519e-02 | 41  0.02904  2.23366e-03 | 42  0.03455 -2.26591e-02
 43  0.03639  4.47150e-02 | 44  0.03395 -5.08446e-03 | 45  0.03574  1.26660e-02
 46  0.03919 -4.37328e-03 | 47  0.17690 -1.12025e-03 | 48 -0.09343 -3.96762e-02
 49 -0.08537  1.83893e-02 | 50 -0.07761 -6.95096e-03 | 51 -0.05276  2.03056e-02
 52 -0.03649  2.20424e-03 | 53 -0.02317  1.02758e-02 | 54 -0.01357 -1.68426e-03
 55 -0.00699 -3.36747e-03 | 56 -0.00059 -6.19616e-04 | 57  0.00422 -1.03292e-02
 58  0.01041 -8.24930e-04 | 59  0.01709 -3.32547e-03 | 60  0.01583 -1.47553e-02
 61  0.01569 -1.86558e-02 | 62  0.01258 -5.90739e-04 | 63  0.01394  2.31236e-02
 64  0.01627  4.94622e-03 | 65  0.02290  1.21426e-02 | 66  0.02156 -5.76144e-03
 67  0.02132  1.32411e-02 | 68  0.02356 -1.03654e-02 | 69  0.02455 -1.66492e-03
 70  0.02939  5.32267e-03 | 71  0.03221 -2.86887e-03 | 72  0.03215  1.64041e-03
 73  0.02702 -1.30406e-02 | 74  0.02425  2.34512e-02 | 75  0.02425 -3.32884e-04
 76 -0.59179  9.00898e+03 | 77 -0.60988 -4.68177e+03 |
2 0 27068.6
2 0 27068.4
2 0 27068.1
2 0 27067.6
2 0 27062.9
2 0 27053
2 0 27041.7
2 0 27027.7
2 0 27008.5
2 0 26973.6
2 0 26922.6
2 0 27325.5
2 0 26918.2

Intermediate statistics: 77 variables; iteration 10; function evaluation 13; phase 2
Function value   2.6919608e+04; maximum gradient component mag   2.0162e+04
Var   Value    Gradient   |Var   Value    Gradient   |Var   Value    Gradient
  1 -0.70003  7.00085e+01 |  2 -0.45764  9.89040e+01 |  3  0.28723 -1.21866e+02
  4  0.26855 -3.46113e+01 |  5  0.19531  6.25146e-01 |  6  0.13866 -2.37656e+00
  7  0.09985 -2.68353e+00 |  8  0.07233 -2.29638e+00 |  9  0.05192 -1.91651e+00
 10  0.03626 -1.61397e+00 | 11  0.02402 -1.38617e+00 | 12  0.01439 -1.22638e+00
 13  0.00688 -1.10742e+00 | 14  0.00116 -1.02304e+00 | 15 -0.00297 -9.69457e-01
 16 -0.00567 -9.34587e-01 | 17 -0.00699 -9.26462e-01 | 18  0.35848 -4.15485e+02
 19 -0.09353 -2.90077e+02 | 20 -0.06851  2.91001e+02 | 21 -0.06929 -6.42744e+01
 22 -0.08769 -5.02358e+02 | 23 -0.02638 -1.72077e+02 | 24 -0.01337 -2.68750e+02
 25 -0.00202 -2.37443e+02 | 26 -0.00516 -2.49047e+02 | 27  0.00390 -2.09846e+02
 28 -0.00161 -2.31989e+02 | 29  0.00761 -2.51064e+02 | 30  0.00089 -1.85889e+02
 31  0.00829 -2.75285e+02 | 32  0.01032 -2.95326e+02 | 33  0.01455 -3.25404e+02
 34  0.01271 -3.65422e+02 | 35  0.01557 -2.91786e+02 | 36  0.00995 -1.61959e+02
 37  0.01812 -3.90105e+02 | 38  0.02047 -4.02717e+02 | 39  0.02091 -4.10971e+02
 40  0.02213 -3.48202e+02 | 41  0.02288 -3.51537e+02 | 42  0.02837 -4.17746e+02
 43  0.03124 -1.04542e+02 | 44  0.02771 -5.86201e+02 | 45  0.03137 -3.33018e+00
 46  0.04976  4.54392e+01 | 47  0.17951 -3.20409e+02 | 48 -0.09078 -3.70156e+02
 49 -0.08503 -4.57437e+02 | 50 -0.08034 -3.93465e+01 | 51 -0.05337 -8.30464e+01
 52 -0.03781 -2.08163e+02 | 53 -0.02384 -8.56419e+01 | 54 -0.01473 -1.53594e+02
 55 -0.00740 -4.90441e+01 | 56 -0.00132 -1.03237e+02 | 57  0.00409  3.70541e+01
 58  0.00965 -1.50667e+02 | 59  0.01705  1.26967e+02 | 60  0.01662  1.99236e+02
 61  0.01638  2.27792e+02 | 62  0.01341  3.18008e+02 | 63  0.01446  2.10594e+02
 64  0.01627 -2.35190e+01 | 65  0.02382  3.36344e+02 | 66  0.02288  3.76726e+02
 67  0.02286  4.08577e+02 | 68  0.02467  3.26886e+02 | 69  0.02589  3.21876e+02
 70  0.03067  3.79835e+02 | 71  0.03300  1.07229e+02 | 72  0.03395  5.36631e+02
 73  0.02770 -4.16912e+01 | 74  0.02182  3.87906e+01 | 75  0.02191  9.77612e+01
 76 -0.61687  2.01621e+04 | 77 -0.64126 -9.63247e+03 |
2 0 26912.5
2 0 26905.3
2 0 26899.4
2 0 26896.7
2 0 26904
2 0 26895.6
2 0 26895.1
2 0 26895.6
2 0 26894.9
2 0 26894.9
2 0 26894.8
2 0 26895
2 0 26894.8
2 0 26894.7
77 variables; iteration 20; function evaluation 27; phase 2
Function value   2.6895268e+04; maximum gradient component mag   3.3640e+04
Var   Value    Gradient   |Var   Value    Gradient   |Var   Value    Gradient
  1 -0.65507  6.58867e+02 |  2 -0.42579  5.75915e+01 |  3  0.28559 -1.98426e+02
  4  0.27785 -1.54275e+01 |  5  0.19832 -1.56008e+01 |  6  0.14029 -1.01271e+01
  7  0.10095 -6.88015e+00 |  8  0.07313 -4.86519e+00 |  9  0.05253 -3.58285e+00
 10  0.03675 -2.77753e+00 | 11  0.02442 -2.25929e+00 | 12  0.01474 -1.90655e+00
 13  0.00719 -1.67291e+00 | 14  0.00145 -1.51437e+00 | 15 -0.00271 -1.40706e+00
 16 -0.00541 -1.34790e+00 | 17 -0.00674 -1.31321e+00 | 18  0.28203 -9.88461e+02
 19 -0.07108  6.27489e+01 | 20 -0.05172  2.53432e+02 | 21 -0.05382  1.30051e+02
 22 -0.07268  5.78534e+02 | 23 -0.04114 -3.52307e+02 | 24 -0.01874 -7.16304e+01
 25 -0.00221 -5.08716e+01 | 26 -0.00480 -6.41928e+01 | 27  0.00431 -7.02836e+01
 28 -0.00084 -6.07501e+01 | 29  0.00827 -9.66690e+01 | 30  0.00158 -2.35328e+01
 31  0.00911 -9.02715e+01 | 32  0.01080 -1.94962e+02 | 33  0.01552 -6.33835e+01
 34  0.01336 -2.26458e+02 | 35  0.01628 -8.60795e+01 | 36  0.01040 -7.53649e+01
 37  0.01924 -1.08877e+02 | 38  0.02083 -2.38090e+02 | 39  0.02123 -2.60526e+02
 40  0.02225 -1.88511e+02 | 41  0.02236 -3.38665e+02 | 42  0.02859 -2.18550e+02
 43  0.02966 -2.72605e+02 | 44  0.02332 -1.33004e+03 | 45  0.02795 -9.03922e+01
 46  0.00593 -4.25903e+02 | 47  0.18077 -3.00160e+02 | 48 -0.08764 -6.52361e+01
 49 -0.08331 -4.24996e+02 | 50 -0.09137 -1.91940e+03 | 51 -0.05902 -5.78349e+02
 52 -0.03920 -2.33850e+02 | 53 -0.02352  9.92786e+01 | 54 -0.01392  1.87817e+02
 55 -0.00667  1.94056e+02 | 56 -0.00021  2.84763e+02 | 57  0.00476  2.34024e+02
 58  0.01084  2.61957e+02 | 59  0.01754  2.98823e+02 | 60  0.01741  4.49187e+02
 61  0.01660  2.43579e+02 | 62  0.01400  5.25447e+02 | 63  0.01454  2.51969e+02
 64  0.01741  3.65794e+02 | 65  0.02397  3.53518e+02 | 66  0.02255  3.32117e+02
 67  0.02272  4.14554e+02 | 68  0.02409  2.46223e+02 | 69  0.02564  3.68148e+02
 70  0.03042  3.72278e+02 | 71  0.03201  1.05298e+02 | 72  0.03218  7.68832e+02
 73  0.02656 -1.19372e+02 | 74  0.03180 -5.90868e+02 | 75  0.02243  4.68428e+01
 76 -0.62705  3.36401e+04 | 77 -0.65440 -1.45459e+04 |
2 0 26894.7
2 0 26894.6
2 0 26894.7
2 0 26894.6
2 0 26894.6
2 0 26894.5
2 0 26894.5
2 0 26894.5
2 0 26894.5
2 0 26894.5
2 0 26894.5
2 0 26894.4
77 variables; iteration 30; function evaluation 39; phase 2
Function value   2.6894986e+04; maximum gradient component mag   3.3727e+04
Var   Value    Gradient   |Var   Value    Gradient   |Var   Value    Gradient
  1 -0.65464  6.65442e+02 |  2 -0.42524  5.57388e+01 |  3  0.28660 -1.66013e+02
  4  0.27749 -2.50942e+01 |  5  0.19989 -1.42362e+01 |  6  0.14356  3.86646e-01
  7  0.10386 -3.40712e+00 |  8  0.07532 -4.29592e+00 |  9  0.05418 -3.56205e+00
 10  0.03803 -2.82751e+00 | 11  0.02546 -2.28399e+00 | 12  0.01561 -1.89828e+00
 13  0.00795 -1.64121e+00 | 14  0.00214 -1.46845e+00 | 15 -0.00207 -1.35197e+00
 16 -0.00480 -1.28670e+00 | 17 -0.00615 -1.24906e+00 | 18  0.28172 -9.94238e+02
 19 -0.07018  7.97311e+01 | 20 -0.05170  2.47369e+02 | 21 -0.05370  1.52378e+02
 22 -0.07281  5.62990e+02 | 23 -0.04125 -3.63382e+02 | 24 -0.01871 -6.60658e+01
 25 -0.00208 -3.29928e+01 | 26 -0.00466 -5.20119e+01 | 27  0.00437 -5.16128e+01
 28 -0.00079 -5.84519e+01 | 29  0.00832 -8.59724e+01 | 30  0.00157 -2.29704e+01
 31  0.00911 -8.64908e+01 | 32  0.01079 -1.88555e+02 | 33  0.01546 -7.42442e+01
 34  0.01329 -2.35480e+02 | 35  0.01626 -7.27709e+01 | 36  0.01027 -9.06776e+01
 37  0.01910 -1.28452e+02 | 38  0.02076 -2.33230e+02 | 39  0.02109 -2.82447e+02
 40  0.02219 -1.84381e+02 | 41  0.02232 -3.27267e+02 | 42  0.02847 -2.40135e+02
 43  0.02955 -3.04375e+02 | 44  0.02344 -1.31371e+03 | 45  0.02808 -5.59432e+01
 46  0.00544 -4.26264e+02 | 47  0.18105 -3.18502e+02 | 48 -0.08787 -4.97826e+01
 49 -0.08349 -4.39658e+02 | 50 -0.09176 -1.93633e+03 | 51 -0.05920 -5.63843e+02
 52 -0.03938 -2.26939e+02 | 53 -0.02374  8.21997e+01 | 54 -0.01409  1.91277e+02
 55 -0.00696  1.58758e+02 | 56 -0.00035  3.05225e+02 | 57  0.00457  2.28144e+02
 58  0.01066  2.66712e+02 | 59  0.01733  2.96719e+02 | 60  0.01718  4.37593e+02
 61  0.01643  2.59263e+02 | 62  0.01383  5.40024e+02 | 63  0.01425  2.25158e+02
 64  0.01721  3.77795e+02 | 65  0.02376  3.66932e+02 | 66  0.02227  3.13820e+02
 67  0.02252  4.29384e+02 | 68  0.02381  2.28917e+02 | 69  0.02530  3.34288e+02
 70  0.03021  3.81031e+02 | 71  0.03184  1.33303e+02 | 72  0.03209  7.88283e+02
 73  0.02637 -1.34824e+02 | 74  0.03203 -6.00674e+02 | 75  0.02780  7.80319e+01
 76 -0.62710  3.37271e+04 | 77 -0.65446 -1.45754e+04 |
2 0 26894.4
2 0 26894.4
2 0 26894.4
2 0 26894.3
2 0 26894.3
2 0 26894.2
2 0 26894.2
2 0 26894.1
2 0 26894
2 0 26893.9
2 0 26893.8
77 variables; iteration 40; function evaluation 50; phase 2
Function value   2.6894333e+04; maximum gradient component mag   3.3616e+04
Var   Value    Gradient   |Var   Value    Gradient   |Var   Value    Gradient
  1 -0.65350  6.90581e+02 |  2 -0.42456  5.14738e+01 |  3  0.28641 -1.99335e+02
  4  0.27835 -3.16279e+01 |  5  0.20272 -7.83065e-01 |  6  0.14536 -1.17823e+01
  7  0.10930  1.87603e-01 |  8  0.08461  1.26337e+01 |  9  0.06360  4.88496e+00
 10  0.04603 -8.62006e-01 | 11  0.03203 -2.22364e+00 | 12  0.02110 -2.14931e+00
 13  0.01269 -1.83871e+00 | 14  0.00636 -1.56772e+00 | 15  0.00183 -1.37532e+00
 16 -0.00111 -1.26226e+00 | 17 -0.00255 -1.20313e+00 | 18  0.28081 -9.93686e+02
 19 -0.06843  1.34845e+02 | 20 -0.05170  2.30767e+02 | 21 -0.05369  9.63782e+01
 22 -0.07255  5.84340e+02 | 23 -0.04086 -3.46645e+02 | 24 -0.01775 -2.62169e+00
 25 -0.00211 -3.36880e+01 | 26 -0.00470 -4.20850e+01 | 27  0.00415 -4.23422e+01
 28 -0.00146 -1.01871e+02 | 29  0.00774 -1.14324e+02 | 30  0.00109 -5.62903e+01
 31  0.00882 -8.52869e+01 | 32  0.01061 -1.66417e+02 | 33  0.01524 -8.40308e+01
 34  0.01301 -2.84626e+02 | 35  0.01624 -5.31872e+01 | 36  0.01039 -4.69502e+01
 37  0.01911 -1.15593e+02 | 38  0.02076 -2.13473e+02 | 39  0.02110 -2.46892e+02
 40  0.02196 -2.15993e+02 | 41  0.02218 -3.51873e+02 | 42  0.02829 -2.17937e+02
 43  0.02926 -3.39076e+02 | 44  0.02339 -1.30599e+03 | 45  0.02809 -3.37332e+01
 46  0.00596 -4.10809e+02 | 47  0.18096 -3.62571e+02 | 48 -0.08800 -7.42783e+01
 49 -0.08321 -3.65034e+02 | 50 -0.09170 -1.92550e+03 | 51 -0.05905 -5.52962e+02
 52 -0.03940 -2.98113e+02 | 53 -0.02358  1.05538e+02 | 54 -0.01399  1.97546e+02
 55 -0.00702  1.15983e+02 | 56 -0.00038  3.10142e+02 | 57  0.00442  1.99771e+02
 58  0.01074  2.94890e+02 | 59  0.01723  2.56283e+02 | 60  0.01703  3.70094e+02
 61  0.01648  2.61142e+02 | 62  0.01414  6.31853e+02 | 63  0.01436  2.19520e+02
 64  0.01720  3.29407e+02 | 65  0.02393  3.76704e+02 | 66  0.02240  3.11772e+02
 67  0.02255  3.95496e+02 | 68  0.02394  2.57497e+02 | 69  0.02569  4.17696e+02
 70  0.03009  3.32496e+02 | 71  0.03183  1.29609e+02 | 72  0.03225  8.04860e+02
 73  0.02651 -1.33986e+02 | 74  0.03179 -6.00119e+02 | 75  0.02631  7.18178e+01
 76 -0.62732  3.36156e+04 | 77 -0.65475 -1.44903e+04 |
2 0 26893.6
2 0 26893.4
2 0 26893
2 0 26893.2
2 0 26892.9
2 0 26892.7
2 0 26892.3
2 0 26892
2 0 26891.6
2 0 26891.8
2 0 26891.4
2 0 26891.1
77 variables; iteration 50; function evaluation 62; phase 2
Function value   2.6891598e+04; maximum gradient component mag   3.3890e+04
Var   Value    Gradient   |Var   Value    Gradient   |Var   Value    Gradient
  1 -0.65344  6.65971e+02 |  2 -0.42007  5.70283e+01 |  3  0.28625 -1.49141e+02
  4  0.27746  8.63884e+00 |  5  0.19446 -3.85887e+01 |  6  0.14104 -1.47736e+01
  7  0.10923  5.66559e+00 |  8  0.08798 -1.61646e+01 |  9  0.08053  2.74882e+01
 10  0.07267  3.86802e+01 | 11  0.05988  1.98855e+01 | 12  0.04622  5.62097e+00
 13  0.03462  3.76866e-01 | 14  0.02577 -8.11508e-01 | 15  0.01951 -8.45121e-01
 16  0.01551 -6.90905e-01 | 17  0.01357 -5.78607e-01 | 18  0.27456 -1.02830e+03
 19 -0.06845  4.78853e+01 | 20 -0.05051  2.35742e+02 | 21 -0.05228  1.38943e+02
 22 -0.07136  6.32767e+02 | 23 -0.04014 -3.34659e+02 | 24 -0.01840  2.43118e+01
 25 -0.00243 -4.19128e+01 | 26 -0.00504 -4.29452e+01 | 27  0.00446  2.69447e+00
 28 -0.00057 -3.41997e+00 | 29  0.00823 -3.83194e+01 | 30  0.00113 -3.95944e+01
 31  0.00861 -7.39481e+01 | 32  0.01004 -2.15196e+02 | 33  0.01460 -1.40113e+02
 34  0.01242 -2.94918e+02 | 35  0.01629 -7.97644e+00 | 36  0.01079  1.53971e+01
 37  0.01926 -1.20267e+02 | 38  0.02089 -1.82509e+02 | 39  0.02094 -2.61749e+02
 40  0.02111 -3.11650e+02 | 41  0.02220 -2.96233e+02 | 42  0.02833 -1.25986e+02
 43  0.02908 -3.39145e+02 | 44  0.02301 -1.33676e+03 | 45  0.02768 -6.62013e+01
 46  0.00465 -4.25783e+02 | 47  0.18116 -1.07420e+02 | 48 -0.08799 -4.34129e+01
 49 -0.08303 -3.48425e+02 | 50 -0.09229 -1.98518e+03 | 51 -0.05904 -5.28715e+02
 52 -0.03969 -3.28989e+02 | 53 -0.02349  1.82673e+02 | 54 -0.01402  2.21314e+02
 55 -0.00692  1.38082e+02 | 56 -0.00023  3.19064e+02 | 57  0.00444  1.69824e+02
 58  0.01082  3.41357e+02 | 59  0.01706  2.34987e+02 | 60  0.01690  4.06701e+02
 61  0.01622  2.81587e+02 | 62  0.01361  5.49659e+02 | 63  0.01417  1.77916e+02
 64  0.01727  3.39610e+02 | 65  0.02425  4.68883e+02 | 66  0.02249  3.34677e+02
 67  0.02263  4.47722e+02 | 68  0.02341  2.25110e+02 | 69  0.02545  3.69076e+02
 70  0.02954  1.93698e+02 | 71  0.03159  9.15625e+01 | 72  0.03200  7.97908e+02
 73  0.02625 -1.47438e+02 | 74  0.03208 -6.40246e+02 | 75  0.02897  6.94596e+01
 76 -0.62827  3.38895e+04 | 77 -0.65605 -1.44469e+04 |
2 0 26890.7
2 0 26890.3
2 0 26889.5
2 0 26888.6
2 0 26887.5
2 0 26888.4
2 0 26887
2 0 26886.5
2 0 26885.6
2 0 26885.5
2 0 26885.4
77 variables; iteration 60; function evaluation 73; phase 2
Function value   2.6885665e+04; maximum gradient component mag   3.3053e+04
Var   Value    Gradient   |Var   Value    Gradient   |Var   Value    Gradient
  1 -0.65059  6.87843e+02 |  2 -0.41069  5.64401e+01 |  3  0.28640 -1.14689e+02
  4  0.27673  4.80880e+01 |  5  0.20026  1.76731e+01 |  6  0.14586  2.50727e+01
  7  0.10637 -2.06279e+01 |  8  0.08664 -8.14637e+00 |  9  0.07927  2.29417e+01
 10  0.07386  4.61895e-01 | 11  0.07650  2.42411e+01 | 12  0.08070  5.43814e+01
 13  0.07836  4.88526e+01 | 14  0.07074  2.90272e+01 | 15  0.06244  1.53135e+01
 16  0.05622  9.35468e+00 | 17  0.05302  7.45586e+00 | 18  0.25968 -1.00331e+03
 19 -0.06389 -7.10216e+01 | 20 -0.04815  1.70801e+02 | 21 -0.04823  3.15691e+02
 22 -0.06871  6.94888e+02 | 23 -0.03838 -2.71902e+02 | 24 -0.02045  4.36821e+01
 25 -0.00252  9.02969e+01 | 26 -0.00556  5.89259e+00 | 27  0.00365  2.13900e+00
 28 -0.00141  1.63666e+01 | 29  0.00754 -9.98356e+00 | 30  0.00118  4.50393e+01
 31  0.00858 -1.88111e+01 | 32  0.00905 -2.12890e+02 | 33  0.01335 -1.73274e+02
 34  0.01318 -1.43108e+02 | 35  0.01574 -3.30515e+01 | 36  0.01124  2.01750e+02
 37  0.01550 -5.57817e+02 | 38  0.01982 -3.20496e+02 | 39  0.02177  3.67165e+01
 40  0.02156  8.13152e-02 | 41  0.02145 -3.34162e+02 | 42  0.02786 -2.95814e+01
 43  0.02830 -3.80229e+02 | 44  0.02215 -1.36124e+03 | 45  0.02618 -1.56961e+02
 46  0.00482 -4.24999e+02 | 47  0.18108  1.77979e+02 | 48 -0.08830 -6.73818e+01
 49 -0.08157 -2.10322e+02 | 50 -0.09326 -2.09142e+03 | 51 -0.05885 -5.77380e+02
 52 -0.03966 -2.47648e+02 | 53 -0.02341  9.89414e+01 | 54 -0.01358  3.02971e+02
 55 -0.00657  1.94876e+02 | 56 -0.00007  3.26584e+02 | 57  0.00448  1.21181e+02
 58  0.01133  3.94121e+02 | 59  0.01775  3.31856e+02 | 60  0.01684  3.52138e+02
 61  0.01589  2.02569e+02 | 62  0.01459  6.36498e+02 | 63  0.01460  2.48559e+02
 64  0.01792  3.59639e+02 | 65  0.02334  5.22914e+02 | 66  0.02316  5.53453e+02
 67  0.02300  3.27165e+02 | 68  0.02277 -1.52165e+02 | 69  0.02569  3.79683e+02
 70  0.02928  6.67531e+01 | 71  0.03171  9.44573e+01 | 72  0.03214  8.21376e+02
 73  0.02560 -2.62174e+02 | 74  0.03080 -7.70681e+02 | 75  0.02629  3.46465e+01
 76 -0.63083  3.30526e+04 | 77 -0.65954 -1.36465e+04 |
2 0 26885
2 0 26882.3
2 0 26880.1
2 0 26877.5
2 0 26873.4
2 0 26873.7
2 0 26871.4
2 0 26867.7
2 0 26861.2
2 0 26852.1
2 0 26843.1
2 0 27207.8
2 0 26842.9
77 variables; iteration 70; function evaluation 86; phase 2
Function value   2.6842958e+04; maximum gradient component mag   2.7905e+04
Var   Value    Gradient   |Var   Value    Gradient   |Var   Value    Gradient
  1 -0.63135  8.20776e+02 |  2 -0.35178  2.16424e+01 |  3  0.28663 -5.80539e+01
  4  0.27964  2.96431e+02 |  5  0.19423  3.70332e+01 |  6  0.14829  1.02681e+02
  7  0.10740 -5.16326e+01 |  8  0.10284  1.03268e+02 |  9  0.08795 -4.13868e+01
 10  0.10236  1.11384e+02 | 11  0.10711  1.44778e+02 | 12  0.09582 -2.78577e+01
 13  0.11579  1.40209e+02 | 14  0.12934  1.93603e+02 | 15  0.13410  1.90253e+02
 16  0.13781  2.06820e+02 | 17  0.14115  2.33728e+02 | 18  0.15652 -1.53644e+03
 19 -0.03985 -9.69674e+02 | 20 -0.02784  3.51516e+02 | 21 -0.02887  7.38711e+02
 22 -0.04989  1.29230e+03 | 23 -0.02566  5.13216e+02 | 24 -0.03181 -1.22162e+03
 25 -0.00941  3.93410e+02 | 26 -0.00662  7.06057e+02 | 27 -0.00069  3.77250e+02
 28 -0.00278  5.54224e+02 | 29  0.00550  4.61484e+02 | 30 -0.00186  3.90673e+02
 31  0.00513  2.05867e+02 | 32  0.00836  3.34461e+02 | 33  0.01147  2.16212e+02
 34  0.01015  1.65564e+02 | 35  0.01101 -2.37055e+01 | 36  0.00864  4.28975e+02
 37  0.01277 -2.50837e+02 | 38  0.01643 -6.25823e+01 | 39  0.01802  2.21125e+02
 40  0.01717  2.05956e+01 | 41  0.01638 -3.09060e+02 | 42  0.02303  5.01230e+01
 43  0.02196 -5.74260e+02 | 44  0.01424 -1.70450e+03 | 45  0.02093 -1.67677e+02
 46  0.00687 -1.19211e+02 | 47  0.18171  4.27093e+03 | 48 -0.08529  1.08893e+02
 49 -0.07839 -3.15388e+02 | 50 -0.09988 -2.68133e+03 | 51 -0.05836 -1.40464e+03
 52 -0.04069  1.06617e+02 | 53 -0.02315  5.12983e+02 | 54 -0.01180  7.92056e+02
 55 -0.00568  4.16297e+02 | 56  0.00175  8.21981e+02 | 57  0.00624  3.02538e+02
 58  0.01286  8.08596e+02 | 59  0.01852  4.86650e+02 | 60  0.01886  4.86105e+02
 61  0.01717  2.46192e+02 | 62  0.01475  4.75194e+02 | 63  0.01402  1.29963e+02
 64  0.01959  6.74220e+02 | 65  0.02325  2.82305e+02 | 66  0.02248  2.13975e+02
 67  0.02226  2.14240e+01 | 68  0.02205 -3.66376e+02 | 69  0.02458  3.84530e+01
 70  0.02827 -1.82557e+02 | 71  0.02984 -1.65325e+02 | 72  0.02959  5.17925e+02
 73  0.02418 -5.78182e+02 | 74  0.02506 -1.41873e+03 | 75  0.02717 -1.95960e+02
 76 -0.64808  2.79053e+04 | 77 -0.68299 -8.15062e+03 |
2 0 26842.5
2 0 26845.9
2 0 26842.5
2 0 26842.5
2 0 26842.5
2 0 26842.5
2 0 26842.4
2 0 26842.3
2 0 26842.3
2 0 26842.3
2 0 26841.7
2 0 26840.5
2 0 26830.2
2 0 26975.1
2 0 26829.4
2 0 26827.9
2 0 26813.9
77 variables; iteration 80; function evaluation 103; phase 2
Function value   2.6814359e+04; maximum gradient component mag   2.0188e+04
Var   Value    Gradient   |Var   Value    Gradient   |Var   Value    Gradient
  1 -0.63569  7.14759e+02 |  2 -0.34778  5.59509e+01 |  3  0.28812 -5.73737e+01
  4  0.28005  3.04385e+02 |  5  0.19477  3.85155e+01 |  6  0.14981  1.13353e+02
  7  0.10795 -5.25832e+01 |  8  0.10298  1.05914e+02 |  9  0.08688 -5.50804e+01
 10  0.10380  1.58514e+02 | 11  0.09726  3.49249e+01 | 12  0.10263  7.88425e+01
 13  0.11017  1.09858e+02 | 14  0.11600  9.52655e+01 | 15  0.12998  1.86002e+02
 16  0.13877  2.09480e+02 | 17  0.14743  2.83112e+02 | 18  0.14478 -1.14943e+03
 19 -0.03704 -9.14859e+02 | 20 -0.02660  1.40656e+02 | 21 -0.02743  6.36496e+02
 22 -0.04807  1.22674e+03 | 23 -0.02273  8.24701e+02 | 24 -0.02916 -1.03293e+03
 25 -0.00960  3.86829e+02 | 26 -0.00650  8.22779e+02 | 27 -0.00170  3.74597e+02
 28 -0.00361  5.62606e+02 | 29  0.00495  5.30311e+02 | 30 -0.00130  5.83267e+02
 31  0.00437  2.58665e+02 | 32  0.00736  3.95475e+02 | 33  0.01083  3.63312e+02
 34  0.00921  2.35318e+02 | 35  0.01150  2.23033e+02 | 36  0.00650  2.70400e+02
 37  0.01277  2.13244e+01 | 38  0.01589  1.40767e+02 | 39  0.01687  2.85551e+02
 40  0.01638  8.98223e+01 | 41  0.01558 -2.10169e+02 | 42  0.02207  1.56056e+02
 43  0.02074 -5.19904e+02 | 44  0.01322 -1.63718e+03 | 45  0.01999 -1.35769e+02
 46  0.01125  1.37051e+01 | 47  0.18169  4.48747e+03 | 48 -0.08530  1.20507e+02
 49 -0.07801 -2.47223e+02 | 50 -0.09943 -2.55675e+03 | 51 -0.05786 -1.37158e+03
 52 -0.04007  1.23947e+02 | 53 -0.02302  5.52678e+02 | 54 -0.01155  8.16795e+02
 55 -0.00568  4.31764e+02 | 56  0.00183  8.83869e+02 | 57  0.00650  3.36670e+02
 58  0.01342  8.75171e+02 | 59  0.01851  4.56014e+02 | 60  0.01869  4.25197e+02
 61  0.01709  1.48689e+02 | 62  0.01423  3.10409e+02 | 63  0.01474  1.29288e+02
 64  0.01933  6.84547e+02 | 65  0.02292  5.76421e+01 | 66  0.02189 -5.75864e+01
 67  0.02163 -1.77747e+02 | 68  0.02207 -4.23793e+02 | 69  0.02428 -1.08181e+02
 70  0.02798 -3.12259e+02 | 71  0.02939 -3.16734e+02 | 72  0.02908  3.06184e+02
 73  0.02377 -6.83849e+02 | 74  0.02270 -1.47270e+03 | 75  0.02810 -2.38552e+02
 76 -0.65101  2.01875e+04 | 77 -0.68741 -5.36320e+03 |
2 0 26786.4
2 0 26739.9
2 0 26678.5
2 0 26655.2
2 0 26643.2
2 0 26641.5
2 0 26638.1
2 0 26632.7
2 0 26628.6
2 0 26627.4
77 variables; iteration 90; function evaluation 113; phase 2
Function value   2.6627352e+04; maximum gradient component mag   5.3708e+02
Var   Value    Gradient   |Var   Value    Gradient   |Var   Value    Gradient
  1 -0.72356 -1.10938e+02 |  2 -0.49498  4.33339e+01 |  3  0.30012 -3.34079e+01
  4  0.27172  3.97892e-01 |  5  0.19233  4.91961e+00 |  6  0.13585  3.39339e+00
  7  0.09765  5.04580e-01 |  8  0.07116 -3.16640e+00 |  9  0.05319 -1.81650e+00
 10  0.04112  1.08252e+01 | 11  0.02997 -5.24005e+00 | 12  0.02370  5.67256e+00
 13  0.01860  4.39080e+00 | 14  0.01478 -1.94499e+00 | 15  0.01394 -3.12567e-01
 16  0.01554  5.39620e+00 | 17  0.01800  1.69007e+01 | 18  0.10429 -1.26573e+02
 19 -0.03409  2.03522e+01 | 20 -0.01913  9.09409e+01 | 21 -0.02307  8.57754e+01
 22 -0.04473  9.10288e+01 | 23 -0.02209  1.29914e+02 | 24 -0.01975 -3.21106e+01
 25 -0.01179 -9.57043e+01 | 26 -0.01244 -1.01937e+01 | 27 -0.00540 -3.19296e+01
 28 -0.00872 -7.32533e+01 | 29 -0.00024 -2.13052e+01 | 30 -0.00673  1.87230e+01
 31  0.00094 -4.73043e+01 | 32  0.00331 -1.68241e+00 | 33  0.00691 -5.29928e+01
 34  0.00621 -1.53003e+01 | 35  0.00870  4.22994e+01 | 36  0.00327 -2.89311e+01
 37  0.01196  1.94242e+01 | 38  0.01440  1.52848e+01 | 39  0.01507 -1.32809e+01
 40  0.01641  1.06067e+01 | 41  0.01697  1.26319e+01 | 42  0.02221  1.91864e+01
 43  0.02505  1.00471e+01 | 44  0.02282 -2.10175e+01 | 45  0.02411  5.79733e+01
 46  0.01012  2.27075e+01 | 47  0.17942  5.37081e+02 | 48 -0.08493 -5.17864e+00
 49 -0.07663 -5.47792e+01 | 50 -0.08274 -1.67178e+02 | 51 -0.05557 -7.29995e+01
 52 -0.04034 -2.99899e+01 | 53 -0.02614  2.55265e+01 | 54 -0.01682  4.47804e+01
 55 -0.00873  2.73364e+01 | 56 -0.00381  5.33508e+01 | 57  0.00339  3.87300e+01
 58  0.00809  4.25123e+01 | 59  0.01519  2.20515e+01 | 60  0.01532  1.98320e+01
 61  0.01471  1.70068e+01 | 62  0.01167  2.71680e+01 | 63  0.01328 -1.42403e+00
 64  0.01525  1.04539e+01 | 65  0.02240  2.09353e+01 | 66  0.02162 -3.94353e+00
 67  0.02136 -4.91158e+00 | 68  0.02350 -5.21915e-01 | 69  0.02501  1.18247e+00
 70  0.02905  1.22677e+01 | 71  0.03144  9.66028e+00 | 72  0.03263  2.92695e+01
 73  0.02862 -4.21522e+01 | 74  0.03147 -1.56254e+01 | 75  0.03100 -3.03791e+01
 76 -0.66029  4.33452e+02 | 77 -0.70299 -7.00741e+01 |
2 0 26625.4
2 0 26623.7
2 0 26622.8
2 0 26622
2 0 26621.6
2 0 26621.5
2 0 26621.4
2 0 26621.3
2 0 26621.3
2 0 26621.2
77 variables; iteration 100; function evaluation 123; phase 2
Function value   2.6621215e+04; maximum gradient component mag   8.7298e+01
Var   Value    Gradient   |Var   Value    Gradient   |Var   Value    Gradient
  1 -0.68927 -2.86704e+00 |  2 -0.61269  2.03834e+00 |  3  0.29941 -4.00883e-01
  4  0.27028 -1.53851e+00 |  5  0.19109 -1.20130e-03 |  6  0.13408  9.08841e-01
  7  0.09478 -9.50755e-01 |  8  0.06662 -1.39048e+00 |  9  0.04556 -5.25907e-01
 10  0.02905  4.89993e-02 | 11  0.01560 -8.66226e-01 | 12  0.00471 -2.19808e+00
 13 -0.00372 -1.99724e+00 | 14 -0.01006 -4.02342e+00 | 15 -0.01390 -3.81550e+00
 16 -0.01540 -9.36471e-01 | 17 -0.01547  3.63619e+00 | 18  0.10698 -8.07040e-01
 19 -0.03584  1.23995e+01 | 20 -0.01984 -1.28810e+01 | 21 -0.02362 -6.69487e+00
 22 -0.04524  4.67094e+00 | 23 -0.02273  4.84496e+00 | 24 -0.01936 -1.69584e+00
 25 -0.01115 -2.19916e+01 | 26 -0.01193  2.42695e+01 | 27 -0.00487  1.33656e+01
 28 -0.00806 -2.95491e-01 | 29  0.00010  1.01851e+00 | 30 -0.00653  8.02196e+00
 31  0.00144  7.41770e+00 | 32  0.00361  3.09830e+00 | 33  0.00731  2.65607e+00
 34  0.00645  4.57551e+00 | 35  0.00877 -6.89186e-01 | 36  0.00365  1.25763e+00
 37  0.01207  3.76160e+00 | 38  0.01465  5.42055e+00 | 39  0.01537  2.85060e+00
 40  0.01658 -2.68000e-01 | 41  0.01699  3.23945e+00 | 42  0.02215  6.07217e-01
 43  0.02501 -5.33008e+00 | 44  0.02298 -6.98874e-02 | 45  0.02380 -1.63269e+01
 46  0.00824 -1.73043e+01 | 47  0.17963  1.74512e+01 | 48 -0.08533 -2.85990e+00
 49 -0.07691  4.00082e-01 | 50 -0.08219 -4.24093e+00 | 51 -0.05588  1.96450e+00
 52 -0.04062  4.79884e+00 | 53 -0.02620  9.70986e+00 | 54 -0.01717  3.44660e+00
 55 -0.00883 -5.45991e+00 | 56 -0.00397 -2.09664e+00 | 57  0.00330 -5.39705e-01
 58  0.00782  9.25314e-01 | 59  0.01506 -1.18592e+00 | 60  0.01539 -6.07121e+00
 61  0.01485 -2.07502e+00 | 62  0.01161 -6.23790e+00 | 63  0.01317  2.08907e-01
 64  0.01525 -8.99125e-01 | 65  0.02224 -3.43465e+00 | 66  0.02167 -5.85125e+00
 67  0.02154 -5.02094e+00 | 68  0.02351 -2.58199e-01 | 69  0.02506 -8.28207e+00
 70  0.02891 -2.92713e+00 | 71  0.03142  1.52892e+00 | 72  0.03251 -3.92199e+00
 73  0.02897  9.16575e+00 | 74  0.03202 -1.75189e+01 | 75  0.03206 -2.37650e+00
 76 -0.66053  8.72985e+01 | 77 -0.70374 -1.38197e+01 |
2 0 26621.2
2 0 26621.1
2 0 26621.1
2 0 26621.1
2 0 26621.1
2 0 26621.1
2 0 26621.1
2 0 26621.1
2 0 26621.1
2 0 26621.1
77 variables; iteration 110; function evaluation 133; phase 2
Function value   2.6621145e+04; maximum gradient component mag  -2.2395e-01
Var   Value    Gradient   |Var   Value    Gradient   |Var   Value    Gradient
  1 -0.68792 -3.47688e-05 |  2 -0.62260 -1.42999e-04 |  3  0.29920 -1.64797e-03
  4  0.26984 -1.01527e-03 |  5  0.19069 -1.72623e-04 |  6  0.13399 -1.46082e-04
  7  0.09551  4.16451e-05 |  8  0.06822 -2.82508e-05 |  9  0.04796 -2.14139e-05
 10  0.03240  2.04104e-05 | 11  0.02024  5.94718e-05 | 12  0.01066 -3.11544e-05
 13  0.00320  9.21533e-06 | 14 -0.00249  2.25166e-06 | 15 -0.00660 -8.53185e-07
 16 -0.00928  1.45837e-04 | 17 -0.01060  8.01132e-05 | 18  0.10683  7.23641e-03
 19 -0.03613 -1.07701e-03 | 20 -0.01983  3.11059e-03 | 21 -0.02361  1.59054e-03
 22 -0.04525 -4.59284e-03 | 23 -0.02276 -1.61817e-03 | 24 -0.01935  4.08142e-04
 25 -0.01107 -5.27503e-04 | 26 -0.01208  1.11121e-06 | 27 -0.00496  3.24857e-03
 28 -0.00808  2.35663e-03 | 29  0.00006 -1.45518e-03 | 30 -0.00660 -2.34174e-03
 31  0.00138 -4.06021e-03 | 32  0.00358 -1.23809e-03 | 33  0.00728  1.09564e-03
 34  0.00641  3.24407e-04 | 35  0.00874 -3.29476e-04 | 36  0.00362 -5.47860e-04
 37  0.01203  1.04318e-03 | 38  0.01461 -5.14736e-04 | 39  0.01533 -1.89507e-04
 40  0.01655  3.09916e-04 | 41  0.01695 -3.01930e-04 | 42  0.02211  8.15714e-04
 43  0.02500  4.40698e-03 | 44  0.02296  1.34864e-03 | 45  0.02394  3.74663e-03
 46  0.00912 -2.52609e-03 | 47  0.17957 -1.82031e-02 | 48 -0.08531  3.20803e-04
 49 -0.07688  1.55288e-03 | 50 -0.08217  1.53112e-03 | 51 -0.05589  2.26863e-05
 52 -0.04064  7.90105e-04 | 53 -0.02618  7.64727e-04 | 54 -0.01720  7.26054e-04
 55 -0.00882  2.72489e-04 | 56 -0.00395 -8.17708e-04 | 57  0.00332 -2.68838e-04
 58  0.00782  1.05273e-03 | 59  0.01506  1.36445e-03 | 60  0.01544  2.50460e-03
 61  0.01487  1.05306e-04 | 62  0.01165  2.05732e-04 | 63  0.01319 -3.78849e-04
 64  0.01528  9.73061e-04 | 65  0.02227 -7.60744e-04 | 66  0.02170 -3.99891e-04
 67  0.02158 -1.42361e-04 | 68  0.02353 -6.20716e-04 | 69  0.02512  1.07577e-03
 70  0.02894 -3.74834e-05 | 71  0.03143 -3.70461e-03 | 72  0.03256  9.35201e-04
 73  0.02896 -1.65816e-03 | 74  0.03182 -1.82074e-03 | 75  0.03182  1.10632e-03
 76 -0.66063 -2.23950e-01 | 77 -0.70393  1.18778e-01 |
2 0 26621.1
2 0 26621.1
2 0 26621.1
2 0 26621.1
2 0 26621.1
2 0 26621.1
2 0 26621.1
2 0 26621.1
2 0 26621.1
2 0 26621.1
77 variables; iteration 120; function evaluation 143; phase 2
Function value   2.6621145e+04; maximum gradient component mag   9.5636e-02
Var   Value    Gradient   |Var   Value    Gradient   |Var   Value    Gradient
  1 -0.68792  6.53879e-04 |  2 -0.62260 -1.03448e-03 |  3  0.29920  8.61444e-03
  4  0.26984 -3.41059e-03 |  5  0.19069  1.41357e-04 |  6  0.13399 -4.19088e-03
  7  0.09551  3.86287e-03 |  8  0.06822 -1.22138e-03 |  9  0.04796  3.20952e-03
 10  0.03241 -2.58342e-03 | 11  0.02024 -9.18265e-04 | 12  0.01067  3.77591e-03
 13  0.00320 -1.76046e-04 | 14 -0.00249 -5.97675e-04 | 15 -0.00660  1.53944e-03
 16 -0.00928 -4.59687e-04 | 17 -0.01060 -6.89817e-04 | 18  0.10683  6.55038e-03
 19 -0.03613  1.84606e-02 | 20 -0.01983  8.65246e-04 | 21 -0.02361 -1.81523e-02
 22 -0.04525  1.84685e-02 | 23 -0.02276 -2.52055e-03 | 24 -0.01935 -1.99519e-02
 25 -0.01107 -3.00239e-03 | 26 -0.01208  2.52793e-02 | 27 -0.00496 -8.62978e-03
 28 -0.00808 -1.11556e-02 | 29  0.00006  8.46387e-03 | 30 -0.00660  5.12251e-03
 31  0.00138  1.39747e-02 | 32  0.00358  2.66665e-02 | 33  0.00728 -1.83334e-02
 34  0.00641 -8.73825e-03 | 35  0.00874 -5.02188e-04 | 36  0.00362  1.02984e-02
 37  0.01203  8.20457e-03 | 38  0.01461  3.95577e-03 | 39  0.01533 -3.81152e-03
 40  0.01655 -5.20451e-03 | 41  0.01695  1.55023e-02 | 42  0.02211  8.87874e-03
 43  0.02500 -5.72973e-02 | 44  0.02296  2.66874e-02 | 45  0.02394  3.42456e-03
 46  0.00912 -3.07925e-03 | 47  0.17957  5.13366e-03 | 48 -0.08531  4.12488e-03
 49 -0.07688 -4.75173e-03 | 50 -0.08217 -1.41504e-02 | 51 -0.05589  2.27345e-02
 52 -0.04064  1.12655e-02 | 53 -0.02618  5.46398e-03 | 54 -0.01720 -5.62749e-03
 55 -0.00882 -1.01557e-02 | 56 -0.00395  2.52750e-03 | 57  0.00332 -4.45692e-03
 58  0.00782 -4.24231e-03 | 59  0.01506 -4.02025e-03 | 60  0.01544 -2.72150e-02
 61  0.01487 -3.77156e-03 | 62  0.01165 -9.93557e-03 | 63  0.01319  8.07155e-03
 64  0.01528 -1.37921e-02 | 65  0.02227  6.26383e-04 | 66  0.02170 -1.23347e-02
 67  0.02158 -9.50309e-03 | 68  0.02353  1.12443e-02 | 69  0.02512 -2.11804e-02
 70  0.02894 -8.59014e-04 | 71  0.03143  5.43065e-02 | 72  0.03256 -3.79489e-02
 73  0.02896  1.00056e-04 | 74  0.03182 -3.50425e-03 | 75  0.03182 -1.93861e-03
 76 -0.66063 -7.76853e-02 | 77 -0.70393  9.56361e-02 |
2 0 26621.1
2 0 26621.1
2 0 26621.1
2 0 26621.1
2 0 26621.1
2 0 26621.1
2 0 26621.1
2 0 26621.1
2 0 26621.1
2 0 26621.1
77 variables; iteration 130; function evaluation 153; phase 2
Function value   2.6621145e+04; maximum gradient component mag   2.0547e+00
Var   Value    Gradient   |Var   Value    Gradient   |Var   Value    Gradient
  1 -0.68792  1.41324e-02 |  2 -0.62262 -1.32963e-02 |  3  0.29921  1.43384e-01
  4  0.26985 -7.27466e-02 |  5  0.19070  5.60924e-04 |  6  0.13399 -7.88627e-02
  7  0.09553  7.11106e-02 |  8  0.06824 -2.24485e-02 |  9  0.04799  5.84830e-02
 10  0.03242 -4.87670e-02 | 11  0.02026 -1.62898e-02 | 12  0.01070  6.72614e-02
 13  0.00322 -3.37457e-03 | 14 -0.00247 -1.12540e-02 | 15 -0.00658  2.74422e-02
 16 -0.00927 -8.61080e-03 | 17 -0.01059 -1.63732e-02 | 18  0.10684  2.46518e-02
 19 -0.03611  3.75414e-01 | 20 -0.01983  6.05322e-02 | 21 -0.02361 -2.83389e-01
 22 -0.04525  3.38462e-01 | 23 -0.02276 -3.59520e-02 | 24 -0.01935 -3.23722e-01
 25 -0.01107 -5.14011e-02 | 26 -0.01208  4.52056e-01 | 27 -0.00496 -1.35585e-01
 28 -0.00808 -1.75994e-01 | 29  0.00006  1.43874e-01 | 30 -0.00660  8.98021e-02
 31  0.00138  2.46139e-01 | 32  0.00358  4.49766e-01 | 33  0.00727 -3.24556e-01
 34  0.00641 -1.51231e-01 | 35  0.00874 -2.39336e-02 | 36  0.00362  1.81570e-01
 37  0.01203  1.42918e-01 | 38  0.01461  5.47307e-02 | 39  0.01533 -7.91643e-02
 40  0.01655 -1.08313e-01 | 41  0.01695  2.60678e-01 | 42  0.02211  1.45335e-01
 43  0.02500 -1.02904e+00 | 44  0.02296  4.22430e-01 | 45  0.02394  5.74235e-02
 46  0.00911 -4.91757e-02 | 47  0.17957  3.41190e-01 | 48 -0.08531  5.76278e-02
 49 -0.07688 -9.92290e-02 | 50 -0.08217 -2.90116e-01 | 51 -0.05589  3.83768e-01
 52 -0.04064  1.78475e-01 | 53 -0.02618  9.33940e-02 | 54 -0.01720 -1.03246e-01
 55 -0.00882 -1.74830e-01 | 56 -0.00395  3.79937e-02 | 57  0.00332 -7.27032e-02
 58  0.00782 -7.64526e-02 | 59  0.01506 -6.04576e-02 | 60  0.01544 -4.63664e-01
 61  0.01487 -4.86306e-02 | 62  0.01165 -1.69286e-01 | 63  0.01319  1.56122e-01
 64  0.01527 -2.37687e-01 | 65  0.02227  2.15042e-02 | 66  0.02170 -2.12618e-01
 67  0.02158 -1.60849e-01 | 68  0.02353  2.11484e-01 | 69  0.02512 -3.64418e-01
 70  0.02894 -2.88700e-03 | 71  0.03144  9.66781e-01 | 72  0.03255 -6.28276e-01
 73  0.02896 -7.13034e-03 | 74  0.03182 -1.09869e-01 | 75  0.03183 -4.56706e-02
 76 -0.66069  2.05466e+00 | 77 -0.70434 -2.48253e-01 |
2 0 26621.1
2 0 26621.1
2 0 26621.1
2 0 26621.1
2 0 26621.1
2 0 26621.1
2 0 26621.1
2 0 26621.1
2 0 26621.1
2 0 26621.1
2 0 26621.1
77 variables; iteration 140; function evaluation 164; phase 2
Function value   2.6621145e+04; maximum gradient component mag  -5.1860e+00
Var   Value    Gradient   |Var   Value    Gradient   |Var   Value    Gradient
  1 -0.68793 -6.70337e-02 |  2 -0.62259  5.80780e-03 |  3  0.29919 -9.48142e-02
  4  0.26984  2.82140e-02 |  5  0.19068  6.69218e-04 |  6  0.13399  4.06924e-02
  7  0.09550 -3.43556e-02 |  8  0.06821  4.55394e-03 |  9  0.04795 -2.35565e-02
 10  0.03240  2.49294e-02 | 11  0.02023  3.61696e-03 | 12  0.01065 -2.11591e-02
 13  0.00318 -4.48964e-03 | 14 -0.00250 -1.47789e-03 | 15 -0.00661 -1.12689e-02
 16 -0.00929  5.27353e-03 | 17 -0.01060  1.15856e-02 | 18  0.10683  5.75698e-01
 19 -0.03613 -2.26325e-01 | 20 -0.01983  2.51802e-02 | 21 -0.02361  1.19432e-01
 22 -0.04525 -2.55501e-01 | 23 -0.02276 -8.01117e-02 | 24 -0.01935  1.20761e-01
 25 -0.01107  4.22242e-02 | 26 -0.01208 -2.41720e-01 | 27 -0.00496  7.26482e-02
 28 -0.00808  3.91388e-02 | 29  0.00006 -8.40444e-02 | 30 -0.00660 -8.34673e-02
 31  0.00138 -7.30111e-02 | 32  0.00358 -2.91129e-01 | 33  0.00728  2.59975e-01
 34  0.00641  1.37368e-01 | 35  0.00874 -5.88471e-03 | 36  0.00362 -9.95040e-02
 37  0.01203 -9.10311e-04 | 38  0.01461  7.09878e-03 | 39  0.01533  4.93662e-02
 40  0.01655  6.17837e-02 | 41  0.01695 -1.01714e-01 | 42  0.02211 -2.39662e-02
 43  0.02500  4.30800e-01 | 44  0.02296 -1.79893e-01 | 45  0.02394 -1.53497e-02
 46  0.00912 -2.96696e-02 | 47  0.17957 -1.29222e+00 | 48 -0.08531 -1.72362e-02
 49 -0.07688  5.30323e-02 | 50 -0.08217  1.53886e-01 | 51 -0.05589 -1.00631e-01
 52 -0.04064 -6.43266e-02 | 53 -0.02618 -5.88983e-02 | 54 -0.01720  1.15799e-02
 55 -0.00882  2.81351e-02 | 56 -0.00395 -4.59520e-02 | 57  0.00332 -8.20039e-03
 58  0.00782  1.24547e-02 | 59  0.01506 -1.04792e-02 | 60  0.01544  1.68623e-01
 61  0.01487 -1.47428e-02 | 62  0.01165  1.15889e-02 | 63  0.01319 -1.20948e-01
 64  0.01528  7.28774e-02 | 65  0.02227 -2.85981e-02 | 66  0.02171  5.97951e-02
 67  0.02158  5.22981e-02 | 68  0.02353 -1.01610e-01 | 69  0.02512  1.32297e-01
 70  0.02894  5.47357e-03 | 71  0.03143 -3.72722e-01 | 72  0.03256  2.21563e-01
 73  0.02896  4.82721e-02 | 74  0.03182  1.64840e-01 | 75  0.03182  6.44667e-02
 76 -0.66205 -5.18600e+00 | 77 -0.71303  8.06880e-01 |
2 0 26621.1
2 0 26621.1
2 0 26621.1
2 0 26621.1
2 0 26621.1
2 0 26621.1
2 0 26621.1
2 0 26621.1
2 0 26621.1
2 0 26621.1
2 0 26621.1
2 0 26621.1
77 variables; iteration 150; function evaluation 176; phase 2
Function value   2.6621145e+04; maximum gradient component mag  -9.0664e-01
Var   Value    Gradient   |Var   Value    Gradient   |Var   Value    Gradient
  1 -0.68792 -5.69412e-03 |  2 -0.62260  1.21914e-03 |  3  0.29920 -1.29434e-02
  4  0.26984  5.01238e-03 |  5  0.19069  4.05658e-04 |  6  0.13399  5.43752e-03
  7  0.09551 -4.49649e-03 |  8  0.06822  1.00575e-03 |  9  0.04796 -2.92961e-03
 10  0.03240  2.42682e-03 | 11  0.02023  1.46239e-03 | 12  0.01066 -3.73611e-03
 13  0.00319 -9.13375e-04 | 14 -0.00249 -9.27932e-04 | 15 -0.00661 -1.14037e-03
 16 -0.00928  6.83103e-04 | 17 -0.01060  2.80822e-03 | 18  0.10683  9.92755e-02
 19 -0.03613 -3.45599e-02 | 20 -0.01983  7.08455e-03 | 21 -0.02361  7.47557e-03
 22 -0.04525 -2.26942e-02 | 23 -0.02276 -1.87867e-02 | 24 -0.01935  9.57618e-03
 25 -0.01107  2.02655e-04 | 26 -0.01208 -2.38406e-02 | 27 -0.00496  3.13345e-03
 28 -0.00808 -1.31043e-02 | 29  0.00006 -7.91867e-03 | 30 -0.00660 -2.32218e-02
 31  0.00138 -8.63236e-03 | 32  0.00358 -1.26008e-02 | 33  0.00728  5.09277e-02
 34  0.00641  1.07029e-02 | 35  0.00874 -5.99291e-03 | 36  0.00362 -1.44613e-02
 37  0.01203  1.16025e-02 | 38  0.01461 -4.30789e-03 | 39  0.01533  6.43198e-03
 40  0.01655  6.96721e-03 | 41  0.01695 -1.05818e-02 | 42  0.02211  6.81429e-03
 43  0.02500  2.78403e-02 | 44  0.02296 -2.68645e-02 | 45  0.02394  1.89616e-02
 46  0.00912 -8.33768e-03 | 47  0.17957 -2.47503e-01 | 48 -0.08531 -3.20570e-03
 49 -0.07688  1.22878e-03 | 50 -0.08217  1.62248e-02 | 51 -0.05589  2.80763e-03
 52 -0.04064 -8.91842e-03 | 53 -0.02618 -4.22910e-03 | 54 -0.01720 -2.95403e-03
 55 -0.00882  1.19922e-03 | 56 -0.00395 -4.15400e-03 | 57  0.00332 -8.33599e-04
 58  0.00782  4.12768e-03 | 59  0.01506  4.52862e-03 | 60  0.01544  8.13227e-03
 61  0.01487 -8.76404e-03 | 62  0.01165 -4.54698e-04 | 63  0.01319 -1.81168e-02
 64  0.01528  8.45676e-03 | 65  0.02227  2.73016e-03 | 66  0.02170  2.07067e-03
 67  0.02158  6.56536e-03 | 68  0.02353 -8.65407e-03 | 69  0.02512  1.14976e-02
 70  0.02894 -3.54478e-03 | 71  0.03143 -1.67205e-02 | 72  0.03256  5.05064e-03
 73  0.02896  3.14810e-03 | 74  0.03182  2.35581e-02 | 75  0.03182  1.20902e-02
 76 -0.66294 -9.06641e-01 | 77 -0.71889  1.38315e-01 |
2 0 26621.1
2 0 26621.1
2 0 26621.1
2 0 26621.1
2 0 26621.1
2 0 26621.1
2 0 26621.1
2 0 26621.1
2 0 26621.1
2 0 26621.1
2 0 26621.1
2 0 26621.1
2 0 26621.1
2 0 26621.1
77 variables; iteration 160; function evaluation 190; phase 2
Function value   2.6621145e+04; maximum gradient component mag  -6.3873e-01
Var   Value    Gradient   |Var   Value    Gradient   |Var   Value    Gradient
  1 -0.68792 -4.06132e-03 |  2 -0.62260  5.67922e-04 |  3  0.29920 -8.15835e-03
  4  0.26984  4.41867e-03 |  5  0.19069  1.12752e-04 |  6  0.13399  3.62280e-03
  7  0.09551 -2.89797e-03 |  8  0.06822  8.29175e-04 |  9  0.04796 -1.82557e-03
 10  0.03240  1.71625e-03 | 11  0.02024  8.06489e-04 | 12  0.01066 -1.91996e-03
 13  0.00319 -4.31341e-04 | 14 -0.00249 -2.71880e-05 | 15 -0.00660 -6.11981e-04
 16 -0.00928 -2.16193e-04 | 17 -0.01060  1.63616e-03 | 18  0.10683  6.31367e-02
 19 -0.03613 -2.34717e-02 | 20 -0.01983  3.48565e-03 | 21 -0.02361  2.09912e-04
 22 -0.04525 -8.62948e-03 | 23 -0.02276 -9.11958e-03 | 24 -0.01935 -4.45114e-03
 25 -0.01107 -1.86195e-03 | 26 -0.01208 -5.60999e-03 | 27 -0.00496  7.44523e-04
 28 -0.00808 -7.44908e-03 | 29  0.00006  9.82137e-04 | 30 -0.00660 -6.24015e-03
 31  0.00138  9.55186e-04 | 32  0.00358 -1.72258e-03 | 33  0.00728  1.06612e-02
 34  0.00641  7.67689e-04 | 35  0.00874  2.13237e-03 | 36  0.00362 -1.97601e-03
 37  0.01203  4.93432e-03 | 38  0.01461 -6.96035e-04 | 39  0.01533  5.17449e-03
 40  0.01655  3.94782e-03 | 41  0.01695 -1.85140e-03 | 42  0.02211  8.15229e-03
 43  0.02500 -5.77439e-03 | 44  0.02296  4.27150e-04 | 45  0.02394  1.33004e-02
 46  0.00912 -6.55730e-03 | 47  0.17957 -1.42985e-01 | 48 -0.08531 -2.77445e-03
 49 -0.07688 -1.85061e-03 | 50 -0.08217  5.68727e-03 | 51 -0.05589  6.24647e-03
 52 -0.04064 -1.82061e-03 | 53 -0.02618  2.26037e-03 | 54 -0.01720 -1.29441e-03
 55 -0.00882 -6.46405e-04 | 56 -0.00395 -5.46306e-04 | 57  0.00332 -2.18373e-03
 58  0.00782  2.00380e-03 | 59  0.01506  7.18936e-04 | 60  0.01544 -2.27139e-03
 61  0.01487 -2.97151e-03 | 62  0.01165  3.18794e-03 | 63  0.01319 -7.21653e-03
 64  0.01528  1.81914e-03 | 65  0.02227  1.78635e-03 | 66  0.02170 -8.81118e-04
 67  0.02158  1.51382e-03 | 68  0.02353 -3.03223e-03 | 69  0.02512  2.52932e-03
 70  0.02894 -4.57899e-03 | 71  0.03143  1.10777e-02 | 72  0.03256 -1.06748e-02
 73  0.02896 -2.12260e-03 | 74  0.03182  1.39773e-02 | 75  0.03182  6.83048e-03
 76 -0.66338 -6.38731e-01 | 77 -0.72178  9.62302e-02 |
2 0 26621.1
2 0 26621.1
2 0 26621.1
2 0 26621.1
2 0 26621.1
2 0 26621.1
2 0 26621.1
2 0 26621.1
2 0 26621.1
2 0 26621.1
2 0 26621.1
2 0 26621.1
77 variables; iteration 170; function evaluation 202; phase 2
Function value   2.6621145e+04; maximum gradient component mag  -6.7352e-01
Var   Value    Gradient   |Var   Value    Gradient   |Var   Value    Gradient
  1 -0.68792 -5.23387e-03 |  2 -0.62260  4.10879e-04 |  3  0.29920 -4.72023e-03
  4  0.26984  3.46721e-04 |  5  0.19069 -1.03959e-05 |  6  0.13399  9.29569e-04
  7  0.09551 -7.53494e-04 |  8  0.06822  1.11120e-04 |  9  0.04796 -4.91303e-04
 10  0.03240  5.67282e-04 | 11  0.02024  1.33759e-04 | 12  0.01066 -4.32569e-04
 13  0.00320 -1.29175e-04 | 14 -0.00249  6.98873e-05 | 15 -0.00660 -4.68270e-05
 16 -0.00928 -6.03701e-05 | 17 -0.01060  1.85980e-04 | 18  0.10683  5.98511e-02
 19 -0.03613 -1.09641e-02 | 20 -0.01983 -3.25231e-04 | 21 -0.02361 -4.92931e-04
 22 -0.04525 -9.13920e-03 | 23 -0.02276 -5.07691e-03 | 24 -0.01935 -3.44175e-03
 25 -0.01107 -1.37029e-03 | 26 -0.01208 -2.17485e-03 | 27 -0.00496  3.94880e-06
 28 -0.00808 -1.59897e-03 | 29  0.00006  5.58838e-03 | 30 -0.00660  3.05503e-04
 31  0.00138  2.32519e-03 | 32  0.00358 -1.72840e-03 | 33  0.00728  4.33323e-03
 34  0.00641  6.86906e-04 | 35  0.00874  1.74226e-03 | 36  0.00362 -3.60820e-05
 37  0.01203  2.74386e-03 | 38  0.01461  5.48569e-03 | 39  0.01533  3.14924e-03
 40  0.01655  3.53316e-03 | 41  0.01695  1.32806e-03 | 42  0.02211  4.46207e-03
 43  0.02500  2.45233e-03 | 44  0.02296  2.75913e-04 | 45  0.02394  6.17545e-03
 46  0.00912 -8.06934e-03 | 47  0.17957 -1.07512e-01 | 48 -0.08531  3.07341e-04
 49 -0.07688 -7.98197e-05 | 50 -0.08217  3.95599e-03 | 51 -0.05589  2.72337e-03
 52 -0.04064  2.05060e-03 | 53 -0.02618  1.39936e-03 | 54 -0.01720  1.21630e-03
 55 -0.00882 -1.36009e-04 | 56 -0.00395  1.40956e-03 | 57  0.00332 -2.26606e-03
 58  0.00782  1.91260e-04 | 59  0.01506 -1.64765e-03 | 60  0.01544 -1.29313e-03
 61  0.01487 -2.47764e-03 | 62  0.01165 -1.83522e-04 | 63  0.01319 -2.03013e-03
 64  0.01528  9.49904e-04 | 65  0.02227 -1.37204e-03 | 66  0.02170 -2.12144e-03
 67  0.02158 -2.21893e-03 | 68  0.02353 -2.22066e-03 | 69  0.02512 -9.25461e-04
 70  0.02894 -1.94423e-03 | 71  0.03143  8.17658e-04 | 72  0.03256 -6.09983e-03
 73  0.02896  3.00487e-04 | 74  0.03182  7.72880e-03 | 75  0.03182  5.18201e-03
 76 -0.66373 -6.73525e-01 | 77 -0.72411  1.00583e-01 |
2 0 26621.1
2 0 26621.1
2 0 26621.1
2 0 26621.1
2 0 26621.1
2 0 26621.1
2 0 26621.1
2 0 26621.1
2 0 26621.1
2 0 26621.1
2 0 26621.1
2 0 26621.1
2 0 26621.1
77 variables; iteration 180; function evaluation 215; phase 2
Function value   2.6621145e+04; maximum gradient component mag  -3.4538e-01
Var   Value    Gradient   |Var   Value    Gradient   |Var   Value    Gradient
  1 -0.68792 -2.80883e-03 |  2 -0.62260  1.82353e-04 |  3  0.29920 -2.36114e-03
  4  0.26984  2.44074e-05 |  5  0.19069  1.54774e-05 |  6  0.13399  4.04169e-04
  7  0.09551 -3.13570e-04 |  8  0.06822  9.57430e-06 |  9  0.04796 -2.06226e-04
 10  0.03240  2.92349e-04 | 11  0.02024  2.75844e-05 | 12  0.01066 -1.16084e-04
 13  0.00320 -8.51726e-05 | 14 -0.00249  3.17829e-05 | 15 -0.00660  2.43629e-05
 16 -0.00928 -1.42902e-05 | 17 -0.01060 -4.68766e-06 | 18  0.10683  2.94736e-02
 19 -0.03613 -5.14694e-03 | 20 -0.01983 -2.54695e-05 | 21 -0.02361 -3.43150e-04
 22 -0.04525 -4.29024e-03 | 23 -0.02276 -2.39431e-03 | 24 -0.01935 -1.89816e-03
 25 -0.01107 -5.81643e-04 | 26 -0.01208 -1.32333e-03 | 27 -0.00496  6.87901e-04
 28 -0.00808 -1.04948e-03 | 29  0.00006  2.62634e-03 | 30 -0.00660 -2.50179e-04
 31  0.00138  1.22634e-03 | 32  0.00358 -2.08236e-04 | 33  0.00728  2.67472e-03
 34  0.00641  5.32455e-04 | 35  0.00874  9.09025e-04 | 36  0.00362  4.64022e-05
 37  0.01203  1.04608e-03 | 38  0.01461  2.97735e-03 | 39  0.01533  1.27103e-03
 40  0.01655  1.47862e-03 | 41  0.01695  1.05511e-03 | 42  0.02211  1.77916e-03
 43  0.02500  1.33299e-03 | 44  0.02296  1.27404e-03 | 45  0.02394  1.90392e-03
 46  0.00912 -3.88339e-03 | 47  0.17957 -5.05446e-02 | 48 -0.08531  2.36064e-04
 49 -0.07688  6.37192e-05 | 50 -0.08217  2.25863e-03 | 51 -0.05589  1.20667e-03
 52 -0.04064  1.32280e-03 | 53 -0.02618  6.61499e-04 | 54 -0.01720  7.96859e-04
 55 -0.00882 -2.28958e-04 | 56 -0.00395  8.29507e-04 | 57  0.00332 -1.05884e-03
 58  0.00782  2.45145e-04 | 59  0.01506 -7.52430e-04 | 60  0.01544 -7.40603e-04
 61  0.01487 -1.47810e-03 | 62  0.01165 -7.15786e-04 | 63  0.01319 -7.26750e-04
 64  0.01528  1.87185e-04 | 65  0.02227 -9.00013e-04 | 66  0.02170 -1.09736e-03
 67  0.02158 -1.41430e-03 | 68  0.02353 -8.56051e-04 | 69  0.02512 -7.21539e-04
 70  0.02894 -8.40085e-04 | 71  0.03143  6.42806e-05 | 72  0.03256 -2.95540e-03
 73  0.02896  1.15111e-04 | 74  0.03182  3.76159e-03 | 75  0.03182  2.41644e-03
 76 -0.66392 -3.45380e-01 | 77 -0.72541  5.13751e-02 |
2 0 26621.1
2 0 26621.1
2 0 26621.1
2 0 26621.1
2 0 26621.1
2 0 26621.1
2 0 26621.1
2 0 26621.1
2 0 26621.1
2 0 26621.1
2 0 26621.1
2 0 26621.1
2 0 26621.1
77 variables; iteration 190; function evaluation 228; phase 2
Function value   2.6621145e+04; maximum gradient component mag  -1.9324e-01
Var   Value    Gradient   |Var   Value    Gradient   |Var   Value    Gradient
  1 -0.68792 -1.47506e-03 |  2 -0.62260  9.20977e-05 |  3  0.29920 -1.12878e-03
  4  0.26984 -1.38150e-04 |  5  0.19069 -3.59457e-05 |  6  0.13399  1.21438e-04
  7  0.09551 -1.10996e-04 |  8  0.06822  1.70489e-05 |  9  0.04796 -6.95893e-05
 10  0.03240  7.06076e-05 | 11  0.02024  2.56342e-05 | 12  0.01066 -6.56673e-05
 13  0.00320 -3.67153e-05 | 14 -0.00249 -1.45021e-05 | 15 -0.00660  6.27580e-06
 16 -0.00928  1.69442e-05 | 17 -0.01060  2.49653e-05 | 18  0.10683  1.61200e-02
 19 -0.03613 -2.25797e-03 | 20 -0.01983  4.41537e-05 | 21 -0.02361 -6.71915e-04
 22 -0.04525 -1.91891e-03 | 23 -0.02276 -1.44409e-03 | 24 -0.01935 -1.25918e-03
 25 -0.01107 -5.91500e-04 | 26 -0.01208 -2.83963e-04 | 27 -0.00496 -1.34915e-03
 28 -0.00808  5.88865e-04 | 29  0.00006 -1.39762e-03 | 30 -0.00660 -1.68189e-04
 31  0.00138  4.86217e-05 | 32  0.00358  8.66951e-04 | 33  0.00728  1.74669e-03
 34  0.00641  1.12870e-03 | 35  0.00874  1.26553e-03 | 36  0.00362 -2.94658e-04
 37  0.01203  8.67917e-04 | 38  0.01461  8.28907e-04 | 39  0.01533  6.41790e-04
 40  0.01655  6.58436e-04 | 41  0.01695  5.88813e-04 | 42  0.02211  7.59189e-04
 43  0.02500  3.61981e-04 | 44  0.02296  1.49833e-03 | 45  0.02394  5.91785e-04
 46  0.00912 -2.10417e-03 | 47  0.17957 -2.71533e-02 | 48 -0.08531  2.80485e-04
 49 -0.07688  2.17728e-06 | 50 -0.08217  1.82604e-03 | 51 -0.05589  9.55625e-04
 52 -0.04064  7.62567e-04 | 53 -0.02618  5.20806e-04 | 54 -0.01720  2.80940e-04
 55 -0.00882  6.92826e-05 | 56 -0.00395  2.48588e-04 | 57  0.00332 -1.97794e-04
 58  0.00782  5.14143e-04 | 59  0.01506 -1.67711e-04 | 60  0.01544 -5.17209e-04
 61  0.01487 -9.05366e-04 | 62  0.01165 -5.42375e-04 | 63  0.01319 -9.46380e-04
 64  0.01528 -1.78974e-04 | 65  0.02227 -5.18856e-04 | 66  0.02170 -6.45937e-04
 67  0.02158 -5.15590e-04 | 68  0.02353 -5.32121e-04 | 69  0.02512 -3.04004e-04
 70  0.02894 -5.70189e-04 | 71  0.03143  1.28969e-04 | 72  0.03256 -1.35380e-03
 73  0.02896 -7.24059e-04 | 74  0.03182  2.08594e-03 | 75  0.03182  1.33351e-03
 76 -0.66407 -1.93237e-01 | 77 -0.72639  2.86587e-02 |
2 0 26621.1
2 0 26621.1
2 0 26621.1
2 0 26621.1
2 0 26621.1
2 0 26621.1
2 0 26621.1
2 0 26621.1
2 0 26621.1
2 0 26621.1
2 0 26621.1
77 variables; iteration 200; function evaluation 239; phase 2
Function value   2.6621145e+04; maximum gradient component mag  -1.4829e-01
Var   Value    Gradient   |Var   Value    Gradient   |Var   Value    Gradient
  1 -0.68792 -1.12044e-03 |  2 -0.62260  5.16451e-05 |  3  0.29920 -6.86987e-04
  4  0.26984 -1.20259e-04 |  5  0.19069 -3.54893e-05 |  6  0.13399  4.87336e-05
  7  0.09551 -5.17662e-05 |  8  0.06822  1.94702e-05 |  9  0.04796 -2.16040e-05
 10  0.03240 -1.77316e-06 | 11  0.02024  3.10573e-05 | 12  0.01066 -4.16974e-05
 13  0.00320 -2.07740e-05 | 14 -0.00249 -4.19778e-05 | 15 -0.00660 -5.13260e-06
 16 -0.00928  3.11447e-05 | 17 -0.01060  4.73437e-05 | 18  0.10683  1.20151e-02
 19 -0.03613 -1.26903e-03 | 20 -0.01983 -3.85925e-06 | 21 -0.02361 -7.60140e-04
 22 -0.04525 -1.41015e-03 | 23 -0.02276 -1.15865e-03 | 24 -0.01935 -1.05953e-03
 25 -0.01107 -4.22621e-04 | 26 -0.01208 -7.49843e-04 | 27 -0.00496 -1.82785e-05
 28 -0.00808 -4.30077e-04 | 29  0.00006 -8.64937e-04 | 30 -0.00660 -6.76064e-04
 31  0.00138  2.01962e-04 | 32  0.00358  1.27093e-03 | 33  0.00728  1.25758e-03
 34  0.00641  4.03457e-04 | 35  0.00874  6.93105e-04 | 36  0.00362 -5.71262e-05
 37  0.01203  5.33860e-04 | 38  0.01461  3.93359e-04 | 39  0.01533  3.73271e-04
 40  0.01655  3.88846e-04 | 41  0.01695  3.55249e-04 | 42  0.02211  4.90662e-04
 43  0.02500 -2.89436e-04 | 44  0.02296  1.98259e-03 | 45  0.02394  2.60463e-04
 46  0.00912 -1.61809e-03 | 47  0.17957 -2.03148e-02 | 48 -0.08531  2.89448e-04
 49 -0.07688 -1.52231e-05 | 50 -0.08217  1.47354e-03 | 51 -0.05589  9.99597e-04
 52 -0.04064  5.94498e-04 | 53 -0.02618  4.44479e-04 | 54 -0.01720  1.79783e-04
 55 -0.00882  3.96683e-05 | 56 -0.00395 -3.95117e-05 | 57  0.00332 -7.64366e-05
 58  0.00782  3.55995e-04 | 59  0.01506 -7.28300e-05 | 60  0.01544 -6.13435e-04
 61  0.01487 -7.68513e-04 | 62  0.01165 -2.18926e-04 | 63  0.01319 -7.49422e-04
 64  0.01528 -5.53301e-05 | 65  0.02227 -2.70727e-04 | 66  0.02170 -4.01485e-04
 67  0.02158 -2.13404e-04 | 68  0.02353 -4.35203e-04 | 69  0.02512 -9.79913e-05
 70  0.02894 -4.96867e-04 | 71  0.03143  3.94850e-04 | 72  0.03256 -7.36600e-04
 73  0.02896 -1.29582e-03 | 74  0.03182  1.48578e-03 | 75  0.03182  1.01604e-03
 76 -0.66419 -1.48288e-01 | 77 -0.72725  2.19313e-02 |
2 0 26621.1
2 0 26621.1
2 0 26621.1
2 0 26621.1
2 0 26621.1
2 0 26621.1
2 0 26621.1
2 0 26621.1
2 0 26621.1
2 0 26621.1
2 0 26621.1
77 variables; iteration 210; function evaluation 250; phase 2
Function value   2.6621145e+04; maximum gradient component mag  -2.0166e-01
Var   Value    Gradient   |Var   Value    Gradient   |Var   Value    Gradient
  1 -0.68792 -1.49738e-03 |  2 -0.62260  7.61282e-05 |  3  0.29920 -8.95400e-04
  4  0.26984 -2.48073e-04 |  5  0.19069 -5.42987e-05 |  6  0.13399  8.88708e-06
  7  0.09551 -2.57114e-05 |  8  0.06822  9.82290e-06 |  9  0.04796 -1.42362e-05
 10  0.03240 -1.78778e-06 | 11  0.02024  1.49311e-05 | 12  0.01066 -2.17538e-05
 13  0.00320 -4.04620e-06 | 14 -0.00249 -5.20913e-06 | 15 -0.00660 -2.09480e-05
 16 -0.00928 -1.03582e-05 | 17 -0.01060  4.39132e-05 | 18  0.10683  1.58353e-02
 19 -0.03613 -1.68424e-03 | 20 -0.01983 -2.03497e-04 | 21 -0.02361 -6.72703e-04
 22 -0.04525 -2.12822e-03 | 23 -0.02276 -1.36872e-03 | 24 -0.01935 -1.11712e-03
 25 -0.01107 -5.64564e-04 | 26 -0.01208 -4.84919e-04 | 27 -0.00496 -1.80930e-04
 28 -0.00808 -6.85354e-04 | 29  0.00006  5.43531e-04 | 30 -0.00660 -8.27156e-04
 31  0.00138  4.74782e-04 | 32  0.00358  8.86873e-04 | 33  0.00728  1.41582e-03
 34  0.00641  5.43730e-04 | 35  0.00874  1.07004e-03 | 36  0.00362 -1.15619e-04
 37  0.01203  5.10982e-04 | 38  0.01461  1.02296e-03 | 39  0.01533  5.90702e-04
 40  0.01655  5.75524e-04 | 41  0.01695  5.76107e-04 | 42  0.02211  6.93355e-04
 43  0.02500  3.29973e-04 | 44  0.02296  1.51232e-03 | 45  0.02394  6.37065e-04
 46  0.00912 -2.22076e-03 | 47  0.17957 -2.63771e-02 | 48 -0.08531  3.78507e-04
 49 -0.07688  4.95428e-05 | 50 -0.08217  1.55248e-03 | 51 -0.05589  1.01531e-03
 52 -0.04064  8.06886e-04 | 53 -0.02618  5.36304e-04 | 54 -0.01720  2.83584e-04
 55 -0.00882  6.71770e-06 | 56 -0.00395  2.84041e-04 | 57  0.00332 -3.29566e-04
 58  0.00782  2.66447e-04 | 59  0.01506 -2.28509e-04 | 60  0.01544 -5.90317e-04
 61  0.01487 -8.72680e-04 | 62  0.01165 -3.89881e-04 | 63  0.01319 -7.24356e-04
 64  0.01528 -8.66979e-05 | 65  0.02227 -4.54511e-04 | 66  0.02170 -5.65393e-04
 67  0.02158 -5.21209e-04 | 68  0.02353 -5.57900e-04 | 69  0.02512 -2.68421e-04
 70  0.02894 -5.10326e-04 | 71  0.03143  2.82957e-05 | 72  0.03256 -9.99026e-04
 73  0.02896 -9.98162e-04 | 74  0.03182  1.76578e-03 | 75  0.03182  1.30976e-03
 76 -0.66432 -2.01656e-01 | 77 -0.72808  2.97399e-02 |
2 0 26621.1
2 0 26621.1
2 0 26621.1
2 0 26621.1
2 0 26621.1
2 0 26621.1
2 0 26621.1
2 0 26621.1
2 0 26621.1
2 0 26621.1
2 0 26621.1
2 0 26621.1
2 0 26621.1
77 variables; iteration 220; function evaluation 263; phase 2
Function value   2.6621145e+04; maximum gradient component mag  -9.3801e-02
Var   Value    Gradient   |Var   Value    Gradient   |Var   Value    Gradient
  1 -0.68792 -6.55403e-04 |  2 -0.62260  3.60674e-05 |  3  0.29920 -3.61094e-04
  4  0.26984 -1.21405e-04 |  5  0.19069 -2.95797e-05 |  6  0.13399 -1.16875e-05
  7  0.09551 -1.34122e-06 |  8  0.06822  8.76999e-06 |  9  0.04796  9.16110e-07
 10  0.03240 -1.57510e-05 | 11  0.02024  7.72858e-06 | 12  0.01066 -9.83827e-06
 13  0.00320  3.91140e-06 | 14 -0.00249 -2.83577e-06 | 15 -0.00660 -1.30399e-05
 16 -0.00928 -6.59949e-06 | 17 -0.01060  2.65500e-05 | 18  0.10683  7.25809e-03
 19 -0.03613 -6.79367e-04 | 20 -0.01983 -1.53666e-04 | 21 -0.02361 -4.08975e-04
 22 -0.04525 -9.05229e-04 | 23 -0.02276 -6.01385e-04 | 24 -0.01935 -5.73070e-04
 25 -0.01107 -2.65760e-04 | 26 -0.01208 -2.73486e-04 | 27 -0.00496 -6.64848e-05
 28 -0.00808 -2.94225e-04 | 29  0.00006  6.68590e-05 | 30 -0.00660 -2.90728e-04
 31  0.00138  2.26735e-04 | 32  0.00358  5.30807e-04 | 33  0.00728  5.10691e-04
 34  0.00641  2.63221e-04 | 35  0.00874  3.84915e-04 | 36  0.00362 -1.17186e-05
 37  0.01203  3.95911e-04 | 38  0.01461  3.61065e-04 | 39  0.01533  2.90383e-04
 40  0.01655  3.30691e-04 | 41  0.01695  2.00322e-04 | 42  0.02211  3.57056e-04
 43  0.02500  5.54179e-05 | 44  0.02296  7.25994e-04 | 45  0.02394  3.56462e-04
 46  0.00912 -1.05456e-03 | 47  0.17957 -1.21008e-02 | 48 -0.08531  2.05976e-04
 49 -0.07688  1.13380e-05 | 50 -0.08217  7.50999e-04 | 51 -0.05589  5.07719e-04
 52 -0.04064  3.80106e-04 | 53 -0.02618  2.69090e-04 | 54 -0.01720  1.29475e-04
 55 -0.00882  2.13471e-05 | 56 -0.00395  1.06254e-04 | 57  0.00332 -1.17837e-04
 58  0.00782  1.29576e-04 | 59  0.01506 -1.11458e-04 | 60  0.01544 -3.18608e-04
 61  0.01487 -3.94207e-04 | 62  0.01165 -1.40029e-04 | 63  0.01319 -3.24856e-04
 64  0.01528 -1.38050e-06 | 65  0.02227 -2.15112e-04 | 66  0.02170 -2.94700e-04
 67  0.02158 -1.87740e-04 | 68  0.02353 -2.78478e-04 | 69  0.02512 -1.45581e-04
 70  0.02894 -2.31656e-04 | 71  0.03143  6.67247e-05 | 72  0.03256 -4.34455e-04
 73  0.02896 -5.47558e-04 | 74  0.03182  7.45575e-04 | 75  0.03182  6.06819e-04
 76 -0.66439 -9.38006e-02 | 77 -0.72857  1.38140e-02 |
2 0 26621.1
2 0 26621.1
2 0 26621.1
2 0 26621.1
2 0 26621.1
2 0 26621.1
2 0 26621.1
2 0 26621.1
2 0 26621.1
2 0 26621.1
2 0 26621.1
2 0 26621.1
2 0 26621.1
77 variables; iteration 230; function evaluation 276; phase 2
Function value   2.6621145e+04; maximum gradient component mag  -1.8001e-02
Var   Value    Gradient   |Var   Value    Gradient   |Var   Value    Gradient
  1 -0.68792 -1.24668e-04 |  2 -0.62260  6.57423e-06 |  3  0.29920 -6.54752e-05
  4  0.26984 -2.42476e-05 |  5  0.19069 -6.60592e-06 |  6  0.13399 -4.01587e-06
  7  0.09551  9.53004e-07 |  8  0.06822  2.36598e-06 |  9  0.04796  8.40096e-07
 10  0.03240 -4.32316e-06 | 11  0.02024  1.52604e-06 | 12  0.01066 -1.20360e-06
 13  0.00320  1.46647e-06 | 14 -0.00249  2.46469e-07 | 15 -0.00660 -3.77093e-06
 16 -0.00928 -2.95238e-06 | 17 -0.01060  6.78421e-06 | 18  0.10683  1.38445e-03
 19 -0.03613 -1.23990e-04 | 20 -0.01983 -3.21801e-05 | 21 -0.02361 -8.87875e-05
 22 -0.04525 -1.59829e-04 | 23 -0.02276 -1.14811e-04 | 24 -0.01935 -1.19741e-04
 25 -0.01107 -5.40998e-05 | 26 -0.01208 -4.74375e-05 | 27 -0.00496 -1.61226e-05
 28 -0.00808 -6.16107e-05 | 29  0.00006  2.45249e-06 | 30 -0.00660 -5.76963e-05
 31  0.00138  4.34838e-05 | 32  0.00358  1.17753e-04 | 33  0.00728  9.52843e-05
 34  0.00641  4.01954e-05 | 35  0.00874  7.92008e-05 | 36  0.00362  7.49282e-07
 37  0.01203  8.36125e-05 | 38  0.01461  6.33373e-05 | 39  0.01533  5.35206e-05
 40  0.01655  6.18554e-05 | 41  0.01695  4.21034e-05 | 42  0.02211  6.69486e-05
 43  0.02500 -1.12233e-05 | 44  0.02296  1.65473e-04 | 45  0.02394  6.17799e-05
 46  0.00912 -2.02393e-04 | 47  0.17957 -2.29522e-03 | 48 -0.08531  4.08602e-05
 49 -0.07688 -6.19590e-07 | 50 -0.08217  1.47624e-04 | 51 -0.05589  1.05689e-04
 52 -0.04064  7.55789e-05 | 53 -0.02618  5.60630e-05 | 54 -0.01720  2.40542e-05
 55 -0.00882  2.49407e-06 | 56 -0.00395  2.19926e-05 | 57  0.00332 -2.07414e-05
 58  0.00782  2.67461e-05 | 59  0.01506 -1.96563e-05 | 60  0.01544 -6.94048e-05
 61  0.01487 -7.76246e-05 | 62  0.01165 -2.76010e-05 | 63  0.01319 -5.87606e-05
 64  0.01528 -4.75903e-06 | 65  0.02227 -4.02276e-05 | 66  0.02170 -6.03967e-05
 67  0.02158 -3.68400e-05 | 68  0.02353 -4.91232e-05 | 69  0.02512 -3.38350e-05
 70  0.02894 -4.51663e-05 | 71  0.03143  2.78689e-05 | 72  0.03256 -8.70999e-05
 73  0.02896 -1.21260e-04 | 74  0.03182  1.40644e-04 | 75  0.03182  1.15414e-04
 76 -0.66446 -1.80010e-02 | 77 -0.72903  2.64943e-03 |
2 0 26621.1
2 0 26621.1
2 0 26621.1
2 0 26621.1
2 0 26621.1
2 0 26621.1
2 0 26621.1
2 0 26621.1
2 0 26621.1
2 0 26621.1
2 0 26621.1
2 0 26621.1
2 0 26621.1
77 variables; iteration 240; function evaluation 289; phase 2
Function value   2.6621145e+04; maximum gradient component mag  -5.2257e-02
Var   Value    Gradient   |Var   Value    Gradient   |Var   Value    Gradient
  1 -0.68792 -3.54125e-04 |  2 -0.62260  1.58484e-05 |  3  0.29920 -1.52816e-04
  4  0.26984 -8.45114e-05 |  5  0.19069 -1.83198e-05 |  6  0.13399 -2.62949e-05
  7  0.09551  1.46806e-05 |  8  0.06822  3.10755e-06 |  9  0.04796  1.35100e-05
 10  0.03240 -2.68062e-05 | 11  0.02024  4.39167e-06 | 12  0.01066  1.24248e-06
 13  0.00320  4.25914e-06 | 14 -0.00249 -9.07836e-06 | 15 -0.00660 -5.64587e-06
 16 -0.00928  2.59802e-06 | 17 -0.01060  1.50367e-05 | 18  0.10683  3.91925e-03
 19 -0.03613 -2.27658e-04 | 20 -0.01983 -8.30899e-05 | 21 -0.02361 -3.27128e-04
 22 -0.04525 -4.57375e-04 | 23 -0.02276 -3.19701e-04 | 24 -0.01935 -3.66375e-04
 25 -0.01107 -1.73446e-04 | 26 -0.01208 -1.68573e-04 | 27 -0.00496 -5.13406e-05
 28 -0.00808 -1.83768e-04 | 29  0.00006 -1.60933e-04 | 30 -0.00660 -2.65350e-04
 31  0.00138  1.27656e-04 | 32  0.00358  6.02646e-04 | 33  0.00728  1.84078e-04
 34  0.00641  3.20656e-04 | 35  0.00874  1.75067e-04 | 36  0.00362  4.50507e-05
 37  0.01203  1.32750e-04 | 38  0.01461  1.06592e-04 | 39  0.01533  1.28988e-04
 40  0.01655  1.46995e-04 | 41  0.01695  1.13828e-04 | 42  0.02211  1.62565e-04
 43  0.02500 -9.64444e-05 | 44  0.02296  5.52309e-04 | 45  0.02394  1.39922e-04
 46  0.00912 -5.86242e-04 | 47  0.17957 -6.38881e-03 | 48 -0.08531  1.41801e-04
 49 -0.07688  3.84191e-07 | 50 -0.08217  4.50037e-04 | 51 -0.05589  3.48041e-04
 52 -0.04064  2.34272e-04 | 53 -0.02618  1.75939e-04 | 54 -0.01720  6.80418e-05
 55 -0.00882  2.70951e-05 | 56 -0.00395  1.95484e-05 | 57  0.00332 -1.94423e-05
 58  0.00782  1.10126e-04 | 59  0.01506 -2.49912e-05 | 60  0.01544 -2.54341e-04
 61  0.01487 -2.33374e-04 | 62  0.01165 -9.79705e-05 | 63  0.01319 -2.34839e-04
 64  0.01528 -2.59598e-05 | 65  0.02227 -1.12267e-04 | 66  0.02170 -1.43388e-04
 67  0.02158 -6.74851e-05 | 68  0.02353 -1.50941e-04 | 69  0.02512 -7.08240e-05
 70  0.02894 -1.35906e-04 | 71  0.03143  1.09567e-04 | 72  0.03256 -2.02952e-04
 73  0.02896 -4.30221e-04 | 74  0.03182  3.64757e-04 | 75  0.03182  3.26094e-04
 76 -0.66453 -5.22572e-02 | 77 -0.72951  7.67322e-03 |
2 0 26621.1
2 0 26621.1
2 0 26621.1
2 0 26621.1
2 0 26621.1
2 0 26621.1
2 0 26621.1
2 0 26621.1
2 0 26621.1
2 0 26621.1
2 0 26621.1
2 0 26621.1
2 0 26621.1
2 0 26621.1
2 0 26621.1
2 0 26621.1
2 0 26621.1
2 0 26621.1
2 0 26621.1
2 0 26621.1
2 0 26621.1
2 0 26621.1
2 0 26621.1
2 0 26621.1
2 0 26621.1
2 0 26621.1
2 0 26621.1
2 0 26621.1
2 0 26621.1
2 0 26621.1
2 0 26621.1
  ic > imax  in fminim is answer attained ?
Var   Value    Gradient   |Var   Value    Gradient   |Var   Value    Gradient
  1 -0.68792 -3.54125e-04 |  2 -0.62260  1.58484e-05 |  3  0.29920 -1.52816e-04
  4  0.26984 -8.45114e-05 |  5  0.19069 -1.83198e-05 |  6  0.13399 -2.62949e-05
  7  0.09551  1.46806e-05 |  8  0.06822  3.10755e-06 |  9  0.04796  1.35100e-05
 10  0.03240 -2.68062e-05 | 11  0.02024  4.39167e-06 | 12  0.01066  1.24248e-06
 13  0.00320  4.25914e-06 | 14 -0.00249 -9.07836e-06 | 15 -0.00660 -5.64587e-06
 16 -0.00928  2.59802e-06 | 17 -0.01060  1.50367e-05 | 18  0.10683  3.91925e-03
 19 -0.03613 -2.27658e-04 | 20 -0.01983 -8.30899e-05 | 21 -0.02361 -3.27128e-04
 22 -0.04525 -4.57375e-04 | 23 -0.02276 -3.19701e-04 | 24 -0.01935 -3.66375e-04
 25 -0.01107 -1.73446e-04 | 26 -0.01208 -1.68573e-04 | 27 -0.00496 -5.13406e-05
 28 -0.00808 -1.83768e-04 | 29  0.00006 -1.60933e-04 | 30 -0.00660 -2.65350e-04
 31  0.00138  1.27656e-04 | 32  0.00358  6.02646e-04 | 33  0.00728  1.84078e-04
 34  0.00641  3.20656e-04 | 35  0.00874  1.75067e-04 | 36  0.00362  4.50507e-05
 37  0.01203  1.32750e-04 | 38  0.01461  1.06592e-04 | 39  0.01533  1.28988e-04
 40  0.01655  1.46995e-04 | 41  0.01695  1.13828e-04 | 42  0.02211  1.62565e-04
 43  0.02500 -9.64444e-05 | 44  0.02296  5.52309e-04 | 45  0.02394  1.39922e-04
 46  0.00912 -5.86242e-04 | 47  0.17957 -6.38881e-03 | 48 -0.08531  1.41801e-04
 49 -0.07688  3.84191e-07 | 50 -0.08217  4.50037e-04 | 51 -0.05589  3.48041e-04
 52 -0.04064  2.34272e-04 | 53 -0.02618  1.75939e-04 | 54 -0.01720  6.80418e-05
 55 -0.00882  2.70951e-05 | 56 -0.00395  1.95484e-05 | 57  0.00332 -1.94423e-05
 58  0.00782  1.10126e-04 | 59  0.01506 -2.49912e-05 | 60  0.01544 -2.54341e-04
 61  0.01487 -2.33374e-04 | 62  0.01165 -9.79705e-05 | 63  0.01319 -2.34839e-04
 64  0.01528 -2.59598e-05 | 65  0.02227 -1.12267e-04 | 66  0.02170 -1.43388e-04
 67  0.02158 -6.74851e-05 | 68  0.02353 -1.50941e-04 | 69  0.02512 -7.08240e-05
 70  0.02894 -1.35906e-04 | 71  0.03143  1.09567e-04 | 72  0.03256 -2.02952e-04
 73  0.02896 -4.30221e-04 | 74  0.03182  3.64757e-04 | 75  0.03182  3.26094e-04
 76 -0.66453 -5.22572e-02 | 77 -0.72951  7.67322e-03 |
Function minimizer not making progress ... is minimum attained?
Minimprove criterion =   0.0000e+00

 - final statistics:
77 variables; iteration 241; function evaluation 319
Function value   2.6621e+04; maximum gradient component mag  -5.2257e-02
Exit code = 1;  converg criter   1.0000e-03
Var   Value    Gradient   |Var   Value    Gradient   |Var   Value    Gradient
  1 -0.68792 -3.54125e-04 |  2 -0.62260  1.58484e-05 |  3  0.29920 -1.52816e-04
  4  0.26984 -8.45114e-05 |  5  0.19069 -1.83198e-05 |  6  0.13399 -2.62949e-05
  7  0.09551  1.46806e-05 |  8  0.06822  3.10755e-06 |  9  0.04796  1.35100e-05
 10  0.03240 -2.68062e-05 | 11  0.02024  4.39167e-06 | 12  0.01066  1.24248e-06
 13  0.00320  4.25914e-06 | 14 -0.00249 -9.07836e-06 | 15 -0.00660 -5.64587e-06
 16 -0.00928  2.59802e-06 | 17 -0.01060  1.50367e-05 | 18  0.10683  3.91925e-03
 19 -0.03613 -2.27658e-04 | 20 -0.01983 -8.30899e-05 | 21 -0.02361 -3.27128e-04
 22 -0.04525 -4.57375e-04 | 23 -0.02276 -3.19701e-04 | 24 -0.01935 -3.66375e-04
 25 -0.01107 -1.73446e-04 | 26 -0.01208 -1.68573e-04 | 27 -0.00496 -5.13406e-05
 28 -0.00808 -1.83768e-04 | 29  0.00006 -1.60933e-04 | 30 -0.00660 -2.65350e-04
 31  0.00138  1.27656e-04 | 32  0.00358  6.02646e-04 | 33  0.00728  1.84078e-04
 34  0.00641  3.20656e-04 | 35  0.00874  1.75067e-04 | 36  0.00362  4.50507e-05
 37  0.01203  1.32750e-04 | 38  0.01461  1.06592e-04 | 39  0.01533  1.28988e-04
 40  0.01655  1.46995e-04 | 41  0.01695  1.13828e-04 | 42  0.02211  1.62565e-04
 43  0.02500 -9.64444e-05 | 44  0.02296  5.52309e-04 | 45  0.02394  1.39922e-04
 46  0.00912 -5.86242e-04 | 47  0.17957 -6.38881e-03 | 48 -0.08531  1.41801e-04
 49 -0.07688  3.84191e-07 | 50 -0.08217  4.50037e-04 | 51 -0.05589  3.48041e-04
 52 -0.04064  2.34272e-04 | 53 -0.02618  1.75939e-04 | 54 -0.01720  6.80418e-05
 55 -0.00882  2.70951e-05 | 56 -0.00395  1.95484e-05 | 57  0.00332 -1.94423e-05
 58  0.00782  1.10126e-04 | 59  0.01506 -2.49912e-05 | 60  0.01544 -2.54341e-04
 61  0.01487 -2.33374e-04 | 62  0.01165 -9.79705e-05 | 63  0.01319 -2.34839e-04
 64  0.01528 -2.59598e-05 | 65  0.02227 -1.12267e-04 | 66  0.02170 -1.43388e-04
 67  0.02158 -6.74851e-05 | 68  0.02353 -1.50941e-04 | 69  0.02512 -7.08240e-05
 70  0.02894 -1.35906e-04 | 71  0.03143  1.09567e-04 | 72  0.03256 -2.02952e-04
 73  0.02896 -4.30221e-04 | 74  0.03182  3.64757e-04 | 75  0.03182  3.26094e-04
 76 -0.66453 -5.22572e-02 | 77 -0.72951  7.67322e-03 |
2 0 26621.1
B0234224
0.3 0.264487
0.226704 0.331768
0.214894 0.34551
0.212138 0.348863
0.211448 0.34971
0.211273 0.349926
0.211228 0.349981
0.211217 0.349995
0.211214 0.349999
0.211213 0.35
0.211213 0.35
0.211213 0.35
0.211213 0.35
0.211213 0.35
0.211213 0.35
0.211213 0.35
0.211213 0.35
0.211213 0.35
0.211213 0.35
0.211213 0.35
0.211213 0.35
Survey Bio31.7014
Survey len13097.1
CPUE50.3519
Catch11.3174
Catch len13399.5
initsmo_penal20.5672
F_pen5.79349
Rec_pen4.84354
M_pen0


Starting time: Mon Dec 17 12:13:55 2018
Finishing time: Mon Dec 17 12:14:02 2018
This run took: 0 hours, 0 minutes, 7 seconds.

