survYears 69 70 71 72 73 74 75 76 77 78 79 80 81 82 83 84 85 86 87 88 89 90 91 92 93 94 95 96 97
SurvLenYear 69 70 71 72 73 74 75 76 77 78 79 80 81 82 83 84 85 86 87 88 89 90 91 92 93 94 95 96 97
catchBiomass 3344.19 3256.72 3508.08 4416.75 5964.8 8422.04 9860.38 7113.99 7936.07 19213.8 20999 20056.6 32480.9 45169.7 42863.9 39031.8 30040.2 38261.1 35988.5 33788.7 34991.4 33722.4 42917.5 40444.3 46154.1 51480 42452.2 43127.2 30936.9
steep0.999
25
Out
1 0 35938.7

Initial statistics: 76 variables; iteration 0; function evaluation 0; phase 1
Function value   3.5938670e+04; maximum gradient component mag  -3.5817e+05
Var   Value    Gradient   |Var   Value    Gradient   |Var   Value    Gradient
  1  0.22621  2.49647e+03 |  2  0.22614  4.68950e+03 |  3  0.19910  2.84961e+03
  4  0.17924  2.14472e+03 |  5  0.16111  1.58548e+03 |  6  0.14891  1.34144e+03
  7  0.12778  8.36464e+02 |  8  0.11258  6.70196e+02 |  9  0.08353  2.21690e+02
 10  0.08696  4.11121e+02 | 11  0.07490  3.16881e+02 | 12  0.05034  1.23980e+02
 13  0.03574  1.32540e+02 | 14  0.01497 -9.85836e+01 | 15  0.04459  2.36637e+02
 16  0.01208 -7.96474e+03 | 17  0.00000 -1.83331e+04 | 18  0.00000  1.83277e+03
 19  0.00000  3.13118e+03 | 20  0.00000  4.81680e+03 | 21  0.00000  4.61139e+03
 22  0.00000 -4.21154e+02 | 23  0.00000 -5.30953e+03 | 24  0.00000  6.11797e+03
 25  0.00000  1.51581e+04 | 26  0.00000  1.02912e+03 | 27  0.00000  2.01988e+03
 28  0.00000  1.01048e+04 | 29  0.00000  5.13949e+03 | 30  0.00000 -1.53223e+03
 31  0.00000 -2.70000e+03 | 32  0.00000 -2.99709e+03 | 33  0.00000  3.77297e+03
 34  0.00000 -1.60741e+03 | 35  0.00000 -8.42969e+02 | 36  0.00000  7.09025e+02
 37  0.00000  8.45416e+02 | 38  0.00000  4.23883e+03 | 39  0.00000 -6.02051e+01
 40  0.00000  3.24157e+03 | 41  0.00000  9.90388e+02 | 42  0.00000 -4.22092e+03
 43  0.00000 -3.19949e+03 | 44  0.00000 -1.07170e+04 | 45  0.00000 -1.58186e+04
 46  0.07181 -3.58167e+05 | 47  0.00000  5.12575e+04 | 48  0.00000  4.18550e+04
 49  0.00000  3.33115e+04 | 50  0.00000  2.62020e+04 | 51  0.00000  2.56134e+04
 52  0.00000  2.79518e+04 | 53  0.00000  1.83814e+04 | 54  0.00000  2.35475e+03
 55  0.00000  1.18942e+03 | 56  0.00000 -2.48511e+03 | 57  0.00000 -1.46887e+04
 58  0.00000 -1.89174e+04 | 59  0.00000 -1.70497e+04 | 60  0.00000 -1.30329e+04
 61  0.00000 -1.21249e+04 | 62  0.00000 -1.43769e+04 | 63  0.00000 -1.26202e+04
 64  0.00000 -1.30057e+04 | 65  0.00000 -1.28775e+04 | 66  0.00000 -1.48603e+04
 67  0.00000 -1.80068e+04 | 68  0.00000 -1.84837e+04 | 69  0.00000 -2.15089e+04
 70  0.00000 -2.11654e+04 | 71  0.00000 -1.66248e+04 | 72  0.00000 -1.14665e+04
 73  0.00000 -2.13569e+03 | 74  0.00000  1.07417e+04 | 75  0.00000  1.65728e+04
 76  0.01043  6.20614e+04 |
1 0 35938.6
1 0 35938.4
1 0 35936.5
1 0 35916.5
1 0 35718.6
1 0 33931.4
1 0 30523.4
1 0 36699.1
1 0 29705.5
1 0 28882.5
1 0 29291.4
1 0 28491.8
1 0 28646.3
1 0 28307.2
1 0 28444.2
1 0 28235.9
1 0 28182
1 0 28158.4
1 0 28135.4

Intermediate statistics: 76 variables; iteration 10; function evaluation 19; phase 1
Function value   2.8135353e+04; maximum gradient component mag  -9.9140e+04
Var   Value    Gradient   |Var   Value    Gradient   |Var   Value    Gradient
  1  0.26709 -2.61543e+03 |  2  0.23198 -1.92905e+01 |  3  0.20284  2.54994e+02
  4  0.18024  2.23006e+02 |  5  0.16141  1.71590e+02 |  6  0.14739  1.71580e+02
  7  0.12770  9.85170e+01 |  8  0.11057  9.78283e+01 |  9  0.08677 -2.58223e+01
 10  0.08487  7.69350e+01 | 11  0.07312  6.81458e+01 | 12  0.05124  2.33029e+00
 13  0.03506  8.65442e+00 | 14  0.02069 -1.04997e+02 | 15  0.04103  8.44233e+01
 16  0.11369  2.29498e+04 | 17  0.04318  8.34881e+03 | 18 -0.00100  6.53807e+02
 19 -0.03309 -1.75194e+03 | 20 -0.03744 -2.56206e+03 | 21 -0.02568 -1.04869e+03
 22 -0.01216 -1.24578e+03 | 23  0.00167 -9.99650e+02 | 24  0.01358  2.78365e+02
 25  0.00908  7.32579e+03 | 26  0.00598  1.73812e+03 | 27  0.03145  2.57365e+03
 28  0.04184  8.48075e+03 | 29  0.01780  4.65126e+03 | 30 -0.00765 -1.71978e+03
 31 -0.02237 -3.74019e+03 | 32  0.00335 -2.68733e+03 | 33  0.00942  3.18283e+03
 34  0.00360 -1.23947e+03 | 35  0.00646 -5.49950e+02 | 36 -0.00376  7.38167e+02
 37  0.01981  1.44709e+03 | 38  0.01267  4.07231e+03 | 39  0.01339 -6.60373e+01
 40  0.02208  3.02044e+03 | 41 -0.00445 -3.34173e+02 | 42 -0.02083 -6.21164e+03
 43 -0.01216 -5.22876e+03 | 44 -0.02176 -9.06824e+03 | 45 -0.05319 -8.12633e+03
 46  0.09772 -9.91402e+04 | 47 -0.00794  2.94518e+04 | 48 -0.02128  1.39637e+04
 49 -0.03011  6.39852e+03 | 50 -0.02207  5.57471e+03 | 51 -0.01703  6.43676e+03
 52 -0.02952  5.26929e+03 | 53 -0.04318  1.04131e+03 | 54  0.00381  1.71676e+03
 55  0.00296 -2.62529e+03 | 56 -0.08343 -4.56004e+03 | 57  0.01328 -8.83509e+02
 58  0.03666 -2.78269e+03 | 59  0.04583 -3.33419e+03 | 60 -0.04209 -5.13516e+03
 61 -0.02949 -4.72745e+03 | 62  0.03556 -3.48599e+03 | 63 -0.02149 -5.39845e+03
 64  0.03398 -4.14304e+03 | 65 -0.00136 -5.74523e+03 | 66 -0.01317 -5.24470e+03
 67  0.03667 -5.42118e+03 | 68 -0.03970 -5.91726e+03 | 69  0.03415 -5.13484e+03
 70  0.04912 -6.10430e+03 | 71 -0.00908 -5.56204e+03 | 72  0.01572 -3.27538e+03
 73  0.05111  1.28925e+03 | 74  0.05224  4.15298e+03 | 75 -0.00018  4.30350e+03
 76  0.09038  2.41142e+04 |
1 0 28124
1 0 28115
1 0 28106.9
1 0 28101.7
1 0 28095.7
1 0 28090.3
1 0 28083.9
1 0 28094.1
1 0 28082.2
1 0 28080.3
1 0 28081.6
1 0 28079.7
76 variables; iteration 20; function evaluation 31; phase 1
Function value   2.8079679e+04; maximum gradient component mag  -1.0358e+05
Var   Value    Gradient   |Var   Value    Gradient   |Var   Value    Gradient
  1  0.33764 -1.06041e+03 |  2  0.23327  3.57466e+01 |  3  0.20427  2.42026e+02
  4  0.17919  1.80441e+02 |  5  0.15968  1.44078e+02 |  6  0.14322  1.22171e+02
  7  0.12591  9.30737e+01 |  8  0.10685  4.80391e+01 |  9  0.09140  2.69569e+01
 10  0.08097  3.86365e+01 | 11  0.06940  4.55851e+01 | 12  0.05225  1.90464e+01
 13  0.03495 -2.92732e+01 | 14  0.03021 -1.99818e+01 | 15  0.03483  2.78249e+01
 16  0.10655  2.04321e+04 | 17  0.05636  7.13325e+03 | 18 -0.00779 -2.17246e+02
 19 -0.03737 -1.58832e+03 | 20 -0.04015 -2.31330e+03 | 21 -0.02770 -8.93612e+02
 22 -0.01380 -1.27502e+03 | 23  0.00069 -1.02955e+03 | 24  0.01247  1.33320e+02
 25  0.01073  8.35056e+03 | 26  0.00613  1.43500e+03 | 27  0.02946  1.85978e+03
 28  0.04266  8.59457e+03 | 29  0.02059  6.11183e+03 | 30 -0.00687 -2.02263e+03
 31 -0.02133 -3.66443e+03 | 32  0.00371 -2.70770e+03 | 33  0.00922  3.56375e+03
 34  0.00264 -1.49004e+03 | 35  0.00808 -2.53226e+02 | 36 -0.00030  1.00474e+03
 37  0.01867  9.56714e+02 | 38  0.01411  4.42163e+03 | 39  0.01348 -6.51250e+02
 40  0.02089  2.22552e+03 | 41 -0.00336 -9.97287e+02 | 42 -0.01595 -4.82145e+03
 43 -0.00781 -3.56266e+03 | 44 -0.02414 -9.08446e+03 | 45 -0.06335 -9.22738e+03
 46  0.10023 -1.03578e+05 | 47 -0.00773  2.92919e+04 | 48 -0.02289  1.30609e+04
 49 -0.03033  6.60950e+03 | 50 -0.02218  6.09028e+03 | 51 -0.01870  6.59622e+03
 52 -0.03210  5.22898e+03 | 53 -0.04423  1.32972e+03 | 54  0.00155  9.61608e+02
 55  0.00087 -3.60393e+03 | 56 -0.09378 -4.49242e+03 | 57  0.01223 -3.05926e+02
 58  0.03432 -3.11387e+03 | 59  0.04429 -4.98585e+03 | 60 -0.04979 -5.07252e+03
 61 -0.02058 -4.18982e+03 | 62  0.03245 -4.74144e+03 | 63 -0.01751 -5.42127e+03
 64  0.02762 -5.39230e+03 | 65  0.00587 -5.74009e+03 | 66 -0.02377 -5.51175e+03
 67  0.03489 -6.69966e+03 | 68 -0.04062 -5.72352e+03 | 69  0.03450 -4.04033e+03
 70  0.04677 -2.91085e+03 | 71  0.00086 -4.39745e+03 | 72  0.01268 -2.99245e+03
 73  0.05710  8.52689e+02 | 74  0.06565  4.90022e+03 | 75  0.01242  4.50719e+03
 76  0.09502  2.49541e+04 |
1 0 28079.2
1 0 28078.8
1 0 28078.4
1 0 28078
1 0 28078.1
1 0 28077.8
1 0 28077.6
1 0 28077.2
1 0 28076.6
1 0 28077.1
1 0 28076.4
1 0 28076.1
76 variables; iteration 30; function evaluation 43; phase 1
Function value   2.8076098e+04; maximum gradient component mag  -1.0530e+05
Var   Value    Gradient   |Var   Value    Gradient   |Var   Value    Gradient
  1  0.34044 -1.02807e+03 |  2  0.23548  3.65832e+01 |  3  0.20937  2.77971e+02
  4  0.18286  1.95477e+02 |  5  0.16084  1.43680e+02 |  6  0.14213  1.10571e+02
  7  0.12446  8.51758e+01 |  8  0.10598  3.63097e+01 |  9  0.09391  5.55007e+01
 10  0.07857  2.35038e+01 | 11  0.06591  2.66372e+01 | 12  0.05260  2.08332e+01
 13  0.03848 -2.95714e+01 | 14  0.03724  3.01451e+01 | 15  0.03078 -1.03906e+01
 16  0.10687  2.04760e+04 | 17  0.05687  7.25691e+03 | 18 -0.00792 -5.76409e+01
 19 -0.03767 -1.55294e+03 | 20 -0.04063 -2.45438e+03 | 21 -0.02819 -1.05936e+03
 22 -0.01360 -1.06250e+03 | 23  0.00090 -8.12056e+02 | 24  0.01230 -1.14686e+01
 25  0.01121  8.31011e+03 | 26  0.00649  1.36325e+03 | 27  0.02984  1.97508e+03
 28  0.04216  8.45611e+03 | 29  0.02078  6.22732e+03 | 30 -0.00708 -2.13664e+03
 31 -0.02179 -3.79477e+03 | 32  0.00421 -2.48784e+03 | 33  0.00972  3.51900e+03
 34  0.00238 -1.60415e+03 | 35  0.00707 -3.42437e+02 | 36 -0.00050  9.50201e+02
 37  0.01903  1.03814e+03 | 38  0.01410  4.44310e+03 | 39  0.01370 -5.72153e+02
 40  0.02090  2.30545e+03 | 41 -0.00347 -9.82963e+02 | 42 -0.01592 -4.89997e+03
 43 -0.00753 -3.53994e+03 | 44 -0.02427 -9.04017e+03 | 45 -0.06277 -9.17810e+03
 46  0.10111 -1.05301e+05 | 47 -0.00812  2.92717e+04 | 48 -0.02356  1.28236e+04
 49 -0.03069  6.65005e+03 | 50 -0.02301  6.00258e+03 | 51 -0.01964  6.35497e+03
 52 -0.03235  5.18122e+03 | 53 -0.04625  1.05510e+03 | 54  0.00046  8.22338e+02
 55  0.00079 -3.51107e+03 | 56 -0.09041 -4.35564e+03 | 57  0.01177 -2.04417e+02
 58  0.03345 -3.04065e+03 | 59  0.04420 -4.95861e+03 | 60 -0.05383 -4.96849e+03
 61 -0.02382 -4.24344e+03 | 62  0.03184 -4.98307e+03 | 63 -0.01330 -5.24713e+03
 64  0.02642 -5.25126e+03 | 65  0.00474 -5.71901e+03 | 66 -0.02340 -5.40103e+03
 67  0.03432 -6.55399e+03 | 68 -0.04041 -5.62555e+03 | 69  0.03386 -4.06504e+03
 70  0.04613 -3.12026e+03 | 71 -0.00173 -4.47387e+03 | 72  0.01495 -2.73849e+03
 73  0.05572  9.41870e+02 | 74  0.06456  4.90048e+03 | 75  0.02738  4.68483e+03
 76  0.09611  2.55076e+04 |
1 0 28075.9
1 0 28075.7
1 0 28075.5
1 0 28075.3
1 0 28075.1
1 0 28074.9
1 0 28074.5
1 0 28074
1 0 28073.6
1 0 28073.4
76 variables; iteration 40; function evaluation 53; phase 1
Function value   2.8073438e+04; maximum gradient component mag  -1.0352e+05
Var   Value    Gradient   |Var   Value    Gradient   |Var   Value    Gradient
  1  0.33882 -9.46270e+02 |  2  0.23006 -8.26609e+00 |  3  0.20609  2.58531e+02
  4  0.18344  2.14004e+02 |  5  0.16141  1.54007e+02 |  6  0.14098  1.08529e+02
  7  0.12202  7.09740e+01 |  8  0.10576  5.52869e+01 |  9  0.09031  3.89073e+01
 10  0.07584  2.73239e+01 | 11  0.06245  8.34637e+00 | 12  0.05351  7.85073e+00
 13  0.04791  2.27446e+01 | 14  0.04048  1.33290e+01 | 15  0.03328 -1.19201e+01
 16  0.10616  2.02523e+04 | 17  0.05649  6.74215e+03 | 18 -0.00693  3.86755e+02
 19 -0.03721 -1.47421e+03 | 20 -0.04055 -2.52450e+03 | 21 -0.02857 -1.26310e+03
 22 -0.01413 -1.24331e+03 | 23  0.00067 -9.99975e+02 | 24  0.01261  1.86084e+02
 25  0.01081  8.14095e+03 | 26  0.00641  1.33489e+03 | 27  0.02976  1.93336e+03
 28  0.04201  8.37114e+03 | 29  0.02073  6.27696e+03 | 30 -0.00767 -2.55243e+03
 31 -0.02184 -3.58000e+03 | 32  0.00427 -2.52065e+03 | 33  0.00971  3.73986e+03
 34  0.00262 -1.58677e+03 | 35  0.00716 -2.23596e+02 | 36 -0.00094  8.27336e+02
 37  0.01900  9.06904e+02 | 38  0.01417  4.44766e+03 | 39  0.01354 -6.08997e+02
 40  0.02026  2.10066e+03 | 41 -0.00327 -8.46340e+02 | 42 -0.01557 -4.92852e+03
 43 -0.00669 -3.34476e+03 | 44 -0.02473 -9.30552e+03 | 45 -0.06324 -9.11472e+03
 46  0.10173 -1.03523e+05 | 47 -0.00860  2.94057e+04 | 48 -0.02402  1.26351e+04
 49 -0.03102  6.52252e+03 | 50 -0.02282  6.17042e+03 | 51 -0.02009  6.43249e+03
 52 -0.03316  5.18873e+03 | 53 -0.04533  1.26626e+03 | 54  0.00012  7.95671e+02
 55  0.00030 -3.42281e+03 | 56 -0.09202 -4.46152e+03 | 57  0.01157 -1.31893e+02
 58  0.03324 -2.92271e+03 | 59  0.04412 -4.65369e+03 | 60 -0.06437 -5.01173e+03
 61 -0.02115 -4.10613e+03 | 62  0.03132 -4.83219e+03 | 63 -0.01547 -5.38998e+03
 64  0.02664 -5.63511e+03 | 65  0.00229 -6.03124e+03 | 66 -0.02101 -5.45102e+03
 67  0.03355 -6.49635e+03 | 68 -0.03519 -5.63845e+03 | 69  0.03317 -4.09890e+03
 70  0.04535 -3.21891e+03 | 71 -0.00252 -4.58678e+03 | 72  0.01447 -2.86198e+03
 73  0.05610  8.83623e+02 | 74  0.06422  4.71978e+03 | 75  0.03962  4.65514e+03
 76  0.09613  2.53132e+04 |
1 0 28073.1
1 0 28072.5
1 0 28071.6
1 0 28070.5
1 0 28068.7
1 0 28066
1 0 28061.2
1 0 28055.9
1 0 28047.4
1 0 28037.3
76 variables; iteration 50; function evaluation 63; phase 1
Function value   2.8037293e+04; maximum gradient component mag  -8.8990e+04
Var   Value    Gradient   |Var   Value    Gradient   |Var   Value    Gradient
  1  0.33699 -1.02063e+03 |  2  0.25384  2.98907e+02 |  3  0.19908  1.31868e+02
  4  0.17376  1.19004e+02 |  5  0.16460  1.87562e+02 |  6  0.14828  1.54063e+02
  7  0.12414  1.14505e+02 |  8  0.08974  3.99802e+01 |  9  0.05520 -8.89228e+01
 10  0.05310 -2.74581e+01 | 11  0.06463  5.13535e+00 | 12  0.08174  7.74758e+01
 13  0.08599  9.63357e+01 | 14  0.07280 -8.60327e+01 | 15  0.09469  1.19929e+02
 16  0.10805  2.00878e+04 | 17  0.05644  6.82751e+03 | 18 -0.00376  1.46527e+03
 19 -0.03575 -1.48947e+03 | 20 -0.03982 -2.89330e+03 | 21 -0.02739 -1.14759e+03
 22 -0.01353 -1.15430e+03 | 23  0.00045 -1.21871e+03 | 24  0.01182  2.07853e+02
 25  0.00933  8.45698e+03 | 26  0.00409 -3.12129e+01 | 27  0.03135  2.49888e+03
 28  0.03985  7.88720e+03 | 29  0.02240  6.42525e+03 | 30 -0.00960 -4.64930e+03
 31 -0.02623 -5.88387e+03 | 32  0.00329 -1.30226e+03 | 33  0.01321  4.36076e+03
 34  0.00317 -1.60765e+03 | 35  0.00625  1.14267e+03 | 36  0.00318  4.20829e+02
 37  0.01750  1.45674e+03 | 38  0.01302  4.01227e+03 | 39  0.01299 -3.89480e+02
 40  0.01963  3.12246e+03 | 41 -0.00354 -1.29384e+03 | 42 -0.01479 -4.93018e+03
 43 -0.00593 -3.04431e+03 | 44 -0.02499 -9.10075e+03 | 45 -0.06444 -9.30458e+03
 46  0.10109 -8.89901e+04 | 47 -0.00896  2.91250e+04 | 48 -0.02500  1.14766e+04
 49 -0.03212  5.45041e+03 | 50 -0.02329  5.15573e+03 | 51 -0.02027  5.39927e+03
 52 -0.03281  4.49073e+03 | 53 -0.04375  7.59249e+02 | 54  0.00060 -7.61365e+02
 55 -0.00224 -4.42683e+03 | 56 -0.07479 -4.75028e+03 | 57  0.01296 -2.35953e+02
 58  0.03206 -2.37780e+03 | 59  0.04975 -1.05737e+01 | 60 -0.13501 -3.93459e+03
 61 -0.01842 -3.72068e+03 | 62  0.03031 -2.07193e+03 | 63  0.01135 -3.44887e+03
 64  0.01831 -3.99437e+03 | 65  0.01011 -5.02369e+03 | 66 -0.00904 -5.41303e+03
 67  0.03184 -6.04262e+03 | 68 -0.01718 -5.78752e+03 | 69  0.03164 -4.69061e+03
 70  0.04400 -4.92438e+03 | 71 -0.00263 -5.33230e+03 | 72  0.01721 -3.41970e+03
 73  0.05543 -3.39995e+01 | 74  0.06663  4.23892e+03 | 75  0.03167  3.91550e+03
 76  0.09333  2.23382e+04 |
1 0 28015.9
1 0 31201.8
1 0 27989
1 0 28670.9
1 0 27984.6
1 0 27980.2
1 0 27975.4
1 0 27977.9
1 0 27976.1
1 0 27971.7
1 0 27964.2
1 0 27954.2
1 0 27938.9
1 0 27915.3
76 variables; iteration 60; function evaluation 77; phase 1
Function value   2.7915740e+04; maximum gradient component mag  -5.3412e+04
Var   Value    Gradient   |Var   Value    Gradient   |Var   Value    Gradient
  1  0.33470 -1.16158e+03 |  2  0.27749  5.11051e+02 |  3  0.21453  1.88100e+02
  4  0.17340  3.70630e+01 |  5  0.16465  1.30724e+02 |  6  0.15711  2.25628e+02
  7  0.11865  1.84931e+02 |  8  0.04164 -8.53306e+01 |  9 -0.00597 -2.07011e+02
 10  0.00964 -1.77390e+02 | 11  0.08027  7.64956e+01 | 12  0.13666  2.38654e+02
 13  0.15029  1.29679e+02 | 14  0.16688  2.02709e+02 | 15  0.18352  3.45474e+02
 16  0.11061  1.94860e+04 | 17  0.05629  6.81069e+03 | 18  0.00214  3.38392e+03
 19 -0.03242 -1.73676e+03 | 20 -0.03702 -3.21009e+03 | 21 -0.02511 -1.25850e+03
 22 -0.01227 -1.01526e+03 | 23  0.00039 -1.24527e+03 | 24  0.00990 -7.99629e+01
 25  0.00626  8.38892e+03 | 26  0.00073 -2.96526e+03 | 27  0.03464  4.11711e+03
 28  0.03743  6.95826e+03 | 29  0.02402  7.18884e+03 | 30 -0.01430 -8.14449e+03
 31 -0.03285 -9.44177e+03 | 32  0.00151  8.37127e+02 | 33  0.01532  4.48653e+03
 34  0.00566 -1.67362e+03 | 35  0.00726  3.27385e+03 | 36  0.00740  3.29489e+02
 37  0.01597  1.66731e+03 | 38  0.01205  3.92507e+03 | 39  0.01099 -1.07084e+03
 40  0.01600  5.15824e+03 | 41 -0.00427 -1.13365e+03 | 42 -0.01341 -6.58523e+03
 43 -0.00599 -1.57410e+03 | 44 -0.02639 -7.99517e+03 | 45 -0.06238 -9.02536e+03
 46  0.09836 -5.34116e+04 | 47 -0.00924  2.67402e+04 | 48 -0.02587  8.72586e+03
 49 -0.03299  3.00528e+03 | 50 -0.02268  2.96844e+03 | 51 -0.01894  3.31475e+03
 52 -0.03105  2.73147e+03 | 53 -0.04012 -5.40424e+02 | 54  0.00392 -2.32220e+03
 55 -0.00571 -4.40941e+03 | 56 -0.03446 -4.00888e+03 | 57  0.01435 -1.36227e+03
 58  0.03455 -1.52756e+03 | 59  0.05802  8.02536e+03 | 60 -0.24232 -1.82335e+03
 61 -0.00520 -3.03723e+03 | 62  0.02934  7.74049e+02 | 63  0.02911  1.49029e+03
 64  0.01464 -3.63043e+03 | 65  0.01570 -3.88707e+03 | 66  0.00980 -4.27450e+03
 67  0.03154 -3.55468e+03 | 68  0.00683 -4.80285e+03 | 69  0.03526 -3.44869e+03
 70  0.04049 -6.53977e+03 | 71  0.00521 -5.77502e+03 | 72  0.03121 -2.77961e+03
 73  0.05091 -1.26168e+03 | 74  0.06644  3.05494e+03 | 75 -0.00853  2.17673e+03
 76  0.08785  1.56992e+04 |
1 0 27873.1
1 0 27801.1
1 0 27728.5
1 0 27598.4
1 0 27370
1 0 27145.5
1 0 26786.4
1 0 28230.2
1 0 26727.1
1 0 26614.1
1 0 26149.6
1 0 29531.3
1 0 26121.2
76 variables; iteration 70; function evaluation 90; phase 1
Function value   2.6121261e+04; maximum gradient component mag  -1.0240e+05
Var   Value    Gradient   |Var   Value    Gradient   |Var   Value    Gradient
  1  0.28643 -6.46553e+02 |  2  0.29949 -1.17374e+01 |  3  0.22460  2.53233e+01
  4  0.17124  8.04504e+01 |  5  0.10758 -3.85094e+02 |  6  0.16845 -1.74141e+02
  7  0.31266  1.91333e+03 |  8  0.30878  1.62883e+03 |  9  0.24886  7.25040e+02
 10  0.09845  2.95370e+02 | 11 -0.13219 -4.04170e+02 | 12 -0.24233 -7.52833e+02
 13 -0.09877 -7.72060e+01 | 14  0.06340  5.14575e+02 | 15  0.07214  3.80661e+01
 16  0.08599  6.57412e+03 | 17  0.04185  4.66838e+03 | 18  0.00300  4.09643e+02
 19 -0.01170  1.76302e+03 | 20 -0.01399  8.15597e+02 | 21 -0.01182  8.00796e+02
 22 -0.00984 -1.29834e+03 | 23 -0.00224 -1.43907e+03 | 24 -0.00160 -1.91525e+03
 25  0.00498  6.63651e+03 | 26  0.00514  1.42020e+02 | 27 -0.00016 -7.21095e+03
 28  0.02935  1.08287e+04 | 29  0.01201  4.39751e+03 | 30 -0.01004 -2.72178e+03
 31 -0.01928 -2.06235e+03 | 32 -0.01296 -7.69745e+03 | 33  0.00600  6.10757e+03
 34 -0.00289 -1.99873e+03 | 35  0.00974  6.27686e+02 | 36  0.00536  1.80156e+03
 37  0.00458  1.64928e+03 | 38  0.00778  1.42552e+03 | 39  0.00222 -2.31427e+03
 40  0.00125 -2.08714e+03 | 41 -0.01157 -1.07783e+03 | 42 -0.01073 -3.18933e+03
 43 -0.00132 -2.77175e+03 | 44 -0.00012  8.77615e+02 | 45 -0.01323 -5.35807e+03
 46  0.09516 -1.02405e+05 | 47 -0.02485  1.91744e+04 | 48 -0.03901  6.96764e+03
 49 -0.03354  4.70293e+03 | 50 -0.02263  3.20818e+03 | 51 -0.02186  3.21001e+03
 52 -0.03380  3.72265e+03 | 53 -0.04058  1.06507e+03 | 54  0.00000  3.71986e+02
 55  0.00288  5.81773e+02 | 56 -0.00343  5.31305e+03 | 57  0.00816  1.13088e+03
 58  0.03498 -7.12551e+03 | 59  0.03413 -6.08348e+03 | 60 -0.02103 -4.81983e+03
 61 -0.01464 -3.73757e+03 | 62  0.02872 -3.78252e+03 | 63 -0.01190 -5.25050e+03
 64  0.01568 -3.46795e+03 | 65  0.02389 -2.32098e+03 | 66 -0.03131 -6.31078e+03
 67  0.03169 -7.32741e+03 | 68 -0.01559 -5.22923e+03 | 69  0.04375  2.64374e-01
 70  0.02910 -1.51799e+03 | 71 -0.01623 -4.43878e+03 | 72  0.03372  3.90213e+03
 73  0.01800 -5.10919e+02 | 74  0.01212  2.17856e+03 | 75  0.01107  4.69582e+03
 76  0.05589  2.10346e+04 |
1 0 26130.3
1 0 26108.9
1 0 26105.5
1 0 26100.3
1 0 26093.8
1 0 26087.2
1 0 26081.5
1 0 26070.3
1 0 25998.2
1 0 25836.2
1 0 25136.5
1 0 24446.2
1 0 23935.1
76 variables; iteration 80; function evaluation 103; phase 1
Function value   2.3935731e+04; maximum gradient component mag  -6.5735e+04
Var   Value    Gradient   |Var   Value    Gradient   |Var   Value    Gradient
  1  0.24339 -7.17188e+02 |  2  0.19841 -4.47183e+02 |  3  0.19345  1.70825e+02
  4  0.19603  6.33983e+02 |  5  0.12826 -1.34572e+02 |  6  0.13966  2.54441e+02
  7  0.12421  7.10136e+01 |  8  0.12650  1.57768e+02 |  9  0.12351  2.32737e+02
 10  0.09042 -1.05832e+02 | 11  0.10979  3.35585e+02 | 12  0.05749  2.66634e+02
 13 -0.06559 -3.84498e+02 | 14 -0.07195  1.58901e+02 | 15 -0.12651 -1.75544e+02
 16  0.04630 -5.27452e+03 | 17  0.02104  2.17030e+03 | 18 -0.00133 -1.52160e+03
 19 -0.00176  2.43293e+03 | 20 -0.00242  2.37142e+03 | 21 -0.00608  5.89808e+02
 22 -0.00387 -6.18103e+02 | 23  0.00434 -6.46813e+02 | 24 -0.00447 -1.39064e+03
 25 -0.01155  3.47147e+03 | 26  0.00291  3.48853e+03 | 27  0.00049 -1.60320e+03
 28 -0.01268 -5.43343e+03 | 29 -0.00020  2.80051e+03 | 30  0.00601  5.04071e+03
 31  0.00098  1.28512e+03 | 32  0.00400 -5.79296e+02 | 33 -0.00047 -1.25805e+02
 34 -0.00480 -1.94091e+03 | 35  0.00055 -6.51647e+02 | 36  0.00325  1.40763e+03
 37 -0.00429 -6.38576e+03 | 38 -0.00164  1.43055e+03 | 39  0.00052 -2.05397e+03
 40  0.00134 -4.75648e+02 | 41  0.00482 -1.68473e+02 | 42  0.00799 -3.37212e+03
 43 -0.00332 -1.25246e+03 | 44  0.00417  1.76576e+03 | 45 -0.00570 -1.49717e+03
 46  0.10116 -6.57354e+04 | 47 -0.04606  8.87000e+03 | 48 -0.05039  3.48215e+03
 49 -0.03690  3.72336e+03 | 50 -0.02912  1.94930e+03 | 51 -0.03252  1.21501e+03
 52 -0.03994  2.23454e+03 | 53 -0.01953  5.84718e+03 | 54 -0.00420  4.56061e+02
 55 -0.01447 -2.60871e+03 | 56 -0.00485 -3.58191e+02 | 57  0.01611  1.12394e+03
 58  0.01629 -1.80077e+03 | 59  0.01625 -4.75605e+03 | 60 -0.00054 -5.63103e+03
 61 -0.00611 -6.01490e+03 | 62  0.02122 -4.87549e+03 | 63 -0.01330 -5.69060e+03
 64  0.00718 -4.58385e+03 | 65  0.00255 -4.60490e+03 | 66  0.01633  1.26558e+01
 67  0.01319 -1.34059e+03 | 68  0.01266 -4.60229e+02 | 69  0.02241  8.51649e+02
 70  0.01448 -9.81058e+02 | 71  0.04004  1.26282e+04 | 72  0.00813  7.35694e+02
 73  0.01301  5.54540e+02 | 74  0.01079  1.01667e+03 | 75  0.07420  3.57167e+03
 76  0.02878  1.09939e+04 |
1 0 23621.6
1 0 23482.1
1 0 23304
1 0 23312.2
1 0 23217
1 0 23131.9
1 0 23092.1
1 0 23059.7
1 0 23037.2
1 0 23023.1
1 0 23012.2
76 variables; iteration 90; function evaluation 114; phase 1
Function value   2.3012186e+04; maximum gradient component mag  -1.3154e+04
Var   Value    Gradient   |Var   Value    Gradient   |Var   Value    Gradient
  1  0.23782 -4.11635e+02 |  2  0.19037 -2.29970e+02 |  3  0.14545  2.00673e+01
  4  0.09874  8.95787e+00 |  5  0.05882 -2.21275e+01 |  6  0.03137 -2.28114e+01
  7  0.01433 -1.38990e+01 |  8  0.00396  3.00656e+01 |  9 -0.01344  8.01456e+01
 10 -0.05364  2.28819e+01 | 11 -0.10051 -1.03074e+01 | 12 -0.14453 -8.61337e+01
 13 -0.16163  2.40306e+00 | 14 -0.17958  1.57308e+01 | 15 -0.20282 -7.01620e+01
 16  0.06888  3.54632e+02 | 17 -0.00836  4.22050e+02 | 18 -0.00866 -6.82570e+02
 19 -0.00843 -2.93904e+02 | 20 -0.00846 -1.05946e+02 | 21 -0.00795 -6.73911e+00
 22 -0.00308 -3.76905e+01 | 23  0.00492  4.05922e+01 | 24 -0.00169  3.95163e+01
 25 -0.01418 -2.63358e+02 | 26  0.00097  1.99177e+02 | 27  0.00440 -2.03229e+02
 28 -0.00079  7.17854e+02 | 29 -0.00200  1.43736e+02 | 30  0.00446  1.41025e+03
 31  0.01027  1.72341e+03 | 32  0.00689 -7.58200e+02 | 33 -0.00267 -5.99506e+02
 34  0.00374 -2.59023e+02 | 35  0.00527 -2.67039e+02 | 36  0.00402  6.40635e+01
 37  0.00516  5.51940e+02 | 38  0.00175  1.12208e+02 | 39  0.00516 -4.36908e+02
 40  0.00031 -9.92638e+02 | 41  0.00237 -2.82807e+02 | 42  0.00738  5.37325e+02
 43  0.00436 -9.45189e+02 | 44  0.00687  2.21152e+02 | 45 -0.01191  5.96699e+01
 46  0.10451 -1.31539e+04 | 47 -0.06318 -6.58041e+02 | 48 -0.05200  6.27771e+02
 49 -0.04277  8.26819e+02 | 50 -0.03224  7.41891e+02 | 51 -0.03141  6.98581e+02
 52 -0.04003  5.85464e+02 | 53 -0.03124  2.24848e+02 | 54 -0.00364  1.30113e+03
 55 -0.00831  6.35319e+02 | 56 -0.00986  1.40208e+02 | 57  0.01486  7.92229e+02
 58  0.01916 -7.54462e+02 | 59  0.00692 -4.09171e+03 | 60  0.01484 -8.92433e+02
 61  0.01182 -9.07432e+02 | 62  0.01160 -1.27144e+03 | 63  0.00808 -1.01645e+03
 64  0.01202 -2.79292e+02 | 65  0.01100  1.89339e+01 | 66  0.00965 -1.37418e+03
 67  0.01675 -5.58894e+02 | 68  0.01753  1.68378e+02 | 69  0.02076  1.50463e+02
 70  0.02591  1.63963e+03 | 71  0.01633 -2.73735e+02 | 72  0.01670  8.35216e+02
 73  0.02043  6.37936e+02 | 74  0.02531  6.95203e+02 | 75  0.03374  6.37335e+02
 76  0.02574  2.97405e+03 |
1 0 23000.6
1 0 22984.8
1 0 22968.5
1 0 22958.1
1 0 22947
1 0 22942
1 0 22939.3
1 0 22936.9
1 0 22934.7
1 0 22932.5
76 variables; iteration 100; function evaluation 124; phase 1
Function value   2.2932505e+04; maximum gradient component mag  -1.7720e+03
Var   Value    Gradient   |Var   Value    Gradient   |Var   Value    Gradient
  1  0.22765  2.83088e+01 |  2  0.18383  1.80414e+01 |  3  0.12758  4.61657e+00
  4  0.08099 -8.81570e+00 |  5  0.04676 -2.52545e+00 |  6  0.01970 -1.80355e+00
  7 -0.00286  3.51800e+00 |  8 -0.02404 -3.49961e+01 |  9 -0.03320 -1.97407e+01
 10 -0.03520 -1.17607e+00 | 11 -0.03569  2.17231e+00 | 12 -0.03568  1.06126e+01
 13 -0.03772 -4.50293e+00 | 14 -0.03730  1.08210e+01 | 15 -0.03905 -2.28692e+00
 16  0.07584  1.39887e+01 | 17 -0.01395 -3.34074e+02 | 18 -0.00623  2.22314e+02
 19 -0.00779  5.52642e+01 | 20 -0.00796  2.95043e+01 | 21 -0.00730  1.72264e+01
 22 -0.00260  2.25536e+00 | 23  0.00530  5.52036e+01 | 24 -0.00161 -7.25414e+01
 25 -0.01335  2.04680e+02 | 26  0.00116 -1.64770e+02 | 27  0.00448 -8.36286e+01
 28 -0.00183  8.80883e+01 | 29 -0.00055 -2.11235e+01 | 30  0.00416  5.72984e+01
 31  0.00563  1.89714e+02 | 32  0.00807  3.15006e+01 | 33  0.00010 -1.15423e+02
 34  0.00557 -1.55438e+02 | 35  0.00638  2.25961e+01 | 36  0.00479  1.84040e+02
 37  0.00528 -3.44248e+01 | 38  0.00147  2.72876e+02 | 39  0.00600 -8.36094e+01
 40  0.00240 -1.48021e+02 | 41  0.00340  5.35755e+01 | 42  0.00832 -2.19699e+00
 43  0.00551  1.16397e+02 | 44  0.00401 -9.33398e+01 | 45 -0.01894 -3.39344e+02
 46  0.10031 -1.77201e+03 | 47 -0.06117  1.41624e+02 | 48 -0.05418 -1.38052e+02
 49 -0.04496 -8.93689e+01 | 50 -0.03378 -5.15216e+01 | 51 -0.03268 -4.73747e+01
 52 -0.04102 -4.93679e+01 | 53 -0.03093  1.04912e+02 | 54 -0.00662 -1.12515e+02
 55 -0.00889  7.44581e+01 | 56 -0.00809  2.13619e+02 | 57  0.01207  4.65055e+01
 58  0.01940  7.48941e+01 | 59  0.01722 -1.31043e+02 | 60  0.01170 -3.41803e+01
 61  0.01084 -7.24465e+01 | 62  0.01347  1.78634e+00 | 63  0.01042  2.51975e+01
 64  0.01273  2.35079e+02 | 65  0.01038 -6.96180e+00 | 66  0.01261  2.39852e+01
 67  0.01637 -1.36602e+02 | 68  0.01623 -1.05953e+02 | 69  0.02127 -4.02206e+01
 70  0.02297  1.79132e+01 | 71  0.01861  1.84501e+02 | 72  0.01648 -1.08018e+02
 73  0.02222 -1.09984e+02 | 74  0.02880 -5.42615e+01 | 75  0.02824  7.68190e+01
 76 -0.01518  3.49790e+02 |
1 0 22931.5
1 0 22930.7
1 0 22929.9
1 0 22929.4
1 0 22928.9
1 0 22928.5
1 0 22928.3
1 0 22928.1
1 0 22927.9
1 0 22927.8
76 variables; iteration 110; function evaluation 134; phase 1
Function value   2.2927818e+04; maximum gradient component mag  -8.9888e+01
Var   Value    Gradient   |Var   Value    Gradient   |Var   Value    Gradient
  1  0.23046  7.17130e+00 |  2  0.19304 -2.38775e+00 |  3  0.13800 -4.16702e+00
  4  0.09550 -6.53638e-01 |  5  0.06480 -1.09946e+00 |  6  0.04292 -8.28642e-02
  7  0.02707  8.52296e+00 |  8  0.01307  5.05239e+00 |  9  0.00081  3.09832e-01
 10 -0.00906  4.44247e-01 | 11 -0.01709 -8.11697e-01 | 12 -0.02322 -1.12511e+00
 13 -0.02759  1.61257e-01 | 14 -0.03071 -2.06753e+00 | 15 -0.03200 -3.96839e-01
 16  0.08028  1.30754e-01 | 17 -0.00356 -3.27400e+01 | 18 -0.00624 -1.80247e+00
 19 -0.00795 -7.26676e+00 | 20 -0.00840 -3.47269e+00 | 21 -0.00784 -1.49662e+00
 22 -0.00306 -6.47265e-01 | 23  0.00475 -5.93544e-01 | 24 -0.00209  1.61917e+01
 25 -0.01414 -1.44155e+01 | 26  0.00103  6.62410e+01 | 27  0.00414 -1.84415e+01
 28 -0.00218 -1.63465e+01 | 29 -0.00073  2.60961e+01 | 30  0.00383  1.99880e+01
 31  0.00485 -4.42350e+00 | 32  0.00764 -2.72725e+00 | 33  0.00004  1.56063e+01
 34  0.00545 -2.13453e+01 | 35  0.00583  1.42645e+01 | 36  0.00407  3.72260e+00
 37  0.00482  2.06421e+01 | 38  0.00065  4.64007e+00 | 39  0.00581  8.55322e+00
 40  0.00223 -2.08264e+01 | 41  0.00285  1.69092e+01 | 42  0.00780  1.81584e+01
 43  0.00520  2.40574e+01 | 44  0.00408 -8.98879e+01 | 45 -0.01887 -2.19792e+01
 46  0.09889  8.93126e+01 | 47 -0.06151 -4.12662e+00 | 48 -0.05403 -1.38798e+01
 49 -0.04503  4.70579e+00 | 50 -0.03402  4.98237e+00 | 51 -0.03273  8.06141e+00
 52 -0.04085  6.38266e+00 | 53 -0.03134 -2.09751e+01 | 54 -0.00669  1.88344e+01
 55 -0.00905 -2.01128e+01 | 56 -0.00854 -1.78057e+01 | 57  0.01191 -1.29391e+01
 58  0.01924  2.60135e+01 | 59  0.01766  3.68440e+01 | 60  0.01161  1.95937e+01
 61  0.01075  2.78601e+00 | 62  0.01347  1.62959e+01 | 63  0.01075  2.86473e+01
 64  0.01243  4.53222e+01 | 65  0.01043  2.22008e+01 | 66  0.01252  4.95240e+00
 67  0.01635  6.95169e-01 | 68  0.01637  9.26621e+00 | 69  0.02142  2.64961e-01
 70  0.02298 -3.86091e+00 | 71  0.01810 -2.80275e+01 | 72  0.01651 -5.72809e+01
 73  0.02201 -5.90370e+01 | 74  0.02943 -8.31873e+00 | 75  0.02963 -2.72032e+00
 76 -0.03051 -9.15428e+00 |
1 0 22927.8
1 0 22927.8
1 0 22927.7
1 0 22927.7
1 0 22927.7
1 0 22927.7
1 0 22927.7
1 0 22927.7
1 0 22927.7
1 0 22927.7
76 variables; iteration 120; function evaluation 144; phase 1
Function value   2.2927735e+04; maximum gradient component mag  -4.4955e+00
Var   Value    Gradient   |Var   Value    Gradient   |Var   Value    Gradient
  1  0.23082 -4.71275e-03 |  2  0.19409 -1.41590e-01 |  3  0.13934  3.81018e-02
  4  0.09608  1.08519e-02 |  5  0.06433 -5.21956e-03 |  6  0.04082 -8.75226e-02
  7  0.02293 -3.22751e-01 |  8  0.00907  4.69171e-02 |  9 -0.00188  1.58770e-01
 10 -0.01058  1.78861e-02 | 11 -0.01742 -6.22855e-03 | 12 -0.02263  8.42043e-03
 13 -0.02642 -1.38930e-02 | 14 -0.02890  6.21228e-03 | 15 -0.03013 -8.60852e-02
 16  0.08040  1.07102e+00 | 17 -0.00294 -4.76221e-01 | 18 -0.00617 -8.63340e-01
 19 -0.00793 -4.81460e-02 | 20 -0.00843  5.00266e-02 | 21 -0.00787  1.55211e-01
 22 -0.00310 -1.40178e-01 | 23  0.00471  8.12656e-02 | 24 -0.00218 -2.64818e-01
 25 -0.01421  8.04594e-01 | 26  0.00088 -2.20403e-01 | 27  0.00412  2.25314e-01
 28 -0.00224  7.16234e-02 | 29 -0.00089  5.97137e-01 | 30  0.00370  2.97419e-01
 31  0.00479  1.93901e+00 | 32  0.00759 -5.53914e-01 | 33 -0.00005  5.85289e-01
 34  0.00538  1.35292e+00 | 35  0.00571 -1.52313e+00 | 36  0.00399 -9.99399e-01
 37  0.00473  1.94007e-01 | 38  0.00059  8.72710e-01 | 39  0.00575  1.02711e-01
 40  0.00223 -1.66960e+00 | 41  0.00281 -1.04913e+00 | 42  0.00780  2.94831e-01
 43  0.00529 -6.78526e-01 | 44  0.00445  7.27972e-01 | 45 -0.01849 -7.65670e-02
 46  0.09885 -4.49546e+00 | 47 -0.06143  5.92115e-01 | 48 -0.05394  1.16315e+00
 49 -0.04501  3.11699e-01 | 50 -0.03399  3.89032e-01 | 51 -0.03271  1.78974e-01
 52 -0.04083 -3.02043e-01 | 53 -0.03124  3.37307e-03 | 54 -0.00669  3.96269e-01
 55 -0.00903  2.40324e-01 | 56 -0.00848  5.48557e-01 | 57  0.01201 -2.74995e-01
 58  0.01923  1.89726e+00 | 59  0.01758  6.33676e-01 | 60  0.01159  3.35636e-01
 61  0.01080  6.44255e-02 | 62  0.01347 -8.04200e-02 | 63  0.01074 -1.73982e+00
 64  0.01237 -2.52775e+00 | 65  0.01042 -4.36186e-01 | 66  0.01253 -3.15442e-01
 67  0.01637 -1.79286e+00 | 68  0.01635 -7.16639e-01 | 69  0.02146 -1.76164e+00
 70  0.02300  2.04978e-01 | 71  0.01813  7.63277e-01 | 72  0.01654  5.67817e-01
 73  0.02207  9.32254e-01 | 74  0.02924  2.96171e-02 | 75  0.02925  2.40125e-01
 76 -0.03045  6.58115e-02 |
1 0 22927.7
1 0 22927.7
1 0 22927.7
1 0 22927.7
1 0 22927.7
1 0 22927.7
1 0 22927.7
1 0 22927.7

 - final statistics:
76 variables; iteration 128; function evaluation 152
Function value   2.2928e+04; maximum gradient component mag  -1.9227e-02
Exit code = 1;  converg criter   1.0000e-01
Var   Value    Gradient   |Var   Value    Gradient   |Var   Value    Gradient
  1  0.23083 -5.36272e-04 |  2  0.19411 -6.83831e-04 |  3  0.13935 -1.18544e-03
  4  0.09610 -5.83080e-04 |  5  0.06438 -6.02166e-04 |  6  0.04090 -3.58906e-04
  7  0.02304  1.80852e-04 |  8  0.00912  4.23603e-05 |  9 -0.00187  6.33775e-04
 10 -0.01057 -1.33016e-04 | 11 -0.01739 -1.99307e-04 | 12 -0.02259  9.59537e-05
 13 -0.02636 -1.91669e-05 | 14 -0.02881 -6.38441e-05 | 15 -0.03003 -1.18835e-04
 16  0.08039  3.61298e-03 | 17 -0.00293  2.84552e-03 | 18 -0.00617  2.36401e-03
 19 -0.00794 -1.90345e-03 | 20 -0.00843 -1.24011e-03 | 21 -0.00787 -1.15953e-03
 22 -0.00310 -2.72011e-04 | 23  0.00471  9.48441e-04 | 24 -0.00218 -3.10057e-03
 25 -0.01421  1.05505e-02 | 26  0.00088 -6.16988e-03 | 27  0.00411 -2.55282e-03
 28 -0.00224 -3.88450e-03 | 29 -0.00089  4.40740e-03 | 30  0.00369 -1.92269e-02
 31  0.00478 -3.18130e-04 | 32  0.00759  1.70829e-03 | 33 -0.00005  8.58486e-03
 34  0.00538  8.83856e-03 | 35  0.00572 -4.90891e-03 | 36  0.00399 -7.34421e-03
 37  0.00473  2.79023e-03 | 38  0.00059  1.57947e-02 | 39  0.00575 -6.44947e-03
 40  0.00224  7.49815e-03 | 41  0.00281 -3.60303e-03 | 42  0.00779 -8.89686e-03
 43  0.00529  5.91692e-03 | 44  0.00445  4.97269e-04 | 45 -0.01849 -9.11311e-04
 46  0.09886  5.92765e-03 | 47 -0.06143  1.32695e-02 | 48 -0.05394 -8.46269e-03
 49 -0.04501 -3.75901e-03 | 50 -0.03399 -3.13313e-03 | 51 -0.03271 -4.37624e-03
 52 -0.04083 -3.91199e-03 | 53 -0.03124 -6.12753e-04 | 54 -0.00669  1.40229e-03
 55 -0.00903 -1.00008e-02 | 56 -0.00848 -1.84513e-03 | 57  0.01201  3.44930e-04
 58  0.01922 -9.61849e-03 | 59  0.01758 -2.76469e-03 | 60  0.01159  7.10800e-03
 61  0.01080  6.80657e-03 | 62  0.01347  6.61092e-03 | 63  0.01074  3.16554e-03
 64  0.01238 -3.97986e-03 | 65  0.01042  3.21524e-03 | 66  0.01253  7.36500e-03
 67  0.01637 -3.94747e-03 | 68  0.01635  3.73351e-03 | 69  0.02146 -1.19659e-03
 70  0.02300 -3.71685e-03 | 71  0.01812  4.16857e-03 | 72  0.01654  2.68252e-03
 73  0.02206  1.47605e-03 | 74  0.02924 -2.70172e-04 | 75  0.02924 -3.74036e-04
 76 -0.03039  1.52642e-03 |
1 0 22927.7
B097841
0.3 0.412399
0.353485 0.369497
0.373176 0.355662
0.379213 0.351605
0.380951 0.350452
0.381443 0.350127
0.381581 0.350036
0.38162 0.35001
0.381631 0.350003
0.381634 0.350001
0.381635 0.35
0.381635 0.35
0.381635 0.35
0.381635 0.35
0.381635 0.35
0.381635 0.35
0.381635 0.35
0.381635 0.35
0.381635 0.35
0.381635 0.35
0.381635 0.35
FutMOrt0.201091
FutMOrt0.201091
FutMOrt0.201091
FutMOrt0.201091
FutMOrt0.201091
FutMOrt0.201091
FutMOrt0.201091
FutMOrt0.201091
FutMOrt0.201091
FutMOrt0.201091
2 0 22927.7

Initial statistics: 80 variables; iteration 0; function evaluation 0; phase 2
Function value   2.2927734e+04; maximum gradient component mag  -8.6035e+03
Var   Value    Gradient   |Var   Value    Gradient   |Var   Value    Gradient
  1 -0.80574  2.19747e+02 |  2 -0.48780  2.39026e+02 |  3  0.23083 -5.36272e-04
  4  0.19411 -6.83831e-04 |  5  0.13935 -1.18544e-03 |  6  0.09610 -5.83080e-04
  7  0.06438 -6.02166e-04 |  8  0.04090 -3.58906e-04 |  9  0.02304  1.80852e-04
 10  0.00912  4.23603e-05 | 11 -0.00187  6.33775e-04 | 12 -0.01057 -1.33016e-04
 13 -0.01739 -1.99307e-04 | 14 -0.02259  9.59537e-05 | 15 -0.02636 -1.91669e-05
 16 -0.02881 -6.38441e-05 | 17 -0.03003 -1.18835e-04 | 18  0.08039  3.61298e-03
 19 -0.00293  2.81779e-03 | 20 -0.00617  2.33628e-03 | 21 -0.00794 -1.93118e-03
 22 -0.00843 -1.26784e-03 | 23 -0.00787 -1.18726e-03 | 24 -0.00310 -2.99744e-04
 25  0.00471  9.20708e-04 | 26 -0.00218 -3.12830e-03 | 27 -0.01421  1.05228e-02
 28  0.00088 -6.19762e-03 | 29  0.00411 -2.58056e-03 | 30 -0.00224 -3.91223e-03
 31 -0.00089  4.37966e-03 | 32  0.00369 -1.92546e-02 | 33  0.00478 -3.45863e-04
 34  0.00759  1.68056e-03 | 35 -0.00005  8.55713e-03 | 36  0.00538  8.81083e-03
 37  0.00572 -4.93664e-03 | 38  0.00399 -7.37194e-03 | 39  0.00473  2.76249e-03
 40  0.00059  1.57670e-02 | 41  0.00575 -6.47720e-03 | 42  0.00224  7.47042e-03
 43  0.00281 -3.63076e-03 | 44  0.00779 -8.92459e-03 | 45  0.00529  5.88919e-03
 46  0.00445  4.69536e-04 | 47 -0.01849 -9.39032e-04 | 48  0.09886  5.92765e-03
 49 -0.06143  1.32908e-02 | 50 -0.05394 -8.44139e-03 | 51 -0.04501 -3.73769e-03
 52 -0.03399 -3.11178e-03 | 53 -0.03271 -4.35490e-03 | 54 -0.04083 -3.89066e-03
 55 -0.03124 -5.91405e-04 | 56 -0.00669  1.42366e-03 | 57 -0.00903 -9.97946e-03
 58 -0.00848 -1.82376e-03 | 59  0.01201  3.66301e-04 | 60  0.01922 -9.59713e-03
 61  0.01758 -2.74332e-03 | 62  0.01159  7.12937e-03 | 63  0.01080  6.82794e-03
 64  0.01347  6.63229e-03 | 65  0.01074  3.18691e-03 | 66  0.01238 -3.95849e-03
 67  0.01042  3.23661e-03 | 68  0.01253  7.38637e-03 | 69  0.01637 -3.92610e-03
 70  0.01635  3.75488e-03 | 71  0.02146 -1.17522e-03 | 72  0.02300 -3.69549e-03
 73  0.01812  4.18993e-03 | 74  0.01654  2.70388e-03 | 75  0.02206  1.49741e-03
 76  0.02924 -2.48821e-04 | 77  0.02924 -3.52685e-04 | 78 -0.03039  1.52642e-03
 79 -0.56693 -8.60346e+03 | 80 -0.43775  4.52371e+03 |
2 0 22927.7
2 0 22927.5
2 0 22925.5
2 0 22907.4
2 0 22898.4
2 0 22881.3
2 0 22831.1
2 0 22962.7
2 0 22811.8
2 0 23024.5
2 0 22810.4
2 0 22808.2
2 0 22806.3
2 0 22803.4
2 0 22804.6
2 0 22802.2
2 0 22800.9

Intermediate statistics: 80 variables; iteration 10; function evaluation 17; phase 2
Function value   2.2800943e+04; maximum gradient component mag  -1.7063e+04
Var   Value    Gradient   |Var   Value    Gradient   |Var   Value    Gradient
  1 -0.82145  1.74009e+02 |  2 -0.50392  1.60139e+02 |  3  0.22844  2.13417e+02
  4  0.19447  4.35705e+01 |  5  0.14015 -6.41685e+00 |  6  0.09656 -7.21852e+00
  7  0.06462 -4.05096e+00 |  8  0.04104 -2.39249e+00 |  9  0.02313 -1.58552e+00
 10  0.00919 -1.15085e+00 | 11 -0.00181 -8.93306e-01 | 12 -0.01052 -7.31058e-01
 13 -0.01735 -6.24534e-01 | 14 -0.02255 -5.53494e-01 | 15 -0.02633 -5.07173e-01
 16 -0.02878 -4.78943e-01 | 17 -0.03000 -4.65253e-01 | 18  0.11122 -1.72733e+03
 19 -0.01000  1.22421e+02 | 20 -0.00733  1.89011e+02 | 21 -0.00873 -2.73324e+02
 22 -0.00927 -3.25728e+02 | 23 -0.00748  1.54857e+02 | 24 -0.00283  4.72662e+02
 25  0.00354 -1.68569e+02 | 26 -0.00332 -7.92586e+02 | 27 -0.01250  1.90403e+02
 28  0.00093  4.03720e+02 | 29  0.00272 -5.63892e+02 | 30 -0.00066 -3.02398e+02
 31  0.00055  2.16688e+02 | 32  0.00487  4.67459e+02 | 33  0.00591  3.87715e+02
 34  0.00876  3.89422e+02 | 35  0.00092 -2.77735e+02 | 36  0.00598  1.71429e+02
 37  0.00709  1.48395e+02 | 38  0.00474 -4.72029e+01 | 39  0.00517 -1.31378e+02
 40  0.00141 -1.34725e+02 | 41  0.00617 -1.47731e+01 | 42  0.00333 -1.66897e+02
 43  0.00429  3.09058e+02 | 44  0.00919  7.14573e+02 | 45  0.00541 -4.80717e+02
 46  0.00330 -8.84237e+02 | 47 -0.02217  2.24042e+02 | 48  0.09994 -1.70633e+04
 49 -0.06089  3.56226e+02 | 50 -0.05273  5.82717e+02 | 51 -0.04397  6.08124e+02
 52 -0.03340  1.31407e+02 | 53 -0.03308 -2.85095e+02 | 54 -0.04075  5.14842e+02
 55 -0.02975  1.04278e+03 | 56 -0.00498  6.78116e+02 | 57 -0.00944 -8.21564e+01
 58 -0.00783  6.82113e+02 | 59  0.01283  5.06839e+02 | 60  0.01846 -3.89704e+02
 61  0.01594 -6.78747e+02 | 62  0.01062 -5.81398e+02 | 63  0.00882 -7.62673e+02
 64  0.01271 -6.14690e+02 | 65  0.00945 -3.92659e+02 | 66  0.01101 -5.60410e+02
 67  0.00971 -3.26537e+02 | 68  0.01154 -1.79099e+02 | 69  0.01600 -2.10448e+02
 70  0.01534 -1.00573e+02 | 71  0.02076 -2.23627e+02 | 72  0.02180 -6.63940e+02
 73  0.01611 -9.23755e+02 | 74  0.01651 -1.89112e+01 | 75  0.02378  9.09813e+02
 76  0.03451  1.73366e+02 | 77  0.03068  7.69686e+02 | 78  0.00032  8.87630e+02
 79 -0.54041  7.69500e+03 | 80 -0.45337 -3.27585e+03 |
2 0 22800.9
2 0 22800.3
2 0 22799.5
2 0 22799.3
2 0 22799.1
2 0 22798.7
2 0 22798.1
2 0 22797.3
2 0 22796.1
2 0 22795.2
2 0 22793.7
80 variables; iteration 20; function evaluation 28; phase 2
Function value   2.2793692e+04; maximum gradient component mag  -1.5073e+04
Var   Value    Gradient   |Var   Value    Gradient   |Var   Value    Gradient
  1 -0.84815  1.02205e+02 |  2 -0.55110  1.47529e+02 |  3  0.22987  3.69115e+02
  4  0.19285 -3.46602e+01 |  5  0.13996 -1.78504e+01 |  6  0.09729 -8.14911e+00
  7  0.06520 -5.77861e+00 |  8  0.04139 -3.87766e+00 |  9  0.02335 -2.53212e+00
 10  0.00934 -1.76822e+00 | 11 -0.00170 -1.33306e+00 | 12 -0.01043 -1.06919e+00
 13 -0.01727 -9.01270e-01 | 14 -0.02249 -7.91918e-01 | 15 -0.02627 -7.21188e-01
 16 -0.02873 -6.78400e-01 | 17 -0.02994 -6.58184e-01 | 18  0.11568 -1.40194e+03
 19 -0.00802  2.42079e+02 | 20 -0.00714  1.37790e+02 | 21 -0.00861 -1.40457e+02
 22 -0.00919 -4.76892e+02 | 23 -0.00730  4.27461e+02 | 24 -0.00352  1.91275e+02
 25  0.00304  5.49685e+01 | 26 -0.00498 -1.08639e+03 | 27 -0.01406  3.17142e+01
 28 -0.00011  9.04340e+00 | 29  0.00200 -6.16577e+02 | 30 -0.00095 -1.66691e+02
 31  0.00030  1.07306e+02 | 32  0.00468  6.70592e+02 | 33  0.00445  8.21397e+01
 34  0.00723 -3.06897e+02 | 35  0.00087 -2.83040e+01 | 36  0.00630  4.19706e+02
 37  0.00733  3.21623e+02 | 38  0.00469 -9.92529e+01 | 39  0.00552 -6.62129e+01
 40  0.00212 -1.86004e+01 | 41  0.00705  1.57045e+02 | 42  0.00374 -9.31420e+00
 43  0.00389  2.12184e+02 | 44  0.00883  8.63355e+02 | 45  0.00488 -7.23874e+02
 46  0.00518 -7.71195e+02 | 47 -0.01831  5.45650e+02 | 48  0.09896 -1.50725e+04
 49 -0.06109  2.67599e+02 | 50 -0.05340  2.99155e+02 | 51 -0.04344  8.08347e+02
 52 -0.03370 -1.37257e+02 | 53 -0.03275 -2.20304e+02 | 54 -0.04083  2.25195e+02
 55 -0.02956  8.94624e+02 | 56 -0.00571  2.83056e+02 | 57 -0.00901  2.06209e+02
 58 -0.00784  7.54354e+02 | 59  0.01254  3.64477e+02 | 60  0.01885 -2.76210e+02
 61  0.01631 -7.72252e+02 | 62  0.01013 -6.79274e+02 | 63  0.00930 -1.19102e+02
 64  0.01299 -2.93788e+02 | 65  0.00957 -4.60147e+02 | 66  0.01103 -7.59915e+02
 67  0.00959 -4.42130e+02 | 68  0.01148 -2.31748e+02 | 69  0.01616 -1.82120e+02
 70  0.01590 -2.59253e+01 | 71  0.02112 -2.48399e+02 | 72  0.02200 -6.78823e+02
 73  0.01587 -1.17124e+03 | 74  0.01554 -1.76517e+02 | 75  0.02206  8.33622e+02
 76  0.03346  3.12891e+02 | 77  0.03184  6.57866e+02 | 78 -0.00762  7.10608e+02
 79 -0.53768  6.87555e+03 | 80 -0.44719 -2.78121e+03 |
2 0 22791.5
2 0 22788.3
2 0 22789
2 0 22787.1
2 0 22786.4
2 0 22785.5
2 0 22784.4
2 0 22784.2
2 0 22783.9
2 0 22783.7
2 0 22783.4
80 variables; iteration 30; function evaluation 39; phase 2
Function value   2.2783427e+04; maximum gradient component mag  -1.2695e+04
Var   Value    Gradient   |Var   Value    Gradient   |Var   Value    Gradient
  1 -0.87813  2.07486e+01 |  2 -0.65606  8.22305e+01 |  3  0.22925  5.31189e+02
  4  0.18909 -1.27304e+02 |  5  0.13855 -1.98514e+01 |  6  0.09688 -5.94356e+00
  7  0.06585  1.22710e-01 |  8  0.04210 -1.09687e+00 |  9  0.02383 -1.55406e+00
 10  0.00964 -1.17621e+00 | 11 -0.00150 -8.18274e-01 | 12 -0.01028 -6.05526e-01
 13 -0.01715 -4.83031e-01 | 14 -0.02239 -4.09520e-01 | 15 -0.02618 -3.64819e-01
 16 -0.02864 -3.38722e-01 | 17 -0.02986 -3.26885e-01 | 18  0.11004 -1.05310e+03
 19 -0.00691  3.19245e+02 | 20 -0.00711  6.09537e+01 | 21 -0.00823 -2.39581e+02
 22 -0.00858 -3.02696e+02 | 23 -0.00746  4.63639e+02 | 24 -0.00425  8.91332e+01
 25  0.00317  3.50685e+02 | 26 -0.00425 -1.14320e+03 | 27 -0.01315  3.52563e+01
 28 -0.00052 -1.00153e+02 | 29  0.00146 -8.22992e+02 | 30 -0.00083 -2.39283e+02
 31  0.00122  4.45201e+02 | 32  0.00500  9.72920e+02 | 33  0.00375 -7.78637e+01
 34  0.00762 -1.76035e+01 | 35  0.00093 -5.76413e+01 | 36  0.00506  6.37104e+01
 37  0.00622  1.28018e+01 | 38  0.00419  1.32993e+02 | 39  0.00469 -3.18046e+01
 40  0.00088 -2.63360e+02 | 41  0.00576  1.51653e+01 | 42  0.00300 -1.05568e+02
 43  0.00388  3.04159e+02 | 44  0.00967  1.42339e+03 | 45  0.00482 -8.38090e+02
 46  0.00560 -8.41749e+02 | 47 -0.01561  4.12230e+02 | 48  0.09665 -1.26954e+04
 49 -0.06142  2.69930e+02 | 50 -0.05282  6.95158e+02 | 51 -0.04263  1.18868e+03
 52 -0.03324  1.32843e+01 | 53 -0.03282 -2.63196e+02 | 54 -0.04112  1.99520e+01
 55 -0.03014  7.41234e+02 | 56 -0.00511  4.05861e+02 | 57 -0.00847  3.61743e+02
 58 -0.00742  1.07637e+03 | 59  0.01276  7.43994e+02 | 60  0.01964 -1.08669e+02
 61  0.01704 -8.02531e+02 | 62  0.01003 -7.83755e+02 | 63  0.00960 -2.25684e+02
 64  0.01397 -1.25172e+02 | 65  0.01018 -1.14478e+02 | 66  0.01192 -1.51323e+02
 67  0.01002 -3.68416e+02 | 68  0.01160 -3.90592e+02 | 69  0.01650 -1.52335e+02
 70  0.01585 -6.16622e+01 | 71  0.02105 -2.73881e+02 | 72  0.02216 -7.86461e+02
 73  0.01632 -1.51046e+03 | 74  0.01595 -2.04958e+02 | 75  0.02037  6.57640e+02
 76  0.03019  1.51482e+02 | 77  0.03077  6.14716e+02 | 78 -0.02311  6.58360e+02
 79 -0.54936  6.42672e+03 | 80 -0.46648 -3.00462e+03 |
2 0 22782.9
2 0 22782
2 0 22780.7
2 0 22787.9
2 0 22780.5
2 0 22780.5
2 0 22780.4
2 0 22780.8
2 0 22780.4
2 0 22780.4
2 0 22780.4
2 0 22780.3
2 0 22780.3
80 variables; iteration 40; function evaluation 52; phase 2
Function value   2.2780326e+04; maximum gradient component mag  -1.2632e+04
Var   Value    Gradient   |Var   Value    Gradient   |Var   Value    Gradient
  1 -0.86501  8.45888e+00 |  2 -0.68882  4.53553e+01 |  3  0.22909  5.34012e+02
  4  0.18858 -1.21991e+02 |  5  0.13828 -1.61435e+01 |  6  0.09622 -4.48242e+00
  7  0.06445 -4.31027e+00 |  8  0.04120 -1.70720e+00 |  9  0.02358  1.36267e-01
 10  0.00959 -4.17994e-01 | 11 -0.00155 -6.51099e-01 | 12 -0.01035 -5.44853e-01
 13 -0.01722 -4.22465e-01 | 14 -0.02245 -3.46112e-01 | 15 -0.02624 -3.01805e-01
 16 -0.02871 -2.76961e-01 | 17 -0.02992 -2.66386e-01 | 18  0.11127 -8.15350e+02
 19 -0.00755  2.47919e+02 | 20 -0.00762 -1.42779e+01 | 21 -0.00879 -3.03085e+02
 22 -0.00926 -4.77167e+02 | 23 -0.00795  3.61746e+02 | 24 -0.00449  3.85326e+01
 25  0.00315  3.17719e+02 | 26 -0.00400 -1.11970e+03 | 27 -0.01284  4.68802e+01
 28 -0.00022 -5.52341e+01 | 29  0.00169 -7.85217e+02 | 30 -0.00081 -3.10187e+02
 31  0.00123  4.36647e+02 | 32  0.00510  1.06162e+03 | 33  0.00361 -1.93376e+02
 34  0.00763 -3.71629e+01 | 35  0.00093 -6.68682e+01 | 36  0.00496  1.01341e+01
 37  0.00629 -2.16892e+01 | 38  0.00467  2.19496e+02 | 39  0.00527  2.60193e+01
 40  0.00142 -1.77371e+02 | 41  0.00600  4.78374e+01 | 42  0.00307 -9.12442e+01
 43  0.00385  2.50426e+02 | 44  0.00975  1.40633e+03 | 45  0.00495 -8.46649e+02
 46  0.00554 -8.22456e+02 | 47 -0.01631  3.63488e+02 | 48  0.09654 -1.26319e+04
 49 -0.06157  2.34736e+02 | 50 -0.05297  6.40097e+02 | 51 -0.04273  1.21300e+03
 52 -0.03339  5.65229e+01 | 53 -0.03297 -2.24270e+02 | 54 -0.04125  6.15744e+01
 55 -0.03036  7.32235e+02 | 56 -0.00523  3.71408e+02 | 57 -0.00849  3.26645e+02
 58 -0.00757  9.93314e+02 | 59  0.01269  7.13887e+02 | 60  0.01951 -1.78814e+02
 61  0.01688 -9.30720e+02 | 62  0.00996 -7.73398e+02 | 63  0.00961 -1.91240e+02
 64  0.01399 -8.51856e+01 | 65  0.01006 -9.38076e+01 | 66  0.01182 -9.88406e+01
 67  0.01001 -3.42954e+02 | 68  0.01170 -3.33646e+02 | 69  0.01664 -1.17066e+02
 70  0.01590 -7.41605e+01 | 71  0.02092 -3.51191e+02 | 72  0.02207 -8.01677e+02
 73  0.01633 -1.47185e+03 | 74  0.01609 -1.21746e+02 | 75  0.02069  7.03784e+02
 76  0.03095  2.48179e+02 | 77  0.03158  6.15558e+02 | 78 -0.02495  7.51007e+02
 79 -0.54843  5.76850e+03 | 80 -0.46450 -2.69160e+03 |
2 0 22780.3
2 0 22780.4
2 0 22780.3
2 0 22780.3
2 0 22780.3
2 0 22780.3
2 0 22780.3
2 0 22780.3
2 0 22780.3
2 0 22780.3
2 0 22780.3
2 0 22780.2
80 variables; iteration 50; function evaluation 64; phase 2
Function value   2.2780251e+04; maximum gradient component mag  -1.2607e+04
Var   Value    Gradient   |Var   Value    Gradient   |Var   Value    Gradient
  1 -0.86421  8.15871e+00 |  2 -0.68972  4.40323e+01 |  3  0.22909  5.26185e+02
  4  0.18875 -1.26828e+02 |  5  0.13977 -1.10839e+01 |  6  0.09836  1.04719e-01
  7  0.06659  5.06194e+00 |  8  0.04095 -3.87961e+00 |  9  0.02159 -8.21534e+00
 10  0.00822 -1.73513e+00 | 11 -0.00199  1.34709e+00 | 12 -0.01048  3.97322e-01
 13 -0.01733 -2.87395e-01 | 14 -0.02258 -3.74214e-01 | 15 -0.02637 -3.23628e-01
 16 -0.02884 -2.83579e-01 | 17 -0.03006 -2.65536e-01 | 18  0.11135 -8.09842e+02
 19 -0.00728  2.68604e+02 | 20 -0.00761 -4.48067e+01 | 21 -0.00860 -2.39973e+02
 22 -0.00915 -4.47872e+02 | 23 -0.00787  3.87505e+02 | 24 -0.00444  5.97243e+01
 25  0.00312  3.00917e+02 | 26 -0.00396 -1.10441e+03 | 27 -0.01281  5.97971e+01
 28 -0.00030 -7.87796e+01 | 29  0.00168 -7.73841e+02 | 30 -0.00082 -3.07847e+02
 31  0.00131  4.74445e+02 | 32  0.00520  1.07200e+03 | 33  0.00362 -1.65197e+02
 34  0.00746 -7.48947e+01 | 35  0.00083 -6.65920e+01 | 36  0.00493  6.71116e+00
 37  0.00643  1.25352e+01 | 38  0.00477  2.28223e+02 | 39  0.00561  1.22756e+02
 40  0.00147 -1.87701e+02 | 41  0.00587  1.32114e+01 | 42  0.00296 -1.02984e+02
 43  0.00366  2.39084e+02 | 44  0.00969  1.40601e+03 | 45  0.00483 -8.70415e+02
 46  0.00543 -8.18071e+02 | 47 -0.01644  3.62276e+02 | 48  0.09658 -1.26074e+04
 49 -0.06160  2.61662e+02 | 50 -0.05296  6.46802e+02 | 51 -0.04278  1.18218e+03
 52 -0.03347  2.92230e+00 | 53 -0.03299 -2.52443e+02 | 54 -0.04135  4.17772e+01
 55 -0.03039  7.27473e+02 | 56 -0.00521  3.83331e+02 | 57 -0.00854  3.35558e+02
 58 -0.00759  1.00107e+03 | 59  0.01267  7.27084e+02 | 60  0.01941 -2.17654e+02
 61  0.01696 -9.04447e+02 | 62  0.00997 -7.80274e+02 | 63  0.00952 -2.03011e+02
 64  0.01391 -1.01714e+02 | 65  0.00994 -1.16872e+02 | 66  0.01187 -7.40911e+01
 67  0.00988 -3.70340e+02 | 68  0.01181 -3.31105e+02 | 69  0.01672 -8.83748e+01
 70  0.01586 -5.43829e+01 | 71  0.02102 -2.81590e+02 | 72  0.02192 -8.22498e+02
 73  0.01633 -1.45544e+03 | 74  0.01607 -1.04508e+02 | 75  0.02071  7.15794e+02
 76  0.03085  2.25613e+02 | 77  0.03229  6.18884e+02 | 78 -0.02495  7.54933e+02
 79 -0.54839  5.75373e+03 | 80 -0.46442 -2.68403e+03 |
2 0 22780.2
2 0 22780.2
2 0 22780.2
2 0 22780.2
2 0 22780.2
2 0 22780.2
2 0 22780.1
2 0 22780
2 0 22780.3
2 0 22780
2 0 22779.9
2 0 22779.9
2 0 22779.8
80 variables; iteration 60; function evaluation 77; phase 2
Function value   2.2779776e+04; maximum gradient component mag  -1.2519e+04
Var   Value    Gradient   |Var   Value    Gradient   |Var   Value    Gradient
  1 -0.86309  7.95439e+00 |  2 -0.68997  4.27052e+01 |  3  0.22917  5.05580e+02
  4  0.18968 -1.21621e+02 |  5  0.14148 -1.56159e+01 |  6  0.10405  3.46279e+01
  7  0.06760 -1.15720e+01 |  8  0.04271  9.66406e+00 |  9  0.02029  4.85431e+00
 10 -0.00015 -2.74220e+01 | 11 -0.01016 -1.27955e+01 | 12 -0.01457  5.83029e+00
 13 -0.01911  5.45227e+00 | 14 -0.02384  1.28679e+00 | 15 -0.02763 -2.78437e-01
 16 -0.03014 -4.50040e-01 | 17 -0.03137 -3.94810e-01 | 18  0.11137 -8.04632e+02
 19 -0.00676  2.82831e+02 | 20 -0.00760 -4.03299e+01 | 21 -0.00866 -2.52648e+02
 22 -0.00911 -4.32756e+02 | 23 -0.00785  3.95797e+02 | 24 -0.00454  4.05144e+01
 25  0.00301  2.84750e+02 | 26 -0.00400 -1.10710e+03 | 27 -0.01274  7.59233e+01
 28 -0.00023 -6.63999e+01 | 29  0.00169 -7.59333e+02 | 30 -0.00093 -3.17023e+02
 31  0.00111  4.45955e+02 | 32  0.00504  1.04675e+03 | 33  0.00352 -2.03097e+02
 34  0.00753 -4.01150e+01 | 35  0.00090 -4.23817e+01 | 36  0.00492  2.17473e+01
 37  0.00628 -2.16785e+01 | 38  0.00461  2.14510e+02 | 39  0.00551  1.06599e+02
 40  0.00157 -1.70693e+02 | 41  0.00597  4.27323e+01 | 42  0.00289 -1.20313e+02
 43  0.00370  2.45179e+02 | 44  0.00969  1.40588e+03 | 45  0.00489 -8.46274e+02
 46  0.00548 -8.08267e+02 | 47 -0.01631  3.51996e+02 | 48  0.09651 -1.25193e+04
 49 -0.06145  2.67453e+02 | 50 -0.05295  6.14090e+02 | 51 -0.04271  1.16725e+03
 52 -0.03330  1.84505e+01 | 53 -0.03292 -2.57445e+02 | 54 -0.04130  3.75427e+01
 55 -0.03038  7.13283e+02 | 56 -0.00513  3.79161e+02 | 57 -0.00837  3.54717e+02
 58 -0.00745  1.00129e+03 | 59  0.01280  7.32482e+02 | 60  0.01947 -2.18911e+02
 61  0.01701 -8.97186e+02 | 62  0.01004 -7.54226e+02 | 63  0.00964 -1.92171e+02
 64  0.01404 -1.01500e+02 | 65  0.01005 -1.30800e+02 | 66  0.01196 -7.20868e+01
 67  0.00991 -3.83246e+02 | 68  0.01177 -3.61124e+02 | 69  0.01686 -6.90287e+01
 70  0.01608 -2.47997e+01 | 71  0.02102 -3.01103e+02 | 72  0.02210 -7.84835e+02
 73  0.01641 -1.44894e+03 | 74  0.01619 -9.97130e+01 | 75  0.02073  7.02576e+02
 76  0.03071  2.22199e+02 | 77  0.03003  6.02475e+02 | 78 -0.02456  7.57059e+02
 79 -0.54844  5.69481e+03 | 80 -0.46442 -2.65398e+03 |
2 0 22779.6
2 0 22780.1
2 0 22779.5
2 0 22779.5
2 0 22779.3
2 0 22778.2
2 0 22777.5
2 0 22779.4
2 0 22777.3
2 0 22777.1
2 0 22776.6
2 0 22775.8
2 0 22775.9
2 0 22775.5
80 variables; iteration 70; function evaluation 91; phase 2
Function value   2.2775476e+04; maximum gradient component mag  -1.1643e+04
Var   Value    Gradient   |Var   Value    Gradient   |Var   Value    Gradient
  1 -0.85896  8.08707e+00 |  2 -0.68690  4.16793e+01 |  3  0.22898  5.71060e+02
  4  0.18865 -7.92776e+01 |  5  0.13384 -5.65883e+01 |  6  0.09917  4.79691e+01
  7  0.05920 -1.96642e+01 |  8  0.03162  3.09784e+01 |  9 -0.00118 -3.64190e+01
 10 -0.02101 -8.96619e+00 | 11 -0.03685  2.31328e+00 | 12 -0.05249 -4.05908e+01
 13 -0.05523 -2.76586e+01 | 14 -0.04900  7.13789e+00 | 15 -0.04422  1.53338e+01
 16 -0.04327  7.44071e+00 | 17 -0.04375  1.05655e+00 | 18  0.10989 -7.54674e+02
 19 -0.00933  1.29479e+02 | 20 -0.00783 -2.99911e+01 | 21 -0.00858 -2.21880e+02
 22 -0.00859 -3.39209e+02 | 23 -0.00718  4.75898e+02 | 24 -0.00441  4.88998e+01
 25  0.00231  9.32856e+01 | 26 -0.00397 -1.04383e+03 | 27 -0.01240  8.22715e+01
 28  0.00033  1.95941e+01 | 29  0.00253 -5.86391e+02 | 30 -0.00096 -3.41966e+02
 31  0.00077  3.37818e+02 | 32  0.00520  9.90480e+02 | 33  0.00414 -8.38564e+01
 34  0.00766 -5.50736e+00 | 35  0.00019 -2.55626e+02 | 36  0.00452  1.17071e+01
 37  0.00629 -5.00178e+01 | 38  0.00535  3.75089e+02 | 39  0.00563  1.01986e+02
 40  0.00097 -3.31749e+02 | 41  0.00644  1.80023e+02 | 42  0.00329 -1.35068e+02
 43  0.00440  3.65598e+02 | 44  0.01003  1.37982e+03 | 45  0.00431 -9.12655e+02
 46  0.00477 -9.07784e+02 | 47 -0.01626  4.03834e+02 | 48  0.09700 -1.16433e+04
 49 -0.06187  2.12639e+02 | 50 -0.05345  5.06958e+02 | 51 -0.04322  1.00720e+03
 52 -0.03310  6.84150e+01 | 53 -0.03266 -1.63645e+02 | 54 -0.04219 -1.20089e+02
 55 -0.03096  5.72403e+02 | 56 -0.00552  2.67334e+02 | 57 -0.00866  2.41635e+02
 58 -0.00722  9.92617e+02 | 59  0.01260  6.10126e+02 | 60  0.01896 -3.15137e+02
 61  0.01687 -8.05166e+02 | 62  0.01040 -6.11778e+02 | 63  0.00987 -1.04185e+02
 64  0.01394  4.55207e+01 | 65  0.00949 -1.99832e+02 | 66  0.01149 -1.16527e+02
 67  0.01015 -3.10046e+02 | 68  0.01210 -2.27612e+02 | 69  0.01613 -1.66287e+02
 70  0.01599  2.09040e+00 | 71  0.02088 -2.32100e+02 | 72  0.02226 -6.62303e+02
 73  0.01713 -1.14399e+03 | 74  0.01599 -7.65524e+01 | 75  0.01982  4.74680e+02
 76  0.03135  3.02376e+02 | 77  0.03416  5.79270e+02 | 78 -0.02289  7.00703e+02
 79 -0.54967  5.12005e+03 | 80 -0.46578 -2.37619e+03 |
2 0 22774.7
2 0 22774.6
2 0 22774.4
2 0 22774
2 0 22771.2
2 0 22766.4
2 0 22762.4
2 0 22761.4
2 0 22759.8
2 0 22757.9
2 0 22755
80 variables; iteration 80; function evaluation 102; phase 2
Function value   2.2755034e+04; maximum gradient component mag  -7.4114e+03
Var   Value    Gradient   |Var   Value    Gradient   |Var   Value    Gradient
  1 -0.82188  8.64117e+00 |  2 -0.66869  2.85312e+01 |  3  0.22789  2.54914e+02
  4  0.19670  5.53639e+01 |  5  0.15024  8.02915e+01 |  6  0.10369 -1.28498e+01
  7  0.07870 -1.87645e+01 |  8  0.07294  1.43010e+02 |  9  0.03746 -4.31164e-01
 10  0.00856 -5.35088e+01 | 11 -0.00093  9.96569e+01 | 12 -0.03764 -2.53326e+01
 13 -0.06564 -9.27453e+01 | 14 -0.06495  8.50498e+01 | 15 -0.08948 -6.98996e+01
 16 -0.09232  8.52676e+01 | 17 -0.12108 -9.21825e+01 | 18  0.10498 -5.50129e+02
 19 -0.00717 -6.60676e+01 | 20 -0.00781  1.26318e+02 | 21 -0.00852 -8.27892e+01
 22 -0.00870 -1.98050e+02 | 23 -0.00741  2.59010e+02 | 24 -0.00428 -7.92736e+00
 25  0.00274  2.53099e+01 | 26 -0.00196 -3.39422e+02 | 27 -0.01184  4.86773e+01
 28  0.00037 -7.82451e+01 | 29  0.00345 -1.78017e+02 | 30 -0.00026 -1.91248e+02
 31  0.00055  1.59595e+02 | 32  0.00414  4.59367e+02 | 33  0.00357 -1.64703e+02
 34  0.00734 -3.55398e+00 | 35  0.00045 -2.79539e+01 | 36  0.00406 -9.99197e+01
 37  0.00526 -2.14312e+02 | 38  0.00483  2.67431e+02 | 39  0.00548  1.41842e+02
 40  0.00075 -2.31591e+02 | 41  0.00623  1.33684e+02 | 42  0.00344  2.61841e+01
 43  0.00336  1.08157e+02 | 44  0.00811  5.77930e+02 | 45  0.00507 -3.83816e+02
 46  0.00574 -3.55156e+02 | 47 -0.01719  1.48544e+02 | 48  0.09893 -7.41139e+03
 49 -0.06141  1.90058e+02 | 50 -0.05379  1.09846e+02 | 51 -0.04428  3.13766e+02
 52 -0.03320 -2.73076e+01 | 53 -0.03237  2.82938e+01 | 54 -0.04257 -1.59486e+02
 55 -0.03152  1.17693e+02 | 56 -0.00590 -1.56950e+02 | 57 -0.00879  1.17001e+02
 58 -0.00824  3.85871e+02 | 59  0.01200  3.43312e+01 | 60  0.01942 -1.58234e+02
 61  0.01747 -1.87173e+02 | 62  0.01066 -2.44181e+02 | 63  0.00967 -1.88446e+01
 64  0.01436  2.16229e+02 | 65  0.00993 -1.38165e+01 | 66  0.01112 -9.10252e+01
 67  0.01029 -5.33856e+01 | 68  0.01241  5.50307e-01 | 69  0.01606 -1.22114e+02
 70  0.01585  3.15613e+01 | 71  0.02148 -1.59933e+01 | 72  0.02282 -2.12441e+02
 73  0.01675 -5.65417e+02 | 74  0.01597 -4.69914e+00 | 75  0.02047  2.61315e+02
 76  0.03178  2.09931e+02 | 77  0.03388  3.69091e+02 | 78 -0.01059  5.58032e+02
 79 -0.55423  2.08879e+03 | 80 -0.46934 -8.84786e+02 |
2 0 22750.2
2 0 22742.9
2 0 22739.4
2 0 22739.1
2 0 22738.9
2 0 22738.6
2 0 22738.4
2 0 22738
2 0 22737.6
2 0 22737.3
80 variables; iteration 90; function evaluation 112; phase 2
Function value   2.2737345e+04; maximum gradient component mag   6.7832e+02
Var   Value    Gradient   |Var   Value    Gradient   |Var   Value    Gradient
  1 -0.78704 -3.02876e+01 |  2 -0.55935 -2.36870e+01 |  3  0.23528  3.03944e+01
  4  0.19494 -1.83355e+01 |  5  0.14047  1.09592e+00 |  6  0.09712  1.31957e-01
  7  0.06554  1.15455e-02 |  8  0.04256  6.33495e+00 |  9  0.02364  4.13087e-01
 10  0.00871 -1.25911e-01 | 11 -0.00320  2.52792e+00 | 12 -0.01358 -2.31346e+00
 13 -0.02145 -2.01875e+00 | 14 -0.02720  1.04224e+00 | 15 -0.03193 -3.81466e+00
 16 -0.03432  3.13123e+00 | 17 -0.03651 -3.69832e+00 | 18  0.10634  6.53963e+01
 19 -0.01372 -3.47555e+00 | 20 -0.00839 -3.68891e+01 | 21 -0.00852  9.92923e+00
 22 -0.00873  3.95065e+00 | 23 -0.00802  1.44719e+01 | 24 -0.00416 -3.46720e+00
 25  0.00365  3.20166e+00 | 26 -0.00109  7.72470e+00 | 27 -0.01212  7.51391e+00
 28  0.00060  3.63856e+00 | 29  0.00445  1.42067e+00 | 30  0.00067  6.55584e+00
 31  0.00015  4.76878e+00 | 32  0.00345  8.77590e+00 | 33  0.00444 -1.47630e+01
 34  0.00768 -2.39417e+00 | 35  0.00048 -4.47577e+00 | 36  0.00512 -1.30783e+01
 37  0.00639  4.02546e+00 | 38  0.00443  5.64067e+00 | 39  0.00524  3.95418e+00
 40  0.00146 -5.15332e+00 | 41  0.00620  5.23483e+00 | 42  0.00339 -1.88086e+00
 43  0.00329 -4.21609e+00 | 44  0.00776  8.59528e+00 | 45  0.00616 -1.03617e+01
 46  0.00673 -1.62721e+00 | 47 -0.01702 -7.96462e-01 | 48  0.10807  6.78324e+02
 49 -0.06087  1.50392e+00 | 50 -0.05300  1.61268e+01 | 51 -0.04390  1.48166e+01
 52 -0.03276  9.05952e+00 | 53 -0.03245  1.65237e+00 | 54 -0.04180  2.16393e+00
 55 -0.03110 -7.06018e+00 | 56 -0.00547 -1.18806e+01 | 57 -0.00914 -3.82670e+00
 58 -0.00908  1.49813e+01 | 59  0.01230  3.76846e+00 | 60  0.01961  5.80491e-01
 61  0.01697 -8.50823e+00 | 62  0.01113  4.80572e+00 | 63  0.00965  1.44957e+00
 64  0.01358  1.16940e+01 | 65  0.00995  1.58291e+01 | 66  0.01156 -1.81573e+00
 67  0.01004 -6.52274e+00 | 68  0.01182 -8.41816e+00 | 69  0.01632  3.45206e+00
 70  0.01555 -4.48286e+00 | 71  0.02129  8.47006e+00 | 72  0.02274  1.00458e+00
 73  0.01675 -1.81866e+01 | 74  0.01562 -1.85082e+00 | 75  0.02053 -1.51217e+01
 76  0.03205  6.07994e+00 | 77  0.03191 -3.24830e+01 | 78  0.04654 -7.05430e+01
 79 -0.54532 -4.46528e+01 | 80 -0.45762 -3.44203e+01 |
2 0 22737.1
2 0 22736.8
2 0 22736.4
2 0 22736.3
2 0 22736.2
2 0 22736.1
2 0 22735.9
2 0 22735.8
2 0 22735.7
2 0 22735.4
80 variables; iteration 100; function evaluation 122; phase 2
Function value   2.2735429e+04; maximum gradient component mag  -1.0134e+03
Var   Value    Gradient   |Var   Value    Gradient   |Var   Value    Gradient
  1 -0.72302  1.43360e+01 |  2 -0.46724  1.09382e+01 |  3  0.24370 -1.38534e+01
  4  0.19995 -1.18446e+01 |  5  0.14384 -1.69470e+00 |  6  0.09996 -7.45933e-01
  7  0.06781 -7.14387e-02 |  8  0.04403  8.10559e-01 |  9  0.02573  1.55998e-01
 10  0.01140 -1.66389e-01 | 11  0.00010  1.59198e-01 | 12 -0.00894 -2.94800e-01
 13 -0.01600 -3.64449e-01 | 14 -0.02132  1.07719e-01 | 15 -0.02524 -4.24281e-01
 16 -0.02772  3.68433e-01 | 17 -0.02906 -4.54365e-01 | 18  0.10869 -4.73656e+00
 19 -0.01444  2.71564e+01 | 20 -0.00874 -2.30823e+00 | 21 -0.00901 -6.07860e+00
 22 -0.00916 -6.85036e+00 | 23 -0.00830 -4.44191e+00 | 24 -0.00417 -7.17025e-01
 25  0.00367  9.91498e+00 | 26 -0.00151 -2.06616e+00 | 27 -0.01256 -1.44360e+01
 28  0.00046  4.92145e+00 | 29  0.00440 -1.13488e+00 | 30  0.00045 -5.49363e+00
 31  0.00005 -2.24883e+00 | 32  0.00366  6.05690e+00 | 33  0.00482  4.03819e+00
 34  0.00794  5.93355e+00 | 35  0.00054 -2.06901e+00 | 36  0.00537  1.11398e-01
 37  0.00664  6.16212e+00 | 38  0.00461  4.15037e+00 | 39  0.00535  2.08839e+00
 40  0.00157 -2.67459e+00 | 41  0.00639  3.03559e+00 | 42  0.00354  7.86109e-01
 43  0.00350  2.44967e-01 | 44  0.00805  4.28795e+00 | 45  0.00648 -1.63257e-01
 46  0.00690  3.35738e+00 | 47 -0.01652 -3.19044e+01 | 48  0.11511 -1.01345e+03
 49 -0.06008 -7.77443e+00 | 50 -0.05232 -5.55918e+00 | 51 -0.04332 -4.97164e+00
 52 -0.03238 -4.75426e+00 | 53 -0.03231 -2.89433e+00 | 54 -0.04162 -5.81508e+00
 55 -0.03055 -9.15550e+00 | 56 -0.00510 -1.30591e+01 | 57 -0.00924 -7.27980e+00
 58 -0.00912  2.24332e+00 | 59  0.01237 -7.90510e+00 | 60  0.01947 -1.11726e+00
 61  0.01674 -5.81357e+00 | 62  0.01089  1.47317e-01 | 63  0.00952 -2.34718e+00
 64  0.01342  3.88990e-01 | 65  0.00965  4.94005e+00 | 66  0.01132 -2.81429e+00
 67  0.00985 -3.58455e+00 | 68  0.01168 -2.55218e+00 | 69  0.01614 -1.93240e+00
 70  0.01534  1.17625e+00 | 71  0.02112 -2.47156e+00 | 72  0.02244  1.71856e+00
 73  0.01639  1.32694e+00 | 74  0.01534  2.93057e+00 | 75  0.02052 -3.68281e-01
 76  0.03184  2.82383e+01 | 77  0.03182  4.71157e+01 | 78  0.08128  1.50456e+02
 79 -0.53557 -1.33610e+01 | 80 -0.44661  2.53640e+01 |
2 0 22735.1
2 0 22734.9
2 0 22734.7
2 0 22734.6
2 0 22734.6
2 0 22734.5
2 0 22734.4
2 0 22734.3
2 0 22734.2
2 0 22734.2
2 0 22734.2
80 variables; iteration 110; function evaluation 133; phase 2
Function value   2.2734214e+04; maximum gradient component mag  -6.6982e+02
Var   Value    Gradient   |Var   Value    Gradient   |Var   Value    Gradient
  1 -0.65075  7.14739e+00 |  2 -0.41321  1.92205e+00 |  3  0.25695 -2.16729e+01
  4  0.20608 -1.20428e+01 |  5  0.14782 -1.96778e+00 |  6  0.10312 -8.45061e-01
  7  0.07042 -4.59866e-01 |  8  0.04628  4.78772e-01 |  9  0.02776 -1.59394e-01
 10  0.01331 -3.09793e-01 | 11  0.00194  2.14867e-01 | 12 -0.00716 -3.08930e-01
 13 -0.01426 -3.47999e-01 | 14 -0.01963  2.39871e-01 | 15 -0.02363 -5.98530e-01
 16 -0.02612  5.53485e-01 | 17 -0.02753 -6.52228e-01 | 18  0.11200 -4.79304e+01
 19 -0.01684  3.04547e+01 | 20 -0.00937 -1.53496e+01 | 21 -0.00960 -6.87864e+00
 22 -0.00963 -5.72932e+00 | 23 -0.00857 -2.88716e+00 | 24 -0.00416 -3.66947e+00
 25  0.00376  3.85816e+00 | 26 -0.00195 -1.68694e+00 | 27 -0.01302 -6.94581e+00
 28  0.00031 -2.11238e-01 | 29  0.00443  7.25444e-01 | 30  0.00023 -2.01958e+00
 31 -0.00005 -1.91965e+00 | 32  0.00396  4.67343e+00 | 33  0.00534  2.11235e+00
 34  0.00832  5.19086e+00 | 35  0.00063 -1.44355e+00 | 36  0.00570  1.06877e+00
 37  0.00698  3.18061e+00 | 38  0.00487  2.84686e+00 | 39  0.00554  1.80500e+00
 40  0.00176 -2.05196e+00 | 41  0.00669  3.28058e+00 | 42  0.00379  1.49564e-01
 43  0.00379  2.24947e-01 | 44  0.00847  5.58671e+00 | 45  0.00695  5.23142e-01
 46  0.00724 -5.27642e-03 | 47 -0.01560 -1.54202e+01 | 48  0.12624 -6.69815e+02
 49 -0.05896 -1.07456e+01 | 50 -0.05129 -5.72093e+00 | 51 -0.04241 -2.91410e+00
 52 -0.03178 -4.94775e+00 | 53 -0.03210 -1.24363e+00 | 54 -0.04130  1.96791e+00
 55 -0.02973  7.73954e-02 | 56 -0.00456 -7.00948e+00 | 57 -0.00930  2.34705e+00
 58 -0.00908  6.49506e+00 | 59  0.01250 -3.84443e+00 | 60  0.01928 -1.85883e+00
 61  0.01639 -3.50745e+00 | 62  0.01053 -1.55293e+00 | 63  0.00932 -2.97436e+00
 64  0.01320 -2.53847e+00 | 65  0.00924  4.22245e-01 | 66  0.01094 -4.47318e+00
 67  0.00956 -2.31219e+00 | 68  0.01146 -1.66041e+00 | 69  0.01588 -2.60253e+00
 70  0.01502 -6.31885e-01 | 71  0.02090 -3.07590e+00 | 72  0.02199 -2.13900e+00
 73  0.01582 -1.63674e+00 | 74  0.01489  1.95673e-01 | 75  0.02033  2.15095e+00
 76  0.03156  2.11477e+01 | 77  0.03153  3.11685e+01 | 78  0.12302  1.78569e+02
 79 -0.52292  6.72918e+01 | 80 -0.43442 -1.95636e+00 |
2 0 22734.2
2 0 22734.2
2 0 22734.2
2 0 22734.2
2 0 22734.2
2 0 22734.2
2 0 22734.2
2 0 22734.2
2 0 22734.2
2 0 22734.2
80 variables; iteration 120; function evaluation 143; phase 2
Function value   2.2734157e+04; maximum gradient component mag   3.1084e-01
Var   Value    Gradient   |Var   Value    Gradient   |Var   Value    Gradient
  1 -0.63849 -7.74212e-03 |  2 -0.40551  3.61180e-03 |  3  0.25982 -2.41938e-01
  4  0.20752 -7.42509e-02 |  5  0.14865 -1.79037e-02 |  6  0.10373 -7.55025e-03
  7  0.07086 -3.22185e-03 |  8  0.04656 -7.97686e-03 |  9  0.02809 -1.18254e-03
 10  0.01371 -1.78439e-03 | 11  0.00236 -3.10526e-03 | 12 -0.00662  2.14657e-03
 13 -0.01365  1.06733e-03 | 14 -0.01901 -9.87634e-04 | 15 -0.02290  3.75255e-03
 16 -0.02543 -3.73042e-03 | 17 -0.02667  2.91262e-03 | 18  0.11290 -1.83808e-01
 19 -0.01746  2.43651e-01 | 20 -0.00946 -2.05387e-01 | 21 -0.00969 -1.22910e-01
 22 -0.00971 -2.48774e-02 | 23 -0.00861  2.49398e-03 | 24 -0.00414  1.72362e-02
 25  0.00379  2.94808e-02 | 26 -0.00202  8.64946e-02 | 27 -0.01310  1.83273e-02
 28  0.00028  2.86028e-02 | 29  0.00444  3.11164e-04 | 30  0.00019  1.68448e-02
 31 -0.00006  1.59568e-02 | 32  0.00402 -3.05630e-02 | 33  0.00545 -3.27397e-02
 34  0.00839 -4.11330e-02 | 35  0.00065 -2.14297e-02 | 36  0.00577 -3.22483e-02
 37  0.00705 -2.33367e-02 | 38  0.00492  9.48030e-03 | 39  0.00558  2.27173e-02
 40  0.00180  9.00212e-03 | 41  0.00675 -2.75309e-02 | 42  0.00384 -2.67740e-03
 43  0.00386 -4.62723e-03 | 44  0.00856 -3.99294e-02 | 45  0.00704  2.59205e-03
 46  0.00731  4.87163e-02 | 47 -0.01546  6.01317e-02 | 48  0.12871 -1.17261e-01
 49 -0.05872 -7.57235e-02 | 50 -0.05108  3.58941e-02 | 51 -0.04223  5.57790e-02
 52 -0.03166  6.70541e-02 | 53 -0.03206  3.74726e-02 | 54 -0.04124 -2.34623e-02
 55 -0.02956 -1.04616e-01 | 56 -0.00446 -9.37868e-02 | 57 -0.00932 -3.91985e-02
 58 -0.00908 -3.72750e-02 | 59  0.01252 -5.86879e-02 | 60  0.01924 -3.74542e-02
 61  0.01631  1.51188e-02 | 62  0.01045  2.06052e-02 | 63  0.00928  2.01121e-02
 64  0.01315  1.36390e-02 | 65  0.00915  2.13825e-02 | 66  0.01086  2.47585e-02
 67  0.00950  1.52235e-03 | 68  0.01141 -9.10412e-03 | 69  0.01582  7.19009e-04
 70  0.01495  2.45079e-02 | 71  0.02084 -2.23740e-04 | 72  0.02189  1.35419e-02
 73  0.01569  6.09511e-02 | 74  0.01479  4.08761e-02 | 75  0.02030  1.54595e-02
 76  0.03154 -7.20962e-04 | 77  0.03154  6.19871e-03 | 78  0.13070  1.20564e-01
 79 -0.52039  3.10838e-01 | 80 -0.43225 -8.15496e-02 |
2 0 22734.2
2 0 22734.2
2 0 22734.2
2 0 22734.2
2 0 22734.2
2 0 22734.2

 - final statistics:
80 variables; iteration 126; function evaluation 149
Function value   2.2734e+04; maximum gradient component mag  -4.9678e-04
Exit code = 1;  converg criter   1.0000e-03
Var   Value    Gradient   |Var   Value    Gradient   |Var   Value    Gradient
  1 -0.63850 -5.29879e-05 |  2 -0.40552 -6.82165e-06 |  3  0.25982 -1.09240e-04
  4  0.20751  2.15412e-05 |  5  0.14865  3.37327e-06 |  6  0.10373  1.33861e-06
  7  0.07086  3.73565e-08 |  8  0.04656 -1.47029e-05 |  9  0.02809 -2.07159e-07
 10  0.01371  1.84954e-06 | 11  0.00236 -3.94174e-06 | 12 -0.00662  6.03467e-06
 13 -0.01365  5.22327e-06 | 14 -0.01901 -2.42369e-06 | 15 -0.02290  1.36757e-05
 16 -0.02543 -1.02892e-05 | 17 -0.02668  1.31892e-05 | 18  0.11290 -1.90149e-04
 19 -0.01746 -3.81422e-05 | 20 -0.00946  1.48610e-05 | 21 -0.00968  9.99131e-05
 22 -0.00971  2.28972e-04 | 23 -0.00861  8.61158e-05 | 24 -0.00413  4.10012e-06
 25  0.00379 -1.03749e-04 | 26 -0.00202  7.94928e-05 | 27 -0.01310  1.61871e-04
 28  0.00028  1.26421e-04 | 29  0.00444 -6.15612e-05 | 30  0.00019 -2.40209e-05
 31 -0.00006 -1.49150e-05 | 32  0.00402 -5.35998e-05 | 33  0.00545 -7.19564e-06
 34  0.00839 -8.77329e-05 | 35  0.00065 -5.08348e-05 | 36  0.00577 -9.65362e-05
 37  0.00705 -1.11135e-04 | 38  0.00492 -3.95007e-05 | 39  0.00558 -1.05378e-06
 40  0.00180 -9.53139e-07 | 41  0.00675 -8.25065e-05 | 42  0.00385  9.96096e-05
 43  0.00386  8.52390e-05 | 44  0.00856 -1.43638e-04 | 45  0.00704 -1.29275e-04
 46  0.00731 -5.80290e-05 | 47 -0.01546  1.23428e-04 | 48  0.12871 -1.27377e-06
 49 -0.05872  6.29300e-05 | 50 -0.05108 -8.32379e-05 | 51 -0.04223 -3.99511e-04
 52 -0.03166 -4.96783e-04 | 53 -0.03206 -3.47810e-04 | 54 -0.04124 -1.28592e-04
 55 -0.02956 -1.04003e-04 | 56 -0.00446  7.74419e-05 | 57 -0.00932  1.19564e-04
 58 -0.00908  4.30862e-05 | 59  0.01252 -1.77317e-04 | 60  0.01924 -2.73214e-04
 61  0.01631 -1.70175e-04 | 62  0.01045 -9.86257e-05 | 63  0.00928  6.09089e-06
 64  0.01315  1.27088e-04 | 65  0.00915  2.06275e-04 | 66  0.01086  2.48315e-04
 67  0.00950  1.91233e-04 | 68  0.01141  2.12316e-04 | 69  0.01582  3.05084e-04
 70  0.01495  2.88542e-04 | 71  0.02084  7.94854e-05 | 72  0.02189  1.63332e-05
 73  0.01569  1.42010e-04 | 74  0.01479  1.13267e-04 | 75  0.02030  5.68092e-05
 76  0.03154  6.64106e-06 | 77  0.03154  3.83806e-06 | 78  0.13070  9.33652e-05
 79 -0.52039  4.09096e-04 | 80 -0.43225 -1.48776e-04 |
2 0 22734.2
B015247.7
0.3 0.748498
0.64157 0.595148
1.09094 0.480006
1.49617 0.414986
1.77396 0.382039
1.93635 0.365781
2.02366 0.357783
2.06867 0.353843
2.09138 0.351899
2.10272 0.350938
2.10836 0.350464
2.11116 0.350229
2.11254 0.350113
2.11322 0.350056
2.11356 0.350028
2.11373 0.350014
2.11381 0.350007
2.11385 0.350003
2.11387 0.350002
2.11388 0.350001
2.11389 0.350001
Survey Bio35.7932
Survey len11105.1
CPUE32.1981
Catch3.50987
Catch len11531.4
initsmo_penal16.6922
F_pen3.6395
Rec_pen5.82694
M_pen0


Starting time: Mon Jun 18 08:20:30 2018
Finishing time: Mon Jun 18 08:20:42 2018
This run took: 0 hours, 0 minutes, 12 seconds.

