survYears 69 70 71 72 73 74 75 76 77 78 79 80 81 82 83 84 85 86 87 88 89 90 91 92 93 94 95 96 97
SurvLenYear 69 70 71 72 73 74 75 76 77 78 79 80 81 82 83 84 85 86 87 88 89 90 91 92 93 94 95 96 97
catchBiomass 5441.61 5821.05 5699.44 10742.1 14062.7 15877 19996.3 26457.9 29268.8 38478.4 47707.6 59012 69421 99011.1 105137 94126.7 80310.6 78817.8 92633.6 81220.3 78153.4 88587.3 94173.3 104989 110709 114928 105350 102365 108702
steep0.999
25
Out
1 0 45985.8

Initial statistics: 76 variables; iteration 0; function evaluation 0; phase 1
Function value   4.5985848e+04; maximum gradient component mag  -6.0667e+05
Var   Value    Gradient   |Var   Value    Gradient   |Var   Value    Gradient
  1  0.23369  1.28357e+03 |  2  0.19796  1.80761e+02 |  3  0.18885  1.15445e+03
  4  0.18079  1.38328e+03 |  5  0.18071  1.69686e+03 |  6  0.17086  1.54033e+03
  7  0.14955  1.02407e+03 |  8  0.12722  6.08476e+02 |  9  0.12078  6.18747e+02
 10  0.10864  4.76974e+02 | 11  0.09558  3.52305e+02 | 12  0.08571  3.44890e+02
 13  0.06098  8.60102e+01 | 14  0.06175  6.75194e+01 | 15  0.09529  4.92419e+02
 16  0.01876  2.02681e+04 | 17  0.00000 -1.67021e+04 | 18  0.00000 -4.09782e+03
 19  0.00000  1.77262e+03 | 20  0.00000 -2.69060e+03 | 21  0.00000 -2.25432e+03
 22  0.00000  7.41122e+02 | 23  0.00000  2.01408e+03 | 24  0.00000  9.58726e+02
 25  0.00000  4.79426e+03 | 26  0.00000  4.93316e+03 | 27  0.00000  5.80009e+03
 28  0.00000  7.22954e+03 | 29  0.00000  8.82893e+03 | 30  0.00000  3.22834e+03
 31  0.00000 -3.36529e+00 | 32  0.00000 -6.42554e+02 | 33  0.00000  1.86922e+03
 34  0.00000  3.54877e+03 | 35  0.00000 -6.57446e+02 | 36  0.00000  2.13752e+03
 37  0.00000  5.15823e+03 | 38  0.00000  4.33786e+03 | 39  0.00000  5.52670e+03
 40  0.00000  4.09307e+03 | 41  0.00000  2.86572e+03 | 42  0.00000 -5.18076e+01
 43  0.00000 -1.25724e+03 | 44  0.00000 -9.15328e+03 | 45  0.00000 -3.23274e+04
 46  0.08430 -6.06673e+05 | 47  0.00000  5.33122e+04 | 48  0.00000  3.84378e+04
 49  0.00000  3.33383e+04 | 50  0.00000  2.82103e+04 | 51  0.00000  2.15103e+04
 52  0.00000  1.63088e+04 | 53  0.00000  1.10715e+04 | 54  0.00000  4.66134e+03
 55  0.00000 -2.93545e+03 | 56  0.00000 -7.28192e+03 | 57  0.00000 -1.29983e+04
 58  0.00000 -1.86591e+04 | 59  0.00000 -1.75918e+04 | 60  0.00000 -1.32052e+04
 61  0.00000 -1.18296e+04 | 62  0.00000 -1.26593e+04 | 63  0.00000 -1.28691e+04
 64  0.00000 -1.28764e+04 | 65  0.00000 -1.30022e+04 | 66  0.00000 -1.66899e+04
 67  0.00000 -1.86957e+04 | 68  0.00000 -1.98229e+04 | 69  0.00000 -2.11343e+04
 70  0.00000 -2.02074e+04 | 71  0.00000 -1.71013e+04 | 72  0.00000 -1.08412e+04
 73  0.00000  3.48267e+03 | 74  0.00000  2.19284e+04 | 75  0.00000  2.81393e+04
 76 -0.05898  8.08179e+04 |
1 0 45985.8
1 0 45985.6
1 0 45983.6
1 0 45963.6
1 0 45764.5
1 0 43847.6
1 0 40259.3
1 0 35768.2
1 0 42514.3
1 0 34246.2
1 0 33408.9
1 0 33596.1
1 0 33004.8
1 0 33013.4
1 0 32800.3
1 0 32548.5
1 0 32275.9
1 0 31966.8

Intermediate statistics: 76 variables; iteration 10; function evaluation 18; phase 1
Function value   3.1966897e+04; maximum gradient component mag  -8.5886e+04
Var   Value    Gradient   |Var   Value    Gradient   |Var   Value    Gradient
  1  0.30295 -5.45932e+02 |  2  0.25519 -1.29966e+03 |  3  0.19839 -2.38554e+02
  4  0.18107 -3.71363e+00 |  5  0.17770  8.95818e+01 |  6  0.16792  9.27712e+01
  7  0.14835  4.39511e+01 |  8  0.12855 -5.02814e+00 |  9  0.11944  3.21955e+01
 10  0.10799  2.29950e+01 | 11  0.09555  1.42550e+01 | 12  0.08345  3.49219e+01
 13  0.06436 -6.04884e+01 | 14  0.06601 -6.60427e+01 | 15  0.09026  9.47448e+01
 16  0.29507  2.86871e+04 | 17 -0.04914  1.41461e+03 | 18 -0.08233 -1.07686e+04
 19 -0.05922 -2.76140e+03 | 20 -0.02587  2.32542e+03 | 21 -0.01965  1.64514e+03
 22 -0.01265  2.05564e+03 | 23 -0.01222  3.28981e+03 | 24 -0.01406  4.79159e+01
 25  0.09030 -3.42219e+03 | 26  0.00244  5.65943e+02 | 27  0.01095  5.02490e+03
 28  0.23980 -1.87999e+03 | 29  0.04046  1.30313e+04 | 30 -0.01820  4.32166e+02
 31 -0.05765 -6.38848e+03 | 32 -0.01452 -2.61845e+03 | 33 -0.00050  4.13678e+02
 34  0.02191  6.42848e+03 | 35 -0.00116 -2.15831e+03 | 36  0.02532  3.44962e+03
 37  0.01706  4.84453e+03 | 38 -0.00354 -3.23387e+02 | 39  0.06134 -3.07399e+03
 40  0.00942  5.39490e+02 | 41  0.00180  1.42299e+03 | 42 -0.00623 -2.92352e+03
 43 -0.00428  4.76594e+02 | 44 -0.04354 -4.93093e+03 | 45 -0.09368 -7.73677e+03
 46  0.13929 -8.58859e+04 | 47 -0.11191 -3.82981e+03 | 48 -0.06061 -3.02659e+03
 49 -0.03731 -2.79570e+03 | 50 -0.04491 -4.11753e+03 | 51 -0.02082 -1.76381e+03
 52 -0.01977 -1.80948e+03 | 53 -0.00397  9.25512e+02 | 54 -0.09205 -1.52154e+03
 55  0.02501  3.03066e+03 | 56 -0.00158 -2.16267e+02 | 57  0.00509  4.10049e+03
 58  0.02304 -7.73979e+03 | 59  0.05942 -5.15251e+03 | 60 -0.08046 -5.13770e+03
 61 -0.01017 -2.74261e+03 | 62  0.04145  7.29074e+03 | 63 -0.01170 -2.63307e+03
 64  0.04320 -3.46740e+02 | 65 -0.05592 -4.55833e+03 | 66  0.03791  3.06103e+03
 67  0.04506  5.43714e+03 | 68 -0.05164 -1.62272e+03 | 69  0.05085  5.58098e+02
 70  0.04021  2.59590e+03 | 71  0.04325  4.22342e+03 | 72  0.03029  1.84928e+03
 73  0.07347  6.12066e+03 | 74  0.09154  6.51823e+03 | 75 -0.00735  3.46567e+03
 76  0.08994  1.89547e+04 |
1 0 31740.5
1 0 31615.6
1 0 31474.3
1 0 31415.8
1 0 31351.6
1 0 31289.3
1 0 31357.6
1 0 31269.3
1 0 31264
1 0 31255.4
1 0 31250.5
76 variables; iteration 20; function evaluation 29; phase 1
Function value   3.1250464e+04; maximum gradient component mag  -6.2232e+04
Var   Value    Gradient   |Var   Value    Gradient   |Var   Value    Gradient
  1  0.32962  3.94791e+03 |  2  0.32621  1.05167e+03 |  3  0.21240 -1.33054e+02
  4  0.17583  2.49134e+01 |  5  0.16415  1.11117e+02 |  6  0.15449  1.27869e+02
  7  0.14029  9.32668e+01 |  8  0.12630  7.08651e+01 |  9  0.11372  5.24841e+01
 10  0.10376  5.47812e+01 | 11  0.09274  5.23915e+01 | 12  0.07845  1.44074e+01
 13  0.06922 -1.26466e+01 | 14  0.07164  9.87531e+00 | 15  0.07949  5.95923e+01
 16  0.30710  1.38819e+04 | 17 -0.03222 -3.44290e+03 | 18 -0.08380 -4.99676e+03
 19 -0.07134 -7.99717e+02 | 20 -0.04042  2.70859e+03 | 21 -0.03790  8.81736e+02
 22 -0.03517  3.48260e+02 | 23 -0.03619  1.69105e+03 | 24 -0.03368 -2.10770e+03
 25  0.11397 -5.98129e+02 | 26 -0.01049 -2.91654e+03 | 27 -0.01567  8.05070e+02
 28  0.51787  2.23263e+03 | 29  0.02402  1.22203e+04 | 30 -0.02590 -6.83094e+02
 31 -0.06022 -3.74529e+03 | 32 -0.03208 -3.31631e+03 | 33 -0.01205  1.77944e+03
 34 -0.00681  4.71051e+03 | 35 -0.01055 -1.14197e+03 | 36 -0.00279  2.47409e+03
 37 -0.00465  1.29789e+03 | 38 -0.02072 -3.59035e+03 | 39  0.17872  4.28862e+01
 40 -0.00275 -2.12652e+03 | 41 -0.01845 -8.28935e+02 | 42 -0.01599 -9.81538e+02
 43 -0.01649  3.85790e+02 | 44 -0.05164 -1.10252e+03 | 45 -0.10028 -6.66547e+02
 46  0.14073 -6.22318e+04 | 47 -0.16214 -5.26472e+03 | 48 -0.05575 -2.57776e+03
 49 -0.03874 -2.49886e+03 | 50 -0.03921 -3.67329e+03 | 51 -0.02227 -1.51061e+03
 52 -0.01818 -1.87772e+03 | 53 -0.01533  1.77478e+03 | 54 -0.09473 -2.47390e+03
 55  0.02705  4.22508e+03 | 56 -0.00053  6.46667e+02 | 57 -0.00271  5.10011e+03
 58  0.02809 -7.34441e+03 | 59  0.05268 -1.05344e+04 | 60 -0.08507 -6.34310e+03
 61  0.00901 -1.29580e+03 | 62  0.03038  3.64150e+03 | 63  0.00816 -2.91502e+03
 64  0.03530 -2.15820e+01 | 65 -0.01591 -4.05000e+03 | 66  0.04009  3.77977e+03
 67  0.03502  6.68476e+03 | 68 -0.05684 -2.55141e+03 | 69  0.05084 -2.05518e+03
 70  0.03638  2.43236e+03 | 71  0.03787  4.12972e+03 | 72  0.03394  3.09401e+03
 73  0.07768  1.14554e+04 | 74  0.10179  7.64776e+03 | 75  0.00122  2.33404e+03
 76  0.07761  1.25098e+04 |
1 0 31244.8
1 0 31242.5
1 0 31239.9
1 0 31237.6
1 0 31238.4
1 0 31236.6
1 0 31235.4
1 0 31235.2
1 0 31234.7
1 0 31233.9
1 0 31232.7
76 variables; iteration 30; function evaluation 40; phase 1
Function value   3.1232657e+04; maximum gradient component mag  -6.3910e+04
Var   Value    Gradient   |Var   Value    Gradient   |Var   Value    Gradient
  1  0.33158  4.15369e+03 |  2  0.32321  1.03430e+03 |  3  0.22157 -1.50257e+01
  4  0.17152  6.73897e+00 |  5  0.15143  6.31213e+01 |  6  0.14069  8.55998e+01
  7  0.13032  7.78702e+01 |  8  0.11996  7.46412e+01 |  9  0.10747  4.48676e+01
 10  0.09806  4.90762e+01 | 11  0.08795  4.67928e+01 | 12  0.07538  2.47706e+00
 13  0.07118  1.01556e+01 | 14  0.07237  3.56196e+01 | 15  0.07162  2.67756e+01
 16  0.31261  1.37589e+04 | 17 -0.03530 -3.63445e+03 | 18 -0.08627 -5.01498e+03
 19 -0.07337 -4.75392e+02 | 20 -0.04222  2.78510e+03 | 21 -0.03860  7.93500e+02
 22 -0.03663 -4.06384e+01 | 23 -0.03767  1.77542e+03 | 24 -0.03671 -2.31499e+03
 25  0.10930 -5.95106e+02 | 26 -0.01387 -3.86886e+03 | 27 -0.01848  6.92216e+02
 28  0.52930  2.28444e+03 | 29  0.02355  1.19534e+04 | 30 -0.02614  3.12672e+02
 31 -0.06086 -3.44459e+03 | 32 -0.03282 -3.55516e+03 | 33 -0.01221  1.95028e+03
 34 -0.00661  4.96485e+03 | 35 -0.01133 -1.23124e+03 | 36 -0.00241  2.81290e+03
 37 -0.00598  1.24582e+03 | 38 -0.02288 -4.09269e+03 | 39  0.18167  1.24157e+02
 40 -0.00432 -2.55101e+03 | 41 -0.01932 -8.11295e+02 | 42 -0.01718 -1.00404e+03
 43 -0.01254  1.20399e+03 | 44 -0.04237 -1.01069e+03 | 45 -0.08678 -2.51092e+02
 46  0.14082 -6.39100e+04 | 47 -0.15763 -5.21854e+03 | 48 -0.05554 -2.95199e+03
 49 -0.04026 -3.48085e+03 | 50 -0.03894 -4.30751e+03 | 51 -0.02207 -1.93828e+03
 52 -0.01632 -1.97929e+03 | 53 -0.01618  1.33766e+03 | 54 -0.10105 -2.68626e+03
 55  0.02778  4.31866e+03 | 56 -0.00073  7.01926e+02 | 57 -0.00304  5.19250e+03
 58  0.02766 -7.38238e+03 | 59  0.05351 -1.05061e+04 | 60 -0.06949 -6.43196e+03
 61  0.00850 -1.25711e+03 | 62  0.03291  4.92298e+03 | 63  0.00714 -2.74961e+03
 64  0.03689  4.33538e+02 | 65 -0.01906 -4.26788e+03 | 66  0.04033  3.05980e+03
 67  0.03580  7.15031e+03 | 68 -0.05964 -2.60101e+03 | 69  0.05119 -1.67685e+03
 70  0.03874  3.56845e+03 | 71  0.03872  4.91874e+03 | 72  0.03098  2.84196e+03
 73  0.07087  1.15831e+04 | 74  0.08758  6.94249e+03 | 75  0.00957  2.54925e+03
 76  0.08409  1.31149e+04 |
1 0 31231
1 0 31229.8
1 0 31229.2
1 0 31228.5
1 0 31227.5
1 0 31226.5
1 0 31224.9
1 0 31223.8
1 0 31222
1 0 31221.6
76 variables; iteration 40; function evaluation 50; phase 1
Function value   3.1221814e+04; maximum gradient component mag  -6.4226e+04
Var   Value    Gradient   |Var   Value    Gradient   |Var   Value    Gradient
  1  0.32885  4.28133e+03 |  2  0.31288  1.06768e+03 |  3  0.21226 -8.56301e+00
  4  0.15750  3.50516e+01 |  5  0.11901 -1.07770e+01 |  6  0.10035  1.87299e+00
  7  0.09360  2.88435e+01 |  8  0.09000  5.31841e+01 |  9  0.08222  3.27464e+01
 10  0.07527  2.75053e+01 | 11  0.06966  2.31145e+01 | 12  0.06590  9.48689e+00
 13  0.06768  4.96457e+01 | 14  0.06338  5.06497e+01 | 15  0.05203 -1.61695e+01
 16  0.31029  1.36607e+04 | 17 -0.03964 -3.90368e+03 | 18 -0.08630 -4.92983e+03
 19 -0.07383 -7.84996e+02 | 20 -0.04172  2.69028e+03 | 21 -0.03899  4.73187e+02
 22 -0.03556  3.17143e+02 | 23 -0.03669  2.46714e+03 | 24 -0.03900 -3.59164e+03
 25  0.10616 -7.03755e+02 | 26 -0.01311 -3.83758e+03 | 27 -0.01729  7.01523e+02
 28  0.53191  2.23951e+03 | 29  0.02155  1.15436e+04 | 30 -0.02664  1.56921e+02
 31 -0.06102 -3.90887e+03 | 32 -0.03274 -3.72344e+03 | 33 -0.01186  2.05984e+03
 34 -0.00652  4.46867e+03 | 35 -0.01011 -9.39882e+02 | 36 -0.00309  2.53032e+03
 37 -0.00504  1.42509e+03 | 38 -0.02194 -4.12887e+03 | 39  0.18478  7.78167e+01
 40 -0.00413 -2.93758e+03 | 41 -0.01794 -4.77643e+02 | 42 -0.01663 -1.18876e+03
 43 -0.01180  1.23781e+03 | 44 -0.04417 -9.94773e+02 | 45 -0.09091 -1.22353e+02
 46  0.14163 -6.42257e+04 | 47 -0.15461 -5.25643e+03 | 48 -0.05715 -3.03455e+03
 49 -0.03949 -3.09945e+03 | 50 -0.03978 -3.98631e+03 | 51 -0.02272 -1.86532e+03
 52 -0.01656 -2.83522e+03 | 53 -0.01808  1.11528e+03 | 54 -0.10446 -2.78224e+03
 55  0.02679  3.97110e+03 | 56  0.00003  1.03034e+03 | 57 -0.00411  5.08411e+03
 58  0.02820 -7.24885e+03 | 59  0.05211 -1.13748e+04 | 60 -0.07088 -6.43562e+03
 61  0.00747 -1.32421e+03 | 62  0.03271  4.86846e+03 | 63  0.00383 -3.01244e+03
 64  0.03738  8.24014e+02 | 65 -0.02063 -4.36882e+03 | 66  0.03946  2.98797e+03
 67  0.03546  7.06525e+03 | 68 -0.05705 -2.44785e+03 | 69  0.05063 -1.52106e+03
 70  0.03808  3.50894e+03 | 71  0.03846  4.97195e+03 | 72  0.03002  2.73155e+03
 73  0.07298  1.18908e+04 | 74  0.09316  7.48659e+03 | 75  0.01622  2.55143e+03
 76  0.08453  1.33639e+04 |
1 0 31220.7
1 0 31219.9
1 0 31219.2
1 0 31219.3
1 0 31218.8
1 0 31218.4
1 0 31217.9
1 0 31217.2
1 0 31216.6
1 0 31215.8
1 0 31215.5
1 0 31215.5
76 variables; iteration 50; function evaluation 62; phase 1
Function value   3.1215603e+04; maximum gradient component mag  -6.3523e+04
Var   Value    Gradient   |Var   Value    Gradient   |Var   Value    Gradient
  1  0.32391  3.57606e+03 |  2  0.30002  7.84113e+02 |  3  0.19972 -4.20110e+01
  4  0.14290 -2.70740e+01 |  5  0.11572  3.74806e+01 |  6  0.09372  1.88875e+01
  7  0.07770  3.57549e+00 |  8  0.06963  2.06548e+01 |  9  0.06342  1.22303e+01
 10  0.06102  2.19293e+01 | 11  0.05948  3.55135e+01 | 12  0.05471  1.76681e+01
 13  0.05154  1.77013e+01 | 14  0.04964  2.15206e+01 | 15  0.04769  1.42673e+01
 16  0.31029  1.36211e+04 | 17 -0.04524 -2.91186e+03 | 18 -0.08676 -5.15846e+03
 19 -0.07391 -9.14677e+02 | 20 -0.04339  2.05280e+03 | 21 -0.03838  1.03592e+03
 22 -0.03547  2.67376e+02 | 23 -0.03657  2.43588e+03 | 24 -0.03819 -3.49714e+03
 25  0.10941 -6.18677e+02 | 26 -0.01337 -3.91931e+03 | 27 -0.01816  5.51668e+02
 28  0.53739  2.27738e+03 | 29  0.02232  1.16818e+04 | 30 -0.02644  2.19287e+02
 31 -0.06123 -3.99210e+03 | 32 -0.03325 -3.77761e+03 | 33 -0.01166  2.24898e+03
 34 -0.00617  4.37293e+03 | 35 -0.00977 -1.04495e+03 | 36 -0.00294  2.66289e+03
 37 -0.00492  1.59403e+03 | 38 -0.02234 -4.32069e+03 | 39  0.18308  1.03543e+02
 40 -0.00388 -2.96857e+03 | 41 -0.01740 -2.86331e+02 | 42 -0.01714 -1.16808e+03
 43 -0.01255  9.98253e+02 | 44 -0.04278 -7.77805e+02 | 45 -0.08908  1.49174e+02
 46  0.14122 -6.35227e+04 | 47 -0.15528 -5.35845e+03 | 48 -0.05533 -2.98443e+03
 49 -0.03996 -2.95201e+03 | 50 -0.03977 -4.06797e+03 | 51 -0.02237 -2.00918e+03
 52 -0.01694 -2.89835e+03 | 53 -0.01715  1.25640e+03 | 54 -0.10160 -2.74939e+03
 55  0.02698  3.65718e+03 | 56  0.00024  9.49735e+02 | 57 -0.00472  4.84961e+03
 58  0.02799 -7.46248e+03 | 59  0.05251 -1.15423e+04 | 60 -0.07114 -6.50242e+03
 61  0.00735 -1.39233e+03 | 62  0.03295  4.74011e+03 | 63  0.00303 -3.13150e+03
 64  0.03841  1.44447e+03 | 65 -0.02041 -4.41189e+03 | 66  0.03969  2.83356e+03
 67  0.03560  7.06855e+03 | 68 -0.05672 -2.51075e+03 | 69  0.05067 -1.61335e+03
 70  0.03911  3.71236e+03 | 71  0.03849  4.76283e+03 | 72  0.02978  2.60323e+03
 73  0.07220  1.20007e+04 | 74  0.09255  7.55878e+03 | 75  0.00961  2.44125e+03
 76  0.08423  1.34427e+04 |
1 0 31214.9
1 0 31214.3
1 0 31213.3
1 0 31212
1 0 31214
1 0 31211.7
1 0 31211
1 0 31209.9
1 0 31207.6
1 0 31204.2
1 0 31202.2
76 variables; iteration 60; function evaluation 73; phase 1
Function value   3.1202296e+04; maximum gradient component mag  -6.2371e+04
Var   Value    Gradient   |Var   Value    Gradient   |Var   Value    Gradient
  1  0.32330  3.78058e+03 |  2  0.30613  1.15562e+03 |  3  0.20296 -3.40916e+01
  4  0.14911 -1.61324e+01 |  5  0.12559  7.25768e+01 |  6  0.10087  3.42170e+01
  7  0.07981  2.58576e+01 |  8  0.06058  2.02994e+01 |  9  0.04194 -9.55759e+00
 10  0.03082  2.28699e+00 | 11  0.02276  1.15898e+01 | 12  0.01445 -1.67681e+01
 13  0.01391 -1.00027e+01 | 14  0.01915  1.47050e+01 | 15  0.02318  2.52957e+01
 16  0.31110  1.35652e+04 | 17 -0.04426 -3.73259e+03 | 18 -0.08600 -4.73390e+03
 19 -0.07264 -5.62425e+02 | 20 -0.04322  1.98488e+03 | 21 -0.03822  1.05280e+03
 22 -0.03518  3.59891e+02 | 23 -0.03881  2.22937e+03 | 24 -0.03916 -3.62336e+03
 25  0.10786 -6.32107e+02 | 26 -0.01339 -3.91789e+03 | 27 -0.01769  5.90141e+02
 28  0.53500  2.27707e+03 | 29  0.02123  1.15340e+04 | 30 -0.02682  1.16115e+02
 31 -0.06111 -3.96622e+03 | 32 -0.03295 -3.71206e+03 | 33 -0.01245  2.18044e+03
 34 -0.00798  4.09623e+03 | 35 -0.01039 -1.13006e+03 | 36 -0.00228  2.75065e+03
 37 -0.00573  1.24766e+03 | 38 -0.02321 -4.29696e+03 | 39  0.18520  1.28466e+02
 40 -0.00329 -2.94205e+03 | 41 -0.01476  1.99065e+02 | 42 -0.01474 -6.78643e+02
 43 -0.01273  1.01083e+03 | 44 -0.04353 -1.03601e+03 | 45 -0.08857  3.08074e+02
 46  0.14116 -6.23707e+04 | 47 -0.15426 -5.39411e+03 | 48 -0.05503 -2.99552e+03
 49 -0.03919 -2.85514e+03 | 50 -0.04142 -4.08214e+03 | 51 -0.01929 -1.42729e+03
 52 -0.01785 -2.94111e+03 | 53 -0.01741  1.31230e+03 | 54 -0.10166 -2.76411e+03
 55  0.02692  3.54752e+03 | 56  0.00066  1.09624e+03 | 57 -0.00373  5.08678e+03
 58  0.02846 -7.48941e+03 | 59  0.05226 -1.15627e+04 | 60 -0.06860 -6.53482e+03
 61  0.00839 -1.28225e+03 | 62  0.03313  4.74077e+03 | 63  0.00283 -3.26620e+03
 64  0.03824  1.42815e+03 | 65 -0.02339 -4.65598e+03 | 66  0.04050  2.98836e+03
 67  0.03528  7.04502e+03 | 68 -0.05997 -2.69017e+03 | 69  0.05039 -1.55685e+03
 70  0.03941  3.92668e+03 | 71  0.04001  5.07531e+03 | 72  0.03110  2.80009e+03
 73  0.07201  1.19761e+04 | 74  0.09155  7.46275e+03 | 75  0.00807  2.42226e+03
 76  0.08431  1.31447e+04 |
1 0 31198.6
1 0 31194.7
1 0 31194.3
1 0 31192.6
1 0 31188.6
1 0 31164.9
1 0 31214.3
1 0 31157.2
1 0 31142.4
1 0 31059.6
1 0 31553
1 0 31044.6
1 0 31018
1 0 30972.6
1 0 30957
76 variables; iteration 70; function evaluation 88; phase 1
Function value   3.0957091e+04; maximum gradient component mag  -6.2749e+04
Var   Value    Gradient   |Var   Value    Gradient   |Var   Value    Gradient
  1  0.32152  4.22317e+03 |  2  0.30053  1.13610e+03 |  3  0.20166  2.63025e+00
  4  0.14113 -5.17425e+01 |  5  0.11902  9.09132e+01 |  6  0.08795 -1.48747e+02
  7  0.11339  2.58815e+02 |  8  0.08086 -3.03729e+02 |  9  0.15295  5.85478e+02
 10  0.10470  3.98782e+01 | 11  0.06670  3.06458e+02 | 12 -0.05432  1.61773e+02
 13 -0.22813 -1.07328e+02 | 14 -0.38005 -1.61581e+02 | 15 -0.47730 -1.85147e+02
 16  0.30119  1.24249e+04 | 17 -0.04362 -4.08613e+03 | 18 -0.08324 -4.31927e+03
 19 -0.06985 -2.24947e+02 | 20 -0.03862  2.46948e+03 | 21 -0.03350  1.65336e+03
 22 -0.03358  6.17967e+02 | 23 -0.03646  2.30985e+03 | 24 -0.03462 -3.05883e+03
 25  0.10688 -4.83580e+02 | 26 -0.01234 -4.14092e+03 | 27 -0.01798  5.44754e+02
 28  0.50713  2.38909e+03 | 29  0.01629  1.02343e+04 | 30 -0.02642  8.68174e+02
 31 -0.05996 -4.44984e+03 | 32 -0.03266 -3.75356e+03 | 33 -0.00729  2.60081e+03
 34 -0.00154  5.10366e+03 | 35 -0.00851  4.57421e+02 | 36 -0.01843  7.39125e+00
 37 -0.00557  1.11633e+03 | 38 -0.02186 -4.32543e+03 | 39  0.18406  2.85597e+02
 40 -0.00101 -2.73610e+03 | 41 -0.01362  3.03408e+02 | 42 -0.01612 -9.67906e+02
 43 -0.01822  2.89869e+01 | 44 -0.04397 -1.39813e+03 | 45 -0.08376  2.91226e+02
 46  0.14011 -6.27490e+04 | 47 -0.14317 -5.40230e+03 | 48 -0.05631 -3.02898e+03
 49 -0.03935 -2.53715e+03 | 50 -0.03690 -3.33660e+03 | 51 -0.01840 -8.47144e+02
 52 -0.01903 -2.63363e+03 | 53 -0.01418  2.29426e+03 | 54 -0.10697 -3.00378e+03
 55  0.02798  3.65963e+03 | 56 -0.00046  7.09494e+02 | 57 -0.00365  4.98564e+03
 58  0.03235 -7.40331e+03 | 59  0.05122 -1.12970e+04 | 60 -0.05547 -6.53141e+03
 61  0.00129 -2.23262e+03 | 62  0.03611  5.86004e+03 | 63  0.00170 -3.26943e+03
 64  0.04068 -3.43413e+02 | 65 -0.02870 -5.22988e+03 | 66  0.03968  3.07075e+03
 67  0.03565  7.27366e+03 | 68 -0.06526 -2.93668e+03 | 69  0.05120 -1.26809e+03
 70  0.04124  4.30553e+03 | 71  0.04050  4.98092e+03 | 72  0.03373  3.18810e+03
 73  0.06997  1.13804e+04 | 74  0.08574  6.69176e+03 | 75 -0.00341  2.40884e+03
 76  0.08212  1.27134e+04 |
1 0 30926.5
1 0 30705.5
1 0 30250.2
1 0 29447
1 0 28548.9
1 0 48726.9
1 0 28701.3
1 0 28404.1
1 0 28496.2
1 0 28353.6
1 0 29048.3
1 0 28351.4
1 0 28347
1 0 28304
1 0 27959.5
1 0 27348.1
1 0 26393.9
76 variables; iteration 80; function evaluation 105; phase 1
Function value   2.6400106e+04; maximum gradient component mag  -7.3078e+04
Var   Value    Gradient   |Var   Value    Gradient   |Var   Value    Gradient
  1  0.25838 -1.63949e+03 |  2  0.22159 -1.47061e+03 |  3  0.14262 -3.78594e+02
  4  0.11478 -4.88487e+01 |  5  0.08239  3.58828e+01 |  6  0.03048 -4.81733e+01
  7 -0.01019 -6.85842e+01 |  8 -0.03190 -4.05855e+01 |  9 -0.04254 -5.27905e+01
 10 -0.03826  1.82405e+01 | 11 -0.04064 -9.53428e+00 | 12 -0.04133 -2.52173e+00
 13 -0.04248 -3.10384e+02 | 14  0.04862  6.15795e+02 | 15 -0.05659 -3.51674e+02
 16  0.16442  4.79527e+03 | 17 -0.03973  9.44426e+02 | 18 -0.03364 -3.72884e+03
 19 -0.03646 -9.02154e+02 | 20 -0.03214 -1.74608e+03 | 21 -0.03018 -1.77310e+03
 22 -0.02998 -1.54463e+03 | 23 -0.02689 -1.51967e+03 | 24 -0.01600 -2.33294e+03
 25  0.09165  2.94589e+03 | 26  0.01927 -2.36790e+02 | 27 -0.01042 -9.55509e+02
 28  0.04995  7.38991e+03 | 29  0.01551 -2.08560e+03 | 30 -0.00512  1.56841e+03
 31 -0.01606 -1.33314e+03 | 32 -0.00606 -1.18415e+03 | 33 -0.00284  8.41729e+02
 34  0.00029  1.88398e+03 | 35  0.00732 -2.27131e+03 | 36  0.00483 -1.80002e+03
 37  0.00529  1.30769e+03 | 38 -0.00118  1.35952e+03 | 39  0.08568  1.68300e+02
 40  0.02513 -1.02993e+03 | 41 -0.00400 -1.40846e+02 | 42 -0.00179 -9.63736e+02
 43 -0.00255 -3.01208e+03 | 44 -0.00462 -3.07461e+02 | 45 -0.02782 -5.27352e+03
 46  0.13631 -7.30781e+04 | 47 -0.06436  1.95066e+03 | 48 -0.03896  4.28173e+03
 49 -0.04001  2.44639e+03 | 50 -0.03245  2.96967e+03 | 51 -0.02808  1.67559e+03
 52 -0.02384  1.91805e+03 | 53 -0.03637  4.23465e+02 | 54 -0.04687  1.98330e+03
 55  0.02570 -2.60234e+03 | 56 -0.01071 -1.00792e+03 | 57 -0.04310 -4.80056e+03
 58  0.04653  4.93009e+03 | 59  0.03358  2.65686e+03 | 60  0.00421 -1.82184e+03
 61  0.01713  7.54717e+02 | 62  0.01212 -2.18569e+03 | 63  0.00631 -4.76175e+03
 64  0.02021 -1.45865e+03 | 65  0.01765  2.38315e+03 | 66  0.02843  1.52750e+03
 67  0.01082 -3.61139e+03 | 68 -0.09933 -3.53096e+03 | 69  0.05296 -2.66783e+03
 70  0.02229 -3.20809e+03 | 71  0.01998 -3.38207e+03 | 72  0.02424 -5.54419e+02
 73  0.03487 -1.62676e+02 | 74  0.04866  2.81041e+03 | 75  0.03843  3.38339e+03
 76  0.01167  8.54455e+03 |
1 0 90316.5
1 0 26326
1 0 26176.1
1 0 28858.6
1 0 25619.4
1 0 26567.8
1 0 25349.7
1 0 24994.8
1 0 24671.6
1 0 24320.7
1 0 23918.4
1 0 23440.7
1 0 23694.9
1 0 23231.5
1 0 23207
1 0 23120.3
76 variables; iteration 90; function evaluation 121; phase 1
Function value   2.3128081e+04; maximum gradient component mag  -2.6168e+04
Var   Value    Gradient   |Var   Value    Gradient   |Var   Value    Gradient
  1  0.24863 -1.83196e+03 |  2  0.22951 -8.91001e+02 |  3  0.15474 -1.08743e+02
  4  0.08300 -1.37859e+02 |  5  0.05505 -3.23610e+01 |  6  0.03953 -3.46001e+01
  7  0.03624 -4.69175e+00 |  8  0.03588 -6.91665e+01 |  9  0.05782  5.56909e+01
 10  0.06521  1.79798e+02 | 11  0.02078 -7.10274e+01 | 12 -0.00132 -1.95505e+02
 13  0.03580  1.25106e+01 | 14  0.07046  1.02159e+01 | 15  0.10493  1.32749e+02
 16  0.14435  4.66480e+03 | 17 -0.02799  7.61232e+02 | 18 -0.02167  1.00165e+03
 19 -0.03037 -3.19247e+03 | 20 -0.02047 -1.61369e+03 | 21 -0.01455 -3.41344e+02
 22 -0.01397 -4.02428e+02 | 23 -0.01282 -7.39639e+02 | 24 -0.00604 -4.66781e+02
 25  0.00329  1.70701e+03 | 26  0.00403 -7.24166e+02 | 27  0.00758  1.49753e+03
 28  0.00351 -6.17862e+02 | 29 -0.00205 -2.55181e+03 | 30 -0.00248  1.52088e+03
 31 -0.00210 -1.58295e+03 | 32  0.00046 -9.04016e+02 | 33 -0.00191 -1.31081e+03
 34  0.00627 -5.17887e+02 | 35  0.00443 -2.34806e+03 | 36  0.00994  4.64607e+02
 37  0.00366 -1.88971e+03 | 38  0.02216  1.00688e+03 | 39  0.02368  1.19002e+03
 40  0.01626 -4.63598e+02 | 41  0.01499 -5.51676e+02 | 42  0.01513 -5.78169e+02
 43  0.00899  1.93105e+02 | 44 -0.00360 -2.74122e+03 | 45 -0.01015 -3.33159e+03
 46  0.14634 -2.61676e+04 | 47 -0.07432 -2.25073e+03 | 48 -0.05408 -1.08872e+03
 49 -0.04953 -4.52772e+01 | 50 -0.04097  7.21349e+02 | 51 -0.03414  2.67681e+02
 52 -0.02678  1.18456e+03 | 53 -0.02811 -4.48481e+02 | 54 -0.01540 -2.37770e+02
 55 -0.00493 -1.09405e+02 | 56  0.00266  8.18384e+02 | 57  0.00488  3.46648e+01
 58  0.02958  7.01769e+03 | 59  0.01453 -1.44965e+03 | 60  0.01504  9.16544e+02
 61  0.01279  7.02936e+02 | 62 -0.00194 -3.04457e+03 | 63  0.01841  1.53108e+03
 64  0.00789 -1.13153e+03 | 65  0.01365  3.27644e+02 | 66  0.00540 -2.48964e+03
 67  0.01372 -1.27241e+03 | 68  0.02756  1.71939e+03 | 69  0.02420 -3.06073e+02
 70  0.02529 -8.68899e+01 | 71  0.02446  1.16201e+02 | 72  0.02319 -1.02013e+03
 73  0.02012 -1.72437e+03 | 74  0.02686  3.60485e+02 | 75  0.01996  1.20130e+03
 76  0.00390  5.00083e+03 |
1 0 23043.8
1 0 22962.2
1 0 22958.5
1 0 22919.1
1 0 22871.2
1 0 22843.3
1 0 22836.9
1 0 22826.5
1 0 22821.1
1 0 22819.3
1 0 22816.7
76 variables; iteration 100; function evaluation 132; phase 1
Function value   2.2816710e+04; maximum gradient component mag  -1.0839e+03
Var   Value    Gradient   |Var   Value    Gradient   |Var   Value    Gradient
  1  0.25659 -2.59859e+02 |  2  0.24278 -7.47560e+01 |  3  0.17156 -8.35403e+00
  4  0.11878  2.37739e+00 |  5  0.08438  4.45510e+00 |  6  0.06060  1.67825e+00
  7  0.04371  8.13471e+00 |  8  0.02957 -1.93074e+00 |  9  0.01989 -5.16023e+00
 10  0.01495  3.07217e+00 | 11  0.01201  3.34993e+00 | 12  0.01085 -3.34086e+00
 13  0.01345 -1.83641e+00 | 14  0.01957  2.80934e+01 | 15  0.02071  1.58145e+01
 16  0.13341 -1.00166e+02 | 17 -0.02043  4.04673e+02 | 18 -0.02252 -8.32649e+01
 19 -0.02877 -7.43557e+01 | 20 -0.01957 -2.46323e+01 | 21 -0.01618  1.85554e+01
 22 -0.01573 -7.86429e+01 | 23 -0.01423  2.18018e+01 | 24 -0.00820 -8.54914e+01
 25 -0.00734  7.32837e+01 | 26 -0.00320 -5.71525e+01 | 27 -0.00371 -2.40854e+02
 28 -0.00188  1.70885e+02 | 29 -0.00265 -1.12007e+02 | 30  0.00066 -4.24139e+01
 31  0.00203 -5.98145e+01 | 32  0.00613  9.78734e+01 | 33  0.00682  4.43443e+01
 34  0.00593  6.03780e+01 | 35  0.01374  5.96426e+01 | 36  0.01118 -7.68189e+01
 37  0.01108  8.29014e+01 | 38  0.01178 -1.72466e+02 | 39  0.01085  3.59658e+01
 40  0.01486 -6.82268e+01 | 41  0.01527 -5.55801e+00 | 42  0.01685  5.26876e+01
 43  0.01434  3.33865e+02 | 44  0.01239  1.18175e+02 | 45  0.01045 -4.18808e+02
 46  0.14621 -1.08389e+03 | 47 -0.07075  4.01740e+01 | 48 -0.05371 -7.42373e+01
 49 -0.04878 -6.28860e+01 | 50 -0.04255  4.75190e+01 | 51 -0.03426  1.04628e+02
 52 -0.02936 -6.13229e+01 | 53 -0.02334  2.19501e+02 | 54 -0.01658  4.23069e+00
 55 -0.00416  1.09023e+02 | 56 -0.00147  1.95592e+02 | 57  0.00552  5.14087e+00
 58  0.01699 -2.01118e+02 | 59  0.01931 -3.96012e+01 | 60  0.01282  1.26507e+02
 61  0.01042  2.88796e+01 | 62  0.01053 -1.55807e+02 | 63  0.01110 -1.75030e+02
 64  0.01444 -1.54663e+01 | 65  0.00957  7.14546e+01 | 66  0.01589  2.08940e+02
 67  0.01808  2.21573e+02 | 68  0.01849  7.43924e+01 | 69  0.02342  2.90433e+01
 70  0.02487  1.04422e+02 | 71  0.02315  5.97588e+01 | 72  0.02034 -3.41687e+02
 73  0.02147 -5.12411e+02 | 74  0.02377 -4.81943e+01 | 75  0.02452  5.62569e+01
 76 -0.01113  4.92111e+02 |
1 0 22814.1
1 0 22812.6
1 0 22810.9
1 0 22809.3
1 0 22808.6
1 0 22808.3
1 0 22808.1
1 0 22808
1 0 22807.9
1 0 22807.8
76 variables; iteration 110; function evaluation 142; phase 1
Function value   2.2807821e+04; maximum gradient component mag  -2.5356e+02
Var   Value    Gradient   |Var   Value    Gradient   |Var   Value    Gradient
  1  0.25209  4.11389e+01 |  2  0.23479  1.85897e+01 |  3  0.16453  6.55687e+00
  4  0.11014 -6.74285e-01 |  5  0.07417 -7.64902e-01 |  6  0.04907  4.05945e-01
  7  0.02999 -1.29861e+00 |  8  0.01530  2.76995e-01 |  9  0.00341 -2.36577e-01
 10 -0.00621 -1.26920e+00 | 11 -0.01366  6.77263e-01 | 12 -0.01980  1.03654e-01
 13 -0.02464 -6.50685e-01 | 14 -0.02811 -2.97369e+00 | 15 -0.02957 -1.30605e+00
 16  0.14035 -2.35223e+01 | 17 -0.02647 -8.61232e+01 | 18 -0.02292  4.19834e+01
 19 -0.02899  7.49793e+00 | 20 -0.01973  8.06239e+00 | 21 -0.01657  9.43859e-01
 22 -0.01589 -1.93970e+01 | 23 -0.01454 -3.41264e+01 | 24 -0.00855  7.72247e+00
 25 -0.00763  1.38472e+01 | 26 -0.00318 -7.91209e+00 | 27 -0.00325  6.47325e+00
 28 -0.00200 -1.42826e+01 | 29 -0.00224 -9.74945e-01 | 30  0.00043  1.74067e+01
 31  0.00151  1.71275e+01 | 32  0.00535 -3.02939e+01 | 33  0.00639 -1.21109e+01
 34  0.00524  1.06280e+01 | 35  0.01286  1.77112e+01 | 36  0.01059  1.76823e+01
 37  0.01025 -7.59631e+00 | 38  0.01193  4.94005e+00 | 39  0.01072 -1.82416e+01
 40  0.01488  1.77986e+01 | 41  0.01485  2.92853e+00 | 42  0.01627  9.33128e+00
 43  0.01367 -7.55170e+00 | 44  0.01393 -3.99744e+01 | 45  0.02308  6.59938e+01
 46  0.14256 -2.53561e+02 | 47 -0.07177 -4.61659e+01 | 48 -0.05411 -3.36031e+01
 49 -0.04880 -1.49596e+01 | 50 -0.04291 -3.64522e+01 | 51 -0.03444  2.14173e+01
 52 -0.02899  4.34793e+00 | 53 -0.02364 -2.04559e+01 | 54 -0.01622  5.45689e+00
 55 -0.00403 -1.85370e+00 | 56 -0.00117 -8.53092e+00 | 57  0.00587  1.10087e+01
 58  0.01803  2.83822e+01 | 59  0.01993 -5.86464e+01 | 60  0.01330 -3.15878e+00
 61  0.01090 -7.62691e+00 | 62  0.01150 -1.08636e+01 | 63  0.01222 -6.26800e+00
 64  0.01513 -1.33883e+01 | 65  0.01042 -1.55471e+01 | 66  0.01618 -9.31881e-01
 67  0.01876  5.21245e+00 | 68  0.01943  1.59435e+01 | 69  0.02460  1.75060e+01
 70  0.02583  1.18921e+01 | 71  0.02402  8.21733e+00 | 72  0.02135  3.38533e+01
 73  0.02131  6.84690e+01 | 74  0.01850  2.83990e+01 | 75  0.01852  1.18488e+01
 76 -0.04119  6.09007e+01 |
1 0 22807.7
1 0 22807.6
1 0 22807.6
1 0 22807.5
1 0 22807.5
1 0 22807.5
1 0 22807.5
1 0 22807.5
1 0 22807.4
1 0 22807.4
76 variables; iteration 120; function evaluation 152; phase 1
Function value   2.2807444e+04; maximum gradient component mag   2.4695e+01
Var   Value    Gradient   |Var   Value    Gradient   |Var   Value    Gradient
  1  0.25119 -7.60454e+00 |  2  0.23632 -5.98824e+00 |  3  0.16655 -4.21467e-01
  4  0.11286  2.49808e-01 |  5  0.07700 -3.21898e-01 |  6  0.05182 -5.61731e-01
  7  0.03296 -2.61278e-01 |  8  0.01821 -4.21443e-01 |  9  0.00650 -5.07815e-01
 10 -0.00281 -1.46500e-02 | 11 -0.01028 -4.07468e-02 | 12 -0.01619  1.36540e-01
 13 -0.02076 -8.81266e-02 | 14 -0.02406 -3.06024e+00 | 15 -0.02529 -3.19864e-01
 16  0.14154 -3.97387e-01 | 17 -0.02407  2.46946e+01 | 18 -0.02260 -1.13074e+01
 19 -0.02879 -2.94577e+00 | 20 -0.01964  1.33592e+00 | 21 -0.01648  3.33989e+00
 22 -0.01576 -1.93148e+00 | 23 -0.01437 -1.80390e+00 | 24 -0.00847  1.59433e+00
 25 -0.00766 -5.21711e+00 | 26 -0.00313 -2.92002e+00 | 27 -0.00318 -2.75972e-01
 28 -0.00193 -4.68948e+00 | 29 -0.00213  7.77201e+00 | 30  0.00053  5.77154e+00
 31  0.00145 -1.57754e+01 | 32  0.00545  3.37435e+00 | 33  0.00648 -8.98638e+00
 34  0.00522  1.63106e+00 | 35  0.01279 -3.81615e+00 | 36  0.01054  2.34395e+00
 37  0.01026 -3.49638e+00 | 38  0.01196 -3.08686e+00 | 39  0.01078  1.27118e+00
 40  0.01488  5.59204e+00 | 41  0.01484  7.71828e-02 | 42  0.01624 -2.75733e+00
 43  0.01360  2.14981e+00 | 44  0.01351 -3.17648e+00 | 45  0.01965  3.59560e-01
 46  0.14205 -1.24242e+01 | 47 -0.07193  4.05234e+00 | 48 -0.05441  1.71922e+00
 49 -0.04912  9.40621e-01 | 50 -0.04316 -2.78706e+00 | 51 -0.03480 -2.11725e+00
 52 -0.02920  5.64827e-01 | 53 -0.02377 -9.44769e-01 | 54 -0.01646 -2.42248e-01
 55 -0.00423 -4.16824e+00 | 56 -0.00131  1.88987e+00 | 57  0.00569  4.78371e+00
 58  0.01781  2.54053e+00 | 59  0.01993 -4.16827e+00 | 60  0.01312  2.83529e+00
 61  0.01082 -8.12997e+00 | 62  0.01145 -4.37217e+00 | 63  0.01217  2.66550e+00
 64  0.01506 -2.60844e+00 | 65  0.01035 -2.81398e+00 | 66  0.01610 -4.20794e-01
 67  0.01869  7.22957e+00 | 68  0.01938 -2.26633e+00 | 69  0.02456  8.07277e+00
 70  0.02578 -1.94085e+00 | 71  0.02398  8.12805e-01 | 72  0.02130  1.17392e+00
 73  0.02155 -2.79901e+00 | 74  0.02017  1.29941e-01 | 75  0.02017  5.80327e-01
 76 -0.04958  5.00857e+00 |
1 0 22807.4
1 0 22807.4
1 0 22807.4
1 0 22807.4
1 0 22807.4
1 0 22807.4
1 0 22807.4
1 0 22807.4
1 0 22807.4
1 0 22807.4
76 variables; iteration 130; function evaluation 162; phase 1
Function value   2.2807433e+04; maximum gradient component mag  -4.0021e+00
Var   Value    Gradient   |Var   Value    Gradient   |Var   Value    Gradient
  1  0.25102  1.65383e+00 |  2  0.23588  9.24206e-01 |  3  0.16599  8.79986e-02
  4  0.11240  1.95065e-02 |  5  0.07686  2.40120e-02 |  6  0.05205  5.07051e-02
  7  0.03350  1.52709e-02 |  8  0.01911 -4.94042e-03 |  9  0.00774 -5.17353e-03
 10 -0.00128 -3.28430e-02 | 11 -0.00835  3.27247e-02 | 12 -0.01377 -3.89419e-03
 13 -0.01772  8.90862e-02 | 14 -0.02034 -3.94891e-01 | 15 -0.02156  1.22153e-01
 16  0.14153 -1.32638e+00 | 17 -0.02441 -2.87421e+00 | 18 -0.02262  1.60832e+00
 19 -0.02877  1.25231e+00 | 20 -0.01962  6.36463e-01 | 21 -0.01646 -3.63902e-02
 22 -0.01573  8.75157e-01 | 23 -0.01435  1.10226e+00 | 24 -0.00845 -1.72006e+00
 25 -0.00762 -9.03684e-01 | 26 -0.00309  1.67291e-01 | 27 -0.00316  6.03949e-01
 28 -0.00191  6.60942e-02 | 29 -0.00213  1.21153e+00 | 30  0.00055  3.06433e+00
 31  0.00150 -2.58922e+00 | 32  0.00549 -7.24779e-01 | 33  0.00653  1.11148e+00
 34  0.00524  1.08976e+00 | 35  0.01282 -1.11253e+00 | 36  0.01055  5.85108e-01
 37  0.01027 -1.65286e+00 | 38  0.01198 -9.07105e-01 | 39  0.01078 -1.45856e-02
 40  0.01486  2.33329e-01 | 41  0.01486  6.66201e-01 | 42  0.01626 -2.16810e-01
 43  0.01361  9.58649e-01 | 44  0.01352  4.79784e-01 | 45  0.01948 -1.58987e+00
 46  0.14203 -4.00208e+00 | 47 -0.07198  1.66754e+00 | 48 -0.05443  7.59312e-01
 49 -0.04914  4.24640e-01 | 50 -0.04317  1.15290e+00 | 51 -0.03481  6.90828e-01
 52 -0.02922  2.20329e-01 | 53 -0.02378  2.84994e+00 | 54 -0.01647  1.56357e-01
 55 -0.00422  1.22905e+00 | 56 -0.00132 -2.11315e-01 | 57  0.00568 -4.19716e-01
 58  0.01780 -4.66726e-02 | 59  0.01992 -3.39179e+00 | 60  0.01312 -1.81811e-01
 61  0.01083  9.41172e-01 | 62  0.01147  3.31040e-01 | 63  0.01215  2.09527e-01
 64  0.01507 -9.08355e-01 | 65  0.01035 -5.49780e-01 | 66  0.01610 -2.30962e+00
 67  0.01868  2.02733e+00 | 68  0.01939  1.94847e-02 | 69  0.02452 -1.08595e+00
 70  0.02578 -5.08418e-01 | 71  0.02398 -6.58533e-01 | 72  0.02129 -9.48725e-01
 73  0.02158 -1.44831e+00 | 74  0.02027 -1.56869e-01 | 75  0.02027  2.03522e-01
 76 -0.04999 -2.40085e-01 |
1 0 22807.4
1 0 22807.4
1 0 22807.4
1 0 22807.4
1 0 22807.4
1 0 22807.4
1 0 22807.4
1 0 22807.4
1 0 22807.4
1 0 22807.4

 - final statistics:
76 variables; iteration 140; function evaluation 172
Function value   2.2807e+04; maximum gradient component mag   5.6881e-02
Exit code = 1;  converg criter   1.0000e-01
Var   Value    Gradient   |Var   Value    Gradient   |Var   Value    Gradient
  1  0.25102 -3.53650e-03 |  2  0.23591 -3.32780e-03 |  3  0.16603 -7.21559e-04
  4  0.11244 -3.03483e-04 |  5  0.07690  2.63890e-05 |  6  0.05209  2.04301e-04
  7  0.03356  6.19260e-05 |  8  0.01919  2.30639e-04 |  9  0.00784  3.73430e-04
 10 -0.00115  3.07254e-04 | 11 -0.00820 -3.27032e-05 | 12 -0.01359  6.48821e-05
 13 -0.01751 -1.14917e-04 | 14 -0.02006  6.49294e-05 | 15 -0.02132 -3.86091e-04
 16  0.14156  8.09400e-03 | 17 -0.02438  5.84443e-03 | 18 -0.02262 -1.05538e-02
 19 -0.02878 -4.12683e-03 | 20 -0.01963 -9.08288e-04 | 21 -0.01647 -1.03870e-03
 22 -0.01574 -1.46839e-03 | 23 -0.01435 -1.21405e-03 | 24 -0.00845 -2.42153e-03
 25 -0.00762 -2.54071e-03 | 26 -0.00309  7.57497e-03 | 27 -0.00317 -1.10553e-03
 28 -0.00191  1.14263e-03 | 29 -0.00214  1.13665e-02 | 30  0.00054  1.17081e-03
 31  0.00150  2.11697e-02 | 32  0.00549 -1.01118e-02 | 33  0.00652  6.69421e-03
 34  0.00523  7.06807e-03 | 35  0.01282 -1.28501e-02 | 36  0.01055  3.26221e-03
 37  0.01028 -2.27449e-03 | 38  0.01198 -2.64846e-03 | 39  0.01078 -2.53703e-03
 40  0.01486  2.58750e-03 | 41  0.01485 -1.63420e-03 | 42  0.01625  1.63471e-03
 43  0.01361  3.00458e-03 | 44  0.01353 -9.11595e-03 | 45  0.01957  5.51275e-04
 46  0.14202  5.68815e-02 | 47 -0.07198 -9.17683e-03 | 48 -0.05443 -3.41365e-03
 49 -0.04914 -2.67715e-03 | 50 -0.04317 -3.83141e-03 | 51 -0.03480 -2.93454e-03
 52 -0.02921 -4.02213e-03 | 53 -0.02378 -1.93573e-03 | 54 -0.01647  3.83597e-04
 55 -0.00422  2.59869e-02 | 56 -0.00132 -4.96270e-03 | 57  0.00569  1.25116e-03
 58  0.01780  2.33942e-02 | 59  0.01992 -1.50319e-02 | 60  0.01312 -3.09712e-03
 61  0.01083  1.69300e-03 | 62  0.01147  1.80118e-02 | 63  0.01215 -9.17359e-03
 64  0.01507 -2.49079e-03 | 65  0.01036 -4.06903e-03 | 66  0.01611  9.91626e-04
 67  0.01868 -3.23883e-04 | 68  0.01939 -1.52060e-03 | 69  0.02453  9.44355e-03
 70  0.02578  1.05572e-03 | 71  0.02398  1.97084e-03 | 72  0.02130 -4.44551e-04
 73  0.02158 -1.08393e-02 | 74  0.02023 -8.52712e-04 | 75  0.02023 -2.81151e-03
 76 -0.05001 -2.63448e-03 |
1 0 22807.4
B0148184
0.3 0.408441
0.350092 0.373298
0.373396 0.359201
0.383212 0.353628
0.387185 0.351431
0.388768 0.350564
0.389394 0.350222
0.389642 0.350088
0.389739 0.350035
0.389778 0.350014
0.389793 0.350005
0.389799 0.350002
0.389802 0.350001
0.389802 0.35
0.389803 0.35
0.389803 0.35
0.389803 0.35
0.389803 0.35
0.389803 0.35
0.389803 0.35
0.389803 0.35
FutMOrt0.12637
FutMOrt0.12637
FutMOrt0.12637
FutMOrt0.12637
FutMOrt0.12637
FutMOrt0.12637
FutMOrt0.12637
FutMOrt0.12637
FutMOrt0.12637
FutMOrt0.12637
2 0 22807.4

Initial statistics: 80 variables; iteration 0; function evaluation 0; phase 2
Function value   2.2807433e+04; maximum gradient component mag   9.8487e+03
Var   Value    Gradient   |Var   Value    Gradient   |Var   Value    Gradient
  1 -0.80483 -4.81976e+02 |  2 -0.45131 -1.82917e+02 |  3  0.25102 -3.53650e-03
  4  0.23591 -3.32780e-03 |  5  0.16603 -7.21559e-04 |  6  0.11244 -3.03483e-04
  7  0.07690  2.63890e-05 |  8  0.05209  2.04301e-04 |  9  0.03356  6.19260e-05
 10  0.01919  2.30639e-04 | 11  0.00784  3.73430e-04 | 12 -0.00115  3.07254e-04
 13 -0.00820 -3.27032e-05 | 14 -0.01359  6.48821e-05 | 15 -0.01751 -1.14917e-04
 16 -0.02006  6.49294e-05 | 17 -0.02132 -3.86091e-04 | 18  0.14156  8.09400e-03
 19 -0.02438  5.62011e-03 | 20 -0.02262 -1.07782e-02 | 21 -0.02878 -4.35108e-03
 22 -0.01963 -1.13266e-03 | 23 -0.01647 -1.26310e-03 | 24 -0.01574 -1.69280e-03
 25 -0.01435 -1.43847e-03 | 26 -0.00845 -2.64599e-03 | 27 -0.00762 -2.76517e-03
 28 -0.00309  7.35050e-03 | 29 -0.00317 -1.33001e-03 | 30 -0.00191  9.18147e-04
 31 -0.00214  1.11420e-02 | 32  0.00054  9.46328e-04 | 33  0.00150  2.09452e-02
 34  0.00549 -1.03363e-02 | 35  0.00652  6.46974e-03 | 36  0.00523  6.84360e-03
 37  0.01282 -1.30746e-02 | 38  0.01055  3.03776e-03 | 39  0.01028 -2.49894e-03
 40  0.01198 -2.87290e-03 | 41  0.01078 -2.76147e-03 | 42  0.01486  2.36308e-03
 43  0.01485 -1.85862e-03 | 44  0.01625  1.41031e-03 | 45  0.01361  2.78015e-03
 46  0.01353 -9.34038e-03 | 47  0.01957  3.26902e-04 | 48  0.14202  5.68815e-02
 49 -0.07198 -9.19319e-03 | 50 -0.05443 -3.43006e-03 | 51 -0.04914 -2.69356e-03
 52 -0.04317 -3.84783e-03 | 53 -0.03480 -2.95098e-03 | 54 -0.02921 -4.03858e-03
 55 -0.02378 -1.95219e-03 | 56 -0.01647  3.67136e-04 | 57 -0.00422  2.59705e-02
 58 -0.00132 -4.97917e-03 | 59  0.00569  1.23469e-03 | 60  0.01780  2.33777e-02
 61  0.01992 -1.50484e-02 | 62  0.01312 -3.11358e-03 | 63  0.01083  1.67654e-03
 64  0.01147  1.79954e-02 | 65  0.01215 -9.19005e-03 | 66  0.01507 -2.50725e-03
 67  0.01036 -4.08550e-03 | 68  0.01611  9.75164e-04 | 69  0.01868 -3.40342e-04
 70  0.01939 -1.53706e-03 | 71  0.02453  9.42709e-03 | 72  0.02578  1.03927e-03
 73  0.02398  1.95439e-03 | 74  0.02130 -4.61008e-04 | 75  0.02158 -1.08558e-02
 76  0.02023 -8.69170e-04 | 77  0.02023 -2.82797e-03 | 78 -0.05001 -2.63448e-03
 79 -0.54253  9.84872e+03 | 80 -0.44151 -3.18270e+03 |
2 0 22807.4
2 0 22807.2
2 0 22805.3
2 0 22790.7
2 0 22811.8
2 0 22785.5
2 0 22776.1
2 0 22759.2
2 0 22742.8
2 0 22713.8
2 0 22686.6
2 0 22656.2
2 0 22782
2 0 22651.1
2 0 22646.2

Intermediate statistics: 80 variables; iteration 10; function evaluation 15; phase 2
Function value   2.2646152e+04; maximum gradient component mag  -7.2196e+03
Var   Value    Gradient   |Var   Value    Gradient   |Var   Value    Gradient
  1 -0.75208 -6.89557e+02 |  2 -0.44112  5.74913e+01 |  3  0.24694  2.03526e+01
  4  0.24206  1.32262e+02 |  5  0.16436  2.13545e+01 |  6  0.11111  2.13514e+01
  7  0.07620  1.25476e+01 |  8  0.05168  7.20304e+00 |  9  0.03329  4.65345e+00
 10  0.01899  3.32147e+00 | 11  0.00768  2.54885e+00 | 12 -0.00128  2.06778e+00
 13 -0.00831  1.75526e+00 | 14 -0.01369  1.54876e+00 | 15 -0.01760  1.41309e+00
 16 -0.02014  1.32776e+00 | 17 -0.02140  1.29096e+00 | 18  0.11806  3.68071e+03
 19 -0.02411 -6.66939e+02 | 20 -0.02510 -1.07868e+03 | 21 -0.03052 -5.52466e+02
 22 -0.02162 -4.68045e+02 | 23 -0.01824 -2.49576e+02 | 24 -0.01812 -6.07992e+02
 25 -0.01662 -5.08386e+02 | 26 -0.00960 -1.36531e+02 | 27 -0.00820 -4.27670e+02
 28 -0.00117  1.07838e+03 | 29 -0.00281 -1.60866e+02 | 30 -0.00127 -4.94022e+02
 31 -0.00119  4.03353e+02 | 32 -0.00051  5.38602e+02 | 33 -0.00128 -2.82841e+02
 34  0.00366  2.25158e+02 | 35  0.00632  4.14623e+02 | 36  0.00465 -2.99970e+02
 37  0.01179 -8.58667e+02 | 38  0.01262  1.08160e+03 | 39  0.01279  6.51687e+02
 40  0.01530  1.11569e+03 | 41  0.01335  7.31452e+01 | 42  0.01780  7.43625e+02
 43  0.01630  1.12171e+02 | 44  0.01608 -8.78105e+02 | 45  0.01587  9.89062e+02
 46  0.01622  1.18349e+03 | 47  0.01760 -9.35608e+02 | 48  0.14025 -7.21964e+03
 49 -0.07347  6.59374e+02 | 50 -0.05434  1.41944e+03 | 51 -0.04829  1.43082e+03
 52 -0.04323  7.94820e+02 | 53 -0.03505  8.45150e+02 | 54 -0.02971  6.49193e+02
 55 -0.02449  3.91396e+02 | 56 -0.01692  5.10203e+02 | 57 -0.00545 -8.53360e+02
 58 -0.00248 -6.24297e+02 | 59  0.00595  2.58586e+02 | 60  0.01813 -4.51431e+01
 61  0.01931 -1.03518e+03 | 62  0.01237 -7.08186e+02 | 63  0.00914 -9.84693e+02
 64  0.01038 -1.05474e+03 | 65  0.01220 -2.01517e+02 | 66  0.01698  1.28971e+03
 67  0.01045 -2.31999e+02 | 68  0.01584 -8.68572e+02 | 69  0.01786 -1.49650e+03
 70  0.01973 -7.15327e+02 | 71  0.02511 -6.62453e+02 | 72  0.02698 -1.24108e+02
 73  0.02681  1.60064e+03 | 74  0.02238  2.44693e+02 | 75  0.02194 -1.08776e+03
 76  0.02264  2.86556e+02 | 77  0.01898  3.19135e+02 | 78 -0.07822  8.20300e+02
 79 -0.59823 -5.13635e+03 | 80 -0.54056  2.01657e+03 |
2 0 22641.5
2 0 22632.9
2 0 22617.5
2 0 22590.5
2 0 22765.3
2 0 22585.1
2 0 22605.9
2 0 22584.2
2 0 22584.4
2 0 22583.8
2 0 22583.6
2 0 22583.3
2 0 22583.3
2 0 22583.2
80 variables; iteration 20; function evaluation 29; phase 2
Function value   2.2583244e+04; maximum gradient component mag  -1.7677e+04
Var   Value    Gradient   |Var   Value    Gradient   |Var   Value    Gradient
  1 -0.63120  1.56574e+02 |  2 -0.45408  3.54067e+02 |  3  0.22477 -1.14526e+03
  4  0.25464  1.11103e+03 |  5  0.16310  7.10710e+01 |  6  0.10684  1.72950e+01
  7  0.07352  1.96631e+01 |  8  0.05012  1.28439e+01 |  9  0.03228  8.12915e+00
 10  0.01827  5.62213e+00 | 11  0.00713  4.21640e+00 | 12 -0.00172  3.36502e+00
 13 -0.00869  2.82214e+00 | 14 -0.01402  2.46748e+00 | 15 -0.01790  2.23692e+00
 16 -0.02043  2.09858e+00 | 17 -0.02168  2.03550e+00 | 18  0.11545  3.91910e+03
 19 -0.02601 -1.75228e+03 | 20 -0.02318 -5.87230e+02 | 21 -0.02863 -5.24678e+02
 22 -0.02182 -5.95660e+02 | 23 -0.01706 -1.59981e+02 | 24 -0.01655 -5.49285e+02
 25 -0.01512 -4.08167e+02 | 26 -0.00866 -3.84191e+00 | 27 -0.00836 -6.60634e+02
 28 -0.00149  1.02432e+03 | 29 -0.00271 -1.25492e+02 | 30 -0.00195 -6.54070e+02
 31 -0.00188  4.51073e+02 | 32  0.00140  2.14582e+03 | 33 -0.00005 -4.72909e+02
 34  0.00387 -2.91836e+02 | 35  0.00591  2.27498e+02 | 36  0.00472 -2.41440e+02
 37  0.01195 -6.96613e+02 | 38  0.01199  8.01964e+02 | 39  0.01171  3.55454e+02
 40  0.01470  7.70427e+02 | 41  0.01371  2.15989e+02 | 42  0.01721  7.84466e+02
 43  0.01638  4.60405e+02 | 44  0.01629 -4.90068e+02 | 45  0.01480  8.28216e+02
 46  0.01520  1.18599e+03 | 47  0.01361 -1.03829e+03 | 48  0.14011 -1.76772e+04
 49 -0.07380  8.32007e+02 | 50 -0.05239  2.59886e+03 | 51 -0.05073  8.42180e+02
 52 -0.04389  7.29392e+02 | 53 -0.03515  9.74418e+02 | 54 -0.02942  8.61575e+02
 55 -0.02426  4.18500e+02 | 56 -0.01704  6.12918e+02 | 57 -0.00607 -9.11430e+02
 58 -0.00258 -6.27038e+02 | 59  0.00573  1.37792e+02 | 60  0.01656 -6.88944e+02
 61  0.01646 -3.20792e+03 | 62  0.01257 -1.31367e+03 | 63  0.01048 -4.26684e+02
 64  0.01059 -5.25550e+02 | 65  0.01216 -5.41159e+01 | 66  0.01704  1.20731e+03
 67  0.01094  6.59679e+01 | 68  0.01620 -2.92563e+02 | 69  0.01819 -6.49158e+02
 70  0.02108 -2.88171e+01 | 71  0.02494 -5.48821e+02 | 72  0.02652 -5.17096e+02
 73  0.02639  9.35579e+02 | 74  0.02208 -8.28479e+01 | 75  0.02086 -1.49135e+03
 76  0.02617  4.47893e+02 | 77  0.02025  8.01514e+02 | 78 -0.08616  9.17419e+02
 79 -0.60698 -7.75530e+03 | 80 -0.55684  2.91224e+03 |
2 0 22583.7
2 0 22583.2
2 0 22583.2
2 0 22583.2
2 0 22583.2
2 0 22583.2
2 0 22583.1
2 0 22583.1
2 0 22583.1
2 0 22583.1
2 0 22583.1
2 0 22583
2 0 22583
80 variables; iteration 30; function evaluation 42; phase 2
Function value   2.2583011e+04; maximum gradient component mag  -1.7817e+04
Var   Value    Gradient   |Var   Value    Gradient   |Var   Value    Gradient
  1 -0.63118  1.93374e+02 |  2 -0.45666  3.44502e+02 |  3  0.22316 -1.19755e+03
  4  0.25067  1.02964e+03 |  5  0.16013  6.95688e+01 |  6  0.10184  1.97627e-01
  7  0.06897  1.14486e+01 |  8  0.04701  1.15940e+01 |  9  0.03022  8.16547e+00
 10  0.01683  5.48604e+00 | 11  0.00605  3.88885e+00 | 12 -0.00260  2.95680e+00
 13 -0.00942  2.38844e+00 | 14 -0.01467  2.02837e+00 | 15 -0.01848  1.79800e+00
 16 -0.02098  1.66031e+00 | 17 -0.02221  1.59772e+00 | 18  0.11503  3.94830e+03
 19 -0.02875 -1.61846e+03 | 20 -0.02317 -6.29606e+02 | 21 -0.02848 -5.21703e+02
 22 -0.02165 -5.79319e+02 | 23 -0.01703 -1.82702e+02 | 24 -0.01644 -5.71642e+02
 25 -0.01498 -3.69462e+02 | 26 -0.00864 -5.06063e+01 | 27 -0.00828 -6.92028e+02
 28 -0.00128  1.09165e+03 | 29 -0.00258 -1.42502e+02 | 30 -0.00175 -6.33554e+02
 31 -0.00173  4.44220e+02 | 32  0.00156  2.18471e+03 | 33 -0.00016 -5.37272e+02
 34  0.00397 -2.42367e+02 | 35  0.00613  2.84121e+02 | 36  0.00483 -2.81828e+02
 37  0.01205 -6.82731e+02 | 38  0.01198  7.40153e+02 | 39  0.01172  3.46842e+02
 40  0.01464  7.75354e+02 | 41  0.01355  1.51909e+02 | 42  0.01713  7.51637e+02
 43  0.01639  4.49071e+02 | 44  0.01630 -5.09258e+02 | 45  0.01492  8.18375e+02
 46  0.01546  1.22553e+03 | 47  0.01427 -1.03701e+03 | 48  0.14030 -1.78170e+04
 49 -0.07403  8.12070e+02 | 50 -0.05255  2.59382e+03 | 51 -0.05073  8.79152e+02
 52 -0.04419  6.81951e+02 | 53 -0.03519  1.02578e+03 | 54 -0.02958  8.44552e+02
 55 -0.02444  4.24035e+02 | 56 -0.01711  6.75110e+02 | 57 -0.00626 -9.44125e+02
 58 -0.00274 -6.39479e+02 | 59  0.00559  1.23777e+02 | 60  0.01643 -6.84319e+02
 61  0.01643 -3.21397e+03 | 62  0.01230 -1.33397e+03 | 63  0.01019 -5.02915e+02
 64  0.01035 -6.24365e+02 | 65  0.01207 -5.25367e+01 | 66  0.01689  1.19195e+03
 67  0.01084  1.11502e+02 | 68  0.01612 -2.46019e+02 | 69  0.01798 -6.82005e+02
 70  0.02087 -3.92630e+01 | 71  0.02474 -5.40830e+02 | 72  0.02636 -5.12162e+02
 73  0.02619  9.27396e+02 | 74  0.02195 -6.37559e+01 | 75  0.02069 -1.50207e+03
 76  0.02571  3.98942e+02 | 77  0.02478  8.31942e+02 | 78 -0.08615  9.29269e+02
 79 -0.60724 -7.78242e+03 | 80 -0.55735  2.91009e+03 |
2 0 22583
2 0 22583
2 0 22583
2 0 22583
2 0 22583
2 0 22583
2 0 22582.9
2 0 22583
2 0 22582.9
2 0 22582.9
2 0 22582.9
2 0 22582.9
2 0 22582.9
80 variables; iteration 40; function evaluation 55; phase 2
Function value   2.2582910e+04; maximum gradient component mag  -1.7693e+04
Var   Value    Gradient   |Var   Value    Gradient   |Var   Value    Gradient
  1 -0.63108  1.91817e+02 |  2 -0.45626  3.47495e+02 |  3  0.22282 -1.21478e+03
  4  0.24937  9.92009e+02 |  5  0.15843  5.86892e+01 |  6  0.09956 -5.88342e+00
  7  0.06631  7.23032e+00 |  8  0.04418  6.93751e+00 |  9  0.02789  6.08216e+00
 10  0.01514  5.01401e+00 | 11  0.00482  3.70915e+00 | 12 -0.00353  2.71768e+00
 13 -0.01019  2.09037e+00 | 14 -0.01532  1.70566e+00 | 15 -0.01906  1.46791e+00
 16 -0.02151  1.32929e+00 | 17 -0.02273  1.26999e+00 | 18  0.11482  3.94707e+03
 19 -0.02983 -1.54106e+03 | 20 -0.02325 -6.72002e+02 | 21 -0.02851 -5.46685e+02
 22 -0.02157 -5.71615e+02 | 23 -0.01687 -1.62027e+02 | 24 -0.01630 -5.41922e+02
 25 -0.01498 -3.79146e+02 | 26 -0.00879 -9.51899e+01 | 27 -0.00807 -6.47824e+02
 28 -0.00120  1.07035e+03 | 29 -0.00240 -8.79965e+01 | 30 -0.00151 -5.97534e+02
 31 -0.00174  4.41050e+02 | 32  0.00153  2.15929e+03 | 33 -0.00005 -5.27905e+02
 34  0.00400 -2.40937e+02 | 35  0.00607  2.51432e+02 | 36  0.00484 -2.74941e+02
 37  0.01209 -6.88966e+02 | 38  0.01203  7.55976e+02 | 39  0.01171  3.35657e+02
 40  0.01461  7.72818e+02 | 41  0.01347  1.18113e+02 | 42  0.01716  7.56944e+02
 43  0.01639  4.10192e+02 | 44  0.01635 -5.01695e+02 | 45  0.01501  8.72280e+02
 46  0.01549  1.22151e+03 | 47  0.01438 -1.03642e+03 | 48  0.14028 -1.76928e+04
 49 -0.07401  7.92404e+02 | 50 -0.05256  2.58265e+03 | 51 -0.05072  8.78454e+02
 52 -0.04406  7.12465e+02 | 53 -0.03506  1.04764e+03 | 54 -0.02940  8.87201e+02
 55 -0.02470  3.55359e+02 | 56 -0.01697  7.04280e+02 | 57 -0.00614 -8.98476e+02
 58 -0.00281 -6.81084e+02 | 59  0.00580  1.44086e+02 | 60  0.01645 -7.14348e+02
 61  0.01636 -3.23440e+03 | 62  0.01243 -1.31190e+03 | 63  0.01026 -4.98961e+02
 64  0.01037 -6.10225e+02 | 65  0.01207 -5.98752e+01 | 66  0.01695  1.20481e+03
 67  0.01087  9.96904e+01 | 68  0.01615 -2.51150e+02 | 69  0.01800 -6.95769e+02
 70  0.02087 -3.38199e+01 | 71  0.02475 -5.39364e+02 | 72  0.02647 -4.59760e+02
 73  0.02626  9.59974e+02 | 74  0.02195 -1.12595e+02 | 75  0.02061 -1.56289e+03
 76  0.02579  4.03036e+02 | 77  0.02364  8.18463e+02 | 78 -0.08578  9.27063e+02
 79 -0.60725 -7.72738e+03 | 80 -0.55738  2.88638e+03 |
2 0 22582.9
2 0 22582.9
2 0 22582.9
2 0 22582.8
2 0 22582.7
2 0 22582.7
2 0 22582.9
2 0 22582.7
2 0 22582.7
2 0 22582.7
2 0 22582.6
2 0 22582.6
2 0 22582.5
2 0 22582.4
80 variables; iteration 50; function evaluation 69; phase 2
Function value   2.2582396e+04; maximum gradient component mag  -1.7914e+04
Var   Value    Gradient   |Var   Value    Gradient   |Var   Value    Gradient
  1 -0.63137  1.94936e+02 |  2 -0.45754  3.43358e+02 |  3  0.22345 -1.19204e+03
  4  0.25115  1.04052e+03 |  5  0.16065  7.05404e+01 |  6  0.10207  7.62951e+00
  7  0.06634  2.89281e+01 |  8  0.03511 -2.12232e+01 |  9  0.01670  3.74217e+00
 10  0.00129 -1.00577e+01 | 11 -0.00825 -5.54810e+00 | 12 -0.01383  2.13462e+00
 13 -0.01806  3.75449e+00 | 14 -0.02161  3.01337e+00 | 15 -0.02441  2.24424e+00
 16 -0.02632  1.80343e+00 | 17 -0.02729  1.62971e+00 | 18  0.11480  3.95722e+03
 19 -0.02884 -1.61741e+03 | 20 -0.02307 -6.49516e+02 | 21 -0.02843 -5.11119e+02
 22 -0.02157 -5.76722e+02 | 23 -0.01688 -1.65237e+02 | 24 -0.01631 -5.50111e+02
 25 -0.01492 -3.36977e+02 | 26 -0.00878 -1.05470e+02 | 27 -0.00802 -6.37313e+02
 28 -0.00120  1.08138e+03 | 29 -0.00250 -1.07315e+02 | 30 -0.00156 -6.05813e+02
 31 -0.00180  4.57540e+02 | 32  0.00144  2.13351e+03 | 33 -0.00014 -5.37586e+02
 34  0.00402 -1.84757e+02 | 35  0.00595  1.79832e+02 | 36  0.00480 -2.65752e+02
 37  0.01207 -6.69259e+02 | 38  0.01191  7.35727e+02 | 39  0.01166  3.62638e+02
 40  0.01450  7.09644e+02 | 41  0.01358  2.19941e+02 | 42  0.01699  6.96862e+02
 43  0.01627  3.87327e+02 | 44  0.01638 -4.53576e+02 | 45  0.01493  8.24830e+02
 46  0.01547  1.23985e+03 | 47  0.01405 -1.04132e+03 | 48  0.14036 -1.79136e+04
 49 -0.07402  8.21743e+02 | 50 -0.05266  2.57874e+03 | 51 -0.05081  8.79327e+02
 52 -0.04417  7.08222e+02 | 53 -0.03515  1.05507e+03 | 54 -0.02954  8.55209e+02
 55 -0.02481  3.45914e+02 | 56 -0.01705  7.02391e+02 | 57 -0.00619 -8.96586e+02
 58 -0.00297 -6.98470e+02 | 59  0.00575  1.63768e+02 | 60  0.01631 -7.44269e+02
 61  0.01629 -3.22260e+03 | 62  0.01229 -1.31340e+03 | 63  0.01010 -5.54485e+02
 64  0.01035 -5.60605e+02 | 65  0.01197 -3.83436e+01 | 66  0.01688  1.20156e+03
 67  0.01078  1.04190e+02 | 68  0.01598 -2.96218e+02 | 69  0.01795 -6.47403e+02
 70  0.02076 -8.26012e+01 | 71  0.02464 -5.55093e+02 | 72  0.02635 -4.41089e+02
 73  0.02616  9.35439e+02 | 74  0.02191 -7.69650e+01 | 75  0.02055 -1.54112e+03
 76  0.02598  4.17085e+02 | 77  0.02603  8.42337e+02 | 78 -0.08626  9.35527e+02
 79 -0.60742 -7.81498e+03 | 80 -0.55760  2.91707e+03 |
2 0 22583.5
2 0 22582.4
2 0 22582.4
2 0 22582.3
2 0 22582.2
2 0 22582.1
2 0 22582.3
2 0 22582
2 0 22582
2 0 22582
2 0 22582
2 0 22581.7
2 0 22581.6
2 0 22581.4
2 0 22581.7
2 0 22581.3
80 variables; iteration 60; function evaluation 85; phase 2
Function value   2.2581304e+04; maximum gradient component mag  -1.7739e+04
Var   Value    Gradient   |Var   Value    Gradient   |Var   Value    Gradient
  1 -0.63149  1.82760e+02 |  2 -0.45747  3.46356e+02 |  3  0.22397 -1.16890e+03
  4  0.25160  1.06475e+03 |  5  0.16020  7.67932e+01 |  6  0.09729 -3.49792e+01
  7  0.06731  2.79318e+01 |  8  0.04226  1.97128e+01 |  9  0.01879  2.86755e+01
 10 -0.00899 -3.47046e+01 | 11 -0.02414 -6.70811e+00 | 12 -0.03574 -1.90206e+01
 13 -0.04044 -1.17197e+01 | 14 -0.04055  8.97812e-01 | 15 -0.03988  4.84474e+00
 16 -0.03961  4.39490e+00 | 17 -0.03959  3.61965e+00 | 18  0.11437  3.93412e+03
 19 -0.02890 -1.63562e+03 | 20 -0.02294 -6.54847e+02 | 21 -0.02831 -4.55430e+02
 22 -0.02150 -5.39622e+02 | 23 -0.01680 -6.86722e+01 | 24 -0.01652 -6.75612e+02
 25 -0.01490 -2.98398e+02 | 26 -0.00888 -2.24561e+02 | 27 -0.00788 -5.60258e+02
 28 -0.00123  1.05914e+03 | 29 -0.00240 -2.60820e+01 | 30 -0.00177 -7.63336e+02
 31 -0.00174  5.24679e+02 | 32  0.00148  2.12426e+03 | 33 -0.00010 -5.26495e+02
 34  0.00419 -1.39807e+02 | 35  0.00578  1.23084e+02 | 36  0.00503 -2.04484e+02
 37  0.01198 -6.82850e+02 | 38  0.01183  7.23591e+02 | 39  0.01169  3.61556e+02
 40  0.01435  6.82182e+02 | 41  0.01353  2.11338e+02 | 42  0.01705  7.24569e+02
 43  0.01625  4.22890e+02 | 44  0.01627 -5.18528e+02 | 45  0.01506  9.16326e+02
 46  0.01513  1.11076e+03 | 47  0.01425 -9.96188e+02 | 48  0.14036 -1.77393e+04
 49 -0.07390  8.35947e+02 | 50 -0.05261  2.55776e+03 | 51 -0.05078  8.29780e+02
 52 -0.04426  5.70213e+02 | 53 -0.03517  1.01943e+03 | 54 -0.02963  7.88883e+02
 55 -0.02466  4.38194e+02 | 56 -0.01694  7.30222e+02 | 57 -0.00612 -8.73503e+02
 58 -0.00299 -7.64656e+02 | 59  0.00596  2.91661e+02 | 60  0.01634 -7.10075e+02
 61  0.01643 -3.17683e+03 | 62  0.01224 -1.32945e+03 | 63  0.01039 -5.15437e+02
 64  0.01014 -6.04143e+02 | 65  0.01222  5.48561e+00 | 66  0.01689  1.18189e+03
 67  0.01067  6.87700e+01 | 68  0.01617 -2.41993e+02 | 69  0.01795 -6.37015e+02
 70  0.02073 -8.14165e+01 | 71  0.02476 -5.38281e+02 | 72  0.02633 -4.99022e+02
 73  0.02611  9.30442e+02 | 74  0.02212 -7.43047e+01 | 75  0.02042 -1.53662e+03
 76  0.02595  4.55333e+02 | 77  0.02492  8.28029e+02 | 78 -0.08561  9.31556e+02
 79 -0.60765 -7.80354e+03 | 80 -0.55787  2.90792e+03 |
2 0 22581.2
2 0 22581.1
2 0 22580.4
2 0 22584.2
2 0 22580.3
2 0 22580.1
2 0 22580
2 0 22579.6
2 0 22579.6
2 0 22579.5
2 0 22579.1
2 0 22578.6
2 0 22578.8
2 0 22578.4
80 variables; iteration 70; function evaluation 99; phase 2
Function value   2.2578368e+04; maximum gradient component mag  -1.7938e+04
Var   Value    Gradient   |Var   Value    Gradient   |Var   Value    Gradient
  1 -0.63201  1.93948e+02 |  2 -0.46044  3.36336e+02 |  3  0.22418 -1.14631e+03
  4  0.25149  1.07642e+03 |  5  0.16133  8.26309e+01 |  6  0.10180  8.08601e+00
  7  0.06516  6.98286e+00 |  8  0.03944  4.11223e-02 |  9  0.02089  3.75819e+01
 10 -0.00433  7.40554e+00 | 11 -0.02925 -2.69107e+01 | 12 -0.04469  1.21413e+01
 13 -0.06284 -3.05696e+01 | 14 -0.07111 -1.82783e+01 | 15 -0.07329 -5.82961e+00
 16 -0.07320 -1.10730e+00 | 17 -0.07227  4.76245e+00 | 18  0.11360  3.91371e+03
 19 -0.02875 -1.68278e+03 | 20 -0.02256 -5.73946e+02 | 21 -0.02799 -3.77034e+02
 22 -0.02134 -5.42631e+02 | 23 -0.01686 -1.49886e+02 | 24 -0.01645 -5.88277e+02
 25 -0.01499 -3.09207e+02 | 26 -0.00914 -3.06351e+02 | 27 -0.00801 -5.75934e+02
 28 -0.00123  1.04191e+03 | 29 -0.00241 -3.64931e+01 | 30 -0.00194 -7.81326e+02
 31 -0.00196  4.77172e+02 | 32  0.00146  2.07658e+03 | 33  0.00047 -4.09629e+02
 34  0.00427 -1.25987e+02 | 35  0.00588  1.45970e+02 | 36  0.00488 -2.16951e+02
 37  0.01198 -6.48738e+02 | 38  0.01176  7.13478e+02 | 39  0.01134  3.06860e+02
 40  0.01413  6.63523e+02 | 41  0.01361  2.35307e+02 | 42  0.01693  7.19318e+02
 43  0.01536  2.82884e+02 | 44  0.01610 -5.21530e+02 | 45  0.01574  1.04203e+03
 46  0.01541  1.17830e+03 | 47  0.01430 -1.02275e+03 | 48  0.14029 -1.79382e+04
 49 -0.07381  8.59900e+02 | 50 -0.05261  2.51105e+03 | 51 -0.05059  8.64142e+02
 52 -0.04416  6.21927e+02 | 53 -0.03520  9.58616e+02 | 54 -0.02966  7.25366e+02
 55 -0.02475  4.04076e+02 | 56 -0.01711  6.70014e+02 | 57 -0.00605 -8.44186e+02
 58 -0.00280 -6.99306e+02 | 59  0.00595  2.86353e+02 | 60  0.01632 -6.91249e+02
 61  0.01621 -3.15004e+03 | 62  0.01283 -1.20165e+03 | 63  0.01039 -5.32205e+02
 64  0.01039 -5.51228e+02 | 65  0.01209 -5.04476e+01 | 66  0.01686  1.12152e+03
 67  0.01084  8.70521e+01 | 68  0.01611 -2.56036e+02 | 69  0.01781 -6.68503e+02
 70  0.02066 -1.09254e+02 | 71  0.02533 -4.02631e+02 | 72  0.02589 -5.95223e+02
 73  0.02561  8.00715e+02 | 74  0.02255  1.86663e+01 | 75  0.02083 -1.47910e+03
 76  0.02563  4.10867e+02 | 77  0.02408  8.34131e+02 | 78 -0.08588  9.39029e+02
 79 -0.60823 -7.92612e+03 | 80 -0.55854  2.94204e+03 |
2 0 22578
2 0 22577.6
2 0 22577
2 0 22576.2
2 0 22578.5
2 0 22576
2 0 22575.7
2 0 22573.7
2 0 22575.4
2 0 22572.8
2 0 22571.1
2 0 22558.2
2 0 22533.2
2 0 22653.2
2 0 22529.4
80 variables; iteration 80; function evaluation 114; phase 2
Function value   2.2529422e+04; maximum gradient component mag  -1.6043e+04
Var   Value    Gradient   |Var   Value    Gradient   |Var   Value    Gradient
  1 -0.63520  4.13730e+01 |  2 -0.46865  3.33175e+02 |  3  0.22953 -1.03735e+03
  4  0.24523  6.19010e+02 |  5  0.15773  6.18661e+00 |  6  0.10826  7.92136e+01
  7  0.06063 -4.92812e+01 |  8  0.03840 -1.69596e+01 |  9  0.02726  8.44823e+01
 10 -0.00480 -8.28620e+01 | 11 -0.00995  7.23472e+01 | 12 -0.03505 -1.44157e+01
 13 -0.05490 -1.08016e+02 | 14 -0.04151  8.98262e+01 | 15 -0.05441 -2.07205e+01
 16 -0.06046  7.01051e+01 | 17 -0.08731 -8.70875e+01 | 18  0.10044  3.08762e+03
 19 -0.02817 -9.66168e+02 | 20 -0.02099 -5.27426e+02 | 21 -0.02589  9.19697e+01
 22 -0.01910 -4.90225e+02 | 23 -0.01479 -6.69268e+00 | 24 -0.01428 -2.46292e+02
 25 -0.01307 -1.32808e+02 | 26 -0.00760 -1.27453e+02 | 27 -0.00688 -3.17383e+02
 28 -0.00193  4.88587e+02 | 29 -0.00254 -5.88723e+01 | 30 -0.00168 -5.85938e+02
 31 -0.00207  2.92771e+02 | 32  0.00122  1.31445e+03 | 33  0.00159 -8.27381e+01
 34  0.00528 -1.98884e+01 | 35  0.00635  1.95611e+02 | 36  0.00480 -1.67564e+02
 37  0.01175 -1.41444e+02 | 38  0.01027  2.78203e+02 | 39  0.00967  9.93706e+01
 40  0.01176  2.50765e+02 | 41  0.01110 -3.85958e+01 | 42  0.01483  4.14387e+02
 43  0.01410  2.55498e+02 | 44  0.01527 -1.42230e+02 | 45  0.01358  5.38312e+02
 46  0.01300  5.66030e+02 | 47  0.01438 -7.32794e+02 | 48  0.14075 -1.60433e+04
 49 -0.07423  4.19019e+02 | 50 -0.05396  1.39884e+03 | 51 -0.04992  7.02077e+02
 52 -0.04395  4.01939e+02 | 53 -0.03500  6.94344e+02 | 54 -0.02918  6.18254e+02
 55 -0.02428  3.08876e+02 | 56 -0.01693  4.09805e+02 | 57 -0.00532 -3.92433e+02
 58 -0.00237 -3.17101e+02 | 59  0.00588  2.20324e+02 | 60  0.01678 -3.69183e+02
 61  0.01770 -1.88271e+03 | 62  0.01340 -7.40690e+02 | 63  0.01103 -3.35505e+02
 64  0.01129 -2.36457e+02 | 65  0.01220 -6.22075e+01 | 66  0.01619  3.93118e+02
 67  0.01070 -8.86959e+00 | 68  0.01610 -1.32840e+02 | 69  0.01810 -3.19259e+02
 70  0.02004 -3.39570e+01 | 71  0.02491 -2.68163e+02 | 72  0.02577 -5.20808e+02
 73  0.02494  2.07464e+02 | 74  0.02225 -7.91210e+01 | 75  0.02083 -1.00609e+03
 76  0.02432  4.39084e+02 | 77  0.02282  7.56170e+02 | 78 -0.07796  9.96541e+02
 79 -0.61515 -7.65205e+03 | 80 -0.56587  2.68010e+03 |
2 0 22574.2
2 0 22529.1
2 0 22528.6
2 0 22523.3
2 0 22497
2 0 22484.5
2 0 22473.7
2 0 22465.1
2 0 22459.8
2 0 22456.8
2 0 22454.3
2 0 22452.3
2 0 22450.7
80 variables; iteration 90; function evaluation 127; phase 2
Function value   2.2450661e+04; maximum gradient component mag  -1.3565e+03
Var   Value    Gradient   |Var   Value    Gradient   |Var   Value    Gradient
  1 -0.62416  2.15529e+02 |  2 -0.50729 -7.80374e+01 |  3  0.26105 -1.83945e+02
  4  0.24045 -2.92952e+02 |  5  0.15969 -5.91202e+01 |  6  0.10254 -1.98375e+01
  7  0.06587 -1.15086e+01 |  8  0.04099 -6.51972e+00 |  9  0.02266 -4.83599e+00
 10  0.00868 -2.11998e+00 | 11 -0.00262 -2.58626e+00 | 12 -0.01160 -2.52007e+00
 13 -0.01860 -7.81649e-01 | 14 -0.02433 -2.89849e+00 | 15 -0.02828 -5.19686e-01
 16 -0.03127 -2.06790e+00 | 17 -0.03288 -2.92797e+00 | 18  0.08160  9.03922e+01
 19 -0.02631  4.65306e+02 | 20 -0.02107 -3.07075e+02 | 21 -0.02795 -1.74031e+00
 22 -0.01932 -1.15164e+02 | 23 -0.01495  4.64431e+01 | 24 -0.01467  1.38236e+01
 25 -0.01314  2.15479e+01 | 26 -0.00698  4.24387e+01 | 27 -0.00622 -1.27054e+01
 28 -0.00243 -1.30593e+01 | 29 -0.00229  2.58304e+01 | 30 -0.00056 -3.35219e+01
 31 -0.00218 -2.50339e+01 | 32  0.00065  7.04155e+01 | 33  0.00237 -4.37474e+01
 34  0.00626 -2.08225e+01 | 35  0.00692  2.18765e+01 | 36  0.00604  1.67523e+01
 37  0.01306 -8.18263e-01 | 38  0.01083 -1.98109e+01 | 39  0.01006 -2.11677e+01
 40  0.01197 -2.29034e+01 | 41  0.01157 -1.19091e+01 | 42  0.01484 -3.71668e-01
 43  0.01450  1.01976e+01 | 44  0.01582 -1.54143e+01 | 45  0.01344 -2.21939e+01
 46  0.01189  4.35729e+01 | 47  0.00784 -8.87104e+01 | 48  0.15169 -1.35651e+03
 49 -0.07024 -5.15668e+01 | 50 -0.05371 -4.74540e+01 | 51 -0.04864 -6.54065e+01
 52 -0.04208  3.60323e+01 | 53 -0.03433  4.95268e+01 | 54 -0.02900  3.84994e+01
 55 -0.02376  4.02740e+00 | 56 -0.01686  1.89795e+00 | 57 -0.00507 -6.12190e+01
 58 -0.00227 -2.76865e+01 | 59  0.00556 -1.05251e+01 | 60  0.01677 -4.64840e+01
 61  0.01917 -1.50936e+02 | 62  0.01342  1.36388e+01 | 63  0.01067  5.96093e+01
 64  0.01031  3.57009e+01 | 65  0.01128  2.00535e+01 | 66  0.01406  3.77257e+01
 67  0.00947  1.93590e+01 | 68  0.01463  3.61333e+01 | 69  0.01673  5.64491e+01
 70  0.01841  7.20008e+01 | 71  0.02287 -2.73181e+00 | 72  0.02433 -2.28693e+01
 73  0.02235  1.76680e+01 | 74  0.02015  1.94072e+00 | 75  0.02139 -1.07458e+02
 76  0.02669  1.78665e+01 | 77  0.02743  6.81930e+01 | 78  0.02472  1.02221e+02
 79 -0.62880  1.24318e+01 | 80 -0.61243 -6.88904e+00 |
2 0 22451
2 0 22449.9
2 0 22449.1
2 0 22448.1
2 0 22447.2
2 0 22446.8
2 0 22446.6
2 0 22446.5
2 0 22446.3
2 0 22446.1
2 0 22445.9
80 variables; iteration 100; function evaluation 138; phase 2
Function value   2.2445920e+04; maximum gradient component mag  -1.2960e+03
Var   Value    Gradient   |Var   Value    Gradient   |Var   Value    Gradient
  1 -0.60766 -5.16116e+01 |  2 -0.48027  3.53715e+01 |  3  0.26729  2.05684e+01
  4  0.24383  1.00259e+02 |  5  0.16102  1.71884e+01 |  6  0.10381  4.83785e+00
  7  0.06746  3.17043e+00 |  8  0.04244  1.51876e+00 |  9  0.02400  1.28812e+00
 10  0.00979  5.53502e-01 | 11 -0.00123  1.19559e+00 | 12 -0.01000  9.25521e-01
 13 -0.01690  3.85493e-01 | 14 -0.02208  8.69344e-01 | 15 -0.02588  2.34556e-01
 16 -0.02825  1.04353e+00 | 17 -0.02949  4.98531e-01 | 18  0.07644  2.35402e+01
 19 -0.03746 -2.05329e+02 | 20 -0.02239  1.11421e+02 | 21 -0.02863  4.11333e+01
 22 -0.01932  1.53441e+01 | 23 -0.01513 -1.43472e+00 | 24 -0.01476  1.35863e+01
 25 -0.01303  1.02869e+01 | 26 -0.00675  9.07884e+00 | 27 -0.00583  5.20290e+00
 28 -0.00213 -4.71959e+00 | 29 -0.00218 -1.39224e+01 | 30 -0.00019  4.53052e+00
 31 -0.00185  1.01270e+00 | 32  0.00099  6.88418e+00 | 33  0.00298  1.28238e+01
 34  0.00693  1.52857e+01 | 35  0.00750  7.42802e+00 | 36  0.00677  2.44975e+00
 37  0.01400  2.60082e+01 | 38  0.01169 -4.69970e+00 | 39  0.01076 -7.96067e+00
 40  0.01258 -6.87306e+00 | 41  0.01229 -1.42825e+00 | 42  0.01559  1.65041e+00
 43  0.01524  7.91942e+00 | 44  0.01667  1.75435e+01 | 45  0.01435 -6.32070e+00
 46  0.01252 -3.59352e+01 | 47  0.00877 -2.18681e+01 | 48  0.15770 -1.29600e+03
 49 -0.06860  4.03702e+01 | 50 -0.05200  3.23740e+00 | 51 -0.04691 -1.51509e+01
 52 -0.04082 -2.66637e+01 | 53 -0.03328 -3.22613e+01 | 54 -0.02813 -1.95834e+01
 55 -0.02315 -1.83026e+01 | 56 -0.01639 -2.16937e+01 | 57 -0.00460 -2.28354e+01
 58 -0.00205 -5.14709e+00 | 59  0.00572 -1.51484e+01 | 60  0.01699 -2.67109e+01
 61  0.01934 -3.71171e+01 | 62  0.01328 -5.06032e+00 | 63  0.01036  3.60001e+00
 64  0.00995  7.88520e+00 | 65  0.01081  4.00379e+00 | 66  0.01334 -1.38669e+01
 67  0.00895  6.42754e+00 | 68  0.01408  1.52776e+01 | 69  0.01604  2.18853e+01
 70  0.01760  1.74832e+01 | 71  0.02209  6.45482e+00 | 72  0.02348 -3.95002e+00
 73  0.02141 -8.73165e+00 | 74  0.01946  1.06125e+00 | 75  0.02099  2.64938e+01
 76  0.02602  6.24147e+01 | 77  0.02579  6.01776e+01 | 78  0.06446  1.91264e+02
 79 -0.61949 -4.98734e+02 | 80 -0.58962  1.37673e+02 |
2 0 22445.6
2 0 22445.1
2 0 22444.4
2 0 22444.1
2 0 22443.9
2 0 22443.7
2 0 22443.4
2 0 22443.3
2 0 22443.2
2 0 22443.1
80 variables; iteration 110; function evaluation 148; phase 2
Function value   2.2443064e+04; maximum gradient component mag  -5.8403e+02
Var   Value    Gradient   |Var   Value    Gradient   |Var   Value    Gradient
  1 -0.59273 -2.26164e+01 |  2 -0.46152  1.66505e+01 |  3  0.27722 -3.19014e+00
  4  0.25042  1.61979e+01 |  5  0.16733  2.20149e+00 |  6  0.10938  5.34023e-01
  7  0.07216  3.45175e-01 |  8  0.04646  1.16290e-01 |  9  0.02737  9.71745e-02
 10  0.01262 -3.78624e-02 | 11  0.00103  2.10546e-01 | 12 -0.00818  1.17533e-01
 13 -0.01541 -6.72974e-02 | 14 -0.02092  7.82412e-02 | 15 -0.02492 -1.98980e-02
 16 -0.02752  2.22079e-01 | 17 -0.02885 -1.52369e-01 | 18  0.08054  8.80176e+00
 19 -0.03349 -3.09779e+01 | 20 -0.02294  3.24191e+01 | 21 -0.02919  4.53773e+00
 22 -0.01978 -2.50090e+00 | 23 -0.01556  9.89247e-01 | 24 -0.01525  4.49516e+00
 25 -0.01341  2.22677e+00 | 26 -0.00704  3.02895e+00 | 27 -0.00613 -3.51256e+00
 28 -0.00246 -3.75384e+00 | 29 -0.00247 -4.25822e+00 | 30 -0.00051 -1.21531e+00
 31 -0.00218  1.18867e-01 | 32  0.00092  5.19446e+00 | 33  0.00307  4.88489e+00
 34  0.00706  7.16959e+00 | 35  0.00762  4.34394e+00 | 36  0.00707  2.68208e+00
 37  0.01435  9.03311e+00 | 38  0.01193 -2.50389e+00 | 39  0.01088 -3.81847e+00
 40  0.01263 -4.03887e+00 | 41  0.01240 -2.15169e+00 | 42  0.01572  2.38691e+00
 43  0.01542  5.16280e+00 | 44  0.01689  6.00378e+00 | 45  0.01454 -9.72804e+00
 46  0.01231 -3.61315e+01 | 47  0.00756  9.77129e+00 | 48  0.16328 -5.84035e+02
 49 -0.06696  1.23792e+00 | 50 -0.05059 -1.33544e+01 | 51 -0.04582 -1.65805e+01
 52 -0.03983 -1.98786e+01 | 53 -0.03244 -2.47340e+01 | 54 -0.02753 -1.88174e+01
 55 -0.02272 -1.44551e+01 | 56 -0.01607 -8.23114e+00 | 57 -0.00444 -9.12630e+00
 58 -0.00193 -2.90654e-01 | 59  0.00581 -1.80260e+00 | 60  0.01699 -1.07113e+01
 61  0.01919 -1.59013e+01 | 62  0.01298 -5.25007e+00 | 63  0.00996 -3.88042e+00
 64  0.00947 -2.86982e+00 | 65  0.01028 -1.61547e+00 | 66  0.01265 -4.58142e+00
 67  0.00836  3.20890e+00 | 68  0.01347  7.38236e+00 | 69  0.01533  1.05687e+01
 70  0.01687  1.07933e+01 | 71  0.02123  3.68767e+00 | 72  0.02261 -1.02664e+00
 73  0.02052 -1.03688e+00 | 74  0.01876  1.34868e+01 | 75  0.02070  4.97904e+01
 76  0.02648  4.52118e+01 | 77  0.02643  2.73448e+01 | 78  0.09144  1.16012e+02
 79 -0.59992 -1.29806e+02 | 80 -0.54506  5.56566e+01 |
2 0 22443
2 0 22442.9
2 0 22442.9
2 0 22442.9
2 0 22442.9
2 0 22442.9
2 0 22442.9
2 0 22442.9
2 0 22442.9
2 0 22442.9
80 variables; iteration 120; function evaluation 158; phase 2
Function value   2.2442914e+04; maximum gradient component mag   4.7366e-01
Var   Value    Gradient   |Var   Value    Gradient   |Var   Value    Gradient
  1 -0.58830 -2.09974e-02 |  2 -0.45695  7.72227e-03 |  3  0.28025  4.81529e-02
  4  0.25204  1.06370e-02 |  5  0.16877  8.90361e-03 |  6  0.11064  2.77972e-03
  7  0.07326  1.38117e-03 |  8  0.04743  9.46480e-04 |  9  0.02823  4.82874e-04
 10  0.01338  4.52131e-04 | 11  0.00168  2.82801e-04 | 12 -0.00757  1.84803e-04
 13 -0.01483  3.13186e-04 | 14 -0.02037 -3.56215e-05 | 15 -0.02439  2.23262e-04
 16 -0.02702  2.04158e-04 | 17 -0.02831 -3.21543e-05 | 18  0.08107  5.51288e-02
 19 -0.03334 -3.53927e-02 | 20 -0.02318  4.91731e-02 | 21 -0.02939  2.46718e-02
 22 -0.01994  1.57537e-02 | 23 -0.01572 -1.73910e-02 | 24 -0.01544 -1.66409e-02
 25 -0.01356  2.82078e-03 | 26 -0.00715  1.50351e-02 | 27 -0.00622  1.31807e-02
 28 -0.00254  1.43013e-02 | 29 -0.00254  6.06496e-03 | 30 -0.00057  1.26981e-02
 31 -0.00226 -1.20240e-03 | 32  0.00089 -2.03456e-02 | 33  0.00310 -1.40247e-02
 34  0.00709  1.14171e-03 | 35  0.00766  2.61461e-03 | 36  0.00717 -1.24343e-02
 37  0.01448 -1.86909e-03 | 38  0.01204 -4.41322e-03 | 39  0.01096  9.91528e-03
 40  0.01271  1.17589e-02 | 41  0.01249  1.30779e-03 | 42  0.01579 -1.38377e-03
 43  0.01550 -5.66443e-03 | 44  0.01699 -4.28695e-03 | 45  0.01470 -2.13796e-02
 46  0.01252 -7.03914e-02 | 47  0.00777  4.72884e-02 | 48  0.16513  4.73661e-01
 49 -0.06639  4.88611e-03 | 50 -0.05009 -3.74466e-02 | 51 -0.04539 -4.86768e-02
 52 -0.03944 -2.36705e-02 | 53 -0.03209 -7.45140e-04 | 54 -0.02726  7.62301e-03
 55 -0.02253  1.11991e-02 | 56 -0.01593  1.91865e-02 | 57 -0.00435  3.24234e-02
 58 -0.00187  1.97417e-02 | 59  0.00587 -5.18085e-03 | 60  0.01704 -2.43059e-02
 61  0.01918 -3.93919e-02 | 62  0.01293 -3.26480e-02 | 63  0.00987 -2.98772e-02
 64  0.00935 -2.11801e-02 | 65  0.01013 -2.61721e-03 | 66  0.01245 -8.52567e-04
 67  0.00819  1.00327e-03 | 68  0.01329 -3.86874e-03 | 69  0.01512 -1.02109e-02
 70  0.01666 -5.52502e-03 | 71  0.02099  3.93109e-03 | 72  0.02235  1.27184e-02
 73  0.02024  1.18697e-02 | 74  0.01850  3.07309e-02 | 75  0.02046  1.01949e-01
 76  0.02624  3.76861e-02 | 77  0.02624 -2.28205e-02 | 78  0.09956 -8.54078e-02
 79 -0.59617 -1.94334e-01 | 80 -0.53824  6.77729e-02 |
2 0 22442.9
2 0 22442.9
2 0 22442.9
2 0 22442.9
2 0 22442.9
2 0 22442.9

 - final statistics:
80 variables; iteration 126; function evaluation 164
Function value   2.2443e+04; maximum gradient component mag  -6.8709e-04
Exit code = 1;  converg criter   1.0000e-03
Var   Value    Gradient   |Var   Value    Gradient   |Var   Value    Gradient
  1 -0.58830  2.29974e-05 |  2 -0.45696 -8.00965e-06 |  3  0.28025  1.59045e-04
  4  0.25204  2.85083e-05 |  5  0.16877  4.14904e-05 |  6  0.11064  1.21460e-05
  7  0.07325  6.56366e-06 |  8  0.04743  5.18581e-06 |  9  0.02823  2.92813e-06
 10  0.01338  2.10559e-06 | 11  0.00168  8.78645e-07 | 12 -0.00757  8.48202e-07
 13 -0.01483  9.27828e-07 | 14 -0.02037 -8.11386e-07 | 15 -0.02439  8.21177e-07
 16 -0.02702 -1.33637e-06 | 17 -0.02831  5.18743e-07 | 18  0.08107  1.22371e-04
 19 -0.03334 -1.49892e-04 | 20 -0.02318  2.18992e-04 | 21 -0.02939  5.47603e-05
 22 -0.01994 -1.40938e-04 | 23 -0.01572 -2.48380e-04 | 24 -0.01544 -1.41932e-05
 25 -0.01356  1.34080e-04 | 26 -0.00715  5.78593e-05 | 27 -0.00622 -6.95164e-05
 28 -0.00254 -1.22926e-04 | 29 -0.00254 -2.09452e-05 | 30 -0.00057  1.21531e-04
 31 -0.00226  1.07642e-04 | 32  0.00089  9.24556e-05 | 33  0.00310  1.32689e-04
 34  0.00709  1.91128e-04 | 35  0.00766  1.12918e-04 | 36  0.00717 -4.72023e-05
 37  0.01448 -5.34853e-05 | 38  0.01204 -7.66723e-05 | 39  0.01096 -8.80049e-05
 40  0.01271 -8.91754e-05 | 41  0.01249 -5.19337e-05 | 42  0.01579 -3.52867e-05
 43  0.01550  6.17822e-06 | 44  0.01699  2.44188e-05 | 45  0.01470 -2.08057e-06
 46  0.01252 -1.38080e-04 | 47  0.00777  9.06248e-05 | 48  0.16513 -6.87093e-04
 49 -0.06639  1.00727e-04 | 50 -0.05009  6.68338e-05 | 51 -0.04539  1.38067e-04
 52 -0.03944  3.27700e-04 | 53 -0.03209  2.52890e-04 | 54 -0.02726  4.23334e-06
 55 -0.02253 -1.33454e-04 | 56 -0.01593 -1.15611e-04 | 57 -0.00435  1.78948e-05
 58 -0.00187  9.05517e-05 | 59  0.00587 -2.80344e-05 | 60  0.01704 -3.67062e-05
 61  0.01918 -4.04826e-06 | 62  0.01293  6.64087e-05 | 63  0.00987 -1.30862e-04
 64  0.00935 -2.46216e-04 | 65  0.01014 -1.92122e-04 | 66  0.01245 -1.61515e-04
 67  0.00819 -9.71520e-05 | 68  0.01329 -5.17825e-05 | 69  0.01512  8.02455e-06
 70  0.01666  2.02874e-05 | 71  0.02099 -2.28651e-05 | 72  0.02235 -6.00811e-05
 73  0.02024 -6.74206e-05 | 74  0.01850 -1.32934e-07 | 75  0.02046  1.97038e-04
 76  0.02624  1.21754e-04 | 77  0.02624  3.80105e-05 | 78  0.09956  1.33005e-05
 79 -0.59617 -4.41738e-05 | 80 -0.53824  2.78250e-05 |
2 0 22442.9
B032402.7
0.3 0.712604
0.610803 0.578503
1.00958 0.489128
1.41089 0.43754
1.76377 0.407225
2.05215 0.388437
2.27752 0.376268
2.44845 0.368146
2.57539 0.36262
2.66825 0.358815
2.73546 0.356175
2.78372 0.354334
2.81819 0.353045
2.84271 0.352142
2.86011 0.351507
2.87242 0.351061
2.88113 0.350747
2.88728 0.350526
2.89163 0.350371
2.89469 0.350261
2.89685 0.350261
Survey Bio27.6396
Survey len11153
CPUE56.5948
Catch4.44036
Catch len11175.4
initsmo_penal21.6895
F_pen1.34739
Rec_pen2.85069
M_pen0


Starting time: Sun Jun 17 23:07:04 2018
Finishing time: Sun Jun 17 23:07:30 2018
This run took: 0 hours, 0 minutes, 26 seconds.

