survYears 71 72 73 74 75 76 77 78 79 80 81 82 83 84 85 86 87 88 89 90 91 92 93 94 95 96 97 98 99
SurvLenYear 71 72 73 74 75 76 77 78 79 80 81 82 83 84 85 86 87 88 89 90 91 92 93 94 95 96 97 98 99
catchBiomass 5080.82 4812.26 5517.18 7358.98 10405.9 14315.6 12938.1 15308.9 22025.5 36638.8 44814.9 60201.8 75952.9 98621.2 99600.4 91194 82659.5 87679.4 85887.9 83654.1 85776.3 89132.7 87913.5 100417 117232 108724 105365 96328.3 6318.27
steep0.999
25
Out
1 0 35940.8

Initial statistics: 75 variables; iteration 0; function evaluation 0; phase 1
Function value   3.5940804e+04; maximum gradient component mag  -2.0899e+05
Var   Value    Gradient   |Var   Value    Gradient   |Var   Value    Gradient
  1  0.24537  3.97421e+03 |  2  0.21676  3.03479e+03 |  3  0.19369  2.63973e+03
  4  0.19484  3.59297e+03 |  5  0.17355  2.55421e+03 |  6  0.16371  2.34283e+03
  7  0.15604  2.17156e+03 |  8  0.14876  2.03417e+03 |  9  0.12511  1.16074e+03
 10  0.12196  1.25381e+03 | 11  0.09940  6.71100e+02 | 12  0.09642  7.51116e+02
 13  0.07889  4.57268e+02 | 14  0.06791  2.01563e+02 | 15  0.10997  1.13154e+03
 16 -0.02921  4.92597e+03 | 17  0.00000 -2.62604e+04 | 18  0.00000 -5.62146e+03
 19  0.00000 -6.81803e+03 | 20  0.00000 -6.45467e+03 | 21  0.00000 -7.48576e+03
 22  0.00000 -1.01520e+04 | 23  0.00000 -1.02114e+03 | 24  0.00000  6.36207e+03
 25  0.00000  9.94314e+03 | 26  0.00000  7.65832e+03 | 27  0.00000  1.07862e+04
 28  0.00000  1.07216e+04 | 29  0.00000  9.44311e+03 | 30  0.00000  4.21309e+03
 31  0.00000  2.07821e+03 | 32  0.00000  2.43007e+03 | 33  0.00000  5.08110e+03
 34  0.00000  3.36510e+03 | 35  0.00000  3.97066e+03 | 36  0.00000  5.25000e+03
 37  0.00000  5.93703e+03 | 38  0.00000  6.13964e+03 | 39  0.00000  8.43047e+03
 40  0.00000  5.95320e+03 | 41  0.00000 -1.15214e+03 | 42  0.00000 -7.19943e+03
 43  0.00000 -2.09610e+04 | 44  0.00000 -4.18530e+04 | 45  0.00000  2.72161e+04
 46  0.10617 -2.08985e+05 | 47  0.00000  6.44644e+04 | 48  0.00000  4.91368e+04
 49  0.00000  3.86074e+04 | 50  0.00000  3.17561e+04 | 51  0.00000  2.91646e+04
 52  0.00000  2.26198e+04 | 53  0.00000  1.16539e+04 | 54  0.00000  1.72514e+03
 55  0.00000 -5.10773e+03 | 56  0.00000 -1.13475e+04 | 57  0.00000 -1.69571e+04
 58  0.00000 -2.01717e+04 | 59  0.00000 -2.05603e+04 | 60  0.00000 -1.78086e+04
 61  0.00000 -1.65186e+04 | 62  0.00000 -1.72181e+04 | 63  0.00000 -1.72799e+04
 64  0.00000 -1.72588e+04 | 65  0.00000 -1.80037e+04 | 66  0.00000 -1.92297e+04
 67  0.00000 -2.02788e+04 | 68  0.00000 -2.15244e+04 | 69  0.00000 -2.14867e+04
 70  0.00000 -1.79069e+04 | 71  0.00000 -1.02556e+04 | 72  0.00000  2.19061e+03
 73  0.00000  1.60477e+04 | 74  0.00000  1.18039e+04 | 75  0.00000  9.74369e+03
1 0 35940.8
1 0 35940.6
1 0 35938.6
1 0 35918.6
1 0 35722.1
1 0 34071.6
1 0 30689.1
1 0 28112.1
1 0 25859.5
1 0 32536.7
1 0 25490.7
1 0 25542.6
1 0 25303.4
1 0 25276.2
1 0 25197.6
1 0 25053.1
1 0 25127.8
1 0 24982.6
1 0 25102.9
1 0 24963.6

Intermediate statistics: 75 variables; iteration 10; function evaluation 20; phase 1
Function value   2.4963555e+04; maximum gradient component mag  -4.8975e+04
Var   Value    Gradient   |Var   Value    Gradient   |Var   Value    Gradient
  1  0.24424  1.75319e+02 |  2  0.22389  2.24736e+02 |  3  0.20083  1.62465e+02
  4  0.20039  3.93259e+02 |  5  0.17842  2.28419e+02 |  6  0.16713  2.35701e+02
  7  0.15871  2.34729e+02 |  8  0.14965  2.51967e+02 |  9  0.12761  8.88075e+01
 10  0.12121  1.70757e+02 | 11  0.10133  3.92948e+01 | 12  0.09548  1.09188e+02
 13  0.07968  2.62675e+01 | 14  0.07263 -8.74394e+01 | 15  0.10676  2.17486e+02
 16  0.13667  1.99527e+04 | 17  0.15507 -1.94469e+03 | 18  0.01745  8.40954e+02
 19 -0.01035 -3.79411e+03 | 20 -0.02973 -7.19498e+03 | 21 -0.03223 -8.13274e+03
 22 -0.02072 -8.54800e+03 | 23 -0.01289 -2.60104e+03 | 24  0.00630  3.52660e+03
 25  0.02166  6.74077e+03 | 26  0.01774  6.41710e+03 | 27  0.03980  9.51397e+03
 28  0.03548  9.01247e+03 | 29  0.02257  5.90150e+03 | 30 -0.01263 -3.09806e+03
 31 -0.03000 -2.93195e+03 | 32 -0.01409 -3.35846e+02 | 33  0.00048  1.16493e+03
 34 -0.00528  6.86480e+02 | 35 -0.00565  1.15250e+03 | 36  0.01026  2.52452e+03
 37  0.00865  3.35098e+03 | 38  0.01349  4.80882e+03 | 39  0.03488  6.15517e+03
 40  0.00928  2.06637e+03 | 41 -0.00895 -1.38802e+03 | 42 -0.02467 -5.40307e+03
 43 -0.02886 -8.53717e+03 | 44 -0.04358 -1.97167e+04 | 45 -0.11224  9.90126e+03
 46  0.13402 -4.89751e+04 | 47 -0.03367  2.02722e+04 | 48 -0.03544  1.85492e+04
 49 -0.03546  1.41658e+04 | 50 -0.03358  1.15354e+04 | 51 -0.03232  1.13545e+04
 52 -0.03591  6.86144e+03 | 53 -0.03308  1.37694e+03 | 54 -0.01579 -1.12689e+03
 55  0.00300 -2.62049e+03 | 56 -0.00288 -4.85311e+03 | 57  0.01447 -6.17112e+03
 58  0.02521 -5.59179e+03 | 59  0.04822  1.19865e+03 | 60 -0.02682 -7.09966e+03
 61 -0.03631 -7.03898e+03 | 62  0.01810 -5.70017e+03 | 63  0.02285 -5.61602e+03
 64  0.00350 -6.53093e+03 | 65  0.00606 -6.28164e+03 | 66  0.02403 -6.70552e+03
 67  0.01453 -7.24059e+03 | 68  0.01325 -7.27239e+03 | 69  0.03948 -3.75073e+03
 70  0.03763 -4.41728e+03 | 71  0.01842 -3.79712e+03 | 72  0.01577 -1.35622e+02
 73  0.00971  3.51186e+03 | 74  0.01051  8.78102e+02 | 75 -0.00346  2.22144e+03
1 0 24948.6
1 0 24937.4
1 0 24922.2
1 0 24901.2
1 0 24872.8
1 0 24820.6
1 0 24712.2
1 0 24775.8
1 0 24665.7
1 0 24616.7
1 0 24590.5
75 variables; iteration 20; function evaluation 31; phase 1
Function value   2.4590470e+04; maximum gradient component mag  -4.1933e+04
Var   Value    Gradient   |Var   Value    Gradient   |Var   Value    Gradient
  1  0.39347  4.06390e+02 |  2  0.38055  8.98968e+02 |  3  0.34801  7.36798e+02
  4  0.34765  1.28030e+03 |  5  0.30000  5.43858e+02 |  6  0.27008  3.59928e+02
  7  0.24909  3.04533e+02 |  8  0.22119  1.89201e+02 |  9  0.18852  9.13493e+01
 10  0.15662 -1.98328e+00 | 11  0.14099  7.45204e+01 | 12  0.11323 -4.33363e+01
 13  0.10509 -6.73659e+01 | 14  0.12295  1.10850e+02 | 15  0.11434 -6.23548e+00
 16  0.13918  1.21200e+04 | 17  0.22780 -4.19474e+02 | 18  0.00955 -1.07639e+03
 19 -0.01118 -2.02048e+03 | 20 -0.02340 -2.75907e+03 | 21 -0.03551 -7.86880e+03
 22 -0.02498 -7.41381e+03 | 23 -0.01118  6.74375e+02 | 24 -0.00181  2.14268e+03
 25  0.01388  6.33031e+03 | 26  0.00121  1.64503e+03 | 27  0.08385 -8.39712e+02
 28  0.01512  6.97783e+03 | 29  0.02574  8.08281e+03 | 30 -0.00957 -2.18095e+02
 31 -0.02595  3.16613e+03 | 32 -0.02802 -3.14947e+03 | 33 -0.00868  5.95537e+02
 34 -0.00666 -1.69656e+03 | 35 -0.01089 -1.14226e+03 | 36  0.00608  3.93054e+03
 37  0.00537  1.98336e+03 | 38  0.00228  1.26386e+03 | 39  0.03035  7.01012e+03
 40  0.00889  3.13812e+03 | 41 -0.00694  5.29537e+00 | 42 -0.02049 -5.16734e+03
 43 -0.02621 -7.34476e+03 | 44 -0.04746 -1.46034e+04 | 45 -0.12702  8.70870e+03
 46  0.13550 -4.19326e+04 | 47 -0.03993  1.43601e+04 | 48 -0.04392  1.24481e+04
 49 -0.03542  1.20227e+04 | 50 -0.03911  7.44384e+03 | 51 -0.04298  6.01765e+03
 52 -0.03614  5.72130e+03 | 53 -0.03532 -1.53718e+02 | 54 -0.01729 -1.09469e+03
 55  0.00671 -9.08199e+02 | 56 -0.02303 -1.87033e+03 | 57  0.02677 -1.99702e+03
 58  0.01250 -5.26317e+03 | 59  0.04835  1.28225e+03 | 60  0.00046 -6.30072e+03
 61 -0.02691 -7.10021e+03 | 62 -0.00243 -5.66762e+03 | 63  0.02395 -3.41532e+03
 64  0.01531 -2.15255e+03 | 65 -0.00387 -5.17753e+03 | 66  0.02428 -5.69749e+03
 67  0.02026 -4.18434e+03 | 68  0.00858 -3.88966e+03 | 69  0.03708 -4.81831e+03
 70  0.03493 -5.01419e+03 | 71  0.01722 -3.57183e+03 | 72  0.03071  3.47037e+03
 73  0.01393  1.68775e+03 | 74  0.02963  2.08033e+03 | 75 -0.00417  1.77643e+03
1 0 24559.7
1 0 24599.2
1 0 24550.2
1 0 24548.6
1 0 24546.4
1 0 24543.5
1 0 24540.4
1 0 24535.9
1 0 24533.7
1 0 24530.4
1 0 24529
75 variables; iteration 30; function evaluation 42; phase 1
Function value   2.4528991e+04; maximum gradient component mag  -4.5167e+04
Var   Value    Gradient   |Var   Value    Gradient   |Var   Value    Gradient
  1  0.44820  7.11868e+02 |  2  0.40395  8.10969e+02 |  3  0.37121  7.69357e+02
  4  0.35478  8.68379e+02 |  5  0.33141  6.95967e+02 |  6  0.31005  5.52781e+02
  7  0.28907  4.33173e+02 |  8  0.26203  3.00365e+02 |  9  0.22276  1.10793e+02
 10  0.18882  4.46249e+01 | 11  0.16139  3.19066e+01 | 12  0.13552 -3.65107e+01
 13  0.12778 -3.66529e+01 | 14  0.13714  6.26028e+01 | 15  0.13395  1.13288e+01
 16  0.14308  1.29020e+04 | 17  0.24389 -4.22019e+02 | 18  0.00726 -1.41831e+03
 19 -0.01320 -2.13315e+03 | 20 -0.02473 -3.19547e+03 | 21 -0.03358 -7.00877e+03
 22 -0.02201 -6.06944e+03 | 23 -0.01224  7.23156e+02 | 24 -0.00430  1.13843e+03
 25  0.01431  6.69331e+03 | 26  0.00083  2.16632e+03 | 27  0.08221 -9.76922e+02
 28  0.01616  6.43950e+03 | 29  0.02023  7.04664e+03 | 30 -0.01124  3.56382e+02
 31 -0.02621  3.11125e+03 | 32 -0.02315 -3.20620e+03 | 33 -0.00354  1.85110e+03
 34 -0.00398  1.11126e+03 | 35 -0.01081 -1.48162e+03 | 36  0.00702  3.68936e+03
 37  0.00499  1.35259e+03 | 38  0.00200  1.98415e+03 | 39  0.02447  5.61646e+03
 40  0.00332  1.85039e+03 | 41 -0.00956 -2.55868e+02 | 42 -0.02192 -5.18251e+03
 43 -0.02918 -8.38017e+03 | 44 -0.04567 -1.40656e+04 | 45 -0.12593  8.70942e+03
 46  0.13599 -4.51668e+04 | 47 -0.04146  1.29502e+04 | 48 -0.04630  1.09376e+04
 49 -0.03779  1.07363e+04 | 50 -0.03995  6.82372e+03 | 51 -0.04026  6.72357e+03
 52 -0.03704  5.03756e+03 | 53 -0.03707 -5.03386e+02 | 54 -0.01744 -5.07779e+02
 55  0.00653 -1.11505e+03 | 56 -0.02430 -2.01913e+03 | 57  0.02594 -1.31925e+03
 58  0.01752 -3.96197e+03 | 59  0.04639 -1.91544e+02 | 60 -0.00993 -7.12509e+03
 61 -0.02195 -6.58418e+03 | 62  0.00777 -4.82587e+03 | 63  0.02259 -4.48869e+03
 64  0.01437 -3.43690e+03 | 65 -0.00274 -4.93624e+03 | 66  0.02526 -4.54566e+03
 67  0.02199 -3.23122e+03 | 68  0.00770 -3.99486e+03 | 69  0.03905 -3.21040e+03
 70  0.03085 -4.12392e+03 | 71  0.02083 -2.64524e+03 | 72  0.02617  3.06461e+03
 73  0.01357  2.33474e+03 | 74  0.02820  2.30848e+03 | 75  0.00176  1.97563e+03
1 0 24526.6
1 0 24525.4
1 0 24523.8
1 0 24522.3
1 0 24520
1 0 24517.7
1 0 24514.7
1 0 24513.8
1 0 24512.2
1 0 24511.3
75 variables; iteration 40; function evaluation 52; phase 1
Function value   2.4511272e+04; maximum gradient component mag  -4.6287e+04
Var   Value    Gradient   |Var   Value    Gradient   |Var   Value    Gradient
  1  0.44176  5.95598e+02 |  2  0.40373  7.75700e+02 |  3  0.36371  5.51485e+02
  4  0.36566  1.07491e+03 |  5  0.32290  4.79616e+02 |  6  0.30817  4.74900e+02
  7  0.30055  5.01505e+02 |  8  0.28719  4.44375e+02 |  9  0.26195  2.80049e+02
 10  0.23167  1.55539e+02 | 11  0.19943  5.44862e+01 | 12  0.17518  1.55531e+01
 13  0.16126 -7.56767e+00 | 14  0.16116  1.34119e+01 | 15  0.16833  6.54368e+01
 16  0.14378  1.30848e+04 | 17  0.24834 -4.18812e+02 | 18  0.00641 -1.69042e+03
 19 -0.01373 -2.23464e+03 | 20 -0.02486 -3.15187e+03 | 21 -0.03317 -6.80464e+03
 22 -0.02282 -6.44991e+03 | 23 -0.01227  9.61526e+02 | 24 -0.00455  1.16928e+03
 25  0.01203  5.86499e+03 | 26  0.00076  2.15581e+03 | 27  0.08241 -1.00323e+03
 28  0.01716  6.75658e+03 | 29  0.02052  7.16532e+03 | 30 -0.01152  2.64697e+02
 31 -0.02613  3.52455e+03 | 32 -0.02349 -3.17520e+03 | 33 -0.00337  1.69410e+03
 34 -0.00291  1.83354e+03 | 35 -0.01064 -1.38511e+03 | 36  0.00523  3.21613e+03
 37  0.00430  1.20688e+03 | 38  0.00154  1.64807e+03 | 39  0.02508  5.86045e+03
 40  0.00372  2.79773e+03 | 41 -0.01058 -1.26698e+03 | 42 -0.02122 -5.13988e+03
 43 -0.02831 -8.23531e+03 | 44 -0.04543 -1.37787e+04 | 45 -0.12678  8.63133e+03
 46  0.13649 -4.62874e+04 | 47 -0.04297  1.16805e+04 | 48 -0.04692  1.07512e+04
 49 -0.03881  1.03092e+04 | 50 -0.04015  6.82386e+03 | 51 -0.04048  6.88593e+03
 52 -0.03809  4.76472e+03 | 53 -0.03732 -5.72242e+02 | 54 -0.01773 -5.85970e+02
 55  0.00640 -1.72413e+02 | 56 -0.02368 -1.73237e+03 | 57  0.02566 -8.90637e+02
 58  0.01788 -3.88117e+03 | 59  0.04602 -2.28382e+02 | 60 -0.01045 -7.18178e+03
 61 -0.02151 -6.57312e+03 | 62  0.00567 -4.91128e+03 | 63  0.02291 -4.61240e+03
 64  0.01370 -3.84664e+03 | 65 -0.00132 -4.85031e+03 | 66  0.02439 -4.13316e+03
 67  0.02185 -2.86602e+03 | 68  0.00743 -3.73692e+03 | 69  0.03832 -3.98209e+03
 70  0.02924 -4.67838e+03 | 71  0.02048 -2.42025e+03 | 72  0.02706  3.49143e+03
 73  0.01483  2.74697e+03 | 74  0.02842  2.29878e+03 | 75  0.00916  2.06546e+03
1 0 24510.1
1 0 24508.8
1 0 24507
1 0 24506.2
1 0 24505
1 0 24504.1
1 0 24503.4
1 0 24503.3
1 0 24503.2
1 0 24502.1
1 0 24502.2
1 0 24501.5
75 variables; iteration 50; function evaluation 64; phase 1
Function value   2.4501600e+04; maximum gradient component mag  -4.6246e+04
Var   Value    Gradient   |Var   Value    Gradient   |Var   Value    Gradient
  1  0.43913  5.52841e+02 |  2  0.40364  7.38315e+02 |  3  0.37139  6.81258e+02
  4  0.35873  8.63700e+02 |  5  0.32944  5.86776e+02 |  6  0.30772  4.60246e+02
  7  0.29140  3.83306e+02 |  8  0.27817  3.36820e+02 |  9  0.26307  2.54765e+02
 10  0.25080  2.23116e+02 | 11  0.23599  1.91814e+02 | 12  0.21217  7.67983e+01
 13  0.19722  1.93984e+01 | 14  0.20110  1.00414e+02 | 15  0.19979  7.98292e+01
 16  0.14391  1.29850e+04 | 17  0.25017 -4.05339e+02 | 18  0.00636 -1.65555e+03
 19 -0.01406 -2.44195e+03 | 20 -0.02475 -3.04416e+03 | 21 -0.03300 -6.60215e+03
 22 -0.02315 -6.47776e+03 | 23 -0.01255  9.17100e+02 | 24 -0.00396  1.39052e+03
 25  0.01210  5.87724e+03 | 26  0.00070  2.02644e+03 | 27  0.08246 -9.94594e+02
 28  0.01665  6.82965e+03 | 29  0.02073  7.07448e+03 | 30 -0.01134  4.07025e+02
 31 -0.02640  3.42455e+03 | 32 -0.02452 -3.67777e+03 | 33 -0.00268  1.97429e+03
 34 -0.00310  1.65956e+03 | 35 -0.01113 -1.59936e+03 | 36  0.00471  3.03022e+03
 37  0.00405  1.13871e+03 | 38  0.00188  2.05236e+03 | 39  0.02404  5.61579e+03
 40  0.00421  2.87590e+03 | 41 -0.00986 -1.08570e+03 | 42 -0.02121 -5.29133e+03
 43 -0.02861 -8.38327e+03 | 44 -0.04526 -1.35254e+04 | 45 -0.12709  8.60590e+03
 46  0.13647 -4.62463e+04 | 47 -0.04321  1.13338e+04 | 48 -0.04678  1.08635e+04
 49 -0.03850  1.05329e+04 | 50 -0.04027  6.69329e+03 | 51 -0.04073  6.75348e+03
 52 -0.03840  4.66361e+03 | 53 -0.03792 -7.30753e+02 | 54 -0.01746 -6.88091e+02
 55  0.00628 -2.35473e+02 | 56 -0.02298 -1.58678e+03 | 57  0.02543 -1.36723e+03
 58  0.01690 -4.22182e+03 | 59  0.04652  1.79285e+02 | 60 -0.01014 -7.08221e+03
 61 -0.02073 -6.36259e+03 | 62  0.00386 -4.75285e+03 | 63  0.02441 -4.43499e+03
 64  0.01268 -3.71403e+03 | 65  0.00047 -4.50434e+03 | 66  0.02460 -3.57431e+03
 67  0.02206 -2.73571e+03 | 68  0.00757 -3.83531e+03 | 69  0.03800 -3.90522e+03
 70  0.02982 -4.63605e+03 | 71  0.02133 -2.21570e+03 | 72  0.02707  3.66513e+03
 73  0.01516  2.84060e+03 | 74  0.02913  2.43213e+03 | 75  0.00805  2.10517e+03
1 0 24500.8
1 0 24500.6
1 0 24500.5
1 0 24500.3
1 0 24500.7
1 0 24500.2
1 0 24500.1
1 0 24499.8
1 0 24499.5
1 0 24499.3
1 0 24499.1
1 0 24498.8
75 variables; iteration 60; function evaluation 76; phase 1
Function value   2.4498840e+04; maximum gradient component mag  -4.5848e+04
Var   Value    Gradient   |Var   Value    Gradient   |Var   Value    Gradient
  1  0.43952  5.53410e+02 |  2  0.40391  7.38975e+02 |  3  0.37100  6.67999e+02
  4  0.35934  8.75149e+02 |  5  0.32821  5.63011e+02 |  6  0.30706  4.48123e+02
  7  0.29246  3.95506e+02 |  8  0.27875  3.47539e+02 |  9  0.26005  2.37239e+02
 10  0.24426  1.77131e+02 | 11  0.23193  1.55285e+02 | 12  0.21804  9.79964e+01
 13  0.21023  6.59012e+01 | 14  0.21408  1.22537e+02 | 15  0.21432  1.15086e+02
 16  0.14395  1.29081e+04 | 17  0.25011 -3.80609e+02 | 18  0.00628 -1.63598e+03
 19 -0.01421 -2.43153e+03 | 20 -0.02475 -3.00735e+03 | 21 -0.03296 -6.58749e+03
 22 -0.02311 -6.45515e+03 | 23 -0.01257  9.15991e+02 | 24 -0.00360  1.46717e+03
 25  0.01190  5.83925e+03 | 26  0.00055  2.00758e+03 | 27  0.08257 -9.65978e+02
 28  0.01669  6.83798e+03 | 29  0.02083  7.13885e+03 | 30 -0.01136  4.52825e+02
 31 -0.02663  3.22847e+03 | 32 -0.02459 -3.66270e+03 | 33 -0.00316  1.88128e+03
 34 -0.00284  1.77047e+03 | 35 -0.01096 -1.47058e+03 | 36  0.00595  3.18279e+03
 37  0.00399  1.06222e+03 | 38  0.00244  2.12067e+03 | 39  0.02366  5.61806e+03
 40  0.00391  2.82673e+03 | 41 -0.00995 -1.13020e+03 | 42 -0.02100 -5.23579e+03
 43 -0.02836 -8.21057e+03 | 44 -0.04533 -1.34307e+04 | 45 -0.12744  8.42811e+03
 46  0.13646 -4.58476e+04 | 47 -0.04311  1.14161e+04 | 48 -0.04699  1.07037e+04
 49 -0.03870  1.03679e+04 | 50 -0.04025  6.65714e+03 | 51 -0.04068  6.73646e+03
 52 -0.03846  4.61800e+03 | 53 -0.03828 -8.38726e+02 | 54 -0.01699 -6.31196e+02
 55  0.00628 -1.69361e+02 | 56 -0.02334 -1.65971e+03 | 57  0.02539 -1.40462e+03
 58  0.01691 -4.24959e+03 | 59  0.04650  9.12307e+01 | 60 -0.01079 -7.15033e+03
 61 -0.01996 -6.35017e+03 | 62  0.00370 -4.78039e+03 | 63  0.02400 -4.44390e+03
 64  0.01346 -3.71918e+03 | 65 -0.00185 -4.74053e+03 | 66  0.02579 -3.55296e+03
 67  0.02096 -2.80938e+03 | 68  0.00959 -3.69988e+03 | 69  0.03786 -3.96662e+03
 70  0.02952 -4.65061e+03 | 71  0.02135 -2.22715e+03 | 72  0.02733  3.62780e+03
 73  0.01527  2.73551e+03 | 74  0.02890  2.28732e+03 | 75  0.00697  2.03842e+03
1 0 24498.4
1 0 24497.8
1 0 24496.8
1 0 24494.9
1 0 24492.7
1 0 24488.4
1 0 24459.8
1 0 24420
1 0 24342.2
1 0 23772
1 0 24751.4
1 0 23545.1
1 0 23159.6
75 variables; iteration 70; function evaluation 89; phase 1
Function value   2.3159644e+04; maximum gradient component mag  -2.8481e+04
Var   Value    Gradient   |Var   Value    Gradient   |Var   Value    Gradient
  1  0.37051  6.47685e+02 |  2  0.31648  5.11534e+02 |  3  0.26938  2.11482e+02
  4  0.27443  6.40166e+02 |  5  0.25232  5.62226e+02 |  6  0.19515  5.14596e+01
  7  0.17537 -3.65896e+01 |  8  0.20665  3.99465e+02 |  9  0.19337  3.78226e+02
 10  0.12722 -3.06981e+02 | 11  0.17444  3.17178e+02 | 12  0.17042  4.99601e+02
 13  0.05560 -5.78373e+02 | 14  0.12104 -5.26811e+01 | 15  0.22141  7.92963e+02
 16  0.11319  3.74396e+03 | 17  0.16522  3.60316e+02 | 18  0.00550 -4.16731e+03
 19 -0.01730 -2.66806e+03 | 20 -0.02140 -2.12748e+03 | 21 -0.02108 -2.60401e+03
 22 -0.01226 -2.35153e+03 | 23 -0.01075  5.21251e+02 | 24 -0.00843  1.42975e+02
 25 -0.00059  2.61161e+03 | 26  0.00383  3.06812e+03 | 27  0.08784  3.89607e+02
 28  0.00535 -6.25159e+02 | 29  0.01396  5.78534e+03 | 30 -0.00235 -1.89003e+03
 31 -0.00965  1.28721e+03 | 32 -0.00584 -3.34090e+02 | 33 -0.00275  1.80978e+03
 34 -0.00128  3.46641e+03 | 35 -0.00638  9.23816e+02 | 36 -0.00823 -2.48007e+03
 37  0.00635  3.34710e+03 | 38  0.00976  3.72061e+03 | 39  0.01568  3.58920e+03
 40  0.00298  1.92702e+03 | 41 -0.00433 -1.16241e+03 | 42 -0.01095 -4.72352e+03
 43 -0.02036 -7.24870e+03 | 44 -0.02543 -3.56668e+03 | 45 -0.12746  1.86850e+03
 46  0.13925 -2.84813e+04 | 47 -0.03728  2.04586e+04 | 48 -0.05245  1.00351e+04
 49 -0.04544  8.38151e+03 | 50 -0.04250  5.22329e+03 | 51 -0.04218  4.47738e+03
 52 -0.04191  2.38833e+03 | 53 -0.03653 -8.87524e+02 | 54 -0.01825 -6.59434e+02
 55 -0.00294 -7.62857e+02 | 56 -0.02449 -2.22202e+03 | 57  0.02710 -1.98567e+03
 58  0.00272 -4.38693e+03 | 59  0.03860  8.01318e+02 | 60  0.00683 -3.51894e+03
 61  0.00557 -3.05109e+03 | 62  0.01495 -2.51773e+03 | 63  0.01349 -4.85979e+03
 64  0.01111 -5.79192e+03 | 65  0.00310 -4.76212e+03 | 66  0.01032 -3.76665e+03
 67  0.01852 -4.71942e+03 | 68  0.01137 -5.15695e+03 | 69  0.03419 -4.35758e+03
 70  0.01745 -4.95997e+03 | 71  0.02755  1.73967e+02 | 72  0.02463  3.37211e+03
 73  0.01693  5.54507e+02 | 74  0.03366  9.71901e+02 | 75  0.02556  1.28777e+03
1 0 29782.7
1 0 23144.7
1 0 23338.6
1 0 23143.8
1 0 23142.8
1 0 23140.8
1 0 23126
1 0 23092.8
1 0 22801.5
1 0 22813.6
1 0 22648
1 0 54081.1
1 0 23927.1
1 0 22646.4
1 0 22643.3
1 0 22612.7
1 0 22352.1
1 0 21988.8
1 0 21879.5
75 variables; iteration 80; function evaluation 108; phase 1
Function value   2.1879481e+04; maximum gradient component mag  -4.4027e+03
Var   Value    Gradient   |Var   Value    Gradient   |Var   Value    Gradient
  1  0.09264 -4.63032e+02 |  2  0.09501 -2.46403e+01 |  3  0.08125 -7.87913e+01
  4  0.06169 -9.90203e+01 |  5  0.04509 -8.64737e+01 |  6  0.03096 -7.82841e+01
  7  0.02000 -9.05219e+01 |  8  0.01814 -2.05178e+01 |  9  0.00322 -1.26864e+02
 10  0.01173  6.17164e+01 | 11 -0.01734 -1.36396e+02 | 12 -0.01551 -8.17650e+01
 13 -0.00003  3.46023e+00 | 14 -0.00175 -5.77324e+01 | 15 -0.00201 -5.43116e+01
 16  0.09839 -1.93824e+01 | 17  0.05316  3.08189e+03 | 18  0.00877 -5.87110e+02
 19 -0.00863 -4.88027e+02 | 20 -0.01014  7.72237e+01 | 21 -0.00720  1.15556e+03
 22 -0.00047  1.77326e+03 | 23 -0.00470 -6.45626e+02 | 24 -0.00830  6.85359e+01
 25 -0.01363 -1.75344e+03 | 26 -0.00032 -2.55120e+01 | 27  0.09189  1.04570e+03
 28  0.00777  2.17218e+02 | 29 -0.00899 -3.28460e+03 | 30 -0.00130 -1.77289e+02
 31 -0.00133 -2.23757e+02 | 32  0.00294  2.66581e+03 | 33  0.00311  6.40262e+02
 34  0.00285 -1.45537e+02 | 35  0.00528  3.81206e+02 | 36  0.00270 -4.24003e+02
 37 -0.00002 -2.29189e+02 | 38  0.00049 -7.08697e+02 | 39 -0.00190 -1.65811e+03
 40  0.00314  7.99132e+02 | 41  0.00696  1.64836e+02 | 42  0.00414 -1.22044e+03
 43  0.00371 -1.29742e+03 | 44 -0.00576  4.17365e+01 | 45 -0.12510  4.27274e+02
 46  0.14486 -1.57914e+03 | 47 -0.05383  2.42013e+03 | 48 -0.06438  1.46219e+03
 49 -0.05827 -6.61210e+01 | 50 -0.04780 -3.53568e+02 | 51 -0.04825 -1.12215e+03
 52 -0.04513 -5.88931e+02 | 53 -0.03021  1.47534e+02 | 54 -0.02002  6.43083e+01
 55 -0.01505 -2.41028e+02 | 56 -0.01860  6.51174e+00 | 57  0.02586 -7.48873e+02
 58  0.01597  5.15850e+02 | 59  0.02061  1.39320e+03 | 60  0.02162  2.74171e+03
 61 -0.00371 -4.40267e+03 | 62  0.01700 -1.24298e+03 | 63  0.01216 -1.69509e+03
 64  0.01359 -5.54337e+02 | 65  0.01836  9.97357e+02 | 66  0.01465 -4.81153e+02
 67  0.01382 -9.77819e+02 | 68  0.01733  3.07670e+02 | 69  0.02057 -4.24187e+02
 70  0.02424 -9.99336e+02 | 71  0.02369  1.53892e+02 | 72  0.02310  1.09528e+03
 73  0.02809  1.85747e+03 | 74  0.04223  6.25575e+02 | 75  0.05215  1.34017e+02
1 0 21772.2
1 0 21668.4
1 0 21504.8
1 0 21893.1
1 0 21418.3
1 0 21279.8
1 0 21155.9
1 0 21113
1 0 21058.7
1 0 21044.7
1 0 21026
75 variables; iteration 90; function evaluation 119; phase 1
Function value   2.1026009e+04; maximum gradient component mag   2.0137e+03
Var   Value    Gradient   |Var   Value    Gradient   |Var   Value    Gradient
  1  0.24039 -6.03697e+02 |  2  0.17091 -2.06419e+02 |  3  0.08773 -1.10270e+02
  4  0.03510 -8.25828e+01 |  5  0.00947 -4.30168e+01 |  6 -0.00205 -1.37813e+01
  7 -0.00859 -1.66737e+01 |  8 -0.00946 -1.55844e+01 |  9 -0.00502  3.14534e+00
 10 -0.00086 -3.52074e+00 | 11  0.00505  1.85305e+01 | 12  0.00617  8.82924e+00
 13  0.00541 -3.24395e+00 | 14  0.00636 -9.21927e+00 | 15  0.01082  1.75778e+01
 16  0.09520  5.86821e+02 | 17 -0.01121  1.01873e+03 | 18 -0.00465 -3.84568e+02
 19 -0.00940 -3.53066e+02 | 20 -0.00915 -1.59016e+02 | 21 -0.00817 -2.91055e+01
 22 -0.00303 -4.69975e+02 | 23 -0.00451 -3.03692e+02 | 24 -0.00611 -3.50360e+01
 25 -0.00719  5.16840e+01 | 26  0.00287  1.08001e+02 | 27  0.09798  1.00712e+03
 28  0.00993 -5.58414e+01 | 29 -0.00131  4.09968e+02 | 30 -0.00008  2.02164e+02
 31 -0.00008 -5.94425e+02 | 32  0.00282  1.13661e+02 | 33  0.00071 -2.35795e+02
 34  0.00318 -2.16270e+02 | 35  0.00434  5.65633e+01 | 36  0.00442 -3.47973e+02
 37  0.00471  1.36923e+01 | 38  0.00627  2.73458e+02 | 39  0.00477  2.34189e+01
 40  0.00545 -5.81443e+01 | 41  0.00808 -1.59801e+02 | 42  0.00657 -1.93380e+02
 43  0.00812  1.51561e+02 | 44  0.00578  1.50464e+03 | 45 -0.11115 -1.22239e+03
 46  0.14298 -1.06017e+03 | 47 -0.06931  2.01374e+03 | 48 -0.06836 -4.44459e+02
 49 -0.05636 -2.97174e+02 | 50 -0.04540  2.18280e+02 | 51 -0.04550  4.64165e+02
 52 -0.04439  2.59244e+02 | 53 -0.03019  4.35950e+02 | 54 -0.01858 -2.23583e+01
 55 -0.01044  1.67810e+02 | 56 -0.01695 -1.33508e+02 | 57  0.02706 -5.60330e+01
 58  0.01773 -4.90806e+02 | 59  0.02176 -5.78271e+02 | 60  0.01641 -1.71591e+02
 61  0.01387 -1.82153e+00 | 62  0.01546  7.54990e+01 | 63  0.01614 -2.75418e+01
 64  0.01461 -2.43612e+02 | 65  0.01662  3.08878e+02 | 66  0.01794  2.78570e+02
 67  0.01806 -2.49337e+02 | 68  0.01917 -2.28555e+02 | 69  0.02525  1.76803e+02
 70  0.02740 -1.96951e+01 | 71  0.02471 -4.20477e+01 | 72  0.02250 -4.02308e+02
 73  0.02254 -7.75736e+02 | 74  0.03344 -3.01013e+02 | 75  0.03440  5.48231e+01
1 0 21049.9
1 0 21019.9
1 0 21012.9
1 0 21008.9
1 0 21006.5
1 0 21004.2
1 0 21002.6
1 0 21001.2
1 0 21000.2
1 0 20999.1
1 0 20997.4
75 variables; iteration 100; function evaluation 130; phase 1
Function value   2.0997413e+04; maximum gradient component mag  -2.2900e+03
Var   Value    Gradient   |Var   Value    Gradient   |Var   Value    Gradient
  1  0.23745  1.55316e+02 |  2  0.17680  1.29394e+01 |  3  0.11074 -2.94947e+01
  4  0.07290 -6.38565e+00 |  5  0.05096  1.28407e+01 |  6  0.03399  1.65339e+01
  7  0.01811  5.57383e+00 |  8  0.00480  7.36840e+00 |  9 -0.00757 -3.57642e+00
 10 -0.01647  1.36155e+01 | 11 -0.02751 -7.88787e+00 | 12 -0.03466 -5.39917e+00
 13 -0.03888  4.34258e-01 | 14 -0.04205 -2.10799e+00 | 15 -0.04349 -1.20633e+00
 16  0.09125  4.92273e+02 | 17 -0.02128 -4.08188e+02 | 18 -0.00539  2.27599e+02
 19 -0.00678 -1.95775e+02 | 20 -0.00753 -2.30758e+01 | 21 -0.00721 -3.31528e+01
 22 -0.00151 -7.03958e+01 | 23 -0.00310 -2.14776e+02 | 24 -0.00473  8.00298e+01
 25 -0.00649 -9.33733e+01 | 26  0.00359  1.89409e+02 | 27  0.09271  9.51319e+02
 28  0.01092  5.72419e+01 | 29 -0.00139 -2.12183e+02 | 30  0.00088  3.36770e+02
 31  0.00123 -4.14100e+02 | 32  0.00421  2.37759e+02 | 33  0.00252  1.58368e+02
 34  0.00467 -7.32218e+01 | 35  0.00564  1.70490e+02 | 36  0.00541 -1.42819e+02
 37  0.00583  1.72377e+02 | 38  0.00674  5.46125e+01 | 39  0.00526  1.39174e+02
 40  0.00611 -2.12834e+02 | 41  0.00943 -7.85693e+01 | 42  0.00794 -3.50868e+01
 43  0.00767 -4.81927e+01 | 44 -0.00019 -3.71288e+02 | 45 -0.11546 -1.59295e+02
 46  0.14301 -2.29001e+03 | 47 -0.07670  4.11067e+02 | 48 -0.06650  2.29176e+02
 49 -0.05543  2.65381e+01 | 50 -0.04553  2.23279e+02 | 51 -0.04589  2.61905e+02
 52 -0.04452  1.02883e+02 | 53 -0.03041  2.24820e+02 | 54 -0.01829  8.06394e+00
 55 -0.01091  4.19535e+01 | 56 -0.01734 -1.97091e+02 | 57  0.02708  1.18825e+01
 58  0.01822 -4.99298e+01 | 59  0.02147 -3.26818e+02 | 60  0.01656 -4.89365e+01
 61  0.01369 -4.39345e+01 | 62  0.01556 -2.15140e+01 | 63  0.01594 -2.47026e+02
 64  0.01505 -2.16682e+02 | 65  0.01637  9.46195e+01 | 66  0.01702 -1.76022e+02
 67  0.01872 -1.28549e+02 | 68  0.01833 -4.61149e+02 | 69  0.02463 -9.82197e+00
 70  0.02736  4.46494e+01 | 71  0.02512  7.72524e+01 | 72  0.02365 -1.26975e+02
 73  0.02458  1.18265e+02 | 74  0.03541  7.81768e+01 | 75  0.03638  1.14233e+02
1 0 20994.8
1 0 20990.5
1 0 20969.4
1 0 30130.9
1 0 20744
1 0 292481
1 0 20743.9
1 0 20743.6
1 0 20740.6
1 0 20734.1
1 0 20767.2
1 0 20707.9
1 0 20711.1
1 0 20701
1 0 20688.5
1 0 20666.5
1 0 20631.1
75 variables; iteration 110; function evaluation 147; phase 1
Function value   2.0631115e+04; maximum gradient component mag   4.7096e+03
Var   Value    Gradient   |Var   Value    Gradient   |Var   Value    Gradient
  1  0.25591  2.98344e+02 |  2  0.20215  5.02660e+00 |  3  0.14453  6.06441e+01
  4  0.09739 -1.04031e+02 |  5  0.10068 -2.01777e+01 |  6  0.13424  1.85940e+02
  7  0.16987  5.20221e+02 |  8  0.19064  8.98986e+02 |  9  0.18303  8.19274e+02
 10  0.14689  3.21409e+02 | 11  0.11773  1.78155e+02 | 12  0.09038  1.02551e+02
 13  0.06261  4.02129e+01 | 14  0.03915 -4.05237e+00 | 15  0.02655 -1.79045e+01
 16  0.08640  1.31052e+03 | 17  0.00840 -3.30660e+03 | 18 -0.00404  1.24453e+03
 19 -0.00273  2.33137e+02 | 20 -0.00667 -4.40549e+02 | 21 -0.00662 -1.61049e+02
 22 -0.00017 -5.92148e+00 | 23 -0.00111 -6.76082e+01 | 24 -0.00355 -2.33781e+02
 25 -0.00530  9.96454e+01 | 26  0.00319  5.29161e+02 | 27  0.02117  4.70959e+03
 28  0.00944  8.11733e+02 | 29  0.00031  5.68282e+01 | 30  0.00093 -9.49260e+02
 31  0.00372  3.16384e+02 | 32  0.00497 -2.24694e+02 | 33  0.00270 -5.42050e+02
 34  0.00670  2.16342e+01 | 35  0.00620 -1.79909e+02 | 36  0.00680  1.67092e+02
 37  0.00665 -6.39260e+02 | 38  0.00898  7.29066e+01 | 39  0.00596 -7.33365e+02
 40  0.00802  2.16971e+02 | 41  0.01083 -4.27886e+02 | 42  0.00947 -2.39849e+02
 43  0.00941 -4.29270e+02 | 44  0.00437 -3.54908e+02 | 45 -0.10867  3.84931e+02
 46  0.14297  2.59704e+03 | 47 -0.08329 -3.96705e+02 | 48 -0.06342  7.85393e+02
 49 -0.05415  7.54143e+01 | 50 -0.04615 -1.88861e+02 | 51 -0.04712 -3.99602e+02
 52 -0.04396 -1.49361e+02 | 53 -0.03069 -2.29350e+02 | 54 -0.01730 -1.03057e+02
 55 -0.01205 -1.11248e+03 | 56 -0.00839 -2.39842e+03 | 57  0.02359  3.39072e+03
 58  0.01837 -9.09759e+01 | 59  0.02199  5.59821e+01 | 60  0.01666 -1.11206e+02
 61  0.01547  2.35352e+02 | 62  0.01406 -3.30115e+02 | 63  0.01718  1.61842e+02
 64  0.01647  1.10169e+02 | 65  0.01419 -7.82308e+02 | 66  0.01822  4.21219e+01
 67  0.01821 -1.14956e+02 | 68  0.02175  8.34749e+02 | 69  0.02377 -1.33539e+00
 70  0.02855  2.67822e+02 | 71  0.02503  8.43991e+01 | 72  0.02472  3.12810e+02
 73  0.02264  7.65573e+01 | 74  0.03193  2.14204e+01 | 75  0.03318 -1.17370e+02
1 0 20595.4
1 0 20585.5
1 0 20573.7
1 0 20559.3
1 0 20546.7
1 0 20526.3
1 0 20493.6
1 0 20447.5
1 0 20411.9
1 0 20392.9
75 variables; iteration 120; function evaluation 157; phase 1
Function value   2.0392918e+04; maximum gradient component mag  -3.2627e+03
Var   Value    Gradient   |Var   Value    Gradient   |Var   Value    Gradient
  1  0.25088 -5.17576e+02 |  2  0.19739 -8.11590e+01 |  3  0.12885 -3.70240e+01
  4  0.08293  1.37813e+01 |  5  0.04239 -3.74199e+01 |  6  0.01741 -5.96801e+01
  7  0.01289 -3.41974e+01 |  8  0.02109  5.23656e+01 |  9  0.01671  2.02039e+01
 10  0.00925  2.26404e+01 | 11 -0.00241  2.33939e+01 | 12 -0.01906  6.18590e+00
 13 -0.03617  7.15735e+00 | 14 -0.05449  1.14030e+01 | 15 -0.07569 -6.84241e+01
 16  0.07599  3.41972e+02 | 17  0.00084  1.47870e+03 | 18 -0.00063 -6.15841e+02
 19 -0.00293 -2.23741e+02 | 20 -0.00430 -3.34711e+01 | 21 -0.00351  6.88357e+01
 22  0.00272  2.02369e+02 | 23  0.00119 -1.94018e+01 | 24 -0.00140  4.77266e+01
 25 -0.00474 -1.69543e+02 | 26  0.00059  2.02116e+02 | 27  0.00062 -8.32492e+00
 28  0.00128 -2.72009e+02 | 29  0.00048 -1.88522e+02 | 30  0.00415  3.48048e+02
 31  0.00637  4.02223e+02 | 32  0.00796  1.52428e+02 | 33  0.00628  9.84868e+00
 34  0.00875  3.18320e+01 | 35  0.00923  1.85290e+02 | 36  0.00941  1.00014e+00
 37  0.00954  8.35966e+01 | 38  0.00975 -1.99164e+02 | 39  0.00759  3.11563e+01
 40  0.00867 -2.63527e+02 | 41  0.01293 -1.15112e+02 | 42  0.01125 -3.26147e+02
 43  0.01051 -5.26873e+02 | 44  0.00121 -7.03038e+02 | 45 -0.11441  4.27354e+02
 46  0.14338 -3.26274e+03 | 47 -0.07548  1.58690e+02 | 48 -0.06542  6.65600e+02
 49 -0.05617 -5.78206e+01 | 50 -0.04631  5.60858e+01 | 51 -0.04672  4.91555e-02
 52 -0.04433  7.25517e+01 | 53 -0.03059  3.15840e+01 | 54 -0.01721  9.45948e+01
 55 -0.00942 -3.47971e+02 | 56 -0.00170 -4.93822e+02 | 57  0.01014  1.60107e+02
 58  0.01686 -2.25824e+01 | 59  0.01887 -1.01835e+03 | 60  0.01697 -1.78372e+02
 61  0.01324 -3.32076e+02 | 62  0.01500 -7.33858e+01 | 63  0.01627 -1.31952e+00
 64  0.01486 -1.60412e+02 | 65  0.01531 -1.34002e+02 | 66  0.01762  8.77545e+01
 67  0.01826 -5.65601e+00 | 68  0.01901 -8.11800e+01 | 69  0.02209 -5.73506e+02
 70  0.02694 -1.52782e+01 | 71  0.02469  1.91484e+02 | 72  0.02426  5.12870e+02
 73  0.02579  8.80899e+02 | 74  0.03782  4.37861e+02 | 75  0.03899  1.61223e+02
1 0 20386.5
1 0 20383.3
1 0 20380.7
1 0 20379.3
1 0 20378.8
1 0 20378.6
1 0 20378.5
1 0 20378.4
1 0 20378.4
1 0 20378.3
75 variables; iteration 130; function evaluation 167; phase 1
Function value   2.0378325e+04; maximum gradient component mag  -9.3933e+01
Var   Value    Gradient   |Var   Value    Gradient   |Var   Value    Gradient
  1  0.24364 -2.38465e+00 |  2  0.18814 -2.08641e-01 |  3  0.12494  2.18177e+00
  4  0.08122  1.56673e+00 |  5  0.05021 -1.07601e+00 |  6  0.02642 -2.74049e-01
  7  0.00680 -1.88429e+00 |  8 -0.00958 -9.08727e+00 |  9 -0.02137 -6.89532e+00
 10 -0.02964 -4.40643e+00 | 11 -0.03536 -9.15019e-01 | 12 -0.03971 -6.15341e-01
 13 -0.04289 -7.11825e-01 | 14 -0.04492  6.78009e-02 | 15 -0.04606 -8.65352e-01
 16  0.07678  1.58391e+01 | 17 -0.00959  6.90983e+01 | 18 -0.00179 -1.76452e+01
 19 -0.00274 -5.33195e+00 | 20 -0.00396 -2.91856e+00 | 21 -0.00390 -4.98185e+00
 22  0.00200 -8.55830e+00 | 23  0.00067  3.85332e+00 | 24 -0.00172 -1.35187e+00
 25 -0.00431  5.06549e+00 | 26  0.00079  1.48126e+01 | 27  0.00069  4.18915e+01
 28  0.00187  1.22668e+00 | 29  0.00175  1.25130e+01 | 30  0.00415 -3.86399e+01
 31  0.00525 -6.75591e+00 | 32  0.00729 -2.69198e+00 | 33  0.00574 -5.23468e+00
 34  0.00846  9.77469e+00 | 35  0.00879 -5.95382e+00 | 36  0.00897  4.36111e+00
 37  0.00920 -4.58728e+00 | 38  0.01033 -1.08761e+01 | 39  0.00851 -5.01699e+00
 40  0.00963 -2.28713e+01 | 41  0.01310 -1.51291e+01 | 42  0.01180 -1.02709e+01
 43  0.01191 -6.78342e+00 | 44  0.00568  1.88578e+01 | 45 -0.10909 -8.24701e+00
 46  0.14303 -9.39333e+01 | 47 -0.07701 -2.65531e+01 | 48 -0.06667 -8.75476e+00
 49 -0.05495  2.36089e+00 | 50 -0.04582  1.01997e+00 | 51 -0.04638  3.45819e+00
 52 -0.04421  6.85869e+00 | 53 -0.03042 -2.74140e+00 | 54 -0.01723 -2.93059e+00
 55 -0.00827 -2.12229e+01 | 56 -0.00034 -2.70338e+01 | 57  0.00983  3.39162e+01
 58  0.01741  5.06474e+00 | 59  0.02194 -3.40989e+01 | 60  0.01684  8.21602e+00
 61  0.01396  8.30986e+00 | 62  0.01520  4.91890e+00 | 63  0.01652  2.49221e+00
 64  0.01556  9.02380e+00 | 65  0.01590 -2.89641e+00 | 66  0.01750 -2.91387e+00
 67  0.01865  3.85611e+00 | 68  0.01953  2.99781e+01 | 69  0.02421 -3.32196e+01
 70  0.02745  1.91620e-01 | 71  0.02499  1.34072e+01 | 72  0.02404  1.70540e+01
 73  0.02371  3.53632e+00 | 74  0.03383  3.80863e+00 | 75  0.03382  4.29404e+00
1 0 20378.3
1 0 20378.2
1 0 20378.2
1 0 20378.1
1 0 20378.1
1 0 20378.1
1 0 20378.1
1 0 20378.1
1 0 20378.1
1 0 20378.1
75 variables; iteration 140; function evaluation 177; phase 1
Function value   2.0378093e+04; maximum gradient component mag  -5.9184e+00
Var   Value    Gradient   |Var   Value    Gradient   |Var   Value    Gradient
  1  0.24158  7.62397e-01 |  2  0.18530  6.06197e-01 |  3  0.12240  9.98530e-02
  4  0.08003 -1.11316e+00 |  5  0.05171  5.87741e-01 |  6  0.03080  4.49848e-01
  7  0.01457  1.79024e-01 |  8  0.00167  5.28517e-01 |  9 -0.00881 -5.53021e-02
 10 -0.01722 -9.18144e-02 | 11 -0.02387 -2.23543e-01 | 12 -0.02897 -1.18906e-01
 13 -0.03268 -1.31053e-01 | 14 -0.03511 -1.44545e-01 | 15 -0.03631 -1.06612e-01
 16  0.07646 -3.25146e+00 | 17 -0.01134 -1.42762e+00 | 18 -0.00190  2.36836e+00
 19 -0.00269  7.34319e-01 | 20 -0.00389 -4.63332e-01 | 21 -0.00382 -7.52288e-02
 22  0.00208 -7.96107e-01 | 23  0.00074  6.00356e-01 | 24 -0.00165  6.03974e-01
 25 -0.00426  9.66378e-01 | 26  0.00080  1.91021e+00 | 27  0.00057 -1.07465e+00
 28  0.00185 -7.04510e-01 | 29  0.00184  2.16666e+00 | 30  0.00431 -4.00178e+00
 31  0.00533 -5.20673e+00 | 32  0.00737 -1.46765e-01 | 33  0.00583  1.34831e+00
 34  0.00851  3.02684e-01 | 35  0.00887 -3.57888e-01 | 36  0.00905  4.40682e-01
 37  0.00928 -9.89590e-01 | 38  0.01042 -8.18647e-01 | 39  0.00865  2.34341e+00
 40  0.00981 -3.33920e+00 | 41  0.01322 -1.47730e+00 | 42  0.01189  2.09405e+00
 43  0.01199  2.75803e+00 | 44  0.00570  5.43964e+00 | 45 -0.10907 -3.63799e+00
 46  0.14303  4.80198e+00 | 47 -0.07717 -7.58536e-01 | 48 -0.06669 -1.59541e+00
 49 -0.05495  3.23482e+00 | 50 -0.04582  4.47849e-02 | 51 -0.04637  1.53541e+00
 52 -0.04422 -7.00964e-01 | 53 -0.03041 -4.37130e-01 | 54 -0.01722  1.12923e-02
 55 -0.00821  1.43569e+00 | 56 -0.00029  1.17602e+00 | 57  0.00968  3.09436e+00
 58  0.01736  1.22491e+00 | 59  0.02204 -2.76209e+00 | 60  0.01685  1.19796e+00
 61  0.01395  9.03951e-01 | 62  0.01520  1.20253e+00 | 63  0.01652 -9.07379e-02
 64  0.01553 -4.25025e-01 | 65  0.01591  4.95619e-01 | 66  0.01750 -4.74242e-01
 67  0.01866  1.12213e+00 | 68  0.01944  9.45033e-01 | 69  0.02432 -5.91837e+00
 70  0.02749  2.29457e+00 | 71  0.02499  1.85499e-02 | 72  0.02403 -2.34863e+00
 73  0.02373 -3.60922e+00 | 74  0.03386 -5.65243e-01 | 75  0.03386 -2.44688e-01
1 0 20378.1
1 0 20378.1
1 0 20378.1
1 0 20378.1
1 0 20378.1
1 0 20378.1
1 0 20378.1
1 0 20378.1

 - final statistics:
75 variables; iteration 148; function evaluation 185
Function value   2.0378e+04; maximum gradient component mag  -6.6630e-02
Exit code = 1;  converg criter   1.0000e-01
Var   Value    Gradient   |Var   Value    Gradient   |Var   Value    Gradient
  1  0.24158  6.77321e-03 |  2  0.18528  2.70374e-03 |  3  0.12242 -9.44012e-04
  4  0.08013 -3.87850e-03 |  5  0.05157  4.69441e-03 |  6  0.03056  2.55140e-03
  7  0.01434 -2.99672e-03 |  8  0.00149 -4.53076e-04 |  9 -0.00881 -6.85074e-04
 10 -0.01704  7.05087e-04 | 11 -0.02355  9.56505e-04 | 12 -0.02855 -9.47459e-05
 13 -0.03219  5.26163e-04 | 14 -0.03457  7.57897e-04 | 15 -0.03575 -9.57913e-04
 16  0.07647 -7.61343e-03 | 17 -0.01133 -1.84453e-02 | 18 -0.00191  1.50965e-02
 19 -0.00270 -1.77377e-03 | 20 -0.00389 -4.28054e-03 | 21 -0.00382 -3.95476e-03
 22  0.00208 -3.32385e-03 | 23  0.00074  7.48965e-04 | 24 -0.00166  3.31028e-04
 25 -0.00426  3.88483e-04 | 26  0.00079 -8.08916e-03 | 27  0.00057 -1.36970e-02
 28  0.00185 -1.33087e-03 | 29  0.00184  7.07708e-03 | 30  0.00433  1.84827e-02
 31  0.00534 -1.86061e-02 | 32  0.00737 -8.26979e-03 | 33  0.00582  3.58862e-03
 34  0.00851 -6.55461e-03 | 35  0.00887  1.94173e-03 | 36  0.00905  4.88025e-03
 37  0.00928 -4.27072e-03 | 38  0.01042  1.21077e-02 | 39  0.00866  3.25185e-03
 40  0.00982  1.20107e-02 | 41  0.01322 -6.21498e-03 | 42  0.01189  1.67050e-02
 43  0.01198  2.10231e-03 | 44  0.00568  7.86035e-03 | 45 -0.10907 -1.02872e-02
 46  0.14304  6.61680e-02 | 47 -0.07716 -6.26267e-03 | 48 -0.06668  1.69422e-02
 49 -0.05496  1.79227e-02 | 50 -0.04582  3.62340e-03 | 51 -0.04637  1.51382e-02
 52 -0.04422 -4.96539e-03 | 53 -0.03041 -1.08956e-02 | 54 -0.01722 -2.08192e-03
 55 -0.00821  1.26842e-02 | 56 -0.00029  1.98062e-02 | 57  0.00968  9.17559e-03
 58  0.01735  2.41725e-03 | 59  0.02205 -6.66302e-02 | 60  0.01685 -5.14435e-03
 61  0.01396  1.72611e-03 | 62  0.01520 -1.61365e-03 | 63  0.01652 -7.85788e-03
 64  0.01553 -6.86319e-03 | 65  0.01591 -2.39432e-03 | 66  0.01751 -2.68155e-03
 67  0.01866 -2.51574e-03 | 68  0.01943 -1.09728e-02 | 69  0.02434  3.08852e-02
 70  0.02749  2.11396e-02 | 71  0.02499  5.53029e-03 | 72  0.02403 -8.84728e-03
 73  0.02373 -7.42140e-03 | 74  0.03386 -5.96429e-03 | 75  0.03386 -3.23343e-03
1 0 20378.1
B0234224
0.3 0.262193
0.224737 0.331982
0.213167 0.345647
0.210516 0.348917
0.209864 0.349728
0.209701 0.349932
0.209661 0.349983
0.20965 0.349996
0.209648 0.349999
0.209647 0.35
0.209647 0.35
0.209647 0.35
0.209647 0.35
0.209647 0.35
0.209647 0.35
0.209647 0.35
0.209647 0.35
0.209647 0.35
0.209647 0.35
0.209647 0.35
0.209647 0.35
FutMOrt0.108727
FutMOrt0.108727
FutMOrt0.108727
FutMOrt0.108727
FutMOrt0.108727
FutMOrt0.108727
FutMOrt0.108727
FutMOrt0.108727
FutMOrt0.108727
FutMOrt0.108727
2 0 20378.1

Initial statistics: 79 variables; iteration 0; function evaluation 0; phase 2
Function value   2.0378092e+04; maximum gradient component mag   5.4818e+02
Var   Value    Gradient   |Var   Value    Gradient   |Var   Value    Gradient
  1 -0.80672 -1.31591e+02 |  2 -0.59004 -2.81593e+01 |  3  0.24158  6.77321e-03
  4  0.18528  2.70374e-03 |  5  0.12242 -9.44012e-04 |  6  0.08013 -3.87850e-03
  7  0.05157  4.69441e-03 |  8  0.03056  2.55140e-03 |  9  0.01434 -2.99672e-03
 10  0.00149 -4.53076e-04 | 11 -0.00881 -6.85074e-04 | 12 -0.01704  7.05087e-04
 13 -0.02355  9.56505e-04 | 14 -0.02855 -9.47459e-05 | 15 -0.03219  5.26163e-04
 16 -0.03457  7.57897e-04 | 17 -0.03575 -9.57913e-04 | 18  0.07647 -7.61343e-03
 19 -0.01133 -1.83530e-02 | 20 -0.00191  1.51888e-02 | 21 -0.00270 -1.68147e-03
 22 -0.00389 -4.18824e-03 | 23 -0.00382 -3.86246e-03 | 24  0.00208 -3.23155e-03
 25  0.00074  8.41265e-04 | 26 -0.00166  4.23328e-04 | 27 -0.00426  4.80781e-04
 28  0.00079 -7.99686e-03 | 29  0.00057 -1.36047e-02 | 30  0.00185 -1.23857e-03
 31  0.00184  7.16938e-03 | 32  0.00433  1.85750e-02 | 33  0.00534 -1.85138e-02
 34  0.00737 -8.17750e-03 | 35  0.00582  3.68092e-03 | 36  0.00851 -6.46232e-03
 37  0.00887  2.03402e-03 | 38  0.00905  4.97254e-03 | 39  0.00928 -4.17843e-03
 40  0.01042  1.22000e-02 | 41  0.00866  3.34415e-03 | 42  0.00982  1.21030e-02
 43  0.01322 -6.12270e-03 | 44  0.01189  1.67973e-02 | 45  0.01198  2.19459e-03
 46  0.00568  7.95265e-03 | 47 -0.10907 -1.01963e-02 | 48  0.14304  6.61680e-02
 49 -0.07716 -6.28850e-03 | 50 -0.06668  1.69163e-02 | 51 -0.05496  1.78968e-02
 52 -0.04582  3.59745e-03 | 53 -0.04637  1.51123e-02 | 54 -0.04422 -4.99134e-03
 55 -0.03041 -1.09216e-02 | 56 -0.01722 -2.10793e-03 | 57 -0.00821  1.26582e-02
 58 -0.00029  1.97802e-02 | 59  0.00968  9.14957e-03 | 60  0.01735  2.39124e-03
 61  0.02205 -6.66562e-02 | 62  0.01685 -5.17036e-03 | 63  0.01396  1.70010e-03
 64  0.01520 -1.63966e-03 | 65  0.01652 -7.88389e-03 | 66  0.01553 -6.88920e-03
 67  0.01591 -2.42033e-03 | 68  0.01751 -2.70755e-03 | 69  0.01866 -2.54175e-03
 70  0.01943 -1.09989e-02 | 71  0.02434  3.08592e-02 | 72  0.02749  2.11136e-02
 73  0.02499  5.50429e-03 | 74  0.02403 -8.87328e-03 | 75  0.02373 -7.44740e-03
 76  0.03386 -5.99027e-03 | 77  0.03386 -3.25941e-03 | 78 -0.65210 -2.60350e+02
 79 -0.56850  5.48185e+02 |
2 0 20378.1
2 0 20377.9
2 0 20376.9
2 0 20377.2
2 0 20376.4
2 0 20375.4
2 0 20370.5
2 0 20369.6
2 0 20367.1
2 0 20364.9
2 0 20360.7
2 0 20356.3
2 0 20367.4
2 0 20355.3
2 0 20355.9
2 0 20354.9
2 0 20356.3
2 0 20354.8

Intermediate statistics: 79 variables; iteration 10; function evaluation 18; phase 2
Function value   2.0354794e+04; maximum gradient component mag   1.7853e+03
Var   Value    Gradient   |Var   Value    Gradient   |Var   Value    Gradient
  1 -0.78337 -1.37716e+02 |  2 -0.58602  1.44982e+01 |  3  0.24085  1.20984e+02
  4  0.18595  3.10109e+01 |  5  0.12260  1.18184e+01 |  6  0.08019  6.24046e+00
  7  0.05160  3.83146e+00 |  8  0.03058  2.62867e+00 |  9  0.01435  1.95701e+00
 10  0.00150  1.54269e+00 | 11 -0.00879  1.27505e+00 | 12 -0.01703  1.09265e+00
 13 -0.02354  9.66789e-01 | 14 -0.02854  8.80585e-01 | 15 -0.03218  8.23243e-01
 16 -0.03456  7.90073e-01 | 17 -0.03574  7.66381e-01 | 18  0.07642  3.83243e+02
 19 -0.01217 -2.69757e+02 | 20 -0.00158  3.35093e+02 | 21 -0.00282 -9.11208e+00
 22 -0.00394  8.24786e+00 | 23 -0.00340  2.64811e+02 | 24  0.00225  1.03388e+02
 25  0.00063 -9.49083e+00 | 26 -0.00201 -7.08181e+01 | 27 -0.00473 -1.77336e+02
 28  0.00083  1.53572e+02 | 29  0.00025 -1.46303e+02 | 30  0.00178  3.96635e+01
 31  0.00186 -3.30846e+01 | 32  0.00445 -1.40192e+02 | 33  0.00555 -7.07819e+01
 34  0.00782  1.10142e+02 | 35  0.00622  1.07360e+02 | 36  0.00867 -3.56620e+01
 37  0.00906  5.80583e+00 | 38  0.00921  3.71365e+01 | 39  0.00941  3.56557e+01
 40  0.01048  2.28495e+01 | 41  0.00859 -5.94002e+00 | 42  0.00975 -3.27232e+01
 43  0.01319 -1.55039e+02 | 44  0.01199 -9.24953e+01 | 45  0.01184 -4.32466e+02
 46  0.00473 -1.37615e+03 | 47 -0.10846  1.78534e+03 | 48  0.14299 -7.89806e+02
 49 -0.07699  9.73013e+01 | 50 -0.06684 -1.68834e+02 | 51 -0.05556 -3.25906e+02
 52 -0.04634 -4.22780e+02 | 53 -0.04628 -2.41928e+02 | 54 -0.04408 -1.50528e+02
 55 -0.03078 -3.00843e+02 | 56 -0.01782 -3.09975e+02 | 57 -0.00859 -3.02805e+02
 58 -0.00060 -2.73934e+02 | 59  0.00929 -2.78945e+02 | 60  0.01680 -2.99730e+02
 61  0.02216  2.30003e+01 | 62  0.01746  2.62388e+02 | 63  0.01438  1.60284e+02
 64  0.01553  4.28275e+01 | 65  0.01665  2.85977e+01 | 66  0.01581  7.59579e+01
 67  0.01601  4.77466e+00 | 68  0.01755 -4.84823e+01 | 69  0.01862 -9.06576e+01
 70  0.01941 -8.89285e+01 | 71  0.02405 -1.57664e+02 | 72  0.02744 -1.10836e+00
 73  0.02531  2.08912e+02 | 74  0.02439  4.18361e+02 | 75  0.02497  1.56911e+03
 76  0.03364  5.88964e+02 | 77  0.03405  4.15864e+01 | 78 -0.65982 -3.34848e+02
 79 -0.64668  1.29870e+02 |
2 0 20354.7
2 0 20354.4
2 0 20354
2 0 20350.4
2 0 20362.4
2 0 20348.7
2 0 20355.5
2 0 20348.4
2 0 20349.4
2 0 20348.4
2 0 20348.3
2 0 20348.2
2 0 20348.1
2 0 20348
79 variables; iteration 20; function evaluation 32; phase 2
Function value   2.0348017e+04; maximum gradient component mag  -3.2245e+03
Var   Value    Gradient   |Var   Value    Gradient   |Var   Value    Gradient
  1 -0.71329  1.52675e+02 |  2 -0.60840  1.76424e+02 |  3  0.24252  1.40282e+02
  4  0.18708  1.20601e+01 |  5  0.12258 -1.18902e+00 |  6  0.07984 -5.84690e-01
  7  0.05142  1.06298e+00 |  8  0.03052  9.21410e-01 |  9  0.01434  6.53899e-01
 10  0.00151  5.14306e-01 | 11 -0.00877  4.03549e-01 | 12 -0.01700  3.45520e-01
 13 -0.02351  3.04227e-01 | 14 -0.02851  2.72105e-01 | 15 -0.03215  2.56570e-01
 16 -0.03453  2.48948e-01 | 17 -0.03571  2.37317e-01 | 18  0.07738  2.70053e+02
 19 -0.01028 -2.15410e+02 | 20 -0.00110  3.52267e+02 | 21 -0.00225  1.63572e+02
 22 -0.00379  9.44510e+01 | 23 -0.00381  1.59028e+02 | 24  0.00139 -2.27867e+02
 25 -0.00041 -1.70777e+02 | 26 -0.00341 -3.20915e+02 | 27 -0.00561 -1.00269e+02
 28 -0.00030 -1.01485e+02 | 29 -0.00025 -1.51174e+02 | 30  0.00148  1.54765e+01
 31  0.00154 -5.98108e+01 | 32  0.00391 -2.71840e+02 | 33  0.00499 -1.69772e+02
 34  0.00730  6.10085e+01 | 35  0.00587  1.09223e+02 | 36  0.00855  4.60885e+01
 37  0.00902  5.61386e+01 | 38  0.00924  8.24899e+01 | 39  0.00942  5.52185e+01
 40  0.01062  5.17796e+01 | 41  0.00888  6.78023e+01 | 42  0.00993  1.04997e+01
 43  0.01305 -1.93882e+02 | 44  0.01165 -1.41296e+02 | 45  0.01232 -3.16820e+02
 46  0.00706 -1.12234e+03 | 47 -0.10603  1.82865e+03 | 48  0.14299 -3.22446e+03
 49 -0.07676  1.03545e+02 | 50 -0.06659 -1.70066e+02 | 51 -0.05523 -3.38301e+02
 52 -0.04629 -4.73361e+02 | 53 -0.04603 -1.39414e+02 | 54 -0.04388 -2.58411e+01
 55 -0.03055 -8.54765e+01 | 56 -0.01801 -2.68742e+02 | 57 -0.00897 -4.21762e+02
 58 -0.00101 -3.85311e+02 | 59  0.00921 -3.70492e+02 | 60  0.01694 -2.91312e+02
 61  0.02227  8.27400e+01 | 62  0.01751  2.73194e+02 | 63  0.01420  6.93913e+01
 64  0.01534 -1.02274e+02 | 65  0.01655 -1.38200e+02 | 66  0.01580 -6.40995e+01
 67  0.01609 -9.17829e+01 | 68  0.01771 -1.04751e+02 | 69  0.01876 -9.39305e+01
 70  0.01974 -4.59076e+01 | 71  0.02447 -5.24894e+01 | 72  0.02791  1.26282e+02
 73  0.02551  2.41490e+02 | 74  0.02394  3.10737e+02 | 75  0.02469  1.54622e+03
 76  0.03231  6.27028e+02 | 77  0.03379  1.56226e+02 | 78 -0.66105 -1.59816e+02
 79 -0.65063  1.01818e+02 |
2 0 20347.9
2 0 20347.7
2 0 20347.5
2 0 20347.9
2 0 20347.5
2 0 20347.9
2 0 20347.5
2 0 20347.5
2 0 20347.5
2 0 20347.5
2 0 20347.5
2 0 20347.5
79 variables; iteration 30; function evaluation 44; phase 2
Function value   2.0347509e+04; maximum gradient component mag  -3.6584e+03
Var   Value    Gradient   |Var   Value    Gradient   |Var   Value    Gradient
  1 -0.71021  1.75643e+02 |  2 -0.61763  1.72868e+02 |  3  0.24265  1.52459e+02
  4  0.18702  1.30261e+01 |  5  0.12250 -1.23570e+00 |  6  0.07982 -2.65263e-01
  7  0.05140  1.14559e+00 |  8  0.03049  9.16791e-01 |  9  0.01433  6.89479e-01
 10  0.00151  5.57938e-01 | 11 -0.00877  4.32233e-01 | 12 -0.01700  3.68496e-01
 13 -0.02350  3.22638e-01 | 14 -0.02850  2.86967e-01 | 15 -0.03214  2.70725e-01
 16 -0.03452  2.62701e-01 | 17 -0.03570  2.50722e-01 | 18  0.07749  3.13237e+02
 19 -0.01041 -2.24268e+02 | 20 -0.00127  3.21241e+02 | 21 -0.00219  2.05081e+02
 22 -0.00381  1.11052e+02 | 23 -0.00401  1.33745e+02 | 24  0.00128 -2.43108e+02
 25 -0.00040 -1.54214e+02 | 26 -0.00330 -2.91824e+02 | 27 -0.00557 -5.99801e+01
 28 -0.00044 -1.26284e+02 | 29 -0.00029 -1.49220e+02 | 30  0.00154  5.16085e+01
 31  0.00157 -5.04630e+01 | 32  0.00387 -2.44239e+02 | 33  0.00484 -1.80330e+02
 34  0.00717  4.50507e+01 | 35  0.00588  1.32623e+02 | 36  0.00864  8.70312e+01
 37  0.00907  9.18539e+01 | 38  0.00922  9.74907e+01 | 39  0.00929  4.97564e+01
 40  0.01045  3.70928e+01 | 41  0.00870  5.61549e+01 | 42  0.00979  7.04564e+00
 43  0.01284 -2.02200e+02 | 44  0.01126 -1.89759e+02 | 45  0.01223 -3.14990e+02
 46  0.00789 -1.05237e+03 | 47 -0.10463  1.80801e+03 | 48  0.14287 -3.65839e+03
 49 -0.07681  9.85334e+01 | 50 -0.06662 -1.83460e+02 | 51 -0.05486 -2.52237e+02
 52 -0.04633 -5.06647e+02 | 53 -0.04598 -1.26777e+02 | 54 -0.04389 -3.18123e+01
 55 -0.03045 -6.46433e+01 | 56 -0.01777 -2.22129e+02 | 57 -0.00895 -4.37570e+02
 58 -0.00099 -3.86153e+02 | 59  0.00928 -3.67915e+02 | 60  0.01713 -2.57527e+02
 61  0.02245  1.14853e+02 | 62  0.01755  2.62620e+02 | 63  0.01420  6.49401e+01
 64  0.01537 -1.00739e+02 | 65  0.01673 -1.08225e+02 | 66  0.01598 -3.97293e+01
 67  0.01626 -7.00348e+01 | 68  0.01783 -9.16545e+01 | 69  0.01880 -9.40178e+01
 70  0.01981 -3.62629e+01 | 71  0.02448 -6.23284e+01 | 72  0.02807  1.49694e+02
 73  0.02547  2.12828e+02 | 74  0.02359  2.12391e+02 | 75  0.02443  1.52314e+03
 76  0.03095  5.65115e+02 | 77  0.03377  1.87236e+02 | 78 -0.66135 -2.79147e+02
 79 -0.65188  1.07440e+02 |
2 0 20347.5
2 0 20347.5
2 0 20347.5
2 0 20347.5
2 0 20347.5
2 0 20347.5
2 0 20347.5
2 0 20347.5
2 0 20347.5
2 0 20347.5
2 0 20347.5
2 0 20347.5
2 0 20347.5
79 variables; iteration 40; function evaluation 57; phase 2
Function value   2.0347496e+04; maximum gradient component mag  -3.6790e+03
Var   Value    Gradient   |Var   Value    Gradient   |Var   Value    Gradient
  1 -0.71020  1.74919e+02 |  2 -0.61778  1.72614e+02 |  3  0.24278  1.59280e+02
  4  0.18677  1.03142e+01 |  5  0.12172 -5.56786e+00 |  6  0.07915 -2.12999e+00
  7  0.05109  1.51756e+00 |  8  0.03034  1.11859e+00 |  9  0.01420  5.53468e-01
 10  0.00141  4.47823e-01 | 11 -0.00884  3.77583e-01 | 12 -0.01705  3.20012e-01
 13 -0.02355  2.75052e-01 | 14 -0.02854  2.40112e-01 | 15 -0.03217  2.23912e-01
 16 -0.03455  2.16267e-01 | 17 -0.03573  2.05133e-01 | 18  0.07748  3.20583e+02
 19 -0.01043 -2.24490e+02 | 20 -0.00127  3.20597e+02 | 21 -0.00220  1.95771e+02
 22 -0.00380  1.18580e+02 | 23 -0.00402  1.27778e+02 | 24  0.00129 -2.39305e+02
 25 -0.00038 -1.52302e+02 | 26 -0.00328 -2.86151e+02 | 27 -0.00557 -6.27420e+01
 28 -0.00044 -1.29066e+02 | 29 -0.00031 -1.53375e+02 | 30  0.00154  5.99632e+01
 31  0.00155 -5.45696e+01 | 32  0.00385 -2.49122e+02 | 33  0.00484 -1.79396e+02
 34  0.00716  4.36588e+01 | 35  0.00588  1.34778e+02 | 36  0.00863  8.74886e+01
 37  0.00907  9.26974e+01 | 38  0.00922  9.74792e+01 | 39  0.00929  4.61767e+01
 40  0.01046  4.03820e+01 | 41  0.00871  5.66303e+01 | 42  0.00979  3.84479e+00
 43  0.01284 -1.96135e+02 | 44  0.01124 -1.96412e+02 | 45  0.01223 -3.13270e+02
 46  0.00790 -1.04995e+03 | 47 -0.10461  1.80398e+03 | 48  0.14284 -3.67896e+03
 49 -0.07678  9.92794e+01 | 50 -0.06660 -1.80346e+02 | 51 -0.05484 -2.47382e+02
 52 -0.04632 -5.07952e+02 | 53 -0.04594 -1.20654e+02 | 54 -0.04389 -3.69201e+01
 55 -0.03039 -5.42964e+01 | 56 -0.01778 -2.33711e+02 | 57 -0.00889 -4.27778e+02
 58 -0.00098 -3.85702e+02 | 59  0.00929 -3.72007e+02 | 60  0.01714 -2.63652e+02
 61  0.02245  1.07572e+02 | 62  0.01758  2.65802e+02 | 63  0.01421  6.26571e+01
 64  0.01541 -9.66290e+01 | 65  0.01675 -1.10383e+02 | 66  0.01600 -4.16956e+01
 67  0.01628 -7.05907e+01 | 68  0.01785 -8.84030e+01 | 69  0.01883 -8.96446e+01
 70  0.01984 -3.36950e+01 | 71  0.02450 -5.99693e+01 | 72  0.02810  1.53019e+02
 73  0.02548  2.08590e+02 | 74  0.02362  2.15304e+02 | 75  0.02445  1.52203e+03
 76  0.03096  5.69461e+02 | 77  0.03321  1.85391e+02 | 78 -0.66137 -2.95835e+02
 79 -0.65192  1.08609e+02 |
2 0 20347.5
2 0 20347.5
2 0 20347.5
2 0 20347.5
2 0 20347.5
2 0 20347.5
2 0 20347.4
2 0 20347.4
2 0 20347.5
2 0 20347.4
2 0 20347.4
2 0 20347.4
2 0 20347.4
2 0 20347.4
79 variables; iteration 50; function evaluation 71; phase 2
Function value   2.0347384e+04; maximum gradient component mag  -3.6981e+03
Var   Value    Gradient   |Var   Value    Gradient   |Var   Value    Gradient
  1 -0.71014  1.73289e+02 |  2 -0.61830  1.71866e+02 |  3  0.24240  1.58794e+02
  4  0.18601  3.25450e+00 |  5  0.12144  3.58483e+00 |  6  0.07612 -9.94366e+00
  7  0.04666 -1.05671e+01 |  8  0.02726 -4.03691e-01 |  9  0.01248  2.46668e+00
 10  0.00023  8.60987e-01 | 11 -0.00975  1.12360e-01 | 12 -0.01773  1.93658e-01
 13 -0.02405  2.11432e-01 | 14 -0.02893  1.48357e-01 | 15 -0.03250  1.04652e-01
 16 -0.03483  8.22953e-02 | 17 -0.03599  6.50659e-02 | 18  0.07735  3.27864e+02
 19 -0.01095 -2.33547e+02 | 20 -0.00125  3.23320e+02 | 21 -0.00223  1.89005e+02
 22 -0.00381  1.12437e+02 | 23 -0.00402  1.18990e+02 | 24  0.00132 -2.37719e+02
 25 -0.00035 -1.55205e+02 | 26 -0.00328 -2.90114e+02 | 27 -0.00554 -6.01754e+01
 28 -0.00040 -1.28817e+02 | 29 -0.00023 -1.45198e+02 | 30  0.00161  6.71642e+01
 31  0.00157 -5.45105e+01 | 32  0.00386 -2.52978e+02 | 33  0.00488 -1.65929e+02
 34  0.00724  4.61599e+01 | 35  0.00595  1.47976e+02 | 36  0.00864  8.95586e+01
 37  0.00909  9.33132e+01 | 38  0.00918  5.86537e+01 | 39  0.00932  6.25541e+01
 40  0.01045  3.32738e+01 | 41  0.00876  7.52764e+01 | 42  0.00987  1.13300e+01
 43  0.01284 -2.03230e+02 | 44  0.01121 -2.05989e+02 | 45  0.01225 -3.07145e+02
 46  0.00791 -1.03651e+03 | 47 -0.10469  1.79278e+03 | 48  0.14291 -3.69808e+03
 49 -0.07677  1.17114e+02 | 50 -0.06668 -1.85909e+02 | 51 -0.05490 -2.50445e+02
 52 -0.04638 -5.03853e+02 | 53 -0.04603 -1.28749e+02 | 54 -0.04387 -1.38233e+01
 55 -0.03047 -5.92709e+01 | 56 -0.01782 -2.28555e+02 | 57 -0.00896 -4.29659e+02
 58 -0.00104 -3.86614e+02 | 59  0.00930 -3.55199e+02 | 60  0.01710 -2.61455e+02
 61  0.02239  1.02683e+02 | 62  0.01750  2.54176e+02 | 63  0.01415  5.71548e+01
 64  0.01545 -7.02843e+01 | 65  0.01665 -1.28637e+02 | 66  0.01595 -4.75984e+01
 67  0.01624 -5.56403e+01 | 68  0.01778 -8.09575e+01 | 69  0.01880 -8.42516e+01
 70  0.01970 -6.65476e+01 | 71  0.02446 -6.88605e+01 | 72  0.02812  1.66913e+02
 73  0.02537  1.94193e+02 | 74  0.02353  2.04172e+02 | 75  0.02441  1.51006e+03
 76  0.03108  5.77618e+02 | 77  0.03448  1.93225e+02 | 78 -0.66142 -3.26453e+02
 79 -0.65220  1.10144e+02 |
2 0 20347.4
2 0 20347.4
2 0 20347.4
2 0 20347.3
2 0 20347.2
2 0 20347.1
2 0 20347.4
2 0 20347
2 0 20347.1
2 0 20347
2 0 20347
2 0 20346.8
2 0 20346.6
2 0 20346.5
2 0 20346.4
79 variables; iteration 60; function evaluation 86; phase 2
Function value   2.0346446e+04; maximum gradient component mag  -4.0216e+03
Var   Value    Gradient   |Var   Value    Gradient   |Var   Value    Gradient
  1 -0.70995  1.41694e+02 |  2 -0.62275  1.58790e+02 |  3  0.24318  1.48406e+02
  4  0.18879  1.85778e+01 |  5  0.12566  2.50006e+01 |  6  0.07761 -8.95504e-01
  7  0.04294 -2.05273e+01 |  8  0.02068  3.00923e+01 |  9 -0.00683 -4.54095e+01
 10 -0.01866 -2.50032e+01 | 11 -0.02138  7.91069e+00 | 12 -0.02494  7.71255e+00
 13 -0.02939  1.51335e+00 | 14 -0.03297  6.76931e-01 | 15 -0.03554  1.05787e+00
 16 -0.03725  9.39800e-01 | 17 -0.03813  8.00171e-01 | 18  0.07709  4.27336e+02
 19 -0.01023 -2.41038e+02 | 20 -0.00128  2.87353e+02 | 21 -0.00223  1.83739e+02
 22 -0.00379  1.14204e+02 | 23 -0.00401  1.26068e+02 | 24  0.00133 -2.29797e+02
 25 -0.00024 -1.23963e+02 | 26 -0.00317 -3.16343e+02 | 27 -0.00538 -1.65482e+01
 28 -0.00027 -3.90562e+01 | 29 -0.00020 -1.55355e+02 | 30  0.00162  2.72308e+01
 31  0.00159 -4.10420e+01 | 32  0.00388 -1.94995e+02 | 33  0.00486 -1.44774e+02
 34  0.00720  9.79419e+01 | 35  0.00549 -1.24309e+02 | 36  0.00872  2.88613e+02
 37  0.00891  1.05716e+01 | 38  0.00919  3.63319e+01 | 39  0.00943  1.92173e+02
 40  0.01016 -1.43293e+01 | 41  0.00840 -9.60794e+01 | 42  0.00967 -1.13135e+02
 43  0.01304  2.52666e+01 | 44  0.01120 -2.22635e+02 | 45  0.01234 -2.46971e+02
 46  0.00792 -8.96583e+02 | 47 -0.10496  1.58107e+03 | 48  0.14272 -4.02164e+03
 49 -0.07663  1.11664e+02 | 50 -0.06654 -1.61180e+02 | 51 -0.05473 -2.15958e+02
 52 -0.04618 -4.70539e+02 | 53 -0.04590 -1.16663e+02 | 54 -0.04382 -3.47994e+01
 55 -0.03031 -3.04775e+01 | 56 -0.01754 -1.58429e+02 | 57 -0.00884 -4.64421e+02
 58 -0.00104 -4.69556e+02 | 59  0.00949 -3.36089e+02 | 60  0.01735 -2.10453e+02
 61  0.02250  7.46589e+01 | 62  0.01760  2.14368e+02 | 63  0.01428  1.62592e+01
 64  0.01563  1.99982e+01 | 65  0.01674 -1.16547e+02 | 66  0.01592 -1.20194e+02
 67  0.01635 -2.83324e+01 | 68  0.01814 -4.54376e+01 | 69  0.01879 -1.83387e+02
 70  0.01964 -6.78061e+01 | 71  0.02484  1.55880e+02 | 72  0.02832  2.16336e+02
 73  0.02530  6.54262e+01 | 74  0.02381  1.97424e+02 | 75  0.02447  1.35374e+03
 76  0.03143  5.84539e+02 | 77  0.03045  1.82319e+02 | 78 -0.66195 -7.11873e+02
 79 -0.65536  1.28910e+02 |
2 0 20346.4
2 0 20346.2
2 0 20345.9
2 0 20346.1
2 0 20345.8
2 0 20345.6
2 0 20345.3
2 0 20345.2
2 0 20344.9
2 0 20344.8
2 0 20344.7
2 0 20344.4
79 variables; iteration 70; function evaluation 98; phase 2
Function value   2.0344448e+04; maximum gradient component mag  -4.4825e+03
Var   Value    Gradient   |Var   Value    Gradient   |Var   Value    Gradient
  1 -0.70948  9.66440e+01 |  2 -0.62926  1.38489e+02 |  3  0.24274  1.26677e+02
  4  0.18869  2.08303e+01 |  5  0.12554  2.06872e+01 |  6  0.07880 -2.27310e+00
  7  0.04612 -1.05546e+01 |  8  0.02326  2.15395e+01 |  9 -0.00211 -2.25268e+01
 10 -0.01846 -2.76722e+01 | 11 -0.02493  1.70938e+01 | 12 -0.03518 -6.69578e+00
 13 -0.04231 -1.88671e+01 | 14 -0.04281 -1.09708e+00 | 15 -0.04203  6.40863e+00
 16 -0.04222  3.84582e+00 | 17 -0.04259  1.99420e+00 | 18  0.07645  5.83287e+02
 19 -0.01066 -2.52387e+02 | 20 -0.00136  2.18511e+02 | 21 -0.00195  2.16494e+02
 22 -0.00362  1.42900e+02 | 23 -0.00416  6.05994e+01 | 24  0.00126 -2.50981e+02
 25  0.00012 -9.00525e+01 | 26 -0.00291 -2.97436e+02 | 27 -0.00526 -1.61600e+01
 28  0.00007 -2.80870e+01 | 29  0.00014 -8.18564e+01 | 30  0.00157 -2.85644e+01
 31  0.00174  8.73489e+00 | 32  0.00384 -1.53278e+02 | 33  0.00453 -1.99503e+02
 34  0.00730  1.13403e+02 | 35  0.00577 -3.52361e+01 | 36  0.00843  1.96165e+02
 37  0.00878 -1.08697e+01 | 38  0.00933  7.37963e+01 | 39  0.00925  1.35818e+02
 40  0.01011 -3.35582e+01 | 41  0.00898  2.59015e+01 | 42  0.00979 -8.52766e+01
 43  0.01278 -1.37568e+01 | 44  0.01138 -1.43039e+02 | 45  0.01245 -1.59060e+02
 46  0.00739 -7.90838e+02 | 47 -0.10589  1.25309e+03 | 48  0.14283 -4.48250e+03
 49 -0.07704  6.00386e+01 | 50 -0.06660 -1.03127e+02 | 51 -0.05450 -9.96129e+01
 52 -0.04612 -3.90122e+02 | 53 -0.04639 -1.86560e+02 | 54 -0.04394 -6.69671e+00
 55 -0.03003  1.17602e+02 | 56 -0.01770 -1.44750e+02 | 57 -0.00903 -4.47368e+02
 58 -0.00054 -2.77670e+02 | 59  0.00930 -3.38769e+02 | 60  0.01730 -1.82379e+02
 61  0.02267  1.21683e+02 | 62  0.01705  6.03230e+01 | 63  0.01374 -1.12889e+02
 64  0.01605  1.36270e+02 | 65  0.01663 -1.29251e+02 | 66  0.01547 -1.99482e+02
 67  0.01630 -1.65396e+01 | 68  0.01837  4.84110e+01 | 69  0.01814 -3.05193e+02
 70  0.01964 -4.38341e+01 | 71  0.02536  2.88503e+02 | 72  0.02791  1.05286e+02
 73  0.02489 -5.70669e+01 | 74  0.02407  2.01352e+02 | 75  0.02438  1.13371e+03
 76  0.03185  5.11142e+02 | 77  0.03227  2.12064e+02 | 78 -0.66269 -1.32647e+03
 79 -0.66007  1.55637e+02 |
2 0 20344
2 0 20346.4
2 0 20344
2 0 20343.9
2 0 20343.7
2 0 20344.3
2 0 20343.7
2 0 20343.6
2 0 20343.2
2 0 20343.2
2 0 20343
2 0 20343.3
2 0 20342.9
2 0 20342.8
2 0 20342.6
79 variables; iteration 80; function evaluation 113; phase 2
Function value   2.0342630e+04; maximum gradient component mag  -4.9737e+03
Var   Value    Gradient   |Var   Value    Gradient   |Var   Value    Gradient
  1 -0.70901  4.77351e+01 |  2 -0.63502  1.15891e+02 |  3  0.24175  5.61653e+01
  4  0.18751  1.12639e+01 |  5  0.12445  1.48439e+01 |  6  0.07901 -3.30174e+00
  7  0.04811 -1.03258e+01 |  8  0.02734  1.77168e+01 |  9  0.00566 -2.24714e+01
 10 -0.00653 -1.86013e+01 | 11 -0.01104  6.03338e+00 | 12 -0.01543  1.90568e+01
 13 -0.02377 -1.70498e+01 | 14 -0.02551  1.50346e+01 | 15 -0.03033  1.58402e+01
 16 -0.03862  2.27318e+00 | 17 -0.04653 -2.32341e+01 | 18  0.07582  7.37003e+02
 19 -0.01089 -1.86378e+02 | 20 -0.00151  1.37582e+02 | 21 -0.00205  1.67739e+02
 22 -0.00369  1.19389e+02 | 23 -0.00420  3.27956e+01 | 24  0.00124 -2.53524e+02
 25  0.00005 -1.54868e+02 | 26 -0.00266 -2.81394e+02 | 27 -0.00481  6.10437e+01
 28  0.00027 -4.71345e+01 | 29  0.00019 -7.73722e+01 | 30  0.00156 -6.37702e+01
 31  0.00184  3.76781e+01 | 32  0.00388 -9.81644e+01 | 33  0.00447 -1.90999e+02
 34  0.00726  9.11602e+01 | 35  0.00590  4.06631e+00 | 36  0.00849  1.92299e+02
 37  0.00877 -1.49280e+01 | 38  0.00940  8.35715e+01 | 39  0.00941  1.55214e+02
 40  0.01017 -2.67191e+01 | 41  0.00887  1.39660e+00 | 42  0.00982 -6.71587e+01
 43  0.01291  3.88221e+01 | 44  0.01144 -1.05222e+02 | 45  0.01239 -1.12935e+02
 46  0.00726 -6.37796e+02 | 47 -0.10652  9.89645e+02 | 48  0.14289 -4.97370e+03
 49 -0.07718  6.50589e+01 | 50 -0.06658 -3.93435e+01 | 51 -0.05458 -6.21574e+01
 52 -0.04613 -3.39283e+02 | 53 -0.04639 -1.45863e+02 | 54 -0.04414 -4.00971e+00
 55 -0.03021  1.38990e+02 | 56 -0.01765 -8.39661e+01 | 57 -0.00877 -3.32413e+02
 58 -0.00048 -2.12446e+02 | 59  0.00920 -3.14153e+02 | 60  0.01731 -1.40789e+02
 61  0.02265  1.02991e+02 | 62  0.01687 -8.04753e+00 | 63  0.01351 -1.69635e+02
 64  0.01594  1.08241e+02 | 65  0.01670 -1.07112e+02 | 66  0.01539 -2.02506e+02
 67  0.01616 -4.04099e+01 | 68  0.01833  5.41242e+01 | 69  0.01829 -2.52209e+02
 70  0.01952 -5.83517e+01 | 71  0.02514  2.32741e+02 | 72  0.02786  7.30537e+01
 73  0.02487 -9.69120e+01 | 74  0.02396  1.13871e+02 | 75  0.02414  8.88638e+02
 76  0.03267  5.43970e+02 | 77  0.03312  2.35068e+02 | 78 -0.66333 -1.97775e+03
 79 -0.66423  1.82417e+02 |
2 0 20342.2
2 0 20339
2 0 20335.8
2 0 20336.3
2 0 20335.2
2 0 20334.9
2 0 20334.7
2 0 20334.6
2 0 20334.6
2 0 20334.5
2 0 20334.5
2 0 20334.5
79 variables; iteration 90; function evaluation 125; phase 2
Function value   2.0334509e+04; maximum gradient component mag  -2.8520e+02
Var   Value    Gradient   |Var   Value    Gradient   |Var   Value    Gradient
  1 -0.67644 -2.75442e+01 |  2 -0.73547 -8.05734e+00 |  3  0.24028 -2.96087e+00
  4  0.18645 -1.92756e-01 |  5  0.12316 -2.58367e-01 |  6  0.08074 -4.96326e-02
  7  0.05219  8.04888e-02 |  8  0.03120 -1.73075e-01 |  9  0.01504  5.22822e-02
 10  0.00221 -2.34539e-02 | 11 -0.00808 -1.70478e-01 | 12 -0.01629 -2.36023e-01
 13 -0.02272  9.24211e-03 | 14 -0.02767 -1.22120e-01 | 15 -0.03125 -1.01686e-01
 16 -0.03355  1.04188e-03 | 17 -0.03467  1.54825e-01 | 18  0.07668  4.73289e+01
 19 -0.01137 -3.39144e+00 | 20 -0.00183 -1.45989e+00 | 21 -0.00260 -2.67099e+00
 22 -0.00389 -2.13287e+00 | 23 -0.00385  4.95522e-01 | 24  0.00208  4.57360e+00
 25  0.00085 -5.09808e+00 | 26 -0.00150 -1.51492e+00 | 27 -0.00409 -4.30831e+00
 28  0.00099 -1.45718e+00 | 29  0.00078 -2.20608e+00 | 30  0.00195  3.47065e-01
 31  0.00181  7.37450e-01 | 32  0.00428  7.44205e+00 | 33  0.00528  4.60975e+00
 34  0.00744  1.40994e+00 | 35  0.00588  1.73908e+00 | 36  0.00854  2.22408e+00
 37  0.00893  2.72303e+00 | 38  0.00914  1.51056e+00 | 39  0.00935  1.39397e+00
 40  0.01051  3.31988e+00 | 41  0.00871  3.20204e-02 | 42  0.00988  1.93247e+00
 43  0.01332  4.20647e+00 | 44  0.01190  3.47604e+00 | 45  0.01199  3.04375e+00
 46  0.00563  1.07619e+00 | 47 -0.11066 -1.95425e+01 | 48  0.14352 -1.63148e+02
 49 -0.07734  4.54771e+00 | 50 -0.06684  4.71996e+00 | 51 -0.05524  3.38511e+00
 52 -0.04611  2.89704e+00 | 53 -0.04631 -5.74657e-01 | 54 -0.04428  1.54474e+00
 55 -0.03070  3.48157e+00 | 56 -0.01767  4.67525e+00 | 57 -0.00830  5.47389e+00
 58 -0.00046  3.91426e+00 | 59  0.00962  4.06446e+00 | 60  0.01717  9.95568e-01
 61  0.02191 -5.71306e+00 | 62  0.01690 -5.59922e+00 | 63  0.01398 -2.69070e+00
 64  0.01524 -3.30732e+00 | 65  0.01646 -2.96849e+00 | 66  0.01552 -1.56490e+00
 67  0.01587 -2.23701e+00 | 68  0.01749 -2.96920e+00 | 69  0.01858 -1.66914e+00
 70  0.01940 -1.54895e+00 | 71  0.02419 -2.43008e+00 | 72  0.02742 -3.88724e+00
 73  0.02504 -3.15293e+00 | 74  0.02392 -4.16310e+00 | 75  0.02359 -7.24373e+00
 76  0.03524  4.78253e+00 | 77  0.03527  7.87280e+00 | 78 -0.66472 -2.85200e+02
 79 -0.69535  2.35216e+01 |
2 0 20334.5
2 0 20334.5
2 0 20334.5
2 0 20334.5
2 0 20334.5
2 0 20334.5
2 0 20334.5
2 0 20334.5
2 0 20334.5
2 0 20334.5
79 variables; iteration 100; function evaluation 135; phase 2
Function value   2.0334484e+04; maximum gradient component mag  -1.3073e+01
Var   Value    Gradient   |Var   Value    Gradient   |Var   Value    Gradient
  1 -0.67090 -1.30727e+01 |  2 -0.75526 -3.49551e+00 |  3  0.24024 -1.10024e-01
  4  0.18647  9.85809e-03 |  5  0.12321  8.81524e-03 |  6  0.08079  3.57324e-03
  7  0.05226  3.44500e-04 |  8  0.03133  2.85686e-03 |  9  0.01519  1.34214e-03
 10  0.00241  1.87461e-03 | 11 -0.00781  3.35781e-03 | 12 -0.01599  4.35085e-03
 13 -0.02245  7.20672e-04 | 14 -0.02741  2.24495e-03 | 15 -0.03103  1.82976e-03
 16 -0.03339  2.97069e-05 | 17 -0.03456 -1.89025e-03 | 18  0.07691  3.45808e+00
 19 -0.01140 -3.88681e-01 | 20 -0.00184 -7.01724e-02 | 21 -0.00260 -2.42386e-01
 22 -0.00389 -1.83285e-01 | 23 -0.00385  1.50283e-01 | 24  0.00208  2.43527e-01
 25  0.00085 -3.74461e-01 | 26 -0.00150 -1.64182e-01 | 27 -0.00408 -2.41564e-01
 28  0.00099  1.10154e-01 | 29  0.00078 -2.48735e-01 | 30  0.00195 -7.37707e-03
 31  0.00181  2.94247e-02 | 32  0.00428  5.64637e-01 | 33  0.00528  3.68782e-01
 34  0.00745  1.95963e-01 | 35  0.00588  1.04446e-01 | 36  0.00854  2.97310e-01
 37  0.00894  1.65269e-01 | 38  0.00915  1.05495e-01 | 39  0.00935  1.58356e-01
 40  0.01051  1.55195e-01 | 41  0.00871 -1.16832e-01 | 42  0.00988  1.82939e-02
 43  0.01333  3.23578e-01 | 44  0.01190  2.20676e-01 | 45  0.01200  1.57895e-01
 46  0.00564 -3.68943e-01 | 47 -0.11068 -8.75001e-01 | 48  0.14352 -1.08602e+01
 49 -0.07735  4.34932e-01 | 50 -0.06684  2.99723e-01 | 51 -0.05524  2.46443e-01
 52 -0.04611  2.54526e-03 | 53 -0.04631 -2.91842e-02 | 54 -0.04428  2.06753e-01
 55 -0.03070  3.15556e-01 | 56 -0.01767  3.87176e-01 | 57 -0.00831  3.23700e-01
 58 -0.00046  3.32612e-01 | 59  0.00962  2.04569e-01 | 60  0.01717 -5.11187e-02
 61  0.02192 -3.72351e-01 | 62  0.01690 -3.76026e-01 | 63  0.01397 -2.47830e-01
 64  0.01524 -2.07267e-01 | 65  0.01646 -3.20090e-01 | 66  0.01552 -3.13224e-01
 67  0.01586 -2.58295e-01 | 68  0.01750 -2.65201e-01 | 69  0.01857 -2.98758e-01
 70  0.01940 -1.37573e-01 | 71  0.02420 -1.00839e-01 | 72  0.02742 -2.85106e-01
 73  0.02503 -3.47347e-01 | 74  0.02392 -2.36007e-01 | 75  0.02359  5.43768e-02
 76  0.03528  5.63743e-01 | 77  0.03528  5.08126e-01 | 78 -0.66577 -1.09572e+01
 79 -0.71121  9.14436e-01 |
2 0 20334.5
2 0 20334.5
2 0 20334.5
2 0 20334.5
2 0 20334.5
2 0 20334.5
2 0 20334.5
2 0 20334.5
2 0 20334.5
2 0 20334.5
2 0 20334.5
79 variables; iteration 110; function evaluation 146; phase 2
Function value   2.0334484e+04; maximum gradient component mag  -4.0185e-01
Var   Value    Gradient   |Var   Value    Gradient   |Var   Value    Gradient
  1 -0.66952 -4.01847e-01 |  2 -0.76046 -1.04823e-01 |  3  0.24025 -1.98410e-03
  4  0.18646  1.24337e-03 |  5  0.12321  1.35889e-03 |  6  0.08079 -2.01489e-04
  7  0.05225 -4.73998e-04 |  8  0.03132  1.25015e-03 |  9  0.01518 -1.16101e-03
 10  0.00240 -1.12237e-03 | 11 -0.00782  1.73914e-04 | 12 -0.01600  5.91105e-04
 13 -0.02246 -9.23184e-04 | 14 -0.02742  8.89211e-05 | 15 -0.03103  3.64325e-04
 16 -0.03339  1.04088e-04 | 17 -0.03456 -8.21782e-04 | 18  0.07689  1.60044e-02
 19 -0.01139 -1.15628e-02 | 20 -0.00184  4.55802e-03 | 21 -0.00260 -2.06602e-02
 22 -0.00389 -3.72029e-02 | 23 -0.00385  1.26334e-02 | 24  0.00208  5.38082e-02
 25  0.00085  1.08447e-02 | 26 -0.00150  3.11487e-02 | 27 -0.00408 -4.59753e-02
 28  0.00099  7.57112e-02 | 29  0.00078 -3.24322e-02 | 30  0.00195  2.20869e-02
 31  0.00181 -1.01580e-02 | 32  0.00428  3.25391e-02 | 33  0.00528  1.25230e-02
 34  0.00745  1.09587e-02 | 35  0.00588 -2.96659e-03 | 36  0.00854  1.66968e-02
 37  0.00894 -6.89150e-04 | 38  0.00915  8.56805e-05 | 39  0.00935  1.16678e-02
 40  0.01051  4.71916e-03 | 41  0.00871 -2.06101e-02 | 42  0.00988 -1.20826e-02
 43  0.01332 -1.47619e-02 | 44  0.01190 -6.64327e-03 | 45  0.01200 -3.05434e-02
 46  0.00564 -8.70328e-02 | 47 -0.11068  5.43939e-02 | 48  0.14352 -8.05550e-02
 49 -0.07735  5.88373e-03 | 50 -0.06684 -1.97798e-02 | 51 -0.05524  3.73184e-04
 52 -0.04611 -3.26310e-04 | 53 -0.04631 -7.18675e-03 | 54 -0.04428 -7.39795e-03
 55 -0.03070 -3.53821e-02 | 56 -0.01767  1.30445e-02 | 57 -0.00831  2.58327e-02
 58 -0.00046  3.77777e-02 | 59  0.00962  9.94506e-03 | 60  0.01717 -2.18803e-02
 61  0.02192 -1.06781e-02 | 62  0.01690 -5.80663e-03 | 63  0.01397 -1.09737e-03
 64  0.01524  2.79125e-03 | 65  0.01646 -1.84459e-02 | 66  0.01552 -2.84913e-02
 67  0.01586 -2.16663e-02 | 68  0.01750 -2.36107e-02 | 69  0.01857 -3.40725e-02
 70  0.01940 -1.55774e-02 | 71  0.02420 -3.76355e-03 | 72  0.02742  1.65048e-03
 73  0.02503  9.64146e-03 | 74  0.02392  5.27234e-02 | 75  0.02359  1.16345e-01
 76  0.03528 -8.02174e-03 | 77  0.03528  3.00368e-03 | 78 -0.66617  2.25049e-01
 79 -0.71687  1.19462e-02 |
2 0 20334.5
2 0 20334.5
2 0 20334.5
2 0 20334.5
2 0 20334.5
2 0 20334.5
2 0 20334.5
2 0 20334.5
2 0 20334.5
2 0 20334.5
2 0 20334.5
2 0 20334.5
2 0 20334.5
2 0 20334.5
2 0 20334.5
2 0 20334.5
2 0 20334.5
79 variables; iteration 120; function evaluation 163; phase 2
Function value   2.0334484e+04; maximum gradient component mag   1.3049e+02
Var   Value    Gradient   |Var   Value    Gradient   |Var   Value    Gradient
  1 -0.66913  1.30487e+02 |  2 -0.76199  3.37892e+01 |  3  0.24025  1.95774e-02
  4  0.18646  1.50182e-03 |  5  0.12321  1.42098e-04 |  6  0.08079 -3.03753e-04
  7  0.05225 -2.61716e-04 |  8  0.03132  2.48674e-04 |  9  0.01518 -5.00437e-04
 10  0.00240 -4.65160e-04 | 11 -0.00782 -7.48455e-05 | 12 -0.01600 -5.52442e-06
 13 -0.02246 -4.10174e-04 | 14 -0.02742 -9.28151e-05 | 15 -0.03103  9.90385e-06
 16 -0.03339 -1.56059e-05 | 17 -0.03456 -2.40799e-04 | 18  0.07689 -2.79275e-01
 19 -0.01139  1.02570e-02 | 20 -0.00184  4.33769e-03 | 21 -0.00260  4.90105e-03
 22 -0.00389 -3.72246e-03 | 23 -0.00385 -4.28147e-03 | 24  0.00208  7.85016e-04
 25  0.00085  2.36291e-02 | 26 -0.00150  2.41613e-02 | 27 -0.00408 -1.88740e-03
 28  0.00099  2.28604e-02 | 29  0.00078 -5.91508e-04 | 30  0.00195  1.09038e-02
 31  0.00181 -3.27626e-03 | 32  0.00428 -2.17264e-02 | 33  0.00528 -1.85765e-02
 34  0.00745 -1.19224e-02 | 35  0.00588 -8.63374e-03 | 36  0.00854 -1.04313e-02
 37  0.00894 -9.89070e-03 | 38  0.00915 -7.59220e-03 | 39  0.00935 -3.10909e-03
 40  0.01051 -7.16055e-03 | 41  0.00871  2.10538e-03 | 42  0.00988 -3.39778e-03
 43  0.01332 -2.11106e-02 | 44  0.01190 -6.30711e-03 | 45  0.01200 -1.53777e-02
 46  0.00564 -8.76637e-03 | 47 -0.11068  6.62481e-02 | 48  0.14352  9.51135e-02
 49 -0.07735 -1.41553e-02 | 50 -0.06684 -1.88031e-02 | 51 -0.05524 -5.85899e-03
 52 -0.04611  5.62674e-03 | 53 -0.04631 -2.06691e-03 | 54 -0.04428 -1.33329e-02
 55 -0.03070 -2.36811e-02 | 56 -0.01767 -2.43663e-03 | 57 -0.00831 -7.18755e-03
 58 -0.00046 -7.80809e-05 | 59  0.00962 -8.54813e-03 | 60  0.01717 -3.59205e-03
 61  0.02192  2.13322e-02 | 62  0.01690  1.74572e-02 | 63  0.01397  1.17110e-02
 64  0.01524  8.20687e-03 | 65  0.01646  6.32671e-03 | 66  0.01552  2.24227e-03
 67  0.01586  2.62255e-03 | 68  0.01750  1.15112e-04 | 69  0.01857  1.75361e-03
 70  0.01940 -4.06497e-03 | 71  0.02420  3.20685e-03 | 72  0.02742  1.27233e-02
 73  0.02503  8.84657e-03 | 74  0.02392  2.59866e-02 | 75  0.02359  2.96492e-02
 76  0.03528 -4.60948e-02 | 77  0.03528 -4.51483e-03 | 78 -0.66632  1.71125e+00
 79 -0.71913 -1.05084e-01 |
2 0 20334.5
2 0 20334.5
2 0 20334.5
2 0 20334.5
2 0 29008.7
2 0 20334.5
2 0 20334.5
2 0 20334.5
2 0 20334.5
2 0 20334.5
2 0 20334.5
2 0 20334.5
2 0 20334.5
2 0 20334.5
2 0 20334.5
2 0 20334.5
2 0 20334.5
2 0 20334.5
2 0 20334.5
2 0 20334.5
2 0 20334.5
2 0 20334.5
2 0 20334.5
2 0 20334.5
2 0 20334.5
2 0 20334.5
2 0 20334.5
2 0 20334.5
2 0 20334.5
2 0 20334.5
2 0 20334.5
2 0 20334.5
2 0 20334.5
2 0 20334.5
2 0 20334.5
  ic > imax  in fminim is answer attained ?
Var   Value    Gradient   |Var   Value    Gradient   |Var   Value    Gradient
  1 -0.66909  3.27332e+02 |  2 -0.76214  8.47065e+01 |  3  0.24025  1.63703e-02
  4  0.18646  1.33548e-03 |  5  0.12321 -2.18966e-05 |  6  0.08079 -2.45999e-04
  7  0.05225 -2.23639e-04 |  8  0.03132  4.02166e-05 |  9  0.01518 -2.74714e-04
 10  0.00240 -2.94900e-04 | 11 -0.00782 -1.36730e-04 | 12 -0.01600 -8.18848e-05
 13 -0.02246 -2.60162e-04 | 14 -0.02742 -1.16891e-04 | 15 -0.03103 -4.20323e-05
 16 -0.03339 -2.18179e-05 | 17 -0.03456 -1.56839e-04 | 18  0.07689 -2.30524e-01
 19 -0.01139  7.93719e-03 | 20 -0.00184  4.66491e-04 | 21 -0.00260  4.87385e-03
 22 -0.00389 -8.48225e-04 | 23 -0.00385 -5.89147e-03 | 24  0.00208 -2.54781e-03
 25  0.00085  1.52970e-02 | 26 -0.00150  1.73961e-02 | 27 -0.00408  8.94397e-04
 28  0.00099  1.09723e-02 | 29  0.00078  8.01019e-04 | 30  0.00195  7.92875e-03
 31  0.00181 -9.45447e-04 | 32  0.00428 -1.66321e-02 | 33  0.00528 -1.49903e-02
 34  0.00744 -1.14346e-02 | 35  0.00588 -7.61488e-03 | 36  0.00854 -8.90614e-03
 37  0.00894 -6.90363e-03 | 38  0.00915 -5.94233e-03 | 39  0.00935 -3.09617e-03
 40  0.01051 -4.69877e-03 | 41  0.00871  3.69607e-03 | 42  0.00988 -1.02388e-03
 43  0.01332 -1.39512e-02 | 44  0.01190 -3.19723e-03 | 45  0.01200 -8.79415e-03
 46  0.00564  7.03381e-03 | 47 -0.11068  4.09464e-02 | 48  0.14352 -3.50529e-02
 49 -0.07735 -9.83486e-03 | 50 -0.06684 -1.09993e-02 | 51 -0.05524  2.28445e-04
 52 -0.04611  8.26692e-03 | 53 -0.04631 -2.15409e-03 | 54 -0.04428 -1.02609e-02
 55 -0.03070 -1.29165e-02 | 56 -0.01767  3.12211e-03 | 57 -0.00831 -3.58606e-03
 58 -0.00046  1.81046e-03 | 59  0.00962 -4.84177e-03 | 60  0.01717  7.70803e-04
 61  0.02192  1.58223e-02 | 62  0.01690  9.22748e-03 | 63  0.01397  5.68963e-03
 64  0.01524  4.00539e-03 | 65  0.01646  4.30423e-03 | 66  0.01552  1.44533e-03
 67  0.01586  1.93671e-03 | 68  0.01750  9.05820e-05 | 69  0.01857  2.20962e-03
 70  0.01940 -3.90229e-03 | 71  0.02420  3.27041e-03 | 72  0.02742  8.60167e-03
 73  0.02503  2.14277e-03 | 74  0.02392  1.49430e-02 | 75  0.02359  4.98811e-03
 76  0.03528 -3.47929e-02 | 77  0.03528  1.72738e-03 | 78 -0.66634  9.72782e-01
 79 -0.71943 -5.55789e-02 |
Function minimizer not making progress ... is minimum attained?
Minimprove criterion =   0.0000e+00

 - final statistics:
79 variables; iteration 124; function evaluation 197
Function value   2.0334e+04; maximum gradient component mag   3.2733e+02
Exit code = 1;  converg criter   1.0000e-03
Var   Value    Gradient   |Var   Value    Gradient   |Var   Value    Gradient
  1 -0.66909  3.27332e+02 |  2 -0.76214  8.47065e+01 |  3  0.24025  1.63703e-02
  4  0.18646  1.33548e-03 |  5  0.12321 -2.18966e-05 |  6  0.08079 -2.45999e-04
  7  0.05225 -2.23639e-04 |  8  0.03132  4.02166e-05 |  9  0.01518 -2.74714e-04
 10  0.00240 -2.94900e-04 | 11 -0.00782 -1.36730e-04 | 12 -0.01600 -8.18848e-05
 13 -0.02246 -2.60162e-04 | 14 -0.02742 -1.16891e-04 | 15 -0.03103 -4.20323e-05
 16 -0.03339 -2.18179e-05 | 17 -0.03456 -1.56839e-04 | 18  0.07689 -2.30524e-01
 19 -0.01139  7.93719e-03 | 20 -0.00184  4.66491e-04 | 21 -0.00260  4.87385e-03
 22 -0.00389 -8.48225e-04 | 23 -0.00385 -5.89147e-03 | 24  0.00208 -2.54781e-03
 25  0.00085  1.52970e-02 | 26 -0.00150  1.73961e-02 | 27 -0.00408  8.94397e-04
 28  0.00099  1.09723e-02 | 29  0.00078  8.01019e-04 | 30  0.00195  7.92875e-03
 31  0.00181 -9.45447e-04 | 32  0.00428 -1.66321e-02 | 33  0.00528 -1.49903e-02
 34  0.00744 -1.14346e-02 | 35  0.00588 -7.61488e-03 | 36  0.00854 -8.90614e-03
 37  0.00894 -6.90363e-03 | 38  0.00915 -5.94233e-03 | 39  0.00935 -3.09617e-03
 40  0.01051 -4.69877e-03 | 41  0.00871  3.69607e-03 | 42  0.00988 -1.02388e-03
 43  0.01332 -1.39512e-02 | 44  0.01190 -3.19723e-03 | 45  0.01200 -8.79415e-03
 46  0.00564  7.03381e-03 | 47 -0.11068  4.09464e-02 | 48  0.14352 -3.50529e-02
 49 -0.07735 -9.83486e-03 | 50 -0.06684 -1.09993e-02 | 51 -0.05524  2.28445e-04
 52 -0.04611  8.26692e-03 | 53 -0.04631 -2.15409e-03 | 54 -0.04428 -1.02609e-02
 55 -0.03070 -1.29165e-02 | 56 -0.01767  3.12211e-03 | 57 -0.00831 -3.58606e-03
 58 -0.00046  1.81046e-03 | 59  0.00962 -4.84177e-03 | 60  0.01717  7.70803e-04
 61  0.02192  1.58223e-02 | 62  0.01690  9.22748e-03 | 63  0.01397  5.68963e-03
 64  0.01524  4.00539e-03 | 65  0.01646  4.30423e-03 | 66  0.01552  1.44533e-03
 67  0.01586  1.93671e-03 | 68  0.01750  9.05820e-05 | 69  0.01857  2.20962e-03
 70  0.01940 -3.90229e-03 | 71  0.02420  3.27041e-03 | 72  0.02742  8.60167e-03
 73  0.02503  2.14277e-03 | 74  0.02392  1.49430e-02 | 75  0.02359  4.98811e-03
 76  0.03528 -3.47929e-02 | 77  0.03528  1.72738e-03 | 78 -0.66634  9.72782e-01
 79 -0.71943 -5.55789e-02 |
2 0 20334.5
B0234224
0.3 0.257572
0.220776 0.331901
0.209359 0.345727
0.206803 0.348959
0.206188 0.349744
0.206038 0.349937
0.206001 0.349985
0.205992 0.349996
0.205989 0.349999
0.205989 0.35
0.205989 0.35
0.205989 0.35
0.205989 0.35
0.205989 0.35
0.205989 0.35
0.205989 0.35
0.205989 0.35
0.205989 0.35
0.205989 0.35
0.205989 0.35
0.205989 0.35
FutMOrt0.109212
FutMOrt0.109212
FutMOrt0.109212
FutMOrt0.109212
FutMOrt0.109212
FutMOrt0.109212
FutMOrt0.109212
FutMOrt0.109212
FutMOrt0.109212
FutMOrt0.109212
Survey Bio44.3362
Survey len10122.8
CPUE88.594
Catch8.874
Catch len10009.1
initsmo_penal16.6879
F_pen40.4201
Rec_pen3.64754
M_pen0


Starting time: Fri Oct  5 17:27:05 2018
Finishing time: Fri Oct  5 17:27:13 2018
This run took: 0 hours, 0 minutes, 8 seconds.

