survYears 71 72 73 74 75 76 77 78 79 80 81 82 83 84 85 86 87 88 89 90 91 92 93 94 95 96 97 98 99
SurvLenYear 71 72 73 74 75 76 77 78 79 80 81 82 83 84 85 86 87 88 89 90 91 92 93 94 95 96 97 98 99
catchBiomass 4855.57 4889.46 6105.23 5250.87 5901.41 9474.53 11014 11494.4 17111.5 32147.9 44451.5 57459.1 73646.3 104754 111100 97159.7 89825 90423.1 77386.4 86919 86963.9 94782.6 99446.1 103639 100469 130807 118574 112287 1.28716
steep0.999
25
Out
1 0 83897.4

Initial statistics: 75 variables; iteration 0; function evaluation 0; phase 1
Function value   8.3897412e+04; maximum gradient component mag  -3.9709e+05
Var   Value    Gradient   |Var   Value    Gradient   |Var   Value    Gradient
  1  0.28254  8.80100e+03 |  2  0.24151  4.42123e+03 |  3  0.23834  5.52557e+03
  4  0.20842  3.30818e+03 |  5  0.19256  2.66273e+03 |  6  0.16374  1.45148e+03
  7  0.14522  9.50718e+02 |  8  0.15032  1.30682e+03 |  9  0.11805  5.24322e+02
 10  0.10459  4.50661e+02 | 11  0.08668  2.56666e+02 | 12  0.07953  2.96713e+02
 13  0.05788  1.62310e+02 | 14  0.03297 -1.10946e+02 | 15  0.06706  3.00633e+02
 16 -0.02804 -4.51033e+03 | 17  0.00000 -2.78530e+04 | 18  0.00000 -5.10871e+02
 19  0.00000 -6.03600e+03 | 20  0.00000  3.51987e+02 | 21  0.00000  5.24107e+03
 22  0.00000  7.51600e+02 | 23  0.00000  2.60210e+03 | 24  0.00000  1.06588e+04
 25  0.00000  1.39379e+04 | 26  0.00000  8.57270e+03 | 27  0.00000  7.99476e+03
 28  0.00000  7.87385e+03 | 29  0.00000  7.75440e+03 | 30  0.00000  1.50132e+03
 31  0.00000 -1.64475e+03 | 32  0.00000 -4.33977e+02 | 33  0.00000  6.37161e+02
 34  0.00000 -2.03993e+01 | 35  0.00000  3.91557e+03 | 36  0.00000  2.54644e+03
 37  0.00000  4.09268e+03 | 38  0.00000  3.25054e+03 | 39  0.00000  2.34932e+03
 40  0.00000  9.33547e+02 | 41  0.00000 -8.88510e+02 | 42  0.00000 -2.17435e+04
 43  0.00000 -5.76787e+04 | 44  0.00000 -1.37405e+05 | 45  0.00000  1.69249e+05
 46  0.08804 -3.97087e+05 | 47  0.00000  4.98231e+04 | 48  0.00000  4.72659e+04
 49  0.00000  4.45138e+04 | 50  0.00000  3.57608e+04 | 51  0.00000  2.82485e+04
 52  0.00000  2.31161e+04 | 53  0.00000  1.35399e+04 | 54  0.00000 -1.92528e+02
 55  0.00000 -1.12132e+04 | 56  0.00000 -1.81877e+04 | 57  0.00000 -2.47655e+04
 58  0.00000 -3.06370e+04 | 59  0.00000 -3.34958e+04 | 60  0.00000 -3.13354e+04
 61  0.00000 -2.87942e+04 | 62  0.00000 -2.80794e+04 | 63  0.00000 -2.77012e+04
 64  0.00000 -2.81749e+04 | 65  0.00000 -2.93349e+04 | 66  0.00000 -3.08846e+04
 67  0.00000 -3.24100e+04 | 68  0.00000 -3.27066e+04 | 69  0.00000 -3.19581e+04
 70  0.00000 -2.86732e+04 | 71  0.00000 -1.42807e+04 | 72  0.00000  2.39068e+04
 73  0.00000  8.95890e+04 | 74  0.00000  8.86281e+04 | 75  0.00000  1.84328e+04
1 0 83897.4
1 0 83897.2
1 0 83895.2
1 0 83875.2
1 0 83676
1 0 81758.1
1 0 77444.9
1 0 43253.5
1 0 39246.2
1 0 35034.2
1 0 31960
1 0 29830.6
1 0 29135.1
1 0 28781.9
1 0 28338.2
1 0 27746.3

Intermediate statistics: 75 variables; iteration 10; function evaluation 16; phase 1
Function value   2.7746940e+04; maximum gradient component mag  -1.0914e+05
Var   Value    Gradient   |Var   Value    Gradient   |Var   Value    Gradient
  1  0.24158 -3.11962e+02 |  2  0.20486  7.75000e+01 |  3  0.18952  2.18169e+02
  4  0.17738  2.09407e+02 |  5  0.16614  1.92306e+02 |  6  0.14935  1.10935e+02
  7  0.13641  5.57909e+01 |  8  0.13520  1.57471e+02 |  9  0.11334  3.00567e+01
 10  0.09961  4.58638e+01 | 11  0.08448  8.82688e+00 | 12  0.07557  5.87850e+01
 13  0.05603  1.22191e+01 | 14  0.03741 -1.33395e+02 | 15  0.06198  9.86983e+01
 16  0.09225  3.01061e+04 | 17 -0.00732 -2.94743e+03 | 18 -0.02289 -6.31161e+03
 19  0.00114 -2.93293e+03 | 20  0.02513  1.50555e+03 | 21  0.02400  1.52564e+03
 22  0.01557 -1.96226e+02 | 23  0.03319  2.91244e+03 | 24  0.07380 -3.73383e+03
 25  0.03538  1.80179e+03 | 26  0.01991  3.79181e+02 | 27  0.02116  7.54687e+02
 28  0.02261  1.02855e+03 | 29  0.01835  7.93418e+02 | 30  0.00614 -1.77306e+03
 31  0.00440 -2.16622e+03 | 32  0.00907 -2.52963e+02 | 33  0.01138  3.87809e+01
 34  0.01022 -7.49215e+02 | 35  0.00886  2.03288e+02 | 36  0.01070 -8.35920e+01
 37  0.01172  4.95286e+02 | 38  0.01054  2.66600e+02 | 39  0.01304  1.98191e+03
 40  0.00966  7.84148e+03 | 41  0.00497 -4.05690e+03 | 42  0.00770 -1.77843e+03
 43 -0.03139 -1.26642e+04 | 44  0.00239  3.55908e+04 | 45 -0.36908 -1.43203e+04
 46  0.09278 -1.09141e+05 | 47 -0.06062 -3.54468e+02 | 48 -0.04704  1.00197e+03
 49 -0.04532  2.10082e+03 | 50 -0.03120  3.28283e+02 | 51 -0.01482  8.68104e+02
 52 -0.01692  1.90532e+03 | 53 -0.01502  3.37358e+02 | 54  0.00308 -1.09959e+03
 55  0.02442 -1.26385e+03 | 56  0.03071 -3.55036e+02 | 57  0.03929 -5.17929e+02
 58  0.04747 -1.00824e+03 | 59  0.06181 -6.79344e+02 | 60  0.05760  1.27462e+03
 61  0.05000  1.58872e+03 | 62  0.05045  1.04803e+03 | 63  0.05189  8.75175e+02
 64  0.04883  8.79590e+02 | 65  0.05003  5.56316e+02 | 66  0.05048  2.40079e+02
 67  0.05469 -2.06575e+02 | 68  0.05409 -7.32326e+02 | 69  0.05544 -5.48483e+03
 70  0.03644 -9.57395e+03 | 71  0.06307 -3.01461e+03 | 72  0.08552  1.06622e+04
 73 -0.11132 -2.52704e+03 | 74 -0.59443  9.00193e+01 | 75 -0.05367  7.92822e+03
1 0 28605.4
1 0 27562.1
1 0 27365.4
1 0 27287
1 0 27166.4
1 0 27133.7
1 0 27102.4
1 0 27056.8
1 0 27053.6
1 0 27031.6
1 0 26988.5
1 0 26933.4
1 0 26918
75 variables; iteration 20; function evaluation 29; phase 1
Function value   2.6918123e+04; maximum gradient component mag  -1.2130e+05
Var   Value    Gradient   |Var   Value    Gradient   |Var   Value    Gradient
  1  0.22297 -1.13624e+03 |  2  0.15486 -3.26917e+02 |  3  0.11483 -2.14848e+02
  4  0.11944 -5.12067e+01 |  5  0.11821 -9.37785e+01 |  6  0.12188 -7.89702e+01
  7  0.11951 -7.08808e+01 |  8  0.10699 -1.13503e+02 |  9  0.10380 -4.99918e+01
 10  0.09098 -7.03463e+01 | 11  0.08062 -3.96787e+01 | 12  0.06706 -4.02465e+01
 13  0.05445 -5.90262e+01 | 14  0.05123 -3.21205e+01 | 15  0.04980 -2.99555e+01
 16  0.07961  1.65532e+04 | 17 -0.01292  2.13323e+03 | 18 -0.01070 -3.28524e+03
 19  0.00277 -1.72820e+03 | 20  0.00830 -9.44339e+01 | 21  0.00639 -1.33865e+03
 22  0.01131  2.60542e+03 | 23  0.01889  1.24202e+03 | 24  0.20306 -1.23836e+02
 25  0.02243  5.32502e+02 | 26  0.00976  4.84300e+02 | 27  0.01046  4.98887e+02
 28  0.01215  3.16829e+02 | 29  0.00982  2.95563e+01 | 30  0.00305 -9.47381e+02
 31  0.00488  1.93858e+03 | 32  0.00380 -1.72581e+03 | 33  0.00706  1.26256e+02
 34  0.00733  8.62394e+02 | 35  0.00322 -1.97726e+02 | 36  0.00603  4.98814e+02
 37  0.00569  3.22771e+02 | 38  0.00459 -2.68321e+01 | 39  0.00543  7.75602e+02
 40 -0.00006  2.34786e+03 | 41  0.01606  3.55089e+03 | 42  0.00809  3.57802e+03
 43 -0.03376 -1.89252e+04 | 44  0.00217  1.36259e+04 | 45 -0.34644 -4.70530e+03
 46  0.07522 -1.21297e+05 | 47 -0.05044 -1.56925e+03 | 48 -0.02517  5.88773e+02
 49 -0.03058  1.51958e+03 | 50 -0.01868  1.08365e+03 | 51 -0.00121  3.34986e+03
 52 -0.00803 -9.66636e+01 | 53 -0.00922 -4.96654e+01 | 54  0.01870 -1.13610e+03
 55  0.04049  1.44145e+01 | 56  0.04167 -4.49758e+02 | 57  0.05058 -7.27260e+02
 58  0.06018 -2.15328e+02 | 59  0.07550  1.31809e+03 | 60  0.06744  5.48193e+02
 61  0.05846 -5.03499e+02 | 62  0.06253  1.45116e+03 | 63  0.06359  1.06137e+03
 64  0.05924 -2.33898e+01 | 65  0.06114  5.27066e+02 | 66  0.06173 -1.95303e+01
 67  0.06660  1.63329e+02 | 68  0.06661  2.53117e+02 | 69  0.07203 -7.57587e+02
 70  0.03515 -4.39374e+03 | 71  0.07746 -7.88417e+03 | 72  0.08329 -7.90120e+02
 73 -0.13506 -9.22017e+02 | 74 -0.63212  1.07008e+03 | 75 -0.32167  6.11725e+03
1 0 26894.2
1 0 26939.4
1 0 26888.8
1 0 26884.6
1 0 26882.9
1 0 26882.2
1 0 26880.3
1 0 26878.6
1 0 26875.5
1 0 26875.1
1 0 26873.8
1 0 26871.1
75 variables; iteration 30; function evaluation 41; phase 1
Function value   2.6871643e+04; maximum gradient component mag  -1.2101e+05
Var   Value    Gradient   |Var   Value    Gradient   |Var   Value    Gradient
  1  0.24483 -4.37726e+02 |  2  0.14236 -2.81610e+02 |  3  0.08048 -2.42819e+02
  4  0.08487 -2.96210e+01 |  5  0.09529 -2.63477e+01 |  6  0.11151  2.68894e+01
  7  0.11514  2.76796e+01 |  8  0.10426 -4.95440e+01 |  9  0.10331  9.55326e+00
 10  0.09363 -1.09327e+01 | 11  0.08241 -5.62988e+00 | 12  0.06900 -2.27905e+01
 13  0.05957 -2.61006e+01 | 14  0.05564 -3.92549e+00 | 15  0.05069 -2.28824e+01
 16  0.07819  1.73218e+04 | 17 -0.01294 -2.02050e+02 | 18 -0.01461 -3.80774e+03
 19  0.00288 -1.33142e+03 | 20  0.01202  2.37587e+02 | 21  0.00784 -1.51882e+03
 22  0.01420  2.66556e+03 | 23  0.00916  3.28122e+02 | 24  0.18974 -5.19337e+02
 25  0.02227  1.76121e+02 | 26  0.01123  5.15339e+02 | 27  0.01277  5.16650e+02
 28  0.01314  1.70516e+02 | 29  0.01070 -1.26643e+02 | 30  0.00390 -8.67260e+02
 31  0.00289  7.18452e+01 | 32  0.00466 -1.07192e+03 | 33  0.00729 -3.24273e+02
 34  0.00862  1.84309e+03 | 35  0.00219 -1.41225e+03 | 36  0.00625  2.75241e+02
 37  0.00589 -6.97027e+00 | 38  0.00488 -1.40023e+02 | 39  0.00520 -2.34495e+02
 40 -0.00030  1.73468e+03 | 41  0.01815  3.64522e+03 | 42  0.00798  3.00689e+03
 43 -0.03217 -1.73535e+04 | 44  0.00258  1.64582e+04 | 45 -0.34738 -6.24177e+03
 46  0.07414 -1.21014e+05 | 47 -0.04231 -5.69066e+02 | 48 -0.03081  3.91950e+02
 49 -0.03002  1.40768e+03 | 50 -0.01692  9.45776e+02 | 51 -0.00149  3.17416e+03
 52  0.00069  3.55122e+02 | 53 -0.02049 -1.03202e+03 | 54  0.01925 -1.32588e+03
 55  0.04071 -1.11032e+01 | 56  0.04204 -6.30586e+02 | 57  0.05214 -7.70442e+02
 58  0.06078 -3.21725e+02 | 59  0.07623  1.13409e+03 | 60  0.06950  8.52277e+02
 61  0.05813 -1.13490e+02 | 62  0.06306  1.10917e+03 | 63  0.06419  5.89227e+02
 64  0.05889 -1.22574e+03 | 65  0.06143  3.25009e+02 | 66  0.06238 -2.07596e+02
 67  0.06732 -4.55724e+00 | 68  0.06695  1.48812e+02 | 69  0.07446  3.64299e+02
 70  0.03237 -4.31288e+03 | 71  0.07936 -7.48525e+03 | 72  0.08427 -1.14648e+03
 73 -0.13064 -1.18393e+03 | 74 -0.63017  1.09029e+03 | 75 -0.34640  5.79378e+03
1 0 26866.8
1 0 26859.4
1 0 26877.3
1 0 26857.8
1 0 26856.7
1 0 26858
1 0 26856.4
1 0 26855.9
1 0 26855
1 0 26853.5
1 0 26851.8
1 0 26855.7
1 0 26851.4
75 variables; iteration 40; function evaluation 54; phase 1
Function value   2.6852663e+04; maximum gradient component mag  -1.2126e+05
Var   Value    Gradient   |Var   Value    Gradient   |Var   Value    Gradient
  1  0.24066 -4.02115e+02 |  2  0.13296 -2.76278e+02 |  3  0.06187 -2.07725e+02
  4  0.04571 -6.99624e+01 |  5  0.04820 -8.65377e+01 |  6  0.07539  1.90126e+00
  7  0.09908  4.76502e+01 |  8  0.10188 -4.38849e+01 |  9  0.11053  3.03294e+01
 10  0.09960 -4.64478e+01 | 11  0.09460 -4.43405e+00 | 12  0.08324 -1.12342e+01
 13  0.06928 -5.21831e+01 | 14  0.06674 -9.94926e+00 | 15  0.06299 -2.50208e+01
 16  0.07578  1.68728e+04 | 17 -0.01630 -5.80487e+02 | 18 -0.01403 -3.47688e+03
 19  0.00407 -1.04981e+03 | 20  0.01417  2.15635e+02 | 21  0.00791 -1.54686e+03
 22  0.01357  2.56940e+03 | 23  0.00742 -1.07049e+02 | 24  0.18413 -5.93553e+02
 25  0.02297  1.97283e+02 | 26  0.01049  2.90611e+02 | 27  0.01213  2.92746e+02
 28  0.01458  2.99422e+02 | 29  0.01124 -1.75216e+02 | 30  0.00414 -9.15925e+02
 31  0.00441  1.49194e+02 | 32  0.00511 -1.06557e+03 | 33  0.00794 -4.14285e+02
 34  0.00974  2.08736e+03 | 35  0.00196 -1.58841e+03 | 36  0.00599  6.25239e+00
 37  0.00597  5.70563e+01 | 38  0.00429 -3.30781e+02 | 39  0.00663  1.07745e+02
 40  0.00003  1.36278e+03 | 41  0.01642  3.30756e+03 | 42  0.00742  2.37498e+03
 43 -0.03267 -1.79212e+04 | 44  0.00326  1.69932e+04 | 45 -0.34772 -6.37991e+03
 46  0.07472 -1.21263e+05 | 47 -0.04232 -4.81715e+02 | 48 -0.03272  1.46188e+01
 49 -0.03089  1.20171e+03 | 50 -0.01564  1.50194e+03 | 51 -0.00165  3.30346e+03
 52  0.00061  3.59668e+02 | 53 -0.02403 -1.08374e+03 | 54  0.01840 -1.62760e+03
 55  0.04061 -2.19293e+02 | 56  0.04102 -8.20672e+02 | 57  0.05060 -9.35022e+02
 58  0.06093 -2.81393e+02 | 59  0.07597  1.23777e+03 | 60  0.06770  6.91490e+02
 61  0.06039  3.13265e+02 | 62  0.06151  1.01983e+03 | 63  0.06428  8.15347e+02
 64  0.05924 -1.21390e+03 | 65  0.06037  2.46683e+02 | 66  0.06203 -1.51323e+02
 67  0.06690 -1.70545e+02 | 68  0.06447 -2.87987e+02 | 69  0.07447  7.68496e+01
 70  0.03371 -4.31156e+03 | 71  0.07847 -7.52733e+03 | 72  0.08426 -2.81410e+02
 73 -0.12850 -1.25618e+03 | 74 -0.62657  1.07745e+03 | 75 -0.33613  5.88550e+03
1 0 26850.7
1 0 26850.2
1 0 26849.3
1 0 26850.1
1 0 26849
1 0 26848.7
1 0 26849
1 0 26848.5
1 0 26848.3
1 0 26847.8
1 0 26847.1
1 0 26847
1 0 26846.7
75 variables; iteration 50; function evaluation 67; phase 1
Function value   2.6848182e+04; maximum gradient component mag  -1.2102e+05
Var   Value    Gradient   |Var   Value    Gradient   |Var   Value    Gradient
  1  0.23627 -7.68125e+01 |  2  0.13157 -2.22385e+02 |  3  0.05879 -1.98511e+02
  4  0.04136 -5.89450e+01 |  5  0.04176 -7.26806e+01 |  6  0.06554  5.95690e+00
  7  0.09038  6.20052e+01 |  8  0.10093 -6.15529e+00 |  9  0.11887  9.16451e+01
 10  0.11611  2.81429e+01 | 11  0.11152  4.21736e+01 | 12  0.09986  1.56427e+01
 13  0.08781 -1.73724e+01 | 14  0.08435  1.26009e+01 | 15  0.08002 -5.23566e+00
 16  0.07532  1.68880e+04 | 17 -0.01796 -1.40171e+03 | 18 -0.01449 -2.91275e+03
 19  0.00383 -9.84626e+02 | 20  0.01310 -3.99981e+01 | 21  0.00735 -1.70940e+03
 22  0.01344  2.46634e+03 | 23  0.00750 -5.70710e+01 | 24  0.18359 -6.22120e+02
 25  0.02318  3.17762e+02 | 26  0.01019  1.32631e+02 | 27  0.01328  4.41698e+02
 28  0.01476  1.63363e+02 | 29  0.01131 -1.77924e+02 | 30  0.00449 -1.02666e+03
 31  0.00517  3.16350e+02 | 32  0.00493 -9.80721e+02 | 33  0.00723 -7.09000e+02
 34  0.00983  2.03091e+03 | 35  0.00219 -1.59479e+03 | 36  0.00630  1.54026e+02
 37  0.00584 -3.07534e+02 | 38  0.00497 -2.63379e+01 | 39  0.00703  1.16617e+02
 40 -0.00001  1.21115e+03 | 41  0.01596  3.27798e+03 | 42  0.00791  2.43537e+03
 43 -0.03239 -1.78541e+04 | 44  0.00351  1.75855e+04 | 45 -0.34758 -6.61200e+03
 46  0.07476 -1.21023e+05 | 47 -0.04342 -8.17809e+01 | 48 -0.03271  9.58001e+01
 49 -0.03095  1.08731e+03 | 50 -0.01596  1.42077e+03 | 51 -0.00187  3.25481e+03
 52  0.00061  3.95395e+02 | 53 -0.02423 -1.13002e+03 | 54  0.01847 -1.54542e+03
 55  0.04025 -6.69683e+02 | 56  0.03997 -1.06221e+03 | 57  0.05100 -1.04305e+03
 58  0.06114 -1.16429e+02 | 59  0.07583  1.38330e+03 | 60  0.06814  9.45479e+02
 61  0.06146  4.55324e+02 | 62  0.06082  8.06813e+02 | 63  0.06385  7.84806e+02
 64  0.05932 -1.16731e+03 | 65  0.06043  2.48033e+02 | 66  0.06190 -1.91418e+02
 67  0.06713  1.13142e+02 | 68  0.06454 -3.00518e+02 | 69  0.07475  1.83832e+02
 70  0.03378 -4.32047e+03 | 71  0.07783 -7.70992e+03 | 72  0.08443 -5.77558e+02
 73 -0.12719 -1.33272e+03 | 74 -0.62602  1.06488e+03 | 75 -0.33587  5.86946e+03
1 0 26848.5
1 0 26846.6
1 0 26846.5
1 0 26846.1
1 0 26845.8
1 0 26845.3
1 0 26845.8
1 0 26845.2
1 0 26845.3
1 0 26845.1
1 0 26845
1 0 26844.5
1 0 26843.7
1 0 26848.1
1 0 26843.6
1 0 26843.5
75 variables; iteration 60; function evaluation 83; phase 1
Function value   2.6844949e+04; maximum gradient component mag  -1.2033e+05
Var   Value    Gradient   |Var   Value    Gradient   |Var   Value    Gradient
  1  0.23313  1.64783e+02 |  2  0.12557 -2.15743e+02 |  3  0.05569 -1.97394e+02
  4  0.04269 -2.25098e+01 |  5  0.03852 -8.30980e+01 |  6  0.06288 -1.12016e+01
  7  0.09745  1.35406e+02 |  8  0.10565  7.56407e+01 |  9  0.10870  7.76886e+01
 10  0.10715  3.64288e+01 | 11  0.11297  8.71600e+01 | 12  0.11306  8.34521e+01
 13  0.10856  5.73526e+01 | 14  0.10544  3.49837e+01 | 15  0.10930  7.56872e+01
 16  0.07498  1.68591e+04 | 17 -0.01900 -2.12689e+03 | 18 -0.01464 -2.36487e+03
 19  0.00385 -9.72596e+02 | 20  0.01323  2.43139e+01 | 21  0.00718 -1.77281e+03
 22  0.01343  2.48707e+03 | 23  0.00749 -1.50456e+02 | 24  0.18321 -6.24252e+02
 25  0.02347  3.50066e+02 | 26  0.01003  1.21210e+02 | 27  0.01312  4.42139e+02
 28  0.01485  2.84410e+01 | 29  0.01141 -1.06550e+02 | 30  0.00416 -1.17549e+03
 31  0.00512  3.04007e+02 | 32  0.00528 -8.60962e+02 | 33  0.00734 -7.26860e+02
 34  0.00997  2.02985e+03 | 35  0.00254 -1.41049e+03 | 36  0.00662  9.54359e+01
 37  0.00603 -1.59585e+02 | 38  0.00502 -5.37514e+01 | 39  0.00683  1.90853e+01
 40  0.00001  1.19224e+03 | 41  0.01608  3.28187e+03 | 42  0.00792  2.40813e+03
 43 -0.03230 -1.77970e+04 | 44  0.00366  1.78478e+04 | 45 -0.34750 -6.69039e+03
 46  0.07480 -1.20332e+05 | 47 -0.04435  1.95487e+02 | 48 -0.03267  2.00595e+02
 49 -0.03093  1.09316e+03 | 50 -0.01595  1.33526e+03 | 51 -0.00202  3.15479e+03
 52  0.00045  2.96152e+02 | 53 -0.02416 -1.12936e+03 | 54  0.01844 -1.52915e+03
 55  0.04050 -5.89823e+02 | 56  0.03987 -1.08957e+03 | 57  0.05074 -1.09999e+03
 58  0.06162  1.68469e+02 | 59  0.07613  1.57634e+03 | 60  0.06792  1.00883e+03
 61  0.06132  4.57894e+02 | 62  0.06102  8.00962e+02 | 63  0.06380  7.82035e+02
 64  0.05931 -1.20818e+03 | 65  0.06011  9.70632e+01 | 66  0.06231 -1.77285e+02
 67  0.06676 -9.34857e+01 | 68  0.06467 -3.64761e+02 | 69  0.07457  1.54460e+02
 70  0.03378 -4.33829e+03 | 71  0.07790 -7.69016e+03 | 72  0.08443 -5.59818e+02
 73 -0.12647 -1.39229e+03 | 74 -0.62549  1.04932e+03 | 75 -0.33582  5.84295e+03
1 0 26843.1
1 0 26841.3
1 0 26845.8
1 0 26840.6
1 0 26839.6
1 0 26837.8
1 0 26828.8
1 0 26841.6
1 0 26825.3
1 0 26818.7
1 0 26772.5
1 0 26734.3
1 0 26669.7
1 0 26550
1 0 26327.9
75 variables; iteration 70; function evaluation 98; phase 1
Function value   2.6331979e+04; maximum gradient component mag  -9.9885e+04
Var   Value    Gradient   |Var   Value    Gradient   |Var   Value    Gradient
  1  0.26970  2.33221e+03 |  2  0.15215 -5.22693e+01 |  3  0.07125 -3.24966e+02
  4  0.09666  2.56401e+02 |  5  0.06851  9.52700e+01 |  6  0.02776 -1.18301e+02
  7  0.02941  1.11076e+02 |  8  0.00502 -7.38992e+01 |  9  0.00709 -1.96119e+02
 10  0.07280  1.29810e+02 | 11  0.12155  2.99571e+02 | 12  0.14739  6.23361e+02
 13  0.10508 -8.11340e+01 | 14  0.13636  4.79257e+02 | 15  0.11777  1.50292e+02
 16  0.06609  1.51996e+04 | 17 -0.00464 -6.71128e+03 | 18 -0.01090 -1.07481e+03
 19  0.00411 -4.24871e+02 | 20  0.01624  1.82904e+02 | 21  0.00706 -1.91173e+03
 22  0.01003  1.13895e+03 | 23  0.00786 -6.84159e+02 | 24  0.16458 -7.40382e+02
 25  0.01853 -4.45195e+02 | 26  0.01118 -1.01665e+02 | 27  0.01090 -2.47924e+02
 28  0.00722 -1.90473e+03 | 29  0.01110 -1.30576e+02 | 30  0.00618 -1.36580e+03
 31  0.00512 -8.15603e+02 | 32  0.00681 -9.04898e+02 | 33  0.00869 -8.63836e+02
 34  0.01108  9.64567e+02 | 35  0.00403 -1.15740e+03 | 36  0.00887 -2.54851e+02
 37  0.00320 -1.19561e+03 | 38  0.00401 -6.02933e+02 | 39  0.00881  1.03631e+03
 40 -0.00047  5.00259e+02 | 41  0.00318  3.84646e+02 | 42  0.01084  2.01390e+03
 43 -0.02612 -1.33114e+04 | 44  0.00750  2.84315e+04 | 45 -0.34821 -1.02145e+04
 46  0.07775 -9.98853e+04 | 47 -0.03322  3.02656e+03 | 48 -0.03696 -9.97303e+01
 49 -0.03529  2.70382e+02 | 50 -0.01534  1.37286e+03 | 51 -0.00296  2.69356e+03
 52 -0.00364  2.61878e+02 | 53 -0.02534 -1.44669e+03 | 54  0.01937 -1.39025e+03
 55  0.03755 -5.67665e+02 | 56  0.04123 -7.93665e+02 | 57  0.05194 -5.15079e+02
 58  0.05607 -1.16216e+02 | 59  0.07389  1.27895e+03 | 60  0.06854  1.44109e+03
 61  0.05795  2.94793e+02 | 62  0.06068  9.16224e+02 | 63  0.06184  8.27391e+02
 64  0.05989 -2.77971e+02 | 65  0.05705 -1.08519e+02 | 66  0.06637  1.14028e+03
 67  0.06165 -3.01288e+02 | 68  0.06251 -8.44697e+02 | 69  0.07216 -1.79344e+03
 70  0.04246 -5.30668e+03 | 71  0.06928 -6.04019e+03 | 72  0.08617 -9.94090e+02
 73 -0.11263 -3.08280e+03 | 74 -0.60864  5.35239e+02 | 75 -0.34153  4.85916e+03
1 0 25972.3
1 0 29165.6
1 0 25927.9
1 0 25849.2
1 0 26278
1 0 25836.4
1 0 25966
1 0 25835.3
1 0 25833.3
1 0 25829.5
1 0 25791.2
1 0 25450.2
1 0 24831.3
1 0 26259.4
1 0 24450.5
1 0 24095
75 variables; iteration 80; function evaluation 114; phase 1
Function value   2.4096416e+04; maximum gradient component mag   6.4984e+04
Var   Value    Gradient   |Var   Value    Gradient   |Var   Value    Gradient
  1  0.26101  7.87031e+02 |  2  0.17794  1.24142e+02 |  3  0.07145 -1.48437e+02
  4  0.01326 -1.58284e+02 |  5  0.00416 -1.91378e+02 |  6  0.05445  1.96769e+02
  7  0.05232  2.47166e+01 |  8  0.04970 -1.29273e+01 |  9  0.05774  1.11336e+02
 10  0.04041 -1.38724e+02 | 11  0.07055  1.20349e+02 | 12  0.07567  2.82523e+01
 13  0.08522  2.12364e+02 | 14  0.04640 -1.49628e+02 | 15  0.05943  7.26721e+01
 16  0.01190  6.64538e+03 | 17  0.01147 -1.99258e+03 | 18  0.00859 -1.26145e+03
 19  0.01478 -1.71422e+02 | 20  0.00695 -3.55485e+03 | 21  0.00591 -1.60465e+03
 22  0.01417 -1.03713e+03 | 23  0.02789  2.03264e+03 | 24 -0.00190 -7.28508e+03
 25 -0.00001  1.38879e+03 | 26 -0.00029 -1.64042e+03 | 27 -0.00402 -4.10382e+03
 28 -0.00069 -3.30537e+03 | 29  0.00394 -2.08876e+03 | 30  0.01468 -9.68852e+02
 31  0.01911 -1.33662e+03 | 32  0.01584 -2.43536e+03 | 33  0.01509 -1.72376e+03
 34  0.01465 -2.71882e+03 | 35  0.01090 -1.61242e+03 | 36  0.00970 -3.12337e+03
 37  0.00954 -2.04212e+03 | 38  0.00876 -2.24726e+03 | 39  0.00737 -2.79788e+03
 40  0.01227 -6.83062e+02 | 41  0.02055  2.79963e+03 | 42  0.00098 -1.10081e+04
 43  0.00537  9.56112e+01 | 44  0.03789  6.49843e+04 | 45 -0.31021 -1.46357e+04
 46  0.09508  3.29195e+04 | 47 -0.04297 -2.83363e+03 | 48 -0.03294 -1.74336e+03
 49 -0.03985 -2.93707e+03 | 50 -0.02787 -1.63651e+03 | 51 -0.01885 -2.07389e+03
 52 -0.02153 -3.66552e+03 | 53  0.00637  1.85626e+03 | 54  0.02113  5.98704e+03
 55  0.03267  2.43639e+03 | 56  0.03850  1.90034e+03 | 57  0.04430  1.83962e+03
 58  0.05173  1.64809e+03 | 59  0.05985  1.25910e+03 | 60  0.05967  1.12870e+03
 61  0.06029  3.36514e+03 | 62  0.05313  8.65964e+02 | 63  0.05554  1.85117e+03
 64  0.05366  1.65606e+03 | 65  0.05611  2.45886e+03 | 66  0.05457  1.38356e+03
 67  0.06206  3.26807e+03 | 68  0.05834  1.29018e+03 | 69  0.05471 -7.51545e+02
 70  0.04883 -4.30793e+03 | 71  0.07789  5.14807e+03 | 72  0.07191  6.23923e+03
 73  0.02461 -1.56528e+04 | 74 -0.47536 -3.11996e+03 | 75 -0.46064 -9.81077e+02
1 0 24347.9
1 0 23884.6
1 0 23601.1
1 0 23433.4
1 0 23318.9
1 0 23223.4
1 0 23123.9
1 0 23036.3
1 0 22880.6
1 0 22507.6
1 0 137322
1 0 22444.5
1 0 21750
1 0 130030
1 0 21711.9
1 0 21452.6
1 0 29054
1 0 21403.2
75 variables; iteration 90; function evaluation 132; phase 1
Function value   2.1566178e+04; maximum gradient component mag  -8.7278e+04
Var   Value    Gradient   |Var   Value    Gradient   |Var   Value    Gradient
  1  0.27483  1.29461e+03 |  2  0.22124  3.95827e+02 |  3  0.20417  5.92215e+02
  4  0.17857  4.43709e+02 |  5  0.14237  4.43285e+02 |  6  0.03350 -8.81103e+01
  7 -0.04228 -1.59237e+02 |  8 -0.06924  5.78532e+00 |  9 -0.09755 -1.48094e+02
 10 -0.08018  1.21680e+02 | 11 -0.09955 -5.97866e+01 | 12 -0.10030  7.40077e+00
 13 -0.10304 -2.32315e+02 | 14 -0.03439  1.25042e+02 | 15 -0.00244  1.15635e+02
 16  0.02605  5.88482e+03 | 17  0.01669 -4.89753e+03 | 18  0.00447 -3.55394e+02
 19  0.01758  1.28090e+03 | 20  0.02255  8.41746e+02 | 21  0.01778  4.68285e+02
 22  0.02038  2.13111e+03 | 23  0.02841  3.93358e+03 | 24  0.01020 -3.31340e+03
 25  0.01604  9.55785e+01 | 26  0.02319  2.76500e+03 | 27  0.01303 -1.02430e+03
 28  0.01848  9.24755e+02 | 29  0.01421 -7.56190e+02 | 30  0.01588  1.92603e+03
 31  0.01597  1.81383e+03 | 32  0.01465  1.25188e+02 | 33  0.01496 -1.25714e+02
 34  0.01562  1.88540e+03 | 35  0.00941 -8.16155e+02 | 36  0.01427  8.65170e+02
 37  0.01190  3.03584e+02 | 38  0.01488  1.43755e+03 | 39  0.01413  1.28390e+02
 40  0.01005 -6.31635e+01 | 41 -0.00428 -3.42634e+03 | 42  0.00229  2.74715e+03
 43  0.00151 -5.69402e+03 | 44  0.00475  5.08194e+03 | 45 -0.41036 -8.56250e+03
 46  0.13153 -8.72779e+04 | 47 -0.06700  5.97742e+03 | 48 -0.06309  4.89085e+03
 49 -0.06592  4.42533e+03 | 50 -0.05075  5.44163e+03 | 51 -0.03784  5.94528e+03
 52 -0.04349  2.76929e+03 | 53 -0.03096  6.87065e+02 | 54 -0.02421  2.27525e+03
 55  0.00036  3.13806e+03 | 56  0.01094  2.20920e+03 | 57  0.01076  1.93514e+03
 58  0.02520  2.55487e+03 | 59  0.03572  3.36864e+03 | 60  0.02878  1.36740e+03
 61  0.02288  1.14078e+03 | 62  0.02260  1.70537e+03 | 63  0.02568  1.98015e+03
 64  0.01945  5.56024e+02 | 65  0.02142  1.65161e+03 | 66  0.02542  1.51946e+03
 67  0.02415  7.55460e+02 | 68  0.02866  1.11545e+03 | 69  0.03294  2.21312e+03
 70  0.03780  2.86407e+03 | 71  0.03775  2.42819e+03 | 72 -0.01018 -2.35124e+03
 73  0.05096  8.86586e+03 | 74  0.01931  1.64886e+03 | 75  0.03020  6.92158e+03
1 0 21345.1
1 0 21098.2
1 0 20967.9
1 0 20830
1 0 20727.1
1 0 20663.1
1 0 20587.9
1 0 20543.8
1 0 20515.5
1 0 20505.7
1 0 20501.9
75 variables; iteration 100; function evaluation 143; phase 1
Function value   2.0502020e+04; maximum gradient component mag  -2.2601e+03
Var   Value    Gradient   |Var   Value    Gradient   |Var   Value    Gradient
  1  0.26259 -1.54076e+02 |  2  0.19685 -1.99028e+01 |  3  0.13229 -3.10346e+01
  4  0.08465 -2.31905e+01 |  5  0.04941 -1.99421e+01 |  6  0.02322 -1.42984e+01
  7  0.00308 -1.56261e+01 |  8 -0.01125 -4.07560e+00 |  9 -0.02353 -6.03274e+00
 10 -0.03338 -8.07574e+00 | 11 -0.04031 -3.21515e+00 | 12 -0.04583 -8.89896e-01
 13 -0.05070 -2.08330e+00 | 14 -0.05460 -5.74838e+00 | 15 -0.05645 -5.11871e+00
 16  0.01627  1.12131e+02 | 17  0.02032  1.13103e+03 | 18  0.01043 -4.61531e+02
 19  0.01567 -1.26153e+02 | 20  0.01381  6.52099e+00 | 21  0.00866 -1.69300e+02
 22  0.01310 -7.38431e+01 | 23  0.01514 -8.08894e+01 | 24  0.01061 -3.17620e+01
 25  0.00596 -6.59839e+01 | 26  0.01027 -1.77864e+02 | 27  0.01219  1.34059e+02
 28  0.01273 -1.19633e+02 | 29  0.01120  2.90952e+00 | 30  0.01438 -3.11853e+01
 31  0.01626 -1.01693e+02 | 32  0.01629  9.33517e+00 | 33  0.01607  4.26033e+01
 34  0.01614 -1.56627e+02 | 35  0.01212  7.39136e+01 | 36  0.01388  1.37850e+01
 37  0.01230  5.59775e+01 | 38  0.01252 -2.15490e+00 | 39  0.01322  9.48777e+01
 40  0.01252 -2.06019e+02 | 41  0.00738  1.76524e+01 | 42  0.01276  1.01865e+02
 43  0.01213  4.02561e+02 | 44  0.01192  1.49995e+02 | 45 -0.38252 -3.49306e+02
 46  0.13825 -2.26006e+03 | 47 -0.06906 -4.11596e+02 | 48 -0.06721 -3.28926e+02
 49 -0.07018 -2.27085e+02 | 50 -0.05883 -1.76653e+02 | 51 -0.04835 -1.22022e+02
 52 -0.04624 -7.33354e+01 | 53 -0.03840  5.01691e+01 | 54 -0.02166 -2.71254e+02
 55 -0.00528 -1.40346e+02 | 56  0.00160 -1.12784e+02 | 57  0.01080  2.76020e+01
 58  0.01921  4.88513e+01 | 59  0.02752  1.63731e+01 | 60  0.02541  1.53781e+02
 61  0.02022  5.47304e+01 | 62  0.01962  5.30621e+01 | 63  0.02015  1.66170e+02
 64  0.01805 -1.02350e+02 | 65  0.01911  4.81946e+01 | 66  0.02101  4.84609e+01
 67  0.02339 -1.13910e+02 | 68  0.02432 -4.14520e+01 | 69  0.02552  3.42007e+01
 70  0.02810  2.33911e+01 | 71  0.03196 -4.80160e+00 | 72  0.02638 -3.42148e+02
 73  0.02376 -4.58146e+00 | 74  0.01899  3.96564e+01 | 75  0.01711  3.73505e+01
1 0 20500.7
1 0 20499.7
1 0 20498.4
1 0 20497.6
1 0 20497.2
1 0 20497
1 0 20496.8
1 0 20496.7
1 0 20496.6
1 0 20496.5
75 variables; iteration 110; function evaluation 153; phase 1
Function value   2.0496457e+04; maximum gradient component mag   7.6494e+01
Var   Value    Gradient   |Var   Value    Gradient   |Var   Value    Gradient
  1  0.24601 -4.04539e+01 |  2  0.18603 -5.64259e+00 |  3  0.13406 -3.07623e-01
  4  0.09551 -3.58720e-01 |  5  0.06623  9.63757e-01 |  6  0.04206 -9.33793e-01
  7  0.02136 -3.17760e+00 |  8  0.00357 -2.27607e+00 |  9 -0.01225 -1.88765e+00
 10 -0.02662 -5.92590e+00 | 11 -0.03859 -4.80366e+00 | 12 -0.04864 -8.75405e+00
 13 -0.05567 -4.11445e+00 | 14 -0.06114 -6.88583e+00 | 15 -0.06424 -9.35594e+00
 16  0.01541 -4.06534e+01 | 17  0.01092  7.64941e+01 | 18  0.01070 -4.52204e+01
 19  0.01639 -7.55284e-01 | 20  0.01430  6.64148e+00 | 21  0.00941  7.98037e+00
 22  0.01360 -9.69731e+00 | 23  0.01541 -6.74613e+01 | 24  0.01106 -1.90871e+01
 25  0.00643 -1.97952e+01 | 26  0.01080  4.12597e+00 | 27  0.01199 -1.81118e+00
 28  0.01306  1.89466e+01 | 29  0.01139 -1.67308e+01 | 30  0.01458  5.43946e+00
 31  0.01661 -8.31229e-01 | 32  0.01651  1.07526e+01 | 33  0.01617  4.38292e+00
 34  0.01670 -3.50977e+00 | 35  0.01223  1.04058e+01 | 36  0.01388 -5.56819e+00
 37  0.01241  1.49869e+00 | 38  0.01267  4.56979e+00 | 39  0.01321  8.59978e+00
 40  0.01297 -3.34708e+01 | 41  0.00758  1.28310e+00 | 42  0.01280 -1.39096e+01
 43  0.01158  1.95474e+01 | 44  0.01241  1.61633e+01 | 45 -0.38010 -5.36571e+01
 46  0.13822 -3.37606e+01 | 47 -0.06992 -6.67069e+01 | 48 -0.06650 -8.27777e+00
 49 -0.06965 -2.44121e+01 | 50 -0.05859 -1.15089e+01 | 51 -0.04790  1.26432e+01
 52 -0.04584  2.81788e+01 | 53 -0.03843  6.16166e+01 | 54 -0.02126 -7.59826e+01
 55 -0.00484  3.30871e+01 | 56  0.00211 -3.05130e+00 | 57  0.01068  1.20158e+00
 58  0.01940  1.88698e+01 | 59  0.02770  6.88163e+00 | 60  0.02533  2.16505e+01
 61  0.02045  9.29508e+00 | 62  0.01976  1.93221e+01 | 63  0.01992  1.27367e+01
 64  0.01871  6.43804e+00 | 65  0.01916  1.65288e+01 | 66  0.02097  7.46561e+00
 67  0.02380  1.23154e+01 | 68  0.02450  1.33675e+01 | 69  0.02551  7.51382e+00
 70  0.02835 -1.90626e+00 | 71  0.03211  8.50520e+00 | 72  0.02724  4.10260e+01
 73  0.02266 -3.74814e+00 | 74  0.01717 -1.17607e+01 | 75  0.01710  5.88300e+00
1 0 20496.3
1 0 20496.2
1 0 20496
1 0 20495.8
1 0 20495.7
1 0 20495.5
1 0 20495.4
1 0 20495.4
1 0 20495.4
1 0 20495.4
75 variables; iteration 120; function evaluation 163; phase 1
Function value   2.0495384e+04; maximum gradient component mag   5.4685e+01
Var   Value    Gradient   |Var   Value    Gradient   |Var   Value    Gradient
  1  0.24546 -1.84559e+00 |  2  0.18390  2.63026e-01 |  3  0.13194  2.50063e-01
  4  0.09502 -1.78928e-01 |  5  0.06868 -7.82876e-02 |  6  0.04905  1.90326e-02
  7  0.03383 -1.54112e-02 |  8  0.02175 -1.42447e-01 |  9  0.01210 -5.58254e-02
 10  0.00439  1.86353e-01 | 11 -0.00178 -1.84928e-01 | 12 -0.00650 -6.77385e-01
 13 -0.00977 -1.81383e-02 | 14 -0.01187  1.44645e-01 | 15 -0.01291  1.31798e-01
 16  0.01567  1.34171e+01 | 17  0.01065 -2.97504e+00 | 18  0.01060 -4.25533e+00
 19  0.01634 -3.52538e+00 | 20  0.01422 -3.29643e+00 | 21  0.00932 -2.16589e+00
 22  0.01362  1.84185e+00 | 23  0.01564 -3.76967e-01 | 24  0.01142 -5.36740e-01
 25  0.00649 -3.64569e-01 | 26  0.01076 -7.91876e-01 | 27  0.01193 -3.03711e+00
 28  0.01295 -3.04112e+00 | 29  0.01136 -2.88066e+00 | 30  0.01451 -1.31683e+00
 31  0.01655 -9.03136e-01 | 32  0.01643 -1.48548e+00 | 33  0.01609 -3.86023e+00
 34  0.01665 -1.73628e+00 | 35  0.01216 -2.17821e+00 | 36  0.01383 -2.97582e+00
 37  0.01235 -3.27760e+00 | 38  0.01260 -8.86165e-01 | 39  0.01316 -6.92184e+00
 40  0.01301 -6.23466e+00 | 41  0.00756 -2.66919e-01 | 42  0.01276 -4.54026e+00
 43  0.01162  1.63083e+01 | 44  0.01280  5.46849e+01 | 45 -0.37942 -1.77457e+01
 46  0.13818  5.31774e+01 | 47 -0.06995 -3.50968e-01 | 48 -0.06648 -1.24894e+00
 49 -0.06955 -1.39422e-01 | 50 -0.05855  3.18096e+00 | 51 -0.04793  1.55785e+00
 52 -0.04590 -7.56466e-01 | 53 -0.03855  8.94078e-01 | 54 -0.02096  2.05652e+00
 55 -0.00486  5.81824e+00 | 56  0.00218 -5.59568e-02 | 57  0.01073  4.62621e-01
 58  0.01937  2.48867e-01 | 59  0.02776  1.11429e+00 | 60  0.02533 -1.68510e+00
 61  0.02048 -1.61312e+00 | 62  0.01976  1.42480e+00 | 63  0.01993 -5.20886e-01
 64  0.01875 -4.14948e-01 | 65  0.01917  1.10751e+00 | 66  0.02101 -3.30994e-01
 67  0.02382 -4.69688e-01 | 68  0.02449  6.04617e-01 | 69  0.02554  6.34910e+00
 70  0.02844  8.56092e+00 | 71  0.03215 -5.47912e-01 | 72  0.02711 -1.07220e+01
 73  0.02255 -1.22538e+01 | 74  0.01681 -1.69654e+00 | 75  0.01685 -2.37491e+00
1 0 20495.4
1 0 20495.4
1 0 20495.4
1 0 20495.4
1 0 20495.4
1 0 20495.4
1 0 20495.4
1 0 20495.4
1 0 20495.4
1 0 20495.4
75 variables; iteration 130; function evaluation 173; phase 1
Function value   2.0495379e+04; maximum gradient component mag   1.3695e+01
Var   Value    Gradient   |Var   Value    Gradient   |Var   Value    Gradient
  1  0.24561 -4.83499e-01 |  2  0.18394 -4.20315e-02 |  3  0.13195  1.08704e-02
  4  0.09509 -1.62111e-02 |  5  0.06880 -3.49092e-02 |  6  0.04923  4.45090e-02
  7  0.03409  1.52293e-01 |  8  0.02207  9.60635e-02 |  9  0.01244  8.91554e-02
 10  0.00471  1.40849e-01 | 11 -0.00144 -9.07347e-02 | 12 -0.00615 -2.96597e-01
 13 -0.00951 -9.89201e-02 | 14 -0.01166  1.30037e-01 | 15 -0.01274  2.76913e-02
 16  0.01561 -2.79822e-01 | 17  0.01075  2.31690e+00 | 18  0.01062 -2.13702e-01
 19  0.01636 -4.34048e-01 | 20  0.01423 -1.18283e-01 | 21  0.00933 -7.10383e-01
 22  0.01363  6.44590e-01 | 23  0.01565  2.65018e+00 | 24  0.01143  1.86358e-01
 25  0.00649  9.40732e-01 | 26  0.01077 -6.50686e-02 | 27  0.01195  7.72815e-01
 28  0.01297  6.75721e-01 | 29  0.01138 -1.09029e+00 | 30  0.01453  8.28382e-01
 31  0.01656  1.61267e-01 | 32  0.01643 -9.98899e-01 | 33  0.01611  1.15628e+00
 34  0.01666  3.86513e-01 | 35  0.01217 -5.70871e-01 | 36  0.01384 -1.29855e-02
 37  0.01237  5.83509e-01 | 38  0.01262 -2.79581e-01 | 39  0.01318 -1.06091e+00
 40  0.01302 -1.97923e+00 | 41  0.00757  6.12486e-01 | 42  0.01275 -4.69658e+00
 43  0.01155 -3.41840e+00 | 44  0.01262  6.50796e-01 | 45 -0.37959  2.75459e+00
 46  0.13819  1.36953e+01 | 47 -0.06995 -5.23029e-01 | 48 -0.06648 -1.07284e+00
 49 -0.06955 -4.39171e-01 | 50 -0.05856 -7.65080e-02 | 51 -0.04795 -8.25375e-01
 52 -0.04591 -1.52146e+00 | 53 -0.03857 -2.01668e+00 | 54 -0.02096  1.53145e+00
 55 -0.00489 -9.79752e-01 | 56  0.00217 -1.08150e+00 | 57  0.01072 -1.32479e+00
 58  0.01937 -2.16735e-01 | 59  0.02775 -3.98892e-01 | 60  0.02532 -7.45063e-02
 61  0.02048 -2.95229e-01 | 62  0.01974 -2.69572e+00 | 63  0.01993 -9.88153e-01
 64  0.01875 -1.92284e-01 | 65  0.01915 -1.15943e+00 | 66  0.02100 -1.68365e+00
 67  0.02381 -8.27936e-01 | 68  0.02448 -8.62158e-01 | 69  0.02552  1.74167e+00
 70  0.02843  1.14387e+00 | 71  0.03215 -7.63628e-01 | 72  0.02714  3.11966e-01
 73  0.02257  3.01240e+00 | 74  0.01687 -1.08558e+00 | 75  0.01696 -5.96143e-01
1 0 20495.4
1 0 20495.4
1 0 20495.4
1 0 20495.4
1 0 20495.4

 - final statistics:
75 variables; iteration 135; function evaluation 178
Function value   2.0495e+04; maximum gradient component mag  -3.7666e-02
Exit code = 1;  converg criter   1.0000e-01
Var   Value    Gradient   |Var   Value    Gradient   |Var   Value    Gradient
  1  0.24557 -5.67434e-03 |  2  0.18391 -2.63482e-04 |  3  0.13192  3.61022e-04
  4  0.09506 -2.30169e-04 |  5  0.06875 -5.06825e-04 |  6  0.04915 -6.03461e-04
  7  0.03398  1.67138e-04 |  8  0.02197  6.42116e-04 |  9  0.01236  1.30962e-03
 10  0.00468  1.09378e-03 | 11 -0.00138  6.38628e-04 | 12 -0.00602 -1.67565e-03
 13 -0.00940 -1.64897e-04 | 14 -0.01161  2.91849e-04 | 15 -0.01270 -6.33397e-04
 16  0.01560 -1.09485e-03 | 17  0.01072  1.78419e-02 | 18  0.01062 -6.33639e-04
 19  0.01636 -2.40209e-03 | 20  0.01424 -6.20019e-04 | 21  0.00933 -3.57779e-03
 22  0.01363  1.98873e-03 | 23  0.01564 -6.54387e-03 | 24  0.01142 -6.11678e-03
 25  0.00649  1.13109e-03 | 26  0.01077  2.78905e-03 | 27  0.01195 -4.49341e-03
 28  0.01297  4.80310e-04 | 29  0.01138  1.96095e-03 | 30  0.01453  3.07674e-03
 31  0.01656  2.40226e-03 | 32  0.01644  3.40415e-03 | 33  0.01611  7.41626e-04
 34  0.01666  2.58566e-03 | 35  0.01217 -2.18536e-03 | 36  0.01384  1.44541e-03
 37  0.01237 -3.24268e-03 | 38  0.01262  8.85782e-03 | 39  0.01318 -1.73256e-02
 40  0.01303 -5.13190e-03 | 41  0.00758  3.65787e-02 | 42  0.01276 -8.37283e-03
 43  0.01156  2.22523e-03 | 44  0.01261 -3.76665e-02 | 45 -0.37961  3.22863e-02
 46  0.13818 -3.65370e-02 | 47 -0.06996 -3.63880e-04 | 48 -0.06648 -7.56450e-03
 49 -0.06955  4.20682e-03 | 50 -0.05856  3.11674e-03 | 51 -0.04794  6.52840e-03
 52 -0.04590 -3.55960e-03 | 53 -0.03856  1.08254e-02 | 54 -0.02097  7.73790e-04
 55 -0.00488  1.25580e-02 | 56  0.00217  9.28354e-03 | 57  0.01072  6.77125e-03
 58  0.01937  1.23293e-03 | 59  0.02775  1.75434e-03 | 60  0.02532  6.78360e-03
 61  0.02048 -9.22457e-03 | 62  0.01974  1.27792e-03 | 63  0.01993  4.06496e-03
 64  0.01875 -1.33565e-03 | 65  0.01916  9.97223e-03 | 66  0.02101  3.55693e-03
 67  0.02382  2.01898e-03 | 68  0.02449  1.12633e-02 | 69  0.02552  3.07672e-02
 70  0.02843  1.46951e-02 | 71  0.03216 -7.30818e-03 | 72  0.02715  1.66839e-02
 73  0.02257 -2.40968e-03 | 74  0.01688  1.21147e-02 | 75  0.01688  3.75955e-03
1 0 20495.4
B064189.3
0.3 0.387278
0.331953 0.35788
0.339426 0.351486
0.340867 0.350273
0.341132 0.35005
0.341181 0.350009
0.34119 0.350002
0.341191 0.35
0.341192 0.35
0.341192 0.35
0.341192 0.35
0.341192 0.35
0.341192 0.35
0.341192 0.35
0.341192 0.35
0.341192 0.35
0.341192 0.35
0.341192 0.35
0.341192 0.35
0.341192 0.35
0.341192 0.35
FutMOrt0.210095
FutMOrt0.210095
FutMOrt0.210095
FutMOrt0.210095
FutMOrt0.210095
FutMOrt0.210095
FutMOrt0.210095
FutMOrt0.210095
FutMOrt0.210095
FutMOrt0.210095
2 0 20495.4

Initial statistics: 79 variables; iteration 0; function evaluation 0; phase 2
Function value   2.0495378e+04; maximum gradient component mag   5.0032e+02
Var   Value    Gradient   |Var   Value    Gradient   |Var   Value    Gradient
  1 -0.81091  9.73830e+01 |  2 -0.60305  1.33507e+02 |  3  0.24557 -5.67434e-03
  4  0.18391 -2.63482e-04 |  5  0.13192  3.61022e-04 |  6  0.09506 -2.30169e-04
  7  0.06875 -5.06825e-04 |  8  0.04915 -6.03461e-04 |  9  0.03398  1.67138e-04
 10  0.02197  6.42116e-04 | 11  0.01236  1.30962e-03 | 12  0.00468  1.09378e-03
 13 -0.00138  6.38628e-04 | 14 -0.00602 -1.67565e-03 | 15 -0.00940 -1.64897e-04
 16 -0.01161  2.91849e-04 | 17 -0.01270 -6.33397e-04 | 18  0.01560 -1.09485e-03
 19  0.01072  1.68693e-02 | 20  0.01062 -1.60626e-03 | 21  0.01636 -3.37452e-03
 22  0.01424 -1.59253e-03 | 23  0.00933 -4.55044e-03 | 24  0.01363  1.01619e-03
 25  0.01564 -7.51634e-03 | 26  0.01142 -7.08939e-03 | 27  0.00649  1.58385e-04
 28  0.01077  1.81643e-03 | 29  0.01195 -5.46600e-03 | 30  0.01297 -4.92248e-04
 31  0.01138  9.88345e-04 | 32  0.01453  2.10423e-03 | 33  0.01656  1.42983e-03
 34  0.01644  2.43171e-03 | 35  0.01611 -2.30821e-04 | 36  0.01666  1.61323e-03
 37  0.01217 -3.15794e-03 | 38  0.01384  4.72885e-04 | 39  0.01237 -4.21525e-03
 40  0.01262  7.88525e-03 | 41  0.01318 -1.82981e-02 | 42  0.01303 -6.10445e-03
 43  0.00758  3.56060e-02 | 44  0.01276 -9.34539e-03 | 45  0.01156  1.25263e-03
 46  0.01261 -3.86390e-02 | 47 -0.37961  3.14814e-02 | 48  0.13818 -3.65370e-02
 49 -0.06996 -5.24254e-03 | 50 -0.06648 -1.24460e-02 | 51 -0.06955 -6.72180e-04
 52 -0.05856 -1.77078e-03 | 53 -0.04794  1.63404e-03 | 54 -0.04590 -8.45511e-03
 55 -0.03856  5.92611e-03 | 56 -0.02097 -4.13181e-03 | 57 -0.00488  7.64990e-03
 58  0.00217  4.37531e-03 | 59  0.01072  1.86368e-03 | 60  0.01937 -3.67306e-03
 61  0.02775 -3.14926e-03 | 62  0.02532  1.87922e-03 | 63  0.02048 -1.41303e-02
 64  0.01974 -3.62798e-03 | 65  0.01993 -8.40897e-04 | 66  0.01875 -6.24179e-03
 67  0.01916  5.06619e-03 | 68  0.02101 -1.34866e-03 | 69  0.02382 -2.88585e-03
 70  0.02449  6.35867e-03 | 71  0.02552  2.58629e-02 | 72  0.02843  9.79170e-03
 73  0.03216 -1.22102e-02 | 74  0.02715  1.17801e-02 | 75  0.02257 -7.31486e-03
 76  0.01688  7.20813e-03 | 77  0.01688 -1.14698e-03 | 78 -0.70042  5.00322e+02
 79 -0.62181  1.34013e+02 |
2 0 20495.4
2 0 20495.2
2 0 20494.1
2 0 20502.8
2 0 20493.9
2 0 20493.6
2 0 20492.1
2 0 20491
2 0 20504.8
2 0 20490.9
2 0 20490.8
2 0 20490.6
2 0 20490.2
2 0 20489.7
2 0 20488.9

Intermediate statistics: 79 variables; iteration 10; function evaluation 15; phase 2
Function value   2.0488925e+04; maximum gradient component mag   7.5220e+02
Var   Value    Gradient   |Var   Value    Gradient   |Var   Value    Gradient
  1 -0.82294  5.65040e+01 |  2 -0.62173  9.89730e+01 |  3  0.24742  3.24685e+01
  4  0.18260  2.10134e+00 |  5  0.13117  7.20781e+00 |  6  0.09468  4.51880e+00
  7  0.06854  2.65576e+00 |  8  0.04901  1.74736e+00 |  9  0.03388  1.26122e+00
 10  0.02189  9.72747e-01 | 11  0.01229  7.88761e-01 | 12  0.00463  6.65806e-01
 13 -0.00142  5.81179e-01 | 14 -0.00607  5.23350e-01 | 15 -0.00944  4.85007e-01
 16 -0.01164  4.61828e-01 | 17 -0.01273  4.50733e-01 | 18  0.00735 -5.01663e+02
 19  0.01126  3.51177e+01 | 20  0.01045 -9.21415e+00 | 21  0.01625 -2.18730e+01
 22  0.01426  5.64311e+01 | 23  0.00919 -9.56707e+00 | 24  0.01347 -1.43877e+01
 25  0.01548 -5.61722e+01 | 26  0.01146  9.54456e+01 | 27  0.00657  8.89524e+01
 28  0.01076  9.20736e+01 | 29  0.01188  1.63364e+01 | 30  0.01290  5.95980e+01
 31  0.01118 -2.46879e+00 | 32  0.01430 -3.87074e+01 | 33  0.01655  1.04102e+02
 34  0.01615 -5.61498e+01 | 35  0.01568 -7.92163e+01 | 36  0.01643  5.68533e+00
 37  0.01183 -7.63769e+01 | 38  0.01363 -3.02998e+01 | 39  0.01216 -2.69927e+01
 40  0.01242 -3.77253e+01 | 41  0.01293 -2.72215e+01 | 42  0.01279 -2.66083e-01
 43  0.00738 -1.99785e+01 | 44  0.01282  7.21547e+01 | 45  0.01166 -5.94580e+01
 46  0.01318 -1.35762e+02 | 47 -0.37630  1.81956e+02 | 48  0.13795  7.52197e+02
 49 -0.06987  6.74478e+00 | 50 -0.06641 -2.17507e+01 | 51 -0.06939  1.87339e+01
 52 -0.05840 -1.36727e+01 | 53 -0.04763  7.58377e+01 | 54 -0.04564  1.12618e+02
 55 -0.03830  1.35873e+02 | 56 -0.02069  1.22536e+02 | 57 -0.00449  9.02618e+01
 58  0.00234  6.11028e-01 | 59  0.01094  1.34361e+01 | 60  0.01963  3.03811e+01
 61  0.02789  1.85054e+00 | 62  0.02544 -2.05329e+01 | 63  0.02055 -9.08081e+01
 64  0.01974 -6.93193e+01 | 65  0.01983 -8.34415e+01 | 66  0.01890 -3.89732e+01
 67  0.01919 -2.78974e+01 | 68  0.02117  1.48372e+01 | 69  0.02396  1.06809e+01
 70  0.02474  3.92038e+01 | 71  0.02563  4.78540e+00 | 72  0.02859  6.08653e+00
 73  0.03207 -1.13126e+02 | 74  0.02726 -6.44974e+00 | 75  0.02215 -6.41147e+01
 76  0.01415 -7.01184e+01 | 77  0.01620 -2.17439e+01 | 78 -0.71499  2.03914e+02
 79 -0.63011  1.05604e+02 |
2 0 20489.4
2 0 20488.6
2 0 20488.2
2 0 20487.9
2 0 20487.6
2 0 20488
2 0 20487.5
2 0 20487.5
2 0 20487.4
2 0 20487.4
2 0 20487.4
2 0 20487.4
2 0 20487.4
79 variables; iteration 20; function evaluation 28; phase 2
Function value   2.0487376e+04; maximum gradient component mag  -3.5753e+02
Var   Value    Gradient   |Var   Value    Gradient   |Var   Value    Gradient
  1 -0.83156  2.42957e+01 |  2 -0.64116  5.53454e+01 |  3  0.24401  1.50594e+00
  4  0.18336  3.82826e+01 |  5  0.13011  5.65859e+00 |  6  0.09374  5.39666e+00
  7  0.06795  4.18411e+00 |  8  0.04862  2.76210e+00 |  9  0.03360  1.92202e+00
 10  0.02167  1.44189e+00 | 11  0.01212  1.14810e+00 | 12  0.00448  9.57324e-01
 13 -0.00155  8.29801e-01 | 14 -0.00618  7.42671e-01 | 15 -0.00955  6.86020e-01
 16 -0.01174  6.51107e-01 | 17 -0.01283  6.33904e-01 | 18  0.00636 -3.57534e+02
 19  0.00969 -2.74956e+01 | 20  0.01056  2.55162e+01 | 21  0.01634 -7.90284e+01
 22  0.01438  3.40917e+01 | 23  0.00946  9.64402e+01 | 24  0.01370  2.29474e+01
 25  0.01592  4.91102e+01 | 26  0.01190  8.58203e+01 | 27  0.00713  1.61253e+02
 28  0.01095 -1.97835e+01 | 29  0.01224  1.07021e+02 | 30  0.01298  1.78102e+01
 31  0.01139  1.44060e+01 | 32  0.01465  8.68958e+01 | 33  0.01686  1.88121e+02
 34  0.01654  2.01597e+01 | 35  0.01612  5.93243e+00 | 36  0.01678  6.82263e+01
 37  0.01213 -3.65154e+01 | 38  0.01386 -1.32379e+01 | 39  0.01240  4.46405e+00
 40  0.01266  3.22582e+00 | 41  0.01316 -6.80494e+00 | 42  0.01300 -1.96796e+00
 43  0.00768  4.10758e+01 | 44  0.01305  1.94311e+02 | 45  0.01165  1.03991e+01
 46  0.01177 -1.93118e+02 | 47 -0.37978  1.51406e+01 | 48  0.13798  3.33818e+02
 49 -0.07006  7.46521e+01 | 50 -0.06634  1.04875e+02 | 51 -0.06934  1.56304e+02
 52 -0.05829  1.43965e+02 | 53 -0.04778  6.38255e+01 | 54 -0.04587  5.40936e+01
 55 -0.03853  4.70166e+01 | 56 -0.02089  4.30074e+01 | 57 -0.00461  1.26369e+01
 58  0.00243  9.30824e+01 | 59  0.01093  3.07538e+01 | 60  0.01951  5.36970e+01
 61  0.02784  1.39647e+01 | 62  0.02526 -1.04249e+02 | 63  0.02038 -1.57221e+02
 64  0.01967 -1.07917e+02 | 65  0.01982 -1.04581e+02 | 66  0.01880 -8.60925e+01
 67  0.01917 -2.19871e+01 | 68  0.02107  1.30894e+01 | 69  0.02390  1.32973e+01
 70  0.02464  3.14614e+01 | 71  0.02559  2.97326e+01 | 72  0.02851  2.16325e+01
 73  0.03213 -1.11705e+02 | 74  0.02713 -1.38625e+02 | 75  0.02318 -4.24209e-01
 76  0.01709  9.89641e+01 | 77  0.01451 -2.24489e+01 | 78 -0.71223  1.28204e+02
 79 -0.63759  6.87132e+01 |
2 0 20487.4
2 0 20487.3
2 0 20487.3
2 0 20487.3
2 0 20487.1
2 0 20486.9
2 0 20486.9
2 0 20486.8
2 0 20487
2 0 20486.8
2 0 20486.7
2 0 20486.7
2 0 20486.7
2 0 20486.7
79 variables; iteration 30; function evaluation 42; phase 2
Function value   2.0486716e+04; maximum gradient component mag   2.4965e+02
Var   Value    Gradient   |Var   Value    Gradient   |Var   Value    Gradient
  1 -0.80964  1.88764e+01 |  2 -0.65837  4.45205e+01 |  3  0.24380 -1.04718e+00
  4  0.17963 -1.58421e+00 |  5  0.12884  1.44309e+01 |  6  0.09052 -4.61501e+00
  7  0.06460 -1.96812e+00 |  8  0.04622  1.91425e+00 |  9  0.03193  1.97209e+00
 10  0.02044  1.36194e+00 | 11  0.01115  9.61993e-01 | 12  0.00368  7.36469e-01
 13 -0.00224  6.02165e-01 | 14 -0.00680  5.14811e-01 | 15 -0.01012  4.66111e-01
 16 -0.01229  4.36094e-01 | 17 -0.01336  4.18065e-01 | 18  0.00528 -3.49338e+01
 19  0.00907 -4.98559e+01 | 20  0.01062  5.86583e+01 | 21  0.01637 -2.35096e+01
 22  0.01429 -5.65843e+01 | 23  0.00939  7.10429e+01 | 24  0.01363  2.38181e+01
 25  0.01586  1.23844e+01 | 26  0.01185  4.20468e+01 | 27  0.00713  1.38628e+02
 28  0.01093 -3.40735e+01 | 29  0.01221  7.12177e+01 | 30  0.01291 -2.45085e+01
 31  0.01137  1.53439e+01 | 32  0.01459  9.09276e+01 | 33  0.01687  2.49646e+02
 34  0.01652  3.48516e+01 | 35  0.01606  1.74812e+01 | 36  0.01678  1.35402e+02
 37  0.01209 -7.31498e+01 | 38  0.01383 -6.10599e+01 | 39  0.01241 -7.58177e+00
 40  0.01270  1.72316e+01 | 41  0.01319 -1.83703e+00 | 42  0.01305  2.91854e+00
 43  0.00767  3.45954e+01 | 44  0.01298  1.70794e+02 | 45  0.01167  1.00601e+01
 46  0.01206 -1.49082e+02 | 47 -0.37914 -5.83406e+01 | 48  0.13797 -1.55796e+02
 49 -0.07007  1.07439e+02 | 50 -0.06626  1.15008e+02 | 51 -0.06935  1.55665e+02
 52 -0.05821  2.25576e+02 | 53 -0.04774  1.15336e+02 | 54 -0.04585  9.19584e+01
 55 -0.03851  1.03558e+02 | 56 -0.02094  9.14312e+01 | 57 -0.00458  5.47676e+01
 58  0.00243  1.27893e+02 | 59  0.01103  1.11225e+02 | 60  0.01956  1.30095e+02
 61  0.02790  5.60321e+01 | 62  0.02531 -8.97116e+01 | 63  0.02040 -1.76046e+02
 64  0.01971 -1.18359e+02 | 65  0.01972 -1.78248e+02 | 66  0.01869 -1.82474e+02
 67  0.01920 -1.83709e+01 | 68  0.02116  7.43080e+01 | 69  0.02396  5.73938e+01
 70  0.02473  7.16232e+01 | 71  0.02562  5.87686e+01 | 72  0.02865  8.45215e+01
 73  0.03217 -8.81114e+01 | 74  0.02716 -9.93398e+01 | 75  0.02310  8.44569e+00
 76  0.01658  1.62100e+02 | 77  0.01552  3.87901e+01 | 78 -0.70975 -7.90128e+01
 79 -0.65448 -2.82383e+01 |
2 0 20486.6
2 0 20486.7
2 0 20486.6
2 0 20486.6
2 0 20486.6
2 0 20486.5
2 0 20486.4
2 0 20486.4
2 0 20486.5
2 0 20486.4
2 0 20486.4
2 0 20486.4
79 variables; iteration 40; function evaluation 54; phase 2
Function value   2.0486390e+04; maximum gradient component mag   2.2610e+02
Var   Value    Gradient   |Var   Value    Gradient   |Var   Value    Gradient
  1 -0.79355  1.29499e+01 |  2 -0.67405  3.05313e+01 |  3  0.24437  1.34775e+01
  4  0.18019  2.05155e+00 |  5  0.12953  1.99749e+01 |  6  0.09021 -7.27929e+00
  7  0.06419 -1.22634e-01 |  8  0.04518  1.19482e+00 |  9  0.03045 -4.01394e-01
 10  0.01919  9.97327e-01 | 11  0.01021  1.29935e+00 | 12  0.00294  1.03981e+00
 13 -0.00285  8.10635e-01 | 14 -0.00733  6.68615e-01 | 15 -0.01059  5.90124e-01
 16 -0.01273  5.44965e-01 | 17 -0.01379  5.22587e-01 | 18  0.00558 -4.60820e+01
 19  0.00931 -5.79555e+01 | 20  0.01061  6.66154e+01 | 21  0.01624 -1.59083e+01
 22  0.01388 -1.38034e+02 | 23  0.00933  7.90243e+01 | 24  0.01361  4.59587e+00
 25  0.01609  6.41825e+01 | 26  0.01206  9.55802e+01 | 27  0.00688  9.58676e+01
 28  0.01065 -7.85427e+01 | 29  0.01225  8.89741e+01 | 30  0.01314  1.49787e+01
 31  0.01162  8.88914e+01 | 32  0.01467  8.58627e+01 | 33  0.01690  2.26104e+02
 34  0.01656  5.29887e+01 | 35  0.01605  3.02306e+01 | 36  0.01678  1.41287e+02
 37  0.01217 -5.24645e+01 | 38  0.01396 -1.11388e+01 | 39  0.01214 -5.86829e+01
 40  0.01231 -6.87022e+01 | 41  0.01305 -3.93532e+01 | 42  0.01298 -3.32025e+01
 43  0.00765  7.23738e+01 | 44  0.01296  2.01199e+02 | 45  0.01168  1.12000e+01
 46  0.01224 -1.61834e+02 | 47 -0.37866 -3.04721e+01 | 48  0.13787  7.82597e+01
 49 -0.06996  1.21645e+02 | 50 -0.06606  1.46840e+02 | 51 -0.06924  1.45472e+02
 52 -0.05843  1.42359e+02 | 53 -0.04764  1.24519e+02 | 54 -0.04596  5.35331e+01
 55 -0.03833  1.25612e+02 | 56 -0.02063  1.17562e+02 | 57 -0.00454  3.91889e+01
 58  0.00221  4.55794e+01 | 59  0.01104  8.63563e+01 | 60  0.01964  1.12884e+02
 61  0.02798  1.54195e+01 | 62  0.02544 -7.11107e+01 | 63  0.02059 -1.19064e+02
 64  0.01982 -9.79233e+01 | 65  0.01977 -1.83142e+02 | 66  0.01869 -2.05065e+02
 67  0.01930 -1.90161e+01 | 68  0.02160  1.70240e+02 | 69  0.02387  1.47735e+01
 70  0.02453  1.96383e+01 | 71  0.02582  1.43087e+02 | 72  0.02882  1.59729e+02
 73  0.03220 -9.86116e+01 | 74  0.02713 -1.33790e+02 | 75  0.02305  6.57849e+00
 76  0.01621  1.47916e+02 | 77  0.01413  1.96278e+01 | 78 -0.71075 -5.83820e+01
 79 -0.65109 -1.79628e+01 |
2 0 20486.3
2 0 20486.8
2 0 20486.3
2 0 20486.3
2 0 20486.3
2 0 20486.3
2 0 20486.3
2 0 20486.3
2 0 20486.3
2 0 20486.3
2 0 20486.3
2 0 20486.3
2 0 20486.3
79 variables; iteration 50; function evaluation 67; phase 2
Function value   2.0486314e+04; maximum gradient component mag   2.0217e+02
Var   Value    Gradient   |Var   Value    Gradient   |Var   Value    Gradient
  1 -0.78992  1.11673e+01 |  2 -0.67783  2.66127e+01 |  3  0.24395  6.38132e+00
  4  0.17918 -5.31393e+00 |  5  0.12820  1.03226e+01 |  6  0.09049 -4.67283e+00
  7  0.06514  4.92384e+00 |  8  0.04529 -3.77174e+00 |  9  0.03116  3.92245e+00
 10  0.01917 -1.24936e-01 | 11  0.00975 -4.41927e-01 | 12  0.00250  5.45856e-01
 13 -0.00319  7.45414e-01 | 14 -0.00759  6.28248e-01 | 15 -0.01082  5.25410e-01
 16 -0.01294  4.65789e-01 | 17 -0.01398  4.36446e-01 | 18  0.00563 -5.81822e+01
 19  0.00902 -4.22618e+01 | 20  0.01058  5.49128e+01 | 21  0.01619 -4.21039e+01
 22  0.01389 -1.29549e+02 | 23  0.00942  8.97090e+01 | 24  0.01368  1.23934e+01
 25  0.01612  6.87685e+01 | 26  0.01205  9.15051e+01 | 27  0.00691  1.07194e+02
 28  0.01070 -7.30869e+01 | 29  0.01230  8.06381e+01 | 30  0.01312  2.63028e+01
 31  0.01143  3.32348e+01 | 32  0.01461  9.15978e+01 | 33  0.01684  1.94514e+02
 34  0.01660  8.24869e+01 | 35  0.01609  3.70314e+01 | 36  0.01678  1.27343e+02
 37  0.01218 -5.85496e+01 | 38  0.01398 -1.67038e+01 | 39  0.01216 -5.48021e+01
 40  0.01236 -4.89483e+01 | 41  0.01309 -4.40269e+01 | 42  0.01304 -4.92503e+00
 43  0.00765  6.00421e+01 | 44  0.01293  1.71098e+02 | 45  0.01175  5.71584e+01
 46  0.01224 -1.78492e+02 | 47 -0.37866 -1.86955e+01 | 48  0.13794  1.56369e+02
 49 -0.07001  1.09223e+02 | 50 -0.06614  1.40412e+02 | 51 -0.06933  1.42629e+02
 52 -0.05856  1.16688e+02 | 53 -0.04765  1.39922e+02 | 54 -0.04599  5.98509e+01
 55 -0.03836  1.31456e+02 | 56 -0.02070  1.10806e+02 | 57 -0.00466  7.21238e+00
 58  0.00214  3.59966e+01 | 59  0.01108  1.16623e+02 | 60  0.01965  1.25974e+02
 61  0.02786  1.42178e+01 | 62  0.02532 -8.59137e+01 | 63  0.02050 -1.20880e+02
 64  0.01973 -1.20940e+02 | 65  0.01973 -1.84231e+02 | 66  0.01863 -1.98941e+02
 67  0.01926  5.54463e-01 | 68  0.02160  2.02168e+02 | 69  0.02380  1.97587e+01
 70  0.02447  2.05235e+01 | 71  0.02578  1.47360e+02 | 72  0.02876  1.49281e+02
 73  0.03214 -9.22753e+01 | 74  0.02706 -1.32692e+02 | 75  0.02299 -1.14833e+00
 76  0.01622  1.48152e+02 | 77  0.01568  2.49750e+01 | 78 -0.71111 -4.58602e+01
 79 -0.64955 -1.18370e+01 |
2 0 20486.3
2 0 20486.3
2 0 20486.3
2 0 20486.3
2 0 20486.3
2 0 20486.3
2 0 20486.3
2 0 20486.3
2 0 20486.3
2 0 20486.3
2 0 20486.3
2 0 20486.3
2 0 20486.3
2 0 20486.3
2 0 20486.3
79 variables; iteration 60; function evaluation 82; phase 2
Function value   2.0486307e+04; maximum gradient component mag   2.0281e+02
Var   Value    Gradient   |Var   Value    Gradient   |Var   Value    Gradient
  1 -0.78948  1.09868e+01 |  2 -0.67817  2.62391e+01 |  3  0.24393  6.15436e+00
  4  0.17914 -5.69926e+00 |  5  0.12835  1.05833e+01 |  6  0.09092 -3.89654e+00
  7  0.06579  5.49454e+00 |  8  0.04612 -3.08960e+00 |  9  0.03208  4.16556e+00
 10  0.02021  3.44786e+00 | 11  0.00990 -2.95363e+00 | 12  0.00254  1.45754e+00
 13 -0.00352 -1.39301e-01 | 14 -0.00803  5.08576e-02 | 15 -0.01120  5.07378e-01
 16 -0.01325  5.74975e-01 | 17 -0.01426  5.38897e-01 | 18  0.00563 -5.52991e+01
 19  0.00904 -4.23831e+01 | 20  0.01058  5.50849e+01 | 21  0.01619 -3.99385e+01
 22  0.01390 -1.30617e+02 | 23  0.00943  9.19165e+01 | 24  0.01368  1.51171e+01
 25  0.01610  6.31008e+01 | 26  0.01206  9.40960e+01 | 27  0.00690  1.05815e+02
 28  0.01069 -7.48675e+01 | 29  0.01229  7.90851e+01 | 30  0.01312  2.75718e+01
 31  0.01143  3.35512e+01 | 32  0.01459  8.78861e+01 | 33  0.01685  1.96507e+02
 34  0.01660  8.12186e+01 | 35  0.01609  3.81619e+01 | 36  0.01678  1.26955e+02
 37  0.01218 -5.89531e+01 | 38  0.01398 -1.82285e+01 | 39  0.01216 -5.08777e+01
 40  0.01236 -5.07985e+01 | 41  0.01308 -4.66069e+01 | 42  0.01304 -2.61775e+00
 43  0.00764  6.15759e+01 | 44  0.01292  1.67540e+02 | 45  0.01175  5.78852e+01
 46  0.01226 -1.76484e+02 | 47 -0.37863 -1.70199e+01 | 48  0.13793  1.54957e+02
 49 -0.07001  1.10237e+02 | 50 -0.06612  1.44290e+02 | 51 -0.06933  1.40589e+02
 52 -0.05855  1.19498e+02 | 53 -0.04764  1.38306e+02 | 54 -0.04597  5.93199e+01
 55 -0.03837  1.27131e+02 | 56 -0.02068  1.14439e+02 | 57 -0.00465  8.12237e+00
 58  0.00216  3.78387e+01 | 59  0.01109  1.16477e+02 | 60  0.01964  1.20909e+02
 61  0.02789  1.88466e+01 | 62  0.02531 -9.19858e+01 | 63  0.02053 -1.15290e+02
 64  0.01972 -1.24450e+02 | 65  0.01976 -1.79406e+02 | 66  0.01863 -2.02195e+02
 67  0.01927  9.80711e-01 | 68  0.02161  2.02807e+02 | 69  0.02380  1.63536e+01
 70  0.02449  2.30080e+01 | 71  0.02579  1.49914e+02 | 72  0.02877  1.47484e+02
 73  0.03214 -9.58255e+01 | 74  0.02707 -1.32553e+02 | 75  0.02298 -4.58671e+00
 76  0.01622  1.52313e+02 | 77  0.01546  2.37294e+01 | 78 -0.71109 -4.78202e+01
 79 -0.64965 -1.27782e+01 |
2 0 20486.3
2 0 20486.3
2 0 20486.3
2 0 20486.3
2 0 20486.3
2 0 20486.3
2 0 20486.3
2 0 20486.3
2 0 20486.3
2 0 20486.3
2 0 20486.3
2 0 20486.3
2 0 20486.3
2 0 20486.3
2 0 20486.3
79 variables; iteration 70; function evaluation 97; phase 2
Function value   2.0486302e+04; maximum gradient component mag   2.0128e+02
Var   Value    Gradient   |Var   Value    Gradient   |Var   Value    Gradient
  1 -0.78921  1.07616e+01 |  2 -0.67843  2.57808e+01 |  3  0.24400  6.61935e+00
  4  0.17926 -5.05007e+00 |  5  0.12865  1.15812e+01 |  6  0.09133 -3.14203e+00
  7  0.06624  6.27749e+00 |  8  0.04650 -2.58251e+00 |  9  0.03230  3.30226e+00
 10  0.02057  2.13677e+00 | 11  0.01084 -4.62359e-01 | 12  0.00337  3.28074e+00
 13 -0.00330 -5.25619e-01 | 14 -0.00829  1.51816e-01 | 15 -0.01195 -3.63153e-01
 16 -0.01426 -2.47321e-01 | 17 -0.01531  3.81727e-01 | 18  0.00564 -5.25321e+01
 19  0.00911 -4.26729e+01 | 20  0.01058  5.48416e+01 | 21  0.01619 -3.96107e+01
 22  0.01390 -1.31021e+02 | 23  0.00943  9.26333e+01 | 24  0.01368  1.79418e+01
 25  0.01610  6.02118e+01 | 26  0.01206  9.28936e+01 | 27  0.00690  1.07598e+02
 28  0.01069 -7.33495e+01 | 29  0.01229  7.79907e+01 | 30  0.01311  2.41125e+01
 31  0.01143  3.40067e+01 | 32  0.01460  9.01773e+01 | 33  0.01684  1.95819e+02
 34  0.01660  8.24524e+01 | 35  0.01610  3.99143e+01 | 36  0.01678  1.28811e+02
 37  0.01217 -6.77592e+01 | 38  0.01399 -1.06616e+01 | 39  0.01216 -4.99004e+01
 40  0.01235 -5.49362e+01 | 41  0.01308 -4.31622e+01 | 42  0.01304 -3.37977e+00
 43  0.00764  6.16743e+01 | 44  0.01291  1.65620e+02 | 45  0.01174  5.53680e+01
 46  0.01225 -1.76512e+02 | 47 -0.37864 -1.70185e+01 | 48  0.13795  1.51823e+02
 49 -0.07002  1.12087e+02 | 50 -0.06613  1.42504e+02 | 51 -0.06934  1.40706e+02
 52 -0.05855  1.21238e+02 | 53 -0.04765  1.35186e+02 | 54 -0.04599  5.55997e+01
 55 -0.03838  1.29035e+02 | 56 -0.02069  1.15564e+02 | 57 -0.00466  5.99309e+00
 58  0.00214  3.41545e+01 | 59  0.01108  1.16570e+02 | 60  0.01963  1.22080e+02
 61  0.02788  1.98134e+01 | 62  0.02530 -9.17965e+01 | 63  0.02051 -1.17823e+02
 64  0.01972 -1.22898e+02 | 65  0.01975 -1.79083e+02 | 66  0.01862 -2.01063e+02
 67  0.01927  6.68228e+00 | 68  0.02160  2.01276e+02 | 69  0.02379  1.59066e+01
 70  0.02448  2.43872e+01 | 71  0.02578  1.48563e+02 | 72  0.02876  1.47565e+02
 73  0.03214 -9.46582e+01 | 74  0.02705 -1.34003e+02 | 75  0.02296 -7.97979e+00
 76  0.01622  1.53507e+02 | 77  0.01576  2.55847e+01 | 78 -0.71106 -4.96372e+01
 79 -0.64974 -1.36395e+01 |
2 0 20486.3
2 0 20486.3
2 0 20486.3
2 0 20486.3
2 0 20486.3
2 0 20486.3
2 0 20486.3
2 0 20486.3
2 0 20486.3
2 0 20486.2
2 0 20486.2
2 0 20486.2
2 0 20486.1
2 0 20486
2 0 20485.4
79 variables; iteration 80; function evaluation 112; phase 2
Function value   2.0485374e+04; maximum gradient component mag   7.8629e+01
Var   Value    Gradient   |Var   Value    Gradient   |Var   Value    Gradient
  1 -0.76416 -1.74675e+00 |  2 -0.70073 -8.00537e-02 |  3  0.24479 -1.89447e+00
  4  0.18047 -5.07430e-01 |  5  0.12883  6.98927e+00 |  6  0.09154 -3.50643e-01
  7  0.06545  3.15914e+00 |  8  0.04541 -8.67842e-01 |  9  0.03020  1.25628e+00
 10  0.01787  4.43201e-01 | 11  0.00785 -1.65555e+00 | 12  0.00029 -6.77370e-01
 13 -0.00543 -4.45948e-01 | 14 -0.00958  3.09399e+00 | 15 -0.01335  1.19799e+00
 16 -0.01628  9.58635e-01 | 17 -0.01838 -3.42507e+00 | 18  0.00643  5.46453e+01
 19  0.00942 -2.10141e+01 | 20  0.01042  2.43301e+01 | 21  0.01616 -1.05137e+01
 22  0.01408 -5.37011e+01 | 23  0.00928  2.93923e+01 | 24  0.01353  1.04990e+01
 25  0.01579  1.93294e+01 | 26  0.01171  2.70005e+01 | 27  0.00670  3.59551e+01
 28  0.01067 -2.61223e+01 | 29  0.01202  2.58654e+01 | 30  0.01291  5.61637e+00
 31  0.01130  1.11708e+01 | 32  0.01440  3.93643e+01 | 33  0.01652  7.86286e+01
 34  0.01637  3.21583e+01 | 35  0.01597  1.68188e+01 | 36  0.01660  4.95327e+01
 37  0.01205 -2.47956e+01 | 38  0.01379 -3.39181e+00 | 39  0.01221 -1.78550e+01
 40  0.01244 -1.85209e+01 | 41  0.01304 -1.41691e+01 | 42  0.01292 -1.83842e+00
 43  0.00755  2.11906e+01 | 44  0.01275  6.93536e+01 | 45  0.01176  3.05200e+01
 46  0.01314 -5.47885e+01 | 47 -0.37674 -3.00818e+01 | 48  0.13774 -6.81061e+01
 49 -0.06995  4.68289e+01 | 50 -0.06620  5.11048e+01 | 51 -0.06936  5.33851e+01
 52 -0.05838  4.88569e+01 | 53 -0.04764  5.14324e+01 | 54 -0.04583  2.20570e+01
 55 -0.03837  5.37093e+01 | 56 -0.02074  5.09873e+01 | 57 -0.00454  7.36558e+00
 58  0.00233  1.68628e+01 | 59  0.01105  4.48018e+01 | 60  0.01962  4.73247e+01
 61  0.02801  6.38623e+00 | 62  0.02549 -3.78466e+01 | 63  0.02064 -4.80812e+01
 64  0.01987 -4.92359e+01 | 65  0.02000 -6.70486e+01 | 66  0.01893 -7.60951e+01
 67  0.01935 -5.24841e-01 | 68  0.02137  7.14156e+01 | 69  0.02400  4.87722e+00
 70  0.02469  5.87979e+00 | 71  0.02578  5.44970e+01 | 72  0.02871  5.34051e+01
 73  0.03237 -4.24456e+01 | 74  0.02715 -5.87138e+01 | 75  0.02255 -1.88586e+01
 76  0.01459  6.68415e+01 | 77  0.01455  1.59696e+01 | 78 -0.71117 -6.95158e+01
 79 -0.64859 -2.29714e+01 |
2 0 20485.2
2 0 20485.2
2 0 20485.2
2 0 20485.1
2 0 20485.1
2 0 20485
2 0 20485
2 0 20485
2 0 20485
2 0 20485
2 0 20485
2 0 20485
79 variables; iteration 90; function evaluation 124; phase 2
Function value   2.0484999e+04; maximum gradient component mag   8.2069e+00
Var   Value    Gradient   |Var   Value    Gradient   |Var   Value    Gradient
  1 -0.70613  2.31308e+00 |  2 -0.73475  3.54351e+00 |  3  0.24515  6.02557e-01
  4  0.18099  1.08144e-01 |  5  0.12809 -7.13914e-02 |  6  0.09097  9.76703e-02
  7  0.06455 -4.13868e-02 |  8  0.04491  3.41209e-02 |  9  0.02972  1.57395e-02
 10  0.01770  6.01177e-03 | 11  0.00808  1.23253e-02 | 12  0.00040 -8.98362e-04
 13 -0.00566  7.19582e-03 | 14 -0.01031 -1.76510e-02 | 15 -0.01369  2.59371e-03
 16 -0.01590 -8.34417e-03 | 17 -0.01698  1.32609e-02 | 18  0.00666 -7.97959e+00
 19  0.00955 -4.67241e-01 | 20  0.01032  3.61693e-02 | 21  0.01615 -9.09316e-02
 22  0.01419  9.50557e-01 | 23  0.00922 -3.07224e-01 | 24  0.01345 -2.11592e-01
 25  0.01562  1.63380e-01 | 26  0.01152  3.90463e-01 | 27  0.00660 -1.08827e-01
 28  0.01069  3.29338e-01 | 29  0.01188 -4.06216e-02 | 30  0.01281  6.27482e-02
 31  0.01124 -3.22069e-01 | 32  0.01429 -7.17154e-01 | 33  0.01633 -1.38106e+00
 34  0.01624 -3.90940e-01 | 35  0.01590 -3.47091e-01 | 36  0.01650 -7.32962e-01
 37  0.01199  9.78721e-02 | 38  0.01368 -5.73529e-02 | 39  0.01224  1.40553e-01
 40  0.01249  2.94592e-02 | 41  0.01301  7.00155e-02 | 42  0.01286 -4.86650e-02
 43  0.00751 -1.97852e-01 | 44  0.01265 -1.23707e+00 | 45  0.01172 -3.11791e-01
 46  0.01365  5.14467e-01 | 47 -0.37570  1.09608e+00 | 48  0.13761 -1.42198e+00
 49 -0.06991 -1.21993e-02 | 50 -0.06625 -2.45884e-01 | 51 -0.06937 -5.73741e-01
 52 -0.05828 -8.57080e-01 | 53 -0.04764 -6.07058e-01 | 54 -0.04572 -5.08442e-01
 55 -0.03838 -1.05364e+00 | 56 -0.02076 -1.19657e+00 | 57 -0.00449 -2.91685e-01
 58  0.00244 -4.83007e-01 | 59  0.01104 -6.14833e-01 | 60  0.01962 -6.44082e-01
 61  0.02809  2.11793e-01 | 62  0.02561  8.63184e-01 | 63  0.02072  7.98903e-01
 64  0.01997  6.97665e-01 | 65  0.02016  8.76571e-01 | 66  0.01911  1.11668e+00
 67  0.01942  1.75606e-01 | 68  0.02126 -5.08518e-01 | 69  0.02412  8.94233e-02
 70  0.02481  1.35109e-01 | 71  0.02578 -4.15553e-01 | 72  0.02869 -4.33843e-01
 73  0.03252  9.49135e-01 | 74  0.02724  7.47534e-01 | 75  0.02229  1.15053e-01
 76  0.01370 -1.93363e+00 | 77  0.01371  3.94434e-02 | 78 -0.68733  8.20691e+00
 79 -0.70529  3.24251e+00 |
2 0 20485
2 0 20485
2 0 20485
2 0 20485
2 0 20485
2 0 20485
2 0 20485
2 0 20485
2 0 20485
2 0 20485
79 variables; iteration 100; function evaluation 134; phase 2
Function value   2.0484997e+04; maximum gradient component mag   5.9720e+00
Var   Value    Gradient   |Var   Value    Gradient   |Var   Value    Gradient
  1 -0.69211  6.39563e-01 |  2 -0.74456  8.94543e-01 |  3  0.24515  1.33624e-01
  4  0.18099 -1.25599e-04 |  5  0.12810 -3.77854e-03 |  6  0.09095 -4.35780e-03
  7  0.06454 -2.13627e-03 |  8  0.04489 -1.69587e-03 |  9  0.02970 -1.37859e-03
 10  0.01767 -1.00991e-03 | 11  0.00806 -7.45321e-04 | 12  0.00038 -6.57539e-04
 13 -0.00568 -5.85295e-04 | 14 -0.01033 -6.59933e-04 | 15 -0.01371 -5.74454e-04
 16 -0.01591 -5.48359e-04 | 17 -0.01700 -3.59360e-04 | 18  0.00666 -3.44095e+00
 19  0.00955  2.24133e-01 | 20  0.01032 -1.82094e-01 | 21  0.01615 -1.98623e-01
 22  0.01419  3.12214e-01 | 23  0.00922  1.02926e-01 | 24  0.01345 -1.04453e-01
 25  0.01562  1.92492e-01 | 26  0.01153  3.57180e-01 | 27  0.00661  1.40203e-01
 28  0.01069  5.25564e-03 | 29  0.01188  1.21076e-01 | 30  0.01282  1.04634e-01
 31  0.01124  1.87073e-02 | 32  0.01429 -3.12106e-01 | 33  0.01633 -3.23573e-01
 34  0.01624 -1.23469e-01 | 35  0.01590 -1.17495e-01 | 36  0.01650 -1.35109e-01
 37  0.01199 -4.73858e-02 | 38  0.01368 -2.57317e-02 | 39  0.01224 -1.49440e-03
 40  0.01248 -6.88412e-02 | 41  0.01301 -5.00700e-02 | 42  0.01286 -7.73178e-03
 43  0.00751 -1.46131e-02 | 44  0.01265 -3.48985e-01 | 45  0.01172 -2.16524e-01
 46  0.01365 -1.20225e-01 | 47 -0.37571  6.62457e-01 | 48  0.13761  3.17992e+00
 49 -0.06991 -2.04507e-01 | 50 -0.06625  9.03287e-02 | 51 -0.06937 -3.85871e-02
 52 -0.05828 -2.12938e-01 | 53 -0.04764 -9.25078e-02 | 54 -0.04572 -9.53273e-02
 55 -0.03838 -2.92284e-01 | 56 -0.02076 -4.87179e-01 | 57 -0.00449 -2.68485e-01
 58  0.00244 -1.79628e-01 | 59  0.01104 -1.48352e-01 | 60  0.01962 -1.50527e-01
 61  0.02809  1.04524e-01 | 62  0.02561  2.86268e-01 | 63  0.02072  2.47192e-01
 64  0.01997  1.83231e-01 | 65  0.02016  1.64734e-01 | 66  0.01911  1.95031e-01
 67  0.01942  1.10720e-01 | 68  0.02126  7.21804e-02 | 69  0.02412  1.16875e-01
 70  0.02481  1.39346e-01 | 71  0.02578  8.09199e-02 | 72  0.02869  5.77353e-02
 73  0.03252  2.89295e-01 | 74  0.02724  3.14702e-01 | 75  0.02229  3.76392e-01
 76  0.01370 -5.12017e-01 | 77  0.01370 -1.50582e-01 | 78 -0.68201  5.97201e+00
 79 -0.72045  2.04786e+00 |
2 0 20485
2 0 20485
2 0 20485
2 0 20485
2 0 20485
2 0 20485
2 0 20485
2 0 20485
2 0 20485
2 0 20485
2 0 20485
2 0 20485
79 variables; iteration 110; function evaluation 146; phase 2
Function value   2.0484997e+04; maximum gradient component mag   8.5868e-01
Var   Value    Gradient   |Var   Value    Gradient   |Var   Value    Gradient
  1 -0.68568  9.82958e-02 |  2 -0.74926  1.32523e-01 |  3  0.24515  1.84211e-02
  4  0.18099  6.46408e-04 |  5  0.12810 -1.57509e-03 |  6  0.09095  9.23127e-04
  7  0.06454 -2.31015e-04 |  8  0.04489  2.35272e-05 |  9  0.02970  5.35381e-05
 10  0.01767 -2.77495e-05 | 11  0.00806 -6.70038e-05 | 12  0.00038 -8.81646e-05
 13 -0.00568 -5.04162e-05 | 14 -0.01033 -1.52236e-05 | 15 -0.01371  3.80487e-05
 16 -0.01591 -1.45626e-05 | 17 -0.01700 -1.33988e-04 | 18  0.00667 -3.99502e-01
 19  0.00955  2.73980e-02 | 20  0.01032 -1.89478e-02 | 21  0.01615 -2.53391e-02
 22  0.01419  3.62942e-02 | 23  0.00922  9.20575e-03 | 24  0.01345 -1.11306e-02
 25  0.01562  1.91965e-02 | 26  0.01153  3.88552e-02 | 27  0.00661  1.65318e-02
 28  0.01069 -2.31545e-04 | 29  0.01188  1.28678e-02 | 30  0.01282  1.11729e-02
 31  0.01124  8.44639e-04 | 32  0.01429 -3.63897e-02 | 33  0.01633 -3.68472e-02
 34  0.01624 -1.32673e-02 | 35  0.01590 -1.45922e-02 | 36  0.01650 -1.71397e-02
 37  0.01199 -2.60165e-03 | 38  0.01368 -1.54525e-03 | 39  0.01224 -2.29763e-03
 40  0.01248 -9.25041e-03 | 41  0.01301 -8.12990e-03 | 42  0.01286 -5.58746e-04
 43  0.00751  3.28963e-04 | 44  0.01265 -3.97070e-02 | 45  0.01172 -2.04636e-02
 46  0.01365 -1.22574e-02 | 47 -0.37571  8.16378e-02 | 48  0.13761  4.80982e-01
 49 -0.06991 -2.22943e-02 | 50 -0.06625  1.17111e-02 | 51 -0.06937 -5.71197e-03
 52 -0.05828 -2.48736e-02 | 53 -0.04764 -8.75973e-03 | 54 -0.04572 -1.17681e-02
 55 -0.03838 -3.50050e-02 | 56 -0.02076 -5.63592e-02 | 57 -0.00449 -2.83685e-02
 58  0.00244 -2.19881e-02 | 59  0.01104 -1.61776e-02 | 60  0.01962 -1.66688e-02
 61  0.02809  1.23367e-02 | 62  0.02561  3.25542e-02 | 63  0.02072  2.92964e-02
 64  0.01997  2.10019e-02 | 65  0.02016  1.93162e-02 | 66  0.01911  2.37175e-02
 67  0.01942  1.43564e-02 | 68  0.02126  9.99678e-03 | 69  0.02412  1.14594e-02
 70  0.02481  1.70368e-02 | 71  0.02578  5.96438e-03 | 72  0.02869  7.26698e-03
 73  0.03252  3.40352e-02 | 74  0.02724  3.20712e-02 | 75  0.02229  4.33155e-02
 76  0.01370 -6.47772e-02 | 77  0.01370 -2.25318e-02 | 78 -0.67938  8.58679e-01
 79 -0.72835  2.83647e-01 |
2 0 20485
2 0 20485
2 0 20485
2 0 20485
2 0 20485
2 0 20485
2 0 20485
2 0 20485
2 0 20485
2 0 20485
2 0 20485
2 0 20485
79 variables; iteration 120; function evaluation 158; phase 2
Function value   2.0484997e+04; maximum gradient component mag  -3.3210e-01
Var   Value    Gradient   |Var   Value    Gradient   |Var   Value    Gradient
  1 -0.68314 -5.28783e-02 |  2 -0.75116 -7.02623e-02 |  3  0.24515 -4.68892e-03
  4  0.18099 -8.87690e-04 |  5  0.12810  4.33300e-04 |  6  0.09095 -2.37062e-04
  7  0.06454  1.30226e-04 |  8  0.04489  1.09627e-05 |  9  0.02970  1.30552e-05
 10  0.01767  2.71498e-05 | 11  0.00806  2.30014e-05 | 12  0.00038  4.15356e-05
 13 -0.00568  2.72287e-05 | 14 -0.01033  4.13475e-05 | 15 -0.01371 -2.56201e-06
 16 -0.01591  1.88823e-05 | 17 -0.01700  3.73320e-05 | 18  0.00667  1.22332e-01
 19  0.00955 -6.99910e-03 | 20  0.01032  4.41946e-03 | 21  0.01615  6.23294e-03
 22  0.01419 -1.02948e-02 | 23  0.00922 -1.97180e-03 | 24  0.01345  2.45647e-03
 25  0.01562 -5.28579e-03 | 26  0.01153 -1.15001e-02 | 27  0.00661 -5.60369e-03
 28  0.01069 -6.40932e-04 | 29  0.01188 -4.10523e-03 | 30  0.01282 -3.06054e-03
 31  0.01124  5.12510e-04 | 32  0.01429  9.74871e-03 | 33  0.01633  1.13990e-02
 34  0.01624  4.18061e-03 | 35  0.01590  4.34504e-03 | 36  0.01650  4.86943e-03
 37  0.01199  1.09063e-03 | 38  0.01368  1.31276e-03 | 39  0.01224  7.34946e-04
 40  0.01248  2.57093e-03 | 41  0.01301  2.22536e-03 | 42  0.01286  2.82073e-04
 43  0.00751  6.17440e-04 | 44  0.01265  1.17323e-02 | 45  0.01172  5.23233e-03
 46  0.01365  1.09478e-04 | 47 -0.37571 -1.68114e-02 | 48  0.13761 -4.39739e-02
 49 -0.06991  4.88026e-03 | 50 -0.06625 -2.18139e-03 | 51 -0.06937  1.66773e-03
 52 -0.05828  7.12274e-03 | 53 -0.04764  3.23703e-03 | 54 -0.04572  3.47234e-03
 55 -0.03838  1.04583e-02 | 56 -0.02076  1.59523e-02 | 57 -0.00449  7.75012e-03
 58  0.00244  6.19352e-03 | 59  0.01104  5.02970e-03 | 60  0.01962  4.45270e-03
 61  0.02809 -3.32895e-03 | 62  0.02561 -9.61170e-03 | 63  0.02072 -8.32672e-03
 64  0.01997 -6.38429e-03 | 65  0.02016 -5.45995e-03 | 66  0.01911 -7.56574e-03
 67  0.01942 -3.93030e-03 | 68  0.02126 -1.87711e-03 | 69  0.02412 -3.14172e-03
 70  0.02481 -4.43140e-03 | 71  0.02578 -1.39961e-03 | 72  0.02869 -1.40123e-03
 73  0.03252 -9.72755e-03 | 74  0.02724 -8.28821e-03 | 75  0.02229 -7.07144e-03
 76  0.01370  1.87446e-02 | 77  0.01370  2.22388e-03 | 78 -0.67823 -3.32102e-01
 79 -0.73186 -1.06936e-01 |
2 0 20485
2 0 20485
2 0 20485
2 0 20485
2 0 20485
2 0 20485
2 0 20485
2 0 20485
2 0 20485
2 0 20485
2 0 20485
79 variables; iteration 130; function evaluation 169; phase 2
Function value   2.0484997e+04; maximum gradient component mag   1.7923e-01
Var   Value    Gradient   |Var   Value    Gradient   |Var   Value    Gradient
  1 -0.68184  1.78279e-02 |  2 -0.75214  2.35115e-02 |  3  0.24515  2.78046e-03
  4  0.18099 -1.93212e-04 |  5  0.12810 -8.15623e-05 |  6  0.09095 -8.70860e-05
  7  0.06454 -3.11209e-05 |  8  0.04489 -3.08971e-05 |  9  0.02970 -2.22503e-05
 10  0.01767 -1.63847e-05 | 11  0.00806 -1.40565e-05 | 12  0.00038 -9.48952e-06
 13 -0.00568 -9.34137e-06 | 14 -0.01033 -5.92485e-06 | 15 -0.01371 -1.05029e-05
 16 -0.01591 -7.62825e-06 | 17 -0.01700 -6.16830e-06 | 18  0.00667 -6.65201e-02
 19  0.00955  4.73597e-03 | 20  0.01032 -3.91580e-03 | 21  0.01615 -4.24211e-03
 22  0.01419  6.34412e-03 | 23  0.00922  2.16705e-03 | 24  0.01345 -2.29483e-03
 25  0.01562  3.94118e-03 | 26  0.01153  7.04336e-03 | 27  0.00661  2.53055e-03
 28  0.01069 -1.07900e-04 | 29  0.01188  2.33523e-03 | 30  0.01282  2.09151e-03
 31  0.01124  5.43639e-04 | 32  0.01429 -6.44181e-03 | 33  0.01633 -6.23685e-03
 34  0.01624 -2.36000e-03 | 35  0.01590 -2.32217e-03 | 36  0.01650 -2.73754e-03
 37  0.01199 -8.52316e-04 | 38  0.01368 -2.72362e-04 | 39  0.01224  7.11867e-06
 40  0.01248 -1.37556e-03 | 41  0.01301 -1.03153e-03 | 42  0.01286 -1.31622e-04
 43  0.00751 -1.13901e-04 | 44  0.01265 -6.87637e-03 | 45  0.01172 -4.38115e-03
 46  0.01365 -3.39409e-03 | 47 -0.37571  1.49302e-02 | 48  0.13761  8.84602e-02
 49 -0.06991 -4.51234e-03 | 50 -0.06625  2.10979e-03 | 51 -0.06937 -7.68374e-04
 52 -0.05828 -4.30164e-03 | 53 -0.04764 -1.65726e-03 | 54 -0.04572 -1.87900e-03
 55 -0.03838 -5.77988e-03 | 56 -0.02076 -9.87507e-03 | 57 -0.00449 -5.49308e-03
 58  0.00244 -3.61395e-03 | 59  0.01104 -2.91271e-03 | 60  0.01962 -3.11692e-03
 61  0.02809  2.18161e-03 | 62  0.02561  5.69218e-03 | 63  0.02072  5.01482e-03
 64  0.01997  3.59678e-03 | 65  0.02016  3.35241e-03 | 66  0.01911  3.72724e-03
 67  0.01942  2.27401e-03 | 68  0.02126  1.65524e-03 | 69  0.02412  2.38848e-03
 70  0.02481  2.93197e-03 | 71  0.02578  1.70782e-03 | 72  0.02869  1.31916e-03
 73  0.03252  5.80712e-03 | 74  0.02724  6.49258e-03 | 75  0.02229  8.90395e-03
 76  0.01370 -1.02099e-02 | 77  0.01370 -4.13955e-03 | 78 -0.67762  1.79232e-01
 79 -0.73378  5.75831e-02 |
2 0 20485
2 0 20485
2 0 20485
2 0 20485
2 0 20485
2 0 20485
2 0 20485
2 0 20485
2 0 20485
2 0 20485
79 variables; iteration 140; function evaluation 179; phase 2
Function value   2.0484997e+04; maximum gradient component mag   8.6822e-02
Var   Value    Gradient   |Var   Value    Gradient   |Var   Value    Gradient
  1 -0.68088  8.47590e-03 |  2 -0.75286  1.11163e-02 |  3  0.24515  1.21624e-03
  4  0.18099 -1.41095e-06 |  5  0.12810 -3.66774e-05 |  6  0.09095 -2.01480e-05
  7  0.06454 -1.52576e-05 |  8  0.04489 -1.03415e-05 |  9  0.02970 -7.84726e-06
 10  0.01767 -6.27126e-06 | 11  0.00806 -5.19429e-06 | 12  0.00038 -4.77500e-06
 13 -0.00568 -4.04719e-06 | 14 -0.01033 -3.92234e-06 | 15 -0.01371 -3.11382e-06
 16 -0.01591 -3.28468e-06 | 17 -0.01700 -3.31170e-06 | 18  0.00667 -2.99327e-02
 19  0.00955  2.04421e-03 | 20  0.01032 -1.61658e-03 | 21  0.01615 -1.83915e-03
 22  0.01419  2.84630e-03 | 23  0.00922  8.74695e-04 | 24  0.01345 -9.54731e-04
 25  0.01562  1.69673e-03 | 26  0.01153  3.12072e-03 | 27  0.00661  1.17005e-03
 28  0.01069 -1.98167e-05 | 29  0.01188  1.05265e-03 | 30  0.01282  9.04701e-04
 31  0.01124  1.53550e-04 | 32  0.01429 -2.82052e-03 | 33  0.01633 -2.81260e-03
 34  0.01624 -1.07107e-03 | 35  0.01590 -1.06765e-03 | 36  0.01650 -1.26996e-03
 37  0.01199 -3.49937e-04 | 38  0.01368 -1.44279e-04 | 39  0.01224 -2.13844e-05
 40  0.01248 -6.14194e-04 | 41  0.01301 -4.79523e-04 | 42  0.01286 -5.24637e-05
 43  0.00751 -9.29886e-05 | 44  0.01265 -3.05029e-03 | 45  0.01172 -1.83589e-03
 46  0.01365 -1.26517e-03 | 47 -0.37571  6.16581e-03 | 48  0.13761  3.72279e-02
 49 -0.06991 -1.86295e-03 | 50 -0.06625  8.79156e-04 | 51 -0.06937 -3.60175e-04
 52 -0.05828 -1.94873e-03 | 53 -0.04764 -7.64039e-04 | 54 -0.04572 -8.48033e-04
 55 -0.03838 -2.62083e-03 | 56 -0.02076 -4.41621e-03 | 57 -0.00449 -2.43088e-03
 58  0.00244 -1.61426e-03 | 59  0.01104 -1.34315e-03 | 60  0.01962 -1.37076e-03
 61  0.02809  9.67620e-04 | 62  0.02561  2.55507e-03 | 63  0.02072  2.29347e-03
 64  0.01997  1.64621e-03 | 65  0.02016  1.52972e-03 | 66  0.01911  1.71780e-03
 67  0.01942  1.01510e-03 | 68  0.02126  6.89865e-04 | 69  0.02412  1.03546e-03
 70  0.02481  1.29932e-03 | 71  0.02578  6.87762e-04 | 72  0.02869  5.32555e-04
 73  0.03252  2.56474e-03 | 74  0.02724  2.81320e-03 | 75  0.02229  3.59557e-03
 76  0.01370 -4.58866e-03 | 77  0.01370 -1.75537e-03 | 78 -0.67714  8.68216e-02
 79 -0.73528  2.76977e-02 |
2 0 20485
2 0 20485
2 0 20485
2 0 20485
2 0 20485
2 0 20485
2 0 20485
2 0 20485
2 0 20485
2 0 20485
2 0 20485
2 0 20485
2 0 20485
79 variables; iteration 150; function evaluation 192; phase 2
Function value   2.0484997e+04; maximum gradient component mag   8.5407e-02
Var   Value    Gradient   |Var   Value    Gradient   |Var   Value    Gradient
  1 -0.68014  8.47896e-03 |  2 -0.75343  1.10726e-02 |  3  0.24515  1.12247e-03
  4  0.18099 -1.44015e-05 |  5  0.12810 -3.40233e-05 |  6  0.09095 -2.19757e-05
  7  0.06454 -1.38624e-05 |  8  0.04489 -1.00192e-05 |  9  0.02970 -7.71279e-06
 10  0.01767 -6.06686e-06 | 11  0.00806 -4.93112e-06 | 12  0.00038 -4.27830e-06
 13 -0.00568 -3.76833e-06 | 14 -0.01033 -3.56139e-06 | 15 -0.01371 -3.19887e-06
 16 -0.01591 -3.10461e-06 | 17 -0.01700 -2.94060e-06 | 18  0.00667 -2.77522e-02
 19  0.00955  1.93026e-03 | 20  0.01032 -1.53482e-03 | 21  0.01615 -1.71816e-03
 22  0.01419  2.64329e-03 | 23  0.00922  8.38691e-04 | 24  0.01345 -9.02327e-04
 25  0.01562  1.58915e-03 | 26  0.01153  2.91096e-03 | 27  0.00661  1.07916e-03
 28  0.01069 -1.79698e-05 | 29  0.01188  9.73913e-04 | 30  0.01282  8.52926e-04
 31  0.01124  1.61087e-04 | 32  0.01429 -2.63622e-03 | 33  0.01633 -2.62113e-03
 34  0.01624 -9.99571e-04 | 35  0.01590 -9.84491e-04 | 36  0.01650 -1.16931e-03
 37  0.01199 -3.31545e-04 | 38  0.01368 -1.33632e-04 | 39  0.01224 -1.22850e-05
 40  0.01248 -5.69514e-04 | 41  0.01301 -4.38717e-04 | 42  0.01286 -4.51801e-05
 43  0.00751 -8.57530e-05 | 44  0.01265 -2.84162e-03 | 45  0.01172 -1.72879e-03
 46  0.01365 -1.14932e-03 | 47 -0.37571  5.74075e-03 | 48  0.13761  3.46075e-02
 49 -0.06991 -1.76195e-03 | 50 -0.06625  8.29021e-04 | 51 -0.06937 -3.24348e-04
 52 -0.05828 -1.80921e-03 | 53 -0.04764 -7.16348e-04 | 54 -0.04572 -7.80159e-04
 55 -0.03838 -2.43062e-03 | 56 -0.02076 -4.11382e-03 | 57 -0.00449 -2.27626e-03
 58  0.00244 -1.50347e-03 | 59  0.01104 -1.24452e-03 | 60  0.01962 -1.27981e-03
 61  0.02809  8.97000e-04 | 62  0.02561  2.38173e-03 | 63  0.02072  2.13417e-03
 64  0.01997  1.53711e-03 | 65  0.02016  1.42490e-03 | 66  0.01911  1.58979e-03
 67  0.01942  9.50121e-04 | 68  0.02126  6.56777e-04 | 69  0.02412  9.73111e-04
 70  0.02481  1.21088e-03 | 71  0.02578  6.55614e-04 | 72  0.02869  5.06092e-04
 73  0.03252  2.38892e-03 | 74  0.02724  2.63599e-03 | 75  0.02229  3.35223e-03
 76  0.01370 -4.25914e-03 | 77  0.01370 -1.63014e-03 | 78 -0.67675  8.54069e-02
 79 -0.73650  2.70668e-02 |
2 0 20485
2 0 20485
2 0 20485
2 0 20485
2 0 20485
2 0 20485
2 0 20485
2 0 20485
2 0 20485
2 0 20485
2 0 20485
2 0 20485
2 0 20485
79 variables; iteration 160; function evaluation 205; phase 2
Function value   2.0484997e+04; maximum gradient component mag   5.3771e-02
Var   Value    Gradient   |Var   Value    Gradient   |Var   Value    Gradient
  1 -0.67963  5.38767e-03 |  2 -0.75383  7.01460e-03 |  3  0.24515  6.87015e-04
  4  0.18099 -1.42964e-05 |  5  0.12810 -2.15355e-05 |  6  0.09095 -1.34394e-05
  7  0.06454 -8.40949e-06 |  8  0.04489 -6.12020e-06 |  9  0.02970 -4.64667e-06
 10  0.01767 -3.67911e-06 | 11  0.00806 -3.04670e-06 | 12  0.00038 -2.58197e-06
 13 -0.00568 -2.29069e-06 | 14 -0.01033 -2.05675e-06 | 15 -0.01371 -1.96581e-06
 16 -0.01591 -1.85277e-06 | 17 -0.01700 -1.78769e-06 | 18  0.00667 -1.68389e-02
 19  0.00955  1.17592e-03 | 20  0.01032 -9.37502e-04 | 21  0.01615 -1.05018e-03
 22  0.01419  1.60756e-03 | 23  0.00922  5.11288e-04 | 24  0.01345 -5.51747e-04
 25  0.01562  9.67741e-04 | 26  0.01153  1.76743e-03 | 27  0.00661  6.51766e-04
 28  0.01069 -1.49249e-05 | 29  0.01188  5.90532e-04 | 30  0.01282  5.18207e-04
 31  0.01124  1.01806e-04 | 32  0.01429 -1.60593e-03 | 33  0.01633 -1.58934e-03
 34  0.01624 -6.04512e-04 | 35  0.01590 -5.97196e-04 | 36  0.01650 -7.09913e-04
 37  0.01199 -2.00101e-04 | 38  0.01368 -7.72438e-05 | 39  0.01224 -7.34172e-06
 40  0.01248 -3.46715e-04 | 41  0.01301 -2.67487e-04 | 42  0.01286 -2.76240e-05
 43  0.00751 -4.70215e-05 | 44  0.01265 -1.72745e-03 | 45  0.01172 -1.05391e-03
 46  0.01365 -7.24176e-04 | 47 -0.37571  3.53506e-03 | 48  0.13761  2.13637e-02
 49 -0.06991 -1.07883e-03 | 50 -0.06625  5.08784e-04 | 51 -0.06937 -1.97929e-04
 52 -0.05828 -1.09934e-03 | 53 -0.04764 -4.31472e-04 | 54 -0.04572 -4.75117e-04
 55 -0.03838 -1.47689e-03 | 56 -0.02076 -2.50158e-03 | 57 -0.00449 -1.38373e-03
 58  0.00244 -9.15011e-04 | 59  0.01104 -7.54427e-04 | 60  0.01962 -7.79788e-04
 61  0.02809  5.46483e-04 | 62  0.02561  1.44627e-03 | 63  0.02072  1.29501e-03
 64  0.01997  9.31043e-04 | 65  0.02016  8.65149e-04 | 66  0.01911  9.64044e-04
 67  0.01942  5.78201e-04 | 68  0.02126  4.01743e-04 | 69  0.02412  5.91480e-04
 70  0.02481  7.37776e-04 | 71  0.02578  4.00020e-04 | 72  0.02869  3.10805e-04
 73  0.03252  1.45458e-03 | 74  0.02724  1.60439e-03 | 75  0.02229  2.06940e-03
 76  0.01370 -2.59055e-03 | 77  0.01370 -1.00524e-03 | 78 -0.67647  5.37715e-02
 79 -0.73738  1.69713e-02 |
2 0 20485
2 0 20485
2 0 20485
2 0 20485
2 0 20485
2 0 20485
2 0 20485
2 0 20485
2 0 20485
2 0 20485
2 0 20485
2 0 20485
2 0 20485
79 variables; iteration 170; function evaluation 218; phase 2
Function value   2.0484997e+04; maximum gradient component mag   5.6596e-03
Var   Value    Gradient   |Var   Value    Gradient   |Var   Value    Gradient
  1 -0.67922  2.63513e-04 |  2 -0.75414  3.42244e-04 |  3  0.24515  6.58652e-05
  4  0.18099  3.79334e-06 |  5  0.12810 -5.07569e-07 |  6  0.09095 -1.46483e-06
  7  0.06454 -4.26205e-07 |  8  0.04489 -5.54951e-07 |  9  0.02970 -4.04451e-07
 10  0.01767 -2.43347e-07 | 11  0.00806 -1.74976e-07 | 12  0.00038 -1.57590e-07
 13 -0.00568 -1.23721e-07 | 14 -0.01033 -1.34693e-07 | 15 -0.01371 -1.45929e-07
 16 -0.01591 -1.43220e-07 | 17 -0.01700 -8.87936e-08 | 18  0.00667 -1.75901e-03
 19  0.00955  1.32469e-04 | 20  0.01032 -1.02589e-04 | 21  0.01615 -1.10722e-04
 22  0.01419  1.74464e-04 | 23  0.00922  5.46873e-05 | 24  0.01345 -6.09958e-05
 25  0.01562  1.02890e-04 | 26  0.01153  1.88523e-04 | 27  0.00661  6.59373e-05
 28  0.01069 -2.12117e-06 | 29  0.01188  6.20836e-05 | 30  0.01282  5.43856e-05
 31  0.01124  8.17354e-06 | 32  0.01429 -1.71097e-04 | 33  0.01633 -1.66724e-04
 34  0.01624 -6.62781e-05 | 35  0.01590 -6.58669e-05 | 36  0.01650 -8.08551e-05
 37  0.01199 -2.03649e-05 | 38  0.01368 -6.11704e-06 | 39  0.01224  9.95695e-07
 40  0.01248 -3.58741e-05 | 41  0.01301 -2.87919e-05 | 42  0.01286 -1.66293e-06
 43  0.00751 -8.88601e-06 | 44  0.01265 -1.79629e-04 | 45  0.01172 -1.11871e-04
 46  0.01365 -6.61992e-05 | 47 -0.37571  3.54658e-04 | 48  0.13761  2.78239e-03
 49 -0.06991 -1.17984e-04 | 50 -0.06625  5.68109e-05 | 51 -0.06937 -2.08449e-05
 52 -0.05828 -1.19982e-04 | 53 -0.04764 -4.48792e-05 | 54 -0.04572 -4.79036e-05
 55 -0.03838 -1.55755e-04 | 56 -0.02076 -2.70260e-04 | 57 -0.00449 -1.51815e-04
 58  0.00244 -9.53050e-05 | 59  0.01104 -8.29186e-05 | 60  0.01962 -8.42804e-05
 61  0.02809  6.09302e-05 | 62  0.02561  1.55268e-04 | 63  0.02072  1.46583e-04
 64  0.01997  1.02534e-04 | 65  0.02016  9.67436e-05 | 66  0.01911  9.79298e-05
 67  0.01942  6.19687e-05 | 68  0.02126  4.52927e-05 | 69  0.02412  6.51355e-05
 70  0.02481  8.17186e-05 | 71  0.02578  4.25220e-05 | 72  0.02869  3.29285e-05
 73  0.03252  1.50797e-04 | 74  0.02724  1.79559e-04 | 75  0.02229  2.20177e-04
 76  0.01370 -2.69502e-04 | 77  0.01370 -1.31468e-04 | 78 -0.67625  5.65962e-03
 79 -0.73808  1.78727e-03 |
2 0 20485
2 0 20485
2 0 20485
2 0 20485
2 0 20485
2 0 20485
2 0 20485
2 0 20485
2 0 20485
2 0 20485
2 0 20485
2 0 20485
2 0 20485
79 variables; iteration 180; function evaluation 231; phase 2
Function value   2.0484997e+04; maximum gradient component mag  -8.4091e-03
Var   Value    Gradient   |Var   Value    Gradient   |Var   Value    Gradient
  1 -0.67887 -4.99470e-04 |  2 -0.75441 -6.47486e-04 |  3  0.24515 -9.18668e-05
  4  0.18099 -3.50199e-06 |  5  0.12810  1.66010e-06 |  6  0.09095  1.64542e-06
  7  0.06454  7.86253e-07 |  8  0.04489  7.38465e-07 |  9  0.02970  5.45104e-07
 10  0.01767  3.73549e-07 | 11  0.00806  2.86190e-07 | 12  0.00038  2.64212e-07
 13 -0.00568  2.13007e-07 | 14 -0.01033  2.22162e-07 | 15 -0.01371  2.04356e-07
 16 -0.01591  2.10200e-07 | 17 -0.01700  1.69974e-07 | 18  0.00667  2.39272e-03
 19  0.00955 -1.77470e-04 | 20  0.01032  1.37433e-04 | 21  0.01615  1.50596e-04
 22  0.01419 -2.35257e-04 | 23  0.00922 -7.31264e-05 | 24  0.01345  8.14874e-05
 25  0.01562 -1.38605e-04 | 26  0.01153 -2.54606e-04 | 27  0.00661 -9.04482e-05
 28  0.01069  2.65116e-06 | 29  0.01188 -8.40428e-05 | 30  0.01282 -7.37032e-05
 31  0.01124 -1.15242e-05 | 32  0.01429  2.31672e-04 | 33  0.01633  2.26958e-04
 34  0.01624  8.90177e-05 | 35  0.01590  8.85539e-05 | 36  0.01650  1.07947e-04
 37  0.01199  2.72172e-05 | 38  0.01368  8.90181e-06 | 39  0.01224 -3.70998e-07
 40  0.01248  4.91238e-05 | 41  0.01301  3.93239e-05 | 42  0.01286  2.50906e-06
 43  0.00751  1.04731e-05 | 44  0.01265  2.44796e-04 | 45  0.01172  1.50216e-04
 46  0.01365  9.08279e-05 | 47 -0.37571 -4.85780e-04 | 48  0.13761 -3.57921e-03
 49 -0.06991  1.58214e-04 | 50 -0.06625 -7.59301e-05 | 51 -0.06937  2.85243e-05
 52 -0.05828  1.61672e-04 | 53 -0.04764  6.11579e-05 | 54 -0.04572  6.58593e-05
 55 -0.03838  2.12034e-04 | 56 -0.02076  3.64985e-04 | 57 -0.00449  2.03605e-04
 58  0.00244  1.30172e-04 | 59  0.01104  1.11460e-04 | 60  0.01962  1.13597e-04
 61  0.02809 -8.14814e-05 | 62  0.02561 -2.10036e-04 | 63  0.02072 -1.95971e-04
 64  0.01997 -1.38084e-04 | 65  0.02016 -1.29777e-04 | 66  0.01911 -1.34888e-04
 67  0.01942 -8.42811e-05 | 68  0.02126 -6.04755e-05 | 69  0.02412 -8.69828e-05
 70  0.02481 -1.09716e-04 | 71  0.02578 -5.66918e-05 | 72  0.02869 -4.45365e-05
 73  0.03252 -2.05893e-04 | 74  0.02724 -2.38898e-04 | 75  0.02229 -2.95567e-04
 76  0.01370  3.68479e-04 | 77  0.01370  1.68986e-04 | 78 -0.67605 -8.40907e-03
 79 -0.73872 -2.63126e-03 |
2 0 20485
2 0 20485
2 0 20485
2 0 20485
2 0 20485
2 0 20485
2 0 20485
2 0 20485
2 0 20485
2 0 20485
2 0 20485

 - final statistics:
79 variables; iteration 189; function evaluation 242
Function value   2.0485e+04; maximum gradient component mag   9.9879e-04
Exit code = 1;  converg criter   1.0000e-03
Var   Value    Gradient   |Var   Value    Gradient   |Var   Value    Gradient
  1 -0.67861  8.95375e-05 |  2 -0.75461  1.15847e-04 |  3  0.24515  1.28224e-05
  4  0.18099 -3.36019e-07 |  5  0.12810 -1.90031e-07 |  6  0.09095 -3.76903e-07
  7  0.06454 -1.17864e-07 |  8  0.04489 -1.21880e-07 |  9  0.02970 -9.03980e-08
 10  0.01767 -6.25929e-08 | 11  0.00806 -5.06982e-08 | 12  0.00038 -3.72490e-08
 13 -0.00568 -3.52908e-08 | 14 -0.01033 -2.82683e-08 | 15 -0.01371 -3.85373e-08
 16 -0.01591 -3.11897e-08 | 17 -0.01700 -2.18737e-08 | 18  0.00667 -3.14174e-04
 19  0.00955  2.19584e-05 | 20  0.01032 -1.79454e-05 | 21  0.01615 -1.97926e-05
 22  0.01419  3.05264e-05 | 23  0.00922  1.00052e-05 | 24  0.01345 -1.06922e-05
 25  0.01562  1.86030e-05 | 26  0.01153  3.33778e-05 | 27  0.00661  1.19180e-05
 28  0.01069 -5.15991e-07 | 29  0.01188  1.11710e-05 | 30  0.01282  9.83799e-06
 31  0.01124  2.13123e-06 | 32  0.01429 -3.04108e-05 | 33  0.01633 -2.95602e-05
 34  0.01624 -1.14050e-05 | 35  0.01590 -1.12424e-05 | 36  0.01650 -1.35400e-05
 37  0.01199 -3.86257e-06 | 38  0.01368 -1.18146e-06 | 39  0.01224  1.21692e-07
 40  0.01248 -6.38068e-06 | 41  0.01301 -4.85365e-06 | 42  0.01286 -5.10213e-07
 43  0.00751 -9.78466e-07 | 44  0.01265 -3.22824e-05 | 45  0.01172 -2.03562e-05
 46  0.01365 -1.56106e-05 | 47 -0.37571  6.81027e-05 | 48  0.13761  4.45440e-04
 49 -0.06991 -2.07477e-05 | 50 -0.06625  9.85327e-06 | 51 -0.06937 -3.66290e-06
 52 -0.05828 -2.08983e-05 | 53 -0.04764 -8.02688e-06 | 54 -0.04572 -8.85543e-06
 55 -0.03838 -2.75638e-05 | 56 -0.02076 -4.73301e-05 | 57 -0.00449 -2.66597e-05
 58  0.00244 -1.70776e-05 | 59  0.01104 -1.43724e-05 | 60  0.01962 -1.49304e-05
 61  0.02809  1.04332e-05 | 62  0.02561  2.72142e-05 | 63  0.02072  2.46653e-05
 64  0.01997  1.74934e-05 | 65  0.02016  1.64920e-05 | 66  0.01911  1.77449e-05
 67  0.01942  1.07011e-05 | 68  0.02126  7.68287e-06 | 69  0.02412  1.14268e-05
 70  0.02481  1.40364e-05 | 71  0.02578  7.90959e-06 | 72  0.02869  5.89874e-06
 73  0.03252  2.71439e-05 | 74  0.02724  3.11705e-05 | 75  0.02229  4.11426e-05
 76  0.01370 -4.79626e-05 | 77  0.01370 -2.09504e-05 | 78 -0.67590  9.98791e-04
 79 -0.73919  3.15452e-04 |
2 0 20485
B064189.3
0.3 0.378418
0.324358 0.355586
0.329535 0.350995
0.330472 0.350174
0.330636 0.35003
0.330664 0.350005
0.330669 0.350001
0.33067 0.35
0.33067 0.35
0.33067 0.35
0.33067 0.35
0.33067 0.35
0.33067 0.35
0.33067 0.35
0.33067 0.35
0.33067 0.35
0.33067 0.35
0.33067 0.35
0.33067 0.35
0.33067 0.35
0.33067 0.35
FutMOrt0.188373
FutMOrt0.188373
FutMOrt0.188373
FutMOrt0.188373
FutMOrt0.188373
FutMOrt0.188373
FutMOrt0.188373
FutMOrt0.188373
FutMOrt0.188373
FutMOrt0.188373
Survey Bio29.4603
Survey len9966.25
CPUE48.1127
Catch8.11937
Catch len10012
initsmo_penal15.5136
F_pen401.545
Rec_pen3.99686
M_pen0


Starting time: Fri Oct  5 17:05:55 2018
Finishing time: Fri Oct  5 17:06:04 2018
This run took: 0 hours, 0 minutes, 9 seconds.

