survYears 71 72 73 74 75 76 77 78 79 80 81 82 83 84 85 86 87 88 89 90 91 92 93 94 95 96 97 98
SurvLenYear 71 72 73 74 75 76 77 78 79 80 81 82 83 84 85 86 87 88 89 90 91 92 93 94 95 96 97 98
catchBiomass 5109.8 4750.63 5777.63 5090.18 6094 9673.13 9881.63 12052.4 19242.1 34131.7 45223.5 60801.5 73286.9 100903 104937 102999 89427.4 80038.3 80870.2 82122.8 78563.8 94182.3 92789 114987 106314 116818 115055 105070
steep0.999
25
Out
1 0 43108.9

Initial statistics: 73 variables; iteration 0; function evaluation 0; phase 1
Function value   4.3108944e+04; maximum gradient component mag  -4.7382e+05
Var   Value    Gradient   |Var   Value    Gradient   |Var   Value    Gradient
  1  0.26109  4.97104e+03 |  2  0.23476  3.75618e+03 |  3  0.23027  4.59513e+03
  4  0.20630  3.12809e+03 |  5  0.19862  3.01476e+03 |  6  0.17950  2.09890e+03
  7  0.15991  1.42932e+03 |  8  0.13776  8.95934e+02 |  9  0.11430  4.60451e+02
 10  0.11385  6.09859e+02 | 11  0.09097  3.57913e+02 | 12  0.05692  2.73956e+01
 13  0.05909  2.28510e+02 | 14  0.03904 -9.90722e+01 | 15  0.07833  3.72799e+02
 16 -0.02864 -4.29353e+03 | 17  0.00000 -2.38341e+04 | 18  0.00000 -3.53794e+02
 19  0.00000 -5.36123e+03 | 20  0.00000  8.81547e+02 | 21  0.00000  4.18106e+03
 22  0.00000 -9.26702e+02 | 23  0.00000  5.62284e+03 | 24  0.00000  1.12224e+04
 25  0.00000  1.18480e+04 | 26  0.00000  7.15625e+03 | 27  0.00000  7.45298e+03
 28  0.00000  6.35485e+03 | 29  0.00000  7.17752e+03 | 30  0.00000  1.12418e+03
 31  0.00000 -6.17364e+02 | 32  0.00000 -2.51226e+03 | 33  0.00000 -1.37081e+03
 34  0.00000  1.06112e+03 | 35  0.00000  1.43493e+03 | 36  0.00000  1.94995e+03
 37  0.00000  5.15485e+03 | 38  0.00000  2.50878e+03 | 39  0.00000  5.22238e+03
 40  0.00000  4.05750e+02 | 41  0.00000  1.50896e+03 | 42  0.00000 -3.69144e+03
 43  0.00000 -1.30845e+04 | 44  0.00000 -3.05161e+04 | 45  0.09510 -4.73817e+05
 46  0.00000  6.07375e+04 | 47  0.00000  5.69817e+04 | 48  0.00000  5.33156e+04
 49  0.00000  4.44025e+04 | 50  0.00000  3.75083e+04 | 51  0.00000  3.17049e+04
 52  0.00000  2.03054e+04 | 53  0.00000  7.18591e+03 | 54  0.00000 -2.69063e+03
 55  0.00000 -9.41941e+03 | 56  0.00000 -1.59374e+04 | 57  0.00000 -2.15777e+04
 58  0.00000 -2.41469e+04 | 59  0.00000 -2.21733e+04 | 60  0.00000 -1.97160e+04
 61  0.00000 -1.77483e+04 | 62  0.00000 -1.71207e+04 | 63  0.00000 -1.80016e+04
 64  0.00000 -1.88441e+04 | 65  0.00000 -2.09985e+04 | 66  0.00000 -2.32897e+04
 67  0.00000 -2.49454e+04 | 68  0.00000 -2.60552e+04 | 69  0.00000 -2.50131e+04
 70  0.00000 -2.16202e+04 | 71  0.00000 -1.17937e+04 | 72  0.00000  6.13322e+03
 73  0.00000  2.28168e+04 |
1 0 43108.9
1 0 43108.7
1 0 43106.7
1 0 43086.7
1 0 42887.9
1 0 41004.1
1 0 37162.4
1 0 34087.2
1 0 32952.3
1 0 31245
1 0 29891.7
1 0 33320.1
1 0 29622.4
1 0 29331.3
1 0 28947.7
1 0 28412.9

Intermediate statistics: 73 variables; iteration 10; function evaluation 16; phase 1
Function value   2.8412927e+04; maximum gradient component mag  -2.1445e+05
Var   Value    Gradient   |Var   Value    Gradient   |Var   Value    Gradient
  1  0.25997  2.21959e+02 |  2  0.24257  3.00774e+02 |  3  0.23495  5.06695e+02
  4  0.20878  2.95616e+02 |  5  0.19775  3.45463e+02 |  6  0.17818  2.35299e+02
  7  0.15809  1.66902e+02 |  8  0.13633  1.00783e+02 |  9  0.11577  1.85531e+01
 10  0.11049  1.13694e+02 | 11  0.08910  6.17675e+01 | 12  0.06063 -6.02300e+01
 13  0.05654  4.14489e+01 | 14  0.04546 -1.14997e+02 | 15  0.07342  1.19541e+02
 16  0.23440 -6.45945e+03 | 17  0.26529  1.94574e+03 | 18  0.06426 -5.01016e+01
 19 -0.02833  1.15941e+03 | 20 -0.03840  7.14032e+02 | 21 -0.03401  5.00105e+03
 22 -0.03965 -9.53170e+02 | 23 -0.00633  9.48030e+03 | 24  0.15619  1.80003e+03
 25  0.16782  1.33134e+03 | 26  0.10921  3.11519e+02 | 27  0.15912  1.11851e+03
 28  0.17759  2.24932e+03 | 29 -0.03730 -4.17174e+03 | 30 -0.07105 -7.37472e+03
 31 -0.09015 -8.91568e+03 | 32 -0.08621 -6.07868e+03 | 33 -0.06878  3.24964e+03
 34 -0.05315  3.22707e+03 | 35 -0.05052  6.77988e+02 | 36 -0.02694  5.41720e+03
 37 -0.04042  1.65517e+03 | 38 -0.03751  2.93385e+03 | 39 -0.03969 -1.79869e+03
 40 -0.03808  2.08378e+03 | 41 -0.06084 -3.83504e+03 | 42 -0.07127 -1.67383e+03
 43 -0.07140  5.07386e+03 | 44 -0.09595 -1.48850e+04 | 45  0.10897 -2.14453e+05
 46 -0.09210 -2.93200e+04 | 47 -0.04126 -2.72421e+01 | 48 -0.04736  7.38919e+03
 49 -0.04497  5.51129e+03 | 50 -0.02953  3.79591e+03 | 51 -0.05597  3.29167e+03
 52 -0.04460 -9.39401e+03 | 53 -0.02541 -9.99758e+03 | 54 -0.00281 -5.23370e+03
 55  0.00153 -8.69173e+03 | 56  0.01024 -9.30361e+03 | 57  0.04015 -2.28266e+03
 58  0.07752  2.53642e+04 | 59  0.03807  1.03820e+04 | 60 -0.02196  8.67897e+02
 61 -0.03357  6.87106e+01 | 62 -0.03605 -3.72736e+02 | 63  0.03435 -2.08045e+03
 64 -0.04650 -1.36510e+03 | 65  0.03480 -9.93879e+03 | 66  0.02266 -3.51945e+03
 67  0.03020 -1.22864e+03 | 68  0.04993  4.36488e+03 | 69  0.05732  6.99859e+03
 70  0.05928  8.42154e+03 | 71  0.03140  1.81215e+03 | 72  0.03738  3.95372e+03
 73 -0.00349  1.01052e+04 |
1 0 27939.6
1 0 29001.7
1 0 27844.1
1 0 27722.1
1 0 27749
1 0 27663
1 0 27628.3
1 0 27607.8
1 0 27581.5
1 0 27545.1
1 0 27462.8
1 0 40318.6
1 0 27415.9
1 0 27979.5
1 0 27382.2
73 variables; iteration 20; function evaluation 31; phase 1
Function value   2.7382314e+04; maximum gradient component mag  -1.8855e+05
Var   Value    Gradient   |Var   Value    Gradient   |Var   Value    Gradient
  1  0.32320  5.79707e+02 |  2  0.28033  4.89580e+02 |  3  0.25765  5.67313e+02
  4  0.22849  3.64507e+02 |  5  0.20850  3.11291e+02 |  6  0.18582  2.10487e+02
  7  0.16218  1.30584e+02 |  8  0.13930  6.62965e+01 |  9  0.12196  5.34573e+01
 10  0.10621  5.21882e+01 | 11  0.08730  2.38828e+01 | 12  0.06956  7.95357e+00
 13  0.05505 -4.92649e+01 | 14  0.05947  1.46302e+01 | 15  0.06393  3.11764e+01
 16  0.34190 -4.70811e+03 | 17  0.16323  9.49047e+02 | 18  0.11700  1.47194e+03
 19 -0.06618  1.06493e+03 | 20 -0.07539  1.20246e+02 | 21 -0.05267  2.84801e+03
 22 -0.06772 -3.06458e+03 | 23  0.03048 -1.82538e+01 | 24  0.23642  1.71370e+03
 25  0.24775  1.59285e+03 | 26  0.08210 -1.26412e+03 | 27  0.25934  1.38287e+03
 28  0.29974  2.66271e+03 | 29 -0.05872 -5.44190e+03 | 30 -0.08467 -6.70358e+03
 31 -0.09452 -5.21897e+03 | 32 -0.09089 -5.62156e+03 | 33 -0.06877  3.03063e+03
 34 -0.01550  1.02465e+04 | 35 -0.06466 -5.43292e+03 | 36 -0.04613  8.28156e+03
 37 -0.07068  1.26295e+03 | 38 -0.07242  4.82935e+03 | 39 -0.06763 -1.39350e+03
 40 -0.05217  2.76442e+03 | 41 -0.07709 -1.42214e+03 | 42 -0.09028 -2.75662e+03
 43 -0.08675  2.44408e+03 | 44 -0.10712 -1.06886e+04 | 45  0.11383 -1.88550e+05
 46 -0.08592 -2.16898e+04 | 47 -0.03687 -2.10082e+03 | 48 -0.07542  3.74646e+02
 49 -0.07263 -2.05787e+02 | 50 -0.02587  2.46718e+03 | 51 -0.14872 -9.25367e+02
 52 -0.03650 -4.08574e+03 | 53 -0.02544 -8.09268e+03 | 54 -0.00401 -4.35830e+03
 55  0.00069 -7.45881e+03 | 56  0.01013 -7.38539e+03 | 57  0.03322 -5.38932e+03
 58  0.06702  2.04740e+04 | 59  0.03185  8.40805e+03 | 60  0.00965  4.30568e+03
 61  0.01052  4.72318e+03 | 62 -0.00049  3.15529e+03 | 63  0.03853 -2.86705e+03
 64  0.01956  3.06423e+03 | 65  0.04082 -2.50278e+03 | 66  0.02734 -2.38389e+03
 67  0.00077 -1.88508e+03 | 68  0.03759  3.93368e+02 | 69  0.05743  5.59415e+03
 70  0.04679  4.91626e+03 | 71  0.01901  4.80629e+02 | 72  0.04904  3.90243e+03
 73  0.00994  8.88200e+03 |
1 0 27497.6
1 0 27375.9
1 0 27366.1
1 0 27364.3
1 0 27361.4
1 0 27358.1
1 0 27354.6
1 0 27352.6
1 0 27350.3
1 0 27348.9
1 0 27346.3
73 variables; iteration 30; function evaluation 42; phase 1
Function value   2.7346445e+04; maximum gradient component mag  -1.8087e+05
Var   Value    Gradient   |Var   Value    Gradient   |Var   Value    Gradient
  1  0.34146  7.72529e+02 |  2  0.28740  5.41551e+02 |  3  0.25497  4.78147e+02
  4  0.22814  3.57380e+02 |  5  0.20537  2.66500e+02 |  6  0.18354  1.91516e+02
  7  0.16045  1.16364e+02 |  8  0.13902  6.09405e+01 |  9  0.12334  7.44327e+01
 10  0.10239  2.26847e+01 | 11  0.08573  8.96850e+00 | 12  0.07408  3.77067e+01
 13  0.05690 -7.38389e+01 | 14  0.06608  7.33688e+01 | 15  0.05798 -1.31285e+01
 16  0.34234 -3.71321e+03 | 17  0.14607  8.27278e+02 | 18  0.09227  1.08913e+03
 19 -0.06730 -3.74114e+02 | 20 -0.07388  1.34942e+03 | 21 -0.05320  2.61890e+03
 22 -0.06879 -4.17641e+03 | 23  0.03190 -6.71819e+01 | 24  0.21970  1.40866e+03
 25  0.24243  1.50994e+03 | 26  0.07392 -1.70489e+03 | 27  0.29433  1.39387e+03
 28  0.33733  2.58569e+03 | 29 -0.05592 -5.10194e+03 | 30 -0.08251 -6.16716e+03
 31 -0.09174 -3.81277e+03 | 32 -0.09038 -5.97278e+03 | 33 -0.06937  1.62292e+03
 34 -0.02323  1.10070e+04 | 35 -0.06603 -5.36042e+03 | 36 -0.05146  6.78070e+03
 37 -0.06647  6.04674e+02 | 38 -0.06515  9.52113e+03 | 39 -0.06443 -2.38427e+03
 40 -0.05164  3.25851e+03 | 41 -0.07612 -9.28822e+02 | 42 -0.09035 -3.71569e+03
 43 -0.08832  1.04340e+03 | 44 -0.11045 -9.62503e+03 | 45  0.11537 -1.80873e+05
 46 -0.08756 -2.25269e+04 | 47 -0.03656 -4.37238e+01 | 48 -0.07756  4.73796e+02
 49 -0.07181 -4.79654e+02 | 50 -0.02686  2.76704e+03 | 51 -0.16241 -1.44897e+03
 52 -0.03676 -3.59232e+03 | 53 -0.02648 -8.37301e+03 | 54 -0.00504 -4.66087e+03
 55 -0.00025 -7.66190e+03 | 56  0.00958 -7.22436e+03 | 57  0.03129 -5.26661e+03
 58  0.06746  2.21900e+04 | 59  0.03084  7.81045e+03 | 60  0.00919  3.94355e+03
 61  0.01044  4.57212e+03 | 62  0.00374  3.07539e+03 | 63  0.03680 -4.14067e+03
 64  0.01758  1.88650e+03 | 65  0.03441 -1.17108e+03 | 66  0.03376 -2.40028e+03
 67 -0.00220 -2.71239e+03 | 68  0.04122  1.31497e+03 | 69  0.05518  4.98803e+03
 70  0.04553  4.48755e+03 | 71  0.02555  1.10542e+03 | 72  0.05436  4.36688e+03
 73  0.02417  8.56251e+03 |
1 0 27342.7
1 0 27339
1 0 27338.1
1 0 27336.6
1 0 27334.9
1 0 27334.4
1 0 27333.7
1 0 27333.9
1 0 27333.4
1 0 27333
1 0 27332.8
73 variables; iteration 40; function evaluation 53; phase 1
Function value   2.7332910e+04; maximum gradient component mag  -1.7933e+05
Var   Value    Gradient   |Var   Value    Gradient   |Var   Value    Gradient
  1  0.34021  7.76244e+02 |  2  0.28616  5.45276e+02 |  3  0.25326  4.80565e+02
  4  0.22403  3.30260e+02 |  5  0.20096  2.48893e+02 |  6  0.17890  1.73789e+02
  7  0.15705  1.08573e+02 |  8  0.13757  6.72881e+01 |  9  0.12172  7.91653e+01
 10  0.09902  7.49236e+00 | 11  0.08475  6.50792e-01 | 12  0.07805  4.73584e+01
 13  0.06364 -5.06798e+01 | 14  0.06942  8.96284e+01 | 15  0.05354 -3.98235e+01
 16  0.34587 -3.67897e+03 | 17  0.13606  7.85950e+02 | 18  0.09234  1.17386e+03
 19 -0.06955 -1.21008e+03 | 20 -0.07645  7.42226e+02 | 21 -0.05218  3.16095e+03
 22 -0.06886 -3.75906e+03 | 23  0.03264  1.10094e+02 | 24  0.19249  1.32333e+03
 25  0.20878  1.24489e+03 | 26  0.09147 -1.43611e+03 | 27  0.32483  1.40636e+03
 28  0.37217  2.67108e+03 | 29 -0.05641 -5.51820e+03 | 30 -0.08307 -6.39287e+03
 31 -0.09212 -3.85702e+03 | 32 -0.09093 -6.00049e+03 | 33 -0.06892  2.28090e+03
 34 -0.02378  1.10531e+04 | 35 -0.06687 -5.52500e+03 | 36 -0.05298  6.54312e+03
 37 -0.06629  9.25873e+02 | 38 -0.06677  9.32829e+03 | 39 -0.06730 -2.66406e+03
 40 -0.05128  3.65672e+03 | 41 -0.07569 -1.21071e+03 | 42 -0.08965 -4.09429e+03
 43 -0.08587  1.73676e+03 | 44 -0.10875 -8.87456e+03 | 45  0.11642 -1.79332e+05
 46 -0.08880 -2.29913e+04 | 47 -0.03680  9.77682e+01 | 48 -0.07918  6.37879e+02
 49 -0.07547 -2.56925e+02 | 50 -0.02728  2.46597e+03 | 51 -0.15690 -1.45000e+03
 52 -0.03777 -3.91274e+03 | 53 -0.02708 -8.28541e+03 | 54 -0.00580 -4.65860e+03
 55 -0.00101 -7.71491e+03 | 56  0.00849 -7.56845e+03 | 57  0.02961 -6.06319e+03
 58  0.06700  2.28709e+04 | 59  0.03122  8.32645e+03 | 60  0.00811  3.87829e+03
 61  0.01024  4.56522e+03 | 62  0.00398  3.01580e+03 | 63  0.03591 -4.28797e+03
 64  0.01788  2.03320e+03 | 65  0.03302 -7.20526e+02 | 66  0.03541 -2.25041e+03
 67 -0.00612 -2.72258e+03 | 68  0.03863  8.71397e+02 | 69  0.05349  4.45506e+03
 70  0.04504  5.00130e+03 | 71  0.02446  1.33242e+03 | 72  0.05487  4.47655e+03
 73  0.04242  8.57866e+03 |
1 0 27332.5
1 0 27331.9
1 0 27331.8
1 0 27331.8
1 0 27331.6
1 0 27331.3
1 0 27331
1 0 27330.4
1 0 27330.1
1 0 27330.1
1 0 27329.6
73 variables; iteration 50; function evaluation 64; phase 1
Function value   2.7329804e+04; maximum gradient component mag  -1.7900e+05
Var   Value    Gradient   |Var   Value    Gradient   |Var   Value    Gradient
  1  0.32664  6.52415e+02 |  2  0.27848  4.97203e+02 |  3  0.25063  4.99365e+02
  4  0.22268  3.49074e+02 |  5  0.19973  2.63921e+02 |  6  0.17674  1.78113e+02
  7  0.15399  1.10425e+02 |  8  0.13316  6.25939e+01 |  9  0.11679  5.83577e+01
 10  0.09932  2.28164e+01 | 11  0.08642  8.46869e+00 | 12  0.07962  4.21306e+01
 13  0.06746 -2.11644e+01 | 14  0.06740  5.31772e+01 | 15  0.05689 -2.00040e+01
 16  0.34601 -3.67312e+03 | 17  0.13193  7.68261e+02 | 18  0.09107  1.17773e+03
 19 -0.06952 -1.10129e+03 | 20 -0.07643  6.98222e+02 | 21 -0.05253  3.20767e+03
 22 -0.06924 -4.01759e+03 | 23  0.03278  1.04110e+02 | 24  0.19384  1.35112e+03
 25  0.20552  1.22064e+03 | 26  0.08819 -1.49737e+03 | 27  0.33136  1.44804e+03
 28  0.37751  2.66909e+03 | 29 -0.05631 -5.47089e+03 | 30 -0.08312 -6.45254e+03
 31 -0.09208 -3.85293e+03 | 32 -0.09087 -5.97139e+03 | 33 -0.06885  2.43908e+03
 34 -0.02409  1.10058e+04 | 35 -0.06689 -5.51547e+03 | 36 -0.05302  6.50058e+03
 37 -0.06608  7.79566e+02 | 38 -0.06666  9.33234e+03 | 39 -0.06720 -2.72154e+03
 40 -0.05141  3.78283e+03 | 41 -0.07590 -1.25938e+03 | 42 -0.08948 -3.97363e+03
 43 -0.08561  1.71860e+03 | 44 -0.10836 -8.85224e+03 | 45  0.11636 -1.79000e+05
 46 -0.08880 -2.30306e+04 | 47 -0.03682 -1.70098e-01 | 48 -0.07975  4.80132e+02
 49 -0.07470 -3.43846e+02 | 50 -0.02775  2.02992e+03 | 51 -0.15671 -1.52609e+03
 52 -0.03771 -3.89731e+03 | 53 -0.02689 -8.14918e+03 | 54 -0.00657 -5.40610e+03
 55 -0.00096 -7.69907e+03 | 56  0.00844 -7.65755e+03 | 57  0.02962 -6.04233e+03
 58  0.06698  2.28814e+04 | 59  0.03118  8.26639e+03 | 60  0.00850  3.88270e+03
 61  0.01042  4.49388e+03 | 62  0.00345  2.81668e+03 | 63  0.03581 -4.40792e+03
 64  0.01779  1.94193e+03 | 65  0.03280 -6.52708e+02 | 66  0.03617 -1.98177e+03
 67 -0.00706 -2.71086e+03 | 68  0.03948  1.18107e+03 | 69  0.05335  4.42027e+03
 70  0.04472  4.87799e+03 | 71  0.02389  1.19275e+03 | 72  0.05475  4.38963e+03
 73  0.04129  8.49012e+03 |
1 0 27329.1
1 0 27327.8
1 0 27325.6
1 0 27328.9
1 0 27324.9
1 0 27323.7
1 0 27321.5
1 0 27317.1
1 0 27290.5
1 0 27251.1
1 0 27186.8
1 0 27073.1
73 variables; iteration 60; function evaluation 76; phase 1
Function value   2.7073254e+04; maximum gradient component mag  -1.7331e+05
Var   Value    Gradient   |Var   Value    Gradient   |Var   Value    Gradient
  1  0.33221  6.82898e+02 |  2  0.27925  4.04130e+02 |  3  0.26942  7.30617e+02
  4  0.24350  6.00168e+02 |  5  0.19269  3.33749e+02 |  6  0.10325 -9.57399e+01
  7  0.05457 -7.81146e+01 |  8  0.03306 -2.18694e+01 |  9  0.02028 -4.57396e+01
 10  0.02287 -1.70024e+01 | 11  0.03234 -1.23472e+02 | 12  0.08137  2.48868e+00
 13  0.13745  2.44050e+02 | 14  0.14445  1.14051e+02 | 15  0.14764  1.20140e+02
 16  0.34045 -3.91485e+03 | 17  0.12092  7.73996e+02 | 18  0.08323  1.14774e+03
 19 -0.06828 -8.10291e+02 | 20 -0.07495  8.61554e+02 | 21 -0.04973  3.33587e+03
 22 -0.06769 -3.93251e+03 | 23  0.03178  4.84096e+01 | 24  0.20264  1.42369e+03
 25  0.21331  1.18424e+03 | 26  0.10393 -1.29175e+03 | 27  0.32547  1.47926e+03
 28  0.34569  2.51641e+03 | 29 -0.05408 -4.83197e+03 | 30 -0.08254 -6.84638e+03
 31 -0.09117 -4.08390e+03 | 32 -0.08987 -6.46247e+03 | 33 -0.06728  1.85143e+03
 34 -0.02580  1.12401e+04 | 35 -0.06623 -5.64997e+03 | 36 -0.05410  6.05624e+03
 37 -0.06468  1.02542e+03 | 38 -0.06573  8.55912e+03 | 39 -0.06280 -1.59685e+03
 40 -0.05202  3.24865e+03 | 41 -0.07436 -8.56559e+02 | 42 -0.08810 -4.15896e+03
 43 -0.08523  1.38601e+03 | 44 -0.10936 -8.42047e+03 | 45  0.11812 -1.73310e+05
 46 -0.08865 -2.20597e+04 | 47 -0.03813 -5.13134e+02 | 48 -0.08224  6.19349e+01
 49 -0.07681 -6.56429e+02 | 50 -0.02852  1.95644e+03 | 51 -0.15075 -1.61051e+03
 52 -0.03875 -3.99751e+03 | 53 -0.02729 -7.63137e+03 | 54 -0.00767 -5.48839e+03
 55 -0.00222 -7.96016e+03 | 56  0.00838 -6.82682e+03 | 57  0.02812 -6.23085e+03
 58  0.06584  2.26545e+04 | 59  0.02870  7.78421e+03 | 60  0.00773  3.94742e+03
 61  0.01078  4.86773e+03 | 62  0.00693  3.37198e+03 | 63  0.03457 -4.30970e+03
 64  0.01838  2.02230e+03 | 65  0.03036 -2.58862e+02 | 66  0.03588 -1.53166e+03
 67 -0.01398 -2.76623e+03 | 68  0.04131  1.30443e+03 | 69  0.05083  4.29882e+03
 70  0.04403  4.80692e+03 | 71  0.02629  1.49858e+03 | 72  0.05663  4.50924e+03
 73  0.05785  8.35216e+03 |
1 0 26870.7
1 0 26509.9
1 0 25861.3
1 0 24897.5
1 0 33450.6
1 0 25041.4
1 0 24663.4
1 0 25302.5
1 0 24598.2
1 0 24627.3
1 0 24568.6
1 0 24536.3
1 0 24570.9
1 0 24523.5
1 0 24567.7
1 0 24521.1
73 variables; iteration 70; function evaluation 92; phase 1
Function value   2.4524493e+04; maximum gradient component mag  -1.2744e+05
Var   Value    Gradient   |Var   Value    Gradient   |Var   Value    Gradient
  1  0.25844  3.22255e+02 |  2  0.21363  1.33799e+02 |  3  0.19353  1.76918e+02
  4  0.18577  4.29878e+02 |  5  0.11644  6.00472e+01 |  6  0.04842  1.80314e+02
  7 -0.06927 -5.64366e+02 |  8 -0.01592 -3.96546e+02 |  9  0.15908  6.84302e+02
 10  0.18636  6.09516e+02 | 11  0.14386  3.65449e+02 | 12  0.03687 -3.54185e+02
 13  0.04160 -1.90865e+02 | 14  0.10876  1.26447e+02 | 15  0.15990  3.91228e+02
 16  0.28976 -7.83220e+01 | 17  0.04572 -4.05340e+02 | 18  0.04705  1.51785e+02
 19 -0.05649 -3.75679e+02 | 20 -0.06249  4.58503e+02 | 21 -0.04742 -2.56515e+01
 22 -0.05439 -3.28276e+03 | 23  0.04081 -6.16459e+02 | 24  0.15838 -7.54253e+01
 25  0.22274  2.43026e+02 | 26  0.17070 -1.16966e+03 | 27  0.26375  4.64935e+02
 28  0.19376  4.98655e+02 | 29 -0.03047 -8.56910e+01 | 30 -0.06619 -4.63641e+03
 31 -0.07430 -9.93364e+02 | 32 -0.07006 -2.83311e+03 | 33 -0.06045 -4.22530e+03
 34 -0.03710  6.59871e+03 | 35 -0.05919 -2.85237e+03 | 36 -0.05938 -5.89842e+02
 37 -0.05282  1.90273e+03 | 38 -0.04859  4.91929e+03 | 39 -0.04456  1.66399e+03
 40 -0.04897 -2.68254e+02 | 41 -0.05614  2.06061e+03 | 42 -0.06331 -3.56824e+03
 43 -0.06417 -2.92798e+03 | 44 -0.08576 -1.47473e+03 | 45  0.12930 -1.27441e+05
 46 -0.07181 -2.38298e+03 | 47 -0.04528 -1.44413e+03 | 48 -0.09609 -2.74027e+03
 49 -0.07507 -2.84587e+03 | 50 -0.03856  1.47260e+03 | 51 -0.10228 -1.29400e+03
 52 -0.04198 -2.06778e+03 | 53 -0.02849 -3.53380e+03 | 54 -0.01186 -4.08358e+03
 55 -0.00411 -4.49399e+03 | 56  0.00582 -3.93375e+03 | 57  0.01821 -6.49459e+03
 58  0.05821  1.83629e+04 | 59  0.01239  1.28713e+03 | 60  0.00171  1.59613e+02
 61  0.00583  1.86437e+03 | 62  0.01385  3.30702e+03 | 63  0.03068  9.27689e+02
 64  0.00855 -1.57692e+02 | 65  0.01296 -1.36421e+02 | 66  0.02407 -1.92438e+03
 67  0.00730 -3.81976e+03 | 68  0.03388 -2.37661e+03 | 69  0.03137 -4.87380e+02
 70  0.02718 -6.37301e+02 | 71  0.03074  2.60539e+03 | 72  0.05753  7.53769e+03
 73  0.13424  6.47322e+03 |
1 0 24517.7
1 0 24511.2
1 0 24452.1
1 0 24324.9
1 0 23672.2
1 0 82020.2
1 0 23600.6
1 0 23712.4
1 0 23585.6
1 0 23555.4
1 0 23245.6
1 0 46086.4
1 0 22982.7
1 0 22895.4
1 0 22624.9
1 0 22620.8
1 0 22605.5
1 0 22474.6
1 0 22282.5
73 variables; iteration 80; function evaluation 111; phase 1
Function value   2.2289623e+04; maximum gradient component mag   9.5638e+03
Var   Value    Gradient   |Var   Value    Gradient   |Var   Value    Gradient
  1  0.13398 -1.26359e+03 |  2  0.15270 -8.54117e+01 |  3  0.13661  3.10775e+01
  4  0.10745  1.82998e+02 |  5  0.02746 -3.17717e+02 |  6  0.04462  6.43909e+01
  7  0.04438  1.87726e+02 |  8 -0.01027 -3.83759e+01 |  9 -0.05279 -1.91958e+02
 10 -0.03715  2.13372e+01 | 11 -0.02761 -1.77235e+02 | 12  0.03564  6.29471e+01
 13  0.08213  2.97804e+00 | 14  0.13419  5.05836e+02 | 15  0.04920 -2.69955e+02
 16  0.23606  2.75723e+02 | 17 -0.01476  4.68682e+03 | 18 -0.02203  4.56024e+03
 19 -0.03370 -8.54444e+01 | 20 -0.03765  1.20892e+03 | 21 -0.04759 -2.48751e+03
 22 -0.03464 -4.04378e+03 | 23  0.04737 -8.45884e+01 | 24  0.07600 -1.55802e+03
 25  0.27740  4.57395e+02 | 26  0.27654 -2.53657e+01 | 27  0.16525 -6.01715e+02
 28  0.05579 -7.83643e+02 | 29 -0.02262  1.90639e+03 | 30 -0.04640 -3.53045e+03
 31 -0.04939 -1.35833e+03 | 32 -0.04388 -1.58391e+03 | 33 -0.04540 -3.36251e+03
 34 -0.04391 -2.46850e+03 | 35 -0.04215 -5.33305e+02 | 36 -0.04434  4.59306e+02
 37 -0.05058 -4.03322e+02 | 38 -0.04470  1.40399e+02 | 39 -0.04204  6.60187e+02
 40 -0.05001 -5.35672e+03 | 41 -0.04488  9.45765e+02 | 42 -0.03815 -3.14261e+02
 43 -0.04697 -2.00240e+03 | 44 -0.05767 -1.19225e+03 | 45  0.13504  7.72046e+03
 46 -0.05561  3.74858e+03 | 47 -0.05456  3.04724e+03 | 48 -0.06602  4.21493e+01
 49 -0.05376 -1.42649e+02 | 50 -0.05089  6.40182e+02 | 51 -0.04100  9.56382e+03
 52 -0.03398  1.69077e+03 | 53 -0.02120  1.18233e+02 | 54 -0.00497 -7.80079e+02
 55  0.00387 -2.24215e+02 | 56  0.01345 -4.04075e+02 | 57  0.02758 -1.39832e+03
 58  0.04765  8.93072e+03 | 59  0.01274 -3.53800e+03 | 60  0.02187 -5.78323e+02
 61  0.01938 -2.93221e+02 | 62  0.01596  1.34609e+02 | 63  0.02581  3.26780e+03
 64  0.02142 -4.41083e+01 | 65  0.01907 -2.70543e+03 | 66  0.01443 -5.21258e+03
 67  0.01649 -5.61128e+03 | 68  0.03450 -2.31036e+03 | 69  0.01554 -4.96241e+03
 70  0.02381 -3.78628e+03 | 71  0.04194  3.24973e+03 | 72  0.02803 -1.21361e+03
 73 -0.02090 -6.41961e+02 |
1 0 22010.1
1 0 21853
1 0 21688.9
1 0 21578.6
1 0 21525.2
1 0 21467.4
1 0 21459.8
1 0 21447.2
1 0 21428.1
1 0 21411
73 variables; iteration 90; function evaluation 121; phase 1
Function value   2.1411002e+04; maximum gradient component mag  -2.2815e+03
Var   Value    Gradient   |Var   Value    Gradient   |Var   Value    Gradient
  1  0.23449 -2.19719e+02 |  2  0.17440 -1.79628e+00 |  3  0.11284 -3.10422e+01
  4  0.06887 -4.94397e+01 |  5  0.04548 -5.59753e-01 |  6  0.02617 -2.30981e+01
  7  0.01640 -2.47063e+01 |  8  0.01615 -1.13597e+00 |  9  0.01831  1.99053e+01
 10  0.01670 -3.24701e+00 | 11  0.01818 -4.92694e+00 | 12  0.02334 -1.71697e+01
 13  0.03616  1.78786e+01 | 14  0.04697  1.78328e+01 | 15  0.05676  5.05054e+01
 16  0.22376  6.23847e+02 | 17 -0.04666  2.18953e+02 | 18 -0.04313 -7.05566e+02
 19 -0.03805 -2.58857e+02 | 20 -0.03964 -2.02358e+02 | 21 -0.04022 -6.05416e+00
 22 -0.02926 -2.91389e+02 | 23  0.04649 -1.73917e+02 | 24  0.14300  1.60445e+02
 25  0.19620  1.01739e+02 | 26  0.21350  2.75540e+02 | 27  0.16141  9.28678e+01
 28  0.07705  6.98429e+01 | 29 -0.03183  1.38302e+02 | 30 -0.03497  4.42288e+02
 31 -0.03498  4.31529e+02 | 32 -0.03234  6.77789e+02 | 33 -0.03381 -1.16436e+02
 34 -0.03770 -1.17451e+03 | 35 -0.03606  7.45569e+02 | 36 -0.03460  5.48507e+02
 37 -0.04131 -7.66942e+02 | 38 -0.03836 -2.83629e+02 | 39 -0.04055  8.17115e+01
 40 -0.03616  4.86221e+01 | 41 -0.03958  9.50776e+01 | 42 -0.03826  2.62608e+02
 43 -0.03783 -2.99231e+02 | 44 -0.04283 -3.04130e+02 | 45  0.13637 -2.28146e+03
 46 -0.06581  9.14341e+02 | 47 -0.06654  5.19124e+02 | 48 -0.06854  4.14771e+02
 49 -0.05776  2.38286e+02 | 50 -0.04845  7.23972e+02 | 51 -0.06090  3.17051e+02
 52 -0.03724  4.34616e+02 | 53 -0.02252  3.08902e+02 | 54 -0.00547  1.46424e+02
 55  0.00275  1.32003e+02 | 56  0.01233  1.06739e+02 | 57  0.03140 -2.46596e+02
 58  0.02902 -6.85870e+02 | 59  0.02478 -5.61272e+02 | 60  0.02319 -4.77065e+02
 61  0.02010 -6.59830e+02 | 62  0.01841  1.68221e+02 | 63  0.01897  1.37232e+02
 64  0.01576 -1.43724e+03 | 65  0.02376  6.30129e+02 | 66  0.02271 -3.40202e+02
 67  0.02469 -2.96644e+01 | 68  0.02975 -1.38919e+02 | 69  0.02873 -4.24127e+02
 70  0.02879 -6.96210e+02 | 71  0.02862 -6.30358e+01 | 72  0.02914  4.54689e+02
 73  0.01976  5.39822e+01 |
1 0 21402.4
1 0 21391.9
1 0 21378.1
1 0 21359.7
1 0 36499.2
1 0 21163.7
1 0 212672
1 0 21163.1
1 0 21162
1 0 21149.2
1 0 20906.5
1 0 21497.6
1 0 20886.4
1 0 20849.3
1 0 20779
1 0 20652.7
73 variables; iteration 100; function evaluation 137; phase 1
Function value   2.0652967e+04; maximum gradient component mag  -9.1404e+03
Var   Value    Gradient   |Var   Value    Gradient   |Var   Value    Gradient
  1  0.25570  2.80761e+03 |  2  0.16252  4.90105e+01 |  3  0.16802  6.47376e+02
  4  0.18065  1.24142e+03 |  5  0.15001  5.90187e+02 |  6  0.13025  4.20258e+02
  7  0.11287  2.91000e+02 |  8  0.09873  3.43155e+02 |  9  0.04851  9.58353e+01
 10 -0.00867  5.43666e+01 | 11 -0.07661 -1.43885e+01 | 12 -0.13977 -7.15358e+01
 13 -0.18104  1.92679e+01 | 14 -0.22942 -7.01297e+01 | 15 -0.25456 -7.15497e+01
 16  0.11117 -2.07084e+03 | 17 -0.02228 -6.73530e+03 | 18 -0.02035  1.51666e+03
 19 -0.01004  2.99087e+03 | 20 -0.01185 -3.59167e+02 | 21 -0.01025  2.08389e+03
 22 -0.00011  5.51117e+02 | 23  0.06931  6.76530e+02 | 24  0.10781  8.39797e+02
 25  0.07643  7.35118e+02 | 26 -0.00093  2.53546e+02 | 27 -0.00920 -2.22980e+03
 28 -0.00172  1.70892e+03 | 29 -0.01587  3.57030e+02 | 30 -0.00707  2.10014e+03
 31 -0.00760 -1.45700e+03 | 32 -0.00690 -3.86282e+02 | 33 -0.01114 -4.38070e+02
 34 -0.01598 -1.41118e+03 | 35 -0.01337  7.50810e+02 | 36 -0.01758 -1.47481e+03
 37 -0.01358  7.74815e+02 | 38 -0.00794  1.33551e+03 | 39 -0.01729 -9.70710e+02
 40 -0.01548 -1.93915e+03 | 41 -0.01385  8.91960e+02 | 42 -0.01072  3.70121e+01
 43 -0.00031  2.05969e+03 | 44  0.01328  9.76747e+02 | 45  0.13282 -4.98054e+03
 46 -0.06780  2.97033e+03 | 47 -0.06250  1.82207e+03 | 48 -0.07415 -2.14021e+03
 49 -0.05288  4.27359e+02 | 50 -0.05152 -2.26519e+03 | 51 -0.05498  7.66671e+02
 52 -0.03530 -2.39275e+02 | 53 -0.02095 -1.09675e+03 | 54  0.00022 -9.14039e+03
 55  0.00429 -3.07049e+03 | 56  0.01572  9.51777e+02 | 57  0.03405  4.07795e+03
 58  0.01643 -4.09948e+03 | 59  0.03088  1.03377e+03 | 60  0.03427  5.07947e+03
 61  0.02649  2.76892e+03 | 62  0.02021  1.13743e+03 | 63  0.02031  3.17859e+02
 64  0.02319  7.63844e+02 | 65  0.00939 -3.34273e+03 | 66  0.02898  1.21627e+02
 67  0.03008  2.57030e+02 | 68  0.03234  7.91721e+02 | 69  0.02840 -1.57786e+02
 70  0.03039 -3.24201e+01 | 71  0.02710  2.21733e+01 | 72  0.02668  2.27708e+03
 73 -0.01980 -3.28268e+01 |
1 0 20464.9
1 0 20784.7
1 0 20168.8
1 0 20183.5
1 0 20135.8
1 0 20086.9
1 0 19881.2
1 0 20889.6
1 0 19875.2
1 0 19863.5
1 0 19796.9
1 0 19749.9
1 0 19729.9
1 0 19707
1 0 19772.1
1 0 19556.1
73 variables; iteration 110; function evaluation 153; phase 1
Function value   1.9556077e+04; maximum gradient component mag   5.1426e+03
Var   Value    Gradient   |Var   Value    Gradient   |Var   Value    Gradient
  1  0.25366 -5.28797e+02 |  2  0.16631 -2.91836e+02 |  3  0.12208 -7.60971e+01
  4  0.08986  8.62715e+01 |  5  0.02899 -8.14954e+01 |  6 -0.00759 -8.83156e+01
  7 -0.01789 -5.68309e+00 |  8 -0.02672  5.58063e+01 |  9 -0.05257  1.95695e+00
 10 -0.07924 -7.38883e+01 | 11 -0.08352 -1.79307e+01 | 12 -0.08240  2.74907e+01
 13 -0.08974  8.29746e+01 | 14 -0.12270 -1.32306e+02 | 15 -0.11462  2.59096e+01
 16  0.07407  1.59235e+03 | 17 -0.00254  1.42092e+03 | 18 -0.00628 -7.85252e+02
 19 -0.00217 -1.79868e+02 | 20 -0.00367 -1.13960e+03 | 21 -0.00067  8.87581e+02
 22  0.00642  1.32124e+03 | 23  0.02313  4.29183e+03 | 24 -0.00320 -5.37535e+01
 25 -0.00937 -1.56384e+03 | 26  0.00359  4.63537e+02 | 27  0.00032 -1.41046e+03
 28  0.00812  1.62258e+03 | 29 -0.00226 -4.41466e+02 | 30 -0.00266 -7.04237e+02
 31 -0.00120  4.84086e+01 | 32  0.00137 -1.08962e+02 | 33 -0.00025 -1.15357e+03
 34  0.00272  9.77630e+02 | 35 -0.00153 -1.29990e+03 | 36 -0.00600 -2.39536e+03
 37 -0.00661  1.78558e+02 | 38 -0.00264 -7.77187e+02 | 39 -0.00087  3.13896e+02
 40  0.00348  3.38516e+02 | 41 -0.00236 -1.01112e+03 | 42 -0.00098 -1.10292e+03
 43  0.00416  2.48863e+02 | 44  0.00150  1.68897e+03 | 45  0.13659  5.14257e+03
 46 -0.07008 -2.58698e+03 | 47 -0.06730 -1.38390e+03 | 48 -0.07307 -1.85736e+03
 49 -0.05894 -8.62078e+02 | 50 -0.04748 -1.09881e+03 | 51 -0.05993 -3.67562e+03
 52 -0.02454  3.67105e+02 | 53 -0.02169 -2.84368e+03 | 54 -0.00959 -2.20018e+03
 55  0.00821  1.85623e+03 | 56  0.01255  1.19146e+03 | 57  0.02782  2.83307e+03
 58  0.03245  2.29612e+03 | 59  0.02225 -6.17740e+02 | 60  0.02435  2.20605e+02
 61  0.01884 -7.06349e+02 | 62  0.01384 -1.50314e+03 | 63  0.02178  1.25494e+02
 64  0.02183  1.37054e+03 | 65  0.01913  1.61476e+02 | 66  0.02201 -5.33118e+02
 67  0.02147 -8.70637e+02 | 68  0.03343  1.23419e+03 | 69  0.03061  8.17334e+02
 70  0.03247  2.20889e+03 | 71  0.03101  2.65974e+03 | 72  0.03376  3.52192e+03
 73  0.00376 -4.40969e+02 |
1 0 21775.3
1 0 19546.5
1 0 19528
1 0 19423.8
1 0 19377.7
1 0 19363.5
1 0 19356.6
1 0 19353.5
1 0 19351.9
1 0 19351.3
1 0 19350.9
1 0 19350.6
73 variables; iteration 120; function evaluation 165; phase 1
Function value   1.9350606e+04; maximum gradient component mag  -4.9816e+02
Var   Value    Gradient   |Var   Value    Gradient   |Var   Value    Gradient
  1  0.24603 -1.24487e+01 |  2  0.18336 -5.78495e+00 |  3  0.12692 -1.14463e+01
  4  0.08470 -8.28469e+00 |  5  0.05211 -1.28842e+01 |  6  0.02736 -6.42797e+00
  7  0.00682 -4.90772e+00 |  8 -0.01083 -1.73994e+00 |  9 -0.02705 -1.75494e+00
 10 -0.04212 -1.20402e+00 | 11 -0.05640 -3.32029e+00 | 12 -0.06938 -1.41680e+00
 13 -0.08172 -4.66872e+00 | 14 -0.09249 -3.12229e+01 | 15 -0.09356 -3.03479e+00
 16  0.06714  4.84063e+01 | 17 -0.00509  1.68696e+02 | 18 -0.00404 -9.32825e+01
 19  0.00077 -7.17439e+00 | 20 -0.00109  3.37628e+01 | 21 -0.00411 -3.21127e+01
 22  0.00165 -9.74359e+01 | 23 -0.00098 -5.20834e+01 | 24 -0.00330  2.35189e+01
 25 -0.00505  3.63498e+01 | 26 -0.00037 -1.20406e+01 | 27  0.00028 -3.55287e+01
 28  0.00199 -3.33960e+01 | 29 -0.00177  4.80678e+01 | 30  0.00119  1.07879e+02
 31  0.00152  7.73886e+01 | 32  0.00418  4.24445e+01 | 33  0.00383 -1.35754e+02
 34  0.00203  1.07473e+01 | 35  0.00167 -1.62162e+01 | 36  0.00143 -6.71366e+00
 37 -0.00226 -2.47854e+01 | 38  0.00072  6.36764e+00 | 39 -0.00261 -2.00448e+01
 40  0.00197  8.21762e+01 | 41 -0.00168 -6.55499e+01 | 42 -0.00063  1.49714e+01
 43  0.00241 -3.47200e+01 | 44  0.00738  3.95071e+01 | 45  0.13709 -4.98156e+02
 46 -0.06805 -4.56191e-01 | 47 -0.06739 -6.49869e+01 | 48 -0.06897  1.90057e+01
 49 -0.05688  3.60356e+01 | 50 -0.04709  5.68824e+01 | 51 -0.04741 -8.06037e+00
 52 -0.03497  4.57850e+01 | 53 -0.01720  1.46805e+02 | 54 -0.00416 -9.61831e+01
 55  0.00331  1.17522e+02 | 56  0.01232  1.94576e+01 | 57  0.02129 -2.09146e+00
 58  0.02811 -9.03428e+01 | 59  0.02469 -2.48648e+01 | 60  0.02252 -3.91812e+01
 61  0.01998  9.06291e+00 | 62  0.01723 -3.10644e+01 | 63  0.01841 -1.27370e+02
 64  0.01881  1.03993e+01 | 65  0.02021  4.22352e+01 | 66  0.02372  6.50208e+00
 67  0.02459  2.84091e+01 | 68  0.02932 -1.32342e+01 | 69  0.02879 -5.58934e+01
 70  0.02929 -2.15000e+00 | 71  0.02621 -1.12664e+01 | 72  0.02143  1.18726e+01
 73  0.02142  2.44731e+01 |
1 0 19350.2
1 0 19349.7
1 0 19349.2
1 0 19348.8
1 0 19348.6
1 0 19348.4
1 0 19348.3
1 0 19348.1
1 0 19348.1
1 0 19348
73 variables; iteration 130; function evaluation 175; phase 1
Function value   1.9348018e+04; maximum gradient component mag  -8.6810e+01
Var   Value    Gradient   |Var   Value    Gradient   |Var   Value    Gradient
  1  0.24004  6.17515e+00 |  2  0.17784  3.54189e+00 |  3  0.12633  1.68439e+00
  4  0.08987 -1.69380e+00 |  5  0.06458  3.32951e+00 |  6  0.04510  8.42579e-01
  7  0.02985  4.32675e-01 |  8  0.01763  2.31545e-01 |  9  0.00773  9.37426e-02
 10 -0.00030 -6.23081e-01 | 11 -0.00658  1.12451e+00 | 12 -0.01183 -7.83251e-03
 13 -0.01587  7.70703e-02 | 14 -0.01884 -1.40755e+00 | 15 -0.02037 -1.78798e+00
 16  0.06605 -6.43813e+00 | 17 -0.00849 -2.21234e+01 | 18 -0.00408  3.92768e+00
 19  0.00108  5.71639e+01 | 20 -0.00092 -8.04335e+00 | 21 -0.00373 -2.68190e+00
 22  0.00219 -2.24999e+01 | 23 -0.00058 -2.01870e+00 | 24 -0.00320 -3.44546e+00
 25 -0.00477 -8.38639e+00 | 26 -0.00023 -8.06225e+00 | 27  0.00070  2.81894e+01
 28  0.00246 -8.32015e+00 | 29 -0.00151 -3.58361e+00 | 30  0.00116 -7.18835e+00
 31  0.00154  1.98385e+01 | 32  0.00436  2.99904e-01 | 33  0.00437 -2.12541e+01
 34  0.00252  1.74016e+01 | 35  0.00198 -3.07383e-02 | 36  0.00161 -6.52818e+00
 37 -0.00200 -2.26182e+01 | 38  0.00099  4.59589e+00 | 39 -0.00231 -3.39376e+00
 40  0.00217  1.15071e+01 | 41 -0.00135 -2.24142e+00 | 42 -0.00045  1.40996e+01
 43  0.00210  1.24467e+01 | 44  0.00436 -4.34097e+01 | 45  0.13725 -8.68100e+01
 46 -0.06874  1.06526e+01 | 47 -0.06746 -6.29191e+01 | 48 -0.06911 -2.65531e+01
 49 -0.05712 -1.07771e+01 | 50 -0.04727  2.54530e+00 | 51 -0.04731  1.84785e+00
 52 -0.03505 -1.94649e+01 | 53 -0.01759  2.37213e+01 | 54 -0.00391  2.39358e+01
 55  0.00278 -3.36824e+01 | 56  0.01219 -4.46188e+01 | 57  0.02129  1.16385e+01
 58  0.02836  8.20739e+01 | 59  0.02444  2.80464e+00 | 60  0.02240  1.82132e+01
 61  0.01977  3.58762e+00 | 62  0.01725 -9.15921e-02 | 63  0.01865 -6.10084e+00
 64  0.01871  1.17294e+01 | 65  0.01996 -1.23700e+01 | 66  0.02370  2.46502e+01
 67  0.02445  1.15685e+01 | 68  0.02928  2.03030e+01 | 69  0.02875 -9.58093e+00
 70  0.02924 -1.56251e+01 | 71  0.02653 -4.72616e+00 | 72  0.02277 -1.13450e+01
 73  0.02256  2.74356e+00 |
1 0 19348
1 0 19348
1 0 19348
1 0 19348
1 0 19348
1 0 19348
1 0 19348
1 0 19348
1 0 19348
1 0 19348
73 variables; iteration 140; function evaluation 185; phase 1
Function value   1.9347965e+04; maximum gradient component mag   4.0914e+00
Var   Value    Gradient   |Var   Value    Gradient   |Var   Value    Gradient
  1  0.24022 -2.26152e-01 |  2  0.17777 -2.37137e-02 |  3  0.12621  2.62884e-01
  4  0.08982  2.32967e-01 |  5  0.06387  1.21736e-01 |  6  0.04456  1.10456e-01
  7  0.02960  9.04199e-02 |  8  0.01773  6.03293e-02 |  9  0.00822 -1.28393e-02
 10  0.00062 -2.82766e-02 | 11 -0.00537  1.30616e-02 | 12 -0.00998 -2.21311e-02
 13 -0.01333 -2.51163e-02 | 14 -0.01551  1.03653e-01 | 15 -0.01663 -1.45225e-01
 16  0.06630  4.16870e-01 | 17 -0.00830 -5.88764e-02 | 18 -0.00408  1.01623e+00
 19  0.00093 -1.95931e+00 | 20 -0.00104 -9.01858e-01 | 21 -0.00380 -3.18012e-02
 22  0.00218 -1.06414e+00 | 23 -0.00059  5.40152e-02 | 24 -0.00327 -5.16415e-02
 25 -0.00479 -1.28634e-01 | 26 -0.00021 -3.22686e-01 | 27  0.00061  5.26249e-01
 28  0.00234 -1.64485e-01 | 29 -0.00167  4.64610e-01 | 30  0.00109  3.79978e-01
 31  0.00146  1.67577e-01 | 32  0.00431  5.95776e-01 | 33  0.00436  1.87421e-01
 34  0.00244  6.82458e-01 | 35  0.00191  1.87449e-01 | 36  0.00159 -3.27447e-01
 37 -0.00201  9.51674e-02 | 38  0.00093  1.65641e+00 | 39 -0.00237 -4.37661e-01
 40  0.00211 -8.61332e-01 | 41 -0.00139 -2.10753e-01 | 42 -0.00049 -5.62115e-02
 43  0.00226  4.68613e-01 | 44  0.00549  3.86883e-01 | 45  0.13721  3.08611e+00
 46 -0.06869  2.73819e+00 | 47 -0.06728 -8.97672e-01 | 48 -0.06908  1.04244e+00
 49 -0.05711  7.94950e-01 | 50 -0.04726  4.09139e+00 | 51 -0.04728 -7.11169e-02
 52 -0.03494  2.37609e+00 | 53 -0.01763 -3.48389e+00 | 54 -0.00392  5.94408e-01
 55  0.00292 -3.73002e-01 | 56  0.01230 -2.63985e+00 | 57  0.02132  1.09995e-01
 58  0.02822  8.29374e-01 | 59  0.02451 -2.80236e-01 | 60  0.02237 -4.75397e-01
 61  0.01981  1.98082e-02 | 62  0.01730 -2.25682e-01 | 63  0.01868 -3.96561e+00
 64  0.01870 -1.08931e+00 | 65  0.02005 -1.52113e-01 | 66  0.02369 -1.36183e+00
 67  0.02448 -2.67988e-01 | 68  0.02927 -2.30587e-01 | 69  0.02880  1.31582e+00
 70  0.02928  9.69664e-01 | 71  0.02641  5.28149e-01 | 72  0.02231  2.53134e-01
 73  0.02231 -1.08094e-01 |
1 0 19348
1 0 19348
1 0 19348
1 0 19348
1 0 19348
1 0 19348
1 0 19348
1 0 19348
1 0 19348

 - final statistics:
73 variables; iteration 149; function evaluation 194
Function value   1.9348e+04; maximum gradient component mag   5.5638e-02
Exit code = 1;  converg criter   1.0000e-01
Var   Value    Gradient   |Var   Value    Gradient   |Var   Value    Gradient
  1  0.24023  2.27194e-03 |  2  0.17777 -2.43205e-04 |  3  0.12614 -3.56500e-04
  4  0.08971  1.11048e-03 |  5  0.06376 -9.64950e-04 |  6  0.04445 -5.06962e-04
  7  0.02950  1.24678e-04 |  8  0.01767  1.06207e-04 |  9  0.00820  4.36301e-04
 10  0.00064  1.64084e-03 | 11 -0.00533 -5.54887e-05 | 12 -0.00991 -8.60687e-05
 13 -0.01324 -2.03321e-04 | 14 -0.01542  6.80693e-04 | 15 -0.01649 -1.30539e-03
 16  0.06630 -2.25976e-03 | 17 -0.00831  2.96344e-03 | 18 -0.00407  2.99609e-03
 19  0.00093 -2.48939e-02 | 20 -0.00103  6.78983e-03 | 21 -0.00380  6.99996e-04
 22  0.00219  8.05294e-03 | 23 -0.00059  3.74521e-04 | 24 -0.00326 -1.89326e-03
 25 -0.00479  8.24148e-03 | 26 -0.00021 -3.49395e-04 | 27  0.00061 -8.98337e-03
 28  0.00234  2.08878e-03 | 29 -0.00167  1.54652e-02 | 30  0.00109 -4.74431e-03
 31  0.00146 -1.89476e-02 | 32  0.00431 -8.15189e-03 | 33  0.00436  1.22726e-02
 34  0.00244 -7.92770e-03 | 35  0.00192  2.99245e-03 | 36  0.00159 -1.04173e-02
 37 -0.00201  1.67663e-02 | 38  0.00093 -1.52243e-02 | 39 -0.00237  8.59891e-03
 40  0.00211  5.92306e-03 | 41 -0.00139  4.74882e-03 | 42 -0.00049 -2.02581e-03
 43  0.00226  4.62549e-03 | 44  0.00548  1.51705e-03 | 45  0.13721  5.56377e-02
 46 -0.06870 -1.64888e-02 | 47 -0.06727 -2.18761e-02 | 48 -0.06908 -1.00973e-03
 49 -0.05711 -2.23385e-03 | 50 -0.04727 -1.46655e-02 | 51 -0.04728  3.60457e-03
 52 -0.03495 -1.76568e-02 | 53 -0.01762  9.63138e-03 | 54 -0.00392 -5.36740e-03
 55  0.00292  4.05121e-03 | 56  0.01231  1.10927e-02 | 57  0.02131  2.31295e-02
 58  0.02821 -1.23996e-02 | 59  0.02451  8.75809e-03 | 60  0.02238  1.75105e-03
 61  0.01980  6.03752e-03 | 62  0.01730  5.53948e-03 | 63  0.01869 -1.25702e-02
 64  0.01870 -3.40536e-03 | 65  0.02005  2.10593e-02 | 66  0.02370  6.64307e-03
 67  0.02448  6.12136e-03 | 68  0.02927  9.39782e-03 | 69  0.02880  2.88040e-03
 70  0.02928  2.51491e-03 | 71  0.02641 -5.79186e-03 | 72  0.02231 -3.04076e-03
 73  0.02231 -2.40505e-03 |
1 0 19348
B064189.3
0.3 0.387952
0.33253 0.358064
0.340192 0.351527
0.341676 0.350281
0.341951 0.350052
0.342001 0.350009
0.34201 0.350002
0.342012 0.35
0.342012 0.35
0.342012 0.35
0.342012 0.35
0.342012 0.35
0.342012 0.35
0.342012 0.35
0.342012 0.35
0.342012 0.35
0.342012 0.35
0.342012 0.35
0.342012 0.35
0.342012 0.35
0.342012 0.35
2 0 19348

Initial statistics: 77 variables; iteration 0; function evaluation 0; phase 2
Function value   1.9347965e+04; maximum gradient component mag   5.8557e+02
Var   Value    Gradient   |Var   Value    Gradient   |Var   Value    Gradient
  1 -0.80602  1.41333e+02 |  2 -0.60108  1.89586e+02 |  3  0.24023  2.27194e-03
  4  0.17777 -2.43205e-04 |  5  0.12614 -3.56500e-04 |  6  0.08971  1.11048e-03
  7  0.06376 -9.64950e-04 |  8  0.04445 -5.06962e-04 |  9  0.02950  1.24678e-04
 10  0.01767  1.06207e-04 | 11  0.00820  4.36301e-04 | 12  0.00064  1.64084e-03
 13 -0.00533 -5.54887e-05 | 14 -0.00991 -8.60687e-05 | 15 -0.01324 -2.03321e-04
 16 -0.01542  6.80693e-04 | 17 -0.01649 -1.30539e-03 | 18  0.06630 -2.25976e-03
 19 -0.00831  2.90776e-03 | 20 -0.00407  2.94041e-03 | 21  0.00093 -2.49496e-02
 22 -0.00103  6.73415e-03 | 23 -0.00380  6.44316e-04 | 24  0.00219  7.99726e-03
 25 -0.00059  3.18840e-04 | 26 -0.00326 -1.94894e-03 | 27 -0.00479  8.18580e-03
 28 -0.00021 -4.05076e-04 | 29  0.00061 -9.03905e-03 | 30  0.00234  2.03310e-03
 31 -0.00167  1.54095e-02 | 32  0.00109 -4.79999e-03 | 33  0.00146 -1.90032e-02
 34  0.00431 -8.20757e-03 | 35  0.00436  1.22170e-02 | 36  0.00244 -7.98338e-03
 37  0.00192  2.93677e-03 | 38  0.00159 -1.04730e-02 | 39 -0.00201  1.67106e-02
 40  0.00093 -1.52800e-02 | 41 -0.00237  8.54323e-03 | 42  0.00211  5.86738e-03
 43 -0.00139  4.69314e-03 | 44 -0.00049 -2.08149e-03 | 45  0.00226  4.56981e-03
 46  0.00548  1.46137e-03 | 47  0.13721  5.56377e-02 | 48 -0.06870 -1.65970e-02
 49 -0.06727 -2.19844e-02 | 50 -0.06908 -1.11798e-03 | 51 -0.05711 -2.34231e-03
 52 -0.04727 -1.47741e-02 | 53 -0.04728  3.49598e-03 | 54 -0.03495 -1.77655e-02
 55 -0.01762  9.52253e-03 | 56 -0.00392 -5.47629e-03 | 57  0.00292  3.94232e-03
 58  0.01231  1.09838e-02 | 59  0.02131  2.30207e-02 | 60  0.02821 -1.25084e-02
 61  0.02451  8.64928e-03 | 62  0.02238  1.64223e-03 | 63  0.01980  5.92868e-03
 64  0.01730  5.43063e-03 | 65  0.01869 -1.26791e-02 | 66  0.01870 -3.51420e-03
 67  0.02005  2.09504e-02 | 68  0.02370  6.53425e-03 | 69  0.02448  6.01255e-03
 70  0.02927  9.28905e-03 | 71  0.02880  2.77162e-03 | 72  0.02928  2.40613e-03
 73  0.02641 -5.90066e-03 | 74  0.02231 -3.14958e-03 | 75  0.02231 -2.51387e-03
 76 -0.69992  5.85565e+02 | 77 -0.61866  1.71917e+02 |
2 0 19347.9
2 0 19347.8
2 0 19346.3
2 0 19354.6
2 0 19346.1
2 0 19345.6
2 0 19343.5
2 0 19341.6
2 0 19351.2
2 0 19341.3
2 0 19340.9
2 0 19340.2
2 0 19339
2 0 19337.2
2 0 19335.7

Intermediate statistics: 77 variables; iteration 10; function evaluation 15; phase 2
Function value   1.9335730e+04; maximum gradient component mag   8.0519e+02
Var   Value    Gradient   |Var   Value    Gradient   |Var   Value    Gradient
  1 -0.83097  4.85428e+01 |  2 -0.64086  1.11130e+02 |  3  0.24201 -2.87720e+01
  4  0.17553 -2.25254e+01 |  5  0.12479  2.10569e-02 |  6  0.08902  1.76374e+00
  7  0.06336  1.02640e+00 |  8  0.04418  6.20761e-01 |  9  0.02931  4.23679e-01
 10  0.01752  3.16259e-01 | 11  0.00808  2.51431e-01 | 12  0.00053  2.08999e-01
 13 -0.00542  1.81362e-01 | 14 -0.01000  1.61972e-01 | 15 -0.01332  1.49528e-01
 16 -0.01549  1.41085e-01 | 17 -0.01656  1.38754e-01 | 18  0.05581 -6.72782e+02
 19 -0.00731  2.27196e+02 | 20 -0.00425 -1.49002e+02 | 21  0.00127  2.03110e+02
 22 -0.00141 -2.46489e+02 | 23 -0.00388  1.68629e+02 | 24  0.00287  4.86826e+02
 25 -0.00046 -4.42563e+01 | 26 -0.00264  1.46211e+01 | 27 -0.00427  1.11497e+02
 28  0.00005  1.28044e+02 | 29  0.00051  2.02052e+01 | 30  0.00217  8.13699e+01
 31 -0.00239 -1.67139e+02 | 32  0.00113  1.58974e+02 | 33  0.00128 -2.55942e+01
 34  0.00389 -1.33303e+02 | 35  0.00401  1.19671e+01 | 36  0.00167 -1.21939e+02
 37  0.00120 -9.09957e+01 | 38  0.00097 -1.30098e+02 | 39 -0.00282 -1.35551e+02
 40  0.00046 -2.66608e+00 | 41 -0.00320 -1.97568e+02 | 42  0.00148 -1.69431e+02
 43 -0.00193 -6.47775e+01 | 44 -0.00074 -5.07419e+00 | 45  0.00263  5.70408e-02
 46  0.00967  7.16332e+01 | 47  0.13689  8.05191e+02 | 48 -0.06873 -1.71138e+02
 49 -0.06718 -4.40792e+01 | 50 -0.06855  1.02876e+02 | 51 -0.05654  3.17357e+02
 52 -0.04758 -1.94714e+02 | 53 -0.04698 -1.36708e+02 | 54 -0.03554 -2.83886e+02
 55 -0.01714  8.82931e+01 | 56 -0.00352  4.83132e+01 | 57  0.00334  6.29932e+01
 58  0.01251  4.44803e+00 | 59  0.02183  9.69273e+01 | 60  0.02786 -1.62979e+02
 61  0.02516  1.27422e+02 | 62  0.02217 -9.92763e+01 | 63  0.01995  2.23973e+01
 64  0.01763  4.05748e+01 | 65  0.01840 -1.39358e+02 | 66  0.01868 -4.68847e+01
 67  0.02051  1.30721e+02 | 68  0.02337 -1.20702e+02 | 69  0.02521  2.38136e+02
 70  0.02897 -8.76658e+00 | 71  0.02950  3.28525e+02 | 72  0.02906 -3.76133e+00
 73  0.02609 -6.68286e+00 | 74  0.01957 -1.88250e+02 | 75  0.02144 -2.91537e+01
 76 -0.71296  2.93923e+02 | 77 -0.63982  1.62210e+02 |
2 0 19339.8
2 0 19335.4
2 0 19335.6
2 0 19335.3
2 0 19335.1
2 0 19334.9
2 0 19334.7
2 0 19335.2
2 0 19334.6
2 0 19334.5
2 0 19334.4
2 0 19334.3
2 0 19334.1
77 variables; iteration 20; function evaluation 28; phase 2
Function value   1.9334112e+04; maximum gradient component mag  -4.5024e+02
Var   Value    Gradient   |Var   Value    Gradient   |Var   Value    Gradient
  1 -0.82554  3.62392e+01 |  2 -0.65427  9.24177e+01 |  3  0.23678 -1.39328e+02
  4  0.17716  1.94850e+01 |  5  0.12386 -4.35472e+00 |  6  0.08763 -1.66100e+00
  7  0.06241  1.06086e+00 |  8  0.04355  8.21065e-01 |  9  0.02886  4.41152e-01
 10  0.01718  2.47452e-01 | 11  0.00780  1.52307e-01 | 12  0.00030  1.03376e-01
 13 -0.00563  7.28894e-02 | 14 -0.01018  5.63492e-02 | 15 -0.01349  4.53776e-02
 16 -0.01565  4.04386e-02 | 17 -0.01672  3.60792e-02 | 18  0.05438 -4.50237e+02
 19 -0.00947  2.01822e+02 | 20 -0.00395 -4.07966e+01 | 21  0.00160  3.34771e+02
 22 -0.00146 -3.80723e+02 | 23 -0.00395  5.87851e+01 | 24  0.00280  3.94270e+02
 25  0.00012  3.62608e+01 | 26 -0.00190  1.05050e+02 | 27 -0.00365  1.41938e+02
 28  0.00035  1.52397e+02 | 29  0.00050  1.15411e+01 | 30  0.00180 -2.87104e+01
 31 -0.00237 -1.55324e+02 | 32  0.00114  1.06458e+02 | 33  0.00165  4.33821e+01
 34  0.00443 -1.68760e+01 | 35  0.00439  3.11416e+01 | 36  0.00215 -3.84274e+01
 37  0.00149 -2.50557e+01 | 38  0.00093 -1.44698e+02 | 39 -0.00301 -2.11902e+02
 40  0.00007 -1.24571e+02 | 41 -0.00336 -2.31078e+02 | 42  0.00144 -1.95095e+02
 43 -0.00180 -6.53461e+01 | 44 -0.00055  2.35761e+01 | 45  0.00256  2.33833e+01
 46  0.00809 -5.33056e+00 | 47  0.13683  3.67757e+02 | 48 -0.06888 -1.93757e+02
 49 -0.06709 -9.89356e+01 | 50 -0.06859  7.10734e+00 | 51 -0.05651  3.55237e+02
 52 -0.04734 -9.82032e+00 | 53 -0.04738 -1.20131e+02 | 54 -0.03541 -1.67762e+02
 55 -0.01724  7.22801e+01 | 56 -0.00324  1.30046e+02 | 57  0.00353  9.83001e+01
 58  0.01260 -1.54193e-01 | 59  0.02145 -3.87134e+01 | 60  0.02784 -2.14739e+02
 61  0.02485  1.90984e+01 | 62  0.02236 -7.08508e+01 | 63  0.02012  4.96897e+01
 64  0.01770  6.75964e+01 | 65  0.01872 -6.85869e+01 | 66  0.01879 -6.55205e+01
 67  0.02044  5.92595e+01 | 68  0.02348 -9.88098e+01 | 69  0.02484  1.26230e+02
 70  0.02890 -4.67769e+01 | 71  0.02928  2.33225e+02 | 72  0.02916  1.75707e-01
 73  0.02635  3.63972e+00 | 74  0.02053 -9.03002e+01 | 75  0.02013 -2.33902e+01
 76 -0.71096  1.57031e+02 | 77 -0.65165  9.75940e+01 |
2 0 19333.8
2 0 19333.9
2 0 19333.6
2 0 19333.5
2 0 19333.5
2 0 19333.5
2 0 19333.4
2 0 19333.4
2 0 19333.3
2 0 19333.2
2 0 19333.1
2 0 19332.3
77 variables; iteration 30; function evaluation 40; phase 2
Function value   1.9332341e+04; maximum gradient component mag   5.1298e+02
Var   Value    Gradient   |Var   Value    Gradient   |Var   Value    Gradient
  1 -0.79096  1.79475e+01 |  2 -0.69227  5.08822e+01 |  3  0.24063 -2.53269e+01
  4  0.17912  4.97295e+01 |  5  0.12074 -2.88925e+01 |  6  0.08707  1.48073e+01
  7  0.05994 -3.04018e+00 |  8  0.04058 -2.95137e+00 |  9  0.02662  1.29984e+00
 10  0.01556  1.63555e+00 | 11  0.00656  1.19826e+00 | 12 -0.00071  8.89349e-01
 13 -0.00649  7.21314e-01 | 14 -0.01094  6.17044e-01 | 15 -0.01419  5.54351e-01
 16 -0.01631  5.12332e-01 | 17 -0.01736  5.03967e-01 | 18  0.05444 -2.68634e+02
 19 -0.00868  8.67178e+01 | 20 -0.00462 -1.91337e+02 | 21  0.00122  3.46295e+02
 22 -0.00183 -3.36456e+02 | 23 -0.00470 -1.48584e+02 | 24  0.00240  3.61608e+02
 25 -0.00001  1.01274e+02 | 26 -0.00259 -1.93082e+02 | 27 -0.00335  3.12393e+02
 28  0.00100  2.88032e+02 | 29  0.00123  6.79174e+01 | 30  0.00258  1.78586e+02
 31 -0.00192 -9.58512e+00 | 32  0.00099 -7.33077e+00 | 33  0.00157  5.45589e+01
 34  0.00435 -1.36122e+01 | 35  0.00437  5.50393e+01 | 36  0.00226  4.41407e+01
 37  0.00162  1.08106e+02 | 38  0.00068 -2.17426e+02 | 39 -0.00332 -3.02941e+02
 40  0.00000 -4.33564e+01 | 41 -0.00360 -3.89629e+02 | 42  0.00156 -5.57444e+01
 43 -0.00197 -1.06344e+02 | 44 -0.00070 -2.78584e+01 | 45  0.00262  4.04630e+01
 46  0.00882 -1.31355e+01 | 47  0.13681  5.12975e+02 | 48 -0.06892 -1.44917e+02
 49 -0.06728 -8.35602e+01 | 50 -0.06858 -1.46742e+01 | 51 -0.05664  2.32944e+02
 52 -0.04751 -3.68165e+01 | 53 -0.04759 -1.92609e+02 | 54 -0.03535 -1.89877e+02
 55 -0.01738  2.34329e+02 | 56 -0.00356  6.02852e+01 | 57  0.00350  1.07192e+02
 58  0.01284  1.06431e+02 | 59  0.02149 -1.14258e+02 | 60  0.02788 -3.08958e+02
 61  0.02494  6.49975e+01 | 62  0.02233 -6.52473e+01 | 63  0.02013  6.18483e+01
 64  0.01764  4.50107e+01 | 65  0.01872 -1.40277e+02 | 66  0.01881 -1.53772e+02
 67  0.02034  1.10220e+01 | 68  0.02340 -1.27692e+02 | 69  0.02469  7.39459e+01
 70  0.02908  5.29027e+01 | 71  0.02930  2.15761e+02 | 72  0.02910  4.91804e+00
 73  0.02631  4.40682e+01 | 74  0.02018 -6.62792e+01 | 75  0.02112 -3.21517e+01
 76 -0.71163  5.78875e+01 | 77 -0.65371  5.06159e+01 |
2 0 19333.3
2 0 19332
2 0 19331.8
2 0 19333.8
2 0 19331.8
2 0 19331.7
2 0 19331.7
2 0 19331.6
2 0 19331.7
2 0 19331.5
2 0 19331.6
2 0 19331.5
2 0 19331.5
2 0 19331.5
2 0 19331.5
77 variables; iteration 40; function evaluation 55; phase 2
Function value   1.9331527e+04; maximum gradient component mag   9.5894e+02
Var   Value    Gradient   |Var   Value    Gradient   |Var   Value    Gradient
  1 -0.77089  6.89730e-01 |  2 -0.71719  7.01216e+00 |  3  0.24039 -9.54704e-01
  4  0.17894  5.43819e+01 |  5  0.12125 -2.04382e+01 |  6  0.08650  1.24097e+01
  7  0.05920 -1.33730e+00 |  8  0.03921 -4.64211e+00 |  9  0.02509 -2.89070e-01
 10  0.01431  1.55598e+00 | 11  0.00561  1.54601e+00 | 12 -0.00146  1.18099e+00
 13 -0.00712  9.25894e-01 | 14 -0.01149  7.72107e-01 | 15 -0.01469  6.80594e-01
 16 -0.01679  6.25259e-01 | 17 -0.01782  6.11385e-01 | 18  0.05506 -2.44379e+02
 19 -0.00948  3.84082e+01 | 20 -0.00477 -1.91108e+02 | 21  0.00140  3.80437e+02
 22 -0.00113 -2.22447e+02 | 23 -0.00423 -9.11850e+01 | 24  0.00258  4.09871e+02
 25  0.00000  4.66401e+01 | 26 -0.00242 -9.75257e+01 | 27 -0.00345  3.60501e+02
 28  0.00039  1.25492e+02 | 29  0.00061  1.30504e+01 | 30  0.00200  4.04736e+01
 31 -0.00212 -6.20914e+01 | 32  0.00112  1.41754e+02 | 33  0.00159  5.30708e+01
 34  0.00436 -2.83916e+01 | 35  0.00430  5.77702e+01 | 36  0.00203 -1.76706e+01
 37  0.00124 -6.76844e+01 | 38  0.00072 -1.95073e+02 | 39 -0.00299 -1.62347e+02
 40  0.00017 -2.00696e+01 | 41 -0.00352 -3.22400e+02 | 42  0.00141 -1.12634e+02
 43 -0.00199 -8.71299e+01 | 44 -0.00070 -3.47976e+01 | 45  0.00276 -8.37149e+00
 46  0.01006  3.53341e+01 | 47  0.13677  9.58945e+02 | 48 -0.06919 -2.18644e+02
 49 -0.06751 -1.46082e+02 | 50 -0.06887 -8.54566e+01 | 51 -0.05631  3.12246e+02
 52 -0.04728  6.44782e+00 | 53 -0.04756 -1.75647e+02 | 54 -0.03521 -1.17568e+02
 55 -0.01724  1.95375e+02 | 56 -0.00353 -4.80566e+01 | 57  0.00355  8.86720e+01
 58  0.01259 -5.09631e+00 | 59  0.02135 -1.26151e+02 | 60  0.02794 -2.84579e+02
 61  0.02477 -4.49554e+01 | 62  0.02245 -4.15217e+01 | 63  0.02027  1.00040e+02
 64  0.01769  6.36162e+01 | 65  0.01881 -5.20081e+01 | 66  0.01873 -5.44424e+01
 67  0.02042  9.53479e+01 | 68  0.02353 -1.05643e+02 | 69  0.02491  1.25868e+02
 70  0.02904  1.02592e+01 | 71  0.02926  1.96835e+02 | 72  0.02909  1.57834e+00
 73  0.02618  5.05335e+01 | 74  0.01971 -3.75696e+01 | 75  0.02146 -4.87733e+01
 76 -0.71310  7.41472e+01 | 77 -0.64680  6.04335e+01 |
2 0 19331.5
2 0 19331.5
2 0 19331.5
2 0 19331.5
2 0 19331.5
2 0 19331.5
2 0 19331.5
2 0 19331.5
2 0 19331.5
2 0 19331.5
2 0 19331.5
2 0 19331.5
2 0 19331.5
77 variables; iteration 50; function evaluation 68; phase 2
Function value   1.9331516e+04; maximum gradient component mag   9.6335e+02
Var   Value    Gradient   |Var   Value    Gradient   |Var   Value    Gradient
  1 -0.77065  5.96143e-01 |  2 -0.71746  6.71632e+00 |  3  0.24026 -2.57622e+00
  4  0.17862  5.22501e+01 |  5  0.12075 -2.45791e+01 |  6  0.08677  1.51005e+01
  7  0.05944 -1.88539e+00 |  8  0.03959 -3.44443e+00 |  9  0.02527  1.06832e-01
 10  0.01417  8.01265e-01 | 11  0.00536  9.90442e-01 | 12 -0.00169  1.03957e+00
 13 -0.00730  9.21661e-01 | 14 -0.01164  7.72726e-01 | 15 -0.01482  6.70765e-01
 16 -0.01690  6.08266e-01 | 17 -0.01793  5.90712e-01 | 18  0.05506 -2.45949e+02
 19 -0.00958  4.57796e+01 | 20 -0.00479 -1.96327e+02 | 21  0.00138  3.79757e+02
 22 -0.00114 -2.18142e+02 | 23 -0.00421 -8.29299e+01 | 24  0.00261  4.19182e+02
 25  0.00004  5.61333e+01 | 26 -0.00240 -8.91614e+01 | 27 -0.00346  3.60736e+02
 28  0.00040  1.32245e+02 | 29  0.00064  2.63624e+01 | 30  0.00201  4.39994e+01
 31 -0.00212 -6.01928e+01 | 32  0.00113  1.46349e+02 | 33  0.00161  6.16937e+01
 34  0.00438 -1.61423e+01 | 35  0.00429  5.39773e+01 | 36  0.00202 -1.89588e+01
 37  0.00124 -6.06301e+01 | 38  0.00073 -1.89788e+02 | 39 -0.00296 -1.45869e+02
 40  0.00018 -1.04100e+01 | 41 -0.00355 -3.31122e+02 | 42  0.00140 -1.14398e+02
 43 -0.00197 -7.98058e+01 | 44 -0.00067 -2.60546e+01 | 45  0.00282  7.57295e+00
 46  0.01018  4.14290e+01 | 47  0.13673  9.63353e+02 | 48 -0.06914 -2.10789e+02
 49 -0.06749 -1.42119e+02 | 50 -0.06885 -8.49063e+01 | 51 -0.05630  3.10144e+02
 52 -0.04726  7.00246e+00 | 53 -0.04753 -1.74675e+02 | 54 -0.03516 -1.10821e+02
 55 -0.01720  1.96886e+02 | 56 -0.00352 -5.22905e+01 | 57  0.00357  8.33281e+01
 58  0.01263 -7.78501e+00 | 59  0.02139 -1.25009e+02 | 60  0.02795 -2.87799e+02
 61  0.02479 -4.72304e+01 | 62  0.02247 -4.52522e+01 | 63  0.02030  9.92133e+01
 64  0.01773  7.10844e+01 | 65  0.01883 -4.88824e+01 | 66  0.01875 -5.61747e+01
 67  0.02044  9.19228e+01 | 68  0.02356 -1.11201e+02 | 69  0.02493  1.19241e+02
 70  0.02905  9.94057e+00 | 71  0.02928  1.98994e+02 | 72  0.02912  4.34525e+00
 73  0.02621  5.46259e+01 | 74  0.01970 -3.48402e+01 | 75  0.02078 -5.29573e+01
 76 -0.71314  7.53167e+01 | 77 -0.64663  6.10641e+01 |
2 0 19331.5
2 0 19331.5
2 0 19331.5
2 0 19331.5
2 0 19331.5
2 0 19331.5
2 0 19331.5
2 0 19331.5
2 0 19331.5
2 0 19331.5
2 0 19331.5
2 0 19331.5
2 0 19331.5
2 0 19331.5
2 0 19331.5
77 variables; iteration 60; function evaluation 83; phase 2
Function value   1.9331507e+04; maximum gradient component mag   9.5772e+02
Var   Value    Gradient   |Var   Value    Gradient   |Var   Value    Gradient
  1 -0.77050  4.66539e-01 |  2 -0.71758  6.33773e+00 |  3  0.24031 -3.37607e+00
  4  0.17875  5.22980e+01 |  5  0.12117 -2.38158e+01 |  6  0.08750  1.65842e+01
  7  0.06025 -1.06542e+00 |  8  0.04038 -6.82899e-01 |  9  0.02532 -3.67975e+00
 10  0.01462  6.45627e+00 | 11  0.00455 -2.20099e+00 | 12 -0.00283  1.28387e+00
 13 -0.00889 -3.96259e-01 | 14 -0.01333 -3.30934e-01 | 15 -0.01634  5.52850e-01
 16 -0.01825  7.86263e-01 | 17 -0.01919  7.70839e-01 | 18  0.05507 -2.42075e+02
 19 -0.00951  4.67089e+01 | 20 -0.00479 -1.90811e+02 | 21  0.00136  3.72495e+02
 22 -0.00114 -2.18210e+02 | 23 -0.00421 -8.23112e+01 | 24  0.00259  4.10973e+02
 25  0.00004  6.05936e+01 | 26 -0.00240 -8.75333e+01 | 27 -0.00348  3.58872e+02
 28  0.00039  1.32191e+02 | 29  0.00063  2.00462e+01 | 30  0.00201  4.10557e+01
 31 -0.00211 -5.30376e+01 | 32  0.00113  1.50535e+02 | 33  0.00160  5.88259e+01
 34  0.00439 -1.31145e+01 | 35  0.00428  5.03118e+01 | 36  0.00202 -1.51166e+01
 37  0.00123 -5.26113e+01 | 38  0.00068 -2.16333e+02 | 39 -0.00296 -1.34769e+02
 40  0.00017 -1.26935e+01 | 41 -0.00354 -3.29888e+02 | 42  0.00143 -1.07778e+02
 43 -0.00197 -9.16899e+01 | 44 -0.00063  7.84955e+00 | 45  0.00278 -1.46019e+01
 46  0.01017  4.44135e+01 | 47  0.13673  9.57715e+02 | 48 -0.06914 -2.13088e+02
 49 -0.06750 -1.48544e+02 | 50 -0.06886 -8.42794e+01 | 51 -0.05630  3.10931e+02
 52 -0.04725  1.20884e+01 | 53 -0.04754 -1.70172e+02 | 54 -0.03518 -1.13968e+02
 55 -0.01720  1.96771e+02 | 56 -0.00354 -5.77430e+01 | 57  0.00355  7.91479e+01
 58  0.01263 -1.47732e+00 | 59  0.02139 -1.17222e+02 | 60  0.02795 -2.88628e+02
 61  0.02478 -4.71994e+01 | 62  0.02246 -4.53831e+01 | 63  0.02032  1.06608e+02
 64  0.01772  6.97672e+01 | 65  0.01882 -5.71267e+01 | 66  0.01874 -6.03130e+01
 67  0.02044  1.00166e+02 | 68  0.02353 -1.19907e+02 | 69  0.02492  1.16427e+02
 70  0.02905  1.05103e+01 | 71  0.02928  2.05130e+02 | 72  0.02914  1.30821e+01
 73  0.02620  4.38372e+01 | 74  0.01971 -3.04205e+01 | 75  0.02091 -5.18483e+01
 76 -0.71311  7.31624e+01 | 77 -0.64679  5.99617e+01 |
2 0 19331.5
2 0 19331.5
2 0 19331.5
2 0 19331.5
2 0 19331.5
2 0 19331.5
2 0 19331.5
2 0 19331.5
2 0 19331.5
2 0 19331.5
2 0 19331.5
2 0 19331.5
2 0 19331.5
2 0 19331.5
77 variables; iteration 70; function evaluation 97; phase 2
Function value   1.9331482e+04; maximum gradient component mag   9.4980e+02
Var   Value    Gradient   |Var   Value    Gradient   |Var   Value    Gradient
  1 -0.77059  5.51356e-01 |  2 -0.71753  6.59939e+00 |  3  0.24046 -1.74742e+00
  4  0.17900  5.33133e+01 |  5  0.12126 -2.30465e+01 |  6  0.08712  1.50786e+01
  7  0.05967 -2.10359e+00 |  8  0.03976 -6.70896e-04 |  9  0.02435 -4.37433e+00
 10  0.01341  3.36891e+00 | 11  0.00394  2.93832e+00 | 12 -0.00444 -3.34068e-01
 13 -0.01109  1.27315e+00 | 14 -0.01671 -2.41450e+00 | 15 -0.02038 -1.28496e+00
 16 -0.02254 -4.30802e-01 | 17 -0.02348  3.55777e-01 | 18  0.05507 -2.42158e+02
 19 -0.00947  4.46973e+01 | 20 -0.00477 -1.87505e+02 | 21  0.00136  3.71168e+02
 22 -0.00115 -2.16863e+02 | 23 -0.00421 -8.19315e+01 | 24  0.00258  4.08262e+02
 25  0.00003  6.13048e+01 | 26 -0.00241 -8.80324e+01 | 27 -0.00348  3.58421e+02
 28  0.00037  1.27423e+02 | 29  0.00063  2.00295e+01 | 30  0.00203  4.60915e+01
 31 -0.00213 -5.65327e+01 | 32  0.00112  1.49772e+02 | 33  0.00160  5.74835e+01
 34  0.00438 -1.30482e+01 | 35  0.00427  4.81190e+01 | 36  0.00204 -8.40385e+00
 37  0.00124 -5.28864e+01 | 38  0.00067 -2.16159e+02 | 39 -0.00295 -1.32454e+02
 40  0.00019 -9.01885e+00 | 41 -0.00354 -3.30663e+02 | 42  0.00141 -1.09259e+02
 43 -0.00198 -9.06516e+01 | 44 -0.00065 -4.26993e-01 | 45  0.00279 -9.56345e+00
 46  0.01022  4.40633e+01 | 47  0.13672  9.49800e+02 | 48 -0.06911 -2.10719e+02
 49 -0.06748 -1.47063e+02 | 50 -0.06884 -8.23163e+01 | 51 -0.05630  3.08416e+02
 52 -0.04724  1.18445e+01 | 53 -0.04753 -1.70228e+02 | 54 -0.03516 -1.12877e+02
 55 -0.01719  1.92852e+02 | 56 -0.00351 -5.26177e+01 | 57  0.00355  7.63184e+01
 58  0.01263 -3.51003e+00 | 59  0.02143 -1.09848e+02 | 60  0.02794 -2.93112e+02
 61  0.02479 -4.75072e+01 | 62  0.02250 -3.66291e+01 | 63  0.02031  9.95519e+01
 64  0.01771  6.50783e+01 | 65  0.01886 -4.95902e+01 | 66  0.01876 -5.70160e+01
 67  0.02042  9.06609e+01 | 68  0.02356 -1.15312e+02 | 69  0.02495  1.21123e+02
 70  0.02906  7.33172e+00 | 71  0.02930  2.03547e+02 | 72  0.02915  1.23841e+01
 73  0.02619  3.96071e+01 | 74  0.01970 -2.86053e+01 | 75  0.02058 -5.33400e+01
 76 -0.71310  7.32719e+01 | 77 -0.64684  6.00422e+01 |
2 0 19331.5
2 0 19331.5
2 0 19331.5
2 0 19331.5
2 0 19331.4
2 0 19331.4
2 0 19331.3
2 0 19331.2
2 0 19330.3
2 0 19329.5
2 0 19329.5
77 variables; iteration 80; function evaluation 108; phase 2
Function value   1.9329461e+04; maximum gradient component mag  -1.8615e+02
Var   Value    Gradient   |Var   Value    Gradient   |Var   Value    Gradient
  1 -0.75712 -3.32625e+00 |  2 -0.72411 -4.70631e+00 |  3  0.23966 -3.29256e+00
  4  0.17404 -1.24982e-01 |  5  0.12139  8.13690e-02 |  6  0.08456 -2.33151e-01
  7  0.05844 -1.70437e-01 |  8  0.03905 -2.00227e-01 |  9  0.02413  2.76021e-01
 10  0.01225 -2.49563e-03 | 11  0.00275 -1.30359e-01 | 12 -0.00480  4.94875e-03
 13 -0.01075  8.65665e-02 | 14 -0.01533 -7.24174e-02 | 15 -0.01863  8.18287e-02
 16 -0.02079  5.55383e-03 | 17 -0.02185  8.29780e-02 | 18  0.05526  9.66551e+01
 19 -0.01008 -1.08555e+01 | 20 -0.00444  1.57812e+01 | 21  0.00063 -9.56441e+00
 22 -0.00115 -4.03032e+00 | 23 -0.00400 -3.98034e-01 | 24  0.00178 -1.09090e+01
 25 -0.00060 -1.18676e+01 | 26 -0.00317 -6.79287e+00 | 27 -0.00489 -1.60487e+01
 28 -0.00050 -3.35267e+00 | 29  0.00039 -2.99476e+00 | 30  0.00213 -3.16235e+00
 31 -0.00183  2.74153e+00 | 32  0.00070  3.07714e+00 | 33  0.00116  3.81410e+00
 34  0.00404  6.78218e+00 | 35  0.00401  4.30109e+00 | 36  0.00217  2.79668e+00
 37  0.00165  6.85882e+00 | 38  0.00138  8.76489e+00 | 39 -0.00215  2.73882e+00
 40  0.00065  1.95288e+00 | 41 -0.00248  1.00881e+01 | 42  0.00189  8.84595e+00
 43 -0.00160  6.54654e+00 | 44 -0.00051  6.56392e+00 | 45  0.00306  5.07417e+00
 46  0.01177 -2.14322e+01 | 47  0.13657 -1.86149e+02 | 48 -0.06847  1.56844e+01
 49 -0.06706  3.06065e+00 | 50 -0.06891  4.82294e+00 | 51 -0.05684 -5.16051e+00
 52 -0.04688  5.77480e-01 | 53 -0.04725  1.11281e+01 | 54 -0.03473  1.44442e+01
 55 -0.01727  6.50017e+00 | 56 -0.00351  1.02248e+01 | 57  0.00314  2.76364e+00
 58  0.01254  5.91881e+00 | 59  0.02159  8.64108e+00 | 60  0.02874  4.78956e+00
 61  0.02472 -4.92752e+00 | 62  0.02255 -7.97343e+00 | 63  0.02006 -1.24180e+01
 64  0.01750 -7.93892e+00 | 65  0.01896 -3.37004e+00 | 66  0.01896 -2.22249e+00
 67  0.02033 -6.22986e+00 | 68  0.02409  3.55880e-01 | 69  0.02466 -6.24601e+00
 70  0.02962 -5.05539e+00 | 71  0.02911 -1.27709e+01 | 72  0.02944 -7.38419e+00
 73  0.02610 -9.24910e+00 | 74  0.01918  8.01998e+00 | 75  0.01918  9.61719e+00
 76 -0.70673 -7.42619e+01 | 77 -0.66426 -2.02510e+01 |
2 0 19329.4
2 0 19329.3
2 0 19329.2
2 0 19329.2
2 0 19329.2
2 0 19329.1
2 0 19329.1
2 0 19329.1
2 0 19329.1
2 0 19329.1
2 0 19329.1
77 variables; iteration 90; function evaluation 119; phase 2
Function value   1.9329118e+04; maximum gradient component mag  -2.9988e+01
Var   Value    Gradient   |Var   Value    Gradient   |Var   Value    Gradient
  1 -0.72159 -6.24324e-01 |  2 -0.73712 -8.16875e-01 |  3  0.23962 -6.28260e-01
  4  0.17419 -5.04349e-02 |  5  0.12152 -7.28756e-02 |  6  0.08473  4.06868e-03
  7  0.05861 -1.40545e-02 |  8  0.03920 -1.85323e-02 |  9  0.02420  4.57211e-03
 10  0.01232 -3.63050e-03 | 11  0.00283 -2.72941e-03 | 12 -0.00476  5.59699e-03
 13 -0.01074  5.70255e-03 | 14 -0.01534 -3.51758e-03 | 15 -0.01868  2.75994e-03
 16 -0.02086 -5.05783e-04 | 17 -0.02194 -4.41226e-04 | 18  0.05530  1.43703e+01
 19 -0.01009 -1.17036e+00 | 20 -0.00447  1.08903e+00 | 21  0.00065 -1.39712e-01
 22 -0.00114 -9.82651e-01 | 23 -0.00399 -1.90834e-01 | 24  0.00182 -8.27357e-02
 25 -0.00057 -1.36113e+00 | 26 -0.00312 -1.23210e+00 | 27 -0.00482 -8.45767e-01
 28 -0.00046 -2.23848e-01 | 29  0.00040 -3.68696e-01 | 30  0.00213 -2.85903e-01
 31 -0.00184  2.85738e-01 | 32  0.00071  1.00488e+00 | 33  0.00116  7.43514e-01
 34  0.00404  9.39829e-01 | 35  0.00401  6.08101e-01 | 36  0.00216  2.94482e-01
 37  0.00162  6.05799e-01 | 38  0.00135  3.89681e-01 | 39 -0.00218  1.40076e-01
 40  0.00064  9.92239e-02 | 41 -0.00252  5.97131e-01 | 42  0.00187  7.74128e-01
 43 -0.00162  6.97138e-01 | 44 -0.00053  1.02890e+00 | 45  0.00306  9.42297e-01
 46  0.01175 -3.51839e+00 | 47  0.13656 -2.99879e+01 | 48 -0.06851  8.30089e-01
 49 -0.06708 -2.40892e-03 | 50 -0.06891  4.84790e-01 | 51 -0.05682  3.71556e-02
 52 -0.04689  1.64333e-01 | 53 -0.04726  9.30757e-01 | 54 -0.03475  1.73402e+00
 55 -0.01727  1.32201e+00 | 56 -0.00352  9.68587e-01 | 57  0.00315  6.65870e-01
 58  0.01254  8.94451e-01 | 59  0.02159  8.01427e-01 | 60  0.02871 -4.41555e-01
 61  0.02472 -9.11493e-01 | 62  0.02256 -1.10748e+00 | 63  0.02007 -1.16676e+00
 64  0.01750 -6.57735e-01 | 65  0.01896 -3.91023e-01 | 66  0.01895 -3.75347e-01
 67  0.02033 -4.62863e-01 | 68  0.02408 -2.15529e-01 | 69  0.02468 -5.12892e-01
 70  0.02960 -5.69026e-01 | 71  0.02912 -1.20221e+00 | 72  0.02944 -1.07424e+00
 73  0.02610 -1.39713e+00 | 74  0.01921  8.51806e-01 | 75  0.01921  1.48545e+00
 76 -0.68046 -1.70601e+01 | 77 -0.72725 -6.00112e+00 |
2 0 19329.1
2 0 19329.1
2 0 19329.1
2 0 19329.1
2 0 19329.1
2 0 19329.1
2 0 19329.1
2 0 19329.1
2 0 19329.1
2 0 19329.1
2 0 19329.1
2 0 19329.1
77 variables; iteration 100; function evaluation 131; phase 2
Function value   1.9329115e+04; maximum gradient component mag   1.7395e+00
Var   Value    Gradient   |Var   Value    Gradient   |Var   Value    Gradient
  1 -0.69660  1.37746e-01 |  2 -0.74821  2.94441e-01 |  3  0.23962 -2.94510e-03
  4  0.17418 -6.66506e-03 |  5  0.12152 -6.80887e-03 |  6  0.08473 -1.49305e-03
  7  0.05861 -1.64384e-03 |  8  0.03920 -1.50667e-03 |  9  0.02419 -7.20361e-04
 10  0.01232 -7.39345e-04 | 11  0.00282 -4.13128e-04 | 12 -0.00477 -1.41938e-05
 13 -0.01076 -5.47754e-05 | 14 -0.01535 -4.11065e-04 | 15 -0.01869 -2.38578e-04
 16 -0.02087 -3.25845e-04 | 17 -0.02195 -4.31226e-04 | 18  0.05524 -4.06255e-01
 19 -0.01009  6.34525e-02 | 20 -0.00447 -2.80094e-02 | 21  0.00065 -3.13005e-02
 22 -0.00114  4.36127e-02 | 23 -0.00399  1.78676e-02 | 24  0.00182 -3.95844e-02
 25 -0.00057  3.23141e-02 | 26 -0.00312  3.08923e-02 | 27 -0.00482  5.51694e-03
 28 -0.00046  7.87821e-04 | 29  0.00040  1.59994e-02 | 30  0.00213  1.61888e-02
 31 -0.00184  1.12713e-02 | 32  0.00071 -5.62342e-02 | 33  0.00116 -3.53833e-02
 34  0.00404 -2.06226e-02 | 35  0.00401 -2.25883e-02 | 36  0.00215  5.16083e-04
 37  0.00162 -6.53136e-03 | 38  0.00135 -1.09978e-03 | 39 -0.00218  1.22239e-02
 40  0.00064 -1.90975e-02 | 41 -0.00253  2.40529e-02 | 42  0.00186 -1.53113e-02
 43 -0.00162 -1.00081e-02 | 44 -0.00053 -3.62518e-02 | 45  0.00306 -5.71019e-02
 46  0.01177  1.00320e-01 | 47  0.13656 -4.95727e-01 | 48 -0.06851 -2.11877e-02
 49 -0.06708  6.08993e-03 | 50 -0.06891 -4.83012e-03 | 51 -0.05681 -3.80150e-02
 52 -0.04689  3.21306e-03 | 53 -0.04726 -2.03913e-02 | 54 -0.03475 -2.80548e-02
 55 -0.01727 -4.91436e-02 | 56 -0.00352 -1.84488e-02 | 57  0.00315 -2.74256e-02
 58  0.01254 -2.16968e-02 | 59  0.02159 -1.25128e-02 | 60  0.02871  2.68182e-02
 61  0.02473  2.53383e-02 | 62  0.02256  1.71949e-02 | 63  0.02007  2.26911e-02
 64  0.01751  6.97968e-03 | 65  0.01896  1.78468e-02 | 66  0.01895  1.39366e-02
 67  0.02034 -1.29138e-03 | 68  0.02408  1.65574e-02 | 69  0.02468 -1.58851e-02
 70  0.02960  1.05089e-02 | 71  0.02912  1.15856e-02 | 72  0.02944  3.13641e-02
 73  0.02610  5.15604e-02 | 74  0.01920 -3.39062e-03 | 75  0.01920  2.60884e-02
 76 -0.67670  1.73948e+00 | 77 -0.73821  5.84477e-01 |
2 0 19329.1
2 0 19329.1
2 0 19329.1
2 0 19329.1
2 0 19329.1
2 0 19329.1
2 0 19329.1
2 0 19329.1
2 0 19329.1
2 0 19329.1
77 variables; iteration 110; function evaluation 141; phase 2
Function value   1.9329115e+04; maximum gradient component mag   5.0779e-02
Var   Value    Gradient   |Var   Value    Gradient   |Var   Value    Gradient
  1 -0.69026  4.79199e-03 |  2 -0.75128  9.93142e-03 |  3  0.23962  1.50670e-03
  4  0.17418  1.31369e-05 |  5  0.12152  1.30278e-04 |  6  0.08473 -3.96093e-05
  7  0.05861  4.82221e-06 |  8  0.03920  1.69878e-05 |  9  0.02419 -1.17264e-05
 10  0.01232  5.88117e-07 | 11  0.00282 -6.67394e-06 | 12 -0.00477 -2.21537e-05
 13 -0.01076 -1.86879e-05 | 14 -0.01535  5.79443e-07 | 15 -0.01869 -7.71713e-06
 16 -0.02087 -2.29064e-06 | 17 -0.02195  1.85445e-06 | 18  0.05524 -2.72511e-02
 19 -0.01009  1.31669e-03 | 20 -0.00447 -1.37752e-03 | 21  0.00065  1.63444e-04
 22 -0.00114  1.95516e-03 | 23 -0.00399  4.47934e-04 | 24  0.00182 -1.71634e-04
 25 -0.00057  2.53669e-03 | 26 -0.00312  2.25381e-03 | 27 -0.00482  1.43037e-03
 28 -0.00046  2.63520e-05 | 29  0.00040  6.41848e-04 | 30  0.00213  4.11332e-04
 31 -0.00184 -5.60619e-04 | 32  0.00071 -1.93077e-03 | 33  0.00116 -1.40870e-03
 34  0.00404 -1.50425e-03 | 35  0.00401 -1.52086e-03 | 36  0.00215 -5.98622e-04
 37  0.00162 -1.24897e-03 | 38  0.00135 -6.10936e-04 | 39 -0.00218  2.19264e-05
 40  0.00064 -2.47018e-04 | 41 -0.00253 -6.35902e-04 | 42  0.00186 -1.11691e-03
 43 -0.00162 -1.12377e-03 | 44 -0.00053 -1.23574e-03 | 45  0.00306 -7.31572e-04
 46  0.01177  5.06642e-03 | 47  0.13656  1.43035e-02 | 48 -0.06851 -5.60132e-04
 49 -0.06708  7.75756e-05 | 50 -0.06891 -9.59620e-04 | 51 -0.05681 -1.76888e-04
 52 -0.04689  4.58375e-05 | 53 -0.04726 -1.94953e-03 | 54 -0.03475 -2.53816e-03
 55 -0.01727 -2.09628e-03 | 56 -0.00352 -1.47941e-03 | 57  0.00315 -1.06283e-03
 58  0.01254 -1.37659e-03 | 59  0.02159 -1.05693e-03 | 60  0.02871  1.40670e-03
 61  0.02473  1.12351e-03 | 62  0.02256  1.36501e-03 | 63  0.02007  1.98270e-03
 64  0.01751  9.79817e-04 | 65  0.01896  8.39407e-04 | 66  0.01895  4.70142e-04
 67  0.02034  5.72613e-04 | 68  0.02408  6.81818e-04 | 69  0.02468  8.19098e-04
 70  0.02960  8.92253e-04 | 71  0.02912  1.89317e-03 | 72  0.02944  1.24655e-03
 73  0.02610  1.34717e-03 | 74  0.01920 -3.07755e-03 | 75  0.01920 -7.72045e-04
 76 -0.67608  5.07790e-02 | 77 -0.74005  1.69289e-02 |
2 0 19329.1
2 0 19329.1
2 0 19329.1
2 0 19329.1
2 0 19329.1
2 0 19329.1
2 0 19329.1
2 0 19329.1
2 0 19329.1
2 0 19329.1
2 0 19329.1
77 variables; iteration 120; function evaluation 152; phase 2
Function value   1.9329115e+04; maximum gradient component mag   2.2683e-02
Var   Value    Gradient   |Var   Value    Gradient   |Var   Value    Gradient
  1 -0.68799  3.90947e-03 |  2 -0.75239  7.92967e-03 |  3  0.23962  2.69044e-04
  4  0.17418 -5.35347e-05 |  5  0.12152 -2.89246e-05 |  6  0.08473 -2.48516e-05
  7  0.05861 -1.52916e-05 |  8  0.03920 -1.05591e-05 |  9  0.02419 -8.92332e-06
 10  0.01232 -6.87019e-06 | 11  0.00282 -6.35172e-06 | 12 -0.00477 -6.29797e-06
 13 -0.01076 -5.41872e-06 | 14 -0.01535 -4.06626e-06 | 15 -0.01869 -4.07016e-06
 16 -0.02087 -3.69970e-06 | 17 -0.02195 -3.24295e-06 | 18  0.05524 -7.57682e-03
 19 -0.01009  5.07765e-04 | 20 -0.00447 -2.98188e-04 | 21  0.00065 -1.59404e-04
 22 -0.00114  5.78997e-04 | 23 -0.00399  2.24550e-04 | 24  0.00182 -3.15439e-04
 25 -0.00057  6.12690e-04 | 26 -0.00312  5.62309e-04 | 27 -0.00482  2.96705e-04
 28 -0.00046 -2.48485e-05 | 29  0.00040  1.90879e-04 | 30  0.00213  1.67183e-04
 31 -0.00184 -9.90881e-06 | 32  0.00071 -7.08509e-04 | 33  0.00116 -5.06988e-04
 34  0.00404 -3.33222e-04 | 35  0.00401 -4.52433e-04 | 36  0.00215 -9.75626e-05
 37  0.00162 -2.66294e-04 | 38  0.00135 -1.18399e-04 | 39 -0.00218  1.11056e-04
 40  0.00064 -1.78269e-04 | 41 -0.00253  5.61984e-05 | 42  0.00186 -2.10856e-04
 43 -0.00162 -2.35066e-04 | 44 -0.00053 -3.21117e-04 | 45  0.00306 -3.58597e-04
 46  0.01177  1.29578e-03 | 47  0.13656 -1.05575e-02 | 48 -0.06851 -1.24014e-05
 49 -0.06708  2.71592e-05 | 50 -0.06891 -2.30125e-04 | 51 -0.05681 -1.84618e-04
 52 -0.04689  1.11540e-04 | 53 -0.04726 -5.45972e-04 | 54 -0.03475 -4.53123e-04
 55 -0.01727 -5.18056e-04 | 56 -0.00352 -2.61597e-04 | 57  0.00315 -3.10866e-04
 58  0.01254 -3.18197e-04 | 59  0.02159 -1.66599e-04 | 60  0.02871  4.78883e-04
 61  0.02473  2.15054e-04 | 62  0.02256  1.38090e-04 | 63  0.02007  4.24142e-04
 64  0.01751  1.04846e-04 | 65  0.01896  2.44835e-04 | 66  0.01895  9.94745e-05
 67  0.02034  1.15863e-05 | 68  0.02408  2.48569e-04 | 69  0.02468  2.48922e-05
 70  0.02960  1.53386e-04 | 71  0.02912  3.53439e-04 | 72  0.02944  2.54507e-04
 73  0.02610  3.56978e-04 | 74  0.01920 -8.16580e-04 | 75  0.01920  5.09155e-04
 76 -0.67588  2.26828e-02 | 77 -0.74066  7.54197e-03 |
2 0 19329.1
2 0 19329.1
2 0 19329.1
2 0 19329.1
2 0 19329.1
2 0 19329.1
2 0 19329.1
2 0 19329.1
2 0 19329.1
2 0 19329.1
2 0 19329.1
2 0 19329.1
77 variables; iteration 130; function evaluation 164; phase 2
Function value   1.9329115e+04; maximum gradient component mag  -9.9367e-03
Var   Value    Gradient   |Var   Value    Gradient   |Var   Value    Gradient
  1 -0.68649  1.50293e-03 |  2 -0.75313  3.02332e-03 |  3  0.23962  3.45791e-05
  4  0.17418 -1.39187e-05 |  5  0.12152  6.17328e-06 |  6  0.08473 -4.67470e-06
  7  0.05861 -1.26679e-06 |  8  0.03920 -7.46745e-07 |  9  0.02419 -8.98567e-07
 10  0.01232 -5.51789e-07 | 11  0.00282 -1.26260e-06 | 12 -0.00477 -1.90466e-06
 13 -0.01076 -1.46846e-06 | 14 -0.01535 -5.37188e-07 | 15 -0.01869 -6.16539e-07
 16 -0.02087 -4.50518e-07 | 17 -0.02195  7.80976e-08 | 18  0.05524  1.31736e-03
 19 -0.01009 -3.31988e-04 | 20 -0.00447  2.03606e-04 | 21  0.00065  1.06399e-04
 22 -0.00114 -2.06607e-04 | 23 -0.00399 -2.64509e-05 | 24  0.00182  4.98564e-05
 25 -0.00057 -1.71768e-04 | 26 -0.00312 -1.78745e-04 | 27 -0.00482 -3.30435e-05
 28 -0.00046 -3.37041e-05 | 29  0.00040 -7.11432e-05 | 30  0.00213 -5.95115e-05
 31 -0.00184  1.34151e-05 | 32  0.00071  1.61796e-04 | 33  0.00116  7.52974e-05
 34  0.00404  1.52849e-04 | 35  0.00401  7.55616e-05 | 36  0.00215  2.96548e-05
 37  0.00162  2.61801e-05 | 38  0.00135  8.60756e-06 | 39 -0.00218  1.62079e-05
 40  0.00064  6.62086e-05 | 41 -0.00253 -3.25449e-05 | 42  0.00186  1.50331e-04
 43 -0.00162  6.14281e-05 | 44 -0.00053  2.09807e-04 | 45  0.00306  1.75716e-04
 46  0.01177 -4.28636e-04 | 47  0.13656 -9.93672e-03 | 48 -0.06851  2.83001e-04
 49 -0.06708 -7.56403e-05 | 50 -0.06891 -4.13753e-05 | 51 -0.05681  2.00287e-04
 52 -0.04689  1.05630e-04 | 53 -0.04726  8.59714e-06 | 54 -0.03475  3.29094e-04
 55 -0.01727  3.57071e-04 | 56 -0.00352  2.02771e-04 | 57  0.00315  1.19494e-04
 58  0.01254  1.17964e-04 | 59  0.02159  1.43406e-04 | 60  0.02871 -2.73033e-05
 61  0.02473 -2.55637e-04 | 62  0.02256 -3.14205e-04 | 63  0.02007 -1.83943e-04
 64  0.01751 -2.00919e-04 | 65  0.01896 -9.62144e-05 | 66  0.01895 -1.28510e-04
 67  0.02034 -1.00849e-04 | 68  0.02408 -4.65789e-05 | 69  0.02468 -3.48548e-05
 70  0.02960 -1.39743e-04 | 71  0.02912 -1.17488e-04 | 72  0.02944 -2.47214e-04
 73  0.02610 -2.76470e-04 | 74  0.01920 -1.29541e-04 | 75  0.01920  4.80414e-04
 76 -0.67576 -5.83717e-03 | 77 -0.74104 -1.93347e-03 |
2 0 19329.1
2 0 19329.1
2 0 19329.1
2 0 19329.1
2 0 19329.1
2 0 19329.1
2 0 19329.1
2 0 19329.1
2 0 19329.1
2 0 19329.1
2 0 19329.1
2 0 19329.1
2 0 19329.1
77 variables; iteration 140; function evaluation 177; phase 2
Function value   1.9329115e+04; maximum gradient component mag   1.0103e-02
Var   Value    Gradient   |Var   Value    Gradient   |Var   Value    Gradient
  1 -0.68545  1.73655e-03 |  2 -0.75366  3.47161e-03 |  3  0.23962  8.34980e-05
  4  0.17418 -2.33070e-05 |  5  0.12152 -1.71261e-05 |  6  0.08473 -1.00659e-05
  7  0.05861 -6.95395e-06 |  8  0.03920 -5.15141e-06 |  9  0.02419 -3.88318e-06
 10  0.01232 -3.16126e-06 | 11  0.00282 -2.58027e-06 | 12 -0.00477 -2.13757e-06
 13 -0.01076 -1.90692e-06 | 14 -0.01535 -1.82277e-06 | 15 -0.01869 -1.66815e-06
 16 -0.02087 -1.61634e-06 | 17 -0.02195 -1.61324e-06 | 18  0.05524 -3.05083e-03
 19 -0.01009  2.50611e-04 | 20 -0.00447 -1.35123e-04 | 21  0.00065 -8.41134e-05
 22 -0.00114  2.40589e-04 | 23 -0.00399  9.57994e-05 | 24  0.00182 -1.43249e-04
 25 -0.00057  2.47971e-04 | 26 -0.00312  2.31035e-04 | 27 -0.00482  1.14844e-04
 28 -0.00046  2.12206e-06 | 29  0.00040  8.27224e-05 | 30  0.00213  7.59902e-05
 31 -0.00184  5.76247e-06 | 32  0.00071 -3.02570e-04 | 33  0.00116 -2.12762e-04
 34  0.00404 -1.37352e-04 | 35  0.00401 -1.74003e-04 | 36  0.00215 -3.46979e-05
 37  0.00162 -9.94181e-05 | 38  0.00135 -4.63660e-05 | 39 -0.00218  4.50461e-05
 40  0.00064 -8.21784e-05 | 41 -0.00253  3.53614e-05 | 42  0.00186 -9.30935e-05
 43 -0.00162 -9.60706e-05 | 44 -0.00053 -1.57746e-04 | 45  0.00306 -1.98884e-04
 46  0.01177  5.68716e-04 | 47  0.13656 -3.92802e-03 | 48 -0.06851 -3.14920e-05
 49 -0.06708  1.53693e-05 | 50 -0.06891 -8.19213e-05 | 51 -0.05681 -9.92660e-05
 52 -0.04689  3.81628e-05 | 53 -0.04726 -2.10135e-04 | 54 -0.03475 -1.94850e-04
 55 -0.01727 -2.30791e-04 | 56 -0.00352 -1.08894e-04 | 57  0.00315 -1.37546e-04
 58  0.01254 -1.34609e-04 | 59  0.02159 -7.45503e-05 | 60  0.02871  1.85975e-04
 61  0.02473  1.05301e-04 | 62  0.02256  6.94344e-05 | 63  0.02007  1.68314e-04
 64  0.01751  4.10384e-05 | 65  0.01896  9.86554e-05 | 66  0.01895  4.88461e-05
 67  0.02034  4.42289e-06 | 68  0.02408  9.85825e-05 | 69  0.02468 -7.82600e-06
 70  0.02960  6.41523e-05 | 71  0.02912  1.37462e-04 | 72  0.02944  1.27841e-04
 73  0.02610  1.92133e-04 | 74  0.01920 -2.68757e-04 | 75  0.01920  1.91897e-04
 76 -0.67567  1.01026e-02 | 77 -0.74131  3.34925e-03 |
2 0 19329.1
2 0 19329.1
2 0 19329.1
2 0 19329.1
2 0 19329.1
2 0 19329.1
2 0 19329.1
2 0 19329.1
2 0 19329.1
2 0 19329.1
2 0 19329.1
77 variables; iteration 150; function evaluation 188; phase 2
Function value   1.9329115e+04; maximum gradient component mag   4.1029e-03
Var   Value    Gradient   |Var   Value    Gradient   |Var   Value    Gradient
  1 -0.68478  7.08188e-04 |  2 -0.75399  1.41135e-03 |  3  0.23962  2.85539e-05
  4  0.17418 -9.76280e-06 |  5  0.12152 -7.79810e-06 |  6  0.08473 -4.03521e-06
  7  0.05861 -2.92190e-06 |  8  0.03920 -2.22115e-06 |  9  0.02419 -1.58932e-06
 10  0.01232 -1.32925e-06 | 11  0.00282 -1.03919e-06 | 12 -0.00477 -7.85231e-07
 13 -0.01076 -7.10636e-07 | 14 -0.01535 -7.61236e-07 | 15 -0.01869 -6.67200e-07
 16 -0.02087 -6.67216e-07 | 17 -0.02195 -6.92961e-07 | 18  0.05524 -1.19439e-03
 19 -0.01009  1.05198e-04 | 20 -0.00447 -5.47091e-05 | 21  0.00065 -3.70048e-05
 22 -0.00114  9.57123e-05 | 23 -0.00399  3.87977e-05 | 24  0.00182 -5.99602e-05
 25 -0.00057  9.66930e-05 | 26 -0.00312  9.05928e-05 | 27 -0.00482  4.34942e-05
 28 -0.00046  1.83742e-06 | 29  0.00040  3.32487e-05 | 30  0.00213  3.11590e-05
 31 -0.00184  4.47208e-06 | 32  0.00071 -1.21825e-04 | 33  0.00116 -8.50319e-05
 34  0.00404 -5.38236e-05 | 35  0.00401 -6.75742e-05 | 36  0.00215 -1.25761e-05
 37  0.00162 -3.73766e-05 | 38  0.00135 -1.75231e-05 | 39 -0.00218  1.84355e-05
 40  0.00064 -3.42549e-05 | 41 -0.00253  1.72575e-05 | 42  0.00186 -3.69856e-05
 43 -0.00162 -3.71880e-05 | 44 -0.00053 -6.50481e-05 | 45  0.00306 -8.49852e-05
 46  0.01177  2.27593e-04 | 47  0.13656 -1.57139e-03 | 48 -0.06851 -1.53716e-05
 49 -0.06708  6.69788e-06 | 50 -0.06891 -3.04032e-05 | 51 -0.05681 -4.31426e-05
 52 -0.04689  1.45859e-05 | 53 -0.04726 -8.09577e-05 | 54 -0.03475 -7.65098e-05
 55 -0.01727 -9.32220e-05 | 56 -0.00352 -4.24773e-05 | 57  0.00315 -5.54745e-05
 58  0.01254 -5.31331e-05 | 59  0.02159 -2.93987e-05 | 60  0.02871  7.25992e-05
 61  0.02473  4.32597e-05 | 62  0.02256  2.78776e-05 | 63  0.02007  6.51484e-05
 64  0.01751  1.54556e-05 | 65  0.01896  3.90509e-05 | 66  0.01895  2.03207e-05
 67  0.02034  1.02683e-06 | 68  0.02408  3.89784e-05 | 69  0.02468 -6.36002e-06
 70  0.02960  2.50906e-05 | 71  0.02912  5.22156e-05 | 72  0.02944  5.27550e-05
 73  0.02610  8.08622e-05 | 74  0.01920 -9.78114e-05 | 75  0.01920  7.71860e-05
 76 -0.67561  4.10292e-03 | 77 -0.74147  1.36001e-03 |
2 0 19329.1
2 0 19329.1
2 0 19329.1
2 0 19329.1
2 0 19329.1
2 0 19329.1
2 0 19329.1
2 0 19329.1
2 0 19329.1
2 0 19329.1
2 0 19329.1
77 variables; iteration 160; function evaluation 199; phase 2
Function value   1.9329115e+04; maximum gradient component mag  -1.3662e-03
Var   Value    Gradient   |Var   Value    Gradient   |Var   Value    Gradient
  1 -0.68411 -2.80406e-04 |  2 -0.75433 -5.56220e-04 |  3  0.23962 -1.18141e-05
  4  0.17418  3.26930e-06 |  5  0.12152  2.28540e-06 |  6  0.08473  1.37449e-06
  7  0.05861  9.46867e-07 |  8  0.03920  6.97829e-07 |  9  0.02419  5.35771e-07
 10  0.01232  4.29906e-07 | 11  0.00282  3.57349e-07 | 12 -0.00477  3.06956e-07
 13 -0.01076  2.72379e-07 | 14 -0.01535  2.48936e-07 | 15 -0.01869  2.32291e-07
 16 -0.02087  2.22182e-07 | 17 -0.02195  2.18052e-07 | 18  0.05524  3.97669e-04
 19 -0.01009 -3.00798e-05 | 20 -0.00447  1.61740e-05 | 21  0.00065  1.00413e-05
 22 -0.00114 -3.00935e-05 | 23 -0.00399 -1.25253e-05 | 24  0.00182  1.87217e-05
 25 -0.00057 -3.13731e-05 | 26 -0.00312 -2.88481e-05 | 27 -0.00482 -1.51736e-05
 28 -0.00046  2.21892e-07 | 29  0.00040 -1.03771e-05 | 30  0.00213 -9.64270e-06
 31 -0.00184 -1.05807e-06 | 32  0.00071  3.89846e-05 | 33  0.00116  2.77831e-05
 34  0.00404  1.69847e-05 | 35  0.00401  2.28764e-05 | 36  0.00215  4.26252e-06
 37  0.00162  1.29707e-05 | 38  0.00135  6.13191e-06 | 39 -0.00218 -6.24028e-06
 40  0.00064  1.03667e-05 | 41 -0.00253 -4.28944e-06 | 42  0.00186  1.08937e-05
 43 -0.00162  1.21762e-05 | 44 -0.00053  1.85716e-05 | 45  0.00306  2.41198e-05
 46  0.01177 -7.15832e-05 | 47  0.13656  6.28984e-04 | 48 -0.06851  1.15425e-06
 49 -0.06708 -1.17171e-06 | 50 -0.06891  1.16253e-05 | 51 -0.05681  1.09695e-05
 52 -0.04689 -6.33520e-06 | 53 -0.04726  2.83589e-05 | 54 -0.03475  2.26263e-05
 55 -0.01727  2.69315e-05 | 56 -0.00352  1.24609e-05 | 57  0.00315  1.70949e-05
 58  0.01254  1.67992e-05 | 59  0.02159  8.42174e-06 | 60  0.02871 -2.46785e-05
 61  0.02473 -1.14015e-05 | 62  0.02256 -5.90271e-06 | 63  0.02007 -2.09035e-05
 64  0.01751 -3.66558e-06 | 65  0.01896 -1.23694e-05 | 66  0.01895 -5.20738e-06
 67  0.02034  4.33471e-07 | 68  0.02408 -1.28319e-05 | 69  0.02468  1.13522e-06
 70  0.02960 -7.26467e-06 | 71  0.02912 -1.74632e-05 | 72  0.02944 -1.43568e-05
 73  0.02610 -2.23226e-05 | 74  0.01920  3.84119e-05 | 75  0.01920 -3.06595e-05
 76 -0.67556 -1.36624e-03 | 77 -0.74164 -4.50633e-04 |
2 0 19329.1
2 0 19329.1
2 0 19329.1
2 0 19329.1
2 0 19329.1
2 0 19329.1
2 0 19329.1
2 0 19329.1
2 0 19329.1
2 0 19329.1
2 0 19329.1
2 0 19329.1
2 0 19329.1
77 variables; iteration 170; function evaluation 212; phase 2
Function value   1.9329115e+04; maximum gradient component mag   1.2625e-03
Var   Value    Gradient   |Var   Value    Gradient   |Var   Value    Gradient
  1 -0.68346  2.58526e-04 |  2 -0.75466  5.11947e-04 |  3  0.23962  1.10736e-05
  4  0.17418 -2.87728e-06 |  5  0.12152 -2.05923e-06 |  6  0.08473 -1.32500e-06
  7  0.05861 -8.89369e-07 |  8  0.03920 -6.45498e-07 |  9  0.02419 -5.03717e-07
 10  0.01232 -4.05011e-07 | 11  0.00282 -3.37830e-07 | 12 -0.00477 -2.92151e-07
 13 -0.01076 -2.58986e-07 | 14 -0.01535 -2.33829e-07 | 15 -0.01869 -2.19305e-07
 16 -0.02087 -2.09109e-07 | 17 -0.02195 -2.04630e-07 | 18  0.05524 -3.90016e-04
 19 -0.01009  3.03995e-05 | 20 -0.00447 -1.62732e-05 | 21  0.00065 -9.71162e-06
 22 -0.00114  2.96756e-05 | 23 -0.00399  1.21291e-05 | 24  0.00182 -1.73339e-05
 25 -0.00057  3.14043e-05 | 26 -0.00312  2.93282e-05 | 27 -0.00482  1.53346e-05
 28 -0.00046  4.37497e-07 | 29  0.00040  1.01809e-05 | 30  0.00213  9.41225e-06
 31 -0.00184  3.41321e-07 | 32  0.00071 -3.79110e-05 | 33  0.00116 -2.69774e-05
 34  0.00404 -1.70250e-05 | 35  0.00401 -2.22801e-05 | 36  0.00215 -4.67362e-06
 37  0.00162 -1.29861e-05 | 38  0.00135 -6.33352e-06 | 39 -0.00218  5.45208e-06
 40  0.00064 -1.03293e-05 | 41 -0.00253  3.59885e-06 | 42  0.00186 -1.14680e-05
 43 -0.00162 -1.23096e-05 | 44 -0.00053 -1.89483e-05 | 45  0.00306 -2.36502e-05
 46  0.01177  7.05197e-05 | 47  0.13656 -5.52189e-04 | 48 -0.06851 -2.31610e-06
 49 -0.06708  1.60015e-06 | 50 -0.06891 -1.07175e-05 | 51 -0.05681 -1.09766e-05
 52 -0.04689  5.40173e-06 | 53 -0.04726 -2.74220e-05 | 54 -0.03475 -2.39125e-05
 55 -0.01727 -2.76426e-05 | 56 -0.00352 -1.29112e-05 | 57  0.00315 -1.68908e-05
 58  0.01254 -1.66481e-05 | 59  0.02159 -8.91796e-06 | 60  0.02871  2.36847e-05
 61  0.02473  1.22224e-05 | 62  0.02256  7.33548e-06 | 63  0.02007  2.09022e-05
 64  0.01751  4.42652e-06 | 65  0.01896  1.21398e-05 | 66  0.01895  5.48366e-06
 67  0.02034  2.45042e-07 | 68  0.02408  1.24257e-05 | 69  0.02468 -5.17579e-07
 70  0.02960  7.70742e-06 | 71  0.02912  1.75814e-05 | 72  0.02944  1.49204e-05
 73  0.02610  2.25484e-05 | 74  0.01920 -3.66454e-05 | 75  0.01920  2.68876e-05
 76 -0.67551  1.26247e-03 | 77 -0.74180  4.18413e-04 |
2 0 19329.1
2 0 19329.1
2 0 19329.1
2 0 19329.1
2 0 19329.1
2 0 19329.1
2 0 19329.1

 - final statistics:
77 variables; iteration 176; function evaluation 219
Function value   1.9329e+04; maximum gradient component mag   5.8458e-05
Exit code = 1;  converg criter   1.0000e-03
Var   Value    Gradient   |Var   Value    Gradient   |Var   Value    Gradient
  1 -0.68309  8.07338e-06 |  2 -0.75484  1.62212e-05 |  3  0.23962  4.63921e-07
  4  0.17418 -1.03444e-07 |  5  0.12152 -1.07823e-07 |  6  0.08473 -8.64070e-08
  7  0.05861 -5.31701e-08 |  8  0.03920 -3.68339e-08 |  9  0.02419 -2.90145e-08
 10  0.01232 -2.47066e-08 | 11  0.00282 -1.97302e-08 | 12 -0.00477 -1.55853e-08
 13 -0.01076 -1.40068e-08 | 14 -0.01535 -1.39229e-08 | 15 -0.01869 -1.25121e-08
 16 -0.02087 -1.23018e-08 | 17 -0.02195 -1.25564e-08 | 18  0.05524 -2.65231e-05
 19 -0.01009  2.55733e-06 | 20 -0.00447 -1.27704e-06 | 21  0.00065 -7.22035e-07
 22 -0.00114  2.10312e-06 | 23 -0.00399  8.11660e-07 | 24  0.00182 -9.36072e-07
 25 -0.00057  2.34255e-06 | 26 -0.00312  2.35723e-06 | 27 -0.00482  1.16375e-06
 28 -0.00046  2.92910e-07 | 29  0.00040  7.15028e-07 | 30  0.00213  6.62151e-07
 31 -0.00184 -1.55907e-07 | 32  0.00071 -2.56113e-06 | 33  0.00116 -1.79606e-06
 34  0.00404 -1.27062e-06 | 35  0.00401 -1.43370e-06 | 36  0.00215 -4.59979e-07
 37  0.00162 -9.37457e-07 | 38  0.00135 -5.28696e-07 | 39 -0.00218  1.65527e-07
 40  0.00064 -8.14078e-07 | 41 -0.00253  1.28676e-07 | 42  0.00186 -1.05613e-06
 43 -0.00162 -9.55639e-07 | 44 -0.00053 -1.63949e-06 | 45  0.00306 -1.84145e-06
 46  0.01177  5.05866e-06 | 47  0.13656 -1.77755e-05 | 48 -0.06851 -6.20575e-07
 49 -0.06708  2.76182e-07 | 50 -0.06891 -4.51807e-07 | 51 -0.05681 -9.31580e-07
 52 -0.04689  9.27617e-08 | 53 -0.04726 -1.69829e-06 | 54 -0.03475 -2.20005e-06
 55 -0.01727 -2.36155e-06 | 56 -0.00352 -1.09189e-06 | 57  0.00315 -1.24000e-06
 58  0.01254 -1.20164e-06 | 59  0.02159 -8.31224e-07 | 60  0.02871  1.43165e-06
 61  0.02473  1.22426e-06 | 62  0.02256  1.01784e-06 | 63  0.02007  1.51527e-06
 64  0.01751  5.32609e-07 | 65  0.01896  8.26002e-07 | 66  0.01895  5.21047e-07
 67  0.02034  2.12165e-07 | 68  0.02408  7.95316e-07 | 69  0.02468  5.80577e-08
 70  0.02960  7.06251e-07 | 71  0.02912  1.29589e-06 | 72  0.02944  1.36995e-06
 73  0.02610  1.93005e-06 | 74  0.01920 -1.91990e-06 | 75  0.01920  8.67396e-07
 76 -0.67548  5.84581e-05 | 77 -0.74189  2.02510e-05 |
2 0 19329.1
B064189.3
0.3 0.377492
0.323565 0.355359
0.328519 0.350949
0.32941 0.350165
0.329564 0.350028
0.329591 0.350005
0.329596 0.350001
0.329597 0.35
0.329597 0.35
0.329597 0.35
0.329597 0.35
0.329597 0.35
0.329597 0.35
0.329597 0.35
0.329597 0.35
0.329597 0.35
0.329597 0.35
0.329597 0.35
0.329597 0.35
0.329597 0.35
0.329597 0.35
Survey Bio35.062
Survey len9596.42
CPUE37.9272
Catch3.36767
Catch len9635.84
initsmo_penal15.6905
F_pen0.968139
Rec_pen3.84345
M_pen0


Starting time: Fri Oct  5 17:26:19 2018
Finishing time: Fri Oct  5 17:26:27 2018
This run took: 0 hours, 0 minutes, 8 seconds.

