survYears 71 72 73 74 75 76 77 78 79 80 81 82 83 84 85 86 87 88 89 90 91 92 93 94 95 96 97 98
SurvLenYear 71 72 73 74 75 76 77 78 79 80 81 82 83 84 85 86 87 88 89 90 91 92 93 94 95 96 97 98
catchBiomass 5446.51 4990.66 5551.33 5812.14 6221.2 8991.5 11844.5 11523.9 17814.9 32971 45730.9 55150.2 82848.4 94241.6 109240 101518 102001 80526.1 84163.1 82226 85549.5 90001.2 97807 108294 105313 115520 112545 111668
steep0.999
25
Out
1 0 34580.5

Initial statistics: 74 variables; iteration 0; function evaluation 0; phase 1
Function value   3.4580525e+04; maximum gradient component mag  -7.8641e+04
Var   Value    Gradient   |Var   Value    Gradient   |Var   Value    Gradient
  1  0.27106  4.84753e+03 |  2  0.24351  3.66074e+03 |  3  0.21722  2.75255e+03
  4  0.19864  2.18035e+03 |  5  0.18826  1.95435e+03 |  6  0.18024  1.81633e+03
  7  0.15687  1.09082e+03 |  8  0.13799  7.09763e+02 |  9  0.13084  7.03949e+02
 10  0.10696  3.83716e+02 | 11  0.08302  1.76143e+02 | 12  0.07349  2.14865e+02
 13  0.05349  1.10169e+02 | 14  0.03463 -1.06059e+02 | 15  0.06991  2.83892e+02
 16 -0.01999 -9.09698e+03 | 17  0.00000 -1.91407e+04 | 18  0.00000 -1.31541e+03
 19  0.00000 -4.79713e+03 | 20  0.00000 -3.02418e+03 | 21  0.00000  2.01902e+03
 22  0.00000  2.64406e+02 | 23  0.00000 -1.05651e+03 | 24  0.00000  8.79286e+03
 25  0.00000  1.13191e+04 | 26  0.00000  6.51712e+03 | 27  0.00000  5.73124e+03
 28  0.00000  8.34264e+03 | 29  0.00000  3.48364e+03 | 30  0.00000  2.57322e+03
 31  0.00000 -9.54265e+02 | 32  0.00000 -1.12462e+03 | 33  0.00000 -3.79479e+03
 34  0.00000  8.80792e+02 | 35  0.00000  9.17335e+01 | 36  0.00000  1.29985e+03
 37  0.00000  2.09701e+03 | 38  0.00000  2.82195e+03 | 39  0.00000  2.25197e+03
 40  0.00000  7.69025e+02 | 41  0.00000  1.71569e+03 | 42  0.00000 -1.99595e+03
 43  0.00000 -6.14888e+03 | 44  0.00000 -1.76189e+04 | 45  0.12626 -7.86407e+04
 46  0.00000  7.07074e+04 | 47  0.00000  6.08095e+04 | 48  0.00000  5.49023e+04
 49  0.00000  4.60757e+04 | 50  0.00000  3.83376e+04 | 51  0.00000  3.32901e+04
 52  0.00000  2.40813e+04 | 53  0.00000  1.00331e+04 | 54  0.00000 -9.09990e+02
 55  0.00000 -7.91865e+03 | 56  0.00000 -1.49982e+04 | 57  0.00000 -2.08986e+04
 58  0.00000 -2.31831e+04 | 59  0.00000 -2.25402e+04 | 60  0.00000 -2.04857e+04
 61  0.00000 -1.82926e+04 | 62  0.00000 -1.68389e+04 | 63  0.00000 -1.74696e+04
 64  0.00000 -1.78010e+04 | 65  0.00000 -1.94977e+04 | 66  0.00000 -2.16135e+04
 67  0.00000 -2.32061e+04 | 68  0.00000 -2.39812e+04 | 69  0.00000 -2.44428e+04
 70  0.00000 -2.29008e+04 | 71  0.00000 -1.76020e+04 | 72  0.00000 -7.47574e+03
 73  0.00000  3.81967e+03 | 74  0.01042  7.07887e+03 |
1 0 34580.5
1 0 34580.3
1 0 34578.3
1 0 34558.3
1 0 34360.8
1 0 32611.2
1 0 29111.3
1 0 28230.4
1 0 26778.2
1 0 26065.3
1 0 25355.9
1 0 26530.8
1 0 25178.4
1 0 25190.6
1 0 25086.8
1 0 24938.7
1 0 24781.7

Intermediate statistics: 74 variables; iteration 10; function evaluation 17; phase 1
Function value   2.4781695e+04; maximum gradient component mag  -6.2767e+04
Var   Value    Gradient   |Var   Value    Gradient   |Var   Value    Gradient
  1  0.23814  1.32536e+02 |  2  0.23171  3.22140e+02 |  3  0.20803  2.45825e+02
  4  0.19020  2.13096e+02 |  5  0.17963  2.17834e+02 |  6  0.17046  2.35411e+02
  7  0.15111  1.34081e+02 |  8  0.13467  8.21201e+01 |  9  0.12513  1.22890e+02
 10  0.10440  5.75592e+01 | 11  0.08312  4.30987e+00 | 12  0.07112  4.64884e+01
 13  0.05306 -4.02551e-01 | 14  0.04046 -1.08935e+02 | 15  0.06468  1.03199e+02
 16  0.05830  1.17573e+03 | 17  0.30025  1.40789e+03 | 18 -0.00370  2.07861e+04
 19 -0.05232 -1.25360e+04 | 20 -0.06378 -6.79205e+03 | 21 -0.06316  2.73595e+03
 22 -0.06075 -2.59266e+03 | 23 -0.04766 -4.72101e+03 | 24  0.00132  1.02579e+04
 25  0.02560  6.39178e+03 | 26  0.01244  3.78682e+03 | 27  0.01025  3.19668e+03
 28  0.03799  4.34435e+03 | 29  0.01737  1.84035e+03 | 30 -0.01005 -8.64567e+02
 31 -0.01928 -3.31360e+03 | 32 -0.01414 -2.46957e+03 | 33 -0.01317 -6.29182e+03
 34  0.00908  2.72139e+02 | 35 -0.01037  6.20586e+00 | 36 -0.00988 -1.47518e+03
 37  0.00591 -1.79431e+03 | 38  0.00305  4.03961e+02 | 39 -0.00577  1.67819e+03
 40  0.00743 -1.57065e+03 | 41  0.01126  2.45893e+03 | 42 -0.00514 -2.07980e+03
 43 -0.01171 -5.51531e+03 | 44 -0.03991 -7.22923e+03 | 45  0.14873 -6.27671e+04
 46 -0.01229  3.68107e+04 | 47 -0.08808 -6.01600e+03 | 48 -0.01219  2.13853e+04
 49 -0.01754  1.61933e+04 | 50 -0.02075  1.42435e+04 | 51 -0.02296  1.71143e+04
 52 -0.02831  1.22950e+04 | 53 -0.03401  4.42030e+03 | 54 -0.00209  1.43285e+03
 55 -0.00323 -4.35409e+03 | 56 -0.01793 -7.14841e+03 | 57  0.01671 -6.83977e+03
 58  0.03328 -7.92754e+03 | 59  0.02510 -8.35748e+03 | 60  0.00255 -7.95761e+03
 61  0.01628 -7.70051e+03 | 62 -0.02545 -6.45709e+03 | 63  0.03230 -6.00649e+03
 64 -0.00995 -7.64281e+03 | 65 -0.00169 -7.51808e+03 | 66  0.01998 -6.22104e+03
 67  0.02478 -8.28728e+03 | 68 -0.01033 -8.03374e+03 | 69  0.02026 -7.59747e+03
 70  0.02972 -8.78912e+03 | 71  0.02069 -5.58211e+03 | 72  0.05893  1.45743e+03
 73  0.00548  2.74182e+03 | 74  0.13465  5.93708e+03 |
1 0 25026
1 0 24731
1 0 24764.2
1 0 24710.7
1 0 24710.7
1 0 24700.5
1 0 24698.2
1 0 24694.4
1 0 24689.8
1 0 24684.6
1 0 24678.6
1 0 24681.1
1 0 24676.1
1 0 24672.4
74 variables; iteration 20; function evaluation 31; phase 1
Function value   2.4672452e+04; maximum gradient component mag  -7.3677e+04
Var   Value    Gradient   |Var   Value    Gradient   |Var   Value    Gradient
  1  0.26708  2.09365e+02 |  2  0.25819  4.81479e+02 |  3  0.22740  3.32495e+02
  4  0.20357  2.49745e+02 |  5  0.18910  2.37781e+02 |  6  0.17579  2.25549e+02
  7  0.15489  1.25529e+02 |  8  0.13776  8.88226e+01 |  9  0.12363  8.97280e+01
 10  0.10463  4.93601e+01 | 11  0.08562  2.24132e+01 | 12  0.06966  1.97731e+01
 13  0.05457 -1.98268e+01 | 14  0.05032 -2.62005e+01 | 15  0.05839  4.42899e+01
 16  0.04894 -3.54369e+03 | 17  0.31818  2.12255e+03 | 18 -0.01016  2.09721e+04
 19 -0.05266 -1.46147e+04 | 20 -0.06607 -5.52056e+03 | 21 -0.06964  1.77837e+03
 22 -0.06382 -1.93799e+03 | 23 -0.04921 -3.99923e+03 | 24 -0.01198  9.47310e+03
 25  0.01664  6.56353e+03 | 26  0.00875  3.48453e+03 | 27  0.00908  3.23228e+03
 28  0.03601  4.49705e+03 | 29  0.01508  4.97573e+02 | 30 -0.00403 -6.68077e+02
 31 -0.01775 -3.99432e+03 | 32 -0.00533 -2.19302e+03 | 33 -0.00968 -5.01575e+03
 34  0.00906  8.64441e+02 | 35 -0.00976 -1.73970e+03 | 36 -0.00398 -6.47455e+02
 37  0.00483 -7.55976e+02 | 38  0.00507 -1.43640e+02 | 39 -0.01083 -1.02017e+03
 40  0.01436  3.09310e+02 | 41  0.01337  1.95019e+03 | 42  0.00020 -1.30092e+03
 43 -0.00747 -4.15666e+03 | 44 -0.04394 -7.01231e+03 | 45  0.15447 -7.36774e+04
 46 -0.01616  2.72228e+04 | 47 -0.10001 -6.83892e+03 | 48 -0.00638  1.84823e+04
 49 -0.01048  1.49529e+04 | 50 -0.01730  1.19886e+04 | 51 -0.02446  1.34199e+04
 52 -0.03117  1.09292e+04 | 53 -0.03677  3.86811e+03 | 54 -0.00182  3.01474e+03
 55 -0.00276 -2.08240e+03 | 56 -0.01848 -5.68855e+03 | 57  0.01411 -7.91378e+03
 58  0.02721 -6.92451e+03 | 59  0.03201 -6.80583e+03 | 60 -0.01232 -6.42799e+03
 61  0.02631 -5.38903e+03 | 62 -0.02265 -5.49792e+03 | 63  0.03013 -4.30984e+03
 64 -0.00425 -5.61772e+03 | 65  0.00716 -6.26554e+03 | 66  0.01400 -6.20549e+03
 67  0.03091 -6.86517e+03 | 68 -0.03604 -7.22998e+03 | 69  0.02018 -7.67608e+03
 70  0.02649 -7.49249e+03 | 71  0.02431 -4.61112e+03 | 72  0.06463  2.39383e+03
 73  0.02285  3.35434e+03 | 74  0.16576  1.10058e+04 |
1 0 24667.3
1 0 24662.6
1 0 24656.8
1 0 24653.2
1 0 24649.9
1 0 24652.6
1 0 24648.7
1 0 24647.5
1 0 24648.4
1 0 24647.1
1 0 24646.4
1 0 24645.8
74 variables; iteration 30; function evaluation 43; phase 1
Function value   2.4645872e+04; maximum gradient component mag  -7.5006e+04
Var   Value    Gradient   |Var   Value    Gradient   |Var   Value    Gradient
  1  0.32243  4.72909e+02 |  2  0.29642  6.89932e+02 |  3  0.25976  4.82380e+02
  4  0.23005  3.26399e+02 |  5  0.20947  2.65711e+02 |  6  0.19033  2.16704e+02
  7  0.16565  1.13129e+02 |  8  0.14488  8.07349e+01 |  9  0.12482  4.88498e+01
 10  0.10657  3.33444e+01 | 11  0.08943  3.18801e+01 | 12  0.07029 -1.57072e+01
 13  0.06094 -2.38543e+01 | 14  0.06284  5.73124e+01 | 15  0.05159 -2.64173e+01
 16  0.05326 -2.99032e+03 | 17  0.33494  2.10305e+03 | 18 -0.01123  2.07381e+04
 19 -0.05389 -1.46524e+04 | 20 -0.06614 -5.92939e+03 | 21 -0.06851  2.26306e+03
 22 -0.06322 -1.64258e+03 | 23 -0.04938 -3.92102e+03 | 24 -0.01316  9.29186e+03
 25  0.01429  6.46821e+03 | 26  0.00844  3.53626e+03 | 27  0.00836  2.88796e+03
 28  0.03626  4.66317e+03 | 29  0.01447  4.13665e+02 | 30 -0.00440 -6.47297e+02
 31 -0.01682 -3.99199e+03 | 32 -0.00673 -2.29194e+03 | 33 -0.01082 -4.86433e+03
 34  0.00896  9.69475e+02 | 35 -0.01027 -1.57360e+03 | 36 -0.00075 -7.77797e+02
 37  0.00164 -8.82452e+02 | 38  0.00596  2.01161e+01 | 39 -0.00979 -2.71530e+02
 40  0.01065  9.91408e+01 | 41  0.01356  1.59217e+03 | 42 -0.00081 -1.03364e+03
 43 -0.00976 -4.69348e+03 | 44 -0.04536 -6.88477e+03 | 45  0.15593 -7.50058e+04
 46 -0.01726  2.74571e+04 | 47 -0.10139 -6.75457e+03 | 48 -0.00931  1.82006e+04
 49 -0.01234  1.55293e+04 | 50 -0.01909  1.20927e+04 | 51 -0.02503  1.39994e+04
 52 -0.03324  1.04544e+04 | 53 -0.03651  4.19342e+03 | 54 -0.00412  2.55659e+03
 55 -0.00452 -2.49639e+03 | 56 -0.01975 -5.66955e+03 | 57  0.01237 -8.34230e+03
 58  0.02527 -7.34694e+03 | 59  0.02838 -7.27625e+03 | 60 -0.00429 -6.17170e+03
 61  0.02428 -5.08490e+03 | 62 -0.02568 -5.52763e+03 | 63  0.02878 -4.48420e+03
 64 -0.01469 -5.85781e+03 | 65  0.01278 -6.16822e+03 | 66  0.00816 -5.89476e+03
 67  0.02994 -6.61520e+03 | 68 -0.02438 -6.98244e+03 | 69  0.01590 -8.17546e+03
 70  0.02676 -7.28741e+03 | 71  0.02321 -4.68848e+03 | 72  0.06391  2.52638e+03
 73  0.05118  3.58428e+03 | 74  0.16460  1.10387e+04 |
1 0 24646.6
1 0 24645.7
1 0 24645.4
1 0 24644.9
1 0 24644.2
1 0 24643.6
1 0 24643.8
1 0 24643.4
1 0 24643
1 0 24642.7
1 0 24642.4
1 0 24641.8
74 variables; iteration 40; function evaluation 55; phase 1
Function value   2.4641802e+04; maximum gradient component mag  -7.5254e+04
Var   Value    Gradient   |Var   Value    Gradient   |Var   Value    Gradient
  1  0.32598  4.81137e+02 |  2  0.29583  6.17102e+02 |  3  0.26173  4.54595e+02
  4  0.23842  3.71537e+02 |  5  0.22187  3.28217e+02 |  6  0.20505  2.83486e+02
  7  0.17900  1.51106e+02 |  8  0.15473  8.24706e+01 |  9  0.13480  7.10883e+01
 10  0.11254  3.16987e+01 | 11  0.09266  6.05387e+00 | 12  0.07871  6.66743e+00
 13  0.06837  6.40619e+00 | 14  0.06054 -8.60885e+00 | 15  0.05904  6.90525e+00
 16  0.05420 -2.90531e+03 | 17  0.33787  2.07700e+03 | 18 -0.01158  2.06039e+04
 19 -0.05415 -1.46558e+04 | 20 -0.06629 -6.02131e+03 | 21 -0.06822  2.42675e+03
 22 -0.06338 -1.77764e+03 | 23 -0.04915 -3.79374e+03 | 24 -0.01343  9.09581e+03
 25  0.01468  6.49651e+03 | 26  0.00841  3.53267e+03 | 27  0.00840  2.81410e+03
 28  0.03604  4.64345e+03 | 29  0.01489  4.29420e+02 | 30 -0.00462 -5.49588e+02
 31 -0.01685 -3.85922e+03 | 32 -0.00720 -2.49924e+03 | 33 -0.01074 -4.67209e+03
 34  0.00836  9.40130e+02 | 35 -0.01061 -1.57205e+03 | 36 -0.00143 -8.32562e+02
 37  0.00200 -9.11887e+02 | 38  0.00579  4.50517e+01 | 39 -0.01030 -4.45829e+02
 40  0.01039  6.28852e+00 | 41  0.01299  1.58377e+03 | 42 -0.00054 -1.22368e+03
 43 -0.01046 -4.74996e+03 | 44 -0.04510 -6.94596e+03 | 45  0.15578 -7.52538e+04
 46 -0.01717  2.74643e+04 | 47 -0.10148 -6.75050e+03 | 48 -0.00943  1.82511e+04
 49 -0.01255  1.55152e+04 | 50 -0.01896  1.22235e+04 | 51 -0.02517  1.39407e+04
 52 -0.03329  1.04469e+04 | 53 -0.03661  4.22875e+03 | 54 -0.00410  2.51242e+03
 55 -0.00470 -2.56834e+03 | 56 -0.01932 -5.66619e+03 | 57  0.01205 -8.33044e+03
 58  0.02589 -7.12339e+03 | 59  0.02825 -7.19607e+03 | 60 -0.00356 -6.13857e+03
 61  0.02430 -4.86157e+03 | 62 -0.02377 -5.40690e+03 | 63  0.02876 -4.55956e+03
 64 -0.01407 -5.89478e+03 | 65  0.01180 -6.30170e+03 | 66  0.00887 -5.98134e+03
 67  0.02986 -6.86834e+03 | 68 -0.02505 -7.01790e+03 | 69  0.01621 -8.25992e+03
 70  0.02583 -7.50924e+03 | 71  0.02463 -4.61666e+03 | 72  0.06310  2.43147e+03
 73  0.04864  3.57893e+03 | 74  0.16452  1.10581e+04 |
1 0 24641.5
1 0 24641.2
1 0 24640.9
1 0 24640.6
1 0 24640
1 0 24639.5
1 0 24638.9
1 0 24638.3
1 0 24637.7
1 0 24637.5
1 0 24637.4
74 variables; iteration 50; function evaluation 66; phase 1
Function value   2.4637465e+04; maximum gradient component mag  -7.4844e+04
Var   Value    Gradient   |Var   Value    Gradient   |Var   Value    Gradient
  1  0.32259  3.98241e+02 |  2  0.30301  6.86123e+02 |  3  0.26795  4.93092e+02
  4  0.23852  3.19545e+02 |  5  0.22359  3.02986e+02 |  6  0.21200  2.90465e+02
  7  0.19480  2.05273e+02 |  8  0.17705  1.61932e+02 |  9  0.15395  9.00799e+01
 10  0.13094  4.15903e+01 | 11  0.11219  3.72461e+01 | 12  0.09322  1.18086e+01
 13  0.07799 -3.15908e+01 | 14  0.07754  4.10567e+01 | 15  0.06970 -1.17869e+01
 16  0.05507 -2.71832e+03 | 17  0.33984  2.10296e+03 | 18 -0.01167  2.08157e+04
 19 -0.05468 -1.48959e+04 | 20 -0.06597 -5.95570e+03 | 21 -0.06798  2.43333e+03
 22 -0.06308 -1.65859e+03 | 23 -0.04921 -3.87509e+03 | 24 -0.01318  9.23043e+03
 25  0.01442  6.37089e+03 | 26  0.00890  3.59633e+03 | 27  0.01014  3.07866e+03
 28  0.03592  4.70430e+03 | 29  0.01377  3.26679e+02 | 30 -0.00442 -2.35590e+02
 31 -0.01732 -4.29644e+03 | 32 -0.00659 -2.16565e+03 | 33 -0.01047 -4.44125e+03
 34  0.00846  8.92256e+02 | 35 -0.01067 -1.15382e+03 | 36 -0.00251 -1.08405e+03
 37  0.00241 -7.77779e+02 | 38  0.00628  5.16269e+01 | 39 -0.00990 -1.22864e+02
 40  0.01009 -3.90784e+01 | 41  0.01230  1.38749e+03 | 42 -0.00182 -1.49484e+03
 43 -0.01031 -4.36378e+03 | 44 -0.04474 -6.83299e+03 | 45  0.15542 -7.48437e+04
 46 -0.01685  2.73111e+04 | 47 -0.10110 -6.78353e+03 | 48 -0.00969  1.80388e+04
 49 -0.01242  1.55328e+04 | 50 -0.01884  1.21606e+04 | 51 -0.02491  1.39374e+04
 52 -0.03315  1.03622e+04 | 53 -0.03651  4.09508e+03 | 54 -0.00410  2.60445e+03
 55 -0.00514 -2.36341e+03 | 56 -0.01735 -5.62670e+03 | 57  0.01303 -8.13325e+03
 58  0.02582 -7.00554e+03 | 59  0.02850 -7.28031e+03 | 60 -0.00388 -6.05539e+03
 61  0.02469 -4.94231e+03 | 62 -0.02376 -5.46018e+03 | 63  0.02943 -4.51241e+03
 64 -0.01381 -6.04592e+03 | 65  0.01105 -6.41640e+03 | 66  0.00896 -6.12470e+03
 67  0.03016 -6.85613e+03 | 68 -0.02357 -7.05203e+03 | 69  0.01663 -8.27395e+03
 70  0.02698 -7.22396e+03 | 71  0.02444 -4.28646e+03 | 72  0.06302  2.49886e+03
 73  0.04145  3.52200e+03 | 74  0.16456  1.11689e+04 |
1 0 24636.8
1 0 24636.2
1 0 24635.4
1 0 24634.1
1 0 24635.1
1 0 24633.6
1 0 24632.8
1 0 24631.3
1 0 24629.8
1 0 24627.5
1 0 24623.9
74 variables; iteration 60; function evaluation 77; phase 1
Function value   2.4623955e+04; maximum gradient component mag  -7.3374e+04
Var   Value    Gradient   |Var   Value    Gradient   |Var   Value    Gradient
  1  0.32302  3.98815e+02 |  2  0.30004  6.00947e+02 |  3  0.27233  5.53694e+02
  4  0.23932  3.09157e+02 |  5  0.22261  2.82171e+02 |  6  0.21079  2.84032e+02
  7  0.19034  1.64342e+02 |  8  0.17464  1.28506e+02 |  9  0.16050  8.74837e+01
 10  0.15061  7.52235e+01 | 11  0.14310  8.16973e+01 | 12  0.13225  6.90298e+01
 13  0.11742 -4.65518e+00 | 14  0.11664  5.92037e+01 | 15  0.10987  1.25048e+01
 16  0.05486 -2.54398e+03 | 17  0.34128  2.07951e+03 | 18 -0.01112  2.08439e+04
 19 -0.05432 -1.47781e+04 | 20 -0.06528 -5.95221e+03 | 21 -0.06718  2.56922e+03
 22 -0.06265 -1.63945e+03 | 23 -0.04896 -3.83354e+03 | 24 -0.01320  9.22150e+03
 25  0.01407  6.28428e+03 | 26  0.00901  3.77117e+03 | 27  0.00786  2.89173e+03
 28  0.03398  4.32092e+03 | 29  0.01438  3.80096e+02 | 30 -0.00513 -2.42205e+02
 31 -0.01689 -4.32879e+03 | 32 -0.00661 -2.09352e+03 | 33 -0.01066 -4.36539e+03
 34  0.00816  8.20754e+02 | 35 -0.01012 -1.28235e+03 | 36 -0.00201 -8.76311e+02
 37  0.00293 -6.02842e+02 | 38  0.00696 -3.73598e+01 | 39 -0.01016  4.11749e+01
 40  0.00915 -3.56820e+02 | 41  0.01297  1.54686e+03 | 42 -0.00180 -1.44467e+03
 43 -0.01124 -4.51716e+03 | 44 -0.04529 -6.90948e+03 | 45  0.15550 -7.33735e+04
 46 -0.01702  2.76635e+04 | 47 -0.10084 -6.79035e+03 | 48 -0.01052  1.80102e+04
 49 -0.01288  1.56592e+04 | 50 -0.01910  1.22407e+04 | 51 -0.02493  1.40512e+04
 52 -0.03312  1.03799e+04 | 53 -0.03664  4.01413e+03 | 54 -0.00397  2.78204e+03
 55 -0.00376 -2.52587e+03 | 56 -0.01913 -5.78288e+03 | 57  0.01248 -8.14154e+03
 58  0.02671 -6.96053e+03 | 59  0.02701 -7.19029e+03 | 60 -0.00135 -5.96432e+03
 61  0.02458 -4.79426e+03 | 62 -0.02495 -5.59837e+03 | 63  0.02862 -4.69521e+03
 64 -0.01239 -6.01179e+03 | 65  0.01045 -6.54501e+03 | 66  0.00827 -6.31529e+03
 67  0.03096 -6.69957e+03 | 68 -0.02618 -7.17746e+03 | 69  0.01620 -8.11934e+03
 70  0.02733 -7.12801e+03 | 71  0.02508 -4.26911e+03 | 72  0.06310  2.40379e+03
 73  0.04557  3.48526e+03 | 74  0.16337  1.08363e+04 |
1 0 24622.2
1 0 24619.1
1 0 24613.5
1 0 24604
1 0 24585.9
1 0 24550.6
1 0 24280.6
1 0 23746.9
1 0 22901.3
1 0 23214
1 0 22456.6
1 0 28229.5
1 0 22413.9
74 variables; iteration 70; function evaluation 90; phase 1
Function value   2.2414042e+04; maximum gradient component mag   3.0832e+04
Var   Value    Gradient   |Var   Value    Gradient   |Var   Value    Gradient
  1  0.21765  8.52954e+01 |  2  0.21292  1.91345e+02 |  3  0.20306  2.32233e+02
  4  0.19217  2.04688e+02 |  5  0.19242  5.14638e+02 |  6  0.11859 -2.94729e+02
  7  0.15665  5.47498e+02 |  8  0.07159 -4.35719e+02 |  9  0.12746  3.63236e+02
 10  0.09813  1.28208e+02 | 11  0.04413 -1.53076e+02 | 12  0.04061  1.71188e+01
 13  0.03573 -4.21683e+02 | 14  0.16282  5.80035e+02 | 15  0.17435  3.10977e+02
 16  0.05947  4.40259e+03 | 17  0.23882  6.76788e+02 | 18 -0.00975  1.53608e+04
 19 -0.05364 -1.37276e+04 | 20 -0.04005 -1.79545e+03 | 21 -0.04133  4.05747e+03
 22 -0.04435 -8.93289e+02 | 23 -0.04007 -3.27326e+03 | 24 -0.03218  1.56629e+03
 25 -0.01534  1.55963e+02 | 26  0.00913  3.69031e+03 | 27  0.02446  1.83863e+03
 28  0.02518  4.32650e+03 | 29  0.01379  1.70995e+03 | 30  0.00788 -3.64158e+02
 31 -0.00190 -5.14835e+03 | 32 -0.00734  1.75535e+02 | 33 -0.00618 -1.35118e+03
 34  0.00362  2.12063e+03 | 35 -0.00096 -4.50468e+03 | 36 -0.00141  1.55888e+03
 37  0.01246  3.84223e+03 | 38  0.01140  7.24198e+02 | 39  0.00056 -5.38396e+03
 40  0.00879  6.51442e+03 | 41 -0.00262  3.78240e+02 | 42 -0.00697 -1.67733e+03
 43 -0.01001 -3.56748e+03 | 44 -0.03981 -9.23891e+03 | 45  0.15948 -2.37517e+04
 46 -0.02343  3.08316e+04 | 47 -0.08233 -5.03442e+03 | 48 -0.04242  1.20602e+04
 49 -0.03258  1.22230e+04 | 50 -0.03091  7.60161e+03 | 51 -0.03253  6.95997e+03
 52 -0.03718  3.48825e+03 | 53 -0.03636 -9.77917e+02 | 54 -0.01896 -1.41609e+03
 55 -0.01998 -5.95014e+03 | 56 -0.00220 -2.62177e+03 | 57  0.00876 -8.66787e+03
 58  0.00890 -1.00086e+04 | 59  0.01934 -5.50153e+03 | 60  0.03092  3.97182e+03
 61  0.01093 -1.99516e+03 | 62 -0.00117 -4.06474e+03 | 63  0.01009 -4.41316e+03
 64  0.02203  4.11324e+03 | 65 -0.00626 -4.75634e+03 | 66  0.00794 -7.82266e+03
 67  0.01617 -4.81159e+03 | 68  0.03013  5.44179e+03 | 69  0.01864 -5.12153e+03
 70  0.02066 -6.46822e+03 | 71  0.01622 -6.04391e+03 | 72  0.04853 -2.52621e+03
 73  0.09711  1.43534e+03 | 74  0.14247  3.17231e+03 |
1 0 22410.6
1 0 22410.1
1 0 22409.3
1 0 22402.8
1 0 22388.9
1 0 22328.3
1 0 22187.3
1 0 26153.4
1 0 22183.2
1 0 22175.2
1 0 22096.5
1 0 21477.3
1 0 21161
1 0 20762.2
1 0 20518
74 variables; iteration 80; function evaluation 105; phase 1
Function value   2.0518330e+04; maximum gradient component mag   1.8224e+04
Var   Value    Gradient   |Var   Value    Gradient   |Var   Value    Gradient
  1  0.02024 -7.50928e+01 |  2  0.04219 -7.82268e+01 |  3  0.08500  1.29580e+02
  4  0.07559  1.14983e+01 |  5  0.04921 -8.21718e+01 |  6  0.03903  1.42187e+02
  7 -0.02157 -2.20565e+02 |  8 -0.01788 -1.06622e+02 |  9  0.01555  1.89797e+02
 10 -0.01324 -1.06513e+02 | 11 -0.01276  9.74293e-01 | 12 -0.01537 -2.75411e+02
 13  0.06216  8.49282e+01 | 14  0.09762 -7.87134e+01 | 15  0.11866 -1.37570e+02
 16  0.05274  2.01293e+03 | 17  0.11552  3.84341e+02 | 18 -0.02098 -4.07610e+03
 19 -0.02676 -2.72454e+03 | 20 -0.01334  1.06641e+03 | 21 -0.01193  2.67660e+03
 22 -0.01726 -6.19528e+02 | 23 -0.01484  1.43562e+03 | 24 -0.03367 -5.28895e+03
 25 -0.03206 -6.22271e+03 | 26 -0.00226  6.93715e+02 | 27  0.01249  2.41661e+03
 28  0.00311 -4.76772e+02 | 29  0.00650  1.86567e+03 | 30 -0.00333 -1.20654e+03
 31  0.00720  3.69847e+03 | 32  0.00905  7.65900e+02 | 33  0.01066 -2.85248e+02
 34 -0.00123  6.79322e+02 | 35  0.00081  2.12421e+03 | 36  0.00393 -7.98885e+02
 37  0.01901  2.38386e+03 | 38  0.00027  5.64921e+02 | 39  0.00101  3.36880e+03
 40  0.00240 -4.37879e+02 | 41 -0.00466 -8.03307e+02 | 42 -0.01024 -2.54465e+03
 43 -0.00629  5.55078e+02 | 44  0.00253 -2.69002e+03 | 45  0.15389  1.82237e+04
 46 -0.03729  1.68373e+04 | 47 -0.06551  3.06181e+03 | 48 -0.06847  2.17399e+03
 49 -0.05123  4.04534e+03 | 50 -0.03986  2.15154e+03 | 51 -0.03844 -5.41375e+02
 52 -0.03149 -3.52659e+03 | 53 -0.02120 -2.64595e+03 | 54 -0.01896 -2.78440e+03
 55 -0.00464 -1.39962e+03 | 56  0.01006 -8.69370e+02 | 57  0.02170  5.76503e+02
 58  0.02827  5.66943e+02 | 59  0.01990 -1.71188e+03 | 60  0.01552 -4.05745e+03
 61  0.02036 -1.30395e+03 | 62  0.02707  4.37596e+03 | 63  0.01258 -2.55007e+03
 64  0.00688 -4.43866e+03 | 65  0.00762 -3.25081e+03 | 66  0.03694  8.39441e+03
 67  0.02228 -3.39167e+02 | 68  0.01714 -4.20462e+03 | 69  0.02976 -1.64421e+03
 70  0.03085 -5.66577e+02 | 71  0.02214 -1.84481e+03 | 72  0.00974 -3.69125e+03
 73  0.03823 -7.17808e+02 | 74  0.12205 -2.89420e+03 |
1 0 20293.8
1 0 20198.9
1 0 20086.7
1 0 20005
1 0 19934.6
1 0 19879.4
1 0 19820.4
1 0 19850.9
1 0 19795.7
1 0 19769
1 0 19783.9
1 0 19758.9
74 variables; iteration 90; function evaluation 117; phase 1
Function value   1.9758918e+04; maximum gradient component mag  -2.8220e+03
Var   Value    Gradient   |Var   Value    Gradient   |Var   Value    Gradient
  1 -0.11892 -3.40073e+01 |  2 -0.11728 -4.06065e+01 |  3 -0.10412 -7.20069e+00
  4 -0.08919 -8.99822e+00 |  5 -0.07174 -1.66768e+01 |  6 -0.04944 -4.26672e+00
  7 -0.02614 -1.68296e+01 |  8  0.00180  1.53860e+01 |  9  0.02432 -2.20451e+01
 10  0.05210  2.57291e+00 | 11  0.07638  1.55480e+01 | 12  0.09094 -2.42336e+01
 13  0.10573 -1.89738e+01 | 14  0.11607 -1.89995e+01 | 15  0.11904 -3.64539e+01
 16  0.05126 -1.08246e+03 | 17  0.02286  2.62848e+02 | 18  0.00018 -8.71161e+01
 19 -0.00477 -6.63169e+02 | 20 -0.00049 -2.86090e+02 | 21 -0.00485 -1.63362e+02
 22 -0.00322  7.65498e+01 | 23  0.00402  5.14707e+02 | 24 -0.00116  1.82458e+01
 25 -0.00691 -5.60451e+02 | 26 -0.00323  4.22433e+02 | 27 -0.00139  3.03039e+02
 28 -0.00544  2.78074e+01 | 29 -0.00267 -4.13600e+02 | 30 -0.00259  5.87511e+02
 31 -0.00137 -4.21360e+02 | 32 -0.00100 -2.31792e+02 | 33  0.00308 -6.93213e+01
 34 -0.00076 -5.27323e+01 | 35  0.00095  5.17134e+02 | 36  0.00070  1.63971e+02
 37 -0.00108 -3.45406e+02 | 38 -0.00243 -4.04978e+00 | 39 -0.00101  1.62740e+02
 40  0.00050  3.10850e+01 | 41 -0.00207  3.18540e+02 | 42 -0.00046  2.26966e+02
 43  0.00208  1.60010e+02 | 44  0.01336  8.00355e+01 | 45  0.14689 -2.82201e+03
 46 -0.05285  2.12674e+03 | 47 -0.07101 -1.23097e+03 | 48 -0.06971 -6.46673e+02
 49 -0.05683 -3.36872e+02 | 50 -0.04725 -3.50860e+01 | 51 -0.04619 -3.21285e+02
 52 -0.03998 -7.48312e+02 | 53 -0.01879 -8.34093e+01 | 54 -0.00192  1.12007e+03
 55  0.00258 -7.10941e+01 | 56  0.01329  3.94698e+02 | 57  0.02227 -1.08266e+02
 58  0.02558 -3.37407e+02 | 59  0.02607 -1.64209e+02 | 60  0.02349  1.31777e+02
 61  0.02113  1.65526e+01 | 62  0.01748  1.89082e+01 | 63  0.01916  6.02388e+01
 64  0.01677 -5.24712e+02 | 65  0.02140  3.99034e+02 | 66  0.02330  3.07926e+02
 67  0.02380 -1.74725e+02 | 68  0.02668  2.47146e+02 | 69  0.02844  8.04546e+01
 70  0.02817 -9.74670e+01 | 71  0.02393 -1.86851e+02 | 72  0.01957  9.10157e+01
 73  0.02105  1.49201e+02 | 74  0.09352  6.43943e+02 |
1 0 19749.9
1 0 19744.2
1 0 19740.9
1 0 19738.8
1 0 19737.1
1 0 19735
1 0 19731.1
1 0 19719.5
1 0 26240.5
1 0 19617.2
1 0 19600.2
1 0 26153.3
1 0 19636.8
1 0 19598.9
1 0 138382
1 0 19598.8
1 0 19598.4
1 0 19597.4
1 0 19587.8
1 0 19525.9
74 variables; iteration 100; function evaluation 137; phase 1
Function value   1.9526279e+04; maximum gradient component mag  -2.1677e+04
Var   Value    Gradient   |Var   Value    Gradient   |Var   Value    Gradient
  1  0.19446 -4.24664e+02 |  2  0.11422 -2.76039e+02 |  3  0.10333  1.52583e+02
  4  0.07026  5.05664e+01 |  5  0.04196 -7.33328e+01 |  6  0.04770  2.02908e+02
  7  0.00663 -9.16944e+01 |  8 -0.00124 -3.92772e+01 |  9  0.00742 -1.75521e+01
 10  0.02725  3.09823e+01 | 11  0.04728  1.09517e+02 | 12  0.04961  8.20255e+00
 13  0.06574  4.48702e+01 | 14  0.09220  1.56607e+02 | 15  0.11543  3.23218e+02
 16  0.07033  3.72674e+03 | 17 -0.02955 -1.10646e+03 | 18 -0.00177  1.20750e+03
 19  0.00202  7.79244e+02 | 20  0.00140 -6.01254e+02 | 21 -0.00141 -4.16002e+02
 22  0.00105  6.66636e+02 | 23  0.00571 -3.59392e+02 | 24  0.00268  2.65257e+02
 25  0.00235  5.38538e+02 | 26  0.00026  1.11708e+02 | 27 -0.00039  9.89698e+02
 28 -0.00137 -8.29719e+02 | 29  0.00428  6.29650e+02 | 30 -0.00021  5.22684e+02
 31  0.00005 -2.82783e+02 | 32  0.00376  1.56109e+03 | 33  0.00121 -2.11755e+03
 34  0.00131  5.29812e+02 | 35  0.00362  1.07618e+03 | 36  0.00300 -6.56842e+01
 37  0.00453  2.01001e+02 | 38  0.00170  1.00470e+03 | 39  0.00467  1.84177e+03
 40  0.00564  6.97526e+02 | 41 -0.00612 -2.94193e+03 | 42 -0.00186  7.61741e+02
 43  0.00180  2.52323e+03 | 44 -0.00267 -3.16620e+03 | 45  0.13814 -2.16774e+04
 46 -0.06002  6.31427e+03 | 47 -0.07561 -1.11772e+03 | 48 -0.06273  1.72092e+03
 49 -0.06138 -6.71361e+02 | 50 -0.04555  1.36292e+03 | 51 -0.04480  6.86247e+02
 52 -0.03888  1.10282e+03 | 53 -0.02276  2.33817e+02 | 54  0.00076  2.39893e+03
 55  0.00411  4.29677e+02 | 56  0.00399 -2.27966e+03 | 57  0.02243 -1.06919e+02
 58  0.02727 -2.96250e+02 | 59  0.02404 -9.55090e+02 | 60  0.02008 -1.37929e+03
 61  0.02379 -9.83881e+01 | 62  0.01224 -1.17304e+03 | 63  0.01916 -4.28285e+02
 64  0.01488 -1.33745e+03 | 65  0.01884 -2.10786e+02 | 66  0.02629  1.20500e+03
 67  0.01846 -2.26595e+03 | 68  0.02465 -1.92510e+03 | 69  0.03284  1.05709e+03
 70  0.02565 -1.11265e+02 | 71  0.02210 -1.76901e+03 | 72  0.02448 -1.77399e+03
 73  0.04495  1.16842e+03 | 74  0.02081  1.95741e+03 |
1 0 19465
1 0 19417.1
1 0 19386
1 0 19350.2
1 0 19341.6
1 0 19338.5
1 0 19336.7
1 0 19335.5
1 0 19333.8
1 0 19331.8
74 variables; iteration 110; function evaluation 147; phase 1
Function value   1.9331845e+04; maximum gradient component mag   1.5680e+03
Var   Value    Gradient   |Var   Value    Gradient   |Var   Value    Gradient
  1  0.24340 -1.69192e+02 |  2  0.17757 -7.39175e+01 |  3  0.12792 -1.98578e+01
  4  0.09383 -1.17111e+01 |  5  0.07182 -1.38132e-01 |  6  0.05595 -2.62199e+00
  7  0.04527  7.26187e-01 |  8  0.03784  2.80637e+00 |  9  0.03247  7.72143e+00
 10  0.02736  3.27273e+00 | 11  0.02356 -2.11422e+00 | 12  0.02250  5.69509e+00
 13  0.02177  5.95125e+00 | 14  0.02128  8.83672e+00 | 15  0.02013  2.65203e+00
 16  0.06535  1.23783e+02 | 17 -0.00451  2.96128e+02 | 18 -0.00223 -2.12469e+02
 19 -0.00037 -1.71642e+00 | 20  0.00209 -1.68379e+02 | 21 -0.00344 -1.81985e+02
 22 -0.00249 -2.68396e+01 | 23  0.00373 -9.43368e-01 | 24 -0.00148  2.23722e+01
 25 -0.00569 -9.50534e-01 | 26 -0.00198 -1.33740e+02 | 27 -0.00005 -1.63417e+01
 28 -0.00295  6.47317e+01 | 29  0.00062 -3.55143e-01 | 30 -0.00140 -8.53283e+01
 31  0.00084 -8.49897e+01 | 32  0.00168  7.38093e+01 | 33  0.00515 -5.91992e+00
 34  0.00079 -4.48845e+01 | 35  0.00157  4.47150e+01 | 36  0.00090  1.89971e+01
 37  0.00074  5.26372e+01 | 38 -0.00047 -7.13774e+01 | 39  0.00000 -5.56314e+00
 40  0.00161  1.27408e+02 | 41 -0.00137 -9.10104e+01 | 42  0.00012  6.17988e+01
 43  0.00126  1.96725e+02 | 44  0.00711  2.06356e+01 | 45  0.13932  1.56796e+03
 46 -0.06778  3.00399e+02 | 47 -0.06841 -1.95105e+02 | 48 -0.06867 -5.35973e+02
 49 -0.05601  1.90318e+01 | 50 -0.04723  1.08643e+01 | 51 -0.04519 -1.25166e+02
 52 -0.03851 -9.19124e+01 | 53 -0.01927 -2.73455e+01 | 54 -0.00432 -1.35786e+02
 55  0.00308 -4.81712e+01 | 56  0.01207  2.06864e+02 | 57  0.02205 -1.65514e+02
 58  0.02653 -1.25452e+01 | 59  0.02614  1.40462e+02 | 60  0.02359  1.46460e+02
 61  0.02269  2.72450e+02 | 62  0.01813  9.73707e+01 | 63  0.01974  2.05734e+02
 64  0.01825  5.49964e+01 | 65  0.01979 -1.08366e+02 | 66  0.02289 -4.66795e+01
 67  0.02487  8.43661e+00 | 68  0.02627 -5.71562e+01 | 69  0.02837 -4.89434e+00
 70  0.02880  1.62349e+02 | 71  0.02571  4.02827e+01 | 72  0.02361 -3.42732e+01
 73  0.02233 -8.43571e+01 | 74  0.02748 -5.05514e+02 |
1 0 19329.4
1 0 19326.4
1 0 19323.7
1 0 19321.9
1 0 19320.9
1 0 19320.7
1 0 19320.6
1 0 19320.5
1 0 19320.5
1 0 19320.4
74 variables; iteration 120; function evaluation 157; phase 1
Function value   1.9320426e+04; maximum gradient component mag   3.0023e+02
Var   Value    Gradient   |Var   Value    Gradient   |Var   Value    Gradient
  1  0.25041  1.05459e+01 |  2  0.18646  3.20760e+00 |  3  0.13354  1.71578e-01
  4  0.09626 -9.03187e-01 |  5  0.06999  1.12878e+00 |  6  0.05020  2.97991e-01
  7  0.03480  6.00043e-01 |  8  0.02239  7.41659e-01 |  9  0.01216  1.21000e-01
 10  0.00379 -3.82897e-01 | 11 -0.00290 -3.02949e-01 | 12 -0.00817 -1.22649e+00
 13 -0.01187  1.23224e-01 | 14 -0.01453 -6.88360e-01 | 15 -0.01595 -1.42070e+00
 16  0.05685  1.70582e+01 | 17 -0.00656 -2.63116e+01 | 18 -0.00196  6.06436e+01
 19  0.00041 -1.47275e+01 | 20  0.00268 -1.14570e+01 | 21 -0.00306  8.96550e+00
 22 -0.00228 -9.63276e+00 | 23  0.00378  3.87015e+00 | 24 -0.00182 -1.19885e+01
 25 -0.00573 -2.43031e+00 | 26 -0.00194 -6.96712e-01 | 27 -0.00047 -8.60977e+00
 28 -0.00304  8.07368e+00 | 29  0.00044  7.92566e+00 | 30 -0.00171  6.36350e+00
 31  0.00062 -7.39376e+00 | 32  0.00119 -1.34938e+01 | 33  0.00492  9.50547e+00
 34  0.00057 -8.97561e+00 | 35  0.00130 -2.32180e+00 | 36  0.00084 -4.23435e+00
 37  0.00063  6.13090e-01 | 38 -0.00048  1.29611e+01 | 39 -0.00015  3.01069e+00
 40  0.00119 -2.02038e+01 | 41 -0.00168 -2.17223e+00 | 42 -0.00018  3.02414e+00
 43  0.00161 -1.63133e+01 | 44  0.01089  3.12665e+01 | 45  0.14300  3.00228e+02
 46 -0.06886  9.17192e+01 | 47 -0.06803 -1.30991e+01 | 48 -0.06737 -2.19176e+01
 49 -0.05596  2.60445e+00 | 50 -0.04690  1.56196e+00 | 51 -0.04487 -1.17761e+01
 52 -0.03814 -5.26067e+00 | 53 -0.01911 -8.35770e+00 | 54 -0.00377  1.19688e+00
 55  0.00353 -2.62682e+00 | 56  0.01170 -3.23082e+00 | 57  0.02268  6.52931e+00
 58  0.02686  1.08381e+01 | 59  0.02609 -9.30464e-01 | 60  0.02357  8.79001e+00
 61  0.02202  6.03812e+00 | 62  0.01822  1.03814e-01 | 63  0.01950  5.26544e+00
 64  0.01823 -9.85668e-01 | 65  0.02014 -3.34517e+00 | 66  0.02311 -1.58187e+01
 67  0.02507 -2.39330e+01 | 68  0.02653 -1.12738e+01 | 69  0.02865 -3.03096e+00
 70  0.02865 -2.46486e-01 | 71  0.02514 -7.58079e+00 | 72  0.02142  1.15687e+01
 73  0.02141 -1.47562e+01 | 74  0.06567 -3.29560e+01 |
1 0 19320.4
1 0 19320.4
1 0 19320.4
1 0 19320.4
1 0 19320.4
1 0 19320.4
1 0 19320.4
1 0 19320.4
1 0 19320.4
1 0 19320.4
74 variables; iteration 130; function evaluation 167; phase 1
Function value   1.9320390e+04; maximum gradient component mag   1.2491e+01
Var   Value    Gradient   |Var   Value    Gradient   |Var   Value    Gradient
  1  0.25029 -6.09550e-01 |  2  0.18634 -1.20972e-01 |  3  0.13373  9.81371e-02
  4  0.09661  8.24599e-02 |  5  0.07016  5.80148e-02 |  6  0.05045 -1.65031e-02
  7  0.03520 -7.18414e-02 |  8  0.02314 -1.21542e-01 |  9  0.01352 -1.07975e-01
 10  0.00587 -7.68258e-02 | 11 -0.00015 -2.88242e-02 | 12 -0.00475  1.34881e-02
 13 -0.00808  3.94701e-02 | 14 -0.01025  3.87177e-02 | 15 -0.01131  9.91856e-02
 16  0.05673 -6.50660e-01 | 17 -0.00663  1.89483e+00 | 18 -0.00203  1.90452e+00
 19  0.00051 -1.20302e+00 | 20  0.00273 -1.90930e+00 | 21 -0.00304  5.79076e-01
 22 -0.00221 -3.59873e-01 | 23  0.00382 -1.19591e+00 | 24 -0.00173  2.23796e-01
 25 -0.00567  6.56172e-01 | 26 -0.00189  1.04904e+00 | 27 -0.00042 -9.74266e-01
 28 -0.00306  1.26674e+00 | 29  0.00043  1.82101e-01 | 30 -0.00170  4.19336e-01
 31  0.00066  2.00017e-01 | 32  0.00124  1.25493e+00 | 33  0.00494 -2.53433e+00
 34  0.00062  1.47442e+00 | 35  0.00134 -5.46986e-01 | 36  0.00089  2.49433e-01
 37  0.00066 -1.22268e+00 | 38 -0.00048 -1.89217e+00 | 39 -0.00013  5.08552e-01
 40  0.00125  4.95289e-01 | 41 -0.00165  5.00647e-01 | 42 -0.00019 -1.63970e+00
 43  0.00151 -3.20146e-01 | 44  0.01021  3.84459e-01 | 45  0.14298  1.24910e+01
 46 -0.06912 -1.82198e+00 | 47 -0.06804 -9.41920e-01 | 48 -0.06732  3.32819e-02
 49 -0.05599 -3.05240e+00 | 50 -0.04694  2.87054e-01 | 51 -0.04486  1.03232e+00
 52 -0.03818  1.39121e+00 | 53 -0.01911 -3.60928e-01 | 54 -0.00380  6.83595e-01
 55  0.00352  2.95978e-01 | 56  0.01172  1.95522e+00 | 57  0.02265 -1.02921e+00
 58  0.02680 -1.01194e-01 | 59  0.02607  7.82375e-01 | 60  0.02354 -8.68947e-02
 61  0.02199  1.32864e-01 | 62  0.01819  4.22156e-01 | 63  0.01947 -1.04130e+00
 64  0.01822  4.12851e-01 | 65  0.02013 -1.45060e-01 | 66  0.02311  7.93923e-02
 67  0.02508  1.82979e+00 | 68  0.02651  2.25517e-01 | 69  0.02865  8.92001e-01
 70  0.02864 -9.95261e-01 | 71  0.02523  4.02053e-02 | 72  0.02167 -1.69227e-01
 73  0.02167 -5.86036e-01 | 74  0.06546 -1.29362e+00 |
1 0 19320.4
1 0 19320.4
1 0 19320.4
1 0 19320.4
1 0 19320.4
1 0 19320.4

 - final statistics:
74 variables; iteration 136; function evaluation 173
Function value   1.9320e+04; maximum gradient component mag   9.8544e-02
Exit code = 1;  converg criter   1.0000e-01
Var   Value    Gradient   |Var   Value    Gradient   |Var   Value    Gradient
  1  0.25027  1.16339e-02 |  2  0.18631  5.92272e-03 |  3  0.13368 -1.84942e-03
  4  0.09657 -2.65942e-03 |  5  0.07014 -3.28737e-03 |  6  0.05048 -1.83939e-03
  7  0.03528 -5.46469e-04 |  8  0.02325 -2.57744e-03 |  9  0.01364 -2.57624e-04
 10  0.00595 -1.14470e-03 | 11 -0.00010  2.36173e-04 | 12 -0.00475  1.05814e-03
 13 -0.00813 -7.70094e-04 | 14 -0.01034  1.85036e-03 | 15 -0.01142  2.44459e-03
 16  0.05673 -7.66836e-03 | 17 -0.00667 -2.09401e-02 | 18 -0.00204 -9.91281e-03
 19  0.00051 -3.09578e-02 | 20  0.00274  1.02340e-02 | 21 -0.00304  6.72070e-03
 22 -0.00221  7.01879e-04 | 23  0.00383 -2.75611e-03 | 24 -0.00172 -1.56686e-02
 25 -0.00567  1.21749e-02 | 26 -0.00189  2.38686e-02 | 27 -0.00042  3.77291e-03
 28 -0.00306 -4.79949e-03 | 29  0.00043  2.01608e-02 | 30 -0.00170  8.45201e-03
 31  0.00066  1.15180e-02 | 32  0.00124 -1.13663e-02 | 33  0.00494 -1.61951e-02
 34  0.00062  1.80266e-02 | 35  0.00134  2.46682e-02 | 36  0.00089  2.18954e-02
 37  0.00067 -2.59696e-02 | 38 -0.00047 -1.86661e-02 | 39 -0.00013  2.27189e-02
 40  0.00125 -2.23096e-02 | 41 -0.00164 -1.68553e-02 | 42 -0.00018  2.50372e-02
 43  0.00151  2.56537e-02 | 44  0.01021 -2.26639e-03 | 45  0.14298  9.85444e-02
 46 -0.06912 -4.34323e-02 | 47 -0.06804  9.85830e-03 | 48 -0.06732 -4.49746e-02
 49 -0.05598  1.57982e-02 | 50 -0.04694 -2.19100e-02 | 51 -0.04486 -3.55890e-02
 52 -0.03818  1.79396e-02 | 53 -0.01911 -1.87938e-02 | 54 -0.00380  3.82019e-02
 55  0.00352 -5.30218e-03 | 56  0.01172 -1.27477e-02 | 57  0.02265  5.72256e-02
 58  0.02680  5.30215e-02 | 59  0.02607  3.75779e-02 | 60  0.02354  9.66407e-03
 61  0.02199  1.81744e-02 | 62  0.01819  2.72507e-03 | 63  0.01947  1.57643e-02
 64  0.01822 -1.36097e-02 | 65  0.02013 -2.01715e-02 | 66  0.02312 -2.50725e-02
 67  0.02508 -4.53854e-02 | 68  0.02652 -5.29931e-03 | 69  0.02865 -2.18097e-04
 70  0.02864  2.16383e-02 | 71  0.02523  8.26262e-03 | 72  0.02167 -1.26267e-02
 73  0.02167 -4.16251e-03 | 74  0.06545 -8.97911e-03 |
1 0 19320.4
B034016.3
0.3 0.474074
0.40635 0.384645
0.446572 0.357361
0.455964 0.351413
0.457805 0.350265
0.458152 0.350049
0.458217 0.350009
0.458229 0.350002
0.458231 0.35
0.458231 0.35
0.458231 0.35
0.458231 0.35
0.458231 0.35
0.458231 0.35
0.458231 0.35
0.458231 0.35
0.458231 0.35
0.458231 0.35
0.458231 0.35
0.458231 0.35
0.458231 0.35
FutMOrt0.102109
FutMOrt0.102109
FutMOrt0.102109
FutMOrt0.102109
FutMOrt0.102109
FutMOrt0.102109
FutMOrt0.102109
FutMOrt0.102109
FutMOrt0.102109
FutMOrt0.102109
2 0 19320.4

Initial statistics: 78 variables; iteration 0; function evaluation 0; phase 2
Function value   1.9320389e+04; maximum gradient component mag   1.4626e+02
Var   Value    Gradient   |Var   Value    Gradient   |Var   Value    Gradient
  1 -0.80381 -2.93354e+01 |  2 -0.60960 -5.25866e+01 |  3  0.25027  1.16339e-02
  4  0.18631  5.92272e-03 |  5  0.13368 -1.84942e-03 |  6  0.09657 -2.65942e-03
  7  0.07014 -3.28737e-03 |  8  0.05048 -1.83939e-03 |  9  0.03528 -5.46469e-04
 10  0.02325 -2.57744e-03 | 11  0.01364 -2.57624e-04 | 12  0.00595 -1.14470e-03
 13 -0.00010  2.36173e-04 | 14 -0.00475  1.05814e-03 | 15 -0.00813 -7.70094e-04
 16 -0.01034  1.85036e-03 | 17 -0.01142  2.44459e-03 | 18  0.05673 -7.66836e-03
 19 -0.00667 -2.22593e-02 | 20 -0.00204 -1.12321e-02 | 21  0.00051 -3.22771e-02
 22  0.00274  8.91471e-03 | 23 -0.00304  5.40146e-03 | 24 -0.00221 -6.17373e-04
 25  0.00383 -4.07535e-03 | 26 -0.00172 -1.69878e-02 | 27 -0.00567  1.08557e-02
 28 -0.00189  2.25493e-02 | 29 -0.00042  2.45365e-03 | 30 -0.00306 -6.11873e-03
 31  0.00043  1.88415e-02 | 32 -0.00170  7.13275e-03 | 33  0.00066  1.01987e-02
 34  0.00124 -1.26855e-02 | 35  0.00494 -1.75143e-02 | 36  0.00062  1.67074e-02
 37  0.00134  2.33490e-02 | 38  0.00089  2.05762e-02 | 39  0.00067 -2.72889e-02
 40 -0.00047 -1.99853e-02 | 41 -0.00013  2.13997e-02 | 42  0.00125 -2.36288e-02
 43 -0.00164 -1.81746e-02 | 44 -0.00018  2.37180e-02 | 45  0.00151  2.43344e-02
 46  0.01021 -3.58548e-03 | 47  0.14298  9.85444e-02 | 48 -0.06912 -4.32947e-02
 49 -0.06804  9.99587e-03 | 50 -0.06732 -4.48370e-02 | 51 -0.05598  1.59360e-02
 52 -0.04694 -2.17720e-02 | 53 -0.04486 -3.54509e-02 | 54 -0.03818  1.80777e-02
 55 -0.01911 -1.86555e-02 | 56 -0.00380  3.83403e-02 | 57  0.00352 -5.16383e-03
 58  0.01172 -1.26094e-02 | 59  0.02265  5.73639e-02 | 60  0.02680  5.31598e-02
 61  0.02607  3.77161e-02 | 62  0.02354  9.80233e-03 | 63  0.02199  1.83127e-02
 64  0.01819  2.86337e-03 | 65  0.01947  1.59026e-02 | 66  0.01822 -1.34714e-02
 67  0.02013 -2.00332e-02 | 68  0.02312 -2.49342e-02 | 69  0.02508 -4.52471e-02
 70  0.02652 -5.16107e-03 | 71  0.02865 -7.98801e-05 | 72  0.02864  2.17766e-02
 73  0.02523  8.40087e-03 | 74  0.02167 -1.24884e-02 | 75  0.02167 -4.02424e-03
 76  0.06545 -8.97911e-03 | 77 -0.69790  1.46255e+02 | 78 -0.61891  3.97676e+01
2 0 19320.4
2 0 19320.2
2 0 19321.1
2 0 19320.2
2 0 19320.2
2 0 19320.1
2 0 19320.2
2 0 19320.1
2 0 19320.1
2 0 19320
2 0 19320
2 0 19320
2 0 19320
2 0 19319.9

Intermediate statistics: 78 variables; iteration 10; function evaluation 14; phase 2
Function value   1.9319947e+04; maximum gradient component mag   4.7500e+02
Var   Value    Gradient   |Var   Value    Gradient   |Var   Value    Gradient
  1 -0.80126 -2.08209e+01 |  2 -0.60516 -3.66448e+01 |  3  0.25044 -8.18976e-01
  4  0.18606 -3.24810e+00 |  5  0.13353 -3.90724e-01 |  6  0.09650 -1.23276e-02
  7  0.07011 -2.62309e-02 |  8  0.05046 -3.26169e-02 |  9  0.03527 -3.02711e-02
 10  0.02324 -2.76356e-02 | 11  0.01363 -2.33358e-02 | 12  0.00595 -2.08601e-02
 13 -0.00011 -1.80383e-02 | 14 -0.00476 -1.60725e-02 | 15 -0.00814 -1.56334e-02
 16 -0.01034 -1.35545e-02 | 17 -0.01143 -1.27199e-02 | 18  0.05670  1.40847e+02
 19 -0.00629 -1.52133e+01 | 20 -0.00198  1.77594e+01 | 21  0.00055  1.65716e+01
 22  0.00269 -3.60016e+01 | 23 -0.00307  2.78483e+00 | 24 -0.00218  2.40243e+01
 25  0.00389  3.33305e+01 | 26 -0.00172 -2.52516e+01 | 27 -0.00566 -1.48336e+01
 28 -0.00187  2.52749e+00 | 29 -0.00039 -5.93180e+00 | 30 -0.00306  4.64733e+00
 31  0.00042  7.78436e+00 | 32 -0.00167  3.10219e+01 | 33  0.00068  2.08825e+01
 34  0.00122 -4.98167e+00 | 35  0.00490 -5.73917e+01 | 36  0.00058  1.64353e+01
 37  0.00130  5.52234e+00 | 38  0.00084 -1.34266e+01 | 39  0.00059 -1.85741e+01
 40 -0.00054 -1.96106e+00 | 41 -0.00017 -4.78681e+00 | 42  0.00118 -2.52600e+01
 43 -0.00167  1.62884e+01 | 44 -0.00013  4.39559e+01 | 45  0.00149  1.91158e+01
 46  0.01006 -3.90544e+01 | 47  0.14279  4.75000e+02 | 48 -0.06914 -1.20983e+01
 49 -0.06802 -6.89322e+00 | 50 -0.06728  4.61536e+00 | 51 -0.05597  3.68918e+01
 52 -0.04697  9.88705e+00 | 53 -0.04485 -1.47494e+01 | 54 -0.03827 -4.16242e+01
 55 -0.01920 -1.43032e+01 | 56 -0.00380  2.01217e+01 | 57  0.00353  3.07537e+01
 58  0.01178  5.81370e+01 | 59  0.02268  4.11429e+01 | 60  0.02681  1.04866e+01
 61  0.02604 -3.54987e+01 | 62  0.02353 -3.51024e+01 | 63  0.02194 -2.80586e+01
 64  0.01844  1.04039e+02 | 65  0.01938 -2.36231e+01 | 66  0.01827  1.34240e+01
 67  0.02016  1.47603e+01 | 68  0.02313  1.55870e+01 | 69  0.02506 -3.74330e-02
 70  0.02655  1.53173e+01 | 71  0.02865  1.13212e+01 | 72  0.02854 -5.85448e+01
 73  0.02529 -3.34161e+01 | 74  0.02166 -4.99504e+01 | 75  0.02160 -2.32159e+01
 76  0.06336 -5.04585e+01 | 77 -0.69995  3.25613e+01 | 78 -0.62042  1.23029e+01
2 0 19319.9
2 0 19319.9
2 0 19319.9
2 0 19319.8
2 0 19319.7
2 0 19319.7
2 0 19319.7
2 0 19319.6
2 0 19319.5
2 0 19319.4
2 0 19319.8
2 0 19319.4
78 variables; iteration 20; function evaluation 26; phase 2
Function value   1.9319408e+04; maximum gradient component mag   2.4269e+02
Var   Value    Gradient   |Var   Value    Gradient   |Var   Value    Gradient
  1 -0.79227 -1.54264e+01 |  2 -0.58773 -2.92606e+01 |  3  0.25102 -1.18582e+01
  4  0.18678 -4.24016e+00 |  5  0.13346 -4.66363e+00 |  6  0.09627 -2.16734e+00
  7  0.06998 -6.28860e-01 |  8  0.05040 -3.67346e-01 |  9  0.03524 -3.06034e-01
 10  0.02323 -2.59591e-01 | 11  0.01362 -2.18862e-01 | 12  0.00594 -1.90481e-01
 13 -0.00012 -1.68366e-01 | 14 -0.00476 -1.52057e-01 | 15 -0.00814 -1.42265e-01
 16 -0.01034 -1.34618e-01 | 17 -0.01143 -1.32348e-01 | 18  0.05615  1.47701e+02
 19 -0.00673 -4.53645e+00 | 20 -0.00189  3.32853e+01 | 21  0.00063  2.23271e+01
 22  0.00262 -8.42774e+01 | 23 -0.00313  2.41139e+01 | 24 -0.00216  5.98494e+01
 25  0.00396  6.82644e+01 | 26 -0.00175 -3.19069e+01 | 27 -0.00570 -5.24527e+01
 28 -0.00184  9.70956e+00 | 29 -0.00043 -1.80036e+01 | 30 -0.00317 -1.32317e+01
 31  0.00035  6.19955e+00 | 32 -0.00168  3.13848e+01 | 33  0.00072  2.81697e+01
 34  0.00137  3.85004e+01 | 35  0.00498 -5.71675e+00 | 36  0.00057 -7.47161e+00
 37  0.00123 -1.27286e+01 | 38  0.00075 -3.10878e+01 | 39  0.00047 -3.97601e+01
 40 -0.00068 -2.98373e+01 | 41 -0.00027 -2.30479e+01 | 42  0.00115 -2.75084e+01
 43 -0.00163  1.66999e+01 | 44 -0.00006  3.53031e+01 | 45  0.00172  2.76146e+01
 46  0.01060 -2.17774e+01 | 47  0.14389  2.42685e+02 | 48 -0.06912 -6.24343e+00
 49 -0.06799  1.55312e+01 | 50 -0.06716  6.75098e+01 | 51 -0.05583  1.41288e+02
 52 -0.04698  4.68337e+01 | 53 -0.04492 -2.87557e+01 | 54 -0.03828 -8.58362e+01
 55 -0.01927 -8.62493e+01 | 56 -0.00383  1.78791e+00 | 57  0.00357  3.79201e+01
 58  0.01188  8.98024e+01 | 59  0.02267  6.63046e+01 | 60  0.02679  2.61676e+01
 61  0.02608 -1.00091e+00 | 62  0.02348 -3.66781e+01 | 63  0.02204 -4.54616e+00
 64  0.01825  7.97775e+00 | 65  0.01949  3.60040e+00 | 66  0.01819 -1.29840e+01
 67  0.02019  2.24317e+01 | 68  0.02311  3.73746e+00 | 69  0.02502 -5.43562e+00
 70  0.02650  5.31803e+00 | 71  0.02858 -1.49927e+01 | 72  0.02858 -3.29166e+01
 73  0.02519 -1.87862e+01 | 74  0.02151 -1.45645e+01 | 75  0.02203 -2.12096e+00
 76  0.07214 -2.97463e+00 | 77 -0.69537  2.97160e+01 | 78 -0.62712  3.42450e+00
2 0 19319.4
2 0 19319.5
2 0 19319.4
2 0 19319.4
2 0 19319.4
2 0 19319.4
2 0 19319.4
2 0 19319.4
2 0 19319.4
2 0 19319.4
2 0 19319.4
2 0 19319.4
78 variables; iteration 30; function evaluation 38; phase 2
Function value   1.9319374e+04; maximum gradient component mag   1.6417e+02
Var   Value    Gradient   |Var   Value    Gradient   |Var   Value    Gradient
  1 -0.79207 -1.49028e+01 |  2 -0.58513 -2.88245e+01 |  3  0.25166  1.09796e+01
  4  0.18748  1.30248e+00 |  5  0.13482  3.05926e+00 |  6  0.09711 -2.77182e-01
  7  0.07025 -1.20701e+00 |  8  0.05051 -3.71738e-01 |  9  0.03533 -9.09855e-03
 10  0.02331  1.57039e-02 | 11  0.01369  1.64974e-03 | 12  0.00600 -4.53517e-03
 13 -0.00006 -4.94266e-03 | 14 -0.00471 -4.83020e-03 | 15 -0.00809 -5.78156e-03
 16 -0.01030 -4.00359e-03 | 17 -0.01139 -2.50369e-03 | 18  0.05623  1.51335e+02
 19 -0.00669 -3.59089e+01 | 20 -0.00199  2.14544e+01 | 21  0.00065  3.37319e+01
 22  0.00263 -5.99771e+01 | 23 -0.00317  3.61246e+00 | 24 -0.00209  6.42732e+01
 25  0.00413  1.06572e+02 | 26 -0.00168 -2.49883e+01 | 27 -0.00578 -6.14354e+01
 28 -0.00188  9.94336e-01 | 29 -0.00043 -6.19788e+00 | 30 -0.00320 -3.49299e-01
 31  0.00026 -2.11865e+01 | 32 -0.00177  3.20381e+01 | 33  0.00068  2.96684e+01
 34  0.00130  1.53441e+01 | 35  0.00491 -1.26336e+01 | 36  0.00048 -2.06827e+01
 37  0.00120 -8.82864e+00 | 38  0.00076 -2.50407e+01 | 39  0.00058 -1.31285e+01
 40 -0.00059 -1.50160e+01 | 41 -0.00027 -2.58594e+01 | 42  0.00113 -1.92783e+01
 43 -0.00168  3.43354e+00 | 44 -0.00012  2.79803e+01 | 45  0.00174  2.92774e+01
 46  0.01086 -2.44924e+01 | 47  0.14398  1.64172e+02 | 48 -0.06922 -2.97936e+01
 49 -0.06798  1.77764e+01 | 50 -0.06706  7.91559e+01 | 51 -0.05587  9.46342e+01
 52 -0.04703  2.12733e+01 | 53 -0.04492 -3.39276e+01 | 54 -0.03818 -7.63041e+01
 55 -0.01917 -7.62346e+01 | 56 -0.00383 -5.38925e+00 | 57  0.00360  4.77926e+01
 58  0.01195  9.64344e+01 | 59  0.02269  5.28802e+01 | 60  0.02687  4.72274e+01
 61  0.02599 -4.36968e+01 | 62  0.02356 -2.49843e+01 | 63  0.02206 -4.19031e-01
 64  0.01827  7.28394e+00 | 65  0.01946 -1.46756e+01 | 66  0.01819 -2.54449e+01
 67  0.02013 -1.17223e+01 | 68  0.02317 -4.17432e-02 | 69  0.02511  3.22004e+00
 70  0.02653 -2.75493e+00 | 71  0.02858 -3.80762e+01 | 72  0.02864 -2.69928e+01
 73  0.02509 -5.78304e+01 | 74  0.02137 -2.84719e+01 | 75  0.02148 -8.71919e+00
 76  0.07320  3.74206e+00 | 77 -0.69510  2.91491e+01 | 78 -0.62638  2.61372e+00
2 0 19319.4
2 0 19319.4
2 0 19319.4
2 0 19319.4
2 0 19319.4
2 0 19319.4
2 0 19319.3
2 0 19319.3
2 0 19319.3
2 0 19319.4
2 0 19319.3
2 0 19319.3
2 0 19319.3
78 variables; iteration 40; function evaluation 51; phase 2
Function value   1.9319284e+04; maximum gradient component mag  -2.6986e+02
Var   Value    Gradient   |Var   Value    Gradient   |Var   Value    Gradient
  1 -0.79754 -1.95856e+01 |  2 -0.57148 -3.19097e+01 |  3  0.25213  6.66495e+00
  4  0.18747 -1.95115e+00 |  5  0.13567 -3.85658e+00 |  6  0.10158  1.55275e+01
  7  0.07480  1.00308e+01 |  8  0.05256 -3.49015e+00 |  9  0.03611 -2.93482e+00
 10  0.02382 -4.82880e-01 | 11  0.01415  1.53482e-01 | 12  0.00643  1.50335e-01
 13  0.00033  1.04884e-01 | 14 -0.00436  8.44092e-02 | 15 -0.00776  7.36790e-02
 16 -0.00998  7.60345e-02 | 17 -0.01108  7.09168e-02 | 18  0.05642  2.09349e+02
 19 -0.00677 -4.10182e+01 | 20 -0.00200  2.21846e+01 | 21  0.00068  3.35138e+01
 22  0.00260 -7.51947e+01 | 23 -0.00322 -8.00210e+00 | 24 -0.00215  5.27138e+01
 25  0.00402  6.77619e+01 | 26 -0.00175 -2.46711e+01 | 27 -0.00582 -7.03940e+01
 28 -0.00186 -8.63977e+00 | 29 -0.00039 -5.38955e+00 | 30 -0.00316 -1.43679e+00
 31  0.00025 -2.40566e+01 | 32 -0.00175  4.05885e+01 | 33  0.00075  5.33443e+01
 34  0.00131  1.03843e+00 | 35  0.00495 -1.20449e+01 | 36  0.00052 -9.74180e+00
 37  0.00120 -1.25060e+01 | 38  0.00078 -2.49588e+01 | 39  0.00063 -1.72549e+01
 40 -0.00059 -2.88484e+01 | 41 -0.00025 -2.70063e+01 | 42  0.00113 -2.97219e+01
 43 -0.00167  2.32719e+00 | 44 -0.00012  1.77835e+01 | 45  0.00176  2.99970e+01
 46  0.01072 -4.91215e+01 | 47  0.14456 -2.69862e+02 | 48 -0.06930 -3.98722e+01
 49 -0.06801  1.71471e+01 | 50 -0.06710  7.86553e+01 | 51 -0.05588  9.42092e+01
 52 -0.04703  2.47858e+01 | 53 -0.04497 -2.68181e+01 | 54 -0.03821 -6.29031e+01
 55 -0.01919 -8.44765e+01 | 56 -0.00392 -2.94292e+01 | 57  0.00359  5.94021e+01
 58  0.01192  1.00054e+02 | 59  0.02272  7.77417e+01 | 60  0.02679  3.42359e+01
 61  0.02596 -4.81923e+01 | 62  0.02352 -3.47266e+01 | 63  0.02196 -1.71443e+01
 64  0.01825  8.84074e+00 | 65  0.01943 -2.28018e+01 | 66  0.01809 -5.33827e+01
 67  0.02006 -3.47317e+01 | 68  0.02318  4.19095e+00 | 69  0.02504 -9.74573e+00
 70  0.02654  1.45575e+01 | 71  0.02852 -4.83551e+01 | 72  0.02866 -9.05118e+00
 73  0.02504 -5.23346e+01 | 74  0.02139 -1.29871e+01 | 75  0.02239  1.70922e+01
 76  0.07738  9.41786e+01 | 77 -0.69636 -1.39347e+01 | 78 -0.61208 -7.65953e+00
2 0 19319.3
2 0 19319.3
2 0 19319.3
2 0 19319.3
2 0 19319.3
2 0 19319.3
2 0 19319.2
2 0 19319.2
2 0 19319.3
2 0 19319.2
2 0 19319.2
2 0 19319.2
78 variables; iteration 50; function evaluation 63; phase 2
Function value   1.9319243e+04; maximum gradient component mag  -5.1530e+02
Var   Value    Gradient   |Var   Value    Gradient   |Var   Value    Gradient
  1 -0.80015 -2.19820e+01 |  2 -0.56587 -3.31853e+01 |  3  0.25246  1.41695e+00
  4  0.18799  1.62177e+00 |  5  0.13544 -6.47559e+00 |  6  0.10116  1.44151e+01
  7  0.07429  5.99129e+00 |  8  0.05305 -1.84700e+00 |  9  0.03713  3.97558e-01
 10  0.02442 -6.37899e-01 | 11  0.01440 -6.70764e-01 | 12  0.00658 -1.40552e-01
 13  0.00046  6.17924e-02 | 14 -0.00423  7.64822e-02 | 15 -0.00764  5.90988e-02
 16 -0.00987  5.97404e-02 | 17 -0.01097  5.34692e-02 | 18  0.05652  2.44923e+02
 19 -0.00672 -3.48294e+01 | 20 -0.00202  1.81890e+01 | 21  0.00065  3.15202e+01
 22  0.00254 -8.88181e+01 | 23 -0.00326 -1.06999e+01 | 24 -0.00211  6.19363e+01
 25  0.00406  7.79450e+01 | 26 -0.00184 -4.61527e+01 | 27 -0.00583 -6.88379e+01
 28 -0.00181  7.96772e+00 | 29 -0.00042 -1.12303e+01 | 30 -0.00315 -1.29318e+00
 31  0.00025 -2.39864e+01 | 32 -0.00178  4.05098e+01 | 33  0.00070  4.83752e+01
 34  0.00125 -1.11423e+01 | 35  0.00493 -1.27095e+01 | 36  0.00053 -8.98901e+00
 37  0.00124 -2.19628e+00 | 38  0.00079 -1.95687e+01 | 39  0.00059 -2.78456e+01
 40 -0.00058 -2.63104e+01 | 41 -0.00022 -1.99566e+01 | 42  0.00114 -2.88543e+01
 43 -0.00162  1.34166e+01 | 44 -0.00007  2.72240e+01 | 45  0.00180  3.34372e+01
 46  0.01074 -5.99506e+01 | 47  0.14477 -5.15299e+02 | 48 -0.06925 -3.35179e+01
 49 -0.06800  1.45579e+01 | 50 -0.06707  8.63616e+01 | 51 -0.05588  9.00984e+01
 52 -0.04707  9.55836e+00 | 53 -0.04494 -2.33081e+01 | 54 -0.03812 -4.92405e+01
 55 -0.01921 -8.57315e+01 | 56 -0.00394 -3.42100e+01 | 57  0.00367  7.32017e+01
 58  0.01186  7.79566e+01 | 59  0.02276  8.61249e+01 | 60  0.02683  3.76423e+01
 61  0.02599 -4.44063e+01 | 62  0.02350 -4.51508e+01 | 63  0.02191 -3.02462e+01
 64  0.01824  2.75724e+00 | 65  0.01942 -2.76867e+01 | 66  0.01814 -4.35052e+01
 67  0.02008 -3.09555e+01 | 68  0.02315 -6.78740e+00 | 69  0.02506 -7.15426e+00
 70  0.02656  1.55793e+01 | 71  0.02850 -6.19677e+01 | 72  0.02870 -3.72998e+00
 73  0.02505 -5.29039e+01 | 74  0.02139 -1.50141e+00 | 75  0.02212  2.73270e+01
 76  0.07905  1.48036e+02 | 77 -0.69699 -4.01233e+01 | 78 -0.60591 -1.28358e+01
2 0 19319.2
2 0 19319.2
2 0 19319.2
2 0 19319.2
2 0 19319.2
2 0 19319.2
2 0 19319.2
2 0 19319.2
2 0 19319.2
2 0 19319.2
2 0 19319.2
2 0 19319.2
2 0 19319.2
78 variables; iteration 60; function evaluation 76; phase 2
Function value   1.9319237e+04; maximum gradient component mag  -5.4060e+02
Var   Value    Gradient   |Var   Value    Gradient   |Var   Value    Gradient
  1 -0.80155 -2.24623e+01 |  2 -0.56451 -3.34419e+01 |  3  0.25245  7.55491e-01
  4  0.18796  1.00803e+00 |  5  0.13550 -5.73529e+00 |  6  0.10103  1.54381e+01
  7  0.07359  4.04448e+00 |  8  0.05224 -2.13345e+00 |  9  0.03617 -2.96107e+00
 10  0.02425 -6.55919e-01 | 11  0.01500  2.24928e+00 | 12  0.00708  5.75262e-01
 13  0.00066 -5.12007e-01 | 14 -0.00415 -2.79393e-01 | 15 -0.00758 -2.55765e-02
 16 -0.00981  4.50122e-02 | 17 -0.01091  4.40389e-02 | 18  0.05651  2.51121e+02
 19 -0.00678 -3.62456e+01 | 20 -0.00201  2.20712e+01 | 21  0.00067  3.28940e+01
 22  0.00256 -8.55750e+01 | 23 -0.00328 -1.59647e+01 | 24 -0.00213  5.89562e+01
 25  0.00407  8.03340e+01 | 26 -0.00182 -4.46798e+01 | 27 -0.00584 -7.13164e+01
 28 -0.00181  8.65373e+00 | 29 -0.00043 -1.42524e+01 | 30 -0.00312  2.06821e+00
 31  0.00026 -2.11167e+01 | 32 -0.00180  3.46811e+01 | 33  0.00069  4.41485e+01
 34  0.00127 -7.92366e+00 | 35  0.00495 -9.54071e+00 | 36  0.00057  3.82891e-01
 37  0.00126  3.03667e+00 | 38  0.00077 -3.00818e+01 | 39  0.00059 -2.85203e+01
 40 -0.00059 -2.87132e+01 | 41 -0.00021 -1.74582e+01 | 42  0.00115 -2.62758e+01
 43 -0.00162  1.05761e+01 | 44 -0.00006  2.94668e+01 | 45  0.00179  3.12599e+01
 46  0.01072 -6.33215e+01 | 47  0.14480 -5.40595e+02 | 48 -0.06927 -3.84136e+01
 49 -0.06801  1.46459e+01 | 50 -0.06708  8.41080e+01 | 51 -0.05586  9.56004e+01
 52 -0.04708  9.54598e+00 | 53 -0.04497 -2.64181e+01 | 54 -0.03812 -4.85965e+01
 55 -0.01920 -8.11540e+01 | 56 -0.00395 -3.70410e+01 | 57  0.00367  7.58829e+01
 58  0.01183  7.11820e+01 | 59  0.02277  8.89719e+01 | 60  0.02684  4.22729e+01
 61  0.02596 -4.87522e+01 | 62  0.02348 -4.69772e+01 | 63  0.02192 -2.62745e+01
 64  0.01822 -1.26475e+00 | 65  0.01944 -2.74665e+01 | 66  0.01816 -4.03714e+01
 67  0.02005 -3.85181e+01 | 68  0.02316 -2.09701e-01 | 69  0.02504 -8.72570e+00
 70  0.02657  2.12989e+01 | 71  0.02849 -6.27713e+01 | 72  0.02868 -8.99792e+00
 73  0.02507 -4.57740e+01 | 74  0.02136 -6.49733e+00 | 75  0.02226  2.95561e+01
 76  0.07922  1.55033e+02 | 77 -0.69705 -4.40437e+01 | 78 -0.60521 -1.36583e+01
2 0 19319.2
2 0 19319.2
2 0 19319.2
2 0 19319.2
2 0 19319.2
2 0 19319.2
2 0 19319.3
2 0 19319.2
2 0 19319.2
2 0 19319.2
2 0 19319.2
2 0 19319.2
2 0 19319.2
2 0 19319.2
2 0 19319.2
78 variables; iteration 70; function evaluation 91; phase 2
Function value   1.9319224e+04; maximum gradient component mag  -4.7277e+02
Var   Value    Gradient   |Var   Value    Gradient   |Var   Value    Gradient
  1 -0.80708 -2.31419e+01 |  2 -0.56149 -3.40203e+01 |  3  0.25237  2.24508e-01
  4  0.18787  2.98801e-01 |  5  0.13539 -5.75684e+00 |  6  0.10081  1.56633e+01
  7  0.07311  3.02289e+00 |  8  0.05171 -1.86063e+00 |  9  0.03544 -3.69664e+00
 10  0.02347 -6.68906e-01 | 11  0.01412  4.77858e-02 | 12  0.00671 -8.42264e-01
 13  0.00122  9.19448e-01 | 14 -0.00309  2.15279e+00 | 15 -0.00672  6.06446e-01
 16 -0.00931 -5.88281e-01 | 17 -0.01058 -5.08355e-01 | 18  0.05645  2.51010e+02
 19 -0.00683 -3.69380e+01 | 20 -0.00203  1.62763e+01 | 21  0.00067  3.58757e+01
 22  0.00256 -8.40452e+01 | 23 -0.00328 -1.76057e+01 | 24 -0.00213  5.81632e+01
 25  0.00408  8.28013e+01 | 26 -0.00182 -4.24373e+01 | 27 -0.00584 -7.31216e+01
 28 -0.00180  8.91413e+00 | 29 -0.00042 -1.01806e+01 | 30 -0.00313  5.53175e-01
 31  0.00026 -2.14755e+01 | 32 -0.00180  3.44964e+01 | 33  0.00069  4.37836e+01
 34  0.00126 -9.71866e+00 | 35  0.00495 -8.42493e+00 | 36  0.00057  1.04284e+00
 37  0.00125  4.09247e-01 | 38  0.00077 -2.95367e+01 | 39  0.00060 -2.36032e+01
 40 -0.00060 -3.34798e+01 | 41 -0.00023 -1.54611e+01 | 42  0.00114 -3.01713e+01
 43 -0.00161  1.74200e+01 | 44 -0.00006  2.89437e+01 | 45  0.00178  2.80018e+01
 46  0.01079 -6.22125e+01 | 47  0.14474 -4.72773e+02 | 48 -0.06924 -3.35105e+01
 49 -0.06802  6.65533e+00 | 50 -0.06706  8.52568e+01 | 51 -0.05585  9.51458e+01
 52 -0.04706  1.17299e+01 | 53 -0.04497 -2.81775e+01 | 54 -0.03810 -4.59638e+01
 55 -0.01919 -8.34171e+01 | 56 -0.00393 -3.33070e+01 | 57  0.00369  7.76917e+01
 58  0.01184  7.01752e+01 | 59  0.02278  8.55782e+01 | 60  0.02686  4.41619e+01
 61  0.02598 -4.53822e+01 | 62  0.02349 -4.65608e+01 | 63  0.02192 -2.55508e+01
 64  0.01824  5.52696e-01 | 65  0.01945 -2.58068e+01 | 66  0.01815 -4.24001e+01
 67  0.02005 -3.94594e+01 | 68  0.02318  4.84270e+00 | 69  0.02506 -6.16529e+00
 70  0.02656  1.58981e+01 | 71  0.02849 -6.41250e+01 | 72  0.02869 -7.22710e+00
 73  0.02509 -3.98299e+01 | 74  0.02130 -1.36367e+01 | 75  0.02204  2.54113e+01
 76  0.07888  1.47964e+02 | 77 -0.69678 -4.22735e+01 | 78 -0.60680 -1.37967e+01
2 0 19319.2
2 0 19319.2
2 0 19319.2
2 0 19319.2
2 0 19319.2
2 0 19319.2
2 0 19319.2
2 0 19319.2
2 0 19319.2
2 0 19319.2
2 0 19319.2
2 0 19319.1
2 0 19319.1
2 0 19318.7
2 0 19318.3
78 variables; iteration 80; function evaluation 106; phase 2
Function value   1.9318330e+04; maximum gradient component mag  -1.6826e+03
Var   Value    Gradient   |Var   Value    Gradient   |Var   Value    Gradient
  1 -0.84907 -1.63284e+01 |  2 -0.48451 -1.45931e+01 |  3  0.25432 -3.95793e+01
  4  0.18959 -2.38323e+00 |  5  0.13702  1.36539e+00 |  6  0.09988  7.19081e-01
  7  0.07347  5.22703e+00 |  8  0.05244  5.67066e-01 |  9  0.03571 -3.85468e+00
 10  0.02323 -3.18160e+00 | 11  0.01403 -2.25089e+00 | 12  0.00738 -2.20494e+00
 13  0.00301 -9.27597e-01 | 14  0.00040  4.95595e-01 | 15 -0.00099  4.09730e+00
 16 -0.00226  5.38257e+00 | 17 -0.00384 -1.06434e+00 | 18  0.05379  2.45601e+02
 19 -0.00641  3.05024e+01 | 20 -0.00203  1.32018e+01 | 21  0.00056 -1.32186e+00
 22  0.00278 -6.63113e+00 | 23 -0.00319 -1.37533e+01 | 24 -0.00233 -1.33322e+01
 25  0.00371 -2.91152e+01 | 26 -0.00202 -2.78276e+01 | 27 -0.00604 -1.38080e+01
 28 -0.00219 -7.09811e+00 | 29 -0.00062 -9.26722e-01 | 30 -0.00325 -2.05066e+01
 31  0.00030  5.72361e+00 | 32 -0.00177  2.15601e+00 | 33  0.00078  1.85443e+01
 34  0.00142  2.10755e+01 | 35  0.00513  3.42384e+01 | 36  0.00072  1.11331e+01
 37  0.00143  1.55324e+01 | 38  0.00099  1.17696e+01 | 39  0.00080  9.49310e+00
 40 -0.00036  1.56067e+01 | 41 -0.00001  1.29565e+01 | 42  0.00143  1.24688e+01
 43 -0.00153  1.78536e+01 | 44 -0.00003  2.28626e+01 | 45  0.00172  3.05991e-01
 46  0.01006 -8.04362e+01 | 47  0.14616 -1.68261e+03 | 48 -0.06900  2.58058e-01
 49 -0.06804 -1.45026e+00 | 50 -0.06741 -2.51706e+00 | 51 -0.05588 -2.88942e+01
 52 -0.04688 -1.77563e+01 | 53 -0.04495  5.92880e+00 | 54 -0.03806  2.21275e+01
 55 -0.01883  3.10751e+01 | 56 -0.00371 -4.60620e+00 | 57  0.00348 -2.49800e+01
 58  0.01181 -8.33616e+00 | 59  0.02261 -2.63358e+01 | 60  0.02678 -4.15252e+01
 61  0.02602 -7.73699e+00 | 62  0.02349 -4.53000e+00 | 63  0.02184 -9.88129e+00
 64  0.01816 -9.49355e+00 | 65  0.01943 -5.64670e+00 | 66  0.01819  4.03947e+00
 67  0.02012  8.60755e+00 | 68  0.02314 -3.82640e+00 | 69  0.02508 -8.14401e+00
 70  0.02646 -6.34162e+00 | 71  0.02875 -4.53635e+00 | 72  0.02866 -1.96181e+01
 73  0.02520  9.64867e+00 | 74  0.02156  6.72417e+01 | 75  0.02148  8.15310e+01
 76  0.08874  4.01292e+02 | 77 -0.69988 -1.69131e+02 | 78 -0.58449 -3.70596e+01
2 0 19318.1
2 0 19318
2 0 19317.9
2 0 19317.8
2 0 19317.7
2 0 19317.1
2 0 19316.9
2 0 19317.1
2 0 19316.7
2 0 19316.5
2 0 19316.5
2 0 19316.4
2 0 19316.2
2 0 19316
78 variables; iteration 90; function evaluation 120; phase 2
Function value   1.9315977e+04; maximum gradient component mag  -2.2574e+02
Var   Value    Gradient   |Var   Value    Gradient   |Var   Value    Gradient
  1 -0.76921 -5.23179e-01 |  2 -0.32750  8.99403e+00 |  3  0.26203 -5.05417e+00
  4  0.19489  1.94120e+00 |  5  0.14157  4.03759e-01 |  6  0.10400 -2.96628e+00
  7  0.07813 -6.97073e-01 |  8  0.05951  2.10181e+00 |  9  0.04508  4.78172e+00
 10  0.03274  3.76602e+00 | 11  0.02197  4.35906e+00 | 12  0.01201  2.51148e+00
 13  0.00297 -7.65527e-01 | 14 -0.00446 -2.66041e+00 | 15 -0.00994 -8.88330e+00
 16 -0.01174 -2.78761e+00 | 17 -0.01173  3.31343e+00 | 18  0.05474  9.07091e+01
 19 -0.00684 -9.69792e+00 | 20 -0.00184  6.18711e+00 | 21  0.00084 -3.41245e+00
 22  0.00287  8.03592e+00 | 23 -0.00340  1.05303e+01 | 24 -0.00239 -4.44788e+00
 25  0.00357 -1.37377e+01 | 26 -0.00280 -6.10379e+00 | 27 -0.00677  9.18467e+00
 28 -0.00273  4.64026e+00 | 29 -0.00116  2.87275e+00 | 30 -0.00369  3.35483e-01
 31  0.00011  1.38013e+01 | 32 -0.00184 -3.17807e+00 | 33  0.00101 -6.10278e+00
 34  0.00171 -6.39000e+00 | 35  0.00549  1.21426e+01 | 36  0.00087 -2.15247e+00
 37  0.00160  2.12573e+00 | 38  0.00118  5.82758e+00 | 39  0.00105  4.55994e+00
 40 -0.00011  7.91069e+00 | 41  0.00021  3.83509e-01 | 42  0.00175  4.34840e+00
 43 -0.00131 -6.61320e-01 | 44  0.00034 -2.52630e+00 | 45  0.00224 -4.76728e+00
 46  0.01006 -1.41276e+01 | 47  0.15277 -2.25738e+02 | 48 -0.06876  8.40357e+00
 49 -0.06808  1.33470e+00 | 50 -0.06748 -8.28174e+00 | 51 -0.05549 -7.63547e+00
 52 -0.04668  1.97728e+00 | 53 -0.04503  3.13715e-01 | 54 -0.03747  2.13105e+01
 55 -0.01812  3.20572e+01 | 56 -0.00329  1.59052e+01 | 57  0.00376 -4.69145e+00
 58  0.01212 -2.45738e+00 | 59  0.02265 -1.03278e+01 | 60  0.02687 -6.60417e+00
 61  0.02582  3.59189e+00 | 62  0.02324  4.28865e+00 | 63  0.02140 -1.37613e+00
 64  0.01804 -9.26062e+00 | 65  0.01927 -5.08617e+00 | 66  0.01803 -3.65910e+00
 67  0.01999 -3.01489e-01 | 68  0.02312 -1.10060e+01 | 69  0.02506 -1.39843e+00
 70  0.02632 -6.61894e+00 | 71  0.02882  5.54208e+00 | 72  0.02855 -1.03592e+01
 73  0.02493  4.68418e+00 | 74  0.02113  4.81453e+00 | 75  0.02084  1.02511e+01
 76  0.12367  5.26449e+01 | 77 -0.67766 -6.47328e+01 | 78 -0.48426 -7.78030e+00
2 0 19315.6
2 0 19315.4
2 0 19315.1
2 0 19314.8
2 0 19315
2 0 19314.6
2 0 19314.5
2 0 19314.3
2 0 19314.2
2 0 19314
2 0 19313.8
78 variables; iteration 100; function evaluation 131; phase 2
Function value   1.9313846e+04; maximum gradient component mag  -1.0409e+03
Var   Value    Gradient   |Var   Value    Gradient   |Var   Value    Gradient
  1 -0.64208 -8.33698e-01 |  2 -0.25309 -5.12177e+00 |  3  0.27422 -1.76031e+01
  4  0.20246 -6.90206e+00 |  5  0.14771 -3.21138e+00 |  6  0.10954 -1.08720e+00
  7  0.08217 -1.19478e+00 |  8  0.06189 -9.25429e-01 |  9  0.04638  4.28625e-01
 10  0.03401  6.34076e-01 | 11  0.02394  6.17725e-01 | 12  0.01568  6.71858e-01
 13  0.00889  1.41770e-01 | 14  0.00348 -2.74760e-01 | 15 -0.00057 -1.73314e+00
 16 -0.00295 -1.04818e+00 | 17 -0.00391  3.63874e-01 | 18  0.05849 -1.77778e+02
 19 -0.00731  6.43932e+01 | 20 -0.00150 -3.35249e+01 | 21  0.00121 -2.33253e+00
 22  0.00290  1.95625e+01 | 23 -0.00389 -1.31419e+01 | 24 -0.00258 -1.29793e+01
 25  0.00327  1.02591e+01 | 26 -0.00381 -6.20501e+00 | 27 -0.00777 -3.24017e+01
 28 -0.00355 -1.85066e+01 | 29 -0.00193  1.70938e+00 | 30 -0.00436 -4.08171e+00
 31 -0.00030 -4.25159e+00 | 32 -0.00196 -7.49138e+00 | 33  0.00142 -3.39700e+00
 34  0.00225  3.12372e+00 | 35  0.00602  4.33949e+00 | 36  0.00109  5.88005e+00
 37  0.00182  3.37353e+00 | 38  0.00143  5.70685e+00 | 39  0.00142 -1.69154e+00
 40  0.00021 -3.31885e+00 | 41  0.00059 -3.42700e-01 | 42  0.00230  4.97037e+00
 43 -0.00083 -8.06404e+00 | 44  0.00100 -5.06298e+00 | 45  0.00301 -8.05647e+00
 46  0.00984  3.89211e+01 | 47  0.16364 -1.04092e+03 | 48 -0.06848 -1.23488e+01
 49 -0.06819  8.16880e+00 | 50 -0.06758 -7.04113e+00 | 51 -0.05497 -3.09187e+01
 52 -0.04646 -9.58347e+00 | 53 -0.04503  2.50794e+00 | 54 -0.03673 -2.91368e+01
 55 -0.01715 -4.66282e+01 | 56 -0.00265 -2.27027e+01 | 57  0.00419 -1.86658e+01
 58  0.01261 -2.37167e+01 | 59  0.02275 -2.14769e+01 | 60  0.02687 -5.40202e+00
 61  0.02546  1.28143e+01 | 62  0.02278  1.47812e+01 | 63  0.02074  1.38435e+01
 64  0.01785  8.61034e+00 | 65  0.01900  3.11231e+00 | 66  0.01776  1.74261e+00
 67  0.01972 -4.40470e+00 | 68  0.02303 -6.06300e+00 | 69  0.02485 -2.00329e+00
 70  0.02598 -8.75214e-01 | 71  0.02873  4.26290e+00 | 72  0.02834  2.68362e+01
 73  0.02452  4.66093e+01 | 74  0.02083  4.44932e+01 | 75  0.02078  5.08370e+01
 76  0.16561  1.32282e+02 | 77 -0.61757  1.15770e+02 | 78 -0.37154 -7.81582e-01
2 0 19313.7
2 0 19313.5
2 0 19313.2
2 0 19313
2 0 19312.8
2 0 19312.9
2 0 19312.7
2 0 19312.7
2 0 19312.7
2 0 19312.6
2 0 19312.5
78 variables; iteration 110; function evaluation 142; phase 2
Function value   1.9312486e+04; maximum gradient component mag  -8.4952e+02
Var   Value    Gradient   |Var   Value    Gradient   |Var   Value    Gradient
  1 -0.55516 -1.35595e+00 |  2 -0.18950  6.87170e+00 |  3  0.28693 -1.38059e+01
  4  0.21141 -2.99957e+00 |  5  0.15479 -8.96826e-01 |  6  0.11534 -8.02189e-01
  7  0.08723 -3.18450e-01 |  8  0.06634  2.42736e-01 |  9  0.05016  6.77132e-01
 10  0.03724  5.34800e-01 | 11  0.02679  6.36483e-01 | 12  0.01825  3.76699e-01
 13  0.01134 -9.17821e-02 | 14  0.00596 -4.21491e-01 | 15  0.00204 -1.43553e+00
 16 -0.00023 -5.27915e-01 | 17 -0.00119  6.04750e-01 | 18  0.06131 -7.18458e+01
 19 -0.00863  1.69768e+01 | 20 -0.00117 -1.60473e+00 | 21  0.00155 -4.78040e+00
 22  0.00289 -8.57722e+00 | 23 -0.00424 -2.57724e+00 | 24 -0.00275  5.85259e-01
 25  0.00301 -7.61533e-01 | 26 -0.00457 -8.14880e+00 | 27 -0.00847 -7.63304e-01
 28 -0.00420  1.48777e-01 | 29 -0.00264 -5.30639e+00 | 30 -0.00500 -6.67083e+00
 31 -0.00071  1.67542e+00 | 32 -0.00210  3.47412e+00 | 33  0.00181  7.61362e+00
 34  0.00275  5.85421e+00 | 35  0.00653  1.13813e+01 | 36  0.00130 -7.88989e-01
 37  0.00203  7.32330e-01 | 38  0.00167 -2.29363e+00 | 39  0.00180 -2.05957e+00
 40  0.00059  2.08928e-01 | 41  0.00097 -2.32212e+00 | 42  0.00283  1.24837e+00
 43 -0.00034  2.50671e+00 | 44  0.00167  7.85579e+00 | 45  0.00378  6.04068e+00
 46  0.00965 -2.02456e+01 | 47  0.17541 -8.49518e+02 | 48 -0.06841 -6.14245e+00
 49 -0.06834 -3.90940e+00 | 50 -0.06760  2.64454e+00 | 51 -0.05441  2.26543e+00
 52 -0.04617 -5.21067e-01 | 53 -0.04500 -4.13246e-01 | 54 -0.03590  7.80331e+00
 55 -0.01609  1.13489e+01 | 56 -0.00188  6.26404e+00 | 57  0.00483  6.62488e+00
 58  0.01328  8.86141e+00 | 59  0.02301  1.95849e+00 | 60  0.02692 -6.54406e+00
 61  0.02506 -9.89296e+00 | 62  0.02229 -1.14205e+01 | 63  0.02006 -1.33878e+01
 64  0.01763 -1.09627e+01 | 65  0.01876 -8.24217e+00 | 66  0.01749 -3.85324e+00
 67  0.01943 -1.05725e+00 | 68  0.02288 -3.72327e+00 | 69  0.02464 -1.33871e+00
 70  0.02560 -2.11927e+00 | 71  0.02857 -5.65636e+00 | 72  0.02793 -1.13319e+01
 73  0.02395 -4.26625e+00 | 74  0.02052  1.51537e+01 | 75  0.02049  4.18097e+01
 76  0.19856  2.65204e+02 | 77 -0.56471  5.05864e+01 | 78 -0.31706 -1.08429e+01
2 0 19312.4
2 0 19312.4
2 0 19312.3
2 0 19312.2
2 0 19312.2
2 0 19312.2
2 0 19312.1
2 0 19312.1
2 0 19312
2 0 19312
2 0 19312
78 variables; iteration 120; function evaluation 153; phase 2
Function value   1.9312003e+04; maximum gradient component mag  -1.3052e+02
Var   Value    Gradient   |Var   Value    Gradient   |Var   Value    Gradient
  1 -0.50685 -1.75857e+00 |  2 -0.16610  3.49840e+00 |  3  0.29823 -1.70435e+00
  4  0.21912  2.74771e-01 |  5  0.16038 -5.25671e-02 |  6  0.11964 -1.38906e-01
  7  0.09053 -6.16273e-03 |  8  0.06884  1.96068e-01 |  9  0.05204  3.02539e-01
 10  0.03872  2.12035e-01 | 11  0.02805  3.09688e-01 | 12  0.01945  1.26509e-01
 13  0.01260 -1.94758e-02 | 14  0.00730 -2.99696e-01 | 15  0.00347 -7.90683e-01
 16  0.00115 -2.50277e-01 | 17  0.00010  4.24032e-01 | 18  0.06419 -1.31457e+01
 19 -0.00767  7.41040e+00 | 20 -0.00073  1.55625e+01 | 21  0.00185  5.50920e+00
 22  0.00293 -4.98429e-01 | 23 -0.00450  3.47261e+00 | 24 -0.00290  5.62494e+00
 25  0.00276  1.17757e+01 | 26 -0.00506  2.30273e+01 | 27 -0.00889  2.72909e+01
 28 -0.00458  2.20269e+01 | 29 -0.00304  1.25583e+01 | 30 -0.00536  5.63007e+00
 31 -0.00100  7.29598e-01 | 32 -0.00227 -4.18259e+00 | 33  0.00192 -7.04605e+00
 34  0.00287 -1.16238e+01 | 35  0.00658 -1.20294e+01 | 36  0.00119 -1.39462e+01
 37  0.00199 -1.11762e+01 | 38  0.00171 -1.13725e+01 | 39  0.00197 -1.07948e+01
 40  0.00078 -1.15489e+01 | 41  0.00118 -1.39779e+01 | 42  0.00313 -1.25752e+01
 43 -0.00010 -1.33986e+01 | 44  0.00196 -1.49148e+01 | 45  0.00402 -1.67048e+01
 46  0.00925  2.38920e+01 | 47  0.18501 -1.30520e+02 | 48 -0.06840  1.60405e+00
 49 -0.06851 -2.31461e+00 | 50 -0.06767 -1.69603e-01 | 51 -0.05404  8.75256e+00
 52 -0.04593  1.48368e+01 | 53 -0.04490  1.66463e+01 | 54 -0.03537  2.50692e+01
 55 -0.01542  2.66377e+01 | 56 -0.00135  1.56842e+01 | 57  0.00524  8.14668e+00
 58  0.01371  3.78595e+00 | 59  0.02322 -1.15258e+00 | 60  0.02700 -6.58165e+00
 61  0.02481 -1.05724e+01 | 62  0.02197 -1.03393e+01 | 63  0.01963 -1.09520e+01
 64  0.01751 -1.23499e+01 | 65  0.01857 -1.58675e+01 | 66  0.01725 -1.94632e+01
 67  0.01914 -2.12367e+01 | 68  0.02269 -2.29362e+01 | 69  0.02440 -1.89252e+01
 70  0.02525 -1.48458e+01 | 71  0.02841 -8.01810e+00 | 72  0.02768  2.62914e+00
 73  0.02367  2.10551e+01 | 74  0.02048  2.45803e+01 | 75  0.02049  6.54898e+00
 76  0.21861  5.24366e+01 | 77 -0.52559  3.94939e+00 | 78 -0.27611  7.36304e-01
2 0 19312
2 0 19312
2 0 19312
2 0 19312
2 0 19312
2 0 19312
2 0 19312
2 0 19312
2 0 19312
2 0 19312
78 variables; iteration 130; function evaluation 163; phase 2
Function value   1.9311953e+04; maximum gradient component mag  -9.6984e+01
Var   Value    Gradient   |Var   Value    Gradient   |Var   Value    Gradient
  1 -0.49300  5.34440e+00 |  2 -0.16187 -9.51462e-01 |  3  0.30206 -1.23084e-02
  4  0.22149 -2.06322e-01 |  5  0.16204 -5.32275e-02 |  6  0.12087  4.97487e-03
  7  0.09143 -8.06802e-04 |  8  0.06946 -1.36672e-03 |  9  0.05249  1.85094e-02
 10  0.03910  9.64839e-03 | 11  0.02842  1.01208e-02 | 12  0.01991  2.86357e-02
 13  0.01321 -1.41038e-02 | 14  0.00807 -1.03922e-02 | 15  0.00433 -6.39536e-02
 16  0.00189 -6.84173e-02 | 17  0.00070 -1.21484e-02 | 18  0.06522 -2.11680e+01
 19 -0.00797  2.27838e+00 | 20 -0.00071  1.20845e+00 | 21  0.00185  1.62384e-01
 22  0.00288 -3.07341e-01 | 23 -0.00463 -1.74095e+00 | 24 -0.00300 -1.95396e+00
 25  0.00260 -7.88499e-01 | 26 -0.00534 -1.25786e+00 | 27 -0.00914 -2.45171e+00
 28 -0.00482 -2.43555e+00 | 29 -0.00325 -2.77257e+00 | 30 -0.00551 -2.93871e+00
 31 -0.00108 -2.63173e+00 | 32 -0.00227 -1.93417e+00 | 33  0.00204 -8.63521e-01
 34  0.00303 -4.37968e-01 | 35  0.00673 -4.18853e-04 | 36  0.00128  1.88313e+00
 37  0.00208  2.54565e+00 | 38  0.00180  3.84396e+00 | 39  0.00209  3.94411e+00
 40  0.00089  3.30315e+00 | 41  0.00131  2.17220e+00 | 42  0.00331  1.11994e+00
 43  0.00010 -1.13913e-01 | 44  0.00220 -6.63687e-01 | 45  0.00427 -5.99739e-01
 46  0.00926  1.39156e+00 | 47  0.18847 -9.69840e+01 | 48 -0.06836  3.92119e-01
 49 -0.06852  1.70451e-01 | 50 -0.06765 -1.07820e-01 | 51 -0.05390 -1.25273e+00
 52 -0.04582 -6.78413e-01 | 53 -0.04480 -9.41933e-01 | 54 -0.03513 -3.00569e+00
 55 -0.01515 -5.25037e+00 | 56 -0.00111 -5.13487e+00 | 57  0.00542 -4.06510e+00
 58  0.01387 -3.83131e+00 | 59  0.02328 -3.16813e+00 | 60  0.02701 -1.95204e+00
 61  0.02471 -5.70867e-01 | 62  0.02183  1.08224e+00 | 63  0.01947  2.90295e+00
 64  0.01745  4.23796e+00 | 65  0.01851  5.42699e+00 | 66  0.01720  5.33282e+00
 67  0.01908  4.52436e+00 | 68  0.02265  3.41447e+00 | 69  0.02432  1.69018e+00
 70  0.02512 -7.27807e-01 | 71  0.02830 -2.27991e+00 | 72  0.02752 -1.59721e+00
 73  0.02348 -6.24514e-02 | 74  0.02037  9.11854e-01 | 75  0.02037  4.83147e+00
 76  0.22499  1.68823e+01 | 77 -0.51310  1.86526e+01 | 78 -0.26469 -3.40335e+00
2 0 19312
2 0 19311.9
2 0 19311.9
2 0 19311.9
2 0 19311.9
2 0 19311.9
2 0 19311.9
2 0 19311.9
2 0 19311.9
2 0 19311.9
78 variables; iteration 140; function evaluation 173; phase 2
Function value   1.9311945e+04; maximum gradient component mag  -2.7207e+00
Var   Value    Gradient   |Var   Value    Gradient   |Var   Value    Gradient
  1 -0.49289  5.82454e-03 |  2 -0.16587  2.70177e-03 |  3  0.30251  7.63977e-02
  4  0.22180  1.93305e-02 |  5  0.16222  6.54150e-03 |  6  0.12096  2.76954e-03
  7  0.09146  1.47185e-03 |  8  0.06946  5.45610e-04 |  9  0.05248 -5.97036e-05
 10  0.03908 -2.96488e-05 | 11  0.02840 -4.26653e-04 | 12  0.01991 -1.43491e-04
 13  0.01322  2.93402e-05 | 14  0.00811  1.13955e-03 | 15  0.00440  2.09876e-03
 16  0.00197  7.27796e-04 | 17  0.00078 -1.04256e-03 | 18  0.06553 -4.39584e-01
 19 -0.00799 -5.19216e-02 | 20 -0.00069  3.51725e-01 | 21  0.00187  1.79157e-01
 22  0.00289  4.40481e-02 | 23 -0.00462  5.82764e-03 | 24 -0.00299  4.91370e-02
 25  0.00261  2.50093e-02 | 26 -0.00535 -9.12564e-02 | 27 -0.00915 -9.21915e-02
 28 -0.00483 -6.21238e-02 | 29 -0.00326 -6.52504e-02 | 30 -0.00552 -6.85221e-02
 31 -0.00108 -4.45773e-02 | 32 -0.00227 -8.48511e-04 | 33  0.00204  5.44727e-02
 34  0.00304  1.13147e-01 | 35  0.00674  1.46960e-01 | 36  0.00128  1.19255e-01
 37  0.00208  4.22758e-02 | 38  0.00180 -4.37119e-02 | 39  0.00208 -1.12476e-01
 40  0.00089 -1.47551e-01 | 41  0.00131 -1.23548e-01 | 42  0.00332 -7.91246e-02
 43  0.00010 -2.31009e-02 | 44  0.00221 -1.69648e-02 | 45  0.00427 -2.19871e-02
 46  0.00922 -8.21705e-02 | 47  0.18893 -2.72074e+00 | 48 -0.06836  1.77739e-01
 49 -0.06853 -5.98941e-02 | 50 -0.06766 -8.97494e-02 | 51 -0.05390 -1.26497e-01
 52 -0.04583 -1.63882e-01 | 53 -0.04481 -1.68875e-01 | 54 -0.03512 -1.90600e-01
 55 -0.01513 -1.84745e-01 | 56 -0.00110 -1.17431e-01 | 57  0.00543 -4.15020e-02
 58  0.01388  3.12766e-04 | 59  0.02329 -6.71549e-03 | 60  0.02701 -7.77210e-03
 61  0.02471  4.38534e-02 | 62  0.02183  9.08207e-02 | 63  0.01945  1.24551e-01
 64  0.01745  1.16015e-01 | 65  0.01850  6.86550e-02 | 66  0.01719  2.44497e-02
 67  0.01907  1.90824e-03 | 68  0.02264  1.98017e-02 | 69  0.02431  6.70663e-02
 70  0.02511  1.01869e-01 | 71  0.02830  6.98919e-02 | 72  0.02752  4.12195e-02
 73  0.02347  2.98359e-02 | 74  0.02040  6.01539e-02 | 75  0.02040  1.35633e-01
 76  0.22606  8.73178e-01 | 77 -0.51277  4.57563e-01 | 78 -0.26674 -1.27809e-01
2 0 19311.9
2 0 19311.9
2 0 19311.9
2 0 19311.9
2 0 19311.9
2 0 19311.9
2 0 19311.9
2 0 19311.9
2 0 19311.9
2 0 19311.9
78 variables; iteration 150; function evaluation 183; phase 2
Function value   1.9311945e+04; maximum gradient component mag  -1.8604e-03
Var   Value    Gradient   |Var   Value    Gradient   |Var   Value    Gradient
  1 -0.49286  9.45629e-05 |  2 -0.16585 -5.62529e-05 |  3  0.30252 -2.80261e-04
  4  0.22181 -6.98475e-05 |  5  0.16223 -2.67745e-05 |  6  0.12096 -6.18008e-06
  7  0.09147 -7.28353e-06 |  8  0.06947 -2.22808e-06 |  9  0.05248  6.96951e-06
 10  0.03908  6.56766e-06 | 11  0.02840  8.67285e-06 | 12  0.01991  4.45438e-06
 13  0.01322  2.99481e-06 | 14  0.00811 -7.87660e-06 | 15  0.00439 -1.99928e-05
 16  0.00197 -6.80885e-06 | 17  0.00078  1.27776e-05 | 18  0.06554 -6.08121e-04
 19 -0.00799  2.57798e-04 | 20 -0.00069 -7.15755e-04 | 21  0.00186  1.92227e-05
 22  0.00289  2.68302e-04 | 23 -0.00462 -8.76164e-05 | 24 -0.00299 -3.80036e-04
 25  0.00260 -1.58273e-04 | 26 -0.00535 -2.96608e-04 | 27 -0.00915 -3.80525e-05
 28 -0.00483  3.47807e-04 | 29 -0.00326  4.47985e-04 | 30 -0.00552  1.19500e-04
 31 -0.00108 -8.29765e-04 | 32 -0.00227 -9.94487e-04 | 33  0.00204 -5.76391e-04
 34  0.00303  4.22458e-05 | 35  0.00674  4.84556e-04 | 36  0.00128  4.30741e-04
 37  0.00208  1.92551e-04 | 38  0.00180 -2.26127e-04 | 39  0.00209 -1.74991e-04
 40  0.00089  4.22547e-04 | 41  0.00132  9.12820e-04 | 42  0.00332  7.61897e-04
 43  0.00010  1.18460e-04 | 44  0.00221 -3.20007e-04 | 45  0.00427 -3.84208e-04
 46  0.00922  3.21188e-04 | 47  0.18894 -1.84900e-03 | 48 -0.06836 -6.19896e-04
 49 -0.06853  5.60083e-06 | 50 -0.06766  9.65643e-05 | 51 -0.05390  4.07066e-06
 52 -0.04583 -1.33196e-04 | 53 -0.04480 -4.30343e-04 | 54 -0.03512 -4.05716e-04
 55 -0.01513  4.79471e-04 | 56 -0.00110  1.40993e-03 | 57  0.00543  1.50942e-03
 58  0.01388  8.88308e-04 | 59  0.02329  3.46317e-04 | 60  0.02701  1.98338e-04
 61  0.02471  2.15375e-04 | 62  0.02183  2.94392e-04 | 63  0.01945  6.16305e-05
 64  0.01745 -6.69865e-04 | 65  0.01850 -1.64896e-03 | 66  0.01719 -1.86045e-03
 67  0.01907 -1.15077e-03 | 68  0.02264  3.99701e-05 | 69  0.02431  8.61810e-04
 70  0.02511  7.97287e-04 | 71  0.02830  1.76639e-04 | 72  0.02752 -3.90016e-04
 73  0.02347 -3.16698e-04 | 74  0.02040  9.98159e-05 | 75  0.02040  8.99041e-05
 76  0.22608  3.71805e-04 | 77 -0.51275  4.61310e-04 | 78 -0.26671 -1.36843e-04
2 0 19311.9
2 0 19311.9

 - final statistics:
78 variables; iteration 152; function evaluation 185
Function value   1.9312e+04; maximum gradient component mag   3.6637e-04
Exit code = 1;  converg criter   1.0000e-03
Var   Value    Gradient   |Var   Value    Gradient   |Var   Value    Gradient
  1 -0.49286  2.54452e-06 |  2 -0.16585  9.60939e-06 |  3  0.30252 -1.91513e-05
  4  0.22181  1.00905e-06 |  5  0.16223 -4.63264e-07 |  6  0.12096 -3.49190e-06
  7  0.09147 -1.60549e-06 |  8  0.06947  5.14050e-07 |  9  0.05248  1.98074e-06
 10  0.03908  1.46705e-06 | 11  0.02840  2.11601e-06 | 12  0.01991  6.07778e-07
 13  0.01322 -4.47129e-07 | 14  0.00811 -2.42661e-06 | 15  0.00439 -4.96653e-06
 16  0.00197 -4.56190e-07 | 17  0.00078  2.43008e-06 | 18  0.06554  2.05950e-05
 19 -0.00799  5.82920e-05 | 20 -0.00069 -3.46395e-04 | 21  0.00186  5.86332e-05
 22  0.00289  3.66371e-04 | 23 -0.00462  1.61582e-04 | 24 -0.00299 -1.43703e-04
 25  0.00260 -2.68056e-04 | 26 -0.00535 -2.01773e-04 | 27 -0.00915  3.85618e-05
 28 -0.00483  1.11143e-04 | 29 -0.00326  2.18600e-05 | 30 -0.00552 -9.18675e-05
 31 -0.00108 -1.56562e-04 | 32 -0.00227 -1.17522e-04 | 33  0.00204 -3.18973e-05
 34  0.00303 -4.18215e-05 | 35  0.00674 -5.31551e-05 | 36  0.00128  7.02149e-06
 37  0.00208  1.73347e-04 | 38  0.00180  1.48048e-04 | 39  0.00209  3.74625e-05
 40  0.00089  2.54565e-05 | 41  0.00132  6.54269e-05 | 42  0.00332  9.24923e-05
 43  0.00010  3.89420e-05 | 44  0.00221  6.00996e-05 | 45  0.00427  6.06697e-05
 46  0.00922 -4.86078e-05 | 47  0.18894 -2.54401e-04 | 48 -0.06836  2.83361e-04
 49 -0.06853  2.88858e-04 | 50 -0.06766 -9.84841e-05 | 51 -0.05390 -3.50779e-04
 52 -0.04583 -2.52493e-04 | 53 -0.04480 -1.87869e-04 | 54 -0.03512 -6.97299e-05
 55 -0.01513  2.12620e-04 | 56 -0.00110  2.90445e-04 | 57  0.00543  1.27370e-04
 58  0.01388  1.43537e-05 | 59  0.02329  1.02304e-04 | 60  0.02701  1.88160e-04
 61  0.02471  8.30331e-05 | 62  0.02183 -4.30194e-05 | 63  0.01945 -1.29572e-04
 64  0.01745 -1.92222e-04 | 65  0.01850 -2.51946e-04 | 66  0.01719 -1.82402e-04
 67  0.01907 -2.90391e-05 | 68  0.02264  3.18622e-06 | 69  0.02431 -1.13259e-04
 70  0.02511 -1.68215e-04 | 71  0.02830  2.60881e-05 | 72  0.02752  2.13436e-04
 73  0.02347  1.90835e-04 | 74  0.02040  3.13772e-05 | 75  0.02040  1.20774e-05
 76  0.22608  1.57422e-04 | 77 -0.51275 -4.83076e-05 | 78 -0.26671  1.35965e-05
2 0 19311.9
B04381.46
0.3 0.857467
0.734971 0.712317
1.49581 0.55104
2.355 0.439904
2.95992 0.385868
3.26326 0.363713
3.39111 0.35517
3.4412 0.35194
3.46028 0.350727
3.46746 0.350272
3.47015 0.350102
3.47116 0.350038
3.47154 0.350014
3.47168 0.350005
3.47173 0.350002
3.47175 0.350001
3.47176 0.35
3.47176 0.35
3.47177 0.35
3.47177 0.35
3.47177 0.35
Survey Bio20.8655
Survey len9602.7
CPUE21.4144
Catch0.438973
Catch len9641.07
initsmo_penal20.6209
F_pen1.1527
Rec_pen3.67727
M_pen0


Starting time: Sat Oct  6 10:02:28 2018
Finishing time: Sat Oct  6 10:02:32 2018
This run took: 0 hours, 0 minutes, 4 seconds.

