survYears 72 73 74 75 76 77 78 79 80 81 82 83 84 85 86 87 88 89 90 91 92 93 94 95 96 97 98 99 100
SurvLenYear 72 73 74 75 76 77 78 79 80 81 82 83 84 85 86 87 88 89 90 91 92 93 94 95 96 97 98 99 100
catchBiomass 4244.18 5250.97 4867.31 3402.13 4713.1 9521.41 15038.5 16753.6 20357.4 46100.2 43385.1 64708.7 113639 123099 146163 139999 119326 115742 139541 130460 125693 135603 166200 149839 174198 194742 182896 168591 179356
steep0.75
25
Out
1 0 37258.1

Initial statistics: 75 variables; iteration 0; function evaluation 0; phase 1
Function value   3.7258123e+04; maximum gradient component mag  -1.4242e+05
Var   Value    Gradient   |Var   Value    Gradient   |Var   Value    Gradient
  1  0.20315 -6.38258e+02 |  2  0.19728 -6.44954e+02 |  3  0.19001  2.52595e+02
  4  0.16837  6.83100e+02 |  5  0.14468  5.78521e+02 |  6  0.13724  6.51747e+02
  7  0.13320  6.67351e+02 |  8  0.13463  8.36815e+02 |  9  0.11378  4.73634e+02
 10  0.10195  4.19151e+02 | 11  0.08377  2.46015e+02 | 12  0.07280  1.83699e+02
 13  0.07095  2.93718e+02 | 14  0.04306 -1.78140e+02 | 15  0.10221  6.26913e+02
 16 -0.05602 -5.28521e+03 | 17  0.00000 -2.59973e+03 | 18  0.00000 -1.21034e+03
 19  0.00000 -3.55360e+03 | 20  0.00000 -1.54617e+03 | 21  0.00000 -2.87675e+02
 22  0.00000 -1.22437e+03 | 23  0.00000 -1.44058e+03 | 24  0.00000  5.83274e+02
 25  0.00000  2.89559e+03 | 26  0.00000  8.87757e+02 | 27  0.00000  3.17730e+03
 28  0.00000  3.39590e+03 | 29  0.00000  1.18402e+03 | 30  0.00000  9.39125e+02
 31  0.00000  2.59001e+02 | 32  0.00000 -6.37527e+01 | 33  0.00000  9.76322e+02
 34  0.00000  1.85689e+03 | 35  0.00000  9.75769e+02 | 36  0.00000  9.73673e+02
 37  0.00000  2.04839e+03 | 38  0.00000  2.14326e+03 | 39  0.00000  1.08000e+03
 40  0.00000  1.86090e+03 | 41  0.00000  1.00670e+03 | 42  0.00000 -3.03642e+02
 43  0.00000 -1.86501e+03 | 44  0.00000 -3.77892e+03 | 45  0.00000 -8.37006e+03
 46  0.09023 -1.42419e+05 | 47  0.00000  3.16191e+04 | 48  0.00000  2.59451e+04
 49  0.00000  1.76220e+04 | 50  0.00000  1.32089e+04 | 51  0.00000  9.94450e+03
 52  0.00000  7.25701e+03 | 53  0.00000  4.38547e+03 | 54  0.00000  8.13139e+02
 55  0.00000 -1.29572e+03 | 56  0.00000 -4.10818e+03 | 57  0.00000 -6.10663e+03
 58  0.00000 -6.64307e+03 | 59  0.00000 -6.46486e+03 | 60  0.00000 -5.44218e+03
 61  0.00000 -5.71331e+03 | 62  0.00000 -6.53231e+03 | 63  0.00000 -6.90416e+03
 64  0.00000 -7.00925e+03 | 65  0.00000 -7.34634e+03 | 66  0.00000 -7.89201e+03
 67  0.00000 -8.36656e+03 | 68  0.00000 -8.84722e+03 | 69  0.00000 -8.91215e+03
 70  0.00000 -8.45519e+03 | 71  0.00000 -7.50587e+03 | 72  0.00000 -5.39487e+03
 73  0.00000 -2.84717e+03 | 74  0.00000  4.37758e+03 | 75  0.00000  6.61431e+03
1 0 37258.1
1 0 37257.9
1 0 37255.9
1 0 37235.9
1 0 37039.9
1 0 35431.6
1 0 32390.6
1 0 30592.2
1 0 29340.9
1 0 29530.9
1 0 28704.5
1 0 29944.7
1 0 28529.5
1 0 28320.5
1 0 29764.9
1 0 28294.8
1 0 28266.3
1 0 28235.7

Intermediate statistics: 75 variables; iteration 10; function evaluation 18; phase 1
Function value   2.8236490e+04; maximum gradient component mag   1.8499e+04
Var   Value    Gradient   |Var   Value    Gradient   |Var   Value    Gradient
  1  0.32638 -6.40451e+02 |  2  0.20729 -8.51546e+01 |  3  0.16692  5.84400e+01
  4  0.13872  3.67572e+01 |  5  0.12172  3.92184e+01 |  6  0.11214  4.47809e+01
  7  0.10754  6.34700e+01 |  8  0.10276  7.13738e+01 |  9  0.09527  6.48533e+01
 10  0.08538  5.22945e+01 | 11  0.07428  3.09286e+01 | 12  0.06569  2.71005e+01
 13  0.05897  2.40505e+01 | 14  0.05383 -6.11844e+01 | 15  0.07524  1.14888e+02
 16  0.36323  8.05849e+03 | 17  0.04094  1.91811e+03 | 18  0.03847 -4.55242e+03
 19 -0.02982 -7.11770e+02 | 20 -0.11687 -4.07488e+03 | 21 -0.11712 -2.57155e+03
 22 -0.07617 -1.85766e+03 | 23 -0.00462 -8.75077e+02 | 24  0.00747 -1.04756e+01
 25  0.00942  9.39960e+02 | 26  0.01955  8.21962e+02 | 27  0.02036  1.32434e+03
 28  0.01522  6.12956e+02 | 29  0.02118  5.72103e+02 | 30  0.01899  5.70475e+02
 31  0.01334  1.15917e+03 | 32  0.01635  5.40906e+02 | 33  0.02002  6.90199e+02
 34  0.01853  1.15671e+03 | 35  0.01929  1.17330e+03 | 36  0.02536  1.42861e+03
 37  0.02167  1.34117e+03 | 38  0.02219  1.42461e+03 | 39  0.02657  9.16633e+02
 40  0.02487  8.47700e+02 | 41  0.02573  8.29385e+02 | 42  0.02081 -4.82950e+02
 43  0.01387 -7.46743e+02 | 44 -0.02275 -2.07372e+03 | 45 -0.09564 -8.89714e+02
 46  0.15386  9.04671e+03 | 47 -0.03114  1.84990e+04 | 48 -0.05956  1.22852e+04
 49 -0.06691  5.02186e+03 | 50 -0.06673  8.71434e+02 | 51 -0.06051  1.25611e+02
 52 -0.04859 -2.22113e+03 | 53 -0.04267 -2.27632e+03 | 54 -0.03016 -3.42152e+03
 55 -0.01337 -2.21882e+03 | 56 -0.00487 -2.00340e+03 | 57  0.00989 -1.29474e+03
 58  0.02027 -7.32414e+02 | 59  0.01774 -1.42752e+03 | 60  0.00409 -4.85823e+03
 61  0.00803 -3.08300e+03 | 62  0.01278 -1.98839e+03 | 63  0.01515 -2.47531e+03
 64  0.01465 -3.10050e+03 | 65  0.01445 -2.99242e+03 | 66  0.01530 -3.09269e+03
 67  0.01763 -3.18760e+03 | 68  0.02524 -2.16691e+03 | 69  0.02686 -1.67628e+03
 70  0.02948 -1.68600e+03 | 71  0.03590 -1.21885e+02 | 72  0.02787 -1.29462e+03
 73  0.05586  6.05015e+03 | 74  0.05776 -3.64514e+02 | 75  0.00696 -9.23589e+02
1 0 28233.5
1 0 28225.2
1 0 28217.4
1 0 28206
1 0 28194.5
1 0 28183.5
1 0 28177.4
1 0 28167.2
1 0 28153.8
1 0 28136.2
1 0 28125.8
1 0 28128.2
75 variables; iteration 20; function evaluation 30; phase 1
Function value   2.8130461e+04; maximum gradient component mag   1.8148e+04
Var   Value    Gradient   |Var   Value    Gradient   |Var   Value    Gradient
  1  0.32919 -9.87232e+02 |  2  0.22412  2.56063e+02 |  3  0.10792 -1.73181e+02
  4  0.05596 -1.25424e+02 |  5  0.04555  1.22170e+01 |  6  0.03486  8.03068e+00
  7  0.02492  6.57579e+00 |  8  0.01589 -6.36487e+01 |  9  0.02856  3.86406e+01
 10  0.03338  1.25747e+01 | 11  0.03892  3.92853e+01 | 12  0.03799  1.97119e+01
 13  0.03657 -3.75844e+01 | 14  0.05190  2.17821e+02 | 15  0.00947 -1.31228e+02
 16  0.35196  7.58855e+03 | 17  0.04820  3.74724e+03 | 18  0.03733 -3.83744e+03
 19 -0.02466 -5.66524e+02 | 20 -0.10395 -3.06725e+03 | 21 -0.10461 -1.75294e+03
 22 -0.07154 -1.31138e+03 | 23 -0.00351 -6.52201e+02 | 24  0.00578 -1.22829e+02
 25  0.01098  1.02974e+03 | 26  0.02183  1.20236e+03 | 27  0.02095  1.50695e+03
 28  0.01590  8.22955e+02 | 29  0.02467  1.09512e+03 | 30  0.01989  6.33450e+02
 31  0.01231  8.25260e+02 | 32  0.01641  6.23998e+02 | 33  0.02169  1.01677e+03
 34  0.02052  1.53809e+03 | 35  0.02140  1.49170e+03 | 36  0.02719  1.72791e+03
 37  0.02250  1.46049e+03 | 38  0.02380  1.71139e+03 | 39  0.02886  1.28505e+03
 40  0.02751  1.48201e+03 | 41  0.02885  1.56254e+03 | 42  0.01808 -5.20163e+02
 43  0.00686 -6.98828e+02 | 44 -0.04581 -1.99335e+03 | 45 -0.11578 -1.13688e+03
 46  0.15762  8.60573e+03 | 47 -0.03725  1.81483e+04 | 48 -0.06308  1.22334e+04
 49 -0.07293  4.15460e+03 | 50 -0.07015  1.02238e+03 | 51 -0.05988  8.88401e+02
 52 -0.04907 -1.35143e+03 | 53 -0.04425 -1.69108e+03 | 54 -0.02784 -1.87724e+03
 55 -0.01529 -1.81083e+03 | 56 -0.00899 -2.19054e+03 | 57  0.00526 -1.62974e+03
 58  0.01812 -5.44055e+02 | 59  0.01554 -1.00045e+03 | 60  0.00366 -3.86188e+03
 61  0.00566 -2.60055e+03 | 62  0.00953 -1.94145e+03 | 63  0.01148 -2.59923e+03
 64  0.01180 -2.99125e+03 | 65  0.01137 -2.92226e+03 | 66  0.01191 -3.01381e+03
 67  0.01415 -3.18882e+03 | 68  0.02229 -2.08757e+03 | 69  0.02178 -2.22088e+03
 70  0.02578 -2.07195e+03 | 71  0.03021 -4.24936e+02 | 72  0.02182 -1.86374e+03
 73  0.06063  5.30086e+03 | 74  0.06923 -1.79496e+02 | 75  0.07442 -4.65832e+02
1 0 28122.1
1 0 28111.1
1 0 28102.1
1 0 28094.2
1 0 28084
1 0 28070.7
1 0 28071.6
1 0 28064.2
1 0 28065.5
1 0 28061.2
1 0 28059.8
1 0 28057.4
75 variables; iteration 30; function evaluation 42; phase 1
Function value   2.8057849e+04; maximum gradient component mag   1.8177e+04
Var   Value    Gradient   |Var   Value    Gradient   |Var   Value    Gradient
  1  0.31728 -1.30749e+03 |  2  0.15059 -2.25589e+02 |  3  0.07384  1.65127e+01
  4 -0.00399 -7.46326e+01 |  5 -0.05867 -1.11717e+02 |  6 -0.07948 -5.34344e+01
  7 -0.08386 -3.93473e+01 |  8 -0.07605 -1.20663e+01 |  9 -0.06434 -3.30227e+01
 10 -0.04232  1.26140e+01 | 11 -0.02355  8.53533e+00 | 12 -0.00637  5.64231e+01
 13 -0.00460  1.03613e+02 | 14 -0.03230 -1.57619e+02 | 15 -0.01172  7.33202e+01
 16  0.34755  7.05682e+03 | 17  0.04549  3.67973e+03 | 18  0.03350 -3.71295e+03
 19 -0.01923 -1.02485e+03 | 20 -0.10164 -3.17664e+03 | 21 -0.09817 -1.48326e+03
 22 -0.07454 -1.69566e+03 | 23 -0.00945 -1.09148e+03 | 24  0.00810 -7.05533e+01
 25  0.00870  5.79387e+02 | 26  0.02000  7.01689e+02 | 27  0.02127  1.38434e+03
 28  0.01727  8.61788e+02 | 29  0.02347  8.70358e+02 | 30  0.01602  1.96575e+02
 31  0.01150  6.47490e+02 | 32  0.01543  4.21416e+02 | 33  0.02119  8.43174e+02
 34  0.01979  1.28937e+03 | 35  0.02051  1.23186e+03 | 36  0.02683  1.64634e+03
 37  0.02213  1.20852e+03 | 38  0.02364  1.55187e+03 | 39  0.02845  1.26769e+03
 40  0.02548  1.20711e+03 | 41  0.02802  1.42892e+03 | 42  0.01793 -6.21389e+02
 43  0.00526 -8.41654e+02 | 44 -0.04569 -2.33722e+03 | 45 -0.10689 -9.65390e+02
 46  0.15387  5.35528e+03 | 47 -0.03703  1.81771e+04 | 48 -0.06030  1.21091e+04
 49 -0.06945  4.64474e+03 | 50 -0.06828  1.07071e+03 | 51 -0.05731  1.25062e+03
 52 -0.04657 -1.04525e+03 | 53 -0.03981 -1.10468e+03 | 54 -0.02471 -1.50082e+03
 55 -0.01224 -1.30071e+03 | 56 -0.00639 -2.00372e+03 | 57  0.00832 -1.41432e+03
 58  0.01921 -6.89312e+02 | 59  0.01491 -1.46991e+03 | 60  0.00545 -3.83570e+03
 61  0.00735 -2.57597e+03 | 62  0.01138 -1.91504e+03 | 63  0.01354 -2.50285e+03
 64  0.01376 -2.90294e+03 | 65  0.01238 -3.10419e+03 | 66  0.01436 -2.83123e+03
 67  0.01666 -3.04136e+03 | 68  0.02318 -2.34940e+03 | 69  0.02124 -2.72532e+03
 70  0.02615 -2.40683e+03 | 71  0.03211 -4.42191e+02 | 72  0.02285 -2.04356e+03
 73  0.05849  5.26743e+03 | 74  0.06101 -2.06258e+02 | 75  0.03772 -4.31611e+02
1 0 28054.6
1 0 28052.1
1 0 28053.7
1 0 28051.2
1 0 28050.5
1 0 28050.3
1 0 28050
1 0 28048.9
1 0 28048
1 0 28046.6
1 0 28045.5
1 0 28045.3
75 variables; iteration 40; function evaluation 54; phase 1
Function value   2.8045703e+04; maximum gradient component mag   1.8345e+04
Var   Value    Gradient   |Var   Value    Gradient   |Var   Value    Gradient
  1  0.31915 -1.26970e+03 |  2  0.17149 -1.13346e+02 |  3  0.08526  2.15628e+01
  4 -0.00204 -1.32078e+02 |  5 -0.04876 -2.61447e+01 |  6 -0.08748 -5.88272e+01
  7 -0.10825 -9.36982e+01 |  8 -0.10001  1.53579e+00 |  9 -0.09211 -1.69465e+01
 10 -0.07885  3.78868e+01 | 11 -0.07690  2.33390e+01 | 12 -0.08176 -8.46603e+01
 13 -0.06054  4.72241e+01 | 14 -0.05321 -8.02277e+01 | 15 -0.02111  1.10712e+02
 16  0.34626  6.75886e+03 | 17  0.04642  3.73301e+03 | 18  0.03218 -3.66680e+03
 19 -0.01729 -1.05768e+03 | 20 -0.10190 -3.12166e+03 | 21 -0.10169 -1.67342e+03
 22 -0.07162 -1.49783e+03 | 23 -0.00755 -9.71814e+02 | 24  0.00809  2.58938e+00
 25  0.00896  6.54162e+02 | 26  0.01939  5.76598e+02 | 27  0.02151  1.48161e+03
 28  0.01747  9.11515e+02 | 29  0.02103  6.78616e+02 | 30  0.01644  3.37044e+02
 31  0.00952  4.79366e+02 | 32  0.01514  4.10023e+02 | 33  0.02085  7.89119e+02
 34  0.01954  1.22614e+03 | 35  0.02015  1.15096e+03 | 36  0.02655  1.71126e+03
 37  0.02209  1.17886e+03 | 38  0.02286  1.57164e+03 | 39  0.02844  1.08783e+03
 40  0.02448  1.09029e+03 | 41  0.02934  1.69731e+03 | 42  0.01788 -5.98657e+02
 43  0.00139 -9.88281e+02 | 44 -0.04456 -2.38993e+03 | 45 -0.10057 -7.19772e+02
 46  0.15134  4.35872e+03 | 47 -0.03557  1.83448e+04 | 48 -0.05829  1.20074e+04
 49 -0.06762  4.63950e+03 | 50 -0.06605  1.22423e+03 | 51 -0.05348  1.61887e+03
 52 -0.04483 -1.08676e+03 | 53 -0.03906 -1.35827e+03 | 54 -0.02322 -1.55530e+03
 55 -0.01001 -1.04437e+03 | 56 -0.00523 -2.13875e+03 | 57  0.01063 -1.25418e+03
 58  0.01881 -1.07542e+03 | 59  0.01645 -1.52330e+03 | 60  0.00612 -3.95507e+03
 61  0.00925 -2.45611e+03 | 62  0.01336 -1.76368e+03 | 63  0.01580 -2.27702e+03
 64  0.01611 -2.65205e+03 | 65  0.01311 -3.27673e+03 | 66  0.01668 -2.64373e+03
 67  0.01630 -3.43104e+03 | 68  0.02644 -1.89139e+03 | 69  0.02218 -2.76566e+03
 70  0.02830 -2.37807e+03 | 71  0.03397 -3.64335e+02 | 72  0.02253 -2.35100e+03
 73  0.05738  5.37611e+03 | 74  0.05352 -3.31446e+02 | 75  0.00502 -5.19349e+02
1 0 28044.8
1 0 28042.5
1 0 28039.8
1 0 28036.9
1 0 28047.8
1 0 28036.4
1 0 28035.8
1 0 28034.7
1 0 28033.8
1 0 28033.2
1 0 28032.7
1 0 28031.9
75 variables; iteration 50; function evaluation 66; phase 1
Function value   2.8032301e+04; maximum gradient component mag   1.8160e+04
Var   Value    Gradient   |Var   Value    Gradient   |Var   Value    Gradient
  1  0.31897 -1.24906e+03 |  2  0.17911 -1.36772e+02 |  3  0.11151  6.15900e+00
  4  0.05068  2.09131e+01 |  5 -0.01344 -6.36212e+01 |  6 -0.05775 -3.66213e+01
  7 -0.09086 -3.01036e+01 |  8 -0.11476 -2.01985e+00 |  9 -0.13809 -1.81822e+01
 10 -0.15578 -2.08041e+01 | 11 -0.16686 -6.24043e+01 | 12 -0.15787 -1.87928e+01
 13 -0.14288 -1.38060e+01 | 14 -0.12356 -7.62016e+01 | 15 -0.08068  1.40857e+02
 16  0.34600  6.69159e+03 | 17  0.04614  3.62077e+03 | 18  0.03297 -3.60911e+03
 19 -0.01706 -1.03090e+03 | 20 -0.10330 -3.24662e+03 | 21 -0.09930 -1.49147e+03
 22 -0.06944 -1.37617e+03 | 23 -0.00657 -9.49789e+02 | 24  0.00964  1.33251e+02
 25  0.00782  5.36865e+02 | 26  0.01764  3.97394e+02 | 27  0.02203  1.60060e+03
 28  0.01653  8.07036e+02 | 29  0.02085  6.61746e+02 | 30  0.01803  5.08302e+02
 31  0.01038  5.41287e+02 | 32  0.01578  5.42296e+02 | 33  0.02033  7.71639e+02
 34  0.01881  1.09696e+03 | 35  0.01977  1.14691e+03 | 36  0.02620  1.65490e+03
 37  0.02030  9.61515e+02 | 38  0.02374  1.71256e+03 | 39  0.02797  1.03992e+03
 40  0.02413  1.06293e+03 | 41  0.02963  1.78240e+03 | 42  0.01746 -6.24290e+02
 43 -0.00013 -1.05448e+03 | 44 -0.04520 -2.38786e+03 | 45 -0.10057 -7.17857e+02
 46  0.15240  4.26111e+03 | 47 -0.03642  1.81599e+04 | 48 -0.05917  1.19375e+04
 49 -0.06801  4.77379e+03 | 50 -0.06577  1.41458e+03 | 51 -0.05308  1.80293e+03
 52 -0.04501 -9.57938e+02 | 53 -0.03908 -1.21316e+03 | 54 -0.02400 -1.53160e+03
 55 -0.01165 -1.15598e+03 | 56 -0.00596 -2.16482e+03 | 57  0.00921 -1.38947e+03
 58  0.01782 -1.10834e+03 | 59  0.01644 -1.42122e+03 | 60  0.00592 -3.83816e+03
 61  0.00811 -2.61425e+03 | 62  0.01184 -1.93626e+03 | 63  0.01512 -2.17439e+03
 64  0.01482 -2.75893e+03 | 65  0.01267 -3.19077e+03 | 66  0.01467 -2.79692e+03
 67  0.01624 -3.32566e+03 | 68  0.02524 -1.95391e+03 | 69  0.02093 -2.84309e+03
 70  0.02748 -2.42762e+03 | 71  0.03300 -3.85522e+02 | 72  0.02138 -2.38766e+03
 73  0.05643  5.23013e+03 | 74  0.05687 -2.31793e+02 | 75  0.02251 -4.31927e+02
1 0 28030.6
1 0 28030.3
1 0 28029.9
1 0 28029.5
1 0 28029.1
1 0 28028.4
1 0 28027.6
1 0 28027.2
1 0 28026.4
1 0 28025.2
75 variables; iteration 60; function evaluation 76; phase 1
Function value   2.8025672e+04; maximum gradient component mag   1.8177e+04
Var   Value    Gradient   |Var   Value    Gradient   |Var   Value    Gradient
  1  0.31870 -1.27640e+03 |  2  0.18184 -1.32718e+02 |  3  0.11734  1.70991e+01
  4  0.05735  5.38557e+00 |  5 -0.00075 -5.81905e+01 |  6 -0.04035 -1.37380e+01
  7 -0.07546  2.19553e+01 |  8 -0.11732 -8.55392e+01 |  9 -0.13277  2.00077e+01
 10 -0.15453  1.72234e+01 | 11 -0.18198 -6.06788e+01 | 12 -0.18979 -1.13590e+01
 13 -0.19386 -9.28576e+00 | 14 -0.19485 -9.45993e+01 | 15 -0.16479  9.30844e+01
 16  0.34431  6.59890e+03 | 17  0.04659  3.69754e+03 | 18  0.03240 -3.56610e+03
 19 -0.01706 -9.86642e+02 | 20 -0.10274 -3.19533e+03 | 21 -0.10037 -1.57053e+03
 22 -0.07175 -1.52954e+03 | 23 -0.00666 -9.38283e+02 | 24  0.00874 -2.86604e+01
 25  0.00672  4.13808e+02 | 26  0.01742  3.86580e+02 | 27  0.02264  1.56478e+03
 28  0.01694  8.61461e+02 | 29  0.02177  7.35764e+02 | 30  0.01926  6.26777e+02
 31  0.01024  5.22946e+02 | 32  0.01463  5.02941e+02 | 33  0.01974  5.63596e+02
 34  0.01909  1.08431e+03 | 35  0.02021  1.12439e+03 | 36  0.02625  1.60211e+03
 37  0.02159  1.16635e+03 | 38  0.02497  1.96596e+03 | 39  0.02871  1.04040e+03
 40  0.02451  1.09664e+03 | 41  0.02966  1.78578e+03 | 42  0.01769 -6.29647e+02
 43 -0.00089 -1.10438e+03 | 44 -0.04485 -2.35172e+03 | 45 -0.10091 -7.60507e+02
 46  0.15194  4.09620e+03 | 47 -0.03647  1.81767e+04 | 48 -0.05894  1.18806e+04
 49 -0.06829  4.59354e+03 | 50 -0.06558  1.40351e+03 | 51 -0.05338  1.76354e+03
 52 -0.04464 -9.62615e+02 | 53 -0.03770 -8.12340e+02 | 54 -0.02396 -1.57577e+03
 55 -0.01190 -1.28969e+03 | 56 -0.00416 -1.75653e+03 | 57  0.00913 -1.49845e+03
 58  0.01840 -1.07758e+03 | 59  0.01718 -1.37384e+03 | 60  0.00607 -3.87714e+03
 61  0.00678 -2.95949e+03 | 62  0.01288 -1.62560e+03 | 63  0.01582 -2.04680e+03
 64  0.01582 -2.56787e+03 | 65  0.01294 -3.15030e+03 | 66  0.01482 -2.91962e+03
 67  0.01527 -3.69437e+03 | 68  0.02601 -1.91331e+03 | 69  0.02128 -2.85251e+03
 70  0.02724 -2.54069e+03 | 71  0.03342 -3.47250e+02 | 72  0.02156 -2.36512e+03
 73  0.05689  5.24284e+03 | 74  0.05433 -3.38896e+02 | 75  0.01772 -4.37654e+02
1 0 28023.8
1 0 28026.8
1 0 28023.4
1 0 28023.6
1 0 28023.3
1 0 28023
1 0 28022.6
1 0 28021.9
1 0 28020.9
1 0 28019.6
1 0 28017.4
1 0 28015.1
75 variables; iteration 70; function evaluation 88; phase 1
Function value   2.8015538e+04; maximum gradient component mag   1.8035e+04
Var   Value    Gradient   |Var   Value    Gradient   |Var   Value    Gradient
  1  0.31698 -1.32384e+03 |  2  0.17096 -1.72036e+02 |  3  0.10392  2.49501e+00
  4  0.04312 -2.65394e+01 |  5 -0.00727 -8.35961e+01 |  6 -0.03175  1.39543e+01
  7 -0.05995  2.36725e+01 |  8 -0.09516 -2.65828e+01 |  9 -0.12227 -2.68481e-01
 10 -0.14944  3.54817e+01 | 11 -0.18825 -5.55784e+01 | 12 -0.20925 -2.00030e+01
 13 -0.22370 -6.99030e+01 | 14 -0.21442 -6.09353e+01 | 15 -0.18484  8.98762e+01
 16  0.34477  6.64712e+03 | 17  0.04589  3.65488e+03 | 18  0.03219 -3.50987e+03
 19 -0.01751 -9.75994e+02 | 20 -0.10138 -3.08805e+03 | 21 -0.10073 -1.61959e+03
 22 -0.06967 -1.39474e+03 | 23 -0.00691 -9.70011e+02 | 24  0.00904  7.03830e+00
 25  0.00614  3.53299e+02 | 26  0.01762  3.93957e+02 | 27  0.02311  1.62911e+03
 28  0.01749  9.33269e+02 | 29  0.02167  7.26100e+02 | 30  0.01899  5.95566e+02
 31  0.00951  4.47357e+02 | 32  0.01330  3.65374e+02 | 33  0.02177  8.47525e+02
 34  0.01596  7.25382e+02 | 35  0.02158  1.34400e+03 | 36  0.02789  1.81907e+03
 37  0.01976  8.84548e+02 | 38  0.02390  1.83794e+03 | 39  0.02929  1.11527e+03
 40  0.02442  1.08223e+03 | 41  0.02880  1.66481e+03 | 42  0.01733 -6.58870e+02
 43  0.00172 -9.64550e+02 | 44 -0.04602 -2.43716e+03 | 45 -0.10060 -7.47317e+02
 46  0.15217  4.10898e+03 | 47 -0.03701  1.80355e+04 | 48 -0.05928  1.18432e+04
 49 -0.06826  4.62732e+03 | 50 -0.06570  1.42635e+03 | 51 -0.05292  1.82286e+03
 52 -0.04469 -9.05155e+02 | 53 -0.03789 -8.42827e+02 | 54 -0.02431 -1.60923e+03
 55 -0.01173 -1.20838e+03 | 56 -0.00413 -1.73437e+03 | 57  0.00920 -1.46862e+03
 58  0.01820 -1.09215e+03 | 59  0.01701 -1.36157e+03 | 60  0.00591 -3.84514e+03
 61  0.00590 -3.02753e+03 | 62  0.01386 -1.50632e+03 | 63  0.01367 -2.38136e+03
 64  0.01585 -2.61031e+03 | 65  0.01437 -2.94824e+03 | 66  0.01437 -2.86371e+03
 67  0.01406 -3.82890e+03 | 68  0.02639 -1.83968e+03 | 69  0.02141 -2.80083e+03
 70  0.02666 -2.57623e+03 | 71  0.03299 -3.93989e+02 | 72  0.02244 -2.23501e+03
 73  0.05639  5.18393e+03 | 74  0.05437 -3.46901e+02 | 75  0.02145 -4.15676e+02
1 0 28010.7
1 0 27980.8
1 0 27935.6
1 0 27852.4
1 0 27693.2
1 0 26995.3
1 0 38954
1 0 26938.4
1 0 26888.1
1 0 26805.4
1 0 26677.9
1 0 26605.5
1 0 26534.1
75 variables; iteration 80; function evaluation 101; phase 1
Function value   2.6534108e+04; maximum gradient component mag   4.4869e+03
Var   Value    Gradient   |Var   Value    Gradient   |Var   Value    Gradient
  1  0.29598  3.36519e+02 |  2  0.18923 -7.43794e+01 |  3  0.13340 -3.46682e+01
  4  0.09973  2.75557e+00 |  5  0.07227  2.88996e+01 |  6  0.04078 -4.20593e+01
  7  0.02468 -2.64482e+00 |  8  0.01146 -6.14962e-01 |  9  0.00012 -1.37511e+01
 10 -0.00570  4.52741e+01 | 11 -0.02382 -5.08168e+01 | 12 -0.02578  2.00493e+01
 13 -0.03290 -1.22397e+01 | 14 -0.03556 -3.48028e+01 | 15 -0.02702  3.14387e+01
 16  0.28813  3.95320e+02 | 17  0.03629  4.89114e+02 | 18 -0.02138  4.48688e+03
 19 -0.05975  4.80918e+02 | 20 -0.06627 -5.10497e+02 | 21 -0.06650  1.39185e+02
 22 -0.05213  2.80150e+00 | 23 -0.03626 -1.67209e+02 | 24 -0.00808 -4.67078e+02
 25 -0.00545 -3.11768e+02 | 26  0.01463 -9.36881e+01 | 27  0.01207 -7.40224e+01
 28  0.01191  9.43308e+01 | 29  0.01471 -2.25617e+02 | 30  0.01054 -3.82895e+02
 31  0.00106 -5.31468e+02 | 32  0.00822 -3.06200e+02 | 33  0.01609 -1.19762e+02
 34  0.01141 -1.23385e+02 | 35  0.01209 -2.54968e+02 | 36  0.01887 -2.50474e+02
 37  0.01651 -1.07404e+02 | 38  0.01517 -6.62788e+01 | 39  0.02353 -1.78870e+02
 40  0.02113 -1.15209e+02 | 41  0.01869 -3.09518e+02 | 42  0.02148 -3.19292e+02
 43  0.02592  1.52098e+02 | 44  0.01282 -4.81078e+02 | 45 -0.00828 -8.57332e+02
 46  0.14682 -3.75630e+02 | 47 -0.08729  6.85473e+01 | 48 -0.10151  2.04736e+02
 49 -0.08069 -1.33648e+02 | 50 -0.06914 -5.18448e+02 | 51 -0.05477 -1.80658e+02
 52 -0.04553 -3.93317e+01 | 53 -0.03478  1.98997e+02 | 54 -0.01905 -5.69456e+02
 55 -0.00672  3.11371e+02 | 56  0.00143  1.36698e+02 | 57  0.01391 -2.60753e+02
 58  0.02068  8.45077e+01 | 59  0.02052  4.38623e+01 | 60  0.01677 -4.65856e+02
 61  0.01617  1.14632e+01 | 62  0.01812  3.37857e+01 | 63  0.02185  9.00147e+01
 64  0.02339  1.44476e+02 | 65  0.02186  1.39311e+02 | 66  0.02396  1.03959e+02
 67  0.02587 -3.24457e+02 | 68  0.02997  1.57417e+02 | 69  0.03033 -1.51316e+02
 70  0.03184 -1.17020e+02 | 71  0.03573  2.78803e+02 | 72  0.03087 -7.16327e+02
 73  0.03057 -1.29611e+02 | 74  0.04706  3.19633e+02 | 75  0.03555 -9.76998e+01
1 0 26400.4
1 0 26436.8
1 0 26374.7
1 0 26335.2
1 0 26284.1
1 0 26276.5
1 0 26265.7
1 0 26255.2
1 0 26240.3
1 0 26238.1
1 0 26230.3
1 0 26222.4
75 variables; iteration 90; function evaluation 113; phase 1
Function value   2.6222450e+04; maximum gradient component mag   1.8701e+03
Var   Value    Gradient   |Var   Value    Gradient   |Var   Value    Gradient
  1  0.27950 -4.24766e+02 |  2  0.19750 -1.04726e+01 |  3  0.14670 -6.59670e+00
  4  0.11155 -1.77642e-01 |  5  0.08471  7.82542e+00 |  6  0.06119 -1.09598e+01
  7  0.04498  2.76568e+00 |  8  0.03106  1.30004e+00 |  9  0.01927 -6.87886e+00
 10  0.01159  1.39312e+01 | 11  0.00155 -1.26922e+01 | 12 -0.00316  7.74661e+00
 13 -0.00881 -3.94589e+00 | 14 -0.01200 -1.77332e+01 | 15 -0.00867  1.54753e+01
 16  0.30085 -1.16751e+02 | 17  0.00106  8.35471e+02 | 18 -0.07237 -4.38742e+02
 19 -0.06762  1.94763e+02 | 20 -0.06554 -1.50144e+01 | 21 -0.06861  1.06265e+02
 22 -0.05227  5.99128e+01 | 23  0.00489  1.11381e+02 | 24  0.00465 -8.22873e+01
 25 -0.00092  3.92618e+01 | 26  0.01178 -8.52232e+00 | 27  0.00919  3.73556e+01
 28  0.00776  4.61888e+01 | 29  0.01354 -3.27201e+01 | 30  0.01166 -1.17006e+02
 31  0.00615 -1.60938e+02 | 32  0.00928 -7.95547e+01 | 33  0.01398 -1.03931e+01
 34  0.00905 -1.47226e+01 | 35  0.01138 -3.95042e+01 | 36  0.01882  2.95849e+01
 37  0.01455  3.03287e+01 | 38  0.01388  6.55290e+01 | 39  0.02209  2.84451e+01
 40  0.01933 -1.34809e+01 | 41  0.01913 -3.16819e+01 | 42  0.01991 -1.14068e+02
 43  0.02168 -1.89333e+02 | 44  0.01977 -4.31984e+02 | 45  0.04316  1.21450e+02
 46  0.14419  1.87008e+03 | 47 -0.11788  4.82581e+02 | 48 -0.10564 -4.39976e+02
 49 -0.07740  8.42342e+01 | 50 -0.06550 -1.10821e+02 | 51 -0.05522 -3.76669e+02
 52 -0.03693  1.55798e+02 | 53 -0.03173 -5.09071e+01 | 54 -0.01547 -2.12499e+02
 55 -0.00548 -6.90537e+00 | 56  0.00310 -2.76611e+01 | 57  0.01648 -6.30960e+01
 58  0.02293 -1.17136e+01 | 59  0.02326  3.25846e-01 | 60  0.02094 -1.76338e+02
 61  0.01888 -4.92265e+01 | 62  0.02026 -1.93446e+01 | 63  0.02377 -1.80144e+01
 64  0.02545 -1.62431e+01 | 65  0.02408 -4.40921e+01 | 66  0.02593 -2.57376e+01
 67  0.02891 -1.18888e+02 | 68  0.03204 -1.50094e+01 | 69  0.03301 -4.55406e+01
 70  0.03484 -7.62610e+01 | 71  0.03767  5.72724e+01 | 72  0.03519  1.17892e+02
 73  0.03657  1.04985e+03 | 74  0.02489 -8.68746e+01 | 75  0.02142 -1.14039e+02
1 0 26210.8
1 0 26146.6
1 0 32902.2
1 0 26065.9
1 0 26786.7
1 0 26038.1
1 0 26036.5
1 0 28576.6
1 0 26034.8
1 0 26031.4
1 0 26003.8
1 0 25957.9
1 0 25926.7
1 0 25919.2
1 0 25916.6
1 0 25913.2
1 0 25907.7
75 variables; iteration 100; function evaluation 130; phase 1
Function value   2.5907672e+04; maximum gradient component mag  -9.3371e+02
Var   Value    Gradient   |Var   Value    Gradient   |Var   Value    Gradient
  1  0.23548 -2.79448e+02 |  2  0.23563 -1.25343e+01 |  3  0.19404  1.60128e+01
  4  0.13593 -1.33538e+00 |  5  0.09105  1.28835e+01 |  6  0.05492 -1.92354e+00
  7  0.02853  1.83513e+00 |  8  0.00813  3.26933e+00 |  9 -0.00846 -1.43151e-01
 10 -0.02143  8.01378e+00 | 11 -0.03401 -8.91542e+00 | 12 -0.04174  2.16770e-01
 13 -0.04768 -3.33280e+00 | 14 -0.05095 -6.06155e+00 | 15 -0.05084  5.56620e+00
 16  0.29123  3.14702e+02 | 17 -0.06971  6.69749e+02 | 18 -0.07327  5.43527e+02
 19 -0.06557 -1.07911e+01 | 20 -0.06265  4.62222e+01 | 21 -0.06662 -4.20881e+00
 22 -0.05117 -1.27080e+02 | 23  0.00100 -2.28483e+02 | 24  0.00723 -8.46080e+01
 25  0.00127 -3.44105e+01 | 26  0.01407 -4.56467e+01 | 27  0.01097 -4.00075e+01
 28  0.00984 -2.65122e+01 | 29  0.01676 -2.19698e+01 | 30  0.01618 -3.73587e+01
 31  0.01220 -3.84826e+01 | 32  0.01376 -3.75774e+01 | 33  0.01676 -3.61932e+01
 34  0.01189 -3.32221e+01 | 35  0.01442 -3.22292e+01 | 36  0.02061 -4.48419e+01
 37  0.01631 -4.10709e+01 | 38  0.01536 -4.86758e+01 | 39  0.02388 -3.96078e+01
 40  0.02209 -3.04487e+01 | 41  0.02254 -1.97616e+01 | 42  0.02432  2.52013e+01
 43  0.02572 -9.94303e+01 | 44  0.02460 -1.57176e+02 | 45  0.04667  7.39030e+01
 46  0.14359  1.63404e+02 | 47 -0.13706 -9.33715e+02 | 48 -0.10137  2.90366e+02
 49 -0.07734  8.67263e+01 | 50 -0.06489 -2.34485e+01 | 51 -0.05376  5.78443e+01
 52 -0.03767  3.80228e+01 | 53 -0.03121  3.70175e+01 | 54 -0.01458  2.93361e+01
 55 -0.00525 -5.26927e+00 | 56  0.00327 -1.28628e+01 | 57  0.01691  2.85775e+01
 58  0.02340  1.46989e+01 | 59  0.02397  2.42836e+01 | 60  0.02230  5.51535e+00
 61  0.01966  7.09030e+00 | 62  0.02061  5.80684e+00 | 63  0.02411  8.44725e+00
 64  0.02578 -9.77322e+00 | 65  0.02423 -1.78116e+01 | 66  0.02612 -2.07998e+00
 67  0.02942  3.41552e+01 | 68  0.03214 -1.25738e+01 | 69  0.03351  2.66646e+01
 70  0.03549  2.41253e+00 | 71  0.03804 -5.32194e+01 | 72  0.03545  2.96401e+01
 73  0.03541  4.13549e+02 | 74  0.02570  8.09616e+01 | 75  0.02609 -8.01154e-01
1 0 25900.4
1 0 25896.5
1 0 25894.5
1 0 25893.6
1 0 25893
1 0 25892.6
1 0 25892.4
1 0 25892.4
1 0 25892.3
1 0 25892.3
75 variables; iteration 110; function evaluation 140; phase 1
Function value   2.5892341e+04; maximum gradient component mag   9.5528e+00
Var   Value    Gradient   |Var   Value    Gradient   |Var   Value    Gradient
  1  0.23271 -5.16112e+00 |  2  0.22094 -1.81025e+00 |  3  0.17353 -1.47859e+00
  4  0.11759 -5.75483e-01 |  5  0.07210 -5.12450e-01 |  6  0.03759 -7.73999e-02
  7  0.01143 -1.05921e-01 |  8 -0.00863 -1.06069e-01 |  9 -0.02418  3.18575e-02
 10 -0.03630 -2.35921e-01 | 11 -0.04562  2.27426e-01 | 12 -0.05272 -6.32256e-02
 13 -0.05782  3.81587e-03 | 14 -0.06112  1.79912e-01 | 15 -0.06280 -1.72738e-01
 16  0.28694  2.84681e+00 | 17 -0.08851  9.55275e+00 | 18 -0.07249  5.16224e-01
 19 -0.06641 -3.28446e+00 | 20 -0.06385  1.63584e-01 | 21 -0.06632 -2.22897e+00
 22 -0.04887 -1.77295e+00 | 23  0.00597  1.12037e+00 | 24  0.00912  4.14712e-01
 25  0.00207 -1.67536e-01 | 26  0.01500 -5.36357e-01 | 27  0.01180 -1.54007e+00
 28  0.01043 -7.03997e-02 | 29  0.01729  2.28046e-01 | 30  0.01690  6.14560e-01
 31  0.01298  6.30333e-01 | 32  0.01449  3.46666e-01 | 33  0.01749 -5.78092e-01
 34  0.01257 -3.52540e-01 | 35  0.01515 -4.59196e-02 | 36  0.02157 -5.09359e-01
 37  0.01717 -1.21545e+00 | 38  0.01622 -1.10992e+00 | 39  0.02474 -8.89445e-01
 40  0.02272 -4.09457e-01 | 41  0.02304  5.87230e-01 | 42  0.02454 -3.78242e-01
 43  0.02715  1.44735e-02 | 44  0.02519  1.19720e+00 | 45  0.04209  1.34453e-01
 46  0.14409  9.27599e+00 | 47 -0.12183  4.39500e+00 | 48 -0.10432  3.13415e+00
 49 -0.07841 -6.74326e-01 | 50 -0.06560  5.81125e-01 | 51 -0.05397 -2.87565e-01
 52 -0.03773 -1.13903e+00 | 53 -0.03164 -5.95503e-01 | 54 -0.01506  6.49497e-01
 55 -0.00563 -6.51747e-01 | 56  0.00290  2.15707e-02 | 57  0.01640 -3.35655e-01
 58  0.02289 -8.65241e-01 | 59  0.02346 -7.21670e-01 | 60  0.02187  1.00310e+00
 61  0.01921 -6.66019e-01 | 62  0.02017 -1.88317e-01 | 63  0.02366 -4.05195e-01
 64  0.02539 -1.95438e-01 | 65  0.02390 -7.57230e-01 | 66  0.02572  1.08842e+00
 67  0.02891 -2.27578e+00 | 68  0.03177  1.82280e+00 | 69  0.03298 -4.43105e-01
 70  0.03501  4.94056e-01 | 71  0.03763 -2.38357e-01 | 72  0.03507  1.04299e+00
 73  0.03374 -3.11199e+00 | 74  0.02603 -1.34033e+00 | 75  0.02604 -4.13345e-01
1 0 25892.3
1 0 25892.3
1 0 25892.3
1 0 25892.3
1 0 25892.3
1 0 25892.3
1 0 25892.3
1 0 25892.3
1 0 25892.3

 - final statistics:
75 variables; iteration 119; function evaluation 149
Function value   2.5892e+04; maximum gradient component mag  -6.0213e-02
Exit code = 1;  converg criter   1.0000e-01
Var   Value    Gradient   |Var   Value    Gradient   |Var   Value    Gradient
  1  0.23275 -5.06000e-03 |  2  0.22069 -4.91935e-03 |  3  0.17334 -2.51772e-03
  4  0.11744 -1.23777e-03 |  5  0.07200  1.91974e-04 |  6  0.03747 -5.13615e-05
  7  0.01132  3.72355e-04 |  8 -0.00875  4.81611e-04 |  9 -0.02431 -1.40712e-04
 10 -0.03644  5.80470e-04 | 11 -0.04582 -3.54311e-04 | 12 -0.05291  4.02855e-05
 13 -0.05802  1.36784e-05 | 14 -0.06133 -1.08725e-03 | 15 -0.06295  8.92715e-04
 16  0.28686 -1.42636e-02 | 17 -0.08884  1.07347e-02 | 18 -0.07248  8.18829e-03
 19 -0.06639  7.98154e-03 | 20 -0.06382 -9.08493e-03 | 21 -0.06628  3.20945e-03
 22 -0.04882 -2.75333e-03 | 23  0.00596  6.93133e-03 | 24  0.00912 -1.76126e-02
 25  0.00208  1.26484e-04 | 26  0.01502 -1.15765e-03 | 27  0.01183 -2.37960e-02
 28  0.01044  4.35962e-03 | 29  0.01730  1.31904e-02 | 30  0.01690 -2.69626e-04
 31  0.01298 -1.22203e-02 | 32  0.01449  4.77916e-03 | 33  0.01751  1.33208e-06
 34  0.01258 -2.40785e-03 | 35  0.01517  6.25172e-03 | 36  0.02159  6.65665e-04
 37  0.01720 -8.31617e-03 | 38  0.01625 -1.50862e-02 | 39  0.02476  2.57010e-03
 40  0.02274  7.00497e-04 | 41  0.02304  2.63156e-02 | 42  0.02456  4.41481e-04
 43  0.02715 -4.18928e-04 | 44  0.02519 -8.38759e-03 | 45  0.04204  8.99951e-03
 46  0.14408 -6.02128e-02 | 47 -0.12190 -3.09403e-03 | 48 -0.10434 -2.95444e-02
 49 -0.07841  2.49778e-02 | 50 -0.06560  7.63347e-03 | 51 -0.05396 -1.03701e-02
 52 -0.03773 -9.08413e-04 | 53 -0.03164  9.72920e-03 | 54 -0.01506  6.35887e-03
 55 -0.00563  5.83152e-04 | 56  0.00291  9.43886e-03 | 57  0.01640  6.62219e-03
 58  0.02289 -5.48297e-03 | 59  0.02346 -3.30218e-04 | 60  0.02186  8.46468e-03
 61  0.01921 -1.21844e-03 | 62  0.02017  4.45997e-03 | 63  0.02366  1.37749e-03
 64  0.02539  1.86516e-04 | 65  0.02390 -9.57508e-03 | 66  0.02572  8.45114e-03
 67  0.02892  7.01967e-03 | 68  0.03177  3.37714e-03 | 69  0.03299 -6.81596e-03
 70  0.03500 -3.45316e-04 | 71  0.03763 -1.02343e-02 | 72  0.03506 -5.91797e-03
 73  0.03375 -4.32512e-03 | 74  0.02607  6.32244e-03 | 75  0.02607  3.20684e-03
1 0 25892.3
B0234224
0.3 0.289995
0.248568 0.333486
0.236839 0.34524
0.233618 0.348609
0.23269 0.349592
0.232418 0.34988
0.232338 0.349965
0.232315 0.34999
0.232308 0.349997
0.232306 0.349999
0.232305 0.35
0.232305 0.35
0.232305 0.35
0.232305 0.35
0.232305 0.35
0.232305 0.35
0.232305 0.35
0.232305 0.35
0.232305 0.35
0.232305 0.35
0.232305 0.35
2 0 25892.3

Initial statistics: 79 variables; iteration 0; function evaluation 0; phase 2
Function value   2.5892339e+04; maximum gradient component mag   1.5269e+04
Var   Value    Gradient   |Var   Value    Gradient   |Var   Value    Gradient
  1 -0.80790 -2.41935e+02 |  2 -0.70349 -6.93315e+02 |  3  0.23275 -5.06000e-03
  4  0.22069 -4.91935e-03 |  5  0.17334 -2.51772e-03 |  6  0.11744 -1.23777e-03
  7  0.07200  1.91974e-04 |  8  0.03747 -5.13615e-05 |  9  0.01132  3.72355e-04
 10 -0.00875  4.81611e-04 | 11 -0.02431 -1.40712e-04 | 12 -0.03644  5.80470e-04
 13 -0.04582 -3.54311e-04 | 14 -0.05291  4.02855e-05 | 15 -0.05802  1.36784e-05
 16 -0.06133 -1.08725e-03 | 17 -0.06295  8.92715e-04 | 18  0.28686 -1.42636e-02
 19 -0.08884  1.05938e-02 | 20 -0.07248  8.04693e-03 | 21 -0.06639  7.84003e-03
 22 -0.06382 -9.22649e-03 | 23 -0.06628  3.06794e-03 | 24 -0.04882 -2.89519e-03
 25  0.00596  6.78906e-03 | 26  0.00912 -1.77549e-02 | 27  0.00208 -1.57934e-05
 28  0.01502 -1.29989e-03 | 29  0.01183 -2.39383e-02 | 30  0.01044  4.21736e-03
 31  0.01730  1.30481e-02 | 32  0.01690 -4.11854e-04 | 33  0.01298 -1.23626e-02
 34  0.01449  4.63692e-03 | 35  0.01751 -1.40892e-04 | 36  0.01258 -2.55011e-03
 37  0.01517  6.10949e-03 | 38  0.02159  5.23468e-04 | 39  0.01720 -8.45840e-03
 40  0.01625 -1.52284e-02 | 41  0.02476  2.42793e-03 | 42  0.02274  5.58310e-04
 43  0.02304  2.61734e-02 | 44  0.02456  2.99309e-04 | 45  0.02715 -5.61077e-04
 46  0.02519 -8.52976e-03 | 47  0.04204  8.85754e-03 | 48  0.14408 -6.02128e-02
 49 -0.12190 -3.76356e-03 | 50 -0.10434 -3.02172e-02 | 51 -0.07841  2.43010e-02
 52 -0.06560  6.95510e-03 | 53 -0.05396 -1.10497e-02 | 54 -0.03773 -1.58921e-03
 55 -0.03164  9.04805e-03 | 56 -0.01506  5.67708e-03 | 57 -0.00563 -9.88115e-05
 58  0.00291  8.75688e-03 | 59  0.01640  5.94042e-03 | 60  0.02289 -6.16452e-03
 61  0.02346 -1.01175e-03 | 62  0.02186  7.78309e-03 | 63  0.01921 -1.90012e-03
 64  0.02017  3.77832e-03 | 65  0.02366  6.95971e-04 | 66  0.02539 -4.94932e-04
 67  0.02390 -1.02566e-02 | 68  0.02572  7.76971e-03 | 69  0.02892  6.33838e-03
 70  0.03177  2.69600e-03 | 71  0.03299 -7.49704e-03 | 72  0.03500 -1.02628e-03
 73  0.03763 -1.09151e-02 | 74  0.03506 -6.59892e-03 | 75  0.03375 -5.00615e-03
 76  0.02607  5.64102e-03 | 77  0.02607  2.52542e-03 | 78 -0.59483  1.52687e+04
 79 -0.60357 -7.60563e+03 |
2 0 25892.3
2 0 25892.1
2 0 25890.4
2 0 25889.3
2 0 25887.3
2 0 25868.8
2 0 25827.8
2 0 25711.6
2 0 25621.9
2 0 29876
2 0 25578.6
2 0 29703.6
2 0 25556.1
2 0 25880.2
2 0 25543
2 0 25551.8
2 0 25538.8
2 0 25532.8
2 0 25527.9
2 0 25518.1

Intermediate statistics: 79 variables; iteration 10; function evaluation 20; phase 2
Function value   2.5519096e+04; maximum gradient component mag  -4.6623e+04
Var   Value    Gradient   |Var   Value    Gradient   |Var   Value    Gradient
  1 -0.74142 -5.19763e+02 |  2 -0.47097  2.80536e+02 |  3  0.23821  2.64435e+02
  4  0.21756  2.99450e+02 |  5  0.16956  1.76438e+02 |  6  0.11603  6.93752e+01
  7  0.07147  2.74649e+01 |  8  0.03724  1.27173e+01 |  9  0.01119  6.91804e+00
 10 -0.00882  4.28157e+00 | 11 -0.02436  2.93141e+00 | 12 -0.03648  2.17108e+00
 13 -0.04585  1.72068e+00 | 14 -0.05294  1.44029e+00 | 15 -0.05804  1.26812e+00
 16 -0.06135  1.16890e+00 | 17 -0.06297  1.11073e+00 | 18  0.05905  8.29432e+03
 19 -0.05313 -1.44248e+03 | 20 -0.02668 -1.56512e+03 | 21 -0.02894 -1.88140e+03
 22 -0.03725 -1.64659e+03 | 23 -0.03430 -1.19397e+03 | 24 -0.01928 -9.03579e+02
 25  0.00415  2.05251e+03 | 26  0.00344  1.91434e+03 | 27 -0.00402  8.41671e+02
 28  0.00648  1.40688e+03 | 29  0.00170  6.94744e+02 | 30 -0.00061  4.77056e+02
 31  0.00699  1.00862e+03 | 32  0.00728  9.67471e+02 | 33  0.00765  9.06829e+02
 34  0.01128  1.21222e+03 | 35  0.00871  6.56036e+02 | 36  0.00613  5.81421e+02
 37  0.00859  6.20379e+02 | 38  0.01118  5.57455e+02 | 39  0.00735  1.43058e+02
 40  0.00832  1.33780e+02 | 41  0.01230  2.18575e+02 | 42  0.00845 -4.49051e+02
 43  0.01087 -6.94106e+01 | 44  0.01133 -7.44342e+01 | 45  0.01289  2.65352e+00
 46  0.01243  4.28908e+02 | 47  0.04333 -9.91765e+02 | 48  0.14551 -6.07234e+03
 49 -0.11984 -4.74827e+02 | 50 -0.10678 -9.60720e+02 | 51 -0.08254 -2.49518e+02
 52 -0.07167 -8.84052e+02 | 53 -0.05594 -6.27706e+02 | 54 -0.03688 -8.20448e+01
 55 -0.03169 -3.40350e+02 | 56 -0.01299  9.87931e+02 | 57 -0.00675 -5.59661e+02
 58  0.00424  5.97601e+01 | 59  0.01828  7.28358e+02 | 60  0.02348 -2.80687e+02
 61  0.02549 -5.68349e+00 | 62  0.02549  5.65372e+02 | 63  0.02177 -2.12888e+02
 64  0.02195 -2.04124e+02 | 65  0.02631  3.69477e+02 | 66  0.02843  1.96857e+02
 67  0.02490 -4.47755e+02 | 68  0.02720  2.02552e+02 | 69  0.03228  4.96128e+02
 70  0.03164 -5.65906e+02 | 71  0.03589  3.91983e+02 | 72  0.03725  1.91102e+02
 73  0.03889 -1.30135e+02 | 74  0.03612 -3.90733e+02 | 75  0.03116 -9.94771e+02
 76  0.00292 -1.30232e+03 | 77  0.02359  2.60648e+02 | 78 -0.65985 -4.66231e+04
 79 -0.69377  6.93916e+03 |
2 0 25506.3
2 0 25511.7
2 0 25501.7
2 0 25496.6
2 0 25490.3
2 0 25479
2 0 25459.4
2 0 25428.2
2 0 25426.1
2 0 25411.8
2 0 25410.7
2 0 25403.3
2 0 25399.3
79 variables; iteration 20; function evaluation 33; phase 2
Function value   2.5399694e+04; maximum gradient component mag  -2.0900e+04
Var   Value    Gradient   |Var   Value    Gradient   |Var   Value    Gradient
  1 -0.97810 -4.37124e+00 |  2 -0.13173  1.59482e+02 |  3  0.22572 -7.48099e+02
  4  0.23110  2.24236e+02 |  5  0.16989  7.74652e+01 |  6  0.11166 -1.49269e-01
  7  0.06707 -6.35834e+00 |  8  0.03444  1.17833e-02 |  9  0.00954  8.76331e-01
 10 -0.00985  3.92677e-01 | 11 -0.02506  5.10510e-02 | 12 -0.03698 -1.19451e-01
 13 -0.04624 -2.03653e-01 | 14 -0.05326 -2.49080e-01 | 15 -0.05832 -2.75478e-01
 16 -0.06159 -2.86296e-01 | 17 -0.06320 -2.80004e-01 | 18  0.05141  3.09340e+03
 19 -0.04050 -5.33494e+02 | 20 -0.02327 -4.54500e+02 | 21 -0.02116 -7.35672e+02
 22 -0.02619 -1.29868e+02 | 23 -0.02588  4.21670e+01 | 24 -0.01643 -2.70921e+02
 25 -0.00360  4.28157e+02 | 26 -0.00550  6.63819e+02 | 27 -0.01170  3.90824e+02
 28  0.00007  4.13321e+01 | 29 -0.00508  1.19655e+02 | 30 -0.00552  8.38714e+01
 31  0.00568  6.20838e+02 | 32  0.00551  5.05699e+02 | 33  0.00390 -4.19512e+01
 34  0.00853  5.61374e+02 | 35  0.00701  2.69850e+02 | 36  0.00283 -2.68708e+01
 37  0.00744  2.06949e+02 | 38  0.01152  7.26483e+02 | 39  0.00420 -4.11159e+02
 40  0.00639 -2.22045e+02 | 41  0.01416  3.11618e+02 | 42  0.01002 -4.27772e+00
 43  0.01067 -1.78288e+02 | 44  0.01188 -4.17980e+02 | 45  0.01528  2.63404e+01
 46  0.01376 -5.35523e+00 | 47  0.04843  1.06124e+02 | 48  0.14828  8.70581e+03
 49 -0.12668 -1.64306e+03 | 50 -0.10185 -5.33193e+02 | 51 -0.07970  5.46214e+01
 52 -0.06379  6.23082e+01 | 53 -0.05085  1.74231e+00 | 54 -0.03670  4.55707e+02
 55 -0.03128  1.68464e+02 | 56 -0.01600  6.89665e+02 | 57 -0.00532  3.43075e+02
 58  0.00243  1.19699e+02 | 59  0.01510  3.43077e+02 | 60  0.02204 -2.92947e+02
 61  0.02349 -1.17638e+02 | 62  0.02223  4.38870e+02 | 63  0.01743 -6.50611e+02
 64  0.02014 -3.11534e+02 | 65  0.02357  1.82116e+02 | 66  0.02674  2.10428e+02
 67  0.02182 -1.05694e+03 | 68  0.02436 -1.48970e+02 | 69  0.02965  2.67463e+02
 70  0.03217 -4.28523e+02 | 71  0.03300 -2.67440e+02 | 72  0.03436 -3.22146e+02
 73  0.03903  1.77765e+02 | 74  0.03611 -2.71301e+02 | 75  0.02994 -9.73738e+02
 76  0.02626  3.07973e+02 | 77  0.02524 -5.47459e+02 | 78 -0.65554 -2.09003e+04
 79 -0.68380  4.00998e+03 |
2 0 25401.3
2 0 25397.7
2 0 25400.8
2 0 25397.3
2 0 25396.8
2 0 25396.2
2 0 25395.5
2 0 25396.8
2 0 25395.4
2 0 25395.5
2 0 25395.3
2 0 25395.3
2 0 25395.2
2 0 25395.3
2 0 25395.2
79 variables; iteration 30; function evaluation 48; phase 2
Function value   2.5395551e+04; maximum gradient component mag  -1.9286e+04
Var   Value    Gradient   |Var   Value    Gradient   |Var   Value    Gradient
  1 -0.99497 -1.02150e+00 |  2 -0.12080  1.48065e+02 |  3  0.22785 -8.55599e+02
  4  0.23815  2.11871e+02 |  5  0.18091  1.31706e+02 |  6  0.12063  2.25664e+01
  7  0.07146 -8.92579e+00 |  8  0.03570 -8.38803e+00 |  9  0.00976 -3.72117e+00
 10 -0.00983 -1.57307e+00 | 11 -0.02505 -1.02371e+00 | 12 -0.03696 -8.83102e-01
 13 -0.04622 -8.07292e-01 | 14 -0.05323 -7.51957e-01 | 15 -0.05829 -7.10639e-01
 16 -0.06156 -6.75316e-01 | 17 -0.06317 -6.50857e-01 | 18  0.04823  2.57855e+03
 19 -0.02841 -3.00569e+02 | 20 -0.02191 -1.47241e+02 | 21 -0.02058 -6.13494e+02
 22 -0.02734 -4.43706e+02 | 23 -0.02527  1.69689e+02 | 24 -0.01481  1.41279e+01
 25 -0.00355  4.47499e+02 | 26 -0.00618  5.48845e+02 | 27 -0.01202  3.83864e+02
 28 -0.00013  3.02715e+01 | 29 -0.00526  8.43408e+01 | 30 -0.00535  1.72522e+02
 31  0.00508  4.59355e+02 | 32  0.00488  2.93678e+02 | 33  0.00364 -2.11990e+02
 34  0.00873  4.72311e+02 | 35  0.00703  2.62940e+02 | 36  0.00236 -1.34784e+02
 37  0.00733  1.43727e+02 | 38  0.01128  5.03503e+02 | 39  0.00422 -4.47413e+02
 40  0.00626 -2.58012e+02 | 41  0.01388  2.93102e+02 | 42  0.00968 -6.34050e+01
 43  0.01062 -2.01006e+02 | 44  0.01220 -2.92721e+02 | 45  0.01564  1.43784e+02
 46  0.01359 -3.89935e+00 | 47  0.03655  1.65710e+02 | 48  0.14816  9.82356e+03
 49 -0.12775 -1.82064e+03 | 50 -0.10244 -7.39956e+02 | 51 -0.07837  3.19446e+02
 52 -0.06385  2.86138e+01 | 53 -0.05094 -1.47690e+02 | 54 -0.03678  3.60910e+02
 55 -0.03105  1.96577e+02 | 56 -0.01586  6.95965e+02 | 57 -0.00563  2.56214e+02
 58  0.00306  2.31062e+02 | 59  0.01462  1.83997e+02 | 60  0.02202 -2.61544e+02
 61  0.02371  1.26704e+01 | 62  0.02273  6.05894e+02 | 63  0.01828 -4.79240e+02
 64  0.02031 -2.87014e+02 | 65  0.02358  2.08881e+02 | 66  0.02675  2.30435e+02
 67  0.02288 -7.79453e+02 | 68  0.02505  2.74542e+01 | 69  0.02996  3.31363e+02
 70  0.03179 -5.16616e+02 | 71  0.03293 -2.81816e+02 | 72  0.03462 -2.87632e+02
 73  0.03860  2.97810e+00 | 74  0.03578 -4.33769e+02 | 75  0.03111 -8.31245e+02
 76  0.02850  2.17383e+02 | 77  0.01951 -6.42760e+02 | 78 -0.65597 -1.92860e+04
 79 -0.68410  3.59796e+03 |
2 0 25395.2
2 0 25395.1
2 0 25395.1
2 0 25395.1
2 0 25395.1
2 0 25395.1
2 0 25395.1
2 0 25395.1
2 0 25395
2 0 25395
2 0 25395
2 0 25395
79 variables; iteration 40; function evaluation 60; phase 2
Function value   2.5395417e+04; maximum gradient component mag  -1.9251e+04
Var   Value    Gradient   |Var   Value    Gradient   |Var   Value    Gradient
  1 -0.99571 -8.71617e-01 |  2 -0.12041  1.47077e+02 |  3  0.22792 -8.39524e+02
  4  0.23881  2.58806e+02 |  5  0.18086  1.43664e+02 |  6  0.12205  2.96374e+01
  7  0.07515  5.62319e+00 |  8  0.03925 -1.16915e-01 |  9  0.01179 -3.06680e+00
 10 -0.00901 -3.09922e+00 | 11 -0.02475 -1.89172e+00 | 12 -0.03682 -1.02213e+00
 13 -0.04612 -6.89398e-01 | 14 -0.05314 -5.95867e-01 | 15 -0.05820 -5.63648e-01
 16 -0.06148 -5.40287e-01 | 17 -0.06310 -5.23659e-01 | 18  0.04804  2.55471e+03
 19 -0.02806 -3.59335e+02 | 20 -0.02178 -1.33854e+02 | 21 -0.02060 -6.10433e+02
 22 -0.02723 -4.37810e+02 | 23 -0.02516  1.74818e+02 | 24 -0.01479  1.05278e+01
 25 -0.00352  4.46081e+02 | 26 -0.00624  5.34605e+02 | 27 -0.01216  3.67094e+02
 28 -0.00007  3.90742e+01 | 29 -0.00543  5.56779e+01 | 30 -0.00539  1.67142e+02
 31  0.00509  4.51600e+02 | 32  0.00482  2.63274e+02 | 33  0.00374 -1.81391e+02
 34  0.00878  4.96634e+02 | 35  0.00703  2.58380e+02 | 36  0.00231 -1.41109e+02
 37  0.00742  1.56911e+02 | 38  0.01138  5.18209e+02 | 39  0.00424 -4.55010e+02
 40  0.00628 -2.66359e+02 | 41  0.01401  3.06107e+02 | 42  0.00981 -4.39376e+01
 43  0.01068 -1.89620e+02 | 44  0.01223 -2.93363e+02 | 45  0.01570  1.65912e+02
 46  0.01355  5.87978e+00 | 47  0.03548  1.57646e+02 | 48  0.14830  9.85140e+03
 49 -0.12794 -1.83241e+03 | 50 -0.10292 -7.97474e+02 | 51 -0.07838  3.45438e+02
 52 -0.06370  8.37110e+01 | 53 -0.05096 -1.25548e+02 | 54 -0.03682  3.78039e+02
 55 -0.03104  2.25746e+02 | 56 -0.01602  6.90790e+02 | 57 -0.00567  2.66861e+02
 58  0.00295  2.40446e+02 | 59  0.01449  1.84124e+02 | 60  0.02196 -2.46216e+02
 61  0.02370  4.62472e+01 | 62  0.02254  5.78482e+02 | 63  0.01805 -5.14307e+02
 64  0.02022 -2.87285e+02 | 65  0.02336  1.85902e+02 | 66  0.02665  2.26206e+02
 67  0.02281 -7.81030e+02 | 68  0.02499  3.71349e+01 | 69  0.02991  3.47859e+02
 70  0.03179 -5.00907e+02 | 71  0.03286 -2.84372e+02 | 72  0.03448 -3.02502e+02
 73  0.03851  3.17643e+00 | 74  0.03562 -4.57843e+02 | 75  0.03097 -8.49028e+02
 76  0.02843  1.69995e+02 | 77  0.02228 -6.27161e+02 | 78 -0.65597 -1.92505e+04
 79 -0.68409  3.58989e+03 |
2 0 25395
2 0 25395
2 0 25395
2 0 25395
2 0 25394.9
2 0 25394.8
2 0 25394.8
2 0 25394.8
2 0 25394.7
2 0 25394.6
2 0 25394.4
2 0 25394.5
2 0 25394.4
79 variables; iteration 50; function evaluation 73; phase 2
Function value   2.5394748e+04; maximum gradient component mag  -1.9156e+04
Var   Value    Gradient   |Var   Value    Gradient   |Var   Value    Gradient
  1 -0.99805 -3.87275e-01 |  2 -0.11810  1.47152e+02 |  3  0.22781 -8.44730e+02
  4  0.23895  2.52777e+02 |  5  0.18062  1.40022e+02 |  6  0.12250  2.69616e+01
  7  0.07811  1.97661e+01 |  8  0.04190 -8.33210e+00 |  9  0.01745 -5.44848e+00
 10  0.00136  2.03398e+01 | 11 -0.01547  1.04710e+01 | 12 -0.03152 -3.27374e+00
 13 -0.04375 -5.84201e+00 | 14 -0.05203 -3.31861e+00 | 15 -0.05745 -1.33125e+00
 16 -0.06081 -6.17204e-01 | 17 -0.06244 -4.54922e-01 | 18  0.04833  2.56669e+03
 19 -0.02776 -3.60869e+02 | 20 -0.02178 -1.15539e+02 | 21 -0.02047 -5.69781e+02
 22 -0.02740 -4.79887e+02 | 23 -0.02517  1.75024e+02 | 24 -0.01473  1.98344e+01
 25 -0.00366  4.09189e+02 | 26 -0.00612  5.53636e+02 | 27 -0.01233  3.45412e+02
 28 -0.00001  2.28914e+01 | 29 -0.00522  1.21302e+02 | 30 -0.00533  1.62468e+02
 31  0.00497  4.33095e+02 | 32  0.00485  2.84678e+02 | 33  0.00371 -1.81659e+02
 34  0.00885  5.02776e+02 | 35  0.00703  2.44156e+02 | 36  0.00239 -1.16124e+02
 37  0.00758  2.23058e+02 | 38  0.01110  4.42815e+02 | 39  0.00427 -4.40838e+02
 40  0.00623 -2.77393e+02 | 41  0.01393  3.03754e+02 | 42  0.00969 -6.16030e+01
 43  0.01063 -2.05955e+02 | 44  0.01224 -2.95713e+02 | 45  0.01571  1.69626e+02
 46  0.01349 -6.92961e+00 | 47  0.03547  1.53349e+02 | 48  0.14821  9.81911e+03
 49 -0.12777 -1.82707e+03 | 50 -0.10281 -7.90537e+02 | 51 -0.07816  3.87477e+02
 52 -0.06349  1.22165e+02 | 53 -0.05077 -9.83643e+01 | 54 -0.03666  4.16411e+02
 55 -0.03078  2.61660e+02 | 56 -0.01612  6.64848e+02 | 57 -0.00518  3.62916e+02
 58  0.00248  1.03970e+02 | 59  0.01466  1.92909e+02 | 60  0.02193 -2.60825e+02
 61  0.02365  1.21586e+01 | 62  0.02252  5.59845e+02 | 63  0.01822 -4.97255e+02
 64  0.02040 -2.57832e+02 | 65  0.02339  1.68491e+02 | 66  0.02646  1.42924e+02
 67  0.02290 -7.50305e+02 | 68  0.02500  3.00742e+01 | 69  0.03000  3.57338e+02
 70  0.03172 -5.26297e+02 | 71  0.03281 -3.01670e+02 | 72  0.03457 -2.88959e+02
 73  0.03862  1.55394e+01 | 74  0.03564 -4.66837e+02 | 75  0.03099 -8.52903e+02
 76  0.02841  1.72016e+02 | 77  0.02054 -6.35432e+02 | 78 -0.65585 -1.91565e+04
 79 -0.68392  3.59606e+03 |
2 0 25394.2
2 0 25394
2 0 25393.7
2 0 25394
2 0 25393.6
2 0 25393.3
2 0 25392.9
2 0 25393
2 0 25392.7
2 0 25392.4
2 0 25391.8
2 0 25388.3
2 0 25421.1
2 0 25387.9
79 variables; iteration 60; function evaluation 87; phase 2
Function value   2.5388252e+04; maximum gradient component mag  -1.7826e+04
Var   Value    Gradient   |Var   Value    Gradient   |Var   Value    Gradient
  1 -1.02406  3.65195e+00 |  2 -0.09339  1.46155e+02 |  3  0.22658 -8.74038e+02
  4  0.24099  2.43042e+02 |  5  0.18341  1.56257e+02 |  6  0.12886  6.69288e+01
  7  0.08274  3.52058e+01 |  8  0.04330 -2.91125e+01 |  9  0.02277  2.39814e+01
 10  0.00293 -3.74914e+01 | 11  0.00004  7.34134e+01 | 12 -0.01911 -9.48359e+01
 13 -0.00589  6.35556e+01 | 14 -0.00630  8.04147e+01 | 15 -0.02534  8.78441e+00
 16 -0.04347 -2.35294e+01 | 17 -0.05217 -2.23957e+01 | 18  0.05001  2.49255e+03
 19 -0.02516 -3.63738e+02 | 20 -0.02198 -1.30901e+02 | 21 -0.02043 -5.11183e+02
 22 -0.02754 -5.01341e+02 | 23 -0.02535  1.65269e+02 | 24 -0.01509 -4.49308e+01
 25 -0.00376  4.10086e+02 | 26 -0.00656  4.83190e+02 | 27 -0.01265  2.88251e+02
 28 -0.00019 -6.72289e+01 | 29 -0.00557  4.36719e+01 | 30 -0.00499  1.93281e+02
 31  0.00519  4.47370e+02 | 32  0.00482  2.35653e+02 | 33  0.00349 -2.21906e+02
 34  0.00875  4.59766e+02 | 35  0.00714  2.35410e+02 | 36  0.00285 -8.72954e+01
 37  0.00793  2.40458e+02 | 38  0.01133  4.55412e+02 | 39  0.00414 -5.18812e+02
 40  0.00640 -2.39828e+02 | 41  0.01418  3.38198e+02 | 42  0.00988 -1.71565e+02
 43  0.01190  7.40654e+00 | 44  0.01235 -2.97968e+02 | 45  0.01608  1.87479e+02
 46  0.01397  7.29453e+01 | 47  0.03065  1.27504e+02 | 48  0.14825  9.42178e+03
 49 -0.12596 -1.71972e+03 | 50 -0.10263 -6.97955e+02 | 51 -0.07791  4.56193e+02
 52 -0.06345  1.52696e+02 | 53 -0.05043  8.52407e+00 | 54 -0.03705  3.58145e+02
 55 -0.03115  2.19977e+02 | 56 -0.01623  6.64771e+02 | 57 -0.00484  5.05429e+02
 58  0.00236  1.44884e+02 | 59  0.01477  2.28004e+02 | 60  0.02176 -2.80955e+02
 61  0.02360  4.41360e+01 | 62  0.02203  5.09041e+02 | 63  0.01795 -5.05065e+02
 64  0.01999 -3.07605e+02 | 65  0.02359  2.16470e+02 | 66  0.02647  1.58499e+02
 67  0.02264 -7.85076e+02 | 68  0.02507  8.72427e+01 | 69  0.02950  2.63151e+02
 70  0.03098 -6.66113e+02 | 71  0.03334 -1.28788e+02 | 72  0.03467 -3.33748e+02
 73  0.03800 -1.15380e+02 | 74  0.03535 -5.15277e+02 | 75  0.03135 -8.38136e+02
 76  0.03009  1.83809e+02 | 77  0.01972 -6.22027e+02 | 78 -0.65466 -1.78264e+04
 79 -0.68211  3.56877e+03 |
2 0 25387.5
2 0 25386.8
2 0 25385.8
2 0 25384.2
2 0 25381.9
2 0 25384.5
2 0 25381.2
2 0 25380.1
2 0 25390.3
2 0 25380
2 0 25379.8
2 0 25378.9
2 0 25380.3
2 0 25378.6
79 variables; iteration 70; function evaluation 101; phase 2
Function value   2.5378868e+04; maximum gradient component mag  -1.6009e+04
Var   Value    Gradient   |Var   Value    Gradient   |Var   Value    Gradient
  1 -1.05878  5.41974e+00 |  2 -0.06169  1.46047e+02 |  3  0.22436 -9.21299e+02
  4  0.24426  2.37567e+02 |  5  0.18765  1.83608e+02 |  6  0.13528  1.07152e+02
  7  0.08537  4.33491e+01 |  8  0.04100 -4.63640e+01 |  9  0.02009  3.01086e+01
 10 -0.00264 -3.23403e+01 | 11 -0.01080  3.43207e+01 | 12 -0.02489 -8.02452e+01
 13 -0.01156  8.74615e+01 | 14 -0.01982 -6.76251e+00 | 15 -0.02213  4.61941e+01
 16 -0.03454 -8.67378e+01 | 17 -0.01800  6.90785e+01 | 18  0.05143  2.39039e+03
 19 -0.02263 -3.31155e+02 | 20 -0.02177 -1.25578e+02 | 21 -0.02025 -4.87524e+02
 22 -0.02784 -5.54833e+02 | 23 -0.02511  2.13939e+02 | 24 -0.01519 -9.65553e+01
 25 -0.00449  2.86386e+02 | 26 -0.00545  5.84868e+02 | 27 -0.01269  2.41445e+02
 28 -0.00014 -8.35554e+01 | 29 -0.00495  8.38796e+01 | 30 -0.00554  6.59565e+01
 31  0.00549  4.37853e+02 | 32  0.00419  1.01722e+02 | 33  0.00346 -2.55068e+02
 34  0.00851  3.90662e+02 | 35  0.00733  1.98518e+02 | 36  0.00268 -9.37599e+01
 37  0.00839  2.48080e+02 | 38  0.01111  3.69905e+02 | 39  0.00438 -5.11517e+02
 40  0.00687 -2.27938e+02 | 41  0.01460  3.16627e+02 | 42  0.01116 -2.47107e+01
 43  0.01266 -3.90842e+01 | 44  0.01303 -2.14440e+02 | 45  0.01679  2.11702e+02
 46  0.01456  2.28338e+02 | 47  0.02219  1.43628e+01 | 48  0.14848  8.80205e+03
 49 -0.12312 -1.53913e+03 | 50 -0.10172 -4.45791e+02 | 51 -0.07802  5.03329e+02
 52 -0.06358  1.80673e+02 | 53 -0.04992  1.82993e+02 | 54 -0.03842  1.90821e+02
 55 -0.03043  4.03721e+02 | 56 -0.01634  6.94723e+02 | 57 -0.00555  4.22891e+02
 58  0.00265  2.40821e+02 | 59  0.01424  2.01118e+02 | 60  0.02176 -2.17845e+02
 61  0.02252 -5.22279e+01 | 62  0.02161  5.08988e+02 | 63  0.01708 -5.69144e+02
 64  0.01996 -2.44902e+02 | 65  0.02224  8.99260e-01 | 66  0.02643  2.01254e+02
 67  0.02181 -8.45186e+02 | 68  0.02450  2.61915e+01 | 69  0.02932  2.79018e+02
 70  0.03059 -6.78008e+02 | 71  0.03294 -2.10935e+02 | 72  0.03539 -1.35782e+02
 73  0.03731 -2.26392e+02 | 74  0.03517 -5.19981e+02 | 75  0.03183 -8.43238e+02
 76  0.03273  1.32023e+02 | 77  0.02121 -5.86445e+02 | 78 -0.65327 -1.60092e+04
 79 -0.68003  3.42678e+03 |
2 0 25378
2 0 25374.6
2 0 25381.6
2 0 25373.5
2 0 25375.1
2 0 25373.2
2 0 25372.8
2 0 25403.1
2 0 25372.8
2 0 25372.8
2 0 25372.7
2 0 25372.8
2 0 25372.7
2 0 25372.7
2 0 25372.2
2 0 25369.2
2 0 25362.4
2 0 25318.1
2 0 671396
2 0 25318.1
79 variables; iteration 80; function evaluation 121; phase 2
Function value   2.5318107e+04; maximum gradient component mag  -1.0871e+04
Var   Value    Gradient   |Var   Value    Gradient   |Var   Value    Gradient
  1 -1.09318 -6.05607e+00 |  2 -0.05042  1.59238e+02 |  3  0.23285 -4.27034e+02
  4  0.23997  1.05861e+02 |  5  0.18502  9.50455e+01 |  6  0.12903  4.37570e+01
  7  0.08206  1.76660e+01 |  8  0.04477 -8.35136e+00 |  9  0.01972  8.18315e+00
 10 -0.00078 -5.65021e+00 | 11 -0.01454 -2.83318e+00 | 12 -0.02344  5.62139e+00
 13 -0.03059  2.57237e+01 | 14 -0.04245 -9.31222e-01 | 15 -0.05170 -3.37534e+00
 16 -0.05802 -3.14884e+00 | 17 -0.06171 -7.09271e+00 | 18  0.04760  1.64969e+03
 19 -0.02270 -2.16145e+02 | 20 -0.01941 -2.04522e+02 | 21 -0.01880 -2.85172e+02
 22 -0.02600 -1.57286e+02 | 23 -0.02583  3.01285e+01 | 24 -0.01501 -4.79329e+00
 25 -0.00653  1.12469e+02 | 26 -0.00982  7.38936e+01 | 27 -0.01547 -5.26415e+01
 28 -0.00048  5.47192e+01 | 29 -0.00524  8.29829e+01 | 30 -0.00654 -1.26605e+02
 31  0.00363  7.50444e+01 | 32  0.00369  3.29778e+01 | 33  0.00386 -4.80631e+01
 34  0.00895  2.55094e+02 | 35  0.00654  3.19637e+01 | 36  0.00278 -8.12862e+01
 37  0.00722  5.56278e+01 | 38  0.01182  2.32099e+02 | 39  0.00629 -1.58988e+02
 40  0.00763 -8.75604e+01 | 41  0.01484  1.64954e+02 | 42  0.01079 -1.00756e+02
 43  0.01353  6.03263e+01 | 44  0.01461  2.25362e+01 | 45  0.01731  1.77552e+02
 46  0.01580  1.97698e+02 | 47  0.02255 -1.03270e+02 | 48  0.14633  4.06203e+02
 49 -0.11163 -6.47605e+01 | 50 -0.10104 -1.18205e+02 | 51 -0.07914  1.26233e+02
 52 -0.06442 -3.05746e+00 | 53 -0.05080 -5.22729e+00 | 54 -0.03948  3.52293e+01
 55 -0.03220  2.07549e+02 | 56 -0.01827  3.87753e+02 | 57 -0.00740  7.35439e+01
 58  0.00188  9.55358e+01 | 59  0.01395  2.40831e+02 | 60  0.02090 -9.55336e+01
 61  0.02178 -2.76525e+01 | 62  0.01975  2.23463e+02 | 63  0.01892 -1.32776e+01
 64  0.01935 -1.34471e+02 | 65  0.02211  1.03051e+02 | 66  0.02467  1.01833e+02
 67  0.02375 -2.26654e+02 | 68  0.02447  2.32932e+01 | 69  0.02834  1.25662e+02
 70  0.03189 -2.22642e+02 | 71  0.03223 -1.58134e+02 | 72  0.03533 -4.27236e+01
 73  0.03737 -1.92822e+02 | 74  0.03503 -3.66273e+02 | 75  0.03413 -2.32834e+02
 76  0.02991  1.05275e+02 | 77  0.02726 -3.81518e+01 | 78 -0.65201 -1.08707e+04
 79 -0.67824  2.46056e+03 |
2 0 25318.1
2 0 25318.1
2 0 25317.6
2 0 25315.5
2 0 25310.9
2 0 25303
2 0 25290.4
2 0 25274.8
2 0 25265.6
2 0 25246.9
2 0 25897.6
2 0 25230.1
2 0 25738.5
2 0 25221
2 0 29593.7
2 0 25221
2 0 25220.9
2 0 25219.6
2 0 25216.7
2 0 25196.3
2 0 25210
2 0 25182.3
79 variables; iteration 90; function evaluation 143; phase 2
Function value   2.5182351e+04; maximum gradient component mag   1.5435e+04
Var   Value    Gradient   |Var   Value    Gradient   |Var   Value    Gradient
  1 -1.32119  8.22741e+02 |  2 -0.64140 -4.37096e+01 |  3  0.23324  1.49192e+02
  4  0.22323  4.48873e+01 |  5  0.16730 -1.64012e+01 |  6  0.11314 -4.53433e+00
  7  0.07009  6.70579e+00 |  8  0.03593  4.56133e+00 |  9  0.00901  1.25175e+00
 10 -0.01207 -2.91918e+00 | 11 -0.02780  1.28825e+00 | 12 -0.04049 -4.53928e+00
 13 -0.04912  4.28565e+00 | 14 -0.05675 -4.09999e+00 | 15 -0.06118 -2.61220e+00
 16 -0.06301  1.13208e+00 | 17 -0.06344  4.31516e+00 | 18  0.05083 -2.17884e+03
 19 -0.03722  1.70926e+02 | 20 -0.01771  2.08206e+02 | 21 -0.01510  3.62635e+02
 22 -0.02233  2.93081e+02 | 23 -0.02328  2.95881e+02 | 24 -0.01326  1.72758e+02
 25 -0.00813 -2.08886e+02 | 26 -0.01253 -2.45295e+02 | 27 -0.01683 -4.33627e+01
 28 -0.00091 -1.66836e+02 | 29 -0.00568 -3.35695e+01 | 30 -0.00603 -6.44530e+01
 31  0.00409 -1.73629e+02 | 32  0.00523 -5.34539e+01 | 33  0.00441 -1.28079e+02
 34  0.00754 -2.88027e+02 | 35  0.00803 -9.20014e+01 | 36  0.00406 -6.53245e+01
 37  0.00794 -7.77997e+01 | 38  0.01212 -1.95912e+02 | 39  0.00966  6.59313e+01
 40  0.00910 -9.38680e+01 | 41  0.01701 -7.89367e+01 | 42  0.01479  8.87861e+01
 43  0.01562 -3.99585e+01 | 44  0.01730 -6.35818e+01 | 45  0.01946 -6.09360e+01
 46  0.01519  8.72049e+01 | 47  0.00708  1.70553e+02 | 48  0.14573  1.79603e+03
 49 -0.11062  1.83895e+02 | 50 -0.09928  1.29375e+02 | 51 -0.07962  2.62154e+01
 52 -0.06392  1.64126e+02 | 53 -0.04986  1.81587e+02 | 54 -0.04059  8.75278e+01
 55 -0.03397  2.26401e+01 | 56 -0.02206 -2.54989e+02 | 57 -0.00815  7.64296e+01
 58  0.00034  2.28395e+01 | 59  0.01130 -2.35988e+02 | 60  0.01983 -2.33312e+01
 61  0.02094  9.90691e+01 | 62  0.01776 -3.87799e+01 | 63  0.01606 -1.16102e+02
 64  0.01885  1.79553e+01 | 65  0.02037 -8.28451e+01 | 66  0.02292 -9.95543e+01
 67  0.02239 -1.40564e+01 | 68  0.02429  4.28130e+01 | 69  0.02639 -1.46769e+02
 70  0.03161  2.77374e+01 | 71  0.03241 -5.55547e+01 | 72  0.03427 -4.71836e+01
 73  0.03727  2.84340e+00 | 74  0.03551  4.95956e+01 | 75  0.03519 -1.21781e+02
 76  0.04144 -1.77827e+00 | 77  0.03743 -1.15666e+02 | 78 -0.64799  1.54350e+04
 79 -0.67673 -4.22516e+03 |
2 0 25167.5
2 0 25162
2 0 25158.3
2 0 25157
2 0 25156.5
2 0 25155
2 0 25153.1
2 0 25152.3
2 0 25152.3
2 0 25152.3
2 0 25152.3
2 0 25152.3
79 variables; iteration 100; function evaluation 155; phase 2
Function value   2.5152289e+04; maximum gradient component mag   9.4693e+00
Var   Value    Gradient   |Var   Value    Gradient   |Var   Value    Gradient
  1 -1.33124  9.46931e+00 |  2 -0.73322  1.07822e-01 |  3  0.23260 -2.38125e-01
  4  0.22514 -1.37591e+00 |  5  0.17245 -4.98349e-01 |  6  0.11687 -6.18296e-02
  7  0.07190 -3.71976e-02 |  8  0.03761 -4.60903e-02 |  9  0.01159  1.14139e-02
 10 -0.00841  7.68454e-03 | 11 -0.02393 -5.23439e-02 | 12 -0.03602 -6.95443e-03
 13 -0.04537  4.05448e-02 | 14 -0.05245 -6.67753e-02 | 15 -0.05754 -8.37789e-03
 16 -0.06083 -2.82352e-02 | 17 -0.06244  3.52034e-02 | 18  0.05703  4.64563e-01
 19 -0.03405  1.72896e+00 | 20 -0.01962  3.00542e-01 | 21 -0.01764 -2.17278e-01
 22 -0.02469 -9.59878e-02 | 23 -0.02543 -1.94425e-01 | 24 -0.01447 -1.65487e-01
 25 -0.00667  4.99189e-01 | 26 -0.00998  2.52419e-01 | 27 -0.01492  6.10762e-01
 28  0.00012 -7.81942e-02 | 29 -0.00481  2.48599e-01 | 30 -0.00494  1.66785e-01
 31  0.00464  2.67991e-01 | 32  0.00472  5.85015e-01 | 33  0.00460  6.59985e-01
 34  0.00879 -4.56723e-01 | 35  0.00797  1.58042e-01 | 36  0.00419  8.85851e-02
 37  0.00790 -4.86050e-03 | 38  0.01248 -1.99675e-01 | 39  0.00851 -2.11769e-02
 40  0.00944 -1.58696e-01 | 41  0.01641 -4.51441e-02 | 42  0.01333  9.53029e-02
 43  0.01491 -1.66604e-01 | 44  0.01643 -4.20006e-01 | 45  0.01848 -7.16432e-01
 46  0.01455 -2.57830e+00 | 47  0.00972  1.60972e-01 | 48  0.14679  1.98080e+00
 49 -0.11254  1.23632e+00 | 50 -0.10066 -8.84405e-01 | 51 -0.08076 -1.01074e+00
 52 -0.06579 -5.33314e-01 | 53 -0.05132 -3.12264e-01 | 54 -0.04090 -8.08433e-02
 55 -0.03397 -1.08602e-01 | 56 -0.02122 -4.52249e-01 | 57 -0.00800  4.83661e-02
 58  0.00010 -3.85203e-01 | 59  0.01233 -4.78589e-01 | 60  0.02060 -3.27756e-01
 61  0.02083 -3.06312e-01 | 62  0.01867 -3.34934e-01 | 63  0.01774 -2.98513e-01
 64  0.01930 -3.82872e-02 | 65  0.02108 -9.74458e-02 | 66  0.02403  7.78414e-02
 67  0.02331 -1.97395e-01 | 68  0.02410  2.02719e-02 | 69  0.02750  1.07667e-03
 70  0.03216  1.17634e-01 | 71  0.03272 -1.34668e-01 | 72  0.03481  1.37081e-02
 73  0.03782  3.54212e-01 | 74  0.03580  5.24556e-01 | 75  0.03525  1.52754e+00
 76  0.03787  9.99542e-01 | 77  0.03787 -1.26297e-01 | 78 -0.65125  3.84459e-01
 79 -0.68193  5.67030e-01 |
2 0 25152.3
2 0 25152.3
2 0 25152.3
2 0 25152.3
2 0 25152.3
2 0 25152.3
2 0 25152.3
2 0 25152.3
2 0 25152.3
2 0 25152.3
79 variables; iteration 110; function evaluation 165; phase 2
Function value   2.5152289e+04; maximum gradient component mag   2.0275e+00
Var   Value    Gradient   |Var   Value    Gradient   |Var   Value    Gradient
  1 -1.33123  2.02753e+00 |  2 -0.73350  2.31201e-02 |  3  0.23259 -2.46931e-01
  4  0.22515 -2.97063e-01 |  5  0.17245 -5.55226e-02 |  6  0.11686  2.60123e-03
  7  0.07189 -3.26180e-03 |  8  0.03761 -1.36260e-02 |  9  0.01158  5.35843e-03
 10 -0.00840  2.33558e-03 | 11 -0.02392 -1.77581e-02 | 12 -0.03600  7.01790e-03
 13 -0.04535  1.75209e-02 | 14 -0.05243 -1.63302e-02 | 15 -0.05752 -4.58619e-03
 16 -0.06081  3.60718e-04 | 17 -0.06243  4.55267e-03 | 18  0.05703 -3.83760e-01
 19 -0.03406  5.47375e-01 | 20 -0.01963  1.77152e-01 | 21 -0.01764 -5.88731e-03
 22 -0.02469 -4.01755e-02 | 23 -0.02543  2.95594e-02 | 24 -0.01447 -5.53436e-02
 25 -0.00668 -1.21327e-01 | 26 -0.00998 -9.39133e-02 | 27 -0.01493 -5.35213e-02
 28  0.00012 -4.33263e-02 | 29 -0.00482 -4.12359e-02 | 30 -0.00494 -3.25001e-02
 31  0.00464 -1.15063e-01 | 32  0.00471 -1.13268e-01 | 33  0.00459 -1.70171e-01
 34  0.00880 -8.05302e-02 | 35  0.00797 -3.75925e-02 | 36  0.00419 -1.56240e-02
 37  0.00790 -5.72674e-02 | 38  0.01248 -1.07758e-01 | 39  0.00851  4.11297e-03
 40  0.00944 -4.08493e-02 | 41  0.01641 -8.91897e-02 | 42  0.01332 -2.15524e-02
 43  0.01491 -1.35549e-02 | 44  0.01643 -2.76434e-02 | 45  0.01849  6.57015e-02
 46  0.01457  5.10199e-01 | 47  0.00977 -2.58432e-03 | 48  0.14678  8.57425e-01
 49 -0.11255  1.11670e-01 | 50 -0.10065  3.98754e-02 | 51 -0.08075  1.22088e-01
 52 -0.06578  4.83308e-02 | 53 -0.05131  2.57861e-02 | 54 -0.04090  1.37567e-02
 55 -0.03397  3.95862e-02 | 56 -0.02122 -3.40036e-03 | 57 -0.00799  3.32235e-02
 58  0.00011  5.18023e-02 | 59  0.01233 -1.09581e-03 | 60  0.02060  4.01148e-02
 61  0.02083  5.55466e-02 | 62  0.01867  8.03183e-02 | 63  0.01774  2.10227e-02
 64  0.01930  7.00782e-03 | 65  0.02108  1.36073e-02 | 66  0.02403 -2.01493e-02
 67  0.02331  3.80804e-02 | 68  0.02410  2.43139e-02 | 69  0.02750 -7.85722e-04
 70  0.03217  3.71170e-02 | 71  0.03272 -2.70535e-02 | 72  0.03481  3.60508e-02
 73  0.03782 -5.72148e-03 | 74  0.03581 -7.66768e-02 | 75  0.03525 -4.02602e-01
 76  0.03784 -5.41177e-02 | 77  0.03784 -2.53817e-02 | 78 -0.65125  1.27010e+00
 79 -0.68196  3.48102e-01 |
2 0 25152.3
2 0 25152.3
2 0 25152.3
2 0 25152.3
2 0 25152.3
2 0 25152.3
2 0 25152.3
2 0 25152.3
2 0 33242.4
2 0 25152.3
2 0 25152.3
2 0 25152.3
2 0 25152.3
2 0 25152.3
2 0 25152.3
2 0 25152.3
2 0 25152.3
2 0 25152.3
2 0 33242.2
2 0 25152.3
2 0 25152.3
2 0 25152.3
2 0 25152.3
2 0 25152.3
2 0 25152.3
2 0 25152.3
2 0 25152.3
2 0 25152.3
2 0 25152.3
2 0 25152.3
2 0 25152.3
2 0 25152.3
2 0 25152.3
2 0 25152.3
2 0 25152.3
2 0 25152.3
2 0 25152.3
2 0 25152.3
2 0 25152.3
2 0 25152.3
2 0 25152.3
2 0 25152.3
2 0 25152.3
2 0 25152.3
2 0 25152.3
2 0 25152.3
2 0 25152.3
2 0 25152.3
2 0 25152.3
  ic > imax  in fminim is answer attained ?
Var   Value    Gradient   |Var   Value    Gradient   |Var   Value    Gradient
  1 -1.33093 -8.89926e+01 |  2 -0.76129 -9.15788e-01 |  3  0.23259 -2.47729e+00
  4  0.22517 -2.83325e+00 |  5  0.17253 -5.15566e-01 |  6  0.11696  4.80507e-02
  7  0.07196 -2.17064e-02 |  8  0.03766 -1.35015e-01 |  9  0.01165  5.73784e-02
 10 -0.00835  2.25551e-02 | 11 -0.02388 -1.76951e-01 | 12 -0.03593  7.31754e-02
 13 -0.04527  1.78075e-01 | 14 -0.05239 -1.61479e-01 | 15 -0.05747 -4.68975e-02
 16 -0.06075  7.45838e-03 | 17 -0.06236  4.37244e-02 | 18  0.05703 -5.37304e+00
 19 -0.03396  5.70138e+00 | 20 -0.01962  2.03639e+00 | 21 -0.01764  2.06339e-01
 22 -0.02469 -2.02533e-01 | 23 -0.02544  5.13959e-01 | 24 -0.01448 -2.93730e-01
 25 -0.00669 -1.30501e+00 | 26 -0.00999 -9.81158e-01 | 27 -0.01494 -6.27306e-01
 28  0.00011 -5.02442e-01 | 29 -0.00483 -4.53965e-01 | 30 -0.00495 -4.00642e-01
 31  0.00463 -1.26261e+00 | 32  0.00470 -1.21224e+00 | 33  0.00458 -1.76606e+00
 34  0.00879 -7.18292e-01 | 35  0.00796 -4.69062e-01 | 36  0.00418 -1.41745e-01
 37  0.00790 -7.00858e-01 | 38  0.01247 -1.15430e+00 | 39  0.00851  2.89087e-02
 40  0.00943 -4.39903e-01 | 41  0.01640 -9.94694e-01 | 42  0.01332 -3.45448e-01
 43  0.01491 -1.72491e-01 | 44  0.01642 -4.22496e-01 | 45  0.01849  4.48955e-01
 46  0.01460  4.86220e+00 | 47  0.00980  2.06077e-01 | 48  0.14678  1.60901e+01
 49 -0.11253  1.05072e+00 | 50 -0.10065  2.94712e-01 | 51 -0.08075  1.17270e+00
 52 -0.06578  4.01222e-01 | 53 -0.05131  9.52568e-02 | 54 -0.04090  1.15959e-01
 55 -0.03397  3.58885e-01 | 56 -0.02122 -1.03346e-01 | 57 -0.00799  4.06779e-01
 58  0.00011  5.29053e-01 | 59  0.01233 -4.71427e-02 | 60  0.02060  4.79964e-01
 61  0.02083  6.18155e-01 | 62  0.01867  8.33136e-01 | 63  0.01774  2.21708e-01
 64  0.01930  1.08968e-01 | 65  0.02109  1.59417e-01 | 66  0.02403 -1.75739e-01
 67  0.02331  4.56349e-01 | 68  0.02410  2.75077e-01 | 69  0.02750 -2.90615e-02
 70  0.03216  4.72304e-01 | 71  0.03272 -2.21530e-01 | 72  0.03481  4.38983e-01
 73  0.03782  4.25960e-02 | 74  0.03580 -6.23178e-01 | 75  0.03524 -3.77838e+00
 76  0.03783 -7.48317e-01 | 77  0.03784 -6.25364e-01 | 78 -0.65183  3.27963e+01
 79 -0.68432 -7.53855e+00 |
Function minimizer not making progress ... is minimum attained?
Minimprove criterion =   0.0000e+00

 - final statistics:
79 variables; iteration 120; function evaluation 213
Function value   2.5152e+04; maximum gradient component mag  -8.8993e+01
Exit code = 1;  converg criter   1.0000e-03
Var   Value    Gradient   |Var   Value    Gradient   |Var   Value    Gradient
  1 -1.33093 -8.89926e+01 |  2 -0.76129 -9.15788e-01 |  3  0.23259 -2.47729e+00
  4  0.22517 -2.83325e+00 |  5  0.17253 -5.15566e-01 |  6  0.11696  4.80507e-02
  7  0.07196 -2.17064e-02 |  8  0.03766 -1.35015e-01 |  9  0.01165  5.73784e-02
 10 -0.00835  2.25551e-02 | 11 -0.02388 -1.76951e-01 | 12 -0.03593  7.31754e-02
 13 -0.04527  1.78075e-01 | 14 -0.05239 -1.61479e-01 | 15 -0.05747 -4.68975e-02
 16 -0.06075  7.45838e-03 | 17 -0.06236  4.37244e-02 | 18  0.05703 -5.37304e+00
 19 -0.03396  5.70138e+00 | 20 -0.01962  2.03639e+00 | 21 -0.01764  2.06339e-01
 22 -0.02469 -2.02533e-01 | 23 -0.02544  5.13959e-01 | 24 -0.01448 -2.93730e-01
 25 -0.00669 -1.30501e+00 | 26 -0.00999 -9.81158e-01 | 27 -0.01494 -6.27306e-01
 28  0.00011 -5.02442e-01 | 29 -0.00483 -4.53965e-01 | 30 -0.00495 -4.00642e-01
 31  0.00463 -1.26261e+00 | 32  0.00470 -1.21224e+00 | 33  0.00458 -1.76606e+00
 34  0.00879 -7.18292e-01 | 35  0.00796 -4.69062e-01 | 36  0.00418 -1.41745e-01
 37  0.00790 -7.00858e-01 | 38  0.01247 -1.15430e+00 | 39  0.00851  2.89087e-02
 40  0.00943 -4.39903e-01 | 41  0.01640 -9.94694e-01 | 42  0.01332 -3.45448e-01
 43  0.01491 -1.72491e-01 | 44  0.01642 -4.22496e-01 | 45  0.01849  4.48955e-01
 46  0.01460  4.86220e+00 | 47  0.00980  2.06077e-01 | 48  0.14678  1.60901e+01
 49 -0.11253  1.05072e+00 | 50 -0.10065  2.94712e-01 | 51 -0.08075  1.17270e+00
 52 -0.06578  4.01222e-01 | 53 -0.05131  9.52568e-02 | 54 -0.04090  1.15959e-01
 55 -0.03397  3.58885e-01 | 56 -0.02122 -1.03346e-01 | 57 -0.00799  4.06779e-01
 58  0.00011  5.29053e-01 | 59  0.01233 -4.71427e-02 | 60  0.02060  4.79964e-01
 61  0.02083  6.18155e-01 | 62  0.01867  8.33136e-01 | 63  0.01774  2.21708e-01
 64  0.01930  1.08968e-01 | 65  0.02109  1.59417e-01 | 66  0.02403 -1.75739e-01
 67  0.02331  4.56349e-01 | 68  0.02410  2.75077e-01 | 69  0.02750 -2.90615e-02
 70  0.03216  4.72304e-01 | 71  0.03272 -2.21530e-01 | 72  0.03481  4.38983e-01
 73  0.03782  4.25960e-02 | 74  0.03580 -6.23178e-01 | 75  0.03524 -3.77838e+00
 76  0.03783 -7.48317e-01 | 77  0.03784 -6.25364e-01 | 78 -0.65183  3.27963e+01
 79 -0.68432 -7.53855e+00 |
2 0 25152.3
B0234224
0.3 0.271523
0.232734 0.331896
0.220696 0.345343
0.21776 0.348773
0.216997 0.349675
0.216795 0.349914
0.216741 0.349977
0.216727 0.349994
0.216723 0.349998
0.216722 0.35
0.216722 0.35
0.216722 0.35
0.216722 0.35
0.216722 0.35
0.216722 0.35
0.216722 0.35
0.216722 0.35
0.216722 0.35
0.216722 0.35
0.216722 0.35
0.216722 0.35
FutMOrt0.0569626
FutMOrt0.0569626
FutMOrt0.0569626
FutMOrt0.0569626
FutMOrt0.0569626
FutMOrt0.0569626
FutMOrt0.0569626
FutMOrt0.0569626
FutMOrt0.0569626
FutMOrt0.0569626
Survey Bio53.2456
Survey len12464.9
CPUE47.3953
Catch21.2908
Catch len12540.1
initsmo_penal17.1056
F_pen2.9824
Rec_pen5.35618
M_pen0


Starting time: Wed Nov 21 20:10:20 2018
Finishing time: Wed Nov 21 20:10:27 2018
This run took: 0 hours, 0 minutes, 7 seconds.

