survYears 71 72 73 74 75 76 77 78 79 80 81 82 83 84 85 86 87 88 89 90 91 92 93 94 95 96 97 98
SurvLenYear 71 72 73 74 75 76 77 78 79 80 81 82 83 84 85 86 87 88 89 90 91 92 93 94 95 96 97 98
catchBiomass 5188.91 4360.57 5445.26 7284.62 10545.3 13603.2 12160.6 14229.1 24615 38198.7 45146.4 56985.7 82037.3 105664 103240 94618.9 79786 81542.9 83953.2 83844.1 79864.4 90272.9 92870.2 103367 98411.6 113976 109567 97324.1
steep0.999
25
Out
1 0 37290.9

Initial statistics: 73 variables; iteration 0; function evaluation 0; phase 1
Function value   3.7290890e+04; maximum gradient component mag  -3.6800e+05
Var   Value    Gradient   |Var   Value    Gradient   |Var   Value    Gradient
  1  0.22458  1.84622e+03 |  2  0.20321  2.20351e+03 |  3  0.20598  3.74695e+03
  4  0.19422  3.59940e+03 |  5  0.18250  3.21351e+03 |  6  0.18527  3.99708e+03
  7  0.15837  2.29341e+03 |  8  0.15055  2.16731e+03 |  9  0.12734  1.27362e+03
 10  0.11963  1.14608e+03 | 11  0.11551  1.13652e+03 | 12  0.09672  6.89156e+02
 13  0.08922  6.40286e+02 | 14  0.07625  2.84253e+02 | 15  0.11907  1.39198e+03
 16 -0.02714  2.21071e+04 | 17  0.00000 -3.25865e+04 | 18  0.00000 -5.16897e+03
 19  0.00000 -7.37618e+03 | 20  0.00000 -6.90306e+03 | 21  0.00000 -9.07151e+03
 22  0.00000 -1.03523e+04 | 23  0.00000  7.51131e+01 | 24  0.00000  9.43696e+03
 25  0.00000  8.71107e+03 | 26  0.00000  6.57006e+03 | 27  0.00000  1.05679e+04
 28  0.00000  1.29617e+04 | 29  0.00000  9.54232e+03 | 30  0.00000  3.62732e+03
 31  0.00000  1.83087e+03 | 32  0.00000  1.57027e+03 | 33  0.00000  4.41382e+03
 34  0.00000  4.63536e+03 | 35  0.00000  4.12000e+03 | 36  0.00000  4.98409e+03
 37  0.00000  7.87602e+03 | 38  0.00000  6.85942e+03 | 39  0.00000  7.60807e+03
 40  0.00000  4.97714e+03 | 41  0.00000  5.24494e+03 | 42  0.00000 -3.38290e+03
 43  0.00000 -1.31772e+04 | 44  0.00000 -2.75938e+04 | 45  0.09608 -3.67999e+05
 46  0.00000  6.27764e+04 | 47  0.00000  4.91149e+04 | 48  0.00000  3.96964e+04
 49  0.00000  3.37438e+04 | 50  0.00000  3.12471e+04 | 51  0.00000  2.38881e+04
 52  0.00000  1.18954e+04 | 53  0.00000  2.16071e+03 | 54  0.00000 -3.86143e+03
 55  0.00000 -9.98103e+03 | 56  0.00000 -1.64705e+04 | 57  0.00000 -2.00435e+04
 58  0.00000 -1.98993e+04 | 59  0.00000 -1.67494e+04 | 60  0.00000 -1.49859e+04
 61  0.00000 -1.50923e+04 | 62  0.00000 -1.54505e+04 | 63  0.00000 -1.57123e+04
 64  0.00000 -1.65344e+04 | 65  0.00000 -1.83166e+04 | 66  0.00000 -1.96561e+04
 67  0.00000 -2.05204e+04 | 68  0.00000 -2.03627e+04 | 69  0.00000 -1.90256e+04
 70  0.00000 -1.38597e+04 | 71  0.00000 -4.53415e+03 | 72  0.00000  8.80780e+03
 73  0.00000  1.77252e+04 |
1 0 37290.9
1 0 37290.7
1 0 37288.7
1 0 37268.7
1 0 37070.5
1 0 35252.3
1 0 31639.8
1 0 28211
1 0 28397.7
1 0 26379.2
1 0 27455.8
1 0 25779.2
1 0 25596.3
1 0 25325
1 0 25131.4
1 0 25659.2
1 0 25086.2
1 0 25066.6

Intermediate statistics: 73 variables; iteration 10; function evaluation 18; phase 1
Function value   2.5066626e+04; maximum gradient component mag  -6.7675e+04
Var   Value    Gradient   |Var   Value    Gradient   |Var   Value    Gradient
  1  0.23141  1.01497e+02 |  2  0.21864  8.56656e+01 |  3  0.22447  3.34855e+02
  4  0.21202  3.11260e+02 |  5  0.19899  2.54753e+02 |  6  0.20116  4.80734e+02
  7  0.17001  1.60400e+02 |  8  0.15807  2.25141e+02 |  9  0.13387  7.04623e+01
 10  0.12437  8.91861e+01 | 11  0.11831  1.29819e+02 | 12  0.10036  3.47153e+01
 13  0.09112  4.86763e+01 | 14  0.08298 -1.02338e+02 | 15  0.11979  2.23945e+02
 16  0.15557  1.04933e+04 | 17  0.08308 -9.66169e+02 | 18 -0.01586 -8.55689e+03
 19 -0.01817  2.74444e+03 | 20 -0.02597  1.39372e+02 | 21 -0.02650 -1.31146e+02
 22 -0.02298 -3.11452e+02 | 23 -0.01892 -5.04411e+02 | 24  0.06054 -2.68925e+02
 25  0.00580  3.98419e+03 | 26 -0.00275  1.59688e+03 | 27  0.11370 -7.67993e+02
 28  0.09613 -1.05051e+03 | 29 -0.00745 -5.53439e+03 | 30 -0.01840  3.39520e+03
 31 -0.04118  8.42531e+02 | 32 -0.03294  3.29836e+03 | 33 -0.01195 -1.82490e+03
 34 -0.00892 -4.24952e+01 | 35 -0.01261  1.99448e+03 | 36  0.01423  5.17758e+03
 37  0.00158 -2.11470e+02 | 38  0.01415  5.87636e+03 | 39 -0.00116 -1.38125e+03
 40  0.02721  7.57328e+03 | 41 -0.01343 -9.03808e+03 | 42 -0.00909  1.53533e+03
 43 -0.04137 -2.14292e+03 | 44 -0.08640 -5.74525e+03 | 45  0.13036 -6.76754e+04
 46 -0.04626  3.06289e+03 | 47 -0.05200  5.25240e+03 | 48 -0.04801  3.94981e+02
 49 -0.04171 -1.38415e+03 | 50 -0.05054 -2.09596e+03 | 51 -0.05205 -2.11735e+03
 52 -0.05831 -1.26274e+03 | 53  0.00220 -2.12082e+03 | 54  0.00763  4.54837e+02
 55 -0.01600  1.28527e+02 | 56  0.01764 -1.74011e+03 | 57  0.04115 -1.25534e+03
 58  0.05642  1.09719e+04 | 59 -0.05833 -7.75051e+03 | 60 -0.07336 -7.48494e+03
 61 -0.00578 -4.64579e+03 | 62  0.03111 -4.23838e+02 | 63  0.01647 -2.47841e+03
 64 -0.01095 -4.75540e+03 | 65  0.03319 -1.91522e+03 | 66  0.02279 -5.22834e+02
 67  0.03691 -3.15566e+02 | 68  0.02228 -2.95392e+02 | 69  0.04884  5.40538e+03
 70  0.04068  5.43695e+03 | 71  0.06230  5.61463e+03 | 72  0.07465  2.96699e+03
 73 -0.00105  2.84409e+03 |
1 0 25034.1
1 0 24992.2
1 0 25039.3
1 0 24978.8
1 0 24974
1 0 24967.9
1 0 24961.5
1 0 24950.8
1 0 24932.9
1 0 24974.7
1 0 24927.6
1 0 24924.9
73 variables; iteration 20; function evaluation 30; phase 1
Function value   2.4924956e+04; maximum gradient component mag  -5.6137e+04
Var   Value    Gradient   |Var   Value    Gradient   |Var   Value    Gradient
  1  0.25240  7.76002e+01 |  2  0.25175  2.03321e+02 |  3  0.25533  4.58861e+02
  4  0.24152  4.42972e+02 |  5  0.22695  3.91161e+02 |  6  0.22115  5.14604e+02
  7  0.19126  2.38744e+02 |  8  0.17039  1.92500e+02 |  9  0.14747  9.18800e+01
 10  0.13363  8.47500e+01 | 11  0.12256  8.75376e+01 | 12  0.10799  4.67429e+01
 13  0.09649 -3.74794e+00 | 14  0.09990  4.14458e+00 | 15  0.11727  1.31004e+02
 16  0.15997  4.93901e+03 | 17  0.09386 -8.04141e+01 | 18 -0.02091 -8.55925e+03
 19 -0.02563  2.09697e+03 | 20 -0.02802  1.33795e+03 | 21 -0.02675  1.62896e+03
 22 -0.02430  5.19631e+02 | 23 -0.02041 -1.16901e+03 | 24  0.09473  4.72749e+02
 25 -0.00260  1.82223e+03 | 26 -0.00814  4.42962e+02 | 27  0.10994 -2.06525e+01
 28  0.10210 -1.30430e+02 | 29 -0.01127 -6.36398e+03 | 30 -0.01983  3.26263e+02
 31 -0.03697 -2.42336e+02 | 32 -0.02172  1.61217e+02 | 33 -0.00409  1.49216e+03
 34 -0.01302  1.30942e+02 | 35 -0.01414  7.00731e+02 | 36  0.00269  4.31119e+03
 37 -0.00390 -5.61047e+02 | 38  0.00237  4.30618e+03 | 39 -0.00622 -6.15456e+02
 40  0.01912  6.85724e+03 | 41 -0.01319 -7.47361e+03 | 42 -0.00733  1.70794e+03
 43 -0.03626 -1.07493e+03 | 44 -0.07995 -2.85586e+03 | 45  0.13132 -5.61368e+04
 46 -0.04607  1.54899e+03 | 47 -0.05882  2.21806e+03 | 48 -0.05243 -1.19209e+03
 49 -0.04245 -2.84460e+03 | 50 -0.05332 -3.50914e+03 | 51 -0.05335 -2.62437e+03
 52 -0.05558 -1.08769e+03 | 53  0.00595  2.11754e+02 | 54  0.00532  2.40262e+03
 55 -0.01634  5.59234e+02 | 56  0.01999  4.89618e+02 | 57  0.03945 -3.58206e+03
 58  0.05189  1.17687e+04 | 59 -0.05122 -7.83994e+03 | 60 -0.11382 -7.93541e+03
 61  0.02566 -2.91109e+03 | 62  0.02630 -2.15924e+02 | 63  0.01520 -1.73280e+03
 64  0.00558 -3.46016e+03 | 65  0.02994 -8.75543e+02 | 66  0.02593  8.46636e+01
 67  0.03287  2.43133e+02 | 68  0.01966 -1.31595e+03 | 69  0.04653  4.50188e+03
 70  0.03980  5.36125e+03 | 71  0.05939  6.47475e+03 | 72  0.07324  3.31431e+03
 73  0.02067  2.43417e+03 |
1 0 24920.9
1 0 24916
1 0 24910.2
1 0 24919
1 0 24908.5
1 0 24906.3
1 0 24905.4
1 0 24903.7
1 0 24901.8
1 0 24900
1 0 24898.1
73 variables; iteration 30; function evaluation 41; phase 1
Function value   2.4898202e+04; maximum gradient component mag  -6.5688e+04
Var   Value    Gradient   |Var   Value    Gradient   |Var   Value    Gradient
  1  0.28866  1.31179e+02 |  2  0.28433  3.16815e+02 |  3  0.27938  5.34746e+02
  4  0.26267  5.10131e+02 |  5  0.24661  4.45977e+02 |  6  0.23944  5.50174e+02
  7  0.21074  2.80245e+02 |  8  0.18968  2.23342e+02 |  9  0.16495  1.09701e+02
 10  0.14767  8.66206e+01 | 11  0.13326  7.24732e+01 | 12  0.11883  3.31085e+01
 13  0.11092  1.06002e+01 | 14  0.11405  3.32067e+01 | 15  0.12267  9.07148e+01
 16  0.15914  5.99171e+03 | 17  0.10718 -1.71983e+02 | 18 -0.02058 -8.72179e+03
 19 -0.02518  1.97981e+03 | 20 -0.02673  1.69204e+03 | 21 -0.02632  1.33439e+03
 22 -0.02292  1.59593e+03 | 23 -0.02035 -1.06490e+03 | 24  0.08906  2.29775e+02
 25 -0.00263  2.00588e+03 | 26 -0.00912  3.99888e+02 | 27  0.10248 -2.48639e+02
 28  0.09792 -3.00414e+02 | 29 -0.01228 -6.67467e+03 | 30 -0.02052  5.46305e+02
 31 -0.03665  4.52723e+02 | 32 -0.02215  7.81807e+02 | 33 -0.00483  8.90693e+02
 34 -0.01292 -6.84834e+01 | 35 -0.01417  1.03936e+03 | 36  0.00444  4.43339e+03
 37 -0.00366 -8.52427e+02 | 38  0.00202  4.37566e+03 | 39 -0.00690 -9.58212e+02
 40  0.01952  6.94613e+03 | 41 -0.01353 -7.84450e+03 | 42 -0.00648  1.55570e+03
 43 -0.03454 -8.48692e+02 | 44 -0.08061 -3.71766e+03 | 45  0.13188 -6.56880e+04
 46 -0.04665  1.75010e+03 | 47 -0.05983  2.41086e+03 | 48 -0.05325 -1.10247e+03
 49 -0.04292 -2.81381e+03 | 50 -0.05377 -3.63313e+03 | 51 -0.05409 -2.89404e+03
 52 -0.05874 -1.26558e+03 | 53  0.00593  7.99759e+02 | 54  0.00429  2.27176e+03
 55 -0.02093  2.68148e+02 | 56  0.01884  2.79619e+02 | 57  0.04039 -2.01718e+03
 58  0.05045  1.13511e+04 | 59 -0.05169 -7.40799e+03 | 60 -0.09896 -7.50214e+03
 61  0.02265 -3.58894e+03 | 62  0.02614  7.73922e+00 | 63  0.01469 -1.60437e+03
 64  0.00097 -3.61359e+03 | 65  0.03031 -9.55300e+02 | 66  0.02488  1.13166e+02
 67  0.03158  3.47999e+01 | 68  0.01780 -1.25663e+03 | 69  0.04508  3.39473e+03
 70  0.03663  4.70072e+03 | 71  0.05929  6.59002e+03 | 72  0.07414  3.60882e+03
 73  0.03761  3.00767e+03 |
1 0 24898
1 0 24897.2
1 0 24896.3
1 0 24896.1
1 0 24895.8
1 0 24895.2
1 0 24895.5
1 0 24895
1 0 24894.6
1 0 24893.9
1 0 24893.1
1 0 24892.6
1 0 24893.7
1 0 24892.4
73 variables; iteration 40; function evaluation 55; phase 1
Function value   2.4892405e+04; maximum gradient component mag  -6.5069e+04
Var   Value    Gradient   |Var   Value    Gradient   |Var   Value    Gradient
  1  0.31273  2.47757e+02 |  2  0.28891  2.97740e+02 |  3  0.27753  4.80170e+02
  4  0.25959  4.50438e+02 |  5  0.24448  4.02270e+02 |  6  0.23913  5.19746e+02
  7  0.21405  2.84475e+02 |  8  0.19778  2.60526e+02 |  9  0.17531  1.40552e+02
 10  0.15905  1.09077e+02 | 11  0.14563  9.51858e+01 | 12  0.13102  4.67237e+01
 13  0.12312  3.99078e+01 | 14  0.12100  6.43343e+00 | 15  0.13464  1.22519e+02
 16  0.16082  6.10078e+03 | 17  0.10900 -1.61926e+02 | 18 -0.02068 -8.54450e+03
 19 -0.02577  1.92830e+03 | 20 -0.02768  1.51859e+03 | 21 -0.02727  1.22320e+03
 22 -0.02420  1.43371e+03 | 23 -0.02173 -1.17806e+03 | 24  0.08900  2.38776e+02
 25 -0.00320  1.89984e+03 | 26 -0.00958  3.17558e+02 | 27  0.10066 -2.69281e+02
 28  0.09818 -2.90248e+02 | 29 -0.01176 -6.19192e+03 | 30 -0.02074  5.61696e+02
 31 -0.03735  1.26604e+02 | 32 -0.02275  6.68213e+02 | 33 -0.00516  9.99626e+02
 34 -0.01317 -1.41671e+02 | 35 -0.01421  1.04126e+03 | 36  0.00482  4.46341e+03
 37 -0.00355 -6.76597e+02 | 38  0.00180  4.44574e+03 | 39 -0.00725 -9.18377e+02
 40  0.01904  6.88347e+03 | 41 -0.01294 -7.51579e+03 | 42 -0.00471  1.87646e+03
 43 -0.03130 -5.91751e+02 | 44 -0.07727 -3.92218e+03 | 45  0.13142 -6.50690e+04
 46 -0.04647  1.50161e+03 | 47 -0.05906  2.42691e+03 | 48 -0.05318 -1.20684e+03
 49 -0.04226 -2.73862e+03 | 50 -0.05385 -3.66319e+03 | 51 -0.05429 -2.91372e+03
 52 -0.06026 -1.46248e+03 | 53  0.00648  1.00288e+03 | 54  0.00464  2.39985e+03
 55 -0.02020  3.26879e+02 | 56  0.01929  3.53958e+02 | 57  0.04070 -1.88473e+03
 58  0.05101  1.13028e+04 | 59 -0.05247 -7.47794e+03 | 60 -0.09745 -7.54276e+03
 61  0.02305 -3.45749e+03 | 62  0.02628 -1.28915e+01 | 63  0.01558 -1.47340e+03
 64  0.00122 -3.56344e+03 | 65  0.03125 -6.51408e+02 | 66  0.02542  1.35010e+02
 67  0.03189 -5.68961e+01 | 68  0.01805 -1.32775e+03 | 69  0.04509  3.28203e+03
 70  0.03715  4.76083e+03 | 71  0.05752  6.05381e+03 | 72  0.07192  3.46087e+03
 73  0.03318  2.95027e+03 |
1 0 24892.1
1 0 24892
1 0 24891.9
1 0 24891.7
1 0 24891.6
1 0 24891.3
1 0 24891.1
1 0 24890.9
1 0 24890.7
1 0 24890.4
73 variables; iteration 50; function evaluation 65; phase 1
Function value   2.4890467e+04; maximum gradient component mag  -6.5693e+04
Var   Value    Gradient   |Var   Value    Gradient   |Var   Value    Gradient
  1  0.30874  2.18178e+02 |  2  0.28965  3.07282e+02 |  3  0.27886  4.85591e+02
  4  0.26086  4.57019e+02 |  5  0.24461  3.93565e+02 |  6  0.23871  5.11488e+02
  7  0.21155  2.56549e+02 |  8  0.19517  2.29179e+02 |  9  0.17705  1.41537e+02
 10  0.16575  1.30864e+02 | 11  0.15554  1.20712e+02 | 12  0.14258  7.73260e+01
 13  0.13261  3.51887e+01 | 14  0.13392  4.71052e+01 | 15  0.14400  1.27734e+02
 16  0.16068  6.11394e+03 | 17  0.11005 -1.34992e+02 | 18 -0.02032 -8.36543e+03
 19 -0.02552  2.01584e+03 | 20 -0.02747  1.53156e+03 | 21 -0.02695  1.36841e+03
 22 -0.02412  1.49925e+03 | 23 -0.02205 -1.31667e+03 | 24  0.08833  2.52574e+02
 25 -0.00277  2.30893e+03 | 26 -0.00986  1.01912e+02 | 27  0.10119 -2.33173e+02
 28  0.09733 -2.79623e+02 | 29 -0.01182 -6.23133e+03 | 30 -0.02063  6.28427e+02
 31 -0.03724  2.15536e+02 | 32 -0.02272  7.05151e+02 | 33 -0.00513  9.67536e+02
 34 -0.01325 -2.80279e+02 | 35 -0.01446  6.74358e+02 | 36  0.00474  4.74714e+03
 37 -0.00389 -7.53351e+02 | 38  0.00193  4.57072e+03 | 39 -0.00699 -7.39795e+02
 40  0.01909  6.83896e+03 | 41 -0.01298 -7.49319e+03 | 42 -0.00503  1.92434e+03
 43 -0.03151 -7.69753e+02 | 44 -0.07672 -3.82553e+03 | 45  0.13107 -6.56930e+04
 46 -0.04618  1.58210e+03 | 47 -0.05871  2.45862e+03 | 48 -0.05311 -1.23763e+03
 49 -0.04179 -2.74048e+03 | 50 -0.05346 -3.66243e+03 | 51 -0.05379 -2.81833e+03
 52 -0.06082 -1.44931e+03 | 53  0.00703  1.28756e+03 | 54  0.00469  2.30383e+03
 55 -0.01997  4.13168e+02 | 56  0.01967  4.80309e+02 | 57  0.04114 -1.68183e+03
 58  0.05136  1.14333e+04 | 59 -0.05195 -7.39691e+03 | 60 -0.09693 -7.46616e+03
 61  0.02329 -3.38219e+03 | 62  0.02682  2.33457e+02 | 63  0.01592 -1.13334e+03
 64  0.00252 -3.33086e+03 | 65  0.03094 -1.02281e+03 | 66  0.02523 -3.78994e+01
 67  0.03195 -3.23507e+02 | 68  0.01816 -1.38692e+03 | 69  0.04558  3.48605e+03
 70  0.03736  4.75001e+03 | 71  0.05740  5.96378e+03 | 72  0.07165  3.55027e+03
 73  0.02817  3.00159e+03 |
1 0 24890.4
1 0 24890.3
1 0 24890.2
1 0 24890.1
1 0 24890
1 0 24889.2
1 0 24889.4
1 0 24888.8
1 0 24888.5
1 0 24887.9
1 0 24886.9
1 0 24885.3
1 0 24882.4
73 variables; iteration 60; function evaluation 78; phase 1
Function value   2.4882420e+04; maximum gradient component mag  -6.6318e+04
Var   Value    Gradient   |Var   Value    Gradient   |Var   Value    Gradient
  1  0.30354  2.02165e+02 |  2  0.28456  2.69484e+02 |  3  0.27612  4.69791e+02
  4  0.25748  4.15809e+02 |  5  0.24448  4.04302e+02 |  6  0.23815  4.95421e+02
  7  0.21478  2.89932e+02 |  8  0.19833  2.57892e+02 |  9  0.17625  1.43889e+02
 10  0.15955  9.12386e+01 | 11  0.15122  8.85523e+01 | 12  0.14713  9.02921e+01
 13  0.14497  7.79053e+01 | 14  0.14803  7.98942e+01 | 15  0.15861  1.66752e+02
 16  0.16092  6.26026e+03 | 17  0.10937 -1.80934e+02 | 18 -0.02040 -8.38658e+03
 19 -0.02580  1.84192e+03 | 20 -0.02779  1.44769e+03 | 21 -0.02714  1.35464e+03
 22 -0.02407  1.41407e+03 | 23 -0.02184 -1.18439e+03 | 24  0.08778  2.01783e+02
 25 -0.00286  2.28779e+03 | 26 -0.00996 -1.35740e+01 | 27  0.10093 -2.80010e+02
 28  0.09767 -3.16775e+02 | 29 -0.01187 -6.29797e+03 | 30 -0.02052  7.12227e+02
 31 -0.03717  2.61287e+02 | 32 -0.02258  6.72877e+02 | 33 -0.00482  1.06352e+03
 34 -0.01313 -2.69935e+02 | 35 -0.01433  6.20102e+02 | 36  0.00433  4.72164e+03
 37 -0.00392 -6.92812e+02 | 38  0.00153  4.51072e+03 | 39 -0.00797 -1.01983e+03
 40  0.02056  7.04417e+03 | 41 -0.01279 -7.56659e+03 | 42 -0.00462  1.93804e+03
 43 -0.03109 -6.85373e+02 | 44 -0.07714 -3.86975e+03 | 45  0.13165 -6.63183e+04
 46 -0.04672  1.44013e+03 | 47 -0.05920  2.46286e+03 | 48 -0.05307 -1.07726e+03
 49 -0.04280 -2.76886e+03 | 50 -0.05371 -3.60369e+03 | 51 -0.05406 -2.82814e+03
 52 -0.06127 -1.47868e+03 | 53  0.00640  1.07886e+03 | 54  0.00406  2.22345e+03
 55 -0.01994  4.99474e+02 | 56  0.01916  4.38730e+02 | 57  0.04057 -1.78161e+03
 58  0.05097  1.13921e+04 | 59 -0.05155 -7.36753e+03 | 60 -0.09667 -7.45277e+03
 61  0.02279 -3.45670e+03 | 62  0.02650  1.79910e+02 | 63  0.01524 -1.18681e+03
 64  0.00337 -3.23285e+03 | 65  0.02993 -1.18917e+03 | 66  0.02513 -7.98349e+01
 67  0.03141 -3.43149e+02 | 68  0.01572 -1.57658e+03 | 69  0.04542  3.47846e+03
 70  0.03674  4.73719e+03 | 71  0.05707  6.00155e+03 | 72  0.07241  3.64210e+03
 73  0.03730  3.05616e+03 |
1 0 24877
1 0 24867.4
1 0 24849.1
1 0 24766.8
1 0 24959.6
1 0 24734.5
1 0 24671.1
1 0 24189.6
1 0 23874
1 0 23664.7
1 0 23805.2
1 0 23573.5
1 0 24004
1 0 23551.9
1 0 23584.2
1 0 23545.9
73 variables; iteration 70; function evaluation 94; phase 1
Function value   2.3550911e+04; maximum gradient component mag  -3.5645e+04
Var   Value    Gradient   |Var   Value    Gradient   |Var   Value    Gradient
  1  0.25604 -2.30232e+03 |  2  0.24005  6.58470e+01 |  3  0.22118  1.35724e+02
  4  0.23620  1.09017e+03 |  5  0.05559 -4.08751e+02 |  6  0.00676 -5.14448e+01
  7 -0.02527 -4.65202e+02 |  8  0.08342  3.66200e+02 |  9  0.09096 -3.97489e+01
 10  0.12378 -6.88051e+01 | 11  0.20937  1.05052e+03 | 12  0.17154  2.12807e+02
 13  0.16383  7.56552e+02 | 14  0.00171 -3.60928e+02 | 15 -0.04839 -1.64230e+02
 16  0.13945  6.59684e+03 | 17  0.03170  1.32824e+04 | 18 -0.01990 -9.58760e+03
 19 -0.02758 -2.74505e+03 | 20 -0.03019 -2.14260e+03 | 21 -0.01993 -9.09166e+02
 22 -0.00768 -1.64196e+03 | 23 -0.00563 -8.99853e+02 | 24  0.07416  9.70803e+01
 25 -0.00548  7.17190e+02 | 26 -0.01268 -4.55187e+02 | 27  0.06063  1.13758e+03
 28  0.09792 -1.83944e+02 | 29 -0.00302 -3.31393e+03 | 30 -0.01605 -2.44293e+03
 31 -0.02207  1.29753e+02 | 32 -0.00821 -1.67532e+03 | 33 -0.00395  1.86885e+03
 34 -0.01411  8.33797e+02 | 35 -0.01128  3.03510e+03 | 36 -0.00995 -7.75853e+02
 37 -0.00815  1.89103e+03 | 38 -0.00557  2.53092e+03 | 39 -0.01128 -1.37109e+03
 40  0.00260  2.52787e+03 | 41 -0.00680 -2.18264e+03 | 42  0.00580  6.22294e+03
 43  0.00548  2.20340e+03 | 44 -0.02823 -6.19695e+03 | 45  0.15251 -3.56452e+04
 46 -0.05000  2.54177e+04 | 47 -0.06138  1.26346e+04 | 48 -0.06032  7.13367e+03
 49 -0.06236  1.44589e+03 | 50 -0.04532  7.67400e+03 | 51 -0.05380  3.48578e+03
 52 -0.05020  3.91756e+03 | 53 -0.00500  1.11573e+03 | 54 -0.02086 -1.56243e+03
 55 -0.04822 -3.20908e+03 | 56 -0.00294 -6.77483e+03 | 57  0.02230 -6.72353e+03
 58  0.02672  4.22006e+03 | 59 -0.02712 -6.46921e+03 | 60 -0.01130 -3.18348e+03
 61  0.01900  3.49745e+03 | 62  0.00101 -3.00617e+03 | 63 -0.00446 -5.61543e+03
 64 -0.00732 -6.06742e+03 | 65  0.00547 -4.97232e+03 | 66 -0.00251 -6.77619e+03
 67  0.01007 -5.88880e+03 | 68 -0.00959 -6.26837e+03 | 69  0.02139 -3.64140e+03
 70  0.00222 -5.50720e+03 | 71  0.01236 -7.87062e+03 | 72  0.03123 -4.40283e+03
 73  0.37115  2.61754e+03 |
1 0 23564.2
1 0 23544.8
1 0 23543.1
1 0 23539.7
1 0 23507.4
1 0 23439.4
1 0 23392.9
1 0 23311
1 0 22604.8
1 0 24009.5
1 0 22323.7
1 0 21967.1
1 0 21734.4
1 0 21560.1
73 variables; iteration 80; function evaluation 108; phase 1
Function value   2.1560211e+04; maximum gradient component mag   1.0650e+04
Var   Value    Gradient   |Var   Value    Gradient   |Var   Value    Gradient
  1  0.18098 -1.68447e+03 |  2  0.08998 -6.69030e+02 |  3  0.11262  2.98232e+02
  4  0.04963 -2.42890e+02 |  5  0.06951  1.05013e+02 |  6  0.07374  8.37232e+01
  7  0.07138  1.73983e+02 |  8  0.03478 -3.76518e+01 |  9  0.01766  5.34880e+00
 10  0.00444 -2.03985e+01 | 11  0.00145  7.60647e+01 | 12 -0.02052 -2.07036e+02
 13  0.02204  1.35598e+01 | 14  0.06703  5.07682e+02 | 15 -0.02298 -2.91936e+02
 16  0.12829  7.66917e+02 | 17 -0.02364  2.51890e+02 | 18 -0.00042  3.43107e+03
 19 -0.01617 -1.72946e+03 | 20 -0.01619 -4.30348e+02 | 21 -0.01366 -5.70890e+02
 22 -0.00737 -7.04987e+02 | 23 -0.00170  8.79432e+02 | 24  0.09985  1.09154e+03
 25 -0.00444 -1.75259e+02 | 26 -0.00758  1.21902e+03 | 27  0.00843  3.34870e+03
 28  0.16633  1.69375e+03 | 29  0.00219  1.34182e+03 | 30 -0.01569 -5.37684e+03
 31 -0.01705 -3.58504e+03 | 32 -0.01523 -5.07275e+02 | 33 -0.00700  2.15168e+03
 34 -0.00474  1.04076e+03 | 35 -0.00243  1.02208e+03 | 36 -0.00227  2.90432e+03
 37 -0.01094 -8.00941e+02 | 38 -0.01369 -1.81821e+03 | 39 -0.01109  4.31337e+02
 40 -0.00811 -2.01454e+03 | 41 -0.00703  2.65501e+03 | 42 -0.01381 -3.42394e+03
 43 -0.01964 -3.62658e+03 | 44 -0.03546  6.70396e+02 | 45  0.13860 -8.90313e+03
 46 -0.05285  1.06499e+04 | 47 -0.05896  3.29549e+03 | 48 -0.04727  4.49097e+03
 49 -0.03842  4.53648e+03 | 50 -0.04222  2.99189e+03 | 51 -0.04313  1.85660e+03
 52 -0.04333  1.33936e+03 | 53  0.00529 -5.65901e+01 | 54 -0.01267 -3.01404e+03
 55 -0.00918 -3.37325e+03 | 56  0.00552  4.42734e+02 | 57  0.03951 -1.24577e+03
 58  0.02739  9.58426e+02 | 59  0.02445  4.00993e+03 | 60 -0.00172 -3.63595e+03
 61  0.01305 -1.72263e+03 | 62  0.01069 -3.21030e+03 | 63  0.01909 -1.62483e+03
 64  0.01458 -3.56873e+03 | 65  0.01792 -3.58293e+03 | 66  0.01645 -2.73886e+03
 67  0.01455 -3.38340e+03 | 68  0.01999 -2.38132e+03 | 69  0.02644 -2.12343e+03
 70  0.02452 -2.43356e+03 | 71  0.02794  9.53366e+01 | 72  0.04145  1.27923e+03
 73 -0.00207  1.06553e+02 |
1 0 21590.3
1 0 21450.8
1 0 21295.4
1 0 21203.6
1 0 21093.4
1 0 21034.8
1 0 20933.9
1 0 32282.9
1 0 20696.4
1 0 27919.4
1 0 20672.4
1 0 20629.7
1 0 20552.1
1 0 20422.4
73 variables; iteration 90; function evaluation 122; phase 1
Function value   2.0422436e+04; maximum gradient component mag  -1.7570e+04
Var   Value    Gradient   |Var   Value    Gradient   |Var   Value    Gradient
  1  0.25038  1.29871e+03 |  2  0.20519  5.09931e+02 |  3  0.12608 -3.89307e+01
  4  0.09656  6.03061e+01 |  5  0.07521  8.64901e+01 |  6  0.04531 -3.41248e+01
  7  0.03504  9.05093e+01 |  8  0.00517 -3.82256e+01 |  9 -0.00928  5.57951e+01
 10 -0.03763 -1.34603e+02 | 11 -0.02394  1.00287e+02 | 12 -0.03829  7.11056e+01
 13 -0.07259 -2.79735e+02 | 14 -0.02138  1.34521e+02 | 15 -0.00838  5.39657e+01
 16  0.11144  4.12350e+03 | 17 -0.01831 -2.80812e+03 | 18 -0.01500  8.18041e+01
 19 -0.01160 -5.98653e+02 | 20 -0.01128  3.01610e+02 | 21 -0.00954 -2.34998e+01
 22 -0.00220  1.46834e+03 | 23 -0.00238  5.72053e+02 | 24  0.00349  1.21937e+03
 25 -0.00213  8.95782e+02 | 26 -0.00593 -3.67327e+02 | 27 -0.00214  1.89067e+03
 28  0.08672  3.39516e+02 | 29  0.00758  2.37290e+02 | 30 -0.00137 -1.14272e+03
 31  0.00119  1.54685e+03 | 32  0.00045  4.86660e+02 | 33 -0.00283 -1.25758e+03
 34 -0.00096 -5.36021e+02 | 35  0.00124  1.69063e+02 | 36  0.00350 -1.90670e+02
 37  0.00153  1.64198e+02 | 38 -0.00308 -1.86973e+03 | 39 -0.00207 -1.10915e+02
 40  0.01043  3.67843e+03 | 41  0.00273 -3.58700e+02 | 42 -0.00013 -1.17578e+03
 43 -0.00603 -1.15679e+03 | 44 -0.02248 -2.04901e+03 | 45  0.13727 -1.75696e+04
 46 -0.08223 -7.45409e+02 | 47 -0.06124  1.56910e+03 | 48 -0.05070  8.57337e+02
 49 -0.04261  3.07776e+02 | 50 -0.04509 -3.87114e+02 | 51 -0.04430 -9.33802e+02
 52 -0.03604 -1.90286e+03 | 53  0.00243  5.57170e+03 | 54 -0.00252  7.85863e+02
 55 -0.00208 -1.34619e+03 | 56 -0.01785 -2.80301e+03 | 57  0.04022  5.08850e+02
 58  0.02929  9.33513e+02 | 59  0.02345  6.19710e+02 | 60  0.02042 -1.36148e+02
 61  0.01590 -3.89631e+02 | 62  0.01973  1.19937e+03 | 63  0.01990  7.86488e+02
 64  0.01603 -4.57163e+02 | 65  0.02585  1.84468e+03 | 66  0.02416  1.04500e+03
 67  0.02130 -2.94152e+02 | 68  0.01919 -2.96221e+03 | 69  0.02972 -2.87516e+03
 70  0.03152 -6.15651e+02 | 71  0.02853 -6.36397e+02 | 72  0.03256  8.30072e+01
 73 -0.01560  5.78417e+02 |
1 0 20277.6
1 0 20075.7
1 0 39432.4
1 0 19933.2
1 0 19914.9
1 0 20358.4
1 0 19891.7
1 0 19849.5
1 0 19777.6
1 0 19677.6
1 0 19636.5
1 0 19622.4
1 0 19615
1 0 19610
73 variables; iteration 100; function evaluation 136; phase 1
Function value   1.9610006e+04; maximum gradient component mag  -1.1553e+03
Var   Value    Gradient   |Var   Value    Gradient   |Var   Value    Gradient
  1  0.24603 -7.19541e+01 |  2  0.19161 -7.75494e+01 |  3  0.13199 -2.14293e+01
  4  0.09256 -3.13986e+00 |  5  0.06540 -7.00517e+00 |  6  0.04657  4.11114e+00
  7  0.03045 -3.36686e+00 |  8  0.01804  3.85787e-01 |  9  0.00750 -2.70399e+00
 10 -0.00066 -2.27138e+00 | 11 -0.00687 -2.32027e+00 | 12 -0.01127  1.08687e+01
 13 -0.01793 -3.86998e+00 | 14 -0.02258 -1.24433e+01 | 15 -0.02273  2.05554e+00
 16  0.09009  4.44338e+02 | 17 -0.00742  7.93305e+01 | 18 -0.00715  8.06682e+01
 19 -0.00759 -1.04638e+01 | 20 -0.00851 -3.27283e+01 | 21 -0.00596 -6.02483e+01
 22 -0.00070 -5.21387e+01 | 23 -0.00407 -1.55216e+02 | 24 -0.00889  4.65777e+01
 25 -0.00648 -1.91927e+02 | 26 -0.00097 -1.87382e+02 | 27 -0.00173 -1.63916e+02
 28 -0.00231  1.00515e+02 | 29 -0.00055  1.26746e+01 | 30  0.00347  5.79168e+02
 31  0.00456  6.58689e+02 | 32  0.00539  5.47574e+02 | 33  0.00226 -5.06081e+02
 34  0.00314 -1.33210e+02 | 35  0.00555  1.40100e+02 | 36  0.00629 -1.07801e+02
 37  0.00452 -1.58935e+01 | 38  0.00643  1.41774e+02 | 39  0.00581  1.68612e+01
 40  0.00841 -1.49529e+02 | 41  0.00477 -6.01057e+01 | 42  0.00746 -3.41382e+01
 43  0.00474 -2.04671e+02 | 44 -0.01048 -3.63931e+02 | 45  0.14161 -1.15534e+03
 46 -0.07558  5.66922e+02 | 47 -0.06520  2.50436e+02 | 48 -0.05442  9.91664e+00
 49 -0.04572  5.05243e+01 | 50 -0.04608  4.15482e+02 | 51 -0.04381  2.21628e+02
 52 -0.03005 -1.60110e+02 | 53 -0.01406 -2.55998e+01 | 54 -0.00619  1.96826e+02
 55  0.00076  5.33454e+02 | 56  0.00947 -1.48510e+02 | 57  0.02068 -1.32287e+01
 58  0.02365 -6.13850e+02 | 59  0.01934 -3.47183e+02 | 60  0.01779 -1.28725e+02
 61  0.01432 -4.44658e+02 | 62  0.01537  1.17087e+02 | 63  0.01608  4.18979e+01
 64  0.01592 -1.71763e+02 | 65  0.01831  1.99329e+02 | 66  0.01976 -1.53936e+02
 67  0.02225 -3.09165e+00 | 68  0.02428 -8.32473e+01 | 69  0.02606  1.06322e+02
 70  0.02762 -5.25329e+00 | 71  0.02681 -1.85134e+02 | 72  0.03138  8.10580e+01
 73  0.03139  7.00677e+01 |
1 0 19608.4
1 0 19607.2
1 0 19605.8
1 0 19605.3
1 0 19605
1 0 19604.8
1 0 19604.7
1 0 19604.7
1 0 19604.6
1 0 19604.6
73 variables; iteration 110; function evaluation 146; phase 1
Function value   1.9604631e+04; maximum gradient component mag   2.3852e+01
Var   Value    Gradient   |Var   Value    Gradient   |Var   Value    Gradient
  1  0.24641 -1.16789e+00 |  2  0.19676  1.20517e+00 |  3  0.13652  1.23770e+00
  4  0.09565  6.00195e-01 |  5  0.06827  5.23153e-01 |  6  0.04830  1.16864e+00
  7  0.03277 -1.84655e-01 |  8  0.02067  3.74421e-01 |  9  0.01101  1.55733e-01
 10  0.00336  5.54180e-01 | 11 -0.00271 -2.55443e-01 | 12 -0.00719 -1.08255e+00
 13 -0.00996  1.27461e+00 | 14 -0.01182  7.71710e-01 | 15 -0.01267  1.27542e+00
 16  0.09095 -7.87593e+00 | 17 -0.00803 -1.12853e+01 | 18 -0.00876 -1.19156e+01
 19 -0.00810 -3.22598e-01 | 20 -0.00883 -1.21673e+00 | 21 -0.00652 -3.09476e-01
 22 -0.00125 -1.30756e+00 | 23 -0.00380 -5.33406e+00 | 24 -0.00895  2.63214e+00
 25 -0.00660  2.31545e+00 | 26 -0.00124 -2.92023e+00 | 27 -0.00160  1.20129e+01
 28 -0.00247 -2.96324e+00 | 29 -0.00092  6.44546e-01 | 30  0.00213 -7.73521e+00
 31  0.00233 -1.28748e+01 | 32  0.00397  2.38524e+01 | 33  0.00281 -2.53628e+00
 34  0.00301 -9.27077e-01 | 35  0.00518  8.54090e-01 | 36  0.00603  1.46290e+00
 37  0.00407  3.80195e+00 | 38  0.00584  5.23770e+00 | 39  0.00537  1.58232e-01
 40  0.00835  7.55174e+00 | 41  0.00469 -3.33061e+00 | 42  0.00799  6.44134e+00
 43  0.00729  5.54256e+00 | 44 -0.00201 -7.72439e+00 | 45  0.14100 -9.83882e+00
 46 -0.07697  4.87965e+00 | 47 -0.06531  1.03518e+01 | 48 -0.05372  1.29593e+01
 49 -0.04516  4.17977e+00 | 50 -0.04676 -7.97305e-01 | 51 -0.04376  1.48976e+01
 52 -0.02893  5.01825e+00 | 53 -0.01346 -9.55294e+00 | 54 -0.00591 -2.17004e+00
 55  0.00011 -5.78199e+00 | 56  0.01076 -4.43672e-01 | 57  0.02104  3.04350e+00
 58  0.02528  1.45159e+01 | 59  0.01942 -1.89376e-01 | 60  0.01677 -2.14728e+00
 61  0.01568 -1.20058e+01 | 62  0.01578 -2.14085e+00 | 63  0.01642 -2.31007e-02
 64  0.01695 -1.35138e+00 | 65  0.01821  3.37095e+00 | 66  0.02066 -1.76954e-02
 67  0.02236 -7.61293e+00 | 68  0.02501 -5.86084e+00 | 69  0.02626 -9.90920e+00
 70  0.02792 -3.97830e+00 | 71  0.02681 -6.74069e+00 | 72  0.02699 -7.89527e-01
 73  0.02714  1.46504e+00 |
1 0 19604.6
1 0 19604.6
1 0 19604.6
1 0 19604.6
1 0 19604.6
1 0 19604.6
1 0 19604.6
1 0 19604.6
1 0 19604.6
1 0 19604.6
73 variables; iteration 120; function evaluation 156; phase 1
Function value   1.9604622e+04; maximum gradient component mag  -2.0834e+00
Var   Value    Gradient   |Var   Value    Gradient   |Var   Value    Gradient
  1  0.24680  3.41451e-01 |  2  0.19717  2.54413e-01 |  3  0.13667 -9.18549e-03
  4  0.09559  5.17024e-02 |  5  0.06796 -1.18297e-02 |  6  0.04773  4.58068e-02
  7  0.03215  1.69456e-02 |  8  0.01984  4.34619e-02 |  9  0.00998  3.32626e-03
 10  0.00211 -8.11687e-03 | 11 -0.00410  2.84637e-02 | 12 -0.00886  4.41523e-02
 13 -0.01234  1.79443e-02 | 14 -0.01461 -1.35768e-02 | 15 -0.01573  3.50725e-02
 16  0.09106  3.70641e-02 | 17 -0.00780 -8.11913e-01 | 18 -0.00870  3.30623e-01
 19 -0.00810  3.61129e-02 | 20 -0.00884 -8.21706e-02 | 21 -0.00653 -4.10853e-02
 22 -0.00127 -1.68474e-01 | 23 -0.00381 -4.17767e-01 | 24 -0.00895  2.42587e-01
 25 -0.00661 -2.63099e-01 | 26 -0.00126 -3.46261e-01 | 27 -0.00165  1.25708e-01
 28 -0.00250 -3.88345e-02 | 29 -0.00095  5.15851e-01 | 30  0.00212  1.13302e+00
 31  0.00234  3.00024e-01 | 32  0.00393  7.76424e-01 | 33  0.00280 -5.01612e-01
 34  0.00298 -1.17878e-01 | 35  0.00515 -1.22747e-01 | 36  0.00599  2.38722e-01
 37  0.00403 -4.31766e-01 | 38  0.00581 -3.76812e-01 | 39  0.00535 -2.02551e-02
 40  0.00833 -7.28403e-02 | 41  0.00468 -1.81527e-01 | 42  0.00796 -5.08566e-01
 43  0.00731 -7.54090e-02 | 44 -0.00179  8.37597e-01 | 45  0.14098  1.96209e+00
 46 -0.07691  5.63780e-01 | 47 -0.06530  9.53849e-02 | 48 -0.05372  1.33852e-02
 49 -0.04515  2.04502e-02 | 50 -0.04673  2.82216e-01 | 51 -0.04378 -1.80744e-02
 52 -0.02892 -1.14466e-01 | 53 -0.01342  4.07590e-01 | 54 -0.00589  2.19218e-01
 55  0.00013 -3.57598e-02 | 56  0.01077  6.69320e-02 | 57  0.02106  5.67603e-01
 58  0.02526 -2.08337e+00 | 59  0.01947 -4.73254e-01 | 60  0.01678 -2.46992e-01
 61  0.01571 -5.16588e-01 | 62  0.01579  9.39870e-02 | 63  0.01643 -8.09340e-02
 64  0.01697 -3.13539e-01 | 65  0.01821 -2.93020e-01 | 66  0.02067  8.31840e-02
 67  0.02239  4.85471e-01 | 68  0.02502  2.52192e-01 | 69  0.02630 -3.80012e-01
 70  0.02793  1.95772e-01 | 71  0.02681  7.65114e-01 | 72  0.02686  2.71829e-01
 73  0.02686 -1.05568e-01 |
1 0 19604.6
1 0 19604.6
1 0 19604.6
1 0 19604.6
1 0 19604.6
1 0 19604.6

 - final statistics:
73 variables; iteration 126; function evaluation 162
Function value   1.9605e+04; maximum gradient component mag   6.6679e-02
Exit code = 1;  converg criter   1.0000e-01
Var   Value    Gradient   |Var   Value    Gradient   |Var   Value    Gradient
  1  0.24680  1.71797e-02 |  2  0.19716  4.61892e-04 |  3  0.13667 -2.89605e-03
  4  0.09559 -1.57983e-03 |  5  0.06795 -4.59084e-03 |  6  0.04771 -6.44537e-03
  7  0.03212 -3.51522e-03 |  8  0.01979 -1.50583e-03 |  9  0.00994 -4.52076e-04
 10  0.00206 -1.20407e-03 | 11 -0.00415  6.03226e-03 | 12 -0.00893 -2.45839e-03
 13 -0.01240  2.32408e-03 | 14 -0.01467  2.87352e-03 | 15 -0.01579  7.34173e-03
 16  0.09106  2.75841e-02 | 17 -0.00780  6.66786e-02 | 18 -0.00870 -2.48885e-03
 19 -0.00810 -1.03668e-02 | 20 -0.00884  4.25466e-03 | 21 -0.00653  8.96326e-03
 22 -0.00127  2.40718e-02 | 23 -0.00381  6.86992e-03 | 24 -0.00895  2.96632e-02
 25 -0.00661  6.46364e-03 | 26 -0.00126  4.88779e-03 | 27 -0.00165 -5.47597e-02
 28 -0.00250 -1.57119e-02 | 29 -0.00095  1.48837e-03 | 30  0.00212 -5.01265e-02
 31  0.00233 -3.28382e-02 | 32  0.00393  4.21881e-02 | 33  0.00280 -2.76601e-02
 34  0.00298 -6.81047e-03 | 35  0.00516  1.26325e-02 | 36  0.00599  1.98085e-02
 37  0.00403 -2.28002e-02 | 38  0.00581 -1.70360e-02 | 39  0.00535  2.87230e-02
 40  0.00833  2.17677e-04 | 41  0.00468  1.38232e-02 | 42  0.00796 -1.93622e-04
 43  0.00730 -2.68592e-03 | 44 -0.00181 -2.53795e-02 | 45  0.14098 -2.56884e-02
 46 -0.07691  5.19629e-02 | 47 -0.06530 -3.71054e-03 | 48 -0.05372 -2.37840e-03
 49 -0.04515 -1.51272e-02 | 50 -0.04673  9.13510e-04 | 51 -0.04378 -4.97013e-02
 52 -0.02892 -5.56447e-04 | 53 -0.01342  4.06522e-02 | 54 -0.00589  1.51531e-02
 55  0.00013  5.39143e-02 | 56  0.01077 -2.30818e-02 | 57  0.02105 -4.69407e-02
 58  0.02526  1.45045e-02 | 59  0.01947 -4.18358e-02 | 60  0.01678 -5.55773e-03
 61  0.01571 -4.12262e-04 | 62  0.01579  7.45643e-03 | 63  0.01643  2.49896e-02
 64  0.01696 -1.58659e-02 | 65  0.01821 -2.60970e-02 | 66  0.02066  1.97164e-02
 67  0.02239  3.50302e-02 | 68  0.02502  1.80357e-02 | 69  0.02630  7.34343e-03
 70  0.02793  6.98181e-03 | 71  0.02681 -1.82421e-02 | 72  0.02687 -2.08762e-02
 73  0.02687  1.61049e-03 |
1 0 19604.6
B0234224
0.3 0.263012
0.225439 0.332019
0.213857 0.345639
0.211192 0.348911
0.210535 0.349726
0.210371 0.349931
0.210329 0.349983
0.210319 0.349996
0.210316 0.349999
0.210315 0.35
0.210315 0.35
0.210315 0.35
0.210315 0.35
0.210315 0.35
0.210315 0.35
0.210315 0.35
0.210315 0.35
0.210315 0.35
0.210315 0.35
0.210315 0.35
0.210315 0.35
2 0 19604.6

Initial statistics: 77 variables; iteration 0; function evaluation 0; phase 2
Function value   1.9604622e+04; maximum gradient component mag   6.0367e+02
Var   Value    Gradient   |Var   Value    Gradient   |Var   Value    Gradient
  1 -0.80275 -8.74093e+01 |  2 -0.58293  4.96873e+01 |  3  0.24680  1.71797e-02
  4  0.19716  4.61892e-04 |  5  0.13667 -2.89605e-03 |  6  0.09559 -1.57983e-03
  7  0.06795 -4.59084e-03 |  8  0.04771 -6.44537e-03 |  9  0.03212 -3.51522e-03
 10  0.01979 -1.50583e-03 | 11  0.00994 -4.52076e-04 | 12  0.00206 -1.20407e-03
 13 -0.00415  6.03226e-03 | 14 -0.00893 -2.45839e-03 | 15 -0.01240  2.32408e-03
 16 -0.01467  2.87352e-03 | 17 -0.01579  7.34173e-03 | 18  0.09106  2.75841e-02
 19 -0.00780  6.66113e-02 | 20 -0.00870 -2.55619e-03 | 21 -0.00810 -1.04341e-02
 22 -0.00884  4.18733e-03 | 23 -0.00653  8.89592e-03 | 24 -0.00127  2.40044e-02
 25 -0.00381  6.80258e-03 | 26 -0.00895  2.95959e-02 | 27 -0.00661  6.39631e-03
 28 -0.00126  4.82044e-03 | 29 -0.00165 -5.48270e-02 | 30 -0.00250 -1.57793e-02
 31 -0.00095  1.42103e-03 | 32  0.00212 -5.01939e-02 | 33  0.00233 -3.29055e-02
 34  0.00393  4.21207e-02 | 35  0.00280 -2.77274e-02 | 36  0.00298 -6.87782e-03
 37  0.00516  1.25651e-02 | 38  0.00599  1.97412e-02 | 39  0.00403 -2.28675e-02
 40  0.00581 -1.71034e-02 | 41  0.00535  2.86557e-02 | 42  0.00833  1.50340e-04
 43  0.00468  1.37558e-02 | 44  0.00796 -2.60960e-04 | 45  0.00730 -2.75326e-03
 46 -0.00181 -2.54468e-02 | 47  0.14098 -2.56884e-02 | 48 -0.07691  5.09677e-02
 49 -0.06530 -4.70781e-03 | 50 -0.05372 -3.37738e-03 | 51 -0.04515 -1.61272e-02
 52 -0.04673 -8.63318e-05 | 53 -0.04378 -5.07015e-02 | 54 -0.02892 -1.55795e-03
 55 -0.01342  3.96499e-02 | 56 -0.00589  1.41506e-02 | 57  0.00013  5.29118e-02
 58  0.01077 -2.40842e-02 | 59  0.02105 -4.79427e-02 | 60  0.02526  1.35027e-02
 61  0.01947 -4.28379e-02 | 62  0.01678 -6.55993e-03 | 63  0.01571 -1.41450e-03
 64  0.01579  6.45420e-03 | 65  0.01643  2.39874e-02 | 66  0.01696 -1.68681e-02
 67  0.01821 -2.70991e-02 | 68  0.02066  1.87144e-02 | 69  0.02239  3.40282e-02
 70  0.02502  1.70340e-02 | 71  0.02630  6.34174e-03 | 72  0.02793  5.98023e-03
 73  0.02681 -1.92438e-02 | 74  0.02687 -2.18778e-02 | 75  0.02687  6.08841e-04
 76 -0.65117 -3.69444e+02 | 77 -0.55687  6.03670e+02 |
2 0 19604.6
2 0 19604.4
2 0 19603.3
2 0 19603.5
2 0 19602.7
2 0 19601.5
2 0 19599.4
2 0 19596.5
2 0 19591.4
2 0 19590
2 0 19588
2 0 19608.9
2 0 19587.9
2 0 19587.8

Intermediate statistics: 77 variables; iteration 10; function evaluation 14; phase 2
Function value   1.9587755e+04; maximum gradient component mag  -2.5868e+03
Var   Value    Gradient   |Var   Value    Gradient   |Var   Value    Gradient
  1 -0.79146 -8.42006e+01 |  2 -0.58926  5.93942e+01 |  3  0.24482 -1.48405e+02
  4  0.19826 -1.28615e+00 |  5  0.13698 -1.41703e+00 |  6  0.09566 -1.04271e+00
  7  0.06798 -8.24200e-01 |  8  0.04773 -7.70291e-01 |  9  0.03213 -7.00048e-01
 10  0.01981 -6.28259e-01 | 11  0.00995 -5.66261e-01 | 12  0.00207 -5.16188e-01
 13 -0.00415 -4.76586e-01 | 14 -0.00892 -4.50681e-01 | 15 -0.01239 -4.30980e-01
 16 -0.01466 -4.18392e-01 | 17 -0.01578 -4.05884e-01 | 18  0.08469 -3.32436e+02
 19 -0.00798  2.29689e+02 | 20 -0.00890 -1.07525e+01 | 21 -0.00843 -3.01642e+01
 22 -0.00910 -1.30633e+02 | 23 -0.00585  4.24762e+02 | 24 -0.00181 -6.12913e+02
 25 -0.00349  6.18431e+02 | 26 -0.01071 -7.88193e+02 | 27 -0.00675  3.24536e+02
 28 -0.00114  4.65077e+02 | 29 -0.00227 -1.90307e+02 | 30 -0.00316 -2.32389e+02
 31 -0.00047  3.89060e+02 | 32  0.00282  3.29957e+02 | 33  0.00372  8.07134e+02
 34  0.00490  4.04459e+02 | 35  0.00319 -7.56500e+01 | 36  0.00308 -2.05638e+02
 37  0.00500 -3.18562e+02 | 38  0.00573 -3.15278e+02 | 39  0.00399 -1.78405e+00
 40  0.00544 -2.49179e+02 | 41  0.00518 -6.44282e+01 | 42  0.00771 -4.71373e+02
 43  0.00459 -6.02888e+00 | 44  0.00760 -2.93512e+02 | 45  0.00732 -8.16054e+01
 46 -0.00022  8.55112e+01 | 47  0.14057 -2.58682e+03 | 48 -0.07673 -2.20033e+00
 49 -0.06552 -1.61298e+02 | 50 -0.05412 -1.78509e+02 | 51 -0.04545 -2.77811e+02
 52 -0.04608  2.69877e+02 | 53 -0.04342  4.83748e+00 | 54 -0.02885 -7.21980e+01
 55 -0.01366 -3.14014e+01 | 56 -0.00673 -6.15153e+02 | 57 -0.00043 -5.61282e+02
 58  0.01026 -3.38730e+02 | 59  0.02015 -5.33074e+02 | 60  0.02477 -5.70084e+02
 61  0.01934 -5.58045e+02 | 62  0.01662 -5.98101e+02 | 63  0.01583 -2.38130e+02
 64  0.01621  1.70494e+02 | 65  0.01705  4.61755e+02 | 66  0.01770  6.32558e+02
 67  0.01876  5.06973e+02 | 68  0.02103  3.92088e+02 | 69  0.02273  3.62812e+02
 70  0.02546  4.95125e+02 | 71  0.02676  5.14620e+02 | 72  0.02833  4.40025e+02
 73  0.02707  4.15088e+02 | 74  0.02558  4.17509e+01 | 75  0.02709  1.39058e+02
 76 -0.65955 -4.75161e+02 | 77 -0.61064  3.36404e+02 |
2 0 19587.7
2 0 19587.5
2 0 19587.3
2 0 19586.9
2 0 19586.3
2 0 19585.2
2 0 19583.4
2 0 19580.7
2 0 19664.3
2 0 19580.6
2 0 19580.5
77 variables; iteration 20; function evaluation 25; phase 2
Function value   1.9580536e+04; maximum gradient component mag  -4.1153e+03
Var   Value    Gradient   |Var   Value    Gradient   |Var   Value    Gradient
  1 -0.71955  8.25689e+01 |  2 -0.62831  1.49445e+02 |  3  0.25123  1.01952e+02
  4  0.19513 -7.57682e+01 |  5  0.13435 -1.88752e+01 |  6  0.09368 -6.95197e+00
  7  0.06666 -2.91679e+00 |  8  0.04688 -1.57422e+00 |  9  0.03156 -1.25021e+00
 10  0.01939 -1.08719e+00 | 11  0.00962 -9.52792e-01 | 12  0.00181 -8.65094e-01
 13 -0.00437 -7.56137e-01 | 14 -0.00912 -7.33947e-01 | 15 -0.01257 -6.69163e-01
 16 -0.01483 -6.61232e-01 | 17 -0.01595 -6.38146e-01 | 18  0.08492 -3.99135e+02
 19 -0.00564  1.81081e+02 | 20 -0.00876  6.34258e+00 | 21 -0.00856 -6.93668e+01
 22 -0.00925 -7.53683e+01 | 23 -0.00629  2.45605e+02 | 24 -0.00176 -5.63232e+02
 25 -0.00294  7.15680e+02 | 26 -0.01020 -7.74429e+02 | 27 -0.00621  5.59218e+02
 28 -0.00128  3.07841e+02 | 29 -0.00235 -2.34904e+02 | 30 -0.00296 -8.35655e+01
 31 -0.00068  3.01964e+02 | 32  0.00270  3.51997e+02 | 33  0.00398  8.63349e+02
 34  0.00538  5.27469e+02 | 35  0.00344  1.01224e+01 | 36  0.00324 -1.33740e+02
 37  0.00497 -2.58813e+02 | 38  0.00544 -2.99079e+02 | 39  0.00359 -4.41409e+01
 40  0.00501 -2.87323e+02 | 41  0.00467 -1.46721e+02 | 42  0.00730 -4.95156e+02
 43  0.00422 -7.33279e+01 | 44  0.00703 -4.32478e+02 | 45  0.00658 -2.98241e+02
 46 -0.00072  1.80997e+02 | 47  0.14058 -4.11534e+03 | 48 -0.07665 -1.53896e+01
 49 -0.06529 -6.94055e+01 | 50 -0.05397 -1.34592e+02 | 51 -0.04556 -2.67453e+02
 52 -0.04604  2.97563e+02 | 53 -0.04363 -1.93689e+01 | 54 -0.02841  1.08895e+02
 55 -0.01342  3.38801e+01 | 56 -0.00637 -5.24701e+02 | 57 -0.00032 -4.74140e+02
 58  0.01039 -2.91402e+02 | 59  0.02039 -4.72575e+02 | 60  0.02478 -5.71950e+02
 61  0.01924 -6.05756e+02 | 62  0.01752 -4.15654e+02 | 63  0.01613 -1.83442e+02
 64  0.01652  1.88377e+02 | 65  0.01740  4.85304e+02 | 66  0.01777  5.69129e+02
 67  0.01875  4.58997e+02 | 68  0.02106  3.73943e+02 | 69  0.02270  3.45022e+02
 70  0.02544  4.78607e+02 | 71  0.02682  5.61189e+02 | 72  0.02869  5.95902e+02
 73  0.02707  5.55638e+02 | 74  0.02587  1.51471e+02 | 75  0.02470  2.43865e+02
 76 -0.66125 -3.62484e+02 | 77 -0.61353  3.10014e+02 |
2 0 19580.3
2 0 19580
2 0 19579.5
2 0 19580.5
2 0 19579.3
2 0 19579.4
2 0 19579.3
2 0 19579.2
2 0 19579.1
2 0 19579.2
2 0 19579.1
2 0 19579.3
2 0 19579.1
77 variables; iteration 30; function evaluation 38; phase 2
Function value   1.9579140e+04; maximum gradient component mag  -4.4568e+03
Var   Value    Gradient   |Var   Value    Gradient   |Var   Value    Gradient
  1 -0.71014  1.12883e+02 |  2 -0.65120  1.26915e+02 |  3  0.25197  1.45312e+02
  4  0.19473 -8.05817e+01 |  5  0.13380 -2.12835e+01 |  6  0.09323 -7.17184e+00
  7  0.06620 -3.74830e+00 |  8  0.04654 -1.73832e+00 |  9  0.03132 -1.27068e+00
 10  0.01922 -1.08627e+00 | 11  0.00950 -9.63651e-01 | 12  0.00170 -8.91705e-01
 13 -0.00445 -7.79580e-01 | 14 -0.00919 -7.67690e-01 | 15 -0.01264 -6.96005e-01
 16 -0.01490 -6.93120e-01 | 17 -0.01601 -6.66551e-01 | 18  0.08531 -3.92098e+02
 19 -0.00579  1.58184e+02 | 20 -0.00927 -8.32975e+01 | 21 -0.00890 -8.31496e+01
 22 -0.00961 -1.61510e+02 | 23 -0.00638  2.70734e+02 | 24 -0.00173 -5.21418e+02
 25 -0.00284  7.15692e+02 | 26 -0.00998 -6.98769e+02 | 27 -0.00626  5.58946e+02
 28 -0.00137  3.26763e+02 | 29 -0.00253 -2.26624e+02 | 30 -0.00306 -1.34988e+02
 31 -0.00064  3.13348e+02 | 32  0.00264  3.65892e+02 | 33  0.00373  8.34398e+02
 34  0.00525  5.97737e+02 | 35  0.00344 -1.46689e+01 | 36  0.00343 -6.87141e+01
 37  0.00517 -1.64617e+02 | 38  0.00554 -2.44631e+02 | 39  0.00349 -8.13471e+01
 40  0.00480 -3.42626e+02 | 41  0.00448 -1.53942e+02 | 42  0.00705 -4.83561e+02
 43  0.00388 -1.14547e+02 | 44  0.00683 -4.48698e+02 | 45  0.00684 -3.38059e+02
 46  0.00180  2.08524e+02 | 47  0.14046 -4.45685e+03 | 48 -0.07679 -6.63958e+01
 49 -0.06535 -9.36563e+01 | 50 -0.05397 -1.24663e+02 | 51 -0.04572 -3.12254e+02
 52 -0.04574  3.63942e+02 | 53 -0.04396 -1.19131e+02 | 54 -0.02799  2.14356e+02
 55 -0.01346 -2.74628e+01 | 56 -0.00614 -5.02048e+02 | 57 -0.00045 -5.62227e+02
 58  0.01028 -3.46971e+02 | 59  0.02062 -4.00373e+02 | 60  0.02502 -5.11952e+02
 61  0.01936 -5.83869e+02 | 62  0.01726 -5.31691e+02 | 63  0.01610 -2.30089e+02
 64  0.01677  2.39315e+02 | 65  0.01757  4.79741e+02 | 66  0.01794  5.49987e+02
 67  0.01890  4.72982e+02 | 68  0.02125  4.45190e+02 | 69  0.02272  3.64777e+02
 70  0.02560  5.00084e+02 | 71  0.02663  4.73068e+02 | 72  0.02863  5.60941e+02
 73  0.02673  5.22174e+02 | 74  0.02435  9.96863e+01 | 75  0.02501  2.61731e+02
 76 -0.66141 -3.50934e+02 | 77 -0.61388  3.07619e+02 |
2 0 19579.1
2 0 19579.1
2 0 19579.1
2 0 19579.1
2 0 19579.1
2 0 19579.1
2 0 19579.1
2 0 19579.1
2 0 19579.1
2 0 19579.1
2 0 19579.1
2 0 19579.1
2 0 19579.1
77 variables; iteration 40; function evaluation 51; phase 2
Function value   1.9579118e+04; maximum gradient component mag  -4.4625e+03
Var   Value    Gradient   |Var   Value    Gradient   |Var   Value    Gradient
  1 -0.71016  1.10541e+02 |  2 -0.65150  1.25749e+02 |  3  0.25178  1.44078e+02
  4  0.19445 -8.13514e+01 |  5  0.13312 -2.32721e+01 |  6  0.09234 -1.02536e+01
  7  0.06573 -3.02772e+00 |  8  0.04614 -1.79447e+00 |  9  0.03092 -1.74992e+00
 10  0.01889 -1.29277e+00 | 11  0.00924 -1.06377e+00 | 12  0.00150 -9.59336e-01
 13 -0.00462 -8.62374e-01 | 14 -0.00934 -8.43705e-01 | 15 -0.01277 -7.85701e-01
 16 -0.01502 -7.76935e-01 | 17 -0.01613 -7.54716e-01 | 18  0.08530 -3.87920e+02
 19 -0.00597  1.57321e+02 | 20 -0.00929 -8.62881e+01 | 21 -0.00893 -7.88302e+01
 22 -0.00966 -1.80842e+02 | 23 -0.00637  2.88918e+02 | 24 -0.00172 -5.08578e+02
 25 -0.00286  7.12547e+02 | 26 -0.01000 -7.04555e+02 | 27 -0.00628  5.53319e+02
 28 -0.00138  3.28223e+02 | 29 -0.00252 -2.23512e+02 | 30 -0.00298 -9.93270e+01
 31 -0.00063  2.97209e+02 | 32  0.00265  3.65055e+02 | 33  0.00376  8.68366e+02
 34  0.00521  5.75301e+02 | 35  0.00342 -2.04448e+01 | 36  0.00347 -5.51722e+01
 37  0.00521 -1.43959e+02 | 38  0.00552 -2.39386e+02 | 39  0.00342 -9.66840e+01
 40  0.00474 -3.53681e+02 | 41  0.00445 -1.63283e+02 | 42  0.00707 -4.88086e+02
 43  0.00394 -9.88193e+01 | 44  0.00688 -4.39493e+02 | 45  0.00693 -3.11840e+02
 46  0.00200  2.06773e+02 | 47  0.14039 -4.46245e+03 | 48 -0.07671 -5.62203e+01
 49 -0.06532 -9.99344e+01 | 50 -0.05391 -1.15023e+02 | 51 -0.04568 -3.14713e+02
 52 -0.04570  3.51802e+02 | 53 -0.04390 -1.22653e+02 | 54 -0.02795  2.09885e+02
 55 -0.01341 -1.88701e+01 | 56 -0.00608 -4.92966e+02 | 57 -0.00041 -5.58731e+02
 58  0.01031 -3.61681e+02 | 59  0.02068 -4.04323e+02 | 60  0.02511 -4.91232e+02
 61  0.01941 -5.92754e+02 | 62  0.01729 -5.38798e+02 | 63  0.01612 -2.28621e+02
 64  0.01682  2.42882e+02 | 65  0.01766  4.82133e+02 | 66  0.01801  5.43882e+02
 67  0.01891  4.56179e+02 | 68  0.02126  4.37831e+02 | 69  0.02275  3.65331e+02
 70  0.02562  5.04976e+02 | 71  0.02672  4.92810e+02 | 72  0.02872  5.72905e+02
 73  0.02678  5.19745e+02 | 74  0.02433  1.04097e+02 | 75  0.02376  2.55094e+02
 76 -0.66142 -3.58073e+02 | 77 -0.61392  3.07870e+02 |
2 0 19579.1
2 0 19579.1
2 0 19579.1
2 0 19579.1
2 0 19579.1
2 0 19579.1
2 0 19579.1
2 0 19579.1
2 0 19579
2 0 19579
2 0 19579
2 0 19579
2 0 19579
77 variables; iteration 50; function evaluation 64; phase 2
Function value   1.9578991e+04; maximum gradient component mag  -4.4581e+03
Var   Value    Gradient   |Var   Value    Gradient   |Var   Value    Gradient
  1 -0.71012  1.07961e+02 |  2 -0.65188  1.24485e+02 |  3  0.25128  1.42597e+02
  4  0.19326 -9.66408e+01 |  5  0.13370 -1.03649e+01 |  6  0.09032 -2.03400e+01
  7  0.06341  7.68576e+00 |  8  0.03971 -2.39748e+01 |  9  0.02632 -8.00413e-01
 10  0.01538  5.41803e-01 | 11  0.00596 -2.90186e+00 | 12 -0.00127 -1.59230e+00
 13 -0.00690 -1.14540e+00 | 14 -0.01121 -8.01490e-01 | 15 -0.01442 -1.01501e+00
 16 -0.01651 -9.13261e-01 | 17 -0.01757 -1.01466e+00 | 18  0.08522 -3.76844e+02
 19 -0.00648  1.34956e+02 | 20 -0.00922 -9.04831e+01 | 21 -0.00881 -3.29892e+01
 22 -0.00961 -1.78371e+02 | 23 -0.00640  2.71208e+02 | 24 -0.00184 -5.40242e+02
 25 -0.00299  6.68782e+02 | 26 -0.01001 -7.13446e+02 | 27 -0.00616  5.59800e+02
 28 -0.00123  3.52297e+02 | 29 -0.00241 -2.20818e+02 | 30 -0.00287 -8.63288e+01
 31 -0.00054  3.06453e+02 | 32  0.00275  3.75749e+02 | 33  0.00384  8.76940e+02
 34  0.00518  5.44487e+02 | 35  0.00346  1.93721e+01 | 36  0.00347 -8.70906e+01
 37  0.00524 -1.59322e+02 | 38  0.00558 -1.92938e+02 | 39  0.00334 -1.53677e+02
 40  0.00483 -3.47558e+02 | 41  0.00456 -1.59853e+02 | 42  0.00714 -4.50923e+02
 43  0.00380 -1.35893e+02 | 44  0.00666 -5.03144e+02 | 45  0.00680 -3.28060e+02
 46  0.00182  1.96052e+02 | 47  0.14045 -4.45807e+03 | 48 -0.07669 -3.10326e+01
 49 -0.06536 -1.08736e+02 | 50 -0.05397 -1.47176e+02 | 51 -0.04567 -3.12212e+02
 52 -0.04581  3.30492e+02 | 53 -0.04401 -1.31063e+02 | 54 -0.02808  2.01551e+02
 55 -0.01348 -1.24583e+01 | 56 -0.00602 -4.58700e+02 | 57 -0.00047 -5.64036e+02
 58  0.01034 -3.38347e+02 | 59  0.02063 -4.10337e+02 | 60  0.02512 -4.81441e+02
 61  0.01944 -5.76687e+02 | 62  0.01735 -5.06297e+02 | 63  0.01594 -2.76965e+02
 64  0.01683  2.48168e+02 | 65  0.01758  4.84797e+02 | 66  0.01808  5.66187e+02
 67  0.01873  4.11766e+02 | 68  0.02123  4.55603e+02 | 69  0.02276  3.90707e+02
 70  0.02571  5.29927e+02 | 71  0.02668  4.75305e+02 | 72  0.02855  5.49552e+02
 73  0.02662  4.96138e+02 | 74  0.02434  9.47399e+01 | 75  0.02483  2.61037e+02
 76 -0.66145 -3.74108e+02 | 77 -0.61429  3.06929e+02 |
2 0 19578.9
2 0 19579.2
2 0 19578.9
2 0 19578.9
2 0 19578.9
2 0 19578.8
2 0 19578.7
2 0 19578.6
2 0 19579
2 0 19578.6
2 0 19578.6
2 0 19578.5
2 0 19578.3
2 0 19579.4
2 0 19578.2
77 variables; iteration 60; function evaluation 79; phase 2
Function value   1.9578268e+04; maximum gradient component mag  -4.4584e+03
Var   Value    Gradient   |Var   Value    Gradient   |Var   Value    Gradient
  1 -0.70979  9.54992e+01 |  2 -0.65380  1.16573e+02 |  3  0.25300  1.47206e+02
  4  0.19800 -6.95033e+01 |  5  0.13890  1.78444e+00 |  6  0.09503 -3.35556e+00
  7  0.06369  1.36322e+01 |  8  0.03396 -1.59802e+01 |  9  0.01190 -2.17622e+01
 10 -0.00195 -2.31224e+01 | 11 -0.00765  2.43628e+00 | 12 -0.01302 -1.73789e-02
 13 -0.01745 -2.65993e+00 | 14 -0.02023 -4.69171e-01 | 15 -0.02207  4.69141e-01
 16 -0.02329  5.29863e-01 | 17 -0.02393  3.53495e-01 | 18  0.08574 -3.13965e+02
 19 -0.00509  1.19262e+02 | 20 -0.00896  9.13234e+00 | 21 -0.00896 -1.19949e+02
 22 -0.00975 -1.95796e+02 | 23 -0.00649  2.88902e+02 | 24 -0.00190 -5.22195e+02
 25 -0.00303  6.62117e+02 | 26 -0.01003 -6.92729e+02 | 27 -0.00630  5.27586e+02
 28 -0.00126  3.50743e+02 | 29 -0.00237 -2.04498e+02 | 30 -0.00289 -7.83017e+01
 31 -0.00056  3.14094e+02 | 32  0.00260  3.55382e+02 | 33  0.00352  8.06012e+02
 34  0.00509  5.40356e+02 | 35  0.00344  5.30676e+01 | 36  0.00327 -1.49253e+02
 37  0.00522 -8.64152e+01 | 38  0.00546 -2.15662e+02 | 39  0.00330 -1.91239e+02
 40  0.00490 -2.45424e+02 | 41  0.00433 -2.24638e+02 | 42  0.00714 -4.13235e+02
 43  0.00384 -1.45224e+02 | 44  0.00673 -4.30115e+02 | 45  0.00666 -3.59270e+02
 46  0.00199  1.70445e+02 | 47  0.14034 -4.45843e+03 | 48 -0.07642 -3.63942e+01
 49 -0.06519 -9.60078e+01 | 50 -0.05384 -1.03047e+02 | 51 -0.04561 -3.05682e+02
 52 -0.04577  3.15337e+02 | 53 -0.04393 -1.34236e+02 | 54 -0.02796  2.08888e+02
 55 -0.01340 -1.78550e+01 | 56 -0.00604 -4.76937e+02 | 57 -0.00027 -5.20634e+02
 58  0.01049 -3.12941e+02 | 59  0.02068 -4.18460e+02 | 60  0.02543 -4.09617e+02
 61  0.01930 -6.16486e+02 | 62  0.01727 -5.26957e+02 | 63  0.01624 -2.19876e+02
 64  0.01677  2.18117e+02 | 65  0.01772  4.90964e+02 | 66  0.01804  5.02758e+02
 67  0.01880  4.23676e+02 | 68  0.02152  4.96583e+02 | 69  0.02273  3.34031e+02
 70  0.02566  4.87006e+02 | 71  0.02681  4.83778e+02 | 72  0.02883  5.82851e+02
 73  0.02662  4.54968e+02 | 74  0.02407  6.71452e+01 | 75  0.02263  2.48905e+02
 76 -0.66148 -4.35792e+02 | 77 -0.61593  3.01012e+02 |
2 0 19578.2
2 0 19578.1
2 0 19577.7
2 0 19577.3
2 0 19579.4
2 0 19577.2
2 0 19577.1
2 0 19576.5
2 0 19576.9
2 0 19576.2
2 0 19576.1
2 0 19575.9
2 0 19574.9
2 0 19582.3
2 0 19574.8
2 0 19574.5
77 variables; iteration 70; function evaluation 95; phase 2
Function value   1.9574558e+04; maximum gradient component mag  -4.2105e+03
Var   Value    Gradient   |Var   Value    Gradient   |Var   Value    Gradient
  1 -0.70796  1.50848e+01 |  2 -0.66437  6.64049e+01 |  3  0.25211  2.28089e+02
  4  0.19832 -4.54178e+01 |  5  0.14039  1.13208e+01 |  6  0.09834 -4.52565e+00
  7  0.07129  1.92157e+01 |  8  0.04595  2.78456e+01 |  9  0.01644 -3.23460e+01
 10 -0.00123  2.81694e+01 | 11 -0.02597  1.07511e+01 | 12 -0.05321 -1.20109e+01
 13 -0.07647 -8.53056e+01 | 14 -0.07356 -2.71424e+00 | 15 -0.06956  1.26224e+01
 16 -0.06911  1.12080e+00 | 17 -0.06870  2.32477e+00 | 18  0.08670 -4.33340e+01
 19 -0.00591 -1.61462e+02 | 20 -0.00870  1.23793e+02 | 21 -0.00881 -9.40399e+01
 22 -0.00955 -1.42264e+02 | 23 -0.00651  2.37999e+02 | 24 -0.00184 -4.05253e+02
 25 -0.00312  4.95654e+02 | 26 -0.00945 -5.11211e+02 | 27 -0.00613  4.40018e+02
 28 -0.00121  2.73785e+02 | 29 -0.00226 -1.98259e+02 | 30 -0.00267 -4.29021e+01
 31 -0.00048  2.86180e+02 | 32  0.00245  2.80591e+02 | 33  0.00320  6.42764e+02
 34  0.00485  4.58215e+02 | 35  0.00321  4.37218e+01 | 36  0.00312 -1.22545e+02
 37  0.00504 -9.14954e+01 | 38  0.00567 -1.40091e+02 | 39  0.00363 -9.93610e+01
 40  0.00497 -2.20196e+02 | 41  0.00442 -1.91033e+02 | 42  0.00753 -2.95721e+02
 43  0.00410 -7.51036e+01 | 44  0.00683 -3.70471e+02 | 45  0.00678 -2.77641e+02
 46  0.00077  9.32768e+01 | 47  0.14066 -4.21045e+03 | 48 -0.07634  1.53679e+02
 49 -0.06537 -4.61709e+01 | 50 -0.05404 -9.64039e+01 | 51 -0.04561 -2.34276e+02
 52 -0.04608  2.51971e+02 | 53 -0.04434 -1.70049e+02 | 54 -0.02834  1.84507e+02
 55 -0.01343  2.43378e+01 | 56 -0.00601 -3.43510e+02 | 57 -0.00036 -4.08267e+02
 58  0.01025 -2.72325e+02 | 59  0.02075 -3.04497e+02 | 60  0.02541 -2.93391e+02
 61  0.01896 -5.59879e+02 | 62  0.01731 -3.63478e+02 | 63  0.01578 -2.51422e+02
 64  0.01657  1.95275e+02 | 65  0.01714  3.33092e+02 | 66  0.01747  3.29624e+02
 67  0.01879  3.88072e+02 | 68  0.02127  3.93625e+02 | 69  0.02232  2.02092e+02
 70  0.02526  3.39067e+02 | 71  0.02686  4.39689e+02 | 72  0.02835  4.00653e+02
 73  0.02647  3.45130e+02 | 74  0.02498  1.00696e+02 | 75  0.02694  2.52315e+02
 76 -0.66162 -7.71472e+02 | 77 -0.62555  2.68462e+02 |
2 0 19574.1
2 0 19575.6
2 0 19574
2 0 19573.9
2 0 19572.9
2 0 19571.8
2 0 19571.1
2 0 19570
2 0 19568
2 0 19564.9
2 0 19560.8
2 0 19559.1
77 variables; iteration 80; function evaluation 107; phase 2
Function value   1.9559078e+04; maximum gradient component mag  -6.6939e+02
Var   Value    Gradient   |Var   Value    Gradient   |Var   Value    Gradient
  1 -0.69188  1.15731e+02 |  2 -0.69473  5.68599e+01 |  3  0.24434  8.17586e+01
  4  0.19839  3.71384e+01 |  5  0.13674  1.13539e+01 |  6  0.09552  6.32608e+00
  7  0.06818  2.65650e+00 |  8  0.04891  9.67498e-01 |  9  0.03514  4.82101e+00
 10  0.02422  2.37791e+00 | 11  0.01599  1.73889e+00 | 12  0.01009  2.72717e+00
 13  0.00589  6.10663e+00 | 14  0.00218  2.07344e+00 | 15 -0.00002  2.42282e-01
 16 -0.00023  2.40350e+00 | 17  0.00088  1.07947e+01 | 18  0.09189  6.11342e+01
 19 -0.00893 -2.01510e+02 | 20 -0.00887  7.77097e+01 | 21 -0.00797  2.84238e+01
 22 -0.00883  2.35965e+00 | 23 -0.00666 -6.78376e+00 | 24 -0.00141 -7.31112e+00
 25 -0.00364 -1.48930e+01 | 26 -0.00855  3.69128e+01 | 27 -0.00637  2.30367e+00
 28 -0.00103 -5.08532e+00 | 29 -0.00138  3.97354e+00 | 30 -0.00225  8.69205e+00
 31 -0.00090 -3.03368e+00 | 32  0.00204  9.94672e+00 | 33  0.00212 -3.75895e+01
 34  0.00378 -1.01523e+01 | 35  0.00276 -6.04197e+00 | 36  0.00296  9.70839e+00
 37  0.00518  1.47087e+01 | 38  0.00604  1.51835e+01 | 39  0.00409  9.78431e+00
 40  0.00594  1.21271e+01 | 41  0.00546  1.01600e+01 | 42  0.00847  3.03302e+01
 43  0.00474  1.08194e+01 | 44  0.00802  1.83854e+01 | 45  0.00758  2.22822e+01
 46 -0.00241 -2.79421e+01 | 47  0.14116 -6.69390e+02 | 48 -0.07724  9.76071e+01
 49 -0.06541  2.07255e+01 | 50 -0.05379  8.57529e+00 | 51 -0.04526  2.84135e+00
 52 -0.04670 -1.39562e+01 | 53 -0.04389  1.49895e+01 | 54 -0.02917 -2.38121e+00
 55 -0.01356 -7.12387e-01 | 56 -0.00593 -4.34676e-02 | 57  0.00015 -7.12315e-01
 58  0.01070  4.20640e+00 | 59  0.02107  3.29644e+00 | 60  0.02523 -2.28276e+01
 61  0.01955 -4.45310e-01 | 62  0.01693  2.68654e-01 | 63  0.01567  1.59656e+01
 64  0.01586 -1.53306e+01 | 65  0.01643 -2.49596e+01 | 66  0.01702 -2.90238e+01
 67  0.01813 -2.71983e+01 | 68  0.02062 -3.22185e+01 | 69  0.02244 -1.62495e+01
 70  0.02501 -3.44612e+01 | 71  0.02627 -3.37238e+01 | 72  0.02790 -3.56414e+01
 73  0.02666 -3.23351e+01 | 74  0.02766  7.92113e-01 | 75  0.02705  2.44615e+01
 76 -0.66247 -3.73665e+02 | 77 -0.67193  5.96349e+01 |
2 0 19560.5
2 0 19558.8
2 0 19558.6
2 0 19558.5
2 0 19558.4
2 0 19558.3
2 0 19558.3
2 0 19558.3
2 0 19558.3
2 0 19558.3
2 0 19558.3
77 variables; iteration 90; function evaluation 118; phase 2
Function value   1.9558320e+04; maximum gradient component mag  -3.7918e+01
Var   Value    Gradient   |Var   Value    Gradient   |Var   Value    Gradient
  1 -0.67923 -1.97419e+00 |  2 -0.73206 -7.04509e-01 |  3  0.24446 -8.97407e-01
  4  0.19822 -2.33891e-01 |  5  0.13678 -7.25948e-02 |  6  0.09529 -3.61182e-02
  7  0.06755 -4.24051e-02 |  8  0.04731 -4.39983e-02 |  9  0.03176 -1.06004e-03
 10  0.01948 -1.94283e-02 | 11  0.00966 -3.49977e-02 | 12  0.00181 -3.24643e-02
 13 -0.00437 -1.38151e-02 | 14 -0.00913 -2.56368e-02 | 15 -0.01259 -3.21286e-02
 16 -0.01485 -2.84400e-02 | 17 -0.01597 -4.32427e-02 | 18  0.09225  9.94173e+00
 19 -0.00885  1.99139e-01 | 20 -0.00883 -1.09021e+00 | 21 -0.00801 -5.26188e-01
 22 -0.00885 -1.89860e-01 | 23 -0.00663  3.08425e-01 | 24 -0.00139  3.40406e-01
 25 -0.00367 -1.26443e+00 | 26 -0.00867 -6.87024e-01 | 27 -0.00643 -3.54803e-01
 28 -0.00105 -2.48466e-01 | 29 -0.00142 -5.03501e-01 | 30 -0.00229 -3.51463e-01
 31 -0.00088  1.07620e-01 | 32  0.00208  9.84012e-01 | 33  0.00221  4.10043e-01
 34  0.00383  5.59080e-01 | 35  0.00279  5.55922e-01 | 36  0.00299  3.75407e-01
 37  0.00520  4.82813e-01 | 38  0.00605  5.08130e-01 | 39  0.00410  1.22528e-01
 40  0.00594  3.42583e-01 | 41  0.00545  2.39199e-01 | 42  0.00846  5.64650e-01
 43  0.00474  1.33835e-01 | 44  0.00802  8.65073e-01 | 45  0.00756  7.03732e-01
 46 -0.00246 -2.56130e+00 | 47  0.14120 -3.15120e+01 | 48 -0.07721  5.29211e-01
 49 -0.06542  7.95456e-01 | 50 -0.05384  4.69752e-01 | 51 -0.04530 -1.01064e-01
 52 -0.04668 -5.70937e-02 | 53 -0.04391  6.41971e-01 | 54 -0.02916  1.09100e+00
 55 -0.01362  6.52562e-01 | 56 -0.00596  4.86298e-01 | 57  0.00012  5.72860e-01
 58  0.01066  5.79915e-01 | 59  0.02102  5.96755e-02 | 60  0.02522 -6.67624e-01
 61  0.01952 -4.17126e-01 | 62  0.01692 -4.02195e-01 | 63  0.01561 -3.84338e-01
 64  0.01586 -5.44334e-01 | 65  0.01642 -5.86549e-01 | 66  0.01701 -5.98238e-01
 67  0.01813 -5.26398e-01 | 68  0.02064 -5.84566e-01 | 69  0.02241 -4.50049e-01
 70  0.02500 -6.72548e-01 | 71  0.02627 -6.24027e-01 | 72  0.02789 -8.85756e-01
 73  0.02666 -7.67902e-01 | 74  0.02766  9.74571e-01 | 75  0.02766  1.52184e+00
 76 -0.66514 -3.79179e+01 | 77 -0.70762  3.28218e+00 |
2 0 19558.3
2 0 19558.3
2 0 19558.3
2 0 19558.3
2 0 19558.3
2 0 19558.3
2 0 19558.3
2 0 19558.3
2 0 19558.3
2 0 19558.3
77 variables; iteration 100; function evaluation 128; phase 2
Function value   1.9558319e+04; maximum gradient component mag  -3.7698e+00
Var   Value    Gradient   |Var   Value    Gradient   |Var   Value    Gradient
  1 -0.67520  3.13380e-01 |  2 -0.74351  1.07357e-01 |  3  0.24446 -8.34740e-02
  4  0.19821 -5.76222e-03 |  5  0.13677 -1.23436e-03 |  6  0.09529 -1.13460e-03
  7  0.06757 -2.84574e-04 |  8  0.04734 -6.00471e-04 |  9  0.03179 -5.53834e-04
 10  0.01952  2.26270e-04 | 11  0.00972 -6.93512e-04 | 12  0.00189 -9.34702e-04
 13 -0.00428 -1.49206e-03 | 14 -0.00902  8.05717e-04 | 15 -0.01247  7.83338e-04
 16 -0.01472 -9.88119e-04 | 17 -0.01584 -1.64027e-03 | 18  0.09222  1.08034e+00
 19 -0.00884 -4.77844e-02 | 20 -0.00883 -4.62520e-02 | 21 -0.00801 -7.03769e-02
 22 -0.00885 -3.06596e-02 | 23 -0.00663  6.05484e-02 | 24 -0.00139  2.10601e-02
 25 -0.00367 -1.20822e-01 | 26 -0.00867 -1.46445e-01 | 27 -0.00643 -3.13069e-02
 28 -0.00105 -1.18847e-02 | 29 -0.00143 -7.47045e-02 | 30 -0.00229 -5.34250e-02
 31 -0.00088  2.56622e-02 | 32  0.00208  1.55350e-01 | 33  0.00221  1.01133e-01
 34  0.00383  6.67426e-02 | 35  0.00279  4.01164e-02 | 36  0.00299  4.01129e-02
 37  0.00520  5.21004e-02 | 38  0.00605  5.00942e-02 | 39  0.00410  1.46498e-02
 40  0.00593  3.66293e-02 | 41  0.00545  1.60759e-02 | 42  0.00846  5.21287e-02
 43  0.00474  1.67270e-02 | 44  0.00802  8.63215e-02 | 45  0.00756  2.99814e-03
 46 -0.00245 -2.07692e-01 | 47  0.14120 -3.51689e+00 | 48 -0.07721  1.23990e-01
 49 -0.06542  9.11196e-02 | 50 -0.05384  3.95627e-02 | 51 -0.04530 -2.51162e-02
 52 -0.04668  8.49427e-03 | 53 -0.04391  7.04704e-02 | 54 -0.02916  9.29191e-02
 55 -0.01362  6.61960e-02 | 56 -0.00596  7.18648e-03 | 57  0.00012  5.34216e-02
 58  0.01066  3.57873e-02 | 59  0.02102 -5.93477e-03 | 60  0.02522 -1.04453e-01
 61  0.01952 -8.73182e-02 | 62  0.01692 -9.81084e-02 | 63  0.01561 -7.20089e-02
 64  0.01586 -4.54522e-02 | 65  0.01642 -5.87718e-02 | 66  0.01701 -4.49191e-02
 67  0.01813 -4.58742e-02 | 68  0.02064 -3.29758e-02 | 69  0.02241 -4.14184e-02
 70  0.02501 -4.88198e-02 | 71  0.02627 -5.54399e-02 | 72  0.02789 -8.19870e-02
 73  0.02666 -3.90584e-02 | 74  0.02766  1.44535e-01 | 75  0.02766  1.72376e-01
 76 -0.66618 -3.76977e+00 | 77 -0.72105  2.89752e-01 |
2 0 19558.3
2 0 19558.3
2 0 19558.3
2 0 19558.3
2 0 19558.3
2 0 19558.3
2 0 19558.3
2 0 19558.3
2 0 19558.3
2 0 19558.3
77 variables; iteration 110; function evaluation 138; phase 2
Function value   1.9558319e+04; maximum gradient component mag  -1.0086e+00
Var   Value    Gradient   |Var   Value    Gradient   |Var   Value    Gradient
  1 -0.67385  7.01630e-02 |  2 -0.74748  2.35964e-02 |  3  0.24446 -3.51645e-03
  4  0.19821 -3.00490e-03 |  5  0.13677 -6.85316e-04 |  6  0.09528 -2.65952e-04
  7  0.06757 -1.72234e-04 |  8  0.04734 -1.41133e-04 |  9  0.03179 -4.92181e-06
 10  0.01952 -1.97831e-04 | 11  0.00972 -1.17058e-04 | 12  0.00189 -9.53112e-05
 13 -0.00428 -3.27077e-05 | 14 -0.00902 -2.30394e-04 | 15 -0.01247 -2.84367e-04
 16 -0.01472 -1.89225e-04 | 17 -0.01584 -1.61458e-04 | 18  0.09222  1.55018e-01
 19 -0.00884 -1.11879e-02 | 20 -0.00883 -1.07611e-02 | 21 -0.00801 -7.13245e-03
 22 -0.00885 -4.64911e-03 | 23 -0.00663  3.22873e-03 | 24 -0.00139  2.66255e-03
 25 -0.00367 -1.44581e-02 | 26 -0.00867 -8.29375e-03 | 27 -0.00643 -3.69365e-03
 28 -0.00105 -2.08044e-03 | 29 -0.00143 -8.61869e-03 | 30 -0.00229 -5.35482e-03
 31 -0.00088  2.07001e-03 | 32  0.00208  1.70917e-02 | 33  0.00221  8.40264e-03
 34  0.00383  1.29240e-02 | 35  0.00279  9.41853e-03 | 36  0.00299  6.78845e-03
 37  0.00520  7.37470e-03 | 38  0.00605  6.00601e-03 | 39  0.00410  9.90141e-04
 40  0.00593  2.85592e-03 | 41  0.00545  1.02653e-03 | 42  0.00846  7.33737e-03
 43  0.00474  2.52705e-03 | 44  0.00802  1.47432e-02 | 45  0.00756 -7.51761e-04
 46 -0.00245 -2.83645e-02 | 47  0.14120 -5.76817e-01 | 48 -0.07721  1.53459e-02
 49 -0.06542  1.27383e-02 | 50 -0.05384  8.23445e-03 | 51 -0.04530 -1.49748e-03
 52 -0.04668 -2.17372e-03 | 53 -0.04391  6.65151e-03 | 54 -0.02916  1.85625e-02
 55 -0.01362  1.15208e-02 | 56 -0.00596  8.56602e-03 | 57  0.00012  4.93936e-03
 58  0.01066  9.30114e-03 | 59  0.02102  1.13887e-03 | 60  0.02522 -1.28919e-02
 61  0.01952 -1.13014e-02 | 62  0.01692 -8.72807e-03 | 63  0.01561 -7.86058e-03
 64  0.01586 -9.25572e-03 | 65  0.01642 -8.67426e-03 | 66  0.01701 -1.02835e-02
 67  0.01813 -6.64851e-03 | 68  0.02064 -9.61122e-03 | 69  0.02241 -7.13597e-03
 70  0.02501 -1.16676e-02 | 71  0.02627 -9.45145e-03 | 72  0.02789 -1.78610e-02
 73  0.02666 -1.10190e-02 | 74  0.02766  2.22920e-02 | 75  0.02766  2.77028e-02
 76 -0.66654 -1.00862e+00 | 77 -0.72595  7.54691e-02 |
2 0 19558.3
2 0 19558.3
2 0 19558.3
2 0 19558.3
2 0 19558.3
2 0 19558.3
2 0 19558.3
2 0 19558.3
2 0 19558.3
2 0 19558.3
2 0 19558.3
2 0 19558.3
2 0 19558.3
77 variables; iteration 120; function evaluation 151; phase 2
Function value   1.9558319e+04; maximum gradient component mag  -5.2045e-01
Var   Value    Gradient   |Var   Value    Gradient   |Var   Value    Gradient
  1 -0.67312  8.61866e-02 |  2 -0.74968  2.86866e-02 |  3  0.24446 -2.29656e-03
  4  0.19821 -7.77198e-04 |  5  0.13677 -1.71497e-04 |  6  0.09528 -7.46540e-05
  7  0.06756 -8.62638e-05 |  8  0.04734 -9.34800e-05 |  9  0.03179  3.77158e-05
 10  0.01952 -1.66507e-05 | 11  0.00972 -3.27728e-05 | 12  0.00189 -1.58581e-05
 13 -0.00428  2.11232e-05 | 14 -0.00902 -5.85124e-05 | 15 -0.01247 -9.32048e-05
 16 -0.01472 -6.12230e-05 | 17 -0.01583  7.13671e-07 | 18  0.09222  5.96834e-02
 19 -0.00884 -4.71036e-03 | 20 -0.00883 -3.56585e-03 | 21 -0.00801 -3.22957e-03
 22 -0.00885 -1.67174e-03 | 23 -0.00663  1.63503e-03 | 24 -0.00139  1.57314e-03
 25 -0.00367 -6.26000e-03 | 26 -0.00867 -4.42199e-03 | 27 -0.00643 -1.34122e-03
 28 -0.00105 -7.87386e-04 | 29 -0.00143 -3.85277e-03 | 30 -0.00229 -1.69692e-03
 31 -0.00088  8.50876e-04 | 32  0.00208  7.33735e-03 | 33  0.00221  4.41608e-03
 34  0.00383  4.04461e-03 | 35  0.00279  2.45005e-03 | 36  0.00299  2.35750e-03
 37  0.00520  3.39893e-03 | 38  0.00605  3.24232e-03 | 39  0.00410  1.01614e-03
 40  0.00593  1.87868e-03 | 41  0.00545  1.13621e-03 | 42  0.00846  3.99874e-03
 43  0.00474  9.39339e-04 | 44  0.00802  4.25702e-03 | 45  0.00756  2.78484e-03
 46 -0.00245 -1.56831e-02 | 47  0.14120 -2.56698e-01 | 48 -0.07721  7.03179e-03
 49 -0.06542  6.08690e-03 | 50 -0.05384  3.42974e-03 | 51 -0.04530 -7.06900e-04
 52 -0.04668 -1.21166e-03 | 53 -0.04391  3.25753e-03 | 54 -0.02916  6.40211e-03
 55 -0.01362  4.60912e-03 | 56 -0.00596  2.42302e-03 | 57  0.00012  3.20994e-03
 58  0.01066  3.70476e-03 | 59  0.02102  7.61350e-04 | 60  0.02522 -5.96610e-03
 61  0.01952 -6.08873e-03 | 62  0.01692 -4.19190e-03 | 63  0.01561 -3.61014e-03
 64  0.01586 -3.56663e-03 | 65  0.01642 -3.69846e-03 | 66  0.01701 -4.19036e-03
 67  0.01813 -2.95803e-03 | 68  0.02064 -2.85522e-03 | 69  0.02241 -2.42898e-03
 70  0.02501 -4.50755e-03 | 71  0.02627 -3.39754e-03 | 72  0.02789 -4.65500e-03
 73  0.02666 -4.20101e-03 | 74  0.02766  5.83007e-03 | 75  0.02766  1.25040e-02
 76 -0.66675 -5.20451e-01 | 77 -0.72876  3.84245e-02 |
2 0 19558.3
2 0 19558.3
2 0 19558.3
2 0 19558.3
2 0 19558.3
2 0 19558.3
2 0 19558.3
2 0 19558.3
2 0 19558.3
2 0 19558.3
2 0 19558.3
2 0 19558.3
2 0 19558.3
77 variables; iteration 130; function evaluation 164; phase 2
Function value   1.9558319e+04; maximum gradient component mag  -2.4056e-01
Var   Value    Gradient   |Var   Value    Gradient   |Var   Value    Gradient
  1 -0.67268  9.13848e-02 |  2 -0.75099  3.02298e-02 |  3  0.24446 -1.18255e-03
  4  0.19821 -2.69780e-04 |  5  0.13677 -1.03822e-04 |  6  0.09528 -5.82449e-05
  7  0.06756 -3.97252e-05 |  8  0.04734 -3.10983e-05 |  9  0.03179 -2.19935e-05
 10  0.01952 -2.31245e-05 | 11  0.00972 -1.82428e-05 | 12  0.00189 -1.55660e-05
 13 -0.00428 -1.32759e-05 | 14 -0.00902 -1.78664e-05 | 15 -0.01247 -1.96675e-05
 16 -0.01472 -1.71775e-05 | 17 -0.01583 -1.13461e-05 | 18  0.09222  2.54230e-02
 19 -0.00884 -2.00508e-03 | 20 -0.00883 -1.43448e-03 | 21 -0.00801 -1.46791e-03
 22 -0.00885 -1.02391e-03 | 23 -0.00663  6.45850e-04 | 24 -0.00139  5.82119e-04
 25 -0.00367 -2.99779e-03 | 26 -0.00867 -2.16538e-03 | 27 -0.00643 -7.75061e-04
 28 -0.00105 -4.75910e-04 | 29 -0.00143 -1.60418e-03 | 30 -0.00229 -1.11288e-03
 31 -0.00088  3.91518e-04 | 32  0.00208  3.23467e-03 | 33  0.00221  1.88257e-03
 34  0.00383  2.12078e-03 | 35  0.00279  9.29844e-04 | 36  0.00299  1.08897e-03
 37  0.00520  1.46321e-03 | 38  0.00605  1.52321e-03 | 39  0.00410  5.08663e-04
 40  0.00593  9.42203e-04 | 41  0.00545  4.79015e-04 | 42  0.00846  1.72170e-03
 43  0.00474  6.09453e-04 | 44  0.00802  2.30468e-03 | 45  0.00756  3.62474e-04
 46 -0.00245 -5.72710e-03 | 47  0.14120 -1.29212e-01 | 48 -0.07721  3.02343e-03
 49 -0.06542  2.33844e-03 | 50 -0.05384  1.50410e-03 | 51 -0.04530 -4.81385e-06
 52 -0.04668 -4.95679e-04 | 53 -0.04391  1.71528e-03 | 54 -0.02916  3.03499e-03
 55 -0.01362  2.25904e-03 | 56 -0.00596  1.19574e-03 | 57  0.00012  9.15090e-04
 58  0.01066  1.40074e-03 | 59  0.02102  3.10198e-04 | 60  0.02522 -2.60945e-03
 61  0.01952 -2.60670e-03 | 62  0.01692 -2.70640e-03 | 63  0.01561 -1.71371e-03
 64  0.01586 -1.85249e-03 | 65  0.01642 -1.83674e-03 | 66  0.01701 -1.94482e-03
 67  0.01813 -1.30496e-03 | 68  0.02064 -1.34296e-03 | 69  0.02241 -1.30463e-03
 70  0.02501 -2.00197e-03 | 71  0.02627 -1.45184e-03 | 72  0.02789 -2.49333e-03
 73  0.02666 -1.52761e-03 | 74  0.02766  3.11891e-03 | 75  0.02766  6.28708e-03
 76 -0.66688 -2.40561e-01 | 77 -0.73046  1.76476e-02 |
2 0 19558.3
2 0 19558.3
2 0 19558.3
2 0 19558.3
2 0 19558.3
2 0 19558.3
2 0 19558.3
2 0 19558.3
2 0 19558.3
2 0 19558.3
2 0 19558.3
2 0 19558.3
2 0 19558.3
77 variables; iteration 140; function evaluation 177; phase 2
Function value   1.9558319e+04; maximum gradient component mag  -1.2083e-01
Var   Value    Gradient   |Var   Value    Gradient   |Var   Value    Gradient
  1 -0.67241  5.04032e-02 |  2 -0.75183  1.66069e-02 |  3  0.24446 -5.85345e-04
  4  0.19821 -1.16742e-04 |  5  0.13677 -4.74929e-05 |  6  0.09528 -2.88905e-05
  7  0.06756 -2.05903e-05 |  8  0.04734 -1.60328e-05 |  9  0.03179 -1.20961e-05
 10  0.01952 -1.02903e-05 | 11  0.00972 -9.17590e-06 | 12  0.00189 -8.14410e-06
 13 -0.00428 -6.86231e-06 | 14 -0.00902 -6.60970e-06 | 15 -0.01247 -6.17052e-06
 16 -0.01472 -5.76861e-06 | 17 -0.01583 -6.47041e-06 | 18  0.09222  1.16977e-02
 19 -0.00884 -9.09049e-04 | 20 -0.00883 -6.75992e-04 | 21 -0.00801 -7.20640e-04
 22 -0.00885 -4.34114e-04 | 23 -0.00663  3.19360e-04 | 24 -0.00139  2.81766e-04
 25 -0.00367 -1.42429e-03 | 26 -0.00867 -1.05973e-03 | 27 -0.00643 -3.52174e-04
 28 -0.00105 -2.48587e-04 | 29 -0.00143 -8.03296e-04 | 30 -0.00229 -4.73154e-04
 31 -0.00088  1.62682e-04 | 32  0.00208  1.55701e-03 | 33  0.00221  8.67681e-04
 34  0.00383  9.38960e-04 | 35  0.00279  3.58807e-04 | 36  0.00299  4.82171e-04
 37  0.00520  6.94105e-04 | 38  0.00605  7.45488e-04 | 39  0.00410  2.52184e-04
 40  0.00593  4.61828e-04 | 41  0.00545  2.57806e-04 | 42  0.00846  8.76572e-04
 43  0.00474  2.86436e-04 | 44  0.00802  1.06807e-03 | 45  0.00756  2.49155e-04
 46 -0.00245 -2.75912e-03 | 47  0.14120 -6.21644e-02 | 48 -0.07721  1.47201e-03
 49 -0.06542  1.19247e-03 | 50 -0.05384  7.19348e-04 | 51 -0.04530 -2.67482e-05
 52 -0.04668 -2.35763e-04 | 53 -0.04391  8.41540e-04 | 54 -0.02916  1.32155e-03
 55 -0.01362  1.02267e-03 | 56 -0.00596  4.84706e-04 | 57  0.00012  5.48629e-04
 58  0.01066  6.41233e-04 | 59  0.02102  1.56086e-04 | 60  0.02522 -1.28208e-03
 61  0.01952 -1.24248e-03 | 62  0.01692 -1.30952e-03 | 63  0.01561 -8.04040e-04
 64  0.01586 -8.49782e-04 | 65  0.01642 -8.73698e-04 | 66  0.01701 -9.09455e-04
 67  0.01813 -6.22018e-04 | 68  0.02064 -5.63058e-04 | 69  0.02241 -5.94304e-04
 70  0.02501 -9.38284e-04 | 71  0.02627 -6.96648e-04 | 72  0.02789 -1.11552e-03
 73  0.02666 -7.11837e-04 | 74  0.02766  1.38149e-03 | 75  0.02766  3.03459e-03
 76 -0.66696 -1.20834e-01 | 77 -0.73156  8.82995e-03 |
2 0 19558.3
2 0 19558.3
2 0 19558.3
2 0 19558.3
2 0 19558.3
2 0 19558.3
2 0 19558.3
2 0 19558.3
2 0 19558.3
2 0 19558.3
2 0 19558.3
2 0 19558.3
2 0 19558.3
77 variables; iteration 150; function evaluation 190; phase 2
Function value   1.9558319e+04; maximum gradient component mag  -7.4151e-02
Var   Value    Gradient   |Var   Value    Gradient   |Var   Value    Gradient
  1 -0.67221  3.36918e-02 |  2 -0.75242  1.10694e-02 |  3  0.24446 -3.51643e-04
  4  0.19821 -6.68961e-05 |  5  0.13677 -2.90508e-05 |  6  0.09528 -1.75729e-05
  7  0.06756 -1.23668e-05 |  8  0.04734 -9.45311e-06 |  9  0.03179 -7.66178e-06
 10  0.01952 -6.40255e-06 | 11  0.00972 -5.47160e-06 | 12  0.00189 -4.79885e-06
 13 -0.00428 -4.44646e-06 | 14 -0.00902 -4.13132e-06 | 15 -0.01247 -3.81598e-06
 16 -0.01472 -3.64869e-06 | 17 -0.01583 -3.87477e-06 | 18  0.09222  6.94840e-03
 19 -0.00884 -5.48122e-04 | 20 -0.00883 -3.94883e-04 | 21 -0.00801 -4.20912e-04
 22 -0.00885 -2.85654e-04 | 23 -0.00663  1.79650e-04 | 24 -0.00139  1.69224e-04
 25 -0.00367 -8.59012e-04 | 26 -0.00867 -6.26145e-04 | 27 -0.00643 -2.18621e-04
 28 -0.00105 -1.44060e-04 | 29 -0.00143 -4.57657e-04 | 30 -0.00229 -3.06984e-04
 31 -0.00088  1.04663e-04 | 32  0.00208  9.07048e-04 | 33  0.00221  5.26285e-04
 34  0.00383  5.82026e-04 | 35  0.00279  2.20444e-04 | 36  0.00299  2.95811e-04
 37  0.00520  4.15356e-04 | 38  0.00605  4.48426e-04 | 39  0.00410  1.57161e-04
 40  0.00593  2.81825e-04 | 41  0.00545  1.51266e-04 | 42  0.00846  5.10763e-04
 43  0.00474  1.76749e-04 | 44  0.00802  6.34682e-04 | 45  0.00756  1.42736e-04
 46 -0.00245 -1.64184e-03 | 47  0.14120 -3.76138e-02 | 48 -0.07721  8.59102e-04
 49 -0.06542  6.73015e-04 | 50 -0.05384  4.28365e-04 | 51 -0.04530  9.39941e-06
 52 -0.04668 -1.47083e-04 | 53 -0.04391  5.06577e-04 | 54 -0.02916  8.29208e-04
 55 -0.01362  6.38552e-04 | 56 -0.00596  3.19207e-04 | 57  0.00012  2.75002e-04
 58  0.01066  3.83785e-04 | 59  0.02102  9.45919e-05 | 60  0.02522 -7.45777e-04
 61  0.01952 -7.46657e-04 | 62  0.01692 -8.03664e-04 | 63  0.01561 -4.86957e-04
 64  0.01586 -5.26830e-04 | 65  0.01642 -5.27984e-04 | 66  0.01701 -5.53254e-04
 67  0.01813 -3.71501e-04 | 68  0.02064 -3.55059e-04 | 69  0.02241 -3.66312e-04
 70  0.02501 -5.62865e-04 | 71  0.02627 -4.00957e-04 | 72  0.02789 -6.68734e-04
 73  0.02666 -4.18245e-04 | 74  0.02766  8.17726e-04 | 75  0.02766  1.83466e-03
 76 -0.66701 -7.41509e-02 | 77 -0.73235  5.40318e-03 |
2 0 19558.3
2 0 19558.3
2 0 19558.3
2 0 19558.3
2 0 19558.3
2 0 19558.3
2 0 19558.3
2 0 19558.3
2 0 19558.3
2 0 19558.3
2 0 19558.3
2 0 19558.3
2 0 19558.3
77 variables; iteration 160; function evaluation 203; phase 2
Function value   1.9558319e+04; maximum gradient component mag  -9.3282e-03
Var   Value    Gradient   |Var   Value    Gradient   |Var   Value    Gradient
  1 -0.67206  1.99457e-03 |  2 -0.75289  6.53476e-04 |  3  0.24446 -5.58377e-05
  4  0.19821 -5.07336e-06 |  5  0.13677 -2.45265e-06 |  6  0.09528 -1.54344e-06
  7  0.06756 -1.03657e-06 |  8  0.04734 -7.76485e-07 |  9  0.03179 -7.52209e-07
 10  0.01952 -6.28733e-07 | 11  0.00972 -4.08500e-07 | 12  0.00189 -2.87723e-07
 13 -0.00428 -3.75487e-07 | 14 -0.00902 -3.90857e-07 | 15 -0.01247 -1.74583e-07
 16 -0.01472 -5.02230e-08 | 17 -0.01583 -5.16643e-07 | 18  0.09222  8.31402e-04
 19 -0.00884 -5.31038e-05 | 20 -0.00883 -4.54252e-05 | 21 -0.00801 -4.55309e-05
 22 -0.00885 -3.08247e-05 | 23 -0.00663  2.36814e-05 | 24 -0.00139  1.61257e-05
 25 -0.00367 -9.59223e-05 | 26 -0.00867 -7.23934e-05 | 27 -0.00643 -2.34686e-05
 28 -0.00105 -1.12222e-05 | 29 -0.00143 -4.76488e-05 | 30 -0.00229 -3.42399e-05
 31 -0.00088  1.40519e-05 | 32  0.00208  1.02801e-04 | 33  0.00221  5.75197e-05
 34  0.00383  5.93557e-05 | 35  0.00279  2.56961e-05 | 36  0.00299  3.12645e-05
 37  0.00520  4.37959e-05 | 38  0.00605  4.60145e-05 | 39  0.00410  1.66977e-05
 40  0.00593  3.22349e-05 | 41  0.00545  1.61337e-05 | 42  0.00846  5.25956e-05
 43  0.00474  1.87756e-05 | 44  0.00802  7.04212e-05 | 45  0.00756  1.42235e-05
 46 -0.00245 -1.81464e-04 | 47  0.14120 -3.68203e-03 | 48 -0.07721  8.71316e-05
 49 -0.06542  7.10228e-05 | 50 -0.05384  4.34374e-05 | 51 -0.04530 -3.10170e-06
 52 -0.04668 -1.02926e-05 | 53 -0.04391  5.63821e-05 | 54 -0.02916  8.75073e-05
 55 -0.01362  6.65982e-05 | 56 -0.00596  2.97607e-05 | 57  0.00012  3.39956e-05
 58  0.01066  4.02855e-05 | 59  0.02102  9.70047e-06 | 60  0.02522 -8.18267e-05
 61  0.01952 -7.74213e-05 | 62  0.01692 -8.52322e-05 | 63  0.01561 -5.79847e-05
 64  0.01586 -5.44603e-05 | 65  0.01642 -5.68418e-05 | 66  0.01701 -5.50329e-05
 67  0.01813 -4.04424e-05 | 68  0.02064 -3.63085e-05 | 69  0.02241 -3.73668e-05
 70  0.02501 -5.46865e-05 | 71  0.02627 -4.35065e-05 | 72  0.02789 -7.18918e-05
 73  0.02666 -4.52094e-05 | 74  0.02766  1.04601e-04 | 75  0.02766  1.80118e-04
 76 -0.66706 -9.32819e-03 | 77 -0.73298  6.81454e-04 |
2 0 19558.3
2 0 19558.3
2 0 19558.3
2 0 19558.3
2 0 19558.3
2 0 19558.3
2 0 19558.3
2 0 19558.3
2 0 19558.3
2 0 19558.3
2 0 19558.3
2 0 19558.3
2 0 19558.3
2 0 19558.3
77 variables; iteration 170; function evaluation 217; phase 2
Function value   1.9558319e+04; maximum gradient component mag  -3.9315e-02
Var   Value    Gradient   |Var   Value    Gradient   |Var   Value    Gradient
  1 -0.67193  1.49321e-02 |  2 -0.75329  4.88555e-03 |  3  0.24446 -1.91231e-04
  4  0.19821 -2.96521e-05 |  5  0.13677 -1.29804e-05 |  6  0.09528 -7.87319e-06
  7  0.06756 -5.45973e-06 |  8  0.04734 -4.16941e-06 |  9  0.03179 -3.47564e-06
 10  0.01952 -2.96488e-06 | 11  0.00972 -2.35162e-06 | 12  0.00189 -1.96661e-06
 13 -0.00428 -1.93534e-06 | 14 -0.00902 -1.93552e-06 | 15 -0.01247 -1.59158e-06
 16 -0.01472 -1.34648e-06 | 17 -0.01583 -1.92320e-06 | 18  0.09222  3.44709e-03
 19 -0.00884 -2.55227e-04 | 20 -0.00883 -1.93260e-04 | 21 -0.00801 -2.01774e-04
 22 -0.00885 -1.35911e-04 | 23 -0.00663  9.23379e-05 | 24 -0.00139  7.78741e-05
 25 -0.00367 -4.14542e-04 | 26 -0.00867 -3.06010e-04 | 27 -0.00643 -1.04192e-04
 28 -0.00105 -6.29350e-05 | 29 -0.00143 -2.17458e-04 | 30 -0.00229 -1.47856e-04
 31 -0.00088  5.37411e-05 | 32  0.00208  4.42213e-04 | 33  0.00221  2.53095e-04
 34  0.00383  2.73884e-04 | 35  0.00279  1.09615e-04 | 36  0.00299  1.40952e-04
 37  0.00520  1.97363e-04 | 38  0.00605  2.10575e-04 | 39  0.00410  7.40176e-05
 40  0.00593  1.36408e-04 | 41  0.00545  7.15358e-05 | 42  0.00846  2.40536e-04
 43  0.00474  8.37999e-05 | 44  0.00802  3.07191e-04 | 45  0.00756  6.48309e-05
 46 -0.00245 -7.90552e-04 | 47  0.14120 -1.74356e-02 | 48 -0.07721  4.04581e-04
 49 -0.06542  3.20976e-04 | 50 -0.05384  2.01182e-04 | 51 -0.04530 -2.50054e-06
 52 -0.04668 -6.23752e-05 | 53 -0.04391  2.43646e-04 | 54 -0.02916  3.93818e-04
 55 -0.01362  3.01422e-04 | 56 -0.00596  1.46001e-04 | 57  0.00012  1.38648e-04
 58  0.01066  1.82589e-04 | 59  0.02102  4.42389e-05 | 60  0.02522 -3.59382e-04
 61  0.01952 -3.52916e-04 | 62  0.01692 -3.80323e-04 | 63  0.01561 -2.39997e-04
 64  0.01586 -2.48042e-04 | 65  0.01642 -2.51911e-04 | 66  0.01701 -2.57983e-04
 67  0.01813 -1.78160e-04 | 68  0.02064 -1.67541e-04 | 69  0.02241 -1.72081e-04
 70  0.02501 -2.61323e-04 | 71  0.02627 -1.93236e-04 | 72  0.02789 -3.21169e-04
 73  0.02666 -2.00977e-04 | 74  0.02766  4.16534e-04 | 75  0.02766  8.50973e-04
 76 -0.66710 -3.93149e-02 | 77 -0.73352  2.85228e-03 |
2 0 19558.3
2 0 19558.3
2 0 19558.3
2 0 19558.3
2 0 19558.3
2 0 19558.3
2 0 19558.3
2 0 19558.3
2 0 19558.3
2 0 19558.3
2 0 19558.3
2 0 19558.3
2 0 19558.3
77 variables; iteration 180; function evaluation 230; phase 2
Function value   1.9558319e+04; maximum gradient component mag  -2.1544e-02
Var   Value    Gradient   |Var   Value    Gradient   |Var   Value    Gradient
  1 -0.67183  1.10858e-02 |  2 -0.75359  3.62176e-03 |  3  0.24446 -9.48275e-05
  4  0.19821 -1.84897e-05 |  5  0.13677 -8.15364e-06 |  6  0.09528 -4.96248e-06
  7  0.06756 -3.50097e-06 |  8  0.04734 -2.67584e-06 |  9  0.03179 -2.18077e-06
 10  0.01952 -1.81178e-06 | 11  0.00972 -1.55185e-06 | 12  0.00189 -1.36385e-06
 13 -0.00428 -1.25940e-06 | 14 -0.00902 -1.15743e-06 | 15 -0.01247 -1.05900e-06
 16 -0.01472 -1.01301e-06 | 17 -0.01583 -1.09704e-06 | 18  0.09222  1.89417e-03
 19 -0.00884 -1.51357e-04 | 20 -0.00883 -1.08921e-04 | 21 -0.00801 -1.16179e-04
 22 -0.00885 -7.85672e-05 | 23 -0.00663  4.86758e-05 | 24 -0.00139  4.67373e-05
 25 -0.00367 -2.36985e-04 | 26 -0.00867 -1.72181e-04 | 27 -0.00643 -6.03186e-05
 28 -0.00105 -4.09337e-05 | 29 -0.00143 -1.26847e-04 | 30 -0.00229 -8.43290e-05
 31 -0.00088  2.79634e-05 | 32  0.00208  2.49044e-04 | 33  0.00221  1.43624e-04
 34  0.00383  1.60225e-04 | 35  0.00279  5.92537e-05 | 36  0.00299  8.11808e-05
 37  0.00520  1.14632e-04 | 38  0.00605  1.24581e-04 | 39  0.00410  4.37790e-05
 40  0.00593  7.79230e-05 | 41  0.00545  4.22789e-05 | 42  0.00846  1.42346e-04
 43  0.00474  4.92766e-05 | 44  0.00802  1.75899e-04 | 45  0.00756  3.96017e-05
 46 -0.00245 -4.50352e-04 | 47  0.14120 -1.04857e-02 | 48 -0.07721  2.38120e-04
 49 -0.06542  1.86789e-04 | 50 -0.05384  1.19119e-04 | 51 -0.04530  3.69170e-06
 52 -0.04668 -4.16253e-05 | 53 -0.04391  1.40247e-04 | 54 -0.02916  2.28201e-04
 55 -0.01362  1.76940e-04 | 56 -0.00596  8.82076e-05 | 57  0.00012  7.60255e-05
 58  0.01066  1.05691e-04 | 59  0.02102  2.68060e-05 | 60  0.02522 -2.05794e-04
 61  0.01952 -2.06329e-04 | 62  0.01692 -2.23287e-04 | 63  0.01561 -1.33514e-04
 64  0.01586 -1.46103e-04 | 65  0.01642 -1.46347e-04 | 66  0.01701 -1.53631e-04
 67  0.01813 -1.02687e-04 | 68  0.02064 -9.77660e-05 | 69  0.02241 -1.01672e-04
 70  0.02501 -1.56471e-04 | 71  0.02627 -1.10924e-04 | 72  0.02789 -1.85153e-04
 73  0.02666 -1.15391e-04 | 74  0.02766  2.22335e-04 | 75  0.02766  5.11510e-04
 76 -0.66713 -2.15443e-02 | 77 -0.73393  1.56108e-03 |
2 0 19558.3
2 0 19558.3
2 0 19558.3
2 0 19558.3
2 0 19558.3
2 0 19558.3
2 0 19558.3
2 0 19558.3
2 0 19558.3
2 0 19558.3
2 0 19558.3
77 variables; iteration 190; function evaluation 241; phase 2
Function value   1.9558319e+04; maximum gradient component mag  -1.8302e-02
Var   Value    Gradient   |Var   Value    Gradient   |Var   Value    Gradient
  1 -0.67174  9.92002e-03 |  2 -0.75387  3.23665e-03 |  3  0.24446 -7.81604e-05
  4  0.19821 -1.57627e-05 |  5  0.13677 -6.96068e-06 |  6  0.09528 -4.23476e-06
  7  0.06756 -2.98912e-06 |  8  0.04734 -2.28494e-06 |  9  0.03179 -1.85837e-06
 10  0.01952 -1.54413e-06 | 11  0.00972 -1.32916e-06 | 12  0.00189 -1.17379e-06
 13 -0.00428 -1.07640e-06 | 14 -0.00902 -9.86596e-07 | 15 -0.01247 -9.15794e-07
 16 -0.01472 -8.84169e-07 | 17 -0.01583 -9.20584e-07 | 18  0.09222  1.58662e-03
 19 -0.00884 -1.28133e-04 | 20 -0.00883 -9.16187e-05 | 21 -0.00801 -9.79285e-05
 22 -0.00885 -6.62706e-05 | 23 -0.00663  4.05208e-05 | 24 -0.00139  3.95248e-05
 25 -0.00367 -1.99568e-04 | 26 -0.00867 -1.44678e-04 | 27 -0.00643 -5.09019e-05
 28 -0.00105 -3.50654e-05 | 29 -0.00143 -1.07145e-04 | 30 -0.00229 -7.10448e-05
 31 -0.00088  2.31983e-05 | 32  0.00208  2.09358e-04 | 33  0.00221  1.20706e-04
 34  0.00383  1.35363e-04 | 35  0.00279  4.95855e-05 | 36  0.00299  6.84436e-05
 37  0.00520  9.67146e-05 | 38  0.00605  1.05353e-04 | 39  0.00410  3.69943e-05
 40  0.00593  6.55778e-05 | 41  0.00545  3.57218e-05 | 42  0.00846  1.20414e-04
 43  0.00474  4.17058e-05 | 44  0.00802  1.48469e-04 | 45  0.00756  3.32198e-05
 46 -0.00245 -3.78488e-04 | 47  0.14120 -8.89090e-03 | 48 -0.07721  2.01356e-04
 49 -0.06542  1.57708e-04 | 50 -0.05384  1.00825e-04 | 51 -0.04530  3.68880e-06
 52 -0.04668 -3.57004e-05 | 53 -0.04391  1.18202e-04 | 54 -0.02916  1.92560e-04
 55 -0.01362  1.49580e-04 | 56 -0.00596  7.48237e-05 | 57  0.00012  6.36332e-05
 58  0.01066  8.91441e-05 | 59  0.02102  2.27845e-05 | 60  0.02522 -1.73377e-04
 61  0.01952 -1.74241e-04 | 62  0.01692 -1.88739e-04 | 63  0.01561 -1.12008e-04
 64  0.01586 -1.23568e-04 | 65  0.01642 -1.23559e-04 | 66  0.01701 -1.30088e-04
 67  0.01813 -8.65853e-05 | 68  0.02064 -8.26344e-05 | 69  0.02241 -8.60614e-05
 70  0.02501 -1.32625e-04 | 71  0.02627 -9.35827e-05 | 72  0.02789 -1.56466e-04
 73  0.02666 -9.72635e-05 | 74  0.02766  1.85860e-04 | 75  0.02766  4.33668e-04
 76 -0.66716 -1.83022e-02 | 77 -0.73430  1.32415e-03 |
2 0 19558.3
2 0 19558.3
2 0 19558.3
2 0 19558.3
2 0 19558.3
2 0 19558.3
2 0 19558.3
2 0 19558.3
B0234224
0.3 0.258121
0.221246 0.331881
0.209793 0.345708
0.20722 0.348951
0.206599 0.349742
0.206447 0.349936
0.206409 0.349984
0.2064 0.349996
0.206398 0.349999
0.206397 0.35
0.206397 0.35
0.206397 0.35
0.206397 0.35
0.206397 0.35
0.206397 0.35
0.206397 0.35
0.206397 0.35
0.206397 0.35
0.206397 0.35
0.206397 0.35
0.206397 0.35
Survey Bio34.5607
Survey len9756.44
CPUE90.7008
Catch10.0728
Catch len9647.44
initsmo_penal14.7556
F_pen0.771605
Rec_pen3.57523
M_pen0


Starting time: Fri Oct  5 16:48:20 2018
Finishing time: Fri Oct  5 16:48:31 2018
This run took: 0 hours, 0 minutes, 11 seconds.

