survYears 73 74 75 76 77 78 79 80 81 82 83 84 85 86 87 88 89 90 91 92 93 94 95 96 97 98 99 100
SurvLenYear 73 74 75 76 77 78 79 80 81 82 83 84 85 86 87 88 89 90 91 92 93 94 95 96 97 98 99 100
catchBiomass 3237.2 2992.47 4000.62 5401 8268.17 11440.6 11694.6 13098.3 22725.7 31845.2 39060.3 60095.6 90614.4 91069.7 96118.6 87690.7 93153.7 71367.4 77280.4 86962.3 88038.1 93031.4 89311.2 87163.2 131440 114215 101355 90743.6
steep0.999
25
Out
1 0 31688.9

Initial statistics: 74 variables; iteration 0; function evaluation 0; phase 1
Function value   3.1688861e+04; maximum gradient component mag  -1.2327e+05
Var   Value    Gradient   |Var   Value    Gradient   |Var   Value    Gradient
  1  0.23132  1.29539e+03 |  2  0.21352  1.16624e+03 |  3  0.20781  1.59028e+03
  4  0.18676  1.17754e+03 |  5  0.17654  1.14313e+03 |  6  0.15206  6.89217e+02
  7  0.12813  3.79591e+02 |  8  0.11827  3.59017e+02 |  9  0.10616  2.93080e+02
 10  0.08802  2.21342e+02 | 11  0.05832  2.25356e+01 | 12  0.05004  1.31471e+02
 13  0.02545  9.99309e+00 | 14  0.01102 -1.03557e+02 | 15  0.03710  1.44418e+02
 16 -0.01851 -2.92060e+03 | 17  0.00000 -6.59673e+03 | 18  0.00000 -1.12958e+03
 19  0.00000 -1.78277e+03 | 20  0.00000 -1.40609e+03 | 21  0.00000 -1.58041e+03
 22  0.00000 -2.20971e+03 | 23  0.00000 -7.01104e+02 | 24  0.00000  1.58370e+03
 25  0.00000  1.29929e+03 | 26  0.00000  1.45746e+03 | 27  0.00000  2.76748e+03
 28  0.00000  2.25606e+03 | 29  0.00000  5.43826e+02 | 30  0.00000  1.16936e+03
 31  0.00000  6.89884e+02 | 32  0.00000  4.79037e+02 | 33  0.00000 -3.19948e+02
 34  0.00000  1.21089e+03 | 35  0.00000  1.29337e+03 | 36  0.00000  1.12045e+03
 37  0.00000  1.30052e+03 | 38  0.00000  7.98513e+02 | 39  0.00000  1.69850e+03
 40  0.00000  3.11433e+03 | 41  0.00000  7.21895e+02 | 42  0.00000  6.27810e+01
 43  0.00000 -1.72912e+03 | 44  0.00000 -6.11191e+03 | 45  0.10025 -1.23274e+05
 46  0.00000  2.61683e+04 | 47  0.00000  1.96794e+04 | 48  0.00000  1.56279e+04
 49  0.00000  1.21971e+04 | 50  0.00000  1.06713e+04 | 51  0.00000  8.98480e+03
 52  0.00000  5.62295e+03 | 53  0.00000  1.76379e+03 | 54  0.00000 -9.74214e+02
 55  0.00000 -3.52837e+03 | 56  0.00000 -6.06132e+03 | 57  0.00000 -6.91185e+03
 58  0.00000 -6.93996e+03 | 59  0.00000 -6.35718e+03 | 60  0.00000 -5.74548e+03
 61  0.00000 -5.40910e+03 | 62  0.00000 -5.26500e+03 | 63  0.00000 -5.62043e+03
 64  0.00000 -6.41753e+03 | 65  0.00000 -6.99007e+03 | 66  0.00000 -6.84221e+03
 67  0.00000 -7.34655e+03 | 68  0.00000 -8.60931e+03 | 69  0.00000 -8.71485e+03
 70  0.00000 -6.99395e+03 | 71  0.00000 -3.62822e+03 | 72  0.00000  1.69633e+03
 73  0.00000  5.94373e+03 | 74  0.01189  1.50179e+04 |
1 0 31688.8
1 0 31688.6
1 0 31686.6
1 0 31666.7
1 0 31471.9
1 0 29994.7
1 0 27374.5
1 0 31516.7
1 0 26809.6
1 0 28139
1 0 26704.3
1 0 26650.2
1 0 26666.6
1 0 26625.8
1 0 26600.1
1 0 26609.9
1 0 26596.3
1 0 26592.3
1 0 26586.4

Intermediate statistics: 74 variables; iteration 10; function evaluation 19; phase 1
Function value   2.6586402e+04; maximum gradient component mag  -5.3699e+04
Var   Value    Gradient   |Var   Value    Gradient   |Var   Value    Gradient
  1  0.23622 -8.49423e+01 |  2  0.19858  7.50240e+01 |  3  0.18405  2.18345e+02
  4  0.16826  2.09415e+02 |  5  0.15465  2.07692e+02 |  6  0.13763  1.51343e+02
  7  0.12119  9.96025e+01 |  8  0.10946  9.31115e+01 |  9  0.09762  9.01409e+01
 10  0.08069  6.16687e+01 | 11  0.06055  1.91228e+01 | 12  0.04451  2.58841e+01
 13  0.02751 -1.76488e+01 | 14  0.02045 -3.92376e+01 | 15  0.02910  4.48303e+01
 16  0.03685  3.04620e+03 | 17  0.03951  1.47634e+03 | 18  0.00070  4.49299e+02
 19 -0.03401 -1.81867e+03 | 20 -0.03640 -2.00790e+03 | 21 -0.02479 -1.39214e+03
 22 -0.01313 -1.09416e+03 | 23 -0.01226 -8.53368e+02 | 24 -0.00454  6.04410e+02
 25  0.00714  8.60567e+02 | 26  0.01056  1.21543e+03 | 27  0.03138  1.63598e+03
 28  0.01738  1.47408e+03 | 29  0.00914  5.56195e+02 | 30  0.00205  3.82726e+02
 31 -0.00009  6.46896e+01 | 32  0.00082 -7.07592e-01 | 33  0.00140 -3.58079e+02
 34 -0.00154  2.72165e+02 | 35  0.00582  5.41726e+02 | 36  0.01115  5.84867e+02
 37  0.00291  3.91090e+02 | 38 -0.00020  2.83356e+02 | 39  0.00621  1.03452e+03
 40  0.02118  1.36772e+03 | 41  0.00489  1.25095e+02 | 42 -0.00668 -2.57950e+02
 43 -0.01158 -1.35551e+03 | 44 -0.02728 -4.36556e+03 | 45  0.13552 -5.36989e+04
 46 -0.02833  1.50039e+04 | 47 -0.04577  4.83837e+03 | 48 -0.03606  5.31235e+03
 49 -0.03034  4.25061e+03 | 50 -0.02686  3.88664e+03 | 51 -0.02780  3.10579e+03
 52 -0.02869  1.17698e+03 | 53 -0.01554  5.84940e+01 | 54 -0.00504 -9.89163e+02
 55 -0.02626 -1.80251e+03 | 56  0.02148 -2.36539e+03 | 57  0.02127 -2.26013e+03
 58  0.01691 -2.38673e+03 | 59  0.01559 -2.41327e+03 | 60  0.00918 -2.30712e+03
 61  0.01484 -2.12675e+03 | 62  0.00641 -2.27670e+03 | 63 -0.00256 -2.46458e+03
 64  0.01272 -2.50746e+03 | 65  0.02466 -2.41451e+03 | 66  0.01198 -2.71686e+03
 67 -0.00327 -3.23532e+03 | 68  0.00225 -2.60377e+03 | 69  0.04445 -2.57973e+03
 70  0.01764 -2.22819e+03 | 71  0.02236 -1.19249e+03 | 72  0.02881  1.41295e+03
 73  0.00695  2.51230e+03 | 74  0.10896  9.52677e+03 |
1 0 26579.6
1 0 26573.8
1 0 26573.2
1 0 26572.2
1 0 26570.6
1 0 26569.9
1 0 26568.3
1 0 26566.6
1 0 26564.6
1 0 26560.4
1 0 26723.4
1 0 26556.6
74 variables; iteration 20; function evaluation 31; phase 1
Function value   2.6556652e+04; maximum gradient component mag  -4.8047e+04
Var   Value    Gradient   |Var   Value    Gradient   |Var   Value    Gradient
  1  0.25355  1.91916e+02 |  2  0.18353  1.68651e+01 |  3  0.14370  4.35520e+01
  4  0.11897  4.63265e+01 |  5  0.10381  5.40126e+01 |  6  0.09319  4.96569e+01
  7  0.08636  6.68848e+01 |  8  0.07679  5.34569e+01 |  9  0.06594  3.13945e+01
 10  0.05765  3.07629e+01 | 11  0.05025  4.58827e+01 | 12  0.03773 -9.81691e+00
 13  0.03475  2.15962e+01 | 14  0.03144  5.96184e+01 | 15  0.01595 -3.82015e+01
 16  0.03266  5.79482e+02 | 17  0.03090  9.80249e+02 | 18 -0.00316  3.50244e+02
 19 -0.03496 -1.59859e+03 | 20 -0.03396 -1.32300e+03 | 21 -0.02495 -1.20543e+03
 22 -0.01589 -1.19125e+03 | 23 -0.01516 -8.23074e+02 | 24 -0.00851  5.10415e+02
 25  0.00330  7.73668e+02 | 26  0.00961  8.05805e+02 | 27  0.07663  6.46463e+02
 28  0.01470  1.20697e+03 | 29  0.00580  5.24005e+02 | 30  0.00080  6.13116e+02
 31 -0.00113  2.35006e+02 | 32 -0.00043  1.58768e+02 | 33  0.00061 -2.66416e+02
 34 -0.00218  1.91912e+02 | 35  0.00287  4.82183e+02 | 36  0.00762  5.54604e+02
 37  0.00215  3.79741e+02 | 38  0.00043  3.26336e+02 | 39  0.00254  8.80293e+02
 40  0.02144  1.91279e+03 | 41  0.00657  7.19698e+02 | 42 -0.00841 -6.33948e+02
 43 -0.00973 -6.88850e+02 | 44 -0.02700 -4.27403e+03 | 45  0.13521 -4.80474e+04
 46 -0.02995  1.48494e+04 | 47 -0.04634  4.72916e+03 | 48 -0.03980  4.24543e+03
 49 -0.03203  3.63566e+03 | 50 -0.02782  3.50423e+03 | 51 -0.02865  2.70090e+03
 52 -0.02709  1.17829e+03 | 53 -0.01377  3.14140e+02 | 54 -0.00567 -2.65592e+02
 55 -0.04655 -1.67267e+03 | 56  0.03236 -1.14892e+03 | 57  0.01941 -1.58448e+03
 58  0.01854 -2.01488e+03 | 59  0.01470 -2.28603e+03 | 60  0.01012 -2.31228e+03
 61  0.01277 -2.16490e+03 | 62  0.00720 -2.12243e+03 | 63  0.00336 -2.20970e+03
 64  0.01236 -2.18988e+03 | 65  0.02387 -1.95662e+03 | 66  0.01323 -2.22350e+03
 67  0.00856 -2.66617e+03 | 68 -0.01640 -2.83177e+03 | 69  0.04286 -4.22210e+03
 70  0.01481 -2.86287e+03 | 71  0.01937 -1.77214e+03 | 72  0.02762  7.73947e+02
 73  0.03259  2.36023e+03 | 74  0.10060  7.64719e+03 |
1 0 26578.9
1 0 26554.8
1 0 26559.4
1 0 26554.4
1 0 26554.2
1 0 26553.8
1 0 26553.3
1 0 26552.7
1 0 26552.5
1 0 26552.2
1 0 26551.9
1 0 26551.6
74 variables; iteration 30; function evaluation 43; phase 1
Function value   2.6551606e+04; maximum gradient component mag  -4.7806e+04
Var   Value    Gradient   |Var   Value    Gradient   |Var   Value    Gradient
  1  0.24437  1.00111e+02 |  2  0.19062  6.61061e+01 |  3  0.15138  9.62977e+01
  4  0.11525  2.84495e+01 |  5  0.09237  4.15588e+01 |  6  0.07308  1.81088e+01
  7  0.06022  1.65663e+01 |  8  0.05198  2.50246e+01 |  9  0.04458  1.65455e+01
 10  0.03953  1.71594e+01 | 11  0.03601  1.34123e+01 | 12  0.03471  2.21175e+01
 13  0.03291  3.56311e+01 | 14  0.02633  2.46990e+01 | 15  0.01747 -1.56118e+01
 16  0.03202  3.80029e+02 | 17  0.02800  9.66546e+02 | 18 -0.00474  2.19002e+02
 19 -0.03645 -1.77820e+03 | 20 -0.03283 -1.11102e+03 | 21 -0.02427 -1.09952e+03
 22 -0.01684 -1.35706e+03 | 23 -0.01548 -7.98876e+02 | 24 -0.00947  4.38491e+02
 25  0.00252  7.67384e+02 | 26  0.00959  8.11618e+02 | 27  0.08650  7.28321e+02
 28  0.01562  1.28968e+03 | 29  0.00604  5.77329e+02 | 30  0.00070  6.97464e+02
 31 -0.00112  3.22936e+02 | 32 -0.00077  1.47450e+02 | 33  0.00021 -3.14929e+02
 34 -0.00225  2.26480e+02 | 35  0.00166  3.43487e+02 | 36  0.00699  5.30543e+02
 37  0.00225  3.73231e+02 | 38  0.00007  2.18639e+02 | 39  0.00280  1.03567e+03
 40  0.02052  1.88982e+03 | 41  0.00643  7.67395e+02 | 42 -0.00868 -7.01651e+02
 43 -0.00963 -6.73415e+02 | 44 -0.02670 -4.20841e+03 | 45  0.13484 -4.78063e+04
 46 -0.03003  1.47525e+04 | 47 -0.04654  4.70286e+03 | 48 -0.03987  4.23677e+03
 49 -0.03282  3.40034e+03 | 50 -0.02714  3.65523e+03 | 51 -0.02840  2.72060e+03
 52 -0.02640  1.25691e+03 | 53 -0.01299  4.28188e+02 | 54 -0.00653 -3.32231e+02
 55 -0.04742 -1.71436e+03 | 56  0.03345 -6.74143e+02 | 57  0.02081 -1.36904e+03
 58  0.01881 -1.96713e+03 | 59  0.01403 -2.36956e+03 | 60  0.01033 -2.40381e+03
 61  0.01179 -2.29153e+03 | 62  0.00740 -2.19687e+03 | 63  0.00397 -2.27420e+03
 64  0.01095 -2.30009e+03 | 65  0.02343 -2.06530e+03 | 66  0.01410 -2.18767e+03
 67  0.00765 -2.73529e+03 | 68 -0.01419 -2.86331e+03 | 69  0.04270 -4.24498e+03
 70  0.01402 -2.92264e+03 | 71  0.01956 -1.77223e+03 | 72  0.02741  7.57724e+02
 73  0.03128  2.33399e+03 | 74  0.09854  7.43953e+03 |
1 0 26551.2
1 0 26550.8
1 0 26550.6
1 0 26550.4
1 0 26550.3
1 0 26550.1
1 0 26549.9
1 0 26549.6
1 0 26549.3
1 0 26548.7
74 variables; iteration 40; function evaluation 53; phase 1
Function value   2.6548731e+04; maximum gradient component mag  -4.8033e+04
Var   Value    Gradient   |Var   Value    Gradient   |Var   Value    Gradient
  1  0.25154  1.87347e+02 |  2  0.19060  5.44723e+01 |  3  0.15269  7.90384e+01
  4  0.12530  7.82849e+01 |  5  0.10157  8.16047e+01 |  6  0.07308  1.64825e+01
  7  0.05159  1.13738e+01 |  8  0.03456  2.46310e+00 |  9  0.02236 -2.27404e+01
 10  0.02135  1.54811e+01 | 11  0.02003  2.31863e+01 | 12  0.01604 -1.56464e+01
 13  0.02071  1.97800e+01 | 14  0.02390  6.33792e+01 | 15  0.01287 -2.42518e+01
 16  0.03208  4.27316e+02 | 17  0.02876  9.15548e+02 | 18 -0.00548  1.65184e+02
 19 -0.03654 -1.75132e+03 | 20 -0.03301 -1.11848e+03 | 21 -0.02449 -1.12984e+03
 22 -0.01637 -1.28213e+03 | 23 -0.01539 -8.06190e+02 | 24 -0.00949  3.75792e+02
 25  0.00290  8.80720e+02 | 26  0.00938  8.05891e+02 | 27  0.08618  7.17738e+02
 28  0.01568  1.29372e+03 | 29  0.00639  6.41191e+02 | 30  0.00094  7.15676e+02
 31 -0.00104  3.53526e+02 | 32 -0.00079  1.46667e+02 | 33 -0.00009 -3.73754e+02
 34 -0.00300  7.86207e+01 | 35  0.00232  3.64973e+02 | 36  0.00709  5.61901e+02
 37  0.00205  4.29070e+02 | 38  0.00051  2.62230e+02 | 39  0.00336  1.09755e+03
 40  0.01961  1.85336e+03 | 41  0.00632  7.62012e+02 | 42 -0.00850 -6.62598e+02
 43 -0.00972 -6.86883e+02 | 44 -0.02688 -4.26205e+03 | 45  0.13478 -4.80325e+04
 46 -0.03001  1.47956e+04 | 47 -0.04651  4.69726e+03 | 48 -0.03963  4.29196e+03
 49 -0.03267  3.44621e+03 | 50 -0.02713  3.64457e+03 | 51 -0.02902  2.58707e+03
 52 -0.02578  1.38150e+03 | 53 -0.01229  5.28892e+02 | 54 -0.00698 -4.21238e+02
 55 -0.04768 -1.73033e+03 | 56  0.03334 -7.20087e+02 | 57  0.02064 -1.41082e+03
 58  0.01878 -2.00683e+03 | 59  0.01436 -2.40381e+03 | 60  0.00964 -2.47266e+03
 61  0.01239 -2.30587e+03 | 62  0.00702 -2.20360e+03 | 63  0.00233 -2.26317e+03
 64  0.01367 -2.17381e+03 | 65  0.02270 -2.06516e+03 | 66  0.01322 -2.26399e+03
 67  0.00862 -2.72448e+03 | 68 -0.01232 -2.86002e+03 | 69  0.04224 -4.23380e+03
 70  0.01452 -2.93049e+03 | 71  0.01930 -1.81402e+03 | 72  0.02740  7.54995e+02
 73  0.02903  2.32820e+03 | 74  0.09868  7.48140e+03 |
1 0 26548.1
1 0 26547.8
1 0 26547.3
1 0 26547
1 0 26546.4
1 0 26545.7
1 0 26544.6
1 0 26543.6
1 0 26542.9
1 0 26542
74 variables; iteration 50; function evaluation 63; phase 1
Function value   2.6542015e+04; maximum gradient component mag  -4.7585e+04
Var   Value    Gradient   |Var   Value    Gradient   |Var   Value    Gradient
  1  0.25061  1.88865e+02 |  2  0.18635  5.97061e+00 |  3  0.15577  1.22029e+02
  4  0.12376  6.99549e+01 |  5  0.09679  5.47100e+00 |  6  0.08613  8.25012e+01
  7  0.06637  6.69465e+01 |  8  0.03740  1.30647e+01 |  9  0.01048  1.73947e+01
 10 -0.01840 -7.95773e+01 | 11 -0.02168 -1.16291e+01 | 12 -0.01987 -2.76311e+00
 13 -0.01554  1.19510e+01 | 14 -0.01293  2.10995e+01 | 15 -0.01463  7.96786e-01
 16  0.03201  3.46865e+02 | 17  0.02823  9.02994e+02 | 18 -0.00512  1.87963e+02
 19 -0.03609 -1.71518e+03 | 20 -0.03242 -1.03776e+03 | 21 -0.02468 -1.14751e+03
 22 -0.01690 -1.33710e+03 | 23 -0.01565 -7.84040e+02 | 24 -0.01021  3.12436e+02
 25  0.00306  9.25719e+02 | 26  0.00931  7.98667e+02 | 27  0.08649  7.33494e+02
 28  0.01543  1.17603e+03 | 29  0.00673  7.35457e+02 | 30  0.00065  6.57236e+02
 31 -0.00038  5.00173e+02 | 32 -0.00046  5.45122e+01 | 33  0.00085 -1.63497e+02
 34 -0.00360 -9.76562e+01 | 35  0.00287  5.44810e+02 | 36  0.00772  5.90716e+02
 37  0.00133  3.48948e+02 | 38 -0.00059  1.31587e+02 | 39  0.00349  1.14970e+03
 40  0.01960  1.83178e+03 | 41  0.00551  6.56485e+02 | 42 -0.00992 -9.30568e+02
 43 -0.00934 -5.38020e+02 | 44 -0.02522 -4.16838e+03 | 45  0.13486 -4.75846e+04
 46 -0.03019  1.47512e+04 | 47 -0.04648  4.72596e+03 | 48 -0.03961  4.28350e+03
 49 -0.03288  3.36498e+03 | 50 -0.02713  3.63505e+03 | 51 -0.02817  2.73518e+03
 52 -0.02759  1.06227e+03 | 53 -0.01238  4.64264e+02 | 54 -0.00742 -5.34588e+02
 55 -0.04742 -1.73309e+03 | 56  0.03319 -7.34684e+02 | 57  0.02117 -1.32082e+03
 58  0.01896 -1.97514e+03 | 59  0.01327 -2.43032e+03 | 60  0.01051 -2.39045e+03
 61  0.01301 -2.18308e+03 | 62  0.00813 -2.06565e+03 | 63  0.00118 -2.25715e+03
 64  0.01374 -2.15845e+03 | 65  0.02442 -1.94056e+03 | 66  0.01129 -2.33280e+03
 67  0.00852 -2.73942e+03 | 68 -0.01204 -2.85687e+03 | 69  0.04297 -4.12951e+03
 70  0.01311 -2.91432e+03 | 71  0.01926 -1.76969e+03 | 72  0.02446  5.88633e+02
 73  0.03336  2.35020e+03 | 74  0.09860  7.36911e+03 |
1 0 26540.9
1 0 26538.9
1 0 26536.5
1 0 26534.9
1 0 26532.5
1 0 26530.1
1 0 26526
1 0 26520.2
1 0 26521
1 0 26517.4
1 0 26514.5
74 variables; iteration 60; function evaluation 74; phase 1
Function value   2.6514542e+04; maximum gradient component mag  -4.6602e+04
Var   Value    Gradient   |Var   Value    Gradient   |Var   Value    Gradient
  1  0.24729  1.81956e+02 |  2  0.19247  6.01660e+01 |  3  0.15870  1.35015e+02
  4  0.12306  6.37578e+01 |  5  0.09481  4.33517e+01 |  6  0.07097  2.59183e+01
  7  0.05087 -9.71155e+00 |  8  0.04159  4.01993e+01 |  9  0.02689  9.43919e+01
 10 -0.01126  3.25977e+01 | 11 -0.05722  4.42149e+00 | 12 -0.10411 -1.02015e+02
 13 -0.11957 -3.92734e+00 | 14 -0.13370  2.19360e+01 | 15 -0.15470 -6.59218e+01
 16  0.03246  4.21589e+02 | 17  0.02547  7.31674e+02 | 18 -0.00641  8.98390e+01
 19 -0.03708 -1.83124e+03 | 20 -0.03235 -1.03591e+03 | 21 -0.02347 -1.02314e+03
 22 -0.01587 -1.28197e+03 | 23 -0.01473 -7.67946e+02 | 24 -0.00904  3.76147e+02
 25  0.00388  8.79607e+02 | 26  0.01150  1.31059e+03 | 27  0.08670  7.05627e+02
 28  0.01639  1.37150e+03 | 29  0.00740  1.03618e+03 | 30  0.00034  5.88985e+02
 31 -0.00028  3.01692e+02 | 32 -0.00108 -1.90479e+02 | 33  0.00064 -1.08973e+02
 34 -0.00278  1.50443e+02 | 35  0.00232  3.98889e+02 | 36  0.00742  5.06098e+02
 37  0.00196  5.74078e+02 | 38 -0.00133 -4.34834e+01 | 39  0.00253  8.70600e+02
 40  0.01804  1.85460e+03 | 41  0.00538  6.47031e+02 | 42 -0.01155 -1.22577e+03
 43 -0.00946 -4.40930e+02 | 44 -0.02380 -4.07643e+03 | 45  0.13433 -4.66024e+04
 46 -0.03020  1.46188e+04 | 47 -0.04616  4.75262e+03 | 48 -0.03964  4.24828e+03
 49 -0.03271  3.36319e+03 | 50 -0.02712  3.57319e+03 | 51 -0.02813  2.69513e+03
 52 -0.02710  1.10830e+03 | 53 -0.01193  5.56135e+02 | 54 -0.00572 -4.58324e+02
 55 -0.04669 -1.79700e+03 | 56  0.03367 -6.29434e+02 | 57  0.02197 -1.49699e+03
 58  0.01686 -2.39052e+03 | 59  0.01306 -2.52611e+03 | 60  0.01348 -2.14556e+03
 61  0.01331 -1.99726e+03 | 62  0.00791 -2.09458e+03 | 63  0.00295 -2.22757e+03
 64  0.01360 -2.06272e+03 | 65  0.02565 -1.82529e+03 | 66  0.01108 -2.35861e+03
 67  0.00978 -2.59070e+03 | 68 -0.00992 -2.85149e+03 | 69  0.04268 -4.04737e+03
 70  0.01701 -2.81247e+03 | 71  0.01345 -2.09851e+03 | 72  0.02647  7.16095e+02
 73  0.02155  2.22016e+03 | 74  0.09725  7.11067e+03 |
1 0 26510.1
1 0 26503.3
1 0 26504.1
1 0 26500
1 0 26495.2
1 0 26487.9
1 0 26481.9
1 0 26470.7
1 0 26451.7
1 0 26414.8
1 0 26216.2
1 0 26183.9
1 0 26074.2
74 variables; iteration 70; function evaluation 87; phase 1
Function value   2.6074318e+04; maximum gradient component mag  -2.7218e+04
Var   Value    Gradient   |Var   Value    Gradient   |Var   Value    Gradient
  1  0.24074 -1.19679e+00 |  2  0.16860 -1.54889e+02 |  3  0.16946  1.06060e+02
  4  0.18808  4.06214e+02 |  5  0.19176  7.90409e+02 |  6  0.09748 -2.08642e+02
  7  0.08913  8.71925e+01 |  8  0.07234  6.91557e+01 |  9  0.04757  1.52176e+02
 10 -0.01545 -1.24296e+02 | 11 -0.03938 -9.33379e+01 | 12 -0.03420  7.98501e+01
 13 -0.05191  4.37335e+02 | 14 -0.20396 -4.75743e+02 | 15 -0.20199  5.98990e+00
 16  0.04650  7.66827e+02 | 17  0.03004  1.17938e+03 | 18 -0.00442 -1.03077e+03
 19 -0.02662 -1.69683e+03 | 20 -0.01821 -3.12178e+02 | 21 -0.01199 -4.45509e+02
 22 -0.00578 -5.33645e+02 | 23 -0.01043 -6.40583e+02 | 24 -0.01167 -1.06297e+01
 25 -0.00272  2.46166e+02 | 26  0.00759  6.21927e+02 | 27  0.08641  7.91374e+02
 28  0.01184  9.67432e+02 | 29  0.00384  8.70171e+02 | 30 -0.00123  6.32594e+02
 31 -0.00092  4.60788e+02 | 32 -0.00047  2.13454e+02 | 33  0.00030  8.66166e+01
 34 -0.00347  3.83334e+02 | 35  0.00059  4.67575e+02 | 36  0.00071  1.52432e+02
 37 -0.00243  4.63425e+02 | 38 -0.00016  1.55396e+02 | 39  0.00361 -1.84971e+02
 40 -0.01397 -1.93738e+03 | 41  0.00176  1.73618e+03 | 42 -0.00508  2.82749e+01
 43 -0.01051 -2.59189e+02 | 44 -0.01611 -2.23956e+03 | 45  0.13169 -2.72185e+04
 46 -0.03860  1.13503e+04 | 47 -0.04880  4.70984e+03 | 48 -0.04513  2.99184e+03
 49 -0.03569  2.26323e+03 | 50 -0.02979  2.12044e+03 | 51 -0.02862  1.72842e+03
 52 -0.02434  6.63053e+02 | 53 -0.01096 -1.14588e+01 | 54 -0.00965 -1.20877e+03
 55 -0.02608 -1.16847e+03 | 56  0.03481 -1.50770e+03 | 57  0.01770 -2.54756e+03
 58  0.01636 -2.99473e+03 | 59  0.01274 -2.93328e+03 | 60  0.01540 -2.30573e+03
 61  0.01508 -2.14036e+03 | 62  0.00831 -2.42592e+03 | 63  0.00529 -2.52179e+03
 64  0.02140 -1.81737e+03 | 65  0.01865 -2.41291e+03 | 66  0.00877 -2.83164e+03
 67  0.01420 -1.53165e+03 | 68  0.04909  4.50114e+03 | 69  0.02519 -1.29043e+03
 70  0.03468 -1.89881e+02 | 71  0.01487 -1.71942e+03 | 72  0.01855  2.42507e+02
 73 -0.03635  9.26135e+02 | 74  0.06665  3.16488e+03 |
1 0 28628.2
1 0 26067.1
1 0 26123.6
1 0 26066.4
1 0 26065.2
1 0 26062.8
1 0 26043.1
1 0 26000.6
1 0 25764.4
1 0 25936.3
1 0 25643.6
1 0 25454.1
1 0 25281.9
1 0 25200.6
1 0 25163.1
74 variables; iteration 80; function evaluation 102; phase 1
Function value   2.5163214e+04; maximum gradient component mag   3.2263e+03
Var   Value    Gradient   |Var   Value    Gradient   |Var   Value    Gradient
  1  0.23401  6.08062e+01 |  2  0.16815 -3.10625e+01 |  3  0.12696 -4.70513e+00
  4  0.10468  5.00526e+01 |  5  0.08391  5.09430e+01 |  6  0.06099  1.11099e+01
  7  0.04364 -8.45406e+00 |  8  0.03524  2.24661e+01 |  9  0.02558  4.89298e+01
 10  0.00575 -2.58489e+01 | 11 -0.00342 -7.48887e+00 | 12 -0.00797  2.40801e+01
 13 -0.01761 -5.30493e+00 | 14 -0.02392 -1.88730e+01 | 15 -0.02308  7.89812e+00
 16  0.05812  2.11491e+03 | 17  0.00218 -1.44113e+02 | 18  0.00019 -7.56752e+01
 19 -0.00015  3.82331e+02 | 20 -0.00636 -4.20422e+02 | 21 -0.00659 -4.90685e+02
 22 -0.00143 -2.72383e+02 | 23 -0.00262 -8.90178e+01 | 24 -0.00570  1.48430e+02
 25 -0.00050  6.09365e+01 | 26  0.00506  1.86135e+02 | 27  0.01045  1.84225e+03
 28  0.00409  4.19125e+02 | 29  0.00425 -2.14143e+02 | 30 -0.00108 -2.73153e+02
 31 -0.00069 -5.47573e+02 | 32 -0.00006 -4.98013e+01 | 33  0.00411 -1.88068e+02
 34  0.00023  1.73386e+02 | 35 -0.00084 -2.41389e+02 | 36  0.00261  4.84926e+02
 37  0.00065 -1.45318e+02 | 38  0.00201 -5.75632e+01 | 39  0.00132  4.45498e+02
 40 -0.00642 -1.66828e+02 | 41 -0.00015 -4.61352e+02 | 42 -0.00168 -4.18703e+01
 43 -0.00476 -6.57908e+02 | 44  0.00126 -2.65468e+01 | 45  0.14200  3.22627e+03
 46 -0.07808  5.21096e+02 | 47 -0.06909 -1.10834e+02 | 48 -0.05551  4.91088e+02
 49 -0.04481  1.63565e+02 | 50 -0.04118 -2.68882e+02 | 51 -0.03810 -3.91624e+01
 52 -0.02931 -4.73779e+01 | 53 -0.01445 -2.77332e+02 | 54 -0.00584 -3.68479e+02
 55  0.00809  6.17330e+02 | 56  0.01680 -6.39887e+02 | 57  0.02512 -1.85774e+01
 58  0.01816 -7.76731e+02 | 59  0.02882  1.65556e+03 | 60  0.01572 -5.04170e+02
 61  0.02054  4.02705e+02 | 62  0.01463 -7.13224e+01 | 63  0.02192  1.27993e+03
 64  0.01330 -1.12245e+03 | 65  0.02639  4.98944e+02 | 66  0.01993 -3.35114e+02
 67  0.02287  9.31067e+01 | 68  0.02258 -6.18317e+02 | 69  0.03689  1.08963e+03
 70  0.02855  1.89877e+02 | 71  0.02251  3.41442e+02 | 72  0.01390 -1.86796e+02
 73  0.00178 -1.64923e+02 | 74  0.06140  1.26474e+02 |
1 0 25130.6
1 0 25125
1 0 25115.6
1 0 25103.5
1 0 25101.7
1 0 25099.2
1 0 25097.7
1 0 25096.9
1 0 25096.4
1 0 25095.8
74 variables; iteration 90; function evaluation 112; phase 1
Function value   2.5095804e+04; maximum gradient component mag  -1.7203e+02
Var   Value    Gradient   |Var   Value    Gradient   |Var   Value    Gradient
  1  0.22725  1.99241e+01 |  2  0.16973  5.45265e+00 |  3  0.12254  7.12300e+00
  4  0.08816  8.42044e+00 |  5  0.06215  4.54976e+00 |  6  0.04223  3.57247e+00
  7  0.02646  3.19360e+00 |  8  0.01356  1.89971e+00 |  9  0.00303  7.93933e-01
 10 -0.00539  7.95442e-01 | 11 -0.01209  2.56385e+00 | 12 -0.01788 -9.48440e-01
 13 -0.02190 -3.67064e+00 | 14 -0.02346 -1.45429e+00 | 15 -0.02327  5.02082e+00
 16  0.04067 -2.90868e+00 | 17 -0.00376 -9.56317e+00 | 18  0.00040  5.79566e+01
 19 -0.00148  1.01948e+01 | 20 -0.00284 -1.33708e+01 | 21 -0.00116 -5.39137e+00
 22  0.00241  3.10783e+01 | 23 -0.00145  1.31860e+00 | 24 -0.00660  2.63373e+01
 25 -0.00181  1.09459e+00 | 26 -0.00042 -4.50841e+01 | 27 -0.00322  9.39917e+01
 28 -0.00050 -1.54275e+01 | 29  0.00600 -3.97505e+00 | 30  0.00125 -2.55401e+01
 31  0.00169 -8.68278e+00 | 32  0.00285  1.81017e+01 | 33  0.00590 -8.00865e+00
 34 -0.00006 -1.97385e+01 | 35  0.00037 -2.74371e+01 | 36  0.00231  5.46097e+00
 37  0.00160  1.61038e+01 | 38  0.00354 -1.97975e+01 | 39  0.00024 -5.28223e+00
 40 -0.00560 -2.54383e+01 | 41  0.00171 -3.66389e+01 | 42  0.00019  8.02507e+00
 43 -0.00102 -5.22144e+00 | 44 -0.00053  4.09991e+00 | 45  0.14246 -1.72026e+02
 46 -0.08128 -5.61259e+01 | 47 -0.06875 -8.09813e+00 | 48 -0.05911  2.04687e+00
 49 -0.04564  3.75283e+00 | 50 -0.03976 -2.20866e+01 | 51 -0.03780  1.64377e+01
 52 -0.02894  2.53597e+01 | 53 -0.01315  2.49614e+01 | 54 -0.00312  1.83632e+01
 55  0.00439  1.57721e+01 | 56  0.01626 -6.10155e+01 | 57  0.02265  4.62241e+00
 58  0.02219  2.41903e+01 | 59  0.02061 -1.06463e+01 | 60  0.01831 -5.64668e+01
 61  0.01820  3.03079e+01 | 62  0.01504  5.65314e+01 | 63  0.01515  2.36451e+01
 64  0.01891 -6.13282e+01 | 65  0.02207 -2.24677e+01 | 66  0.02148  6.33636e+01
 67  0.02103  2.87674e+01 | 68  0.02542  1.22774e+01 | 69  0.03144  6.49173e+01
 70  0.02713 -7.94616e+01 | 71  0.02154 -2.58602e+01 | 72  0.01791  7.50088e+00
 73  0.01740  6.28457e+00 | 74  0.06561  1.45144e+02 |
1 0 25095.5
1 0 25095.4
1 0 25095.2
1 0 25095.2
1 0 25095.2
1 0 25095.1
1 0 25095.1
1 0 25095.1
1 0 25095.1
1 0 25095.1
74 variables; iteration 100; function evaluation 122; phase 1
Function value   2.5095132e+04; maximum gradient component mag  -2.4470e+00
Var   Value    Gradient   |Var   Value    Gradient   |Var   Value    Gradient
  1  0.22553  3.83382e-01 |  2  0.16892 -1.45659e-01 |  3  0.12054  1.14526e-01
  4  0.08489  2.32231e-01 |  5  0.05849  9.06099e-02 |  6  0.03837 -7.08450e-02
  7  0.02269  1.30858e-01 |  8  0.01019  8.21405e-02 |  9  0.00017 -2.82895e-02
 10 -0.00783  1.75838e-02 | 11 -0.01414  1.73415e-02 | 12 -0.01898  2.41046e-02
 13 -0.02250  1.31081e-02 | 14 -0.02481  2.95623e-02 | 15 -0.02596 -4.55657e-02
 16  0.04223 -7.90362e-01 | 17 -0.00424 -2.44701e+00 | 18  0.00012  1.32745e+00
 19 -0.00162  5.72532e-01 | 20 -0.00276  5.28434e-01 | 21 -0.00106  2.20708e-01
 22  0.00237  1.05860e-01 | 23 -0.00145  1.14727e-01 | 24 -0.00676  1.02032e-01
 25 -0.00176  5.38819e-02 | 26 -0.00011 -6.01107e-01 | 27 -0.00365 -1.50165e-01
 28 -0.00040 -1.17960e-01 | 29  0.00611 -2.06917e-01 | 30  0.00147 -2.70868e-01
 31  0.00189 -1.25069e-01 | 32  0.00292  1.74633e-01 | 33  0.00598 -1.57042e-01
 34  0.00016  6.01808e-02 | 35  0.00070  1.79164e-01 | 36  0.00246  1.44079e-02
 37  0.00156 -2.89231e-01 | 38  0.00368  8.88704e-02 | 39  0.00043  5.51464e-01
 40 -0.00536  4.03503e-01 | 41  0.00201 -5.44615e-01 | 42  0.00041 -5.73704e-01
 43 -0.00122 -3.91197e-01 | 44 -0.00190  1.14709e+00 | 45  0.14173 -2.30726e+00
 46 -0.08098  1.16592e-01 | 47 -0.06890  1.13514e+00 | 48 -0.05927  5.40164e-01
 49 -0.04575  5.13486e-01 | 50 -0.03976  3.62779e-01 | 51 -0.03798  2.72978e-01
 52 -0.02916  2.95283e-01 | 53 -0.01340 -5.88407e-02 | 54 -0.00322  8.16464e-01
 55  0.00421 -3.12507e-02 | 56  0.01639 -1.48831e+00 | 57  0.02253  1.54380e-01
 58  0.02199 -3.91230e-01 | 59  0.02058 -2.89083e-01 | 60  0.01852 -2.66093e-01
 61  0.01798  2.84313e-01 | 62  0.01468  2.99402e-01 | 63  0.01498 -4.03966e-01
 64  0.01917 -1.69533e-01 | 65  0.02205 -2.72925e-01 | 66  0.02106 -5.06519e-01
 67  0.02081 -7.29146e-01 | 68  0.02527 -7.71378e-01 | 69  0.03105  4.59667e-01
 70  0.02749  5.61151e-01 | 71  0.02182  5.71284e-01 | 72  0.01870 -1.16290e-01
 73  0.01868  4.42756e-02 | 74  0.05848 -4.45352e-01 |
1 0 25095.1
1 0 25095.1
1 0 25095.1
1 0 25095.1
1 0 25095.1
1 0 25095.1
1 0 25095.1
1 0 25095.1

 - final statistics:
74 variables; iteration 108; function evaluation 130
Function value   2.5095e+04; maximum gradient component mag  -9.7781e-02
Exit code = 1;  converg criter   1.0000e-01
Var   Value    Gradient   |Var   Value    Gradient   |Var   Value    Gradient
  1  0.22559 -4.39184e-04 |  2  0.16900  3.42238e-03 |  3  0.12056  2.87044e-04
  4  0.08486 -1.80874e-03 |  5  0.05845 -2.14629e-03 |  6  0.03833  1.59042e-03
  7  0.02261 -1.22180e-03 |  8  0.01012 -7.06044e-04 |  9  0.00011 -3.20314e-04
 10 -0.00789  4.04468e-04 | 11 -0.01419 -1.24344e-04 | 12 -0.01903  7.57402e-06
 13 -0.02255 -7.17434e-04 | 14 -0.02484  3.55242e-05 | 15 -0.02598  4.03547e-04
 16  0.04224  1.39280e-02 | 17 -0.00417  1.51952e-03 | 18  0.00012  1.05352e-02
 19 -0.00163  5.47538e-03 | 20 -0.00276 -6.22547e-03 | 21 -0.00107 -9.42755e-04
 22  0.00237 -4.65129e-03 | 23 -0.00145  8.20140e-04 | 24 -0.00676 -1.70781e-03
 25 -0.00176 -1.80250e-03 | 26 -0.00011 -1.21135e-02 | 27 -0.00364  6.41191e-03
 28 -0.00040 -7.17040e-03 | 29  0.00611 -3.40381e-04 | 30  0.00148  9.25850e-04
 31  0.00189  1.00275e-03 | 32  0.00292 -3.19853e-03 | 33  0.00598  1.25624e-03
 34  0.00016  1.63714e-03 | 35  0.00070 -7.53869e-03 | 36  0.00246 -3.53988e-03
 37  0.00156  1.82371e-03 | 38  0.00368  3.11757e-03 | 39  0.00043  1.09886e-02
 40 -0.00537  5.14063e-03 | 41  0.00201 -1.10961e-02 | 42  0.00041 -4.90954e-03
 43 -0.00123  3.08738e-03 | 44 -0.00193  1.09561e-02 | 45  0.14173 -9.77812e-02
 46 -0.08098 -3.80759e-02 | 47 -0.06891  1.67381e-02 | 48 -0.05928  4.59051e-03
 49 -0.04575 -1.89509e-03 | 50 -0.03977  3.86978e-03 | 51 -0.03798  7.70151e-03
 52 -0.02916  3.82084e-03 | 53 -0.01340  8.88449e-03 | 54 -0.00323  3.35842e-03
 55  0.00421 -7.88411e-04 | 56  0.01639 -1.04785e-02 | 57  0.02252 -2.13337e-02
 58  0.02199  1.24561e-03 | 59  0.02058  1.67497e-03 | 60  0.01852  8.70543e-03
 61  0.01797 -1.15342e-03 | 62  0.01468 -4.34873e-03 | 63  0.01498  2.22108e-02
 64  0.01917  9.69075e-03 | 65  0.02205 -1.26013e-03 | 66  0.02106 -5.14408e-03
 67  0.02081  1.27522e-03 | 68  0.02527 -3.37793e-04 | 69  0.03104 -1.96179e-02
 70  0.02749  1.74690e-03 | 71  0.02182 -7.60778e-03 | 72  0.01871  1.63586e-02
 73  0.01871  4.98492e-03 | 74  0.05849  1.14931e-02 |
1 0 25095.1
B044627.3
0.3 0.556623
0.477105 0.434832
0.592745 0.379164
0.642136 0.359264
0.659132 0.35286
0.664519 0.350875
0.66618 0.350267
0.666688 0.350081
0.666842 0.350025
0.66689 0.350008
0.666904 0.350002
0.666908 0.350001
0.66691 0.35
0.66691 0.35
0.66691 0.35
0.66691 0.35
0.66691 0.35
0.66691 0.35
0.66691 0.35
0.66691 0.35
0.66691 0.35
FutMOrt0.511215
FutMOrt0.511215
FutMOrt0.511215
FutMOrt0.511215
FutMOrt0.511215
FutMOrt0.511215
FutMOrt0.511215
FutMOrt0.511215
FutMOrt0.511215
FutMOrt0.511215
2 0 25095.1

Initial statistics: 78 variables; iteration 0; function evaluation 0; phase 2
Function value   2.5095132e+04; maximum gradient component mag  -6.7860e+02
Var   Value    Gradient   |Var   Value    Gradient   |Var   Value    Gradient
  1 -0.80659  4.61396e+00 |  2 -0.71226  3.18132e+01 |  3  0.22559 -4.39184e-04
  4  0.16900  3.42238e-03 |  5  0.12056  2.87044e-04 |  6  0.08486 -1.80874e-03
  7  0.05845 -2.14629e-03 |  8  0.03833  1.59042e-03 |  9  0.02261 -1.22180e-03
 10  0.01012 -7.06044e-04 | 11  0.00011 -3.20314e-04 | 12 -0.00789  4.04468e-04
 13 -0.01419 -1.24344e-04 | 14 -0.01903  7.57402e-06 | 15 -0.02255 -7.17434e-04
 16 -0.02484  3.55242e-05 | 17 -0.02598  4.03547e-04 | 18  0.04224  1.39280e-02
 19 -0.00417  1.53876e-03 | 20  0.00012  1.05544e-02 | 21 -0.00163  5.49462e-03
 22 -0.00276 -6.20623e-03 | 23 -0.00107 -9.23519e-04 | 24  0.00237 -4.63206e-03
 25 -0.00145  8.39376e-04 | 26 -0.00676 -1.68857e-03 | 27 -0.00176 -1.78326e-03
 28 -0.00011 -1.20943e-02 | 29 -0.00364  6.43114e-03 | 30 -0.00040 -7.15116e-03
 31  0.00611 -3.21146e-04 | 32  0.00148  9.45086e-04 | 33  0.00189  1.02198e-03
 34  0.00292 -3.17930e-03 | 35  0.00598  1.27548e-03 | 36  0.00016  1.65637e-03
 37  0.00070 -7.51945e-03 | 38  0.00246 -3.52065e-03 | 39  0.00156  1.84295e-03
 40  0.00368  3.13680e-03 | 41  0.00043  1.10078e-02 | 42 -0.00537  5.15986e-03
 43  0.00201 -1.10769e-02 | 44  0.00041 -4.89030e-03 | 45 -0.00123  3.10661e-03
 46 -0.00193  1.09753e-02 | 47  0.14173 -9.77812e-02 | 48 -0.08098 -3.82397e-02
 49 -0.06891  1.65740e-02 | 50 -0.05928  4.42610e-03 | 51 -0.04575 -2.05979e-03
 52 -0.03977  3.70498e-03 | 53 -0.03798  7.53668e-03 | 54 -0.02916  3.65589e-03
 55 -0.01340  8.71940e-03 | 56 -0.00323  3.19330e-03 | 57  0.00421 -9.53531e-04
 58  0.01639 -1.06435e-02 | 59  0.02252 -2.14988e-02 | 60  0.02199  1.08058e-03
 61  0.02058  1.50993e-03 | 62  0.01852  8.54037e-03 | 63  0.01797 -1.31848e-03
 64  0.01468 -4.51381e-03 | 65  0.01498  2.20457e-02 | 66  0.01917  9.52571e-03
 67  0.02205 -1.42516e-03 | 68  0.02106 -5.30911e-03 | 69  0.02081  1.11018e-03
 70  0.02527 -5.02787e-04 | 71  0.03104 -1.97828e-02 | 72  0.02749  1.58193e-03
 73  0.02182 -7.77281e-03 | 74  0.01871  1.61935e-02 | 75  0.01871  4.81987e-03
 76  0.05849  1.14931e-02 | 77 -0.65472 -6.78602e+02 | 78 -0.54302  8.55511e+01
2 0 25095.1
2 0 25094.9
2 0 25093.7
2 0 25099.5
2 0 25093.4
2 0 25093
2 0 25090.7
2 0 25097.8
2 0 25090.1
2 0 25090.3
2 0 25089.8
2 0 25089.7
2 0 25089.6
2 0 25089.5
2 0 25089.7
2 0 25089.5
2 0 25089.4

Intermediate statistics: 78 variables; iteration 10; function evaluation 17; phase 2
Function value   2.5089445e+04; maximum gradient component mag  -3.0852e+02
Var   Value    Gradient   |Var   Value    Gradient   |Var   Value    Gradient
  1 -0.80649 -7.28991e+00 |  2 -0.71377 -2.06755e+01 |  3  0.22602  7.85064e+00
  4  0.16961 -1.51334e-01 |  5  0.12113 -2.13021e+00 |  6  0.08523 -2.02881e+00
  7  0.05868 -1.38563e+00 |  8  0.03849 -9.12909e-01 |  9  0.02272 -6.34781e-01
 10  0.01020 -4.71551e-01 | 11  0.00018 -3.70402e-01 | 12 -0.00783 -3.05199e-01
 13 -0.01415 -2.61987e-01 | 14 -0.01899 -2.33307e-01 | 15 -0.02251 -2.14277e-01
 16 -0.02481 -2.02503e-01 | 17 -0.02594 -1.96500e-01 | 18  0.05034 -2.21486e+02
 19 -0.00630  1.84257e+01 | 20  0.00026 -9.80493e+00 | 21 -0.00100  2.28565e+01
 22 -0.00241  2.75094e+01 | 23 -0.00059  2.62470e+01 | 24  0.00271  4.78021e+01
 25 -0.00158 -4.39025e+01 | 26 -0.00664  2.12273e+01 | 27 -0.00144  1.55106e+01
 28  0.00031  1.33609e+01 | 29 -0.00333  8.32659e+00 | 30 -0.00008  1.54441e+01
 31  0.00646  1.79225e+01 | 32  0.00147 -3.71751e+01 | 33  0.00182 -1.58170e+00
 34  0.00266 -1.27116e+01 | 35  0.00575 -7.12572e+01 | 36  0.00011  7.65308e+00
 37  0.00075  8.51657e+00 | 38  0.00257  1.13989e+01 | 39  0.00161  1.09295e+01
 40  0.00369  1.44090e-01 | 41  0.00044 -1.53856e+01 | 42 -0.00535 -3.09002e+00
 43  0.00192 -1.46055e+01 | 44 -0.00018 -6.86939e+01 | 45 -0.00156 -1.11466e+01
 46 -0.00208  1.66655e+01 | 47  0.14367 -3.08517e+02 | 48 -0.08107  2.43479e+01
 49 -0.06860  5.84916e+01 | 50 -0.05913  2.67440e+01 | 51 -0.04556  1.35426e+01
 52 -0.04014 -8.04041e+01 | 53 -0.03809 -2.68868e+01 | 54 -0.02879  3.45260e+01
 55 -0.01313  5.19284e+01 | 56 -0.00340 -5.82225e+00 | 57  0.00437  6.90377e+00
 58  0.01680  6.24802e+01 | 59  0.02228  1.06886e+00 | 60  0.02188 -9.89225e+00
 61  0.02048 -3.68698e+00 | 62  0.01834 -6.67187e-01 | 63  0.01782  4.11559e+01
 64  0.01455  1.52587e+01 | 65  0.01494  1.30208e+00 | 66  0.01925  3.24040e+00
 67  0.02186 -2.42992e+01 | 68  0.02066 -3.03096e+01 | 69  0.02074 -1.47328e+01
 70  0.02564  5.17912e+01 | 71  0.03128  6.44531e+01 | 72  0.02732  4.07777e+01
 73  0.02148 -1.86659e+01 | 74  0.01903 -8.93454e+00 | 75  0.01916  2.65831e+01
 76  0.07304 -5.10942e+01 | 77 -0.63880  2.99496e+02 | 78 -0.54295 -5.30054e+01
2 0 25089.4
2 0 25089.3
2 0 25089.2
2 0 25089.1
2 0 25089
2 0 25088.9
2 0 25089
2 0 25088.9
2 0 25088.9
2 0 25088.9
2 0 25088.8
78 variables; iteration 20; function evaluation 28; phase 2
Function value   2.5088838e+04; maximum gradient component mag  -1.0709e+03
Var   Value    Gradient   |Var   Value    Gradient   |Var   Value    Gradient
  1 -0.79909 -1.22348e+01 |  2 -0.69521 -2.45086e+01 |  3  0.22713  6.92577e+00
  4  0.17100  4.16992e+00 |  5  0.12284  2.61039e+00 |  6  0.08682  6.89468e-01
  7  0.05987 -5.49012e-01 |  8  0.03930 -8.45020e-01 |  9  0.02329 -6.70306e-01
 10  0.01062 -4.65838e-01 | 11  0.00050 -3.31613e-01 | 12 -0.00757 -2.51339e-01
 13 -0.01392 -2.02184e-01 | 14 -0.01879 -1.71306e-01 | 15 -0.02233 -1.51963e-01
 16 -0.02463 -1.41068e-01 | 17 -0.02577 -1.36271e-01 | 18  0.05151  8.41252e+00
 19 -0.00675 -3.11160e+01 | 20  0.00008 -4.61051e+01 | 21 -0.00090  3.79243e+01
 22 -0.00253 -2.98136e+01 | 23 -0.00033  4.72578e+01 | 24  0.00268  2.75944e+01
 25 -0.00150 -3.50030e+01 | 26 -0.00667 -3.27408e+01 | 27 -0.00124  1.77595e+01
 28  0.00036 -1.47006e+00 | 29 -0.00327 -9.49924e+00 | 30  0.00009  3.24982e+01
 31  0.00635 -1.94440e+01 | 32  0.00167 -2.37940e+01 | 33  0.00206  1.10123e+01
 34  0.00278 -1.85738e+01 | 35  0.00582 -6.32856e+01 | 36  0.00003 -2.69030e+01
 37  0.00071 -1.81980e+01 | 38  0.00256 -5.26675e+00 | 39  0.00155 -1.38724e+01
 40  0.00354 -2.79113e+01 | 41  0.00023 -6.37449e+01 | 42 -0.00533 -2.81662e+01
 43  0.00190 -3.39225e+01 | 44 -0.00023 -7.58741e+01 | 45 -0.00174 -3.88847e+01
 46 -0.00264 -4.69623e+01 | 47  0.14496 -1.07087e+03 | 48 -0.08112  3.15424e+01
 49 -0.06854  7.12187e+01 | 50 -0.05941 -1.92671e+01 | 51 -0.04549  3.01213e+01
 52 -0.04004 -6.69318e+01 | 53 -0.03828 -7.23115e+01 | 54 -0.02888  2.23288e+01
 55 -0.01308  6.69519e+01 | 56 -0.00336  2.18830e+00 | 57  0.00455  5.55198e+01
 58  0.01675  6.00027e+01 | 59  0.02212 -2.51199e+01 | 60  0.02179 -3.52964e+01
 61  0.02051 -1.65800e+01 | 62  0.01840  2.60309e+00 | 63  0.01773  1.04430e+01
 64  0.01459  1.30060e+01 | 65  0.01491 -2.75955e+00 | 66  0.01918 -9.41934e+00
 67  0.02178 -4.57551e+01 | 68  0.02069 -3.21371e+01 | 69  0.02057 -4.24659e+01
 70  0.02571  6.10516e+01 | 71  0.03136  7.24281e+01 | 72  0.02739  3.00505e+01
 73  0.02161 -1.65566e+01 | 74  0.01980  9.77999e+01 | 75  0.01873  5.67004e+01
 76  0.08090  1.74131e+02 | 77 -0.63375 -4.44671e+01 | 78 -0.52286  2.75083e+01
2 0 25088.8
2 0 25088.7
2 0 25088.7
2 0 25088.6
2 0 25088.8
2 0 25088.6
2 0 25088.6
2 0 25088.6
2 0 25088.6
2 0 25088.6
2 0 25088.6
2 0 25088.6
2 0 25088.6
2 0 25088.6
2 0 25088.6
78 variables; iteration 30; function evaluation 43; phase 2
Function value   2.5088593e+04; maximum gradient component mag  -1.4932e+03
Var   Value    Gradient   |Var   Value    Gradient   |Var   Value    Gradient
  1 -0.79008 -1.06674e+01 |  2 -0.68467 -1.43151e+01 |  3  0.22779 -3.05932e+00
  4  0.17248  8.89704e+00 |  5  0.12386  4.10345e+00 |  6  0.08713 -1.38419e+00
  7  0.06007 -2.08613e+00 |  8  0.03984 -3.29395e-01 |  9  0.02402  3.42572e-01
 10  0.01128 -1.07891e-01 | 11  0.00102 -3.71986e-01 | 12 -0.00717 -3.55760e-01
 13 -0.01360 -2.76633e-01 | 14 -0.01852 -2.16359e-01 | 15 -0.02208 -1.79248e-01
 16 -0.02441 -1.59527e-01 | 17 -0.02556 -1.51809e-01 | 18  0.05174  2.45609e+00
 19 -0.00607 -7.60423e+00 | 20  0.00038 -2.15378e+01 | 21 -0.00073  5.08363e+01
 22 -0.00234 -6.46014e+00 | 23 -0.00038  4.39164e+01 | 24  0.00243  1.83100e+01
 25 -0.00200 -7.21527e+01 | 26 -0.00720 -7.82528e+01 | 27 -0.00141  1.09158e+01
 28  0.00041  1.38721e+01 | 29 -0.00320  6.40935e+00 | 30 -0.00000  2.15377e+01
 31  0.00627 -1.81456e+01 | 32  0.00156 -3.34533e+01 | 33  0.00195 -2.56477e+00
 34  0.00269 -2.39621e+01 | 35  0.00567 -7.68174e+01 | 36 -0.00013 -4.35883e+01
 37  0.00068 -1.75618e+01 | 38  0.00264  7.47939e+00 | 39  0.00154 -1.22684e+01
 40  0.00350 -3.01318e+01 | 41  0.00024 -5.87295e+01 | 42 -0.00529 -2.18793e+01
 43  0.00191 -2.65224e+01 | 44 -0.00016 -5.76004e+01 | 45 -0.00154 -2.82461e+01
 46 -0.00213 -3.44063e+01 | 47  0.14547 -1.49321e+03 | 48 -0.08094  5.63863e+01
 49 -0.06854  6.40258e+01 | 50 -0.05937 -2.40848e+01 | 51 -0.04535  3.91028e+01
 52 -0.04000 -7.22685e+01 | 53 -0.03820 -7.47843e+01 | 54 -0.02886  1.51956e+01
 55 -0.01318  5.06021e+01 | 56 -0.00333  7.11698e+00 | 57  0.00462  5.99836e+01
 58  0.01683  7.00554e+01 | 59  0.02206 -4.16479e+01 | 60  0.02172 -5.91450e+01
 61  0.02052 -1.95514e+01 | 62  0.01847  1.45225e+01 | 63  0.01774  1.43347e+01
 64  0.01457  1.17935e+01 | 65  0.01488 -8.43984e+00 | 66  0.01926  6.58922e-01
 67  0.02183 -4.55863e+01 | 68  0.02071 -2.99871e+01 | 69  0.02057 -4.70455e+01
 70  0.02583  7.01741e+01 | 71  0.03134  5.66937e+01 | 72  0.02733  8.65352e+00
 73  0.02159 -1.49323e+01 | 74  0.01975  1.26614e+02 | 75  0.01811  7.40674e+01
 76  0.08452  2.35673e+02 | 77 -0.63251 -4.19652e+01 | 78 -0.52160  2.82141e+01
2 0 25088.6
2 0 25088.6
2 0 25088.5
2 0 25088.5
2 0 25088.5
2 0 25088.5
2 0 25088.5
2 0 25088.5
2 0 25088.5
2 0 25088.4
2 0 25088.4
78 variables; iteration 40; function evaluation 54; phase 2
Function value   2.5088449e+04; maximum gradient component mag  -1.8767e+03
Var   Value    Gradient   |Var   Value    Gradient   |Var   Value    Gradient
  1 -0.76293 -3.10185e-01 |  2 -0.68650  6.23798e+00 |  3  0.22724 -1.21254e+01
  4  0.17339  1.64422e+01 |  5  0.12452  5.40346e+00 |  6  0.08770  7.65191e-02
  7  0.06038 -2.92463e+00 |  8  0.04027 -1.80751e+00 |  9  0.02511  1.04744e+00
 10  0.01292  1.60865e+00 | 11  0.00280  1.12904e+00 | 12 -0.00558  2.12555e-01
 13 -0.01230 -2.83460e-01 | 14 -0.01745 -3.47864e-01 | 15 -0.02117 -2.76743e-01
 16 -0.02358 -2.12891e-01 | 17 -0.02476 -1.84345e-01 | 18  0.05191 -3.97163e+00
 19 -0.00640 -1.23184e+01 | 20  0.00030 -2.60979e+01 | 21 -0.00069  6.65527e+01
 22 -0.00245 -2.45955e+01 | 23 -0.00033  4.97998e+01 | 24  0.00255  2.38598e+01
 25 -0.00178 -4.70192e+01 | 26 -0.00713 -7.09742e+01 | 27 -0.00154 -3.88807e+00
 28  0.00022 -4.55515e+00 | 29 -0.00319  1.27387e+01 | 30  0.00016  3.57043e+01
 31  0.00656  2.55713e+01 | 32  0.00161 -4.98280e+01 | 33  0.00203  2.06518e-03
 34  0.00278 -1.08167e+01 | 35  0.00567 -7.55832e+01 | 36 -0.00024 -5.68727e+01
 37  0.00063 -2.64095e+01 | 38  0.00274  2.11932e+01 | 39  0.00167  1.30238e+00
 40  0.00352 -3.13028e+01 | 41  0.00018 -6.64376e+01 | 42 -0.00547 -4.24399e+01
 43  0.00171 -5.21675e+01 | 44 -0.00025 -6.51047e+01 | 45 -0.00152 -2.23773e+01
 46 -0.00204 -4.06927e+01 | 47  0.14568 -1.87673e+03 | 48 -0.08090  5.79189e+01
 49 -0.06859  4.51764e+01 | 50 -0.05937 -3.33325e+01 | 51 -0.04546  1.51006e+01
 52 -0.03998 -6.90069e+01 | 53 -0.03807 -5.54617e+01 | 54 -0.02878  2.24778e+01
 55 -0.01306  6.55308e+01 | 56 -0.00327  2.01791e+01 | 57  0.00454  5.13377e+01
 58  0.01685  7.63864e+01 | 59  0.02205 -5.64407e+01 | 60  0.02181 -4.84431e+01
 61  0.02066  7.05147e+00 | 62  0.01855  2.91119e+01 | 63  0.01779  1.57564e+01
 64  0.01454  6.14555e-01 | 65  0.01480 -2.46119e+01 | 66  0.01922 -1.15781e+01
 67  0.02185 -5.41607e+01 | 68  0.02081 -2.23147e+01 | 69  0.02065 -3.73541e+01
 70  0.02590  7.67803e+01 | 71  0.03128  4.95512e+01 | 72  0.02725 -8.48543e+00
 73  0.02151 -3.41409e+01 | 74  0.01973  1.30230e+02 | 75  0.01763  8.99155e+01
 76  0.08599  2.55286e+02 | 77 -0.63179 -4.68291e+01 | 78 -0.51959  3.43364e+01
2 0 25088.5
2 0 25088.4
2 0 25088.4
2 0 25088.4
2 0 25088.4
2 0 25088.4
2 0 25088.4
2 0 25088.4
2 0 25088.4
2 0 25088.4
2 0 25088.4
2 0 25088.4
2 0 25088.4
78 variables; iteration 50; function evaluation 67; phase 2
Function value   2.5088447e+04; maximum gradient component mag  -1.8830e+03
Var   Value    Gradient   |Var   Value    Gradient   |Var   Value    Gradient
  1 -0.76250  4.27028e-02 |  2 -0.68654  6.76975e+00 |  3  0.22725 -1.05693e+01
  4  0.17335  1.64323e+01 |  5  0.12456  6.61821e+00 |  6  0.08752 -1.55486e+00
  7  0.06047 -2.93377e+00 |  8  0.04065 -8.17113e-02 |  9  0.02530  1.76958e+00
 10  0.01274  7.58436e-01 | 11  0.00250  1.38860e-01 | 12 -0.00572  8.94128e-02
 13 -0.01224  8.25511e-02 | 14 -0.01730 -4.55634e-02 | 15 -0.02101 -1.68154e-01
 16 -0.02344 -2.09140e-01 | 17 -0.02464 -2.09662e-01 | 18  0.05191 -4.04080e+00
 19 -0.00644 -1.51571e+01 | 20  0.00033 -2.28509e+01 | 21 -0.00065  7.08187e+01
 22 -0.00246 -2.66818e+01 | 23 -0.00035  4.91866e+01 | 24  0.00254  2.28260e+01
 25 -0.00178 -4.77739e+01 | 26 -0.00712 -6.96322e+01 | 27 -0.00153 -3.03891e+00
 28  0.00024 -1.52171e+00 | 29 -0.00323  7.67730e+00 | 30  0.00015  3.50488e+01
 31  0.00657  2.62918e+01 | 32  0.00159 -5.15171e+01 | 33  0.00203 -1.13856e-01
 34  0.00279 -9.97553e+00 | 35  0.00568 -7.35509e+01 | 36 -0.00025 -5.86394e+01
 37  0.00061 -2.87522e+01 | 38  0.00274  2.04045e+01 | 39  0.00167  9.91284e-01
 40  0.00352 -3.10902e+01 | 41  0.00019 -6.68104e+01 | 42 -0.00545 -3.89220e+01
 43  0.00171 -5.28704e+01 | 44 -0.00025 -6.45049e+01 | 45 -0.00151 -2.14514e+01
 46 -0.00205 -4.10064e+01 | 47  0.14568 -1.88298e+03 | 48 -0.08093  5.50963e+01
 49 -0.06857  4.78756e+01 | 50 -0.05936 -3.20349e+01 | 51 -0.04544  1.87680e+01
 52 -0.03999 -7.06077e+01 | 53 -0.03808 -5.63490e+01 | 54 -0.02877  2.33081e+01
 55 -0.01307  6.31799e+01 | 56 -0.00325  2.19045e+01 | 57  0.00454  5.04541e+01
 58  0.01681  7.01913e+01 | 59  0.02209 -4.96139e+01 | 60  0.02179 -5.28864e+01
 61  0.02065  5.77853e+00 | 62  0.01857  3.25067e+01 | 63  0.01781  1.93486e+01
 64  0.01454 -9.83512e-01 | 65  0.01478 -2.76916e+01 | 66  0.01921 -1.37002e+01
 67  0.02185 -5.33534e+01 | 68  0.02079 -2.56346e+01 | 69  0.02067 -3.38159e+01
 70  0.02591  7.89114e+01 | 71  0.03129  5.07150e+01 | 72  0.02724 -1.00264e+01
 73  0.02151 -3.43669e+01 | 74  0.01974  1.30421e+02 | 75  0.01765  9.02974e+01
 76  0.08601  2.54905e+02 | 77 -0.63178 -4.71055e+01 | 78 -0.51955  3.44960e+01
2 0 25088.4
2 0 25088.4
2 0 25088.4
2 0 25088.4
2 0 25088.4
2 0 25088.4
2 0 25088.4
2 0 25088.4
2 0 25088.4
2 0 25088.4
2 0 25088.4
2 0 25088.4
2 0 25088.4
78 variables; iteration 60; function evaluation 80; phase 2
Function value   2.5088439e+04; maximum gradient component mag  -1.8765e+03
Var   Value    Gradient   |Var   Value    Gradient   |Var   Value    Gradient
  1 -0.76240  1.77980e-01 |  2 -0.68642  6.96537e+00 |  3  0.22725 -1.02751e+01
  4  0.17342  1.68039e+01 |  5  0.12487  7.81111e+00 |  6  0.08792 -2.29118e-01
  7  0.06071 -2.91477e+00 |  8  0.04078  1.14690e+00 |  9  0.02501  3.28862e-01
 10  0.01245  1.04283e-01 | 11  0.00241  9.44886e-01 | 12 -0.00584  1.19552e-01
 13 -0.01241 -1.30401e+00 | 14 -0.01709 -1.04738e+00 | 15 -0.02011  2.89826e-01
 16 -0.02194  9.72640e-01 | 17 -0.02286  9.22274e-01 | 18  0.05192 -5.01241e+00
 19 -0.00639 -1.52347e+01 | 20  0.00033 -2.20190e+01 | 21 -0.00064  7.22559e+01
 22 -0.00247 -2.82252e+01 | 23 -0.00036  4.67867e+01 | 24  0.00255  2.46611e+01
 25 -0.00178 -4.54873e+01 | 26 -0.00713 -7.17551e+01 | 27 -0.00153 -3.53542e+00
 28  0.00026  2.40098e+00 | 29 -0.00325  5.35796e+00 | 30  0.00014  3.43011e+01
 31  0.00656  2.41693e+01 | 32  0.00161 -4.81425e+01 | 33  0.00203 -1.88528e+00
 34  0.00278 -9.48444e+00 | 35  0.00568 -7.48088e+01 | 36 -0.00021 -5.21562e+01
 37  0.00062 -2.81558e+01 | 38  0.00273  1.97942e+01 | 39  0.00166  8.92217e-01
 40  0.00352 -3.03575e+01 | 41  0.00018 -6.72676e+01 | 42 -0.00546 -3.93682e+01
 43  0.00169 -5.64670e+01 | 44 -0.00026 -6.51377e+01 | 45 -0.00151 -2.04854e+01
 46 -0.00205 -4.02414e+01 | 47  0.14569 -1.87648e+03 | 48 -0.08095  5.23706e+01
 49 -0.06858  4.66871e+01 | 50 -0.05934 -2.85347e+01 | 51 -0.04546  1.85905e+01
 52 -0.03999 -6.83215e+01 | 53 -0.03810 -5.89156e+01 | 54 -0.02876  2.64871e+01
 55 -0.01311  5.87222e+01 | 56 -0.00323  2.62488e+01 | 57  0.00453  4.81807e+01
 58  0.01681  7.08816e+01 | 59  0.02208 -4.97915e+01 | 60  0.02177 -5.57654e+01
 61  0.02069  1.39045e+01 | 62  0.01852  2.45279e+01 | 63  0.01779  1.75984e+01
 64  0.01453 -1.08646e+00 | 65  0.01480 -2.51563e+01 | 66  0.01922 -9.36446e+00
 67  0.02184 -5.42825e+01 | 68  0.02077 -2.67499e+01 | 69  0.02067 -3.27132e+01
 70  0.02591  7.86892e+01 | 71  0.03128  4.99677e+01 | 72  0.02723 -1.16069e+01
 73  0.02149 -3.74928e+01 | 74  0.01976  1.32022e+02 | 75  0.01779  9.06392e+01
 76  0.08603  2.53065e+02 | 77 -0.63177 -4.61695e+01 | 78 -0.51958  3.41909e+01
2 0 25088.4
2 0 25088.4
2 0 25088.4
2 0 25088.4
2 0 25088.4
2 0 25088.4
2 0 25088.4
2 0 25088.4
2 0 25088.4
2 0 25088.4
2 0 25088.4
2 0 25088.4
2 0 25088.4
78 variables; iteration 70; function evaluation 93; phase 2
Function value   2.5088391e+04; maximum gradient component mag  -1.8267e+03
Var   Value    Gradient   |Var   Value    Gradient   |Var   Value    Gradient
  1 -0.76288  6.38234e-02 |  2 -0.68516  6.84160e+00 |  3  0.22728 -1.04102e+01
  4  0.17333  1.66645e+01 |  5  0.12480  8.70236e+00 |  6  0.08767 -7.86596e-02
  7  0.06025 -3.94211e+00 |  8  0.04040 -1.94714e-01 |  9  0.02511 -8.87959e-01
 10  0.01343  7.50180e-01 | 11  0.00415  1.95315e+00 | 12 -0.00355 -5.07657e+00
 13 -0.00788  9.19987e+00 | 14 -0.01329 -5.08376e+00 | 15 -0.01569  3.50717e+00
 16 -0.01773  5.16989e+00 | 17 -0.01996 -3.15861e+00 | 18  0.05198 -1.61696e+00
 19 -0.00635 -1.35327e+01 | 20  0.00033 -2.04893e+01 | 21 -0.00070  6.51188e+01
 22 -0.00250 -2.85426e+01 | 23 -0.00038  4.47601e+01 | 24  0.00259  2.89393e+01
 25 -0.00170 -3.38328e+01 | 26 -0.00719 -7.65964e+01 | 27 -0.00156 -6.22986e+00
 28  0.00029  8.65616e+00 | 29 -0.00326  6.08847e+00 | 30  0.00009  2.71354e+01
 31  0.00658  2.48349e+01 | 32  0.00169 -3.57799e+01 | 33  0.00206  3.37686e+00
 34  0.00273 -1.74943e+01 | 35  0.00569 -6.98022e+01 | 36 -0.00030 -6.22278e+01
 37  0.00054 -3.96798e+01 | 38  0.00274  2.11569e+01 | 39  0.00169  8.11165e+00
 40  0.00349 -3.85016e+01 | 41  0.00023 -5.97362e+01 | 42 -0.00538 -3.11368e+01
 43  0.00182 -3.84710e+01 | 44 -0.00022 -5.92167e+01 | 45 -0.00159 -3.13356e+01
 46 -0.00207 -3.93654e+01 | 47  0.14580 -1.82666e+03 | 48 -0.08097  5.11685e+01
 49 -0.06860  4.53227e+01 | 50 -0.05937 -2.99085e+01 | 51 -0.04549  1.90678e+01
 52 -0.04003 -7.03461e+01 | 53 -0.03804 -4.70288e+01 | 54 -0.02875  2.81021e+01
 55 -0.01317  5.19031e+01 | 56 -0.00325  2.56763e+01 | 57  0.00453  4.95605e+01
 58  0.01675  6.38132e+01 | 59  0.02203 -5.13256e+01 | 60  0.02178 -4.96663e+01
 61  0.02072  1.89836e+01 | 62  0.01847  2.00609e+01 | 63  0.01780  2.17637e+01
 64  0.01451 -1.95117e+00 | 65  0.01469 -3.67324e+01 | 66  0.01924 -3.48488e-01
 67  0.02181 -5.53037e+01 | 68  0.02073 -2.79811e+01 | 69  0.02066 -2.98081e+01
 70  0.02580  6.33362e+01 | 71  0.03132  5.62049e+01 | 72  0.02729 -9.12131e-01
 73  0.02141 -4.90029e+01 | 74  0.01973  1.24833e+02 | 75  0.01832  9.09867e+01
 76  0.08639  2.47625e+02 | 77 -0.63164 -4.95017e+01 | 78 -0.51952  3.38493e+01
2 0 25088.4
2 0 25088.4
2 0 25088.4
2 0 25088.3
2 0 25088.3
2 0 25088.3
2 0 25088.3
2 0 25088.4
2 0 25088.3
2 0 25088.2
2 0 25088.2
2 0 25088
2 0 25087.5
78 variables; iteration 80; function evaluation 106; phase 2
Function value   2.5087518e+04; maximum gradient component mag  -1.0179e+03
Var   Value    Gradient   |Var   Value    Gradient   |Var   Value    Gradient
  1 -0.76889 -2.62317e+00 |  2 -0.66510  3.83108e+00 |  3  0.22839 -8.85013e+00
  4  0.17223  4.62098e+00 |  5  0.12397  1.58546e+00 |  6  0.08852 -8.36370e-03
  7  0.06269  7.17080e-01 |  8  0.04327  1.95818e+00 |  9  0.02800  9.41521e-01
 10  0.01596  8.60131e-01 | 11  0.00643  1.89263e+00 | 12 -0.00142 -1.52815e-01
 13 -0.00730  3.53587e+00 | 14 -0.01257 -2.19072e+00 | 15 -0.01569  1.22746e+00
 16 -0.01778  1.80678e+00 | 17 -0.01907  9.39153e-03 | 18  0.05278  5.62677e+01
 19 -0.00678 -4.13881e+00 | 20  0.00024 -6.74178e+00 | 21 -0.00111  1.36397e+01
 22 -0.00268 -1.07075e+01 | 23 -0.00076  9.85776e+00 | 24  0.00239  1.05704e+01
 25 -0.00172 -8.83032e+00 | 26 -0.00705 -2.35119e+01 | 27 -0.00165 -1.07921e+00
 28  0.00003  1.92521e+00 | 29 -0.00361 -5.38067e+00 | 30 -0.00013  9.20873e+00
 31  0.00659  1.24018e+01 | 32  0.00182 -8.69819e+00 | 33  0.00204  5.09986e+00
 34  0.00285  1.68557e+00 | 35  0.00607 -1.16429e+01 | 36  0.00009 -1.34507e+01
 37  0.00079 -7.15270e+00 | 38  0.00269  3.71452e+00 | 39  0.00169  1.49578e+00
 40  0.00373 -6.61012e-01 | 41  0.00048 -1.51614e+01 | 42 -0.00530 -1.33957e+01
 43  0.00205 -3.57530e+00 | 44  0.00010 -1.20059e+01 | 45 -0.00132 -5.68822e+00
 46 -0.00167 -2.26285e+01 | 47  0.14712 -1.01794e+03 | 48 -0.08103  1.79813e+01
 49 -0.06874  9.93167e+00 | 50 -0.05922 -7.71551e+00 | 51 -0.04563  2.19477e+00
 52 -0.03993 -2.36868e+01 | 53 -0.03791 -1.08409e+01 | 54 -0.02880  8.13978e+00
 55 -0.01326  1.39515e+01 | 56 -0.00328  6.13446e+00 | 57  0.00441  1.06628e+01
 58  0.01645  1.43925e+01 | 59  0.02209 -1.46359e+01 | 60  0.02191 -1.86419e+01
 61  0.02061 -7.47406e-01 | 62  0.01837  5.00052e+00 | 63  0.01773  4.36858e-01
 64  0.01457 -5.06096e+00 | 65  0.01494 -5.95208e+00 | 66  0.01920 -4.62121e-01
 67  0.02188 -2.44593e+01 | 68  0.02080 -5.76297e+00 | 69  0.02082 -7.90397e+00
 70  0.02562  1.29317e+01 | 71  0.03118  1.09836e+01 | 72  0.02735 -8.87559e+00
 73  0.02165 -1.00129e+01 | 74  0.01920  5.24171e+01 | 75  0.01866  4.90915e+01
 76  0.09251  1.59775e+02 | 77 -0.62947 -9.69408e+01 | 78 -0.51854  2.58007e+01
2 0 25087.5
2 0 25087.2
2 0 25087.1
2 0 25087
2 0 25086.9
2 0 25086.8
2 0 25086.8
2 0 25086.8
2 0 25086.8
2 0 25086.8
2 0 25086.7
78 variables; iteration 90; function evaluation 117; phase 2
Function value   2.5086721e+04; maximum gradient component mag  -1.5178e+02
Var   Value    Gradient   |Var   Value    Gradient   |Var   Value    Gradient
  1 -0.75637 -4.92829e+00 |  2 -0.58400 -7.73775e+00 |  3  0.23399 -5.66572e+00
  4  0.17528 -2.10459e+00 |  5  0.12607 -7.45485e-01 |  6  0.09007 -3.72653e-01
  7  0.06341 -2.45856e-01 |  8  0.04309 -2.87898e-01 |  9  0.02721  2.29881e-02
 10  0.01455 -1.78220e-03 | 11  0.00438 -2.42212e-01 | 12 -0.00371  8.11960e-02
 13 -0.01014 -5.74901e-01 | 14 -0.01493  4.20247e-01 | 15 -0.01853 -1.29654e-01
 16 -0.02086 -2.43043e-01 | 17 -0.02196  1.12582e-01 | 18  0.05549 -2.12137e+01
 19 -0.00863  1.01576e+01 | 20  0.00023  2.40497e-01 | 21 -0.00130 -5.32101e+00
 22 -0.00293  5.62351e-01 | 23 -0.00106 -3.91947e+00 | 24  0.00201 -7.09290e-01
 25 -0.00221  2.55655e+00 | 26 -0.00739  2.50678e+00 | 27 -0.00196 -2.22741e+00
 28 -0.00047 -1.47829e+00 | 29 -0.00402 -1.28472e+00 | 30 -0.00026 -2.47283e+00
 31  0.00684 -1.12277e+00 | 32  0.00228  2.26479e+00 | 33  0.00239  1.52160e-01
 34  0.00310  2.08382e+00 | 35  0.00655  4.21046e+00 | 36  0.00042  3.46525e+00
 37  0.00119  1.75105e+00 | 38  0.00308  3.92716e-01 | 39  0.00201  4.41364e-01
 40  0.00395  2.29306e+00 | 41  0.00080  3.70355e+00 | 42 -0.00492  6.78435e-01
 43  0.00249  1.92321e+00 | 44  0.00034  4.96681e+00 | 45 -0.00115  1.13705e+00
 46 -0.00136 -5.21524e+00 | 47  0.15360 -1.51783e+02 | 48 -0.08096 -4.53249e+00
 49 -0.06871 -4.92483e+00 | 50 -0.05903 -6.31038e-01 | 51 -0.04566 -5.23740e+00
 52 -0.03992  7.75655e-01 | 53 -0.03771  4.75855e-01 | 54 -0.02855 -4.94274e+00
 55 -0.01320 -5.52637e+00 | 56 -0.00323 -2.86266e+00 | 57  0.00446 -4.91918e+00
 58  0.01615 -7.53802e+00 | 59  0.02173  2.98555e+00 | 60  0.02185  3.91823e+00
 61  0.02052  9.53985e-01 | 62  0.01811 -5.07465e-01 | 63  0.01747  3.21742e-01
 64  0.01455  9.19875e-01 | 65  0.01494  2.00125e+00 | 66  0.01905 -9.42566e-01
 67  0.02187  3.84763e+00 | 68  0.02064  2.78195e+00 | 69  0.02085  7.87160e-01
 70  0.02571 -3.87010e+00 | 71  0.03110 -4.65339e+00 | 72  0.02747  7.28975e-01
 73  0.02182  5.15676e+00 | 74  0.01905  2.16869e+00 | 75  0.01916  7.53676e+00
 76  0.12117  5.05655e+01 | 77 -0.61067  3.73760e+01 | 78 -0.48615 -9.51153e+00
2 0 25086.7
2 0 25086.7
2 0 25086.6
2 0 25086.6
2 0 25086.5
2 0 25086.5
2 0 25086.5
2 0 25086.5
2 0 25086.5
2 0 25086.4
2 0 25086.4
78 variables; iteration 100; function evaluation 128; phase 2
Function value   2.5086376e+04; maximum gradient component mag  -1.4976e+02
Var   Value    Gradient   |Var   Value    Gradient   |Var   Value    Gradient
  1 -0.73062 -1.84939e+00 |  2 -0.46614  8.31851e-01 |  3  0.24125 -3.02877e+00
  4  0.18051 -5.69858e-01 |  5  0.12969 -4.96269e-01 |  6  0.09301 -1.64727e-01
  7  0.06603  1.63843e-01 |  8  0.04546  1.40160e-01 |  9  0.02933 -8.36855e-02
 10  0.01652 -1.52969e-01 | 11  0.00630 -5.67064e-02 | 12 -0.00186 -3.40024e-02
 13 -0.00829  6.32322e-02 | 14 -0.01323 -5.36225e-02 | 15 -0.01681  5.00217e-03
 16 -0.01915  2.17642e-02 | 17 -0.02031 -2.51215e-02 | 18  0.05773  3.51690e+01
 19 -0.00928 -2.50686e+00 | 20  0.00016 -5.42554e-01 | 21 -0.00140  2.39753e-01
 22 -0.00320 -2.31846e+00 | 23 -0.00127  8.81870e-01 | 24  0.00160  2.36234e+00
 25 -0.00286 -2.06992e+00 | 26 -0.00796 -4.82873e+00 | 27 -0.00234 -1.44482e+00
 28 -0.00099 -3.05531e-01 | 29 -0.00444 -2.23506e+00 | 30 -0.00034  4.53459e-01
 31  0.00705  5.10366e+00 | 32  0.00267  2.70080e+00 | 33  0.00283  2.42309e+00
 34  0.00338  1.04163e+00 | 35  0.00686  1.68329e+00 | 36  0.00059 -3.24435e-01
 37  0.00153  2.08421e-02 | 38  0.00348  1.67514e+00 | 39  0.00231  2.70034e+00
 40  0.00412  2.52753e+00 | 41  0.00098 -4.70546e-01 | 42 -0.00461 -2.23453e+00
 43  0.00289  5.92995e-01 | 44  0.00045  4.91401e-01 | 45 -0.00106 -7.08972e-01
 46 -0.00117 -8.22030e+00 | 47  0.16050 -1.49765e+02 | 48 -0.08077  1.62743e+00
 49 -0.06854  5.99706e-01 | 50 -0.05881  1.58574e-01 | 51 -0.04554 -1.70237e+00
 52 -0.03987 -3.95990e+00 | 53 -0.03742 -1.03384e-01 | 54 -0.02812  3.33866e+00
 55 -0.01297  1.53543e+00 | 56 -0.00305 -9.78454e-01 | 57  0.00464  8.77280e-01
 58  0.01605 -3.52140e-01 | 59  0.02132 -3.96792e+00 | 60  0.02163 -3.05175e+00
 61  0.02036 -2.39485e+00 | 62  0.01790 -1.35356e+00 | 63  0.01717 -9.48057e-01
 64  0.01446 -5.46360e-01 | 65  0.01481  1.83925e-01 | 66  0.01889 -8.87629e-01
 67  0.02170 -3.22770e+00 | 68  0.02046 -2.50047e+00 | 69  0.02081 -1.08456e-02
 70  0.02586  1.77607e+00 | 71  0.03108 -7.41122e-01 | 72  0.02750 -1.76812e+00
 73  0.02186  1.50957e+00 | 74  0.01904  1.15512e+01 | 75  0.01908  7.63997e+00
 76  0.14518  6.45711e+01 | 77 -0.58896 -5.18386e+01 | 78 -0.44940  1.43965e+01
2 0 25086.3
2 0 25086.5
2 0 25086.3
2 0 25086.3
2 0 25086.3
2 0 25086.3
2 0 25086.2
2 0 25086.2
2 0 25086.2
2 0 25086.2
2 0 25086.2
78 variables; iteration 110; function evaluation 139; phase 2
Function value   2.5086232e+04; maximum gradient component mag  -6.5596e+01
Var   Value    Gradient   |Var   Value    Gradient   |Var   Value    Gradient
  1 -0.67484  4.74721e+00 |  2 -0.39217  1.02343e-01 |  3  0.24920 -8.19633e-01
  4  0.18615 -3.05520e-01 |  5  0.13358 -7.47223e-02 |  6  0.09595 -8.28760e-02
  7  0.06837 -1.02025e-01 |  8  0.04746 -8.20603e-02 |  9  0.03116  2.36360e-03
 10  0.01821  8.13622e-03 | 11  0.00784 -3.82555e-02 | 12 -0.00044 -6.04676e-04
 13 -0.00696 -9.21623e-02 | 14 -0.01195  4.86777e-02 | 15 -0.01559 -2.56210e-02
 16 -0.01796 -4.34686e-02 | 17 -0.01912  9.60710e-03 | 18  0.05991 -1.60580e+01
 19 -0.00981  3.18566e+00 | 20  0.00012  7.80245e-02 | 21 -0.00155 -4.98591e-01
 22 -0.00349  7.47150e-01 | 23 -0.00157 -3.28217e-01 | 24  0.00110 -9.20147e-02
 25 -0.00354  9.65241e-01 | 26 -0.00846  1.20390e+00 | 27 -0.00272  9.85852e-02
 28 -0.00156  2.18330e-01 | 29 -0.00489  3.83383e-01 | 30 -0.00048 -3.84523e-01
 31  0.00716 -9.34195e-01 | 32  0.00302 -2.37081e-01 | 33  0.00326 -5.16535e-01
 34  0.00366 -3.20410e-01 | 35  0.00720 -3.30954e-01 | 36  0.00079  1.66609e-01
 37  0.00188  1.61399e-01 | 38  0.00387 -2.97326e-01 | 39  0.00259 -4.52811e-01
 40  0.00427 -1.73356e-01 | 41  0.00119  3.30488e-01 | 42 -0.00423  1.80665e-02
 43  0.00338 -7.54730e-01 | 44  0.00064 -3.11424e-01 | 45 -0.00092 -6.24426e-02
 46 -0.00093  1.44016e+00 | 47  0.16807 -6.55964e+01 | 48 -0.08054 -1.69169e+00
 49 -0.06834 -1.81707e+00 | 50 -0.05854 -9.37271e-01 | 51 -0.04537 -1.18987e+00
 52 -0.03971  3.44044e-01 | 53 -0.03705 -3.65189e-01 | 54 -0.02769 -1.67834e+00
 55 -0.01269 -1.68348e+00 | 56 -0.00277 -8.71182e-01 | 57  0.00487 -1.31816e+00
 58  0.01594 -1.09968e+00 | 59  0.02093  7.90052e-01 | 60  0.02139  5.78874e-01
 61  0.02015  5.74785e-01 | 62  0.01764  8.23926e-01 | 63  0.01682  6.48649e-01
 64  0.01435  5.75534e-01 | 65  0.01467  2.45693e-01 | 66  0.01869  1.10317e-01
 67  0.02153  8.63868e-01 | 68  0.02028  8.07586e-01 | 69  0.02075  1.59166e-01
 70  0.02593 -7.03373e-01 | 71  0.03099  4.82321e-01 | 72  0.02753  1.48689e+00
 73  0.02191  1.09907e+00 | 74  0.01893 -1.57972e+00 | 75  0.01893  3.18466e+00
 76  0.16670 -4.32387e+00 | 77 -0.56602  2.60864e+01 | 78 -0.41634 -7.48663e+00
2 0 25086.2
2 0 25086.2
2 0 25086.2
2 0 25086.2
2 0 25086.2
2 0 25086.2
2 0 25086.2
2 0 25086.2
2 0 25086.2
2 0 25086.2
78 variables; iteration 120; function evaluation 149; phase 2
Function value   2.5086224e+04; maximum gradient component mag   5.9388e-03
Var   Value    Gradient   |Var   Value    Gradient   |Var   Value    Gradient
  1 -0.66430  8.10252e-04 |  2 -0.38359 -2.20024e-04 |  3  0.25083 -1.86592e-03
  4  0.18727 -6.09568e-04 |  5  0.13431 -2.43917e-04 |  6  0.09650 -1.14434e-04
  7  0.06883 -9.15061e-05 |  8  0.04784 -7.95039e-05 |  9  0.03148 -3.90911e-05
 10  0.01849 -2.17790e-05 | 11  0.00811 -3.31911e-05 | 12 -0.00018 -1.89194e-05
 13 -0.00672 -4.06345e-05 | 14 -0.01173  5.13727e-06 | 15 -0.01537 -1.66102e-05
 16 -0.01774 -2.94852e-05 | 17 -0.01891 -7.04572e-06 | 18  0.06053 -4.77003e-03
 19 -0.00999  4.15814e-03 | 20  0.00012 -2.31911e-04 | 21 -0.00157  1.83849e-04
 22 -0.00354  8.89404e-04 | 23 -0.00162  5.59634e-04 | 24  0.00100  9.88484e-04
 25 -0.00367  1.18010e-03 | 26 -0.00856  1.13947e-03 | 27 -0.00279  7.37271e-04
 28 -0.00166  6.78627e-04 | 29 -0.00497  7.90143e-04 | 30 -0.00050  2.98382e-04
 31  0.00720 -1.08824e-04 | 32  0.00310 -2.62817e-04 | 33  0.00335 -7.23944e-04
 34  0.00371 -9.17393e-04 | 35  0.00726 -1.19200e-03 | 36  0.00083 -3.76077e-04
 37  0.00195 -2.20313e-05 | 38  0.00396 -7.07663e-05 | 39  0.00265 -9.26413e-05
 40  0.00430 -1.33298e-04 | 41  0.00124  1.61934e-04 | 42 -0.00415 -1.91139e-05
 43  0.00347 -1.19458e-03 | 44  0.00067 -1.33750e-03 | 45 -0.00090 -1.08462e-03
 46 -0.00089 -4.03990e-03 | 47  0.16966 -2.95896e-03 | 48 -0.08051 -2.31413e-03
 49 -0.06830 -1.29764e-03 | 50 -0.05849 -4.49480e-04 | 51 -0.04533 -7.86516e-04
 52 -0.03968 -3.75360e-04 | 53 -0.03697 -4.46938e-04 | 54 -0.02760 -6.59858e-04
 55 -0.01264 -5.18631e-04 | 56 -0.00272 -1.84151e-04 | 57  0.00492 -2.92677e-04
 58  0.01592 -8.92932e-05 | 59  0.02085  7.37874e-04 | 60  0.02134  8.81117e-04
 61  0.02011  1.03543e-03 | 62  0.01759  1.27345e-03 | 63  0.01676  1.60895e-03
 64  0.01433  1.37001e-03 | 65  0.01464  1.01296e-03 | 66  0.01865  9.00252e-04
 67  0.02150  1.16994e-03 | 68  0.02024  1.01200e-03 | 69  0.02073  9.19662e-04
 70  0.02594  4.65078e-04 | 71  0.03097  4.85070e-04 | 72  0.02753 -9.82946e-04
 73  0.02191 -3.04333e-03 | 74  0.01893 -1.85121e-03 | 75  0.01893  1.17264e-04
 76  0.17095 -2.61808e-03 | 77 -0.56207  5.93877e-03 | 78 -0.41181 -1.50159e-03
2 0 25086.2
2 0 25086.2

 - final statistics:
78 variables; iteration 122; function evaluation 151
Function value   2.5086e+04; maximum gradient component mag   9.0731e-04
Exit code = 1;  converg criter   1.0000e-03
Var   Value    Gradient   |Var   Value    Gradient   |Var   Value    Gradient
  1 -0.66430 -3.93453e-05 |  2 -0.38359 -4.12079e-06 |  3  0.25083 -2.06133e-04
  4  0.18727 -5.39814e-05 |  5  0.13431 -2.46422e-05 |  6  0.09650 -1.30407e-05
  7  0.06883 -8.98452e-06 |  8  0.04784 -7.10184e-06 |  9  0.03148 -3.78616e-06
 10  0.01849 -2.83734e-06 | 11  0.00811 -3.78175e-06 | 12 -0.00018 -1.98689e-06
 13 -0.00672 -3.70339e-06 | 14 -0.01173  5.10454e-07 | 15 -0.01537 -1.58666e-06
 16 -0.01774 -2.92256e-06 | 17 -0.01891 -4.84616e-07 | 18  0.06053  1.25935e-04
 19 -0.00999  4.24316e-04 | 20  0.00012 -6.06064e-05 | 21 -0.00157 -6.19372e-05
 22 -0.00354 -1.88200e-05 | 23 -0.00162 -4.75859e-05 | 24  0.00100 -5.64040e-05
 25 -0.00367 -8.98247e-06 | 26 -0.00856  2.98607e-05 | 27 -0.00279  2.88049e-06
 28 -0.00166  6.60365e-06 | 29 -0.00497 -1.59758e-05 | 30 -0.00050 -6.02921e-05
 31  0.00720 -9.10321e-05 | 32  0.00310 -3.86112e-05 | 33  0.00335 -1.19775e-05
 34  0.00371  2.80140e-05 | 35  0.00726  7.50691e-05 | 36  0.00083  1.63878e-05
 37  0.00195 -3.11150e-05 | 38  0.00396 -7.92509e-05 | 39  0.00265 -9.59166e-05
 40  0.00430 -8.25944e-05 | 41  0.00124 -3.28512e-05 | 42 -0.00415 -1.00812e-05
 43  0.00347  5.84748e-05 | 44  0.00067  8.01102e-05 | 45 -0.00090  5.40462e-05
 46 -0.00089  1.76880e-04 | 47  0.16966  9.07307e-04 | 48 -0.08051 -1.97753e-04
 49 -0.06830 -2.42987e-05 | 50 -0.05849  5.43777e-05 | 51 -0.04533  9.22865e-05
 52 -0.03968  1.12394e-04 | 53 -0.03697  7.58619e-05 | 54 -0.02760  3.42717e-05
 55 -0.01264  3.62452e-05 | 56 -0.00272  5.83371e-05 | 57  0.00492  4.77766e-05
 58  0.01592  4.90721e-05 | 59  0.02085  6.64650e-05 | 60  0.02134  2.51066e-05
 61  0.02011 -4.61874e-05 | 62  0.01759 -9.32383e-05 | 63  0.01676 -1.27735e-04
 64  0.01433 -8.85716e-05 | 65  0.01464 -3.93657e-05 | 66  0.01865 -1.23234e-05
 67  0.02150  1.83053e-05 | 68  0.02024 -7.83473e-08 | 69  0.02073 -2.39559e-05
 70  0.02594 -6.53976e-05 | 71  0.03097 -8.87822e-05 | 72  0.02753 -9.22529e-06
 73  0.02191  1.09566e-04 | 74  0.01893  8.17078e-07 | 75  0.01893 -4.09387e-05
 76  0.17095 -6.79528e-05 | 77 -0.56207 -1.04124e-04 | 78 -0.41181  3.14518e-05
2 0 25086.2
B013473.2
0.3 0.816338
0.699718 0.666567
1.3326 0.525191
1.99962 0.432855
2.47299 0.385441
2.72341 0.364341
2.835 0.355652
2.88078 0.352202
2.8989 0.350854
2.90598 0.350331
2.90873 0.350128
2.90979 0.35005
2.9102 0.350019
2.91036 0.350007
2.91042 0.350003
2.91045 0.350001
2.91045 0.35
2.91046 0.35
2.91046 0.35
2.91046 0.35
2.91046 0.35
Survey Bio19.7332
Survey len12367.4
CPUE21.5549
Catch3.07455
Catch len12653.7
initsmo_penal15.7836
F_pen1.41322
Rec_pen3.58871
M_pen0


Starting time: Mon Oct 15 15:01:06 2018
Finishing time: Mon Oct 15 15:01:13 2018
This run took: 0 hours, 0 minutes, 7 seconds.

