survYears 69 70 71 72 73 74 75 76 77 78 79 80 81 82 83 84 85 86 87 88 89 90 91 92 93 94 95 96
SurvLenYear 69 70 71 72 73 74 75 76 77 78 79 80 81 82 83 84 85 86 87 88 89 90 91 92 93 94 95 96
catchBiomass 7293.28 7350.76 7454.79 9012.4 11350.2 13608.8 15547.3 18406 29235.4 36312.2 48491.1 54747.6 77137.4 103296 116397 91307.9 77319.3 82086.8 81491.1 86851.9 78502.9 84644.1 91588 95000.1 108066 109980 118836 99192.2
steep0.999
25
Out
1 0 40250.2

Initial statistics: 73 variables; iteration 0; function evaluation 0; phase 1
Function value   4.0250225e+04; maximum gradient component mag  -4.7154e+05
Var   Value    Gradient   |Var   Value    Gradient   |Var   Value    Gradient
  1  0.24892 -3.51966e+02 |  2  0.24051  1.11493e+03 |  3  0.22009  1.46088e+03
  4  0.21504  1.84063e+03 |  5  0.19955  1.52593e+03 |  6  0.18426  1.21698e+03
  7  0.17350  1.12445e+03 |  8  0.14331  4.91106e+02 |  9  0.14151  6.64533e+02
 10  0.11600  2.26484e+02 | 11  0.12717  5.63998e+02 | 12  0.10574  2.76516e+02
 13  0.08819  1.37022e+02 | 14  0.08894  9.73493e+01 | 15  0.12213  5.43492e+02
 16  0.00708 -2.26302e+04 | 17  0.00000 -9.99295e+03 | 18  0.00000  3.72852e+03
 19  0.00000  4.27136e+03 | 20  0.00000  5.64373e+03 | 21  0.00000  4.74330e+03
 22  0.00000  4.61907e+03 | 23  0.00000  6.60487e+03 | 24  0.00000  1.00312e+04
 25  0.00000  5.88100e+03 | 26  0.00000  6.09800e+03 | 27  0.00000  4.22151e+03
 28  0.00000  7.01881e+03 | 29  0.00000  4.09396e+03 | 30  0.00000 -5.39921e+02
 31  0.00000 -6.04870e+03 | 32  0.00000 -3.60833e+03 | 33  0.00000 -3.01698e+02
 34  0.00000 -1.18786e+03 | 35  0.00000 -3.36938e+02 | 36  0.00000 -2.31359e+03
 37  0.00000  6.48522e+02 | 38  0.00000  2.94879e+02 | 39  0.00000 -2.83533e+02
 40  0.00000  4.87046e+02 | 41  0.00000 -1.88605e+03 | 42  0.00000 -3.99341e+03
 43  0.00000 -1.27928e+04 | 44  0.00000 -2.51000e+04 | 45  0.11135 -4.71536e+05
 46  0.00000  5.19437e+04 | 47  0.00000  4.51791e+04 | 48  0.00000  3.96191e+04
 49  0.00000  3.34639e+04 | 50  0.00000  2.86390e+04 | 51  0.00000  2.14673e+04
 52  0.00000  1.12542e+04 | 53  0.00000  3.14095e+03 | 54  0.00000 -3.03574e+03
 55  0.00000 -8.13215e+03 | 56  0.00000 -1.61224e+04 | 57  0.00000 -2.20480e+04
 58  0.00000 -2.08639e+04 | 59  0.00000 -1.52351e+04 | 60  0.00000 -1.30009e+04
 61  0.00000 -1.40349e+04 | 62  0.00000 -1.44091e+04 | 63  0.00000 -1.47698e+04
 64  0.00000 -1.49807e+04 | 65  0.00000 -1.66187e+04 | 66  0.00000 -1.81026e+04
 67  0.00000 -1.98138e+04 | 68  0.00000 -2.14674e+04 | 69  0.00000 -2.14417e+04
 70  0.00000 -1.66433e+04 | 71  0.00000 -2.46537e+03 | 72  0.00000  1.56760e+04
 73  0.00000  2.28020e+04 |
1 0 40250.2
1 0 40250
1 0 40248
1 0 40228
1 0 40029.2
1 0 38152
1 0 34552.9
1 0 37373.8
1 0 33038.3
1 0 32285.5
1 0 31832.2
1 0 31295.8
1 0 30664.3
1 0 31085.5
1 0 30423.5
1 0 30141.7
1 0 29705.4
1 0 29736.8
1 0 29485.7

Intermediate statistics: 73 variables; iteration 10; function evaluation 19; phase 1
Function value   2.9485697e+04; maximum gradient component mag  -1.4575e+05
Var   Value    Gradient   |Var   Value    Gradient   |Var   Value    Gradient
  1  0.31132  1.61156e+03 |  2  0.27785 -3.90560e+02 |  3  0.22466  1.15391e+01
  4  0.21050  2.32375e+02 |  5  0.19590  2.29422e+02 |  6  0.18165  1.97753e+02
  7  0.16848  2.02663e+02 |  8  0.14511  6.35112e+01 |  9  0.13699  1.29467e+02
 10  0.11961  8.83090e+00 | 11  0.12168  1.37499e+02 | 12  0.10531  5.17430e+01
 13  0.09018 -1.69198e+01 | 14  0.09261 -2.57887e+01 | 15  0.11637  1.53164e+02
 16  0.22876  1.70158e+04 | 17 -0.01365 -1.28524e+03 | 18 -0.03815 -1.98254e+03
 19 -0.03801  1.36430e+03 | 20 -0.03443 -7.63937e+02 | 21 -0.01885  4.24284e+02
 22 -0.02219  4.75482e+02 | 23 -0.01797  9.55624e+02 | 24  0.02150  3.68483e+03
 25  0.02015  5.05392e+03 | 26  0.00507  7.62111e+03 | 27  0.10488 -2.92060e+03
 28  0.24215 -6.14546e+02 | 29  0.03596  1.42236e+04 | 30 -0.01704 -2.96735e+01
 31 -0.05925 -1.12906e+04 | 32 -0.05358 -4.67324e+03 | 33  0.00604  2.36891e+03
 34  0.01649  8.06367e+02 | 35  0.00220  1.85833e+03 | 36 -0.00384 -8.87787e+02
 37  0.01776  2.75618e+03 | 38  0.00429  1.45759e+03 | 39  0.01643  4.45594e+02
 40  0.02012  7.01947e+02 | 41  0.01296  5.02511e+02 | 42 -0.02153 -3.05483e+03
 43 -0.06986 -8.17662e+03 | 44 -0.11355 -9.54695e+03 | 45  0.12469 -1.45749e+05
 46 -0.03906  8.69476e+03 | 47 -0.04457  3.57946e+03 | 48 -0.05369  5.56396e+02
 49 -0.02726  8.96842e+02 | 50 -0.02504 -4.96065e+02 | 51 -0.06660 -2.59973e+03
 52 -0.02203 -2.27043e+03 | 53  0.00687 -1.14773e+03 | 54  0.01746 -4.80167e+03
 55 -0.14365 -7.99332e+02 | 56  0.01383 -5.60763e+03 | 57  0.05218  5.27137e+03
 58  0.06569 -1.17039e+04 | 59 -0.12222 -1.74924e+03 | 60 -0.10049 -3.55997e+03
 61  0.00845 -2.36682e+03 | 62  0.02637 -3.48946e+03 | 63  0.04382  9.50440e+01
 64 -0.02201 -3.19539e+03 | 65  0.03667 -1.34376e+03 | 66  0.03825 -1.52421e+03
 67  0.00017 -1.90196e+03 | 68  0.04551  1.01130e+03 | 69  0.04724  3.45897e+03
 70  0.07117  5.16273e+03 | 71  0.09088  6.67444e+03 | 72  0.10427  6.84405e+03
 73 -0.00330  6.44848e+03 |
1 0 29327.2
1 0 29187.3
1 0 29130.9
1 0 29041.3
1 0 28893.5
1 0 28857.4
1 0 28796
1 0 28843.2
1 0 28756.1
1 0 28707.3
1 0 28686
1 0 28652.8
73 variables; iteration 20; function evaluation 31; phase 1
Function value   2.8652799e+04; maximum gradient component mag  -1.1167e+05
Var   Value    Gradient   |Var   Value    Gradient   |Var   Value    Gradient
  1  0.32630  2.90983e+02 |  2  0.32623  5.41704e+01 |  3  0.22727 -7.00274e+01
  4  0.19304  5.94475e+01 |  5  0.17942  1.21973e+02 |  6  0.16790  1.31043e+02
  7  0.15287  8.38745e+01 |  8  0.14244  1.04915e+02 |  9  0.12608  2.63658e+01
 10  0.12156  8.58887e+01 | 11  0.10945  3.42361e+01 | 12  0.10186  4.69714e+01
 13  0.09290 -6.68604e+00 | 14  0.09691  3.36996e+01 | 15  0.10281  6.56445e+01
 16  0.26096  1.18085e+04 | 17 -0.01555  3.00702e+03 | 18 -0.06079 -3.09263e+03
 19 -0.06123 -9.14494e+02 | 20 -0.05314 -3.34595e+03 | 21 -0.03268 -3.00929e+02
 22 -0.03520  3.62113e+02 | 23 -0.02751 -4.10164e+02 | 24 -0.00555  4.18020e+03
 25 -0.01176  7.18474e+02 | 26 -0.01824 -5.27834e+02 | 27  0.18872 -2.07043e+03
 28  0.49206  1.63017e+03 | 29  0.00804  6.85069e+03 | 30 -0.03288 -1.00438e+03
 31 -0.04381  2.81923e+03 | 32 -0.01087 -1.31425e+03 | 33  0.00044  1.60676e+03
 34 -0.01047  3.38573e+03 | 35  0.00012  4.48719e+02 | 36  0.00104  2.65770e+03
 37 -0.01103  1.86560e+02 | 38 -0.00439  7.75698e+01 | 39 -0.00174 -7.05358e+02
 40 -0.00256  1.74345e+01 | 41 -0.00248 -1.77030e+03 | 42 -0.02883 -2.99875e+03
 43 -0.06228 -3.13214e+03 | 44 -0.10804 -6.75226e+03 | 45  0.12526 -1.11665e+05
 46 -0.05158  9.63264e+02 | 47 -0.05429 -8.65488e+02 | 48 -0.06006 -1.60357e+03
 49 -0.02425  3.99470e+02 | 50 -0.03085 -1.53955e+03 | 51 -0.05689 -3.04666e+03
 52 -0.00699 -3.13074e+03 | 53 -0.00256 -4.91458e+03 | 54  0.01319 -2.45097e+03
 55 -0.26534 -6.59622e+02 | 56  0.02081  3.44420e+01 | 57  0.06473  1.06733e+04
 58  0.05620  9.58107e+02 | 59 -0.13044 -3.03880e+03 | 60 -0.02534 -3.57968e+03
 61  0.04834  2.82395e+03 | 62  0.00622 -4.64664e+03 | 63  0.02690 -4.22439e+03
 64  0.03369 -2.51563e+03 | 65  0.02927 -3.23992e+03 | 66  0.01476 -2.98951e+03
 67  0.04337  2.95964e+02 | 68  0.02419 -9.17115e+02 | 69  0.05121  3.03191e+03
 70  0.06471  7.11681e+03 | 71  0.08065  5.95489e+03 | 72  0.10421  6.25487e+03
 73  0.01868  4.92158e+03 |
1 0 28609.2
1 0 28555.5
1 0 28475.8
1 0 28402.8
1 0 28426.5
1 0 28368.5
1 0 28391.5
1 0 28355.1
1 0 28376.7
1 0 28351.4
1 0 28353.2
1 0 28349.8
1 0 28348.6
1 0 28349
1 0 28348.2
73 variables; iteration 30; function evaluation 46; phase 1
Function value   2.8348352e+04; maximum gradient component mag  -9.1286e+04
Var   Value    Gradient   |Var   Value    Gradient   |Var   Value    Gradient
  1  0.32194  8.87678e+02 |  2  0.33372  1.07743e+03 |  3  0.23281  6.24317e+01
  4  0.17330 -3.76138e+01 |  5  0.15569  6.06310e+01 |  6  0.14591  9.40333e+01
  7  0.13234  2.58598e+01 |  8  0.13224  1.34580e+02 |  9  0.11376 -1.61966e+01
 10  0.11698  1.40771e+02 | 11  0.09556 -2.98155e+01 | 12  0.09538  3.93488e+01
 13  0.09553  3.37719e+01 | 14  0.09812  9.45164e+01 | 15  0.08558 -6.54134e+00
 16  0.27498  8.66041e+03 | 17 -0.02231 -1.02764e+03 | 18 -0.05932  3.29001e+03
 19 -0.06399 -1.32995e+03 | 20 -0.05039 -2.88109e+03 | 21 -0.03337 -5.38922e+02
 22 -0.03415  1.35761e+03 | 23 -0.01886  3.10007e+03 | 24  0.00484  5.08635e+03
 25 -0.00506  4.05784e+03 | 26 -0.02917 -3.02284e+03 | 27  0.13690 -2.53035e+03
 28  0.61328  2.37034e+03 | 29 -0.00659  1.42999e+03 | 30 -0.04477 -2.55248e+03
 31 -0.04884 -2.28350e+03 | 32 -0.02801  2.87015e+00 | 33 -0.02548 -3.73656e+03
 34 -0.03829 -2.12443e+03 | 35 -0.01289  1.14821e+03 | 36 -0.00135  1.90186e+03
 37 -0.01475  1.49071e+03 | 38 -0.00595  6.99613e+02 | 39  0.00513  1.77484e+03
 40  0.01501  3.90575e+03 | 41  0.00324 -4.50160e+02 | 42 -0.02081 -1.85844e+03
 43 -0.04341 -6.05935e+02 | 44 -0.07613 -5.82307e+03 | 45  0.12346 -9.12862e+04
 46 -0.05737 -2.42703e+03 | 47 -0.06191 -3.72364e+03 | 48 -0.05290 -2.40302e+03
 49 -0.02165  6.44802e+02 | 50 -0.03307 -1.79379e+03 | 51 -0.03807 -3.18559e+03
 52 -0.01904 -3.25861e+03 | 53  0.01421 -3.66334e+03 | 54  0.01692  1.13129e+03
 55 -0.44374 -5.01950e+02 | 56  0.01761 -4.15929e+03 | 57  0.06786  8.57308e+03
 58  0.04796  2.41688e+03 | 59 -0.00653 -3.69980e+03 | 60  0.00957 -2.81979e+03
 61  0.04668  4.06796e+03 | 62  0.00933 -2.01564e+03 | 63  0.01342 -2.18555e+03
 64  0.04197  2.45188e+02 | 65  0.03276 -1.87023e+03 | 66  0.01096 -3.53454e+03
 67  0.04386  3.95060e+02 | 68  0.03192  1.12764e+02 | 69  0.05719  4.66604e+03
 70  0.06457  9.70099e+03 | 71  0.05341  1.68514e+03 | 72  0.07366  3.85163e+03
 73  0.04655  4.27669e+03 |
1 0 28347.4
1 0 28346.2
1 0 28344.5
1 0 28344.1
1 0 28343
1 0 28341.9
1 0 28340.5
1 0 28339.3
1 0 28337.7
1 0 28336
73 variables; iteration 40; function evaluation 56; phase 1
Function value   2.8336271e+04; maximum gradient component mag  -9.0816e+04
Var   Value    Gradient   |Var   Value    Gradient   |Var   Value    Gradient
  1  0.31644  6.36671e+02 |  2  0.31607  8.13429e+02 |  3  0.22042  6.25957e+01
  4  0.15724 -2.52838e+01 |  5  0.12680 -1.72817e+00 |  6  0.11370  3.38644e+01
  7  0.10473  5.00521e+00 |  8  0.10767  9.68310e+01 |  9  0.09658  2.06743e+00
 10  0.09805  1.08094e+02 | 11  0.08077 -3.54045e+01 | 12  0.08436  2.88005e+01
 13  0.09049  7.30213e+01 | 14  0.08769  1.00388e+02 | 15  0.06707 -4.13014e+01
 16  0.27407  8.95509e+03 | 17 -0.02706 -7.45235e+02 | 18 -0.05816  3.53505e+03
 19 -0.06223 -1.40340e+03 | 20 -0.04998 -3.12633e+03 | 21 -0.03406 -5.85067e+02
 22 -0.03388  1.39678e+03 | 23 -0.01775  3.16669e+03 | 24  0.00523  5.16330e+03
 25 -0.00487  4.21142e+03 | 26 -0.02878 -3.09546e+03 | 27  0.13752 -2.54795e+03
 28  0.61513  2.35409e+03 | 29 -0.00609  1.58517e+03 | 30 -0.04437 -2.40241e+03
 31 -0.04877 -1.95557e+03 | 32 -0.02861 -3.08147e+01 | 33 -0.02555 -4.00925e+03
 34 -0.03839 -2.25925e+03 | 35 -0.01260  1.01845e+03 | 36 -0.00015  2.43401e+03
 37 -0.01438  1.54301e+03 | 38 -0.00645  4.50858e+02 | 39  0.00514  1.79308e+03
 40  0.01518  3.73475e+03 | 41  0.00350 -3.74529e+02 | 42 -0.02162 -2.37497e+03
 43 -0.04344 -1.56584e+02 | 44 -0.07804 -5.68047e+03 | 45  0.12487 -9.08161e+04
 46 -0.05989 -2.74074e+03 | 47 -0.05997 -3.60077e+03 | 48 -0.05172 -2.13309e+03
 49 -0.02335  7.56105e+02 | 50 -0.03364 -1.65562e+03 | 51 -0.04208 -3.32782e+03
 52 -0.01730 -3.17178e+03 | 53  0.01246 -3.80622e+03 | 54  0.01588  9.09155e+02
 55 -0.44447 -5.29530e+02 | 56  0.01714 -3.66118e+03 | 57  0.06682  8.58844e+03
 58  0.04718  2.15107e+03 | 59 -0.00918 -3.97653e+03 | 60  0.00651 -3.32837e+03
 61  0.04535  3.37749e+03 | 62  0.00797 -2.12734e+03 | 63  0.01125 -2.26591e+03
 64  0.04134  1.17016e+02 | 65  0.03116 -2.38773e+03 | 66  0.01107 -3.56626e+03
 67  0.04232  3.60312e+02 | 68  0.03090  1.17658e+02 | 69  0.05668  5.08773e+03
 70  0.06414  1.05000e+04 | 71  0.05398  2.05774e+03 | 72  0.07612  3.95682e+03
 73  0.06872  4.34112e+03 |
1 0 28334.2
1 0 28335.9
1 0 28333.8
1 0 28333.1
1 0 28333.1
1 0 28332.7
1 0 28332.2
1 0 28332.4
1 0 28332.2
1 0 28331.8
1 0 28331.1
1 0 28330.3
1 0 28330
73 variables; iteration 50; function evaluation 69; phase 1
Function value   2.8330125e+04; maximum gradient component mag  -8.8889e+04
Var   Value    Gradient   |Var   Value    Gradient   |Var   Value    Gradient
  1  0.31664  6.50224e+02 |  2  0.31809  9.25006e+02 |  3  0.21943  7.91181e+01
  4  0.14795 -6.41809e+01 |  5  0.11725  3.64942e+00 |  6  0.09912  1.70256e+01
  7  0.08637 -2.72224e+01 |  8  0.09085  9.11276e+01 |  9  0.07832 -3.38528e+01
 10  0.08486  1.07147e+02 | 11  0.06947 -4.24604e+01 | 12  0.07485  4.16989e+01
 13  0.07677  4.46651e+01 | 14  0.07500  8.26306e+01 | 15  0.05783 -3.49089e+01
 16  0.27349  8.76912e+03 | 17 -0.02691 -8.69139e+02 | 18 -0.05811  3.68031e+03
 19 -0.06284 -1.85533e+03 | 20 -0.05011 -3.12335e+03 | 21 -0.03366 -6.30401e+02
 22 -0.03296  1.51261e+03 | 23 -0.01840  3.25323e+03 | 24  0.00516  4.97402e+03
 25 -0.00410  4.37452e+03 | 26 -0.02897 -3.23991e+03 | 27  0.13893 -2.52739e+03
 28  0.61256  2.35080e+03 | 29 -0.00653  1.34133e+03 | 30 -0.04500 -2.60796e+03
 31 -0.04885 -1.93836e+03 | 32 -0.02792  9.93987e+01 | 33 -0.02482 -3.80633e+03
 34 -0.03778 -1.87459e+03 | 35 -0.01269  8.66088e+02 | 36 -0.00082  2.24585e+03
 37 -0.01533  1.06247e+03 | 38 -0.00637  5.66739e+02 | 39  0.00529  1.46270e+03
 40  0.01585  3.97631e+03 | 41  0.00379 -2.52735e+02 | 42 -0.02175 -2.35755e+03
 43 -0.04405 -8.20427e+01 | 44 -0.07970 -5.95710e+03 | 45  0.12477 -8.88886e+04
 46 -0.05991 -2.85774e+03 | 47 -0.05959 -3.52596e+03 | 48 -0.05190 -2.07782e+03
 49 -0.02308  1.17682e+03 | 50 -0.03291 -1.45430e+03 | 51 -0.03745 -3.12604e+03
 52 -0.02114 -3.29839e+03 | 53  0.01359 -3.57570e+03 | 54  0.01610  1.15124e+03
 55 -0.44491 -6.28611e+02 | 56  0.01695 -3.97827e+03 | 57  0.06716  8.76701e+03
 58  0.04700  2.25871e+03 | 59 -0.01037 -4.12453e+03 | 60  0.00612 -3.50523e+03
 61  0.04533  2.82594e+03 | 62  0.00707 -2.64613e+03 | 63  0.01239 -2.43249e+03
 64  0.04095 -1.42364e+02 | 65  0.03156 -2.11304e+03 | 66  0.00968 -3.65812e+03
 67  0.04288  5.69035e+02 | 68  0.03166  3.84382e+02 | 69  0.05680  4.99968e+03
 70  0.06428  1.02270e+04 | 71  0.05505  1.93557e+03 | 72  0.07701  3.81325e+03
 73  0.06363  4.18345e+03 |
1 0 28329.3
1 0 28329.7
1 0 28329.1
1 0 28328.7
1 0 28328
1 0 28326.8
1 0 28326.2
1 0 28325.1
1 0 28317.1
1 0 28329.4
1 0 28314.3
1 0 28311.5
1 0 28306.6
73 variables; iteration 60; function evaluation 82; phase 1
Function value   2.8306789e+04; maximum gradient component mag  -9.0466e+04
Var   Value    Gradient   |Var   Value    Gradient   |Var   Value    Gradient
  1  0.31600  6.16589e+02 |  2  0.31938  9.96901e+02 |  3  0.23053  1.48671e+02
  4  0.16645 -2.96022e+01 |  5  0.14360  5.82622e+01 |  6  0.12755  1.09132e+02
  7  0.09810 -2.30037e+01 |  8  0.08756  1.05295e+02 |  9  0.05496 -3.26319e+01
 10  0.03736  3.76092e+01 | 11  0.01198 -1.00412e+02 | 12  0.01879 -1.10163e+01
 13  0.03136  6.19136e+01 | 14  0.02869  7.53931e+01 | 15  0.00660 -6.70125e+01
 16  0.27300  8.62299e+03 | 17 -0.02706 -1.14954e+03 | 18 -0.05831  3.85359e+03
 19 -0.06326 -1.94134e+03 | 20 -0.05085 -3.23529e+03 | 21 -0.03430 -7.17883e+02
 22 -0.03316  1.48784e+03 | 23 -0.01766  3.21828e+03 | 24  0.00321  5.06794e+03
 25 -0.00333  4.35682e+03 | 26 -0.02700 -3.02745e+03 | 27  0.13779 -2.51134e+03
 28  0.61157  2.37869e+03 | 29 -0.00665  1.29647e+03 | 30 -0.04500 -2.54500e+03
 31 -0.04901 -2.27671e+03 | 32 -0.02767  3.21585e+02 | 33 -0.02451 -3.76200e+03
 34 -0.03793 -1.99486e+03 | 35 -0.01305  9.30881e+02 | 36 -0.00045  2.17283e+03
 37 -0.01420  1.38180e+03 | 38 -0.00557  6.80660e+02 | 39  0.00513  1.60566e+03
 40  0.01627  4.10934e+03 | 41  0.00340 -5.98530e+02 | 42 -0.02127 -2.20812e+03
 43 -0.04312 -8.35037e+00 | 44 -0.07992 -5.82001e+03 | 45  0.12590 -9.04658e+04
 46 -0.06079 -2.81107e+03 | 47 -0.06002 -3.42099e+03 | 48 -0.05296 -2.02736e+03
 49 -0.02394  1.23339e+03 | 50 -0.03533 -1.58928e+03 | 51 -0.03609 -2.74056e+03
 52 -0.02098 -3.21934e+03 | 53  0.01029 -4.08134e+03 | 54  0.01665  1.24563e+03
 55 -0.44322 -5.49348e+02 | 56  0.01622 -3.82847e+03 | 57  0.06630  8.66313e+03
 58  0.04579  2.25849e+03 | 59 -0.00976 -3.89696e+03 | 60  0.00442 -3.52157e+03
 61  0.04455  2.70009e+03 | 62  0.00690 -2.46211e+03 | 63  0.01029 -2.54797e+03
 64  0.03990 -1.95025e+02 | 65  0.03070 -2.13047e+03 | 66  0.01008 -3.53898e+03
 67  0.04198  4.72988e+02 | 68  0.02959  9.09267e+01 | 69  0.05586  4.74044e+03
 70  0.06299  1.01819e+04 | 71  0.05392  1.90282e+03 | 72  0.08057  4.22506e+03
 73  0.08109  4.34281e+03 |
1 0 28306.1
1 0 28304
1 0 28299.2
1 0 28290.6
1 0 28274.8
1 0 28248.6
1 0 28246
1 0 28234.1
1 0 28207
1 0 28156.3
1 0 28062.1
1 0 27889.1
73 variables; iteration 70; function evaluation 94; phase 1
Function value   2.7889273e+04; maximum gradient component mag  -9.2530e+04
Var   Value    Gradient   |Var   Value    Gradient   |Var   Value    Gradient
  1  0.31575  6.73182e+02 |  2  0.30362  4.14166e+02 |  3  0.21401  5.46417e+01
  4  0.15038 -8.58175e+01 |  5  0.13602 -2.91819e+01 |  6  0.15278  3.12333e+02
  7  0.10915 -3.43436e+01 |  8  0.09228  3.00389e+01 |  9  0.07796 -1.19342e+01
 10  0.07629  1.47247e+02 | 11  0.03904 -8.75573e+01 | 12  0.03224  1.15183e+02
 13 -0.00568  4.24279e+01 | 14 -0.05493  1.00115e+02 | 15 -0.13475 -2.56635e+02
 16  0.26242  6.48207e+03 | 17 -0.02576  3.25765e+02 | 18 -0.05429  3.29594e+03
 19 -0.05903 -2.05022e+03 | 20 -0.04955 -2.34523e+03 | 21 -0.03238 -1.41705e+02
 22 -0.03218  1.18912e+03 | 23 -0.01979  2.45118e+03 | 24  0.00034  4.99718e+03
 25 -0.00462  3.44455e+03 | 26 -0.02581 -2.28594e+03 | 27  0.14232 -2.02865e+03
 28  0.57818  2.59885e+03 | 29 -0.00764 -5.16781e+02 | 30 -0.04391 -2.62217e+03
 31 -0.04786 -2.22373e+03 | 32 -0.02795  4.55245e+02 | 33 -0.02333 -2.89966e+03
 34 -0.03706 -2.54413e+03 | 35 -0.01454  1.00111e+03 | 36 -0.00157  9.65818e+02
 37 -0.01359  1.67358e+03 | 38 -0.00732  4.23768e+02 | 39  0.00530  1.77861e+03
 40  0.01646  4.33712e+03 | 41  0.00341 -9.31353e+02 | 42 -0.02020 -1.87441e+03
 43 -0.04193 -5.09961e+02 | 44 -0.07557 -5.19954e+03 | 45  0.12614 -9.25295e+04
 46 -0.06069 -2.21746e+03 | 47 -0.05069 -1.59851e+03 | 48 -0.05671 -2.04123e+03
 49 -0.02384  1.51631e+03 | 50 -0.03422 -1.10333e+03 | 51 -0.03255 -1.63259e+03
 52 -0.02201 -2.70515e+03 | 53  0.01062 -3.38845e+03 | 54  0.01510  1.33514e+03
 55 -0.42105 -3.47460e+02 | 56  0.01663 -3.29043e+03 | 57  0.06376  4.48664e+03
 58  0.04542  2.28257e+03 | 59 -0.01127 -3.89300e+03 | 60  0.00571 -3.40513e+03
 61  0.04248  1.56836e+03 | 62  0.00886 -2.18262e+03 | 63  0.00848 -2.87647e+03
 64  0.03948  1.45663e+02 | 65  0.02990 -1.60384e+03 | 66  0.01377 -3.01916e+03
 67  0.03996  6.16999e+02 | 68  0.02910 -2.24635e+02 | 69  0.05443  3.61758e+03
 70  0.06150  9.12668e+03 | 71  0.05297  2.04301e+03 | 72  0.07562  4.08771e+03
 73  0.06939  4.42195e+03 |
1 0 27580.4
1 0 27347.1
1 0 38990.5
1 0 27393.7
1 0 27311.7
1 0 27922.4
1 0 27309.7
1 0 27305.8
1 0 27266.9
1 0 26909.2
1 0 26193.2
1 0 25090.2
1 0 29922
1 0 24061.9
1 0 497455
1 0 23958.7
1 0 23886.7
1 0 24627.4
1 0 23880.9
1 0 23796.5
1 0 23473.3
73 variables; iteration 80; function evaluation 115; phase 1
Function value   2.3487864e+04; maximum gradient component mag  -4.1802e+04
Var   Value    Gradient   |Var   Value    Gradient   |Var   Value    Gradient
  1  0.25498 -2.61347e+03 |  2  0.23492 -1.49747e+03 |  3  0.18413 -2.13866e+02
  4  0.13203 -1.08644e+02 |  5  0.10322 -4.96309e+01 |  6  0.08403 -1.01681e+02
  7  0.09108  1.59867e+02 |  8  0.04231 -1.54880e+02 |  9  0.03785 -9.55045e-01
 10  0.03111  1.52803e+01 | 11  0.01742 -1.17114e+02 | 12  0.03712  1.86821e+01
 13  0.04821  4.19605e+02 | 14 -0.07130 -4.16097e+02 | 15 -0.06512  1.94151e+01
 16  0.12698 -7.44031e+03 | 17 -0.02368  3.76602e+03 | 18 -0.01915 -3.91824e+03
 19 -0.01908  6.17020e+01 | 20 -0.01934  1.49620e+03 | 21 -0.01988  5.50378e+02
 22 -0.01571  6.66842e+02 | 23 -0.02215 -1.57515e+03 | 24 -0.02202  1.68893e+03
 25 -0.01737 -3.02499e+03 | 26 -0.00240  1.39556e+03 | 27  0.20473  2.40144e+03
 28  0.03524 -1.43471e+03 | 29  0.01543  2.91826e+03 | 30 -0.00658 -1.55004e+03
 31 -0.01800 -9.08682e+03 | 32 -0.01749 -4.56062e+03 | 33 -0.00283  3.60054e+03
 34 -0.00118  4.81439e+02 | 35 -0.00974 -2.50452e+03 | 36 -0.00424 -7.36939e+02
 37 -0.00545 -5.50227e+02 | 38 -0.00221  1.33124e+03 | 39 -0.00196 -1.84777e+03
 40 -0.00453 -1.09159e+03 | 41  0.00704  5.82687e+02 | 42 -0.00114 -8.56985e+02
 43 -0.00753 -5.62830e+03 | 44 -0.02467 -3.41102e+03 | 45  0.14817 -4.18020e+04
 46 -0.04635  9.90007e+03 | 47 -0.04368  1.01551e+04 | 48 -0.03700  1.03888e+04
 49 -0.04326  3.18027e+03 | 50 -0.02880  6.66015e+03 | 51 -0.02319  6.60295e+03
 52 -0.02246  1.65637e+03 | 53 -0.00753  4.35687e+03 | 54 -0.02095 -1.05003e+03
 55 -0.04032  4.55221e+02 | 56  0.01596 -1.26586e+04 | 57  0.03511  5.64703e+02
 58  0.02941  1.36779e+03 | 59  0.02742  1.01833e+04 | 60  0.00727  3.21857e+03
 61  0.00941 -4.87696e+02 | 62  0.01653 -1.16136e+03 | 63  0.01023 -1.98402e+03
 64  0.00991 -2.53924e+03 | 65  0.01159 -3.52242e+03 | 66  0.00463 -6.30794e+03
 67  0.01831 -5.47213e+03 | 68  0.00011 -6.75579e+03 | 69  0.02292 -7.77177e+03
 70  0.01488 -7.82729e+03 | 71  0.02864 -2.82161e+03 | 72  0.04108  1.25973e+03
 73  0.02716  2.39227e+03 |
1 0 23186.2
1 0 22920
1 0 22691.3
1 0 22507
1 0 22395
1 0 22297.4
1 0 22220.9
1 0 22165.2
1 0 22136.1
1 0 22096.7
73 variables; iteration 90; function evaluation 125; phase 1
Function value   2.2096730e+04; maximum gradient component mag   2.2796e+03
Var   Value    Gradient   |Var   Value    Gradient   |Var   Value    Gradient
  1  0.28261 -4.27630e+02 |  2  0.25605 -2.82499e+02 |  3  0.17147 -8.11937e+01
  4  0.11349 -3.25426e+01 |  5  0.07467  8.53848e-01 |  6  0.04114 -1.90062e+01
  7  0.01608 -1.37081e+01 |  8 -0.00329 -2.44971e+01 |  9 -0.01428 -5.40535e+00
 10 -0.02281 -1.47920e+01 | 11 -0.02621 -2.10653e+01 | 12 -0.02261 -2.94955e+00
 13 -0.01740  1.40841e+01 | 14 -0.01558 -1.75331e+01 | 15 -0.00760  3.01708e+01
 16  0.16604  2.11153e+03 | 17 -0.02744  7.07056e+02 | 18 -0.02638 -1.93789e+02
 19 -0.02664 -8.73874e+01 | 20 -0.02523  1.69010e+02 | 21 -0.01913 -1.43387e+01
 22 -0.01515  1.49291e+02 | 23 -0.01454 -9.36732e+01 | 24 -0.01353 -1.00980e+02
 25 -0.00379  3.27445e+02 | 26  0.00506  2.27962e+03 | 27  0.09505  1.69264e+03
 28  0.01672 -8.28604e+01 | 29 -0.00784 -1.03073e+03 | 30 -0.00480 -1.85861e+02
 31 -0.00186 -1.04390e+03 | 32  0.00107 -5.45844e+01 | 33  0.00186  2.45477e+02
 34  0.00201 -4.62333e+02 | 35  0.00218 -2.48582e+02 | 36  0.00850 -3.36863e+01
 37  0.00520 -1.45600e+02 | 38  0.00747  2.49740e+01 | 39  0.01155  3.72041e+02
 40  0.01124  4.50035e+02 | 41  0.01288 -8.12389e+02 | 42  0.01140  5.15256e+02
 43  0.00721 -1.49859e+02 | 44 -0.01172 -1.49379e+03 | 45  0.15229 -1.65731e+03
 46 -0.06292  2.19025e+02 | 47 -0.05552  1.22423e+03 | 48 -0.05545 -4.62489e+02
 49 -0.04684 -8.20958e+02 | 50 -0.04071 -6.89612e+01 | 51 -0.03704 -2.22793e+02
 52 -0.02463 -2.35540e+01 | 53 -0.01236  4.21136e+02 | 54 -0.01296 -1.72714e+03
 55 -0.03028 -7.19815e+02 | 56  0.03037  3.09806e+02 | 57  0.01944 -6.71955e+02
 58  0.02739  1.78605e+03 | 59  0.01826  1.52781e+03 | 60  0.01220  8.56744e+02
 61  0.01424  6.40665e+02 | 62  0.01402  3.33017e+02 | 63  0.01309 -2.07222e+02
 64  0.01596  3.09281e+02 | 65  0.01551  1.01631e+02 | 66  0.01573 -3.23376e+02
 67  0.01997  1.64033e+01 | 68  0.01868 -1.68819e+03 | 69  0.02596 -2.12938e+02
 70  0.02800 -1.55913e+02 | 71  0.02644 -1.17329e+03 | 72  0.03213 -2.80635e+02
 73  0.02969  3.17009e+01 |
1 0 21822.4
1 0 44269.1
1 0 21621.6
1 0 21590.9
1 0 22595.7
1 0 21581.4
1 0 21563.6
1 0 21459.8
1 0 21304.4
1 0 21220.8
1 0 21212.3
1 0 21199.7
1 0 21192.6
1 0 21187.7
1 0 21186.4
73 variables; iteration 100; function evaluation 140; phase 1
Function value   2.1186385e+04; maximum gradient component mag  -1.5749e+03
Var   Value    Gradient   |Var   Value    Gradient   |Var   Value    Gradient
  1  0.28168 -2.48190e+02 |  2  0.25257 -1.46463e+02 |  3  0.17549 -2.08687e+01
  4  0.12009 -9.44650e+00 |  5  0.08255 -6.74069e+00 |  6  0.05539 -7.41179e+00
  7  0.03514 -4.07371e+00 |  8  0.01912 -6.33817e+00 |  9  0.00715 -3.06629e+00
 10 -0.00225 -2.82704e+00 | 11 -0.00945 -1.81958e+00 | 12 -0.01492 -3.19521e+00
 13 -0.01839  1.65972e-01 | 14 -0.02094 -3.13151e+00 | 15 -0.02162  8.27670e-01
 16  0.14232  1.83014e+02 | 17 -0.02856  4.10979e+02 | 18 -0.02447 -3.03087e+02
 19 -0.02373 -3.25320e+01 | 20 -0.02050 -1.20106e+01 | 21 -0.01484 -3.46176e+01
 22 -0.01276 -5.22526e+01 | 23 -0.01206 -8.69686e+01 | 24 -0.01212  4.04142e+01
 25 -0.00622 -1.08518e+02 | 26 -0.00726  1.67394e+01 | 27 -0.00316 -8.02756e+01
 28 -0.00308  4.59232e+01 | 29 -0.00148  2.90296e+01 | 30 -0.00038  1.52040e+02
 31  0.00592  2.57916e+02 | 32  0.00633 -3.15894e+00 | 33  0.00590  6.22149e+01
 34  0.00829 -3.82898e+01 | 35  0.00794  1.94756e+01 | 36  0.01205 -1.48048e+02
 37  0.00962  1.73377e+00 | 38  0.01068 -3.43181e+01 | 39  0.01370 -1.47035e+02
 40  0.01439  2.16522e+00 | 41  0.01668 -1.54804e+02 | 42  0.01635  8.18456e+01
 43  0.01982 -7.63006e+01 | 44  0.02300  2.26102e+02 | 45  0.15151 -1.57486e+03
 46 -0.06288  5.20903e+01 | 47 -0.05827  9.80223e+00 | 48 -0.05356 -6.57363e+01
 49 -0.04400 -1.70562e+01 | 50 -0.04027  5.20264e+01 | 51 -0.03549  1.16684e+01
 52 -0.02220  1.17768e+01 | 53 -0.01014 -5.51613e+01 | 54 -0.00387 -7.78047e+01
 55 -0.00086  5.96205e+01 | 56  0.01134  4.38432e+02 | 57  0.02207 -2.15520e+02
 58  0.02378 -4.51370e+02 | 59  0.01822  9.87998e+01 | 60  0.01255  2.64998e+01
 61  0.01281 -2.57287e+02 | 62  0.01407 -7.15678e+01 | 63  0.01498 -7.67804e+01
 64  0.01547 -1.35717e+01 | 65  0.01621  1.24462e+02 | 66  0.01717 -5.37196e+01
 67  0.01907  6.02631e+01 | 68  0.02235  7.53540e+01 | 69  0.02558 -3.61201e+01
 70  0.02710  4.88533e+01 | 71  0.02386  3.28589e+01 | 72  0.01760  1.78408e+02
 73  0.01698  7.20683e+01 |
1 0 21185.6
1 0 21185.1
1 0 21184.6
1 0 21184.1
1 0 21183.8
1 0 21183.6
1 0 21183.5
1 0 21183.4
1 0 21183.4
1 0 21183.3
73 variables; iteration 110; function evaluation 150; phase 1
Function value   2.1183301e+04; maximum gradient component mag  -1.3270e+02
Var   Value    Gradient   |Var   Value    Gradient   |Var   Value    Gradient
  1  0.28140 -3.29883e+01 |  2  0.25003 -1.70823e+01 |  3  0.17234 -3.74244e+00
  4  0.11832 -1.69294e+00 |  5  0.08265 -1.04455e+00 |  6  0.05738 -1.14187e+00
  7  0.03839 -1.40311e+00 |  8  0.02378 -1.25163e+00 |  9  0.01244 -8.16919e-01
 10  0.00364 -3.48069e-01 | 11 -0.00315 -6.21006e-02 | 12 -0.00827 -3.45650e-01
 13 -0.01180 -7.64143e-01 | 14 -0.01370  4.09018e-01 | 15 -0.01438  2.17208e+00
 16  0.13950 -1.09782e+01 | 17 -0.03149  8.89864e+01 | 18 -0.02396 -1.95110e+01
 19 -0.02316 -8.79943e+00 | 20 -0.01980  3.08803e+00 | 21 -0.01414  6.48967e+00
 22 -0.01200  4.36436e+00 | 23 -0.01115 -5.60235e-01 | 24 -0.01137  1.98245e+01
 25 -0.00522 -5.12658e+00 | 26 -0.00670  1.74844e+01 | 27 -0.00292 -1.03749e+01
 28 -0.00293  8.58037e-01 | 29 -0.00054 -1.72574e+01 | 30 -0.00038 -1.35459e+01
 31  0.00484 -1.76634e+01 | 32  0.00650  7.11550e+00 | 33  0.00650 -2.24281e+00
 34  0.00882 -3.19759e-01 | 35  0.00860 -5.47091e-02 | 36  0.01306  7.20226e+00
 37  0.01038  6.49170e+00 | 38  0.01175  1.02086e+01 | 39  0.01479 -2.13792e+01
 40  0.01533 -1.93828e+00 | 41  0.01774 -8.39015e+00 | 42  0.01655  4.67968e+00
 43  0.01855  1.93642e+01 | 44  0.01239 -2.16404e+01 | 45  0.15222 -1.32697e+02
 46 -0.06369 -1.04139e+01 | 47 -0.05879 -5.52277e+00 | 48 -0.05388 -1.76932e+01
 49 -0.04443  1.39131e+00 | 50 -0.04090 -1.19913e+01 | 51 -0.03587 -3.28546e+00
 52 -0.02283 -2.91422e+01 | 53 -0.01033  2.24472e+01 | 54 -0.00405 -1.63468e+01
 55 -0.00108  3.44031e+01 | 56  0.00961 -5.11989e+01 | 57  0.02227  1.16091e+01
 58  0.02445  5.01043e+01 | 59  0.01670  1.06035e+01 | 60  0.01165 -1.02556e+01
 61  0.01283 -4.94810e+00 | 62  0.01357 -9.10460e+00 | 63  0.01455  1.45848e+01
 64  0.01518 -6.52528e-01 | 65  0.01546  1.34428e+00 | 66  0.01689 -8.50555e+00
 67  0.01861 -1.69704e+00 | 68  0.02182  3.71561e+01 | 69  0.02544 -2.13237e+01
 70  0.02672  1.36476e+00 | 71  0.02482 -7.87154e+00 | 72  0.02249 -1.29102e+01
 73  0.02247  5.19648e+00 |
1 0 21183.3
1 0 21183.3
1 0 21183.2
1 0 21183.2
1 0 21183.2
1 0 21183.2
1 0 21183.2
1 0 21183.2
1 0 21183.2
1 0 21183.2
73 variables; iteration 120; function evaluation 160; phase 1
Function value   2.1183212e+04; maximum gradient component mag  -2.5141e+00
Var   Value    Gradient   |Var   Value    Gradient   |Var   Value    Gradient
  1  0.28090  2.47948e-01 |  2  0.24830 -1.68072e-01 |  3  0.17070  2.48452e-03
  4  0.11704  1.28104e-02 |  5  0.08180 -1.69679e-02 |  6  0.05699 -4.27482e-03
  7  0.03834 -2.11052e-02 |  8  0.02383  1.57011e-02 |  9  0.01235  2.25750e-02
 10  0.00324  1.37831e-02 | 11 -0.00391  2.75182e-02 | 12 -0.00939 -1.89101e-02
 13 -0.01335 -5.32079e-02 | 14 -0.01591  8.36872e-02 | 15 -0.01717  9.40104e-02
 16  0.13929  4.20965e-01 | 17 -0.03370  2.72052e-01 | 18 -0.02409 -9.41424e-01
 19 -0.02317  1.73632e-01 | 20 -0.01977  1.14678e-01 | 21 -0.01412 -3.59822e-01
 22 -0.01196 -3.74166e-01 | 23 -0.01112 -1.74953e-02 | 24 -0.01140  2.51056e-01
 25 -0.00523  4.83208e-01 | 26 -0.00668 -1.77509e+00 | 27 -0.00281  1.03874e+00
 28 -0.00276 -4.54910e-01 | 29 -0.00045  1.79638e+00 | 30 -0.00027  1.24728e+00
 31  0.00502  1.89450e-01 | 32  0.00663  2.03000e+00 | 33  0.00658 -1.75789e+00
 34  0.00888 -2.51410e+00 | 35  0.00865  1.06913e+00 | 36  0.01311 -7.63555e-01
 37  0.01042  7.07109e-01 | 38  0.01181  2.59119e-01 | 39  0.01492 -2.70003e-02
 40  0.01545  1.25811e+00 | 41  0.01791 -1.28906e+00 | 42  0.01661  3.86163e-01
 43  0.01866  9.46142e-01 | 44  0.01284 -1.45140e-01 | 45  0.15221  1.19295e-01
 46 -0.06375 -9.27544e-01 | 47 -0.05880 -7.41819e-01 | 48 -0.05383  3.43731e-01
 49 -0.04444  3.67793e-01 | 50 -0.04085  6.86955e-01 | 51 -0.03584  1.25455e-01
 52 -0.02274 -1.60669e-01 | 53 -0.01039 -3.60158e-01 | 54 -0.00401  1.01345e+00
 55 -0.00120 -7.64922e-01 | 56  0.00975 -1.00452e+00 | 57  0.02227  1.96768e+00
 58  0.02437 -1.38935e+00 | 59  0.01676 -4.33083e-02 | 60  0.01172 -9.64364e-01
 61  0.01285 -1.70340e+00 | 62  0.01362  7.39620e-01 | 63  0.01453  2.62832e-01
 64  0.01520  4.88630e-01 | 65  0.01546  1.59908e-01 | 66  0.01689 -6.77784e-02
 67  0.01866  1.57419e+00 | 68  0.02174  3.39677e-01 | 69  0.02555 -6.75169e-01
 70  0.02673  5.53535e-01 | 71  0.02477  2.42801e-01 | 72  0.02236  2.36601e-02
 73  0.02236 -1.02422e-02 |
1 0 21183.2
1 0 21183.2
1 0 21183.2
1 0 21183.2
1 0 21183.2
1 0 21183.2
1 0 21183.2
1 0 21183.2

 - final statistics:
73 variables; iteration 128; function evaluation 168
Function value   2.1183e+04; maximum gradient component mag   6.8808e-02
Exit code = 1;  converg criter   1.0000e-01
Var   Value    Gradient   |Var   Value    Gradient   |Var   Value    Gradient
  1  0.28089  1.74945e-02 |  2  0.24830 -1.81983e-03 |  3  0.17069  1.56642e-04
  4  0.11703 -1.65990e-04 |  5  0.08179 -9.50108e-04 |  6  0.05697 -9.30047e-04
  7  0.03831 -1.36856e-03 |  8  0.02378  2.88990e-04 |  9  0.01228 -2.21988e-04
 10  0.00315 -8.15338e-04 | 11 -0.00402 -3.04403e-04 | 12 -0.00951 -3.63265e-04
 13 -0.01349 -1.26181e-03 | 14 -0.01609  4.18103e-05 | 15 -0.01738 -2.18255e-03
 16  0.13928  2.12953e-02 | 17 -0.03371  8.55354e-03 | 18 -0.02408 -4.78208e-02
 19 -0.02317  9.20001e-03 | 20 -0.01977  5.41943e-03 | 21 -0.01412 -6.37430e-03
 22 -0.01196 -1.46895e-02 | 23 -0.01112 -9.21340e-04 | 24 -0.01140 -3.07597e-02
 25 -0.00523  4.73352e-02 | 26 -0.00667 -3.93703e-02 | 27 -0.00281 -1.71923e-03
 28 -0.00277 -6.61800e-03 | 29 -0.00045  6.88077e-02 | 30 -0.00027 -1.12029e-02
 31  0.00502  1.71065e-02 | 32  0.00663  1.59806e-03 | 33  0.00659  2.16986e-02
 34  0.00889 -8.57765e-03 | 35  0.00865  1.25512e-02 | 36  0.01311  9.13222e-03
 37  0.01042 -1.90912e-04 | 38  0.01181 -1.31299e-02 | 39  0.01492  7.51206e-03
 40  0.01545 -2.66280e-03 | 41  0.01791 -2.00803e-02 | 42  0.01661 -2.27803e-03
 43  0.01866  5.01279e-03 | 44  0.01284  9.32971e-03 | 45  0.15221  3.11901e-02
 46 -0.06375 -3.76854e-02 | 47 -0.05880 -1.07766e-02 | 48 -0.05383 -2.05652e-02
 49 -0.04444 -2.02681e-02 | 50 -0.04086 -1.48536e-02 | 51 -0.03584 -3.08777e-03
 52 -0.02274 -2.85114e-03 | 53 -0.01039 -2.55028e-02 | 54 -0.00401 -2.07108e-02
 55 -0.00120  4.66765e-03 | 56  0.00976 -2.50183e-03 | 57  0.02226  4.44638e-02
 58  0.02437  1.58065e-02 | 59  0.01675  2.74618e-02 | 60  0.01172 -5.45706e-05
 61  0.01286  2.26362e-02 | 62  0.01362  6.36766e-03 | 63  0.01453 -9.49309e-03
 64  0.01520 -8.96312e-03 | 65  0.01546 -1.24400e-02 | 66  0.01689  2.76797e-03
 67  0.01865  2.55791e-02 | 68  0.02173 -1.12457e-02 | 69  0.02556 -3.53743e-03
 70  0.02673  1.43499e-02 | 71  0.02477  2.99222e-02 | 72  0.02236  2.23893e-02
 73  0.02236 -2.01411e-03 |
1 0 21183.2
B052994.1
0.3 0.633835
0.543288 0.511064
0.7933 0.438616
0.994154 0.399608
1.13506 0.378359
1.22703 0.366455
1.28472 0.359638
1.3201 0.355678
1.34151 0.353356
1.35438 0.351988
1.36207 0.351179
1.36666 0.3507
1.36939 0.350415
1.37101 0.350247
1.37198 0.350147
1.37255 0.350087
1.3729 0.350052
1.3731 0.350031
1.37322 0.350018
1.37329 0.350011
1.37333 0.350011
FutMOrt1.33525
FutMOrt1.33525
FutMOrt1.33525
FutMOrt1.33525
FutMOrt1.33525
FutMOrt1.33525
FutMOrt1.33525
FutMOrt1.33525
FutMOrt1.33525
FutMOrt1.33525
2 0 21183.2

Initial statistics: 77 variables; iteration 0; function evaluation 0; phase 2
Function value   2.1183212e+04; maximum gradient component mag   8.3476e+03
Var   Value    Gradient   |Var   Value    Gradient   |Var   Value    Gradient
  1 -0.80511 -4.28421e+02 |  2 -0.44993 -1.73427e+02 |  3  0.28089  1.74945e-02
  4  0.24830 -1.81983e-03 |  5  0.17069  1.56642e-04 |  6  0.11703 -1.65990e-04
  7  0.08179 -9.50108e-04 |  8  0.05697 -9.30047e-04 |  9  0.03831 -1.36856e-03
 10  0.02378  2.88990e-04 | 11  0.01228 -2.21988e-04 | 12  0.00315 -8.15338e-04
 13 -0.00402 -3.04403e-04 | 14 -0.00951 -3.63265e-04 | 15 -0.01349 -1.26181e-03
 16 -0.01609  4.18103e-05 | 17 -0.01738 -2.18255e-03 | 18  0.13928  2.12953e-02
 19 -0.03371  7.95309e-03 | 20 -0.02408 -4.84217e-02 | 21 -0.02317  8.59911e-03
 22 -0.01977  4.81843e-03 | 23 -0.01412 -6.97545e-03 | 24 -0.01196 -1.52907e-02
 25 -0.01112 -1.52254e-03 | 26 -0.01140 -3.13609e-02 | 27 -0.00523  4.67339e-02
 28 -0.00667 -3.99715e-02 | 29 -0.00281 -2.32051e-03 | 30 -0.00277 -7.21929e-03
 31 -0.00045  6.82064e-02 | 32 -0.00027 -1.18042e-02 | 33  0.00502  1.65052e-02
 34  0.00663  9.96803e-04 | 35  0.00659  2.10974e-02 | 36  0.00889 -9.17889e-03
 37  0.00865  1.19499e-02 | 38  0.01311  8.53106e-03 | 39  0.01042 -7.92125e-04
 40  0.01181 -1.37311e-02 | 41  0.01492  6.91093e-03 | 42  0.01545 -3.26392e-03
 43  0.01791 -2.06814e-02 | 44  0.01661 -2.87912e-03 | 45  0.01866  4.41176e-03
 46  0.01284  8.72854e-03 | 47  0.15221  3.11901e-02 | 48 -0.06375 -3.80250e-02
 49 -0.05880 -1.11165e-02 | 50 -0.05383 -2.09053e-02 | 51 -0.04444 -2.06086e-02
 52 -0.04086 -1.51942e-02 | 53 -0.03584 -3.42852e-03 | 54 -0.02274 -3.19221e-03
 55 -0.01039 -2.58441e-02 | 56 -0.00401 -2.10521e-02 | 57 -0.00120  4.32636e-03
 58  0.00976 -2.84308e-03 | 59  0.02226  4.41228e-02 | 60  0.02437  1.54654e-02
 61  0.01675  2.71207e-02 | 62  0.01172 -3.95807e-04 | 63  0.01286  2.22950e-02
 64  0.01362  6.02644e-03 | 65  0.01453 -9.83429e-03 | 66  0.01520 -9.30431e-03
 67  0.01546 -1.27812e-02 | 68  0.01689  2.42679e-03 | 69  0.01865  2.52379e-02
 70  0.02173 -1.15868e-02 | 71  0.02556 -3.87845e-03 | 72  0.02673  1.40089e-02
 73  0.02477  2.95812e-02 | 74  0.02236  2.20482e-02 | 75  0.02236 -2.35519e-03
 76 -0.54469  8.34759e+03 | 77 -0.43779 -2.81435e+03 |
2 0 21183.2
2 0 21183
2 0 21181
2 0 21166.6
2 0 21281.8
2 0 21164.7
2 0 21161.2
2 0 21143.4
2 0 21113.5
2 0 21184.4
2 0 21106.9
2 0 21095.1
2 0 21074.8
2 0 21050.7
2 0 21049.7
2 0 21038.1
2 0 21048.1
2 0 21033.6

Intermediate statistics: 77 variables; iteration 10; function evaluation 18; phase 2
Function value   2.1033575e+04; maximum gradient component mag  -3.5356e+03
Var   Value    Gradient   |Var   Value    Gradient   |Var   Value    Gradient
  1 -0.74913 -6.05865e+02 |  2 -0.43655  1.94163e+01 |  3  0.28280  4.68671e+02
  4  0.25294  3.92581e+02 |  5  0.16978  7.83342e+01 |  6  0.11622  3.90204e+01
  7  0.08135  2.21304e+01 |  8  0.05670  1.39697e+01 |  9  0.03813  9.81046e+00
 10  0.02365  7.44432e+00 | 11  0.01217  5.97689e+00 | 12  0.00306  5.01659e+00
 13 -0.00410  4.37069e+00 | 14 -0.00957  3.93490e+00 | 15 -0.01355  3.65036e+00
 16 -0.01615  3.48175e+00 | 17 -0.01744  3.37936e+00 | 18  0.10055  7.15522e+02
 19 -0.03267 -7.15540e+02 | 20 -0.02278  7.85695e+02 | 21 -0.02424 -1.65643e+02
 22 -0.02167 -4.26664e+02 | 23 -0.01589  6.24268e+01 | 24 -0.01403 -2.52016e+02
 25 -0.01150 -2.50399e+02 | 26 -0.00961  1.71070e+02 | 27 -0.00350  5.11252e+02
 28 -0.00647 -4.13238e+02 | 29 -0.00084  5.71893e+01 | 30  0.00085  7.05704e+02
 31 -0.00032  5.07938e+01 | 32 -0.00287 -3.05252e+02 | 33  0.00096 -1.00300e+03
 34  0.00389 -3.28044e+02 | 35  0.00508 -2.65153e+01 | 36  0.00835 -4.89839e+01
 37  0.00873  1.43224e+02 | 38  0.01293 -2.06486e+02 | 39  0.01164  4.32570e+02
 40  0.01394  5.01128e+02 | 41  0.01697  3.96141e+02 | 42  0.01743  3.68862e+02
 43  0.01850  1.39858e+02 | 44  0.01603  1.76416e+02 | 45  0.01697 -1.04987e+02
 46  0.01412 -2.54205e+02 | 47  0.15163 -3.53564e+03 | 48 -0.06155  8.26809e+02
 49 -0.05773  4.52838e+02 | 50 -0.05318  3.28801e+02 | 51 -0.04446 -1.18736e+02
 52 -0.04236 -5.54103e+02 | 53 -0.03807 -5.91814e+02 | 54 -0.02412 -5.57064e+02
 55 -0.01096 -9.20909e+02 | 56 -0.00523 -7.67080e+02 | 57 -0.00262 -4.28495e+02
 58  0.00970 -3.73917e+02 | 59  0.02352 -2.55170e+02 | 60  0.02475 -3.45105e+02
 61  0.01654  1.12596e+02 | 62  0.01152  1.58631e+02 | 63  0.01244  4.40946e+00
 64  0.01408  2.55422e+02 | 65  0.01503  2.06548e+02 | 66  0.01645  6.41149e+02
 67  0.01580  3.40911e+02 | 68  0.01761  1.27126e+02 | 69  0.01922  2.08034e+01
 70  0.02250  1.28512e+02 | 71  0.02725  4.68574e+02 | 72  0.02800  3.92506e+02
 73  0.02563  2.54096e+02 | 74  0.01879 -9.28542e+01 | 75  0.02103  1.82874e+02
 76 -0.59862 -6.76109e+02 | 77 -0.52391  5.11882e+02 |
2 0 21028.3
2 0 21018.9
2 0 21003
2 0 20979.9
2 0 21549.5
2 0 20979
2 0 20978
2 0 20982.2
2 0 20977.9
2 0 20977.7
2 0 20977.5
2 0 20977.3
77 variables; iteration 20; function evaluation 30; phase 2
Function value   2.0977260e+04; maximum gradient component mag  -1.1556e+04
Var   Value    Gradient   |Var   Value    Gradient   |Var   Value    Gradient
  1 -0.64042  2.52119e+01 |  2 -0.44580  3.05843e+02 |  3  0.27273  2.04113e+01
  4  0.26185  1.27834e+03 |  5  0.16931  1.49870e+02 |  6  0.11376  4.98538e+01
  7  0.07965  3.17718e+01 |  8  0.05567  2.07498e+01 |  9  0.03744  1.42498e+01
 10  0.02315  1.05503e+01 | 11  0.01179  8.31800e+00 | 12  0.00275  6.89021e+00
 13 -0.00436  5.94432e+00 | 14 -0.00981  5.31214e+00 | 15 -0.01377  4.89942e+00
 16 -0.01636  4.65391e+00 | 17 -0.01764  4.51313e+00 | 18  0.09690  1.18189e+03
 19 -0.04199 -1.34088e+03 | 20 -0.02608  3.24571e+02 | 21 -0.02613 -3.85429e+02
 22 -0.02218 -6.08105e+02 | 23 -0.01621 -3.47528e+01 | 24 -0.01402 -3.00472e+02
 25 -0.01164 -2.92549e+02 | 26 -0.01116 -4.85369e+02 | 27 -0.00315  6.56998e+02
 28 -0.00441  4.44333e+01 | 29  0.00092  3.86543e+02 | 30 -0.00045 -4.14698e-01
 31  0.00016  3.50564e+02 | 32 -0.00156 -2.01312e+02 | 33  0.00366 -1.85510e+01
 34  0.00491 -2.88983e+02 | 35  0.00490 -1.44220e+02 | 36  0.00783 -1.13869e+02
 37  0.00848  1.17287e+02 | 38  0.01336  9.62664e+01 | 39  0.01204  4.35639e+02
 40  0.01461  5.87974e+02 | 41  0.01788  6.18633e+02 | 42  0.01762  3.48682e+02
 43  0.01837  2.91291e+02 | 44  0.01592  4.31579e+01 | 45  0.01837 -1.32179e+02
 46  0.01984  2.83202e+01 | 47  0.15140 -1.15563e+04 | 48 -0.06187  9.85478e+02
 49 -0.05959  4.30546e+01 | 50 -0.05300  4.67269e+02 | 51 -0.04496 -2.66726e+02
 52 -0.04242 -6.21600e+02 | 53 -0.03724 -4.64275e+02 | 54 -0.02427 -3.31973e+02
 55 -0.01161 -7.36502e+02 | 56 -0.00551 -7.24439e+02 | 57 -0.00085 -1.70237e+02
 58  0.01040  1.86493e+02 | 59  0.02329  2.46654e+02 | 60  0.02544  1.88553e+02
 61  0.01775  5.63815e+01 | 62  0.01235  2.78563e+01 | 63  0.01281 -1.13194e+02
 64  0.01376 -3.29190e+01 | 65  0.01478 -1.27147e+02 | 66  0.01604  1.10277e+02
 67  0.01568  5.10392e+00 | 68  0.01753 -9.55928e+01 | 69  0.01949 -1.72921e+02
 70  0.02299  7.48410e+01 | 71  0.02741  2.64540e+02 | 72  0.02779  3.38792e+02
 73  0.02560  4.46516e+02 | 74  0.01831  3.63433e+02 | 75  0.02038  5.97880e+02
 76 -0.61038 -3.43415e+03 | 77 -0.54754  1.36844e+03 |
2 0 20977.2
2 0 20977.1
2 0 20977.1
2 0 20977
2 0 20976.9
2 0 20976.8
2 0 20976.4
2 0 20975.9
2 0 20978.6
2 0 20975.9
2 0 20975.8
2 0 20975.8
2 0 20975.7
77 variables; iteration 30; function evaluation 43; phase 2
Function value   2.0975717e+04; maximum gradient component mag  -1.2724e+04
Var   Value    Gradient   |Var   Value    Gradient   |Var   Value    Gradient
  1 -0.63980  1.78084e+02 |  2 -0.46448  2.66012e+02 |  3  0.26571 -5.04499e+02
  4  0.25404  1.00190e+03 |  5  0.16449  1.23455e+02 |  6  0.10998  3.85504e+01
  7  0.07675  2.50500e+01 |  8  0.05365  1.70898e+01 |  9  0.03608  1.19058e+01
 10  0.02219  8.56672e+00 | 11  0.01107  6.49728e+00 | 12  0.00217  5.21119e+00
 13 -0.00485  4.38694e+00 | 14 -0.01023  3.84784e+00 | 15 -0.01415  3.49796e+00
 16 -0.01671  3.28858e+00 | 17 -0.01798  3.17789e+00 | 18  0.09453  1.21238e+03
 19 -0.05434 -8.83483e+02 | 20 -0.02617 -3.65704e+01 | 21 -0.02530 -4.52661e+02
 22 -0.02133 -6.87891e+02 | 23 -0.01509  1.35955e+02 | 24 -0.01345 -3.21297e+02
 25 -0.01110 -3.14025e+02 | 26 -0.01059 -4.90116e+02 | 27 -0.00262  6.50626e+02
 28 -0.00402  1.03072e+02 | 29  0.00104  3.03891e+02 | 30 -0.00037 -5.92088e+01
 31  0.00021  2.72154e+02 | 32 -0.00149 -2.71064e+02 | 33  0.00415  3.63911e+01
 34  0.00550 -2.55450e+02 | 35  0.00539 -1.64489e+02 | 36  0.00848 -1.04674e+02
 37  0.00933  2.47736e+02 | 38  0.01391  6.60766e+01 | 39  0.01246  4.47229e+02
 40  0.01500  5.75384e+02 | 41  0.01835  6.41893e+02 | 42  0.01808  3.35974e+02
 43  0.01863  2.66448e+02 | 44  0.01622  3.43809e+01 | 45  0.01889 -8.91468e+01
 46  0.02014  1.07696e+00 | 47  0.15150 -1.27238e+04 | 48 -0.06274  6.77071e+02
 49 -0.05979  1.70654e+01 | 50 -0.05325  4.81225e+02 | 51 -0.04469 -1.50397e+02
 52 -0.04256 -6.29910e+02 | 53 -0.03735 -4.29340e+02 | 54 -0.02453 -3.26667e+02
 55 -0.01145 -6.09279e+02 | 56 -0.00567 -7.52033e+02 | 57 -0.00093 -1.85965e+02
 58  0.01018  1.59101e+02 | 59  0.02330  3.26068e+02 | 60  0.02511  1.77689e+02
 61  0.01754  2.49470e+01 | 62  0.01233  2.49413e+01 | 63  0.01258 -1.49330e+02
 64  0.01369 -2.65358e+00 | 65  0.01460 -2.04609e+02 | 66  0.01615  1.33101e+02
 67  0.01552 -1.28356e+01 | 68  0.01744 -9.19044e+01 | 69  0.01926 -2.21404e+02
 70  0.02293  8.32931e+01 | 71  0.02746  3.15930e+02 | 72  0.02748  3.07586e+02
 73  0.02556  4.31720e+02 | 74  0.01834  3.55204e+02 | 75  0.02382  6.70535e+02
 76 -0.61233 -3.73652e+03 | 77 -0.55147  1.44111e+03 |
2 0 20975.7
2 0 20976.1
2 0 20975.7
2 0 20975.6
2 0 20975.6
2 0 20975.6
2 0 20975.6
2 0 20975.7
2 0 20975.6
2 0 20975.6
2 0 20975.6
2 0 20975.6
77 variables; iteration 40; function evaluation 55; phase 2
Function value   2.0975589e+04; maximum gradient component mag  -1.2854e+04
Var   Value    Gradient   |Var   Value    Gradient   |Var   Value    Gradient
  1 -0.63986  1.91402e+02 |  2 -0.46610  2.61592e+02 |  3  0.26544 -5.38614e+02
  4  0.25396  9.84400e+02 |  5  0.16266  1.03417e+02 |  6  0.10715  2.39826e+01
  7  0.07456  2.10700e+01 |  8  0.05208  1.55660e+01 |  9  0.03497  1.10436e+01
 10  0.02141  8.09520e+00 | 11  0.01050  6.16242e+00 | 12  0.00175  4.90081e+00
 13 -0.00519  4.08316e+00 | 14 -0.01052  3.55293e+00 | 15 -0.01441  3.21269e+00
 16 -0.01695  3.01188e+00 | 17 -0.01821  2.90715e+00 | 18  0.09445  1.21311e+03
 19 -0.05493 -8.50591e+02 | 20 -0.02610 -6.63687e+01 | 21 -0.02525 -4.74657e+02
 22 -0.02125 -6.69931e+02 | 23 -0.01505  1.32117e+02 | 24 -0.01341 -3.14182e+02
 25 -0.01105 -2.87741e+02 | 26 -0.01066 -5.25907e+02 | 27 -0.00272  6.35357e+02
 28 -0.00406  9.54683e+01 | 29  0.00105  3.02194e+02 | 30 -0.00028 -3.74258e+01
 31  0.00030  2.78682e+02 | 32 -0.00143 -2.61721e+02 | 33  0.00415  4.27602e+01
 34  0.00546 -2.70673e+02 | 35  0.00537 -1.66609e+02 | 36  0.00837 -1.19642e+02
 37  0.00904  1.82728e+02 | 38  0.01378  4.64764e+01 | 39  0.01258  4.79684e+02
 40  0.01516  5.97314e+02 | 41  0.01834  6.50249e+02 | 42  0.01797  3.00564e+02
 43  0.01871  3.05842e+02 | 44  0.01629  2.86812e+01 | 45  0.01899 -7.32837e+01
 46  0.02050 -5.20728e-01 | 47  0.15145 -1.28536e+04 | 48 -0.06272  6.59853e+02
 49 -0.05975  2.71818e+01 | 50 -0.05321  4.88948e+02 | 51 -0.04465 -1.40535e+02
 52 -0.04253 -6.26359e+02 | 53 -0.03734 -4.49557e+02 | 54 -0.02442 -3.09996e+02
 55 -0.01146 -6.13565e+02 | 56 -0.00567 -7.47872e+02 | 57 -0.00092 -1.77361e+02
 58  0.01015  1.45657e+02 | 59  0.02333  3.21790e+02 | 60  0.02519  1.86777e+02
 61  0.01756  1.28588e+01 | 62  0.01233  1.60139e+01 | 63  0.01261 -1.47949e+02
 64  0.01381  1.91594e+01 | 65  0.01456 -2.06111e+02 | 66  0.01607  1.31386e+02
 67  0.01544 -3.71697e+01 | 68  0.01757 -7.44416e+01 | 69  0.01935 -2.20073e+02
 70  0.02288  6.23306e+01 | 71  0.02742  2.85725e+02 | 72  0.02750  2.94675e+02
 73  0.02559  4.28775e+02 | 74  0.01818  3.53303e+02 | 75  0.02335  6.72775e+02
 76 -0.61250 -3.76801e+03 | 77 -0.55180  1.45028e+03 |
2 0 20975.6
2 0 20975.6
2 0 20975.6
2 0 20975.6
2 0 20975.6
2 0 20975.6
2 0 20975.6
2 0 20975.6
2 0 20975.6
2 0 20975.6
2 0 20975.5
2 0 20975.5
77 variables; iteration 50; function evaluation 67; phase 2
Function value   2.0975532e+04; maximum gradient component mag  -1.2863e+04
Var   Value    Gradient   |Var   Value    Gradient   |Var   Value    Gradient
  1 -0.63987  1.92048e+02 |  2 -0.46622  2.61387e+02 |  3  0.26544 -5.45650e+02
  4  0.25400  9.77724e+02 |  5  0.16318  1.09147e+02 |  6  0.10692  2.29253e+01
  7  0.07357  2.55005e+01 |  8  0.04851  4.44221e+00 |  9  0.03129  6.02668e+00
 10  0.01850  7.05508e+00 | 11  0.00830  5.89643e+00 | 12  0.00008  4.90655e+00
 13 -0.00648  4.14210e+00 | 14 -0.01157  3.56508e+00 | 15 -0.01531  3.17468e+00
 16 -0.01776  2.94615e+00 | 17 -0.01897  2.83068e+00 | 18  0.09439  1.20958e+03
 19 -0.05497 -8.50284e+02 | 20 -0.02607 -7.22534e+01 | 21 -0.02525 -4.92014e+02
 22 -0.02124 -6.77219e+02 | 23 -0.01506  1.21196e+02 | 24 -0.01346 -3.01435e+02
 25 -0.01126 -3.44032e+02 | 26 -0.01084 -5.55113e+02 | 27 -0.00273  6.31374e+02
 28 -0.00396  1.19372e+02 | 29  0.00111  2.98927e+02 | 30 -0.00027 -4.52321e+01
 31  0.00027  2.62903e+02 | 32 -0.00141 -2.67915e+02 | 33  0.00417  4.54866e+01
 34  0.00552 -2.48765e+02 | 35  0.00545 -1.88855e+02 | 36  0.00852 -1.16384e+02
 37  0.00908  1.87279e+02 | 38  0.01374  6.20191e+01 | 39  0.01253  4.57341e+02
 40  0.01506  5.75507e+02 | 41  0.01823  6.30008e+02 | 42  0.01801  2.95057e+02
 43  0.01885  3.33384e+02 | 44  0.01637  5.94884e+01 | 45  0.01887 -1.28767e+02
 46  0.02038 -5.27465e+00 | 47  0.15148 -1.28632e+04 | 48 -0.06273  6.52308e+02
 49 -0.05978  2.28286e+01 | 50 -0.05323  4.90856e+02 | 51 -0.04458 -1.07431e+02
 52 -0.04249 -6.24102e+02 | 53 -0.03731 -4.38155e+02 | 54 -0.02454 -3.28204e+02
 55 -0.01155 -6.24022e+02 | 56 -0.00571 -7.62852e+02 | 57 -0.00094 -1.92431e+02
 58  0.01016  1.45379e+02 | 59  0.02326  3.05774e+02 | 60  0.02518  1.96604e+02
 61  0.01756  1.60341e+01 | 62  0.01222 -2.30882e+01 | 63  0.01258 -1.43731e+02
 64  0.01392  8.35245e+01 | 65  0.01471 -1.36154e+02 | 66  0.01597  1.04397e+02
 67  0.01542 -4.74977e+01 | 68  0.01760 -5.88743e+01 | 69  0.01924 -2.41571e+02
 70  0.02279  5.12625e+01 | 71  0.02744  2.93364e+02 | 72  0.02752  2.71495e+02
 73  0.02557  4.26903e+02 | 74  0.01813  3.44722e+02 | 75  0.02382  6.76267e+02
 76 -0.61254 -3.77314e+03 | 77 -0.55186  1.45196e+03 |
2 0 20975.5
2 0 20975.6
2 0 20975.5
2 0 20975.5
2 0 20975.5
2 0 20975.5
2 0 20975.5
2 0 20975.5
2 0 20975.5
2 0 20975.5
2 0 20975.4
2 0 20975.4
77 variables; iteration 60; function evaluation 79; phase 2
Function value   2.0975384e+04; maximum gradient component mag  -1.2876e+04
Var   Value    Gradient   |Var   Value    Gradient   |Var   Value    Gradient
  1 -0.63993  1.93285e+02 |  2 -0.46657  2.60688e+02 |  3  0.26550 -5.46751e+02
  4  0.25415  9.77736e+02 |  5  0.16345  1.10571e+02 |  6  0.10710  2.10783e+01
  7  0.07426  3.14691e+01 |  8  0.04807  1.59159e+00 |  9  0.03046  1.77214e+01
 10  0.01362 -5.18406e+00 | 11  0.00250 -1.53763e+00 | 12 -0.00489  3.22947e+00
 13 -0.01049  3.88814e+00 | 14 -0.01479  3.72281e+00 | 15 -0.01798  3.41275e+00
 16 -0.02011  3.11919e+00 | 17 -0.02118  2.94198e+00 | 18  0.09439  1.21187e+03
 19 -0.05487 -8.50345e+02 | 20 -0.02601 -4.75055e+01 | 21 -0.02530 -5.26266e+02
 22 -0.02124 -6.70840e+02 | 23 -0.01501  1.43250e+02 | 24 -0.01349 -3.25287e+02
 25 -0.01127 -3.35957e+02 | 26 -0.01084 -5.56610e+02 | 27 -0.00273  6.32970e+02
 28 -0.00402  1.14176e+02 | 29  0.00097  2.76636e+02 | 30 -0.00025 -4.14357e+01
 31  0.00042  2.91349e+02 | 32 -0.00129 -2.44997e+02 | 33  0.00422  5.56614e+01
 34  0.00543 -2.70036e+02 | 35  0.00536 -1.97141e+02 | 36  0.00853 -1.02900e+02
 37  0.00917  2.00947e+02 | 38  0.01386  7.29701e+01 | 39  0.01265  4.69316e+02
 40  0.01511  5.85217e+02 | 41  0.01821  6.41763e+02 | 42  0.01787  2.76260e+02
 43  0.01873  3.10698e+02 | 44  0.01620  2.53622e+01 | 45  0.01878 -1.30038e+02
 46  0.02042 -6.12077e+00 | 47  0.15147 -1.28761e+04 | 48 -0.06268  6.45067e+02
 49 -0.05978  2.33028e+01 | 50 -0.05327  4.79852e+02 | 51 -0.04456 -1.13717e+02
 52 -0.04244 -6.09103e+02 | 53 -0.03732 -4.42077e+02 | 54 -0.02453 -3.24706e+02
 55 -0.01151 -6.13845e+02 | 56 -0.00560 -7.35355e+02 | 57 -0.00100 -2.01377e+02
 58  0.01007  1.29357e+02 | 59  0.02327  3.10026e+02 | 60  0.02525  2.04202e+02
 61  0.01766  3.06559e+01 | 62  0.01225 -1.68279e+01 | 63  0.01253 -1.59128e+02
 64  0.01385  5.28935e+01 | 65  0.01469 -1.54929e+02 | 66  0.01598  9.85694e+01
 67  0.01554 -8.50856e+00 | 68  0.01763 -4.34425e+01 | 69  0.01935 -2.20185e+02
 70  0.02273  1.98273e+01 | 71  0.02744  2.87617e+02 | 72  0.02753  2.84876e+02
 73  0.02548  4.07505e+02 | 74  0.01811  3.45223e+02 | 75  0.02354  6.75224e+02
 76 -0.61259 -3.78575e+03 | 77 -0.55195  1.45536e+03 |
2 0 20975.7
2 0 20975.4
2 0 20975.4
2 0 20975.3
2 0 20975.3
2 0 20975.3
2 0 20975.3
2 0 20975.3
2 0 20975.2
2 0 20975
2 0 20975.1
2 0 20974.9
2 0 20974.8
2 0 20974.7
77 variables; iteration 70; function evaluation 93; phase 2
Function value   2.0974691e+04; maximum gradient component mag  -1.2717e+04
Var   Value    Gradient   |Var   Value    Gradient   |Var   Value    Gradient
  1 -0.64000  1.84919e+02 |  2 -0.46641  2.61718e+02 |  3  0.26582 -5.32485e+02
  4  0.25449  9.80287e+02 |  5  0.16375  1.11069e+02 |  6  0.10711  1.96865e+01
  7  0.07418  2.97409e+01 |  8  0.04826  1.01746e+00 |  9  0.03104  2.27816e+01
 10  0.01310 -1.33969e+01 | 11  0.00327  2.94461e+01 | 12 -0.01212  6.21412e+00
 13 -0.02707 -2.39131e+01 | 14 -0.03318 -1.04329e+01 | 15 -0.03472  4.34322e-01
 16 -0.03499  3.69830e+00 | 17 -0.03498  4.66958e+00 | 18  0.09417  1.19849e+03
 19 -0.05436 -8.52635e+02 | 20 -0.02587 -5.69857e+01 | 21 -0.02521 -4.86547e+02
 22 -0.02123 -6.73837e+02 | 23 -0.01498  1.33632e+02 | 24 -0.01336 -3.11744e+02
 25 -0.01121 -3.21283e+02 | 26 -0.01091 -5.66362e+02 | 27 -0.00263  6.50941e+02
 28 -0.00394  1.28077e+02 | 29  0.00085  2.51669e+02 | 30 -0.00029 -3.91474e+01
 31  0.00045  2.98366e+02 | 32 -0.00131 -2.58549e+02 | 33  0.00413  3.41202e+01
 34  0.00540 -2.78053e+02 | 35  0.00554 -1.48198e+02 | 36  0.00847 -1.22081e+02
 37  0.00901  1.61539e+02 | 38  0.01399  1.12329e+02 | 39  0.01265  4.69995e+02
 40  0.01489  5.36214e+02 | 41  0.01812  6.18647e+02 | 42  0.01792  2.94867e+02
 43  0.01865  3.02683e+02 | 44  0.01621  2.82571e+01 | 45  0.01884 -1.15021e+02
 46  0.01982  4.05564e+00 | 47  0.15160 -1.27166e+04 | 48 -0.06267  6.78688e+02
 49 -0.05981  3.44873e+01 | 50 -0.05340  4.64997e+02 | 51 -0.04474 -1.34403e+02
 52 -0.04247 -5.86068e+02 | 53 -0.03720 -3.84381e+02 | 54 -0.02475 -3.58721e+02
 55 -0.01166 -6.28714e+02 | 56 -0.00553 -6.98834e+02 | 57 -0.00112 -2.09912e+02
 58  0.00990  1.04583e+02 | 59  0.02317  2.96536e+02 | 60  0.02522  2.21336e+02
 61  0.01755  3.23691e+01 | 62  0.01199 -5.41089e+01 | 63  0.01250 -1.59822e+02
 64  0.01391  7.54988e+01 | 65  0.01439 -2.02922e+02 | 66  0.01590  9.29704e+01
 67  0.01557  5.13968e+00 | 68  0.01752 -4.59194e+01 | 69  0.01911 -2.40649e+02
 70  0.02275  5.93500e+01 | 71  0.02732  2.74014e+02 | 72  0.02733  2.47539e+02
 73  0.02548  4.14720e+02 | 74  0.01855  3.68557e+02 | 75  0.02537  6.75323e+02
 76 -0.61268 -3.77109e+03 | 77 -0.55204  1.44836e+03 |
2 0 20975.1
2 0 20974.7
2 0 20974.6
2 0 20974.5
2 0 20974.2
2 0 20973.9
2 0 20973.2
2 0 20972
2 0 20961.9
2 0 20949.1
2 0 20937.6
2 0 20931.4
77 variables; iteration 80; function evaluation 105; phase 2
Function value   2.0931428e+04; maximum gradient component mag  -1.0242e+03
Var   Value    Gradient   |Var   Value    Gradient   |Var   Value    Gradient
  1 -0.65408 -2.30964e+02 |  2 -0.52442  1.10802e+02 |  3  0.27830  3.38718e+02
  4  0.25063  4.77837e+02 |  5  0.15915  2.50625e+01 |  6  0.10265  8.02555e+00
  7  0.06660 -4.52330e+00 |  8  0.04410  8.59443e+00 |  9  0.02657  8.51904e+00
 10  0.01165  1.32049e+01 | 11 -0.00347 -1.28588e+01 | 12 -0.01203 -6.34028e+00
 13 -0.01644  9.40527e+00 | 14 -0.02161  1.57287e+01 | 15 -0.02966 -2.38711e-01
 16 -0.03609 -7.58797e+00 | 17 -0.03889 -5.12542e+00 | 18  0.08697  1.72239e+02
 19 -0.03854 -5.97028e+02 | 20 -0.02141  4.08691e+02 | 21 -0.02119  1.04638e+02
 22 -0.01742  1.44321e+02 | 23 -0.01238 -7.38316e+01 | 24 -0.01027  5.59181e+01
 25 -0.00919 -1.95852e+00 | 26 -0.00996  8.16827e+01 | 27 -0.00507 -1.77601e+02
 28 -0.00590  4.44968e+01 | 29 -0.00195  1.39529e+01 | 30 -0.00311 -6.34821e+01
 31 -0.00120 -7.16780e+01 | 32  0.00044  2.19716e+02 | 33  0.00665  1.87627e+02
 34  0.00817  1.18430e+02 | 35  0.00706 -2.71588e+01 | 36  0.00925  2.48004e+01
 37  0.00872 -7.43473e+01 | 38  0.01275  6.52431e+01 | 39  0.00971 -1.31710e+02
 40  0.01129 -9.11577e+01 | 41  0.01409 -1.33653e+02 | 42  0.01459 -9.89411e+00
 43  0.01632 -5.88418e+01 | 44  0.01535  1.71868e+01 | 45  0.01745  3.45527e+02
 46  0.00579 -2.60221e+02 | 47  0.15328  8.86546e+01 | 48 -0.06369  4.16704e+02
 49 -0.05995  5.73342e+01 | 50 -0.05479 -6.62537e+01 | 51 -0.04520  5.30797e+01
 52 -0.04138  1.81423e+02 | 53 -0.03634  2.60336e+02 | 54 -0.02354  1.43783e+02
 55 -0.01121  8.90656e+01 | 56 -0.00476  2.23230e+02 | 57 -0.00080  3.03311e+02
 58  0.00894  2.94819e+01 | 59  0.02068 -1.37683e+02 | 60  0.02363 -1.41967e+02
 61  0.01738 -3.94108e+00 | 62  0.01227 -8.93968e+00 | 63  0.01261 -6.11467e+01
 64  0.01323 -1.07110e+02 | 65  0.01450 -4.26850e+01 | 66  0.01524 -7.20772e+01
 67  0.01486 -9.76260e+01 | 68  0.01649 -3.72404e+01 | 69  0.01840 -2.22244e-01
 70  0.02126 -4.47303e+01 | 71  0.02537 -1.12900e+02 | 72  0.02565 -2.24343e+02
 73  0.02524 -4.54099e+02 | 74  0.02692 -6.94097e+01 | 75  0.02882  1.00542e+01
 76 -0.61718 -1.02423e+03 | 77 -0.55936  4.39890e+02 |
2 0 20927.6
2 0 20928
2 0 20926.6
2 0 20926.1
2 0 20925.6
2 0 20924.8
2 0 20924.3
2 0 20924.1
2 0 20924.1
2 0 20924
2 0 20924
77 variables; iteration 90; function evaluation 116; phase 2
Function value   2.0923994e+04; maximum gradient component mag  -2.0027e+02
Var   Value    Gradient   |Var   Value    Gradient   |Var   Value    Gradient
  1 -0.65707  5.51715e+00 |  2 -0.56377  6.20841e-01 |  3  0.27883 -3.63514e+01
  4  0.24867 -2.51459e+01 |  5  0.16560 -3.74948e-01 |  6  0.11032 -5.26981e-01
  7  0.07498 -2.13691e-01 |  8  0.05045  6.11577e-03 |  9  0.03216  3.23920e-01
 10  0.01792  4.90081e-02 | 11  0.00667  1.00652e-01 | 12 -0.00225  4.28327e-02
 13 -0.00926 -4.10938e-03 | 14 -0.01462 -2.80996e-03 | 15 -0.01851  8.93744e-02
 16 -0.02107 -3.23241e-01 | 17 -0.02225  2.33864e-01 | 18  0.08842  4.66024e+01
 19 -0.03292  4.46618e+01 | 20 -0.02210 -3.69401e+01 | 21 -0.02167 -1.77016e+01
 22 -0.01834 -6.42215e+00 | 23 -0.01326  6.96763e+00 | 24 -0.01144 -6.19599e+00
 25 -0.00994 -7.25235e+00 | 26 -0.01024 -4.36344e+00 | 27 -0.00492  3.59640e+00
 28 -0.00639 -1.43720e+00 | 29 -0.00209 -4.38445e+00 | 30 -0.00257 -9.39991e-01
 31 -0.00113  3.00957e+00 | 32 -0.00083 -4.45683e+00 | 33  0.00507  3.40990e+00
 34  0.00711 -5.47221e+00 | 35  0.00675  1.92839e+00 | 36  0.00906 -1.64836e-01
 37  0.00867  2.94047e+00 | 38  0.01270 -1.95584e-01 | 39  0.01017  5.26334e+00
 40  0.01182  4.66200e+00 | 41  0.01474  6.31735e+00 | 42  0.01500 -1.32999e+00
 43  0.01673  4.67937e+00 | 44  0.01544  6.16099e+00 | 45  0.01716  4.28913e+01
 46  0.00740 -4.02620e+01 | 47  0.15281 -2.00271e+02 | 48 -0.06402 -2.17463e+01
 49 -0.05955 -4.52010e+00 | 50 -0.05427  1.27083e+01 | 51 -0.04501  8.16029e+00
 52 -0.04163 -2.97858e+00 | 53 -0.03685  3.37951e+00 | 54 -0.02381  2.54775e+00
 55 -0.01096  7.53896e+00 | 56 -0.00497 -2.46192e+00 | 57 -0.00143  2.22582e+00
 58  0.00909  4.56119e+00 | 59  0.02145  1.06463e+01 | 60  0.02417  2.26275e+00
 61  0.01719 -5.37885e+00 | 62  0.01208  3.03639e+00 | 63  0.01277  4.10599e+00
 64  0.01353  5.24292e+00 | 65  0.01478 -3.41284e-01 | 66  0.01539  7.13420e-01
 67  0.01518  8.80137e-01 | 68  0.01679  1.33404e+00 | 69  0.01872 -1.97592e+00
 70  0.02160  9.63376e-02 | 71  0.02580 -1.25631e+00 | 72  0.02629 -3.19064e+00
 73  0.02569 -3.97341e+01 | 74  0.02566 -1.57847e+01 | 75  0.02600  1.11533e+01
 76 -0.62806 -1.20506e+02 | 77 -0.59592  4.97344e+01 |
2 0 20923.9
2 0 20923.9
2 0 20923.9
2 0 20923.9
2 0 20923.9
2 0 20923.9
2 0 20923.9
2 0 20923.9
2 0 20923.9
2 0 20923.9
77 variables; iteration 100; function evaluation 126; phase 2
Function value   2.0923860e+04; maximum gradient component mag  -5.0549e-02
Var   Value    Gradient   |Var   Value    Gradient   |Var   Value    Gradient
  1 -0.65744  4.59862e-03 |  2 -0.56570  9.34902e-04 |  3  0.27865 -4.11969e-04
  4  0.24839  8.27542e-03 |  5  0.16448  2.40590e-03 |  6  0.10911  7.54596e-04
  7  0.07367  3.77252e-04 |  8  0.04901  2.47466e-04 |  9  0.03060  1.79578e-04
 10  0.01633  1.37320e-04 | 11  0.00507  8.08958e-05 | 12 -0.00385  8.96723e-05
 13 -0.01085  7.61644e-05 | 14 -0.01620  6.92331e-05 | 15 -0.02008  2.77934e-05
 16 -0.02260  3.48314e-06 | 17 -0.02385  1.63995e-05 | 18  0.08712  1.34186e-02
 19 -0.03392 -9.46563e-03 | 20 -0.02210  2.46547e-03 | 21 -0.02169  4.27017e-04
 22 -0.01836 -9.13428e-04 | 23 -0.01327  5.49116e-03 | 24 -0.01142 -2.76418e-04
 25 -0.00990 -1.19788e-03 | 26 -0.01019 -1.52811e-03 | 27 -0.00490  9.98184e-04
 28 -0.00636  9.85246e-05 | 29 -0.00205 -2.05353e-03 | 30 -0.00254 -6.53396e-04
 31 -0.00111  8.41978e-04 | 32 -0.00080  2.65636e-04 | 33  0.00508  3.16571e-03
 34  0.00713  8.04700e-04 | 35  0.00677  1.89542e-03 | 36  0.00909  9.59988e-04
 37  0.00870  2.61812e-03 | 38  0.01272  3.14237e-05 | 39  0.01019  1.00158e-03
 40  0.01183  1.71102e-04 | 41  0.01476  9.00827e-04 | 42  0.01504 -8.90333e-04
 43  0.01676  8.18739e-04 | 44  0.01547  1.25941e-03 | 45  0.01722 -2.46942e-03
 46  0.00787 -4.91903e-03 | 47  0.15274 -3.88359e-02 | 48 -0.06396  8.62342e-05
 49 -0.05951 -1.34454e-03 | 50 -0.05426  4.05475e-03 | 51 -0.04501  2.86297e-03
 52 -0.04159 -1.65277e-03 | 53 -0.03683 -2.37833e-04 | 54 -0.02377  4.35974e-04
 55 -0.01095  3.69008e-03 | 56 -0.00493 -6.60643e-04 | 57 -0.00139 -8.07162e-04
 58  0.00912 -8.73942e-04 | 59  0.02145  1.48262e-03 | 60  0.02421 -2.45769e-03
 61  0.01725 -3.47460e-03 | 62  0.01211  4.20918e-04 | 63  0.01280 -9.76551e-04
 64  0.01356  3.05509e-04 | 65  0.01482 -3.60942e-03 | 66  0.01542 -1.56171e-03
 67  0.01522 -3.14125e-03 | 68  0.01682 -9.56798e-04 | 69  0.01875 -3.77745e-03
 70  0.02163 -2.59552e-03 | 71  0.02583 -2.59884e-03 | 72  0.02632 -3.40785e-03
 73  0.02569  3.03978e-03 | 74  0.02546  3.24064e-03 | 75  0.02546  2.18854e-03
 76 -0.63304 -5.05494e-02 | 77 -0.61242  1.20925e-02 |
2 0 20923.9
2 0 20923.9
2 0 20923.9
2 0 20923.9
2 0 20923.9
2 0 20923.9
2 0 20923.9
2 0 20923.9
2 0 20923.9
2 0 20923.9
2 0 20923.9
2 0 20923.9
2 0 20923.9
2 0 20923.9
2 0 20923.9
2 0 20923.9
2 0 20923.9
2 0 20923.9
2 0 20923.9
2 0 20923.9
2 0 20923.9
2 0 20923.9
2 0 20923.9
2 0 20923.9
2 0 20923.9
2 0 20923.9
2 0 20923.9
2 0 20923.9
2 0 20923.9
2 0 20923.9
2 0 20923.9
2 0 20923.9
2 0 20923.9
2 0 20923.9
  ic > imax  in fminim is answer attained ?
Var   Value    Gradient   |Var   Value    Gradient   |Var   Value    Gradient
  1 -0.65744 -2.67910e-05 |  2 -0.56570 -1.06004e-05 |  3  0.27865  1.45915e-05
  4  0.24839 -5.27972e-05 |  5  0.16448  1.25788e-05 |  6  0.10911  3.06780e-06
  7  0.07367  2.08053e-06 |  8  0.04901 -1.16431e-07 |  9  0.03060 -3.16482e-06
 10  0.01633 -1.10786e-06 | 11  0.00507  4.78411e-07 | 12 -0.00385  8.66753e-07
 13 -0.01085 -7.33321e-07 | 14 -0.01620 -1.74185e-06 | 15 -0.02008 -1.61531e-06
 16 -0.02260  4.59083e-06 | 17 -0.02385 -3.90135e-06 | 18  0.08712 -2.79985e-04
 19 -0.03392  7.00544e-05 | 20 -0.02210  1.80732e-05 | 21 -0.02169  2.33456e-05
 22 -0.01836  9.22641e-05 | 23 -0.01327 -2.33816e-05 | 24 -0.01142  2.75005e-05
 25 -0.00990  1.53177e-05 | 26 -0.01019  4.51450e-06 | 27 -0.00490 -1.06718e-05
 28 -0.00636  1.09055e-05 | 29 -0.00205  3.24625e-05 | 30 -0.00254  3.47071e-05
 31 -0.00111  6.45918e-06 | 32 -0.00080  1.79326e-05 | 33  0.00508 -3.94617e-05
 34  0.00713  8.15591e-05 | 35  0.00677 -2.12658e-05 | 36  0.00909 -2.39456e-05
 37  0.00870 -8.43684e-05 | 38  0.01272  2.19440e-06 | 39  0.01019 -1.87855e-05
 40  0.01183 -4.81801e-07 | 41  0.01476 -4.10504e-05 | 42  0.01504 -3.18642e-05
 43  0.01676 -2.13883e-05 | 44  0.01547 -2.04675e-05 | 45  0.01722 -3.63743e-04
 46  0.00787  2.70383e-04 | 47  0.15274  1.29089e-03 | 48 -0.06396 -5.63942e-05
 49 -0.05951 -9.82399e-06 | 50 -0.05426 -9.83089e-05 | 51 -0.04501  1.56397e-05
 52 -0.04159 -3.35179e-05 | 53 -0.03683  1.54946e-05 | 54 -0.02377 -6.86560e-05
 55 -0.01095  1.12261e-05 | 56 -0.00493 -8.03333e-06 | 57 -0.00139  4.65241e-05
 58  0.00912 -4.93012e-05 | 59  0.02145 -3.87068e-05 | 60  0.02421  1.66842e-06
 61  0.01725  3.80063e-05 | 62  0.01211 -6.24091e-05 | 63  0.01280  7.23325e-06
 64  0.01356 -6.54770e-05 | 65  0.01482  1.74162e-05 | 66  0.01542 -5.66898e-05
 67  0.01522  3.16866e-05 | 68  0.01682 -1.34207e-05 | 69  0.01875  7.86847e-05
 70  0.02163  6.02791e-05 | 71  0.02583 -7.92690e-06 | 72  0.02632  9.11213e-05
 73  0.02569  3.17434e-04 | 74  0.02546  1.31670e-04 | 75  0.02546 -6.04999e-05
 76 -0.63304  1.02801e-03 | 77 -0.61242 -2.85111e-04 |
Function minimizer not making progress ... is minimum attained?
Minimprove criterion =   0.0000e+00

 - final statistics:
77 variables; iteration 104; function evaluation 159
Function value   2.0924e+04; maximum gradient component mag   1.2909e-03
Exit code = 1;  converg criter   1.0000e-03
Var   Value    Gradient   |Var   Value    Gradient   |Var   Value    Gradient
  1 -0.65744 -2.67910e-05 |  2 -0.56570 -1.06004e-05 |  3  0.27865  1.45915e-05
  4  0.24839 -5.27972e-05 |  5  0.16448  1.25788e-05 |  6  0.10911  3.06780e-06
  7  0.07367  2.08053e-06 |  8  0.04901 -1.16431e-07 |  9  0.03060 -3.16482e-06
 10  0.01633 -1.10786e-06 | 11  0.00507  4.78411e-07 | 12 -0.00385  8.66753e-07
 13 -0.01085 -7.33321e-07 | 14 -0.01620 -1.74185e-06 | 15 -0.02008 -1.61531e-06
 16 -0.02260  4.59083e-06 | 17 -0.02385 -3.90135e-06 | 18  0.08712 -2.79985e-04
 19 -0.03392  7.00544e-05 | 20 -0.02210  1.80732e-05 | 21 -0.02169  2.33456e-05
 22 -0.01836  9.22641e-05 | 23 -0.01327 -2.33816e-05 | 24 -0.01142  2.75005e-05
 25 -0.00990  1.53177e-05 | 26 -0.01019  4.51450e-06 | 27 -0.00490 -1.06718e-05
 28 -0.00636  1.09055e-05 | 29 -0.00205  3.24625e-05 | 30 -0.00254  3.47071e-05
 31 -0.00111  6.45918e-06 | 32 -0.00080  1.79326e-05 | 33  0.00508 -3.94617e-05
 34  0.00713  8.15591e-05 | 35  0.00677 -2.12658e-05 | 36  0.00909 -2.39456e-05
 37  0.00870 -8.43684e-05 | 38  0.01272  2.19440e-06 | 39  0.01019 -1.87855e-05
 40  0.01183 -4.81801e-07 | 41  0.01476 -4.10504e-05 | 42  0.01504 -3.18642e-05
 43  0.01676 -2.13883e-05 | 44  0.01547 -2.04675e-05 | 45  0.01722 -3.63743e-04
 46  0.00787  2.70383e-04 | 47  0.15274  1.29089e-03 | 48 -0.06396 -5.63942e-05
 49 -0.05951 -9.82399e-06 | 50 -0.05426 -9.83089e-05 | 51 -0.04501  1.56397e-05
 52 -0.04159 -3.35179e-05 | 53 -0.03683  1.54946e-05 | 54 -0.02377 -6.86560e-05
 55 -0.01095  1.12261e-05 | 56 -0.00493 -8.03333e-06 | 57 -0.00139  4.65241e-05
 58  0.00912 -4.93012e-05 | 59  0.02145 -3.87068e-05 | 60  0.02421  1.66842e-06
 61  0.01725  3.80063e-05 | 62  0.01211 -6.24091e-05 | 63  0.01280  7.23325e-06
 64  0.01356 -6.54770e-05 | 65  0.01482  1.74162e-05 | 66  0.01542 -5.66898e-05
 67  0.01522  3.16866e-05 | 68  0.01682 -1.34207e-05 | 69  0.01875  7.86847e-05
 70  0.02163  6.02791e-05 | 71  0.02583 -7.92690e-06 | 72  0.02632  9.11213e-05
 73  0.02569  3.17434e-04 | 74  0.02546  1.31670e-04 | 75  0.02546 -6.04999e-05
 76 -0.63304  1.02801e-03 | 77 -0.61242 -2.85111e-04 |
2 0 20923.9
B052994.1
0.3 0.574531
0.492456 0.462663
0.650974 0.404838
0.752969 0.377138
0.811353 0.363671
0.843044 0.356965
0.85982 0.353571
0.868592 0.351837
0.87315 0.350946
0.875511 0.350488
0.876733 0.350252
0.877364 0.35013
0.87769 0.350067
0.877858 0.350035
0.877945 0.350018
0.87799 0.350009
0.878013 0.350005
0.878025 0.350002
0.878031 0.350001
0.878034 0.350001
0.878036 0.350001
Survey Bio28.7039
Survey len10401.7
CPUE48.8857
Catch3.98022
Catch len10415.5
initsmo_penal21.1335
F_pen1.20455
Rec_pen2.75446
M_pen0


Starting time: Sun Jun 17 18:53:36 2018
Finishing time: Sun Jun 17 18:54:25 2018
This run took: 0 hours, 0 minutes, 49 seconds.

