survYears 71 72 73 74 75 76 77 78 79 80 81 82 83 84 85 86 87 88 89 90 91 92 93 94 95 96 97 98
SurvLenYear 71 72 73 74 75 76 77 78 79 80 81 82 83 84 85 86 87 88 89 90 91 92 93 94 95 96 97 98
catchBiomass 4572.28 4556.01 6314.71 6865.96 8760.13 18947.3 18347.6 22994.5 28441.9 39579.2 41350.9 60651 74704.2 101996 97931.5 90658.1 86721.1 83212.3 80731.5 76878.4 73467.7 81969 97753 100458 107148 116245 110092 111722
steep0.999
25
Out
1 0 39332.5

Initial statistics: 74 variables; iteration 0; function evaluation 0; phase 1
Function value   3.9332525e+04; maximum gradient component mag  -4.9171e+05
Var   Value    Gradient   |Var   Value    Gradient   |Var   Value    Gradient
  1  0.24095  2.35235e+03 |  2  0.21936  2.43866e+03 |  3  0.19387  1.96477e+03
  4  0.18840  2.29056e+03 |  5  0.17941  2.16788e+03 |  6  0.18417  2.86904e+03
  7  0.16233  1.83913e+03 |  8  0.15645  1.82650e+03 |  9  0.13680  1.19019e+03
 10  0.12410  9.74075e+02 | 11  0.10373  5.58436e+02 | 12  0.10131  6.59979e+02
 13  0.08015  3.29614e+02 | 14  0.07287  1.11648e+02 | 15  0.12972  1.37401e+03
 16 -0.01452  1.14462e+04 | 17  0.00000 -2.50245e+04 | 18  0.00000  2.20170e+02
 19  0.00000 -4.31272e+03 | 20  0.00000  1.10522e+03 | 21  0.00000  8.05539e+03
 22  0.00000 -2.97271e+03 | 23  0.00000  2.35336e+03 | 24  0.00000  3.85843e+03
 25  0.00000  5.69659e+03 | 26  0.00000  3.53934e+03 | 27  0.00000  9.98569e+03
 28  0.00000  7.87737e+03 | 29  0.00000  7.74163e+03 | 30  0.00000  1.24481e+03
 31  0.00000  5.37424e+02 | 32  0.00000  5.60023e+02 | 33  0.00000  2.53081e+02
 34  0.00000  5.02067e+02 | 35  0.00000  8.01403e+02 | 36  0.00000  2.00084e+03
 37  0.00000  5.51849e+03 | 38  0.00000  6.35215e+03 | 39  0.00000  4.00214e+03
 40  0.00000  4.43207e+03 | 41  0.00000  2.28511e+03 | 42  0.00000 -3.49088e+03
 43  0.00000 -1.14249e+04 | 44  0.00000 -3.16971e+04 | 45  0.10132 -4.91713e+05
 46  0.00000  6.06436e+04 | 47  0.00000  5.00737e+04 | 48  0.00000  4.20612e+04
 49  0.00000  2.78984e+04 | 50  0.00000  2.29125e+04 | 51  0.00000  1.96195e+04
 52  0.00000  1.12180e+04 | 53  0.00000  5.00808e+03 | 54  0.00000 -5.04917e+02
 55  0.00000 -7.64756e+03 | 56  0.00000 -1.46682e+04 | 57  0.00000 -1.88723e+04
 58  0.00000 -1.94671e+04 | 59  0.00000 -1.70687e+04 | 60  0.00000 -1.53116e+04
 61  0.00000 -1.44592e+04 | 62  0.00000 -1.36354e+04 | 63  0.00000 -1.32267e+04
 64  0.00000 -1.38546e+04 | 65  0.00000 -1.63530e+04 | 66  0.00000 -1.96828e+04
 67  0.00000 -2.14575e+04 | 68  0.00000 -2.21801e+04 | 69  0.00000 -2.14846e+04
 70  0.00000 -1.70258e+04 | 71  0.00000 -7.20940e+03 | 72  0.00000  1.09598e+04
 73  0.00000  2.37147e+04 | 74 -0.00817  7.26701e+04 |
1 0 39332.5
1 0 39332.3
1 0 39330.3
1 0 39310.3
1 0 39111.5
1 0 37226.9
1 0 33542
1 0 29899.7
1 0 27865.7
1 0 26396.5
1 0 29442.2
1 0 25989.8
1 0 25603.2
1 0 25234.4
1 0 25478.5
1 0 25098.5
1 0 25037.6

Intermediate statistics: 74 variables; iteration 10; function evaluation 17; phase 1
Function value   2.5037570e+04; maximum gradient component mag  -9.3606e+04
Var   Value    Gradient   |Var   Value    Gradient   |Var   Value    Gradient
  1  0.23088  1.38269e+02 |  2  0.21528  2.14807e+02 |  3  0.19117  1.52739e+02
  4  0.18150  2.22431e+02 |  5  0.17368  2.27291e+02 |  6  0.17239  3.33849e+02
  7  0.15683  2.14757e+02 |  8  0.14777  2.33580e+02 |  9  0.13218  1.55159e+02
 10  0.11879  1.35050e+02 | 11  0.10293  6.37507e+01 | 12  0.09597  1.10006e+02
 13  0.08036  9.79787e+00 | 14  0.07968 -6.39234e+01 | 15  0.11665  2.60430e+02
 16  0.31049  4.81649e+03 | 17  0.20261  4.53521e+02 | 18 -0.00854  5.01576e+03
 19 -0.04388  3.12065e+03 | 20 -0.02909 -7.83406e+02 | 21 -0.04948  1.35313e+03
 22 -0.05978  1.99066e+03 | 23 -0.03400  1.63430e+03 | 24 -0.03721  5.22831e+02
 25 -0.04193  6.16980e+02 | 26  0.15394  2.25956e+02 | 27  0.17961 -3.56439e+02
 28  0.13845  2.50226e+02 | 29 -0.07216 -4.36816e+03 | 30 -0.06256 -2.62530e+03
 31 -0.04787  1.00923e+03 | 32 -0.04196  2.32870e+03 | 33 -0.04483 -9.50154e+02
 34 -0.04360 -7.86902e+02 | 35 -0.04486 -1.00565e+03 | 36  0.05153 -6.79950e+02
 37  0.10230 -1.87841e+02 | 38  0.05230 -1.16603e+03 | 39  0.05768 -2.14562e+02
 40 -0.04691 -1.23633e+03 | 41 -0.05019  1.41316e+01 | 42 -0.03807 -5.40774e+02
 43 -0.05505 -2.41120e+03 | 44 -0.07746 -4.70782e+02 | 45  0.16880 -9.36064e+04
 46 -0.08481 -8.80686e+03 | 47 -0.05232 -3.12228e+03 | 48 -0.07673 -4.81819e+03
 49 -0.03603  5.10324e+02 | 50 -0.00417  5.03685e+03 | 51 -0.06004 -1.92521e+03
 52 -0.01888 -2.67740e+03 | 53 -0.01042 -2.83441e+03 | 54 -0.03763 -1.65038e+03
 55 -0.01975  5.29067e+02 | 56 -0.00498  2.03818e+03 | 57  0.04834 -8.82912e+02
 58  0.02964 -1.21945e+02 | 59  0.02813  2.16518e+03 | 60  0.02555  1.27483e+03
 61  0.02247 -1.85680e+03 | 62  0.02026 -1.14739e+03 | 63  0.02193 -4.82451e+02
 64 -0.01353  1.08437e+03 | 65 -0.00225 -4.50195e+02 | 66  0.00381  7.43205e+01
 67  0.00833 -9.23722e+02 | 68  0.04049  6.02947e+02 | 69  0.03753  1.50957e+03
 70  0.02619 -4.22842e+02 | 71  0.04463  2.98516e+03 | 72  0.06595  9.95249e+03
 73 -0.00236  4.20694e+03 | 74  0.24930  2.53384e+04 |
1 0 24984.8
1 0 24919.9
1 0 24955.1
1 0 24894.5
1 0 24864.7
1 0 24841.2
1 0 24846.3
1 0 24830.5
1 0 24814.5
1 0 24819.9
1 0 24807.9
1 0 24800
1 0 24790.3
74 variables; iteration 20; function evaluation 30; phase 1
Function value   2.4790286e+04; maximum gradient component mag  -7.6546e+04
Var   Value    Gradient   |Var   Value    Gradient   |Var   Value    Gradient
  1  0.22902  1.72820e+02 |  2  0.20518  1.73894e+02 |  3  0.18207  1.62430e+02
  4  0.16661  1.69091e+02 |  5  0.15764  1.99127e+02 |  6  0.14886  1.95596e+02
  7  0.14069  1.96695e+02 |  8  0.13001  1.62763e+02 |  9  0.11986  1.47172e+02
 10  0.10790  1.09101e+02 | 11  0.09756  9.51319e+01 | 12  0.08704  6.63095e+01
 13  0.07976  2.65776e+01 | 14  0.08475  5.78560e+01 | 15  0.09550  1.35110e+02
 16  0.32944  4.77202e+03 | 17  0.14277  1.68068e+02 | 18 -0.01837  4.58936e+03
 19 -0.06515 -2.95890e+03 | 20 -0.02421  1.13142e+03 | 21 -0.05266  2.49985e+03
 22 -0.06100  3.14571e+03 | 23 -0.04134 -6.63199e+02 | 24 -0.04284  4.53555e+02
 25 -0.04875 -5.29149e+01 | 26  0.21532  5.38543e+02 | 27  0.25004 -5.64562e+01
 28  0.15717  5.16206e+01 | 29 -0.07254 -1.87734e+03 | 30 -0.07305 -3.87379e+03
 31 -0.05861  2.31473e+03 | 32 -0.05362  1.76489e+03 | 33 -0.05328 -2.01451e+02
 34 -0.05290 -1.39474e+02 | 35 -0.05029 -1.49029e+03 | 36  0.09390 -9.14844e+01
 37  0.11870 -1.48415e+02 | 38  0.03779 -1.28011e+03 | 39  0.04258 -2.07828e+02
 40 -0.05269 -1.21049e+03 | 41 -0.05747  6.23584e+02 | 42 -0.05014 -9.11346e+02
 43 -0.05582 -6.99891e+02 | 44 -0.06022 -1.14483e+03 | 45  0.16560 -7.65461e+04
 46 -0.08281 -1.10118e+04 | 47 -0.04588 -9.09938e+03 | 48 -0.11438 -4.84463e+03
 49 -0.03408  3.58111e+02 | 50 -0.01060 -1.62186e+03 | 51 -0.06622 -4.46429e+03
 52 -0.01744 -3.17379e+03 | 53 -0.00815 -2.31950e+03 | 54 -0.03611 -9.10900e+02
 55 -0.01597  1.04316e+03 | 56 -0.00421 -1.36825e+02 | 57  0.04963  2.63318e+03
 58  0.03593  1.93647e+03 | 59  0.03499  5.40864e+03 | 60  0.02808  2.53855e+03
 61  0.02585  5.42369e+02 | 62  0.02429  3.12107e+02 | 63  0.01982 -2.68607e+02
 64 -0.01284  1.22656e+03 | 65  0.00288  1.44854e+03 | 66  0.00817  6.67996e+02
 67  0.01304  1.80858e+01 | 68  0.04344  1.85134e+03 | 69  0.04111  3.33580e+03
 70  0.03106  8.92899e+02 | 71  0.04233  4.21386e+03 | 72  0.04273  5.63469e+03
 73  0.00394  3.52706e+03 | 74  0.22698  2.02357e+04 |
1 0 24790.4
1 0 24785.4
1 0 24778.1
1 0 24771.1
1 0 24761.7
1 0 24756
1 0 24739.7
1 0 24678.5
1 0 24571.9
1 0 33513.3
1 0 24566.2
1 0 24559.8
1 0 24552.2
1 0 24559.3
1 0 24549.5
74 variables; iteration 30; function evaluation 45; phase 1
Function value   2.4549745e+04; maximum gradient component mag  -9.0895e+04
Var   Value    Gradient   |Var   Value    Gradient   |Var   Value    Gradient
  1  0.18571  1.54098e+02 |  2  0.14771  1.57810e+01 |  3  0.11949  3.22327e+01
  4  0.09449  1.32059e+01 |  5  0.07598  2.21897e+01 |  6  0.05948 -2.96926e+01
  7  0.05909  3.63359e+01 |  8  0.05579  1.14591e+01 |  9  0.05733  3.43603e+01
 10  0.05780  3.15520e+01 | 11  0.05876  5.23296e+01 | 12  0.05464 -1.55898e+01
 13  0.06536  7.97910e+01 | 14  0.06532  1.61204e+02 | 15  0.03016 -9.64011e+01
 16  0.32089  5.31038e+03 | 17  0.14622 -6.02658e+01 | 18 -0.01020  6.59972e+03
 19 -0.05785 -7.58774e+02 | 20 -0.04000 -2.34224e+03 | 21 -0.04587  3.21635e+03
 22 -0.06407  1.17195e+03 | 23 -0.04312  7.19115e+01 | 24 -0.04023  4.42948e+02
 25 -0.06613 -8.32459e+03 | 26  0.28020  8.63447e+02 | 27  0.29184 -1.48491e+02
 28  0.15612 -4.14497e+02 | 29 -0.06758 -1.91366e+03 | 30 -0.06506 -3.03941e+03
 31 -0.05375  2.47320e+03 | 32 -0.04914  4.00499e+01 | 33 -0.04771  1.88755e+01
 34 -0.05086 -1.20719e+01 | 35 -0.04070  9.83191e+02 | 36  0.11648  7.76989e+01
 37  0.08675 -4.74898e+02 | 38 -0.03319 -3.18242e+03 | 39 -0.01064  5.43365e+03
 40 -0.04657  6.36524e+02 | 41 -0.04787  1.57087e+03 | 42 -0.04482 -2.82315e+02
 43 -0.06652 -3.23304e+03 | 44 -0.06873 -2.58342e+03 | 45  0.16584 -9.08954e+04
 46 -0.08228 -7.47261e+03 | 47 -0.04819 -7.39619e+03 | 48 -0.08575 -4.02450e+03
 49 -0.03886  1.45155e+03 | 50 -0.00303  4.91348e+03 | 51 -0.07841 -3.61642e+03
 52 -0.01929 -3.53953e+03 | 53  0.00199 -8.32491e+02 | 54 -0.04929  1.00396e+03
 55 -0.02021 -1.81504e+03 | 56 -0.00859 -3.18364e+03 | 57  0.04631  2.25177e+03
 58  0.03042  1.08694e+03 | 59  0.03326  4.15064e+03 | 60  0.02123  3.90568e+02
 61  0.02487  8.61989e+02 | 62  0.02522  7.45100e+02 | 63  0.01123 -2.01119e+03
 64 -0.01328 -1.35996e+03 | 65  0.00038 -3.17825e+02 | 66  0.01579 -8.54670e+03
 67  0.01932  2.42647e+03 | 68  0.04230  6.28808e+03 | 69  0.03689  4.00821e+03
 70  0.03257  1.32526e+03 | 71  0.05006  4.22868e+03 | 72  0.04170  4.80371e+03
 73  0.01314  4.31123e+03 | 74  0.22555  2.20078e+04 |
1 0 24545.1
1 0 24542.2
1 0 24539.5
1 0 24536
1 0 24533.8
1 0 24532.3
1 0 24534.5
1 0 24532
1 0 24531.2
1 0 24531.7
1 0 24530.9
1 0 24530.5
74 variables; iteration 40; function evaluation 57; phase 1
Function value   2.4530605e+04; maximum gradient component mag  -8.8093e+04
Var   Value    Gradient   |Var   Value    Gradient   |Var   Value    Gradient
  1  0.16598  1.02647e+02 |  2  0.13319  6.68228e+00 |  3  0.09867 -2.74956e+01
  4  0.07284 -1.22273e+01 |  5  0.05085 -3.02747e+01 |  6  0.03804 -2.25443e+01
  7  0.03204 -2.20889e+01 |  8  0.03269 -4.83733e+00 |  9  0.03479 -7.68485e+00
 10  0.03921  5.86661e+00 | 11  0.04187 -4.54984e+00 | 12  0.04589 -1.38835e+01
 13  0.05412  5.70800e+01 | 14  0.04509  5.65314e+01 | 15  0.01904 -8.66088e+01
 16  0.32167  6.00553e+03 | 17  0.13227 -2.19762e+02 | 18 -0.00979  6.38100e+03
 19 -0.05817 -1.05036e+03 | 20 -0.03926 -2.05002e+03 | 21 -0.04420  3.50323e+03
 22 -0.06227  2.33857e+03 | 23 -0.04207 -9.52912e+01 | 24 -0.03927  3.98436e+02
 25 -0.06588 -8.09289e+03 | 26  0.28497  8.43588e+02 | 27  0.28968 -3.70003e+02
 28  0.17679 -2.53838e+02 | 29 -0.06595 -1.78953e+03 | 30 -0.06438 -2.62653e+03
 31 -0.05414  2.33818e+03 | 32 -0.04965 -5.69393e+02 | 33 -0.04702  2.38940e+02
 34 -0.04923 -1.18448e+02 | 35 -0.04398  1.07510e+03 | 36  0.09569 -2.92002e+02
 37  0.09112 -3.68374e+02 | 38 -0.03283 -2.60416e+03 | 39 -0.00918  5.49965e+03
 40 -0.04582  7.99153e+02 | 41 -0.04840  1.38528e+03 | 42 -0.04609 -3.72271e+02
 43 -0.06572 -2.83297e+03 | 44 -0.06848 -3.28038e+03 | 45  0.16645 -8.80927e+04
 46 -0.08339 -8.09099e+03 | 47 -0.04801 -7.01754e+03 | 48 -0.08527 -3.90109e+03
 49 -0.03990  1.50145e+03 | 50 -0.00354  4.64194e+03 | 51 -0.07561 -3.65541e+03
 52 -0.02019 -3.69334e+03 | 53  0.00251 -4.08242e+02 | 54 -0.04893  1.00841e+03
 55 -0.01984 -1.22288e+03 | 56 -0.00828 -2.60922e+03 | 57  0.04508  2.33805e+03
 58  0.03244  1.36297e+03 | 59  0.03233  3.39122e+03 | 60  0.02054 -1.97003e+02
 61  0.02451  7.97631e+02 | 62  0.02364  3.73181e+02 | 63  0.01576 -2.12716e+03
 64 -0.01802 -1.82535e+03 | 65  0.00072  3.34146e+02 | 66  0.01670 -7.41373e+03
 67  0.01854  2.32654e+03 | 68  0.04184  6.22831e+03 | 69  0.03757  4.06822e+03
 70  0.03348  1.51565e+03 | 71  0.04902  3.80323e+03 | 72  0.04058  4.12635e+03
 73  0.01479  4.17950e+03 | 74  0.22811  2.23920e+04 |
1 0 24530.3
1 0 24530
1 0 24529.8
1 0 24529.5
1 0 24529.9
1 0 24529.5
1 0 24529.4
1 0 24529.3
1 0 24529
1 0 24528.7
1 0 24529
1 0 24528.6
74 variables; iteration 50; function evaluation 69; phase 1
Function value   2.4528746e+04; maximum gradient component mag  -8.8605e+04
Var   Value    Gradient   |Var   Value    Gradient   |Var   Value    Gradient
  1  0.15968  7.67148e+01 |  2  0.13342  1.37811e+01 |  3  0.10027 -2.59336e+01
  4  0.07303 -2.65635e+01 |  5  0.05224 -2.99931e+01 |  6  0.03917 -1.87093e+01
  7  0.03052 -2.31390e+01 |  8  0.02770 -1.60583e+01 |  9  0.02852 -1.52394e+01
 10  0.03260 -7.79887e+00 | 11  0.03750 -2.42709e+00 | 12  0.04132 -5.44199e+00
 13  0.04472  2.49423e+01 | 14  0.03831  2.07314e+01 | 15  0.02365 -5.35814e+01
 16  0.32230  5.87239e+03 | 17  0.13128 -2.00494e+02 | 18 -0.01004  6.38423e+03
 19 -0.05840 -1.07590e+03 | 20 -0.03966 -2.13308e+03 | 21 -0.04486  3.45957e+03
 22 -0.06255  2.30932e+03 | 23 -0.04241 -8.25666e+01 | 24 -0.03934  4.14304e+02
 25 -0.06618 -8.10235e+03 | 26  0.28160  8.41576e+02 | 27  0.28861 -3.37096e+02
 28  0.17568 -2.33453e+02 | 29 -0.06675 -2.01450e+03 | 30 -0.06422 -2.44734e+03
 31 -0.05454  2.33280e+03 | 32 -0.04923 -3.59261e+02 | 33 -0.04720  4.60283e+02
 34 -0.05025 -6.64300e+02 | 35 -0.04320  1.37009e+03 | 36  0.10140 -2.18826e+02
 37  0.09563 -3.18787e+02 | 38 -0.03300 -2.62754e+03 | 39 -0.00968  5.40652e+03
 40 -0.04605  7.24640e+02 | 41 -0.04864  1.58292e+03 | 42 -0.04629 -5.27712e+02
 43 -0.06565 -2.85639e+03 | 44 -0.06762 -3.19680e+03 | 45  0.16643 -8.86052e+04
 46 -0.08331 -8.07385e+03 | 47 -0.04798 -7.12455e+03 | 48 -0.08509 -3.92716e+03
 49 -0.03949  1.57983e+03 | 50 -0.00349  4.62768e+03 | 51 -0.07466 -3.58599e+03
 52 -0.02028 -3.72372e+03 | 53  0.00266 -4.78485e+02 | 54 -0.04933  9.47024e+02
 55 -0.01957 -9.69058e+02 | 56 -0.00865 -2.94055e+03 | 57  0.04544  2.32476e+03
 58  0.03217  1.44376e+03 | 59  0.03320  3.67927e+03 | 60  0.02003 -7.56533e+01
 61  0.02514  8.34064e+02 | 62  0.02343  5.06956e+01 | 63  0.01539 -1.86924e+03
 64 -0.01728 -1.85304e+03 | 65  0.00092  5.73233e+02 | 66  0.01664 -7.53478e+03
 67  0.01838  2.09405e+03 | 68  0.04182  6.16489e+03 | 69  0.03800  4.17347e+03
 70  0.03296  1.24058e+03 | 71  0.04894  3.78042e+03 | 72  0.03985  4.12850e+03
 73  0.01302  4.19333e+03 | 74  0.22871  2.24999e+04 |
1 0 24528.4
1 0 24528.1
1 0 24527.8
1 0 24527.2
1 0 24526.3
1 0 24524.8
1 0 24523.8
1 0 24521.9
1 0 24521.9
1 0 24521
1 0 24519.2
1 0 24511.7
74 variables; iteration 60; function evaluation 81; phase 1
Function value   2.4511766e+04; maximum gradient component mag  -8.9123e+04
Var   Value    Gradient   |Var   Value    Gradient   |Var   Value    Gradient
  1  0.23078  2.17630e+02 |  2  0.18951  9.14763e+01 |  3  0.15562  1.05666e+02
  4  0.11800  3.80018e+01 |  5  0.08656  4.82038e+01 |  6  0.05145  1.73859e+00
  7  0.02168 -1.37615e+01 |  8 -0.00066  4.04437e+01 |  9 -0.03302 -4.87613e+01
 10 -0.04967 -1.15903e+02 | 11 -0.03056  1.62397e+01 | 12 -0.01510  3.10248e+00
 13  0.00133  2.93567e+01 | 14  0.01182  2.01706e+02 | 15 -0.03450 -1.49716e+02
 16  0.32168  5.70344e+03 | 17  0.13822 -1.22086e+02 | 18 -0.01040  6.33900e+03
 19 -0.05819 -1.00100e+03 | 20 -0.04009 -2.23451e+03 | 21 -0.04531  3.32834e+03
 22 -0.06230  2.30308e+03 | 23 -0.04259 -4.38198e+01 | 24 -0.03919  4.68167e+02
 25 -0.06578 -8.04704e+03 | 26  0.27747  8.70199e+02 | 27  0.28152 -3.53162e+02
 28  0.17565 -1.72027e+02 | 29 -0.06489 -1.75097e+03 | 30 -0.06273 -2.51707e+03
 31 -0.05405  2.50846e+03 | 32 -0.05066 -5.89535e+02 | 33 -0.04507  6.97736e+02
 34 -0.05163 -7.53209e+02 | 35 -0.04315  1.39140e+03 | 36  0.10462 -1.41655e+02
 37  0.09634 -2.91331e+02 | 38 -0.03291 -2.64921e+03 | 39 -0.00997  5.35692e+03
 40 -0.04713  6.51352e+02 | 41 -0.05082  1.29984e+03 | 42 -0.04524 -3.65320e+02
 43 -0.06591 -3.06342e+03 | 44 -0.06784 -2.97289e+03 | 45  0.16651 -8.91227e+04
 46 -0.08330 -8.11436e+03 | 47 -0.04828 -7.19012e+03 | 48 -0.08503 -3.94773e+03
 49 -0.03950  1.49102e+03 | 50 -0.00394  4.55857e+03 | 51 -0.07350 -3.49186e+03
 52 -0.02054 -3.71574e+03 | 53  0.00225 -4.54194e+02 | 54 -0.04867  1.09905e+03
 55 -0.01927 -6.16457e+02 | 56 -0.00891 -3.08475e+03 | 57  0.04387  1.88202e+03
 58  0.03111  1.13720e+03 | 59  0.03377  3.88125e+03 | 60  0.02091 -3.21746e+01
 61  0.02237  6.00363e+02 | 62  0.02613  5.09906e+02 | 63  0.01352 -1.81366e+03
 64 -0.01681 -1.81467e+03 | 65  0.00092  6.63355e+02 | 66  0.01635 -7.68594e+03
 67  0.01820  1.98410e+03 | 68  0.04237  6.22961e+03 | 69  0.03869  4.11685e+03
 70  0.03060  1.01763e+03 | 71  0.04936  3.86310e+03 | 72  0.03998  4.28522e+03
 73  0.01610  4.23282e+03 | 74  0.22759  2.25075e+04 |
1 0 24598.2
1 0 24510.7
1 0 24509
1 0 24507.8
1 0 24505.4
1 0 24484.9
1 0 24448.5
1 0 24405.9
1 0 24336
1 0 24208.4
1 0 23968.3
1 0 23553.6
74 variables; iteration 70; function evaluation 93; phase 1
Function value   2.3554213e+04; maximum gradient component mag  -8.8989e+04
Var   Value    Gradient   |Var   Value    Gradient   |Var   Value    Gradient
  1  0.18499  6.89392e+01 |  2  0.17610  1.50774e+01 |  3  0.19413  5.25140e+02
  4  0.12454 -2.53760e+01 |  5  0.08811 -1.08877e+02 |  6  0.09842  1.99167e+02
  7  0.06796  1.06760e+02 |  8  0.01675 -2.58748e+01 |  9 -0.02280  6.21612e+01
 10 -0.07960 -2.40804e+02 | 11 -0.06278  6.30399e+01 | 12 -0.06438  4.64747e+01
 13 -0.07940  3.08843e+02 | 14 -0.18986 -1.51418e+00 | 15 -0.30605 -3.17014e+02
 16  0.28312  3.66306e+03 | 17  0.10425  2.57838e+00 | 18 -0.02305  4.60892e+03
 19 -0.04715  1.42072e+03 | 20 -0.04546 -5.09078e+03 | 21 -0.03996  3.44566e+03
 22 -0.05196  1.35385e+03 | 23 -0.04160  8.15036e+01 | 24 -0.03577  1.45968e+03
 25 -0.05712 -7.63428e+03 | 26  0.26450  1.08870e+03 | 27  0.24998 -2.00477e+02
 28  0.14162 -2.20412e+02 | 29 -0.05319 -1.59750e+03 | 30 -0.05143 -1.77367e+03
 31 -0.04739  1.04890e+03 | 32 -0.04614 -1.10967e+03 | 33 -0.04151  2.96425e+01
 34 -0.04525 -9.68614e+02 | 35 -0.03947  1.38325e+03 | 36  0.10112  1.16657e+02
 37  0.08252 -2.35335e+02 | 38 -0.02645 -2.45232e+03 | 39 -0.00921  4.95965e+03
 40 -0.03690  6.75222e+02 | 41 -0.04023  1.15946e+03 | 42 -0.04052 -3.90631e+02
 43 -0.05560 -3.21076e+03 | 44 -0.05996 -2.69589e+03 | 45  0.16392 -8.89891e+04
 46 -0.06945 -3.82107e+03 | 47 -0.05302 -6.03431e+03 | 48 -0.07555 -3.89406e+03
 49 -0.04113  1.57655e+03 | 50 -0.00892  4.41593e+03 | 51 -0.05704 -2.04380e+03
 52 -0.01792 -1.21697e+03 | 53 -0.00033  1.90981e+03 | 54 -0.04986  1.12614e+03
 55 -0.01788 -1.06008e+03 | 56 -0.00679 -2.91463e+03 | 57  0.03880 -6.56174e+02
 58  0.02284 -9.48637e+02 | 59  0.02945  1.23603e+03 | 60  0.01817 -7.92193e+02
 61  0.02034 -2.21677e+01 | 62  0.02240  1.53323e+02 | 63  0.01371 -1.57981e+03
 64 -0.02192 -1.21901e+03 | 65  0.00282  4.66598e+02 | 66  0.01756 -7.08856e+03
 67  0.02070  2.71537e+03 | 68  0.03872  5.05430e+03 | 69  0.03359  2.89617e+03
 70  0.03229  1.09196e+03 | 71  0.04193  2.55859e+03 | 72  0.03861  4.05148e+03
 73  0.02786  4.32283e+03 | 74  0.19459  1.95996e+04 |
1 0 23650.4
1 0 23366.8
1 0 23583.1
1 0 23304.2
1 0 23962.6
1 0 23298.7
1 0 23318.5
1 0 23297.8
1 0 23295.9
1 0 23277.6
1 0 23237.8
1 0 22895.9
1 0 22422.2
1 0 22398.4
1 0 22045.6
1 0 22553
1 0 21865
1 0 21612.2
74 variables; iteration 80; function evaluation 111; phase 1
Function value   2.1612452e+04; maximum gradient component mag   1.5972e+04
Var   Value    Gradient   |Var   Value    Gradient   |Var   Value    Gradient
  1  0.23910 -5.02445e+02 |  2  0.13261 -3.43716e+02 |  3  0.06847 -1.93030e+02
  4  0.05757  7.87303e+01 |  5  0.02329 -8.47524e+01 |  6  0.01436  1.22421e+02
  7 -0.03191 -1.53036e+01 |  8 -0.07405 -1.29187e+02 |  9 -0.07717  3.95731e+00
 10 -0.08170  1.94782e+01 | 11 -0.09238  9.30924e+01 | 12 -0.13200 -2.86866e+01
 13 -0.16310  5.11934e+01 | 14 -0.21138 -4.30279e+01 | 15 -0.24615 -1.00424e+02
 16  0.18485  3.11116e+03 | 17 -0.04505 -3.09483e+02 | 18 -0.03164  1.21272e+03
 19 -0.02816  5.00232e+03 | 20 -0.04753 -3.93039e+03 | 21 -0.05049  1.05514e+03
 22 -0.03243  1.47145e+03 | 23 -0.03855 -1.71505e+03 | 24 -0.03393 -2.91423e+02
 25 -0.02927 -1.88340e+03 | 26  0.10319 -2.15825e+02 | 27  0.18285  1.43864e+02
 28  0.13760  8.96825e+01 | 29 -0.01719  1.14640e+03 | 30 -0.02632 -3.28186e+02
 31 -0.02983 -1.01888e+03 | 32 -0.03112 -2.56810e+03 | 33 -0.02684 -1.43791e+03
 34 -0.02023  1.08436e+03 | 35 -0.01083  3.08600e+03 | 36  0.08401 -3.40822e+02
 37  0.12081  3.90267e+02 | 38 -0.00608 -6.15393e+02 | 39 -0.00736  1.27576e+03
 40 -0.01517  1.31663e+03 | 41 -0.01989 -4.80208e+02 | 42 -0.02364 -1.40970e+03
 43 -0.02722 -1.57914e+03 | 44 -0.02918 -2.11185e+03 | 45  0.16130 -1.06420e+04
 46 -0.04786  1.59716e+04 | 47 -0.06419  1.13041e+03 | 48 -0.04333  6.03590e+03
 49 -0.03565  3.38546e+03 | 50 -0.02622  3.27622e+03 | 51 -0.02887  2.31600e+03
 52 -0.01707  2.87787e+03 | 53 -0.01806  1.78418e+03 | 54 -0.03560  2.41530e+02
 55 -0.01238 -1.81289e+03 | 56  0.00172 -7.92707e+02 | 57  0.02858 -3.23525e+03
 58  0.02135 -3.75773e+03 | 59  0.01626 -3.25912e+03 | 60  0.01235 -2.42943e+03
 61  0.01211 -1.32149e+03 | 62  0.00861 -2.30205e+03 | 63  0.00296 -4.96023e+03
 64 -0.01537 -4.23493e+03 | 65  0.00612 -1.77150e+03 | 66  0.02289 -4.03387e+03
 67  0.02311  5.57015e+02 | 68  0.02874  1.04009e+03 | 69  0.02322 -1.91521e+03
 70  0.02955 -4.69956e+02 | 71  0.02052 -2.08277e+03 | 72  0.02612 -7.45887e+02
 73  0.06072  7.34974e+02 | 74  0.10373  2.85495e+02 |
1 0 21469.2
1 0 21413.9
1 0 21328.4
1 0 21222.3
1 0 20638.8
1 0 20615.9
1 0 21693.2
1 0 20601.9
1 0 20576.1
1 0 20528
1 0 20440.4
1 0 20308.7
74 variables; iteration 90; function evaluation 123; phase 1
Function value   2.0308724e+04; maximum gradient component mag  -8.6419e+03
Var   Value    Gradient   |Var   Value    Gradient   |Var   Value    Gradient
  1  0.25582 -7.47721e+02 |  2  0.19764 -4.52864e+01 |  3  0.13031  6.40900e+00
  4  0.07367 -6.40660e+01 |  5  0.04300  3.57855e+01 |  6  0.00500 -4.50857e+01
  7 -0.01795 -2.01094e+01 |  8 -0.03394 -1.95546e+00 |  9 -0.04869 -3.90672e+01
 10 -0.05115  1.51791e+01 | 11 -0.05771 -2.31523e+01 | 12 -0.05683  1.41616e+01
 13 -0.05978  3.22727e+00 | 14 -0.06328  1.31764e+01 | 15 -0.07038 -2.22278e+01
 16  0.13314  1.11167e+03 | 17 -0.03060  7.19133e+02 | 18 -0.02838 -2.22154e+03
 19 -0.02597 -5.68274e+02 | 20 -0.03217 -6.73873e+02 | 21 -0.03674  1.21368e+03
 22 -0.02276 -7.94486e+02 | 23 -0.02028  5.00235e+02 | 24 -0.01778 -1.13172e+03
 25 -0.00961  6.10583e+02 | 26  0.09663  1.38254e+02 | 27  0.14451  2.92676e+02
 28  0.10472  2.34485e+02 | 29 -0.00524  3.92198e+02 | 30 -0.00990  9.45617e+02
 31 -0.01254 -5.80489e+02 | 32 -0.01155 -4.08639e+02 | 33 -0.01010 -5.86773e+02
 34 -0.00633  9.69521e+02 | 35 -0.00490  6.12653e+02 | 36 -0.00597 -9.29154e+02
 37 -0.00376  2.13456e+02 | 38 -0.00361  1.43200e+03 | 39 -0.00458 -7.93889e+01
 40 -0.00548  4.15949e+02 | 41 -0.00622 -1.96796e+02 | 42 -0.00464 -1.12753e+02
 43 -0.01000 -2.23666e+02 | 44 -0.01704 -1.79947e+03 | 45  0.15852 -8.64188e+03
 46 -0.06467  1.33244e+03 | 47 -0.05777  2.39146e+03 | 48 -0.04960  4.21002e+03
 49 -0.03689  1.18120e+03 | 50 -0.03111  5.01634e+02 | 51 -0.03433 -5.73535e+01
 52 -0.02072  6.64192e+01 | 53 -0.01856 -2.18699e+01 | 54 -0.03104 -3.60193e+02
 55 -0.00871 -5.48906e+02 | 56  0.00421 -8.44334e+02 | 57  0.03118 -8.30512e+02
 58  0.02216 -1.47831e+03 | 59  0.01884 -9.82143e+02 | 60  0.01546 -5.63255e+02
 61  0.01604  1.46118e+02 | 62  0.01163 -9.62270e+02 | 63  0.01244 -1.36993e+03
 64  0.01198 -8.64992e+02 | 65  0.01145  5.72902e+01 | 66  0.02162  1.24901e+03
 67  0.02259 -2.23926e+02 | 68  0.02391 -1.84182e+02 | 69  0.02582 -5.72758e+02
 70  0.02657 -3.79060e+02 | 71  0.02796 -4.85219e+02 | 72  0.02645 -8.36579e+02
 73  0.02285  4.03048e+02 | 74  0.08910  7.59126e+02 |
1 0 20186.4
1 0 116884
1 0 20064.7
1 0 25094.7
1 0 19950.2
1 0 36972.9
1 0 19916.8
1 0 22017.5
1 0 19896.1
1 0 19990.4
1 0 19879.2
1 0 19855.8
1 0 19811.6
1 0 19729.2
1 0 19577.4
1 0 19347.5
1 0 19141.5
1 0 19025
74 variables; iteration 100; function evaluation 141; phase 1
Function value   1.9025039e+04; maximum gradient component mag  -4.9718e+03
Var   Value    Gradient   |Var   Value    Gradient   |Var   Value    Gradient
  1  0.32369  1.09936e+03 |  2  0.24506  2.29288e+02 |  3  0.18286  1.03899e+02
  4  0.14893  1.34913e+02 |  5  0.11709  3.49491e+01 |  6  0.10172  7.61182e+01
  7  0.08555  5.27708e+01 |  8  0.07096  6.29734e+01 |  9  0.05113  3.29486e+01
 10  0.03076 -6.43359e+00 | 11  0.01849 -8.00643e+00 | 12  0.01346  1.60933e+00
 13  0.01238 -2.40437e+00 | 14  0.01648 -2.69832e+00 | 15  0.02639  5.43630e+01
 16  0.08710  8.28217e+02 | 17  0.01828  3.99178e+02 | 18 -0.00923  1.57339e+03
 19 -0.00692  9.86987e+02 | 20  0.00343  8.32784e+02 | 21 -0.01786 -1.59082e+03
 22 -0.00568  1.51427e+03 | 23 -0.00527  2.54996e+02 | 24 -0.00425 -4.75683e+02
 25 -0.00245  1.56291e+03 | 26  0.00197  4.30725e+02 | 27  0.00299  2.70236e+02
 28  0.00250 -3.58767e+01 | 29 -0.00186  2.05945e+03 | 30 -0.00313 -1.15775e+03
 31  0.00056  9.37453e+02 | 32 -0.00073 -6.86506e+02 | 33  0.00314  1.46431e+03
 34 -0.00193 -1.49866e+03 | 35 -0.00818 -2.95613e+03 | 36 -0.00821 -8.38229e+02
 37 -0.01108  1.06454e+02 | 38 -0.01087 -2.57410e+03 | 39  0.00568  3.17213e+03
 40 -0.00157 -3.00011e+03 | 41  0.00274 -2.85258e+02 | 42  0.00940  6.00286e+02
 43  0.01072 -6.86973e+02 | 44  0.03902  4.51662e+02 | 45  0.15966  1.86142e+03
 46 -0.07063 -8.96646e+02 | 47 -0.06297 -1.71624e+03 | 48 -0.08280 -4.97185e+03
 49 -0.02832  1.39683e+03 | 50 -0.03197 -9.08682e+02 | 51 -0.03520 -1.35090e+03
 52 -0.01818 -2.44383e+02 | 53 -0.01354 -6.54841e+02 | 54 -0.00719 -1.13186e+03
 55 -0.00809 -2.15597e+03 | 56  0.01720  2.49661e+03 | 57  0.02544  3.45395e+03
 58  0.02639  1.75557e+03 | 59  0.01935  8.33754e+02 | 60  0.02212  2.37446e+03
 61  0.01468 -2.17400e+02 | 62  0.01955  9.51014e+02 | 63  0.01995  2.94870e+03
 64  0.01725  2.55179e+03 | 65  0.01718  1.07378e+03 | 66  0.01142 -1.74201e+03
 67  0.01953 -1.49653e+03 | 68  0.02226 -2.59807e+03 | 69  0.02636  6.22788e+01
 70  0.02418 -6.35674e+02 | 71  0.02460  5.83094e+01 | 72  0.01436  6.29159e+02
 73  0.01620 -9.04302e+01 | 74  0.09936 -3.89522e+02 |
1 0 18920.8
1 0 18797.6
1 0 18764.8
1 0 18744.5
1 0 18736.2
1 0 18731.6
1 0 18728.2
1 0 18726
1 0 18723.7
1 0 18722.8
74 variables; iteration 110; function evaluation 151; phase 1
Function value   1.8722829e+04; maximum gradient component mag  -3.6683e+02
Var   Value    Gradient   |Var   Value    Gradient   |Var   Value    Gradient
  1  0.25940 -5.59262e+01 |  2  0.18591 -9.12969e+00 |  3  0.12006 -4.02915e+00
  4  0.07432 -1.52193e+01 |  5  0.04392 -1.48988e+01 |  6  0.02385 -8.13994e+00
  7  0.01016  1.38189e+01 |  8 -0.00465  5.18734e+00 |  9 -0.01875 -6.18448e+00
 10 -0.02931 -6.89195e+00 | 11 -0.03642  1.64119e+00 | 12 -0.04284 -3.62515e+00
 13 -0.04712 -7.83623e+00 | 14 -0.04807 -1.19742e+00 | 15 -0.04769  4.47984e+00
 16  0.07484  2.06213e+02 | 17 -0.02646  6.19896e+01 | 18 -0.01156 -1.95065e+01
 19 -0.00809  1.63108e+01 | 20 -0.00982 -4.42108e+01 | 21 -0.01787 -9.10929e+01
 22 -0.00497 -4.39250e-01 | 23 -0.00602  1.33224e+01 | 24 -0.00416  1.19500e-01
 25 -0.00590 -2.04946e+02 | 26  0.00000 -3.81725e+01 | 27 -0.00390  1.11001e+01
 28 -0.00185  4.77954e+00 | 29 -0.00445 -2.03980e+02 | 30  0.00091 -5.09790e+01
 31  0.00161  1.06723e+02 | 32  0.00284 -2.07846e+02 | 33  0.00563  2.82712e+02
 34  0.00566 -1.61910e+02 | 35  0.00624  3.18024e+01 | 36  0.00687 -3.59858e+01
 37  0.00566  6.31687e+01 | 38  0.00505  2.20455e+02 | 39  0.00651 -3.66835e+02
 40  0.00660  1.27031e+02 | 41  0.00792  1.33208e+02 | 42  0.01128  8.97492e+01
 43  0.01162  3.37739e+01 | 44  0.02043  6.86564e+01 | 45  0.16022  3.27440e+02
 46 -0.07015 -2.30193e+02 | 47 -0.06194 -5.65052e+01 | 48 -0.06003 -2.00991e+02
 49 -0.03732 -1.57247e+02 | 50 -0.03032  8.21950e+01 | 51 -0.03285  6.18963e+00
 52 -0.01931 -9.84567e+00 | 53 -0.01220  1.81017e+02 | 54 -0.00736  3.06283e+01
 55 -0.00105 -8.29127e+01 | 56  0.01194 -4.93279e+01 | 57  0.01849 -6.86775e+01
 58  0.02299  1.20260e+02 | 59  0.01811 -1.09585e+02 | 60  0.01640  2.01876e+02
 61  0.01476 -5.04016e+01 | 62  0.01489  2.15721e+02 | 63  0.01335  8.02811e+01
 64  0.01250 -1.05725e+01 | 65  0.01252 -1.05387e+02 | 66  0.01907  2.15776e+02
 67  0.02222  1.33446e+02 | 68  0.02325  1.99877e+02 | 69  0.02540 -4.58555e+01
 70  0.02537 -1.39960e+02 | 71  0.02407 -1.02676e+02 | 72  0.01897 -1.87625e+01
 73  0.01789 -2.23482e+01 | 74  0.09319 -3.43126e+00 |
1 0 18722
1 0 18721.5
1 0 18721.3
1 0 18721.2
1 0 18721.1
1 0 18721.1
1 0 18721
1 0 18721
1 0 18721
1 0 18721
74 variables; iteration 120; function evaluation 161; phase 1
Function value   1.8720992e+04; maximum gradient component mag   7.0467e+01
Var   Value    Gradient   |Var   Value    Gradient   |Var   Value    Gradient
  1  0.25852 -1.02619e+01 |  2  0.18453 -3.33978e+00 |  3  0.12066 -1.47405e+00
  4  0.07842 -7.72805e-01 |  5  0.04911 -1.27867e+00 |  6  0.02733 -7.62979e-01
  7  0.01041  1.88366e-01 |  8 -0.00325 -4.61429e-01 |  9 -0.01423 -2.75657e-01
 10 -0.02309 -3.81987e-01 | 11 -0.03011 -3.51770e-01 | 12 -0.03552 -6.02707e-01
 13 -0.03940 -2.74371e-01 | 14 -0.04194 -1.97984e-01 | 15 -0.04322 -3.35367e-01
 16  0.07256  6.25614e+00 | 17 -0.02803  2.12516e+01 | 18 -0.01159 -7.23196e+00
 19 -0.00801 -1.46544e+01 | 20 -0.00966  5.86848e+00 | 21 -0.01776 -8.76673e+00
 22 -0.00483 -1.70902e+01 | 23 -0.00570 -6.13167e-01 | 24 -0.00364  3.24021e-01
 25 -0.00472 -9.08657e+00 | 26  0.00110  2.64990e+01 | 27 -0.00336 -1.04597e+01
 28 -0.00130 -3.20998e-01 | 29 -0.00354 -3.35019e+00 | 30  0.00158 -9.37211e-02
 31  0.00184 -3.53511e-01 | 32  0.00336 -2.80101e+00 | 33  0.00543  1.99073e+01
 34  0.00613 -2.96496e+00 | 35  0.00681  4.28441e+00 | 36  0.00733  6.85967e+00
 37  0.00520  3.98996e+00 | 38  0.00467 -9.50844e+00 | 39  0.00762  1.14836e+01
 40  0.00699  1.89648e+00 | 41  0.00791  3.56013e+00 | 42  0.01096 -3.70679e+00
 43  0.01055  2.86400e+00 | 44  0.01467 -1.52760e+01 | 45  0.16053  7.04671e+01
 46 -0.06994  4.23227e+00 | 47 -0.06231  6.74458e+00 | 48 -0.05980 -1.02588e+01
 49 -0.03724 -1.42231e+01 | 50 -0.03087 -9.88307e+00 | 51 -0.03319 -1.05569e+01
 52 -0.01965 -6.33869e-01 | 53 -0.01302  1.95871e+01 | 54 -0.00750  1.94504e+00
 55 -0.00086  2.64144e+01 | 56  0.01152 -2.28555e+01 | 57  0.01833 -1.06244e+01
 58  0.02261  7.04555e+00 | 59  0.01833  1.67014e+01 | 60  0.01564  7.34587e+00
 61  0.01494  1.69726e+01 | 62  0.01392  2.27565e+01 | 63  0.01308  1.17219e+01
 64  0.01241 -4.61345e+00 | 65  0.01302  1.38245e+01 | 66  0.01795 -2.16443e+01
 67  0.02160 -2.30621e+00 | 68  0.02300 -6.16717e+00 | 69  0.02537 -6.65098e+00
 70  0.02539 -6.29190e-01 | 71  0.02439 -9.97680e+00 | 72  0.02125 -2.23824e+01
 73  0.02129 -3.27528e+00 | 74  0.09308 -3.19326e+01 |
1 0 18721
1 0 18721
1 0 18721
1 0 18721
1 0 18721
1 0 18721
1 0 18721
1 0 18721
1 0 18721
1 0 18721
74 variables; iteration 130; function evaluation 171; phase 1
Function value   1.8720956e+04; maximum gradient component mag   3.7823e+00
Var   Value    Gradient   |Var   Value    Gradient   |Var   Value    Gradient
  1  0.25841 -9.60924e-01 |  2  0.18433  5.13731e-03 |  3  0.12064  1.73981e-02
  4  0.07864 -2.40733e-02 |  5  0.04963  2.87200e-02 |  6  0.02798  2.15595e-02
  7  0.01110 -7.13404e-02 |  8 -0.00233  6.93058e-02 |  9 -0.01314 -3.89365e-02
 10 -0.02180 -5.11053e-02 | 11 -0.02865 -9.47072e-03 | 12 -0.03391  4.90401e-02
 13 -0.03776  2.60264e-02 | 14 -0.04029  1.91529e-02 | 15 -0.04156 -6.63832e-02
 16  0.07212  2.48599e-01 | 17 -0.02899  1.12673e+00 | 18 -0.01166  3.28621e-01
 19 -0.00795  1.51136e+00 | 20 -0.00959 -7.18583e-01 | 21 -0.01769  4.76445e-01
 22 -0.00474 -2.68053e-01 | 23 -0.00565  2.60212e-01 | 24 -0.00363  2.99959e-01
 25 -0.00469  3.18262e+00 | 26  0.00106 -2.02670e+00 | 27 -0.00327  8.01527e-01
 28 -0.00125 -1.11031e+00 | 29 -0.00355 -2.26788e+00 | 30  0.00156 -7.26763e-01
 31  0.00185  7.07942e-01 | 32  0.00336  2.76954e-01 | 33  0.00538 -6.83710e-02
 34  0.00614  1.13833e+00 | 35  0.00684  8.14138e-01 | 36  0.00732 -2.71943e-01
 37  0.00523 -1.67194e-01 | 38  0.00470 -2.99173e+00 | 39  0.00760  1.84060e-01
 40  0.00698 -8.78298e-01 | 41  0.00791 -5.93770e-01 | 42  0.01101  1.15976e+00
 43  0.01068  7.68294e-01 | 44  0.01502 -4.20469e-01 | 45  0.16068 -2.67300e+00
 46 -0.06999  5.58136e-01 | 47 -0.06231 -2.07185e+00 | 48 -0.05974 -6.88659e-01
 49 -0.03719 -7.43962e-01 | 50 -0.03081 -1.50545e+00 | 51 -0.03311  1.37920e+00
 52 -0.01961  1.47480e+00 | 53 -0.01302  2.37130e+00 | 54 -0.00746 -3.83179e-01
 55 -0.00096 -2.57895e+00 | 56  0.01164  3.78227e+00 | 57  0.01838 -3.05140e+00
 58  0.02262 -1.90806e-01 | 59  0.01831  1.12140e+00 | 60  0.01567  1.36865e+00
 61  0.01492  2.33180e+00 | 62  0.01386  1.03290e+00 | 63  0.01308  1.25160e+00
 64  0.01243 -2.51589e+00 | 65  0.01296 -1.37602e+00 | 66  0.01802 -2.30149e+00
 67  0.02161  2.23052e-01 | 68  0.02300 -4.68421e-01 | 69  0.02538  1.51890e+00
 70  0.02536 -3.30207e-01 | 71  0.02435 -4.37530e-01 | 72  0.02115  2.97846e-01
 73  0.02114  1.10646e-01 | 74  0.09419  9.89173e-01 |
1 0 18721
1 0 18721
1 0 18721
1 0 18721
1 0 18721
1 0 18721
1 0 18721

 - final statistics:
74 variables; iteration 137; function evaluation 178
Function value   1.8721e+04; maximum gradient component mag  -9.1357e-02
Exit code = 1;  converg criter   1.0000e-01
Var   Value    Gradient   |Var   Value    Gradient   |Var   Value    Gradient
  1  0.25841 -1.56215e-02 |  2  0.18431  1.91097e-04 |  3  0.12061 -6.95243e-04
  4  0.07862 -2.28120e-03 |  5  0.04961 -9.30375e-04 |  6  0.02796 -1.92461e-03
  7  0.01110 -6.12798e-03 |  8 -0.00234 -4.27286e-03 |  9 -0.01313 -3.05498e-03
 10 -0.02179 -1.05062e-04 | 11 -0.02864 -1.34307e-04 | 12 -0.03392 -4.78303e-04
 13 -0.03777 -2.67473e-03 | 14 -0.04029 -2.86364e-03 | 15 -0.04153 -3.22603e-03
 16  0.07212  2.43464e-02 | 17 -0.02904  3.42389e-02 | 18 -0.01166  2.10006e-02
 19 -0.00795  5.56336e-02 | 20 -0.00959 -2.05894e-02 | 21 -0.01770 -1.27078e-02
 22 -0.00475  4.85670e-02 | 23 -0.00566 -2.11684e-02 | 24 -0.00363 -1.24869e-02
 25 -0.00470 -3.38805e-02 | 26  0.00107  6.85040e-02 | 27 -0.00327 -5.87749e-02
 28 -0.00124  3.54344e-02 | 29 -0.00353  5.46341e-02 | 30  0.00156  7.98899e-04
 31  0.00184  7.66318e-03 | 32  0.00336 -4.41805e-02 | 33  0.00538  5.40585e-03
 34  0.00614  1.11396e-02 | 35  0.00684  6.43783e-03 | 36  0.00733  6.78506e-03
 37  0.00524 -2.60047e-02 | 38  0.00471 -2.38821e-02 | 39  0.00760 -8.23323e-04
 40  0.00699 -7.80260e-03 | 41  0.00791 -4.96647e-03 | 42  0.01101 -2.83013e-02
 43  0.01067 -7.87539e-02 | 44  0.01503 -1.52047e-02 | 45  0.16068  6.81288e-02
 46 -0.06999 -2.98539e-02 | 47 -0.06231 -9.13568e-02 | 48 -0.05974 -6.88960e-02
 49 -0.03719 -1.35809e-02 | 50 -0.03081 -4.11367e-02 | 51 -0.03311 -1.30644e-02
 52 -0.01961 -1.05762e-02 | 53 -0.01302  1.71308e-02 | 54 -0.00746 -2.31946e-02
 55 -0.00095  6.74736e-02 | 56  0.01162  3.47192e-02 | 57  0.01839  5.59981e-02
 58  0.02262 -1.15187e-03 | 59  0.01831 -1.81427e-02 | 60  0.01567  3.10385e-02
 61  0.01492  4.17659e-02 | 62  0.01386  1.62304e-02 | 63  0.01307  1.96544e-03
 64  0.01244  2.33349e-02 | 65  0.01296 -2.53507e-02 | 66  0.01802 -5.87712e-03
 67  0.02161  7.28326e-02 | 68  0.02301  2.03842e-02 | 69  0.02538  3.13791e-02
 70  0.02536  2.42136e-02 | 71  0.02435 -8.87293e-02 | 72  0.02114  1.85795e-03
 73  0.02114 -3.21965e-03 | 74  0.09419  7.61078e-02 |
1 0 18721
B032027.4
0.3 0.635814
0.544984 0.498037
0.775491 0.419364
0.929181 0.381858
1.01376 0.364661
1.05622 0.356772
1.07666 0.353135
1.0863 0.351453
1.09081 0.350674
1.09291 0.350313
1.09389 0.350145
1.09434 0.350067
1.09455 0.350031
1.09465 0.350014
1.0947 0.350007
1.09472 0.350003
1.09473 0.350001
1.09473 0.350001
1.09473 0.35
1.09473 0.35
1.09473 0.35
FutMOrt0.970243
FutMOrt0.970243
FutMOrt0.970243
FutMOrt0.970243
FutMOrt0.970243
FutMOrt0.970243
FutMOrt0.970243
FutMOrt0.970243
FutMOrt0.970243
FutMOrt0.970243
2 0 18721

Initial statistics: 78 variables; iteration 0; function evaluation 0; phase 2
Function value   1.8720955e+04; maximum gradient component mag   4.0907e+02
Var   Value    Gradient   |Var   Value    Gradient   |Var   Value    Gradient
  1 -0.80732 -2.64744e+02 |  2 -0.59089 -2.48026e+02 |  3  0.25841 -1.56215e-02
  4  0.18431  1.91097e-04 |  5  0.12061 -6.95243e-04 |  6  0.07862 -2.28120e-03
  7  0.04961 -9.30375e-04 |  8  0.02796 -1.92461e-03 |  9  0.01110 -6.12798e-03
 10 -0.00234 -4.27286e-03 | 11 -0.01313 -3.05498e-03 | 12 -0.02179 -1.05062e-04
 13 -0.02864 -1.34307e-04 | 14 -0.03392 -4.78303e-04 | 15 -0.03777 -2.67473e-03
 16 -0.04029 -2.86364e-03 | 17 -0.04153 -3.22603e-03 | 18  0.07212  2.43464e-02
 19 -0.02904  3.54259e-02 | 20 -0.01166  2.21886e-02 | 21 -0.00795  5.68217e-02
 22 -0.00959 -1.94013e-02 | 23 -0.01770 -1.15201e-02 | 24 -0.00475  4.97552e-02
 25 -0.00566 -1.99802e-02 | 26 -0.00363 -1.12988e-02 | 27 -0.00470 -3.26923e-02
 28  0.00107  6.96922e-02 | 29 -0.00327 -5.75867e-02 | 30 -0.00124  3.66226e-02
 31 -0.00353  5.58223e-02 | 32  0.00156  1.98709e-03 | 33  0.00184  8.85137e-03
 34  0.00336 -4.29923e-02 | 35  0.00538  6.59400e-03 | 36  0.00614  1.23277e-02
 37  0.00684  7.62595e-03 | 38  0.00733  7.97318e-03 | 39  0.00524 -2.48165e-02
 40  0.00471 -2.26939e-02 | 41  0.00760  3.64787e-04 | 42  0.00699 -6.61447e-03
 43  0.00791 -3.77836e-03 | 44  0.01101 -2.71133e-02 | 45  0.01067 -7.75658e-02
 46  0.01503 -1.40168e-02 | 47  0.16068  6.81288e-02 | 48 -0.06999 -3.00404e-02
 49 -0.06231 -9.15435e-02 | 50 -0.05974 -6.90828e-02 | 51 -0.03719 -1.37682e-02
 52 -0.03081 -4.13241e-02 | 53 -0.03311 -1.32517e-02 | 54 -0.01961 -1.07638e-02
 55 -0.01302  1.69432e-02 | 56 -0.00746 -2.33822e-02 | 57 -0.00095  6.72860e-02
 58  0.01162  3.45316e-02 | 59  0.01839  5.58106e-02 | 60  0.02262 -1.33936e-03
 61  0.01831 -1.83303e-02 | 62  0.01567  3.08509e-02 | 63  0.01492  4.15783e-02
 64  0.01386  1.60428e-02 | 65  0.01307  1.77787e-03 | 66  0.01244  2.31473e-02
 67  0.01296 -2.55382e-02 | 68  0.01802 -6.06465e-03 | 69  0.02161  7.26451e-02
 70  0.02301  2.01967e-02 | 71  0.02538  3.11917e-02 | 72  0.02536  2.40262e-02
 73  0.02435 -8.89168e-02 | 74  0.02114  1.67045e-03 | 75  0.02114 -3.40715e-03
 76  0.09419  7.61078e-02 | 77 -0.64924  1.87440e+02 | 78 -0.55509  4.09065e+02
2 0 18720.9
2 0 18720.7
2 0 18718.9
2 0 18715.1
2 0 18708.8
2 0 18698.4
2 0 18710.8
2 0 18695.1
2 0 18689.6
2 0 18687.1
2 0 18683.4
2 0 18678.8
2 0 18671

Intermediate statistics: 78 variables; iteration 10; function evaluation 13; phase 2
Function value   1.8671001e+04; maximum gradient component mag  -7.1724e+03
Var   Value    Gradient   |Var   Value    Gradient   |Var   Value    Gradient
  1 -0.71644 -3.93829e+02 |  2 -0.54328 -3.68671e+01 |  3  0.26053 -2.83560e+02
  4  0.18650 -7.19629e+01 |  5  0.12115 -2.91390e+01 |  6  0.07886 -1.26770e+01
  7  0.04979 -7.33840e+00 |  8  0.02810 -5.03616e+00 |  9  0.01121 -3.75682e+00
 10 -0.00224 -2.96145e+00 | 11 -0.01305 -2.44051e+00 | 12 -0.02172 -2.08371e+00
 13 -0.02858 -1.83875e+00 | 14 -0.03386 -1.66981e+00 | 15 -0.03771 -1.56046e+00
 16 -0.04023 -1.49544e+00 | 17 -0.04148 -1.45950e+00 | 18  0.06876 -1.84860e+03
 19 -0.03004  4.20018e+02 | 20 -0.01028  1.86800e+01 | 21 -0.00736  1.18582e+02
 22 -0.00894  6.37182e+02 | 23 -0.01821 -9.87847e+02 | 24 -0.00499 -3.10565e+02
 25 -0.00680 -5.42327e+02 | 26 -0.00351 -8.94853e+01 | 27 -0.00431  2.79760e+02
 28  0.00115 -9.82212e+01 | 29 -0.00300  1.49942e+02 | 30 -0.00096  2.15647e+01
 31 -0.00316  3.16030e+02 | 32  0.00191  1.92498e+02 | 33  0.00186  2.68349e+01
 34  0.00315 -1.15767e+02 | 35  0.00547 -6.15315e+01 | 36  0.00636 -7.79435e+01
 37  0.00703 -7.08408e+01 | 38  0.00741 -1.19886e+02 | 39  0.00540 -5.44164e+01
 40  0.00513  8.30302e+01 | 41  0.00809  7.52149e+01 | 42  0.00733  8.52813e+01
 43  0.00828  5.96491e+01 | 44  0.01151  1.25411e+02 | 45  0.01064  1.88247e+01
 46  0.01083 -1.01630e+02 | 47  0.16513 -7.17242e+03 | 48 -0.06874  6.40742e+01
 49 -0.06175 -1.19470e+02 | 50 -0.05977 -7.15890e+02 | 51 -0.03812 -1.65408e+03
 52 -0.03094 -6.91240e+02 | 53 -0.03276 -6.83484e+01 | 54 -0.01895  4.50338e+02
 55 -0.01219  5.24752e+02 | 56 -0.00722  3.64627e+02 | 57 -0.00006  5.35537e+02
 58  0.01225  5.65358e+02 | 59  0.01924  5.37528e+02 | 60  0.02220 -4.49604e+01
 61  0.01796 -1.88793e+02 | 62  0.01507 -2.01804e+02 | 63  0.01423 -1.30520e+02
 64  0.01314 -1.24576e+02 | 65  0.01253 -6.10701e+01 | 66  0.01179  3.93534e+01
 67  0.01279  2.22123e+02 | 68  0.01795  2.78659e+02 | 69  0.02127  2.17357e+02
 70  0.02269  1.20546e+02 | 71  0.02472  5.50903e+01 | 72  0.02458 -2.61341e+01
 73  0.02360 -2.00890e+02 | 74  0.02324 -3.74236e+01 | 75  0.02100  3.41570e+02
 76  0.12164  5.91160e+02 | 77 -0.65306  5.93678e+03 | 78 -0.64240 -8.37066e+02
2 0 18677.3
2 0 18667.9
2 0 18665.6
2 0 18670.8
2 0 18665
2 0 18665.4
2 0 18664.8
2 0 18664.9
2 0 18664.7
2 0 18664.9
2 0 18664.7
2 0 18664.7
2 0 18664.7
2 0 18664.7
2 0 18664.7
2 0 18664.6
78 variables; iteration 20; function evaluation 29; phase 2
Function value   1.8664647e+04; maximum gradient component mag  -1.2909e+04
Var   Value    Gradient   |Var   Value    Gradient   |Var   Value    Gradient
  1 -0.68249  6.66484e+01 |  2 -0.53976  3.99388e+01 |  3  0.26231 -3.64199e+02
  4  0.18775 -9.81300e+01 |  5  0.12164 -4.08680e+01 |  6  0.07907 -1.86174e+01
  7  0.04992 -1.07136e+01 |  8  0.02821 -7.29158e+00 |  9  0.01130 -5.43446e+00
 10 -0.00216 -4.28459e+00 | 11 -0.01298 -3.53302e+00 | 12 -0.02166 -3.01724e+00
 13 -0.02853 -2.66343e+00 | 14 -0.03381 -2.41824e+00 | 15 -0.03766 -2.25987e+00
 16 -0.04018 -2.16468e+00 | 17 -0.04143 -2.11112e+00 | 18  0.06657 -2.52827e+03
 19 -0.02804  5.99404e+02 | 20 -0.00986  1.20802e+02 | 21 -0.00791 -1.52890e+01
 22 -0.00992  4.09722e+02 | 23 -0.01895 -1.29688e+03 | 24 -0.00521 -3.88258e+02
 25 -0.00631 -3.74025e+02 | 26 -0.00350 -5.93592e+01 | 27 -0.00503 -7.45452e+00
 28  0.00015 -2.24488e+02 | 29 -0.00418  5.30122e+01 | 30 -0.00177  5.72199e+01
 31 -0.00336  1.86258e+02 | 32  0.00281  3.37043e+02 | 33  0.00291  1.02524e+02
 34  0.00494  1.53879e+02 | 35  0.00680  1.07624e+02 | 36  0.00754  8.07692e+01
 37  0.00813  8.79331e+01 | 38  0.00787 -2.10865e+01 | 39  0.00528 -4.24708e+01
 40  0.00468  1.13192e+01 | 41  0.00728 -4.73752e+01 | 42  0.00672 -4.84238e+00
 43  0.00803  7.62650e+01 | 44  0.01150  9.36530e+01 | 45  0.01072  8.49913e+01
 46  0.00864 -8.75168e+01 | 47  0.16632 -1.29091e+04 | 48 -0.06845 -3.78992e+01
 49 -0.06150 -3.46309e+02 | 50 -0.05975 -9.20201e+02 | 51 -0.03803 -1.71520e+03
 52 -0.03084 -5.88569e+02 | 53 -0.03352 -2.35406e+02 | 54 -0.01823  5.03986e+02
 55 -0.01272  2.78702e+02 | 56 -0.00585  8.31719e+02 | 57 -0.00051  4.48371e+02
 58  0.01297  8.47726e+02 | 59  0.01766  1.42471e+02 | 60  0.02266  2.32854e+02
 61  0.01698 -3.19518e+02 | 62  0.01537  1.02801e+01 | 63  0.01431 -3.11416e+01
 64  0.01299 -6.73991e+01 | 65  0.01240 -4.41011e+01 | 66  0.01215  1.14601e+02
 67  0.01244  3.03317e+01 | 68  0.01788  1.51241e+02 | 69  0.02106  1.15578e+02
 70  0.02218  1.22514e+01 | 71  0.02450  7.28964e+01 | 72  0.02397 -9.39545e+01
 73  0.02375 -5.08348e+01 | 74  0.02509  1.75447e+02 | 75  0.02092  6.15797e+02
 76  0.12808  1.12417e+03 | 77 -0.65429  8.13102e+03 | 78 -0.65244 -1.20167e+03
2 0 18664.6
2 0 18664.6
2 0 18664.6
2 0 18664.6
2 0 18664.5
2 0 18664.5
2 0 18664.3
2 0 18660.6
2 0 244465
2 0 88376.2
2 0 18660.6
2 0 18660.6
2 0 18660.4
2 0 18658.8
2 0 18659.6
2 0 18658.7
2 0 94734.5
2 0 18658.7
2 0 18658.7
2 0 18658.6
2 0 18659.3
2 0 18658.6
2 0 18658.6
78 variables; iteration 30; function evaluation 52; phase 2
Function value   1.8658785e+04; maximum gradient component mag  -1.4778e+04
Var   Value    Gradient   |Var   Value    Gradient   |Var   Value    Gradient
  1 -0.67821 -1.46698e+01 |  2 -0.63017  1.63261e+01 |  3  0.26449 -5.29554e+02
  4  0.20084  4.96676e+00 |  5  0.13157 -1.36226e+01 |  6  0.08454 -1.58343e+01
  7  0.05289 -1.09498e+01 |  8  0.03035 -5.03916e+00 |  9  0.01312 -2.65340e+00
 10 -0.00057 -1.84957e+00 | 11 -0.01157 -1.47642e+00 | 12 -0.02039 -1.22844e+00
 13 -0.02737 -1.06185e+00 | 14 -0.03273 -9.37987e-01 | 15 -0.03663 -8.62175e-01
 16 -0.03917 -7.93542e-01 | 17 -0.04042 -6.92747e-01 | 18  0.06257 -1.65532e+03
 19 -0.01449  9.28051e+02 | 20 -0.00869  2.60335e+02 | 21 -0.00854  1.26884e+02
 22 -0.01276 -3.79854e+02 | 23 -0.02058 -1.32290e+03 | 24 -0.00583 -1.94055e+02
 25 -0.00690 -5.56773e+02 | 26 -0.00470 -4.95978e+01 | 27 -0.00566 -1.00831e+02
 28 -0.00078 -2.93753e+02 | 29 -0.00631 -4.18896e+02 | 30 -0.00268  2.06338e+02
 31 -0.00337  2.37002e+02 | 32  0.00325  8.14305e+02 | 33  0.00259 -3.79473e+01
 34  0.00506  1.61778e+02 | 35  0.00731  3.36664e+02 | 36  0.00782  2.23752e+02
 37  0.00818  1.45505e+02 | 38  0.00735  3.88831e+01 | 39  0.00436 -4.51551e+01
 40  0.00296 -2.02088e+02 | 41  0.00515 -3.15507e+02 | 42  0.00552  2.86320e+00
 43  0.00722  9.00394e+01 | 44  0.01110  1.39127e+02 | 45  0.01105  8.09482e+01
 46  0.01190 -1.78781e+02 | 47  0.16620 -1.47782e+04 | 48 -0.06831  1.47684e+02
 49 -0.06014 -1.14600e+02 | 50 -0.05887 -6.55837e+02 | 51 -0.03879 -1.41892e+03
 52 -0.03055 -2.99251e+02 | 53 -0.03367 -1.19181e+02 | 54 -0.01794  7.72795e+02
 55 -0.01400 -3.43498e+00 | 56 -0.00514  1.01155e+03 | 57 -0.00002  7.60251e+02
 58  0.01221  1.00089e+03 | 59  0.01711  2.00916e+02 | 60  0.02236  3.73364e+01
 61  0.01731 -4.14047e+02 | 62  0.01433 -2.50287e+02 | 63  0.01482  1.20988e+02
 64  0.01286 -4.47505e+01 | 65  0.01276  1.55375e+02 | 66  0.01276  3.38111e+02
 67  0.01244  4.69689e+01 | 68  0.01819  2.39879e+02 | 69  0.02122  2.45261e+02
 70  0.02155 -1.15228e+01 | 71  0.02433  2.35317e+01 | 72  0.02337 -2.93981e+02
 73  0.02324 -3.93578e+01 | 74  0.02271  2.66742e+02 | 75  0.02718  8.44924e+02
 76  0.12745  2.15097e+03 | 77 -0.66486  4.47613e+03 | 78 -0.70652 -3.69518e+02
2 0 18658.6
2 0 18658.6
2 0 18658.6
2 0 18658.6
2 0 18658.6
2 0 18658.6
2 0 18658.6
2 0 18658.6
2 0 18658.5
2 0 18658.6
2 0 18658.5
2 0 18658.5
2 0 18658.5
78 variables; iteration 40; function evaluation 65; phase 2
Function value   1.8658633e+04; maximum gradient component mag  -1.4757e+04
Var   Value    Gradient   |Var   Value    Gradient   |Var   Value    Gradient
  1 -0.67810 -1.74656e+00 |  2 -0.62968  1.72808e+01 |  3  0.26393 -5.32938e+02
  4  0.20131  6.83247e+00 |  5  0.13575  1.05022e+01 |  6  0.08793 -9.79137e+00
  7  0.05491 -1.14957e+01 |  8  0.03166 -5.61209e+00 |  9  0.01413 -2.59514e+00
 10  0.00029 -1.60460e+00 | 11 -0.01081 -1.23808e+00 | 12 -0.01971 -1.03688e+00
 13 -0.02675 -8.96925e-01 | 14 -0.03215 -7.93539e-01 | 15 -0.03608 -7.20261e-01
 16 -0.03863 -6.48370e-01 | 17 -0.03989 -5.35869e-01 | 18  0.06249 -1.65608e+03
 19 -0.01477  9.07449e+02 | 20 -0.00880  2.36889e+02 | 21 -0.00847  1.22593e+02
 22 -0.01262 -3.32740e+02 | 23 -0.02047 -1.31196e+03 | 24 -0.00576 -2.06085e+02
 25 -0.00680 -5.26319e+02 | 26 -0.00465 -4.45410e+01 | 27 -0.00569 -1.17686e+02
 28 -0.00077 -3.07045e+02 | 29 -0.00623 -3.98496e+02 | 30 -0.00266  2.02739e+02
 31 -0.00338  2.25546e+02 | 32  0.00325  8.17864e+02 | 33  0.00260 -5.74979e+01
 34  0.00511  1.69669e+02 | 35  0.00732  3.35334e+02 | 36  0.00779  2.10084e+02
 37  0.00818  1.36767e+02 | 38  0.00739  4.27164e+01 | 39  0.00440 -4.40372e+01
 40  0.00301 -1.90159e+02 | 41  0.00515 -3.28122e+02 | 42  0.00547 -1.14625e+01
 43  0.00717  7.30246e+01 | 44  0.01112  1.39395e+02 | 45  0.01103  8.18711e+01
 46  0.01155 -1.88241e+02 | 47  0.16627 -1.47569e+04 | 48 -0.06841  1.61448e+02
 49 -0.06029 -1.04051e+02 | 50 -0.05882 -6.06231e+02 | 51 -0.03895 -1.44037e+03
 52 -0.03052 -2.58698e+02 | 53 -0.03377 -1.23812e+02 | 54 -0.01796  7.72953e+02
 55 -0.01402 -4.61542e+00 | 56 -0.00526  9.97475e+02 | 57 -0.00008  7.63239e+02
 58  0.01217  9.93873e+02 | 59  0.01705  1.90163e+02 | 60  0.02229  2.22415e+01
 61  0.01718 -4.39162e+02 | 62  0.01430 -2.44528e+02 | 63  0.01478  1.17223e+02
 64  0.01279 -5.77578e+01 | 65  0.01268  1.46611e+02 | 66  0.01267  3.27466e+02
 67  0.01240  4.43141e+01 | 68  0.01810  2.15451e+02 | 69  0.02115  2.17410e+02
 70  0.02153 -1.87432e+01 | 71  0.02423  7.26590e+00 | 72  0.02328 -3.04630e+02
 73  0.02324 -3.91768e+01 | 74  0.02290  2.66122e+02 | 75  0.02847  8.46802e+02
 76  0.12742  2.13588e+03 | 77 -0.66486  4.47413e+03 | 78 -0.70646 -3.69414e+02
2 0 18658.4
2 0 18658.4
2 0 18658.3
2 0 18658.2
2 0 18658.2
2 0 18658.2
2 0 18657.9
2 0 18657.9
2 0 18657.7
2 0 18657.5
2 0 18658.3
2 0 18657.4
2 0 18657.4
78 variables; iteration 50; function evaluation 78; phase 2
Function value   1.8657486e+04; maximum gradient component mag  -1.5002e+04
Var   Value    Gradient   |Var   Value    Gradient   |Var   Value    Gradient
  1 -0.67717  8.80951e+01 |  2 -0.62520  2.34331e+01 |  3  0.26369 -5.25527e+02
  4  0.20341  4.84892e+01 |  5  0.13462 -9.08795e+00 |  6  0.09079 -2.81840e+01
  7  0.06880  3.85155e+01 |  8  0.04430  8.22533e+00 |  9  0.02313 -4.44203e+00
 10  0.00715 -3.38865e+00 | 11 -0.00499 -1.26233e+00 | 12 -0.01449 -5.34430e-01
 13 -0.02194 -3.59528e-01 | 14 -0.02765 -3.33492e-01 | 15 -0.03178 -2.54844e-01
 16 -0.03447 -2.04584e-01 | 17 -0.03579 -7.98125e-02 | 18  0.06233 -1.67270e+03
 19 -0.01517  8.29272e+02 | 20 -0.00915  1.54616e+02 | 21 -0.00850  4.84050e+01
 22 -0.01242 -3.11342e+02 | 23 -0.02046 -1.34007e+03 | 24 -0.00594 -2.90699e+02
 25 -0.00701 -6.02672e+02 | 26 -0.00452 -4.66039e+01 | 27 -0.00558 -1.78797e+02
 28 -0.00070 -3.14798e+02 | 29 -0.00613 -3.88564e+02 | 30 -0.00278  1.14012e+02
 31 -0.00357  1.45991e+02 | 32  0.00298  6.58492e+02 | 33  0.00267 -2.55850e+01
 34  0.00518  1.71206e+02 | 35  0.00714  2.36675e+02 | 36  0.00764  1.78735e+02
 37  0.00808  6.20298e+01 | 38  0.00737 -3.50916e+00 | 39  0.00430 -6.11827e+01
 40  0.00277 -3.69419e+02 | 41  0.00558 -2.14494e+02 | 42  0.00560 -9.55881e+01
 43  0.00701 -7.57358e+00 | 44  0.01097  1.25340e+02 | 45  0.01077  2.77708e+01
 46  0.01134 -2.86057e+02 | 47  0.16625 -1.50022e+04 | 48 -0.06854  1.08873e+02
 49 -0.06031 -1.24216e+02 | 50 -0.05872 -6.00563e+02 | 51 -0.03873 -1.44746e+03
 52 -0.03035 -2.83257e+02 | 53 -0.03362 -1.27605e+02 | 54 -0.01820  6.60064e+02
 55 -0.01378  2.10673e+01 | 56 -0.00512  1.00623e+03 | 57 -0.00007  6.86598e+02
 58  0.01227  9.08910e+02 | 59  0.01716  1.36233e+02 | 60  0.02241  4.51212e+01
 61  0.01718 -4.39391e+02 | 62  0.01448 -2.65794e+02 | 63  0.01490  7.18013e+01
 64  0.01285 -1.09194e+02 | 65  0.01255  2.95949e+01 | 66  0.01277  2.86140e+02
 67  0.01253 -1.50200e+01 | 68  0.01801  1.31376e+02 | 69  0.02100  1.56126e+02
 70  0.02178 -3.83067e+01 | 71  0.02454  6.72134e+01 | 72  0.02336 -3.06212e+02
 73  0.02336 -8.45388e+01 | 74  0.02274  1.74450e+02 | 75  0.02531  8.05828e+02
 76  0.12827  2.15545e+03 | 77 -0.66478  4.37679e+03 | 78 -0.70550 -3.62436e+02
2 0 18657.2
2 0 18657
2 0 18656.8
2 0 18657.6
2 0 18656.8
2 0 18656.7
2 0 18656.6
2 0 18656.4
2 0 18656.5
2 0 18656.3
2 0 18656.3
2 0 18656.2
2 0 18656.2
78 variables; iteration 60; function evaluation 91; phase 2
Function value   1.8656245e+04; maximum gradient component mag  -1.5266e+04
Var   Value    Gradient   |Var   Value    Gradient   |Var   Value    Gradient
  1 -0.67624  1.65879e+02 |  2 -0.62122  2.77441e+01 |  3  0.26459 -4.86468e+02
  4  0.20184  3.16651e+01 |  5  0.13378 -3.74412e+00 |  6  0.08841 -3.00392e+01
  7  0.06478  1.02237e+01 |  8  0.04640  1.36397e+01 |  9  0.02997  1.30759e+01
 10  0.01413  3.37650e+00 | 11  0.00061 -1.59307e+00 | 12 -0.00986 -1.42151e+00
 13 -0.01781 -5.36628e-01 | 14 -0.02379 -1.69343e-01 | 15 -0.02811 -6.29593e-02
 16 -0.03092 -3.55864e-02 | 17 -0.03230  6.01457e-02 | 18  0.06217 -1.67420e+03
 19 -0.01547  8.07438e+02 | 20 -0.00916  1.57439e+02 | 21 -0.00824  7.86340e+01
 22 -0.01213 -2.52342e+02 | 23 -0.02038 -1.31103e+03 | 24 -0.00591 -3.01248e+02
 25 -0.00672 -5.71207e+02 | 26 -0.00400  3.94224e+01 | 27 -0.00534 -1.61513e+02
 28 -0.00086 -3.00276e+02 | 29 -0.00643 -4.29636e+02 | 30 -0.00280  8.90378e+01
 31 -0.00336  1.91910e+02 | 32  0.00295  6.24523e+02 | 33  0.00254 -2.94198e+01
 34  0.00500  1.66348e+02 | 35  0.00685  1.90397e+02 | 36  0.00721  1.77495e+02
 37  0.00752 -6.81427e+01 | 38  0.00699 -2.79288e+01 | 39  0.00391 -1.61718e+02
 40  0.00271 -3.39072e+02 | 41  0.00571 -1.64105e+02 | 42  0.00579 -9.46698e+01
 43  0.00721 -3.81641e+00 | 44  0.01125  1.61372e+02 | 45  0.01134  1.25756e+02
 46  0.01143 -2.51999e+02 | 47  0.16647 -1.52664e+04 | 48 -0.06886  4.79179e+01
 49 -0.06045 -1.25311e+02 | 50 -0.05865 -5.64550e+02 | 51 -0.03870 -1.44440e+03
 52 -0.03047 -3.17784e+02 | 53 -0.03394 -1.89924e+02 | 54 -0.01845  5.94079e+02
 55 -0.01353  7.29733e+01 | 56 -0.00493  1.03161e+03 | 57 -0.00017  6.11693e+02
 58  0.01194  7.98052e+02 | 59  0.01709  1.16920e+02 | 60  0.02253  8.04729e+01
 61  0.01724 -4.07001e+02 | 62  0.01443 -2.82046e+02 | 63  0.01489  5.63675e+01
 64  0.01293 -1.32263e+02 | 65  0.01221 -1.18918e+02 | 66  0.01273  2.41894e+02
 67  0.01232 -8.78980e+01 | 68  0.01794  1.38238e+02 | 69  0.02073  6.58433e+01
 70  0.02161 -1.15209e+02 | 71  0.02448  5.28794e+01 | 72  0.02328 -2.97252e+02
 73  0.02310 -1.22602e+02 | 74  0.02320  2.43248e+02 | 75  0.02623  7.96167e+02
 76  0.12922  2.19197e+03 | 77 -0.66471  4.20115e+03 | 78 -0.70460 -3.48062e+02
2 0 18656
2 0 18655.8
2 0 18656.3
2 0 18655.8
2 0 18655.8
2 0 18655.7
2 0 18655.4
2 0 18655.2
2 0 18656.4
2 0 18655.1
2 0 18655.1
2 0 18654.9
2 0 18654.8
78 variables; iteration 70; function evaluation 104; phase 2
Function value   1.8654823e+04; maximum gradient component mag  -1.5711e+04
Var   Value    Gradient   |Var   Value    Gradient   |Var   Value    Gradient
  1 -0.67502  2.59225e+02 |  2 -0.61553  3.06788e+01 |  3  0.26603 -4.50305e+02
  4  0.20264  3.60536e+01 |  5  0.13342 -1.50730e+00 |  6  0.08573 -2.41528e+01
  7  0.05707 -6.96733e+00 |  8  0.03742  3.79658e+01 |  9  0.01117 -5.25052e+01
 10  0.00355 -1.69821e+00 | 11 -0.00102  1.00374e+01 | 12 -0.00617  1.09717e+01
 13 -0.01236  7.82787e+00 | 14 -0.01889  9.91590e-01 | 15 -0.02395 -9.45618e-01
 16 -0.02710 -4.79084e-01 | 17 -0.02859  2.82227e-02 | 18  0.06200 -1.68811e+03
 19 -0.01552  7.90334e+02 | 20 -0.00934  1.48228e+02 | 21 -0.00822  3.26944e+01
 22 -0.01177 -1.31456e+02 | 23 -0.02038 -1.28414e+03 | 24 -0.00606 -3.45523e+02
 25 -0.00681 -5.42181e+02 | 26 -0.00418 -3.16096e+01 | 27 -0.00531 -1.55379e+02
 28 -0.00052 -2.08429e+02 | 29 -0.00598 -3.51487e+02 | 30 -0.00257  1.35302e+02
 31 -0.00346  1.55319e+02 | 32  0.00257  4.80125e+02 | 33  0.00246  1.05390e+01
 34  0.00507  2.00842e+02 | 35  0.00699  2.43106e+02 | 36  0.00718  2.06762e+02
 37  0.00730 -8.66703e+01 | 38  0.00695 -6.62028e+01 | 39  0.00403 -1.37168e+02
 40  0.00263 -3.40972e+02 | 41  0.00576 -1.35931e+02 | 42  0.00592 -7.85939e+01
 43  0.00705 -3.18134e+01 | 44  0.01096  9.40334e+01 | 45  0.01156  2.37129e+02
 46  0.01161 -2.80709e+02 | 47  0.16660 -1.57111e+04 | 48 -0.06881  1.16585e+01
 49 -0.06063 -1.69803e+02 | 50 -0.05848 -5.16406e+02 | 51 -0.03841 -1.43797e+03
 52 -0.03051 -4.01249e+02 | 53 -0.03369 -1.90935e+02 | 54 -0.01855  5.06410e+02
 55 -0.01343  1.08847e+02 | 56 -0.00509  9.88861e+02 | 57 -0.00023  5.54144e+02
 58  0.01203  7.27609e+02 | 59  0.01724  5.25174e+01 | 60  0.02274  1.30767e+02
 61  0.01717 -3.93975e+02 | 62  0.01449 -2.74804e+02 | 63  0.01488  1.35568e+01
 64  0.01314 -1.53233e+02 | 65  0.01213 -2.44691e+02 | 66  0.01243  7.58163e+01
 67  0.01240 -1.23022e+02 | 68  0.01809  1.16680e+02 | 69  0.02052 -5.14939e+01
 70  0.02159 -1.94934e+02 | 71  0.02472  5.64012e+01 | 72  0.02329 -3.01707e+02
 73  0.02287 -1.81572e+02 | 74  0.02319  1.95536e+02 | 75  0.02411  7.67450e+02
 76  0.13063  2.25817e+03 | 77 -0.66459  4.03574e+03 | 78 -0.70325 -3.36224e+02
2 0 18655.5
2 0 18654.7
2 0 18654.7
2 0 18654.6
2 0 18654.5
2 0 18654.4
2 0 18654.3
2 0 18654.2
2 0 18654
2 0 18654.5
2 0 18654
2 0 18653.9
2 0 18653.1
2 0 18645.9
78 variables; iteration 80; function evaluation 118; phase 2
Function value   1.8645933e+04; maximum gradient component mag  -1.4909e+04
Var   Value    Gradient   |Var   Value    Gradient   |Var   Value    Gradient
  1 -0.67419  1.18716e+02 |  2 -0.60341  3.30020e+01 |  3  0.26925 -3.38825e+02
  4  0.20300  3.37985e+01 |  5  0.13441  3.94960e+00 |  6  0.08657 -1.54966e+01
  7  0.05555 -8.01240e+00 |  8  0.03371  2.45967e+01 |  9  0.00900 -3.54594e+01
 10 -0.00232  1.18686e+00 | 11 -0.01173  9.23160e+00 | 12 -0.02200 -1.21826e-02
 13 -0.03068 -2.25896e+00 | 14 -0.03736  4.74177e+00 | 15 -0.04430 -1.75255e+01
 16 -0.04494 -3.69949e+00 | 17 -0.04344  8.54969e+00 | 18  0.06268 -1.50572e+03
 19 -0.01616  6.86824e+02 | 20 -0.00972  1.75334e+02 | 21 -0.00830  5.20925e+00
 22 -0.01168 -1.38938e+02 | 23 -0.02003 -9.56854e+02 | 24 -0.00597 -2.87661e+02
 25 -0.00659 -3.56388e+02 | 26 -0.00409 -4.48956e+01 | 27 -0.00522 -1.73325e+02
 28  0.00008 -6.75486e+01 | 29 -0.00513 -2.00547e+02 | 30 -0.00227  5.96401e+01
 31 -0.00354  8.74980e+01 | 32  0.00215  2.75606e+02 | 33  0.00231  7.35604e+01
 34  0.00462  1.93874e+02 | 35  0.00654  2.12097e+02 | 36  0.00689  1.55738e+02
 37  0.00721 -3.16545e+01 | 38  0.00700 -4.36801e+01 | 39  0.00410 -1.44493e+02
 40  0.00290 -2.48927e+02 | 41  0.00618 -5.71469e+01 | 42  0.00597 -1.08150e+02
 43  0.00720 -9.48240e-01 | 44  0.01089  9.10190e+01 | 45  0.01136  2.23454e+02
 46  0.01211 -2.29997e+02 | 47  0.16747 -1.49089e+04 | 48 -0.06892 -4.44487e+01
 49 -0.06059 -1.31637e+02 | 50 -0.05818 -3.30026e+02 | 51 -0.03787 -1.12021e+03
 52 -0.03041 -3.58763e+02 | 53 -0.03335 -1.75658e+02 | 54 -0.01897  2.16870e+02
 55 -0.01326  4.81356e+01 | 56 -0.00584  6.67947e+02 | 57 -0.00043  3.00411e+02
 58  0.01166  3.25150e+02 | 59  0.01754 -5.08323e+01 | 60  0.02274  1.21676e+02
 61  0.01761 -2.09014e+02 | 62  0.01481 -1.81373e+02 | 63  0.01473 -3.94787e+01
 64  0.01305 -1.86955e+02 | 65  0.01212 -2.71538e+02 | 66  0.01210 -7.69923e+01
 67  0.01248 -1.47699e+02 | 68  0.01787  2.21352e+01 | 69  0.02030 -1.90807e+02
 70  0.02187 -1.88703e+02 | 71  0.02446 -5.73784e+00 | 72  0.02373 -1.65120e+02
 73  0.02278 -1.56299e+02 | 74  0.02266  1.58062e+02 | 75  0.02288  6.82832e+02
 76  0.13531  2.26189e+03 | 77 -0.66426  3.40188e+03 | 78 -0.70301 -3.03213e+02
2 0 18640.7
2 0 18632.4
2 0 18620.2
2 0 18613.4
2 0 18610.8
2 0 18608
2 0 18608.1
2 0 18606.4
2 0 18604.7
2 0 18603.2
2 0 18602.6
78 variables; iteration 90; function evaluation 129; phase 2
Function value   1.8602620e+04; maximum gradient component mag  -3.9581e+03
Var   Value    Gradient   |Var   Value    Gradient   |Var   Value    Gradient
  1 -0.63807 -1.50951e+02 |  2 -0.55131  1.69073e+01 |  3  0.28747  4.82400e+01
  4  0.20155  5.92226e+00 |  5  0.13169 -8.97579e-01 |  6  0.08576 -1.13522e+00
  7  0.05355 -3.39346e+00 |  8  0.02970 -4.19460e+00 |  9  0.01179  4.52023e-01
 10 -0.00290 -1.74484e+00 | 11 -0.01453 -1.59250e+00 | 12 -0.02362 -6.65483e-01
 13 -0.03078 -3.00828e-01 | 14 -0.03633 -5.26040e-01 | 15 -0.04035  6.51009e-01
 16 -0.04329 -4.94254e-01 | 17 -0.04487 -1.30663e+00 | 18  0.06603 -1.19154e+02
 19 -0.04244 -7.49707e+01 | 20 -0.01232  4.65603e+01 | 21 -0.00849 -5.87823e+01
 22 -0.00985  1.01909e+02 | 23 -0.01753 -4.24204e+01 | 24 -0.00421 -6.17137e+01
 25 -0.00504  4.62109e+01 | 26 -0.00263 -1.04237e+01 | 27 -0.00385  2.07821e+01
 28  0.00236  2.56683e+01 | 29 -0.00229  6.12413e+01 | 30 -0.00090 -5.34502e+01
 31 -0.00354  3.91526e+00 | 32  0.00179 -7.26092e+01 | 33  0.00239 -1.05111e+00
 34  0.00428 -7.07387e+00 | 35  0.00665 -2.54378e+01 | 36  0.00791 -2.90357e+01
 37  0.00881  1.06653e+01 | 38  0.00886  2.83823e+01 | 39  0.00631  2.62897e+01
 40  0.00569  5.96213e+01 | 41  0.00845  5.27276e+01 | 42  0.00723  1.65440e+01
 43  0.00803  1.26363e+01 | 44  0.01154  1.41215e+01 | 45  0.01160  1.55923e+01
 46  0.01133  3.27907e+00 | 47  0.18461 -5.17754e+02 | 48 -0.06708  3.50242e+01
 49 -0.05984 -6.39261e+01 | 50 -0.05721 -7.50427e+01 | 51 -0.03522 -1.36356e+02
 52 -0.02883 -2.70096e+01 | 53 -0.03147 -3.88215e+01 | 54 -0.01906 -1.06263e+02
 55 -0.01241 -2.02026e+01 | 56 -0.00764 -8.00987e+01 | 57 -0.00054 -9.48143e+01
 58  0.01183 -1.26618e+02 | 59  0.01906 -2.50934e+01 | 60  0.02268  4.77838e+01
 61  0.01843  5.60825e+01 | 62  0.01530  3.85414e+01 | 63  0.01386  1.45796e+01
 64  0.01221  1.50849e+01 | 65  0.01152  1.38499e+01 | 66  0.01087 -3.05326e+00
 67  0.01180  1.27477e+01 | 68  0.01671 -1.71418e+00 | 69  0.02000 -8.34486e-01
 70  0.02174  4.04197e+00 | 71  0.02350  2.65767e+01 | 72  0.02301  7.62232e+01
 73  0.02158  1.57847e+01 | 74  0.02256  5.84763e+01 | 75  0.02182  7.85429e+00
 76  0.20032  2.36364e+02 | 77 -0.66412 -3.95805e+03 | 78 -0.73129  6.67316e+02
2 0 18601.8
2 0 18600.9
2 0 18600.3
2 0 18600
2 0 18599.7
2 0 18599.6
2 0 18599.6
2 0 18599.4
2 0 18599.3
2 0 18599.3
78 variables; iteration 100; function evaluation 139; phase 2
Function value   1.8599282e+04; maximum gradient component mag  -3.7543e+02
Var   Value    Gradient   |Var   Value    Gradient   |Var   Value    Gradient
  1 -0.61687  6.93800e+01 |  2 -0.51117 -1.32086e+01 |  3  0.29671 -1.11598e+00
  4  0.20819 -1.42942e+00 |  5  0.13704 -6.19436e-01 |  6  0.09091 -1.49538e-01
  7  0.05909 -4.48235e-02 |  8  0.03537 -1.05903e-02 |  9  0.01691 -3.34718e-01
 10  0.00231 -2.45823e-02 | 11 -0.00941  1.61685e-02 | 12 -0.01880 -3.27639e-02
 13 -0.02623 -2.21643e-02 | 14 -0.03194  4.51330e-02 | 15 -0.03612 -8.77770e-02
 16 -0.03884 -4.89420e-02 | 17 -0.04018  4.09831e-02 | 18  0.07034 -6.64399e+01
 19 -0.03706 -9.37797e-02 | 20 -0.01193 -2.00302e+01 | 21 -0.00857 -9.90155e+00
 22 -0.01066  3.65283e+01 | 23 -0.01797  4.35580e+00 | 24 -0.00440 -1.81721e+01
 25 -0.00556 -5.50169e+00 | 26 -0.00301  2.92643e-01 | 27 -0.00442  8.59445e+00
 28  0.00182  4.09106e+00 | 29 -0.00295  1.87971e+01 | 30 -0.00130  1.05526e+01
 31 -0.00392  1.73541e+01 | 32  0.00187 -1.15307e+01 | 33  0.00248 -5.63777e+00
 34  0.00445 -5.34379e+00 | 35  0.00703 -1.07073e+01 | 36  0.00831 -1.54120e+01
 37  0.00895 -9.77219e+00 | 38  0.00866 -1.12575e+01 | 39  0.00592 -5.54642e+00
 40  0.00517  4.55027e+00 | 41  0.00794  7.88681e+00 | 42  0.00676  4.41825e+00
 43  0.00766  4.50166e+00 | 44  0.01155  2.20142e+00 | 45  0.01177  6.34174e+00
 46  0.01140  8.89387e+00 | 47  0.19123  1.77708e+02 | 48 -0.06654 -2.13538e+01
 49 -0.05904 -1.33756e+01 | 50 -0.05627 -1.73891e+01 | 51 -0.03437 -1.47133e+01
 52 -0.02853 -2.33441e+01 | 53 -0.03100 -1.58371e+01 | 54 -0.01850  6.05304e+00
 55 -0.01206  2.21646e+01 | 56 -0.00733  2.44714e+01 | 57 -0.00013  1.54548e+01
 58  0.01224  2.83111e+01 | 59  0.01921  6.53954e+00 | 60  0.02243  1.03370e+01
 61  0.01817 -1.10031e+01 | 62  0.01498 -1.40613e+00 | 63  0.01333 -1.53063e+01
 64  0.01173 -1.09990e+01 | 65  0.01115 -1.76785e+01 | 66  0.01054 -1.72369e+01
 67  0.01160 -9.87417e+00 | 68  0.01666 -1.10313e+00 | 69  0.01971 -5.63878e+00
 70  0.02150 -5.99065e+00 | 71  0.02308 -6.08820e+00 | 72  0.02216 -7.07989e+00
 73  0.02093 -1.07148e+01 | 74  0.02204 -1.26487e+01 | 75  0.02185 -1.49995e+01
 76  0.21947 -7.89184e+01 | 77 -0.66452 -3.75425e+02 | 78 -0.73839  7.47316e+01
2 0 18599.2
2 0 18599.2
2 0 18599.2
2 0 18599.2
2 0 18599.2
2 0 18599.2
2 0 18599.2
2 0 18599.2
2 0 18599.2
2 0 18599.2
78 variables; iteration 110; function evaluation 149; phase 2
Function value   1.8599153e+04; maximum gradient component mag   9.2587e+00
Var   Value    Gradient   |Var   Value    Gradient   |Var   Value    Gradient
  1 -0.61926  9.14891e-02 |  2 -0.51694 -6.26873e-02 |  3  0.29625 -3.93244e-02
  4  0.20808 -2.47128e-02 |  5  0.13707 -5.35876e-03 |  6  0.09094 -7.21593e-04
  7  0.05913  2.73575e-04 |  8  0.03543 -6.07052e-04 |  9  0.01700  4.61798e-03
 10  0.00236  7.96048e-04 | 11 -0.00939 -2.45232e-04 | 12 -0.01880  3.84517e-04
 13 -0.02623  3.89502e-04 | 14 -0.03196 -3.74815e-04 | 15 -0.03613  1.48304e-03
 16 -0.03886  6.95797e-04 | 17 -0.04021 -5.97384e-04 | 18  0.07212 -4.22590e-01
 19 -0.03639  1.08097e-01 | 20 -0.01191 -2.48301e-01 | 21 -0.00865 -1.05969e-01
 22 -0.01089 -6.81544e-02 | 23 -0.01810 -7.42256e-02 | 24 -0.00445 -8.70337e-02
 25 -0.00563  1.52395e-01 | 26 -0.00306  3.30004e-02 | 27 -0.00446 -1.94368e-01
 28  0.00182  3.74430e-02 | 29 -0.00298  1.53772e-01 | 30 -0.00131 -1.20534e-01
 31 -0.00394 -1.70202e-01 | 32  0.00191 -1.28051e-01 | 33  0.00251  3.14409e-01
 34  0.00448  2.53149e-01 | 35  0.00708  1.85438e-01 | 36  0.00836  1.50745e-01
 37  0.00899  1.10390e-01 | 38  0.00868  2.27994e-02 | 39  0.00593 -1.87947e-02
 40  0.00514  1.15190e-01 | 41  0.00789  1.32271e-01 | 42  0.00671 -6.02600e-02
 43  0.00763  7.38925e-02 | 44  0.01152  9.57943e-02 | 45  0.01172  2.13919e-01
 46  0.01138 -5.56496e-01 | 47  0.19088 -9.31872e-01 | 48 -0.06657 -1.22676e-01
 49 -0.05899  1.76953e-01 | 50 -0.05621  1.78407e-01 | 51 -0.03442  7.63340e-02
 52 -0.02854  1.20250e-01 | 53 -0.03099  6.04366e-02 | 54 -0.01854 -2.71375e-01
 55 -0.01213 -1.51126e-01 | 56 -0.00739 -2.57394e-01 | 57 -0.00016 -4.38863e-01
 58  0.01216 -5.05712e-01 | 59  0.01917 -1.71472e-01 | 60  0.02238  1.36074e-01
 61  0.01819  2.27449e-01 | 62  0.01496  1.64903e-01 | 63  0.01334  1.16798e-02
 64  0.01175  9.57333e-02 | 65  0.01119  8.97273e-02 | 66  0.01057  9.80283e-02
 67  0.01162  2.17994e-01 | 68  0.01668  9.58967e-02 | 69  0.01974 -4.35249e-02
 70  0.02152  3.79653e-03 | 71  0.02310 -9.46657e-02 | 72  0.02220 -2.30245e-01
 73  0.02098 -6.45556e-01 | 74  0.02205 -6.47516e-01 | 75  0.02205 -2.18562e-02
 76  0.21887  4.59352e-02 | 77 -0.66429  9.25873e+00 | 78 -0.73735 -1.85692e+00
2 0 18599.2
2 0 18599.2
2 0 18599.2
2 0 18599.2
2 0 18599.2
2 0 18599.2
2 0 18599.2
2 0 18599.2

 - final statistics:
78 variables; iteration 118; function evaluation 157
Function value   1.8599e+04; maximum gradient component mag  -4.1434e-04
Exit code = 1;  converg criter   1.0000e-03
Var   Value    Gradient   |Var   Value    Gradient   |Var   Value    Gradient
  1 -0.61925  4.97581e-06 |  2 -0.51693 -8.27309e-06 |  3  0.29625  2.88283e-05
  4  0.20808  9.86595e-06 |  5  0.13707  2.20631e-06 |  6  0.09094  5.84155e-07
  7  0.05912 -1.68017e-07 |  8  0.03542 -5.90838e-08 |  9  0.01700 -5.64987e-07
 10  0.00236 -2.77998e-08 | 11 -0.00939  1.05917e-07 | 12 -0.01880  5.52356e-08
 13 -0.02624  8.81124e-08 | 14 -0.03196  2.60251e-07 | 15 -0.03613 -1.47185e-07
 16 -0.03886 -1.76029e-08 | 17 -0.04021  3.66457e-08 | 18  0.07212 -3.01785e-05
 19 -0.03639 -2.42149e-05 | 20 -0.01191 -1.01770e-05 | 21 -0.00864 -2.27013e-05
 22 -0.01089  8.62288e-05 | 23 -0.01809 -6.63803e-06 | 24 -0.00445 -5.07388e-05
 25 -0.00563 -6.80268e-05 | 26 -0.00306 -6.76961e-05 | 27 -0.00446  2.71274e-05
 28  0.00182  2.48867e-06 | 29 -0.00298  3.91726e-05 | 30 -0.00131  7.89078e-05
 31 -0.00394  4.95244e-05 | 32  0.00191  3.98530e-05 | 33  0.00251  5.66916e-05
 34  0.00448  4.63004e-05 | 35  0.00708  1.23614e-05 | 36  0.00836 -2.56054e-05
 37  0.00899 -3.57312e-05 | 38  0.00868 -2.63688e-05 | 39  0.00593  5.81460e-07
 40  0.00514 -1.56650e-05 | 41  0.00789 -1.61016e-05 | 42  0.00671 -2.71433e-05
 43  0.00763 -8.28482e-05 | 44  0.01152 -3.41987e-05 | 45  0.01172  1.11814e-06
 46  0.01138  2.62697e-05 | 47  0.19088 -4.14342e-04 | 48 -0.06657  7.69905e-05
 49 -0.05899  1.20016e-05 | 50 -0.05621 -2.52255e-05 | 51 -0.03442 -1.47979e-05
 52 -0.02854  9.11952e-06 | 53 -0.03099 -2.60100e-06 | 54 -0.01854  6.40937e-05
 55 -0.01213  5.64463e-05 | 56 -0.00739  7.50034e-05 | 57 -0.00016  1.04993e-04
 58  0.01216  1.08949e-04 | 59  0.01917  1.29063e-04 | 60  0.02238  7.46680e-05
 61  0.01820  1.09734e-05 | 62  0.01496 -6.93447e-05 | 63  0.01334 -9.46318e-05
 64  0.01175 -9.59208e-05 | 65  0.01119 -6.28873e-05 | 66  0.01057 -2.34364e-05
 67  0.01162 -2.15078e-05 | 68  0.01668 -2.33714e-05 | 69  0.01974 -4.89306e-05
 70  0.02152 -8.54530e-05 | 71  0.02310 -3.20858e-05 | 72  0.02220  1.20716e-05
 73  0.02098  4.08703e-05 | 74  0.02205  5.81405e-05 | 75  0.02205  2.91056e-05
 76  0.21887  1.12956e-04 | 77 -0.66429  3.98180e-04 | 78 -0.73734 -8.04262e-05
2 0 18599.2
B010137.3
0.3 0.885106
0.758662 0.779108
1.6888 0.665477
3.21102 0.572421
5.2516 0.505104
7.57887 0.463007
10.0259 0.439381
12.5863 0.426537
15.3386 0.419632
18.3902 0.416035
21.8599 0.414281
25.8747 0.413511
30.57 0.413219
36.0916 0.413126
42.6011 0.413103
50.2819 0.413098
59.3468 0.413098
70.0458 0.413098
82.6735 0.413098
97.5779 0.413098
115.169 0.413098
Survey Bio33.2484
Survey len9302.13
CPUE31.0542
Catch2.17111
Catch len9197.87
initsmo_penal26.3013
F_pen3.00578
Rec_pen3.36991
M_pen0


Starting time: Fri Oct  5 17:08:28 2018
Finishing time: Fri Oct  5 17:08:36 2018
This run took: 0 hours, 0 minutes, 8 seconds.

