survYears 72 73 74 75 76 77 78 79 80 81 82 83 84 85 86 87 88 89 90 91 92 93 94 95 96 97 98 99 100
SurvLenYear 72 73 74 75 76 77 78 79 80 81 82 83 84 85 86 87 88 89 90 91 92 93 94 95 96 97 98 99 100
catchBiomass 4992.72 3951.27 3314.55 3010.91 4358.58 7781.05 16053 19924.2 29281.5 44553.8 48404.8 70639.7 112960 147039 173753 144612 139739 113165 125614 120277 126058 149728 156749 191120 212434 246890 253988 187675 233574
steep0.75
25
Out
1 0 32577.7

Initial statistics: 75 variables; iteration 0; function evaluation 0; phase 1
Function value   3.2577660e+04; maximum gradient component mag  -8.6039e+04
Var   Value    Gradient   |Var   Value    Gradient   |Var   Value    Gradient
  1  0.23086 -3.26773e+02 |  2  0.21308 -1.18840e+02 |  3  0.20598  4.65605e+02
  4  0.20902  1.11978e+03 |  5  0.18316  7.49573e+02 |  6  0.16652  5.94950e+02
  7  0.16228  6.75842e+02 |  8  0.14819  5.23508e+02 |  9  0.13011  3.53018e+02
 10  0.11465  2.55781e+02 | 11  0.10249  1.91843e+02 | 12  0.09567  1.78082e+02
 13  0.09069  1.93132e+02 | 14  0.07794 -1.08348e+02 | 15  0.13734  6.89386e+02
 16  0.01258 -7.46849e+03 | 17  0.00000 -4.61973e+03 | 18  0.00000 -5.47447e+02
 19  0.00000 -2.47546e+03 | 20  0.00000 -1.28019e+03 | 21  0.00000  2.16269e+02
 22  0.00000  4.55216e+02 | 23  0.00000 -3.99769e+02 | 24  0.00000  7.27836e+02
 25  0.00000  1.29779e+03 | 26  0.00000  5.08880e+02 | 27  0.00000  2.32855e+03
 28  0.00000  2.74240e+03 | 29  0.00000  1.28525e+03 | 30  0.00000  6.03577e+02
 31  0.00000 -7.66173e+02 | 32  0.00000 -3.01436e+02 | 33  0.00000 -3.61665e+01
 34  0.00000  1.02921e+03 | 35  0.00000  2.00750e+02 | 36  0.00000  6.92196e+02
 37  0.00000  1.24253e+03 | 38  0.00000  9.77293e+02 | 39  0.00000  1.48472e+03
 40  0.00000  1.68584e+03 | 41  0.00000  1.24403e+03 | 42  0.00000  2.03079e+02
 43  0.00000 -6.42789e+02 | 44  0.00000 -7.99378e+02 | 45  0.00000 -7.05687e+03
 46  0.13643 -8.60386e+04 | 47  0.00000  3.47754e+04 | 48  0.00000  2.98395e+04
 49  0.00000  2.30164e+04 | 50  0.00000  1.81437e+04 | 51  0.00000  1.33657e+04
 52  0.00000  9.90357e+03 | 53  0.00000  6.15739e+03 | 54  0.00000  2.86161e+03
 55  0.00000  6.97055e+02 | 56  0.00000 -2.30491e+03 | 57  0.00000 -5.50129e+03
 58  0.00000 -7.60013e+03 | 59  0.00000 -7.44742e+03 | 60  0.00000 -6.43523e+03
 61  0.00000 -6.29607e+03 | 62  0.00000 -6.39522e+03 | 63  0.00000 -7.03271e+03
 64  0.00000 -6.24329e+03 | 65  0.00000 -6.52390e+03 | 66  0.00000 -7.84576e+03
 67  0.00000 -8.53340e+03 | 68  0.00000 -1.00200e+04 | 69  0.00000 -1.14445e+04
 70  0.00000 -1.21266e+04 | 71  0.00000 -1.11346e+04 | 72  0.00000 -9.91454e+03
 73  0.00000 -8.77005e+03 | 74  0.00000 -1.23929e+03 | 75  0.00000  4.04841e+03
1 0 32577.6
1 0 32577.4
1 0 32575.4
1 0 32555.5
1 0 32361.2
1 0 31936.2
1 0 28529.8
1 0 37776.8
1 0 27812.6
1 0 28183.8
1 0 27511
1 0 27389.1
1 0 27252.1
1 0 27102.1
1 0 27064.6
1 0 27008.6
1 0 26962.3
1 0 26965.1
1 0 26940

Intermediate statistics: 75 variables; iteration 10; function evaluation 19; phase 1
Function value   2.6940004e+04; maximum gradient component mag  -4.3597e+04
Var   Value    Gradient   |Var   Value    Gradient   |Var   Value    Gradient
  1  0.32278  3.24725e+03 |  2  0.21507 -8.77824e+01 |  3  0.19463  1.72108e+02
  4  0.17952  2.61401e+02 |  5  0.16348  2.53601e+02 |  6  0.15041  2.30554e+02
  7  0.14117  2.28082e+02 |  8  0.13122  2.06446e+02 |  9  0.11879  1.60139e+02
 10  0.10652  1.20218e+02 | 11  0.09669  9.72336e+01 | 12  0.08971  8.94266e+01
 13  0.08402  4.26549e+01 | 14  0.09102  6.99035e+01 | 15  0.10756  2.02866e+02
 16  0.12077 -2.46879e+03 | 17 -0.00599 -4.86890e+03 | 18  0.02542  4.15005e+03
 19 -0.03356  2.65604e+02 | 20 -0.07710 -4.11047e+03 | 21 -0.08739 -4.13143e+03
 22 -0.06083 -1.46318e+03 | 23 -0.02519 -2.76182e+02 | 24 -0.01078  1.13429e+03
 25 -0.00329  1.59935e+03 | 26  0.00049  1.19381e+03 | 27 -0.00081  1.89639e+03
 28  0.10935  1.51017e+03 | 29  0.01023  1.11302e+03 | 30 -0.01488  3.55719e+01
 31 -0.01048 -6.66570e+01 | 32  0.00122  5.96099e+02 | 33  0.01916  1.55575e+03
 34 -0.00010  4.12017e+02 | 35 -0.01914 -5.92131e+02 | 36  0.03349  8.88763e+02
 37  0.00471  3.16272e+02 | 38 -0.00507  1.93400e+03 | 39  0.09819  8.50645e+02
 40  0.09780  8.18514e+02 | 41  0.00525  1.97368e+02 | 42 -0.01937 -3.00475e+02
 43  0.06550  9.89283e+02 | 44 -0.01181  2.88888e+02 | 45 -0.08477 -6.10573e+03
 46  0.14804 -4.35972e+04 | 47 -0.02747  1.46448e+04 | 48 -0.07197  3.52681e+03
 49 -0.05149  4.89016e+03 | 50 -0.04256  5.55777e+03 | 51 -0.03697  3.78344e+03
 52 -0.03085  2.40147e+03 | 53 -0.02316  1.10923e+03 | 54 -0.01088  4.66536e+02
 55 -0.00030  1.51936e+02 | 56 -0.00196 -1.78116e+03 | 57 -0.03207 -1.59289e+03
 58  0.04965 -1.11778e+02 | 59  0.02075 -1.90816e+03 | 60 -0.00256 -3.14295e+03
 61  0.02129 -1.92306e+03 | 62 -0.00790 -2.58516e+03 | 63  0.04366 -7.13038e+02
 64 -0.01268 -3.36111e+03 | 65 -0.04469 -3.28065e+03 | 66  0.04566 -1.36332e+03
 67 -0.00269 -4.34456e+03 | 68 -0.00660 -2.23030e+03 | 69  0.03736 -2.63861e+03
 70  0.06860 -2.71083e+02 | 71 -0.01368 -4.33764e+03 | 72 -0.04956 -4.13786e+03
 73  0.07527 -3.98381e+02 | 74  0.09265  2.16097e+03 | 75  0.01593  1.61544e+03
1 0 26924.4
1 0 26904.9
1 0 26907.8
1 0 26896.7
1 0 26888.1
1 0 26878.7
1 0 26864.6
1 0 26850.9
1 0 26828.8
1 0 26802.6
1 0 26819.5
1 0 26791.6
75 variables; iteration 20; function evaluation 31; phase 1
Function value   2.6791737e+04; maximum gradient component mag  -2.8953e+04
Var   Value    Gradient   |Var   Value    Gradient   |Var   Value    Gradient
  1  0.29150  2.09190e+03 |  2  0.20353  6.98131e+01 |  3  0.16277  1.73224e+02
  4  0.12839  1.01835e+02 |  5  0.11687  1.89384e+02 |  6  0.10690  2.03877e+02
  7  0.09279  1.28995e+02 |  8  0.08721  1.41718e+02 |  9  0.08442  1.56248e+02
 10  0.08006  1.44072e+02 | 11  0.07558  1.38253e+02 | 12  0.06998  1.01448e+02
 13  0.07056  5.37327e+01 | 14  0.09326  4.37910e+02 | 15  0.04867 -6.94650e+01
 16  0.13777 -2.00249e+03 | 17 -0.03263 -2.61406e+03 | 18  0.01089  1.52927e+03
 19 -0.04913 -5.52133e+02 | 20 -0.08512 -3.88517e+03 | 21 -0.09072 -3.43143e+03
 22 -0.06521 -1.29116e+03 | 23 -0.03221 -3.96115e+02 | 24 -0.01872  7.25326e+02
 25 -0.01128  1.11393e+03 | 26 -0.00515  1.06153e+03 | 27  0.00103  2.73727e+03
 28  0.15240  1.99713e+03 | 29  0.00844  1.57527e+03 | 30 -0.02196 -5.58831e+02
 31 -0.01727 -6.27289e+02 | 32 -0.00300  3.20462e+02 | 33 -0.00361  1.43204e+02
 34 -0.01516  7.46247e+02 | 35 -0.02637 -5.92830e+02 | 36 -0.02296 -2.39623e+03
 37 -0.00271  2.12113e+03 | 38 -0.00654  2.20932e+03 | 39  0.13374  8.88970e+02
 40  0.17154  1.40013e+03 | 41  0.01616  7.46176e+02 | 42 -0.00325  9.06757e+02
 43  0.11373  1.69616e+03 | 44 -0.00903  7.85016e+02 | 45 -0.07967 -4.97136e+03
 46  0.15222 -2.89525e+04 | 47 -0.03374  1.56779e+04 | 48 -0.07984  2.21549e+03
 49 -0.05125  5.64893e+03 | 50 -0.04566  4.88055e+03 | 51 -0.04241  2.39937e+03
 52 -0.03545  1.36216e+03 | 53 -0.02574  5.70833e+02 | 54 -0.01179  3.53648e+02
 55 -0.00370 -2.42680e+02 | 56 -0.01186 -3.38441e+03 | 57 -0.01929 -1.78122e+03
 58  0.04982  2.79330e+02 | 59  0.01632 -2.61853e+03 | 60 -0.00063 -3.42841e+03
 61  0.01320 -2.35161e+03 | 62  0.02588 -8.58526e+02 | 63  0.02744 -1.60497e+03
 64 -0.00523 -3.86643e+03 | 65  0.00497 -2.18526e+03 | 66  0.03116 -8.06029e+02
 67  0.00429 -5.34137e+03 | 68 -0.02867 -3.66863e+03 | 69  0.03414 -3.11403e+03
 70  0.06416  1.49553e+02 | 71  0.04765 -1.31806e+03 | 72 -0.17295 -2.21263e+03
 73  0.07303  1.39240e+03 | 74  0.08692  1.27896e+03 | 75  0.08583  1.30853e+03
1 0 26793.2
1 0 26786.6
1 0 26780.9
1 0 26777.3
1 0 26776.1
1 0 26771.8
1 0 26765.8
1 0 26758.6
1 0 26758
1 0 26754.9
1 0 26750.6
1 0 26750.1
1 0 26748.3
75 variables; iteration 30; function evaluation 44; phase 1
Function value   2.6749666e+04; maximum gradient component mag  -2.4524e+04
Var   Value    Gradient   |Var   Value    Gradient   |Var   Value    Gradient
  1  0.27753  1.55472e+03 |  2  0.18750  2.18627e+01 |  3  0.12679  4.88407e+01
  4  0.07674 -5.93622e+01 |  5  0.06419  6.25127e+01 |  6  0.05548  9.98518e+01
  7  0.04031  1.94811e+01 |  8  0.03841  4.39110e+01 |  9  0.04332  8.64463e+01
 10  0.04620  9.71422e+01 | 11  0.04679  1.02426e+02 | 12  0.04490  7.05473e+01
 13  0.04972  6.60662e+01 | 14  0.06667  4.46027e+02 | 15 -0.00278 -1.99348e+02
 16  0.13822 -1.54382e+03 | 17 -0.05335 -1.32710e+03 | 18  0.01134  1.83862e+03
 19 -0.05322 -1.59149e+03 | 20 -0.08735 -4.37071e+03 | 21 -0.08492 -2.79975e+03
 22 -0.06346 -1.53127e+03 | 23 -0.03212 -7.59309e+02 | 24 -0.01894  3.63238e+02
 25 -0.01189  7.89805e+02 | 26 -0.00546  7.82543e+02 | 27  0.00190  2.26106e+03
 28  0.13778  1.51959e+03 | 29  0.00641  7.72482e+02 | 30 -0.02276 -8.98305e+02
 31 -0.01667 -8.57646e+02 | 32 -0.00216  8.68154e+01 | 33 -0.00367 -3.43617e+02
 34 -0.01735  8.55583e+01 | 35 -0.02772 -1.13837e+03 | 36 -0.02232 -2.52040e+03
 37  0.00127  2.17184e+03 | 38 -0.00546  1.55990e+03 | 39  0.13429  4.89088e+02
 40  0.18453  1.20320e+03 | 41  0.01720  4.00962e+02 | 42 -0.00301  3.55315e+02
 43  0.11533  1.38246e+03 | 44 -0.00838  2.35699e+02 | 45 -0.07505 -4.63867e+03
 46  0.15432 -2.45245e+04 | 47 -0.03493  1.54829e+04 | 48 -0.07876  2.66235e+03
 49 -0.05357  5.69679e+03 | 50 -0.04938  4.12093e+03 | 51 -0.04436  2.08412e+03
 52 -0.03612  1.32569e+03 | 53 -0.02653  4.54639e+02 | 54 -0.01287  1.70508e+02
 55 -0.00661 -7.12309e+02 | 56 -0.01346 -3.39519e+03 | 57 -0.01522 -1.63673e+03
 58  0.04853  3.01670e+02 | 59  0.01345 -2.84283e+03 | 60  0.00072 -3.48377e+03
 61  0.00939 -2.67239e+03 | 62  0.02790 -5.73213e+02 | 63  0.02566 -1.48709e+03
 64 -0.00497 -3.88939e+03 | 65 -0.00365 -2.93478e+03 | 66  0.03192 -7.13660e+02
 67  0.00838 -5.08117e+03 | 68 -0.03274 -3.93450e+03 | 69  0.03260 -3.34585e+03
 70  0.06325  2.98293e+02 | 71  0.04995 -5.32994e+02 | 72 -0.19191 -2.35116e+03
 73  0.07054  1.43064e+03 | 74  0.08415  9.26435e+02 | 75  0.13202  1.29764e+03
1 0 26746
1 0 26744
1 0 26742.2
1 0 26740.9
1 0 26739.9
1 0 26739.7
1 0 26739.3
1 0 26738.7
1 0 26738.3
1 0 26738.1
75 variables; iteration 40; function evaluation 54; phase 1
Function value   2.6739403e+04; maximum gradient component mag  -2.5305e+04
Var   Value    Gradient   |Var   Value    Gradient   |Var   Value    Gradient
  1  0.27249  1.35380e+03 |  2  0.19186  1.00909e+02 |  3  0.12594  8.52031e+01
  4  0.06347 -8.01483e+01 |  5  0.04080  1.67846e+01 |  6  0.02709  5.08332e+01
  7  0.01107 -1.90911e+01 |  8  0.01106  1.43275e+01 |  9  0.01800  5.39353e+01
 10  0.02287  6.25512e+01 | 11  0.02559  7.95344e+01 | 12  0.02278  5.26758e+01
 13  0.02186 -1.72648e+01 | 14  0.04385  3.96182e+02 | 15 -0.02324 -2.02442e+02
 16  0.13782 -1.44243e+03 | 17 -0.06281 -1.02507e+03 | 18  0.01120  2.03615e+03
 19 -0.05536 -1.88839e+03 | 20 -0.08899 -4.56474e+03 | 21 -0.08276 -2.44185e+03
 22 -0.06258 -1.46978e+03 | 23 -0.03242 -7.88689e+02 | 24 -0.01981  2.99939e+02
 25 -0.01300  7.06968e+02 | 26 -0.00631  5.96463e+02 | 27  0.00438  2.18681e+03
 28  0.15889  1.72343e+03 | 29  0.00662  7.67981e+02 | 30 -0.02227 -7.09736e+02
 31 -0.01707 -9.20528e+02 | 32 -0.00292  2.31377e+01 | 33 -0.00399 -4.63216e+02
 34 -0.01615  1.80611e+02 | 35 -0.02600 -8.24185e+02 | 36 -0.02392 -2.84516e+03
 37  0.00097  2.26793e+03 | 38 -0.00607  1.57567e+03 | 39  0.12897  4.43138e+02
 40  0.18002  1.17915e+03 | 41  0.01668  3.22419e+02 | 42 -0.00367  1.46257e+02
 43  0.11083  1.31843e+03 | 44 -0.00732  1.54938e+02 | 45 -0.07000 -4.35480e+03
 46  0.15230 -2.53048e+04 | 47 -0.03336  1.55627e+04 | 48 -0.07698  2.77817e+03
 49 -0.05181  5.98020e+03 | 50 -0.04848  4.01696e+03 | 51 -0.04277  2.14032e+03
 52 -0.03460  1.36855e+03 | 53 -0.02503  4.69008e+02 | 54 -0.01227  2.55188e+01
 55 -0.00597 -7.32506e+02 | 56 -0.01411 -3.31233e+03 | 57 -0.00873 -1.36554e+03
 58  0.04969  8.22364e+01 | 59  0.01421 -3.04925e+03 | 60  0.00176 -3.57658e+03
 61  0.00990 -2.81474e+03 | 62  0.02828 -7.07121e+02 | 63  0.02748 -1.40203e+03
 64 -0.00173 -3.85103e+03 | 65 -0.00082 -2.77006e+03 | 66  0.03331 -6.80293e+02
 67  0.00843 -5.19310e+03 | 68 -0.03142 -3.92090e+03 | 69  0.03443 -3.19721e+03
 70  0.06411  8.21738e+01 | 71  0.05107 -4.76427e+02 | 72 -0.18891 -2.31241e+03
 73  0.07128  1.52821e+03 | 74  0.07961  8.56802e+02 | 75  0.09640  1.16823e+03
1 0 26737.9
1 0 26737.6
1 0 26737.2
1 0 26736.6
1 0 26736.1
1 0 26735.4
1 0 26734
1 0 26732.1
1 0 26729.7
1 0 26726.8
75 variables; iteration 50; function evaluation 64; phase 1
Function value   2.6728092e+04; maximum gradient component mag  -2.5589e+04
Var   Value    Gradient   |Var   Value    Gradient   |Var   Value    Gradient
  1  0.27242  1.35683e+03 |  2  0.19385  1.21272e+02 |  3  0.13541  1.14776e+02
  4  0.08512 -3.03694e+00 |  5  0.06367  9.60785e+01 |  6  0.03807  7.27468e+01
  7  0.00763 -4.14876e+01 |  8 -0.00084 -1.40268e+01 |  9  0.00338  4.03500e+01
 10  0.00547  4.24657e+01 | 11  0.00582  3.08816e+01 | 12  0.00839  2.83027e+01
 13  0.01504 -1.02729e+01 | 14  0.03981  4.04390e+02 | 15 -0.02975 -2.13603e+02
 16  0.13729 -1.43006e+03 | 17 -0.06170 -1.06800e+03 | 18  0.01084  2.04048e+03
 19 -0.05636 -1.99318e+03 | 20 -0.08924 -4.57333e+03 | 21 -0.08341 -2.52038e+03
 22 -0.06320 -1.54625e+03 | 23 -0.03064 -5.90840e+02 | 24 -0.02032  1.53158e+02
 25 -0.01157  8.16799e+02 | 26 -0.00456  8.19436e+02 | 27  0.00495  2.29856e+03
 28  0.15623  1.68947e+03 | 29  0.00656  7.68082e+02 | 30 -0.02282 -8.60155e+02
 31 -0.01684 -9.98078e+02 | 32 -0.00284  6.78221e+01 | 33 -0.00424 -3.94382e+02
 34 -0.01616  8.16719e+01 | 35 -0.02478 -6.57798e+02 | 36 -0.02547 -3.01291e+03
 37  0.00043  2.16893e+03 | 38 -0.00571  1.65499e+03 | 39  0.12947  4.20332e+02
 40  0.18431  1.21221e+03 | 41  0.01782  5.76637e+02 | 42 -0.00360  1.49976e+02
 43  0.10783  1.29379e+03 | 44 -0.00968 -2.46887e+02 | 45 -0.07010 -4.14053e+03
 46  0.15267 -2.55895e+04 | 47 -0.03376  1.55350e+04 | 48 -0.07788  2.63342e+03
 49 -0.05193  5.98513e+03 | 50 -0.04882  3.98511e+03 | 51 -0.04308  2.13884e+03
 52 -0.03444  1.41097e+03 | 53 -0.02641  3.21242e+02 | 54 -0.01222  1.21072e+02
 55 -0.00579 -7.23826e+02 | 56 -0.01346 -3.29916e+03 | 57 -0.00986 -1.43920e+03
 58  0.04947  9.81650e+01 | 59  0.01333 -3.03055e+03 | 60  0.00203 -3.44328e+03
 61  0.01144 -2.63150e+03 | 62  0.02699 -8.39277e+02 | 63  0.02649 -1.48217e+03
 64  0.00113 -3.70088e+03 | 65 -0.00303 -2.92620e+03 | 66  0.03230 -8.07873e+02
 67  0.00778 -5.24093e+03 | 68 -0.03042 -3.88004e+03 | 69  0.03404 -3.22959e+03
 70  0.06449  2.95933e+02 | 71  0.05060 -5.80204e+02 | 72 -0.18874 -2.30361e+03
 73  0.07162  1.66261e+03 | 74  0.07923  8.80569e+02 | 75  0.10200  1.21577e+03
1 0 26722.1
1 0 26715.1
1 0 26712.9
1 0 26709.6
1 0 26703.1
1 0 26658.9
1 0 26618.7
1 0 26576.4
1 0 26557.6
1 0 26524.5
1 0 26461.1
1 0 26245.8
75 variables; iteration 60; function evaluation 76; phase 1
Function value   2.6247015e+04; maximum gradient component mag  -2.4505e+04
Var   Value    Gradient   |Var   Value    Gradient   |Var   Value    Gradient
  1  0.25915  4.69886e+02 |  2  0.19576  1.17208e+02 |  3  0.09810 -2.43421e+01
  4  0.02201 -6.15800e+02 |  5  0.13797  8.26355e+02 |  6  0.12921  3.94300e+02
  7  0.13215  2.73199e+02 |  8  0.21493  4.45120e+03 |  9  0.01771 -2.83676e+02
 10 -0.07760 -2.66397e+02 | 11 -0.09083 -1.21254e+02 | 12 -0.06589  1.49631e+02
 13 -0.08442 -3.46149e+02 | 14  0.00360  3.97821e+02 | 15 -0.01733 -4.77847e+01
 16  0.13236 -3.38214e+03 | 17 -0.04522 -3.65408e+03 | 18  0.00426  4.47161e+02
 19 -0.04935 -1.76853e+03 | 20 -0.06528 -1.86871e+03 | 21 -0.06221 -7.94865e+02
 22 -0.04229  2.79034e+02 | 23 -0.03766 -1.32371e+03 | 24 -0.03491 -1.15049e+03
 25 -0.01555  8.31398e+02 | 26 -0.00159  1.02896e+03 | 27 -0.00218  1.73384e+03
 28  0.09293  1.37458e+03 | 29  0.01126  2.37323e+03 | 30 -0.01656 -6.80490e+02
 31 -0.00890 -9.50820e+02 | 32 -0.00215  6.82525e+02 | 33 -0.02023 -2.71773e+03
 34 -0.01715  4.59550e+02 | 35 -0.01294  5.37505e+02 | 36 -0.01375 -4.88801e+02
 37 -0.00129  9.35477e+02 | 38 -0.00053  1.26912e+03 | 39  0.15133  1.03714e+03
 40  0.18117  1.46322e+03 | 41  0.01018  1.34532e+01 | 42 -0.00867  2.81616e+01
 43  0.07166  1.16812e+03 | 44 -0.00605 -5.91980e+02 | 45 -0.05936 -3.09003e+03
 46  0.15413 -2.45055e+04 | 47 -0.04404  1.42577e+04 | 48 -0.08415  2.88680e+03
 49 -0.05838  5.61705e+03 | 50 -0.05243  3.64951e+03 | 51 -0.03755  3.52577e+03
 52 -0.03096  2.36691e+03 | 53 -0.02652  7.30882e+02 | 54 -0.02100 -7.46049e+02
 55  0.00267  1.29375e+03 | 56 -0.00778 -2.13783e+03 | 57 -0.01371 -9.16379e+02
 58  0.04584 -1.09132e+03 | 59  0.01318 -2.77765e+03 | 60  0.01795 -1.23201e+03
 61  0.02352 -7.37936e+02 | 62  0.02743  1.02687e+03 | 63  0.01422 -2.11297e+03
 64  0.01431 -2.30222e+03 | 65 -0.00775 -3.78818e+03 | 66  0.02552 -2.01307e+03
 67  0.01612 -3.75666e+03 | 68 -0.02045 -3.34761e+03 | 69  0.02791 -4.92709e+03
 70  0.05555 -3.61035e+03 | 71  0.03449 -3.49167e+03 | 72 -0.13330 -3.18144e+03
 73  0.06068 -1.80675e+03 | 74  0.08089  1.56383e+03 | 75  0.06783  8.65602e+02
1 0 25985.9
1 0 25725.5
1 0 25909.3
1 0 25621.9
1 0 25495.1
1 0 25472.6
1 0 25461.2
1 0 25443.5
1 0 25523.4
1 0 25440.7
1 0 25436
1 0 25447.1
1 0 25434.9
75 variables; iteration 70; function evaluation 89; phase 1
Function value   2.5436182e+04; maximum gradient component mag  -1.5469e+04
Var   Value    Gradient   |Var   Value    Gradient   |Var   Value    Gradient
  1  0.25268  4.85919e+01 |  2  0.20847  4.20153e+01 |  3  0.15837  5.84758e+01
  4  0.13644  1.87349e+02 |  5  0.11816  2.11900e+02 |  6  0.09344  8.69432e+01
  7  0.08270 -9.15922e+01 |  8  0.13593  7.72802e+02 |  9  0.08250 -1.08680e+01
 10  0.07385  2.23503e+02 | 11  0.03248 -1.09034e+01 | 12  0.00822 -4.00963e+00
 13 -0.00686 -1.84514e+01 | 14 -0.01069 -2.53368e+02 | 15  0.06698  3.66734e+02
 16  0.13142 -4.89721e+03 | 17 -0.02563 -9.15101e+02 | 18 -0.00824  2.85825e+02
 19 -0.05001 -2.59486e+03 | 20 -0.03344  8.64569e+02 | 21 -0.04287  5.66855e+01
 22 -0.03094  4.94993e+02 | 23 -0.01704  4.81540e+02 | 24 -0.01873  4.25497e+02
 25 -0.01436  7.95851e+02 | 26 -0.01336 -5.80456e+02 | 27 -0.03003 -2.03868e+03
 28  0.04723  2.18723e+03 | 29  0.00842  1.25306e+03 | 30 -0.00720  2.29253e+02
 31 -0.00289 -5.13016e+02 | 32 -0.00054  3.02457e+02 | 33 -0.01030 -5.85299e+02
 34 -0.01092  9.00396e+01 | 35  0.00071 -3.79448e+02 | 36  0.00390  3.22120e+03
 37  0.00492 -7.93832e+02 | 38  0.01457 -9.63531e+02 | 39  0.16544  1.68849e+03
 40  0.13546  1.27144e+03 | 41 -0.00100 -2.12044e+02 | 42 -0.02109 -3.13104e+02
 43  0.00302 -1.36547e+02 | 44 -0.00825 -1.11751e+03 | 45 -0.03380 -2.40207e+03
 46  0.15549 -1.54694e+04 | 47 -0.05862  1.18162e+04 | 48 -0.09584  1.40682e+03
 49 -0.06411  4.46539e+03 | 50 -0.05017  4.77045e+03 | 51 -0.03650  4.05433e+03
 52 -0.02727  2.80026e+03 | 53 -0.02148  1.11109e+03 | 54 -0.01452  2.31553e+01
 55  0.01059  4.13509e+03 | 56 -0.00333  5.77374e+02 | 57 -0.03389 -3.05857e+03
 58  0.03770 -3.29075e+03 | 59  0.02165 -1.51673e+03 | 60  0.02701  3.07496e+02
 61  0.03112  1.27740e+03 | 62  0.02491  2.41040e+02 | 63  0.00809 -2.46579e+03
 64  0.03974  3.91991e+03 | 65 -0.00916 -4.60803e+03 | 66  0.01935 -2.55849e+03
 67  0.05692  7.08934e+03 | 68 -0.02389 -3.68936e+03 | 69  0.02557 -5.76724e+03
 70  0.04587 -1.04667e+04 | 71  0.00657 -6.23416e+03 | 72 -0.04042 -5.63873e+03
 73  0.04836 -4.80230e+03 | 74  0.03796 -1.38178e+03 | 75  0.02711  4.27848e+02
1 0 25433.7
1 0 25432.4
1 0 25430.1
1 0 25425.5
1 0 25384
1 0 25297.1
1 0 25138.4
1 0 25840.8
1 0 25102
1 0 25030.6
1 0 24561.7
1 0 24923.9
1 0 24398.6
1 0 24270.2
75 variables; iteration 80; function evaluation 103; phase 1
Function value   2.4270245e+04; maximum gradient component mag  -3.8509e+04
Var   Value    Gradient   |Var   Value    Gradient   |Var   Value    Gradient
  1  0.25042 -3.95915e+02 |  2  0.21225 -5.29487e+01 |  3  0.16590  1.08837e+02
  4  0.11256 -6.51891e+01 |  5  0.10221  1.53582e+02 |  6  0.07196 -6.22895e+01
  7  0.07747  1.39210e+02 |  8  0.06219  8.98401e+01 |  9  0.03608  2.12004e+01
 10  0.01296  3.04965e+00 | 11 -0.00542  1.10690e+02 | 12 -0.05331  3.08176e+01
 13 -0.10965 -3.12400e+02 | 14 -0.06957 -1.37290e+02 | 15  0.01260  2.93741e+02
 16  0.15385  3.36941e+03 | 17 -0.02682 -2.71641e+02 | 18 -0.01628  1.61847e+02
 19 -0.01379  8.37554e+02 | 20 -0.00371  1.82314e+03 | 21 -0.01582  3.89604e+02
 22 -0.01638  6.62339e+02 | 23 -0.01973 -1.06175e+03 | 24 -0.01799 -2.42821e+02
 25 -0.01850 -2.04250e+02 | 26 -0.01488 -6.92527e+02 | 27 -0.01841 -8.42100e+02
 28  0.01481  2.46785e+03 | 29 -0.00236 -9.60644e+02 | 30 -0.00380  9.28942e+02
 31 -0.00334  9.48899e+01 | 32 -0.00506 -5.78621e+02 | 33 -0.00102  1.27072e+03
 34 -0.00810 -3.65550e+02 | 35 -0.00161  3.53298e+01 | 36  0.01686  4.00865e+03
 37 -0.00948 -2.14308e+03 | 38 -0.00040 -1.24010e+03 | 39  0.13369  6.37113e+02
 40  0.08673 -2.04973e+02 | 41 -0.00006  4.58137e+02 | 42 -0.02364 -1.62393e+03
 43  0.00229  2.97532e+02 | 44 -0.00007  3.31797e+02 | 45 -0.00950 -2.33000e+03
 46  0.15487 -3.85093e+04 | 47 -0.08114  5.79638e+03 | 48 -0.09503  2.44688e+03
 49 -0.07863  1.79822e+03 | 50 -0.05868  2.80959e+03 | 51 -0.04481  2.11475e+03
 52 -0.03448  1.73362e+03 | 53 -0.02273  1.45595e+03 | 54 -0.01256  9.80101e+02
 55 -0.00364  1.13321e+03 | 56  0.00229  1.27159e+03 | 57 -0.00999 -1.48216e+03
 58  0.03179 -1.78611e+03 | 59  0.02808  2.25018e+02 | 60  0.01838 -9.14613e+02
 61  0.02380 -5.64343e+00 | 62  0.01270 -1.84547e+03 | 63  0.02096 -1.54736e+03
 64  0.01917 -9.59388e+01 | 65  0.01957 -6.78954e+02 | 66  0.02591 -1.78159e+03
 67  0.02344  3.02834e+02 | 68  0.03044  2.60823e+03 | 69  0.03768 -1.45723e+03
 70  0.05520 -4.70586e+03 | 71  0.00283 -4.05601e+03 | 72  0.01619 -3.32028e+03
 73  0.03689 -2.98574e+03 | 74  0.03438  9.80061e+01 | 75  0.00098  1.62010e+03
1 0 24078.5
1 0 23853.9
1 0 23863.9
1 0 23770.1
1 0 23642.4
1 0 23458.5
1 0 23962.9
1 0 23397.8
1 0 23469.1
1 0 23375.1
1 0 23339.2
1 0 23288.5
1 0 23262.5
75 variables; iteration 90; function evaluation 116; phase 1
Function value   2.3262540e+04; maximum gradient component mag  -9.2762e+02
Var   Value    Gradient   |Var   Value    Gradient   |Var   Value    Gradient
  1  0.25864 -2.46376e+02 |  2  0.21514 -8.22420e-02 |  3  0.15222 -5.94971e+00
  4  0.09834 -3.47076e+01 |  5  0.06422  1.23552e+01 |  6  0.03356 -1.21351e+01
  7  0.01110 -6.54626e+00 |  8 -0.00641 -1.16370e+00 |  9 -0.02145 -5.69705e+01
 10 -0.01784  1.84650e+01 | 11 -0.01804  4.97875e+01 | 12 -0.03147  1.13842e+01
 13 -0.04703 -4.74842e+01 | 14 -0.04737  2.09284e+01 | 15 -0.05311 -1.63316e+01
 16  0.11627  7.28419e+02 | 17 -0.02042  2.97005e+02 | 18 -0.01805  7.09927e+02
 19 -0.01580 -1.54570e+02 | 20 -0.01751 -1.58712e+02 | 21 -0.02171 -6.51602e+01
 22 -0.01727 -1.27577e+02 | 23 -0.00858 -1.87905e+02 | 24 -0.00960 -1.72180e+02
 25 -0.01015 -1.89930e+02 | 26 -0.00299 -1.86711e+02 | 27 -0.00575  2.23318e+02
 28 -0.00566  4.08725e+00 | 29  0.00284  1.54092e+02 | 30  0.00232 -6.98263e+00
 31  0.00817 -7.55046e+01 | 32  0.00797 -1.77436e+02 | 33  0.00631 -1.74528e+02
 34  0.00134 -1.29109e+01 | 35  0.00362 -2.12093e+02 | 36  0.00498 -2.67255e+02
 37  0.00588  1.58182e+01 | 38  0.01013  7.75423e+01 | 39  0.01158  3.31186e+02
 40  0.00976  2.75697e+02 | 41  0.00896 -2.76706e+02 | 42  0.01332  1.30191e+01
 43  0.01620  3.25482e+01 | 44  0.01378  4.34402e+02 | 45  0.02618 -2.22941e+02
 46  0.16535 -4.62188e+02 | 47 -0.11360 -8.06849e+02 | 48 -0.10420  2.60422e+02
 49 -0.08401  3.40060e+02 | 50 -0.07191  1.40428e+02 | 51 -0.05537  1.27945e+02
 52 -0.04189  1.41463e+02 | 53 -0.02905  4.30898e+01 | 54 -0.01740  9.68012e+01
 55 -0.00848  1.85192e+02 | 56 -0.00074  6.17638e+01 | 57  0.01004 -1.38129e+02
 58  0.02413  1.58190e+02 | 59  0.02291 -8.18082e+01 | 60  0.02249  1.23725e+01
 61  0.02189  1.81691e+02 | 62  0.02198  2.38340e+02 | 63  0.02292 -9.21358e-01
 64  0.01845 -1.25065e+02 | 65  0.02092  5.88302e+02 | 66  0.02374  2.50717e+02
 67  0.02766  3.46005e+02 | 68  0.03064 -1.41646e+02 | 69  0.03336 -9.27624e+02
 70  0.04108 -2.44314e+02 | 71  0.04039  2.39323e+02 | 72  0.03746 -1.95745e+02
 73  0.03999 -1.10775e+02 | 74  0.02996 -2.11207e+02 | 75  0.03602  7.48481e+01
1 0 23256.3
1 0 23252.9
1 0 23251.7
1 0 23251.2
1 0 23251
1 0 23250.8
1 0 23250.8
1 0 23250.7
1 0 23250.7
1 0 23250.7
75 variables; iteration 100; function evaluation 126; phase 1
Function value   2.3250685e+04; maximum gradient component mag   2.8312e+01
Var   Value    Gradient   |Var   Value    Gradient   |Var   Value    Gradient
  1  0.25776  6.08786e+00 |  2  0.20787  1.92483e+00 |  3  0.14818  1.18391e+00
  4  0.09935 -1.25081e+00 |  5  0.06305 -2.76163e+00 |  6  0.03622  4.56640e-01
  7  0.01502 -1.86712e+00 |  8 -0.00171 -6.85493e+00 |  9 -0.01361 -1.28255e+00
 10 -0.02296 -1.46426e+00 | 11 -0.03008 -1.57723e-01 | 12 -0.03562  3.76103e-01
 13 -0.03991 -4.17747e-01 | 14 -0.04282 -4.13458e-01 | 15 -0.04442 -1.54670e+00
 16  0.11251  3.65085e+00 | 17 -0.02483  1.14473e+01 | 18 -0.02005 -1.06226e+01
 19 -0.01699 -5.17876e+00 | 20 -0.01697  3.36663e+00 | 21 -0.02072 -4.57577e-01
 22 -0.01586  1.08379e-01 | 23 -0.00675 -6.98007e-01 | 24 -0.00772 -5.75098e-01
 25 -0.00853  7.32570e-01 | 26 -0.00207  3.39197e+00 | 27 -0.00740  1.48110e+00
 28 -0.00668 -3.82243e+00 | 29  0.00140  2.01784e+00 | 30  0.00246 -2.46108e+00
 31  0.00866 -2.77149e+00 | 32  0.00889 -3.86366e+00 | 33  0.00749  3.36349e+00
 34  0.00214 -7.26573e+00 | 35  0.00505 -2.72128e+00 | 36  0.00570  2.90227e+00
 37  0.00542 -9.01927e+00 | 38  0.00885 -1.40118e+01 | 39  0.01037  1.03478e+01
 40  0.00874  4.61630e-01 | 41  0.00983  6.85791e+00 | 42  0.01325 -1.45356e+00
 43  0.01602 -6.03263e+00 | 44  0.01194  2.29355e+01 | 45  0.02834 -1.26270e+00
 46  0.16500  1.57139e+01 | 47 -0.10905  2.83123e+01 | 48 -0.10595 -9.45334e+00
 49 -0.08529  4.77527e-01 | 50 -0.07207 -1.10735e+00 | 51 -0.05555 -2.40770e+00
 52 -0.04208 -1.05149e+00 | 53 -0.02865  1.20532e+00 | 54 -0.01717  1.08243e+00
 55 -0.00841 -1.25714e+00 | 56 -0.00065 -2.60722e+00 | 57  0.01100 -8.80872e+00
 58  0.02313  8.40007e+00 | 59  0.02336  2.77811e+00 | 60  0.02265  6.62864e+00
 61  0.02157  1.60046e+01 | 62  0.02146 -4.07475e+00 | 63  0.02332  5.56312e+00
 64  0.01982  4.84416e-01 | 65  0.01882 -1.28891e+01 | 66  0.02351 -2.54112e+00
 67  0.02608 -7.50077e+00 | 68  0.03076 -1.08881e+01 | 69  0.03713 -1.62750e+01
 70  0.04180  1.62017e+01 | 71  0.03930  2.69528e+00 | 72  0.03888 -6.36059e-01
 73  0.03957 -2.33637e+00 | 74  0.03064 -1.76079e+01 | 75  0.03070 -8.45717e-01
1 0 23250.7
1 0 23250.6
1 0 23250.6
1 0 23250.6
1 0 23250.6
1 0 23250.6
1 0 23250.6
1 0 23250.6
1 0 23250.6
1 0 23250.6
75 variables; iteration 110; function evaluation 136; phase 1
Function value   2.3250628e+04; maximum gradient component mag   9.3895e-01
Var   Value    Gradient   |Var   Value    Gradient   |Var   Value    Gradient
  1  0.25743 -2.55165e-01 |  2  0.20717 -9.50343e-02 |  3  0.14783 -5.68442e-02
  4  0.10006  1.07301e-02 |  5  0.06494  2.15624e-02 |  6  0.03902 -2.66181e-02
  7  0.01938  2.41033e-02 |  8  0.00411 -4.42180e-03 |  9 -0.00791  3.51364e-02
 10 -0.01742  9.53409e-03 | 11 -0.02487 -2.01223e-03 | 12 -0.03056 -3.48990e-02
 13 -0.03467  1.79890e-02 | 14 -0.03736  4.23095e-02 | 15 -0.03869 -3.38931e-02
 16  0.11239  5.55467e-01 | 17 -0.02505  3.96595e-01 | 18 -0.02008  5.42273e-02
 19 -0.01691 -2.00607e-02 | 20 -0.01696 -1.66058e-01 | 21 -0.02069  3.48698e-02
 22 -0.01584 -8.91094e-02 | 23 -0.00673 -3.46896e-02 | 24 -0.00770 -4.93847e-02
 25 -0.00851 -5.58913e-02 | 26 -0.00207 -1.76997e-01 | 27 -0.00738 -1.51039e-01
 28 -0.00664 -8.16956e-02 | 29  0.00139  2.47279e-01 | 30  0.00249  3.44470e-02
 31  0.00867 -3.95528e-02 | 32  0.00891 -5.09054e-02 | 33  0.00751 -2.57145e-01
 34  0.00220  1.28182e-01 | 35  0.00511  5.63297e-02 | 36  0.00575 -1.99593e-01
 37  0.00553  1.43439e-01 | 38  0.00900 -5.55463e-01 | 39  0.01036 -2.08522e-01
 40  0.00872 -6.43666e-02 | 41  0.00977  7.47303e-01 | 42  0.01328  1.92268e-01
 43  0.01605 -1.17318e-01 | 44  0.01182 -3.45243e-01 | 45  0.02800  5.60554e-01
 46  0.16500  5.93493e-01 | 47 -0.10928  9.15100e-02 | 48 -0.10589  3.86011e-02
 49 -0.08529 -1.11249e-02 | 50 -0.07208 -3.47490e-01 | 51 -0.05554 -1.00434e-01
 52 -0.04208 -6.35327e-02 | 53 -0.02866 -1.44671e-01 | 54 -0.01718 -1.01137e-01
 55 -0.00842  5.37896e-02 | 56 -0.00066  6.43682e-02 | 57  0.01104  1.66957e-01
 58  0.02308 -3.37655e-01 | 59  0.02334 -2.36714e-01 | 60  0.02262 -1.90110e-01
 61  0.02149 -3.14750e-01 | 62  0.02148  1.44275e-01 | 63  0.02329 -1.27986e-01
 64  0.01982  8.39582e-02 | 65  0.01887 -3.60734e-02 | 66  0.02350  8.44872e-02
 67  0.02614  6.33482e-01 | 68  0.03081  1.55452e-01 | 69  0.03719  2.59007e-01
 70  0.04168 -2.34409e-01 | 71  0.03927 -2.48419e-01 | 72  0.03890 -4.10616e-02
 73  0.03955  9.38948e-01 | 74  0.03085  2.83745e-01 | 75  0.03085  1.03515e-02
1 0 23250.6
1 0 23250.6
1 0 23250.6
1 0 23250.6
1 0 23250.6
1 0 23250.6
1 0 23250.6

 - final statistics:
75 variables; iteration 117; function evaluation 143
Function value   2.3251e+04; maximum gradient component mag  -7.4407e-02
Exit code = 1;  converg criter   1.0000e-01
Var   Value    Gradient   |Var   Value    Gradient   |Var   Value    Gradient
  1  0.25743 -6.94419e-03 |  2  0.20717 -2.03109e-03 |  3  0.14783 -9.97036e-04
  4  0.10005  3.67873e-03 |  5  0.06493  2.36753e-03 |  6  0.03900  2.93222e-03
  7  0.01935  4.78434e-03 |  8  0.00409 -8.59516e-03 |  9 -0.00794  1.71716e-03
 10 -0.01745 -1.21438e-03 | 11 -0.02489  1.59317e-03 | 12 -0.03058  4.22653e-04
 13 -0.03470 -3.30469e-04 | 14 -0.03738 -7.58504e-04 | 15 -0.03871  8.67011e-04
 16  0.11238  8.41150e-04 | 17 -0.02506 -1.21404e-03 | 18 -0.02008 -1.41391e-02
 19 -0.01691  5.58698e-03 | 20 -0.01696 -1.61134e-03 | 21 -0.02069  1.13870e-03
 22 -0.01584 -1.51880e-03 | 23 -0.00673  1.30461e-04 | 24 -0.00769  4.06758e-03
 25 -0.00851  5.14129e-04 | 26 -0.00207 -2.48556e-03 | 27 -0.00738  4.40214e-04
 28 -0.00664  4.05350e-04 | 29  0.00140  2.74645e-02 | 30  0.00249  3.43813e-03
 31  0.00867 -1.71380e-03 | 32  0.00892 -1.25697e-03 | 33  0.00751 -2.79012e-03
 34  0.00220  1.73238e-02 | 35  0.00511  1.63467e-02 | 36  0.00575 -8.78398e-03
 37  0.00553  1.22481e-02 | 38  0.00900  7.50103e-03 | 39  0.01036 -1.06715e-02
 40  0.00872 -4.39088e-03 | 41  0.00977 -3.54010e-03 | 42  0.01328 -4.40298e-02
 43  0.01605 -6.37257e-03 | 44  0.01182 -1.55803e-03 | 45  0.02796  8.61700e-03
 46  0.16500 -7.44071e-02 | 47 -0.10929 -4.05748e-04 | 48 -0.10590  6.54943e-03
 49 -0.08529  6.93129e-03 | 50 -0.07208  3.86124e-03 | 51 -0.05554  6.52262e-03
 52 -0.04208  5.00501e-03 | 53 -0.02866 -1.47766e-03 | 54 -0.01718 -6.77088e-04
 55 -0.00842  4.71281e-03 | 56 -0.00066 -3.04768e-03 | 57  0.01104 -9.63118e-03
 58  0.02308 -1.53452e-02 | 59  0.02334 -1.57234e-02 | 60  0.02262 -1.06010e-02
 61  0.02149 -1.66110e-02 | 62  0.02148  3.80710e-03 | 63  0.02329 -1.67641e-02
 64  0.01982 -9.32495e-03 | 65  0.01887  2.95041e-03 | 66  0.02350 -4.67021e-03
 67  0.02613 -5.03014e-03 | 68  0.03081  7.05067e-03 | 69  0.03719  6.10601e-03
 70  0.04168  1.17840e-02 | 71  0.03927  2.00910e-02 | 72  0.03890  6.01719e-03
 73  0.03955  2.90770e-02 | 74  0.03086  1.83680e-02 | 75  0.03086  4.14051e-03
1 0 23250.6
B050185.1
0.3 0.55427
0.475089 0.444615
0.60352 0.391215
0.674589 0.367845
0.708984 0.357754
0.724692 0.353379
0.731688 0.351475
0.734771 0.350644
0.736123 0.350281
0.736715 0.350123
0.736974 0.350054
0.737087 0.350023
0.737136 0.35001
0.737158 0.350004
0.737168 0.350002
0.737172 0.350001
0.737173 0.35
0.737174 0.35
0.737175 0.35
0.737175 0.35
0.737175 0.35
FutMOrt0.355259
FutMOrt0.355259
FutMOrt0.355259
FutMOrt0.355259
FutMOrt0.355259
FutMOrt0.355259
FutMOrt0.355259
FutMOrt0.355259
FutMOrt0.355259
FutMOrt0.355259
2 0 23250.6

Initial statistics: 79 variables; iteration 0; function evaluation 0; phase 2
Function value   2.3250628e+04; maximum gradient component mag   2.5165e+03
Var   Value    Gradient   |Var   Value    Gradient   |Var   Value    Gradient
  1 -0.80777 -1.45810e+02 |  2 -0.70302 -4.86002e+02 |  3  0.25743 -6.94419e-03
  4  0.20717 -2.03109e-03 |  5  0.14783 -9.97036e-04 |  6  0.10005  3.67873e-03
  7  0.06493  2.36753e-03 |  8  0.03900  2.93222e-03 |  9  0.01935  4.78434e-03
 10  0.00409 -8.59516e-03 | 11 -0.00794  1.71716e-03 | 12 -0.01745 -1.21438e-03
 13 -0.02489  1.59317e-03 | 14 -0.03058  4.22653e-04 | 15 -0.03470 -3.30469e-04
 16 -0.03738 -7.58504e-04 | 17 -0.03871  8.67011e-04 | 18  0.11238  8.41149e-04
 19 -0.02506 -1.18425e-03 | 20 -0.02008 -1.41093e-02 | 21 -0.01691  5.61678e-03
 22 -0.01696 -1.58154e-03 | 23 -0.02069  1.16850e-03 | 24 -0.01584 -1.48899e-03
 25 -0.00673  1.60272e-04 | 26 -0.00769  4.09739e-03 | 27 -0.00851  5.43940e-04
 28 -0.00207 -2.45575e-03 | 29 -0.00738  4.70025e-04 | 30 -0.00664  4.35161e-04
 31  0.00140  2.74943e-02 | 32  0.00249  3.46794e-03 | 33  0.00867 -1.68399e-03
 34  0.00892 -1.22716e-03 | 35  0.00751 -2.76031e-03 | 36  0.00220  1.73536e-02
 37  0.00511  1.63765e-02 | 38  0.00575 -8.75417e-03 | 39  0.00553  1.22780e-02
 40  0.00900  7.53084e-03 | 41  0.01036 -1.06417e-02 | 42  0.00872 -4.36106e-03
 43  0.00977 -3.51029e-03 | 44  0.01328 -4.40000e-02 | 45  0.01605 -6.34276e-03
 46  0.01182 -1.52822e-03 | 47  0.02796  8.64678e-03 | 48  0.16500 -7.44071e-02
 49 -0.10929 -1.56062e-03 | 50 -0.10590  5.39351e-03 | 51 -0.08529  5.76970e-03
 52 -0.07208  2.69665e-03 | 53 -0.05554  5.35498e-03 | 54 -0.04208  3.83548e-03
 55 -0.02866 -2.64857e-03 | 56 -0.01718 -1.84876e-03 | 57 -0.00842  3.54081e-03
 58 -0.00066 -4.21978e-03 | 59  0.01104 -1.08031e-02 | 60  0.02308 -1.65165e-02
 61  0.02334 -1.68948e-02 | 62  0.02262 -1.17724e-02 | 63  0.02149 -1.77825e-02
 64  0.02148  2.63567e-03 | 65  0.02329 -1.79354e-02 | 66  0.01982 -1.04965e-02
 67  0.01887  1.77883e-03 | 68  0.02350 -5.84150e-03 | 69  0.02613 -6.20125e-03
 70  0.03081  5.87994e-03 | 71  0.03719  4.93591e-03 | 72  0.04168  1.06144e-02
 73  0.03927  1.89211e-02 | 74  0.03890  4.84728e-03 | 75  0.03955  2.79072e-02
 76  0.03086  1.71973e-02 | 77  0.03086  2.96979e-03 | 78 -0.63561  2.51653e+03
 79 -0.59798 -2.92304e+02 |
2 0 23250.6
2 0 23250.4
2 0 23248.8
2 0 23250.5
2 0 23248.2
2 0 23247
2 0 23238.1
2 0 23229.7
2 0 23217
2 0 23199.5
2 0 23197.5
2 0 23193.9
2 0 23187.9
2 0 23181
2 0 23170.4

Intermediate statistics: 79 variables; iteration 10; function evaluation 15; phase 2
Function value   2.3170590e+04; maximum gradient component mag  -4.2837e+03
Var   Value    Gradient   |Var   Value    Gradient   |Var   Value    Gradient
  1 -0.73175 -2.66024e+02 |  2 -0.54535 -4.95070e+00 |  3  0.26327 -2.55669e+02
  4  0.20553 -1.21052e+02 |  5  0.14501 -4.70625e+01 |  6  0.09840 -1.53292e+01
  7  0.06407 -6.88130e+00 |  8  0.03851 -4.38576e+00 |  9  0.01904 -3.23465e+00
 10  0.00387 -2.53447e+00 | 11 -0.00811 -2.09472e+00 | 12 -0.01758 -1.78373e+00
 13 -0.02501 -1.57473e+00 | 14 -0.03068 -1.42965e+00 | 15 -0.03479 -1.33614e+00
 16 -0.03747 -1.28237e+00 | 17 -0.03879 -1.25709e+00 | 18  0.08594  1.23178e+03
 19 -0.01739  2.59200e+02 | 20 -0.01625  8.01139e+01 | 21 -0.01480 -2.95344e+02
 22 -0.01719 -1.31440e+02 | 23 -0.01966  3.75920e-01 | 24 -0.01458  4.71797e+01
 25 -0.00535  1.14963e+02 | 26 -0.00783 -3.81336e+01 | 27 -0.00876 -4.28805e+01
 28 -0.00173  9.12489e+01 | 29 -0.00741 -7.25529e+01 | 30 -0.00723 -6.36379e+01
 31  0.00093  1.25619e+02 | 32  0.00231  8.45562e+01 | 33  0.00882  1.65287e+02
 34  0.00844  4.05218e+01 | 35  0.00629  1.53112e+01 | 36  0.00115  2.58467e+01
 37  0.00529  1.02554e+02 | 38  0.00508 -9.70528e+01 | 39  0.00484 -1.66663e+01
 40  0.00872  2.32317e+01 | 41  0.00915 -4.55826e+01 | 42  0.00809  1.24909e+01
 43  0.00948  1.80020e+02 | 44  0.01304  1.03696e+02 | 45  0.01539  6.05922e+01
 46  0.01148  2.88978e+02 | 47  0.02078 -2.28103e+02 | 48  0.16613 -3.04591e+03
 49 -0.10974 -1.78199e+02 | 50 -0.10406  2.75247e+02 | 51 -0.08528  1.99500e+02
 52 -0.07114  4.18199e+02 | 53 -0.05459  4.66512e+02 | 54 -0.04086  3.83039e+02
 55 -0.02792  2.14363e+02 | 56 -0.01660  2.78539e+02 | 57 -0.00830  3.88792e+01
 58 -0.00018  2.35550e+02 | 59  0.01238  3.57804e+02 | 60  0.02234 -1.24359e+02
 61  0.02266 -1.66987e+02 | 62  0.02131 -4.58503e+02 | 63  0.02065 -4.04828e+02
 64  0.02101 -3.61731e+02 | 65  0.02156 -4.77565e+02 | 66  0.01856 -3.72034e+02
 67  0.01896 -1.87902e+02 | 68  0.02239 -2.01621e+02 | 69  0.02598 -1.72792e+02
 70  0.03070 -9.97987e+01 | 71  0.03624 -1.36337e+02 | 72  0.04097 -3.91114e+02
 73  0.03815 -3.62524e+02 | 74  0.03824 -4.01094e+02 | 75  0.03761 -7.12850e+02
 76  0.03355 -9.08157e+01 | 77  0.03059  4.51475e+01 | 78 -0.66191 -4.28373e+03
 79 -0.66144  3.88744e+02 |
2 0 23179.4
2 0 23167
2 0 23168.2
2 0 23166.6
2 0 23166.7
2 0 23166.3
2 0 23167.7
2 0 23166.2
2 0 23166.1
2 0 23166.1
2 0 23165.9
2 0 23166
2 0 23165.9
2 0 23166
2 0 23165.9
2 0 23165.9
79 variables; iteration 20; function evaluation 31; phase 2
Function value   2.3166046e+04; maximum gradient component mag  -3.8811e+03
Var   Value    Gradient   |Var   Value    Gradient   |Var   Value    Gradient
  1 -0.71414 -1.53603e+02 |  2 -0.53227  6.22915e+01 |  3  0.26556 -7.44484e+01
  4  0.21009 -5.01435e+01 |  5  0.14829 -2.32858e+01 |  6  0.09980 -1.12565e+01
  7  0.06463 -5.89476e+00 |  8  0.03885 -3.21454e+00 |  9  0.01931 -2.15307e+00
 10  0.00410 -1.66912e+00 | 11 -0.00791 -1.38565e+00 | 12 -0.01741 -1.18306e+00
 13 -0.02485 -1.04439e+00 | 14 -0.03053 -9.46827e-01 | 15 -0.03465 -8.83491e-01
 16 -0.03733 -8.44243e-01 | 17 -0.03866 -8.23742e-01 | 18  0.08504  1.04118e+03
 19 -0.01610  1.52840e+01 | 20 -0.01630  1.52952e+01 | 21 -0.01537 -3.74285e+02
 22 -0.01761 -1.91619e+02 | 23 -0.02170 -2.31127e+02 | 24 -0.01704 -1.95930e+02
 25 -0.00726 -7.08719e+01 | 26 -0.00890 -1.28000e+02 | 27 -0.00963 -1.26578e+02
 28 -0.00305 -4.57282e+01 | 29 -0.00966 -4.06804e+02 | 30 -0.00746 -9.30854e+01
 31  0.00132  1.43692e+02 | 32  0.00259  4.49079e+01 | 33  0.00963  1.58566e+02
 34  0.00983  2.26520e+02 | 35  0.00781  2.01734e+02 | 36  0.00250  1.36318e+02
 37  0.00605  9.02571e+01 | 38  0.00589 -8.55717e+01 | 39  0.00572  5.47775e+01
 40  0.00883 -1.51324e+01 | 41  0.00904 -1.52752e+02 | 42  0.00836 -4.48750e+01
 43  0.00975  1.23527e+02 | 44  0.01379  1.35542e+02 | 45  0.01636  6.82505e+01
 46  0.01237  4.03403e+02 | 47  0.01929 -3.02253e+02 | 48  0.16647 -3.69140e+03
 49 -0.10970 -1.52807e+02 | 50 -0.10592 -9.55384e+00 | 51 -0.08462  3.06588e+02
 52 -0.07052  5.40101e+02 | 53 -0.05393  6.56292e+02 | 54 -0.04177  2.63420e+02
 55 -0.02855  1.21525e+02 | 56 -0.01749  8.51206e+01 | 57 -0.00904 -1.18429e+02
 58 -0.00100  1.27804e+02 | 59  0.01188  3.39590e+02 | 60  0.02243 -7.45982e+01
 61  0.02165 -3.21286e+02 | 62  0.02201 -3.34903e+02 | 63  0.02054 -4.46192e+02
 64  0.02057 -5.35810e+02 | 65  0.02168 -5.39675e+02 | 66  0.01879 -3.43983e+02
 67  0.01920 -1.29549e+02 | 68  0.02280 -1.24898e+02 | 69  0.02588 -1.97283e+02
 70  0.03048 -8.85713e+01 | 71  0.03670  3.15958e+01 | 72  0.04154 -2.04710e+02
 73  0.03799 -3.34780e+02 | 74  0.03854 -3.34104e+02 | 75  0.03857 -5.60484e+02
 76  0.03349 -1.92975e+02 | 77  0.03284  8.60623e+01 | 78 -0.66167 -3.88109e+03
 79 -0.65914  3.64647e+02 |
2 0 23165.9
2 0 23165.9
2 0 23165.9
2 0 23165.9
2 0 23165.9
2 0 23165.8
2 0 23165.9
2 0 23165.8
2 0 23165.8
2 0 23165.8
2 0 23165.8
2 0 23165.8
79 variables; iteration 30; function evaluation 43; phase 2
Function value   2.3166002e+04; maximum gradient component mag  -3.9235e+03
Var   Value    Gradient   |Var   Value    Gradient   |Var   Value    Gradient
  1 -0.71264 -1.45609e+02 |  2 -0.53300  6.66679e+01 |  3  0.26523 -8.72009e+01
  4  0.20887 -6.22347e+01 |  5  0.14882 -2.21393e+01 |  6  0.10180 -3.97583e+00
  7  0.06654 -2.43492e+00 |  8  0.04007 -3.29025e+00 |  9  0.02006 -2.74659e+00
 10  0.00464 -1.89160e+00 | 11 -0.00746 -1.41352e+00 | 12 -0.01702 -1.17227e+00
 13 -0.02450 -1.03465e+00 | 14 -0.03021 -9.39546e-01 | 15 -0.03435 -8.75561e-01
 16 -0.03705 -8.35456e-01 | 17 -0.03838 -8.16493e-01 | 18  0.08485  1.04788e+03
 19 -0.01631  1.60460e+01 | 20 -0.01621  3.24155e+01 | 21 -0.01541 -3.81862e+02
 22 -0.01766 -1.96765e+02 | 23 -0.02184 -2.51838e+02 | 24 -0.01709 -2.03237e+02
 25 -0.00722 -6.95896e+01 | 26 -0.00882 -1.20753e+02 | 27 -0.00954 -1.16254e+02
 28 -0.00300 -4.80774e+01 | 29 -0.00951 -3.94619e+02 | 30 -0.00732 -7.73640e+01
 31  0.00128  1.32577e+02 | 32  0.00264  4.87566e+01 | 33  0.00964  1.52725e+02
 34  0.00978  2.13295e+02 | 35  0.00782  2.08425e+02 | 36  0.00248  1.35694e+02
 37  0.00606  9.56838e+01 | 38  0.00590 -8.48637e+01 | 39  0.00574  5.24119e+01
 40  0.00885 -1.54148e+01 | 41  0.00906 -1.50112e+02 | 42  0.00839 -4.47450e+01
 43  0.00975  1.17512e+02 | 44  0.01378  1.33594e+02 | 45  0.01638  7.60659e+01
 46  0.01238  4.04237e+02 | 47  0.01907 -3.07279e+02 | 48  0.16648 -3.79427e+03
 49 -0.10957 -1.36735e+02 | 50 -0.10596 -1.68850e+01 | 51 -0.08469  2.90150e+02
 52 -0.07047  5.51761e+02 | 53 -0.05398  6.53366e+02 | 54 -0.04174  2.73597e+02
 55 -0.02854  1.26184e+02 | 56 -0.01753  7.71695e+01 | 57 -0.00907 -1.23458e+02
 58 -0.00102  1.26579e+02 | 59  0.01195  3.48293e+02 | 60  0.02236 -8.70099e+01
 61  0.02167 -3.14194e+02 | 62  0.02203 -3.29820e+02 | 63  0.02058 -4.33310e+02
 64  0.02055 -5.37110e+02 | 65  0.02165 -5.47266e+02 | 66  0.01869 -3.62395e+02
 67  0.01913 -1.46777e+02 | 68  0.02276 -1.31114e+02 | 69  0.02591 -1.92986e+02
 70  0.03046 -9.12097e+01 | 71  0.03668  3.06216e+01 | 72  0.04157 -1.95330e+02
 73  0.03802 -3.26908e+02 | 74  0.03846 -3.47444e+02 | 75  0.03855 -5.68922e+02
 76  0.03358 -1.91399e+02 | 77  0.03297  9.03032e+01 | 78 -0.66179 -3.92353e+03
 79 -0.65951  3.63279e+02 |
2 0 23165.8
2 0 23165.8
2 0 23165.8
2 0 23165.8
2 0 23165.8
2 0 23165.8
2 0 23165.8
2 0 23165.8
2 0 23165.8
2 0 23165.8
2 0 23165.8
2 0 23165.7
79 variables; iteration 40; function evaluation 55; phase 2
Function value   2.3165915e+04; maximum gradient component mag  -3.8990e+03
Var   Value    Gradient   |Var   Value    Gradient   |Var   Value    Gradient
  1 -0.71313 -1.49475e+02 |  2 -0.53252  6.48765e+01 |  3  0.26541 -8.36492e+01
  4  0.20884 -6.13161e+01 |  5  0.14961 -1.76289e+01 |  6  0.10280 -2.30736e+00
  7  0.06783 -6.58545e+00 |  8  0.04334  4.11319e-01 |  9  0.02473  5.11744e+00
 10  0.00886  1.27241e+00 | 11 -0.00430 -1.82688e+00 | 12 -0.01457 -1.87346e+00
 13 -0.02242 -1.21972e+00 | 14 -0.02833 -8.79286e-01 | 15 -0.03260 -7.64371e-01
 16 -0.03537 -7.22652e-01 | 17 -0.03674 -7.06018e-01 | 18  0.08495  1.04082e+03
 19 -0.01601  1.53107e+01 | 20 -0.01624  3.00503e+01 | 21 -0.01537 -3.74690e+02
 22 -0.01762 -1.92276e+02 | 23 -0.02180 -2.46465e+02 | 24 -0.01707 -1.98436e+02
 25 -0.00729 -7.84933e+01 | 26 -0.00890 -1.29499e+02 | 27 -0.00956 -1.19412e+02
 28 -0.00303 -5.04761e+01 | 29 -0.00956 -4.03919e+02 | 30 -0.00711 -5.33934e+01
 31  0.00142  1.49157e+02 | 32  0.00274  6.55058e+01 | 33  0.00958  1.40482e+02
 34  0.00973  2.05715e+02 | 35  0.00775  2.02621e+02 | 36  0.00237  1.21425e+02
 37  0.00597  8.30230e+01 | 38  0.00584 -9.32943e+01 | 39  0.00569  4.77810e+01
 40  0.00881 -1.95935e+01 | 41  0.00906 -1.49965e+02 | 42  0.00836 -4.64256e+01
 43  0.00972  1.16741e+02 | 44  0.01386  1.43538e+02 | 45  0.01650  8.41335e+01
 46  0.01247  4.15852e+02 | 47  0.01875 -3.09226e+02 | 48  0.16650 -3.74503e+03
 49 -0.10962 -1.36823e+02 | 50 -0.10600 -1.88018e+01 | 51 -0.08467  2.95890e+02
 52 -0.07050  5.46354e+02 | 53 -0.05400  6.48132e+02 | 54 -0.04175  2.71815e+02
 55 -0.02860  1.19939e+02 | 56 -0.01756  7.70496e+01 | 57 -0.00894 -9.60712e+01
 58 -0.00123  9.70347e+01 | 59  0.01203  3.66566e+02 | 60  0.02235 -9.23582e+01
 61  0.02175 -3.05971e+02 | 62  0.02200 -3.32790e+02 | 63  0.02056 -4.29690e+02
 64  0.02054 -5.33275e+02 | 65  0.02157 -5.53770e+02 | 66  0.01866 -3.61304e+02
 67  0.01912 -1.40832e+02 | 68  0.02276 -1.25188e+02 | 69  0.02586 -1.95601e+02
 70  0.03044 -9.03651e+01 | 71  0.03670  3.53843e+01 | 72  0.04150 -2.04496e+02
 73  0.03793 -3.40336e+02 | 74  0.03851 -3.40215e+02 | 75  0.03864 -5.53943e+02
 76  0.03379 -1.78858e+02 | 77  0.03317  8.89446e+01 | 78 -0.66170 -3.89897e+03
 79 -0.65927  3.64953e+02 |
2 0 23165.7
2 0 23165.7
2 0 23165.7
2 0 23165.7
2 0 23165.7
2 0 23165.6
2 0 23165.7
2 0 23165.6
2 0 23165.6
2 0 23165.6
2 0 23165.5
2 0 23165.6
2 0 23165.5
79 variables; iteration 50; function evaluation 68; phase 2
Function value   2.3165692e+04; maximum gradient component mag  -3.8834e+03
Var   Value    Gradient   |Var   Value    Gradient   |Var   Value    Gradient
  1 -0.71193 -1.43010e+02 |  2 -0.53301  6.76920e+01 |  3  0.26529 -7.76983e+01
  4  0.20857 -5.93763e+01 |  5  0.14836 -2.24721e+01 |  6  0.10173 -5.82275e+00
  7  0.06775 -7.69891e+00 |  8  0.04463  3.25538e+00 |  9  0.02679  3.85388e-01
 10  0.01337  1.58094e+00 | 11  0.00298  7.21169e+00 | 12 -0.00678  4.78844e+00
 13 -0.01570 -1.04314e-01 | 14 -0.02272 -1.71524e+00 | 15 -0.02763 -1.30361e+00
 16 -0.03071 -8.07142e-01 | 17 -0.03220 -6.19315e-01 | 18  0.08494  1.03189e+03
 19 -0.01611  7.88179e+00 | 20 -0.01634  2.79174e+00 | 21 -0.01542 -3.68852e+02
 22 -0.01776 -2.12732e+02 | 23 -0.02167 -2.26046e+02 | 24 -0.01709 -2.09128e+02
 25 -0.00713 -5.02761e+01 | 26 -0.00884 -1.23541e+02 | 27 -0.00957 -1.33748e+02
 28 -0.00287 -2.90004e+01 | 29 -0.00960 -4.03666e+02 | 30 -0.00716 -4.78242e+01
 31  0.00117  1.12244e+02 | 32  0.00256  3.13416e+01 | 33  0.00963  1.54680e+02
 34  0.00988  2.19085e+02 | 35  0.00787  2.15255e+02 | 36  0.00241  1.23468e+02
 37  0.00612  1.07744e+02 | 38  0.00580 -9.56711e+01 | 39  0.00574  4.97273e+01
 40  0.00892 -3.63570e+00 | 41  0.00893 -1.68905e+02 | 42  0.00848 -3.46703e+01
 43  0.00987  1.35067e+02 | 44  0.01379  1.35649e+02 | 45  0.01641  7.27348e+01
 46  0.01240  4.11325e+02 | 47  0.01863 -3.11267e+02 | 48  0.16649 -3.78434e+03
 49 -0.10949 -1.07285e+02 | 50 -0.10593 -9.85111e+00 | 51 -0.08477  2.82205e+02
 52 -0.07050  5.49318e+02 | 53 -0.05393  6.66159e+02 | 54 -0.04176  2.65610e+02
 55 -0.02862  1.05325e+02 | 56 -0.01762  6.77901e+01 | 57 -0.00871 -5.57353e+01
 58 -0.00125  8.76697e+01 | 59  0.01196  3.42696e+02 | 60  0.02224 -1.14143e+02
 61  0.02172 -3.00477e+02 | 62  0.02198 -3.31978e+02 | 63  0.02052 -4.38114e+02
 64  0.02081 -4.95930e+02 | 65  0.02148 -5.66987e+02 | 66  0.01885 -3.39105e+02
 67  0.01903 -1.63447e+02 | 68  0.02269 -1.39498e+02 | 69  0.02598 -1.82477e+02
 70  0.03051 -8.04835e+01 | 71  0.03650  5.65019e+00 | 72  0.04179 -1.63135e+02
 73  0.03787 -3.53664e+02 | 74  0.03851 -3.41059e+02 | 75  0.03859 -5.60175e+02
 76  0.03379 -1.82438e+02 | 77  0.03280  8.93109e+01 | 78 -0.66171 -3.88344e+03
 79 -0.65931  3.63420e+02 |
2 0 23165.5
2 0 23165.4
2 0 23165.4
2 0 23165.4
2 0 23165.3
2 0 23165.3
2 0 23165.2
2 0 23165.2
2 0 23165.1
2 0 23164.9
79 variables; iteration 60; function evaluation 78; phase 2
Function value   2.3165086e+04; maximum gradient component mag  -3.7905e+03
Var   Value    Gradient   |Var   Value    Gradient   |Var   Value    Gradient
  1 -0.71114 -1.39203e+02 |  2 -0.53291  6.84663e+01 |  3  0.26511 -7.72075e+01
  4  0.20851 -5.65114e+01 |  5  0.14873 -1.79317e+01 |  6  0.10186 -5.71219e+00
  7  0.06800 -1.17374e+00 |  8  0.04329 -6.08819e+00 |  9  0.02660  4.05287e+00
 10  0.01333 -1.80661e+00 | 11  0.00418  7.96373e+00 | 12 -0.00439 -7.57246e+00
 13 -0.00822 -2.49972e+00 | 14 -0.00901  1.40834e+01 | 15 -0.01175  1.16539e+01
 16 -0.01584  1.82614e+00 | 17 -0.01850 -2.69727e+00 | 18  0.08528  1.00783e+03
 19 -0.01601  4.61122e+00 | 20 -0.01630  1.52987e+01 | 21 -0.01518 -3.28505e+02
 22 -0.01756 -1.86545e+02 | 23 -0.02175 -2.37949e+02 | 24 -0.01705 -2.00032e+02
 25 -0.00712 -4.72958e+01 | 26 -0.00869 -1.03729e+02 | 27 -0.00953 -1.27549e+02
 28 -0.00309 -6.60163e+01 | 29 -0.00936 -3.66504e+02 | 30 -0.00703 -3.60928e+01
 31  0.00109  9.00871e+01 | 32  0.00277  8.46097e+01 | 33  0.00941  1.10859e+02
 34  0.00953  1.74359e+02 | 35  0.00767  1.85813e+02 | 36  0.00247  1.27980e+02
 37  0.00643  1.49579e+02 | 38  0.00594 -7.71031e+01 | 39  0.00545  4.18385e+00
 40  0.00880 -1.78340e+01 | 41  0.00907 -1.36386e+02 | 42  0.00853 -2.68488e+01
 43  0.00993  1.38883e+02 | 44  0.01359  7.59921e+01 | 45  0.01644  8.23513e+01
 46  0.01228  4.18680e+02 | 47  0.01835 -3.24869e+02 | 48  0.16657 -3.71269e+03
 49 -0.10952 -9.93925e+01 | 50 -0.10598 -1.05123e+01 | 51 -0.08469  2.96313e+02
 52 -0.07059  5.34416e+02 | 53 -0.05403  6.51002e+02 | 54 -0.04188  2.45779e+02
 55 -0.02880  7.40998e+01 | 56 -0.01746  9.38818e+01 | 57 -0.00892 -7.60978e+01
 58 -0.00134  8.32676e+01 | 59  0.01205  3.61593e+02 | 60  0.02225 -9.58945e+01
 61  0.02161 -3.21444e+02 | 62  0.02214 -3.05219e+02 | 63  0.02022 -4.63311e+02
 64  0.02073 -4.85015e+02 | 65  0.02132 -5.69662e+02 | 66  0.01908 -2.97723e+02
 67  0.01905 -1.59469e+02 | 68  0.02295 -8.44658e+01 | 69  0.02558 -2.15979e+02
 70  0.03080 -2.70285e+01 | 71  0.03608 -6.68684e+01 | 72  0.04198 -1.31421e+02
 73  0.03773 -3.46355e+02 | 74  0.03889 -2.50715e+02 | 75  0.03848 -5.69632e+02
 76  0.03351 -2.32608e+02 | 77  0.03394  9.74741e+01 | 78 -0.66149 -3.79047e+03
 79 -0.65879  3.64366e+02 |
2 0 23165.2
2 0 23164.9
2 0 23164.8
2 0 23164.7
2 0 23164.6
2 0 23164.6
2 0 23164.4
2 0 23164.3
2 0 23164.2
2 0 23164
2 0 23163.7
79 variables; iteration 70; function evaluation 89; phase 2
Function value   2.3163849e+04; maximum gradient component mag  -3.5946e+03
Var   Value    Gradient   |Var   Value    Gradient   |Var   Value    Gradient
  1 -0.70905 -1.25128e+02 |  2 -0.53310  7.13217e+01 |  3  0.26500 -7.21324e+01
  4  0.20910 -4.78838e+01 |  5  0.15019 -9.75822e+00 |  6  0.10328  1.56581e+00
  7  0.06805 -8.63776e-01 |  8  0.04209 -9.27350e+00 |  9  0.02506 -3.40345e+00
 10  0.01360  4.61355e+00 | 11  0.00441  7.46357e+00 | 12 -0.00398 -7.09447e-01
 13 -0.00962 -1.00125e+01 | 14 -0.00998  1.04024e+01 | 15 -0.01119 -1.06732e+01
 16 -0.00696 -3.67493e+00 | 17  0.00085  3.59887e+01 | 18  0.08597  9.55299e+02
 19 -0.01584 -4.21061e+00 | 20 -0.01639  1.30957e+01 | 21 -0.01502 -2.88228e+02
 22 -0.01761 -1.87935e+02 | 23 -0.02159 -2.13542e+02 | 24 -0.01682 -1.69198e+02
 25 -0.00718 -6.50503e+01 | 26 -0.00863 -9.61283e+01 | 27 -0.00930 -8.79262e+01
 28 -0.00311 -6.66092e+01 | 29 -0.00942 -3.67546e+02 | 30 -0.00683 -4.59919e+00
 31  0.00121  1.01153e+02 | 32  0.00264  5.63279e+01 | 33  0.00945  1.16287e+02
 34  0.00937  1.37448e+02 | 35  0.00774  1.97989e+02 | 36  0.00237  1.12551e+02
 37  0.00587  5.86591e+01 | 38  0.00629  1.05139e+01 | 39  0.00503 -8.14341e+01
 40  0.00944  1.07794e+02 | 41  0.00842 -2.55993e+02 | 42  0.00863  1.10770e+01
 43  0.01026  1.71212e+02 | 44  0.01352  6.50007e+01 | 45  0.01647  8.44595e+01
 46  0.01211  3.87078e+02 | 47  0.01810 -3.19273e+02 | 48  0.16663 -3.59463e+03
 49 -0.10973 -1.20606e+02 | 50 -0.10561  4.23526e+01 | 51 -0.08484  2.72965e+02
 52 -0.07081  4.90330e+02 | 53 -0.05416  6.16274e+02 | 54 -0.04184  2.51064e+02
 55 -0.02884  7.83573e+01 | 56 -0.01739  1.08213e+02 | 57 -0.00882 -5.86910e+01
 58 -0.00152  5.38328e+01 | 59  0.01192  3.36704e+02 | 60  0.02239 -7.01414e+01
 61  0.02163 -3.07328e+02 | 62  0.02213 -2.91703e+02 | 63  0.02054 -3.92738e+02
 64  0.02040 -5.11463e+02 | 65  0.02198 -4.44558e+02 | 66  0.01835 -3.71983e+02
 67  0.01946 -9.11324e+01 | 68  0.02262 -1.30282e+02 | 69  0.02553 -2.29305e+02
 70  0.03127  5.01857e+01 | 71  0.03551 -1.29132e+02 | 72  0.04231 -7.73045e+01
 73  0.03800 -3.00959e+02 | 74  0.03861 -2.78145e+02 | 75  0.03895 -4.74973e+02
 76  0.03322 -2.61323e+02 | 77  0.03428  1.03625e+02 | 78 -0.66106 -3.59311e+03
 79 -0.65776  3.63811e+02 |
2 0 23163.2
2 0 23160.4
2 0 23158.3
2 0 23159.2
2 0 23157.4
2 0 23155.8
2 0 23163.4
2 0 23155.6
2 0 23155.4
2 0 23155.6
2 0 23155.3
2 0 23156
2 0 23155.3
2 0 23155.3
2 0 23155.3
2 0 23155.3
79 variables; iteration 80; function evaluation 105; phase 2
Function value   2.3155293e+04; maximum gradient component mag  -2.9812e+03
Var   Value    Gradient   |Var   Value    Gradient   |Var   Value    Gradient
  1 -0.68824  1.30243e+02 |  2 -0.53727  9.53465e+01 |  3  0.26381 -3.16679e+01
  4  0.21393  5.69338e+00 |  5  0.15752  2.49950e+01 |  6  0.11042  2.78292e+01
  7  0.07080  8.06678e+00 |  8  0.03874 -2.44781e+01 |  9  0.01982 -2.01960e+01
 10  0.01100 -5.23098e+00 | 11  0.00721  5.08363e+01 | 12 -0.00858 -2.16880e+01
 13 -0.01556  4.03120e+01 | 14 -0.03266 -1.02698e+02 | 15 -0.01753  6.16439e+01
 16 -0.01899  1.85727e+01 | 17 -0.02413 -1.15183e+01 | 18  0.09064  4.07464e+02
 19 -0.01555 -4.09704e+01 | 20 -0.01689 -3.50923e+01 | 21 -0.01510 -1.62776e+02
 22 -0.01666 -2.42191e+01 | 23 -0.02010  1.34864e+00 | 24 -0.01604 -8.10769e+01
 25 -0.00705 -6.37138e+01 | 26 -0.00787  5.63793e+00 | 27 -0.00813  6.72107e+01
 28 -0.00187  7.25872e+01 | 29 -0.00798 -1.05751e+02 | 30 -0.00715 -1.34532e+01
 31  0.00072  1.47567e+00 | 32  0.00235 -2.78935e+01 | 33  0.00952  6.66623e+01
 34  0.00895 -2.65836e+00 | 35  0.00590 -1.03402e+02 | 36  0.00106 -6.66936e+01
 37  0.00609  8.53683e+01 | 38  0.00686  1.01685e+02 | 39  0.00536 -1.94529e+01
 40  0.00901  5.57691e+01 | 41  0.00914 -8.63490e+01 | 42  0.00830 -8.71798e+00
 43  0.00998  1.03165e+02 | 44  0.01351  2.65270e+01 | 45  0.01566 -3.96468e+01
 46  0.01130  1.74355e+02 | 47  0.01634 -1.06087e+02 | 48  0.16759 -2.98123e+03
 49 -0.10973 -5.70888e+01 | 50 -0.10629 -1.57999e+01 | 51 -0.08633  7.19135e+01
 52 -0.07221  2.21625e+02 | 53 -0.05571  3.00041e+02 | 54 -0.04272  9.08521e+01
 55 -0.02968 -8.96507e+00 | 56 -0.01794  6.21985e+01 | 57 -0.00881  1.48281e+01
 58 -0.00165  4.66283e+01 | 59  0.01103  1.71974e+02 | 60  0.02181 -3.83511e+01
 61  0.02157 -1.73952e+02 | 62  0.02216 -1.14871e+02 | 63  0.02166 -5.74874e-01
 64  0.02081 -1.83209e+02 | 65  0.02114 -2.52989e+02 | 66  0.01843 -1.75313e+02
 67  0.01960  5.22332e+01 | 68  0.02268 -1.88518e+01 | 69  0.02556 -1.16433e+02
 70  0.03058  3.86394e+01 | 71  0.03571 -5.50968e+01 | 72  0.04147 -5.25282e+01
 73  0.03862 -5.73244e+01 | 74  0.03887 -6.60680e+01 | 75  0.03880 -1.96175e+02
 76  0.03553 -2.62828e+00 | 77  0.04320  1.75167e+02 | 78 -0.65768 -1.85415e+03
 79 -0.64965  2.81942e+02 |
2 0 23155.3
2 0 23155.3
2 0 23155.2
2 0 23154.2
2 0 23152.3
2 0 23149.3
2 0 23147.4
2 0 23146.9
2 0 23146.1
2 0 23145.6
2 0 23146.2
2 0 23145.4
2 0 23145.3
2 0 23145.2
79 variables; iteration 90; function evaluation 119; phase 2
Function value   2.3145239e+04; maximum gradient component mag  -7.4361e+01
Var   Value    Gradient   |Var   Value    Gradient   |Var   Value    Gradient
  1 -0.67741 -3.13440e+01 |  2 -0.67839 -2.17437e+00 |  3  0.26048 -6.83733e+00
  4  0.21099 -3.48871e+00 |  5  0.15158 -3.63480e-01 |  6  0.10377  3.03942e-01
  7  0.06864 -4.55900e-02 |  8  0.04274 -4.49048e-01 |  9  0.02322 -3.62826e-01
 10  0.00817 -5.97695e-02 | 11 -0.00365  6.42856e-01 | 12 -0.01315 -1.33442e-01
 13 -0.02057  1.64568e-01 | 14 -0.02629 -9.52812e-01 | 15 -0.03018  3.79584e-01
 16 -0.03277  5.34002e-01 | 17 -0.03417 -3.02853e-01 | 18  0.09691  4.57770e+01
 19 -0.01881  1.61953e+00 | 20 -0.01716  5.07192e-03 | 21 -0.01478 -1.17495e-01
 22 -0.01682 -1.85534e+00 | 23 -0.02052 -6.21364e+00 | 24 -0.01557 -6.04019e+00
 25 -0.00648 -4.18742e+00 | 26 -0.00792 -3.27621e+00 | 27 -0.00882 -1.89602e+00
 28 -0.00233 -2.00607e+00 | 29 -0.00759 -5.10426e+00 | 30 -0.00708 -4.01133e+00
 31  0.00125  1.51268e+00 | 32  0.00299  2.84293e+00 | 33  0.00955  4.31193e+00
 34  0.00951  6.77048e+00 | 35  0.00727  2.84991e+00 | 36  0.00206  1.83374e+00
 37  0.00584  1.41562e+00 | 38  0.00618  4.00491e+00 | 39  0.00561  6.91275e-01
 40  0.00895 -1.30015e+00 | 41  0.00981 -2.34812e+00 | 42  0.00855 -9.89714e-01
 43  0.00975  2.82162e+00 | 44  0.01377  2.54154e+00 | 45  0.01617  3.21969e+00
 46  0.01086  6.68732e+00 | 47  0.01575 -6.12113e+00 | 48  0.16765 -2.99268e+01
 49 -0.10891  4.02389e+00 | 50 -0.10557  4.03932e+00 | 51 -0.08645  4.37749e-01
 52 -0.07297  1.60691e+00 | 53 -0.05692 -6.19065e-01 | 54 -0.04267 -1.29892e+00
 55 -0.02934 -1.72602e+00 | 56 -0.01805 -8.84774e-01 | 57 -0.00894 -2.19398e+00
 58 -0.00169 -2.64964e+00 | 59  0.01048 -1.64415e+00 | 60  0.02204 -5.10148e+00
 61  0.02267 -9.69411e-01 | 62  0.02285 -7.28505e-01 | 63  0.02152 -3.85348e+00
 64  0.02192 -3.24570e+00 | 65  0.02248 -3.30160e+00 | 66  0.01946  8.20832e-01
 67  0.01920 -8.60606e-01 | 68  0.02279 -2.21868e+00 | 69  0.02631 -5.07682e-02
 70  0.03042 -1.97141e+00 | 71  0.03637 -1.78847e+00 | 72  0.04159 -1.75139e+00
 73  0.03893 -1.43031e+00 | 74  0.03946 -4.02756e+00 | 75  0.03955 -3.85083e+00
 76  0.03602  2.38779e+00 | 77  0.03607  5.90024e-01 | 78 -0.65955 -7.43609e+01
 79 -0.68067  1.77538e+01 |
2 0 23145.2
2 0 23145.2
2 0 23145.2
2 0 23145.2
2 0 23145.2
2 0 23145.2
2 0 23145.2
2 0 23145.2
2 0 23145.2
2 0 23145.1
2 0 25563.3
2 0 23145.1
2 0 23145.1
2 0 23145.1
2 0 23145.1
2 0 23145.1
2 0 23145.1
2 0 23145.1
2 0 23145.1
2 0 23145.1
79 variables; iteration 100; function evaluation 139; phase 2
Function value   2.3145148e+04; maximum gradient component mag   2.3324e+02
Var   Value    Gradient   |Var   Value    Gradient   |Var   Value    Gradient
  1 -0.66945  2.33243e+02 |  2 -0.75776  1.97023e+01 |  3  0.26062  9.34567e-01
  4  0.21114  1.96488e-01 |  5  0.15151  8.73041e-03 |  6  0.10363 -2.32513e-02
  7  0.06857 -7.89432e-03 |  8  0.04277  1.71844e-02 |  9  0.02323  1.57721e-02
 10  0.00807 -8.85681e-04 | 11 -0.00386 -3.58828e-02 | 12 -0.01328  3.96006e-03
 13 -0.02066 -1.21631e-02 | 14 -0.02628  5.29558e-02 | 15 -0.03037 -2.35396e-02
 16 -0.03303 -3.28524e-02 | 17 -0.03433  1.93495e-02 | 18  0.09626 -4.84711e+00
 19 -0.01870 -6.21471e-01 | 20 -0.01712 -3.47624e-01 | 21 -0.01475  2.68079e-01
 22 -0.01681  1.70171e-01 | 23 -0.02047  2.45831e-01 | 24 -0.01552  1.16992e-01
 25 -0.00645  1.08939e-01 | 26 -0.00791  1.38811e-01 | 27 -0.00881  1.30287e-01
 28 -0.00232  3.93884e-02 | 29 -0.00756  1.88971e-01 | 30 -0.00705  2.81799e-01
 31  0.00123 -2.90003e-01 | 32  0.00296 -2.81618e-01 | 33  0.00953 -3.27488e-01
 34  0.00947 -3.41577e-01 | 35  0.00724  7.28758e-02 | 36  0.00204 -1.16040e-01
 37  0.00583 -2.76071e-01 | 38  0.00615 -2.41407e-02 | 39  0.00559 -4.24174e-02
 40  0.00895  1.79527e-01 | 41  0.00981  1.77922e-01 | 42  0.00855  1.15722e-01
 43  0.00972 -1.54823e-01 | 44  0.01374 -1.89966e-01 | 45  0.01614  1.06139e-01
 46  0.01080 -6.88623e-02 | 47  0.01571  7.43599e-01 | 48  0.16764 -1.39853e+01
 49 -0.10894  1.32707e-01 | 50 -0.10558 -2.84927e-01 | 51 -0.08644  1.76028e-01
 52 -0.07298 -1.98750e-01 | 53 -0.05691 -4.38284e-03 | 54 -0.04265 -2.48364e-01
 55 -0.02932  4.15898e-02 | 56 -0.01805 -6.82264e-02 | 57 -0.00893  1.08097e-01
 58 -0.00167  3.75352e-02 | 59  0.01049 -2.34719e-01 | 60  0.02206  5.34328e-01
 61  0.02266  2.03145e-01 | 62  0.02284  1.17648e-01 | 63  0.02152  1.86507e-01
 64  0.02192 -9.72966e-02 | 65  0.02249  4.47748e-01 | 66  0.01945  2.43016e-01
 67  0.01920 -7.29688e-02 | 68  0.02279  9.25304e-02 | 69  0.02631 -1.25129e-01
 70  0.03044 -4.03756e-02 | 71  0.03637 -5.23877e-03 | 72  0.04159  1.75205e-01
 73  0.03893  1.36766e-01 | 74  0.03948 -1.42695e-01 | 75  0.03955  2.33363e-01
 76  0.03602 -6.86327e-01 | 77  0.03601  6.88491e-01 | 78 -0.66211  2.39192e+01
 79 -0.69990 -2.28763e+00 |
2 0 23145.1
2 0 23145.2
2 0 23145.1
2 0 23145.1
2 0 23145.1
2 0 25579.8
2 0 23145.1
2 0 23145.1
2 0 23145.1
2 0 23145.1
2 0 23145.1
2 0 23145.1
2 0 23145.1
2 0 23145.1
2 0 25580.5
2 0 23145.1
2 0 23145.1
2 0 23145.1
2 0 23145.1
2 0 23145.1
2 0 23145.1
2 0 23145.1
2 0 23145.1
2 0 25580.2
2 0 23145.1
2 0 23145.1
2 0 23145.1
2 0 23145.1
2 0 23145.1
2 0 23145.1
2 0 23145.1
2 0 25580.5
2 0 23145.1
2 0 23145.1
2 0 23145.1
2 0 23145.1
  ic > imax  in fminim is answer attained ?
Var   Value    Gradient   |Var   Value    Gradient   |Var   Value    Gradient
  1 -0.66912 -1.52631e+02 |  2 -0.76167 -1.27962e+01 |  3  0.26062 -2.78488e-01
  4  0.21115 -3.66484e-02 |  5  0.15152 -1.95088e-02 |  6  0.10364 -2.12723e-02
  7  0.06859 -7.40304e-04 |  8  0.04278  2.26453e-02 |  9  0.02325  1.31661e-02
 10  0.00809  3.36965e-03 | 11 -0.00385 -4.14567e-02 | 12 -0.01327  2.65926e-02
 13 -0.02064 -3.45161e-02 | 14 -0.02626  7.50476e-02 | 15 -0.03035 -3.59176e-02
 16 -0.03301 -2.52405e-02 | 17 -0.03431  2.94237e-02 | 18  0.09631  2.85573e+00
 19 -0.01870 -4.06574e-02 | 20 -0.01712  1.06772e-01 | 21 -0.01475 -9.98125e-02
 22 -0.01681 -1.13720e-01 | 23 -0.02047 -1.24924e-01 | 24 -0.01552 -1.36628e-02
 25 -0.00645  1.53280e-02 | 26 -0.00791 -6.55023e-02 | 27 -0.00881 -7.80182e-02
 28 -0.00232 -2.79134e-02 | 29 -0.00756  1.00347e-01 | 30 -0.00705 -8.55621e-02
 31  0.00124  1.74474e-01 | 32  0.00297  2.10966e-01 | 33  0.00953  6.65230e-02
 34  0.00948  8.47322e-02 | 35  0.00724  1.60499e-01 | 36  0.00204  1.97413e-01
 37  0.00583  9.27220e-02 | 38  0.00615 -1.23965e-01 | 39  0.00559  1.04145e-01
 40  0.00895 -3.63881e-02 | 41  0.00981  1.99708e-01 | 42  0.00855  3.80835e-02
 43  0.00972  7.54339e-02 | 44  0.01375  7.23511e-02 | 45  0.01614  9.66495e-02
 46  0.01080 -9.72341e-02 | 47  0.01569 -2.90325e-01 | 48  0.16764 -9.65726e-01
 49 -0.10894  1.81420e-01 | 50 -0.10558  2.53227e-01 | 51 -0.08644  1.27280e-01
 52 -0.07298  1.50255e-02 | 53 -0.05691 -6.19632e-02 | 54 -0.04265  1.25257e-01
 55 -0.02932  9.27082e-02 | 56 -0.01805  6.58926e-02 | 57 -0.00893  3.55439e-02
 58 -0.00167  1.57892e-01 | 59  0.01049 -6.42515e-02 | 60  0.02206 -6.71104e-02
 61  0.02266  1.01710e-01 | 62  0.02284 -6.93918e-02 | 63  0.02152 -6.41355e-02
 64  0.02192  7.02063e-02 | 65  0.02249  9.55534e-02 | 66  0.01945  3.73265e-02
 67  0.01920 -1.82616e-01 | 68  0.02279  2.29702e-02 | 69  0.02631  3.30862e-03
 70  0.03043 -9.59714e-02 | 71  0.03637  1.14596e-02 | 72  0.04159 -2.43687e-01
 73  0.03893 -1.78621e-02 | 74  0.03948 -1.39496e-01 | 75  0.03955  2.63443e-02
 76  0.03603  2.13559e-01 | 77  0.03602  4.85245e-02 | 78 -0.66226 -6.42126e+00
 79 -0.70114  1.32332e+00 |
Function minimizer not making progress ... is minimum attained?
Minimprove criterion =   0.0000e+00

 - final statistics:
79 variables; iteration 104; function evaluation 174
Function value   2.3145e+04; maximum gradient component mag  -1.5263e+02
Exit code = 1;  converg criter   1.0000e-03
Var   Value    Gradient   |Var   Value    Gradient   |Var   Value    Gradient
  1 -0.66912 -1.52631e+02 |  2 -0.76167 -1.27962e+01 |  3  0.26062 -2.78488e-01
  4  0.21115 -3.66484e-02 |  5  0.15152 -1.95088e-02 |  6  0.10364 -2.12723e-02
  7  0.06859 -7.40304e-04 |  8  0.04278  2.26453e-02 |  9  0.02325  1.31661e-02
 10  0.00809  3.36965e-03 | 11 -0.00385 -4.14567e-02 | 12 -0.01327  2.65926e-02
 13 -0.02064 -3.45161e-02 | 14 -0.02626  7.50476e-02 | 15 -0.03035 -3.59176e-02
 16 -0.03301 -2.52405e-02 | 17 -0.03431  2.94237e-02 | 18  0.09631  2.85573e+00
 19 -0.01870 -4.06574e-02 | 20 -0.01712  1.06772e-01 | 21 -0.01475 -9.98125e-02
 22 -0.01681 -1.13720e-01 | 23 -0.02047 -1.24924e-01 | 24 -0.01552 -1.36628e-02
 25 -0.00645  1.53280e-02 | 26 -0.00791 -6.55023e-02 | 27 -0.00881 -7.80182e-02
 28 -0.00232 -2.79134e-02 | 29 -0.00756  1.00347e-01 | 30 -0.00705 -8.55621e-02
 31  0.00124  1.74474e-01 | 32  0.00297  2.10966e-01 | 33  0.00953  6.65230e-02
 34  0.00948  8.47322e-02 | 35  0.00724  1.60499e-01 | 36  0.00204  1.97413e-01
 37  0.00583  9.27220e-02 | 38  0.00615 -1.23965e-01 | 39  0.00559  1.04145e-01
 40  0.00895 -3.63881e-02 | 41  0.00981  1.99708e-01 | 42  0.00855  3.80835e-02
 43  0.00972  7.54339e-02 | 44  0.01375  7.23511e-02 | 45  0.01614  9.66495e-02
 46  0.01080 -9.72341e-02 | 47  0.01569 -2.90325e-01 | 48  0.16764 -9.65726e-01
 49 -0.10894  1.81420e-01 | 50 -0.10558  2.53227e-01 | 51 -0.08644  1.27280e-01
 52 -0.07298  1.50255e-02 | 53 -0.05691 -6.19632e-02 | 54 -0.04265  1.25257e-01
 55 -0.02932  9.27082e-02 | 56 -0.01805  6.58926e-02 | 57 -0.00893  3.55439e-02
 58 -0.00167  1.57892e-01 | 59  0.01049 -6.42515e-02 | 60  0.02206 -6.71104e-02
 61  0.02266  1.01710e-01 | 62  0.02284 -6.93918e-02 | 63  0.02152 -6.41355e-02
 64  0.02192  7.02063e-02 | 65  0.02249  9.55534e-02 | 66  0.01945  3.73265e-02
 67  0.01920 -1.82616e-01 | 68  0.02279  2.29702e-02 | 69  0.02631  3.30862e-03
 70  0.03043 -9.59714e-02 | 71  0.03637  1.14596e-02 | 72  0.04159 -2.43687e-01
 73  0.03893 -1.78621e-02 | 74  0.03948 -1.39496e-01 | 75  0.03955  2.63443e-02
 76  0.03603  2.13559e-01 | 77  0.03602  4.85245e-02 | 78 -0.66226 -6.42126e+00
 79 -0.70114  1.32332e+00 |
2 0 23145.1
B050185.1
0.3 0.539409
0.462351 0.433615
0.572806 0.38432
0.628975 0.363884
0.653925 0.355609
0.664404 0.352266
0.668706 0.350916
0.670456 0.35037
0.671166 0.35015
0.671453 0.350061
0.671569 0.350024
0.671616 0.35001
0.671635 0.350004
0.671643 0.350002
0.671646 0.350001
0.671647 0.35
0.671648 0.35
0.671648 0.35
0.671648 0.35
0.671648 0.35
0.671648 0.35
FutMOrt0.444059
FutMOrt0.444059
FutMOrt0.444059
FutMOrt0.444059
FutMOrt0.444059
FutMOrt0.444059
FutMOrt0.444059
FutMOrt0.444059
FutMOrt0.444059
FutMOrt0.444059
Survey Bio35.5963
Survey len11490.4
CPUE62.7569
Catch21.0395
Catch len11511.1
initsmo_penal17.3501
F_pen1.35052
Rec_pen5.51474
M_pen0


Starting time: Wed Nov 21 20:26:39 2018
Finishing time: Wed Nov 21 20:26:45 2018
This run took: 0 hours, 0 minutes, 6 seconds.

