survYears 69 70 71 72 73 74 75 76 77 78 79 80 81 82 83 84 85 86 87 88 89 90 91 92 93 94 95 96
SurvLenYear 69 70 71 72 73 74 75 76 77 78 79 80 81 82 83 84 85 86 87 88 89 90 91 92 93 94 95 96
catchBiomass 5945.04 5960.58 6773.91 10262.9 13922.2 16144.7 21273.7 27034.2 29185.2 37448.4 53747.4 63805.3 76401.9 100926 109499 88501.5 84158 80165.4 93023.3 78805.2 78845.7 89814.6 88999.7 98104.1 111244 116280 104194 102963
steep0.999
25
Out
1 0 44771

Initial statistics: 74 variables; iteration 0; function evaluation 0; phase 1
Function value   4.4771036e+04; maximum gradient component mag  -5.9812e+05
Var   Value    Gradient   |Var   Value    Gradient   |Var   Value    Gradient
  1  0.22218 -1.44526e+02 |  2  0.20711  5.15593e+02 |  3  0.21183  2.26121e+03
  4  0.18240  1.43556e+03 |  5  0.17707  1.63860e+03 |  6  0.15140  9.14334e+02
  7  0.15160  1.13166e+03 |  8  0.13924  9.20146e+02 |  9  0.11575  4.60717e+02
 10  0.11888  6.64092e+02 | 11  0.10566  4.83597e+02 | 12  0.08719  3.00620e+02
 13  0.07237  1.94028e+02 | 14  0.06726  1.56367e+01 | 15  0.11939  8.47073e+02
 16  0.00954  1.98971e+04 | 17  0.00000 -1.79978e+04 | 18  0.00000 -2.26010e+03
 19  0.00000 -1.33220e+03 | 20  0.00000 -1.70297e+03 | 21  0.00000 -1.54370e+03
 22  0.00000  1.98451e+03 | 23  0.00000  2.00262e+03 | 24  0.00000  1.26347e+03
 25  0.00000  6.15296e+03 | 26  0.00000  8.04465e+03 | 27  0.00000  6.22555e+03
 28  0.00000  7.66899e+03 | 29  0.00000  7.96945e+03 | 30  0.00000  3.43546e+03
 31  0.00000 -1.51261e+03 | 32  0.00000  1.23830e+03 | 33  0.00000  1.99343e+03
 34  0.00000  3.78963e+03 | 35  0.00000 -4.14815e+02 | 36  0.00000  2.93897e+03
 37  0.00000  5.15943e+03 | 38  0.00000  3.61560e+03 | 39  0.00000  5.14993e+03
 40  0.00000  5.05780e+03 | 41  0.00000  1.76655e+03 | 42  0.00000 -4.02073e+03
 43  0.00000 -1.18599e+04 | 44  0.00000 -3.28125e+04 | 45  0.08325 -5.98124e+05
 46  0.00000  5.04334e+04 | 47  0.00000  3.80148e+04 | 48  0.00000  3.29099e+04
 49  0.00000  2.71174e+04 | 50  0.00000  1.99913e+04 | 51  0.00000  1.50258e+04
 52  0.00000  9.88693e+03 | 53  0.00000  2.75184e+03 | 54  0.00000 -5.83555e+03
 55  0.00000 -9.86152e+03 | 56  0.00000 -1.48194e+04 | 57  0.00000 -1.96367e+04
 58  0.00000 -1.79917e+04 | 59  0.00000 -1.34789e+04 | 60  0.00000 -1.29762e+04
 61  0.00000 -1.37395e+04 | 62  0.00000 -1.37820e+04 | 63  0.00000 -1.36389e+04
 64  0.00000 -1.35224e+04 | 65  0.00000 -1.65715e+04 | 66  0.00000 -1.80015e+04
 67  0.00000 -1.90518e+04 | 68  0.00000 -2.05820e+04 | 69  0.00000 -1.82697e+04
 70  0.00000 -1.05026e+04 | 71  0.00000  4.61837e+03 | 72  0.00000  2.27849e+04
 73  0.00000  2.87273e+04 | 74 -0.05531  8.31856e+04 |
1 0 44771
1 0 44770.8
1 0 44768.8
1 0 44748.8
1 0 44549.6
1 0 42632
1 0 39080.1
1 0 34928.9
1 0 39590.6
1 0 33417
1 0 32736.3
1 0 32561.5
1 0 32348.3
1 0 32095.7
1 0 31755.7
1 0 31535.4

Intermediate statistics: 74 variables; iteration 10; function evaluation 16; phase 1
Function value   3.1535449e+04; maximum gradient component mag  -9.2736e+04
Var   Value    Gradient   |Var   Value    Gradient   |Var   Value    Gradient
  1  0.31275  1.66072e+03 |  2  0.26156  1.27482e+02 |  3  0.21662  3.18333e+02
  4  0.18405  2.47903e+02 |  5  0.17312  3.33144e+02 |  6  0.15346  1.73220e+02
  7  0.14919  2.44005e+02 |  8  0.13718  2.00285e+02 |  9  0.11864  7.18187e+01
 10  0.11638  1.53800e+02 | 11  0.10456  1.14305e+02 | 12  0.08743  5.60586e+01
 13  0.07370  1.99949e+00 | 14  0.07453 -6.85253e+01 | 15  0.11211  2.46319e+02
 16  0.28004  2.72916e+04 | 17 -0.05607 -6.72991e+03 | 18 -0.07172  3.43188e+02
 19 -0.05305 -2.62367e+03 | 20 -0.03490 -3.88757e+02 | 21 -0.02122  8.08252e+01
 22 -0.01422  4.41017e+02 | 23 -0.02161  2.20720e+03 | 24 -0.02499 -2.89613e+03
 25  0.14236 -2.55230e+03 | 26  0.00902  7.70902e+03 | 27 -0.00530 -1.68421e+03
 28  0.21684 -1.97964e+03 | 29  0.04820  1.26411e+04 | 30 -0.01984  5.33909e+03
 31 -0.05282 -5.67070e+03 | 32 -0.02228 -7.21602e+03 | 33  0.00066  3.88381e+03
 34  0.01301  5.28837e+03 | 35 -0.00233  2.49241e+03 | 36  0.02024  3.27362e+03
 37  0.01641  7.77996e+03 | 38 -0.01149 -5.83682e+03 | 39  0.12084 -2.96724e+03
 40  0.02211  3.42943e+03 | 41 -0.01258 -3.42918e+03 | 42 -0.04143 -7.25635e+03
 43 -0.06384 -6.12142e+03 | 44 -0.07689  1.10870e+03 | 45  0.14041 -9.27359e+04
 46 -0.14353 -4.20272e+03 | 47 -0.05612 -5.47036e+03 | 48 -0.04054 -6.50119e+03
 49 -0.06269 -4.86497e+03 | 50 -0.01584 -2.71750e+03 | 51 -0.00984 -1.78222e+03
 52 -0.01265 -1.90047e+02 | 53 -0.06467  8.33126e+02 | 54  0.02166  1.46597e+03
 55  0.01775  1.91569e+03 | 56  0.00096  6.87256e+03 | 57  0.02140 -7.48787e+03
 58  0.05245 -2.65213e+04 | 59 -0.08828 -5.14661e+03 | 60  0.00405 -2.38986e+03
 61  0.03940  7.30267e+03 | 62  0.01164  1.20478e+02 | 63  0.04498  2.26179e+03
 64 -0.04411 -3.80338e+03 | 65  0.04125  7.64256e+03 | 66  0.04562  7.37835e+03
 67 -0.03972  1.33238e+02 | 68  0.03446 -6.37751e+03 | 69  0.05797  5.60233e+03
 70  0.05627  1.03023e+04 | 71  0.06803  1.43717e+04 | 72  0.06727  7.09677e+03
 73 -0.00866  4.07025e+03 | 74  0.10925  2.20055e+04 |
1 0 31390.4
1 0 31164.1
1 0 31000.3
1 0 31285.7
1 0 30956.2
1 0 30917.5
1 0 30889.7
1 0 30854.9
1 0 30815.3
1 0 30781.3
1 0 30754.2
74 variables; iteration 20; function evaluation 27; phase 1
Function value   3.0754321e+04; maximum gradient component mag  -8.9049e+04
Var   Value    Gradient   |Var   Value    Gradient   |Var   Value    Gradient
  1  0.32357 -4.60597e+02 |  2  0.28708  2.31265e+02 |  3  0.19828 -9.49034e+01
  4  0.16468  6.65711e+01 |  5  0.14399  3.94399e+01 |  6  0.13919  1.09599e+02
  7  0.12728  5.89903e+01 |  8  0.11890  5.15577e+01 |  9  0.11340  7.55137e+01
 10  0.10176  3.19715e+01 | 11  0.09383  4.82909e+01 | 12  0.08260  1.93497e+01
 13  0.07451 -3.23903e+01 | 14  0.08386  5.20810e+01 | 15  0.08694  4.46147e+01
 16  0.28815  9.01217e+03 | 17 -0.07153 -7.04061e+02 | 18 -0.09206 -3.99541e+03
 19 -0.06564 -7.13985e+02 | 20 -0.04492 -2.90424e+02 | 21 -0.04118 -8.85791e+02
 22 -0.04194 -1.15857e+02 | 23 -0.05011 -2.72630e+03 | 24 -0.04155 -7.79780e+02
 25  0.10715  2.13821e+02 | 26 -0.01785 -3.82183e+02 | 27 -0.01995  1.41941e+03
 28  0.47950  2.41417e+03 | 29  0.10479 -2.52836e+03 | 30 -0.01759  1.00742e+04
 31 -0.05062 -4.50213e+03 | 32 -0.03392 -7.15514e+03 | 33 -0.01648  3.81535e+03
 34 -0.01443  2.58389e+03 | 35 -0.01527  3.97851e+03 | 36 -0.01920  1.08154e+03
 37 -0.00879  1.92949e+03 | 38 -0.01261  1.70171e+03 | 39  0.20169  9.32716e+02
 40  0.01527  6.69476e+03 | 41 -0.02016 -9.11812e+02 | 42 -0.03510  3.20726e+02
 43 -0.05073 -2.32649e+03 | 44 -0.07614 -7.57783e+03 | 45  0.14518 -8.90487e+04
 46 -0.20797 -2.87909e+03 | 47 -0.05315 -4.20071e+03 | 48 -0.03510 -3.51670e+03
 49 -0.03285 -2.74564e+03 | 50 -0.01348 -2.02366e+03 | 51 -0.00575 -3.82295e+02
 52 -0.02798 -9.23289e+02 | 53 -0.06110  1.43106e+03 | 54  0.02890  2.13928e+03
 55  0.00652  1.45563e+03 | 56 -0.01124  4.22032e+03 | 57  0.02014  2.42751e+02
 58  0.05718 -1.54649e+04 | 59 -0.05989 -5.49388e+03 | 60  0.03249  1.62319e+03
 61  0.01791  1.36408e+03 | 62  0.03323  3.29281e+03 | 63  0.03336  9.65807e+02
 64  0.01373 -1.30018e+03 | 65  0.02316  2.83570e+01 | 66  0.03918  2.20630e+03
 67 -0.04387 -5.03372e+02 | 68  0.04261  1.53281e+03 | 69  0.05899  7.13821e+03
 70  0.03574  8.29612e+02 | 71  0.05851  3.33735e+03 | 72  0.04774  3.86816e+03
 73 -0.00039  4.07276e+03 | 74  0.13708  2.84459e+04 |
1 0 30741.1
1 0 30734.7
1 0 30731.1
1 0 30726.2
1 0 30723.3
1 0 30723.7
1 0 30721.9
1 0 30720.3
1 0 30720.3
1 0 30719.6
1 0 30718.6
1 0 30718
74 variables; iteration 30; function evaluation 39; phase 1
Function value   3.0718557e+04; maximum gradient component mag  -9.4014e+04
Var   Value    Gradient   |Var   Value    Gradient   |Var   Value    Gradient
  1  0.33265  5.31714e+02 |  2  0.28933  4.75692e+02 |  3  0.19565 -6.37545e+01
  4  0.15287  3.60575e+01 |  5  0.12912  1.39375e+01 |  6  0.12532  1.05290e+02
  7  0.11342  4.77312e+01 |  8  0.10698  4.52042e+01 |  9  0.10512  9.45283e+01
 10  0.09273  2.96958e+01 | 11  0.08574  4.12635e+01 | 12  0.07879  2.35588e+01
 13  0.07569 -3.65457e-01 | 14  0.08315  9.72742e+01 | 15  0.07360  2.45381e+00
 16  0.28682  9.53558e+03 | 17 -0.06724 -1.26083e+03 | 18 -0.08987 -3.16578e+03
 19 -0.06653 -5.62236e+02 | 20 -0.04553 -3.21333e+02 | 21 -0.04119 -7.74208e+02
 22 -0.04533 -6.25628e+02 | 23 -0.04642 -1.61457e+03 | 24 -0.04117 -1.74754e+01
 25  0.07902 -2.06192e+02 | 26 -0.01527 -4.39710e+01 | 27 -0.01667  1.76405e+03
 28  0.52440  2.49700e+03 | 29  0.10367 -2.78146e+03 | 30 -0.01514  1.12977e+04
 31 -0.05076 -6.95193e+03 | 32 -0.03241 -4.51227e+03 | 33 -0.01656  3.23746e+03
 34 -0.01585  1.84684e+03 | 35 -0.01808  5.09131e+03 | 36 -0.01745  1.10520e+02
 37 -0.00547  2.72402e+03 | 38 -0.01343  2.77380e+03 | 39  0.19733  8.99766e+02
 40  0.01432  6.89828e+03 | 41 -0.02011 -1.01942e+03 | 42 -0.03489  4.53579e+02
 43 -0.05401 -2.71529e+03 | 44 -0.08268 -9.32438e+03 | 45  0.14611 -9.40143e+04
 46 -0.21401 -2.30976e+03 | 47 -0.04843 -2.94691e+03 | 48 -0.04171 -2.37654e+03
 49 -0.02146 -5.56554e+02 | 50 -0.02200 -1.20978e+03 | 51 -0.00205  1.54667e+03
 52 -0.02749 -4.41127e+02 | 53 -0.06726  1.18240e+03 | 54  0.02573  5.36971e+02
 55  0.00945  2.12880e+03 | 56 -0.01410  3.95156e+03 | 57  0.01732 -1.45670e+03
 58  0.05641 -1.37815e+04 | 59 -0.02183 -4.87924e+03 | 60  0.03000  1.92248e+03
 61  0.01288  1.37721e+02 | 62  0.03446  3.09570e+03 | 63  0.03213 -9.93424e+02
 64 -0.01077 -3.06512e+03 | 65  0.03187  1.09506e+03 | 66  0.03556  2.72527e+02
 67 -0.05069 -7.50066e+02 | 68  0.04313  2.27881e+03 | 69  0.05660  5.72911e+03
 70  0.03706  6.84753e+02 | 71  0.05992  2.17480e+03 | 72  0.05197  4.00359e+03
 73  0.00368  4.31698e+03 | 74  0.13769  2.85684e+04 |
1 0 30717.4
1 0 30716.5
1 0 30715.3
1 0 30713.7
1 0 30711.5
1 0 30709
1 0 30705.8
1 0 30708.2
1 0 30704.9
1 0 30703.9
1 0 30701.7
1 0 30702.7
74 variables; iteration 40; function evaluation 51; phase 1
Function value   3.0703723e+04; maximum gradient component mag  -9.2336e+04
Var   Value    Gradient   |Var   Value    Gradient   |Var   Value    Gradient
  1  0.33220  7.27252e+02 |  2  0.28487  4.66094e+02 |  3  0.19863  5.43830e+01
  4  0.13590 -6.41580e+00 |  5  0.09844 -3.67146e+01 |  6  0.08540  2.33286e+01
  7  0.07580  7.90281e+00 |  8  0.07285  1.88438e+01 |  9  0.07311  5.58320e+01
 10  0.06579  1.19397e+01 | 11  0.06306  6.41882e+00 | 12  0.06632  2.57840e+01
 13  0.07051  5.96060e+01 | 14  0.06644  8.55431e+01 | 15  0.04556 -5.03926e+01
 16  0.28660  9.55233e+03 | 17 -0.07286 -1.26823e+03 | 18 -0.08907 -3.09789e+03
 19 -0.06614 -5.00068e+02 | 20 -0.04514 -5.91559e+01 | 21 -0.04106 -6.16610e+02
 22 -0.04462 -4.05312e+02 | 23 -0.04589 -1.55156e+03 | 24 -0.04050 -3.04004e+01
 25  0.08818 -1.62713e+01 | 26 -0.01501 -4.66572e+01 | 27 -0.01648  1.79815e+03
 28  0.51973  2.53170e+03 | 29  0.10293 -2.72068e+03 | 30 -0.01522  1.15930e+04
 31 -0.05127 -6.99606e+03 | 32 -0.03160 -4.52080e+03 | 33 -0.01682  3.17013e+03
 34 -0.01557  2.12980e+03 | 35 -0.01818  4.84293e+03 | 36 -0.01805  1.44918e+02
 37 -0.00557  2.76825e+03 | 38 -0.01323  2.72834e+03 | 39  0.19753  9.56090e+02
 40  0.01407  6.84470e+03 | 41 -0.02008 -8.98055e+02 | 42 -0.03535  3.59463e+02
 43 -0.05433 -2.70731e+03 | 44 -0.08280 -9.08534e+03 | 45  0.14653 -9.23360e+04
 46 -0.21184 -2.47486e+03 | 47 -0.04892 -2.84376e+03 | 48 -0.04100 -2.23130e+03
 49 -0.02252 -5.51669e+02 | 50 -0.02228 -1.23365e+03 | 51 -0.00276  1.56173e+03
 52 -0.02661 -1.93126e+02 | 53 -0.06901  1.00782e+03 | 54  0.02530  5.11768e+02
 55  0.00940  2.21655e+03 | 56 -0.01437  3.92913e+03 | 57  0.01680 -1.74756e+03
 58  0.05624 -1.41565e+04 | 59 -0.03089 -5.09014e+03 | 60  0.03005  1.76615e+03
 61  0.01373  3.35435e+02 | 62  0.03365  3.10588e+03 | 63  0.03233 -7.57830e+02
 64 -0.01128 -3.08875e+03 | 65  0.03162  1.16696e+03 | 66  0.03496  3.37048e+02
 67 -0.04689 -6.22464e+02 | 68  0.04290  2.15380e+03 | 69  0.05613  5.58020e+03
 70  0.03710  6.51038e+02 | 71  0.05928  2.16044e+03 | 72  0.05336  4.03167e+03
 73  0.01125  4.25284e+03 | 74  0.13690  2.79870e+04 |
1 0 30702.5
1 0 30702.6
1 0 30702
1 0 30701
1 0 30700.8
1 0 30700.3
1 0 30700.2
1 0 30700.1
1 0 30699.7
1 0 30699.2
1 0 30698.4
74 variables; iteration 50; function evaluation 62; phase 1
Function value   3.0698603e+04; maximum gradient component mag  -9.2584e+04
Var   Value    Gradient   |Var   Value    Gradient   |Var   Value    Gradient
  1  0.33295  9.70730e+02 |  2  0.28252  5.03389e+02 |  3  0.18438 -7.82210e+01
  4  0.13608  4.59680e+01 |  5  0.09723 -3.14999e+01 |  6  0.08176  4.51772e+01
  7  0.06295 -1.78815e+01 |  8  0.05675 -7.05184e+00 |  9  0.05922  5.51661e+01
 10  0.05225 -9.99291e+00 | 11  0.05469  3.44132e+01 | 12  0.05367  3.41639e+01
 13  0.04927 -1.00861e+01 | 14  0.05429  8.37431e+01 | 15  0.04131 -2.49260e+01
 16  0.28618  9.48528e+03 | 17 -0.07539 -1.45042e+03 | 18 -0.08820 -2.96599e+03
 19 -0.06576 -5.23352e+02 | 20 -0.04526 -5.86885e+01 | 21 -0.04161 -9.66972e+02
 22 -0.04461 -2.56124e+02 | 23 -0.04701 -2.21869e+03 | 24 -0.04072  4.65134e+01
 25  0.09215 -7.68971e+01 | 26 -0.01534 -4.06014e+02 | 27 -0.01653  1.68699e+03
 28  0.51797  2.44584e+03 | 29  0.10304 -2.82421e+03 | 30 -0.01548  1.15956e+04
 31 -0.05211 -7.33538e+03 | 32 -0.03220 -4.69761e+03 | 33 -0.01678  3.06031e+03
 34 -0.01541  2.27119e+03 | 35 -0.01868  4.41439e+03 | 36 -0.01828 -8.02988e+01
 37 -0.00519  3.05540e+03 | 38 -0.01354  2.49198e+03 | 39  0.19718  8.39224e+02
 40  0.01399  6.72298e+03 | 41 -0.02027 -9.78918e+02 | 42 -0.03594  2.65782e+02
 43 -0.05507 -2.91855e+03 | 44 -0.08315 -9.42716e+03 | 45  0.14617 -9.25839e+04
 46 -0.21116 -2.45969e+03 | 47 -0.04810 -2.72311e+03 | 48 -0.04053 -2.24074e+03
 49 -0.02237 -5.20116e+02 | 50 -0.02176 -1.32116e+03 | 51 -0.00234  1.63390e+03
 52 -0.02702 -2.96829e+02 | 53 -0.06878  1.01721e+03 | 54  0.02554  4.80103e+02
 55  0.00994  2.41106e+03 | 56 -0.01393  4.02144e+03 | 57  0.01734 -1.48350e+03
 58  0.05674 -1.41819e+04 | 59 -0.03064 -5.08353e+03 | 60  0.02977  1.74300e+03
 61  0.01441  4.29983e+02 | 62  0.03366  2.88804e+03 | 63  0.03238 -9.53322e+02
 64 -0.01124 -3.02200e+03 | 65  0.03213  1.34080e+03 | 66  0.03493  3.41689e+01
 67 -0.04709 -6.46329e+02 | 68  0.04321  2.23448e+03 | 69  0.05657  5.66130e+03
 70  0.03782  6.24581e+02 | 71  0.05927  1.95153e+03 | 72  0.05268  3.96855e+03
 73  0.00428  4.22618e+03 | 74  0.13694  2.80406e+04 |
1 0 30697.2
1 0 30695.8
1 0 30694.4
1 0 30698.5
1 0 30694.1
1 0 30693.6
1 0 30692.7
1 0 30688
1 0 30683.8
1 0 30685
1 0 30682
1 0 30679.5
1 0 30675.2
74 variables; iteration 60; function evaluation 75; phase 1
Function value   3.0675487e+04; maximum gradient component mag  -9.2263e+04
Var   Value    Gradient   |Var   Value    Gradient   |Var   Value    Gradient
  1  0.33059  1.39756e+03 |  2  0.28548  9.46536e+02 |  3  0.20349  1.03221e+02
  4  0.17066  2.75211e+02 |  5  0.12073 -4.37598e+01 |  6  0.11291  1.38784e+02
  7  0.08808  7.25324e+01 |  8  0.05681  4.34397e+00 |  9  0.03229  4.35031e+01
 10 -0.00060 -6.62549e+00 | 11 -0.02928 -7.15821e+01 | 12 -0.03526 -7.11119e+01
 13 -0.01880  4.23049e+00 | 14 -0.00206  1.02528e+02 | 15 -0.01374 -3.28694e+01
 16  0.28657  9.61144e+03 | 17 -0.07393 -2.20814e+03 | 18 -0.08729 -2.25549e+03
 19 -0.06390  1.33671e+02 | 20 -0.04532 -4.65943e+01 | 21 -0.04266 -1.12549e+03
 22 -0.04468 -2.72750e+02 | 23 -0.04648 -2.02478e+03 | 24 -0.04001  6.56938e+01
 25  0.08932 -1.20294e+02 | 26 -0.01587 -5.87793e+02 | 27 -0.01703  1.67806e+03
 28  0.51771  2.44701e+03 | 29  0.10260 -2.83003e+03 | 30 -0.01535  1.15597e+04
 31 -0.05179 -7.23928e+03 | 32 -0.03234 -4.64130e+03 | 33 -0.01849  2.70514e+03
 34 -0.01612  2.13931e+03 | 35 -0.01829  4.64462e+03 | 36 -0.01752  6.46586e+01
 37 -0.00418  3.24907e+03 | 38 -0.01322  2.52624e+03 | 39  0.19822  8.47974e+02
 40  0.01349  6.75556e+03 | 41 -0.02098 -1.36571e+03 | 42 -0.03571  3.08564e+02
 43 -0.05437 -2.61491e+03 | 44 -0.08332 -9.60699e+03 | 45  0.14662 -9.22634e+04
 46 -0.21173 -2.47957e+03 | 47 -0.04808 -2.52329e+03 | 48 -0.03891 -2.11568e+03
 49 -0.02364 -5.47129e+02 | 50 -0.02213 -1.28293e+03 | 51 -0.00347  1.46619e+03
 52 -0.02633 -1.68372e+02 | 53 -0.06849  1.05281e+03 | 54  0.02546  6.12874e+02
 55  0.00939  2.39587e+03 | 56 -0.01469  3.96163e+03 | 57  0.01718 -1.35188e+03
 58  0.05623 -1.41309e+04 | 59 -0.02934 -5.05500e+03 | 60  0.02964  1.70557e+03
 61  0.01518  5.92360e+02 | 62  0.03236  2.89573e+03 | 63  0.03234 -8.68884e+02
 64 -0.01405 -3.16877e+03 | 65  0.03174  1.23501e+03 | 66  0.03497  8.15567e+01
 67 -0.04788 -6.63690e+02 | 68  0.04324  2.36467e+03 | 69  0.05606  5.65411e+03
 70  0.03680  6.81941e+02 | 71  0.05917  1.98026e+03 | 72  0.05175  3.83313e+03
 73  0.01392  4.29872e+03 | 74  0.13633  2.73393e+04 |
1 0 30673.7
1 0 30671.5
1 0 30667.5
1 0 30660.6
1 0 30651.2
1 0 30635.5
1 0 30608.8
1 0 30562.5
1 0 30486.8
1 0 30344.9
74 variables; iteration 70; function evaluation 85; phase 1
Function value   3.0345059e+04; maximum gradient component mag  -9.5095e+04
Var   Value    Gradient   |Var   Value    Gradient   |Var   Value    Gradient
  1  0.32794  2.22392e+03 |  2  0.28426  1.51437e+03 |  3  0.19633  1.24583e+02
  4  0.16705  2.49748e+02 |  5  0.14340  1.16813e+02 |  6  0.14491  3.49778e+02
  7  0.10747  1.44691e+02 |  8  0.05805 -1.63584e+02 |  9  0.06910  1.39420e+02
 10  0.05243  1.50880e+02 | 11  0.00055 -3.41611e+01 | 12 -0.03793  9.19176e+01
 13 -0.10317  3.60291e+01 | 14 -0.18062 -1.05183e+02 | 15 -0.22544 -1.32879e+02
 16  0.27950  8.98879e+03 | 17 -0.07420 -3.06539e+03 | 18 -0.08507 -9.36424e+02
 19 -0.06432  3.46794e+02 | 20 -0.04832 -4.74486e+02 | 21 -0.04238 -1.07614e+03
 22 -0.04376 -3.24675e+02 | 23 -0.04611 -2.07851e+03 | 24 -0.04101 -4.22868e+02
 25  0.09109 -2.42699e+01 | 26 -0.01518 -8.64954e+02 | 27 -0.01748  1.46322e+03
 28  0.48661  2.42882e+03 | 29  0.10486 -2.62536e+03 | 30 -0.01411  1.08008e+04
 31 -0.05129 -7.24033e+03 | 32 -0.03264 -4.42174e+03 | 33 -0.01680  2.83988e+03
 34 -0.01472  2.19771e+03 | 35 -0.01719  4.57609e+03 | 36 -0.01766 -8.41043e+01
 37 -0.00409  3.05620e+03 | 38 -0.01246  2.26536e+03 | 39  0.19406  8.72411e+02
 40  0.01315  6.16569e+03 | 41 -0.01833 -1.11970e+03 | 42 -0.03096  5.92511e+02
 43 -0.04934 -2.29867e+03 | 44 -0.08043 -9.10938e+03 | 45  0.14768 -9.50954e+04
 46 -0.20508 -2.59593e+03 | 47 -0.04495 -1.58488e+03 | 48 -0.04309 -1.97035e+03
 49 -0.02621 -4.31769e+02 | 50 -0.02364 -1.21728e+03 | 51 -0.00452  1.60342e+03
 52 -0.03026 -1.37766e+02 | 53 -0.07423  8.91083e+02 | 54  0.02448  5.06461e+02
 55  0.00642  2.08961e+03 | 56 -0.01683  3.92967e+03 | 57  0.01547 -2.00842e+03
 58  0.05485 -1.38122e+04 | 59 -0.02421 -4.75231e+03 | 60  0.02610  1.96414e+03
 61  0.01329  5.19328e+02 | 62  0.03068  2.65894e+03 | 63  0.02999 -1.20321e+03
 64 -0.01338 -3.02207e+03 | 65  0.02992  9.78377e+02 | 66  0.03239 -1.27720e+02
 67 -0.04841 -4.96864e+02 | 68  0.04210  1.76077e+03 | 69  0.05281  5.40624e+03
 70  0.03302  5.82475e+02 | 71  0.05671  2.05498e+03 | 72  0.05454  4.17414e+03
 73  0.04896  4.61491e+03 | 74  0.12981  2.58626e+04 |
1 0 30072.4
1 0 29229
1 0 28937.9
1 0 28326.7
1 0 28537.6
1 0 27995.3
1 0 31271
1 0 28327.8
1 0 27967.4
1 0 28081.5
1 0 27962.1
1 0 27952.6
1 0 27871
1 0 27727.2
1 0 27462.4
1 0 27015.1
1 0 26339.6
74 variables; iteration 80; function evaluation 102; phase 1
Function value   2.6368264e+04; maximum gradient component mag  -7.2999e+04
Var   Value    Gradient   |Var   Value    Gradient   |Var   Value    Gradient
  1  0.25964 -9.16021e+02 |  2  0.22914 -4.89210e+02 |  3  0.10698 -3.18200e+02
  4  0.05210 -1.66080e+02 |  5  0.04507  7.93118e+00 |  6  0.03743  2.97728e+01
  7  0.02200  3.64269e+00 |  8  0.00594 -8.54211e+01 |  9  0.01561  2.23865e+01
 10  0.01841  4.51833e+02 | 11 -0.11548 -5.73441e+02 | 12 -0.07326  1.23174e+02
 13 -0.06879 -1.41584e+01 | 14 -0.06012  5.35566e+01 | 15 -0.06782 -2.57672e+01
 16  0.16394  2.95932e+02 | 17 -0.05612 -9.35097e+02 | 18 -0.03237 -7.33302e+01
 19 -0.03601 -1.20056e+03 | 20 -0.03637 -2.47400e+03 | 21 -0.03060 -2.16720e+02
 22 -0.02989 -1.68461e+03 | 23 -0.02852 -4.74540e+02 | 24 -0.01991 -1.25660e+03
 25  0.09902 -6.40304e+01 | 26  0.00282 -2.20432e+03 | 27 -0.02298  5.21869e+02
 28 -0.01768 -2.00963e+03 | 29  0.12018  1.66119e+02 | 30  0.01453 -2.10716e+03
 31 -0.01525 -5.81997e+03 | 32 -0.01479  1.16877e+03 | 33 -0.01461 -2.48709e+03
 34 -0.01314  3.82792e+01 | 35 -0.00564 -1.96949e+02 | 36 -0.01042 -4.73327e+03
 37 -0.00719  7.82950e+02 | 38 -0.00427  8.48296e+02 | 39  0.11475 -2.77586e+01
 40  0.01456 -6.86682e+03 | 41  0.00693  3.39313e+03 | 42  0.00151  7.75467e+02
 43 -0.00777 -1.97682e+02 | 44 -0.01692 -6.28718e+03 | 45  0.13582 -7.29989e+04
 46 -0.05668  2.63071e+03 | 47 -0.04101  1.76421e+03 | 48 -0.03799  2.12724e+03
 49 -0.04008 -5.49127e+02 | 50 -0.02016  7.90599e+02 | 51 -0.02534 -1.72775e+03
 52 -0.03586 -9.96224e+02 | 53 -0.09406 -1.71595e+03 | 54  0.03120 -2.62437e+03
 55 -0.00211 -2.83142e+03 | 56 -0.05052 -5.66973e+03 | 57  0.00928  3.42566e+03
 58  0.05490 -9.89725e+02 | 59  0.02967  6.95751e+03 | 60  0.01299  6.15723e+02
 61  0.02110  1.99837e+03 | 62  0.01662 -4.92743e+02 | 63  0.01560 -1.80563e+03
 64  0.02303  3.99253e+03 | 65  0.02387  1.38240e+03 | 66  0.01378 -2.39924e+03
 67 -0.05626 -2.04642e+03 | 68  0.05008 -8.55936e+02 | 69  0.03280  2.58981e+02
 70  0.03259 -2.29312e+03 | 71  0.01921 -3.70599e+03 | 72  0.03465  2.35868e+03
 73  0.04000  3.62417e+03 | 74  0.02488  9.24834e+03 |
1 0 25962.2
1 0 25451
1 0 25791.8
1 0 25204.7
1 0 24867.7
1 0 24566.2
1 0 24336.4
1 0 23597.4
1 0 89207.4
1 0 23292.7
1 0 40900
1 0 23219.8
1 0 23091.2
1 0 22872.2
74 variables; iteration 90; function evaluation 116; phase 1
Function value   2.2875353e+04; maximum gradient component mag  -7.8554e+03
Var   Value    Gradient   |Var   Value    Gradient   |Var   Value    Gradient
  1  0.25533 -1.85534e+03 |  2  0.25642 -9.16482e+02 |  3  0.21050  4.98970e+01
  4  0.14601  3.86963e+01 |  5  0.08519 -8.23881e+01 |  6  0.05566 -1.38196e+01
  7  0.03358 -7.11657e+01 |  8  0.03502 -6.22601e+01 |  9  0.05754  1.20092e+02
 10  0.04791 -5.43728e+01 | 11  0.05818  6.67724e+01 | 12  0.05283  3.39839e+01
 13  0.04137 -8.96633e+00 | 14  0.03587  2.41598e+01 | 15  0.02599 -2.50532e+01
 16  0.14619  6.19505e+03 | 17 -0.00860  2.86917e+03 | 18 -0.01968 -1.06681e+03
 19 -0.02711 -2.02568e+03 | 20 -0.02525 -1.69551e+03 | 21 -0.01995 -9.41707e+02
 22 -0.01586 -6.37143e+02 | 23 -0.01216  1.68816e+03 | 24 -0.01369 -2.43672e+02
 25 -0.01722 -3.48378e+03 | 26  0.00297  3.04463e+03 | 27  0.00095 -8.79981e+02
 28 -0.00614 -4.02217e+03 | 29  0.02950  7.06856e+03 | 30  0.01980  4.14622e+03
 31 -0.01317 -7.41512e+03 | 32  0.00092 -9.64842e+01 | 33  0.00627 -5.65704e+02
 34  0.00354  8.34814e+02 | 35  0.00299 -5.59678e+03 | 36  0.00875  2.15795e+03
 37  0.01639 -7.84788e+02 | 38  0.01236  1.09684e+03 | 39  0.01959  9.79534e+01
 40  0.01735  7.44881e+02 | 41  0.00515  1.71169e+03 | 42  0.00305 -3.88788e+03
 43  0.00433 -1.27947e+03 | 44  0.00901 -2.07063e+03 | 45  0.14515 -7.08881e+01
 46 -0.05829  2.18740e+03 | 47 -0.04839  1.34805e+03 | 48 -0.04254  2.85397e+03
 49 -0.04303  4.12612e+02 | 50 -0.02520  3.14179e+03 | 51 -0.02050  5.15020e+02
 52 -0.02139 -1.33924e+03 | 53 -0.02460 -2.23696e+03 | 54 -0.00366 -2.60281e+03
 55  0.00981  2.52561e+02 | 56  0.01035  2.97682e+03 | 57 -0.01565 -7.85535e+03
 58  0.04420 -1.35876e+03 | 59  0.00264 -2.41066e+03 | 60  0.01175  9.29000e+01
 61  0.02023  2.04426e+03 | 62  0.01223 -1.47046e+03 | 63  0.02665  6.69792e+03
 64 -0.01057 -4.61671e+03 | 65  0.03115  5.30969e+03 | 66  0.01649 -1.24639e+03
 67  0.01703 -3.41323e+02 | 68  0.04026  5.62793e+03 | 69  0.01819 -5.14560e+03
 70  0.02349 -1.65030e+03 | 71  0.02149 -2.61602e+02 | 72  0.00964 -6.11486e+02
 73 -0.00148 -5.18008e+01 | 74  0.00861  1.96176e+03 |
1 0 22528.6
1 0 22326.1
1 0 22192.6
1 0 22124.5
1 0 22057.6
1 0 22006.9
1 0 21975.1
1 0 21956.2
1 0 21952.1
1 0 21946.8
74 variables; iteration 100; function evaluation 126; phase 1
Function value   2.1946801e+04; maximum gradient component mag   7.4534e+02
Var   Value    Gradient   |Var   Value    Gradient   |Var   Value    Gradient
  1  0.25797 -1.27277e+02 |  2  0.24428 -8.33971e+01 |  3  0.17306 -2.43213e+01
  4  0.11606 -1.62144e+01 |  5  0.07744 -1.13168e+01 |  6  0.05002 -3.80925e+00
  7  0.02794 -4.84640e+00 |  8  0.00982 -1.17589e+01 |  9 -0.00314 -9.69463e+00
 10 -0.01197  9.84346e+00 | 11 -0.02278 -8.33209e+00 | 12 -0.03032 -1.05259e+01
 13 -0.03405 -7.94842e+00 | 14 -0.03478  6.77357e+00 | 15 -0.03697 -5.40291e+00
 16  0.12642 -1.01655e+02 | 17 -0.01802  2.32381e+02 | 18 -0.02158  2.72359e+01
 19 -0.02265 -1.40755e+02 | 20 -0.01951 -6.69784e+01 | 21 -0.01542 -3.81917e+01
 22 -0.01523 -8.01653e+01 | 23 -0.01258 -5.23609e+01 | 24 -0.00779 -9.20660e+01
 25 -0.00844 -1.07280e+02 | 26 -0.00637 -1.20419e+01 | 27 -0.00267  7.13466e+01
 28 -0.00135 -2.03444e+02 | 29 -0.00018 -5.65682e+01 | 30  0.00207  5.30892e+02
 31  0.00435  2.66252e+02 | 32  0.00345 -5.71910e+01 | 33  0.00555 -1.33566e+02
 34  0.00421  2.06984e+02 | 35  0.01061 -1.28439e+02 | 36  0.00764  2.30040e+02
 37  0.00641 -5.48402e+02 | 38  0.01080  1.84313e+01 | 39  0.01059 -7.68523e+01
 40  0.01267  4.09750e+01 | 41  0.01455  1.49102e+02 | 42  0.01530  1.75764e+00
 43  0.01466  5.45711e+00 | 44  0.02898  4.91858e+01 | 45  0.14215 -6.78531e+01
 46 -0.06928 -2.30208e+02 | 47 -0.05218 -5.66208e+01 | 48 -0.04932 -2.85581e+02
 49 -0.04181 -6.91377e+01 | 50 -0.03251 -2.66621e+02 | 51 -0.02634 -1.53223e+02
 52 -0.02205 -8.28857e+01 | 53 -0.01480  1.33949e+02 | 54 -0.00127  1.58342e+01
 55  0.00229 -6.05031e+01 | 56  0.00970  4.11650e+02 | 57  0.02013  1.40825e+02
 58  0.02394  7.45342e+02 | 59  0.01382 -5.49967e+01 | 60  0.01182 -1.52735e+02
 61  0.01384  1.04333e+02 | 62  0.01349 -3.44680e+02 | 63  0.01669  8.47566e+01
 64  0.01134 -1.32643e+02 | 65  0.01560 -3.93948e+01 | 66  0.01911  9.72463e+01
 67  0.01839  1.61788e+02 | 68  0.02370 -3.68061e+01 | 69  0.02773  4.21213e+01
 70  0.02502 -6.05358e+01 | 71  0.02013  2.64827e+01 | 72  0.01017  4.35257e+01
 73  0.01238  1.62303e+01 | 74 -0.03302  4.20376e+02 |
1 0 21945
1 0 21943.8
1 0 21943.1
1 0 21942.4
1 0 21941.7
1 0 21941.1
1 0 21940.3
1 0 21939.4
1 0 21938.2
1 0 21936.9
74 variables; iteration 110; function evaluation 136; phase 1
Function value   2.1936894e+04; maximum gradient component mag  -1.9961e+03
Var   Value    Gradient   |Var   Value    Gradient   |Var   Value    Gradient
  1  0.25432  9.60021e+01 |  2  0.24345  6.06064e+01 |  3  0.17779  2.90209e+01
  4  0.12655  1.50554e+01 |  5  0.09305  7.70853e+00 |  6  0.07104  1.14788e+01
  7  0.05433  1.09903e+01 |  8  0.04050  4.41091e+00 |  9  0.02998  3.89503e-01
 10  0.02305  1.28886e+00 | 11  0.01896  2.42357e+01 | 12  0.01058 -2.17739e+00
 13  0.00534  1.09156e-01 | 14  0.00229  3.53517e+00 | 15  0.00026 -5.86578e-02
 16  0.13026  2.49025e+01 | 17 -0.01532 -2.26270e+02 | 18 -0.02068  3.07557e+02
 19 -0.02144  3.28346e+01 | 20 -0.01830 -4.47223e+01 | 21 -0.01464 -4.66662e+01
 22 -0.01442 -7.29438e+01 | 23 -0.01205  4.82684e+01 | 24 -0.00737 -2.46521e+01
 25 -0.00815 -3.60218e+01 | 26 -0.00580  8.58311e+01 | 27 -0.00226  8.96401e+01
 28 -0.00113 -6.59241e+01 | 29 -0.00061  4.63011e+01 | 30 -0.00055 -2.65988e+00
 31  0.00416  3.20662e+02 | 32  0.00336 -1.22841e+02 | 33  0.00581  1.00543e+02
 34  0.00383 -5.04492e+01 | 35  0.01071 -5.71374e+01 | 36  0.00802  2.12360e+02
 37  0.00766 -1.80593e+02 | 38  0.01121 -3.71444e+00 | 39  0.01097  1.64566e+01
 40  0.01267 -7.72431e+01 | 41  0.01464  1.16723e+02 | 42  0.01542  1.86678e+01
 43  0.01377  4.76296e+00 | 44  0.02092 -7.15041e+01 | 45  0.13966 -1.99615e+03
 46 -0.07025 -4.22724e+00 | 47 -0.05356 -5.64076e+01 | 48 -0.04902  2.29155e+02
 49 -0.04266  1.19658e+02 | 50 -0.03218  3.20740e+02 | 51 -0.02679  7.22925e+01
 52 -0.02226  1.03932e+02 | 53 -0.01566  3.56588e+01 | 54 -0.00190 -1.27628e+02
 55  0.00214 -9.04015e+01 | 56  0.00913  1.07781e+02 | 57  0.02065  6.53390e+00
 58  0.02062 -3.42785e+02 | 59  0.01356 -1.37847e+02 | 60  0.01151 -2.24571e+02
 61  0.01342 -1.51974e+02 | 62  0.01340 -2.99705e+02 | 63  0.01649  6.39355e+01
 64  0.01102 -1.59520e+02 | 65  0.01582 -1.48109e+02 | 66  0.01922  1.27610e+00
 67  0.01838  3.85706e+01 | 68  0.02391  3.10479e+00 | 69  0.02795  1.48520e+02
 70  0.02551  7.75703e+01 | 71  0.02116  1.10968e+02 | 72  0.01460  1.76205e+02
 73  0.01551  1.01840e+02 | 74 -0.06539  2.95342e+02 |
1 0 21935.9
1 0 21934.9
1 0 21934.3
1 0 21933.7
1 0 21933.3
1 0 21933
1 0 21932.8
1 0 21932.6
1 0 21932.5
1 0 21932.4
74 variables; iteration 120; function evaluation 146; phase 1
Function value   2.1932369e+04; maximum gradient component mag   3.0413e+02
Var   Value    Gradient   |Var   Value    Gradient   |Var   Value    Gradient
  1  0.24982 -2.93805e+01 |  2  0.24364 -4.50448e+00 |  3  0.17691 -4.72106e+00
  4  0.12355 -3.10365e+00 |  5  0.08755 -2.45727e+00 |  6  0.06217 -2.79397e+00
  7  0.04331 -2.38017e+00 |  8  0.02887 -1.03441e+00 |  9  0.01744  4.56525e-01
 10  0.00794 -5.11053e-01 | 11  0.00029 -4.71621e+00 | 12 -0.00453  4.57027e-01
 13 -0.00821 -1.45774e-01 | 14 -0.01066 -7.20820e-01 | 15 -0.01177 -3.90174e-02
 16  0.13583 -4.76471e+01 | 17 -0.01453  7.73393e+01 | 18 -0.02081 -3.18287e+01
 19 -0.02149 -8.37034e+00 | 20 -0.01848 -9.96825e-01 | 21 -0.01471  6.82335e-01
 22 -0.01442  5.49291e+00 | 23 -0.01207 -2.27640e+01 | 24 -0.00718  1.69178e+01
 25 -0.00792  1.13846e+01 | 26 -0.00587 -2.38248e+01 | 27 -0.00247  3.64293e+01
 28 -0.00129  6.87846e+00 | 29 -0.00056 -2.75151e+01 | 30 -0.00026  8.40753e+00
 31  0.00356 -6.85316e+01 | 32  0.00360 -8.71723e+00 | 33  0.00579  9.27949e+00
 34  0.00404 -4.10738e+00 | 35  0.01052  2.11362e+01 | 36  0.00780 -1.70033e+00
 37  0.00797 -4.00005e+01 | 38  0.01118 -2.41535e+01 | 39  0.01109  2.18481e+01
 40  0.01290  2.25311e+01 | 41  0.01408  1.87118e+01 | 42  0.01501  8.65940e-01
 43  0.01341  6.62390e+01 | 44  0.02106 -8.82297e+01 | 45  0.13703  3.04131e+02
 46 -0.07068  2.72442e+01 | 47 -0.05414  2.01560e+01 | 48 -0.05022 -1.69558e+01
 49 -0.04325 -6.93101e+00 | 50 -0.03326 -2.01593e+01 | 51 -0.02714  8.02943e+00
 52 -0.02268 -1.75835e+01 | 53 -0.01577 -3.54868e+00 | 54 -0.00182 -1.03287e+01
 55  0.00229  1.13953e+01 | 56  0.00879 -1.06756e+01 | 57  0.02047 -1.28684e+01
 58  0.02148 -1.79012e+01 | 59  0.01359  6.29369e+01 | 60  0.01220  3.51756e+01
 61  0.01368 -6.56162e-01 | 62  0.01446  9.67210e+00 | 63  0.01650 -4.84991e+01
 64  0.01146 -6.69250e+00 | 65  0.01647 -3.42170e+01 | 66  0.01963  1.80624e+01
 67  0.01871  1.16816e+01 | 68  0.02483  6.53518e+01 | 69  0.02823  7.37846e+01
 70  0.02586  9.36900e+00 | 71  0.02133 -8.63078e+01 | 72  0.01444 -4.37398e+01
 73  0.01425 -1.59359e+01 | 74 -0.10783 -1.36010e+01 |
1 0 21932.3
1 0 21932.3
1 0 21932.2
1 0 21932.2
1 0 21932.2
1 0 21932.2
1 0 21932.2
1 0 21932.2
1 0 21932.2
1 0 21932.2
74 variables; iteration 130; function evaluation 156; phase 1
Function value   2.1932161e+04; maximum gradient component mag  -3.1240e+01
Var   Value    Gradient   |Var   Value    Gradient   |Var   Value    Gradient
  1  0.24965 -9.01769e-01 |  2  0.24260 -7.20328e-01 |  3  0.17650 -2.94646e-01
  4  0.12397 -1.07348e-01 |  5  0.08883 -2.95276e-02 |  6  0.06426 -3.90542e-04
  7  0.04587 -5.73251e-03 |  8  0.03159 -8.54609e-02 |  9  0.02032 -1.72580e-01
 10  0.01142 -7.50452e-04 | 11  0.00442 -5.20282e-02 | 12 -0.00092 -6.93107e-03
 13 -0.00481 -5.02758e-02 | 14 -0.00734 -7.35070e-02 | 15 -0.00859 -2.54510e-02
 16  0.13650  1.04116e+00 | 17 -0.01510  3.46927e+00 | 18 -0.02100 -2.87489e-01
 19 -0.02159  1.08714e-01 | 20 -0.01854 -1.15652e+00 | 21 -0.01479 -1.21053e+00
 22 -0.01452 -1.71812e+00 | 23 -0.01214  1.28467e+00 | 24 -0.00731  2.79596e+00
 25 -0.00806 -5.47143e-01 | 26 -0.00597 -2.15722e+00 | 27 -0.00269  1.49136e+00
 28 -0.00141 -1.13198e+00 | 29 -0.00058 -1.00463e+00 | 30 -0.00036 -1.09750e+00
 31  0.00348 -2.31425e+00 | 32  0.00351  3.07044e+00 | 33  0.00568 -1.75291e+00
 34  0.00395  3.47457e+00 | 35  0.01042 -1.52217e+00 | 36  0.00773  2.28030e+00
 37  0.00802 -3.43623e+00 | 38  0.01109  2.70873e+00 | 39  0.01080  1.37570e+00
 40  0.01250 -2.23934e+00 | 41  0.01379  2.66760e+00 | 42  0.01494 -9.72942e-01
 43  0.01367 -2.04382e-01 | 44  0.02447  1.17572e+00 | 45  0.13680 -3.12402e+01
 46 -0.07075 -2.91582e+00 | 47 -0.05410 -1.91448e+00 | 48 -0.05007  2.37815e-01
 49 -0.04315  3.09787e-01 | 50 -0.03312  2.16519e+00 | 51 -0.02704  1.86137e+00
 52 -0.02254 -4.35729e-01 | 53 -0.01569  6.97669e-01 | 54 -0.00167 -3.68882e+00
 55  0.00232  2.00922e-01 | 56  0.00888  6.37249e-03 | 57  0.02061 -2.77110e+00
 58  0.02165  4.85719e-01 | 59  0.01360 -3.83127e+00 | 60  0.01229  1.80774e+00
 61  0.01380  6.62270e-02 | 62  0.01455  3.69186e+00 | 63  0.01671  1.11528e+00
 64  0.01153  6.31486e-02 | 65  0.01671 -2.94907e+00 | 66  0.01978 -3.46172e+00
 67  0.01885  2.05078e-04 | 68  0.02477 -2.33320e+00 | 69  0.02815  3.24155e+00
 70  0.02592  6.62263e-01 | 71  0.02127  3.50181e+00 | 72  0.01324  2.48269e+00
 73  0.01326  1.59536e+00 | 74 -0.10892  2.52850e+00 |
1 0 21932.2
1 0 21932.2
1 0 21932.2
1 0 21932.2
1 0 21932.2
1 0 21932.2
1 0 21932.2
1 0 21932.2
1 0 21932.2
1 0 21932.2

 - final statistics:
74 variables; iteration 140; function evaluation 166
Function value   2.1932e+04; maximum gradient component mag   6.7522e-02
Exit code = 1;  converg criter   1.0000e-01
Var   Value    Gradient   |Var   Value    Gradient   |Var   Value    Gradient
  1  0.24961  1.21134e-02 |  2  0.24257  6.38943e-03 |  3  0.17649  3.26678e-03
  4  0.12397  1.33633e-03 |  5  0.08884  7.83146e-05 |  6  0.06429 -9.36862e-05
  7  0.04595 -2.20268e-04 |  8  0.03172  5.93485e-04 |  9  0.02049  9.50482e-04
 10  0.01159 -4.51728e-04 | 11  0.00461  2.03823e-03 | 12 -0.00072 -9.26258e-05
 13 -0.00459  3.68334e-04 | 14 -0.00711  5.11659e-04 | 15 -0.00836 -1.12724e-04
 16  0.13652 -3.18709e-02 | 17 -0.01511 -9.62132e-03 | 18 -0.02100 -4.21663e-03
 19 -0.02159  1.65001e-02 | 20 -0.01854  7.17117e-03 | 21 -0.01478  1.01352e-02
 22 -0.01451  1.01536e-02 | 23 -0.01215 -1.15867e-02 | 24 -0.00731 -9.67190e-03
 25 -0.00806  3.45529e-03 | 26 -0.00595 -1.57220e-02 | 27 -0.00269 -6.66999e-03
 28 -0.00140  4.70381e-03 | 29 -0.00057 -1.47965e-02 | 30 -0.00035 -4.06255e-03
 31  0.00350 -2.47153e-02 | 32  0.00351  1.08600e-02 | 33  0.00568  1.11746e-03
 34  0.00394 -4.05432e-03 | 35  0.01042  3.35095e-02 | 36  0.00773 -7.45922e-03
 37  0.00804 -2.64029e-02 | 38  0.01109 -1.36070e-02 | 39  0.01080  5.48303e-03
 40  0.01250  2.47866e-02 | 41  0.01378  2.00569e-03 | 42  0.01494  1.32364e-02
 43  0.01366 -1.10396e-02 | 44  0.02443  6.97624e-03 | 45  0.13679  6.75223e-02
 46 -0.07075  2.22742e-02 | 47 -0.05410  2.21584e-02 | 48 -0.05008  9.94011e-03
 49 -0.04315  4.42433e-03 | 50 -0.03313 -1.36743e-02 | 51 -0.02705 -1.56994e-02
 52 -0.02255 -4.23652e-03 | 53 -0.01569 -7.06380e-03 | 54 -0.00166 -1.10176e-02
 55  0.00231 -4.70720e-03 | 56  0.00888  1.63880e-03 | 57  0.02062 -7.87238e-03
 58  0.02165  1.42317e-02 | 59  0.01361 -7.39593e-03 | 60  0.01228  1.55499e-02
 61  0.01381  9.98084e-04 | 62  0.01453  2.04522e-03 | 63  0.01670 -2.56306e-02
 64  0.01153 -1.39690e-02 | 65  0.01672 -1.81216e-02 | 66  0.01978  2.81192e-02
 67  0.01884 -3.05023e-03 | 68  0.02478  5.05460e-02 | 69  0.02814 -5.13327e-03
 70  0.02592 -1.14397e-02 | 71  0.02127 -1.13831e-02 | 72  0.01326 -5.90437e-03
 73  0.01326 -3.48864e-03 | 74 -0.10915 -1.12254e-02 |
1 0 21932.2
B0264367
0.3 0.297298
0.254827 0.333877
0.243089 0.344935
0.239571 0.348394
0.238472 0.349489
0.238124 0.349837
0.238013 0.349948
0.237978 0.349983
0.237966 0.349995
0.237963 0.349998
0.237962 0.349999
0.237961 0.35
0.237961 0.35
0.237961 0.35
0.237961 0.35
0.237961 0.35
0.237961 0.35
0.237961 0.35
0.237961 0.35
0.237961 0.35
0.237961 0.35
2 0 21932.2

Initial statistics: 78 variables; iteration 0; function evaluation 0; phase 2
Function value   2.1932161e+04; maximum gradient component mag   5.2762e+03
Var   Value    Gradient   |Var   Value    Gradient   |Var   Value    Gradient
  1 -0.80663 -3.76099e+02 |  2 -0.44795 -1.13106e+02 |  3  0.24961  1.21134e-02
  4  0.24257  6.38943e-03 |  5  0.17649  3.26678e-03 |  6  0.12397  1.33633e-03
  7  0.08884  7.83146e-05 |  8  0.06429 -9.36862e-05 |  9  0.04595 -2.20268e-04
 10  0.03172  5.93485e-04 | 11  0.02049  9.50482e-04 | 12  0.01159 -4.51728e-04
 13  0.00461  2.03823e-03 | 14 -0.00072 -9.26258e-05 | 15 -0.00459  3.68334e-04
 16 -0.00711  5.11659e-04 | 17 -0.00836 -1.12724e-04 | 18  0.13652 -3.18709e-02
 19 -0.01511 -9.13894e-03 | 20 -0.02100 -3.73437e-03 | 21 -0.02159  1.69823e-02
 22 -0.01854  7.65348e-03 | 23 -0.01478  1.06175e-02 | 24 -0.01451  1.06360e-02
 25 -0.01215 -1.11043e-02 | 26 -0.00731 -9.18942e-03 | 27 -0.00806  3.93777e-03
 28 -0.00595 -1.52395e-02 | 29 -0.00269 -6.18748e-03 | 30 -0.00140  5.18633e-03
 31 -0.00057 -1.43140e-02 | 32 -0.00035 -3.58004e-03 | 33  0.00350 -2.42328e-02
 34  0.00351  1.13425e-02 | 35  0.00568  1.59995e-03 | 36  0.00394 -3.57181e-03
 37  0.01042  3.39919e-02 | 38  0.00773 -6.97674e-03 | 39  0.00804 -2.59204e-02
 40  0.01109 -1.31245e-02 | 41  0.01080  5.96547e-03 | 42  0.01250  2.52690e-02
 43  0.01378  2.48809e-03 | 44  0.01494  1.37188e-02 | 45  0.01366 -1.05572e-02
 46  0.02443  7.45839e-03 | 47  0.13679  6.75223e-02 | 48 -0.07075  2.21898e-02
 49 -0.05410  2.20738e-02 | 50 -0.05008  9.85548e-03 | 51 -0.04315  4.33964e-03
 52 -0.03313 -1.37591e-02 | 53 -0.02705 -1.57842e-02 | 54 -0.02255 -4.32135e-03
 55 -0.01569 -7.14866e-03 | 56 -0.00166 -1.11025e-02 | 57  0.00231 -4.79208e-03
 58  0.00888  1.55392e-03 | 59  0.02062 -7.95723e-03 | 60  0.02165  1.41469e-02
 61  0.01361 -7.48080e-03 | 62  0.01228  1.54650e-02 | 63  0.01381  9.13217e-04
 64  0.01453  1.96035e-03 | 65  0.01670 -2.57155e-02 | 66  0.01153 -1.40539e-02
 67  0.01672 -1.82065e-02 | 68  0.01978  2.80344e-02 | 69  0.01884 -3.13508e-03
 70  0.02478  5.04612e-02 | 71  0.02814 -5.21807e-03 | 72  0.02592 -1.15245e-02
 73  0.02127 -1.14679e-02 | 74  0.01326 -5.98924e-03 | 75  0.01326 -3.57351e-03
 76 -0.10915 -1.12254e-02 | 77 -0.54860  5.27619e+03 | 78 -0.43722 -1.01750e+03
2 0 21932.1
2 0 21931.9
2 0 21930.1
2 0 21927.6
2 0 21922.9
2 0 21914.3
2 0 21901.8
2 0 21879.5
2 0 21859.8
2 0 21847.3
2 0 21863.2
2 0 21843.5
2 0 21840.2

Intermediate statistics: 78 variables; iteration 10; function evaluation 13; phase 2
Function value   2.1840158e+04; maximum gradient component mag  -1.6183e+03
Var   Value    Gradient   |Var   Value    Gradient   |Var   Value    Gradient
  1 -0.76027 -5.18900e+02 |  2 -0.44160  3.18146e+01 |  3  0.24348 -2.25015e+01
  4  0.25025  3.99263e+02 |  5  0.17486  6.37310e+01 |  6  0.12241  3.40773e+01
  7  0.08799  1.85425e+01 |  8  0.06379  1.04292e+01 |  9  0.04561  6.58086e+00
 10  0.03147  4.59052e+00 | 11  0.02029  3.45242e+00 | 12  0.01143  2.75348e+00
 13  0.00447  2.30559e+00 | 14 -0.00085  2.01084e+00 | 15 -0.00471  1.81784e+00
 16 -0.00722  1.69639e+00 | 17 -0.00847  1.65240e+00 | 18  0.11985  1.37784e+03
 19 -0.02025 -9.16520e+02 | 20 -0.02812 -1.61826e+03 | 21 -0.02555 -6.74822e+02
 22 -0.02201 -2.74717e+02 | 23 -0.01827 -4.95007e+02 | 24 -0.01757 -3.96787e+02
 25 -0.01492 -2.41012e+02 | 26 -0.00897  6.50460e+00 | 27 -0.00801 -1.54866e+02
 28 -0.00411  1.23458e+02 | 29 -0.00082  4.75653e+02 | 30  0.00072  2.67971e+02
 31  0.00099  4.08107e+02 | 32 -0.00236 -6.65404e+01 | 33 -0.00121 -1.04646e+03
 34  0.00134  4.98617e+01 | 35  0.00560  1.24768e+02 | 36  0.00418  4.30549e+01
 37  0.01138 -1.62968e+01 | 38  0.01036  5.35181e+02 | 39  0.01215  6.22506e+02
 40  0.01635  1.00240e+03 | 41  0.01582  5.99313e+02 | 42  0.01800  8.03432e+02
 43  0.01764  5.67559e+02 | 44  0.01625 -3.42676e+02 | 45  0.01581  7.99665e+02
 46  0.02556 -1.79368e+02 | 47  0.13620 -1.04185e+03 | 48 -0.07488 -3.76651e+02
 49 -0.05392  1.03929e+03 | 50 -0.05013  5.60179e+02 | 51 -0.04399  2.51158e+02
 52 -0.03380  2.47905e+02 | 53 -0.02810 -4.99679e+01 | 54 -0.02456 -4.60855e+02
 55 -0.01681 -1.29494e+02 | 56 -0.00119  4.39462e+02 | 57  0.00239 -1.31359e+02
 58  0.00922 -8.09972e+01 | 59  0.02160 -7.75614e+01 | 60  0.02161 -4.95883e+02
 61  0.01206 -9.54085e+01 | 62  0.01043 -4.93288e+02 | 63  0.01338 -3.18302e+02
 64  0.01472 -3.84744e+01 | 65  0.01718  1.95936e+02 | 66  0.01197 -7.61555e+01
 67  0.01702 -2.69781e+02 | 68  0.02101 -4.07195e+02 | 69  0.01966 -2.69971e+02
 70  0.02629 -8.10485e+01 | 71  0.02995  3.72495e+01 | 72  0.02787  7.77801e+02
 73  0.02160 -2.73083e+02 | 74  0.01649  3.96199e+02 | 75  0.01241  2.10289e+01
 76 -0.12567  1.55962e+02 | 77 -0.59345 -3.50187e+02 | 78 -0.52844  3.92423e+02
2 0 21835
2 0 21827.7
2 0 21815.3
2 0 21797.1
2 0 21845.1
2 0 21790.3
2 0 21884.8
2 0 21789.9
2 0 21789.6
2 0 21789.5
2 0 21789.4
2 0 21789
78 variables; iteration 20; function evaluation 25; phase 2
Function value   2.1789202e+04; maximum gradient component mag  -1.2268e+04
Var   Value    Gradient   |Var   Value    Gradient   |Var   Value    Gradient
  1 -0.64504  1.57003e+02 |  2 -0.45708  2.73274e+02 |  3  0.22423 -1.09110e+03
  4  0.25247  7.73302e+02 |  5  0.16875  4.48782e+01 |  6  0.11491  6.30806e+00
  7  0.08333  1.39560e+01 |  8  0.06104  8.41264e+00 |  9  0.04383  3.96454e+00
 10  0.03020  1.78301e+00 | 11  0.01931  7.30418e-01 | 12  0.01064  1.86717e-01
 13  0.00380 -1.10604e-01 | 14 -0.00144 -2.86516e-01 | 15 -0.00525 -3.96871e-01
 16 -0.00773 -4.69176e-01 | 17 -0.00896 -4.77336e-01 | 18  0.11868  2.06387e+03
 19 -0.02380 -1.20117e+03 | 20 -0.02683 -1.46545e+03 | 21 -0.02196 -3.93535e+02
 22 -0.02012 -2.46163e+02 | 23 -0.01740 -6.52916e+02 | 24 -0.01617 -2.73709e+02
 25 -0.01387 -1.67920e+02 | 26 -0.00852 -3.19227e+01 | 27 -0.00767 -2.26893e+02
 28 -0.00419  4.31385e+00 | 29 -0.00167  1.99137e+02 | 30  0.00054  2.68152e+02
 31  0.00122  4.76118e+02 | 32 -0.00189  8.50444e+01 | 33 -0.00032 -9.14068e+02
 34  0.00239  2.85527e+02 | 35  0.00565 -5.11457e+01 | 36  0.00389 -4.15643e+01
 37  0.01117  1.85588e+02 | 38  0.00996  4.82979e+02 | 39  0.01137  5.51179e+02
 40  0.01533  1.08170e+03 | 41  0.01461  4.86201e+02 | 42  0.01682  7.71504e+02
 43  0.01652  5.33496e+02 | 44  0.01564 -4.55010e+02 | 45  0.01563  9.24064e+02
 46  0.02347 -3.33639e+02 | 47  0.13503 -1.22684e+04 | 48 -0.07762 -7.94545e+02
 49 -0.05286  1.73398e+03 | 50 -0.04920  1.05385e+03 | 51 -0.04459  3.47947e+02
 52 -0.03357  5.32116e+02 | 53 -0.02761  2.83241e+02 | 54 -0.02458 -2.97987e+02
 55 -0.01663  9.00039e+01 | 56 -0.00081  8.03949e+02 | 57  0.00209  2.08340e+01
 58  0.00894 -7.60672e+01 | 59  0.02138 -1.13089e+02 | 60  0.02137 -7.11082e+02
 61  0.01282  8.57528e+01 | 62  0.01106 -3.93730e+02 | 63  0.01412  4.81986e+00
 64  0.01505  2.12687e+02 | 65  0.01733  1.22341e+02 | 66  0.01207 -3.83132e+01
 67  0.01721 -3.02730e+02 | 68  0.02089 -5.72597e+02 | 69  0.01941 -3.74542e+02
 70  0.02615 -2.67038e+02 | 71  0.02943 -2.64859e+02 | 72  0.02816  8.61470e+02
 73  0.02171 -3.05480e+02 | 74  0.01869  6.54568e+02 | 75  0.01349  6.72851e+02
 76 -0.15405  3.51850e+02 | 77 -0.60272 -3.00541e+03 | 78 -0.54595  1.30388e+03
2 0 21789.6
2 0 21788.9
2 0 21788.9
2 0 21788.9
2 0 21788.9
2 0 21788.8
2 0 21788.6
2 0 21789
2 0 21788.6
2 0 21788.6
2 0 21788.6
2 0 21788.5
78 variables; iteration 30; function evaluation 37; phase 2
Function value   2.1788696e+04; maximum gradient component mag  -1.2970e+04
Var   Value    Gradient   |Var   Value    Gradient   |Var   Value    Gradient
  1 -0.64588  1.79973e+02 |  2 -0.46399  2.60720e+02 |  3  0.22291 -1.11567e+03
  4  0.24945  7.43825e+02 |  5  0.16499  3.13253e+01 |  6  0.11084 -2.67342e+00
  7  0.07988  9.58154e+00 |  8  0.05864  7.56836e+00 |  9  0.04228  4.11231e+00
 10  0.02917  1.82026e+00 | 11  0.01858  5.37827e-01 | 12  0.01007 -1.28735e-01
 13  0.00334 -4.76733e-01 | 14 -0.00183 -6.72154e-01 | 15 -0.00559 -7.89600e-01
 16 -0.00805 -8.65128e-01 | 17 -0.00927 -8.76955e-01 | 18  0.11826  2.15340e+03
 19 -0.02576 -1.16793e+03 | 20 -0.02661 -1.40583e+03 | 21 -0.02185 -4.18699e+02
 22 -0.01998 -2.34057e+02 | 23 -0.01735 -6.89277e+02 | 24 -0.01569 -1.92837e+02
 25 -0.01362 -1.50785e+02 | 26 -0.00844 -4.38887e+01 | 27 -0.00765 -2.29216e+02
 28 -0.00428 -5.26073e+01 | 29 -0.00154  2.17561e+02 | 30  0.00071  2.47927e+02
 31  0.00131  5.17989e+02 | 32 -0.00193  7.49812e+01 | 33 -0.00061 -1.01413e+03
 34  0.00224  2.50062e+02 | 35  0.00605  2.78857e+01 | 36  0.00431  6.12225e+00
 37  0.01126  1.59040e+02 | 38  0.00991  4.64948e+02 | 39  0.01140  5.35607e+02
 40  0.01523  1.05163e+03 | 41  0.01442  4.35178e+02 | 42  0.01691  7.90489e+02
 43  0.01676  5.84124e+02 | 44  0.01574 -4.16340e+02 | 45  0.01557  8.95937e+02
 46  0.02332 -3.59313e+02 | 47  0.13499 -1.29701e+04 | 48 -0.07765 -7.77835e+02
 49 -0.05295  1.73248e+03 | 50 -0.04921  1.07683e+03 | 51 -0.04507  2.43669e+02
 52 -0.03342  5.87950e+02 | 53 -0.02755  3.03354e+02 | 54 -0.02462 -2.96417e+02
 55 -0.01671  7.14371e+01 | 56 -0.00098  7.77245e+02 | 57  0.00193 -1.34313e+01
 58  0.00903 -2.35832e+01 | 59  0.02129 -1.59882e+02 | 60  0.02130 -7.50522e+02
 61  0.01257  5.92447e+01 | 62  0.01064 -4.69003e+02 | 63  0.01410 -2.10256e+01
 64  0.01522  2.40592e+02 | 65  0.01742  1.65575e+02 | 66  0.01190 -5.85821e+01
 67  0.01722 -2.81770e+02 | 68  0.02087 -5.56013e+02 | 69  0.01921 -3.91953e+02
 70  0.02598 -3.08287e+02 | 71  0.02947 -2.86984e+02 | 72  0.02810  7.90853e+02
 73  0.02155 -3.54692e+02 | 74  0.01873  6.49846e+02 | 75  0.01508  7.04912e+02
 76 -0.15600  3.78726e+02 | 77 -0.60328 -3.22810e+03 | 78 -0.54698  1.37344e+03
2 0 21788.5
2 0 21788.8
2 0 21788.5
2 0 21788.5
2 0 21788.5
2 0 21788.4
2 0 21788.3
2 0 21788.3
2 0 21788.3
2 0 21788.3
2 0 21788.3
2 0 21788.3
2 0 21788.3
2 0 21788.3
2 0 21788.3
78 variables; iteration 40; function evaluation 52; phase 2
Function value   2.1788455e+04; maximum gradient component mag  -1.2676e+04
Var   Value    Gradient   |Var   Value    Gradient   |Var   Value    Gradient
  1 -0.64571  1.74840e+02 |  2 -0.46281  2.65876e+02 |  3  0.22265 -1.11647e+03
  4  0.24770  7.25423e+02 |  5  0.16253  2.53814e+01 |  6  0.10582 -1.35624e+01
  7  0.07279 -3.15532e+00 |  8  0.05120 -3.23277e+00 |  9  0.03633  2.26686e-02
 10  0.02510  1.67226e+00 | 11  0.01589  1.08318e+00 | 12  0.00822  3.67790e-02
 13  0.00198 -6.69393e-01 | 14 -0.00289 -1.05080e+00 | 15 -0.00647 -1.25423e+00
 16 -0.00883 -1.36405e+00 | 17 -0.00999 -1.37639e+00 | 18  0.11793  2.13946e+03
 19 -0.02738 -1.12792e+03 | 20 -0.02660 -1.41462e+03 | 21 -0.02192 -4.42512e+02
 22 -0.02001 -2.54455e+02 | 23 -0.01733 -6.88214e+02 | 24 -0.01566 -1.94124e+02
 25 -0.01358 -1.37561e+02 | 26 -0.00849 -7.16028e+01 | 27 -0.00744 -2.07492e+02
 28 -0.00423 -5.66009e+01 | 29 -0.00144  2.31419e+02 | 30  0.00070  2.32530e+02
 31  0.00135  5.09241e+02 | 32 -0.00175  8.43450e+01 | 33 -0.00049 -9.95374e+02
 34  0.00241  2.77523e+02 | 35  0.00614  3.88954e+01 | 36  0.00434  1.03349e+01
 37  0.01132  1.50676e+02 | 38  0.01002  4.65443e+02 | 39  0.01143  5.41936e+02
 40  0.01518  1.02592e+03 | 41  0.01439  4.26214e+02 | 42  0.01688  7.77749e+02
 43  0.01675  5.64000e+02 | 44  0.01578 -4.07414e+02 | 45  0.01570  9.38679e+02
 46  0.02381 -3.67273e+02 | 47  0.13485 -1.26760e+04 | 48 -0.07742 -7.84196e+02
 49 -0.05280  1.72322e+03 | 50 -0.04906  1.07937e+03 | 51 -0.04487  2.53992e+02
 52 -0.03323  5.94414e+02 | 53 -0.02733  3.12600e+02 | 54 -0.02470 -3.58410e+02
 55 -0.01634  1.35997e+02 | 56 -0.00082  7.87802e+02 | 57  0.00218  1.25541e+01
 58  0.00920 -1.36177e+01 | 59  0.02138 -1.58998e+02 | 60  0.02162 -6.91005e+02
 61  0.01274  5.95114e+01 | 62  0.01087 -4.64088e+02 | 63  0.01430 -2.51605e+01
 64  0.01532  2.07529e+02 | 65  0.01757  1.64968e+02 | 66  0.01215 -2.89479e+01
 67  0.01739 -2.77280e+02 | 68  0.02099 -5.55429e+02 | 69  0.01935 -3.90091e+02
 70  0.02609 -3.15113e+02 | 71  0.02963 -2.69950e+02 | 72  0.02821  7.78408e+02
 73  0.02167 -3.99082e+02 | 74  0.01852  6.25106e+02 | 75  0.01089  6.67699e+02
 76 -0.15440  3.70013e+02 | 77 -0.60336 -3.16873e+03 | 78 -0.54717  1.34906e+03
2 0 21788.3
2 0 21788.2
2 0 21788.4
2 0 21788.2
2 0 21788.1
2 0 21788.2
2 0 21788.1
2 0 21788.1
2 0 21788.1
2 0 21788.1
2 0 21788
2 0 21788
2 0 21788
2 0 21788
2 0 21788
2 0 21788
2 0 21787.9
78 variables; iteration 50; function evaluation 69; phase 2
Function value   2.1788057e+04; maximum gradient component mag  -1.2798e+04
Var   Value    Gradient   |Var   Value    Gradient   |Var   Value    Gradient
  1 -0.64586  1.70300e+02 |  2 -0.46318  2.66553e+02 |  3  0.22327 -1.11387e+03
  4  0.24955  7.37068e+02 |  5  0.16510  3.89281e+01 |  6  0.10631 -1.77497e+01
  7  0.07203  1.09674e+01 |  8  0.04435 -1.12517e+01 |  9  0.02480 -9.38011e+00
 10  0.01074 -1.36434e+01 | 11  0.00252 -8.81546e+00 | 12 -0.00175 -6.89353e-01
 13 -0.00471  2.19183e+00 | 14 -0.00738  1.57373e+00 | 15 -0.00967  4.26178e-01
 16 -0.01133 -3.15581e-01 | 17 -0.01218 -5.54929e-01 | 18  0.11788  2.15767e+03
 19 -0.02636 -1.14362e+03 | 20 -0.02633 -1.40140e+03 | 21 -0.02173 -4.06366e+02
 22 -0.01996 -2.72806e+02 | 23 -0.01723 -6.42375e+02 | 24 -0.01569 -2.01930e+02
 25 -0.01373 -1.75748e+02 | 26 -0.00864 -8.12253e+01 | 27 -0.00745 -2.01632e+02
 28 -0.00417 -3.75965e+01 | 29 -0.00140  2.21733e+02 | 30  0.00090  2.67681e+02
 31  0.00140  5.34372e+02 | 32 -0.00188  7.28630e+01 | 33 -0.00055 -1.00540e+03
 34  0.00216  2.31103e+02 | 35  0.00595  7.50264e+00 | 36  0.00427 -7.03347e+00
 37  0.01137  1.82304e+02 | 38  0.01005  4.77589e+02 | 39  0.01146  5.62484e+02
 40  0.01521  1.04411e+03 | 41  0.01450  4.47164e+02 | 42  0.01678  7.61844e+02
 43  0.01659  5.62250e+02 | 44  0.01560 -4.37798e+02 | 45  0.01553  8.82433e+02
 46  0.02319 -3.61458e+02 | 47  0.13502 -1.27976e+04 | 48 -0.07742 -7.68015e+02
 49 -0.05288  1.73344e+03 | 50 -0.04913  1.11171e+03 | 51 -0.04494  2.61435e+02
 52 -0.03331  6.07278e+02 | 53 -0.02747  3.20316e+02 | 54 -0.02500 -4.01722e+02
 55 -0.01654  1.10299e+02 | 56 -0.00097  7.67913e+02 | 57  0.00198 -1.44752e+00
 58  0.00920  2.20181e+01 | 59  0.02135 -1.46038e+02 | 60  0.02135 -7.42539e+02
 61  0.01268  7.32899e+01 | 62  0.01062 -4.83173e+02 | 63  0.01406 -3.56655e+01
 64  0.01516  2.23090e+02 | 65  0.01746  1.63412e+02 | 66  0.01202 -3.90074e+01
 67  0.01727 -2.94122e+02 | 68  0.02078 -5.98311e+02 | 69  0.01935 -3.71479e+02
 70  0.02599 -3.04490e+02 | 71  0.02943 -3.00858e+02 | 72  0.02798  7.54279e+02
 73  0.02160 -3.42778e+02 | 74  0.01874  6.48740e+02 | 75  0.01412  6.90968e+02
 76 -0.15469  3.76679e+02 | 77 -0.60353 -3.26748e+03 | 78 -0.54740  1.38520e+03
2 0 21787.9
2 0 21787.8
2 0 21787.8
2 0 21787.8
2 0 21787.8
2 0 21787.8
2 0 21787.7
2 0 21787.7
2 0 21787.7
2 0 21787.7
2 0 21787.6
2 0 21787.5
2 0 21787.3
78 variables; iteration 60; function evaluation 82; phase 2
Function value   2.1787465e+04; maximum gradient component mag  -1.2650e+04
Var   Value    Gradient   |Var   Value    Gradient   |Var   Value    Gradient
  1 -0.64577  1.72441e+02 |  2 -0.46332  2.66796e+02 |  3  0.22342 -1.10950e+03
  4  0.24937  7.43023e+02 |  5  0.16346  1.49869e+01 |  6  0.10797 -5.35827e+00
  7  0.07352  1.51392e+01 |  8  0.04453 -1.15753e+01 |  9  0.02363 -1.46774e+00
 10  0.00565 -1.24030e+01 | 11 -0.00717 -1.17885e+01 | 12 -0.01549 -1.42332e+01
 13 -0.01881 -9.59960e+00 | 14 -0.01864 -7.19521e-01 | 15 -0.01767  3.23857e+00
 16 -0.01713  3.08650e+00 | 17 -0.01698  2.24529e+00 | 18  0.11760  2.13627e+03
 19 -0.02692 -1.13993e+03 | 20 -0.02651 -1.45353e+03 | 21 -0.02196 -4.57416e+02
 22 -0.01997 -2.68730e+02 | 23 -0.01717 -6.95719e+02 | 24 -0.01533 -7.65709e+01
 25 -0.01355 -2.01443e+02 | 26 -0.00845 -2.45477e+01 | 27 -0.00753 -2.17019e+02
 28 -0.00420 -2.79624e+01 | 29 -0.00132  2.54322e+02 | 30  0.00079  2.47996e+02
 31  0.00121  4.81020e+02 | 32 -0.00181  8.71515e+01 | 33 -0.00040 -9.79705e+02
 34  0.00229  2.41109e+02 | 35  0.00620  5.59981e+01 | 36  0.00400 -1.50741e+01
 37  0.01139  1.72853e+02 | 38  0.00978  4.18407e+02 | 39  0.01126  5.29791e+02
 40  0.01525  1.06313e+03 | 41  0.01438  4.37401e+02 | 42  0.01677  7.69415e+02
 43  0.01667  5.51142e+02 | 44  0.01591 -3.63295e+02 | 45  0.01550  8.51185e+02
 46  0.02352 -3.48864e+02 | 47  0.13503 -1.26498e+04 | 48 -0.07743 -7.90511e+02
 49 -0.05298  1.70486e+03 | 50 -0.04920  1.09491e+03 | 51 -0.04487  3.20333e+02
 52 -0.03322  6.08517e+02 | 53 -0.02721  4.05355e+02 | 54 -0.02476 -3.55921e+02
 55 -0.01655  9.67492e+01 | 56 -0.00105  7.17496e+02 | 57  0.00206 -2.07583e+01
 58  0.00924  6.44038e+00 | 59  0.02125 -1.64950e+02 | 60  0.02139 -7.29223e+02
 61  0.01283  1.03032e+02 | 62  0.01057 -5.01183e+02 | 63  0.01454  7.23950e+01
 64  0.01475  6.58069e+01 | 65  0.01761  1.84260e+02 | 66  0.01202 -2.36350e+01
 67  0.01709 -3.25551e+02 | 68  0.02092 -5.67569e+02 | 69  0.01926 -4.08827e+02
 70  0.02597 -3.30387e+02 | 71  0.02938 -3.07632e+02 | 72  0.02826  7.97824e+02
 73  0.02163 -3.30359e+02 | 74  0.01855  6.40279e+02 | 75  0.01338  6.79948e+02
 76 -0.15370  3.70734e+02 | 77 -0.60370 -3.25031e+03 | 78 -0.54767  1.37758e+03
2 0 21787.5
2 0 21787.2
2 0 21787.1
2 0 21787
2 0 21786.9
2 0 21786.8
2 0 21786.6
2 0 21785.6
2 0 21794.4
2 0 21785.4
2 0 21785.2
2 0 21784.8
2 0 21785.1
2 0 21784.6
78 variables; iteration 70; function evaluation 96; phase 2
Function value   2.1784787e+04; maximum gradient component mag  -1.2860e+04
Var   Value    Gradient   |Var   Value    Gradient   |Var   Value    Gradient
  1 -0.64645  1.69317e+02 |  2 -0.46734  2.56898e+02 |  3  0.22540 -1.01990e+03
  4  0.25449  8.94948e+02 |  5  0.17010  6.66163e+01 |  6  0.11281  2.17140e+01
  7  0.07210 -4.03278e-01 |  8  0.04205 -2.13445e+01 |  9  0.02332  2.98051e+01
 10 -0.00142 -3.79851e+01 | 11 -0.01321  1.48645e+01 | 12 -0.02836 -4.64082e-01
 13 -0.04263  4.43827e+00 | 14 -0.05775 -1.97546e+01 | 15 -0.06656 -2.72353e+01
 16 -0.06683 -8.54716e+00 | 17 -0.06423  9.53131e+00 | 18  0.11704  2.12136e+03
 19 -0.02393 -1.43182e+03 | 20 -0.02603 -1.32007e+03 | 21 -0.02180 -3.82362e+02
 22 -0.01991 -2.48619e+02 | 23 -0.01712 -6.73611e+02 | 24 -0.01539 -6.57912e+01
 25 -0.01373 -2.07386e+02 | 26 -0.00879 -1.12485e+02 | 27 -0.00762 -1.88338e+02
 28 -0.00428 -4.47541e+00 | 29 -0.00159  2.26657e+02 | 30  0.00052  2.19467e+02
 31  0.00131  5.31148e+02 | 32 -0.00142  1.98778e+02 | 33 -0.00014 -9.04696e+02
 34  0.00175  1.21979e+02 | 35  0.00553 -3.78435e+01 | 36  0.00427  8.45702e+01
 37  0.01134  2.10387e+02 | 38  0.00952  4.12137e+02 | 39  0.01075  4.65070e+02
 40  0.01545  1.17647e+03 | 41  0.01388  3.93334e+02 | 42  0.01602  6.64256e+02
 43  0.01704  6.59791e+02 | 44  0.01619 -2.51335e+02 | 45  0.01461  6.72715e+02
 46  0.02342 -3.14283e+02 | 47  0.13506 -1.28603e+04 | 48 -0.07719 -7.17117e+02
 49 -0.05299  1.70377e+03 | 50 -0.04919  1.09792e+03 | 51 -0.04481  3.32485e+02
 52 -0.03320  6.07297e+02 | 53 -0.02728  3.75726e+02 | 54 -0.02496 -3.72914e+02
 55 -0.01666  7.16593e+01 | 56 -0.00102  7.09661e+02 | 57  0.00201 -2.93379e+01
 58  0.00898 -4.77990e+01 | 59  0.02112 -1.98290e+02 | 60  0.02158 -7.18157e+02
 61  0.01333  1.85550e+02 | 62  0.01059 -4.53890e+02 | 63  0.01387 -4.04261e+01
 64  0.01499  1.26725e+02 | 65  0.01765  1.62803e+02 | 66  0.01217  4.88503e+00
 67  0.01652 -4.55090e+02 | 68  0.02121 -5.20303e+02 | 69  0.01948 -3.74973e+02
 70  0.02520 -5.01330e+02 | 71  0.02945 -2.82217e+02 | 72  0.02897  9.28533e+02
 73  0.02098 -4.31796e+02 | 74  0.01869  6.99081e+02 | 75  0.01381  6.88701e+02
 76 -0.15365  3.72027e+02 | 77 -0.60463 -3.54400e+03 | 78 -0.54886  1.48615e+03
2 0 21784.4
2 0 21784.5
2 0 21784.3
2 0 21784.1
2 0 21783.8
2 0 21783.3
2 0 21782.3
2 0 21773.9
2 0 21757.2
2 0 21767.6
2 0 21750.7
2 0 22557.4
2 0 21785.9
2 0 21750.7
2 0 21750.5
2 0 21748.9
2 0 21734.7
78 variables; iteration 80; function evaluation 113; phase 2
Function value   2.1734758e+04; maximum gradient component mag  -1.0341e+04
Var   Value    Gradient   |Var   Value    Gradient   |Var   Value    Gradient
  1 -0.64769  9.61147e+01 |  2 -0.48848  2.07617e+02 |  3  0.23364 -7.69948e+02
  4  0.25195  5.04452e+02 |  5  0.16727  1.21288e+01 |  6  0.11183 -6.87560e-03
  7  0.07740  1.20529e+01 |  8  0.05085 -8.34379e-01 |  9  0.03055  1.84152e+01
 10  0.00828 -1.10678e+01 | 11 -0.00864 -2.70958e+01 | 12 -0.01611 -1.56981e+01
 13 -0.01778  6.35430e+01 | 14 -0.03754 -4.94717e+00 | 15 -0.05522 -1.33136e+02
 16 -0.03227  1.51769e+02 | 17 -0.05435 -7.17450e+01 | 18  0.10419  1.57177e+03
 19 -0.01976 -7.74145e+02 | 20 -0.02189 -5.94226e+02 | 21 -0.02017 -1.77866e+02
 22 -0.01794 -5.02432e+01 | 23 -0.01484 -3.31508e+02 | 24 -0.01403  5.75667e-01
 25 -0.01216 -8.69640e+01 | 26 -0.00730 -5.26196e+01 | 27 -0.00707 -7.53563e+01
 28 -0.00494 -9.39371e+01 | 29 -0.00218  2.73832e+00 | 30 -0.00014  1.33036e+02
 31  0.00024  1.53512e+02 | 32 -0.00080  1.38113e+02 | 33  0.00206 -2.94968e+02
 34  0.00316  1.44682e+02 | 35  0.00575  5.95417e+01 | 36  0.00385 -4.11562e+01
 37  0.01040  2.51830e+02 | 38  0.00820  1.38308e+02 | 39  0.00874  1.63830e+02
 40  0.01216  5.30382e+02 | 41  0.01141  9.26055e+01 | 42  0.01340  2.80592e+02
 43  0.01432  3.15533e+02 | 44  0.01491  3.64958e+01 | 45  0.01332  3.33663e+02
 46  0.02115 -2.84641e+02 | 47  0.13645 -1.03410e+04 | 48 -0.07461 -3.76573e+02
 49 -0.05383  9.85958e+02 | 50 -0.04914  8.30954e+02 | 51 -0.04410  2.41481e+02
 52 -0.03336  3.73359e+02 | 53 -0.02719  2.82391e+02 | 54 -0.02389 -1.26024e+02
 55 -0.01631  7.98573e+01 | 56 -0.00152  4.93106e+02 | 57  0.00185  3.47623e+01
 58  0.00869 -6.78955e+01 | 59  0.02068  3.70649e+01 | 60  0.02176 -3.37503e+02
 61  0.01371  3.17902e+01 | 62  0.01162 -2.40198e+02 | 63  0.01396 -6.43369e+01
 64  0.01484  1.03486e+02 | 65  0.01699 -8.17337e+01 | 66  0.01167 -4.39191e+01
 67  0.01652 -2.74611e+02 | 68  0.02019 -3.29802e+02 | 69  0.01865 -2.43208e+02
 70  0.02485 -2.56551e+02 | 71  0.02828 -3.13930e+02 | 72  0.02726  2.29935e+02
 73  0.02096 -3.98845e+02 | 74  0.01764  4.32359e+02 | 75  0.01573  5.47968e+02
 76 -0.13086  3.84291e+02 | 77 -0.61292 -3.90707e+03 | 78 -0.55877  1.49432e+03
2 0 21711.7
2 0 21702.3
2 0 21703.5
2 0 21699.8
2 0 21697.1
2 0 21693.8
2 0 21692.5
2 0 21691.3
2 0 21689.9
2 0 21688.9
2 0 21687.5
78 variables; iteration 90; function evaluation 124; phase 2
Function value   2.1687486e+04; maximum gradient component mag  -1.8694e+03
Var   Value    Gradient   |Var   Value    Gradient   |Var   Value    Gradient
  1 -0.63586 -1.49393e+02 |  2 -0.51532  4.54375e+01 |  3  0.25702 -7.00790e+01
  4  0.24864 -6.45542e+01 |  5  0.16840 -1.27625e+01 |  6  0.11103 -6.04931e+00
  7  0.07451 -3.80447e+00 |  8  0.04975 -1.44211e+00 |  9  0.03144 -2.25690e+00
 10  0.01769  1.86360e+00 | 11  0.00618 -3.59308e-01 | 12 -0.00307 -2.66047e+00
 13 -0.00981 -3.35218e+00 | 14 -0.01407  2.08353e+00 | 15 -0.01763  4.69951e+00
 16 -0.02138 -7.21569e+00 | 17 -0.02184  2.16226e+00 | 18  0.08733  1.87144e+02
 19 -0.01965  9.94336e+01 | 20 -0.02038  4.68115e+01 | 21 -0.02148 -4.61667e+01
 22 -0.01878  6.90792e+00 | 23 -0.01433 -5.39800e+00 | 24 -0.01419 -1.35620e+01
 25 -0.01198  2.24150e+00 | 26 -0.00688  1.58120e+01 | 27 -0.00739 -1.93929e+01
 28 -0.00548 -2.00362e+01 | 29 -0.00198 -1.67920e+01 | 30 -0.00047 -6.15706e+00
 31 -0.00036 -1.69421e+01 | 32 -0.00024 -2.86308e+00 | 33  0.00362  5.79460e+01
 34  0.00428  2.77279e+01 | 35  0.00638  2.51338e+01 | 36  0.00437 -1.02852e+01
 37  0.01078  1.95030e+01 | 38  0.00835 -2.86776e+00 | 39  0.00884 -1.95248e+01
 40  0.01130 -1.19570e+01 | 41  0.01117 -1.96177e+01 | 42  0.01317 -1.07915e+01
 43  0.01404 -4.04482e+00 | 44  0.01515  2.11793e+01 | 45  0.01377 -3.84301e+01
 46  0.01836 -4.82654e+01 | 47  0.14604 -1.86944e+03 | 48 -0.06930  1.54596e+01
 49 -0.05320  5.98367e-01 | 50 -0.04865  7.35099e+01 | 51 -0.04220 -7.43126e+00
 52 -0.03243 -1.05179e+01 | 53 -0.02652 -4.30961e+00 | 54 -0.02238 -4.88730e+00
 55 -0.01558 -2.18708e+00 | 56 -0.00248 -1.54100e+01 | 57  0.00203 -1.81674e+01
 58  0.00875 -3.07070e+01 | 59  0.01973  4.18312e+00 | 60  0.02189  2.75494e+01
 61  0.01366 -3.82651e+00 | 62  0.01185  6.09472e+00 | 63  0.01335 -1.30396e+01
 64  0.01385 -1.15295e+00 | 65  0.01585 -2.72904e+01 | 66  0.01046 -1.35275e+01
 67  0.01587  5.68634e+00 | 68  0.01865 -2.71561e+00 | 69  0.01724 -6.07604e+00
 70  0.02330 -7.26463e+00 | 71  0.02671 -2.71785e+01 | 72  0.02441 -7.03388e+01
 73  0.02049  3.37179e+01 | 74  0.01704  6.17244e+01 | 75  0.01744  9.58707e+01
 76 -0.00717  2.08036e+02 | 77 -0.62716 -6.75586e+02 | 78 -0.60442  1.88924e+02
2 0 21686.7
2 0 21686.4
2 0 21686.3
2 0 21686.2
2 0 21686
2 0 21685.7
2 0 21685.5
2 0 21685.1
2 0 21684.7
2 0 21684.4
78 variables; iteration 100; function evaluation 134; phase 2
Function value   2.1684379e+04; maximum gradient component mag  -1.5136e+03
Var   Value    Gradient   |Var   Value    Gradient   |Var   Value    Gradient
  1 -0.62231 -1.41542e+02 |  2 -0.49541  4.90858e+01 |  3  0.26353 -1.01029e+02
  4  0.25013 -1.04257e+02 |  5  0.17078 -1.84223e+01 |  6  0.11367 -7.25659e+00
  7  0.07719 -4.52286e+00 |  8  0.05249 -2.19638e+00 |  9  0.03438 -1.62678e+00
 10  0.02061  8.79620e-01 | 11  0.00937 -1.15487e-01 | 12  0.00031 -1.57527e+00
 13 -0.00655 -2.13331e+00 | 14 -0.01129  9.16958e-01 | 15 -0.01498  2.71866e+00
 16 -0.01828 -3.92746e+00 | 17 -0.01926  3.73954e-01 | 18  0.08749  1.52722e+02
 19 -0.02138  1.58994e+02 | 20 -0.02132 -5.07011e+01 | 21 -0.02221 -1.24641e+02
 22 -0.01934 -6.40268e+01 | 23 -0.01463 -3.43373e+01 | 24 -0.01441 -1.44387e+01
 25 -0.01217 -2.02582e+01 | 26 -0.00705  7.73112e+00 | 27 -0.00753 -2.34901e+01
 28 -0.00558 -1.59681e+01 | 29 -0.00191 -6.97956e-01 | 30 -0.00043  4.42596e+00
 31 -0.00044 -9.53972e+00 | 32 -0.00012 -4.36474e+00 | 33  0.00384  2.44941e+01
 34  0.00456  2.64424e+01 | 35  0.00668  1.83143e+01 | 36  0.00476 -4.57848e+00
 37  0.01121  3.89189e+01 | 38  0.00870  9.23826e+00 | 39  0.00924  1.01508e+01
 40  0.01171  2.33978e+01 | 41  0.01159  1.04047e+01 | 42  0.01368  2.14188e+01
 43  0.01462  2.23125e+01 | 44  0.01572  3.23930e+01 | 45  0.01430  2.63293e+01
 46  0.01790 -6.71249e+01 | 47  0.15063 -1.51358e+03 | 48 -0.06817 -7.34878e+01
 49 -0.05201 -6.17237e+00 | 50 -0.04779  5.44903e+01 | 51 -0.04131  2.51348e+01
 52 -0.03163  1.71567e+01 | 53 -0.02592  1.48602e+01 | 54 -0.02195  3.83108e+00
 55 -0.01521  1.10366e+01 | 56 -0.00228  3.86588e+00 | 57  0.00214  3.89770e+00
 58  0.00884 -1.51140e+01 | 59  0.01968 -1.08910e+01 | 60  0.02178  2.33602e+01
 61  0.01351  1.66360e+01 | 62  0.01161  4.43147e+00 | 63  0.01306 -8.07752e+00
 64  0.01356  1.37912e+01 | 65  0.01542 -1.70855e+01 | 66  0.01003 -7.82000e+00
 67  0.01540 -9.00520e-01 | 68  0.01809 -1.67062e+01 | 69  0.01666 -6.99564e+00
 70  0.02263 -1.51218e+01 | 71  0.02603 -3.10827e+01 | 72  0.02378 -4.38260e+01
 73  0.01986 -2.03767e+01 | 74  0.01691  5.19441e+01 | 75  0.01710  7.69466e+01
 76  0.02930  2.72438e+02 | 77 -0.61297 -7.87363e+02 | 78 -0.56761  2.59005e+02
2 0 21683.9
2 0 21683.4
2 0 21684.1
2 0 21683.2
2 0 21682.9
2 0 21682.7
2 0 21682.5
2 0 21682.5
2 0 21682.4
2 0 21682.4
2 0 21682.4
78 variables; iteration 110; function evaluation 145; phase 2
Function value   2.1682422e+04; maximum gradient component mag  -4.2404e+01
Var   Value    Gradient   |Var   Value    Gradient   |Var   Value    Gradient
  1 -0.60184 -5.84518e+00 |  2 -0.46862  2.05769e+00 |  3  0.27340  2.00167e+00
  4  0.25568  1.16074e+00 |  5  0.17565  3.46777e-01 |  6  0.11829  1.14509e-01
  7  0.08133  5.71943e-02 |  8  0.05585  5.10863e-02 |  9  0.03695  8.06159e-03
 10  0.02234 -1.69210e-04 | 11  0.01084 -2.54115e-02 | 12  0.00176 -1.53214e-02
 13 -0.00536  1.01900e-02 | 14 -0.01080  9.58082e-03 | 15 -0.01475 -4.55654e-02
 16 -0.01732  1.12237e-03 | 17 -0.01858 -2.26947e-02 | 18  0.08919  7.04712e+00
 19 -0.02304 -3.08292e+00 | 20 -0.02223  2.88237e+00 | 21 -0.02267 -1.22939e-01
 22 -0.01961 -1.92201e+00 | 23 -0.01474 -2.13491e+00 | 24 -0.01455 -1.14644e+00
 25 -0.01228 -5.19795e-02 | 26 -0.00725 -5.18279e-02 | 27 -0.00772 -1.29899e+00
 28 -0.00576 -3.76543e-01 | 29 -0.00198 -1.86434e-01 | 30 -0.00054 -5.58226e-01
 31 -0.00060  4.13698e-01 | 32 -0.00003  9.31168e-01 | 33  0.00410  1.58914e+00
 34  0.00488  8.90801e-01 | 35  0.00704  1.06390e+00 | 36  0.00515  6.59200e-01
 37  0.01162  8.37260e-01 | 38  0.00893  2.97972e-01 | 39  0.00951 -2.14695e-01
 40  0.01194  3.47088e-01 | 41  0.01176  2.47513e-01 | 42  0.01405  5.68915e-01
 43  0.01514  1.15996e+00 | 44  0.01629  2.27756e+00 | 45  0.01484  4.42613e+00
 46  0.01773 -7.33210e+00 | 47  0.15741 -4.24036e+01 | 48 -0.06628  4.92367e+00
 49 -0.05041  4.04429e+00 | 50 -0.04648  3.14434e+00 | 51 -0.04005  2.68717e+00
 52 -0.03050  1.67130e+00 | 53 -0.02501  3.69528e-02 | 54 -0.02126 -1.46262e-01
 55 -0.01463  4.82894e-01 | 56 -0.00192 -2.15443e-01 | 57  0.00231  2.79093e-01
 58  0.00900  6.69663e-01 | 59  0.01970 -8.05204e-01 | 60  0.02158 -1.48518e+00
 61  0.01322 -1.72670e+00 | 62  0.01129 -1.43748e+00 | 63  0.01267 -1.51427e+00
 64  0.01309 -1.01176e+00 | 65  0.01476 -9.92996e-01 | 66  0.00944  1.83682e-02
 67  0.01475  7.45316e-01 | 68  0.01731  8.97089e-01 | 69  0.01581  9.07090e-01
 70  0.02167  3.08085e-01 | 71  0.02502 -7.58680e-01 | 72  0.02275 -3.23171e+00
 73  0.01892 -7.89207e+00 | 74  0.01651 -1.15638e+00 | 75  0.01652  2.11745e+00
 76  0.07038  1.05824e+01 | 77 -0.59688 -2.12471e+01 | 78 -0.53548  6.92518e+00
2 0 21682.4
2 0 21682.4
2 0 21682.4
2 0 21682.4
2 0 21682.4
2 0 21682.4
2 0 21682.4
2 0 21682.4
2 0 21682.4
2 0 21682.4
78 variables; iteration 120; function evaluation 155; phase 2
Function value   2.1682421e+04; maximum gradient component mag   1.8355e-02
Var   Value    Gradient   |Var   Value    Gradient   |Var   Value    Gradient
  1 -0.60177  4.89191e-05 |  2 -0.46850 -2.31889e-04 |  3  0.27339  1.73267e-04
  4  0.25566  8.27102e-04 |  5  0.17564 -3.21308e-04 |  6  0.11828 -8.94098e-05
  7  0.08134  6.21702e-06 |  8  0.05588  2.83689e-05 |  9  0.03699  2.01132e-05
 10  0.02241 -3.47008e-05 | 11  0.01093 -1.37573e-05 | 12  0.00186  2.58358e-05
 13 -0.00525  2.31558e-05 | 14 -0.01068 -6.98212e-05 | 15 -0.01461 -7.64327e-05
 16 -0.01717  6.66152e-05 | 17 -0.01844 -6.34046e-05 | 18  0.08921 -2.98514e-03
 19 -0.02304  1.62499e-03 | 20 -0.02224 -7.46082e-03 | 21 -0.02267 -7.32320e-04
 22 -0.01960  2.88788e-04 | 23 -0.01473  2.12833e-03 | 24 -0.01454  1.08882e-03
 25 -0.01228 -2.71973e-03 | 26 -0.00725 -3.34903e-03 | 27 -0.00771 -2.33842e-04
 28 -0.00576  8.71893e-04 | 29 -0.00198  1.94918e-04 | 30 -0.00054 -2.63801e-04
 31 -0.00060 -2.93910e-04 | 32 -0.00003  1.00728e-03 | 33  0.00409 -6.74391e-04
 34  0.00488 -9.71765e-04 | 35  0.00703  1.06682e-04 | 36  0.00514  1.92505e-03
 37  0.01161  2.58345e-03 | 38  0.00892  1.97195e-03 | 39  0.00950  2.76102e-03
 40  0.01194  3.67655e-03 | 41  0.01175  2.69996e-03 | 42  0.01405  1.42178e-03
 43  0.01513  1.35149e-05 | 44  0.01629 -3.90559e-03 | 45  0.01484 -1.31601e-02
 46  0.01778  8.70553e-03 | 47  0.15741  1.82786e-02 | 48 -0.06629  2.66462e-03
 49 -0.05041  4.08839e-03 | 50 -0.04649  1.08141e-03 | 51 -0.04005 -2.45619e-04
 52 -0.03050 -1.49696e-03 | 53 -0.02501 -1.83926e-03 | 54 -0.02126 -3.99690e-03
 55 -0.01463 -5.72224e-03 | 56 -0.00192 -6.20175e-03 | 57  0.00231 -3.35247e-03
 58  0.00901 -2.28935e-03 | 59  0.01970 -9.78615e-04 | 60  0.02159  4.02195e-04
 61  0.01322  2.92665e-03 | 62  0.01129  4.33849e-03 | 63  0.01268  2.79334e-03
 64  0.01309  4.44842e-04 | 65  0.01476 -1.17663e-03 | 66  0.00944 -1.93456e-03
 67  0.01475 -3.45343e-03 | 68  0.01731 -4.85179e-03 | 69  0.01581 -4.47974e-03
 70  0.02167 -3.72952e-03 | 71  0.02502 -1.47855e-03 | 72  0.02276  5.13853e-03
 73  0.01892  1.83553e-02 | 74  0.01650  7.76178e-03 | 75  0.01650 -7.95151e-04
 76  0.07037 -4.20771e-03 | 77 -0.59681  2.60472e-03 | 78 -0.53531 -1.60889e-04
2 0 21682.4
2 0 21682.4
2 0 21682.4

 - final statistics:
78 variables; iteration 123; function evaluation 158
Function value   2.1682e+04; maximum gradient component mag   6.2790e-04
Exit code = 1;  converg criter   1.0000e-03
Var   Value    Gradient   |Var   Value    Gradient   |Var   Value    Gradient
  1 -0.60177 -3.33649e-05 |  2 -0.46850  6.32057e-06 |  3  0.27339  9.43481e-06
  4  0.25566 -1.46725e-05 |  5  0.17564  2.34853e-05 |  6  0.11828  4.38253e-06
  7  0.08134  6.64282e-07 |  8  0.05588  7.10285e-07 |  9  0.03699  1.51548e-07
 10  0.02241  3.62112e-06 | 11  0.01093  5.23754e-07 | 12  0.00186 -2.51428e-06
 13 -0.00525 -2.69876e-06 | 14 -0.01068  3.21068e-06 | 15 -0.01461  3.16193e-06
 16 -0.01717 -6.66896e-06 | 17 -0.01844  2.14284e-06 | 18  0.08921  2.16678e-05
 19 -0.02304 -1.07873e-04 | 20 -0.02224  6.27900e-04 | 21 -0.02267  1.77226e-04
 22 -0.01960 -1.74225e-05 | 23 -0.01473 -1.95914e-04 | 24 -0.01454 -1.95450e-05
 25 -0.01228  1.26116e-04 | 26 -0.00725  8.85123e-05 | 27 -0.00771 -5.84612e-05
 28 -0.00576 -1.16790e-04 | 29 -0.00198  5.90761e-05 | 30 -0.00054  1.58329e-04
 31 -0.00060  1.01570e-04 | 32 -0.00003 -4.65505e-05 | 33  0.00409 -4.64776e-05
 34  0.00488 -1.53943e-04 | 35  0.00703 -2.06689e-04 | 36  0.00514 -1.83598e-04
 37  0.01161 -3.91896e-05 | 38  0.00892  5.01686e-05 | 39  0.00950  6.34107e-05
 40  0.01194  4.93683e-05 | 41  0.01175  4.28312e-05 | 42  0.01405  5.34372e-05
 43  0.01513 -2.99626e-05 | 44  0.01629 -5.26087e-05 | 45  0.01484 -1.19906e-04
 46  0.01778 -1.93265e-04 | 47  0.15741 -4.93361e-04 | 48 -0.06629 -1.78015e-04
 49 -0.05041 -2.56391e-04 | 50 -0.04649  1.22262e-04 | 51 -0.04005  3.06136e-04
 52 -0.03050  3.33418e-04 | 53 -0.02501  2.24956e-04 | 54 -0.02126  1.70929e-04
 55 -0.01463  1.28779e-04 | 56 -0.00192  1.36315e-04 | 57  0.00231 -4.09473e-05
 58  0.00901 -1.61686e-04 | 59  0.01970 -2.30900e-04 | 60  0.02159 -1.95737e-04
 61  0.01322 -2.53899e-04 | 62  0.01129 -2.82074e-04 | 63  0.01268 -1.01505e-04
 64  0.01309  8.30085e-05 | 65  0.01476  1.10262e-04 | 66  0.00944  9.24190e-05
 67  0.01475  1.40941e-04 | 68  0.01731  1.28246e-04 | 69  0.01581  9.42563e-05
 70  0.02167  1.56053e-05 | 71  0.02502 -7.21629e-05 | 72  0.02276 -1.50434e-04
 73  0.01892 -1.91275e-04 | 74  0.01650 -2.41394e-05 | 75  0.01650  2.66354e-05
 76  0.07037  1.59316e-04 | 77 -0.59681 -2.08300e-04 | 78 -0.53531  5.67620e-05
2 0 21682.4
B043165.1
0.3 0.644053
0.552045 0.51702
0.815481 0.442121
1.03012 0.402241
1.18387 0.380544
1.28719 0.368246
1.35429 0.361049
1.39705 0.356749
1.42398 0.354143
1.44084 0.352552
1.45135 0.351575
1.45788 0.350973
1.46193 0.350602
1.46445 0.350372
1.46601 0.350231
1.46697 0.350143
1.46757 0.350088
1.46794 0.350055
1.46817 0.350034
1.46831 0.350021
1.4684 0.350021
FutMOrt1.44719
FutMOrt1.44719
FutMOrt1.44719
FutMOrt1.44719
FutMOrt1.44719
FutMOrt1.44719
FutMOrt1.44719
FutMOrt1.44719
FutMOrt1.44719
FutMOrt1.44719
Survey Bio53.2079
Survey len10766.6
CPUE45.0994
Catch4.73571
Catch len10789.3
initsmo_penal19.8587
F_pen0.54708
Rec_pen3.08719
M_pen0


Starting time: Sun Jun 17 22:01:26 2018
Finishing time: Sun Jun 17 22:02:01 2018
This run took: 0 hours, 0 minutes, 35 seconds.

