survYears 69 70 71 72 73 74 75 76 77 78 79 80 81 82 83 84 85 86 87 88 89 90 91 92 93 94 95 96 97
SurvLenYear 69 70 71 72 73 74 75 76 77 78 79 80 81 82 83 84 85 86 87 88 89 90 91 92 93 94 95 96 97
catchBiomass 6151.9 6180.23 6991.95 10555 14067.7 18115 22287 24806.4 31834.6 39417 51778.5 63308.5 84547.9 100830 105342 93267.8 89609.5 78862.1 89107.4 87639.4 79934.5 94073.7 91677.8 98422.6 107324 111920 111207 104469 0.979163
steep0.999
25
Out
1 0 86039.3

Initial statistics: 75 variables; iteration 0; function evaluation 0; phase 1
Function value   8.6039266e+04; maximum gradient component mag  -4.7173e+05
Var   Value    Gradient   |Var   Value    Gradient   |Var   Value    Gradient
  1  0.22002 -2.84048e+02 |  2  0.21083  8.43971e+02 |  3  0.19100  1.39511e+03
  4  0.19106  2.04123e+03 |  5  0.17953  1.85213e+03 |  6  0.15927  1.25030e+03
  7  0.15563  1.34474e+03 |  8  0.14104  1.06882e+03 |  9  0.10802  4.22362e+02
 10  0.09965  4.26573e+02 | 11  0.09272  3.87854e+02 | 12  0.08329  3.12406e+02
 13  0.07409  2.93403e+02 | 14  0.05413 -9.03384e+01 | 15  0.11146  8.07441e+02
 16  0.00359  2.49597e+04 | 17  0.00000 -1.79179e+04 | 18  0.00000 -2.38170e+03
 19  0.00000 -1.60994e+03 | 20  0.00000 -1.20212e+03 | 21  0.00000  6.68222e+02
 22  0.00000  1.08252e+03 | 23  0.00000  1.82244e+03 | 24  0.00000  6.04175e+03
 25  0.00000  7.59385e+03 | 26  0.00000  1.00259e+04 | 27  0.00000  1.07919e+04
 28  0.00000  1.24646e+04 | 29  0.00000  9.99948e+03 | 30  0.00000  7.22271e+03
 31  0.00000  4.09311e+03 | 32  0.00000  4.92421e+03 | 33  0.00000  4.15331e+03
 34  0.00000  7.41831e+03 | 35  0.00000  5.17558e+03 | 36  0.00000  5.45674e+03
 37  0.00000  9.21245e+03 | 38  0.00000  6.44013e+03 | 39  0.00000  7.41420e+03
 40  0.00000  5.25486e+03 | 41  0.00000 -3.46854e+03 | 42  0.00000 -2.49509e+04
 43  0.00000 -7.46587e+04 | 44  0.00000 -1.61561e+05 | 45  0.00000  1.60495e+05
 46  0.07503 -4.71734e+05 | 47  0.00000  3.86507e+04 | 48  0.00000  2.70339e+04
 49  0.00000  2.14399e+04 | 50  0.00000  1.58072e+04 | 51  0.00000  1.02674e+04
 52  0.00000  5.51111e+03 | 53  0.00000 -5.13347e+02 | 54  0.00000 -7.02724e+03
 55  0.00000 -1.51883e+04 | 56  0.00000 -1.97224e+04 | 57  0.00000 -2.44530e+04
 58  0.00000 -2.85079e+04 | 59  0.00000 -2.74686e+04 | 60  0.00000 -2.38187e+04
 61  0.00000 -2.28555e+04 | 62  0.00000 -2.27293e+04 | 63  0.00000 -2.30070e+04
 64  0.00000 -2.37785e+04 | 65  0.00000 -2.34359e+04 | 66  0.00000 -2.59847e+04
 67  0.00000 -2.64797e+04 | 68  0.00000 -2.57648e+04 | 69  0.00000 -2.32794e+04
 70  0.00000 -1.12667e+04 | 71  0.00000  2.04734e+04 | 72  0.00000  7.88433e+04
 73  0.00000  9.70472e+04 | 74  0.00000  3.83664e+04 | 75  0.00000  2.18404e+04
1 0 86039.2
1 0 86039
1 0 86037
1 0 86017.1
1 0 85817.8
1 0 83891.4
1 0 79518.8
1 0 45641
1 0 66063.1
1 0 33420
1 0 54423.8
1 0 29846.6
1 0 28783.8
1 0 28269.3
1 0 27719.3
1 0 27554.9
1 0 27431.1
1 0 27334.6

Intermediate statistics: 75 variables; iteration 10; function evaluation 18; phase 1
Function value   2.7334715e+04; maximum gradient component mag  -9.6323e+04
Var   Value    Gradient   |Var   Value    Gradient   |Var   Value    Gradient
  1  0.24994  1.97005e+03 |  2  0.20555  1.31801e+03 |  3  0.16489  1.02681e+03
  4  0.15101  1.06368e+03 |  5  0.14331  1.00249e+03 |  6  0.13477  8.58931e+02
  7  0.12928  8.13604e+02 |  8  0.11950  6.92373e+02 |  9  0.10035  4.06436e+02
 10  0.09116  3.53596e+02 | 11  0.08479  3.23503e+02 | 12  0.07696  2.73569e+02
 13  0.06790  2.18345e+02 | 14  0.05960  4.58057e+01 | 15  0.09323  5.12672e+02
 16  0.04402  1.77528e+04 | 17 -0.07312 -4.04781e+03 | 18 -0.03838 -1.86520e+03
 19 -0.03531 -6.44380e+03 | 20 -0.01341 -2.93988e+03 | 21 -0.00363 -2.82769e+03
 22  0.00185 -4.18853e+03 | 23  0.00684 -2.22998e+03 | 24  0.00852 -2.55511e+03
 25  0.03054  5.96696e+03 | 26  0.02134 -5.99328e+03 | 27  0.02757  3.41252e+03
 28  0.05175  7.19261e+03 | 29  0.03663  1.27054e+03 | 30  0.01831  6.65590e+03
 31  0.00510 -1.19782e+03 | 32  0.01510 -2.61608e+03 | 33  0.02728 -7.84106e+02
 34  0.02844  9.00687e+02 | 35  0.03214 -2.00832e+03 | 36  0.03568  2.59289e+03
 37  0.04546  3.34623e+03 | 38  0.03588  1.35354e+03 | 39  0.05508  4.07950e+03
 40  0.05186  3.74587e+03 | 41  0.04469  6.23829e+02 | 42  0.05594  3.29693e+03
 43  0.02591  3.63545e+03 | 44 -0.05103 -1.68804e+04 | 45 -0.49093  7.63346e+03
 46  0.13261 -9.63233e+04 | 47 -0.19334 -3.50347e+03 | 48 -0.06176  2.34193e+03
 49 -0.05385  2.63221e+03 | 50 -0.04095  3.43784e+03 | 51 -0.02613  5.75021e+03
 52 -0.02763  3.83908e+03 | 53 -0.02605  2.61409e+03 | 54 -0.02399 -1.93527e+03
 55  0.00802  2.16225e+03 | 56 -0.00008  5.88820e+02 | 57 -0.01740 -4.11163e+03
 58  0.03443 -1.02263e+04 | 59  0.02058 -1.02291e+04 | 60 -0.03115 -5.63150e+03
 61  0.00153 -4.18403e+03 | 62  0.01554 -1.70152e+03 | 63 -0.00126 -2.52364e+03
 64  0.02849  2.00553e+03 | 65 -0.02472 -3.73343e+03 | 66  0.02905 -1.94415e+03
 67  0.02124 -2.55522e+03 | 68 -0.01316 -3.74447e+03 | 69  0.03653 -4.43517e+03
 70  0.02201 -2.09773e+03 | 71  0.03067  1.34042e+03 | 72  0.06120  3.69712e+03
 73  0.08069  5.25445e+03 | 74  0.16118  2.33372e+04 | 75 -0.00982  3.54592e+03
1 0 27272.6
1 0 27292.8
1 0 27245.9
1 0 27218.7
1 0 27183.2
1 0 27185
1 0 27166
1 0 27145.9
1 0 27136.1
1 0 27121.6
1 0 27128.2
1 0 27115.8
1 0 27107.8
75 variables; iteration 20; function evaluation 31; phase 1
Function value   2.7107778e+04; maximum gradient component mag  -9.9649e+04
Var   Value    Gradient   |Var   Value    Gradient   |Var   Value    Gradient
  1  0.25687  1.87850e+03 |  2  0.19614  3.28136e+01 |  3  0.12027 -4.48426e+01
  4  0.08366 -4.17586e+00 |  5  0.08006  7.34697e+01 |  6  0.08800  1.69293e+02
  7  0.08311  9.35835e+01 |  8  0.08239  9.22519e+01 |  9  0.08410  1.30688e+02
 10  0.07639  7.27318e+01 | 11  0.07107  6.90182e+01 | 12  0.06577  6.36352e+01
 13  0.05925  1.13134e+01 | 14  0.06455  7.41084e+01 | 15  0.06462  5.77107e+01
 16  0.04435  2.00275e+04 | 17 -0.09426 -3.19885e+03 | 18 -0.03017 -4.85022e+03
 19 -0.02223 -5.59305e+03 | 20 -0.00414 -2.56877e+03 | 21  0.00291 -1.44168e+03
 22  0.00673 -2.36277e+03 | 23  0.00866 -1.77356e+03 | 24  0.01020 -2.16369e+03
 25  0.02612  3.25813e+03 | 26  0.02225 -3.72712e+03 | 27  0.02888  3.06066e+03
 28  0.04858  5.37275e+03 | 29  0.03624  2.49102e+03 | 30  0.01409  2.54879e+03
 31  0.00804  4.42439e+02 | 32  0.02019 -1.56279e+03 | 33  0.02772 -1.33630e+02
 34  0.02943  7.25001e+02 | 35  0.03043 -5.05657e+03 | 36  0.03583  3.58499e+03
 37  0.04455  2.55124e+03 | 38  0.03503  3.13716e+01 | 39  0.05445  3.93696e+03
 40  0.05254  4.59467e+03 | 41  0.04083 -4.53109e+02 | 42  0.05298  9.89636e+02
 43  0.02810  3.97263e+03 | 44 -0.05523 -1.30502e+04 | 45 -0.51202  7.31421e+03
 46  0.13665 -9.96492e+04 | 47 -0.17186 -3.67355e+03 | 48 -0.06125  2.13923e+03
 49 -0.05326  2.27681e+03 | 50 -0.04440  1.62174e+03 | 51 -0.03142  2.38184e+03
 52 -0.03306  1.24853e+03 | 53 -0.03089  6.60698e+02 | 54 -0.02224 -1.42511e+03
 55 -0.00124  2.26641e+02 | 56 -0.00216 -3.79093e+02 | 57 -0.01745 -3.77838e+03
 58  0.03360 -7.99592e+03 | 59  0.01381 -8.07536e+03 | 60 -0.03488 -5.29764e+03
 61  0.00434 -4.33603e+03 | 62  0.01062 -2.80065e+03 | 63 -0.00692 -3.00539e+03
 64  0.02795  4.01959e+03 | 65 -0.02707 -3.61891e+03 | 66  0.02428 -2.68499e+03
 67  0.01936 -1.83155e+03 | 68 -0.01778 -3.66328e+03 | 69  0.03212 -5.99559e+03
 70  0.02084 -3.09557e+03 | 71  0.01975  6.08946e+02 | 72  0.06226  8.88353e+03
 73  0.09746  9.23219e+03 | 74  0.17416  2.45799e+04 | 75  0.01712  3.80450e+03
1 0 27105.2
1 0 27101.8
1 0 27099.2
1 0 27099.3
1 0 27097.9
1 0 27096.7
1 0 27094.7
1 0 27092.4
1 0 27092
1 0 27091.3
1 0 27090.1
1 0 27090.6
1 0 27089.9
75 variables; iteration 30; function evaluation 44; phase 1
Function value   2.7089979e+04; maximum gradient component mag  -9.6663e+04
Var   Value    Gradient   |Var   Value    Gradient   |Var   Value    Gradient
  1  0.25650  1.60640e+03 |  2  0.20867  7.70404e+02 |  3  0.13435  2.14473e+02
  4  0.07197 -6.53736e+01 |  5  0.06001  1.43871e+01 |  6  0.07022  1.47615e+02
  7  0.06916  9.19130e+01 |  8  0.07249  1.07393e+02 |  9  0.07768  1.57383e+02
 10  0.07359  1.17878e+02 | 11  0.06852  9.98383e+01 | 12  0.06390  8.53511e+01
 13  0.06089  6.56878e+01 | 14  0.06350  1.16163e+02 | 15  0.05821  6.26854e+01
 16  0.03961  1.89783e+04 | 17 -0.10680 -3.17572e+03 | 18 -0.02759 -3.41683e+03
 19 -0.02231 -6.10246e+03 | 20 -0.00451 -2.70418e+03 | 21  0.00202 -1.80421e+03
 22  0.00713 -2.06256e+03 | 23  0.00912 -1.61623e+03 | 24  0.01071 -1.67779e+03
 25  0.02404  2.35926e+03 | 26  0.02136 -3.67217e+03 | 27  0.02858  2.62987e+03
 28  0.04600  5.45421e+03 | 29  0.03635  1.22647e+03 | 30  0.01831  4.29185e+03
 31  0.00678 -1.13510e+03 | 32  0.02198 -6.50990e+02 | 33  0.03014  5.71354e+02
 34  0.02833 -3.92176e+02 | 35  0.02963 -5.61870e+03 | 36  0.03673  3.99446e+03
 37  0.04402  2.11805e+03 | 38  0.03582  2.78044e+02 | 39  0.05032  3.62215e+03
 40  0.05175  3.52286e+03 | 41  0.04389  3.05402e+02 | 42  0.05439  1.14263e+03
 43  0.03028  4.24436e+03 | 44 -0.05348 -1.34503e+04 | 45 -0.50548  7.83081e+03
 46  0.13686 -9.66627e+04 | 47 -0.19035 -3.54636e+03 | 48 -0.05880  2.98716e+03
 49 -0.05326  2.51137e+03 | 50 -0.04506  1.79878e+03 | 51 -0.03162  2.45602e+03
 52 -0.03351  9.60069e+02 | 53 -0.03108  1.40084e+02 | 54 -0.02237 -1.54072e+03
 55 -0.00253  4.60471e+01 | 56 -0.00383 -7.08969e+02 | 57 -0.01245 -4.02693e+03
 58  0.02989 -7.89062e+03 | 59  0.01941 -8.37691e+03 | 60 -0.05048 -5.24244e+03
 61  0.00314 -4.66512e+03 | 62  0.01128 -3.62113e+03 | 63 -0.00463 -2.74689e+03
 64  0.02753  5.27372e+03 | 65 -0.02620 -3.64297e+03 | 66  0.02452 -2.60410e+03
 67  0.01669 -2.18712e+03 | 68 -0.00493 -3.40896e+03 | 69  0.02876 -4.97973e+03
 70  0.02223 -2.65760e+03 | 71  0.02089  7.21165e+02 | 72  0.06113  8.54096e+03
 73  0.09672  9.61188e+03 | 74  0.16958  2.36080e+04 | 75  0.04096  3.84279e+03
1 0 27089.3
1 0 27088.4
1 0 27087.8
1 0 27087.7
1 0 27087.4
1 0 27087.2
1 0 27087.1
1 0 27086.8
1 0 27086.4
1 0 27086.2
75 variables; iteration 40; function evaluation 54; phase 1
Function value   2.7086404e+04; maximum gradient component mag  -9.3261e+04
Var   Value    Gradient   |Var   Value    Gradient   |Var   Value    Gradient
  1  0.25572  1.40689e+03 |  2  0.20952  7.33312e+02 |  3  0.13415  1.57911e+02
  4  0.08236  2.99572e+01 |  5  0.05825 -1.77266e+01 |  6  0.06320  9.85978e+01
  7  0.06438  7.23288e+01 |  8  0.06979  9.65142e+01 |  9  0.07499  1.31689e+02
 10  0.07245  1.00623e+02 | 11  0.06935  9.15304e+01 | 12  0.06608  8.63921e+01
 13  0.06196  6.56052e+01 | 14  0.06082  7.45896e+01 | 15  0.05950  6.78456e+01
 16  0.03906  1.87229e+04 | 17 -0.10900 -3.12799e+03 | 18 -0.02747 -3.25729e+03
 19 -0.02278 -6.45086e+03 | 20 -0.00391 -2.49603e+03 | 21  0.00255 -1.76871e+03
 22  0.00739 -1.97608e+03 | 23  0.00922 -1.70898e+03 | 24  0.01099 -1.82125e+03
 25  0.02527  2.95902e+03 | 26  0.02193 -3.67171e+03 | 27  0.02978  2.66172e+03
 28  0.04077  4.59186e+03 | 29  0.03702  1.21931e+03 | 30  0.02323  4.28854e+03
 31  0.00721 -1.32447e+03 | 32  0.02221 -4.60317e+02 | 33  0.02960  7.04910e+02
 34  0.02837 -6.46015e+02 | 35  0.02952 -5.97446e+03 | 36  0.03565  4.33529e+03
 37  0.04378  2.46565e+03 | 38  0.03666  3.34696e+02 | 39  0.04916  3.62894e+03
 40  0.05169  3.73431e+03 | 41  0.04379  9.99101e+00 | 42  0.05453  1.18124e+03
 43  0.03038  4.37763e+03 | 44 -0.05349 -1.31573e+04 | 45 -0.50681  7.63385e+03
 46  0.13751 -9.32612e+04 | 47 -0.18732 -3.73213e+03 | 48 -0.06039  2.44483e+03
 49 -0.05367  2.30902e+03 | 50 -0.04494  1.71245e+03 | 51 -0.03229  2.20451e+03
 52 -0.03399  8.98611e+02 | 53 -0.03135  2.06671e+02 | 54 -0.02247 -1.73957e+03
 55 -0.00338 -2.90728e+02 | 56 -0.00462 -9.37491e+02 | 57 -0.00226 -3.64943e+03
 58  0.02285 -5.69327e+03 | 59  0.02742 -6.90986e+03 | 60 -0.06908 -5.18195e+03
 61  0.00515 -4.27741e+03 | 62  0.00969 -3.62031e+03 | 63 -0.00503 -2.66434e+03
 64  0.02835  6.13697e+03 | 65 -0.02368 -3.63185e+03 | 66  0.02185 -3.18603e+03
 67  0.01651 -2.67606e+03 | 68 -0.00271 -3.58627e+03 | 69  0.02661 -5.37762e+03
 70  0.02241 -2.89447e+03 | 71  0.01994  6.38320e+02 | 72  0.06128  8.79759e+03
 73  0.09667  9.45341e+03 | 74  0.17013  2.34512e+04 | 75  0.05199  3.78684e+03
1 0 27086.8
1 0 27086.2
1 0 27086.1
1 0 27085.9
1 0 27085.7
1 0 27085.4
1 0 27084.9
1 0 27084.2
1 0 27083.6
1 0 27082.7
1 0 27081.9
75 variables; iteration 50; function evaluation 65; phase 1
Function value   2.7082056e+04; maximum gradient component mag  -9.2887e+04
Var   Value    Gradient   |Var   Value    Gradient   |Var   Value    Gradient
  1  0.25520  1.46330e+03 |  2  0.20886  7.37859e+02 |  3  0.13889  2.32655e+02
  4  0.08764  5.59642e+01 |  5  0.06376  2.55815e+01 |  6  0.06050  8.77695e+01
  7  0.05662  4.27479e+01 |  8  0.06309  8.20388e+01 |  9  0.07145  1.31920e+02
 10  0.07195  1.08723e+02 | 11  0.07172  1.12213e+02 | 12  0.06932  1.08287e+02
 13  0.06407  7.29801e+01 | 14  0.06312  8.92713e+01 | 15  0.06116  7.61509e+01
 16  0.04063  1.90479e+04 | 17 -0.10624 -3.18197e+03 | 18 -0.02735 -3.06559e+03
 19 -0.02278 -6.45829e+03 | 20 -0.00426 -2.71909e+03 | 21  0.00272 -1.46230e+03
 22  0.00700 -2.32039e+03 | 23  0.00945 -1.32148e+03 | 24  0.01049 -2.11034e+03
 25  0.02508  2.77168e+03 | 26  0.02270 -3.15196e+03 | 27  0.03019  2.89612e+03
 28  0.04136  4.62936e+03 | 29  0.03669  1.14494e+03 | 30  0.02220  4.25699e+03
 31  0.00648 -1.31935e+03 | 32  0.02186 -4.15909e+02 | 33  0.03032  6.74967e+02
 34  0.02816 -6.03306e+02 | 35  0.02925 -6.15098e+03 | 36  0.03750  4.39015e+03
 37  0.04409  2.63726e+03 | 38  0.03568  3.69124e+02 | 39  0.05098  3.58688e+03
 40  0.05113  3.78754e+03 | 41  0.04164 -7.24189e+02 | 42  0.05466  1.43092e+03
 43  0.02981  4.11880e+03 | 44 -0.05369 -1.29492e+04 | 45 -0.50842  7.51021e+03
 46  0.13817 -9.28867e+04 | 47 -0.18314 -3.85490e+03 | 48 -0.06059  2.55216e+03
 49 -0.05383  2.42941e+03 | 50 -0.04589  1.57054e+03 | 51 -0.03220  2.40810e+03
 52 -0.03458  7.87933e+02 | 53 -0.03170  2.79028e+02 | 54 -0.02290 -1.56074e+03
 55 -0.00390 -3.68964e+02 | 56 -0.00488 -1.15525e+03 | 57 -0.00372 -3.83846e+03
 58  0.02342 -5.90809e+03 | 59  0.02626 -7.11657e+03 | 60 -0.06931 -5.23469e+03
 61  0.00257 -4.54673e+03 | 62  0.01063 -3.68686e+03 | 63 -0.00506 -2.69229e+03
 64  0.02726  6.13726e+03 | 65 -0.02316 -3.52824e+03 | 66  0.02294 -3.12337e+03
 67  0.01547 -2.82257e+03 | 68 -0.00723 -3.64210e+03 | 69  0.02894 -5.39298e+03
 70  0.01980 -2.65063e+03 | 71  0.02065  9.73504e+02 | 72  0.06043  8.56900e+03
 73  0.09659  9.45915e+03 | 74  0.17051  2.35039e+04 | 75  0.05955  3.78628e+03
1 0 27080.5
1 0 27077.7
1 0 27064.6
1 0 27097.9
1 0 27060.7
1 0 27053.9
1 0 27042.7
1 0 27045.1
1 0 27037.8
1 0 27028.5
1 0 27010.3
1 0 26884.1
1 0 26715.3
1 0 26510
75 variables; iteration 60; function evaluation 79; phase 1
Function value   2.6510140e+04; maximum gradient component mag  -9.7422e+04
Var   Value    Gradient   |Var   Value    Gradient   |Var   Value    Gradient
  1  0.24949  3.83607e+03 |  2  0.22040  3.75594e+03 |  3  0.16025  1.51238e+03
  4  0.10402  4.00467e+02 |  5  0.09731  5.38334e+02 |  6  0.09651  7.45260e+02
  7  0.05148  4.57814e+02 |  8 -0.06298 -4.07771e+02 |  9 -0.04932 -1.39475e+02
 10  0.01336  1.65957e+02 | 11  0.05807  3.32110e+02 | 12  0.09652  8.82562e+02
 13  0.10171  9.46616e+02 | 14  0.08848  5.00931e+02 | 15  0.12447  1.62969e+03
 16  0.05295  2.17424e+04 | 17 -0.08981 -4.60305e+03 | 18 -0.02399 -7.86596e+02
 19 -0.01813 -2.00809e+03 | 20 -0.00171  4.61516e+02 | 21  0.00367 -4.33127e+02
 22  0.00603 -2.52164e+03 | 23  0.01128 -3.06737e+02 | 24  0.01713 -9.28163e+02
 25  0.02898  4.04167e+03 | 26  0.02289 -3.09633e+03 | 27  0.03257  3.01599e+03
 28  0.03994  4.44503e+03 | 29  0.03355  1.19386e+03 | 30  0.01778  1.42098e+03
 31  0.00375 -2.51053e+03 | 32  0.02179  1.50949e+02 | 33  0.02565  8.55824e+02
 34  0.02608 -7.19286e+02 | 35  0.02731 -5.56482e+03 | 36  0.03259  4.58384e+03
 37  0.04277  1.98128e+03 | 38  0.03967  6.52384e+02 | 39  0.05477  4.58137e+03
 40  0.04661  2.84412e+03 | 41  0.03194 -3.23074e+03 | 42  0.04432 -8.58059e+01
 43  0.02648  2.53968e+03 | 44 -0.04709 -1.09530e+04 | 45 -0.51088  3.01653e+03
 46  0.13806 -9.74221e+04 | 47 -0.09540  6.41191e+02 | 48 -0.06374  2.37784e+03
 49 -0.05635  8.63587e+02 | 50 -0.04632 -1.59416e+02 | 51 -0.03533  1.60277e+02
 52 -0.04077 -1.21138e+03 | 53 -0.02782  2.01038e+02 | 54 -0.01812 -1.85171e+03
 55 -0.00691 -1.41392e+03 | 56 -0.00153 -3.86227e+02 | 57  0.00217 -2.89192e+03
 58  0.02309 -4.98592e+03 | 59  0.02714 -4.57157e+03 | 60 -0.09126 -4.75936e+03
 61  0.01005 -3.17258e+03 | 62  0.00668 -3.75566e+03 | 63 -0.00573 -2.80341e+03
 64  0.02752  4.89338e+03 | 65 -0.02520 -3.89323e+03 | 66  0.01813 -3.99265e+03
 67  0.01833 -2.11387e+03 | 68  0.00509 -2.02665e+03 | 69  0.03161 -3.55292e+03
 70  0.02207 -7.04352e+02 | 71  0.01563  1.06700e+03 | 72  0.05723  7.93569e+03
 73  0.08618  7.52055e+03 | 74  0.16165  2.04318e+04 | 75  0.00653  3.75870e+03
1 0 26357.8
1 0 26559
1 0 26303.6
1 0 26293.6
1 0 26272.1
1 0 26315.8
1 0 26263.1
1 0 26256.7
1 0 26260.2
1 0 26254.1
1 0 26251
1 0 26255.9
1 0 26250.1
1 0 26248.6
1 0 26248.9
1 0 26248
75 variables; iteration 70; function evaluation 95; phase 1
Function value   2.6248180e+04; maximum gradient component mag  -9.9786e+04
Var   Value    Gradient   |Var   Value    Gradient   |Var   Value    Gradient
  1  0.24434  3.62110e+03 |  2  0.22027  4.11839e+03 |  3  0.13219  5.04755e+02
  4  0.14888  1.87753e+03 |  5  0.11639  1.16121e+03 |  6  0.02371 -1.55909e+02
  7  0.01574  2.51076e+02 |  8 -0.03426 -1.59415e+02 |  9 -0.02538  2.98552e+01
 10 -0.01135 -1.32914e+02 | 11  0.06308  4.90905e+02 | 12  0.11077  1.45684e+03
 13  0.09044  8.82277e+02 | 14  0.04143 -2.29957e+02 | 15  0.13963  2.77594e+03
 16  0.06205  2.36653e+04 | 17 -0.08000 -5.65057e+03 | 18 -0.02203 -2.36281e+03
 19 -0.01389 -9.27108e+02 | 20  0.00277  2.41875e+03 | 21  0.00881  5.54182e+02
 22  0.01040 -1.00354e+03 | 23  0.01202  2.48326e+02 | 24  0.01565 -5.22493e+02
 25  0.02638  3.05071e+03 | 26  0.02092 -2.90294e+03 | 27  0.02949  3.22230e+03
 28  0.03821  4.20917e+03 | 29  0.03048  1.24935e+03 | 30  0.01481  2.16050e+03
 31  0.00688 -3.06591e+03 | 32  0.02786  7.39614e+02 | 33  0.02065  6.04454e+02
 34  0.02263 -3.87775e+02 | 35  0.03082 -2.72453e+03 | 36  0.04438  2.98398e+03
 37  0.03967  2.50515e+03 | 38  0.02423  2.69373e+02 | 39  0.03496  1.13298e+03
 40  0.04471  2.02661e+03 | 41  0.03749 -1.68895e+03 | 42  0.04296 -4.02643e+02
 43  0.02416  1.56406e+03 | 44 -0.04306 -1.03360e+04 | 45 -0.50447  1.70926e+03
 46  0.13823 -9.97861e+04 | 47 -0.06953  9.02327e+03 | 48 -0.06545  2.82267e+03
 49 -0.05706  1.11522e+03 | 50 -0.04380  2.62733e+02 | 51 -0.03234  1.69410e+02
 52 -0.03745 -1.23221e+03 | 53 -0.03051 -8.49737e+02 | 54 -0.01795 -2.04398e+03
 55 -0.00724 -1.65783e+03 | 56 -0.00181 -1.13121e+03 | 57 -0.00378 -3.81920e+03
 58  0.02545 -6.88702e+03 | 59  0.01817 -6.50756e+03 | 60 -0.06804 -4.74380e+03
 61  0.02177 -1.69014e+03 | 62  0.00416 -3.34818e+03 | 63 -0.01145 -3.46104e+03
 64  0.02277  1.04033e+03 | 65 -0.01993 -2.58975e+03 | 66  0.03323  4.60845e+02
 67  0.00844 -3.31065e+03 | 68 -0.00637 -3.84933e+03 | 69  0.02303 -4.29380e+03
 70  0.02574 -9.27953e+02 | 71  0.02243  2.11536e+03 | 72  0.05447  7.78666e+03
 73  0.07793  6.98592e+03 | 74  0.15105  1.87039e+04 | 75 -0.01089  3.83779e+03
1 0 26246.8
1 0 26244.5
1 0 26231
1 0 26205.5
1 0 26155.5
1 0 25752.2
1 0 25043.8
1 0 87597.6
1 0 24993.4
1 0 27186.1
1 0 24992.1
1 0 24989.3
1 0 24962
1 0 24729.9
1 0 24303.3
1 0 23826
75 variables; iteration 80; function evaluation 111; phase 1
Function value   2.3826232e+04; maximum gradient component mag  -5.5717e+04
Var   Value    Gradient   |Var   Value    Gradient   |Var   Value    Gradient
  1  0.23764  9.85257e+02 |  2  0.19903  9.74146e+02 |  3  0.12289  1.55340e+02
  4  0.11418  5.57746e+02 |  5  0.09142  3.48337e+02 |  6  0.07087  3.91181e+02
  7  0.00384 -1.60337e+02 |  8  0.00076 -2.09164e+01 |  9  0.01918  1.27096e+02
 10  0.02375  8.37615e+01 | 11  0.03099  2.91458e+01 | 12  0.06330  4.00679e+02
 13  0.04792  1.84420e+02 | 14  0.02888 -1.85314e+02 | 15  0.09948  8.08396e+02
 16  0.05680  9.01415e+03 | 17 -0.10688 -1.94844e+03 | 18 -0.01325  1.66927e+03
 19 -0.00227  3.15307e+03 | 20  0.00815  2.49079e+03 | 21  0.01287  1.80136e+03
 22  0.01539  2.24904e+03 | 23  0.01518  2.22415e+03 | 24  0.01601  2.07233e+03
 25  0.02042  8.44424e+02 | 26  0.02337  1.53604e+03 | 27  0.02365  1.64147e+03
 28  0.02551  2.32829e+03 | 29  0.02456  7.25917e+02 | 30  0.01392 -1.91148e+03
 31  0.01674 -2.47505e+03 | 32  0.02115  2.57144e+03 | 33  0.02400  1.04687e+01
 34  0.02163 -2.11571e+03 | 35  0.02539  7.72024e+02 | 36  0.02709 -3.30332e+03
 37  0.03163  3.90268e+03 | 38  0.03248  1.33528e+02 | 39  0.02583 -3.74488e+03
 40  0.02306  4.71697e+02 | 41  0.01608 -2.37493e+03 | 42  0.01709 -5.50948e+03
 43  0.02570  9.81604e+02 | 44  0.00434 -3.81046e+03 | 45 -0.41473 -1.72839e+03
 46  0.13858 -5.57174e+04 | 47 -0.08855 -1.27154e+03 | 48 -0.06815 -3.64746e+03
 49 -0.05801 -3.79264e+03 | 50 -0.04437 -3.24284e+03 | 51 -0.03343 -3.01223e+03
 52 -0.03395 -3.34429e+03 | 53 -0.02963 -3.40874e+03 | 54 -0.01936 -2.54592e+03
 55 -0.00601 -2.54224e+03 | 56  0.00157 -1.27042e+03 | 57  0.00134 -2.92661e+03
 58  0.02486 -1.77056e+03 | 59  0.01322 -1.59061e+03 | 60  0.01758  3.13492e+03
 61  0.00910 -6.40523e+02 | 62  0.00756 -9.79553e+02 | 63  0.01933  4.14090e+03
 64  0.00817 -3.50106e+02 | 65  0.01981  5.32351e+03 | 66  0.01541  3.34815e+02
 67  0.01726 -5.05880e+02 | 68  0.02741  5.53153e+03 | 69  0.02559  2.43338e+03
 70  0.01431 -9.18771e+02 | 71  0.02183  3.25142e+03 | 72  0.03133  4.84846e+03
 73  0.01576 -2.18910e+02 | 74  0.05543  4.78271e+03 | 75  0.03148  2.41663e+03
1 0 24034.6
1 0 23632.1
1 0 23427
1 0 23309.8
1 0 23223.8
1 0 23179.6
1 0 23192.3
1 0 23168.1
1 0 23158.6
1 0 23151.3
1 0 23145.7
1 0 23138.8
75 variables; iteration 90; function evaluation 123; phase 1
Function value   2.3138774e+04; maximum gradient component mag  -1.2074e+03
Var   Value    Gradient   |Var   Value    Gradient   |Var   Value    Gradient
  1  0.23786  6.04607e+01 |  2  0.19967  7.43053e+01 |  3  0.12671  5.90129e+01
  4  0.08141  5.22952e+01 |  5  0.05664  7.58588e+01 |  6  0.03363  1.00471e+01
  7  0.02229  1.95772e+01 |  8  0.01638  3.12521e+01 |  9  0.01099  1.00394e+01
 10  0.01136  1.10732e+01 | 11  0.01730  6.00824e+01 | 12  0.01545  3.53395e+01
 13  0.01284  6.60581e+00 | 14  0.01753 -1.96616e+00 | 15  0.03320  1.01984e+02
 16  0.05182  1.79799e+01 | 17 -0.08765 -5.69556e+02 | 18 -0.00895  2.06150e+02
 19 -0.00681 -1.10109e+02 | 20 -0.00214  7.64719e+01 | 21  0.00003 -4.94139e+01
 22  0.00433  4.00566e+01 | 23  0.00735  8.95606e+01 | 24  0.00725  1.32109e+02
 25  0.01090  1.92343e+02 | 26  0.01225 -1.30656e+02 | 27  0.01348  4.35208e+01
 28  0.01454  2.18398e+02 | 29  0.01837 -2.54529e+01 | 30  0.01724  1.69539e+02
 31  0.01724 -4.35223e+02 | 32  0.01920  3.52416e+02 | 33  0.02264  5.87849e+01
 34  0.01976 -2.40782e+02 | 35  0.02444 -9.86669e+01 | 36  0.02592  1.28394e+02
 37  0.02415  2.11690e+02 | 38  0.02745 -6.64338e+01 | 39  0.02678  6.83152e+01
 40  0.02797  2.92005e+01 | 41  0.02870 -6.53870e+01 | 42  0.02860  4.40315e+02
 43  0.02710 -1.20740e+03 | 44  0.03121 -3.94386e+02 | 45 -0.37312  4.46303e+02
 46  0.13949 -7.43115e+02 | 47 -0.07274  1.59720e+02 | 48 -0.05537  2.20958e+02
 49 -0.04940  2.19486e+02 | 50 -0.04166  1.46276e+02 | 51 -0.03311  1.28693e+02
 52 -0.02934 -3.23104e+00 | 53 -0.02287  2.22884e+02 | 54 -0.01549 -4.30877e+01
 55 -0.00309 -8.50261e+01 | 56  0.00154  1.47853e+02 | 57  0.00783 -3.29732e+02
 58  0.02001 -2.83292e+02 | 59  0.02097 -2.30021e+02 | 60  0.01279 -1.66276e+02
 61  0.01256 -2.60394e+02 | 62  0.01338 -5.75345e+01 | 63  0.01135  9.18291e+00
 64  0.01633  3.73545e+02 | 65  0.01253  7.02268e+01 | 66  0.01669 -1.00913e+02
 67  0.01961  1.11680e+02 | 68  0.01754 -1.96642e+02 | 69  0.02255 -3.39177e+02
 70  0.02554 -1.01828e+02 | 71  0.02464 -3.09698e+02 | 72  0.02119  4.02008e+02
 73  0.01353  5.26806e+02 | 74  0.01438 -2.10988e+02 | 75  0.01795  5.90054e+01
1 0 23133.4
1 0 23129.8
1 0 23124.5
1 0 23118.2
1 0 23113.7
1 0 23109.1
1 0 23107.4
1 0 23106.1
1 0 23105.5
1 0 23104.8
75 variables; iteration 100; function evaluation 133; phase 1
Function value   2.3104793e+04; maximum gradient component mag  -2.4245e+02
Var   Value    Gradient   |Var   Value    Gradient   |Var   Value    Gradient
  1  0.24971 -4.66521e+01 |  2  0.22536 -3.84125e+01 |  3  0.14959 -8.91608e+00
  4  0.09135 -1.42146e+01 |  5  0.05337 -1.13011e+00 |  6  0.02467 -1.99894e+01
  7  0.00666 -2.36220e+00 |  8 -0.00757 -3.29327e+00 |  9 -0.01860 -1.54901e+01
 10 -0.02325  2.13499e+00 | 11 -0.02698  6.30586e+00 | 12 -0.03117  3.33619e+00
 13 -0.03506 -6.10496e+00 | 14 -0.03591  4.40673e+00 | 15 -0.03690  5.45577e-01
 16  0.06205  2.39562e+01 | 17 -0.01842 -1.15819e+01 | 18 -0.00714 -2.83644e+01
 19 -0.00798 -7.09661e+01 | 20 -0.00466 -1.57543e+01 | 21 -0.00256 -2.48391e+01
 22  0.00155 -1.30952e+01 | 23  0.00435  4.20502e+00 | 24  0.00388 -4.13391e+01
 25  0.00809  1.23269e+02 | 26  0.00979 -5.52328e+01 | 27  0.01071 -3.27383e+01
 28  0.01179 -1.64189e+01 | 29  0.01599 -6.23119e+01 | 30  0.01466 -2.81034e+01
 31  0.01548 -9.65330e+01 | 32  0.01623  1.18978e+01 | 33  0.01975  1.26773e+01
 34  0.01754 -3.80414e+01 | 35  0.02179 -5.50918e+01 | 36  0.02306  8.55506e+01
 37  0.02114  9.88009e+01 | 38  0.02476 -9.42271e+01 | 39  0.02462  1.09634e+02
 40  0.02550 -1.19062e+02 | 41  0.02616 -2.54707e+01 | 42  0.02585  4.84904e+01
 43  0.02658  1.53820e+02 | 44  0.02837 -4.38195e+01 | 45 -0.37892  1.18033e+02
 46  0.14011 -9.51253e+00 | 47 -0.07107  5.22686e+01 | 48 -0.05527  1.86861e+01
 49 -0.05007 -2.26299e+01 | 50 -0.04223 -1.99062e+01 | 51 -0.03359  1.82293e+01
 52 -0.02951  3.47199e+01 | 53 -0.02417 -1.59357e+01 | 54 -0.01606 -4.52574e+01
 55 -0.00326 -1.59256e+01 | 56  0.00081  9.06737e+01 | 57  0.00770 -6.05056e+01
 58  0.02016  1.75973e+02 | 59  0.02066  6.80285e+01 | 60  0.01325  7.70595e+01
 61  0.01259  2.82761e+01 | 62  0.01241 -8.93080e+01 | 63  0.01122  2.81598e+01
 64  0.01568  1.83580e+02 | 65  0.01196 -3.74211e+01 | 66  0.01604 -1.66612e+02
 67  0.01877  1.72571e+01 | 68  0.01728 -1.38358e+02 | 69  0.02281 -2.08637e+01
 70  0.02509  4.89525e+00 | 71  0.02424 -3.85875e+01 | 72  0.02082 -2.42452e+02
 73  0.01371 -1.12222e+02 | 74  0.01983  2.17511e+02 | 75  0.01992  6.13855e-01
1 0 23104.4
1 0 23104.2
1 0 23104.1
1 0 23104
1 0 23104
1 0 23104
1 0 23104
1 0 23104
1 0 23103.9
1 0 23103.9
75 variables; iteration 110; function evaluation 143; phase 1
Function value   2.3103939e+04; maximum gradient component mag   3.7724e+01
Var   Value    Gradient   |Var   Value    Gradient   |Var   Value    Gradient
  1  0.25091 -5.06620e+00 |  2  0.22807 -8.80003e+00 |  3  0.15378 -1.35938e-01
  4  0.09852 -1.64298e+00 |  5  0.06261  1.67881e+00 |  6  0.03719  8.16276e-01
  7  0.01785 -4.84719e-01 |  8  0.00277 -2.69969e-01 |  9 -0.00931  5.46052e-01
 10 -0.01929 -9.35214e-01 | 11 -0.02720 -1.22653e+00 | 12 -0.03321 -3.22882e+00
 13 -0.03693 -7.91555e-01 | 14 -0.03918 -2.44659e-01 | 15 -0.04017  5.31742e-01
 16  0.06262 -1.45976e+00 | 17 -0.01474  7.94048e+00 | 18 -0.00717 -5.01151e+00
 19 -0.00788 -2.41211e+00 | 20 -0.00463  7.76423e-01 | 21 -0.00258  5.73022e+00
 22  0.00143  4.09724e+00 | 23  0.00417 -4.77989e+00 | 24  0.00379  9.56063e+00
 25  0.00772 -2.11649e+00 | 26  0.00965  6.21258e+00 | 27  0.01058  3.25651e+00
 28  0.01175 -1.24134e+01 | 29  0.01589  7.88945e+00 | 30  0.01463  2.81000e+00
 31  0.01556  2.29332e+01 | 32  0.01617 -1.13692e+01 | 33  0.01971  5.75162e+00
 34  0.01731 -3.15442e+00 | 35  0.02151 -7.07760e+00 | 36  0.02284 -4.87626e-02
 37  0.02086 -5.12373e+00 | 38  0.02471  2.20641e+00 | 39  0.02447  5.75400e+00
 40  0.02555 -2.79362e+00 | 41  0.02610 -5.13425e+00 | 42  0.02570 -9.11207e+00
 43  0.02637 -5.77416e+00 | 44  0.02797 -1.13265e+01 | 45 -0.37941  1.29344e+01
 46  0.14001  3.77243e+01 | 47 -0.07120 -3.32527e+00 | 48 -0.05521 -8.38628e+00
 49 -0.04988 -6.68270e+00 | 50 -0.04205 -9.48886e+00 | 51 -0.03353 -5.90239e+00
 52 -0.02950 -6.11070e-01 | 53 -0.02404 -2.04652e+01 | 54 -0.01594  5.27074e+00
 55 -0.00318 -3.79864e-01 | 56  0.00060 -1.62068e+01 | 57  0.00807  5.87879e+00
 58  0.01997  3.10307e+01 | 59  0.02075  1.30078e+01 | 60  0.01330 -9.04890e-01
 61  0.01266  3.78700e+00 | 62  0.01279  3.43108e+00 | 63  0.01127 -3.76885e+00
 64  0.01536  8.26088e+00 | 65  0.01210 -1.80540e+00 | 66  0.01636  1.27774e+00
 67  0.01870  3.47158e+00 | 68  0.01762  1.53264e-01 | 69  0.02288 -1.26395e+01
 70  0.02524 -1.24346e-01 | 71  0.02430 -1.48890e+00 | 72  0.02131  7.56109e+00
 73  0.01410  6.51107e+00 | 74  0.01836 -2.61539e+00 | 75  0.01845 -1.49853e+00
1 0 23103.9
1 0 23103.9
1 0 23103.9
1 0 23103.9
1 0 23103.9
1 0 23103.9
1 0 23103.9
1 0 23103.9
1 0 23103.9
1 0 23103.9
75 variables; iteration 120; function evaluation 153; phase 1
Function value   2.3103926e+04; maximum gradient component mag  -9.7240e+00
Var   Value    Gradient   |Var   Value    Gradient   |Var   Value    Gradient
  1  0.25089 -2.29686e+00 |  2  0.22818 -8.60535e-01 |  3  0.15364 -4.27075e-01
  4  0.09837 -1.11997e+00 |  5  0.06232  2.32689e-01 |  6  0.03718  5.54766e-02
  7  0.01840  9.56090e-02 |  8  0.00377  7.10898e-02 |  9 -0.00786 -8.23042e-02
 10 -0.01711 -1.31773e-01 | 11 -0.02441 -3.42446e-01 | 12 -0.02997  6.91231e-01
 13 -0.03429  4.54091e-01 | 14 -0.03742 -1.44586e-01 | 15 -0.03927 -2.19289e+00
 16  0.06260 -1.74502e+00 | 17 -0.01470 -4.89130e-02 | 18 -0.00718  4.24817e-01
 19 -0.00787 -9.54933e-01 | 20 -0.00462 -3.00168e-01 | 21 -0.00258 -1.97416e-02
 22  0.00142  6.60304e-01 | 23  0.00418  1.06949e+00 | 24  0.00378  2.17191e-01
 25  0.00771  1.38575e+00 | 26  0.00964  1.55763e+00 | 27  0.01059  7.64451e-01
 28  0.01175 -1.37049e+00 | 29  0.01584  2.02699e+00 | 30  0.01460  1.34869e+00
 31  0.01551 -2.89515e+00 | 32  0.01618  1.50231e+00 | 33  0.01971  4.16051e-01
 34  0.01732  2.86621e-01 | 35  0.02153  1.04063e+00 | 36  0.02286  9.75732e-02
 37  0.02088  9.67021e-01 | 38  0.02471  7.16546e-01 | 39  0.02447  7.07290e-01
 40  0.02558 -6.77731e-01 | 41  0.02613 -6.34560e-02 | 42  0.02573 -4.59973e-01
 43  0.02636 -4.33009e+00 | 44  0.02795 -3.27001e+00 | 45 -0.37948 -1.36759e+00
 46  0.14000 -9.72397e+00 | 47 -0.07120  1.04407e-01 | 48 -0.05519 -6.64685e-01
 49 -0.04987 -3.73141e-01 | 50 -0.04203 -3.26510e-01 | 51 -0.03353 -4.94810e-01
 52 -0.02950  5.39455e-01 | 53 -0.02398  9.46861e-01 | 54 -0.01597 -5.69655e-01
 55 -0.00319 -1.42899e+00 | 56  0.00065 -4.77901e-01 | 57  0.00807  4.60173e-01
 58  0.01992  3.56360e+00 | 59  0.02073  1.06703e+00 | 60  0.01328  4.92026e-01
 61  0.01265  1.23809e+00 | 62  0.01278 -5.62692e-01 | 63  0.01129  2.20458e-01
 64  0.01535 -3.76371e-01 | 65  0.01211  9.31437e-02 | 66  0.01636 -1.14127e+00
 67  0.01870 -7.49873e-01 | 68  0.01760 -7.58523e-01 | 69  0.02291 -7.02229e-01
 70  0.02523  1.05268e-01 | 71  0.02433  1.33028e+00 | 72  0.02130  1.41059e+00
 73  0.01412  9.85694e-01 | 74  0.01839 -3.91239e+00 | 75  0.01841  6.40402e-01
1 0 23103.9
1 0 23103.9
1 0 23103.9
1 0 23103.9
1 0 23103.9
1 0 23103.9
1 0 23103.9
1 0 23103.9
1 0 23103.9
1 0 23103.9
75 variables; iteration 130; function evaluation 163; phase 1
Function value   2.3103923e+04; maximum gradient component mag  -8.8295e-01
Var   Value    Gradient   |Var   Value    Gradient   |Var   Value    Gradient
  1  0.25094 -1.82448e-02 |  2  0.22826 -1.89066e-02 |  3  0.15378 -1.35206e-02
  4  0.09863  2.13858e-02 |  5  0.06247  8.87662e-03 |  6  0.03735 -6.80005e-03
  7  0.01862  1.80378e-03 |  8  0.00411 -4.90268e-03 |  9 -0.00733 -5.98102e-04
 10 -0.01640 -2.48653e-03 | 11 -0.02351 -1.77849e-02 | 12 -0.02894  1.33293e-02
 13 -0.03288  1.03197e-02 | 14 -0.03545 -2.74542e-03 | 15 -0.03672 -3.88250e-03
 16  0.06262  2.76056e-02 | 17 -0.01456 -3.15233e-03 | 18 -0.00718 -4.31269e-02
 19 -0.00788 -2.60385e-02 | 20 -0.00463 -1.77189e-02 | 21 -0.00259 -5.93976e-02
 22  0.00141 -2.65719e-02 | 23  0.00417 -4.80761e-02 | 24  0.00377 -6.08331e-02
 25  0.00770 -5.67386e-03 | 26  0.00963 -2.54876e-02 | 27  0.01058 -4.25770e-02
 28  0.01174 -4.23883e-02 | 29  0.01582  6.23070e-02 | 30  0.01460  1.12884e-01
 31  0.01551 -7.58983e-03 | 32  0.01617  1.97566e-02 | 33  0.01970 -6.11489e-02
 34  0.01732 -3.87741e-02 | 35  0.02152  7.15284e-02 | 36  0.02286 -1.98080e-02
 37  0.02087  1.68614e-01 | 38  0.02470 -5.06523e-02 | 39  0.02447 -4.16252e-02
 40  0.02558  4.67662e-03 | 41  0.02612  2.07789e-02 | 42  0.02572  6.22102e-02
 43  0.02637 -6.10573e-03 | 44  0.02797  1.39475e-02 | 45 -0.37947  2.57519e-03
 46  0.14001 -8.82946e-01 | 47 -0.07121  3.26939e-02 | 48 -0.05519  8.10840e-02
 49 -0.04986  7.14354e-02 | 50 -0.04203  7.69474e-02 | 51 -0.03353  4.14864e-02
 52 -0.02950  7.67267e-02 | 53 -0.02398  6.39486e-02 | 54 -0.01597  3.34570e-03
 55 -0.00319  4.79618e-06 | 56  0.00064 -1.18019e-03 | 57  0.00808  2.35873e-03
 58  0.01991  3.93894e-03 | 59  0.02073 -1.16188e-01 | 60  0.01328  3.75692e-03
 61  0.01265 -7.75313e-02 | 62  0.01278  2.89965e-03 | 63  0.01129  1.33478e-02
 64  0.01535 -1.02421e-01 | 65  0.01211  1.58837e-03 | 66  0.01637 -8.51291e-02
 67  0.01870 -7.43516e-02 | 68  0.01760 -1.21136e-02 | 69  0.02291 -2.49107e-03
 70  0.02523 -1.53951e-02 | 71  0.02432 -3.64025e-02 | 72  0.02131 -4.79339e-02
 73  0.01412  5.84636e-02 | 74  0.01841  3.26840e-02 | 75  0.01841  4.02473e-02
1 0 23103.9
1 0 23103.9

 - final statistics:
75 variables; iteration 132; function evaluation 165
Function value   2.3104e+04; maximum gradient component mag   5.0714e-02
Exit code = 1;  converg criter   1.0000e-01
Var   Value    Gradient   |Var   Value    Gradient   |Var   Value    Gradient
  1  0.25094  1.37322e-02 |  2  0.22826 -4.02362e-03 |  3  0.15378  2.63399e-03
  4  0.09863  6.84803e-03 |  5  0.06247  3.38630e-03 |  6  0.03735 -2.12654e-03
  7  0.01862 -2.08496e-03 |  8  0.00412 -1.81591e-03 |  9 -0.00733  1.83696e-04
 10 -0.01639 -1.43988e-03 | 11 -0.02350 -3.41182e-04 | 12 -0.02894 -2.10857e-03
 13 -0.03288  6.80012e-03 | 14 -0.03545  2.76665e-04 | 15 -0.03672 -2.40169e-03
 16  0.06262  1.22698e-02 | 17 -0.01456 -3.32220e-03 | 18 -0.00718 -1.13527e-02
 19 -0.00788 -1.02204e-04 | 20 -0.00462  3.79461e-03 | 21 -0.00259  3.51712e-03
 22  0.00141 -1.28343e-03 | 23  0.00417 -5.57904e-03 | 24  0.00377  9.13037e-03
 25  0.00770 -9.69793e-03 | 26  0.00963  7.33897e-04 | 27  0.01058 -1.13209e-03
 28  0.01174  5.10382e-04 | 29  0.01582 -6.84446e-03 | 30  0.01460  3.08447e-03
 31  0.01551  5.07142e-02 | 32  0.01617 -2.63635e-02 | 33  0.01970  1.10320e-03
 34  0.01732  7.41574e-03 | 35  0.02152 -1.10184e-02 | 36  0.02286  2.74872e-03
 37  0.02087 -1.32876e-02 | 38  0.02470 -3.53201e-03 | 39  0.02447 -1.08835e-02
 40  0.02558  2.99013e-02 | 41  0.02612 -3.51071e-03 | 42  0.02572 -3.62156e-03
 43  0.02637 -9.77795e-03 | 44  0.02797  3.59210e-03 | 45 -0.37947  1.13794e-02
 46  0.14001 -4.83785e-02 | 47 -0.07121  1.03663e-02 | 48 -0.05519  9.85428e-03
 49 -0.04987  8.73748e-03 | 50 -0.04203  5.83334e-03 | 51 -0.03353  3.40695e-03
 52 -0.02950  4.48463e-03 | 53 -0.02398 -8.25768e-03 | 54 -0.01597  3.40194e-03
 55 -0.00319  7.03312e-03 | 56  0.00064 -4.60674e-03 | 57  0.00808  5.63077e-05
 58  0.01991 -7.18863e-03 | 59  0.02073 -1.83926e-02 | 60  0.01328 -6.04355e-03
 61  0.01265 -1.07744e-02 | 62  0.01278  1.83203e-03 | 63  0.01129 -7.06987e-03
 64  0.01535 -7.77923e-03 | 65  0.01211 -1.19585e-03 | 66  0.01637 -1.96150e-03
 67  0.01870  2.51368e-03 | 68  0.01760  6.29914e-03 | 69  0.02291  1.37977e-03
 70  0.02523 -7.77247e-03 | 71  0.02432 -2.74049e-03 | 72  0.02131 -1.20537e-02
 73  0.01412  8.88702e-03 | 74  0.01841  1.40355e-02 | 75  0.01841  6.44981e-04
1 0 23103.9
B0236324
0.3 0.312465
0.267827 0.338281
0.258859 0.34627
0.2561 0.348805
0.255226 0.349616
0.254946 0.349877
0.254856 0.34996
0.254827 0.349987
0.254818 0.349996
0.254815 0.349999
0.254814 0.35
0.254814 0.35
0.254813 0.35
0.254813 0.35
0.254813 0.35
0.254813 0.35
0.254813 0.35
0.254813 0.35
0.254813 0.35
0.254813 0.35
0.254813 0.35
FutMOrt0.107958
FutMOrt0.107958
FutMOrt0.107958
FutMOrt0.107958
FutMOrt0.107958
FutMOrt0.107958
FutMOrt0.107958
FutMOrt0.107958
FutMOrt0.107958
FutMOrt0.107958
2 0 23103.9

Initial statistics: 79 variables; iteration 0; function evaluation 0; phase 2
Function value   2.3103923e+04; maximum gradient component mag   1.0723e+03
Var   Value    Gradient   |Var   Value    Gradient   |Var   Value    Gradient
  1 -0.80063 -4.31692e+02 |  2 -0.45582 -8.71580e+01 |  3  0.25094  1.37322e-02
  4  0.22826 -4.02362e-03 |  5  0.15378  2.63399e-03 |  6  0.09863  6.84803e-03
  7  0.06247  3.38630e-03 |  8  0.03735 -2.12654e-03 |  9  0.01862 -2.08496e-03
 10  0.00412 -1.81591e-03 | 11 -0.00733  1.83696e-04 | 12 -0.01639 -1.43988e-03
 13 -0.02350 -3.41182e-04 | 14 -0.02894 -2.10857e-03 | 15 -0.03288  6.80012e-03
 16 -0.03545  2.76665e-04 | 17 -0.03672 -2.40169e-03 | 18  0.06262  1.22698e-02
 19 -0.01456 -3.62160e-03 | 20 -0.00718 -1.16522e-02 | 21 -0.00788 -4.01661e-04
 22 -0.00462  3.49514e-03 | 23 -0.00259  3.21764e-03 | 24  0.00141 -1.58291e-03
 25  0.00417 -5.87851e-03 | 26  0.00377  8.83090e-03 | 27  0.00770 -9.99739e-03
 28  0.00963  4.34452e-04 | 29  0.01058 -1.43153e-03 | 30  0.01174  2.10953e-04
 31  0.01582 -7.14384e-03 | 32  0.01460  2.78507e-03 | 33  0.01551  5.04148e-02
 34  0.01617 -2.66629e-02 | 35  0.01970  8.03861e-04 | 36  0.01732  7.11637e-03
 37  0.02152 -1.13177e-02 | 38  0.02286  2.44943e-03 | 39  0.02087 -1.35869e-02
 40  0.02470 -3.83126e-03 | 41  0.02447 -1.11827e-02 | 42  0.02558  2.96021e-02
 43  0.02612 -3.80994e-03 | 44  0.02572 -3.92079e-03 | 45  0.02637 -1.00772e-02
 46  0.02797  3.29291e-03 | 47 -0.37947  1.11316e-02 | 48  0.14001 -4.83785e-02
 49 -0.07121  1.06043e-02 | 50 -0.05519  1.00929e-02 | 51 -0.04987  8.97627e-03
 52 -0.04203  6.07235e-03 | 53 -0.03353  3.64614e-03 | 54 -0.02950  4.72390e-03
 55 -0.02398 -8.01833e-03 | 56 -0.01597  3.64139e-03 | 57 -0.00319  7.27264e-03
 58  0.00064 -4.36722e-03 | 59  0.00808  2.95812e-04 | 60  0.01991 -6.94923e-03
 61  0.02073 -1.81532e-02 | 62  0.01328 -5.80408e-03 | 63  0.01265 -1.05349e-02
 64  0.01278  2.07151e-03 | 65  0.01129 -6.83038e-03 | 66  0.01535 -7.53978e-03
 67  0.01211 -9.56375e-04 | 68  0.01637 -1.72206e-03 | 69  0.01870  2.75310e-03
 70  0.01760  6.53858e-03 | 71  0.02291  1.61914e-03 | 72  0.02523 -7.53314e-03
 73  0.02432 -2.50114e-03 | 74  0.02131 -1.18143e-02 | 75  0.01412  9.12649e-03
 76  0.01841  1.42749e-02 | 77  0.01841  8.84404e-04 | 78 -0.55639  6.95905e+02
 79 -0.42454  1.07233e+03 |
2 0 23103.9
2 0 23103.7
2 0 23101.8
2 0 23091.2
2 0 23089
2 0 23084.6
2 0 23048.2
2 0 23071.3
2 0 23032.4
2 0 23104.1
2 0 23030
2 0 23026.6
2 0 23024.2
2 0 23019.9
2 0 23011.3
2 0 23034.4
2 0 22972.6
2 0 26985.6
2 0 23092.3
2 0 22966.4

Intermediate statistics: 79 variables; iteration 10; function evaluation 20; phase 2
Function value   2.2966375e+04; maximum gradient component mag  -4.0149e+03
Var   Value    Gradient   |Var   Value    Gradient   |Var   Value    Gradient
  1 -0.63460  1.37805e+02 |  2 -0.45946  3.18679e+02 |  3  0.23122 -6.09652e+02
  4  0.23916  1.41450e+03 |  5  0.15170  1.65103e+02 |  6  0.09631  5.65726e+01
  7  0.06121  3.07385e+01 |  8  0.03662  1.78346e+01 |  9  0.01814  1.15878e+01
 10  0.00377  8.28631e+00 | 11 -0.00760  6.36486e+00 | 12 -0.01661  5.16569e+00
 13 -0.02369  4.38861e+00 | 14 -0.02910  3.87228e+00 | 15 -0.03303  3.53705e+00
 16 -0.03559  3.32775e+00 | 17 -0.03686  3.22112e+00 | 18  0.03805  6.56829e+02
 19 -0.02692 -1.27567e+03 | 20 -0.01052 -8.82340e+02 | 21 -0.00939 -5.25466e+02
 22 -0.00574 -4.05755e+02 | 23 -0.00287 -3.66407e+02 | 24  0.00158 -3.70429e+02
 25  0.00456 -3.87532e+02 | 26  0.00418 -2.72390e+02 | 27  0.00776 -5.06099e+02
 28  0.00968 -3.92827e+02 | 29  0.01075 -2.88161e+02 | 30  0.01263 -1.72133e+02
 31  0.01656  6.74246e+01 | 32  0.01630  1.04887e+03 | 33  0.01791  8.33851e+02
 34  0.01812  2.98602e+01 | 35  0.02177  5.31275e+02 | 36  0.01897 -9.56390e+01
 37  0.02315  3.83231e+02 | 38  0.02483  9.19299e+01 | 39  0.02261  2.69900e+01
 40  0.02689  4.01631e+02 | 41  0.02686  8.44582e+01 | 42  0.02768  2.02364e+02
 43  0.02847  6.69823e+02 | 44  0.02767  8.67158e+02 | 45  0.02799  1.08671e+03
 46  0.02476 -9.22310e+02 | 47 -0.39074  1.48967e+02 | 48  0.14216  2.50868e+03
 49 -0.07265  4.39711e+02 | 50 -0.05578  1.11406e+03 | 51 -0.05053  7.66348e+02
 52 -0.04250  6.95467e+02 | 53 -0.03394  7.23076e+02 | 54 -0.02902  9.72161e+02
 55 -0.02391  7.38225e+02 | 56 -0.01583  7.91872e+02 | 57 -0.00331  9.98058e+02
 58  0.00009  5.75821e+02 | 59  0.00859  7.76104e+02 | 60  0.01915  2.20907e+02
 61  0.01877 -1.13477e+03 | 62  0.01281 -9.99564e+02 | 63  0.01291 -4.46615e+02
 64  0.01138 -9.62018e+02 | 65  0.01178 -1.16945e+02 | 66  0.01401 -6.68131e+02
 67  0.01216 -2.28152e+02 | 68  0.01609 -7.74686e+01 | 69  0.01791 -3.94480e+02
 70  0.01790  2.21481e+01 | 71  0.02257 -1.66222e+02 | 72  0.02447 -6.52748e+02
 73  0.02343 -1.21086e+03 | 74  0.01807 -2.41564e+03 | 75  0.01948  7.15268e+02
 76  0.02702  7.66516e+01 | 77  0.01857 -1.68395e+02 | 78 -0.60933 -4.01495e+03
 79 -0.53428  1.64127e+03 |
2 0 23017.5
2 0 22965.7
2 0 22973.9
2 0 22965.7
2 0 22965.6
2 0 22965.6
2 0 22965.6
2 0 22965.6
2 0 22965.6
2 0 22965.5
2 0 22965.5
2 0 22965.5
79 variables; iteration 20; function evaluation 32; phase 2
Function value   2.2965483e+04; maximum gradient component mag  -3.8889e+03
Var   Value    Gradient   |Var   Value    Gradient   |Var   Value    Gradient
  1 -0.63245  2.51271e+02 |  2 -0.46059  2.92622e+02 |  3  0.23033 -7.31074e+02
  4  0.23667  1.15064e+03 |  5  0.14996  1.21314e+02 |  6  0.09488  4.00874e+01
  7  0.06035  2.35400e+01 |  8  0.03614  1.35501e+01 |  9  0.01786  8.36478e+00
 10  0.00358  5.67379e+00 | 11 -0.00773  4.17143e+00 | 12 -0.01672  3.26738e+00
 13 -0.02377  2.69919e+00 | 14 -0.02917  2.32555e+00 | 15 -0.03309  2.08530e+00
 16 -0.03565  1.93132e+00 | 17 -0.03691  1.86149e+00 | 18  0.03809  6.17643e+02
 19 -0.02852 -9.96268e+02 | 20 -0.01075 -1.15890e+03 | 21 -0.00940 -6.63815e+02
 22 -0.00570 -4.41152e+02 | 23 -0.00282 -3.69580e+02 | 24  0.00180 -2.41705e+02
 25  0.00485 -2.28865e+02 | 26  0.00414 -4.17044e+02 | 27  0.00793 -5.02148e+02
 28  0.01011 -2.12322e+02 | 29  0.01094 -3.04280e+02 | 30  0.01275 -2.56475e+02
 31  0.01680  1.26368e+02 | 32  0.01644  1.04739e+03 | 33  0.01806  8.57622e+02
 34  0.01822  7.47699e+00 | 35  0.02191  5.11655e+02 | 36  0.01928 -1.15454e+01
 37  0.02308  1.63929e+02 | 38  0.02502  8.26049e+01 | 39  0.02275 -8.57330e+00
 40  0.02693  2.53994e+02 | 41  0.02711  1.15130e+02 | 42  0.02791  2.10978e+02
 43  0.02869  6.31312e+02 | 44  0.02807  9.53131e+02 | 45  0.02832  1.30123e+03
 46  0.02375 -1.02961e+03 | 47 -0.39279  5.56731e+01 | 48  0.14238  2.19981e+03
 49 -0.07297  3.54645e+02 | 50 -0.05575  1.24594e+03 | 51 -0.05054  8.87463e+02
 52 -0.04258  7.75840e+02 | 53 -0.03427  6.21719e+02 | 54 -0.02943  7.67490e+02
 55 -0.02415  6.90570e+02 | 56 -0.01600  7.86083e+02 | 57 -0.00371  7.90700e+02
 58 -0.00024  4.33715e+02 | 59  0.00852  8.11087e+02 | 60  0.01896  1.92143e+02
 61  0.01855 -1.17811e+03 | 62  0.01261 -1.03932e+03 | 63  0.01272 -4.58088e+02
 64  0.01116 -9.65342e+02 | 65  0.01162 -1.54391e+02 | 66  0.01395 -5.27806e+02
 67  0.01217 -7.55537e+01 | 68  0.01605  4.63091e+01 | 69  0.01795 -1.83169e+02
 70  0.01788  1.53136e+02 | 71  0.02243 -1.26371e+02 | 72  0.02436 -5.90938e+02
 73  0.02330 -1.21609e+03 | 74  0.01801 -2.58570e+03 | 75  0.01962  5.35765e+02
 76  0.02913  1.79422e+02 | 77  0.02041 -1.54290e+02 | 78 -0.60925 -3.88887e+03
 79 -0.53524  1.59423e+03 |
2 0 22965.4
2 0 22965.4
2 0 22965.3
2 0 22965.4
2 0 22965.3
2 0 22965.3
2 0 22965.3
2 0 22965.3
2 0 22965.3
2 0 22965.2
2 0 22965.2
79 variables; iteration 30; function evaluation 43; phase 2
Function value   2.2965218e+04; maximum gradient component mag  -3.7280e+03
Var   Value    Gradient   |Var   Value    Gradient   |Var   Value    Gradient
  1 -0.63345  2.64806e+02 |  2 -0.46623  2.81199e+02 |  3  0.22752 -9.07757e+02
  4  0.23277  9.79961e+02 |  5  0.14490  7.08318e+01 |  6  0.09003  1.88493e+01
  7  0.05673  1.45360e+01 |  8  0.03389  1.01797e+01 |  9  0.01652  6.40177e+00
 10  0.00274  3.86614e+00 | 11 -0.00830  2.43100e+00 | 12 -0.01713  1.63437e+00
 13 -0.02410  1.17467e+00 | 14 -0.02944  8.88712e-01 | 15 -0.03332  7.11247e-01
 16 -0.03586  5.98294e-01 | 17 -0.03711  5.58301e-01 | 18  0.03765  6.25563e+02
 19 -0.03484 -7.48461e+02 | 20 -0.01113 -1.35472e+03 | 21 -0.00931 -7.09406e+02
 22 -0.00539 -4.28791e+02 | 23 -0.00250 -3.39100e+02 | 24  0.00210 -2.56011e+02
 25  0.00521 -2.13615e+02 | 26  0.00451 -3.58590e+02 | 27  0.00830 -4.55174e+02
 28  0.01036 -2.45939e+02 | 29  0.01116 -3.19271e+02 | 30  0.01317 -1.49724e+02
 31  0.01694  4.71627e+01 | 32  0.01669  1.06084e+03 | 33  0.01831  8.61016e+02
 34  0.01846  7.86729e+00 | 35  0.02220  5.65378e+02 | 36  0.01949 -4.62830e+01
 37  0.02332  1.80924e+02 | 38  0.02526  7.95016e+01 | 39  0.02297 -4.68696e+00
 40  0.02717  2.75778e+02 | 41  0.02732  1.08631e+02 | 42  0.02808  1.90536e+02
 43  0.02890  6.31234e+02 | 44  0.02826  9.27525e+02 | 45  0.02855  1.27069e+03
 46  0.02417 -9.74734e+02 | 47 -0.39256  4.51175e+01 | 48  0.14255  2.06869e+03
 49 -0.07357  1.67230e+02 | 50 -0.05618  1.10949e+03 | 51 -0.05062  8.93952e+02
 52 -0.04274  7.56963e+02 | 53 -0.03436  6.57676e+02 | 54 -0.02936  8.67634e+02
 55 -0.02426  7.05621e+02 | 56 -0.01611  7.87591e+02 | 57 -0.00372  8.64038e+02
 58 -0.00037  4.76050e+02 | 59  0.00844  8.07215e+02 | 60  0.01883  2.19878e+02
 61  0.01846 -1.13895e+03 | 62  0.01255 -9.98385e+02 | 63  0.01267 -4.09099e+02
 64  0.01097 -9.95337e+02 | 65  0.01158 -1.06842e+02 | 66  0.01379 -5.25054e+02
 67  0.01207 -5.56066e+01 | 68  0.01591  5.28602e+01 | 69  0.01777 -2.10923e+02
 70  0.01776  1.51127e+02 | 71  0.02228 -1.21798e+02 | 72  0.02418 -5.93636e+02
 73  0.02317 -1.19518e+03 | 74  0.01783 -2.55586e+03 | 75  0.01958  5.91322e+02
 76  0.02898  1.48929e+02 | 77  0.02452 -1.15404e+02 | 78 -0.60940 -3.72799e+03
 79 -0.53643  1.52283e+03 |
2 0 22965.2
2 0 22965.2
2 0 22965.2
2 0 22965.2
2 0 22965.2
2 0 22965.2
2 0 22965.2
2 0 22965.2
2 0 22965.2
2 0 22965.2
2 0 22965.2
2 0 22965.2
79 variables; iteration 40; function evaluation 55; phase 2
Function value   2.2965165e+04; maximum gradient component mag  -3.7204e+03
Var   Value    Gradient   |Var   Value    Gradient   |Var   Value    Gradient
  1 -0.63355  2.69996e+02 |  2 -0.46700  2.78268e+02 |  3  0.22755 -9.07876e+02
  4  0.23272  9.74009e+02 |  5  0.14539  7.80672e+01 |  6  0.08954  1.73496e+01
  7  0.05533  1.08687e+01 |  8  0.03214  6.69958e+00 |  9  0.01507  4.96206e+00
 10  0.00179  3.90105e+00 | 11 -0.00888  2.72376e+00 | 12 -0.01749  1.80120e+00
 13 -0.02433  1.23432e+00 | 14 -0.02960  8.90368e-01 | 15 -0.03344  6.92015e-01
 16 -0.03595  5.67560e-01 | 17 -0.03719  5.25420e-01 | 18  0.03756  6.16424e+02
 19 -0.03498 -7.44978e+02 | 20 -0.01117 -1.37780e+03 | 21 -0.00932 -7.08845e+02
 22 -0.00545 -4.48093e+02 | 23 -0.00253 -3.32879e+02 | 24  0.00209 -2.62463e+02
 25  0.00520 -2.30888e+02 | 26  0.00457 -3.53329e+02 | 27  0.00849 -4.09271e+02
 28  0.01047 -2.37103e+02 | 29  0.01119 -3.06721e+02 | 30  0.01305 -1.94219e+02
 31  0.01688  3.50528e+01 | 32  0.01666  1.04018e+03 | 33  0.01830  8.69035e+02
 34  0.01848  1.48206e+01 | 35  0.02218  5.44559e+02 | 36  0.01953 -3.89200e+01
 37  0.02336  2.04946e+02 | 38  0.02532  8.96101e+01 | 39  0.02299 -6.94328e+00
 40  0.02717  2.66459e+02 | 41  0.02725  8.54544e+01 | 42  0.02808  1.84818e+02
 43  0.02896  6.36811e+02 | 44  0.02823  9.23748e+02 | 45  0.02850  1.26692e+03
 46  0.02415 -9.78989e+02 | 47 -0.39263  3.38892e+01 | 48  0.14256  2.03422e+03
 49 -0.07361  1.52997e+02 | 50 -0.05618  1.11110e+03 | 51 -0.05064  8.89971e+02
 52 -0.04285  7.15270e+02 | 53 -0.03439  6.42756e+02 | 54 -0.02942  8.58176e+02
 55 -0.02434  6.85444e+02 | 56 -0.01609  7.80394e+02 | 57 -0.00366  8.72638e+02
 58 -0.00033  4.73040e+02 | 59  0.00839  7.96534e+02 | 60  0.01877  2.12458e+02
 61  0.01847 -1.11964e+03 | 62  0.01247 -1.02172e+03 | 63  0.01266 -4.21682e+02
 64  0.01093 -9.98679e+02 | 65  0.01159 -1.03511e+02 | 66  0.01373 -5.61439e+02
 67  0.01208 -7.19062e+01 | 68  0.01588  3.34607e+01 | 69  0.01779 -2.03241e+02
 70  0.01772  1.50989e+02 | 71  0.02220 -1.30753e+02 | 72  0.02427 -5.61361e+02
 73  0.02317 -1.19806e+03 | 74  0.01771 -2.59086e+03 | 75  0.01963  5.90189e+02
 76  0.02895  1.31591e+02 | 77  0.02481 -1.20207e+02 | 78 -0.60947 -3.72040e+03
 79 -0.53653  1.51985e+03 |
2 0 22965.1
2 0 22965.1
2 0 22965.2
2 0 22965.1
2 0 22965.1
2 0 22965.1
2 0 22965
2 0 22965
2 0 22965
2 0 22964.9
2 0 22965
2 0 22964.9
2 0 22964.9
2 0 22964.9
2 0 22964.8
79 variables; iteration 50; function evaluation 70; phase 2
Function value   2.2964821e+04; maximum gradient component mag  -3.7758e+03
Var   Value    Gradient   |Var   Value    Gradient   |Var   Value    Gradient
  1 -0.63335  2.44128e+02 |  2 -0.46389  2.93897e+02 |  3  0.22799 -9.23920e+02
  4  0.23239  8.86785e+02 |  5  0.14401  5.20664e+01 |  6  0.08714  9.78229e-02
  7  0.05374  1.93121e+01 |  8  0.02730  4.42823e+00 |  9  0.00617 -1.00266e+01
 10 -0.00809 -9.49734e+00 | 11 -0.01685 -2.35229e+00 | 12 -0.02280  2.23752e+00
 13 -0.02765  2.55512e+00 | 14 -0.03173  1.57583e+00 | 15 -0.03489  8.08768e-01
 16 -0.03704  4.02483e-01 | 17 -0.03812  2.54086e-01 | 18  0.03761  6.49520e+02
 19 -0.03526 -6.73262e+02 | 20 -0.01103 -1.44054e+03 | 21 -0.00918 -7.02690e+02
 22 -0.00535 -4.20321e+02 | 23 -0.00248 -3.04512e+02 | 24  0.00200 -2.89588e+02
 25  0.00503 -2.91093e+02 | 26  0.00449 -3.34488e+02 | 27  0.00849 -3.99140e+02
 28  0.01031 -2.83893e+02 | 29  0.01132 -2.98107e+02 | 30  0.01327 -1.24375e+02
 31  0.01705  7.99929e+01 | 32  0.01677  1.04442e+03 | 33  0.01826  8.77059e+02
 34  0.01834 -3.73083e+01 | 35  0.02213  5.58432e+02 | 36  0.01954 -4.39714e+01
 37  0.02341  2.13827e+02 | 38  0.02533  1.05120e+02 | 39  0.02320  4.93839e+01
 40  0.02742  3.28542e+02 | 41  0.02734  9.91170e+01 | 42  0.02796  1.32785e+02
 43  0.02887  6.37630e+02 | 44  0.02812  9.12670e+02 | 45  0.02820  1.19015e+03
 46  0.02406 -9.76413e+02 | 47 -0.39246  1.71063e+01 | 48  0.14243  1.94370e+03
 49 -0.07350  1.20244e+02 | 50 -0.05601  1.12017e+03 | 51 -0.05047  9.00107e+02
 52 -0.04272  7.01439e+02 | 53 -0.03428  6.41523e+02 | 54 -0.02930  8.88033e+02
 55 -0.02446  6.15503e+02 | 56 -0.01580  8.34993e+02 | 57 -0.00382  7.93833e+02
 58 -0.00014  5.28606e+02 | 59  0.00854  8.02945e+02 | 60  0.01884  1.71569e+02
 61  0.01875 -1.07490e+03 | 62  0.01255 -1.03046e+03 | 63  0.01274 -4.02417e+02
 64  0.01094 -1.01720e+03 | 65  0.01167 -9.89116e+01 | 66  0.01393 -5.21638e+02
 67  0.01206 -1.03695e+02 | 68  0.01596  8.80597e+00 | 69  0.01800 -2.07667e+02
 70  0.01791  1.57778e+02 | 71  0.02237 -8.61540e+01 | 72  0.02431 -5.60525e+02
 73  0.02332 -1.18051e+03 | 74  0.01771 -2.58133e+03 | 75  0.01948  5.58263e+02
 76  0.02874  1.26388e+02 | 77  0.02235 -1.29982e+02 | 78 -0.60940 -3.77578e+03
 79 -0.53643  1.53591e+03 |
2 0 22964.7
2 0 22964.7
2 0 22964.6
2 0 22964.6
2 0 22964.6
2 0 22964.5
2 0 22964.3
2 0 22964.4
2 0 22964.3
2 0 22964.2
2 0 22964.1
2 0 22963.4
2 0 22963.8
2 0 22963.1
79 variables; iteration 60; function evaluation 84; phase 2
Function value   2.2963143e+04; maximum gradient component mag  -3.6586e+03
Var   Value    Gradient   |Var   Value    Gradient   |Var   Value    Gradient
  1 -0.63449  2.54099e+02 |  2 -0.46915  2.75465e+02 |  3  0.22842 -8.74283e+02
  4  0.23374  9.80972e+02 |  5  0.14567  7.26314e+01 |  6  0.08890 -1.48847e+01
  7  0.06232  9.72040e+01 |  8  0.02264 -3.97593e+01 |  9  0.00125 -8.76305e+00
 10 -0.01384  2.36422e+01 | 11 -0.03353 -1.82876e+01 | 12 -0.04618 -2.59448e+01
 13 -0.04989 -1.49773e+01 | 14 -0.04805  1.58380e+00 | 15 -0.04563  7.54661e+00
 16 -0.04439  6.48785e+00 | 17 -0.04398  5.13182e+00 | 18  0.03756  5.86102e+02
 19 -0.03420 -7.45492e+02 | 20 -0.01102 -1.42300e+03 | 21 -0.00930 -6.65959e+02
 22 -0.00527 -2.75507e+02 | 23 -0.00250 -3.47738e+02 | 24  0.00203 -2.43640e+02
 25  0.00479 -3.37294e+02 | 26  0.00429 -4.11669e+02 | 27  0.00859 -3.31628e+02
 28  0.01021 -2.81829e+02 | 29  0.01115 -3.33911e+02 | 30  0.01312 -1.46039e+02
 31  0.01682  5.70798e+01 | 32  0.01661  9.94682e+02 | 33  0.01823  8.67274e+02
 34  0.01848 -6.39891e+00 | 35  0.02261  6.42231e+02 | 36  0.02010  7.88882e+01
 37  0.02361  2.53066e+02 | 38  0.02495  5.28442e+01 | 39  0.02238 -1.68984e+02
 40  0.02712  3.41756e+02 | 41  0.02727  5.45674e+01 | 42  0.02811  2.18895e+02
 43  0.02893  5.96435e+02 | 44  0.02829  9.53690e+02 | 45  0.02828  1.19735e+03
 46  0.02396 -9.53451e+02 | 47 -0.39260 -3.03241e+01 | 48  0.14247  1.68678e+03
 49 -0.07323  2.63254e+02 | 50 -0.05617  1.10104e+03 | 51 -0.05089  7.18904e+02
 52 -0.04274  6.78921e+02 | 53 -0.03423  6.32215e+02 | 54 -0.02954  8.10996e+02
 55 -0.02468  5.93613e+02 | 56 -0.01570  8.77613e+02 | 57 -0.00394  7.47107e+02
 58 -0.00029  4.94258e+02 | 59  0.00857  8.39198e+02 | 60  0.01862  1.17504e+02
 61  0.01861 -1.07360e+03 | 62  0.01248 -1.00401e+03 | 63  0.01258 -4.10355e+02
 64  0.01106 -9.65728e+02 | 65  0.01195 -2.52803e+01 | 66  0.01424 -4.45077e+02
 67  0.01207 -9.17607e+01 | 68  0.01567  2.25120e+01 | 69  0.01757 -2.77548e+02
 70  0.01787  1.91194e+02 | 71  0.02223 -1.31625e+02 | 72  0.02431 -5.31242e+02
 73  0.02334 -1.14305e+03 | 74  0.01788 -2.52226e+03 | 75  0.01936  5.30632e+02
 76  0.02861  9.49414e+01 | 77  0.02407 -1.06466e+02 | 78 -0.60981 -3.65859e+03
 79 -0.53771  1.49493e+03 |
2 0 22962.9
2 0 22963.1
2 0 22962.8
2 0 22962.6
2 0 22962.3
2 0 22960.3
2 0 22973.9
2 0 22960
2 0 22959.4
2 0 22958.5
2 0 22959.3
2 0 22958.2
2 0 22957.5
2 0 22954.2
2 0 22952.1
79 variables; iteration 70; function evaluation 99; phase 2
Function value   2.2952061e+04; maximum gradient component mag  -3.0466e+03
Var   Value    Gradient   |Var   Value    Gradient   |Var   Value    Gradient
  1 -0.63953  1.45920e+02 |  2 -0.47880  2.58070e+02 |  3  0.23345 -5.34714e+02
  4  0.23875  1.18641e+03 |  5  0.15192  1.39638e+02 |  6  0.09335  3.38812e+01
  7  0.05566  2.24556e+01 |  8  0.02674  5.43139e+01 |  9 -0.01047 -1.16424e+02
 10 -0.00934  2.04951e+02 | 11 -0.06639 -1.41928e+02 | 12 -0.07964  5.80588e-01
 13 -0.09242  7.73244e+01 | 14 -0.12858 -4.57477e+01 | 15 -0.15049 -7.00678e+01
 16 -0.15009 -2.60769e+01 | 17 -0.14128  2.84029e+01 | 18  0.03846  3.92795e+02
 19 -0.02696 -1.03569e+03 | 20 -0.00997 -7.79493e+02 | 21 -0.00953 -5.46046e+02
 22 -0.00620 -4.07000e+02 | 23 -0.00339 -3.33021e+02 | 24  0.00134 -2.50995e+02
 25  0.00475 -1.47036e+02 | 26  0.00432 -2.83077e+02 | 27  0.00786 -4.23506e+02
 28  0.00956 -2.44835e+02 | 29  0.01085 -2.86366e+02 | 30  0.01318 -6.30162e+01
 31  0.01672  1.14846e+02 | 32  0.01575  7.01579e+02 | 33  0.01741  6.92572e+02
 34  0.01799  6.38612e+01 | 35  0.02145  3.87547e+02 | 36  0.01945  7.88522e+01
 37  0.02375  3.23972e+02 | 38  0.02479  1.25982e+02 | 39  0.02269 -5.55291e+01
 40  0.02732  4.46452e+02 | 41  0.02640 -3.59901e+01 | 42  0.02785  2.07904e+02
 43  0.02879  5.49539e+02 | 44  0.02758  6.71144e+02 | 45  0.02827  1.01937e+03
 46  0.02442 -6.40803e+02 | 47 -0.39097 -1.46983e+02 | 48  0.14164  1.17483e+02
 49 -0.07209  4.25012e+02 | 50 -0.05558  1.01766e+03 | 51 -0.05041  6.89275e+02
 52 -0.04285  4.49115e+02 | 53 -0.03451  3.32327e+02 | 54 -0.02942  5.92899e+02
 55 -0.02380  6.02361e+02 | 56 -0.01530  8.07947e+02 | 57 -0.00411  4.42828e+02
 58 -0.00033  2.62741e+02 | 59  0.00902  7.61383e+02 | 60  0.01925  1.03441e+02
 61  0.01911 -9.11150e+02 | 62  0.01280 -8.28929e+02 | 63  0.01323 -2.63007e+02
 64  0.01128 -8.77872e+02 | 65  0.01157 -1.61159e+02 | 66  0.01521 -2.52237e+02
 67  0.01220 -1.64806e+02 | 68  0.01603 -2.12462e+01 | 69  0.01885 -8.59077e+01
 70  0.01775  4.13030e+01 | 71  0.02221 -2.41605e+02 | 72  0.02550 -2.37683e+02
 73  0.02304 -1.07199e+03 | 74  0.01994 -1.79768e+03 | 75  0.01803  3.24958e+02
 76  0.02753  1.27029e+02 | 77  0.01557 -7.63934e+01 | 78 -0.61137 -3.04662e+03
 79 -0.54435  1.26940e+03 |
2 0 22954.3
2 0 22951.4
2 0 22950.1
2 0 22949.4
2 0 22949.5
2 0 22949
2 0 22948.4
2 0 22949.3
2 0 22948.2
2 0 22947.9
2 0 22945.6
2 0 22940.7
2 0 22932.4
2 0 22924.2
79 variables; iteration 80; function evaluation 113; phase 2
Function value   2.2924228e+04; maximum gradient component mag  -3.3269e+03
Var   Value    Gradient   |Var   Value    Gradient   |Var   Value    Gradient
  1 -0.65090  4.64223e+00 |  2 -0.51507  1.62085e+02 |  3  0.23800 -5.24384e+02
  4  0.24187  6.96098e+02 |  5  0.15950  8.54247e+01 |  6  0.11007  8.62920e+01
  7  0.07027  5.69014e+01 |  8  0.03067  2.77979e+01 |  9 -0.01019 -1.01106e+02
 10 -0.01796  4.39086e+01 | 11 -0.03663 -4.45517e+01 | 12 -0.04039  3.35582e+01
 13 -0.05289  8.76116e+01 | 14 -0.09094 -8.90198e+01 | 15 -0.10143 -1.07225e+02
 16 -0.07863  1.47126e+02 | 17 -0.10020 -6.90836e+01 | 18  0.03932 -2.06058e+02
 19 -0.01732 -5.49255e+02 | 20 -0.00980 -6.48268e+02 | 21 -0.01024 -5.65686e+02
 22 -0.00731 -4.43483e+02 | 23 -0.00446 -4.14974e+02 | 24  0.00080 -3.34825e+01
 25  0.00432  8.09484e+01 | 26  0.00401 -2.04665e+02 | 27  0.00771 -2.60125e+02
 28  0.00931 -5.77538e+01 | 29  0.00995 -2.78302e+02 | 30  0.01245 -1.91332e+02
 31  0.01736  3.68419e+02 | 32  0.01544  3.53617e+02 | 33  0.01581  2.82274e+02
 34  0.01683  1.03229e+02 | 35  0.02092  1.89862e+02 | 36  0.01868  1.67583e+02
 37  0.02289  1.40391e+02 | 38  0.02466  2.43595e+02 | 39  0.02226  1.72018e+01
 40  0.02675  3.12450e+02 | 41  0.02680  1.96925e+02 | 42  0.02778  2.09311e+02
 43  0.02813  3.04391e+02 | 44  0.02762  4.23106e+02 | 45  0.02753  4.34481e+02
 46  0.02526 -4.94944e+00 | 47 -0.38827 -4.64920e+02 | 48  0.14020 -3.32688e+03
 49 -0.07083  3.67607e+02 | 50 -0.05513  6.36520e+02 | 51 -0.05024  3.60273e+02
 52 -0.04267  2.12286e+02 | 53 -0.03436 -8.17156e+00 | 54 -0.02945  1.54635e+02
 55 -0.02346  3.23499e+02 | 56 -0.01483  5.50644e+02 | 57 -0.00359  9.98748e+01
 58 -0.00031 -1.47434e+02 | 59  0.00870  4.12709e+02 | 60  0.01990  9.63630e+00
 61  0.02126 -2.00132e+02 | 62  0.01367 -3.37665e+02 | 63  0.01285 -3.06824e+02
 64  0.01270 -3.96061e+02 | 65  0.01211 -6.54412e+01 | 66  0.01536 -2.36211e+02
 67  0.01315 -4.17975e+00 | 68  0.01656 -8.88511e+01 | 69  0.01896 -1.64833e+02
 70  0.01846  4.86833e+01 | 71  0.02339 -1.05367e+02 | 72  0.02560 -1.86136e+02
 73  0.02449 -4.01221e+02 | 74  0.02243 -5.65319e+02 | 75  0.01581 -3.65896e+00
 76  0.02498  5.42892e+01 | 77  0.00429  3.62077e+01 | 78 -0.61485 -1.12094e+03
 79 -0.55859  5.76960e+02 |
2 0 22910.9
2 0 22903
2 0 22900.2
2 0 22897.8
2 0 22896.9
2 0 22896.4
2 0 22895.8
2 0 22895.5
2 0 22895.5
2 0 22895.4
2 0 22895.4
79 variables; iteration 90; function evaluation 124; phase 2
Function value   2.2895376e+04; maximum gradient component mag   1.2948e+02
Var   Value    Gradient   |Var   Value    Gradient   |Var   Value    Gradient
  1 -0.66210 -2.94836e+00 |  2 -0.59998 -5.03180e+00 |  3  0.24554 -2.75449e+00
  4  0.22873 -1.58949e+01 |  5  0.14884 -1.99160e+00 |  6  0.09213 -1.04160e+00
  7  0.05601  4.67869e-01 |  8  0.03115  5.14493e-01 |  9  0.01261 -6.83949e-01
 10 -0.00151  8.16283e-01 | 11 -0.01284 -2.91356e-01 | 12 -0.02175 -6.47120e-02
 13 -0.02873  2.27642e-01 | 14 -0.03416 -2.72342e-01 | 15 -0.03806 -6.95226e-02
 16 -0.04064 -5.34858e-01 | 17 -0.04181  1.40405e-01 | 18  0.03742  2.73748e+01
 19 -0.01818  3.27981e+01 | 20 -0.00709 -1.18220e+00 | 21 -0.00778  2.59241e+00
 22 -0.00525 -1.01783e+00 | 23 -0.00271  1.85085e+00 | 24  0.00132 -9.66981e+00
 25  0.00387 -8.62148e+00 | 26  0.00407  8.17567e+00 | 27  0.00835  3.87277e+00
 28  0.01032 -1.04598e+01 | 29  0.01101 -2.52567e+00 | 30  0.01243  1.00780e+01
 31  0.01633 -6.80478e+00 | 32  0.01424  9.61251e+00 | 33  0.01498 -1.11194e+00
 34  0.01633 -9.71561e+00 | 35  0.02029  4.60892e+00 | 36  0.01758 -7.17430e+00
 37  0.02210  1.73851e+00 | 38  0.02345 -6.46467e+00 | 39  0.02166 -3.48796e+00
 40  0.02546 -2.69546e+00 | 41  0.02537 -5.89895e+00 | 42  0.02668 -2.83103e+00
 43  0.02687  1.61203e+00 | 44  0.02632  7.16907e+00 | 45  0.02643  8.19354e+00
 46  0.02683 -3.36042e+00 | 47 -0.38406 -1.30535e+00 | 48  0.14111  1.29480e+02
 49 -0.07172 -7.01321e+00 | 50 -0.05640 -7.48593e+00 | 51 -0.05064 -1.56101e+00
 52 -0.04256 -1.95317e+00 | 53 -0.03405  8.61007e+00 | 54 -0.03022  1.12752e+01
 55 -0.02458  5.94740e+00 | 56 -0.01635  2.92812e+00 | 57 -0.00405  1.18499e+01
 58  0.00030  1.21009e+01 | 59  0.00777 -4.78395e+00 | 60  0.01941  5.15302e+00
 61  0.02064 -1.63502e+00 | 62  0.01349 -7.55283e+00 | 63  0.01271  2.83981e-01
 64  0.01288 -5.70639e-01 | 65  0.01130 -5.04607e-01 | 66  0.01524  3.20800e+00
 67  0.01220  7.74832e-01 | 68  0.01618  4.04555e+00 | 69  0.01862  4.45912e+00
 70  0.01739  9.48319e-01 | 71  0.02285  3.53127e+00 | 72  0.02503 -1.87529e+00
 73  0.02414 -1.11107e+01 | 74  0.02218 -1.12024e+01 | 75  0.01290 -1.36435e+01
 76  0.02225 -2.66139e+00 | 77  0.02278 -3.03865e+00 | 78 -0.62868 -9.19808e+00
 79 -0.59822  1.18259e+01 |
2 0 22895.3
2 0 22895.3
2 0 22895.3
2 0 22895.3
2 0 22895.3
2 0 22895.3
2 0 22895.3
2 0 22895.3
2 0 22895.3
2 0 22895.3
79 variables; iteration 100; function evaluation 134; phase 2
Function value   2.2895294e+04; maximum gradient component mag  -3.4396e+00
Var   Value    Gradient   |Var   Value    Gradient   |Var   Value    Gradient
  1 -0.66162  1.45060e-01 |  2 -0.59519 -1.81755e-02 |  3  0.24523 -1.82687e-01
  4  0.22843  7.33439e-02 |  5  0.14825 -2.46996e-02 |  6  0.09150 -8.62788e-03
  7  0.05522 -1.45728e-02 |  8  0.03034 -9.77879e-03 |  9  0.01194  1.09990e-02
 10 -0.00224 -1.50523e-02 | 11 -0.01340  1.91827e-03 | 12 -0.02221 -2.72827e-03
 13 -0.02910 -1.09219e-02 | 14 -0.03436  1.29278e-03 | 15 -0.03818 -2.06269e-03
 16 -0.04066 -2.44005e-03 | 17 -0.04189 -5.08879e-03 | 18  0.03636 -2.59863e-01
 19 -0.01890  1.86620e-01 | 20 -0.00710 -2.31884e-01 | 21 -0.00778 -1.05734e-01
 22 -0.00524 -1.57493e-02 | 23 -0.00268 -1.42315e-02 | 24  0.00136  4.42827e-02
 25  0.00391  5.72991e-02 | 26  0.00409 -1.03840e-01 | 27  0.00837 -3.90666e-02
 28  0.01036  7.76902e-02 | 29  0.01104  1.64771e-02 | 30  0.01244 -5.41918e-02
 31  0.01636  3.43387e-02 | 32  0.01424 -9.78724e-02 | 33  0.01501  4.86722e-02
 34  0.01638  1.23064e-01 | 35  0.02031 -4.57564e-02 | 36  0.01761  8.34134e-02
 37  0.02213  1.71810e-02 | 38  0.02349  1.07521e-01 | 39  0.02170  5.84411e-02
 40  0.02549  6.80081e-02 | 41  0.02542  9.65458e-02 | 42  0.02672  6.08236e-02
 43  0.02689  3.59738e-02 | 44  0.02633 -5.55000e-02 | 45  0.02644 -2.00734e-01
 46  0.02685  4.29687e-01 | 47 -0.38401 -3.32810e-01 | 48  0.14105 -3.43956e+00
 49 -0.07171 -1.63489e-01 | 50 -0.05637  1.61462e-02 | 51 -0.05062  1.37624e-02
 52 -0.04253  4.57710e-02 | 53 -0.03403 -5.20278e-02 | 54 -0.03019 -7.25950e-02
 55 -0.02457 -6.12922e-02 | 56 -0.01633 -6.95611e-02 | 57 -0.00404 -9.49652e-02
 58  0.00032 -8.20603e-02 | 59  0.00781  2.58170e-02 | 60  0.01942 -7.35148e-02
 61  0.02066  1.80257e-02 | 62  0.01353  1.02037e-01 | 63  0.01274  1.53884e-02
 64  0.01291  3.86039e-02 | 65  0.01133  2.29598e-02 | 66  0.01525 -4.25076e-02
 67  0.01223 -2.51628e-02 | 68  0.01620 -5.95627e-02 | 69  0.01864 -7.29045e-02
 70  0.01742 -2.30228e-02 | 71  0.02288 -4.80552e-02 | 72  0.02506  5.31744e-03
 73  0.02418  1.35682e-01 | 74  0.02221  2.19514e-01 | 75  0.01289  4.96248e-03
 76  0.02221  5.00434e-02 | 77  0.02221  1.63284e-01 | 78 -0.63185 -7.49755e-03
 79 -0.60861  5.62347e-02 |
2 0 22895.3
2 0 22895.3
2 0 22895.3
2 0 22895.3
2 0 22895.3

 - final statistics:
79 variables; iteration 105; function evaluation 139
Function value   2.2895e+04; maximum gradient component mag   8.6864e-04
Exit code = 1;  converg criter   1.0000e-03
Var   Value    Gradient   |Var   Value    Gradient   |Var   Value    Gradient
  1 -0.66162  9.84407e-05 |  2 -0.59519 -2.48308e-05 |  3  0.24523 -5.54804e-05
  4  0.22842  8.15522e-05 |  5  0.14825  1.10403e-05 |  6  0.09150  5.26453e-07
  7  0.05522  8.79282e-06 |  8  0.03034  6.94158e-06 |  9  0.01194 -9.20610e-06
 10 -0.00224  9.81641e-06 | 11 -0.01339 -5.94458e-06 | 12 -0.02219 -4.27494e-07
 13 -0.02909  4.63798e-06 | 14 -0.03435 -6.80188e-06 | 15 -0.03816 -8.08019e-06
 16 -0.04065  1.83302e-06 | 17 -0.04187 -3.55625e-06 | 18  0.03636 -1.97107e-04
 19 -0.01891  7.03728e-05 | 20 -0.00710 -3.34743e-05 | 21 -0.00778  3.35627e-05
 22 -0.00524 -7.68346e-06 | 23 -0.00268  4.64915e-05 | 24  0.00136 -7.27883e-05
 25  0.00391 -3.59821e-05 | 26  0.00409  6.90915e-05 | 27  0.00837  3.60508e-05
 28  0.01036 -9.06934e-05 | 29  0.01104 -3.19810e-05 | 30  0.01244  1.10087e-04
 31  0.01636 -5.02925e-05 | 32  0.01424  9.00040e-05 | 33  0.01501  4.33786e-05
 34  0.01638 -3.30748e-05 | 35  0.02031  7.40461e-05 | 36  0.01761 -4.72486e-05
 37  0.02213  7.31292e-05 | 38  0.02349 -1.22165e-05 | 39  0.02170 -2.03420e-05
 40  0.02549  3.61989e-05 | 41  0.02542 -3.51528e-05 | 42  0.02672 -3.76273e-06
 43  0.02689  2.05471e-05 | 44  0.02633  1.21194e-05 | 45  0.02644 -2.00647e-04
 46  0.02685  1.18588e-04 | 47 -0.38401 -4.54203e-05 | 48  0.14105  7.80112e-04
 49 -0.07171 -6.25003e-05 | 50 -0.05637 -2.55249e-06 | 51 -0.05062  2.49693e-05
 52 -0.04253 -1.12874e-07 | 53 -0.03403  8.01807e-05 | 54 -0.03019  1.21315e-04
 55 -0.02457  6.09897e-05 | 56 -0.01633  3.38521e-05 | 57 -0.00404  1.09437e-04
 58  0.00032  9.08694e-05 | 59  0.00781 -2.39013e-05 | 60  0.01942  2.43309e-05
 61  0.02066 -6.34320e-05 | 62  0.01353 -1.05589e-04 | 63  0.01274 -1.39980e-05
 64  0.01291 -1.12244e-04 | 65  0.01133  9.43191e-06 | 66  0.01525 -7.90862e-05
 67  0.01223 -3.55277e-05 | 68  0.01620 -1.50371e-05 | 69  0.01864 -6.99080e-05
 70  0.01742 -2.03466e-05 | 71  0.02288 -1.04464e-05 | 72  0.02506 -4.99999e-05
 73  0.02418 -9.04997e-05 | 74  0.02221  2.64817e-04 | 75  0.01289 -9.29725e-06
 76  0.02221 -8.03418e-05 | 77  0.02221 -6.84624e-06 | 78 -0.63186  8.68640e-04
 79 -0.60866 -2.21916e-04 |
2 0 22895.3
B0236324
0.3 0.279325
0.239421 0.332161
0.227219 0.345151
0.22407 0.348656
0.22321 0.349626
0.222971 0.349896
0.222905 0.349971
0.222886 0.349992
0.222881 0.349998
0.222879 0.349999
0.222879 0.35
0.222879 0.35
0.222879 0.35
0.222879 0.35
0.222879 0.35
0.222879 0.35
0.222879 0.35
0.222879 0.35
0.222879 0.35
0.222879 0.35
0.222879 0.35
FutMOrt0.0992162
FutMOrt0.0992162
FutMOrt0.0992162
FutMOrt0.0992162
FutMOrt0.0992162
FutMOrt0.0992162
FutMOrt0.0992162
FutMOrt0.0992162
FutMOrt0.0992162
FutMOrt0.0992162
Survey Bio20.9439
Survey len11175.6
CPUE41.1778
Catch7.83724
Catch len11179.7
initsmo_penal19.9471
F_pen446.564
Rec_pen3.53417
M_pen0


Starting time: Mon Jun 18 00:00:35 2018
Finishing time: Mon Jun 18 00:00:49 2018
This run took: 0 hours, 0 minutes, 14 seconds.

