survYears 72 73 74 75 76 77 78 79 80 81 82 83 84 85 86 87 88 89 90 91 92 93 94 95 96 97 98 99 100
SurvLenYear 72 73 74 75 76 77 78 79 80 81 82 83 84 85 86 87 88 89 90 91 92 93 94 95 96 97 98 99 100
catchBiomass 3654.65 3987.11 4109.33 3274.68 4623.3 6797.39 18260.1 17515.1 24047.7 31718.1 56535.1 64040.1 78330.5 91702.8 113268 98682.5 99580.4 69826.4 80404 74003 68611.3 94545.8 97991.1 93035.9 98324.2 88579 113637 82448.7 110292
steep0.75
25
Out
1 0 37357.2

Initial statistics: 75 variables; iteration 0; function evaluation 0; phase 1
Function value   3.7357213e+04; maximum gradient component mag  -1.7267e+05
Var   Value    Gradient   |Var   Value    Gradient   |Var   Value    Gradient
  1  0.26044  1.25913e+02 |  2  0.22506 -2.56073e+02 |  3  0.21786  2.40896e+02
  4  0.22017  7.88215e+02 |  5  0.19693  6.22444e+02 |  6  0.17014  4.07143e+02
  7  0.14285  1.89344e+02 |  8  0.13288  2.30571e+02 |  9  0.11576  1.26586e+02
 10  0.10496  1.45210e+02 | 11  0.08579  6.68766e+01 | 12  0.06984  8.46945e+01
 13  0.04465 -4.52782e+01 | 14  0.04231 -6.21875e+01 | 15  0.06743  1.34698e+02
 16 -0.19724 -2.25999e+04 | 17  0.00000  2.68546e+03 | 18  0.00000  4.73558e+03
 19  0.00000  4.25491e+03 | 20  0.00000  7.10034e+03 | 21  0.00000  7.25538e+03
 22  0.00000  7.03437e+03 | 23  0.00000  2.33822e+03 | 24  0.00000  3.78788e+03
 25  0.00000  3.32975e+03 | 26  0.00000  2.66580e+03 | 27  0.00000 -8.49461e+01
 28  0.00000 -2.21702e+02 | 29  0.00000 -1.14655e+03 | 30  0.00000 -1.90678e+03
 31  0.00000 -3.43038e+03 | 32  0.00000 -2.88208e+03 | 33  0.00000 -3.21706e+03
 34  0.00000 -8.95445e+02 | 35  0.00000 -1.69053e+03 | 36  0.00000 -1.01891e+03
 37  0.00000 -1.73119e+02 | 38  0.00000 -1.91254e+03 | 39  0.00000 -2.32090e+03
 40  0.00000 -2.14010e+03 | 41  0.00000 -2.54945e+03 | 42  0.00000 -2.21994e+03
 43  0.00000 -4.77930e+03 | 44  0.00000 -4.32905e+03 | 45  0.00000 -8.26890e+03
 46  0.09596 -1.72667e+05 | 47  0.00000  2.47131e+04 | 48  0.00000  2.61752e+04
 49  0.00000  1.61837e+04 | 50  0.00000  8.39473e+03 | 51  0.00000  5.79294e+03
 52  0.00000  4.31961e+03 | 53  0.00000  2.08631e+03 | 54  0.00000 -1.47995e+03
 55  0.00000 -3.13248e+03 | 56  0.00000 -4.67616e+03 | 57  0.00000 -5.68990e+03
 58  0.00000 -6.61140e+03 | 59  0.00000 -6.67575e+03 | 60  0.00000 -5.66831e+03
 61  0.00000 -4.99877e+03 | 62  0.00000 -5.18115e+03 | 63  0.00000 -5.04075e+03
 64  0.00000 -5.22735e+03 | 65  0.00000 -5.57433e+03 | 66  0.00000 -6.38950e+03
 67  0.00000 -6.76720e+03 | 68  0.00000 -6.41919e+03 | 69  0.00000 -5.97858e+03
 70  0.00000 -5.90748e+03 | 71  0.00000 -4.97436e+03 | 72  0.00000 -2.82953e+03
 73  0.00000 -2.35297e+02 | 74  0.00000  3.76205e+03 | 75  0.00000  8.02976e+03
1 0 37357.2
1 0 37357
1 0 37355
1 0 37335
1 0 37138
1 0 35438.8
1 0 32477.7
1 0 54376.7
1 0 32103.5
1 0 32107.4
1 0 31906.7
1 0 31944.8
1 0 31806.6
1 0 31728.2
1 0 31851.2
1 0 31708.8
1 0 31691
1 0 31684
1 0 31660

Intermediate statistics: 75 variables; iteration 10; function evaluation 19; phase 1
Function value   3.1665316e+04; maximum gradient component mag  -7.1641e+04
Var   Value    Gradient   |Var   Value    Gradient   |Var   Value    Gradient
  1  0.27698  3.59694e+02 |  2  0.24748 -3.26759e+02 |  3  0.20250 -2.28082e+02
  4  0.17407 -1.05915e+02 |  5  0.15852 -1.66770e+01 |  6  0.14352  6.60439e+00
  7  0.12954  1.36596e+01 |  8  0.11712  1.47861e+01 |  9  0.10641  2.34841e+01
 10  0.09443  2.30097e+01 | 11  0.08047  2.15998e+01 | 12  0.06389  3.25924e+00
 13  0.04915 -3.72222e+01 | 14  0.04770 -2.83028e+01 | 15  0.05679  3.82554e+01
 16 -0.13651 -9.57082e+03 | 17  0.01678  2.15409e+03 | 18 -0.00565  1.98661e+03
 19  0.00152  2.02785e+03 | 20 -0.00108  3.21795e+03 | 21  0.00359  3.91498e+03
 22  0.00573  4.22609e+03 | 23  0.01637  1.76050e+03 | 24  0.02626  3.38880e+03
 25  0.01888  2.87205e+03 | 26  0.01321  2.22456e+03 | 27  0.01304  8.14170e+02
 28  0.01446  6.72781e+02 | 29  0.00930 -4.49137e+02 | 30 -0.00535 -1.46582e+03
 31 -0.00730 -2.46029e+03 | 32 -0.00491 -2.27042e+03 | 33 -0.00297 -2.31950e+03
 34 -0.00718 -1.26901e+03 | 35 -0.00274 -1.32253e+03 | 36  0.00358 -6.24191e+02
 37  0.00698 -5.47285e+01 | 38  0.00173 -1.09619e+03 | 39 -0.00212 -1.30920e+03
 40  0.00292 -1.06574e+03 | 41  0.00486 -1.16831e+03 | 42 -0.00650 -1.20464e+03
 43 -0.01400 -2.62216e+03 | 44 -0.03824 -3.14292e+03 | 45 -0.06236 -6.10679e+03
 46  0.11513 -7.16411e+04 | 47 -0.05082  9.04971e+03 | 48 -0.05420  1.02180e+04
 49 -0.03854  7.16668e+03 | 50 -0.02651  2.92634e+03 | 51 -0.02467  1.30881e+03
 52 -0.02383  5.16721e+02 | 53 -0.05184 -1.44036e+03 | 54  0.01364 -7.13168e+02
 55  0.00012 -1.76345e+03 | 56  0.01473 -2.40012e+03 | 57 -0.01124 -2.76006e+03
 58  0.03463 -1.99385e+03 | 59  0.04295 -2.64308e+03 | 60 -0.05303 -2.12365e+03
 61 -0.03730 -4.23009e+03 | 62  0.02814 -2.56081e+03 | 63 -0.01717 -2.74005e+03
 64  0.00274 -4.34092e+03 | 65 -0.04338 -3.13093e+03 | 66  0.01769 -2.92795e+03
 67  0.03848 -2.28237e+03 | 68 -0.00584 -4.13268e+03 | 69 -0.05145 -3.34365e+03
 70  0.03000 -2.83939e+03 | 71  0.04359 -1.55424e+03 | 72  0.03402 -1.42407e+03
 73  0.06879  5.71086e+02 | 74  0.08365  2.59237e+03 | 75  0.01547  2.44523e+03
1 0 31616.5
1 0 31574.3
1 0 31628.3
1 0 31560.6
1 0 31551
1 0 31544.4
1 0 31536.8
1 0 31521.5
1 0 31494
1 0 31472.8
1 0 31486.1
1 0 31464.6
75 variables; iteration 20; function evaluation 31; phase 1
Function value   3.1468417e+04; maximum gradient component mag  -2.8265e+04
Var   Value    Gradient   |Var   Value    Gradient   |Var   Value    Gradient
  1  0.27879  1.10306e+03 |  2  0.29956  1.64315e+03 |  3  0.17524 -2.78479e+01
  4  0.03574 -4.30707e+02 |  5  0.02378 -1.29358e+02 |  6  0.04608 -5.54700e+01
  7  0.07603  8.10880e+01 |  8  0.06151 -1.19215e+02 |  9  0.06862  8.48817e+00
 10  0.05579 -9.22179e+01 | 11  0.05794 -9.23986e-01 | 12  0.04676 -1.51053e+02
 13  0.07074  2.51535e+01 | 14  0.06866  1.02805e+02 | 15  0.01797 -1.85970e+02
 16 -0.13652 -7.19322e+03 | 17  0.02060  2.13418e+02 | 18 -0.00454  2.09956e+03
 19 -0.00535  9.98079e+02 | 20 -0.00648  2.50563e+03 | 21 -0.00275  2.70202e+03
 22 -0.00215  2.51949e+03 | 23  0.01580  1.36488e+03 | 24  0.01699  2.36984e+03
 25  0.02317  3.34383e+03 | 26  0.02633  3.34765e+03 | 27  0.01635  5.13528e+02
 28  0.00375 -1.40167e+03 | 29  0.01077 -8.42991e+02 | 30  0.00630 -2.32098e+02
 31  0.00759 -1.08317e+03 | 32  0.01443  3.25456e+02 | 33  0.01301 -8.95410e+02
 34  0.00323 -1.15811e+03 | 35 -0.00358 -2.20177e+03 | 36 -0.01080 -2.14286e+03
 37 -0.01091 -1.74132e+03 | 38  0.00071 -1.11773e+03 | 39 -0.00027 -4.02378e+02
 40  0.00534 -1.41879e+02 | 41  0.00642 -3.01937e+02 | 42 -0.00796 -1.23945e+03
 43 -0.01715 -2.05821e+03 | 44 -0.04469 -1.69697e+03 | 45 -0.07582 -4.61620e+03
 46  0.12293 -2.82654e+04 | 47 -0.06273  5.25935e+03 | 48 -0.06035  8.02313e+03
 49 -0.05533  2.36010e+03 | 50 -0.03005  1.29904e+03 | 51 -0.02613  3.57409e+02
 52 -0.01952  6.35474e+02 | 53 -0.01387  3.54949e+02 | 54 -0.01474 -2.44242e+03
 55  0.00253 -2.07693e+03 | 56  0.02665 -9.60456e+02 | 57  0.00744 -2.84770e+03
 58  0.00502 -3.01270e+03 | 59  0.04892  3.57619e+02 | 60 -0.12276 -2.16729e+03
 61  0.00256 -3.51574e+03 | 62  0.02607 -9.52400e+02 | 63 -0.00686 -2.87318e+03
 64  0.04527  3.24267e+03 | 65 -0.05467 -3.39502e+03 | 66  0.01417 -2.90535e+03
 67  0.01706 -1.91117e+03 | 68  0.02918 -4.76307e+03 | 69 -0.24169 -2.21963e+03
 70  0.03517 -9.74110e+02 | 71  0.03962 -1.47448e+03 | 72  0.05445 -4.63260e+02
 73  0.08204  1.43921e+03 | 74  0.10927  2.44107e+03 | 75  0.14060  1.05883e+03
1 0 31452.8
1 0 31433.2
1 0 31467.7
1 0 31426.5
1 0 31425.7
1 0 31424.4
1 0 31422.1
1 0 31409.2
1 0 31410.7
1 0 31401.4
1 0 31414.2
1 0 31399.2
1 0 31397.3
1 0 31394.1
75 variables; iteration 30; function evaluation 45; phase 1
Function value   3.1397531e+04; maximum gradient component mag  -3.0129e+04
Var   Value    Gradient   |Var   Value    Gradient   |Var   Value    Gradient
  1  0.25949  6.36368e+02 |  2  0.27218  3.96888e+02 |  3  0.13597  3.56279e+01
  4 -0.05572 -4.80880e+02 |  5 -0.10297 -2.64682e+02 |  6 -0.06954 -7.35848e+01
  7 -0.01534  1.29691e+02 |  8 -0.00494 -4.98868e+01 |  9  0.01433  2.91176e+01
 10  0.01523 -8.60778e+01 | 11  0.03215 -3.85676e+01 | 12  0.04605 -1.88274e+02
 13  0.09668 -1.29553e+01 | 14  0.08467  6.29285e+01 | 15  0.00362 -2.93870e+02
 16 -0.14972 -8.82587e+03 | 17 -0.02065  1.17639e+03 | 18 -0.00298  2.31944e+03
 19 -0.00388  9.46591e+02 | 20 -0.00452  2.58279e+03 | 21 -0.00164  2.70285e+03
 22 -0.00243  2.30907e+03 | 23  0.01498  1.25375e+03 | 24  0.01276  1.75737e+03
 25  0.01842  2.69480e+03 | 26  0.02106  2.60078e+03 | 27  0.01653  6.01707e+02
 28  0.00688 -8.80254e+02 | 29  0.00757 -1.91552e+03 | 30  0.00554 -7.57694e+02
 31  0.00891 -1.30939e+03 | 32  0.01762  5.59081e+02 | 33  0.01318 -1.32796e+03
 34  0.00764 -1.57780e+02 | 35  0.00079 -2.01478e+03 | 36 -0.00877 -2.14756e+03
 37 -0.01079 -1.75445e+03 | 38  0.00052 -1.23422e+03 | 39  0.00087 -2.97515e+02
 40  0.00607 -2.40444e+02 | 41  0.00968 -5.38955e+01 | 42 -0.00168 -5.87941e+02
 43 -0.00995 -1.66686e+03 | 44 -0.03556 -1.55591e+03 | 45 -0.06839 -4.99943e+03
 46  0.12512 -3.01287e+04 | 47 -0.06541  5.07167e+03 | 48 -0.06182  8.11945e+03
 49 -0.05897  1.90836e+03 | 50 -0.03207  9.11930e+02 | 51 -0.02756  1.78427e+02
 52 -0.02079  5.41643e+02 | 53 -0.01413  3.54515e+02 | 54 -0.01640 -2.58385e+03
 55 -0.00003 -2.19999e+03 | 56  0.02128 -1.38705e+03 | 57  0.00460 -3.04573e+03
 58  0.00513 -2.80322e+03 | 59  0.04758  9.76037e+02 | 60 -0.15226 -1.78254e+03
 61  0.00439 -2.68637e+03 | 62  0.02799  1.90246e+02 | 63 -0.01330 -3.04211e+03
 64  0.04021  3.68996e+03 | 65  0.00133 -2.28252e+03 | 66  0.00920 -2.64285e+03
 67  0.01654 -1.72153e+03 | 68  0.02480 -5.09386e+03 | 69 -0.25735 -2.17149e+03
 70  0.02988 -1.15227e+03 | 71  0.03682 -1.48600e+03 | 72  0.04584 -1.09213e+03
 73  0.07169  4.53457e+02 | 74  0.10137  1.65851e+03 | 75  0.21016  1.54736e+03
1 0 31389
1 0 31383.5
1 0 31384.9
1 0 31381
1 0 31378.8
1 0 31376
1 0 31372.2
1 0 31368.8
1 0 31371.6
1 0 31367.5
1 0 31366.5
1 0 31365.2
75 variables; iteration 40; function evaluation 57; phase 1
Function value   3.1367887e+04; maximum gradient component mag  -3.0508e+04
Var   Value    Gradient   |Var   Value    Gradient   |Var   Value    Gradient
  1  0.26681  1.11002e+03 |  2  0.26740  7.96020e+02 |  3  0.13828  1.69584e+02
  4 -0.06342 -4.44312e+02 |  5 -0.13116 -1.66470e+02 |  6 -0.14751 -1.31419e+02
  7 -0.12244  6.30176e+01 |  8 -0.11722 -1.36472e+02 |  9 -0.07000  4.62666e+01
 10 -0.03744 -8.07215e+01 | 11  0.01875  2.42784e+01 | 12  0.06576 -1.20862e+02
 13  0.14463  1.59502e+02 | 14  0.13912  1.58048e+02 | 15  0.05491 -2.89655e+02
 16 -0.15304 -9.28693e+03 | 17 -0.02379  9.91420e+02 | 18 -0.00202  2.74159e+03
 19 -0.00382  1.13384e+03 | 20 -0.00417  2.80697e+03 | 21 -0.00260  2.67694e+03
 22 -0.00496  1.98325e+03 | 23  0.01339  1.10959e+03 | 24  0.01013  1.46696e+03
 25  0.01595  2.43787e+03 | 26  0.01987  2.56159e+03 | 27  0.01561  5.70338e+02
 28  0.00656 -8.93292e+02 | 29  0.00726 -2.05179e+03 | 30  0.00631 -6.21056e+02
 31  0.00954 -1.21310e+03 | 32  0.01774  5.48896e+02 | 33  0.01172 -1.59558e+03
 34  0.00734 -2.39166e+02 | 35  0.00148 -1.95738e+03 | 36 -0.00878 -2.16621e+03
 37 -0.01133 -1.76910e+03 | 38 -0.00040 -1.37219e+03 | 39  0.00125 -2.14278e+02
 40  0.00615 -1.82779e+02 | 41  0.00959 -2.94053e+01 | 42 -0.00110 -6.63767e+02
 43 -0.00749 -1.52077e+03 | 44 -0.03106 -1.28045e+03 | 45 -0.06041 -4.56141e+03
 46  0.12316 -3.05081e+04 | 47 -0.06494  4.99249e+03 | 48 -0.06018  8.11386e+03
 49 -0.05738  1.87535e+03 | 50 -0.02988  9.57714e+02 | 51 -0.02489  3.44840e+02
 52 -0.01938  5.81464e+02 | 53 -0.01063  6.98920e+02 | 54 -0.01504 -2.53653e+03
 55  0.00041 -2.15967e+03 | 56  0.02351 -1.30889e+03 | 57  0.00098 -3.37221e+03
 58  0.00747 -2.79054e+03 | 59  0.04865  7.60974e+02 | 60 -0.15013 -1.75013e+03
 61  0.00998 -2.17135e+03 | 62  0.02761 -6.28679e+01 | 63 -0.01552 -3.17542e+03
 64  0.04231  4.03419e+03 | 65  0.00762 -1.74449e+03 | 66  0.01107 -2.47950e+03
 67  0.01606 -1.87244e+03 | 68  0.02747 -4.79737e+03 | 69 -0.25808 -2.13358e+03
 70  0.03139 -1.06131e+03 | 71  0.03471 -1.66629e+03 | 72  0.04701 -8.61587e+02
 73  0.06885  4.27195e+02 | 74  0.09483  1.46056e+03 | 75  0.18567  1.53287e+03
1 0 31363.1
1 0 31364
1 0 31362.3
1 0 31361.6
1 0 31360.6
1 0 31359.2
1 0 31357.6
1 0 31356.7
1 0 31355.9
1 0 31354.9
1 0 31353.4
75 variables; iteration 50; function evaluation 68; phase 1
Function value   3.1356058e+04; maximum gradient component mag  -3.0018e+04
Var   Value    Gradient   |Var   Value    Gradient   |Var   Value    Gradient
  1  0.26994  1.28716e+03 |  2  0.26378  6.23344e+02 |  3  0.14798  1.66462e+02
  4 -0.05278 -4.37888e+02 |  5 -0.12159 -9.20110e+01 |  6 -0.16276 -1.68102e+02
  7 -0.15043  8.36503e+01 |  8 -0.16481 -1.62952e+02 |  9 -0.12719  2.90380e+01
 10 -0.09911 -1.28527e+02 | 11 -0.03221  5.21012e+01 | 12  0.01789 -1.47623e+02
 13  0.11040  1.04987e+02 | 14  0.15037  1.08443e+02 | 15  0.10363 -2.07984e+02
 16 -0.15333 -9.27907e+03 | 17 -0.02750  9.94362e+02 | 18 -0.00164  2.79166e+03
 19 -0.00382  1.12722e+03 | 20 -0.00424  2.80389e+03 | 21 -0.00315  2.58273e+03
 22 -0.00446  2.04855e+03 | 23  0.01324  9.93334e+02 | 24  0.01099  1.57456e+03
 25  0.01672  2.54458e+03 | 26  0.01950  2.47937e+03 | 27  0.01529  4.73160e+02
 28  0.00700 -7.85583e+02 | 29  0.00699 -2.10261e+03 | 30  0.00619 -6.55245e+02
 31  0.00951 -1.23563e+03 | 32  0.01776  5.37435e+02 | 33  0.01114 -1.72515e+03
 34  0.00751 -1.91988e+02 | 35  0.00197 -1.91353e+03 | 36 -0.00824 -2.12262e+03
 37 -0.01123 -1.76188e+03 | 38 -0.00028 -1.35057e+03 | 39  0.00203 -3.88817e+01
 40  0.00660 -1.32851e+02 | 41  0.00968 -6.47361e+00 | 42 -0.00247 -8.39756e+02
 43 -0.00847 -1.67685e+03 | 44 -0.03047 -1.27599e+03 | 45 -0.05817 -4.41231e+03
 46  0.12323 -3.00179e+04 | 47 -0.06497  5.01143e+03 | 48 -0.06044  8.01255e+03
 49 -0.05708  1.90002e+03 | 50 -0.03006  8.84651e+02 | 51 -0.02643  6.86789e+01
 52 -0.01930  5.85726e+02 | 53 -0.01038  7.50694e+02 | 54 -0.01528 -2.56139e+03
 55  0.00186 -2.08183e+03 | 56  0.02278 -1.31827e+03 | 57  0.00217 -3.30304e+03
 58  0.00741 -2.78549e+03 | 59  0.04869  8.32336e+02 | 60 -0.15146 -1.76786e+03
 61  0.01126 -1.98932e+03 | 62  0.02723 -5.86268e+01 | 63 -0.01611 -3.21675e+03
 64  0.04197  4.03037e+03 | 65  0.00975 -1.48541e+03 | 66  0.01231 -2.28488e+03
 67  0.01526 -1.95317e+03 | 68  0.02705 -4.88071e+03 | 69 -0.26139 -2.18056e+03
 70  0.03270 -9.03300e+02 | 71  0.03618 -1.55364e+03 | 72  0.04466 -1.08056e+03
 73  0.06776  3.90883e+02 | 74  0.09230  1.29438e+03 | 75  0.19104  1.55235e+03
1 0 31351.4
1 0 31351.9
1 0 31350.6
1 0 31352.1
1 0 31350.3
1 0 31350
1 0 31349.3
1 0 31348.4
1 0 31348.4
1 0 31348.2
1 0 31347.8
1 0 31345.8
1 0 31345.4
1 0 31344.4
75 variables; iteration 60; function evaluation 82; phase 1
Function value   3.1346806e+04; maximum gradient component mag  -3.0726e+04
Var   Value    Gradient   |Var   Value    Gradient   |Var   Value    Gradient
  1  0.26778  1.21461e+03 |  2  0.26635  8.26118e+02 |  3  0.16741  2.10102e+02
  4 -0.04114 -4.50867e+02 |  5 -0.11353 -8.30206e+01 |  6 -0.16133 -1.49192e+02
  7 -0.16183  6.13485e+01 |  8 -0.18215 -8.68080e+01 |  9 -0.17429 -6.27104e+01
 10 -0.14635 -1.31341e+02 | 11 -0.07778 -2.46361e+00 | 12 -0.00976 -1.43225e+02
 13  0.09960  1.27203e+02 | 14  0.14652  1.73227e+02 | 15  0.06695 -2.96776e+02
 16 -0.15182 -9.13599e+03 | 17 -0.02546  9.46034e+02 | 18 -0.00117  2.82211e+03
 19 -0.00308  1.18155e+03 | 20 -0.00336  2.88331e+03 | 21 -0.00313  2.51113e+03
 22 -0.00361  2.21018e+03 | 23  0.01304  9.84988e+02 | 24  0.01067  1.59290e+03
 25  0.01543  2.38715e+03 | 26  0.01947  2.56942e+03 | 27  0.01589  5.79711e+02
 28  0.00774 -6.58527e+02 | 29  0.00712 -2.09153e+03 | 30  0.00595 -6.52177e+02
 31  0.00848 -1.40152e+03 | 32  0.01712  4.73917e+02 | 33  0.01102 -1.67099e+03
 34  0.00791 -9.72214e+01 | 35  0.00210 -1.87971e+03 | 36 -0.00938 -2.35078e+03
 37 -0.01025 -1.48208e+03 | 38 -0.00188 -1.61864e+03 | 39  0.00122 -1.52374e+02
 40  0.00554 -2.61249e+02 | 41  0.00890 -7.86110e+01 | 42 -0.00272 -8.38478e+02
 43 -0.00777 -1.59052e+03 | 44 -0.03016 -1.31162e+03 | 45 -0.05774 -4.35614e+03
 46  0.12260 -3.07257e+04 | 47 -0.06464  5.01541e+03 | 48 -0.05976  8.17390e+03
 49 -0.05771  1.80353e+03 | 50 -0.02920  1.05633e+03 | 51 -0.02556  2.11663e+02
 52 -0.01817  7.19026e+02 | 53 -0.00989  7.83004e+02 | 54 -0.01348 -2.43335e+03
 55 -0.00006 -2.24727e+03 | 56  0.02234 -1.50964e+03 | 57  0.00428 -3.20757e+03
 58  0.00774 -2.77745e+03 | 59  0.04896  6.95031e+02 | 60 -0.14959 -1.73144e+03
 61  0.01246 -1.87562e+03 | 62  0.02630 -2.74696e+02 | 63 -0.01523 -3.19125e+03
 64  0.04215  3.86961e+03 | 65  0.01153 -1.30901e+03 | 66  0.01292 -2.26497e+03
 67  0.01400 -2.13420e+03 | 68  0.02852 -4.68042e+03 | 69 -0.25975 -2.12734e+03
 70  0.03288 -8.54020e+02 | 71  0.03620 -1.52872e+03 | 72  0.04309 -1.20701e+03
 73  0.06851  5.11222e+02 | 74  0.09268  1.45681e+03 | 75  0.17850  1.54168e+03
1 0 31345
1 0 31343.9
1 0 31343.2
1 0 31342.1
1 0 31340
1 0 31328.8
1 0 31314.9
1 0 31328.8
1 0 31310.2
1 0 31301.3
1 0 31285.4
1 0 31264.3
1 0 31224.3
75 variables; iteration 70; function evaluation 95; phase 1
Function value   3.1226723e+04; maximum gradient component mag  -3.2032e+04
Var   Value    Gradient   |Var   Value    Gradient   |Var   Value    Gradient
  1  0.26426  1.09007e+03 |  2  0.26755  1.22527e+03 |  3  0.20367  3.46789e+02
  4  0.01230 -3.07227e+02 |  5 -0.08539 -6.05080e+01 |  6 -0.16641 -1.01195e+02
  7 -0.21666 -1.96409e+02 |  8 -0.20129 -1.44395e+02 |  9 -0.13891  1.00496e+02
 10 -0.10921 -6.71891e+01 | 11 -0.05935  1.02735e+02 | 12 -0.04147 -3.21868e+02
 13  0.07244  1.14476e+02 | 14  0.13903  3.79577e+02 | 15  0.02375 -3.94300e+02
 16 -0.14627 -8.24216e+03 | 17 -0.02264  7.18618e+02 | 18 -0.00361  2.48529e+03
 19 -0.00326  1.27784e+03 | 20 -0.00432  2.79250e+03 | 21 -0.00314  2.55755e+03
 22 -0.00389  2.16683e+03 | 23  0.01371  1.11590e+03 | 24  0.01346  2.05884e+03
 25  0.01654  2.45083e+03 | 26  0.01914  2.46352e+03 | 27  0.01624  5.29056e+02
 28  0.00964 -2.94167e+02 | 29  0.00714 -2.09702e+03 | 30  0.00767 -8.09688e+01
 31  0.00836 -1.31075e+03 | 32  0.01623  3.65357e+02 | 33  0.00990 -1.81686e+03
 34  0.00723  6.41668e+00 | 35  0.00112 -1.77748e+03 | 36 -0.01098 -2.67820e+03
 37 -0.01241 -1.92239e+03 | 38 -0.00300 -1.70971e+03 | 39 -0.00050 -4.92098e+02
 40  0.00617 -6.82534e+00 | 41  0.00837 -2.46899e+02 | 42 -0.00161 -6.27293e+02
 43 -0.00873 -1.67578e+03 | 44 -0.03008 -1.46052e+03 | 45 -0.05443 -3.87810e+03
 46  0.12403 -3.20316e+04 | 47 -0.06536  5.10267e+03 | 48 -0.06113  8.17619e+03
 49 -0.05844  1.98615e+03 | 50 -0.03077  1.12441e+03 | 51 -0.02686  2.84738e+02
 52 -0.02063  5.56695e+02 | 53 -0.01375  3.41937e+02 | 54 -0.01406 -2.43809e+03
 55 -0.00014 -2.30652e+03 | 56  0.01807 -1.86603e+03 | 57  0.00767 -2.89747e+03
 58  0.00725 -2.68718e+03 | 59  0.04703  1.50394e+02 | 60 -0.14391 -1.75257e+03
 61  0.01254 -1.82380e+03 | 62  0.02504 -2.98939e+02 | 63 -0.00826 -2.82049e+03
 64  0.03770  2.65664e+03 | 65  0.00645 -1.66332e+03 | 66  0.02007 -1.16821e+03
 67  0.00670 -2.50597e+03 | 68  0.02837 -4.44838e+03 | 69 -0.25650 -2.03611e+03
 70  0.03034 -8.89025e+02 | 71  0.03599 -1.21828e+03 | 72  0.04547 -6.57571e+02
 73  0.06112  3.14673e+01 | 74  0.09185  1.76832e+03 | 75  0.19937  1.70090e+03
1 0 31149.4
1 0 31043.8
1 0 30861.3
1 0 31747.5
1 0 30797
1 0 31950.1
1 0 30795.1
1 0 30791.8
1 0 30785.2
1 0 30720
1 0 30175.5
1 0 32738.1
1 0 29778.5
1 0 29455.5
1 0 29252.6
75 variables; iteration 80; function evaluation 110; phase 1
Function value   2.9252664e+04; maximum gradient component mag  -4.0340e+04
Var   Value    Gradient   |Var   Value    Gradient   |Var   Value    Gradient
  1  0.24244 -4.27661e+02 |  2  0.25618  3.22011e+01 |  3  0.20252 -8.78009e+01
  4  0.16177 -3.34672e+01 |  5  0.12026 -5.79858e+01 |  6  0.09263  2.83992e+01
  7  0.05478 -5.58810e+01 |  8  0.03355 -9.76066e+01 |  9  0.04162 -1.57866e+02
 10  0.09752  2.45252e+02 | 11  0.07875 -5.00932e+01 | 12  0.07570  3.19730e+01
 13  0.06341 -2.06310e+02 | 14  0.11437  1.59683e+02 | 15  0.11760  1.56564e+01
 16 -0.08645  5.72678e+02 | 17 -0.02982  1.91651e+02 | 18 -0.03720 -2.09386e+03
 19 -0.01865  5.07190e+02 | 20 -0.02471 -5.29063e+01 | 21 -0.02087  3.38829e+02
 22 -0.01825  8.64908e+02 | 23  0.00098  5.45831e+02 | 24 -0.00478 -3.76636e+02
 25 -0.00694 -6.74041e+02 | 26 -0.00949 -9.48476e+02 | 27  0.00752  3.46587e+02
 28  0.00823  4.94599e+02 | 29  0.00314 -3.98001e+02 | 30  0.00175 -2.03820e+02
 31  0.00977  2.42734e+02 | 32  0.00912  1.18988e+02 | 33  0.01713  2.68599e+03
 34  0.00920  8.82631e+02 | 35  0.01378 -5.50126e+01 | 36  0.01846  1.17579e+03
 37  0.01330  1.29401e+03 | 38  0.01669  4.60185e+02 | 39  0.00294 -1.42207e+03
 40  0.00125 -5.37012e+02 | 41  0.00314 -7.40203e+02 | 42  0.00151 -1.77375e+02
 43  0.00635 -7.83764e+02 | 44  0.00116 -1.38347e+03 | 45  0.02458 -7.65262e+02
 46  0.11608 -4.03403e+04 | 47 -0.07058  3.63510e+03 | 48 -0.08967  3.30448e+03
 49 -0.05014  3.14060e+03 | 50 -0.02744  9.73030e+02 | 51 -0.01873  9.68545e+02
 52 -0.02109 -4.51929e+00 | 53 -0.01501  6.48732e+01 | 54  0.01184  1.38244e+03
 55  0.01607  9.52537e+02 | 56 -0.00014 -1.77694e+03 | 57  0.03139  6.48785e+02
 58  0.03401 -1.77368e+02 | 59  0.02297 -2.19194e+03 | 60 -0.00017 -2.87847e+03
 61  0.03239 -9.58125e+02 | 62  0.00629 -3.09451e+03 | 63  0.00556 -3.30306e+03
 64  0.00969 -2.36507e+03 | 65  0.02689 -2.22292e+02 | 66  0.03368  4.25657e+02
 67  0.01919 -8.57695e+02 | 68  0.06022  4.56000e+03 | 69 -0.07309 -1.96065e+03
 70  0.03227 -3.24033e+02 | 71  0.03551  5.21264e+02 | 72  0.03017  2.86701e+02
 73  0.01754 -5.82073e+02 | 74  0.00120 -2.40407e+02 | 75 -0.05907  1.57740e+03
1 0 29153.8
1 0 29089.2
1 0 28996.7
1 0 28953.6
1 0 28826
1 0 28704.1
1 0 28617.1
1 0 28516.1
1 0 28421.5
1 0 28335.6
1 0 28229.8
1 0 28185.1
75 variables; iteration 90; function evaluation 122; phase 1
Function value   2.8185152e+04; maximum gradient component mag  -1.8037e+03
Var   Value    Gradient   |Var   Value    Gradient   |Var   Value    Gradient
  1  0.27458  2.28760e+02 |  2  0.21336 -3.75057e+02 |  3  0.21204 -1.76903e+02
  4  0.18371 -1.44716e+02 |  5  0.15978 -7.02785e+01 |  6  0.13507  4.31382e+00
  7  0.09655 -4.24687e+01 |  8  0.06630 -5.25944e+01 |  9  0.04966 -4.41989e+01
 10  0.04476  8.88002e+00 | 11  0.03573  1.85229e-01 | 12  0.02548 -2.22516e+01
 13  0.02102 -4.32962e+01 | 14  0.02875  3.28536e+01 | 15  0.02562 -1.34158e+01
 16 -0.08240 -9.89658e+01 | 17 -0.01524  5.35934e+02 | 18 -0.02680 -2.93361e+02
 19 -0.01933 -1.23734e+02 | 20 -0.01985 -1.42775e+02 | 21 -0.01922  1.28271e+02
 22 -0.02122  2.58294e+02 | 23 -0.00130  4.63640e+00 | 24 -0.00611  6.28355e+01
 25 -0.00581  2.71295e+01 | 26 -0.00597 -3.33244e+02 | 27  0.00832  1.58877e+02
 28  0.00828  3.63356e+02 | 29  0.01009  3.18846e+02 | 30  0.01067  6.02640e+02
 31  0.01495  2.78117e+02 | 32  0.01407  6.94565e+01 | 33  0.01643 -1.93494e+02
 34  0.00576  1.22059e+01 | 35  0.00860 -6.51018e+01 | 36  0.00709 -2.96722e+02
 37  0.00194 -2.37523e+02 | 38  0.00735 -2.58101e+02 | 39  0.00913 -2.38523e+02
 40  0.00844 -5.77593e+01 | 41  0.00840 -1.36204e+02 | 42  0.00233 -9.24727e+01
 43  0.00722 -7.55839e+01 | 44 -0.00416  2.13231e+01 | 45 -0.00382 -1.28451e+02
 46  0.13644 -1.69459e+03 | 47 -0.10375  3.80645e+02 | 48 -0.13647 -4.83207e+02
 49 -0.07497  1.06303e+02 | 50 -0.03782 -2.24043e+02 | 51 -0.03151 -7.18066e+01
 52 -0.02505  3.67736e+02 | 53 -0.01958  3.17757e+02 | 54 -0.00560  9.00329e+00
 55  0.00374  4.89774e+02 | 56  0.01238  6.44696e+02 | 57  0.01473  2.97176e+01
 58  0.02411  2.81886e+02 | 59  0.01994 -9.55321e+02 | 60  0.01893 -7.21687e+02
 61  0.01683 -3.15365e+02 | 62  0.02242  5.96402e+02 | 63  0.01491 -1.04874e+02
 64  0.00396 -1.80370e+03 | 65  0.01866  5.42981e+02 | 66  0.01932  2.42306e+02
 67  0.02344  2.18315e+02 | 68  0.02365  2.09296e+02 | 69  0.01490 -9.53919e+02
 70  0.02557  2.67324e+02 | 71  0.02904  6.37256e+02 | 72  0.02865  3.84288e+02
 73  0.02934  1.71376e+02 | 74  0.03394  2.32468e+02 | 75  0.03557  1.09973e+02
1 0 28162.8
1 0 28153.9
1 0 28150.6
1 0 28148.7
1 0 28147.1
1 0 28146.1
1 0 28145.5
1 0 28144.7
1 0 28143.9
1 0 28143.4
75 variables; iteration 100; function evaluation 132; phase 1
Function value   2.8143360e+04; maximum gradient component mag  -2.6972e+02
Var   Value    Gradient   |Var   Value    Gradient   |Var   Value    Gradient
  1  0.26160 -5.43296e+01 |  2  0.23147 -6.30853e+01 |  3  0.20399 -2.07246e+01
  4  0.17388 -2.05205e+01 |  5  0.14808 -8.98436e+00 |  6  0.12589 -2.84757e+00
  7  0.10622  9.67008e-01 |  8  0.08791 -4.06544e+00 |  9  0.07223 -4.08324e+00
 10  0.05889 -8.87610e+00 | 11  0.04911 -4.89350e+00 | 12  0.04154 -4.94269e+00
 13  0.03609 -5.12938e+00 | 14  0.03276 -7.02029e+00 | 15  0.03207 -5.15263e-01
 16 -0.08262 -3.20616e+00 | 17 -0.03272  6.85196e+01 | 18 -0.02692 -3.85130e+01
 19 -0.01937 -3.42777e+01 | 20 -0.02005 -2.44647e+01 | 21 -0.02101 -2.26225e+01
 22 -0.02379 -2.51766e+01 | 23 -0.00199  4.54669e-01 | 24 -0.00654 -6.45779e+00
 25 -0.00568  2.12878e+01 | 26 -0.00405  3.15866e+01 | 27  0.00744  2.89884e+01
 28  0.00660  1.84970e+01 | 29  0.00893  2.66849e+01 | 30  0.00915  1.54735e+01
 31  0.01471  3.18171e+00 | 32  0.01372 -2.37568e+00 | 33  0.01693 -1.62532e+01
 34  0.00698 -7.21999e+01 | 35  0.01056 -4.99803e+01 | 36  0.00822 -3.45524e+01
 37  0.00350 -2.15260e+01 | 38  0.00915 -1.36690e+01 | 39  0.01134 -9.29073e+00
 40  0.01027  2.26645e+01 | 41  0.00925  2.15244e+01 | 42  0.00336  3.32727e+01
 43  0.00918  1.34145e+01 | 44 -0.00049 -8.84458e-01 | 45  0.00323  2.01068e+01
 46  0.13676 -2.69724e+02 | 47 -0.10511  3.30905e+01 | 48 -0.12475  8.25262e+00
 49 -0.07521 -1.12816e+01 | 50 -0.03639 -4.80736e+00 | 51 -0.03100 -3.81703e+00
 52 -0.02702 -7.39955e+00 | 53 -0.02112  7.93604e+00 | 54 -0.00529  3.65834e+00
 55  0.00185 -9.98253e+00 | 56  0.00985 -8.93931e-01 | 57  0.01502 -1.35619e+01
 58  0.02159 -9.44782e+01 | 59  0.02326 -1.84096e+02 | 60  0.02161 -3.97527e+01
 61  0.01801 -3.77689e+01 | 62  0.01854 -1.07684e+02 | 63  0.01445 -3.67031e+01
 64  0.01618  1.05558e+02 | 65  0.01493 -2.72681e+01 | 66  0.01864  2.12186e+01
 67  0.02307  3.32787e+01 | 68  0.02339  1.03185e+02 | 69  0.02153  9.00984e+01
 70  0.02454  5.87637e+01 | 71  0.02597 -8.01271e+00 | 72  0.02643  3.52470e+01
 73  0.02643 -1.03809e+01 | 74  0.02850 -2.44857e+00 | 75  0.03058  2.22897e+01
1 0 28143.1
1 0 28143
1 0 28142.9
1 0 28142.9
1 0 28142.9
1 0 28142.8
1 0 28142.8
1 0 28142.8
1 0 28142.8
1 0 28142.8
75 variables; iteration 110; function evaluation 142; phase 1
Function value   2.8142817e+04; maximum gradient component mag  -1.0281e+01
Var   Value    Gradient   |Var   Value    Gradient   |Var   Value    Gradient
  1  0.26131  2.62451e+00 |  2  0.23260  2.39654e+00 |  3  0.20240  6.83740e-01
  4  0.17224  8.70875e-01 |  5  0.14508  4.42236e-01 |  6  0.12227  3.69491e-01
  7  0.10357 -3.18509e-01 |  8  0.08851 -1.12081e-01 |  9  0.07639 -6.77497e-02
 10  0.06669 -3.14097e-02 | 11  0.05905  1.07722e-01 | 12  0.05316  2.06737e-02
 13  0.04885  2.28433e-02 | 14  0.04601 -6.45195e-02 | 15  0.04458 -2.99711e-01
 16 -0.08314  2.46835e+00 | 17 -0.03544 -3.34632e+00 | 18 -0.02683  2.49209e+00
 19 -0.01922  1.38938e+00 | 20 -0.01997  1.18358e-01 | 21 -0.02081  1.35961e+00
 22 -0.02354  1.94836e+00 | 23 -0.00188  3.72887e-02 | 24 -0.00643  1.06281e+00
 25 -0.00573  1.40805e-01 | 26 -0.00416  1.24269e+00 | 27  0.00741  7.02602e-01
 28  0.00670  1.22072e+00 | 29  0.00909 -1.18826e+00 | 30  0.00937 -7.89882e-01
 31  0.01493 -2.15818e+00 | 32  0.01398 -3.96143e+00 | 33  0.01734 -1.10306e+00
 34  0.00748  1.30487e+00 | 35  0.01092  2.03645e+00 | 36  0.00861  1.63514e+00
 37  0.00376  9.89040e-01 | 38  0.00927  4.30952e-01 | 39  0.01135  2.78199e+00
 40  0.01015 -9.74158e-02 | 41  0.00921  3.42594e-01 | 42  0.00327  8.59913e-02
 43  0.00910  1.30885e+00 | 44 -0.00065 -1.20250e+00 | 45  0.00271 -5.79568e+00
 46  0.13677  5.22467e-02 | 47 -0.10554 -6.11701e+00 | 48 -0.12449  7.48036e+00
 49 -0.07505  4.65737e+00 | 50 -0.03644  7.45167e-01 | 51 -0.03095  1.22398e+00
 52 -0.02691  1.98985e+00 | 53 -0.02109 -7.54487e-02 | 54 -0.00523  3.61635e+00
 55  0.00189 -4.13204e+00 | 56  0.00983  6.04316e-01 | 57  0.01499 -1.43745e+00
 58  0.02192  5.40174e-01 | 59  0.02401 -1.02807e+01 | 60  0.02172  3.30481e+00
 61  0.01814 -5.41914e-01 | 62  0.01913  7.27974e+00 | 63  0.01476  7.31918e+00
 64  0.01571  1.52235e-01 | 65  0.01527  3.76474e+00 | 66  0.01866  5.77220e-02
 67  0.02309  3.05337e+00 | 68  0.02297 -4.77638e+00 | 69  0.02115 -6.30251e+00
 70  0.02432 -5.01310e+00 | 71  0.02612 -2.13812e+00 | 72  0.02633 -2.09506e+00
 73  0.02674 -4.32349e-01 | 74  0.02884 -2.05084e-01 | 75  0.02872 -6.32113e-01
1 0 28142.8
1 0 28142.8
1 0 28142.8
1 0 28142.8
1 0 28142.8
1 0 28142.8
1 0 28142.8
1 0 28142.8
1 0 28142.8

 - final statistics:
75 variables; iteration 119; function evaluation 151
Function value   2.8143e+04; maximum gradient component mag   6.8097e-02
Exit code = 1;  converg criter   1.0000e-01
Var   Value    Gradient   |Var   Value    Gradient   |Var   Value    Gradient
  1  0.26128 -3.77995e-03 |  2  0.23263  7.14095e-04 |  3  0.20246 -2.12422e-03
  4  0.17217 -2.67260e-04 |  5  0.14500  2.90198e-04 |  6  0.12225  7.63436e-04
  7  0.10369 -3.97927e-04 |  8  0.08867 -3.30725e-05 |  9  0.07657 -1.04162e-04
 10  0.06688  2.47365e-04 | 11  0.05925  5.55037e-04 | 12  0.05340  4.21694e-04
 13  0.04916 -1.05436e-03 | 14  0.04640 -1.50039e-03 | 15  0.04504  9.73620e-04
 16 -0.08310  3.12617e-03 | 17 -0.03525  4.48299e-03 | 18 -0.02684 -2.69831e-03
 19 -0.01923  4.06464e-03 | 20 -0.01997  4.80270e-03 | 21 -0.02082  3.79178e-03
 22 -0.02356  2.97729e-03 | 23 -0.00189 -3.13752e-04 | 24 -0.00645  5.84318e-03
 25 -0.00574  1.59878e-03 | 26 -0.00417 -3.80095e-03 | 27  0.00740 -2.88385e-03
 28  0.00668 -4.24545e-04 | 29  0.00909  5.45133e-03 | 30  0.00937  5.39347e-03
 31  0.01493  1.02115e-03 | 32  0.01398 -5.00218e-06 | 33  0.01732 -4.31271e-03
 34  0.00746 -7.57089e-03 | 35  0.01089 -1.61142e-03 | 36  0.00858  1.04426e-03
 37  0.00374  3.50395e-03 | 38  0.00926  1.20578e-03 | 39  0.01133 -4.34137e-03
 40  0.01015 -2.00976e-03 | 41  0.00920 -3.67326e-03 | 42  0.00326 -2.65508e-03
 43  0.00910 -3.26091e-03 | 44 -0.00062 -5.61842e-03 | 45  0.00278 -5.46704e-03
 46  0.13677  6.80971e-02 | 47 -0.10545  3.06140e-02 | 48 -0.12462  1.30243e-02
 49 -0.07509  1.26743e-03 | 50 -0.03642 -3.60488e-04 | 51 -0.03095 -1.54789e-03
 52 -0.02691  5.50465e-04 | 53 -0.02109 -5.15668e-03 | 54 -0.00525 -1.18970e-03
 55  0.00192  8.36104e-03 | 56  0.00982  9.14711e-06 | 57  0.01500 -3.42232e-03
 58  0.02192  4.73468e-03 | 59  0.02406 -1.00942e-02 | 60  0.02171 -1.83095e-03
 61  0.01815 -1.32323e-02 | 62  0.01910 -9.21073e-03 | 63  0.01473 -8.30460e-03
 64  0.01571 -1.00280e-02 | 65  0.01525 -2.12332e-03 | 66  0.01866 -3.22435e-03
 67  0.02307 -2.06661e-03 | 68  0.02299 -9.56621e-03 | 69  0.02117  6.45278e-03
 70  0.02433  3.20231e-04 | 71  0.02612  7.28680e-03 | 72  0.02633 -1.70048e-03
 73  0.02672  4.51810e-04 | 74  0.02881 -2.98973e-03 | 75  0.02881 -4.85429e-03
1 0 28142.8
B073230.3
0.3 0.425534
0.364744 0.371067
0.386698 0.355132
0.392369 0.351197
0.393711 0.350276
0.394021 0.350064
0.394093 0.350015
0.394109 0.350003
0.394113 0.350001
0.394114 0.35
0.394114 0.35
0.394114 0.35
0.394114 0.35
0.394114 0.35
0.394114 0.35
0.394114 0.35
0.394114 0.35
0.394114 0.35
0.394114 0.35
0.394114 0.35
0.394114 0.35
2 0 28142.8

Initial statistics: 79 variables; iteration 0; function evaluation 0; phase 2
Function value   2.8142814e+04; maximum gradient component mag   9.7650e+01
Var   Value    Gradient   |Var   Value    Gradient   |Var   Value    Gradient
  1 -0.80391  8.73074e+00 |  2 -0.71797  3.39540e+01 |  3  0.26128 -3.77995e-03
  4  0.23263  7.14095e-04 |  5  0.20246 -2.12422e-03 |  6  0.17217 -2.67260e-04
  7  0.14500  2.90198e-04 |  8  0.12225  7.63436e-04 |  9  0.10369 -3.97927e-04
 10  0.08867 -3.30725e-05 | 11  0.07657 -1.04162e-04 | 12  0.06688  2.47365e-04
 13  0.05925  5.55037e-04 | 14  0.05340  4.21694e-04 | 15  0.04916 -1.05436e-03
 16  0.04640 -1.50039e-03 | 17  0.04504  9.73620e-04 | 18 -0.08310  3.12617e-03
 19 -0.03525  4.67082e-03 | 20 -0.02684 -2.51035e-03 | 21 -0.01923  4.25268e-03
 22 -0.01997  4.99073e-03 | 23 -0.02082  3.97980e-03 | 24 -0.02356  3.16529e-03
 25 -0.00189 -1.25631e-04 | 26 -0.00645  6.03129e-03 | 27 -0.00574  1.78689e-03
 28 -0.00417 -3.61283e-03 | 29  0.00740 -2.69574e-03 | 30  0.00668 -2.36434e-04
 31  0.00909  5.63943e-03 | 32  0.00937  5.58157e-03 | 33  0.01493  1.20922e-03
 34  0.01398  1.83074e-04 | 35  0.01732 -4.12466e-03 | 36  0.00746 -7.38278e-03
 37  0.01089 -1.42332e-03 | 38  0.00858  1.23236e-03 | 39  0.00374  3.69207e-03
 40  0.00926  1.39388e-03 | 41  0.01133 -4.15327e-03 | 42  0.01015 -1.82166e-03
 43  0.00920 -3.48516e-03 | 44  0.00326 -2.46696e-03 | 45  0.00910 -3.07281e-03
 46 -0.00062 -5.43029e-03 | 47  0.00278 -5.27892e-03 | 48  0.13677  6.80971e-02
 49 -0.10545  3.11982e-02 | 50 -0.12462  1.36054e-02 | 51 -0.07509  1.85564e-03
 52 -0.03642  2.30876e-04 | 53 -0.03095 -9.56256e-04 | 54 -0.02691  1.14227e-03
 55 -0.02109 -4.56467e-03 | 56 -0.00525 -5.97385e-04 | 57  0.00192  8.95337e-03
 58  0.00982  6.01410e-04 | 59  0.01500 -2.83015e-03 | 60  0.02192  5.32666e-03
 61  0.02406 -9.50227e-03 | 62  0.02171 -1.23896e-03 | 63  0.01815 -1.26402e-02
 64  0.01910 -8.61867e-03 | 65  0.01473 -7.71242e-03 | 66  0.01571 -9.43584e-03
 67  0.01525 -1.53116e-03 | 68  0.01866 -2.63227e-03 | 69  0.02307 -1.47466e-03
 70  0.02299 -8.97427e-03 | 71  0.02117  7.04479e-03 | 72  0.02433  9.12131e-04
 73  0.02612  7.87863e-03 | 74  0.02633 -1.10865e-03 | 75  0.02672  1.04362e-03
 76  0.02881 -2.39800e-03 | 77  0.02881 -4.26257e-03 | 78 -0.71735  9.76501e+01
 79 -0.65406  6.12872e+01 |
2 0 28142.8
2 0 28142.6
2 0 28143
2 0 28142.6
2 0 28142.5
2 0 28142.5
2 0 28142.5
2 0 28142.5
2 0 28142.4
2 0 28142.4
2 0 28142.4
2 0 28142.3
2 0 28142.2

Intermediate statistics: 79 variables; iteration 10; function evaluation 13; phase 2
Function value   2.8142230e+04; maximum gradient component mag   3.8141e+02
Var   Value    Gradient   |Var   Value    Gradient   |Var   Value    Gradient
  1 -0.80697  3.01532e+00 |  2 -0.73126  1.60014e+01 |  3  0.26174  4.49897e+01
  4  0.23283  2.73328e+01 |  5  0.20251  1.54935e+01 |  6  0.17218  8.86340e+00
  7  0.14500  5.28060e+00 |  8  0.12225  3.37054e+00 |  9  0.10369  2.31591e+00
 10  0.08867  1.69883e+00 | 11  0.07657  1.31695e+00 | 12  0.06688  1.07081e+00
 13  0.05925  9.07376e-01 | 14  0.05340  7.98252e-01 | 15  0.04916  7.27209e-01
 16  0.04640  6.83608e-01 | 17  0.04504  6.61941e-01 | 18 -0.08428 -2.04663e+00
 19 -0.03535 -2.48553e+01 | 20 -0.02642  4.36692e+01 | 21 -0.01878  4.12750e+01
 22 -0.01957  3.07032e+01 | 23 -0.02068  4.31747e+01 | 24 -0.02345  4.50835e+01
 25 -0.00168  4.54773e+01 | 26 -0.00623  4.06410e+01 | 27 -0.00562  2.60131e+01
 28 -0.00418  2.17150e-01 | 29  0.00733  2.49692e+00 | 30  0.00648 -2.05658e+01
 31  0.00884 -2.48983e+01 | 32  0.00920 -1.23998e+01 | 33  0.01486  5.77168e+00
 34  0.01384 -1.44901e+01 | 35  0.01711 -2.44226e+01 | 36  0.00722 -2.47415e+01
 37  0.01061 -3.21416e+01 | 38  0.00833 -1.79703e+01 | 39  0.00345 -2.45059e+01
 40  0.00906 -9.25224e+00 | 41  0.01117 -4.12716e+00 | 42  0.00997 -7.25586e+00
 43  0.00900 -1.25985e+01 | 44  0.00308 -2.46270e+01 | 45  0.00912 -7.81218e+00
 46 -0.00036 -1.12009e+01 | 47  0.00370  1.75319e+01 | 48  0.13664  3.81408e+02
 49 -0.10536  1.41478e+01 | 50 -0.12455  5.24414e+00 | 51 -0.07503  4.98121e+01
 52 -0.03567  1.83042e+02 | 53 -0.03063  7.81001e+01 | 54 -0.02674  2.61673e+01
 55 -0.02095  1.23676e+01 | 56 -0.00520 -1.06063e+01 | 57  0.00210  6.64191e+00
 58  0.00999  1.17447e+01 | 59  0.01513  1.01763e+01 | 60  0.02198 -1.10360e+00
 61  0.02411 -1.22881e+00 | 62  0.02174 -7.81835e+00 | 63  0.01820 -2.17379e+00
 64  0.01921  7.41124e+00 | 65  0.01484  1.31943e+01 | 66  0.01581  9.16946e+00
 67  0.01534  5.60863e+00 | 68  0.01868 -1.03150e+01 | 69  0.02303 -2.06120e+01
 70  0.02301 -1.76414e+01 | 71  0.02118 -1.76343e+01 | 72  0.02429 -2.71238e+01
 73  0.02602 -2.67941e+01 | 74  0.02624 -1.10216e+01 | 75  0.02645 -6.34017e+00
 76  0.02787 -3.46428e+01 | 77  0.02786 -1.00742e+01 | 78 -0.71821  5.69071e+01
 79 -0.66096  4.07832e+01 |
2 0 28142.2
2 0 28142.2
2 0 28142.2
2 0 28142.2
2 0 28142.1
2 0 28142.1
2 0 28142.1
2 0 28142.1
2 0 28142.1
2 0 28142.1
2 0 28142.1
2 0 28142.1
79 variables; iteration 20; function evaluation 25; phase 2
Function value   2.8142069e+04; maximum gradient component mag   3.5104e+02
Var   Value    Gradient   |Var   Value    Gradient   |Var   Value    Gradient
  1 -0.80590  1.40291e+00 |  2 -0.73649  8.00290e+00 |  3  0.26133  1.68680e+01
  4  0.23255  1.71597e+01 |  5  0.20277  1.71096e+01 |  6  0.17236  1.00135e+01
  7  0.14504  5.71087e+00 |  8  0.12223  3.65289e+00 |  9  0.10365  2.51280e+00
 10  0.08863  1.83812e+00 | 11  0.07652  1.42217e+00 | 12  0.06684  1.15468e+00
 13  0.05921  9.80759e-01 | 14  0.05337  8.63388e-01 | 15  0.04912  7.78304e-01
 16  0.04636  7.29295e-01 | 17  0.04501  7.17926e-01 | 18 -0.08511 -1.02803e+01
 19 -0.03568 -3.11029e+01 | 20 -0.02637  2.49226e+01 | 21 -0.01868  2.05297e+01
 22 -0.01942  1.17833e+01 | 23 -0.02063  2.20361e+01 | 24 -0.02349  1.89991e+01
 25 -0.00179  1.03031e+01 | 26 -0.00632  1.43657e+01 | 27 -0.00562  1.43671e+01
 28 -0.00419 -1.66694e+01 | 29  0.00737 -6.56469e+00 | 30  0.00654 -2.63436e+01
 31  0.00892 -2.67404e+01 | 32  0.00930 -1.50044e+01 | 33  0.01498  7.46795e+00
 34  0.01390 -3.34786e+01 | 35  0.01727 -1.49713e+01 | 36  0.00742 -5.81564e+00
 37  0.01077 -1.65704e+01 | 38  0.00849 -4.82787e+00 | 39  0.00349 -4.77772e+01
 40  0.00910 -3.14202e+01 | 41  0.01119 -3.19499e+01 | 42  0.01009 -7.22539e+00
 43  0.00910 -1.32086e+01 | 44  0.00315 -1.82998e+01 | 45  0.00901 -4.18134e+00
 46 -0.00092 -4.33323e+01 | 47  0.00255 -2.97893e+01 | 48  0.13680  3.51042e+02
 49 -0.10557  4.32402e+00 | 50 -0.12523 -2.07716e+01 | 51 -0.07533  3.66402e+01
 52 -0.03573  1.79518e+02 | 53 -0.03066  9.24684e+01 | 54 -0.02683  3.61816e+01
 55 -0.02102  2.85154e+01 | 56 -0.00531 -3.25884e-01 | 57  0.00197  1.16395e+01
 58  0.00986  1.55380e+01 | 59  0.01495  2.55703e+00 | 60  0.02173 -2.72298e+01
 61  0.02392 -1.78516e+01 | 62  0.02159 -1.10979e+01 | 63  0.01812  1.13388e+01
 64  0.01910  1.11559e+01 | 65  0.01470  3.30336e+00 | 66  0.01557 -2.35487e+01
 67  0.01507 -3.31060e+01 | 68  0.01843 -4.00451e+01 | 69  0.02288 -2.36232e+01
 70  0.02295  1.40740e+00 | 71  0.02111 -2.72247e+00 | 72  0.02423 -1.45892e+01
 73  0.02601 -2.10754e+01 | 74  0.02627 -1.43430e+01 | 75  0.02682  1.39306e+01
 76  0.02877  3.89498e+00 | 77  0.03054  9.68646e-01 | 78 -0.71164  5.03326e+01
 79 -0.67386  3.37598e+01 |
2 0 28142.1
2 0 28142
2 0 28142
2 0 28142
2 0 28142
2 0 28142
2 0 28142
2 0 28142
2 0 28142
2 0 28142
2 0 28142
79 variables; iteration 30; function evaluation 36; phase 2
Function value   2.8141966e+04; maximum gradient component mag   2.8934e+02
Var   Value    Gradient   |Var   Value    Gradient   |Var   Value    Gradient
  1 -0.80131  1.78495e+00 |  2 -0.73601  1.04398e+01 |  3  0.26161  2.92077e+01
  4  0.23223  1.26055e+01 |  5  0.20290  1.72079e+01 |  6  0.17234  8.60242e+00
  7  0.14507  5.60847e+00 |  8  0.12223  3.58026e+00 |  9  0.10360  2.28853e+00
 10  0.08855  1.66974e+00 | 11  0.07644  1.31794e+00 | 12  0.06676  1.08334e+00
 13  0.05913  9.24551e-01 | 14  0.05329  8.18077e-01 | 15  0.04906  7.44647e-01
 16  0.04630  6.98428e-01 | 17  0.04494  6.82099e-01 | 18 -0.08546  1.04255e+01
 19 -0.03555 -3.42074e+01 | 20 -0.02630  2.29585e+01 | 21 -0.01859  2.02337e+01
 22 -0.01927  2.11278e+01 | 23 -0.02062  2.81521e+01 | 24 -0.02356  5.34937e+00
 25 -0.00175  1.99906e+01 | 26 -0.00626  1.66581e+01 | 27 -0.00563  9.72171e+00
 28 -0.00422 -1.68887e+01 | 29  0.00728 -1.68070e+01 | 30  0.00660 -1.64628e+01
 31  0.00905 -6.22697e+00 | 32  0.00929 -1.31929e+01 | 33  0.01483 -2.33376e+01
 34  0.01392 -1.49475e+01 | 35  0.01732  2.17249e+01 | 36  0.00726 -3.11297e+01
 37  0.01078 -7.97186e+00 | 38  0.00835 -2.28605e+01 | 39  0.00335 -5.92592e+01
 40  0.00894 -4.59476e+01 | 41  0.01103 -4.34787e+01 | 42  0.00998 -1.47071e+01
 43  0.00924  3.25371e+01 | 44  0.00323 -5.08935e-01 | 45  0.00904  2.45869e+00
 46 -0.00090 -5.72397e+01 | 47  0.00271 -5.52283e+01 | 48  0.13663  2.89345e+02
 49 -0.10552  8.03053e+00 | 50 -0.12569 -5.01275e+01 | 51 -0.07521  5.25964e+01
 52 -0.03562  1.76612e+02 | 53 -0.03059  8.52510e+01 | 54 -0.02668  4.12276e+01
 55 -0.02112 -4.47395e+00 | 56 -0.00502  3.63276e+01 | 57  0.00216  3.07851e+01
 58  0.00987  1.16183e-01 | 59  0.01494 -1.40748e+01 | 60  0.02216  3.23745e+01
 61  0.02414  8.06723e+00 | 62  0.02180  1.22235e+01 | 63  0.01826  1.46605e+01
 64  0.01928  9.04095e+00 | 65  0.01465 -2.68094e+01 | 66  0.01591  1.52193e+01
 67  0.01524 -1.86394e+01 | 68  0.01864 -1.57918e+01 | 69  0.02300 -1.74947e+01
 70  0.02295 -1.71067e+01 | 71  0.02113 -2.02264e+01 | 72  0.02423 -4.47274e+01
 73  0.02608 -3.96070e+01 | 74  0.02644 -1.24595e+01 | 75  0.02662 -2.68492e+01
 76  0.02848 -4.34255e+00 | 77  0.02837 -7.31017e+00 | 78 -0.70238  2.41957e+01
 79 -0.69347  1.55337e+01 |
2 0 28142
2 0 28142
2 0 28142
2 0 28142
2 0 28142
2 0 28142
2 0 28142
2 0 28142
2 0 28142
2 0 28142
2 0 28142
2 0 28142
2 0 28142
2 0 28141.9
2 0 28142
2 0 28141.9
79 variables; iteration 40; function evaluation 52; phase 2
Function value   2.8141942e+04; maximum gradient component mag   2.9867e+02
Var   Value    Gradient   |Var   Value    Gradient   |Var   Value    Gradient
  1 -0.78515  1.31759e+00 |  2 -0.74082  7.96266e+00 |  3  0.26166  2.84452e+01
  4  0.23230  1.48622e+01 |  5  0.20254  1.95235e+01 |  6  0.17188  7.59892e+00
  7  0.14612  1.35643e+01 |  8  0.12358  6.43419e+00 |  9  0.10536  6.88917e+00
 10  0.09011  4.75212e+00 | 11  0.07745  2.32610e+00 | 12  0.06735  1.55467e+00
 13  0.05949  1.44600e+00 | 14  0.05354  1.40532e+00 | 15  0.04924  1.33636e+00
 16  0.04644  1.27518e+00 | 17  0.04507  1.25781e+00 | 18 -0.08546  1.99011e+01
 19 -0.03534 -3.79834e+01 | 20 -0.02638  1.66051e+01 | 21 -0.01864  1.80009e+01
 22 -0.01931  2.15019e+01 | 23 -0.02061  3.30576e+01 | 24 -0.02354  8.93305e+00
 25 -0.00177  1.83660e+01 | 26 -0.00627  1.87636e+01 | 27 -0.00569  1.08400e+00
 28 -0.00425 -1.94651e+01 | 29  0.00726 -1.74327e+01 | 30  0.00659 -1.54731e+01
 31  0.00905 -8.27643e-01 | 32  0.00925 -1.85017e+01 | 33  0.01482 -2.04584e+01
 34  0.01392 -1.14336e+01 | 35  0.01730  2.20390e+01 | 36  0.00725 -2.88780e+01
 37  0.01073 -1.43888e+01 | 38  0.00833 -2.35468e+01 | 39  0.00332 -6.22355e+01
 40  0.00897 -3.49014e+01 | 41  0.01100 -4.65484e+01 | 42  0.00995 -1.85949e+01
 43  0.00923  3.24205e+01 | 44  0.00324  3.35889e+00 | 45  0.00907  5.62023e+00
 46 -0.00081 -5.39956e+01 | 47  0.00289 -5.21415e+01 | 48  0.13660  2.98675e+02
 49 -0.10556  4.87425e+00 | 50 -0.12567 -4.88633e+01 | 51 -0.07517  5.77611e+01
 52 -0.03564  1.70643e+02 | 53 -0.03057  8.56122e+01 | 54 -0.02666  4.20067e+01
 55 -0.02111 -5.46279e+00 | 56 -0.00502  3.20679e+01 | 57  0.00219  3.47246e+01
 58  0.00991  6.09045e+00 | 59  0.01495 -1.23631e+01 | 60  0.02217  3.16895e+01
 61  0.02414  5.90510e+00 | 62  0.02181  1.15765e+01 | 63  0.01829  1.79108e+01
 64  0.01930  1.03799e+01 | 65  0.01465 -2.95526e+01 | 66  0.01592  1.35022e+01
 67  0.01525 -1.81342e+01 | 68  0.01865 -1.59036e+01 | 69  0.02300 -2.07986e+01
 70  0.02297 -1.71714e+01 | 71  0.02116 -1.64093e+01 | 72  0.02425 -4.23671e+01
 73  0.02609 -3.86484e+01 | 74  0.02640 -1.78055e+01 | 75  0.02656 -2.98225e+01
 76  0.02839 -1.10768e+00 | 77  0.02822 -8.07439e+00 | 78 -0.70225  1.82333e+01
 79 -0.69399  1.21089e+01 |
2 0 28141.9
2 0 28141.9
2 0 28141.9
2 0 28141.9
2 0 28141.9
2 0 28141.9
2 0 28141.9
2 0 28142
2 0 28141.9
2 0 28141.9
2 0 28141.9
2 0 28141.9
2 0 28141.9
79 variables; iteration 50; function evaluation 65; phase 2
Function value   2.8141909e+04; maximum gradient component mag   3.1675e+02
Var   Value    Gradient   |Var   Value    Gradient   |Var   Value    Gradient
  1 -0.76503  4.93550e-01 |  2 -0.74686  3.09292e+00 |  3  0.26167  2.72822e+01
  4  0.23228  1.34592e+01 |  5  0.20263  1.85742e+01 |  6  0.17190  7.64104e+00
  7  0.14564  1.06004e+01 |  8  0.12314  5.97231e+00 |  9  0.10484  4.27724e+00
 10  0.09010  5.30806e+00 | 11  0.07769  2.55936e+00 | 12  0.06769  1.93907e+00
 13  0.05978  1.65772e+00 | 14  0.05367  1.19455e+00 | 15  0.04923  9.97930e-01
 16  0.04637  9.85427e-01 | 17  0.04496  1.01430e+00 | 18 -0.08549  3.37063e+01
 19 -0.03550 -3.87480e+01 | 20 -0.02639  1.29037e+01 | 21 -0.01868  8.48050e+00
 22 -0.01929  2.77989e+01 | 23 -0.02059  3.61105e+01 | 24 -0.02354  7.93974e+00
 25 -0.00179  1.59909e+01 | 26 -0.00628  1.64863e+01 | 27 -0.00569  7.90690e-01
 28 -0.00425 -1.84259e+01 | 29  0.00724 -2.00603e+01 | 30  0.00657 -1.64420e+01
 31  0.00903 -4.46403e+00 | 32  0.00932 -1.30618e+00 | 33  0.01476 -3.21200e+01
 34  0.01396  1.05727e+00 | 35  0.01729  2.07792e+01 | 36  0.00723 -3.19480e+01
 37  0.01070 -1.82344e+01 | 38  0.00832 -2.01563e+01 | 39  0.00337 -5.03708e+01
 40  0.00891 -4.68191e+01 | 41  0.01098 -4.78324e+01 | 42  0.00997 -1.13744e+01
 43  0.00922  3.02130e+01 | 44  0.00323 -2.16766e-01 | 45  0.00910  7.51322e+00
 46 -0.00073 -5.56807e+01 | 47  0.00310 -4.59063e+01 | 48  0.13657  3.16752e+02
 49 -0.10557  3.80683e+00 | 50 -0.12565 -4.73859e+01 | 51 -0.07509  7.13624e+01
 52 -0.03565  1.63508e+02 | 53 -0.03052  8.91210e+01 | 54 -0.02665  4.15194e+01
 55 -0.02113 -9.88964e+00 | 56 -0.00497  3.88315e+01 | 57  0.00219  3.17375e+01
 58  0.00993  8.31235e+00 | 59  0.01498 -9.38620e+00 | 60  0.02215  2.47823e+01
 61  0.02420  1.20788e+01 | 62  0.02178  5.24786e+00 | 63  0.01828  1.19231e+01
 64  0.01933  1.22789e+01 | 65  0.01470 -2.18100e+01 | 66  0.01593  1.44908e+01
 67  0.01519 -3.10942e+01 | 68  0.01867 -1.77403e+01 | 69  0.02303 -1.84679e+01
 70  0.02296 -2.01133e+01 | 71  0.02117 -1.73520e+01 | 72  0.02428 -3.87106e+01
 73  0.02611 -3.63868e+01 | 74  0.02637 -2.00890e+01 | 75  0.02650 -3.11475e+01
 76  0.02827  1.66457e+00 | 77  0.02808 -9.06874e+00 | 78 -0.70231  1.05428e+01
 79 -0.69415  7.71632e+00 |
2 0 28141.9
2 0 28141.9
2 0 28141.9
2 0 28141.9
2 0 28141.9
2 0 28141.9
2 0 28141.9
2 0 28141.9
2 0 28141.9
2 0 28141.9
2 0 28141.9
2 0 28141.9
2 0 28141.9
79 variables; iteration 60; function evaluation 78; phase 2
Function value   2.8141906e+04; maximum gradient component mag   3.1850e+02
Var   Value    Gradient   |Var   Value    Gradient   |Var   Value    Gradient
  1 -0.76343  4.16010e-01 |  2 -0.74734  2.57819e+00 |  3  0.26169  2.78251e+01
  4  0.23228  1.35662e+01 |  5  0.20267  1.87596e+01 |  6  0.17200  7.85263e+00
  7  0.14574  1.05973e+01 |  8  0.12325  6.17089e+00 |  9  0.10488  5.15139e+00
 10  0.08978  4.35723e+00 | 11  0.07724  1.85225e+00 | 12  0.06729  1.54949e+00
 13  0.05951  1.29808e+00 | 14  0.05359  1.39735e+00 | 15  0.04928  1.21832e+00
 16  0.04647  1.10345e+00 | 17  0.04507  1.01890e+00 | 18 -0.08548  3.50677e+01
 19 -0.03543 -3.82969e+01 | 20 -0.02641  8.88312e+00 | 21 -0.01867  9.87370e+00
 22 -0.01928  2.88112e+01 | 23 -0.02059  3.63094e+01 | 24 -0.02355  7.72722e+00
 25 -0.00180  1.58988e+01 | 26 -0.00629  1.49358e+01 | 27 -0.00568  3.10803e+00
 28 -0.00426 -1.86931e+01 | 29  0.00723 -2.04952e+01 | 30  0.00657 -1.71384e+01
 31  0.00903 -3.29715e+00 | 32  0.00932 -7.94734e-01 | 33  0.01475 -3.20561e+01
 34  0.01395  7.74088e-01 | 35  0.01728  1.96925e+01 | 36  0.00722 -3.27746e+01
 37  0.01068 -1.93703e+01 | 38  0.00831 -2.09376e+01 | 39  0.00337 -5.09770e+01
 40  0.00891 -4.53632e+01 | 41  0.01098 -4.67952e+01 | 42  0.00998 -1.00030e+01
 43  0.00923  3.16361e+01 | 44  0.00323  6.59683e-03 | 45  0.00910  7.99534e+00
 46 -0.00073 -5.58119e+01 | 47  0.00310 -4.65475e+01 | 48  0.13656  3.18498e+02
 49 -0.10557  4.24257e+00 | 50 -0.12565 -4.72420e+01 | 51 -0.07509  7.14961e+01
 52 -0.03565  1.63338e+02 | 53 -0.03052  8.86827e+01 | 54 -0.02665  4.18036e+01
 55 -0.02112 -8.80845e+00 | 56 -0.00497  3.92981e+01 | 57  0.00219  2.98721e+01
 58  0.00993  8.25925e+00 | 59  0.01498 -9.43532e+00 | 60  0.02215  2.51184e+01
 61  0.02420  1.22128e+01 | 62  0.02179  5.60681e+00 | 63  0.01828  1.21663e+01
 64  0.01933  1.13147e+01 | 65  0.01470 -2.21851e+01 | 66  0.01593  1.36234e+01
 67  0.01519 -3.15441e+01 | 68  0.01867 -1.81673e+01 | 69  0.02303 -1.88374e+01
 70  0.02297 -1.93003e+01 | 71  0.02117 -1.66385e+01 | 72  0.02428 -3.81828e+01
 73  0.02611 -3.55336e+01 | 74  0.02637 -1.91739e+01 | 75  0.02649 -3.14178e+01
 76  0.02825  4.18682e-01 | 77  0.02808 -9.05038e+00 | 78 -0.70232  9.89247e+00
 79 -0.69416  7.34442e+00 |
2 0 28141.9
2 0 28141.9
2 0 28141.9
2 0 28141.9
2 0 28141.9
2 0 28141.9
2 0 28141.9
2 0 28141.9
2 0 28141.9
2 0 28141.9
2 0 28141.9
2 0 28141.9
2 0 28141.9
79 variables; iteration 70; function evaluation 91; phase 2
Function value   2.8141903e+04; maximum gradient component mag   3.1562e+02
Var   Value    Gradient   |Var   Value    Gradient   |Var   Value    Gradient
  1 -0.76301  4.00147e-01 |  2 -0.74746  2.47677e+00 |  3  0.26171  2.82047e+01
  4  0.23228  1.37959e+01 |  5  0.20270  1.89041e+01 |  6  0.17212  8.28205e+00
  7  0.14589  1.08641e+01 |  8  0.12334  6.12822e+00 |  9  0.10491  4.99494e+00
 10  0.08979  4.37667e+00 | 11  0.07719  1.95732e+00 | 12  0.06714  1.65327e+00
 13  0.05918  1.18401e+00 | 14  0.05310  1.17426e+00 | 15  0.04866  7.63593e-01
 16  0.04581 -1.32716e-01 | 17  0.04472  1.93409e+00 | 18 -0.08547  3.52972e+01
 19 -0.03536 -3.78350e+01 | 20 -0.02641  8.10133e+00 | 21 -0.01867  1.10443e+01
 22 -0.01928  3.00036e+01 | 23 -0.02060  3.40754e+01 | 24 -0.02355  8.61416e+00
 25 -0.00180  1.73704e+01 | 26 -0.00630  1.36382e+01 | 27 -0.00569  2.18253e+00
 28 -0.00427 -1.99046e+01 | 29  0.00724 -1.74935e+01 | 30  0.00656 -1.87977e+01
 31  0.00903 -1.19095e+00 | 32  0.00929 -5.23719e+00 | 33  0.01475 -3.08837e+01
 34  0.01395  7.89511e-01 | 35  0.01727  1.89980e+01 | 36  0.00722 -3.13400e+01
 37  0.01069 -1.81802e+01 | 38  0.00831 -2.16457e+01 | 39  0.00338 -4.81977e+01
 40  0.00890 -4.77599e+01 | 41  0.01098 -4.72332e+01 | 42  0.00999 -7.96366e+00
 43  0.00922  3.05821e+01 | 44  0.00323  5.85967e-01 | 45  0.00910  7.48762e+00
 46 -0.00072 -5.53642e+01 | 47  0.00311 -4.55824e+01 | 48  0.13656  3.15619e+02
 49 -0.10557  4.46912e+00 | 50 -0.12565 -4.68037e+01 | 51 -0.07509  7.09730e+01
 52 -0.03566  1.59633e+02 | 53 -0.03050  9.33878e+01 | 54 -0.02667  3.77604e+01
 55 -0.02114 -1.22008e+01 | 56 -0.00495  4.22371e+01 | 57  0.00218  2.85081e+01
 58  0.00992  6.21219e+00 | 59  0.01500 -5.85721e+00 | 60  0.02217  2.74973e+01
 61  0.02417  6.48184e+00 | 62  0.02180  7.98656e+00 | 63  0.01829  1.31968e+01
 64  0.01931  8.29428e+00 | 65  0.01471 -1.97663e+01 | 66  0.01594  1.45851e+01
 67  0.01518 -3.31768e+01 | 68  0.01869 -1.54753e+01 | 69  0.02301 -2.16827e+01
 70  0.02296 -1.97825e+01 | 71  0.02118 -1.57691e+01 | 72  0.02430 -3.57613e+01
 73  0.02610 -3.77704e+01 | 74  0.02637 -2.00939e+01 | 75  0.02651 -2.81492e+01
 76  0.02824  5.45138e-02 | 77  0.02808 -8.91766e+00 | 78 -0.70226  9.67653e+00
 79 -0.69428  7.20779e+00 |
2 0 28141.9
2 0 28141.9
2 0 28142.4
2 0 28141.9
2 0 28141.9
2 0 28141.9
2 0 28141.9
2 0 28141.9
2 0 28141.8
2 0 28141.8
2 0 28141.8
2 0 28710.4
2 0 28141.8
2 0 28141.8
2 0 28141.8
2 0 28141.8
2 0 28141.8
2 0 28141.7
2 0 28141.7
2 0 28365.9
2 0 28141.7
79 variables; iteration 80; function evaluation 112; phase 2
Function value   2.8141686e+04; maximum gradient component mag   2.3246e+01
Var   Value    Gradient   |Var   Value    Gradient   |Var   Value    Gradient
  1 -0.74439  1.12510e-01 |  2 -0.75153  7.23759e-01 |  3  0.26168  2.10397e+00
  4  0.23277  7.29232e-01 |  5  0.20256  1.35991e+00 |  6  0.17221  4.51771e-01
  7  0.14512  8.64125e-01 |  8  0.12239  6.15754e-01 |  9  0.10379  4.69809e-01
 10  0.08868  2.79399e-01 | 11  0.07646  2.56441e-02 | 12  0.06669  9.47477e-02
 13  0.05897  7.80915e-02 | 14  0.05304 -3.64505e-03 | 15  0.04874 -3.64377e-02
 16  0.04593  1.29259e-01 | 17  0.04450 -2.14742e-01 | 18 -0.08576 -1.45221e+01
 19 -0.03533 -4.18166e-01 | 20 -0.02655  1.80369e+00 | 21 -0.01884  3.36093e+00
 22 -0.01961  4.17589e+00 | 23 -0.02084 -1.63355e-02 | 24 -0.02355  1.11688e+00
 25 -0.00193  2.71404e+00 | 26 -0.00643 -9.12971e-03 | 27 -0.00577  1.15768e+00
 28 -0.00421  8.88273e-01 | 29  0.00725 -3.13012e+00 | 30  0.00655 -2.30690e+00
 31  0.00893  1.30551e+00 | 32  0.00921 -2.00743e+00 | 33  0.01476 -6.00764e+00
 34  0.01385 -1.40156e+00 | 35  0.01712 -7.80402e-01 | 36  0.00729 -2.30007e+00
 37  0.01072 -2.67254e+00 | 38  0.00841 -1.98105e+00 | 39  0.00360 -1.99788e+00
 40  0.00909 -5.10262e+00 | 41  0.01115 -4.25361e+00 | 42  0.00998 -1.58707e+00
 43  0.00907  2.37431e+00 | 44  0.00319 -6.19090e-01 | 45  0.00916  6.80511e-01
 46 -0.00021 -9.02597e-04 | 47  0.00388 -1.43166e+00 | 48  0.13645  2.32461e+01
 49 -0.10555 -7.74702e-01 | 50 -0.12488 -3.80298e+00 | 51 -0.07532  1.73808e+00
 52 -0.03605  8.99528e+00 | 53 -0.03074  2.51570e+00 | 54 -0.02674  4.84049e+00
 55 -0.02099 -1.95924e+00 | 56 -0.00510 -1.33382e+00 | 57  0.00213  4.69705e+00
 58  0.00996  5.10371e-01 | 59  0.01507 -4.38231e+00 | 60  0.02211  5.58496e+00
 61  0.02420  2.97552e+00 | 62  0.02179 -7.13763e-01 | 63  0.01825  3.39498e+00
 64  0.01926  2.87298e+00 | 65  0.01484  6.09326e-01 | 66  0.01587  2.67569e+00
 67  0.01534 -4.64524e+00 | 68  0.01880  3.27167e+00 | 69  0.02316 -3.04193e+00
 70  0.02315  2.20250e+00 | 71  0.02127 -2.69063e+00 | 72  0.02444  4.94607e-01
 73  0.02619 -1.83258e+00 | 74  0.02629 -4.65410e+00 | 75  0.02643  1.12133e+00
 76  0.02777 -3.32862e+00 | 77  0.02765 -1.34671e+00 | 78 -0.69543  1.27592e+01
 79 -0.70758  7.65168e+00 |
2 0 28141.7
2 0 28141.7
2 0 28141.7
2 0 28141.7
2 0 28141.7
2 0 28141.7
2 0 28141.7
2 0 28141.7
2 0 28141.7
2 0 28141.7
2 0 28141.7
2 0 28141.7
2 0 28141.7
79 variables; iteration 90; function evaluation 125; phase 2
Function value   2.8141679e+04; maximum gradient component mag   1.6128e+00
Var   Value    Gradient   |Var   Value    Gradient   |Var   Value    Gradient
  1 -0.73951  2.57611e-02 |  2 -0.75215  8.00501e-02 |  3  0.26167  1.36703e-01
  4  0.23283  6.88401e-02 |  5  0.20255  1.11998e-01 |  6  0.17220  4.58459e-02
  7  0.14499  6.98129e-02 |  8  0.12221  4.32330e-02 |  9  0.10363  3.17639e-02
 10  0.08858  1.98378e-02 | 11  0.07646  2.55717e-03 | 12  0.06676  7.62850e-03
 13  0.05911  5.58766e-03 | 14  0.05325  5.24078e-04 | 15  0.04900 -9.92825e-05
 16  0.04623  1.20460e-02 | 17  0.04487 -1.53767e-02 | 18 -0.08576  1.97229e-01
 19 -0.03531 -2.24343e-01 | 20 -0.02656  5.13562e-02 | 21 -0.01886  8.87064e-02
 22 -0.01963  1.73332e-01 | 23 -0.02085  5.99450e-02 | 24 -0.02355  1.50637e-01
 25 -0.00194  1.84081e-01 | 26 -0.00642 -5.41008e-02 | 27 -0.00578  4.46213e-02
 28 -0.00422  2.71406e-02 | 29  0.00726 -2.25872e-01 | 30  0.00656 -1.64488e-01
 31  0.00892  1.40971e-01 | 32  0.00920 -2.31901e-02 | 33  0.01477 -2.33465e-01
 34  0.01384  3.07548e-02 | 35  0.01711  1.46051e-01 | 36  0.00729 -1.35497e-01
 37  0.01072 -1.42518e-01 | 38  0.00842 -1.27158e-01 | 39  0.00361 -1.70036e-01
 40  0.00911 -3.03761e-01 | 41  0.01116 -2.14376e-01 | 42  0.00998 -7.36704e-02
 43  0.00905  1.97553e-01 | 44  0.00319 -5.98089e-02 | 45  0.00916  3.71276e-02
 46 -0.00020 -2.08921e-01 | 47  0.00391 -3.77127e-01 | 48  0.13645  1.61281e+00
 49 -0.10554  2.29287e-02 | 50 -0.12483 -2.36510e-01 | 51 -0.07534  3.52709e-01
 52 -0.03609  9.89988e-01 | 53 -0.03075  3.72992e-01 | 54 -0.02677  4.31344e-01
 55 -0.02098 -1.70518e-02 | 56 -0.00510  1.24327e-02 | 57  0.00210  3.86655e-01
 58  0.00995  4.63825e-02 | 59  0.01510 -3.08343e-01 | 60  0.02208  3.11461e-01
 61  0.02418  8.52710e-02 | 62  0.02180 -2.02465e-01 | 63  0.01823  9.90545e-02
 64  0.01925  3.21680e-02 | 65  0.01483 -4.74988e-02 | 66  0.01585  7.40395e-02
 67  0.01537 -4.10821e-01 | 68  0.01878  1.83783e-01 | 69  0.02318 -3.39532e-01
 70  0.02315  3.03531e-02 | 71  0.02128 -2.71302e-01 | 72  0.02443 -7.35461e-02
 73  0.02619 -2.02952e-01 | 74  0.02630 -3.55162e-01 | 75  0.02640  1.44828e-01
 76  0.02776 -5.25438e-02 | 77  0.02776 -4.29165e-02 | 78 -0.68687 -1.82588e-02
 79 -0.72402  3.12199e-02 |
2 0 28141.7
2 0 28141.7
2 0 28141.7
2 0 28141.7
2 0 28141.7
2 0 28141.7
2 0 28141.7
2 0 28141.7
2 0 28141.8
2 0 28141.7
2 0 28141.7
2 0 28141.7
2 0 28141.7
2 0 42031.4
2 0 28141.7
2 0 28141.7
2 0 28141.7
2 0 28141.7
2 0 28141.7
2 0 28141.7
2 0 28141.7
2 0 28141.7
2 0 28141.7
79 variables; iteration 100; function evaluation 148; phase 2
Function value   2.8141677e+04; maximum gradient component mag   2.0635e+01
Var   Value    Gradient   |Var   Value    Gradient   |Var   Value    Gradient
  1 -0.78757  1.89684e-01 |  2 -0.74594  1.04102e+00 |  3  0.26167  7.81155e-01
  4  0.23282  4.33391e-01 |  5  0.20255  4.53538e-01 |  6  0.17220  1.91698e-01
  7  0.14501  2.53995e-01 |  8  0.12223  1.30451e-01 |  9  0.10363  7.54623e-02
 10  0.08858  4.01502e-02 | 11  0.07644 -1.50376e-02 | 12  0.06673  1.38674e-02
 13  0.05908  1.97041e-02 | 14  0.05322  5.42600e-03 | 15  0.04896  6.93978e-05
 16  0.04619  3.71646e-02 | 17  0.04481 -4.70848e-02 | 18 -0.08576 -6.93694e+00
 19 -0.03531  1.23255e-01 | 20 -0.02655  9.11024e-01 | 21 -0.01885  1.29263e+00
 22 -0.01963  1.27603e+00 | 23 -0.02085 -6.97854e-02 | 24 -0.02355  7.79627e-01
 25 -0.00194  7.56932e-01 | 26 -0.00642  3.63330e-01 | 27 -0.00578  2.79056e-01
 28 -0.00422  3.72976e-01 | 29  0.00726 -7.69576e-01 | 30  0.00656 -6.03861e-01
 31  0.00892  6.84001e-02 | 32  0.00921 -6.21964e-01 | 33  0.01477 -1.61912e+00
 34  0.01385 -4.86491e-01 | 35  0.01711 -5.96312e-01 | 36  0.00729 -6.43567e-01
 37  0.01072 -8.01220e-01 | 38  0.00842 -5.68992e-01 | 39  0.00361 -4.78007e-01
 40  0.00911 -1.35203e+00 | 41  0.01116 -1.12115e+00 | 42  0.00998 -5.35360e-01
 43  0.00905  2.72048e-01 | 44  0.00319 -2.80687e-01 | 45  0.00916 -6.84929e-03
 46 -0.00021 -1.01860e-01 | 47  0.00388 -7.10545e-02 | 48  0.13646  1.27548e+00
 49 -0.10554 -2.12484e-01 | 50 -0.12484 -1.13674e+00 | 51 -0.07533 -2.72304e-01
 52 -0.03609  2.36371e+00 | 53 -0.03075  8.18599e-01 | 54 -0.02677  8.97192e-01
 55 -0.02098 -5.39553e-01 | 56 -0.00510 -4.41430e-01 | 57  0.00210  1.06419e+00
 58  0.00995  2.26157e-02 | 59  0.01509 -9.64845e-01 | 60  0.02208  1.36601e+00
 61  0.02418  7.53908e-01 | 62  0.02180 -9.87629e-02 | 63  0.01823  8.02673e-01
 64  0.01925  9.42225e-01 | 65  0.01483  2.40868e-01 | 66  0.01585  6.79826e-01
 67  0.01536 -9.95648e-01 | 68  0.01878  7.91821e-01 | 69  0.02318 -7.73847e-01
 70  0.02315  6.60392e-01 | 71  0.02128 -5.54505e-01 | 72  0.02443  1.03879e-01
 73  0.02618 -4.10159e-01 | 74  0.02630 -8.95586e-01 | 75  0.02641  1.37762e-01
 76  0.02778 -1.32912e+00 | 77  0.02777  5.56534e-04 | 78 -0.67685  2.06351e+01
 79 -0.74456  9.50617e+00 |
2 0 28141.7
2 0 28141.7
2 0 28141.7
2 0 28141.7
2 0 28141.7
2 0 28141.7
2 0 28141.7
2 0 28141.7
2 0 28141.7
2 0 28141.7
2 0 28141.7
2 0 28141.7
2 0 28141.7
2 0 28141.7
2 0 28141.7
2 0 28141.7
2 0 28141.7
79 variables; iteration 110; function evaluation 165; phase 2
Function value   2.8141663e+04; maximum gradient component mag   1.4263e+02
Var   Value    Gradient   |Var   Value    Gradient   |Var   Value    Gradient
  1 -0.96313  4.25543e-02 |  2 -0.73336  3.57934e-01 |  3  0.26171  8.63307e-01
  4  0.23286  2.70527e-01 |  5  0.20253  1.76520e-01 |  6  0.17218  4.39123e-02
  7  0.14499  1.17709e-01 |  8  0.12222  7.56440e-02 |  9  0.10364  5.49985e-02
 10  0.08860  3.38060e-02 | 11  0.07647 -2.83252e-03 | 12  0.06677  1.10607e-02
 13  0.05912  1.00377e-02 | 14  0.05326 -7.08164e-04 | 15  0.04901 -3.57833e-03
 16  0.04624  2.27093e-02 | 17  0.04486 -3.43213e-02 | 18 -0.08577 -4.02803e+00
 19 -0.03525  7.68776e-02 | 20 -0.02655  5.67650e-01 | 21 -0.01886  7.02258e-01
 22 -0.01964  7.68005e-01 | 23 -0.02086  6.66025e-02 | 24 -0.02355  4.76985e-01
 25 -0.00194  4.54098e-01 | 26 -0.00643  8.13105e-02 | 27 -0.00579  1.89594e-01
 28 -0.00422  2.00702e-01 | 29  0.00726 -6.12819e-01 | 30  0.00656 -4.18433e-01
 31  0.00892  6.08569e-02 | 32  0.00921 -4.08321e-01 | 33  0.01478 -1.09825e+00
 34  0.01385 -3.45239e-01 | 35  0.01712 -3.51352e-01 | 36  0.00730 -4.23449e-01
 37  0.01073 -5.73118e-01 | 38  0.00842 -3.96513e-01 | 39  0.00361 -3.62559e-01
 40  0.00911 -9.27328e-01 | 41  0.01117 -8.01851e-01 | 42  0.00998 -3.80628e-01
 43  0.00906  2.25223e-01 | 44  0.00319 -1.46866e-01 | 45  0.00915  8.40342e-02
 46 -0.00023  5.57499e-02 | 47  0.00384  2.27297e-01 | 48  0.13648  1.21106e+01
 49 -0.10552 -1.79913e-01 | 50 -0.12481 -8.41587e-01 | 51 -0.07532  2.06892e-01
 52 -0.03609  2.11039e+00 | 53 -0.03076  4.84890e-01 | 54 -0.02677  8.18619e-01
 55 -0.02098 -2.60869e-01 | 56 -0.00511 -1.19239e-01 | 57  0.00209  8.37219e-01
 58  0.00995  1.75687e-01 | 59  0.01508 -7.26063e-01 | 60  0.02207  1.00351e+00
 61  0.02417  5.14783e-01 | 62  0.02179 -1.02061e-01 | 63  0.01823  5.14322e-01
 64  0.01924  5.31253e-01 | 65  0.01482  1.35102e-01 | 66  0.01585  4.50591e-01
 67  0.01536 -7.63066e-01 | 68  0.01878  6.15965e-01 | 69  0.02317 -4.85581e-01
 70  0.02314  4.28113e-01 | 71  0.02127 -3.83314e-01 | 72  0.02442  4.82541e-02
 73  0.02618 -1.97791e-01 | 74  0.02630 -8.23154e-01 | 75  0.02643  1.24048e-01
 76  0.02780 -1.25223e+00 | 77  0.02780 -5.08236e-01 | 78 -0.66987  1.42630e+02
 79 -0.76030  6.05231e+01 |
2 0 28141.7
2 0 28141.7
2 0 28141.7
2 0 28141.7
2 0 28141.7
2 0 28141.7
2 0 28141.7
2 0 28141.7
2 0 28141.7
2 0 28141.7
2 0 28141.7
2 0 28141.7
2 0 28141.7
2 0 28141.7
79 variables; iteration 120; function evaluation 179; phase 2
Function value   2.8141663e+04; maximum gradient component mag   1.4308e+00
Var   Value    Gradient   |Var   Value    Gradient   |Var   Value    Gradient
  1 -0.99955  1.12943e-04 |  2 -0.73362  2.45823e-04 |  3  0.26170  3.56463e-03
  4  0.23286  5.63478e-04 |  5  0.20253  6.33032e-04 |  6  0.17218  1.40635e-05
  7  0.14497  6.23944e-04 |  8  0.12219  4.57540e-04 |  9  0.10362  3.56293e-04
 10  0.08859  2.27896e-04 | 11  0.07647 -1.56419e-05 | 12  0.06678  7.03212e-05
 13  0.05914  5.52111e-05 | 14  0.05329 -2.06091e-05 | 15  0.04904 -3.96475e-05
 16  0.04628  1.42203e-04 | 17  0.04492 -2.44694e-04 | 18 -0.08579 -4.92130e-03
 19 -0.03525 -1.47356e-03 | 20 -0.02655  1.44341e-03 | 21 -0.01886  2.08732e-03
 22 -0.01964  2.82481e-03 | 23 -0.02086  5.75561e-05 | 24 -0.02355  1.38854e-03
 25 -0.00194  2.66795e-03 | 26 -0.00643 -8.72938e-04 | 27 -0.00579  6.46392e-04
 28 -0.00422  5.73443e-04 | 29  0.00726 -3.58066e-03 | 30  0.00656 -2.65357e-03
 31  0.00892  1.51433e-03 | 32  0.00921 -1.45257e-03 | 33  0.01478 -5.61106e-03
 34  0.01385 -9.44035e-04 | 35  0.01711  1.76124e-04 | 36  0.00730 -2.19312e-03
 37  0.01073 -2.72164e-03 | 38  0.00842 -1.98682e-03 | 39  0.00362 -2.20290e-03
 40  0.00912 -5.25557e-03 | 41  0.01117 -4.18127e-03 | 42  0.00998 -1.59039e-03
 43  0.00905  2.57714e-03 | 44  0.00319 -4.10701e-04 | 45  0.00916  1.29138e-03
 46 -0.00023 -4.63738e-05 | 47  0.00386 -8.12324e-04 | 48  0.13648  9.74037e-02
 49 -0.10552 -9.09150e-04 | 50 -0.12480 -4.35530e-03 | 51 -0.07532  4.76496e-03
 52 -0.03609  1.20398e-02 | 53 -0.03076  3.15368e-03 | 54 -0.02677  6.01461e-03
 55 -0.02098 -7.14295e-04 | 56 -0.00510 -2.33245e-04 | 57  0.00209  5.37098e-03
 58  0.00995  1.27176e-03 | 59  0.01509 -4.28916e-03 | 60  0.02207  5.68366e-03
 61  0.02417  2.80213e-03 | 62  0.02180 -1.23542e-03 | 63  0.01823  3.16587e-03
 64  0.01924  2.35077e-03 | 65  0.01482  3.91958e-04 | 66  0.01585  2.24508e-03
 67  0.01536 -5.31915e-03 | 68  0.01878  3.70436e-03 | 69  0.02318 -3.56592e-03
 70  0.02314  2.10759e-03 | 71  0.02128 -2.71628e-03 | 72  0.02442  4.41623e-07
 73  0.02619 -1.96824e-03 | 74  0.02630 -5.65077e-03 | 75  0.02642  1.09933e-03
 76  0.02779 -4.40004e-03 | 77  0.02779 -4.14162e-03 | 78 -0.66922  1.43076e+00
 79 -0.76184  6.03809e-01 |
2 0 28141.7
2 0 28141.7
2 0 28141.7
2 0 28141.7
2 0 28141.7

 - final statistics:
79 variables; iteration 125; function evaluation 184
Function value   2.8142e+04; maximum gradient component mag   2.7495e-04
Exit code = 1;  converg criter   1.0000e-03
Var   Value    Gradient   |Var   Value    Gradient   |Var   Value    Gradient
  1 -0.99961  1.84621e-08 |  2 -0.73362  2.56298e-07 |  3  0.26170 -2.20340e-07
  4  0.23286  4.11837e-08 |  5  0.20253  1.34927e-08 |  6  0.17218  4.10976e-08
  7  0.14497  1.63297e-09 |  8  0.12219 -2.23628e-08 |  9  0.10362 -2.38333e-08
 10  0.08859 -1.69096e-08 | 11  0.07647 -4.49311e-09 | 12  0.06678 -5.09264e-09
 13  0.05914 -6.57155e-10 | 14  0.05329  4.89768e-09 | 15  0.04904  6.07412e-09
 16  0.04628 -6.04979e-09 | 17  0.04492  1.65041e-08 | 18 -0.08579  2.75000e-06
 19 -0.03525 -3.49939e-07 | 20 -0.02655 -3.82181e-07 | 21 -0.01886 -5.38386e-07
 22 -0.01964 -3.29368e-07 | 23 -0.02086  3.36974e-07 | 24 -0.02355 -2.65549e-08
 25 -0.00194 -2.53695e-07 | 26 -0.00643 -1.08534e-07 | 27 -0.00579 -5.98100e-08
 28 -0.00422 -1.58709e-07 | 29  0.00726  2.36219e-07 | 30  0.00656  2.35429e-07
 31  0.00892  5.87060e-08 | 32  0.00921  4.12308e-07 | 33  0.01478  8.30712e-07
 34  0.01385  3.49971e-07 | 35  0.01711  5.30536e-07 | 36  0.00730  2.01081e-07
 37  0.01073  3.05609e-07 | 38  0.00842  1.69086e-07 | 39  0.00362  8.57308e-08
 40  0.00912  5.07758e-07 | 41  0.01117  4.81404e-07 | 42  0.00998  2.20568e-07
 43  0.00905 -3.92380e-08 | 44  0.00319 -2.71165e-08 | 45  0.00916 -1.16596e-07
 46 -0.00023 -5.38228e-07 | 47  0.00386 -7.05700e-07 | 48  0.13648 -1.29931e-05
 49 -0.10552  3.59820e-07 | 50 -0.12480  4.73358e-07 | 51 -0.07532  1.92750e-07
 52 -0.03609  2.71888e-07 | 53 -0.03076  1.84260e-07 | 54 -0.02677 -5.21581e-08
 55 -0.02098  2.39346e-07 | 56 -0.00510  2.68385e-07 | 57  0.00209 -1.39155e-07
 58  0.00995 -7.04906e-09 | 59  0.01509  1.01899e-07 | 60  0.02207 -5.15986e-07
 61  0.02417 -5.62787e-07 | 62  0.02180 -3.81924e-07 | 63  0.01823 -6.18540e-07
 64  0.01924 -7.48182e-07 | 65  0.01482 -3.72547e-07 | 66  0.01585 -4.29466e-07
 67  0.01536  6.33052e-08 | 68  0.01878 -3.71407e-07 | 69  0.02318 -4.78598e-08
 70  0.02314 -5.42813e-07 | 71  0.02128 -1.46548e-07 | 72  0.02442 -2.69017e-07
 73  0.02619  1.73424e-08 | 74  0.02630  1.78992e-07 | 75  0.02642  2.67525e-07
 76  0.02779  7.60953e-07 | 77  0.02779  5.88814e-07 | 78 -0.66922  2.74949e-04
 79 -0.76184  1.15636e-04 |
2 0 28141.7
B073230.3
0.3 0.421481
0.361269 0.369476
0.381373 0.354638
0.386427 0.351059
0.387596 0.350239
0.387861 0.350054
0.387921 0.350012
0.387935 0.350003
0.387938 0.350001
0.387938 0.35
0.387938 0.35
0.387938 0.35
0.387938 0.35
0.387938 0.35
0.387938 0.35
0.387938 0.35
0.387938 0.35
0.387938 0.35
0.387938 0.35
0.387938 0.35
0.387938 0.35
Survey Bio42.3557
Survey len13943.1
CPUE39.9655
Catch3.6301
Catch len14087.2
initsmo_penal7.45319
F_pen3.44043
Rec_pen14.4665
M_pen0


Starting time: Mon Nov 26 14:02:12 2018
Finishing time: Mon Nov 26 14:02:20 2018
This run took: 0 hours, 0 minutes, 8 seconds.

