survYears 69 70 71 72 73 74 75 76 77 78 79 80 81 82 83 84 85 86 87 88 89 90 91 92 93 94 95 96
SurvLenYear 69 70 71 72 73 74 75 76 77 78 79 80 81 82 83 84 85 86 87 88 89 90 91 92 93 94 95 96
catchBiomass 6947.25 7004.17 8549.44 9440.13 10322.3 13972 17861.3 17706.4 27066.6 40515.7 45086.7 54732.5 71347.8 103546 110769 94838.9 76152.4 74449.7 81534.7 78202.6 74878.9 87304.1 88611.5 93498.6 109221 108514 94958.5 97747.1
steep0.999
25
Out
1 0 39925.8

Initial statistics: 74 variables; iteration 0; function evaluation 0; phase 1
Function value   3.9925775e+04; maximum gradient component mag  -4.7674e+05
Var   Value    Gradient   |Var   Value    Gradient   |Var   Value    Gradient
  1  0.23469 -3.52304e+02 |  2  0.22995  1.21858e+03 |  3  0.21733  1.81382e+03
  4  0.22036  2.68184e+03 |  5  0.18906  1.44957e+03 |  6  0.18275  1.52142e+03
  7  0.16680  1.11422e+03 |  8  0.16089  1.09863e+03 |  9  0.14777  8.42496e+02
 10  0.13563  6.92522e+02 | 11  0.11652  3.98400e+02 | 12  0.11286  4.96443e+02
 13  0.08638  1.45955e+02 | 14  0.08699  1.12143e+02 | 15  0.12714  7.35831e+02
 16  0.01658  1.83020e+03 | 17  0.00000 -1.99920e+04 | 18  0.00000  8.53033e+02
 19  0.00000 -4.25785e+03 | 20  0.00000 -2.48028e+03 | 21  0.00000  2.06602e+03
 22  0.00000  1.07521e+03 | 23  0.00000  1.26179e+02 | 24  0.00000  7.98252e+03
 25  0.00000  7.18646e+03 | 26  0.00000  3.74030e+03 | 27  0.00000  6.67481e+03
 28  0.00000  8.22059e+03 | 29  0.00000  8.65060e+03 | 30  0.00000  2.06423e+03
 31  0.00000 -1.90123e+03 | 32  0.00000 -2.12151e+03 | 33  0.00000  1.07159e+03
 34  0.00000  2.35094e+03 | 35  0.00000  4.56552e+02 | 36  0.00000  1.32241e+03
 37  0.00000  4.61560e+03 | 38  0.00000  2.53674e+03 | 39  0.00000  3.65783e+03
 40  0.00000  4.12163e+03 | 41  0.00000  2.09775e+02 | 42  0.00000 -3.37892e+03
 43  0.00000 -7.83260e+03 | 44  0.00000 -2.70187e+04 | 45  0.09738 -4.76742e+05
 46  0.00000  4.96911e+04 | 47  0.00000  4.43501e+04 | 48  0.00000  3.93031e+04
 49  0.00000  3.13371e+04 | 50  0.00000  2.64305e+04 | 51  0.00000  2.08777e+04
 52  0.00000  1.07594e+04 | 53  0.00000  2.24628e+03 | 54  0.00000 -3.11840e+03
 55  0.00000 -8.08575e+03 | 56  0.00000 -1.54347e+04 | 57  0.00000 -2.15701e+04
 58  0.00000 -2.03091e+04 | 59  0.00000 -1.52775e+04 | 60  0.00000 -1.27052e+04
 61  0.00000 -1.32456e+04 | 62  0.00000 -1.34890e+04 | 63  0.00000 -1.34487e+04
 64  0.00000 -1.45743e+04 | 65  0.00000 -1.69842e+04 | 66  0.00000 -1.84087e+04
 67  0.00000 -2.02329e+04 | 68  0.00000 -2.11824e+04 | 69  0.00000 -1.95679e+04
 70  0.00000 -1.39995e+04 | 71  0.00000 -1.80453e+03 | 72  0.00000  1.54731e+04
 73  0.00000  2.29702e+04 | 74 -0.01297  7.76924e+04 |
1 0 39925.8
1 0 39925.6
1 0 39923.6
1 0 39903.6
1 0 39704.8
1 0 37827.8
1 0 34242.5
1 0 31617.7
1 0 33243.2
1 0 30514.3
1 0 29790.8
1 0 29681.5
1 0 29348.6
1 0 28989.2
1 0 28681.5
1 0 28578.5
1 0 28422.4

Intermediate statistics: 74 variables; iteration 10; function evaluation 17; phase 1
Function value   2.8422489e+04; maximum gradient component mag  -6.3337e+04
Var   Value    Gradient   |Var   Value    Gradient   |Var   Value    Gradient
  1  0.35279  3.46751e+03 |  2  0.29044  8.17618e+02 |  3  0.23619  4.05369e+02
  4  0.22854  7.58886e+02 |  5  0.19908  3.88901e+02 |  6  0.18814  4.08122e+02
  7  0.17328  2.94489e+02 |  8  0.16467  2.92908e+02 |  9  0.15158  2.23405e+02
 10  0.13756  1.77173e+02 | 11  0.12069  9.45848e+01 | 12  0.11132  1.31469e+02
 13  0.09172 -7.76656e+00 | 14  0.09416 -1.85488e+01 | 15  0.12353  2.30665e+02
 16  0.28544  2.00287e+04 | 17 -0.06229 -8.68945e+03 | 18 -0.07164  3.49593e+03
 19 -0.04879 -1.36157e+03 | 20 -0.03238 -9.33221e+02 | 21 -0.02189  9.37504e+02
 22 -0.03164 -4.10269e+02 | 23 -0.01240  2.20891e+03 | 24  0.01808  7.11888e+03
 25  0.00633  6.08198e+03 | 26 -0.02112 -4.15236e+03 | 27  0.11362 -3.25898e+03
 28  0.25764 -1.69194e+03 | 29  0.15503 -2.65811e+03 | 30 -0.03580 -4.30823e+03
 31 -0.05575 -6.03005e+03 | 32  0.00479  2.67028e+03 | 33 -0.00672  5.77560e+02
 34 -0.00853  1.41847e+03 | 35 -0.00728  9.96340e+02 | 36  0.01416  4.91648e+03
 37  0.00245  2.18906e+03 | 38  0.00901  3.90872e+03 | 39  0.01571  5.46754e+03
 40  0.00594  2.65861e+03 | 41  0.00398  1.47249e+03 | 42 -0.01075  2.09993e+02
 43 -0.06359 -4.68277e+03 | 44 -0.11047 -9.27858e+03 | 45  0.15992 -6.33374e+04
 46 -0.10046 -5.13607e+03 | 47 -0.04551 -9.97383e+02 | 48 -0.07152 -3.71332e+03
 49 -0.03716 -1.76788e+03 | 50 -0.01969  1.37681e+03 | 51 -0.06552 -3.92634e+03
 52 -0.03304 -1.29544e+03 | 53 -0.00876 -9.49376e+02 | 54  0.01367  1.40655e+03
 55 -0.07791 -2.17800e+03 | 56  0.00491  5.12792e+03 | 57 -0.00463 -1.09063e+04
 58  0.06285  8.32640e+02 | 59 -0.01271 -3.94365e+03 | 60 -0.03039 -4.01091e+03
 61  0.03088  1.74376e+03 | 62  0.01668  1.44407e+03 | 63  0.02532  2.57584e+03
 64  0.00664  2.04571e+02 | 65  0.02510  2.39649e+03 | 66  0.02451  3.46441e+03
 67  0.02435  3.12632e+03 | 68  0.03006  1.46873e+03 | 69  0.03091  4.89378e+02
 70  0.04037  1.86348e+03 | 71  0.07467  3.40758e+03 | 72  0.10099  5.51628e+03
 73 -0.00467  2.49379e+03 | 74  0.17976  2.12820e+04 |
1 0 28299.7
1 0 28415.1
1 0 28258.6
1 0 28199.9
1 0 28139.6
1 0 28090.3
1 0 28025.3
1 0 28014.4
1 0 27988.2
1 0 27964.7
1 0 27951.2
1 0 27955.5
1 0 27945.4
74 variables; iteration 20; function evaluation 30; phase 1
Function value   2.7945526e+04; maximum gradient component mag  -3.9081e+04
Var   Value    Gradient   |Var   Value    Gradient   |Var   Value    Gradient
  1  0.29587 -8.32147e+02 |  2  0.24125  2.03568e+02 |  3  0.21335  8.84326e+02
  4  0.19539  8.35389e+02 |  5  0.18055  6.57837e+02 |  6  0.16949  5.49278e+02
  7  0.16016  4.70293e+02 |  8  0.15122  4.03092e+02 |  9  0.14143  3.38726e+02
 10  0.12921  2.54877e+02 | 11  0.11768  2.09440e+02 | 12  0.10369  1.26077e+02
 13  0.09661  9.25342e+01 | 14  0.10031  1.25954e+02 | 15  0.10866  1.98657e+02
 16  0.31165  1.69273e+04 | 17 -0.16817 -3.42538e+03 | 18 -0.09663  3.76830e+02
 19 -0.06798 -5.63867e+03 | 20 -0.03955  1.01012e+03 | 21 -0.03190  2.58458e+03
 22 -0.03611  8.64237e+02 | 23 -0.02968  1.80885e+03 | 24  0.00207  4.69203e+03
 25 -0.00572  4.19860e+03 | 26 -0.01899  4.45448e+02 | 27  0.22981 -2.11416e+03
 28  0.40195 -7.29284e+02 | 29  0.20855 -2.26361e+03 | 30 -0.03723 -5.32019e+03
 31 -0.07022 -1.47322e+04 | 32 -0.00118  5.55041e+03 | 33 -0.01001  3.00548e+03
 34 -0.01844  2.08597e+02 | 35 -0.01177  2.79741e+03 | 36 -0.00488  1.85497e+03
 37 -0.00921 -4.38350e+02 | 38 -0.00065  5.41692e+03 | 39 -0.00297  1.45846e+03
 40 -0.00325  8.15427e+02 | 41  0.00106  4.73772e+03 | 42 -0.01078  2.34778e+03
 43 -0.04868 -1.58796e+03 | 44 -0.09040 -9.08195e+03 | 45  0.15434 -3.90809e+04
 46 -0.17918 -7.01286e+03 | 47 -0.05165  1.13454e+03 | 48 -0.05368 -3.87428e+02
 49 -0.03664  1.99067e+02 | 50 -0.02261  1.36354e+03 | 51 -0.03768 -2.37591e+03
 52 -0.04610 -3.79093e+03 | 53 -0.00377 -5.33016e+02 | 54  0.01273  3.09239e+03
 55 -0.05129 -1.42709e+03 | 56  0.00624  1.31396e+03 | 57  0.00549 -6.42414e+03
 58  0.05931 -1.04893e+03 | 59 -0.00819 -2.68175e+03 | 60 -0.01079 -2.72306e+03
 61  0.03042  8.67047e+01 | 62  0.01573 -1.40713e+03 | 63  0.02108 -1.08152e+03
 64  0.01094 -2.94681e+03 | 65  0.02322  8.19984e+02 | 66  0.03156  5.27315e+03
 67  0.02459  3.86643e+02 | 68  0.03309  4.50504e+03 | 69  0.04275  8.40098e+03
 70  0.04000  3.16507e+03 | 71  0.05549  5.00407e+02 | 72  0.06916  1.58289e+03
 73  0.01660  1.58132e+03 | 74  0.14334  1.39630e+04 |
1 0 27939.4
1 0 27950.3
1 0 27937.7
1 0 27935.7
1 0 27937.1
1 0 27935
1 0 27934.1
1 0 27934.8
1 0 27933.8
1 0 27933.5
1 0 27933.2
1 0 27932.8
1 0 27932.7
74 variables; iteration 30; function evaluation 43; phase 1
Function value   2.7932835e+04; maximum gradient component mag  -3.7553e+04
Var   Value    Gradient   |Var   Value    Gradient   |Var   Value    Gradient
  1  0.29156 -1.25580e+03 |  2  0.24349  2.39681e+02 |  3  0.20742  6.87100e+02
  4  0.18815  6.63177e+02 |  5  0.17035  4.65307e+02 |  6  0.16034  4.06066e+02
  7  0.15137  3.44358e+02 |  8  0.14320  3.00573e+02 |  9  0.13396  2.52683e+02
 10  0.12296  1.94281e+02 | 11  0.11257  1.63217e+02 | 12  0.10033  9.20274e+01
 13  0.09676  9.20927e+01 | 14  0.09923  1.20219e+02 | 15  0.10167  1.35551e+02
 16  0.31219  1.66027e+04 | 17 -0.16873 -3.30333e+03 | 18 -0.09403  1.45740e+02
 19 -0.06496 -5.64739e+03 | 20 -0.04016  1.08195e+03 | 21 -0.03409  2.11459e+03
 22 -0.03604  1.16591e+03 | 23 -0.03003  1.50898e+03 | 24 -0.00097  4.42766e+03
 25 -0.00607  4.53932e+03 | 26 -0.01952  1.57438e+02 | 27  0.23086 -2.07903e+03
 28  0.40834 -6.36525e+02 | 29  0.20818 -2.24457e+03 | 30 -0.03775 -5.46123e+03
 31 -0.07158 -1.52930e+04 | 32 -0.00121  5.60993e+03 | 33 -0.01031  2.72446e+03
 34 -0.01801  5.11269e+02 | 35 -0.01213  2.94304e+03 | 36 -0.00519  1.77371e+03
 37 -0.00945 -3.41996e+02 | 38 -0.00110  5.19881e+03 | 39 -0.00150  2.04500e+03
 40 -0.00108  1.40836e+03 | 41  0.00133  4.60108e+03 | 42 -0.01137  2.34531e+03
 43 -0.05055 -1.51679e+03 | 44 -0.09252 -8.93402e+03 | 45  0.15498 -3.75535e+04
 46 -0.18338 -7.06443e+03 | 47 -0.04992  1.34950e+03 | 48 -0.05228 -1.43581e+02
 49 -0.03730  2.02875e+02 | 50 -0.02413  1.22550e+03 | 51 -0.03635 -1.92339e+03
 52 -0.04546 -3.58091e+03 | 53 -0.00431 -3.54077e+02 | 54  0.01150  2.52317e+03
 55 -0.05107 -1.42591e+03 | 56  0.00611  1.53772e+03 | 57  0.00537 -6.18524e+03
 58  0.05869 -1.57701e+03 | 59 -0.01168 -3.17079e+03 | 60 -0.01139 -2.77458e+03
 61  0.02996  2.21969e+02 | 62  0.01540 -1.16990e+03 | 63  0.02115 -1.03963e+03
 64  0.00948 -3.13219e+03 | 65  0.02312  9.21824e+02 | 66  0.03072  5.10357e+03
 67  0.02360  4.10117e+02 | 68  0.03169  3.92737e+03 | 69  0.04216  8.06939e+03
 70  0.04038  3.51772e+03 | 71  0.05660  9.31595e+02 | 72  0.06952  1.52826e+03
 73  0.02840  1.57069e+03 | 74  0.14214  1.42412e+04 |
1 0 27932.6
1 0 27932.3
1 0 27932
1 0 27931.9
1 0 27931.6
1 0 27931.2
1 0 27931
1 0 27930.6
1 0 27930
1 0 27929.2
74 variables; iteration 40; function evaluation 53; phase 1
Function value   2.7929400e+04; maximum gradient component mag  -3.7673e+04
Var   Value    Gradient   |Var   Value    Gradient   |Var   Value    Gradient
  1  0.29087 -1.27464e+03 |  2  0.24174  1.87803e+02 |  3  0.20602  6.53362e+02
  4  0.19195  7.36914e+02 |  5  0.17705  5.67651e+02 |  6  0.16429  4.47334e+02
  7  0.15299  3.61407e+02 |  8  0.14240  2.97217e+02 |  9  0.13112  2.39416e+02
 10  0.11819  1.69681e+02 | 11  0.10780  1.42378e+02 | 12  0.09744  8.69394e+01
 13  0.09529  1.00372e+02 | 14  0.09585  1.15502e+02 | 15  0.09541  1.10247e+02
 16  0.31146  1.65166e+04 | 17 -0.16868 -3.31187e+03 | 18 -0.09401  1.69004e+02
 19 -0.06508 -5.66419e+03 | 20 -0.04025  1.03737e+03 | 21 -0.03445  1.98824e+03
 22 -0.03629  1.05368e+03 | 23 -0.02973  1.60019e+03 | 24 -0.00084  4.40601e+03
 25 -0.00612  4.49653e+03 | 26 -0.01947  1.13225e+02 | 27  0.23078 -2.08191e+03
 28  0.40800 -6.41712e+02 | 29  0.20817 -2.24783e+03 | 30 -0.03750 -5.47955e+03
 31 -0.07133 -1.52453e+04 | 32 -0.00123  5.55720e+03 | 33 -0.01003  2.72284e+03
 34 -0.01754  6.64941e+02 | 35 -0.01192  2.85716e+03 | 36 -0.00470  1.85569e+03
 37 -0.00928 -3.55876e+02 | 38 -0.00101  5.11380e+03 | 39 -0.00132  2.10482e+03
 40 -0.00105  1.34284e+03 | 41  0.00109  4.55097e+03 | 42 -0.01157  2.24796e+03
 43 -0.05085 -1.47294e+03 | 44 -0.09429 -9.06316e+03 | 45  0.15589 -3.76732e+04
 46 -0.18415 -7.04422e+03 | 47 -0.05081  1.33618e+03 | 48 -0.05317 -1.96533e+02
 49 -0.03778  2.20934e+02 | 50 -0.02518  1.18164e+03 | 51 -0.03743 -1.99440e+03
 52 -0.04598 -3.58674e+03 | 53 -0.00495 -3.46263e+02 | 54  0.01070  2.52718e+03
 55 -0.05193 -1.42208e+03 | 56  0.00543  1.51875e+03 | 57  0.00481 -6.09035e+03
 58  0.05786 -1.59426e+03 | 59 -0.01271 -3.19331e+03 | 60 -0.01233 -2.80159e+03
 61  0.02916  2.47322e+02 | 62  0.01468 -1.18799e+03 | 63  0.02016 -1.16448e+03
 64  0.00880 -3.09924e+03 | 65  0.02251  9.60099e+02 | 66  0.03003  5.17532e+03
 67  0.02309  5.69801e+02 | 68  0.03100  3.96774e+03 | 69  0.04178  8.25683e+03
 70  0.03951  3.49797e+03 | 71  0.05633  9.74785e+02 | 72  0.07172  1.59379e+03
 73  0.04610  1.68361e+03 | 74  0.14121  1.41882e+04 |
1 0 27929.2
1 0 27928.9
1 0 27928.2
1 0 27927.6
1 0 27926.6
1 0 27925.2
1 0 27922.4
1 0 27919.4
1 0 27914.5
1 0 27909.7
1 0 27901.8
74 variables; iteration 50; function evaluation 64; phase 1
Function value   2.7901921e+04; maximum gradient component mag  -3.6917e+04
Var   Value    Gradient   |Var   Value    Gradient   |Var   Value    Gradient
  1  0.29060 -1.26849e+03 |  2  0.24172  1.70570e+02 |  3  0.20982  7.61402e+02
  4  0.18402  5.79905e+02 |  5  0.16697  3.93041e+02 |  6  0.16841  4.99579e+02
  7  0.16521  4.86928e+02 |  8  0.15576  4.08700e+02 |  9  0.14014  2.92611e+02
 10  0.12065  1.76737e+02 | 11  0.10328  1.28359e+02 | 12  0.08494  6.25772e+01
 13  0.07282  1.75692e+01 | 14  0.07459  4.00385e+01 | 15  0.08450  1.16905e+02
 16  0.31052  1.66205e+04 | 17 -0.16882 -3.31490e+03 | 18 -0.09433 -1.01610e+02
 19 -0.06481 -5.44890e+03 | 20 -0.03940  1.04881e+03 | 21 -0.03340  2.02400e+03
 22 -0.03628  8.69054e+02 | 23 -0.03005  1.45174e+03 | 24 -0.00339  4.05203e+03
 25 -0.00648  4.30058e+03 | 26 -0.01901  4.05724e+02 | 27  0.23309 -2.05132e+03
 28  0.40380 -6.92021e+02 | 29  0.20686 -2.26294e+03 | 30 -0.03643 -4.64611e+03
 31 -0.07136 -1.53866e+04 | 32 -0.00075  5.36123e+03 | 33 -0.00832  4.08653e+03
 34 -0.01756 -5.42015e+01 | 35 -0.01057  3.30725e+03 | 36 -0.00543  1.54811e+03
 37 -0.00928 -2.55699e+02 | 38 -0.00264  4.59597e+03 | 39 -0.00149  2.28480e+03
 40 -0.00145  1.09425e+03 | 41  0.00137  4.38530e+03 | 42 -0.01026  2.30298e+03
 43 -0.04872 -6.99646e+02 | 44 -0.09605 -9.82334e+03 | 45  0.15660 -3.69168e+04
 46 -0.18246 -7.09478e+03 | 47 -0.05216  1.02061e+03 | 48 -0.05523 -6.70622e+02
 49 -0.03812  4.69213e+01 | 50 -0.02539  1.17681e+03 | 51 -0.03779 -1.92184e+03
 52 -0.04487 -3.44126e+03 | 53 -0.00570 -2.16692e+02 | 54  0.01041  2.70887e+03
 55 -0.05339 -1.55351e+03 | 56  0.00544  1.95420e+03 | 57  0.00438 -6.06631e+03
 58  0.05767 -1.12147e+03 | 59 -0.01484 -3.45466e+03 | 60 -0.01357 -2.82191e+03
 61  0.02915  6.09785e+02 | 62  0.01318 -1.64246e+03 | 63  0.02052 -6.13948e+02
 64  0.00953 -2.86486e+03 | 65  0.02208  1.31651e+03 | 66  0.03062  5.57389e+03
 67  0.02190  6.76520e+02 | 68  0.03017  3.58454e+03 | 69  0.04075  7.98981e+03
 70  0.03891  3.81587e+03 | 71  0.05546  8.61962e+02 | 72  0.07496  1.45193e+03
 73  0.05719  1.72814e+03 | 74  0.14095  1.44184e+04 |
1 0 27887.3
1 0 27864.7
1 0 27828.8
1 0 27826.5
1 0 27810.2
1 0 27779.7
1 0 27725
1 0 27652
1 0 27562
1 0 27423
1 0 27237.9
74 variables; iteration 60; function evaluation 75; phase 1
Function value   2.7238112e+04; maximum gradient component mag  -5.2840e+04
Var   Value    Gradient   |Var   Value    Gradient   |Var   Value    Gradient
  1  0.29666  5.21717e+02 |  2  0.24916  1.35607e+03 |  3  0.21648  1.50115e+03
  4  0.21635  2.19729e+03 |  5  0.18859  1.14292e+03 |  6  0.21847  3.11335e+03
  7  0.13844  3.73214e+02 |  8  0.10249  1.18874e+02 |  9  0.10318  2.27138e+02
 10  0.11162  4.28690e+02 | 11  0.08574  4.29699e+02 | 12 -0.01576 -1.04875e+02
 13 -0.08059 -1.76454e+02 | 14 -0.09075 -2.92272e+01 | 15 -0.09105  2.00986e+00
 16  0.29017  1.47972e+04 | 17 -0.14294 -4.04974e+03 | 18 -0.08217  5.62321e+03
 19 -0.05959 -3.93563e+03 | 20 -0.03804  2.13402e+03 | 21 -0.03485  8.55587e+02
 22 -0.03658  1.27714e+02 | 23 -0.02760  9.15520e+02 | 24 -0.00691  3.72491e+03
 25 -0.01137  2.48679e+03 | 26 -0.01768  7.46292e+02 | 27  0.20978 -1.83422e+03
 28  0.36289 -5.97052e+02 | 29  0.19056 -1.99031e+03 | 30 -0.03005 -3.26958e+03
 31 -0.06330 -1.31800e+04 | 32 -0.00542  3.92664e+03 | 33 -0.00572  3.46867e+03
 34 -0.01758 -8.57083e+02 | 35 -0.01378  1.41625e+03 | 36 -0.01034  6.86012e+02
 37 -0.01017 -7.39299e+02 | 38 -0.00219  4.05710e+03 | 39 -0.00163  1.64509e+03
 40  0.00140  1.18771e+03 | 41  0.00312  3.77604e+03 | 42 -0.00292  3.20035e+03
 43 -0.04263 -1.27909e+03 | 44 -0.08396 -1.02913e+04 | 45  0.14948 -5.28396e+04
 46 -0.15793 -6.56999e+03 | 47 -0.04104  4.62031e+03 | 48 -0.05346 -7.26456e+02
 49 -0.03057  4.98018e+02 | 50 -0.02453  6.52544e+02 | 51 -0.03262 -9.40892e+02
 52 -0.03461 -2.22427e+03 | 53  0.00088  8.21103e+01 | 54  0.01162  2.07545e+03
 55 -0.05343 -1.36746e+03 | 56  0.00803  4.15394e+02 | 57  0.01044 -4.48392e+03
 58  0.05994 -4.48743e+03 | 59 -0.00866 -3.24788e+03 | 60 -0.00807 -2.83175e+03
 61  0.03105 -5.00221e+02 | 62  0.02097 -5.97600e+02 | 63  0.02636  8.48167e+02
 64  0.01574 -1.28180e+03 | 65  0.02454  1.46716e+03 | 66  0.03376  4.71771e+03
 67  0.02521  3.57554e+02 | 68  0.03243  2.81240e+03 | 69  0.04344  6.40075e+03
 70  0.03892  2.39576e+03 | 71  0.05873 -4.48824e+02 | 72  0.06084  1.41606e+03
 73 -0.05840  1.90141e+03 | 74  0.13669  1.32013e+04 |
1 0 26982
1 0 26638.1
1 0 26308.4
1 0 25911.9
1 0 26193.2
1 0 25746.6
1 0 25576
1 0 25452.3
1 0 25721.3
1 0 25421.7
1 0 25413.9
1 0 25400
74 variables; iteration 70; function evaluation 87; phase 1
Function value   2.5406727e+04; maximum gradient component mag  -1.0266e+05
Var   Value    Gradient   |Var   Value    Gradient   |Var   Value    Gradient
  1  0.31194 -8.36313e+02 |  2  0.28238 -2.20012e+02 |  3  0.20020 -1.34445e+02
  4  0.17871  1.20402e+02 |  5  0.15332  2.38650e+00 |  6  0.15269  1.24230e+02
  7  0.13991  1.32062e+02 |  8  0.10739 -1.64695e+02 |  9  0.13669  2.96948e+02
 10  0.09512 -8.18872e+01 | 11  0.08757 -9.62144e+01 | 12  0.11700  2.91256e+02
 13  0.07149  2.96761e+02 | 14 -0.05814 -1.29372e+02 | 15 -0.14958 -2.91932e+02
 16  0.19106  9.70470e+02 | 17 -0.03979  3.74774e+02 | 18 -0.05588 -2.16891e+03
 19 -0.03895 -9.00672e+02 | 20 -0.02619  1.41360e+03 | 21 -0.02243 -6.81416e+01
 22 -0.02454 -5.66580e+02 | 23 -0.01592  2.15307e+03 | 24 -0.01908 -3.91603e+03
 25 -0.02393 -2.37221e+03 | 26 -0.01371  1.31969e+03 | 27  0.12730 -1.77816e+02
 28  0.16699 -2.33304e+02 | 29  0.12188 -2.70550e+02 | 30 -0.00498 -2.44795e+03
 31 -0.02266  2.27852e+03 | 32 -0.00900 -2.73834e+03 | 33  0.00906  3.90044e+03
 34 -0.00633 -1.69944e+02 | 35 -0.01043  8.08631e+01 | 36 -0.01714 -3.48625e+03
 37 -0.00323  1.14305e+03 | 38 -0.00908 -3.77217e+03 | 39 -0.00327  2.14720e+03
 40  0.00315 -1.18824e+03 | 41  0.00689  1.41125e+03 | 42 -0.00160  5.41778e+02
 43 -0.02693 -1.20213e+03 | 44 -0.05981 -7.13130e+03 | 45  0.15062 -1.02664e+05
 46 -0.06174  7.31989e+02 | 47 -0.04840  2.13498e+03 | 48 -0.05743 -6.77605e+02
 49 -0.03473 -6.48812e+02 | 50 -0.02537  3.48589e+02 | 51 -0.04849 -2.83839e+03
 52 -0.01412 -4.11954e+02 | 53  0.00840  7.12252e+03 | 54 -0.00180  4.49413e+03
 55 -0.08370 -6.72396e+02 | 56  0.00189 -1.95626e+03 | 57  0.01082 -1.48818e+03
 58  0.04934 -1.35074e+04 | 59  0.00716 -4.86689e+03 | 60 -0.02126 -3.42308e+03
 61  0.02796  1.46347e+02 | 62  0.01974 -5.24382e+02 | 63  0.02561 -4.01750e+02
 64  0.00949 -5.73815e+02 | 65  0.01441 -2.88866e+02 | 66  0.03458  4.00944e+03
 67  0.01032 -7.85413e+02 | 68  0.02801  9.47160e+02 | 69  0.03480  2.83343e+03
 70  0.03743  2.19950e+03 | 71  0.04885  1.50558e+03 | 72  0.06564  4.71570e+03
 73 -0.03390  4.52849e+03 | 74  0.12987  2.46094e+04 |
1 0 25384.2
1 0 25364
1 0 25374.6
1 0 25356.1
1 0 25375.5
1 0 25354.2
1 0 25357
1 0 25353.7
1 0 25352.8
1 0 25343
1 0 25248.7
1 0 24670.6
1 0 24380.1
1 0 24143.2
1 0 24015.5
1 0 24079.9
1 0 23960.1
74 variables; iteration 80; function evaluation 104; phase 1
Function value   2.3960068e+04; maximum gradient component mag  -1.9488e+04
Var   Value    Gradient   |Var   Value    Gradient   |Var   Value    Gradient
  1  0.29477  1.02700e+03 |  2  0.26083  6.14942e+02 |  3  0.18249  5.20894e+01
  4  0.15165  1.57251e+02 |  5  0.12673  7.45061e+01 |  6  0.11711  9.56029e+01
  7  0.11175  1.73320e+02 |  8  0.08503  7.96972e+01 |  9  0.05235 -1.03095e+01
 10  0.03172  1.81201e+01 | 11  0.01129  3.23748e+01 | 12 -0.01529 -5.49376e+00
 13 -0.03828 -5.34989e+01 | 14 -0.04402 -3.71276e+01 | 15 -0.03754  2.54688e+01
 16  0.18000 -2.57369e+01 | 17 -0.04039 -1.73226e+03 | 18 -0.04024  1.23917e+03
 19 -0.03529  4.73706e+02 | 20 -0.03460 -2.92530e+02 | 21 -0.03424  3.23970e+02
 22 -0.02979 -2.72079e+02 | 23 -0.02397 -1.88510e+02 | 24 -0.02770 -1.00057e+03
 25 -0.02015  6.83681e+02 | 26 -0.00828  1.33693e+01 | 27  0.12262  6.16082e+02
 28  0.14781  2.52121e+02 | 29  0.13327  6.54748e+02 | 30  0.01163  7.73891e+02
 31 -0.00840  1.29815e+03 | 32 -0.01161 -1.32006e+03 | 33 -0.00615  8.88549e+02
 34 -0.00947  9.02108e+02 | 35 -0.00733 -8.43612e+02 | 36 -0.00900 -1.34523e+03
 37 -0.00675  6.89128e+02 | 38 -0.00190  5.26727e+02 | 39 -0.00427  4.55126e+01
 40 -0.00477 -7.80176e+02 | 41 -0.00103 -6.27082e+01 | 42 -0.00245  3.40192e+02
 43 -0.01583 -1.33239e+03 | 44 -0.02931 -9.38184e+02 | 45  0.15464 -1.94878e+04
 46 -0.05605  2.77082e+03 | 47 -0.05212  1.92129e+03 | 48 -0.05089  9.79262e+02
 49 -0.04308 -4.00985e+02 | 50 -0.03644 -7.27643e+00 | 51 -0.03443 -1.55165e+02
 52 -0.02230  8.18674e+02 | 53 -0.00922  1.25970e+03 | 54 -0.01510 -6.09766e+02
 55 -0.03688  3.52011e+02 | 56  0.00599 -6.10035e+01 | 57  0.01360 -1.37528e+02
 58  0.04514 -1.83507e+03 | 59  0.02104  1.10168e+02 | 60  0.00627 -1.44999e+03
 61  0.01676  9.01547e+02 | 62  0.00818 -2.06771e+03 | 63  0.01516 -3.19324e+02
 64  0.01169  9.29393e+01 | 65  0.01261 -6.43510e+02 | 66  0.01948 -1.35457e+02
 67  0.01713 -1.39987e+03 | 68  0.02196 -2.92554e+02 | 69  0.02557 -1.81394e+02
 70  0.02462 -8.51345e+02 | 71  0.02803 -2.51358e+02 | 72  0.03715  7.97898e+02
 73  0.02612  8.94174e+02 | 74  0.08041  3.56299e+03 |
1 0 23911.4
1 0 23898.9
1 0 23878.5
1 0 23850.3
1 0 23626.1
1 0 40459.7
1 0 23318
1 0 23306.9
1 0 23376.5
1 0 23287.7
1 0 23247.4
1 0 22836.4
1 0 25950.1
1 0 22797.2
1 0 22723.2
1 0 22588
74 variables; iteration 90; function evaluation 120; phase 1
Function value   2.2588064e+04; maximum gradient component mag   1.2217e+04
Var   Value    Gradient   |Var   Value    Gradient   |Var   Value    Gradient
  1  0.27920  1.54935e+00 |  2  0.27343  2.40752e+02 |  3  0.19289  4.77958e+01
  4  0.11336 -7.29617e+01 |  5  0.06482 -4.33671e+01 |  6  0.03308 -2.50115e+01
  7  0.01067 -5.23484e+01 |  8  0.00506 -1.05675e+01 |  9  0.00361 -6.35427e+01
 10  0.02223  3.22135e+01 | 11  0.03276  4.39584e+01 | 12  0.03213 -1.03718e+01
 13  0.03670 -3.12828e+01 | 14  0.05305  1.46505e+01 | 15  0.06850  6.75689e+01
 16  0.15652  2.13047e+03 | 17 -0.01509 -3.50818e+02 | 18 -0.02782 -4.35288e+02
 19 -0.02343  6.27178e+01 | 20 -0.01917  4.00294e+02 | 21 -0.01980 -6.91362e+01
 22 -0.01732  5.87819e+02 | 23 -0.01627 -9.75831e+02 | 24 -0.01917  3.05441e+02
 25 -0.01511 -2.07031e+03 | 26  0.00063  2.10254e+03 | 27 -0.00830 -6.27938e+03
 28  0.02853  5.78135e+03 | 29  0.09832  1.30713e+03 | 30  0.02176  2.10812e+03
 31 -0.00136  1.45369e+03 | 32  0.00048  2.15981e+03 | 33 -0.00400 -2.29194e+03
 34 -0.00100 -6.59119e+02 | 35  0.00671  3.71511e+02 | 36  0.00524 -1.02679e+03
 37  0.00335  8.50747e+02 | 38  0.00241 -1.57212e+02 | 39  0.00388 -1.22795e+03
 40  0.00435 -6.45386e+02 | 41  0.00924 -1.14149e+02 | 42  0.01259  1.66489e+03
 43  0.00156 -1.05724e+03 | 44 -0.00939 -7.98549e+02 | 45  0.14731 -9.29770e+03
 46 -0.05986  2.21710e+03 | 47 -0.06239 -4.45980e+02 | 48 -0.05720 -2.14243e+02
 49 -0.04347  4.16824e+02 | 50 -0.03836 -5.07371e+01 | 51 -0.03557 -8.90570e+01
 52 -0.03006 -1.96871e+03 | 53 -0.01366  2.74312e+01 | 54 -0.00966 -1.29249e+03
 55  0.01280  1.22170e+04 | 56 -0.00529 -3.88071e+02 | 57  0.02262  1.01053e+04
 58  0.04678 -1.68821e+03 | 59  0.01253 -3.18514e+03 | 60  0.00573 -4.85207e+03
 61  0.00738 -2.94092e+03 | 62  0.00717 -1.58896e+03 | 63  0.01417 -1.52304e+02
 64  0.01201  1.24807e+02 | 65  0.01835  5.26397e+02 | 66  0.01143 -2.39970e+03
 67  0.01850 -5.73079e+02 | 68  0.02150  4.02230e+01 | 69  0.02347 -7.62189e+02
 70  0.02178 -2.31355e+03 | 71  0.02299 -1.59672e+03 | 72  0.03078 -5.77526e+01
 73  0.04477  5.23611e+02 | 74  0.01059  1.77876e+03 |
1 0 22371.9
1 0 22000
1 0 22912
1 0 21914.6
1 0 21789.7
1 0 21630.9
1 0 21466.1
1 0 21317.6
1 0 21255.3
1 0 21203.5
1 0 21183.7
74 variables; iteration 100; function evaluation 131; phase 1
Function value   2.1183663e+04; maximum gradient component mag   2.6346e+03
Var   Value    Gradient   |Var   Value    Gradient   |Var   Value    Gradient
  1  0.27260  3.84964e+02 |  2  0.25317  9.17645e+01 |  3  0.18272  2.05584e+01
  4  0.11864 -1.06776e+01 |  5  0.06730 -2.77666e+01 |  6  0.02796 -4.74329e+01
  7  0.00415 -3.24149e+01 |  8 -0.00931  1.07803e+00 |  9 -0.02269 -1.10235e+01
 10 -0.03249 -1.17412e+01 | 11 -0.03856 -1.43664e+01 | 12 -0.04014 -9.04703e-01
 13 -0.04130  2.17495e+00 | 14 -0.04297 -1.82723e+00 | 15 -0.04396 -2.88529e+00
 16  0.13699  3.44754e+02 | 17 -0.01970 -6.40056e+02 | 18 -0.02337 -3.47706e+02
 19 -0.01735  8.18725e+00 | 20 -0.01475 -3.20947e+01 | 21 -0.01597 -3.42119e+01
 22 -0.01134  5.73639e+02 | 23 -0.00636  2.96222e+01 | 24 -0.01106 -2.14612e+01
 25 -0.00762  6.16914e+01 | 26 -0.00249 -5.02223e+02 | 27 -0.00061  6.81951e+02
 28 -0.00107 -6.48548e+02 | 29  0.00019  4.97858e+02 | 30  0.00586 -2.81519e+02
 31  0.00560  3.24662e+02 | 32  0.00924  9.08761e+01 | 33  0.00892  2.28160e+02
 34  0.00699  2.02094e+02 | 35  0.01137  4.06900e+02 | 36  0.01149 -5.29779e+02
 37  0.00852 -2.32622e+01 | 38  0.01255 -1.68155e+02 | 39  0.01283  2.41616e+01
 40  0.01301  7.25130e+01 | 41  0.01545 -5.66060e+02 | 42  0.01692  1.24373e+02
 43  0.00684  5.65251e+02 | 44 -0.01488 -6.40068e+02 | 45  0.14495 -2.57113e+02
 46 -0.06635  2.07134e+02 | 47 -0.06092  1.69821e+02 | 48 -0.05669  2.71838e+02
 49 -0.04670 -9.68510e+01 | 50 -0.04152 -4.69459e+02 | 51 -0.03642 -9.16869e+01
 52 -0.02617 -3.89849e+02 | 53 -0.01294 -4.71211e+02 | 54 -0.00767 -7.17991e+02
 55 -0.00121  2.42903e+02 | 56  0.00856  9.16984e+02 | 57  0.01575 -1.11214e+03
 58  0.02836  2.63460e+03 | 59  0.01595  2.98093e+02 | 60  0.01297  3.88758e+02
 61  0.01305  3.56083e+02 | 62  0.01090 -3.96775e+02 | 63  0.01230 -6.36094e+02
 64  0.01313  1.22673e+02 | 65  0.01452 -6.57178e+01 | 66  0.01801  2.94380e+02
 67  0.01881 -2.22617e+02 | 68  0.02203 -2.55467e+02 | 69  0.02516 -2.15014e+02
 70  0.02403 -2.33340e+02 | 71  0.02747 -3.30176e+02 | 72  0.03942 -1.05867e+02
 73  0.03601 -4.32807e+00 | 74 -0.02288 -2.73791e+02 |
1 0 21173.3
1 0 21168.4
1 0 21164.3
1 0 21162.1
1 0 21160.2
1 0 21158.2
1 0 21157
1 0 21155.9
1 0 21155
1 0 21154.3
74 variables; iteration 110; function evaluation 141; phase 1
Function value   2.1154269e+04; maximum gradient component mag  -8.2906e+02
Var   Value    Gradient   |Var   Value    Gradient   |Var   Value    Gradient
  1  0.27996 -4.23134e+01 |  2  0.26714  1.44456e+01 |  3  0.19666  8.87216e+00
  4  0.14035 -4.38637e+00 |  5  0.09976 -1.32587e+01 |  6  0.07062 -1.32608e+01
  7  0.04939 -4.72814e+00 |  8  0.03199 -1.16756e+01 |  9  0.01975 -6.43143e+00
 10  0.01069 -2.60894e+00 | 11  0.00343 -8.01601e-01 | 12 -0.00271 -3.64165e+00
 13 -0.00699 -3.08786e+00 | 14 -0.00964 -2.02089e+00 | 15 -0.01102 -2.45385e+00
 16  0.13140  1.30841e+02 | 17 -0.01089  1.49388e+02 | 18 -0.02246 -1.45111e+01
 19 -0.01726 -3.14597e+01 | 20 -0.01505 -7.95172e+01 | 21 -0.01620  1.71538e+00
 22 -0.01281 -1.89541e+01 | 23 -0.00730  3.45741e+01 | 24 -0.01138  7.16962e+01
 25 -0.00804 -6.82935e+01 | 26 -0.00229  1.22375e+02 | 27 -0.00369  1.31611e+01
 28 -0.00143 -6.09367e+01 | 29 -0.00225  4.61375e+01 | 30  0.00132 -4.07201e+01
 31  0.00432 -5.96785e+00 | 32  0.00779 -3.07432e+01 | 33  0.00737 -3.84240e+01
 34  0.00645 -4.83897e+01 | 35  0.01067  3.01726e+01 | 36  0.01209 -1.63502e+01
 37  0.00894  6.75367e+01 | 38  0.01288 -4.37613e+01 | 39  0.01339  2.24152e+01
 40  0.01345  6.30214e+01 | 41  0.01685 -1.01866e+02 | 42  0.01657 -9.15629e+01
 43  0.00701  7.50104e+01 | 44 -0.00802  1.71440e+01 | 45  0.14790 -8.29055e+02
 46 -0.06463 -1.22962e+01 | 47 -0.05967 -2.54537e+01 | 48 -0.05591  6.31486e+01
 49 -0.04506  5.59934e+01 | 50 -0.03994  5.38082e+01 | 51 -0.03617  4.07999e+01
 52 -0.02491 -1.00219e+01 | 53 -0.01211 -1.34864e+02 | 54 -0.00536 -3.64184e+02
 55 -0.00219 -9.26070e+01 | 56  0.00732  5.98310e+01 | 57  0.02013 -1.49229e+02
 58  0.02201 -2.54346e+02 | 59  0.01584 -3.72685e+01 | 60  0.01216 -3.25862e+00
 61  0.01188  3.07736e+01 | 62  0.01154  7.36981e+01 | 63  0.01284  8.79019e+01
 64  0.01282  1.60292e+02 | 65  0.01484 -2.06131e+01 | 66  0.01731  9.54191e+01
 67  0.01940  9.14629e+01 | 68  0.02181 -1.13622e+01 | 69  0.02558 -4.57539e+01
 70  0.02465  1.24504e+02 | 71  0.02582  9.74590e+01 | 72  0.03465  7.26419e+01
 73  0.03505  4.25354e+01 | 74  0.01028  1.01440e+02 |
1 0 21153.7
1 0 21153.4
1 0 21153.2
1 0 21153.1
1 0 21153.1
1 0 21153.1
1 0 21153
1 0 21153
1 0 21153
1 0 21153
74 variables; iteration 120; function evaluation 151; phase 1
Function value   2.1153032e+04; maximum gradient component mag  -2.2628e+01
Var   Value    Gradient   |Var   Value    Gradient   |Var   Value    Gradient
  1  0.27947  1.72718e+00 |  2  0.26199 -2.34877e+00 |  3  0.19138 -2.56690e+00
  4  0.13982 -2.40051e+00 |  5  0.10542 -2.63720e+00 |  6  0.08131 -8.15385e-02
  7  0.06286 -1.54770e+00 |  8  0.04863 -7.58959e-01 |  9  0.03736 -9.26823e-01
 10  0.02850 -9.95639e-01 | 11  0.02171 -5.80028e-01 | 12  0.01660  1.59440e-02
 13  0.01286  7.36822e-02 | 14  0.01034 -2.12988e-01 | 15  0.00908 -3.37388e-01
 16  0.12951 -7.57725e+00 | 17 -0.01349 -4.10335e+00 | 18 -0.02270 -7.61221e+00
 19 -0.01714  1.15334e+00 | 20 -0.01481  2.88344e+00 | 21 -0.01606 -1.90665e+00
 22 -0.01267  2.56221e+00 | 23 -0.00731 -2.39570e+00 | 24 -0.01136 -1.13070e+00
 25 -0.00766 -2.01619e+00 | 26 -0.00236 -9.22444e+00 | 27 -0.00406  2.15035e+00
 28 -0.00142 -9.01994e-02 | 29 -0.00195  1.21344e-01 | 30  0.00179  4.37224e+00
 31  0.00453  9.25329e+00 | 32  0.00801 -1.89908e+00 | 33  0.00757 -3.38922e+00
 34  0.00661 -1.61397e-01 | 35  0.01059  1.29336e+00 | 36  0.01207 -8.98909e-02
 37  0.00894  5.27885e-01 | 38  0.01288  3.81524e+00 | 39  0.01339 -7.28342e-01
 40  0.01357 -9.91000e-01 | 41  0.01729 -3.34482e+00 | 42  0.01679  5.65747e+00
 43  0.00685  2.00624e+00 | 44 -0.00790 -5.76241e-01 | 45  0.14848 -2.26284e+01
 46 -0.06461 -2.26183e-01 | 47 -0.05945 -7.69318e+00 | 48 -0.05582 -5.26415e+00
 49 -0.04492 -5.27007e+00 | 50 -0.03981 -6.58742e+00 | 51 -0.03613 -1.33262e+00
 52 -0.02494 -2.34497e+00 | 53 -0.01179 -3.35939e+00 | 54 -0.00452  1.23573e+01
 55 -0.00221 -4.85947e-01 | 56  0.00702  7.73584e+00 | 57  0.02032  5.83301e-02
 58  0.02254 -1.29122e+01 | 59  0.01586  3.04107e+00 | 60  0.01217  9.00881e-01
 61  0.01186 -4.35067e+00 | 62  0.01151  2.96724e+00 | 63  0.01270  3.37106e+00
 64  0.01246  1.50011e+00 | 65  0.01494  4.49663e+00 | 66  0.01708  1.45545e+00
 67  0.01917 -2.26664e+00 | 68  0.02168  3.36929e+00 | 69  0.02568  3.23674e-01
 70  0.02457  5.76061e+00 | 71  0.02575  2.93175e+00 | 72  0.03433  1.75819e+00
 73  0.03429  9.46796e-01 | 74  0.01525  1.53226e+01 |
1 0 21153
1 0 21153
1 0 21153
1 0 21153
1 0 21153
1 0 21153
1 0 21153
1 0 21153
1 0 21153
1 0 21153
74 variables; iteration 130; function evaluation 161; phase 1
Function value   2.1153009e+04; maximum gradient component mag  -4.8799e+00
Var   Value    Gradient   |Var   Value    Gradient   |Var   Value    Gradient
  1  0.27934 -1.70989e+00 |  2  0.26239 -5.17500e-01 |  3  0.19222 -2.54592e-01
  4  0.14112 -4.03489e-01 |  5  0.10709 -2.59102e-01 |  6  0.08303  5.03268e-02
  7  0.06486 -7.67316e-01 |  8  0.05089  1.84026e-01 |  9  0.03979 -3.66279e-02
 10  0.03100 -1.10249e-01 | 11  0.02414 -4.70882e-02 | 12  0.01894  1.83951e-01
 13  0.01514  2.29181e-01 | 14  0.01263  1.03047e-01 | 15  0.01138 -1.04275e-02
 16  0.12986 -2.34188e-01 | 17 -0.01305  3.58867e+00 | 18 -0.02266 -2.69161e+00
 19 -0.01711  1.81919e+00 | 20 -0.01482 -4.16036e-01 | 21 -0.01608 -6.67793e-02
 22 -0.01269 -8.89827e-01 | 23 -0.00731  1.73803e-01 | 24 -0.01136 -5.29759e-01
 25 -0.00765 -7.72599e-01 | 26 -0.00233  3.52111e+00 | 27 -0.00405  1.45234e+00
 28 -0.00141 -1.13599e+00 | 29 -0.00195 -1.90194e-01 | 30  0.00177 -4.87990e+00
 31  0.00448  4.26563e+00 | 32  0.00800  4.95115e-01 | 33  0.00757 -2.79054e+00
 34  0.00660  2.15642e+00 | 35  0.01057  1.73401e-01 | 36  0.01205 -1.97997e+00
 37  0.00892  7.34647e-01 | 38  0.01286  6.19232e-01 | 39  0.01338  2.86105e-01
 40  0.01356 -3.96858e-01 | 41  0.01728 -9.74964e-01 | 42  0.01674  2.02905e+00
 43  0.00677 -1.96048e+00 | 44 -0.00809 -4.14628e+00 | 45  0.14834 -3.73888e+00
 46 -0.06465  2.26471e+00 | 47 -0.05947  7.98702e-01 | 48 -0.05585  1.78579e+00
 49 -0.04496 -6.76050e-01 | 50 -0.03985 -8.05248e-01 | 51 -0.03617  1.77530e-01
 52 -0.02497  4.19455e-01 | 53 -0.01181 -6.19655e-01 | 54 -0.00455  1.83432e+00
 55 -0.00222 -2.75355e+00 | 56  0.00699  1.28061e+00 | 57  0.02031 -2.18495e-01
 58  0.02256  2.50117e+00 | 59  0.01583  1.68669e+00 | 60  0.01217  1.59696e+00
 61  0.01187 -3.29222e-01 | 62  0.01151 -1.69109e+00 | 63  0.01270 -2.86460e+00
 64  0.01246 -1.29781e+00 | 65  0.01494  6.75467e-01 | 66  0.01709  5.03579e-01
 67  0.01919 -1.14791e+00 | 68  0.02169  7.30479e-01 | 69  0.02572  1.62404e+00
 70  0.02458  3.10261e-01 | 71  0.02576 -4.53145e+00 | 72  0.03444 -9.41945e-01
 73  0.03442  9.82189e-02 | 74  0.01395  1.27604e+00 |
1 0 21153
1 0 21153
1 0 21153
1 0 21153
1 0 21153
1 0 21153
1 0 21153
1 0 21153

 - final statistics:
74 variables; iteration 138; function evaluation 169
Function value   2.1153e+04; maximum gradient component mag  -8.9411e-02
Exit code = 1;  converg criter   1.0000e-01
Var   Value    Gradient   |Var   Value    Gradient   |Var   Value    Gradient
  1  0.27934 -1.37833e-02 |  2  0.26237 -6.68999e-03 |  3  0.19225 -2.24001e-03
  4  0.14124  3.18019e-03 |  5  0.10725  5.09370e-03 |  6  0.08320 -1.16997e-02
  7  0.06510  5.38349e-03 |  8  0.05099  2.97710e-03 |  9  0.03982 -3.75088e-04
 10  0.03096 -6.74544e-04 | 11  0.02399 -9.91395e-04 | 12  0.01866 -3.54928e-04
 13  0.01480 -2.84454e-04 | 14  0.01228 -6.29236e-04 | 15  0.01103 -1.33007e-03
 16  0.12988 -1.87497e-02 | 17 -0.01306  1.32923e-02 | 18 -0.02266  2.45878e-02
 19 -0.01712 -7.19737e-03 | 20 -0.01482 -1.65941e-02 | 21 -0.01608 -7.36627e-03
 22 -0.01269 -1.48821e-02 | 23 -0.00732  1.76989e-02 | 24 -0.01136  1.99108e-03
 25 -0.00766 -3.87954e-02 | 26 -0.00235  5.15960e-03 | 27 -0.00405 -1.50221e-02
 28 -0.00141 -2.91657e-04 | 29 -0.00195  2.22995e-02 | 30  0.00177 -8.94105e-02
 31  0.00447  4.13646e-02 | 32  0.00799  5.71251e-03 | 33  0.00757  8.53215e-03
 34  0.00659  3.02319e-02 | 35  0.01057 -7.10778e-03 | 36  0.01205 -1.66813e-02
 37  0.00891  4.93955e-03 | 38  0.01286 -6.57197e-04 | 39  0.01338  1.98024e-02
 40  0.01356  1.59882e-02 | 41  0.01728 -4.37474e-04 | 42  0.01674  1.55066e-02
 43  0.00680  1.48665e-02 | 44 -0.00802 -3.00342e-02 | 45  0.14833 -3.83745e-02
 46 -0.06465 -5.03433e-03 | 47 -0.05947 -1.16011e-02 | 48 -0.05586  9.19031e-03
 49 -0.04496 -1.69397e-02 | 50 -0.03984  6.04143e-05 | 51 -0.03617 -1.13175e-02
 52 -0.02497 -1.28599e-02 | 53 -0.01180 -3.22467e-02 | 54 -0.00455 -5.67891e-03
 55 -0.00221 -8.84713e-03 | 56  0.00699 -6.61527e-03 | 57  0.02031 -2.31537e-02
 58  0.02257  3.53253e-02 | 59  0.01583  8.37804e-03 | 60  0.01216  1.36196e-02
 61  0.01188  3.90204e-02 | 62  0.01152 -9.59036e-03 | 63  0.01270 -3.97769e-02
 64  0.01247 -6.77907e-03 | 65  0.01494  1.60617e-02 | 66  0.01709  4.23459e-02
 67  0.01919  4.41216e-02 | 68  0.02169  5.04807e-03 | 69  0.02572 -9.97491e-03
 70  0.02458  7.35035e-04 | 71  0.02576 -1.49551e-02 | 72  0.03440  1.83239e-03
 73  0.03440  3.03308e-03 | 74  0.01392  1.35267e-02 |
1 0 21153
B076905.7
0.3 0.541286
0.463959 0.443812
0.588316 0.394839
0.663686 0.371589
0.704623 0.360489
0.72574 0.355125
0.736368 0.352512
0.741653 0.351233
0.744267 0.350606
0.745555 0.350298
0.74619 0.350146
0.746502 0.350072
0.746656 0.350035
0.746731 0.350017
0.746768 0.350009
0.746787 0.350004
0.746796 0.350002
0.7468 0.350001
0.746802 0.350001
0.746803 0.35
0.746804 0.35
2 0 21153

Initial statistics: 78 variables; iteration 0; function evaluation 0; phase 2
Function value   2.1153009e+04; maximum gradient component mag   5.5634e+03
Var   Value    Gradient   |Var   Value    Gradient   |Var   Value    Gradient
  1 -0.80461 -3.56256e+02 |  2 -0.45182 -1.35252e+02 |  3  0.27934 -1.37833e-02
  4  0.26237 -6.68999e-03 |  5  0.19225 -2.24001e-03 |  6  0.14124  3.18019e-03
  7  0.10725  5.09370e-03 |  8  0.08320 -1.16997e-02 |  9  0.06510  5.38349e-03
 10  0.05099  2.97710e-03 | 11  0.03982 -3.75088e-04 | 12  0.03096 -6.74544e-04
 13  0.02399 -9.91395e-04 | 14  0.01866 -3.54928e-04 | 15  0.01480 -2.84454e-04
 16  0.01228 -6.29236e-04 | 17  0.01103 -1.33007e-03 | 18  0.12988 -1.87497e-02
 19 -0.01306  1.33812e-02 | 20 -0.02266  2.46766e-02 | 21 -0.01712 -7.10854e-03
 22 -0.01482 -1.65053e-02 | 23 -0.01608 -7.27744e-03 | 24 -0.01269 -1.47933e-02
 25 -0.00732  1.77878e-02 | 26 -0.01136  2.07992e-03 | 27 -0.00766 -3.87065e-02
 28 -0.00235  5.24845e-03 | 29 -0.00405 -1.49332e-02 | 30 -0.00141 -2.02803e-04
 31 -0.00195  2.23884e-02 | 32  0.00177 -8.93217e-02 | 33  0.00447  4.14534e-02
 34  0.00799  5.80136e-03 | 35  0.00757  8.62099e-03 | 36  0.00659  3.03207e-02
 37  0.01057 -7.01894e-03 | 38  0.01205 -1.65924e-02 | 39  0.00891  5.02840e-03
 40  0.01286 -5.68361e-04 | 41  0.01338  1.98912e-02 | 42  0.01356  1.60770e-02
 43  0.01728 -3.48652e-04 | 44  0.01674  1.55954e-02 | 45  0.00680  1.49554e-02
 46 -0.00802 -2.99453e-02 | 47  0.14833 -3.83745e-02 | 48 -0.06465 -5.15245e-03
 49 -0.05947 -1.17193e-02 | 50 -0.05586  9.07204e-03 | 51 -0.04496 -1.70581e-02
 52 -0.03984 -5.80845e-05 | 53 -0.03617 -1.14361e-02 | 54 -0.02497 -1.29785e-02
 55 -0.01180 -3.23654e-02 | 56 -0.00455 -5.79764e-03 | 57 -0.00221 -8.96586e-03
 58  0.00699 -6.73400e-03 | 59  0.02031 -2.32724e-02 | 60  0.02257  3.52066e-02
 61  0.01583  8.25935e-03 | 62  0.01216  1.35009e-02 | 63  0.01188  3.89017e-02
 64  0.01152 -9.70907e-03 | 65  0.01270 -3.98956e-02 | 66  0.01247 -6.89778e-03
 67  0.01494  1.59430e-02 | 68  0.01709  4.22272e-02 | 69  0.01919  4.40029e-02
 70  0.02169  4.92941e-03 | 71  0.02572 -1.00935e-02 | 72  0.02458  6.16392e-04
 73  0.02576 -1.50738e-02 | 74  0.03440  1.71383e-03 | 75  0.03440  2.91452e-03
 76  0.01392  1.35267e-02 | 77 -0.55281  5.56345e+03 | 78 -0.43605 -1.30791e+03
2 0 21153
2 0 21152.8
2 0 21150.9
2 0 21141
2 0 21195
2 0 21139.2
2 0 21135.6
2 0 21119.7
2 0 21095.4
2 0 21101.5
2 0 21084.4
2 0 21067
2 0 21045.9
2 0 21039.9
2 0 21048.3
2 0 21038.1
2 0 21036.1

Intermediate statistics: 78 variables; iteration 10; function evaluation 17; phase 2
Function value   2.1036143e+04; maximum gradient component mag  -1.4609e+04
Var   Value    Gradient   |Var   Value    Gradient   |Var   Value    Gradient
  1 -0.75569 -3.75192e+02 |  2 -0.44082  1.07036e+02 |  3  0.27967 -8.60945e+01
  4  0.26530 -1.14307e+02 |  5  0.19011 -7.35174e+00 |  6  0.13985  1.27771e+01
  7  0.10652  7.73589e+00 |  8  0.08277  4.10773e+00 |  9  0.06480  2.43378e+00
 10  0.05077  1.60652e+00 | 11  0.03965  1.14792e+00 | 12  0.03081  8.74881e-01
 13  0.02387  7.04825e-01 | 14  0.01856  5.95796e-01 | 15  0.01470  5.26457e-01
 16  0.01218  4.84188e-01 | 17  0.01094  4.69645e-01 | 18  0.09625  2.75030e+03
 19 -0.00934 -1.28643e+01 | 20 -0.02335 -4.27425e+02 | 21 -0.01767  1.58961e+01
 22 -0.01499 -5.30529e+01 | 23 -0.01689 -8.00597e+02 | 24 -0.01288 -1.89618e+02
 25 -0.00606  6.72685e+02 | 26 -0.01236 -1.68192e+03 | 27 -0.00614  5.74794e+02
 28 -0.00082  1.01761e+03 | 29 -0.00354 -4.08359e+02 | 30 -0.00092 -4.33605e+02
 31 -0.00101  8.18047e+02 | 32  0.00024 -3.27574e+02 | 33  0.00257 -4.66880e+02
 34  0.00665 -1.23285e+00 | 35  0.00656  9.54744e+01 | 36  0.00643  3.98320e+02
 37  0.00993  7.00914e+01 | 38  0.01140 -4.82340e+01 | 39  0.00912  3.63798e+02
 40  0.01289  3.21962e+02 | 41  0.01351  2.89489e+02 | 42  0.01330 -1.37173e+02
 43  0.01719  6.36452e+02 | 44  0.01610  2.26719e+02 | 45  0.00815  7.23675e+02
 46 -0.00810 -1.25098e+03 | 47  0.14405 -1.46092e+04 | 48 -0.06661 -7.68016e+01
 49 -0.06196 -5.51092e+02 | 50 -0.05769 -4.70025e+02 | 51 -0.04613 -1.63259e+02
 52 -0.04093 -8.76691e+01 | 53 -0.03757 -5.38710e+02 | 54 -0.02507  7.21239e+02
 55 -0.01122  8.41558e+02 | 56 -0.00512 -5.05515e+02 | 57 -0.00287 -3.54327e+02
 58  0.00745  4.05103e+02 | 59  0.02047 -1.66402e+02 | 60  0.02326 -9.82463e+01
 61  0.01678  3.85397e+02 | 62  0.01311  2.86101e+02 | 63  0.01250  1.55074e+02
 64  0.01191 -1.20205e+02 | 65  0.01374 -3.45171e+01 | 66  0.01355  2.33426e+02
 67  0.01575  8.03990e+01 | 68  0.01810 -1.21330e+02 | 69  0.01996 -1.74739e+02
 70  0.02311  2.76521e+02 | 71  0.02737  8.73244e+01 | 72  0.02563 -1.96019e+02
 73  0.02492 -6.81773e+02 | 74  0.03475  4.78086e+02 | 75  0.03294  7.13578e+02
 76 -0.01960  1.99493e+03 | 77 -0.61488 -6.33507e+03 | 78 -0.53679  2.19404e+03
2 0 21034.1
2 0 21031.1
2 0 21027.9
2 0 21022.3
2 0 21011.6
2 0 21004.6
2 0 21001.6
2 0 21329.7
2 0 21001.2
2 0 21000.8
2 0 21000.3
2 0 20999.9
78 variables; iteration 20; function evaluation 29; phase 2
Function value   2.0999930e+04; maximum gradient component mag  -1.4376e+04
Var   Value    Gradient   |Var   Value    Gradient   |Var   Value    Gradient
  1 -0.64746 -5.18807e+01 |  2 -0.45345  3.39610e+02 |  3  0.27162 -1.12567e+03
  4  0.27030 -1.30624e+02 |  5  0.18690 -6.77848e+01 |  6  0.13480 -2.68976e+01
  7  0.10330 -7.66580e+00 |  8  0.08089 -5.50624e+00 |  9  0.06361 -5.49952e+00
 10  0.04994 -5.17738e+00 | 11  0.03902 -4.72505e+00 | 12  0.03031 -4.31062e+00
 13  0.02344 -3.97675e+00 | 14  0.01818 -3.72874e+00 | 15  0.01436 -3.56194e+00
 16  0.01186 -3.46488e+00 | 17  0.01063 -3.38145e+00 | 18  0.08892  2.30188e+03
 19 -0.01491  7.55346e+02 | 20 -0.02552 -1.56254e+03 | 21 -0.01688 -2.25925e+02
 22 -0.01237  2.63757e+02 | 23 -0.01487 -4.90943e+02 | 24 -0.01199 -9.83429e+01
 25 -0.00546  7.80064e+02 | 26 -0.01239 -1.82899e+03 | 27 -0.00582  9.19419e+02
 28 -0.00165  8.71270e+02 | 29 -0.00476 -9.06464e+02 | 30 -0.00021 -1.64148e+02
 31 -0.00086  6.79166e+02 | 32  0.00034 -2.44322e+02 | 33  0.00272 -5.29263e+02
 34  0.00779  2.74437e+02 | 35  0.00772  1.97796e+02 | 36  0.00794  4.96545e+02
 37  0.01127  2.03441e+02 | 38  0.01204 -5.94806e+01 | 39  0.00965  3.22819e+02
 40  0.01314  3.23905e+02 | 41  0.01325  1.22406e+02 | 42  0.01366 -9.78906e+01
 43  0.01748  5.00389e+02 | 44  0.01576 -5.64692e+01 | 45  0.00672  5.18366e+02
 46 -0.01193 -1.06256e+03 | 47  0.14874 -1.43760e+04 | 48 -0.06743 -6.66153e+02
 49 -0.06232 -7.47246e+02 | 50 -0.05606 -1.26590e+02 | 51 -0.04423  2.96199e+02
 52 -0.03972  1.90910e+02 | 53 -0.03704 -5.37439e+02 | 54 -0.02449  9.52934e+02
 55 -0.01061  1.06657e+03 | 56 -0.00499 -5.28155e+02 | 57 -0.00392 -4.90659e+02
 58  0.00711  4.51112e+02 | 59  0.02111  3.45271e+02 | 60  0.02325  6.42132e+01
 61  0.01590  1.25665e+02 | 62  0.01264 -1.08403e+01 | 63  0.01182 -7.84746e+01
 64  0.01162 -1.57839e+02 | 65  0.01385  2.13815e+01 | 66  0.01297  1.71461e+02
 67  0.01521  8.93971e+01 | 68  0.01779 -1.00835e+02 | 69  0.01890 -2.37483e+02
 70  0.02198  1.89671e+02 | 71  0.02679  2.21549e+02 | 72  0.02523  5.75033e+01
 73  0.02549 -3.60930e+02 | 74  0.03801  5.78713e+02 | 75  0.03298  7.26654e+02
 76  0.01914  2.25363e+03 | 77 -0.62227 -7.16627e+03 | 78 -0.55841  2.23489e+03
2 0 21000.2
2 0 20999.7
2 0 20999.7
2 0 20999.7
2 0 20999.5
2 0 20999.6
2 0 20999.5
2 0 20999.5
2 0 20999.5
2 0 20999.5
2 0 20999.4
2 0 20999.4
2 0 20999.5
2 0 20999.4
78 variables; iteration 30; function evaluation 43; phase 2
Function value   2.0999476e+04; maximum gradient component mag  -1.4769e+04
Var   Value    Gradient   |Var   Value    Gradient   |Var   Value    Gradient
  1 -0.64635  1.16274e+01 |  2 -0.46076  3.21939e+02 |  3  0.27145 -1.16693e+03
  4  0.27153 -1.19696e+02 |  5  0.18717 -6.94528e+01 |  6  0.13413 -3.13122e+01
  7  0.10246 -9.99487e+00 |  8  0.08026 -6.19193e+00 |  9  0.06321 -5.58811e+00
 10  0.04967 -5.22759e+00 | 11  0.03883 -4.81025e+00 | 12  0.03017 -4.40990e+00
 13  0.02333 -4.07690e+00 | 14  0.01809 -3.82576e+00 | 15  0.01427 -3.65525e+00
 16  0.01178 -3.55474e+00 | 17  0.01055 -3.46689e+00 | 18  0.08888  2.28683e+03
 19 -0.01479  8.15706e+02 | 20 -0.02574 -1.61917e+03 | 21 -0.01712 -3.52748e+02
 22 -0.01240  2.99051e+02 | 23 -0.01477 -4.41038e+02 | 24 -0.01172 -7.55498e+01
 25 -0.00530  7.99682e+02 | 26 -0.01241 -1.77095e+03 | 27 -0.00636  7.54357e+02
 28 -0.00194  8.43184e+02 | 29 -0.00499 -8.76412e+02 | 30 -0.00038 -2.26847e+02
 31 -0.00081  7.64529e+02 | 32  0.00041 -1.79239e+02 | 33  0.00258 -5.82352e+02
 34  0.00767  2.16808e+02 | 35  0.00785  2.47304e+02 | 36  0.00828  5.66018e+02
 37  0.01149  2.22630e+02 | 38  0.01222  1.91764e+01 | 39  0.00964  3.20842e+02
 40  0.01305  3.15291e+02 | 41  0.01317  1.20497e+02 | 42  0.01354 -1.38307e+02
 43  0.01741  5.08102e+02 | 44  0.01563 -7.93266e+01 | 45  0.00679  5.41076e+02
 46 -0.01113 -1.09020e+03 | 47  0.14880 -1.47689e+04 | 48 -0.06757 -7.36182e+02
 49 -0.06227 -7.06438e+02 | 50 -0.05605 -1.05989e+02 | 51 -0.04457  1.77605e+02
 52 -0.03954  2.35113e+02 | 53 -0.03689 -5.07288e+02 | 54 -0.02416  1.00676e+03
 55 -0.01073  1.04796e+03 | 56 -0.00477 -4.04118e+02 | 57 -0.00425 -5.77273e+02
 58  0.00718  4.84328e+02 | 59  0.02094  2.65914e+02 | 60  0.02324 -3.46634e+01
 61  0.01581  6.05876e+01 | 62  0.01263  4.74255e-01 | 63  0.01170 -1.00930e+02
 64  0.01170 -1.48277e+02 | 65  0.01401  6.20730e+01 | 66  0.01308  1.71522e+02
 67  0.01521  5.37366e+01 | 68  0.01776 -1.31091e+02 | 69  0.01886 -2.63563e+02
 70  0.02200  2.06205e+02 | 71  0.02682  2.50166e+02 | 72  0.02525  7.16803e+01
 73  0.02526 -3.98544e+02 | 74  0.03694  4.73784e+02 | 75  0.03378  7.45852e+02
 76  0.01993  2.29223e+03 | 77 -0.62283 -7.22403e+03 | 78 -0.55966  2.23961e+03
2 0 20999.4
2 0 20999.4
2 0 20999.4
2 0 20999.4
2 0 20999.4
2 0 20999.4
2 0 20999.4
2 0 20999.4
2 0 20999.4
2 0 20999.4
2 0 20999.4
2 0 20999.4
78 variables; iteration 40; function evaluation 55; phase 2
Function value   2.0999415e+04; maximum gradient component mag  -1.4786e+04
Var   Value    Gradient   |Var   Value    Gradient   |Var   Value    Gradient
  1 -0.64649  1.12192e+01 |  2 -0.46129  3.21915e+02 |  3  0.27127 -1.17629e+03
  4  0.27099 -1.33048e+02 |  5  0.18559 -7.90972e+01 |  6  0.13231 -3.49138e+01
  7  0.10049 -1.29270e+01 |  8  0.07847 -8.14225e+00 |  9  0.06182 -6.37780e+00
 10  0.04869 -5.41027e+00 | 11  0.03813 -4.92017e+00 | 12  0.02963 -4.58877e+00
 13  0.02290 -4.30432e+00 | 14  0.01772 -4.07247e+00 | 15  0.01394 -3.90817e+00
 16  0.01148 -3.80940e+00 | 17  0.01026 -3.72255e+00 | 18  0.08882  2.28804e+03
 19 -0.01517  8.34287e+02 | 20 -0.02571 -1.62424e+03 | 21 -0.01710 -3.46296e+02
 22 -0.01241  2.97414e+02 | 23 -0.01477 -4.39511e+02 | 24 -0.01170 -6.72142e+01
 25 -0.00529  8.02977e+02 | 26 -0.01235 -1.76190e+03 | 27 -0.00631  7.66165e+02
 28 -0.00193  8.47996e+02 | 29 -0.00494 -8.52260e+02 | 30 -0.00037 -2.30521e+02
 31 -0.00082  7.55908e+02 | 32  0.00045 -1.60475e+02 | 33  0.00261 -5.76881e+02
 34  0.00773  2.39148e+02 | 35  0.00786  2.49473e+02 | 36  0.00828  5.67602e+02
 37  0.01151  2.26655e+02 | 38  0.01227  3.59762e+01 | 39  0.00964  3.16597e+02
 40  0.01306  3.32736e+02 | 41  0.01315  1.16499e+02 | 42  0.01355 -1.29835e+02
 43  0.01742  5.12229e+02 | 44  0.01565 -6.86570e+01 | 45  0.00683  5.38691e+02
 46 -0.01098 -1.07442e+03 | 47  0.14877 -1.47857e+04 | 48 -0.06754 -7.42016e+02
 49 -0.06225 -7.11265e+02 | 50 -0.05604 -1.10128e+02 | 51 -0.04459  1.65567e+02
 52 -0.03949  2.46381e+02 | 53 -0.03693 -5.21114e+02 | 54 -0.02416  1.00465e+03
 55 -0.01064  1.07516e+03 | 56 -0.00479 -4.11286e+02 | 57 -0.00426 -5.90809e+02
 58  0.00722  4.87307e+02 | 59  0.02094  2.71855e+02 | 60  0.02328 -2.10636e+01
 61  0.01582  6.13592e+01 | 62  0.01266  2.25403e+00 | 63  0.01172 -9.86680e+01
 64  0.01171 -1.46064e+02 | 65  0.01401  6.32130e+01 | 66  0.01311  1.76889e+02
 67  0.01524  6.30159e+01 | 68  0.01777 -1.33378e+02 | 69  0.01886 -2.67831e+02
 70  0.02200  2.04964e+02 | 71  0.02683  2.50440e+02 | 72  0.02526  7.06150e+01
 73  0.02524 -3.97373e+02 | 74  0.03685  4.75369e+02 | 75  0.03360  7.46703e+02
 76  0.01990  2.29871e+03 | 77 -0.62287 -7.22405e+03 | 78 -0.55974  2.23846e+03
2 0 20999.4
2 0 20999.4
2 0 20999.4
2 0 20999.3
2 0 20999.4
2 0 20999.3
2 0 20999.3
2 0 20999.3
2 0 20999.3
2 0 20999.3
2 0 20999.3
2 0 20999.3
2 0 20999.2
78 variables; iteration 50; function evaluation 68; phase 2
Function value   2.0999272e+04; maximum gradient component mag  -1.4770e+04
Var   Value    Gradient   |Var   Value    Gradient   |Var   Value    Gradient
  1 -0.64647  9.67435e+00 |  2 -0.46105  3.22523e+02 |  3  0.27150 -1.17224e+03
  4  0.27152 -1.29021e+02 |  5  0.18718 -7.32525e+01 |  6  0.13423 -1.29314e+01
  7  0.09645 -2.88888e+01 |  8  0.07286 -1.31923e+01 |  9  0.05582 -1.01346e+01
 10  0.04322 -7.69866e+00 | 11  0.03376 -5.18492e+00 | 12  0.02638 -3.65917e+00
 13  0.02046 -3.32913e+00 | 14  0.01578 -3.41327e+00 | 15  0.01230 -3.49463e+00
 16  0.00999 -3.51994e+00 | 17  0.00885 -3.48267e+00 | 18  0.08883  2.28879e+03
 19 -0.01500  8.17688e+02 | 20 -0.02564 -1.59636e+03 | 21 -0.01712 -3.49559e+02
 22 -0.01244  2.83496e+02 | 23 -0.01476 -4.43512e+02 | 24 -0.01172 -7.82549e+01
 25 -0.00530  7.96656e+02 | 26 -0.01234 -1.75022e+03 | 27 -0.00635  7.49291e+02
 28 -0.00196  8.49763e+02 | 29 -0.00499 -8.81525e+02 | 30 -0.00032 -2.00959e+02
 31 -0.00086  7.38546e+02 | 32  0.00043 -1.63597e+02 | 33  0.00262 -5.74078e+02
 34  0.00774  2.41060e+02 | 35  0.00781  2.27410e+02 | 36  0.00824  5.66998e+02
 37  0.01146  2.14188e+02 | 38  0.01228  3.72099e+01 | 39  0.00961  3.16744e+02
 40  0.01304  3.26125e+02 | 41  0.01317  1.23643e+02 | 42  0.01352 -1.51479e+02
 43  0.01746  5.29172e+02 | 44  0.01565 -7.28870e+01 | 45  0.00680  5.33598e+02
 46 -0.01103 -1.07997e+03 | 47  0.14882 -1.47699e+04 | 48 -0.06753 -7.50632e+02
 49 -0.06227 -7.22761e+02 | 50 -0.05613 -1.31991e+02 | 51 -0.04458  1.74567e+02
 52 -0.03952  2.46923e+02 | 53 -0.03693 -5.06914e+02 | 54 -0.02419  1.00325e+03
 55 -0.01065  1.08279e+03 | 56 -0.00480 -4.02785e+02 | 57 -0.00432 -5.84443e+02
 58  0.00724  5.01809e+02 | 59  0.02091  2.68960e+02 | 60  0.02324 -2.08076e+01
 61  0.01577  5.50330e+01 | 62  0.01269  1.07262e+01 | 63  0.01167 -1.00638e+02
 64  0.01173 -1.31280e+02 | 65  0.01391  4.57288e+01 | 66  0.01312  1.88280e+02
 67  0.01522  6.06192e+01 | 68  0.01769 -1.51552e+02 | 69  0.01883 -2.76246e+02
 70  0.02198  2.10736e+02 | 71  0.02680  2.54475e+02 | 72  0.02525  6.99449e+01
 73  0.02521 -4.03932e+02 | 74  0.03687  4.74313e+02 | 75  0.03421  7.49309e+02
 76  0.01999  2.29737e+03 | 77 -0.62287 -7.22762e+03 | 78 -0.55976  2.23949e+03
2 0 20999.3
2 0 20999.2
2 0 20999.2
2 0 20999.2
2 0 20999.1
2 0 20999.2
2 0 20999.1
2 0 20999.1
2 0 20999.1
2 0 20999.1
2 0 20999
2 0 20999
2 0 20998.9
2 0 20999
2 0 20998.9
78 variables; iteration 60; function evaluation 83; phase 2
Function value   2.0998901e+04; maximum gradient component mag  -1.4717e+04
Var   Value    Gradient   |Var   Value    Gradient   |Var   Value    Gradient
  1 -0.64649  1.26171e+01 |  2 -0.46168  3.20648e+02 |  3  0.27183 -1.15334e+03
  4  0.27230 -1.11825e+02 |  5  0.18754 -7.27096e+01 |  6  0.13430 -2.58665e+01
  7  0.10018  1.91868e+00 |  8  0.07119 -2.96554e-01 |  9  0.04476 -3.08540e+01
 10  0.02872 -1.89591e+01 | 11  0.01895 -1.23352e+01 | 12  0.01324 -6.97970e+00
 13  0.00988 -2.82276e+00 | 14  0.00754 -1.11333e+00 | 15  0.00567 -1.27247e+00
 16  0.00429 -1.87765e+00 | 17  0.00355 -2.19785e+00 | 18  0.08884  2.27335e+03
 19 -0.01490  7.70651e+02 | 20 -0.02555 -1.56623e+03 | 21 -0.01712 -3.43829e+02
 22 -0.01248  2.73624e+02 | 23 -0.01475 -4.33460e+02 | 24 -0.01169 -7.93448e+01
 25 -0.00529  7.97460e+02 | 26 -0.01229 -1.72798e+03 | 27 -0.00631  7.49152e+02
 28 -0.00199  8.48626e+02 | 29 -0.00509 -8.84164e+02 | 30 -0.00033 -1.95328e+02
 31 -0.00087  7.39857e+02 | 32  0.00040 -1.81933e+02 | 33  0.00265 -5.61895e+02
 34  0.00768  2.29822e+02 | 35  0.00773  2.24143e+02 | 36  0.00814  5.53264e+02
 37  0.01145  2.11374e+02 | 38  0.01224  2.39213e+01 | 39  0.00961  3.16188e+02
 40  0.01310  3.26027e+02 | 41  0.01330  2.07887e+02 | 42  0.01334 -2.00705e+02
 43  0.01742  4.88227e+02 | 44  0.01580 -1.25515e+01 | 45  0.00676  5.10167e+02
 46 -0.01097 -1.07119e+03 | 47  0.14881 -1.47175e+04 | 48 -0.06740 -7.33184e+02
 49 -0.06223 -7.20286e+02 | 50 -0.05609 -1.22312e+02 | 51 -0.04460  1.68397e+02
 52 -0.03942  2.76992e+02 | 53 -0.03689 -4.90824e+02 | 54 -0.02419  9.97440e+02
 55 -0.01057  1.10656e+03 | 56 -0.00466 -3.65979e+02 | 57 -0.00439 -6.12718e+02
 58  0.00722  4.77440e+02 | 59  0.02095  2.57547e+02 | 60  0.02322 -3.39803e+01
 61  0.01589  7.70665e+01 | 62  0.01268  3.94887e+00 | 63  0.01176 -8.86569e+01
 64  0.01159 -1.80757e+02 | 65  0.01398  5.40938e+01 | 66  0.01312  1.88294e+02
 67  0.01524  6.97075e+01 | 68  0.01768 -1.46009e+02 | 69  0.01899 -2.80566e+02
 70  0.02188  1.33880e+02 | 71  0.02671  2.36243e+02 | 72  0.02540  1.02223e+02
 73  0.02525 -4.03314e+02 | 74  0.03677  4.67584e+02 | 75  0.03349  7.41992e+02
 76  0.02019  2.28015e+03 | 77 -0.62288 -7.20007e+03 | 78 -0.55980  2.23301e+03
2 0 20998.8
2 0 20998.8
2 0 20998.7
2 0 20998.8
2 0 20998.7
2 0 20998.6
2 0 20998.5
2 0 20998.6
2 0 20998.5
2 0 20998.4
2 0 20997.9
2 0 20998.4
2 0 20997.7
2 0 20997.5
78 variables; iteration 70; function evaluation 97; phase 2
Function value   2.0997566e+04; maximum gradient component mag  -1.4391e+04
Var   Value    Gradient   |Var   Value    Gradient   |Var   Value    Gradient
  1 -0.64637  1.50595e+01 |  2 -0.46233  3.15987e+02 |  3  0.27279 -1.05905e+03
  4  0.27400 -3.44436e+01 |  5  0.18948 -5.50801e+01 |  6  0.13564 -1.84807e+01
  7  0.10014  7.43924e+00 |  8  0.06869 -2.88704e+00 |  9  0.04079 -2.10249e+01
 10  0.02041 -4.52292e+01 | 11  0.01423  5.07394e+01 | 12 -0.00674 -2.10322e+01
 13 -0.02116 -2.80971e+01 | 14 -0.02700 -1.49197e+01 | 15 -0.02824 -7.58562e+00
 16 -0.02710 -5.22569e-01 | 17 -0.02570  4.96472e+00 | 18  0.08890  2.20916e+03
 19 -0.01465  5.66310e+02 | 20 -0.02551 -1.48119e+03 | 21 -0.01713 -3.19501e+02
 22 -0.01238  3.03786e+02 | 23 -0.01469 -3.79624e+02 | 24 -0.01181 -1.15508e+02
 25 -0.00548  7.54884e+02 | 26 -0.01249 -1.70752e+03 | 27 -0.00652  6.93279e+02
 28 -0.00194  8.44902e+02 | 29 -0.00490 -8.21118e+02 | 30 -0.00038 -1.98989e+02
 31 -0.00090  7.29385e+02 | 32  0.00059 -1.44284e+02 | 33  0.00289 -4.95581e+02
 34  0.00762  2.09622e+02 | 35  0.00778  2.49167e+02 | 36  0.00794  4.58810e+02
 37  0.01161  2.91516e+02 | 38  0.01240  4.97682e+01 | 39  0.00933  2.56200e+02
 40  0.01306  3.31671e+02 | 41  0.01333  2.06120e+02 | 42  0.01326 -2.09372e+02
 43  0.01741  4.93535e+02 | 44  0.01578 -1.12914e+01 | 45  0.00683  5.15226e+02
 46 -0.01103 -1.05547e+03 | 47  0.14895 -1.43910e+04 | 48 -0.06742 -7.10120e+02
 49 -0.06238 -7.36858e+02 | 50 -0.05601 -8.60503e+01 | 51 -0.04457  1.60966e+02
 52 -0.03942  2.73721e+02 | 53 -0.03679 -4.49900e+02 | 54 -0.02426  9.72093e+02
 55 -0.01074  1.06372e+03 | 56 -0.00480 -3.69576e+02 | 57 -0.00423 -5.67396e+02
 58  0.00724  4.82177e+02 | 59  0.02076  2.11621e+02 | 60  0.02311 -5.61100e+01
 61  0.01620  1.42747e+02 | 62  0.01246 -5.71038e+01 | 63  0.01182 -7.75646e+01
 64  0.01158 -1.39161e+02 | 65  0.01366 -8.42904e+00 | 66  0.01346  2.64848e+02
 67  0.01516  5.51525e+01 | 68  0.01732 -2.25750e+02 | 69  0.01924 -2.07158e+02
 70  0.02157  6.66746e+01 | 71  0.02684  2.79779e+02 | 72  0.02504  9.60996e+00
 73  0.02545 -3.45679e+02 | 74  0.03664  4.34743e+02 | 75  0.03432  7.29192e+02
 76  0.02084  2.20419e+03 | 77 -0.62273 -7.07290e+03 | 78 -0.55973  2.20534e+03
2 0 20997.2
2 0 20998.3
2 0 20997.1
2 0 20997
2 0 20996.4
2 0 20997.8
2 0 20996.2
2 0 20995.9
2 0 20995.6
2 0 20995
2 0 20993.9
2 0 20983.5
2 0 21033.6
2 0 20981.8
2 0 20978.3
2 0 20953.5
78 variables; iteration 80; function evaluation 113; phase 2
Function value   2.0953505e+04; maximum gradient component mag  -4.9161e+03
Var   Value    Gradient   |Var   Value    Gradient   |Var   Value    Gradient
  1 -0.64735  2.47811e+01 |  2 -0.49564  1.59863e+02 |  3  0.27993 -2.49481e+02
  4  0.26975  2.73813e+01 |  5  0.18617 -1.43127e+01 |  6  0.13023 -1.26820e+01
  7  0.09537  5.28780e-01 |  8  0.06958  4.61581e+00 |  9  0.04743 -2.54353e+00
 10  0.02898 -1.25051e+01 | 11  0.01618  8.71605e-01 | 12  0.00449 -6.91127e+00
 13 -0.00410  7.39767e+00 | 14 -0.01408 -1.29024e+01 | 15 -0.01953 -6.51390e+00
 16 -0.02244  1.93542e+01 | 17 -0.03064 -2.57705e+01 | 18  0.08944  9.21079e+02
 19 -0.01478 -2.72944e+00 | 20 -0.02318 -4.56921e+02 | 21 -0.01675 -1.93296e+02
 22 -0.01304  1.76920e+02 | 23 -0.01456  1.70572e+02 | 24 -0.01197  3.11539e+01
 25 -0.00665 -3.90971e+00 | 26 -0.01108 -1.69108e+02 | 27 -0.00796 -1.51847e+02
 28 -0.00272  1.20656e+02 | 29 -0.00455 -2.63436e+02 | 30 -0.00109 -9.30753e+01
 31 -0.00182  2.98756e+02 | 32  0.00123  1.01890e+02 | 33  0.00401 -1.55767e+02
 34  0.00816 -1.52872e+01 | 35  0.00798  1.74671e+02 | 36  0.00755  1.99624e+02
 37  0.01144  2.19432e+02 | 38  0.01253  1.19122e+02 | 39  0.00931  3.23278e+01
 40  0.01277  4.08472e+01 | 41  0.01300  1.98818e+01 | 42  0.01342 -5.27834e+01
 43  0.01726  2.12363e+02 | 44  0.01622  7.35402e+01 | 45  0.00593 -9.16677e+01
 46 -0.01065 -3.17623e+02 | 47  0.15154 -4.91615e+03 | 48 -0.06519 -1.62896e+01
 49 -0.06077 -2.06257e+02 | 50 -0.05554  3.12643e+02 | 51 -0.04489  1.55238e+02
 52 -0.03980  9.00258e+01 | 53 -0.03626  3.84686e+01 | 54 -0.02547  1.94810e+02
 55 -0.01209  3.18918e+02 | 56 -0.00468  2.13119e+02 | 57 -0.00351 -2.10920e+02
 58  0.00657  2.30129e+02 | 59  0.01970  6.97906e+01 | 60  0.02211 -2.04015e+02
 61  0.01544 -2.37987e+02 | 62  0.01232 -5.89355e+01 | 63  0.01134 -5.01502e+01
 64  0.01110 -5.58293e+01 | 65  0.01275 -7.35924e+01 | 66  0.01189 -1.69922e+02
 67  0.01432 -1.52545e+02 | 68  0.01687 -9.31893e+01 | 69  0.01827 -1.59337e+02
 70  0.02074 -8.07939e+01 | 71  0.02530 -6.91520e+01 | 72  0.02390 -2.72154e+02
 73  0.02511 -1.56493e+02 | 74  0.03584  1.01391e+02 | 75  0.04399  2.78997e+02
 76  0.03364  6.69577e+02 | 77 -0.62269 -3.09665e+03 | 78 -0.57144  1.02480e+03
2 0 20948.5
2 0 20943.7
2 0 20943.6
2 0 20942.6
2 0 20942.2
2 0 20942
2 0 20941.9
2 0 20941.9
2 0 20941.8
2 0 20941.8
2 0 20941.8
78 variables; iteration 90; function evaluation 124; phase 2
Function value   2.0941757e+04; maximum gradient component mag   2.4465e+02
Var   Value    Gradient   |Var   Value    Gradient   |Var   Value    Gradient
  1 -0.64891 -1.57997e+00 |  2 -0.53598  3.18730e+00 |  3  0.28394  1.14691e+01
  4  0.26746  1.28774e+01 |  5  0.18457  2.67259e+00 |  6  0.12941  1.00148e+00
  7  0.09421  6.09431e-01 |  8  0.06978  4.24354e-01 |  9  0.05154  3.57983e-01
 10  0.03736  3.43620e-01 | 11  0.02608 -2.14361e-01 | 12  0.01720  3.18578e-01
 13  0.01013 -3.60507e-01 | 14  0.00478  1.43603e-01 | 15  0.00083 -2.33728e-01
 16 -0.00174 -1.22508e-01 | 17 -0.00303 -2.88007e-01 | 18  0.08574  7.75376e+00
 19 -0.01766 -4.26334e+01 | 20 -0.02308  4.15457e+00 | 21 -0.01704 -5.53298e+00
 22 -0.01463  1.65098e+00 | 23 -0.01573  1.45842e+01 | 24 -0.01269  2.95603e+00
 25 -0.00703 -1.07923e+01 | 26 -0.01103  1.73776e+01 | 27 -0.00766 -1.22870e+01
 28 -0.00246 -3.55414e+00 | 29 -0.00369  1.95251e+00 | 30 -0.00133  3.30189e-01
 31 -0.00245  7.86626e+00 | 32  0.00135  6.25368e+00 | 33  0.00480 -1.49349e+00
 34  0.00839 -6.55648e+00 | 35  0.00750  3.04270e+00 | 36  0.00686  3.96165e+00
 37  0.01104  7.57310e+00 | 38  0.01256  5.93678e+00 | 39  0.00953 -3.52549e-01
 40  0.01319 -4.32118e-01 | 41  0.01358 -1.79263e-01 | 42  0.01393  1.42408e+00
 43  0.01756  5.27728e+00 | 44  0.01694  2.70938e+00 | 45  0.00717 -9.46652e+00
 46 -0.00792  7.99763e+00 | 47  0.15416  2.44645e+02 | 48 -0.06362  7.44907e+00
 49 -0.05834  3.40013e+00 | 50 -0.05502  1.37385e+01 | 51 -0.04420  9.13440e+00
 52 -0.03916  4.32919e+00 | 53 -0.03557  7.42583e+00 | 54 -0.02505  2.89110e+00
 55 -0.01187  8.30131e+00 | 56 -0.00473  1.53711e+01 | 57 -0.00190 -7.04729e-01
 58  0.00691  5.41835e+00 | 59  0.01985  1.33800e+00 | 60  0.02237 -9.12775e+00
 61  0.01638 -1.17330e+01 | 62  0.01280 -1.39607e+00 | 63  0.01155  4.42342e-01
 64  0.01114 -6.63495e-01 | 65  0.01254 -4.22485e+00 | 66  0.01190 -1.21150e+01
 67  0.01447 -8.45196e+00 | 68  0.01679 -3.63332e+00 | 69  0.01843 -5.00568e+00
 70  0.02086 -4.26397e+00 | 71  0.02496 -6.62851e+00 | 72  0.02397 -1.05943e+01
 73  0.02479 -4.32164e+00 | 74  0.03478 -6.53336e+00 | 75  0.03469 -1.33338e+01
 76  0.05597 -3.76353e+01 | 77 -0.63139 -2.48473e+00 | 78 -0.60737  3.65978e+00
2 0 20941.7
2 0 20941.7
2 0 20941.7
2 0 20941.7
2 0 20941.7
2 0 20941.7
2 0 20941.7
2 0 20941.7
2 0 20941.7
2 0 20941.7
78 variables; iteration 100; function evaluation 134; phase 2
Function value   2.0941652e+04; maximum gradient component mag  -6.2500e+01
Var   Value    Gradient   |Var   Value    Gradient   |Var   Value    Gradient
  1 -0.65338 -1.37789e+00 |  2 -0.54675  5.02600e-01 |  3  0.28216  2.67882e-01
  4  0.26690  1.48118e+00 |  5  0.18379  1.48131e-01 |  6  0.12858  6.85665e-02
  7  0.09342  6.50937e-02 |  8  0.06906  4.39105e-02 |  9  0.05093  6.95055e-03
 10  0.03692 -4.19678e-02 | 11  0.02590  8.71806e-02 | 12  0.01718 -2.80838e-02
 13  0.01036  1.20890e-01 | 14  0.00513 -9.67207e-03 | 15  0.00134  4.62531e-02
 16 -0.00113 -2.34847e-02 | 17 -0.00233  3.65278e-02 | 18  0.08547  4.70924e+00
 19 -0.01703 -6.36633e+00 | 20 -0.02287  2.49802e+00 | 21 -0.01696  1.30732e+00
 22 -0.01463 -5.64747e-01 | 23 -0.01575 -1.95025e+00 | 24 -0.01270 -8.49318e-01
 25 -0.00699  1.06469e+00 | 26 -0.01099 -2.91654e+00 | 27 -0.00757  1.44597e+00
 28 -0.00238  1.08270e+00 | 29 -0.00361 -4.66805e-01 | 30 -0.00125 -1.10082e-01
 31 -0.00243  3.49633e-01 | 32  0.00128 -2.68890e-01 | 33  0.00468  1.00736e-01
 34  0.00827  9.24760e-01 | 35  0.00741  2.90755e-01 | 36  0.00674  3.16760e-01
 37  0.01089  2.14903e-01 | 38  0.01243  1.94967e-01 | 39  0.00942  6.35348e-01
 40  0.01309  1.00531e+00 | 41  0.01349  7.90589e-01 | 42  0.01382  2.50074e-01
 43  0.01742  9.93268e-01 | 44  0.01686  1.16354e+00 | 45  0.00723  1.61963e+00
 46 -0.00789 -2.78737e+00 | 47  0.15280 -6.24998e+01 | 48 -0.06398  1.04432e+00
 49 -0.05861  3.80437e-01 | 50 -0.05532 -1.58922e+00 | 51 -0.04448 -1.02852e+00
 52 -0.03939 -1.64594e-01 | 53 -0.03575 -1.11985e+00 | 54 -0.02523  7.54704e-01
 55 -0.01199  4.28618e-01 | 56 -0.00482 -2.15170e+00 | 57 -0.00194 -2.01641e-01
 58  0.00687 -4.39579e-01 | 59  0.01985 -6.19595e-01 | 60  0.02243  4.87413e-02
 61  0.01647  1.40388e+00 | 62  0.01290  9.68044e-02 | 63  0.01165 -1.76425e-01
 64  0.01127 -1.92863e-01 | 65  0.01269  2.51746e-02 | 66  0.01208  1.03706e+00
 67  0.01462  6.36175e-01 | 68  0.01698 -2.89881e-01 | 69  0.01864  1.37115e-01
 70  0.02108  4.12012e-01 | 71  0.02522  3.19083e-01 | 72  0.02418  7.75571e-02
 73  0.02484 -8.72441e-01 | 74  0.03473  2.13614e+00 | 75  0.03474  3.25217e+00
 76  0.04713  9.11917e+00 | 77 -0.63933 -2.06161e+01 | 78 -0.63360  6.31341e+00
2 0 20941.7
2 0 20941.6
2 0 20941.6
2 0 20941.6
2 0 20941.6
2 0 20941.6
2 0 20941.6
2 0 20941.6
2 0 20941.6
2 0 20941.6
78 variables; iteration 110; function evaluation 144; phase 2
Function value   2.0941648e+04; maximum gradient component mag  -8.2580e-01
Var   Value    Gradient   |Var   Value    Gradient   |Var   Value    Gradient
  1 -0.65400 -2.49207e-02 |  2 -0.54834  1.12080e-02 |  3  0.28191 -3.27562e-02
  4  0.26688 -1.59813e-02 |  5  0.18370 -2.70881e-03 |  6  0.12847 -1.26532e-03
  7  0.09328 -9.75472e-04 |  8  0.06892 -6.98297e-04 |  9  0.05079 -2.37758e-04
 10  0.03677  4.11756e-04 | 11  0.02572 -1.00954e-03 | 12  0.01699  4.12249e-04
 13  0.01014 -1.26334e-03 | 14  0.00492  3.38159e-04 | 15  0.00114 -3.78240e-04
 16 -0.00133  3.66200e-05 | 17 -0.00254 -1.05079e-05 | 18  0.08531  1.66035e-01
 19 -0.01691  4.45262e-02 | 20 -0.02284 -3.29577e-02 | 21 -0.01695 -3.13019e-02
 22 -0.01463 -1.99020e-02 | 23 -0.01575  7.20590e-03 | 24 -0.01270 -8.48779e-03
 25 -0.00699 -3.14936e-02 | 26 -0.01098  1.54839e-02 | 27 -0.00757 -2.50820e-02
 28 -0.00237 -1.13537e-02 | 29 -0.00360 -4.94540e-03 | 30 -0.00124 -9.78041e-03
 31 -0.00243  3.40840e-03 | 32  0.00127  2.42629e-02 | 33  0.00466  1.47689e-02
 34  0.00825  6.80428e-03 | 35  0.00740  1.28794e-02 | 36  0.00673  2.66318e-03
 37  0.01087  2.06832e-02 | 38  0.01241  1.57357e-02 | 39  0.00941  2.82845e-04
 40  0.01308  7.42243e-03 | 41  0.01348  5.44741e-03 | 42  0.01381  7.08385e-03
 43  0.01740  2.24752e-02 | 44  0.01684  1.84804e-02 | 45  0.00724 -2.84824e-02
 46 -0.00787 -2.50878e-02 | 47  0.15260 -5.19894e-01 | 48 -0.06402  9.07286e-03
 49 -0.05866  1.81974e-03 | 50 -0.05536  3.11568e-02 | 51 -0.04451  1.95326e-02
 52 -0.03942  1.06572e-02 | 53 -0.03577  2.06265e-02 | 54 -0.02526  1.67157e-02
 55 -0.01201  6.92842e-03 | 56 -0.00483  2.01639e-02 | 57 -0.00195  6.93492e-03
 58  0.00686  1.67764e-02 | 59  0.01985  2.89270e-03 | 60  0.02244 -2.28292e-02
 61  0.01648 -2.90637e-02 | 62  0.01291 -2.06071e-02 | 63  0.01167 -1.73623e-02
 64  0.01129 -8.99483e-03 | 65  0.01272 -1.58470e-02 | 66  0.01210 -2.89445e-02
 67  0.01465 -1.70440e-02 | 68  0.01701 -1.18540e-02 | 69  0.01867 -1.47130e-02
 70  0.02111 -9.72988e-03 | 71  0.02526 -2.39240e-02 | 72  0.02421 -3.36580e-02
 73  0.02484 -7.10056e-03 | 74  0.03471  3.69892e-02 | 75  0.03471  2.27729e-02
 76  0.04576  1.32789e-01 | 77 -0.64318 -8.25804e-01 | 78 -0.64787  2.11052e-01
2 0 20941.6
2 0 20941.6
2 0 20941.6
2 0 20941.6
2 0 20941.6

 - final statistics:
78 variables; iteration 115; function evaluation 149
Function value   2.0942e+04; maximum gradient component mag   1.0508e-04
Exit code = 1;  converg criter   1.0000e-03
Var   Value    Gradient   |Var   Value    Gradient   |Var   Value    Gradient
  1 -0.65400 -1.18879e-06 |  2 -0.54833  1.24861e-05 |  3  0.28191 -2.21559e-05
  4  0.26688 -5.17774e-06 |  5  0.18370 -5.42985e-06 |  6  0.12847  2.38596e-06
  7  0.09328  4.26583e-06 |  8  0.06892  4.44434e-06 |  9  0.05079  3.49625e-06
 10  0.03677  8.85438e-07 | 11  0.02572  3.76938e-06 | 12  0.01699  4.47275e-07
 13  0.01015  3.52335e-06 | 14  0.00492 -1.03622e-06 | 15  0.00114 -6.44863e-07
 16 -0.00133 -3.13051e-06 | 17 -0.00254 -2.90696e-06 | 18  0.08531  1.18458e-05
 19 -0.01691 -1.17747e-05 | 20 -0.02284 -2.31514e-06 | 21 -0.01695  2.68089e-05
 22 -0.01463  3.61958e-05 | 23 -0.01575 -3.87927e-05 | 24 -0.01270 -4.17389e-06
 25 -0.00699  4.40243e-05 | 26 -0.01098 -5.71416e-05 | 27 -0.00757  3.50221e-05
 28 -0.00237  3.68170e-05 | 29 -0.00360 -2.72869e-05 | 30 -0.00124  2.34135e-05
 31 -0.00243 -4.08668e-06 | 32  0.00127 -1.77741e-05 | 33  0.00466 -1.53441e-05
 34  0.00825  8.76843e-06 | 35  0.00740 -1.03435e-05 | 36  0.00673 -2.64388e-06
 37  0.01087 -1.84786e-05 | 38  0.01241 -1.69215e-05 | 39  0.00941  3.50719e-06
 40  0.01308  1.05150e-05 | 41  0.01348  1.83475e-06 | 42  0.01381 -6.76724e-06
 43  0.01740 -1.23106e-05 | 44  0.01684 -1.14776e-05 | 45  0.00724  4.13396e-05
 46 -0.00787 -1.11998e-05 | 47  0.15260  3.70220e-05 | 48 -0.06402 -2.99636e-05
 49 -0.05866  1.05083e-04 | 50 -0.05536 -6.72066e-05 | 51 -0.04451 -2.48721e-05
 52 -0.03942 -4.67671e-06 | 53 -0.03577 -2.56140e-05 | 54 -0.02526 -1.98406e-05
 55 -0.01201  9.67017e-06 | 56 -0.00483 -7.68032e-05 | 57 -0.00195  5.21855e-05
 58  0.00686 -3.02044e-05 | 59  0.01985 -1.83692e-06 | 60  0.02244  1.18114e-06
 61  0.01648  5.01648e-05 | 62  0.01291  2.50337e-05 | 63  0.01167  7.78689e-06
 64  0.01129 -3.53673e-07 | 65  0.01272 -2.62649e-07 | 66  0.01210  2.71365e-05
 67  0.01465  2.08940e-05 | 68  0.01701 -1.07853e-05 | 69  0.01867  9.41182e-06
 70  0.02111  4.49918e-06 | 71  0.02526  1.82775e-05 | 72  0.02421  3.75035e-05
 73  0.02484  1.32016e-05 | 74  0.03471 -2.18527e-06 | 75  0.03471  2.78344e-06
 76  0.04576 -1.48286e-05 | 77 -0.64316 -9.61552e-05 | 78 -0.64780  2.50476e-05
2 0 20941.6
B055394.4
0.3 0.56215
0.481843 0.454138
0.625209 0.399602
0.713814 0.373971
0.762703 0.361766
0.788342 0.355831
0.801477 0.352905
0.808129 0.351451
0.81148 0.350726
0.813164 0.350363
0.814008 0.350182
0.814431 0.350091
0.814644 0.350046
0.81475 0.350023
0.814803 0.350011
0.81483 0.350006
0.814843 0.350003
0.81485 0.350001
0.814853 0.350001
0.814855 0.35
0.814856 0.35
Survey Bio22.8875
Survey len10403.5
CPUE66.3885
Catch5.79932
Catch len10418.9
initsmo_penal19.5443
F_pen1.76658
Rec_pen2.91001
M_pen0


Starting time: Sun Jun 17 20:50:52 2018
Finishing time: Sun Jun 17 20:51:48 2018
This run took: 0 hours, 0 minutes, 56 seconds.

