survYears 71 72 73 74 75 76 77 78 79 80 81 82 83 84 85 86 87 88 89 90 91 92 93 94 95 96 97 98
SurvLenYear 71 72 73 74 75 76 77 78 79 80 81 82 83 84 85 86 87 88 89 90 91 92 93 94 95 96 97 98
catchBiomass 5027.95 4697.11 5257.87 7239 11156.9 14097.6 12689.2 15614 23855.3 36268 41286.9 63908.4 72745.8 107511 111244 96376.6 88653.1 89340 90671.4 74656.6 81479.8 83205.5 93568 100690 109892 113894 113234 97568.8
steep0.999
25
Out
1 0 44163

Initial statistics: 73 variables; iteration 0; function evaluation 0; phase 1
Function value   4.4163029e+04; maximum gradient component mag  -5.5608e+05
Var   Value    Gradient   |Var   Value    Gradient   |Var   Value    Gradient
  1  0.22680  2.07020e+03 |  2  0.22780  4.41024e+03 |  3  0.20916  4.04527e+03
  4  0.19975  4.15212e+03 |  5  0.18239  3.26461e+03 |  6  0.17409  3.10344e+03
  7  0.15911  2.41849e+03 |  8  0.14361  1.80492e+03 |  9  0.13554  1.59459e+03
 10  0.13165  1.59324e+03 | 11  0.10971  9.52546e+02 | 12  0.09059  6.14869e+02
 13  0.07769  4.48440e+02 | 14  0.07450  2.96753e+02 | 15  0.11864  1.39383e+03
 16 -0.02861  4.22711e+04 | 17  0.00000 -3.72892e+04 | 18  0.00000 -8.66334e+03
 19  0.00000 -6.73843e+03 | 20  0.00000 -5.36305e+03 | 21  0.00000 -8.07691e+03
 22  0.00000 -9.60454e+03 | 23  0.00000  6.63198e+02 | 24  0.00000  7.66446e+03
 25  0.00000  9.34430e+03 | 26  0.00000  8.12166e+03 | 27  0.00000  1.45466e+04
 28  0.00000  1.12278e+04 | 29  0.00000  1.36636e+04 | 30  0.00000  6.18506e+03
 31  0.00000  2.76224e+03 | 32  0.00000  3.68817e+03 | 33  0.00000  4.91384e+03
 34  0.00000  4.45600e+03 | 35  0.00000  2.96142e+03 | 36  0.00000  7.60938e+03
 37  0.00000  7.62340e+03 | 38  0.00000  9.50007e+03 | 39  0.00000  9.10932e+03
 40  0.00000  7.48865e+03 | 41  0.00000  3.07614e+03 | 42  0.00000 -4.56918e+03
 43  0.00000 -1.78695e+04 | 44  0.00000 -3.64311e+04 | 45  0.08221 -5.56085e+05
 46  0.00000  5.84269e+04 | 47  0.00000  4.73788e+04 | 48  0.00000  3.80927e+04
 49  0.00000  3.20465e+04 | 50  0.00000  3.00074e+04 | 51  0.00000  2.32603e+04
 52  0.00000  1.21641e+04 | 53  0.00000  2.71234e+03 | 54  0.00000 -3.88891e+03
 55  0.00000 -1.08618e+04 | 56  0.00000 -1.69625e+04 | 57  0.00000 -2.09508e+04
 58  0.00000 -2.18371e+04 | 59  0.00000 -1.86559e+04 | 60  0.00000 -1.68040e+04
 61  0.00000 -1.66783e+04 | 62  0.00000 -1.63685e+04 | 63  0.00000 -1.57257e+04
 64  0.00000 -1.63744e+04 | 65  0.00000 -1.80565e+04 | 66  0.00000 -1.99083e+04
 67  0.00000 -2.13717e+04 | 68  0.00000 -2.13125e+04 | 69  0.00000 -1.86934e+04
 70  0.00000 -1.20018e+04 | 71  0.00000 -4.05726e+02 | 72  0.00000  1.60664e+04
 73  0.00000  2.67026e+04 |
1 0 44163
1 0 44162.8
1 0 44160.8
1 0 44140.8
1 0 43941.7
1 0 42032.8
1 0 38246.9
1 0 34577.5
1 0 31641
1 0 37351.1
1 0 30912.6
1 0 29726.6
1 0 28890.5
1 0 28600.6
1 0 28379.6
1 0 28458.7
1 0 27981.1
1 0 27815.9

Intermediate statistics: 73 variables; iteration 10; function evaluation 18; phase 1
Function value   2.7815925e+04; maximum gradient component mag  -2.6920e+04
Var   Value    Gradient   |Var   Value    Gradient   |Var   Value    Gradient
  1  0.26096  4.25254e+03 |  2  0.24430  2.10014e+03 |  3  0.22197  1.56826e+03
  4  0.20914  1.42817e+03 |  5  0.18963  9.89450e+02 |  6  0.17874  8.81326e+02
  7  0.16241  6.39728e+02 |  8  0.14636  4.47085e+02 |  9  0.13747  3.91274e+02
 10  0.13129  4.05237e+02 | 11  0.11059  2.24151e+02 | 12  0.09157  1.30085e+02
 13  0.07901  7.24849e+01 | 14  0.07934  7.49173e-01 | 15  0.11505  3.82301e+02
 16  0.24229  1.26804e+03 | 17 -0.03952 -2.30347e+04 | 18 -0.08550 -1.16267e+04
 19 -0.03303  1.22146e+04 | 20 -0.00676  1.21022e+04 | 21 -0.04516  6.55573e+02
 22 -0.05430 -4.77104e+03 | 23  0.08952  2.79863e+02 | 24  0.14270  4.08516e+02
 25  0.08467 -9.30605e+02 | 26  0.14516  2.77910e+01 | 27  0.16219  4.74517e+01
 28  0.13049  3.80391e+02 | 29 -0.00585  7.51552e+03 | 30 -0.04962 -1.51698e+04
 31 -0.07301 -1.65821e+04 | 32 -0.05081 -4.52929e+03 | 33 -0.01419  8.23780e+03
 34 -0.02331  6.08629e+03 | 35 -0.03192 -5.43102e+03 | 36 -0.00939  5.72251e+03
 37  0.00212  8.34922e+03 | 38  0.01428  1.12854e+04 | 39  0.00546  8.17945e+03
 40 -0.00276  5.71330e+03 | 41 -0.02212 -7.36707e+02 | 42 -0.03787 -8.26685e+02
 43 -0.06550  4.46192e+03 | 44 -0.12330 -8.56709e+03 | 45  0.13306 -2.69203e+04
 46 -0.09999 -5.83926e+02 | 47 -0.12288 -7.89483e+03 | 48 -0.06286 -8.40100e+03
 49 -0.03115 -2.30929e+04 | 50 -0.09026 -7.90620e+03 | 51 -0.12662 -5.77113e+03
 52 -0.02124  7.41854e+02 | 53 -0.01486 -6.77503e+03 | 54  0.01047  4.54697e+03
 55  0.00310 -5.52970e+03 | 56  0.02058 -2.70728e+03 | 57  0.03190 -3.71293e+03
 58  0.05610  1.97405e+04 | 59 -0.03151 -6.58481e+03 | 60 -0.04052 -7.02980e+03
 61  0.03541  7.84737e+03 | 62  0.03034 -1.67373e+03 | 63  0.01666 -1.59645e+03
 64  0.02915  5.77995e+03 | 65  0.03289  4.55709e+03 | 66  0.03571  4.75578e+03
 67  0.04488  8.08783e+03 | 68  0.04978  9.30631e+03 | 69  0.05291  1.03143e+04
 70  0.04727  6.81129e+03 | 71  0.06726  5.25362e+03 | 72  0.08078 -1.40659e+01
 73 -0.00649  7.59782e+02 |
1 0 27771.3
1 0 27711.7
1 0 27628.8
1 0 27540.9
1 0 27573.6
1 0 27503.7
1 0 27479.4
1 0 27447.2
1 0 27416
1 0 27390.8
1 0 27421.5
1 0 27383
73 variables; iteration 20; function evaluation 30; phase 1
Function value   2.7383059e+04; maximum gradient component mag  -2.0902e+04
Var   Value    Gradient   |Var   Value    Gradient   |Var   Value    Gradient
  1  0.21475  9.75651e+02 |  2  0.20049  1.31523e+03 |  3  0.19121  1.36693e+03
  4  0.18385  1.22109e+03 |  5  0.17281  9.29553e+02 |  6  0.16402  7.70322e+02
  7  0.15208  5.76620e+02 |  8  0.13991  4.21601e+02 |  9  0.13157  3.57245e+02
 10  0.12299  3.15101e+02 | 11  0.10713  2.04564e+02 | 12  0.09051  1.17043e+02
 13  0.08011  5.49817e+01 | 14  0.08588  8.27539e+01 | 15  0.10348  2.41073e+02
 16  0.22652 -4.58707e+03 | 17 -0.05572 -7.36835e+03 | 18 -0.10419 -1.67235e+04
 19 -0.05138  8.85265e+03 | 20 -0.00434  1.09992e+04 | 21 -0.03829  2.02070e+03
 22 -0.04957 -5.94221e+03 | 23  0.20504  2.10598e+03 | 24  0.19611  1.38882e+03
 25  0.05410 -8.48842e+02 | 26  0.17807  1.04270e+03 | 27  0.23543  1.60881e+03
 28  0.10910  7.58851e+02 | 29 -0.02746  4.56375e+03 | 30 -0.05391 -7.34607e+03
 31 -0.06801 -1.33632e+04 | 32 -0.05263 -5.97383e+03 | 33 -0.02167  4.59938e+03
 34 -0.02568  3.70623e+03 | 35 -0.03182 -4.63853e+03 | 36 -0.01795  2.54524e+03
 37 -0.00661  5.35007e+03 | 38  0.00005  6.85216e+03 | 39 -0.00202  5.51668e+03
 40 -0.00951  3.73039e+03 | 41 -0.03260 -1.13365e+03 | 42 -0.06156 -1.68320e+02
 43 -0.09546  4.84617e+03 | 44 -0.15628 -7.22438e+03 | 45  0.13765 -1.75469e+04
 46 -0.11674 -3.67453e+03 | 47 -0.11073 -5.11145e+03 | 48 -0.10774 -6.96428e+03
 49 -0.03275 -2.09019e+04 | 50 -0.08115 -7.26055e+03 | 51 -0.12149 -5.88200e+03
 52 -0.02242  2.20551e+03 | 53 -0.01492 -4.49104e+03 | 54  0.00732  4.26638e+03
 55  0.00204 -3.89979e+03 | 56  0.01813 -2.44602e+03 | 57  0.03919 -2.96443e+03
 58  0.03265  2.34574e+03 | 59 -0.02135 -5.62603e+03 | 60 -0.02693 -5.55864e+03
 61  0.02858  6.55190e+03 | 62  0.02583  1.13153e+03 | 63  0.01506  3.95400e+02
 64  0.02508  5.93452e+03 | 65  0.02708  4.70034e+03 | 66  0.03219  5.26015e+03
 67  0.03911  6.98081e+03 | 68  0.04572  9.07983e+03 | 69  0.05112  1.05176e+04
 70  0.05524  6.96418e+03 | 71  0.08598  5.78629e+03 | 72  0.11638  1.76389e+03
 73  0.00661  1.74699e+02 |
1 0 27378.6
1 0 27372.7
1 0 27366.2
1 0 27343.1
1 0 27721.4
1 0 27131.9
1 0 57062.6
1 0 27129.7
1 0 27130.2
1 0 27128.7
1 0 27127.9
1 0 27127.1
1 0 27126.8
1 0 27126.4
73 variables; iteration 30; function evaluation 44; phase 1
Function value   2.7126380e+04; maximum gradient component mag  -2.2818e+04
Var   Value    Gradient   |Var   Value    Gradient   |Var   Value    Gradient
  1  0.20544 -7.99710e+01 |  2  0.19232  7.55387e+02 |  3  0.17274  5.65722e+02
  4  0.16907  5.29884e+02 |  5  0.15862  2.98187e+02 |  6  0.15475  2.40641e+02
  7  0.14519  1.32380e+02 |  8  0.13557  6.72873e+01 |  9  0.12824  4.67821e+01
 10  0.11913  3.37468e+01 | 11  0.10539  3.83928e+00 | 12  0.09211 -2.44421e+01
 13  0.08599 -4.72142e+01 | 14  0.09315  2.42836e+00 | 15  0.09664  2.73976e+00
 16  0.25078  1.76291e+03 | 17 -0.06498 -5.61204e+02 | 18 -0.11223 -1.99577e+04
 19 -0.06031  7.86290e+03 | 20 -0.03387  8.29203e+03 | 21 -0.04705  3.32932e+03
 22 -0.05741 -8.08140e+03 | 23  0.25029  1.52087e+03 | 24  0.22868  9.20038e+02
 25 -0.00548  4.09409e+03 | 26  0.20158  7.03551e+02 | 27  0.23940  8.03853e+02
 28  0.08036 -5.09046e+02 | 29 -0.02998  5.12887e+03 | 30 -0.05551 -5.56619e+03
 31 -0.07497 -1.59111e+04 | 32 -0.05883 -8.62418e+03 | 33 -0.01838  5.71270e+03
 34 -0.02475  5.13913e+03 | 35 -0.03010 -3.03230e+03 | 36 -0.02097  5.59404e+02
 37 -0.00458  6.29135e+03 | 38 -0.00240  6.84663e+03 | 39 -0.00093  6.34255e+03
 40 -0.00880  3.34355e+03 | 41 -0.02131  1.29069e+03 | 42 -0.03854 -6.64505e+02
 43 -0.06977  5.20974e+03 | 44 -0.14065 -9.63799e+03 | 45  0.13924 -1.81250e+04
 46 -0.12194 -4.79850e+03 | 47 -0.10350 -4.75745e+03 | 48 -0.09712 -8.35553e+03
 49 -0.03926 -2.28183e+04 | 50 -0.09496 -8.60770e+03 | 51 -0.10654 -4.93233e+03
 52 -0.02405  1.71343e+03 | 53 -0.01350 -8.03947e+03 | 54  0.00370  7.27361e+03
 55  0.00042 -4.27183e+03 | 56  0.01707 -2.36435e+03 | 57  0.03313 -7.97022e+03
 58  0.03272 -1.80864e+03 | 59 -0.02569 -6.28152e+03 | 60 -0.02326 -4.66342e+03
 61  0.03056  8.27835e+03 | 62  0.03022  2.27450e+03 | 63  0.01280 -1.21183e+03
 64  0.02864  7.94013e+03 | 65  0.03064  7.72437e+03 | 66  0.03836  9.97023e+03
 67  0.03806  7.48468e+03 | 68  0.04962  1.33755e+04 | 69  0.05072  1.26368e+04
 70  0.04038  4.75865e+03 | 71  0.06922  5.65941e+03 | 72  0.10157  7.16426e+02
 73  0.03913  4.84450e+02 |
1 0 27126
1 0 27125.7
1 0 27125.3
1 0 27124.8
1 0 27124.5
1 0 27124.4
1 0 27124.1
1 0 27123.8
1 0 27123.3
1 0 27123
73 variables; iteration 40; function evaluation 54; phase 1
Function value   2.7123072e+04; maximum gradient component mag  -2.2769e+04
Var   Value    Gradient   |Var   Value    Gradient   |Var   Value    Gradient
  1  0.20822  8.69063e+01 |  2  0.19419  8.06528e+02 |  3  0.17518  6.22756e+02
  4  0.16913  5.49288e+02 |  5  0.15676  3.01624e+02 |  6  0.15306  2.58603e+02
  7  0.14412  1.56093e+02 |  8  0.13518  9.16867e+01 |  9  0.12854  7.13582e+01
 10  0.11994  5.34230e+01 | 11  0.10722  1.15809e+01 | 12  0.09774 -1.16909e+01
 13  0.09572 -1.28261e+01 | 14  0.10037  3.12024e+01 | 15  0.09674 -6.13164e+00
 16  0.24957  1.83707e+03 | 17 -0.06401 -1.00657e+03 | 18 -0.11173 -1.96845e+04
 19 -0.06004  8.04008e+03 | 20 -0.03412  8.25122e+03 | 21 -0.04684  3.46860e+03
 22 -0.05711 -7.92554e+03 | 23  0.24732  1.47694e+03 | 24  0.23448  1.00547e+03
 25 -0.00528  4.10889e+03 | 26  0.19962  6.92829e+02 | 27  0.24023  8.59319e+02
 28  0.07626 -5.48986e+02 | 29 -0.02964  5.01873e+03 | 30 -0.05484 -5.29632e+03
 31 -0.07464 -1.59217e+04 | 32 -0.05849 -8.61821e+03 | 33 -0.01791  5.79528e+03
 34 -0.02384  5.50120e+03 | 35 -0.02961 -3.06229e+03 | 36 -0.01990  9.28534e+02
 37 -0.00469  6.12153e+03 | 38 -0.00218  6.86843e+03 | 39 -0.00087  6.23919e+03
 40 -0.00879  3.33599e+03 | 41 -0.02158  1.15828e+03 | 42 -0.03909 -7.06842e+02
 43 -0.07050  5.26554e+03 | 44 -0.14255 -9.76812e+03 | 45  0.14049 -1.94809e+04
 46 -0.12240 -4.67083e+03 | 47 -0.10495 -4.81490e+03 | 48 -0.09800 -8.31419e+03
 49 -0.04027 -2.27688e+04 | 50 -0.09657 -8.58710e+03 | 51 -0.10803 -4.89920e+03
 52 -0.02521  1.56369e+03 | 53 -0.01393 -7.53770e+03 | 54  0.00278  7.37410e+03
 55 -0.00070 -4.38517e+03 | 56  0.01598 -2.47090e+03 | 57  0.03185 -8.21796e+03
 58  0.03196 -1.90104e+03 | 59 -0.02643 -6.21052e+03 | 60 -0.02361 -4.50577e+03
 61  0.02912  8.08365e+03 | 62  0.02929  2.18672e+03 | 63  0.01223 -1.20814e+03
 64  0.02744  7.75901e+03 | 65  0.03010  7.88414e+03 | 66  0.03712  9.83615e+03
 67  0.03698  7.42390e+03 | 68  0.04892  1.36270e+04 | 69  0.04929  1.23191e+04
 70  0.03983  4.90366e+03 | 71  0.06889  5.65697e+03 | 72  0.10356  7.93780e+02
 73  0.06215  6.79262e+02 |
1 0 27122.7
1 0 27122.3
1 0 27121.9
1 0 27121.4
1 0 27121.2
1 0 27121
1 0 27120.6
1 0 27119.8
1 0 27118.4
1 0 27116.6
73 variables; iteration 50; function evaluation 64; phase 1
Function value   2.7116675e+04; maximum gradient component mag  -2.2783e+04
Var   Value    Gradient   |Var   Value    Gradient   |Var   Value    Gradient
  1  0.20802  1.44385e+02 |  2  0.19364  8.49182e+02 |  3  0.17274  6.10063e+02
  4  0.16955  6.06850e+02 |  5  0.15664  3.46322e+02 |  6  0.14912  2.67656e+02
  7  0.13726  1.51990e+02 |  8  0.12793  9.29777e+01 |  9  0.12280  7.62514e+01
 10  0.11819  6.12428e+01 | 11  0.11253  2.80562e+01 | 12  0.11123  2.83168e+01
 13  0.11179  3.16009e+01 | 14  0.11204  4.43755e+01 | 15  0.10583  2.38857e+00
 16  0.24934  1.83193e+03 | 17 -0.06445 -1.36544e+03 | 18 -0.11241 -1.97581e+04
 19 -0.06031  8.08003e+03 | 20 -0.03468  8.28484e+03 | 21 -0.04665  3.44846e+03
 22 -0.05668 -7.88955e+03 | 23  0.24874  1.49406e+03 | 24  0.22613  8.80028e+02
 25 -0.00535  4.09753e+03 | 26  0.20251  6.97876e+02 | 27  0.23790  7.46658e+02
 28  0.08326 -4.91149e+02 | 29 -0.02966  5.14711e+03 | 30 -0.05525 -5.57997e+03
 31 -0.07493 -1.60968e+04 | 32 -0.05885 -8.73467e+03 | 33 -0.01812  5.66652e+03
 34 -0.02389  5.64538e+03 | 35 -0.02978 -3.04958e+03 | 36 -0.01995  8.98994e+02
 37 -0.00463  6.05846e+03 | 38 -0.00178  7.05562e+03 | 39 -0.00155  5.86300e+03
 40 -0.00852  3.39195e+03 | 41 -0.02137  1.29792e+03 | 42 -0.03910 -8.96976e+02
 43 -0.07016  5.37852e+03 | 44 -0.14284 -9.76917e+03 | 45  0.14108 -1.92218e+04
 46 -0.12312 -4.70256e+03 | 47 -0.10521 -4.77323e+03 | 48 -0.09899 -8.39843e+03
 49 -0.04125 -2.27826e+04 | 50 -0.09348 -8.51942e+03 | 51 -0.11016 -5.06316e+03
 52 -0.02582  1.39737e+03 | 53 -0.01459 -7.79320e+03 | 54  0.00188  6.99209e+03
 55 -0.00058 -3.90119e+03 | 56  0.01598 -2.07030e+03 | 57  0.03167 -8.08801e+03
 58  0.03129 -1.91268e+03 | 59 -0.02673 -6.19400e+03 | 60 -0.02440 -4.57510e+03
 61  0.02848  8.02138e+03 | 62  0.02901  2.18607e+03 | 63  0.01113 -1.47504e+03
 64  0.02660  7.44436e+03 | 65  0.02954  7.77615e+03 | 66  0.03694  9.99893e+03
 67  0.03635  7.19230e+03 | 68  0.04886  1.40174e+04 | 69  0.04903  1.23714e+04
 70  0.03895  4.69166e+03 | 71  0.06863  5.82051e+03 | 72  0.10382  7.74673e+02
 73  0.07291  7.10800e+02 |
1 0 27114.5
1 0 27114
1 0 27113
1 0 27111.5
1 0 27109
1 0 27105.6
1 0 27102.2
1 0 27098.4
1 0 27094.1
1 0 27086.1
73 variables; iteration 60; function evaluation 74; phase 1
Function value   2.7086212e+04; maximum gradient component mag  -2.1955e+04
Var   Value    Gradient   |Var   Value    Gradient   |Var   Value    Gradient
  1  0.21178  5.02677e+02 |  2  0.19881  1.15770e+03 |  3  0.17821  8.66007e+02
  4  0.16920  7.70111e+02 |  5  0.14997  4.18379e+02 |  6  0.14079  3.70778e+02
  7  0.12287  2.17310e+02 |  8  0.10451  8.97268e+01 |  9  0.10003  7.60939e+01
 10  0.10796  1.26733e+02 | 11  0.11838  1.67065e+02 | 12  0.12849  2.18155e+02
 13  0.13433  2.36215e+02 | 14  0.13853  2.52089e+02 | 15  0.14033  2.64846e+02
 16  0.24760  2.19279e+03 | 17 -0.06335 -4.07289e+03 | 18 -0.11119 -1.81039e+04
 19 -0.05985  9.46487e+03 | 20 -0.03952  7.91696e+03 | 21 -0.04746  3.83528e+03
 22 -0.05643 -7.91393e+03 | 23  0.24913  1.36043e+03 | 24  0.23559  8.83209e+02
 25 -0.00546  3.76495e+03 | 26  0.19409  5.38730e+02 | 27  0.23451  6.74677e+02
 28  0.08231 -5.78220e+02 | 29 -0.02988  4.48965e+03 | 30 -0.05481 -5.83704e+03
 31 -0.07290 -1.52662e+04 | 32 -0.05794 -8.62870e+03 | 33 -0.01713  5.50895e+03
 34 -0.02280  6.01967e+03 | 35 -0.02934 -3.22313e+03 | 36 -0.01991  5.55855e+02
 37 -0.00380  6.25678e+03 | 38 -0.00078  7.07785e+03 | 39 -0.00007  6.19170e+03
 40 -0.00928  2.93667e+03 | 41 -0.02245  9.46020e+02 | 42 -0.04063 -1.25157e+03
 43 -0.07208  5.52717e+03 | 44 -0.14246 -9.68971e+03 | 45  0.14042 -2.00598e+04
 46 -0.12291 -4.81894e+03 | 47 -0.10475 -5.20790e+03 | 48 -0.09359 -8.73961e+03
 49 -0.04306 -2.19546e+04 | 50 -0.09193 -8.53953e+03 | 51 -0.11336 -5.28505e+03
 52 -0.02475  1.99357e+03 | 53 -0.01449 -8.17089e+03 | 54  0.00221  6.95618e+03
 55  0.00044 -3.36493e+03 | 56  0.01590 -2.53346e+03 | 57  0.03121 -9.18455e+03
 58  0.03134 -2.08628e+03 | 59 -0.02185 -5.62992e+03 | 60 -0.02994 -5.46969e+03
 61  0.02916  8.11234e+03 | 62  0.03012  2.38911e+03 | 63  0.01150 -1.58545e+03
 64  0.02755  7.80556e+03 | 65  0.03016  7.95147e+03 | 66  0.03673  9.48943e+03
 67  0.03734  7.54141e+03 | 68  0.04987  1.44071e+04 | 69  0.04881  1.19496e+04
 70  0.03915  4.53337e+03 | 71  0.07172  6.69709e+03 | 72  0.10068  5.77177e+02
 73  0.06257  6.87957e+02 |
1 0 27070.6
1 0 26968.2
1 0 26769.8
1 0 26431.7
1 0 25866.5
1 0 25887.9
1 0 25572.3
1 0 26930.9
1 0 25502.6
1 0 25465.4
1 0 25457.2
1 0 25452.4
1 0 25461.7
1 0 25451.2
73 variables; iteration 70; function evaluation 88; phase 1
Function value   2.5451704e+04; maximum gradient component mag  -4.3206e+04
Var   Value    Gradient   |Var   Value    Gradient   |Var   Value    Gradient
  1  0.24628  2.76915e+03 |  2  0.25098  3.65678e+03 |  3  0.21849  2.13999e+03
  4  0.16767  5.53739e+02 |  5  0.18836  1.70488e+03 |  6  0.09011  2.25796e+02
  7 -0.02743 -5.26273e+02 |  8  0.01664 -3.31609e+01 |  9  0.08015  2.12994e+02
 10  0.12231  5.29721e+02 | 11  0.11925  4.07149e+02 | 12  0.10343  1.55896e+02
 13  0.11955  3.13648e+02 | 14  0.15696  9.56428e+02 | 15  0.17465  1.38992e+03
 16  0.23604  2.82862e+03 | 17 -0.04882 -1.93469e+04 | 18 -0.09491 -1.01593e+04
 19 -0.05545  1.19348e+04 | 20 -0.07257 -8.79240e+03 | 21 -0.05367  5.84682e+03
 22 -0.05261 -3.84609e+03 | 23  0.14458  5.71173e+02 | 24  0.14095  2.28456e+02
 25 -0.00303  4.24849e+03 | 26  0.20309  6.35450e+02 | 27  0.19257 -2.09322e+02
 28  0.11751 -1.93037e+02 | 29 -0.02328  5.15848e+03 | 30 -0.04839 -6.97081e+03
 31 -0.05967 -1.20365e+04 | 32 -0.04079 -3.25621e+03 | 33 -0.01369  5.42305e+03
 34 -0.01749  5.14299e+03 | 35 -0.02217 -1.41797e+03 | 36 -0.01765  1.56268e+03
 37 -0.00719  4.39862e+03 | 38 -0.00626  4.95529e+03 | 39 -0.00128  5.40859e+03
 40 -0.00790  4.02850e+03 | 41 -0.01548  5.31077e+03 | 42 -0.01410  3.35142e+03
 43 -0.03388  2.69132e+03 | 44 -0.08647 -8.79670e+03 | 45  0.13848 -4.32063e+04
 46 -0.11579 -3.83359e+03 | 47 -0.08725 -3.30759e+03 | 48 -0.04974  1.42617e+02
 49 -0.05489 -4.02184e+03 | 50 -0.09395 -5.72864e+03 | 51 -0.10424 -3.15565e+03
 52 -0.02702 -2.78146e+02 | 53 -0.01312 -7.17597e+03 | 54  0.00203  6.84780e+03
 55  0.00326 -9.59827e+02 | 56  0.01461 -3.75694e+03 | 57  0.02750 -1.19295e+04
 58  0.03090 -4.05535e+03 | 59  0.00232 -8.16492e+02 | 60 -0.01717 -3.39194e+03
 61  0.02905  6.62040e+03 | 62  0.02839  2.14112e+03 | 63  0.02022  6.16495e+02
 64  0.02584  6.13367e+03 | 65  0.02658  5.62653e+03 | 66  0.03447  7.72292e+03
 67  0.03207  4.68544e+03 | 68  0.04459  9.11197e+03 | 69  0.04096  4.18966e+03
 70  0.02352 -2.25421e+03 | 71  0.04453 -9.71651e+02 | 72  0.05803 -9.93314e+02
 73  0.07178  2.14550e+03 |
1 0 25449.3
1 0 25445.5
1 0 25418.8
1 0 25358.6
1 0 24842
1 0 24992.7
1 0 24563.2
1 0 174529
1 0 24562.8
1 0 24560.4
1 0 24554.8
1 0 24499.8
1 0 24036.2
1 0 23370.8
1 0 22952.9
1 0 23900.6
1 0 22846.3
1 0 22672.5
73 variables; iteration 80; function evaluation 106; phase 1
Function value   2.2672738e+04; maximum gradient component mag   6.9011e+03
Var   Value    Gradient   |Var   Value    Gradient   |Var   Value    Gradient
  1  0.22564 -9.00289e+02 |  2  0.19958  1.24174e+02 |  3  0.15408  1.44554e+02
  4  0.11642  3.68123e+01 |  5  0.09964  1.07495e+02 |  6  0.07365  1.67885e+02
  7  0.01071 -7.06597e+01 |  8 -0.02755 -4.67609e+01 |  9 -0.05039 -2.66357e+02
 10  0.00795  1.02619e+02 | 11  0.03894  1.21164e+02 | 12  0.04090 -8.19551e+01
 13  0.07561  5.92258e+01 | 14  0.11087  2.04557e+02 | 15  0.12567  2.45104e+02
 16  0.20299  6.90115e+03 | 17 -0.03506  4.39573e+02 | 18 -0.02902  1.11306e+03
 19 -0.03824 -6.29447e+03 | 20 -0.03377  1.31648e+03 | 21 -0.03171  1.67649e+03
 22 -0.02090  6.50261e+03 | 23 -0.01430 -5.83235e+02 | 24  0.07686  1.07942e+02
 25 -0.00040  5.61217e+03 | 26  0.10376 -1.00686e+03 | 27  0.22680  1.61560e+02
 28  0.15504 -3.29336e+02 | 29 -0.01573  6.70340e+01 | 30 -0.01941  1.36222e+03
 31 -0.02077 -2.48778e+03 | 32 -0.02057 -1.36948e+03 | 33 -0.02346 -8.54433e+02
 34 -0.02020  1.28827e+03 | 35 -0.01465  2.85581e+03 | 36 -0.02309 -2.27237e+03
 37 -0.01989 -8.22243e+01 | 38 -0.02461 -9.25318e+02 | 39 -0.02152  1.59520e+02
 40 -0.01969 -8.06435e+02 | 41 -0.02143  1.17709e+03 | 42 -0.02564 -2.68655e+03
 43 -0.01935  3.01967e+03 | 44 -0.03823 -4.29137e+03 | 45  0.14348 -4.60355e+03
 46 -0.09555 -3.31324e+03 | 47 -0.05557  6.13539e+03 | 48 -0.04693  6.19117e+03
 49 -0.04949 -1.27256e+03 | 50 -0.04624 -2.60706e+03 | 51 -0.07087 -5.78045e+03
 52 -0.02798  6.13426e+03 | 53 -0.00630 -7.45590e+02 | 54 -0.00981  1.34309e+03
 55  0.00148 -1.12650e+03 | 56  0.01511 -1.92009e+03 | 57  0.03158 -1.68382e+03
 58  0.02661 -5.58730e+02 | 59  0.02464  1.91659e+03 | 60  0.02750  5.81491e+03
 61  0.01673  1.42583e+03 | 62  0.01791  3.43654e+02 | 63  0.01283 -2.51578e+03
 64  0.01674 -5.52575e+02 | 65  0.01556  3.86179e+02 | 66  0.02316  1.84445e+03
 67  0.00936 -2.89160e+03 | 68  0.02817  4.40408e+02 | 69  0.02829 -5.23040e+02
 70  0.01909 -2.49031e+03 | 71  0.02475 -2.02800e+03 | 72  0.02317 -2.62402e+03
 73  0.04495  3.40171e+02 |
1 0 22422.3
1 0 21849.4
1 0 21927.4
1 0 21791.8
1 0 21732.2
1 0 21671.3
1 0 21627.5
1 0 21617.3
1 0 21600.3
1 0 21579.2
1 0 21569.3
73 variables; iteration 90; function evaluation 117; phase 1
Function value   2.1569341e+04; maximum gradient component mag  -5.0899e+03
Var   Value    Gradient   |Var   Value    Gradient   |Var   Value    Gradient
  1  0.24977  4.51896e+01 |  2  0.19034  1.90040e+01 |  3  0.13058  2.50543e+01
  4  0.09503  3.38753e+01 |  5  0.07392  3.89522e+01 |  6  0.05900  3.91746e+01
  7  0.04654  4.25268e+01 |  8  0.03300  2.27504e+01 |  9  0.02182 -6.25320e+00
 10  0.02002  2.40589e+01 | 11  0.01849  8.95325e+00 | 12  0.02179 -1.95461e+00
 13  0.03404  2.86411e+01 | 14  0.04908  5.80431e+01 | 15  0.06317  1.23539e+02
 16  0.17594  1.17517e+03 | 17 -0.02511 -1.30199e+02 | 18 -0.02487  9.58312e+02
 19 -0.03015 -1.80549e+02 | 20 -0.03216 -9.93330e+02 | 21 -0.02882 -1.78637e+02
 22 -0.02269 -1.29276e+00 | 23 -0.02329 -3.77705e+02 | 24 -0.02302  5.58478e+02
 25 -0.02047 -7.69303e+01 | 26  0.14920  4.56207e+02 | 27  0.21019  4.37030e+02
 28  0.15786  5.06570e+02 | 29 -0.01248  3.09001e+02 | 30 -0.01924  1.87709e+02
 31 -0.01779 -1.07089e+02 | 32 -0.01821 -1.47380e+02 | 33 -0.01870  7.62365e+01
 34 -0.01775  1.87172e+02 | 35 -0.01598 -4.86013e+01 | 36 -0.01958 -8.44088e+01
 37 -0.01831 -1.08674e+02 | 38 -0.01870 -3.17177e+02 | 39 -0.01816 -4.74318e+01
 40 -0.01752  6.03736e+00 | 41 -0.01589 -1.13463e+02 | 42 -0.01489 -2.78494e+02
 43 -0.01464 -3.12244e+02 | 44 -0.02246 -4.44246e+02 | 45  0.14142 -5.08994e+03
 46 -0.07135  1.69765e+03 | 47 -0.06770 -4.87870e+02 | 48 -0.05373  2.92062e+02
 49 -0.04243  8.62801e+02 | 50 -0.04761 -1.67617e+02 | 51 -0.04470  2.69562e+02
 52 -0.02711  1.12585e+03 | 53 -0.01742  5.42030e+00 | 54 -0.02378 -7.34076e+01
 55  0.00430  1.57138e+02 | 56  0.01898  2.08399e+02 | 57  0.03548 -1.17319e+02
 58  0.02631 -5.46083e+02 | 59  0.02270  4.02911e+02 | 60  0.01947  7.54474e+02
 61  0.01603 -4.11631e+02 | 62  0.01754 -4.11108e+02 | 63  0.01743 -3.16753e+02
 64  0.01427 -3.68856e+02 | 65  0.01564 -3.95615e+02 | 66  0.01719 -4.63353e+02
 67  0.02222 -1.57994e+02 | 68  0.02350 -8.14690e+02 | 69  0.02575 -8.05471e+02
 70  0.02716 -3.13557e+02 | 71  0.02601 -2.03554e+02 | 72  0.02481 -2.98284e+01
 73  0.02055  2.20309e+02 |
1 0 21555.6
1 0 21534.3
1 0 21502.2
1 0 21463.5
1 0 21116.5
1 0 166387
1 0 20731.2
1 0 33793
1 0 20123.6
1 0 428763
1 0 20122.7
1 0 20120.8
1 0 20103.4
1 0 19998.7
1 0 20046.7
1 0 19958.3
1 0 19888
1 0 19772.3
73 variables; iteration 100; function evaluation 135; phase 1
Function value   1.9772340e+04; maximum gradient component mag   5.9919e+03
Var   Value    Gradient   |Var   Value    Gradient   |Var   Value    Gradient
  1  0.24065  2.15649e+03 |  2  0.17980  7.06217e+02 |  3  0.11770  2.59167e+02
  4  0.06660  5.63463e+01 |  5  0.03542 -5.26854e+01 |  6  0.04004  8.83642e+01
  7  0.04230  1.20578e+02 |  8  0.03569  6.31047e+01 |  9  0.03493  1.45199e+02
 10  0.01595  1.79773e+02 | 11 -0.04016  5.97289e+01 | 12 -0.11012 -4.50531e+01
 13 -0.16624 -7.65887e+00 | 14 -0.22091 -5.02396e+01 | 15 -0.25968 -1.10080e+02
 16  0.09176  1.26325e+03 | 17 -0.03649 -2.43499e+03 | 18 -0.01118 -1.08235e+02
 19 -0.01153 -1.82953e+02 | 20 -0.00955  1.53560e+03 | 21 -0.00840  1.95388e+02
 22 -0.00435 -1.36130e+03 | 23 -0.00905 -1.05620e+03 | 24 -0.00853 -1.13238e+02
 25 -0.00520  2.22124e+03 | 26 -0.00122 -1.16805e+03 | 27  0.00151 -5.05895e+01
 28  0.01058  1.02730e+03 | 29  0.00535  2.55916e+03 | 30  0.00236  6.84626e+02
 31  0.00296  7.97157e+02 | 32  0.00269 -4.23900e+02 | 33  0.00265 -3.08051e+02
 34  0.00304 -1.55348e+02 | 35  0.00576  2.35710e+02 | 36  0.00153 -4.08839e+02
 37  0.00239 -7.00616e+02 | 38  0.00224  4.97466e+01 | 39  0.00217 -7.82553e+02
 40  0.00548 -1.88288e+00 | 41  0.00773  3.90551e+02 | 42  0.00911  6.84494e+02
 43  0.00997 -1.78438e+03 | 44  0.02769  4.86256e+02 | 45  0.14071  5.99187e+03
 46 -0.07682  1.24297e+03 | 47 -0.06641  7.07838e+02 | 48 -0.05311 -3.15891e+02
 49 -0.04649 -2.37821e+03 | 50 -0.04398 -2.26994e+02 | 51 -0.04079  6.02670e+02
 52 -0.03476 -2.19843e+03 | 53 -0.01313 -1.40279e+03 | 54 -0.01978 -4.32830e+03
 55  0.00426  1.70125e+03 | 56  0.01719  2.73430e+03 | 57  0.03014  5.01377e+03
 58  0.03079  9.78960e+02 | 59  0.02155 -8.21786e+02 | 60  0.01801 -5.52005e+02
 61  0.01936  1.22603e+02 | 62  0.01851 -2.87751e+02 | 63  0.01921 -1.29695e+02
 64  0.01546 -3.85881e+02 | 65  0.01809  2.57517e+02 | 66  0.01927 -1.00621e+02
 67  0.02152 -5.22207e+02 | 68  0.02556 -1.62166e+02 | 69  0.02929  1.63911e+01
 70  0.02867 -5.29495e+02 | 71  0.02648  1.99920e+02 | 72  0.01875  9.84148e+02
 73  0.01261 -3.32485e+02 |
1 0 19653.9
1 0 19639.1
1 0 19632.7
1 0 19627.1
1 0 19624
1 0 19621.3
1 0 19619
1 0 19616.1
1 0 19613
1 0 19610.3
73 variables; iteration 110; function evaluation 145; phase 1
Function value   1.9610309e+04; maximum gradient component mag  -1.7167e+03
Var   Value    Gradient   |Var   Value    Gradient   |Var   Value    Gradient
  1  0.23170 -9.91388e+00 |  2  0.17066 -3.19917e+01 |  3  0.11390 -4.82491e+00
  4  0.07983  1.25802e+01 |  5  0.05704  5.44857e+01 |  6  0.02611  8.97053e+00
  7 -0.00385 -1.54887e+00 |  8 -0.03173 -4.31091e+00 |  9 -0.05759 -1.31868e+01
 10 -0.07915 -1.65099e+01 | 11 -0.09552 -1.92859e+01 | 12 -0.10588  1.38939e+00
 13 -0.11658  7.60457e+00 | 14 -0.12961 -1.95115e+01 | 15 -0.13651 -2.18174e+01
 16  0.08350  1.22727e+02 | 17 -0.03032 -3.39888e+02 | 18 -0.00612  2.01456e+02
 19 -0.00778 -1.38531e+02 | 20 -0.00827  5.55976e+01 | 21 -0.00582  1.43965e+02
 22 -0.00084 -3.16303e+02 | 23 -0.00293 -7.25414e+01 | 24 -0.00492 -5.79904e+01
 25 -0.00569 -1.88570e+02 | 26 -0.00036  2.34261e+02 | 27 -0.00469 -1.23839e+01
 28  0.00059 -1.17310e+01 | 29 -0.00370  2.28911e+01 | 30  0.00170  3.78678e+02
 31  0.00412  1.53368e+02 | 32  0.00433 -4.05723e+01 | 33  0.00425 -6.75844e+01
 34  0.00465 -3.59060e+01 | 35  0.00697  7.20191e+01 | 36  0.00388  2.02574e+01
 37  0.00558 -1.06929e+01 | 38  0.00529  4.93747e+01 | 39  0.00584  7.79958e+01
 40  0.00653 -3.46805e+01 | 41  0.00741 -2.01601e+01 | 42  0.00847 -9.65669e+00
 43  0.00948  1.56268e+02 | 44  0.00240 -1.59989e+02 | 45  0.14127 -1.71673e+03
 46 -0.07727 -7.88734e+01 | 47 -0.06701 -1.10295e+02 | 48 -0.05394 -6.52733e+01
 49 -0.04319 -6.41886e+01 | 50 -0.04599 -3.61851e+01 | 51 -0.04354  1.46070e+02
 52 -0.02844  3.86115e+01 | 53 -0.01459  7.79196e+01 | 54 -0.00810 -2.24914e+02
 55  0.00055  2.08268e+02 | 56  0.01234  8.19739e+01 | 57  0.01863 -8.55969e+01
 58  0.02503 -4.82249e+02 | 59  0.02202  3.66606e+01 | 60  0.01789  7.33969e+01
 61  0.01747 -2.87789e+01 | 62  0.01859  1.08162e+02 | 63  0.01766 -3.19645e+01
 64  0.01500 -2.88788e+01 | 65  0.01665  6.75789e+01 | 66  0.01918  2.18401e+02
 67  0.02219 -1.58673e+01 | 68  0.02606  1.67715e+02 | 69  0.02785  1.15211e+02
 70  0.02757 -1.70040e+01 | 71  0.02663 -7.26345e+01 | 72  0.02481 -7.61091e+01
 73  0.02554  8.83690e+01 |
1 0 19608.6
1 0 19607.6
1 0 19606.9
1 0 19606.3
1 0 19605.7
1 0 19605.1
1 0 19604.5
1 0 19603.8
1 0 19603.3
1 0 19602.9
73 variables; iteration 120; function evaluation 155; phase 1
Function value   1.9602911e+04; maximum gradient component mag  -6.3889e+02
Var   Value    Gradient   |Var   Value    Gradient   |Var   Value    Gradient
  1  0.24129 -6.95546e-01 |  2  0.18237 -1.00585e+01 |  3  0.11396 -1.63303e+01
  4  0.06499 -2.40828e+01 |  5  0.03227 -3.01045e+01 |  6  0.01285 -8.10240e+00
  7 -0.00151 -5.15021e+00 |  8 -0.01247 -5.00915e+00 |  9 -0.02049 -2.14988e+00
 10 -0.02669  3.17568e+00 | 11 -0.03283  2.59549e+00 | 12 -0.03887 -2.57910e+00
 13 -0.04337  2.79117e+00 | 14 -0.04804 -2.49681e+00 | 15 -0.05133 -9.02809e+00
 16  0.08577  1.32424e+02 | 17 -0.01721 -4.53866e+01 | 18 -0.00560 -2.05684e+01
 19 -0.00767  5.49001e+01 | 20 -0.00883  1.95997e+01 | 21 -0.00651 -3.22946e+01
 22 -0.00064  3.79772e+01 | 23 -0.00278  8.11214e-01 | 24 -0.00480 -2.58036e+01
 25 -0.00550  7.70079e+01 | 26 -0.00133 -3.07285e+01 | 27 -0.00566  1.75968e+00
 28 -0.00015 -2.87896e+01 | 29 -0.00430 -4.89625e+01 | 30  0.00086  1.87790e+02
 31  0.00317  7.00341e+01 | 32  0.00373 -6.24512e+01 | 33  0.00387 -1.00613e+01
 34  0.00424 -1.47201e+00 | 35  0.00647  1.27908e+01 | 36  0.00315 -2.37866e+01
 37  0.00475 -1.08828e+01 | 38  0.00438 -2.51917e+01 | 39  0.00495 -2.07829e+01
 40  0.00592 -3.24504e+01 | 41  0.00709  1.73578e+00 | 42  0.00814  1.03313e+01
 43  0.00875 -4.36176e+01 | 44  0.00150 -3.54338e+01 | 45  0.14145 -6.38891e+02
 46 -0.07594  1.33722e+02 | 47 -0.06664 -3.31318e+00 | 48 -0.05373 -2.58612e+00
 49 -0.04360 -1.04358e+02 | 50 -0.04580 -1.12864e+01 | 51 -0.04395 -4.41095e+01
 52 -0.02822  8.23349e+01 | 53 -0.01463 -2.12631e+01 | 54 -0.00741 -6.56183e+01
 55  0.00008  9.77745e+01 | 56  0.01193 -5.42456e+01 | 57  0.01838 -1.49248e+02
 58  0.02555 -2.28243e+02 | 59  0.02148 -2.06045e+01 | 60  0.01745 -4.59587e+00
 61  0.01765  2.32216e+01 | 62  0.01831  1.49856e+00 | 63  0.01787  2.69909e+01
 64  0.01504  5.42612e+00 | 65  0.01646  5.45946e+00 | 66  0.01880  8.63656e+01
 67  0.02201 -5.30580e+01 | 68  0.02567  8.06189e+01 | 69  0.02768  6.71209e+01
 70  0.02780  4.43780e+01 | 71  0.02673  2.76559e+01 | 72  0.02526  3.93996e+01
 73  0.02535  3.13618e+01 |
1 0 19602.6
1 0 19602.4
1 0 19602.3
1 0 19602.2
1 0 19602.1
1 0 19602.1
1 0 19602
1 0 19602
1 0 19602
1 0 19602
73 variables; iteration 130; function evaluation 165; phase 1
Function value   1.9601988e+04; maximum gradient component mag  -8.1778e+01
Var   Value    Gradient   |Var   Value    Gradient   |Var   Value    Gradient
  1  0.24366 -1.02502e+00 |  2  0.18596 -4.19484e+00 |  3  0.12267  2.81078e+00
  4  0.07855 -2.21079e+00 |  5  0.04806 -4.13109e+00 |  6  0.02559 -3.61068e+00
  7  0.00832 -2.49746e+00 |  8 -0.00539 -1.11194e+00 |  9 -0.01669 -1.02279e+00
 10 -0.02605 -2.14882e+00 | 11 -0.03343 -7.48610e-01 | 12 -0.03945 -1.88756e+00
 13 -0.04390 -3.83054e+00 | 14 -0.04629 -2.34744e+00 | 15 -0.04711  1.48114e-01
 16  0.08636  3.02928e+01 | 17 -0.01396  4.67882e+01 | 18 -0.00584 -4.15790e+01
 19 -0.00792  1.74757e+00 | 20 -0.00901 -5.04680e+00 | 21 -0.00658  5.45247e+00
 22 -0.00083  3.22176e+01 | 23 -0.00308 -3.44161e-01 | 24 -0.00503 -1.18589e+00
 25 -0.00576  5.90475e+00 | 26 -0.00151 -2.13020e+00 | 27 -0.00579  3.80594e-01
 28 -0.00002 -1.18150e+00 | 29 -0.00422 -6.71615e+00 | 30  0.00042 -4.37573e+00
 31  0.00274  4.61934e-01 | 32  0.00357 -8.19883e+00 | 33  0.00371  1.06443e+00
 34  0.00407  1.20367e+01 | 35  0.00626 -6.41516e+00 | 36  0.00300 -7.88599e+00
 37  0.00452 -5.91697e+00 | 38  0.00423 -1.09647e+01 | 39  0.00478 -5.07872e+00
 40  0.00567 -5.02782e+00 | 41  0.00686 -1.35867e+00 | 42  0.00798 -7.09929e+00
 43  0.00896  5.41477e+00 | 44  0.00279  1.05445e+01 | 45  0.14138 -8.17778e+01
 46 -0.07615  1.47641e+01 | 47 -0.06647  1.39299e+01 | 48 -0.05374  4.53702e+00
 49 -0.04334 -1.28682e+01 | 50 -0.04572 -7.75209e+00 | 51 -0.04373 -8.45611e+00
 52 -0.02838 -4.54043e+00 | 53 -0.01453 -6.19037e+00 | 54 -0.00720  1.87275e+00
 55 -0.00013  2.62540e+01 | 56  0.01206 -8.81709e+00 | 57  0.01878 -1.84926e+01
 58  0.02604 -1.70602e+00 | 59  0.02126 -2.49135e+00 | 60  0.01746  6.53027e+00
 61  0.01768  2.60892e-01 | 62  0.01840 -1.05113e+01 | 63  0.01785 -2.94777e+00
 64  0.01512  5.03377e+00 | 65  0.01658  4.88514e+00 | 66  0.01859 -6.65029e+00
 67  0.02233 -7.76097e+00 | 68  0.02553 -1.25308e+01 | 69  0.02765 -1.37681e+00
 70  0.02775  3.97645e+00 | 71  0.02668  1.81336e+01 | 72  0.02462  9.27608e+00
 73  0.02459  3.83502e+00 |
1 0 19602
1 0 19602
1 0 19602
1 0 19602
1 0 19602
1 0 19601.9
1 0 19601.9
1 0 19601.9
1 0 19601.9
1 0 19601.9
73 variables; iteration 140; function evaluation 175; phase 1
Function value   1.9601916e+04; maximum gradient component mag  -9.8771e+01
Var   Value    Gradient   |Var   Value    Gradient   |Var   Value    Gradient
  1  0.24318  4.01383e+00 |  2  0.18506 -3.02954e+00 |  3  0.12103 -6.06061e+00
  4  0.07848 -3.00815e+00 |  5  0.05005  3.27527e-01 |  6  0.02877 -8.56085e-01
  7  0.01228 -2.92832e-01 |  8 -0.00097 -4.67931e-01 |  9 -0.01170 -6.94344e-01
 10 -0.02034  1.61292e+00 | 11 -0.02791 -9.55210e-01 | 12 -0.03386 -7.60598e-01
 13 -0.03842 -1.69919e+00 | 14 -0.04140  6.95611e-01 | 15 -0.04360 -4.12961e+00
 16  0.08612  1.61539e+01 | 17 -0.01436  3.31135e+01 | 18 -0.00582  3.73394e+00
 19 -0.00789 -2.43273e+01 | 20 -0.00893 -1.78824e+01 | 21 -0.00646  3.28410e+01
 22 -0.00083  2.72730e+00 | 23 -0.00309 -3.97104e+00 | 24 -0.00502  1.95253e+00
 25 -0.00572  5.21367e+00 | 26 -0.00145 -2.16844e+00 | 27 -0.00572  5.66864e+00
 28  0.00003 -1.65047e+00 | 29 -0.00417 -3.05397e+01 | 30  0.00049 -2.21893e+01
 31  0.00280  8.92332e+00 | 32  0.00365  9.65527e+00 | 33  0.00377  2.79888e+00
 34  0.00412  7.58122e+00 | 35  0.00633  8.96647e+00 | 36  0.00306 -3.84328e+00
 37  0.00459  1.24142e+00 | 38  0.00431 -7.91867e+00 | 39  0.00485  1.30678e+00
 40  0.00571 -6.63790e+00 | 41  0.00690  5.02419e-01 | 42  0.00800  2.09383e+00
 43  0.00883  1.34834e+01 | 44  0.00203 -2.20726e+01 | 45  0.14141 -9.87712e+01
 46 -0.07633 -2.32378e+01 | 47 -0.06653 -5.86977e+00 | 48 -0.05380  3.82209e+00
 49 -0.04325  2.96376e+01 | 50 -0.04574  1.55000e+00 | 51 -0.04373  9.31035e+00
 52 -0.02846 -1.95730e+01 | 53 -0.01456 -9.99823e+00 | 54 -0.00726 -9.62040e+00
 55 -0.00012  3.63528e+01 | 56  0.01203 -1.15877e+01 | 57  0.01874 -1.05503e+01
 58  0.02614  6.75365e+01 | 59  0.02122  9.88138e+00 | 60  0.01745  8.51882e+00
 61  0.01765 -6.24386e+00 | 62  0.01840 -2.38492e+00 | 63  0.01782 -8.71787e+00
 64  0.01509 -4.91971e+00 | 65  0.01656  1.53019e+00 | 66  0.01854 -1.60219e+01
 67  0.02236  3.79445e+00 | 68  0.02549 -1.73768e+01 | 69  0.02762 -3.94086e+00
 70  0.02772 -7.23904e+00 | 71  0.02670 -5.70077e+00 | 72  0.02492 -1.04116e+01
 73  0.02493  5.00016e+00 |
1 0 19601.9
1 0 19601.9
1 0 19601.9
1 0 19601.9
1 0 19601.9
1 0 19601.9
1 0 19601.9
1 0 19601.9
1 0 19601.9
1 0 19601.9
73 variables; iteration 150; function evaluation 185; phase 1
Function value   1.9601865e+04; maximum gradient component mag  -8.7293e-01
Var   Value    Gradient   |Var   Value    Gradient   |Var   Value    Gradient
  1  0.24211 -2.45542e-01 |  2  0.18416  1.52167e-01 |  3  0.12114  1.16052e-01
  4  0.07888 -8.33521e-03 |  5  0.05042 -8.82655e-02 |  6  0.02955  2.99055e-02
  7  0.01344  2.52342e-05 |  8  0.00068  1.48919e-03 |  9 -0.00953 -3.29239e-02
 10 -0.01768  6.94301e-03 | 11 -0.02413  6.49991e-03 | 12 -0.02908  2.88188e-02
 13 -0.03269 -1.16876e-02 | 14 -0.03505  3.10823e-02 | 15 -0.03623 -2.73136e-02
 16  0.08603 -2.41421e-01 | 17 -0.01516  5.46173e-03 | 18 -0.00590  2.13316e-01
 19 -0.00785 -4.83008e-01 | 20 -0.00892  3.94238e-02 | 21 -0.00652  3.78368e-01
 22 -0.00083 -8.32430e-01 | 23 -0.00305 -1.65584e-01 | 24 -0.00500  1.53766e-03
 25 -0.00573 -2.81486e-03 | 26 -0.00148  7.26135e-04 | 27 -0.00572  1.05321e-01
 28  0.00009  1.40008e-02 | 29 -0.00412 -2.51088e-01 | 30  0.00051  4.33471e-01
 31  0.00282  2.40810e-01 | 32  0.00365 -1.40975e-02 | 33  0.00379 -7.33912e-02
 34  0.00413 -2.48287e-01 | 35  0.00634  7.87883e-02 | 36  0.00309  6.24391e-02
 37  0.00463  1.97521e-01 | 38  0.00436  1.77004e-01 | 39  0.00490  2.29397e-01
 40  0.00576 -1.02553e-04 | 41  0.00693  2.59916e-02 | 42  0.00803 -3.12954e-02
 43  0.00890 -1.72617e-01 | 44  0.00236  7.67229e-02 | 45  0.14140  4.44265e-01
 46 -0.07638 -8.72933e-01 | 47 -0.06652 -2.91627e-01 | 48 -0.05375 -1.67188e-01
 49 -0.04331  5.18136e-01 | 50 -0.04574  1.69998e-01 | 51 -0.04375  2.02265e-01
 52 -0.02839  5.96940e-02 | 53 -0.01454 -5.11561e-02 | 54 -0.00722 -4.54054e-02
 55 -0.00023  2.18489e-01 | 56  0.01207 -1.73659e-01 | 57  0.01882 -1.77724e-01
 58  0.02603 -1.43272e-01 | 59  0.02125 -8.19483e-02 | 60  0.01744 -2.90588e-01
 61  0.01768 -6.02299e-04 | 62  0.01840  3.94407e-01 | 63  0.01784  5.39677e-02
 64  0.01510  1.11021e-02 | 65  0.01656  4.66216e-02 | 66  0.01861  3.99947e-02
 67  0.02235  4.76997e-01 | 68  0.02556 -7.51949e-02 | 69  0.02764  2.41781e-01
 70  0.02775 -5.28603e-02 | 71  0.02667  5.64578e-02 | 72  0.02483 -9.11607e-03
 73  0.02483 -3.29013e-03 |
1 0 19601.9
1 0 19601.9
1 0 19601.9
1 0 19601.9
1 0 19601.9
1 0 19601.9
1 0 19601.9

 - final statistics:
73 variables; iteration 157; function evaluation 192
Function value   1.9602e+04; maximum gradient component mag  -4.4653e-02
Exit code = 1;  converg criter   1.0000e-01
Var   Value    Gradient   |Var   Value    Gradient   |Var   Value    Gradient
  1  0.24212 -4.99604e-03 |  2  0.18415 -1.64086e-03 |  3  0.12113  1.49065e-03
  4  0.07888 -1.22669e-03 |  5  0.05043  3.40175e-04 |  6  0.02955  5.89701e-05
  7  0.01344 -2.64150e-04 |  8  0.00069 -9.36228e-05 |  9 -0.00952 -3.35738e-04
 10 -0.01769  4.68762e-04 | 11 -0.02414 -5.84344e-04 | 12 -0.02909  1.75514e-04
 13 -0.03270 -7.24286e-04 | 14 -0.03506  2.14453e-03 | 15 -0.03623 -1.35944e-03
 16  0.08603  2.57163e-03 | 17 -0.01516  3.85944e-03 | 18 -0.00590  1.02267e-02
 19 -0.00785 -3.90487e-03 | 20 -0.00892  2.67376e-03 | 21 -0.00652  4.66475e-03
 22 -0.00082 -5.95131e-03 | 23 -0.00305  5.36935e-04 | 24 -0.00500 -6.71990e-04
 25 -0.00573 -1.04637e-03 | 26 -0.00148 -1.54799e-03 | 27 -0.00572 -3.14841e-03
 28  0.00009 -2.13982e-03 | 29 -0.00412 -7.19859e-03 | 30  0.00050  8.19650e-03
 31  0.00282  5.77401e-03 | 32  0.00365  3.35221e-03 | 33  0.00379 -2.61125e-03
 34  0.00413 -6.02200e-03 | 35  0.00634  3.27702e-03 | 36  0.00309 -9.42098e-04
 37  0.00463 -7.67563e-04 | 38  0.00436 -7.47607e-04 | 39  0.00489 -1.43741e-03
 40  0.00576 -7.22838e-04 | 41  0.00693 -2.80445e-03 | 42  0.00803 -1.64984e-03
 43  0.00890 -1.25795e-03 | 44  0.00236  8.52716e-04 | 45  0.14140 -4.46531e-02
 46 -0.07638 -7.93575e-03 | 47 -0.06652 -6.51632e-03 | 48 -0.05375 -3.82722e-03
 49 -0.04331 -9.98327e-03 | 50 -0.04574 -1.35707e-03 | 51 -0.04375  1.00445e-03
 52 -0.02839  2.01913e-03 | 53 -0.01453 -3.20363e-03 | 54 -0.00722 -5.18913e-03
 55 -0.00023 -9.90753e-03 | 56  0.01207  2.87770e-03 | 57  0.01882  1.19152e-02
 58  0.02603  4.16865e-03 | 59  0.02125  4.07762e-03 | 60  0.01744  1.18604e-03
 61  0.01768 -1.67810e-03 | 62  0.01840  4.12157e-03 | 63  0.01784  1.35416e-03
 64  0.01510 -3.13896e-03 | 65  0.01656 -2.17963e-03 | 66  0.01861 -5.23412e-03
 67  0.02235  5.61164e-03 | 68  0.02556  1.40554e-02 | 69  0.02764 -6.81112e-03
 70  0.02775  3.51562e-03 | 71  0.02667  5.41109e-03 | 72  0.02483  3.38179e-03
 73  0.02483  2.26435e-03 |
1 0 19601.9
B0234224
0.3 0.260986
0.223702 0.332057
0.212234 0.345703
0.209629 0.348939
0.208993 0.349736
0.208836 0.349934
0.208796 0.349984
0.208787 0.349996
0.208784 0.349999
0.208784 0.35
0.208783 0.35
0.208783 0.35
0.208783 0.35
0.208783 0.35
0.208783 0.35
0.208783 0.35
0.208783 0.35
0.208783 0.35
0.208783 0.35
0.208783 0.35
0.208783 0.35
2 0 19601.9

Initial statistics: 77 variables; iteration 0; function evaluation 0; phase 2
Function value   1.9601865e+04; maximum gradient component mag  -9.5566e+02
Var   Value    Gradient   |Var   Value    Gradient   |Var   Value    Gradient
  1 -0.80709 -1.02286e+02 |  2 -0.57799  3.35680e+01 |  3  0.24212 -4.99604e-03
  4  0.18415 -1.64086e-03 |  5  0.12113  1.49065e-03 |  6  0.07888 -1.22669e-03
  7  0.05043  3.40175e-04 |  8  0.02955  5.89701e-05 |  9  0.01344 -2.64150e-04
 10  0.00069 -9.36228e-05 | 11 -0.00952 -3.35738e-04 | 12 -0.01769  4.68762e-04
 13 -0.02414 -5.84344e-04 | 14 -0.02909  1.75514e-04 | 15 -0.03270 -7.24286e-04
 16 -0.03506  2.14453e-03 | 17 -0.03623 -1.35944e-03 | 18  0.08603  2.57163e-03
 19 -0.01516  3.90076e-03 | 20 -0.00590  1.02680e-02 | 21 -0.00785 -3.86354e-03
 22 -0.00892  2.71509e-03 | 23 -0.00652  4.70608e-03 | 24 -0.00082 -5.90997e-03
 25 -0.00305  5.78270e-04 | 26 -0.00500 -6.30656e-04 | 27 -0.00573 -1.00503e-03
 28 -0.00148 -1.50665e-03 | 29 -0.00572 -3.10708e-03 | 30  0.00009 -2.09848e-03
 31 -0.00412 -7.15725e-03 | 32  0.00050  8.23784e-03 | 33  0.00282  5.81534e-03
 34  0.00365  3.39354e-03 | 35  0.00379 -2.56992e-03 | 36  0.00413 -5.98066e-03
 37  0.00634  3.31835e-03 | 38  0.00309 -9.00763e-04 | 39  0.00463 -7.26229e-04
 40  0.00436 -7.06272e-04 | 41  0.00489 -1.39608e-03 | 42  0.00576 -6.81504e-04
 43  0.00693 -2.76312e-03 | 44  0.00803 -1.60850e-03 | 45  0.00890 -1.21661e-03
 46  0.00236  8.94051e-04 | 47  0.14140 -4.46531e-02 | 48 -0.07638 -7.93230e-03
 49 -0.06652 -6.51287e-03 | 50 -0.05375 -3.82376e-03 | 51 -0.04331 -9.97980e-03
 52 -0.04574 -1.35360e-03 | 53 -0.04375  1.00791e-03 | 54 -0.02839  2.02261e-03
 55 -0.01453 -3.20016e-03 | 56 -0.00722 -5.18565e-03 | 57 -0.00023 -9.90405e-03
 58  0.01207  2.88118e-03 | 59  0.01882  1.19187e-02 | 60  0.02603  4.17212e-03
 61  0.02125  4.08110e-03 | 62  0.01744  1.18952e-03 | 63  0.01768 -1.67463e-03
 64  0.01840  4.12504e-03 | 65  0.01784  1.35764e-03 | 66  0.01510 -3.13548e-03
 67  0.01656 -2.17615e-03 | 68  0.01861 -5.23065e-03 | 69  0.02235  5.61511e-03
 70  0.02556  1.40589e-02 | 71  0.02764 -6.80765e-03 | 72  0.02775  3.51909e-03
 73  0.02667  5.41456e-03 | 74  0.02483  3.38527e-03 | 75  0.02483  2.26782e-03
 76 -0.65771 -9.55657e+02 | 77 -0.55505  6.28130e+02 |
2 0 19601.8
2 0 19601.6
2 0 19600.1
2 0 19599.4
2 0 19598
2 0 19595.6
2 0 19596.5
2 0 19594.5
2 0 19592.6
2 0 19589.5
2 0 19584.7
2 0 19580.8
2 0 19616.2
2 0 19580.4

Intermediate statistics: 77 variables; iteration 10; function evaluation 14; phase 2
Function value   1.9580443e+04; maximum gradient component mag  -3.5915e+03
Var   Value    Gradient   |Var   Value    Gradient   |Var   Value    Gradient
  1 -0.79609 -7.13234e+01 |  2 -0.58186  5.60469e+01 |  3  0.23869 -4.19425e+02
  4  0.18612 -8.36946e+01 |  5  0.12193 -3.57368e+01 |  6  0.07919 -1.85978e+01
  7  0.05059 -1.16257e+01 |  8  0.02966 -8.29533e+00 |  9  0.01352 -6.38266e+00
 10  0.00074 -5.16574e+00 | 11 -0.00948 -4.34634e+00 | 12 -0.01765 -3.77718e+00
 13 -0.02410 -3.37786e+00 | 14 -0.02906 -3.10080e+00 | 15 -0.03267 -2.91759e+00
 16 -0.03503 -2.80971e+00 | 17 -0.03620 -2.73588e+00 | 18  0.08421 -1.10268e+03
 19 -0.01571  7.76564e+02 | 20 -0.00714 -3.92310e+02 | 21 -0.00866 -2.10136e+02
 22 -0.00926 -9.14298e+01 | 23 -0.00621 -3.32302e+01 | 24 -0.00054 -1.17790e+02
 25 -0.00303  2.76354e+02 | 26 -0.00590 -1.32698e+02 | 27 -0.00648 -1.67726e+02
 28 -0.00175  6.85956e+01 | 29 -0.00633 -1.53788e+01 | 30 -0.00056 -1.87760e+02
 31 -0.00415 -1.16753e+01 | 32  0.00108  5.89503e+01 | 33  0.00436  7.28451e+02
 34  0.00462  1.54201e+02 | 35  0.00455  3.20586e+01 | 36  0.00477  4.53233e+01
 37  0.00696  1.03065e+02 | 38  0.00329 -4.91904e+00 | 39  0.00446 -1.34544e+02
 40  0.00410 -1.07404e+02 | 41  0.00462 -1.24025e+02 | 42  0.00553 -1.52138e+02
 43  0.00677 -2.09858e+02 | 44  0.00808 -1.59700e+02 | 45  0.00907 -1.49466e+02
 46  0.00350  1.59772e+02 | 47  0.14063 -3.59149e+03 | 48 -0.07743 -6.07456e+02
 49 -0.06664 -2.05440e+02 | 50 -0.05441 -2.65917e+02 | 51 -0.04355 -7.26694e+01
 52 -0.04489  3.88491e+02 | 53 -0.04267  2.64897e+02 | 54 -0.02842 -1.90794e+02
 55 -0.01515 -2.96510e+02 | 56 -0.00742 -1.51261e+02 | 57 -0.00018 -2.09729e+02
 58  0.01130 -3.23454e+02 | 59  0.01843 -1.70753e+02 | 60  0.02561 -1.65387e+02
 61  0.02146 -1.65444e+02 | 62  0.01773 -1.50840e+02 | 63  0.01805  3.45115e+01
 64  0.01874  1.22527e+02 | 65  0.01810  1.14440e+02 | 66  0.01543  1.32038e+02
 67  0.01667  1.16228e+02 | 68  0.01867  1.39903e+02 | 69  0.02235  1.22656e+02
 70  0.02562  2.22803e+02 | 71  0.02774  2.84018e+02 | 72  0.02794  3.53548e+02
 73  0.02703  4.32244e+02 | 74  0.02391 -1.88607e+01 | 75  0.02547  1.81180e+02
 76 -0.65796  4.74200e+02 | 77 -0.60808  2.82375e+02 |
2 0 19580.2
2 0 19580.3
2 0 19580.1
2 0 19579.9
2 0 19579.6
2 0 19579.3
2 0 19579.6
2 0 19579.2
2 0 19579
2 0 19578.7
2 0 19578.1
2 0 19573.5
2 0 20452.1
2 0 19621.7
2 0 19573.7
2 0 19573.3
77 variables; iteration 20; function evaluation 30; phase 2
Function value   1.9573254e+04; maximum gradient component mag  -5.3211e+03
Var   Value    Gradient   |Var   Value    Gradient   |Var   Value    Gradient
  1 -0.72077  1.43199e+02 |  2 -0.61545  1.70000e+02 |  3  0.24223 -1.70696e+02
  4  0.17747 -1.77429e+02 |  5  0.11831 -4.20767e+01 |  6  0.07887 -1.01801e+01
  7  0.05038 -1.26133e+01 |  8  0.02945 -9.40985e+00 |  9  0.01337 -7.13966e+00
 10  0.00063 -5.79017e+00 | 11 -0.00956 -4.89856e+00 | 12 -0.01771 -4.27373e+00
 13 -0.02416 -3.83699e+00 | 14 -0.02911 -3.52764e+00 | 15 -0.03272 -3.32975e+00
 16 -0.03507 -3.20717e+00 | 17 -0.03624 -3.13737e+00 | 18  0.08328 -1.20076e+03
 19 -0.01525  6.48303e+02 | 20 -0.00695 -4.05382e+02 | 21 -0.00830 -1.53097e+02
 22 -0.00875  7.52237e+01 | 23 -0.00645 -2.50754e+02 | 24 -0.00050 -1.69203e+02
 25 -0.00257  2.94620e+02 | 26 -0.00531 -5.11090e+01 | 27 -0.00632 -1.52761e+02
 28 -0.00211 -8.13166e+01 | 29 -0.00631 -1.14127e+01 | 30 -0.00038 -2.23481e+02
 31 -0.00356  1.54842e+02 | 32  0.00157  1.41842e+02 | 33  0.00445  6.39234e+02
 34  0.00519  2.39655e+02 | 35  0.00528  1.60474e+02 | 36  0.00552  1.87884e+02
 37  0.00746  2.62955e+02 | 38  0.00355  3.11828e+01 | 39  0.00456 -1.02766e+02
 40  0.00391 -1.64591e+02 | 41  0.00433 -1.87936e+02 | 42  0.00528 -1.99800e+02
 43  0.00660 -2.45979e+02 | 44  0.00777 -2.67280e+02 | 45  0.00799 -3.31523e+02
 46 -0.00068  1.77813e+02 | 47  0.14077 -5.32112e+03 | 48 -0.07736 -5.09662e+02
 49 -0.06700 -2.29370e+02 | 50 -0.05409 -1.84781e+02 | 51 -0.04366 -9.69457e+01
 52 -0.04509  3.64400e+02 | 53 -0.04294  2.31024e+02 | 54 -0.02820 -8.31278e+01
 55 -0.01482 -1.73383e+02 | 56 -0.00733 -7.36569e+01 | 57 -0.00093 -3.71525e+02
 58  0.01164 -1.87654e+02 | 59  0.01785 -3.32107e+02 | 60  0.02625 -4.15310e+01
 61  0.02122 -2.53223e+02 | 62  0.01797 -8.09367e+01 | 63  0.01820  4.91984e+01
 64  0.01907  1.32617e+02 | 65  0.01850  7.94262e+01 | 66  0.01540  5.67119e+01
 67  0.01684  8.87728e+01 | 68  0.01855  7.60202e+01 | 69  0.02220  5.28873e+01
 70  0.02537  1.34868e+02 | 71  0.02762  2.53162e+02 | 72  0.02795  3.80986e+02
 73  0.02745  5.20522e+02 | 74  0.02631  1.12638e+02 | 75  0.02283  2.44510e+02
 76 -0.66005  5.52162e+02 | 77 -0.61412  2.52307e+02 |
2 0 19573.3
2 0 19573.1
2 0 19573.1
2 0 19573.1
2 0 19572.8
2 0 19572.4
2 0 19571.9
2 0 19572.3
2 0 19571.8
2 0 19571.9
2 0 19571.8
2 0 19571.8
2 0 19571.8
2 0 19571.7
2 0 19571.7
77 variables; iteration 30; function evaluation 45; phase 2
Function value   1.9571706e+04; maximum gradient component mag  -5.8765e+03
Var   Value    Gradient   |Var   Value    Gradient   |Var   Value    Gradient
  1 -0.70798  2.54273e+02 |  2 -0.64225  1.71836e+02 |  3  0.24248 -1.18282e+02
  4  0.17669 -1.78826e+02 |  5  0.11768 -4.25097e+01 |  6  0.07853 -9.92976e+00
  7  0.05030 -1.20488e+01 |  8  0.02949 -8.96927e+00 |  9  0.01341 -7.11152e+00
 10  0.00068 -5.79832e+00 | 11 -0.00952 -4.90593e+00 | 12 -0.01767 -4.28486e+00
 13 -0.02412 -3.85179e+00 | 14 -0.02907 -3.54416e+00 | 15 -0.03268 -3.34792e+00
 16 -0.03503 -3.22453e+00 | 17 -0.03620 -3.15394e+00 | 18  0.08291 -1.26745e+03
 19 -0.01570  6.06500e+02 | 20 -0.00731 -4.31067e+02 | 21 -0.00893 -4.60589e+02
 22 -0.00828  4.10994e+02 | 23 -0.00644 -3.43869e+02 | 24 -0.00051 -2.12567e+02
 25 -0.00235  3.66286e+02 | 26 -0.00513 -4.46159e+01 | 27 -0.00619 -1.23881e+02
 28 -0.00200 -1.31844e+02 | 29 -0.00615 -3.52792e+01 | 30 -0.00020 -1.68247e+02
 31 -0.00322  3.53096e+02 | 32  0.00154  1.05035e+02 | 33  0.00444  5.49170e+02
 34  0.00526  3.01283e+02 | 35  0.00531  2.04999e+02 | 36  0.00554  1.77796e+02
 37  0.00747  2.12722e+02 | 38  0.00371  7.20899e+01 | 39  0.00475 -4.52159e+01
 40  0.00398 -1.82030e+02 | 41  0.00438 -1.82891e+02 | 42  0.00518 -2.53746e+02
 43  0.00653 -3.05578e+02 | 44  0.00777 -2.59813e+02 | 45  0.00794 -2.60464e+02
 46 -0.00134  1.30082e+02 | 47  0.14074 -5.87647e+03 | 48 -0.07744 -5.02474e+02
 49 -0.06714 -1.39227e+02 | 50 -0.05433 -2.06065e+02 | 51 -0.04350 -8.29181e+01
 52 -0.04513  3.82860e+02 | 53 -0.04305  2.13859e+02 | 54 -0.02813 -6.97218e+01
 55 -0.01477 -1.65019e+02 | 56 -0.00750 -9.74174e+01 | 57 -0.00048 -1.63435e+02
 58  0.01164 -1.26648e+02 | 59  0.01793 -3.63949e+02 | 60  0.02600 -2.01053e+02
 61  0.02136 -1.92716e+02 | 62  0.01803 -4.84632e+01 | 63  0.01812 -1.73711e+00
 64  0.01896  7.65645e+01 | 65  0.01860  1.25826e+02 | 66  0.01538  8.61218e+01
 67  0.01697  1.21476e+02 | 68  0.01857  8.65622e+01 | 69  0.02233  1.06232e+02
 70  0.02539  1.78984e+02 | 71  0.02763  3.26841e+02 | 72  0.02811  4.83855e+02
 73  0.02743  4.91358e+02 | 74  0.02677  1.26578e+02 | 75  0.02288  2.89802e+02
 76 -0.66038  6.30997e+02 | 77 -0.61518  2.43952e+02 |
2 0 19571.6
2 0 19572.1
2 0 19571.6
2 0 19571.6
2 0 19571.6
2 0 19571.6
2 0 19571.6
2 0 19571.6
2 0 19571.6
2 0 19571.6
2 0 19571.6
2 0 19571.6
2 0 19571.6
77 variables; iteration 40; function evaluation 58; phase 2
Function value   1.9571626e+04; maximum gradient component mag  -5.8860e+03
Var   Value    Gradient   |Var   Value    Gradient   |Var   Value    Gradient
  1 -0.70769  2.50513e+02 |  2 -0.64397  1.69226e+02 |  3  0.24191 -1.40058e+02
  4  0.17507 -1.94362e+02 |  5  0.11675 -4.64658e+01 |  6  0.07856 -7.25242e+00
  7  0.05018 -1.30999e+01 |  8  0.02933 -9.96038e+00 |  9  0.01333 -7.38774e+00
 10  0.00062 -6.11017e+00 | 11 -0.00956 -5.22320e+00 | 12 -0.01771 -4.56981e+00
 13 -0.02415 -4.11098e+00 | 14 -0.02910 -3.78487e+00 | 15 -0.03270 -3.57762e+00
 16 -0.03506 -3.44731e+00 | 17 -0.03623 -3.37542e+00 | 18  0.08289 -1.25609e+03
 19 -0.01617  6.18242e+02 | 20 -0.00717 -3.83601e+02 | 21 -0.00884 -4.55091e+02
 22 -0.00817  4.19194e+02 | 23 -0.00637 -3.36006e+02 | 24 -0.00049 -2.04246e+02
 25 -0.00237  3.56761e+02 | 26 -0.00517 -6.95488e+01 | 27 -0.00615 -7.77607e+01
 28 -0.00208 -1.64747e+02 | 29 -0.00621 -3.37751e+01 | 30 -0.00024 -1.85589e+02
 31 -0.00320  3.51837e+02 | 32  0.00156  8.10668e+01 | 33  0.00449  5.89155e+02
 34  0.00517  2.90440e+02 | 35  0.00521  1.80319e+02 | 36  0.00552  1.72264e+02
 37  0.00752  2.24365e+02 | 38  0.00376  8.67165e+01 | 39  0.00477 -1.64298e+01
 40  0.00394 -1.71475e+02 | 41  0.00428 -2.00962e+02 | 42  0.00507 -2.75631e+02
 43  0.00646 -3.19487e+02 | 44  0.00773 -2.80719e+02 | 45  0.00805 -2.54856e+02
 46 -0.00080  1.42752e+02 | 47  0.14067 -5.88596e+03 | 48 -0.07729 -4.94275e+02
 49 -0.06715 -1.76476e+02 | 50 -0.05426 -2.09421e+02 | 51 -0.04338 -6.06675e+01
 52 -0.04499  4.07445e+02 | 53 -0.04307  1.97789e+02 | 54 -0.02801 -2.92885e+01
 55 -0.01474 -1.66073e+02 | 56 -0.00741 -8.80452e+01 | 57 -0.00050 -1.79260e+02
 58  0.01166 -1.30139e+02 | 59  0.01797 -3.54862e+02 | 60  0.02609 -1.66290e+02
 61  0.02153 -1.57918e+02 | 62  0.01803 -7.14627e+01 | 63  0.01807 -2.89576e+01
 64  0.01894  6.38901e+01 | 65  0.01865  1.27989e+02 | 66  0.01550  1.03040e+02
 67  0.01701  9.91309e+01 | 68  0.01857  4.37057e+01 | 69  0.02233  7.17027e+01
 70  0.02538  1.57408e+02 | 71  0.02760  3.10105e+02 | 72  0.02815  4.94087e+02
 73  0.02739  4.91897e+02 | 74  0.02651  1.28354e+02 | 75  0.02194  2.83755e+02
 76 -0.66042  6.18025e+02 | 77 -0.61532  2.44188e+02 |
2 0 19571.6
2 0 19571.6
2 0 19571.6
2 0 19571.6
2 0 19571.6
2 0 19571.6
2 0 19571.6
2 0 19571.6
2 0 19571.6
2 0 19571.6
2 0 19571.6
2 0 19571.6
2 0 19571.5
2 0 19571.4
77 variables; iteration 50; function evaluation 72; phase 2
Function value   1.9571460e+04; maximum gradient component mag  -5.8956e+03
Var   Value    Gradient   |Var   Value    Gradient   |Var   Value    Gradient
  1 -0.70764  2.46393e+02 |  2 -0.64473  1.67470e+02 |  3  0.24203 -1.39467e+02
  4  0.17524 -1.92900e+02 |  5  0.11527 -4.30780e+01 |  6  0.07330 -2.39661e+01
  7  0.04504 -2.70173e+01 |  8  0.02787 -8.42508e-01 |  9  0.01256 -5.66364e+00
 10 -0.00014 -8.21798e+00 | 11 -0.00981 -4.71918e+00 | 12 -0.01770 -4.25547e+00
 13 -0.02407 -4.24838e+00 | 14 -0.02898 -3.99463e+00 | 15 -0.03256 -3.78623e+00
 16 -0.03491 -3.65344e+00 | 17 -0.03607 -3.58005e+00 | 18  0.08290 -1.23748e+03
 19 -0.01634  6.05668e+02 | 20 -0.00714 -3.93125e+02 | 21 -0.00881 -4.45531e+02
 22 -0.00815  4.10403e+02 | 23 -0.00639 -3.38048e+02 | 24 -0.00055 -2.21482e+02
 25 -0.00243  3.51441e+02 | 26 -0.00532 -1.36949e+02 | 27 -0.00616 -9.40641e+01
 28 -0.00202 -1.63475e+02 | 29 -0.00612 -4.78729e+00 | 30 -0.00015 -1.37321e+02
 31 -0.00319  3.45230e+02 | 32  0.00149  3.68967e+01 | 33  0.00446  5.83312e+02
 34  0.00517  2.89464e+02 | 35  0.00521  1.64894e+02 | 36  0.00554  1.92339e+02
 37  0.00749  2.06468e+02 | 38  0.00369  5.98573e+01 | 39  0.00474  6.32123e+00
 40  0.00383 -2.31010e+02 | 41  0.00422 -2.27374e+02 | 42  0.00504 -2.82033e+02
 43  0.00643 -3.26637e+02 | 44  0.00777 -2.60328e+02 | 45  0.00810 -2.77900e+02
 46 -0.00061  1.49610e+02 | 47  0.14064 -5.89556e+03 | 48 -0.07720 -4.85408e+02
 49 -0.06722 -2.07585e+02 | 50 -0.05420 -2.02592e+02 | 51 -0.04333 -6.16899e+01
 52 -0.04503  3.84245e+02 | 53 -0.04299  2.05645e+02 | 54 -0.02804 -3.02568e+01
 55 -0.01473 -1.28479e+02 | 56 -0.00732 -3.74417e+01 | 57 -0.00044 -1.60762e+02
 58  0.01166 -1.68314e+02 | 59  0.01798 -3.96138e+02 | 60  0.02609 -1.80926e+02
 61  0.02155 -1.52908e+02 | 62  0.01801 -8.10714e+01 | 63  0.01813 -1.50823e+01
 64  0.01899  6.71371e+01 | 65  0.01864  1.13035e+02 | 66  0.01558  1.24448e+02
 67  0.01696  6.86005e+01 | 68  0.01860  4.58772e+01 | 69  0.02233  8.94543e+01
 70  0.02544  1.83566e+02 | 71  0.02759  3.05016e+02 | 72  0.02815  4.77667e+02
 73  0.02737  4.80762e+02 | 74  0.02654  1.56818e+02 | 75  0.02142  2.81265e+02
 76 -0.66048  5.94528e+02 | 77 -0.61568  2.43922e+02 |
2 0 19571.5
2 0 19571.4
2 0 19571.4
2 0 19571.3
2 0 19571.3
2 0 19571.2
2 0 19571.1
2 0 19571.4
2 0 19571.1
2 0 19571.1
2 0 19570.9
2 0 19570.6
2 0 19570.2
77 variables; iteration 60; function evaluation 85; phase 2
Function value   1.9570170e+04; maximum gradient component mag  -5.7864e+03
Var   Value    Gradient   |Var   Value    Gradient   |Var   Value    Gradient
  1 -0.70709  2.19473e+02 |  2 -0.64925  1.54066e+02 |  3  0.24240 -1.44198e+02
  4  0.17655 -1.84059e+02 |  5  0.11426 -4.57185e+01 |  6  0.07003 -1.31547e+01
  7  0.03550 -4.08982e+01 |  8  0.01554 -1.01344e+00 |  9 -0.00302 -5.09380e+01
 10 -0.00571  9.24479e+00 | 11 -0.01075  9.59198e+00 | 12 -0.01839 -8.39082e+00
 13 -0.02331 -2.58651e+00 | 14 -0.02733 -2.07868e+00 | 15 -0.03063 -3.32398e+00
 16 -0.03287 -3.59125e+00 | 17 -0.03399 -3.55946e+00 | 18  0.08321 -1.15923e+03
 19 -0.01609  5.93931e+02 | 20 -0.00694 -3.52972e+02 | 21 -0.00899 -4.66914e+02
 22 -0.00846  3.38624e+02 | 23 -0.00652 -3.49969e+02 | 24 -0.00048 -1.77265e+02
 25 -0.00220  3.78313e+02 | 26 -0.00513 -8.77885e+01 | 27 -0.00627 -1.14266e+02
 28 -0.00220 -1.82187e+02 | 29 -0.00616 -4.06999e+01 | 30  0.00007 -1.29103e+02
 31 -0.00292  3.99954e+02 | 32  0.00159  7.44484e+01 | 33  0.00441  5.64290e+02
 34  0.00507  2.76169e+02 | 35  0.00506  1.37959e+02 | 36  0.00546  1.90610e+02
 37  0.00738  1.89315e+02 | 38  0.00359  5.57900e+01 | 39  0.00486 -2.02933e+01
 40  0.00440 -7.20950e+01 | 41  0.00454 -1.29163e+02 | 42  0.00481 -3.95880e+02
 43  0.00626 -3.42143e+02 | 44  0.00766 -2.30494e+02 | 45  0.00778 -3.43972e+02
 46 -0.00079  1.07057e+02 | 47  0.14074 -5.78639e+03 | 48 -0.07684 -4.00811e+02
 49 -0.06716 -1.85733e+02 | 50 -0.05436 -2.21444e+02 | 51 -0.04353 -7.81249e+01
 52 -0.04525  3.41711e+02 | 53 -0.04308  1.96077e+02 | 54 -0.02791  7.93158e+00
 55 -0.01468 -1.19289e+02 | 56 -0.00756 -1.02877e+02 | 57 -0.00072 -2.16620e+02
 58  0.01159 -1.39179e+02 | 59  0.01817 -2.98750e+02 | 60  0.02619 -1.39678e+02
 61  0.02152 -1.44014e+02 | 62  0.01799 -6.45270e+01 | 63  0.01799 -3.11970e+01
 64  0.01884  4.50587e+01 | 65  0.01863  1.28010e+02 | 66  0.01534  7.25800e+01
 67  0.01669  3.37049e+01 | 68  0.01869  7.76721e+01 | 69  0.02264  1.17556e+02
 70  0.02545  1.86945e+02 | 71  0.02743  3.05491e+02 | 72  0.02802  4.46643e+02
 73  0.02729  4.64136e+02 | 74  0.02609  7.24394e+01 | 75  0.02303  2.86914e+02
 76 -0.66055  5.33887e+02 | 77 -0.61777  2.34721e+02 |
2 0 19570.5
2 0 19570
2 0 19569.7
2 0 19569.2
2 0 19569.5
2 0 19569
2 0 19568.6
2 0 19568
2 0 19568.4
2 0 19567.7
2 0 19567.3
2 0 19566.4
2 0 19566.7
2 0 19566.1
77 variables; iteration 70; function evaluation 99; phase 2
Function value   1.9566090e+04; maximum gradient component mag  -5.2534e+03
Var   Value    Gradient   |Var   Value    Gradient   |Var   Value    Gradient
  1 -0.70548  1.31540e+02 |  2 -0.66180  1.07638e+02 |  3  0.24284 -9.32307e+01
  4  0.17869 -1.56712e+02 |  5  0.11625 -3.56119e+01 |  6  0.07120 -1.11979e+01
  7  0.03626 -3.17741e+01 |  8  0.01366  1.89831e+00 |  9 -0.00810 -3.73348e+01
 10 -0.01793 -1.50080e+01 | 11 -0.02272  2.30147e+00 | 12 -0.02778 -1.58248e+01
 13 -0.02774 -5.38609e+00 | 14 -0.02576  9.76131e+00 | 15 -0.02641  2.23513e+00
 16 -0.02744 -1.57425e+00 | 17 -0.02772 -5.06755e-02 | 18  0.08431 -9.88128e+02
 19 -0.01575  5.03335e+02 | 20 -0.00680 -2.95641e+02 | 21 -0.00870 -3.49607e+02
 22 -0.00863  2.65018e+02 | 23 -0.00663 -3.12732e+02 | 24 -0.00058 -1.12141e+02
 25 -0.00242  2.90373e+02 | 26 -0.00496 -5.85595e+01 | 27 -0.00599 -6.20499e+01
 28 -0.00201 -1.33032e+02 | 29 -0.00615 -5.05779e+01 | 30  0.00005 -1.14438e+02
 31 -0.00331  3.06416e+02 | 32  0.00098 -4.29976e+01 | 33  0.00406  4.85101e+02
 34  0.00515  3.25613e+02 | 35  0.00473  8.39513e+01 | 36  0.00511  1.34232e+02
 37  0.00764  2.64164e+02 | 38  0.00398  1.49630e+02 | 39  0.00454 -9.01467e+01
 40  0.00420 -1.07502e+02 | 41  0.00459 -9.09817e+01 | 42  0.00450 -4.62032e+02
 43  0.00666 -2.32624e+02 | 44  0.00810 -1.28295e+02 | 45  0.00772 -3.85019e+02
 46 -0.00025  1.03674e+02 | 47  0.14079 -5.25338e+03 | 48 -0.07703 -4.05056e+02
 49 -0.06687 -1.10025e+02 | 50 -0.05428 -2.10240e+02 | 51 -0.04360 -1.04221e+02
 52 -0.04531  2.85863e+02 | 53 -0.04324  1.43037e+02 | 54 -0.02818 -4.75942e+01
 55 -0.01459 -9.33339e+01 | 56 -0.00742 -7.99265e+01 | 57 -0.00063 -2.02186e+02
 58  0.01158 -1.52866e+02 | 59  0.01852 -1.86909e+02 | 60  0.02597 -1.48640e+02
 61  0.02085 -2.72716e+02 | 62  0.01835  5.07615e+01 | 63  0.01816  2.30710e+01
 64  0.01840 -5.81004e+01 | 65  0.01828  3.21284e+01 | 66  0.01601  2.26493e+02
 67  0.01692  8.37980e+01 | 68  0.01806 -8.06802e+01 | 69  0.02298  2.09402e+02
 70  0.02540  1.77158e+02 | 71  0.02664  7.88210e+01 | 72  0.02915  7.09492e+02
 73  0.02679  3.23509e+02 | 74  0.02589  8.49874e+01 | 75  0.02356  2.61554e+02
 76 -0.66055  4.28622e+02 | 77 -0.62349  2.05484e+02 |
2 0 19565.4
2 0 19566.5
2 0 19565.2
2 0 19564.9
2 0 19562.9
2 0 19561.8
2 0 19560.8
2 0 19560.5
2 0 19561.8
2 0 19560.5
2 0 19560.4
2 0 19559.5
2 0 19553
2 0 19641.4
2 0 19552.6
2 0 19552
77 variables; iteration 80; function evaluation 115; phase 2
Function value   1.9552030e+04; maximum gradient component mag  -1.2380e+03
Var   Value    Gradient   |Var   Value    Gradient   |Var   Value    Gradient
  1 -0.69505 -1.22372e+01 |  2 -0.69107  9.82069e+00 |  3  0.24041 -3.30123e+01
  4  0.18503 -3.93729e+01 |  5  0.12332 -2.78480e+00 |  6  0.08081 -7.46563e-01
  7  0.05131 -1.00430e+01 |  8  0.03152 -4.38672e-01 |  9  0.01610 -7.00502e+00
 10  0.00575  2.44921e+00 | 11 -0.00297  1.05532e+01 | 12 -0.01293  1.06334e+01
 13 -0.02454  2.42649e+01 | 14 -0.04227  1.82774e+01 | 15 -0.06477 -5.02236e+01
 16 -0.07161  3.70356e+00 | 17 -0.07919 -2.37388e+01 | 18  0.09025 -4.83200e+02
 19 -0.01580  1.88985e+02 | 20 -0.00637 -9.08700e+01 | 21 -0.00795 -2.77774e+01
 22 -0.00889  6.10321e+01 | 23 -0.00679 -1.08390e+02 | 24 -0.00101  6.46505e+00
 25 -0.00276  1.10971e+02 | 26 -0.00446  5.09867e+01 | 27 -0.00548  7.20276e+00
 28 -0.00128 -1.81579e+00 | 29 -0.00563  8.23561e+00 | 30  0.00038 -7.07946e+00
 31 -0.00385  7.12484e+01 | 32  0.00047 -9.04143e+01 | 33  0.00288  8.01506e+01
 34  0.00392  8.11710e+01 | 35  0.00405  1.13042e+01 | 36  0.00441  3.13773e+01
 37  0.00662  5.61972e+01 | 38  0.00321  1.13302e+01 | 39  0.00462 -4.80139e+01
 40  0.00444 -3.71624e+01 | 41  0.00483 -4.51402e+01 | 42  0.00537 -1.56958e+02
 43  0.00701 -6.38450e+01 | 44  0.00809 -7.87412e+01 | 45  0.00874 -1.55994e+02
 46  0.00117  1.00160e+02 | 47  0.14125 -1.23800e+03 | 48 -0.07683 -1.45620e+02
 49 -0.06665 -5.77060e+01 | 50 -0.05398 -9.63040e+01 | 51 -0.04342 -4.58376e+01
 52 -0.04584  3.99701e+00 | 53 -0.04376 -4.49605e+01 | 54 -0.02849 -7.87327e+01
 55 -0.01460 -5.93463e+01 | 56 -0.00739 -6.14536e+01 | 57 -0.00021 -6.97820e+01
 58  0.01190 -6.21350e+01 | 59  0.01889  3.36899e+00 | 60  0.02603 -9.35321e+00
 61  0.02123 -1.36235e+01 | 62  0.01775  5.48500e+01 | 63  0.01780  1.80751e+01
 64  0.01851  8.68406e+00 | 65  0.01804  1.81812e+01 | 66  0.01519  4.97208e+01
 67  0.01668  2.87611e+01 | 68  0.01842 -1.85900e+01 | 69  0.02272  9.13754e+01
 70  0.02540  4.92681e+01 | 71  0.02733  3.07044e+01 | 72  0.02842  3.01675e+02
 73  0.02638  7.14224e+01 | 74  0.02599  5.09853e+01 | 75  0.02417  5.20905e+01
 76 -0.66113  4.22679e+02 | 77 -0.65504  4.05965e+01 |
2 0 19550.9
2 0 19549.2
2 0 19548.5
2 0 19548.4
2 0 19548.3
2 0 19548.3
2 0 19548.2
2 0 19548.2
2 0 19548.2
2 0 19548.2
2 0 19548.2
77 variables; iteration 90; function evaluation 126; phase 2
Function value   1.9548172e+04; maximum gradient component mag  -8.9525e+01
Var   Value    Gradient   |Var   Value    Gradient   |Var   Value    Gradient
  1 -0.68240  4.36394e-01 |  2 -0.72063  4.47619e-01 |  3  0.23886  1.28994e+00
  4  0.18587  4.22185e-01 |  5  0.12266  1.55218e-01 |  6  0.08029  1.58935e-01
  7  0.05185  1.50454e-01 |  8  0.03101  7.50338e-02 |  9  0.01495  3.29101e-02
 10  0.00224 -5.21443e-02 | 11 -0.00790 -4.48297e-02 | 12 -0.01598 -2.68323e-04
 13 -0.02235 -1.00676e-01 | 14 -0.02718 -9.21171e-02 | 15 -0.03064  3.34339e-01
 16 -0.03294  7.38110e-02 | 17 -0.03406  1.82977e-01 | 18  0.09453  2.99114e+01
 19 -0.01678 -6.32394e+00 | 20 -0.00619  1.49686e+00 | 21 -0.00775 -1.59144e+00
 22 -0.00887 -5.03272e-01 | 23 -0.00667  1.39806e+00 | 24 -0.00109 -2.02421e-01
 25 -0.00298 -3.34131e+00 | 26 -0.00456 -1.59369e+00 | 27 -0.00545 -4.03797e-01
 28 -0.00112 -7.99727e-01 | 29 -0.00553 -2.87680e+00 | 30  0.00044  4.53798e-01
 31 -0.00396 -1.89849e-01 | 32  0.00054  3.42655e+00 | 33  0.00259  2.87546e+00
 34  0.00357  1.43706e+00 | 35  0.00393  1.50566e+00 | 36  0.00426  1.74819e+00
 37  0.00643  3.23299e+00 | 38  0.00319  5.53844e-01 | 39  0.00489  8.04849e-01
 40  0.00471  5.20994e-02 | 41  0.00513  3.50968e-01 | 42  0.00597  8.78097e-01
 43  0.00718  1.48935e+00 | 44  0.00830  1.69211e+00 | 45  0.00929  1.25590e+00
 46  0.00054 -6.52768e+00 | 47  0.14167 -8.95251e+01 | 48 -0.07682  4.91261e+00
 49 -0.06672  3.19488e+00 | 50 -0.05402  1.98370e+00 | 51 -0.04346 -5.78577e-01
 52 -0.04588 -9.73273e-02 | 53 -0.04380  2.25207e+00 | 54 -0.02866  2.93636e+00
 55 -0.01482  1.77652e+00 | 56 -0.00748  9.62147e-01 | 57 -0.00021  2.16017e+00
 58  0.01189  1.10665e+00 | 59  0.01865  1.48019e-01 | 60  0.02600 -2.06809e+00
 61  0.02124 -2.15946e+00 | 62  0.01740 -2.25324e+00 | 63  0.01761 -1.67089e+00
 64  0.01839 -1.66231e+00 | 65  0.01785 -2.83496e+00 | 66  0.01486 -2.27033e+00
 67  0.01653 -1.40240e+00 | 68  0.01849 -5.95980e-01 | 69  0.02243 -1.40922e+00
 70  0.02539 -1.50303e+00 | 71  0.02756 -1.55205e+00 | 72  0.02766 -3.19611e+00
 73  0.02654 -1.78171e+00 | 74  0.02649  3.01732e+00 | 75  0.02650  4.48924e+00
 76 -0.66444 -7.61664e+01 | 77 -0.70353  7.22204e+00 |
2 0 19548.2
2 0 19548.2
2 0 19548.2
2 0 19548.2
2 0 19548.2
2 0 19548.2
2 0 19548.2
2 0 19548.2
2 0 19548.2
2 0 19548.2
77 variables; iteration 100; function evaluation 136; phase 2
Function value   1.9548167e+04; maximum gradient component mag  -2.2071e+01
Var   Value    Gradient   |Var   Value    Gradient   |Var   Value    Gradient
  1 -0.67859  3.73832e-01 |  2 -0.73175  1.31950e-01 |  3  0.23888 -1.44940e-01
  4  0.18585 -2.34873e-02 |  5  0.12263 -1.81830e-02 |  6  0.08023 -1.09388e-02
  7  0.05179 -7.28466e-03 |  8  0.03095 -7.32355e-03 |  9  0.01490 -2.42006e-03
 10  0.00220 -1.10456e-03 | 11 -0.00795 -2.27182e-03 | 12 -0.01607 -2.19823e-03
 13 -0.02249 -2.47269e-03 | 14 -0.02741 -6.97220e-04 | 15 -0.03100  5.64962e-03
 16 -0.03334 -1.82393e-03 | 17 -0.03450  5.34874e-04 | 18  0.09434  3.48524e+00
 19 -0.01677 -3.42242e-01 | 20 -0.00619 -6.39836e-02 | 21 -0.00775 -1.99113e-01
 22 -0.00887 -1.53042e-01 | 23 -0.00666  1.48790e-01 | 24 -0.00109  5.67774e-02
 25 -0.00297 -3.56200e-01 | 26 -0.00457 -2.05748e-01 | 27 -0.00546 -8.75418e-02
 28 -0.00112 -3.98906e-02 | 29 -0.00553 -2.56578e-01 | 30  0.00043  3.26668e-02
 31 -0.00396 -9.12853e-02 | 32  0.00054  3.73568e-01 | 33  0.00259  2.99619e-01
 34  0.00357  1.34170e-01 | 35  0.00393  1.30210e-01 | 36  0.00426  1.72282e-01
 37  0.00643  3.27211e-01 | 38  0.00319  3.96890e-02 | 39  0.00488  1.08775e-01
 40  0.00470  2.10665e-02 | 41  0.00513  6.34081e-02 | 42  0.00596  1.01229e-01
 43  0.00718  1.74036e-01 | 44  0.00829  2.04494e-01 | 45  0.00928  1.62898e-01
 46  0.00056 -7.52030e-01 | 47  0.14167 -1.14386e+01 | 48 -0.07682  3.42588e-01
 49 -0.06672  2.86511e-01 | 50 -0.05402  2.16959e-01 | 51 -0.04345 -1.90987e-02
 52 -0.04588 -4.04076e-02 | 53 -0.04380  1.98174e-01 | 54 -0.02866  2.77504e-01
 55 -0.01482  1.84728e-01 | 56 -0.00748  1.00659e-01 | 57 -0.00022  2.06781e-01
 58  0.01189  7.47842e-02 | 59  0.01865  4.71872e-02 | 60  0.02600 -2.08085e-01
 61  0.02124 -2.94155e-01 | 62  0.01740 -2.22306e-01 | 63  0.01761 -1.83164e-01
 64  0.01839 -2.14493e-01 | 65  0.01785 -3.32973e-01 | 66  0.01487 -2.09293e-01
 67  0.01653 -1.39671e-01 | 68  0.01849 -8.35989e-02 | 69  0.02243 -1.01347e-01
 70  0.02539 -1.55177e-01 | 71  0.02756 -1.87099e-01 | 72  0.02766 -2.66047e-01
 73  0.02654 -2.41413e-01 | 74  0.02647  3.73471e-01 | 75  0.02647  5.57013e-01
 76 -0.66605 -2.20706e+01 | 77 -0.72234  1.79625e+00 |
2 0 19548.2
2 0 19548.2
2 0 19548.2
2 0 19548.2
2 0 19548.2
2 0 19548.2
2 0 19548.2
2 0 19548.2
2 0 19548.2
2 0 19548.2
2 0 19548.2
77 variables; iteration 110; function evaluation 147; phase 2
Function value   1.9548166e+04; maximum gradient component mag  -5.2520e+00
Var   Value    Gradient   |Var   Value    Gradient   |Var   Value    Gradient
  1 -0.67736  8.82092e-02 |  2 -0.73547  2.99460e-02 |  3  0.23888 -2.03725e-02
  4  0.18585 -1.79606e-03 |  5  0.12263 -3.75478e-04 |  6  0.08023 -2.98946e-04
  7  0.05179 -3.23684e-04 |  8  0.03096 -1.50895e-04 |  9  0.01490 -2.47320e-04
 10  0.00221 -1.24224e-04 | 11 -0.00795  3.62046e-05 | 12 -0.01607  8.45140e-05
 13 -0.02249  2.59127e-04 | 14 -0.02741  1.88429e-04 | 15 -0.03100 -5.92759e-04
 16 -0.03334  2.42719e-05 | 17 -0.03451 -3.49394e-04 | 18  0.09433  4.93482e-01
 19 -0.01677 -5.06792e-02 | 20 -0.00619 -9.24205e-03 | 21 -0.00775 -2.85196e-02
 22 -0.00887 -2.01734e-02 | 23 -0.00666  1.74603e-02 | 24 -0.00109  1.02645e-02
 25 -0.00297 -4.95621e-02 | 26 -0.00457 -2.60311e-02 | 27 -0.00546 -1.06770e-02
 28 -0.00112 -5.53494e-03 | 29 -0.00553 -3.59036e-02 | 30  0.00043  5.36974e-03
 31 -0.00396 -1.10843e-02 | 32  0.00054  5.00436e-02 | 33  0.00259  4.69307e-02
 34  0.00357  2.14872e-02 | 35  0.00393  1.87622e-02 | 36  0.00426  2.58455e-02
 37  0.00643  5.09076e-02 | 38  0.00319  4.42623e-03 | 39  0.00488  1.38324e-02
 40  0.00470  5.95157e-04 | 41  0.00513  7.40075e-03 | 42  0.00596  1.18947e-02
 43  0.00718  2.37221e-02 | 44  0.00829  2.64199e-02 | 45  0.00928  1.84485e-02
 46  0.00056 -1.06803e-01 | 47  0.14167 -1.79816e+00 | 48 -0.07682  4.42704e-02
 49 -0.06672  3.98779e-02 | 50 -0.05402  2.84909e-02 | 51 -0.04345 -4.53790e-03
 52 -0.04588 -8.50556e-03 | 53 -0.04380  2.57111e-02 | 54 -0.02866  3.91794e-02
 55 -0.01482  2.70543e-02 | 56 -0.00748  1.38206e-02 | 57 -0.00022  2.92319e-02
 58  0.01189  9.47484e-03 | 59  0.01865  9.12904e-03 | 60  0.02600 -3.01973e-02
 61  0.02124 -4.46341e-02 | 62  0.01740 -3.13086e-02 | 63  0.01761 -2.60641e-02
 64  0.01839 -3.22862e-02 | 65  0.01785 -5.09792e-02 | 66  0.01487 -2.90771e-02
 67  0.01653 -2.00682e-02 | 68  0.01849 -1.22769e-02 | 69  0.02243 -1.19304e-02
 70  0.02539 -2.21088e-02 | 71  0.02756 -2.66935e-02 | 72  0.02766 -2.96430e-02
 73  0.02654 -3.21586e-02 | 74  0.02647  5.78647e-02 | 75  0.02647  8.76543e-02
 76 -0.66651 -5.25203e+00 | 77 -0.72814  4.19065e-01 |
2 0 19548.2
2 0 19548.2
2 0 19548.2
2 0 19548.2
2 0 19548.2
2 0 19548.2
2 0 19548.2
2 0 19548.2
2 0 19548.2
2 0 19548.2
2 0 19548.2
77 variables; iteration 120; function evaluation 158; phase 2
Function value   1.9548166e+04; maximum gradient component mag  -5.6936e-01
Var   Value    Gradient   |Var   Value    Gradient   |Var   Value    Gradient
  1 -0.67673  8.45761e-02 |  2 -0.73740  2.78611e-02 |  3  0.23888 -1.45887e-03
  4  0.18585  4.21602e-04 |  5  0.12263  8.67267e-04 |  6  0.08024  6.29376e-04
  7  0.05179  4.87077e-04 |  8  0.03096  4.02021e-04 |  9  0.01490  2.05556e-04
 10  0.00221  3.83394e-05 | 11 -0.00795 -3.56361e-05 | 12 -0.01607 -9.60978e-05
 13 -0.02249 -1.58113e-04 | 14 -0.02741 -1.79046e-04 | 15 -0.03100 -5.89736e-05
 16 -0.03334  5.13753e-05 | 17 -0.03451  2.13517e-04 | 18  0.09434  5.32789e-02
 19 -0.01677 -1.01123e-02 | 20 -0.00619  3.78313e-04 | 21 -0.00775 -3.22917e-03
 22 -0.00887 -2.22553e-03 | 23 -0.00666  1.94334e-03 | 24 -0.00109  1.05357e-03
 25 -0.00297 -5.98023e-03 | 26 -0.00457 -2.71177e-03 | 27 -0.00546 -9.73782e-04
 28 -0.00112 -6.64439e-04 | 29 -0.00553 -4.20370e-03 | 30  0.00043  1.11235e-03
 31 -0.00396 -1.09181e-03 | 32  0.00054  5.81863e-03 | 33  0.00259  5.59610e-03
 34  0.00357  2.55373e-03 | 35  0.00393  2.05427e-03 | 36  0.00426  3.01842e-03
 37  0.00643  6.78596e-03 | 38  0.00319  4.90536e-04 | 39  0.00488  1.90513e-03
 40  0.00470 -3.90481e-05 | 41  0.00513  1.18762e-03 | 42  0.00596  2.05619e-03
 43  0.00718  3.28918e-03 | 44  0.00829  2.68113e-03 | 45  0.00928  1.15540e-05
 46  0.00056 -1.07044e-02 | 47  0.14167 -2.55134e-01 | 48 -0.07682  5.64562e-03
 49 -0.06672  4.90761e-03 | 50 -0.05402  3.63064e-03 | 51 -0.04345 -4.92376e-04
 52 -0.04588 -1.39806e-03 | 53 -0.04380  2.67068e-03 | 54 -0.02866  4.59384e-03
 55 -0.01482  3.45251e-03 | 56 -0.00748  1.80334e-03 | 57 -0.00022  3.49102e-03
 58  0.01189  9.54668e-04 | 59  0.01865  1.17056e-03 | 60  0.02600 -3.61249e-03
 61  0.02124 -5.70385e-03 | 62  0.01740 -4.01819e-03 | 63  0.01761 -3.17550e-03
 64  0.01839 -4.24889e-03 | 65  0.01785 -7.14197e-03 | 66  0.01487 -3.56403e-03
 67  0.01653 -3.01331e-03 | 68  0.01849 -1.54227e-03 | 69  0.02243 -2.15951e-03
 70  0.02539 -3.27739e-03 | 71  0.02756 -3.42330e-03 | 72  0.02766 -3.58390e-03
 73  0.02654 -2.41701e-03 | 74  0.02647  7.75665e-03 | 75  0.02647  1.23880e-02
 76 -0.66674 -5.69364e-01 | 77 -0.73101  4.50158e-02 |
2 0 19548.2
2 0 19548.2
2 0 19548.2
2 0 19548.2
2 0 19548.2
2 0 19548.2
2 0 19548.2
2 0 19548.2
2 0 19548.2
2 0 19548.2
2 0 19548.2
2 0 19548.2
2 0 19548.2
77 variables; iteration 130; function evaluation 171; phase 2
Function value   1.9548166e+04; maximum gradient component mag  -6.4761e-01
Var   Value    Gradient   |Var   Value    Gradient   |Var   Value    Gradient
  1 -0.67620  7.96661e-03 |  2 -0.73902  2.64933e-03 |  3  0.23888 -2.33533e-03
  4  0.18585 -3.23211e-04 |  5  0.12263 -2.16280e-04 |  6  0.08023 -1.40991e-04
  7  0.05179 -1.08414e-04 |  8  0.03096 -8.95164e-05 |  9  0.01490 -5.28120e-05
 10  0.00221 -2.31691e-05 | 11 -0.00795 -9.42819e-06 | 12 -0.01607  2.03329e-06
 13 -0.02249  1.60294e-05 | 14 -0.02741  2.16430e-05 | 15 -0.03100 -4.99150e-06
 16 -0.03334 -1.33457e-05 | 17 -0.03451 -4.01742e-05 | 18  0.09434  5.72290e-02
 19 -0.01677 -5.54098e-03 | 20 -0.00619 -1.11478e-03 | 21 -0.00775 -3.29574e-03
 22 -0.00887 -2.38557e-03 | 23 -0.00666  2.17958e-03 | 24 -0.00109  1.06275e-03
 25 -0.00297 -5.78533e-03 | 26 -0.00457 -3.15436e-03 | 27 -0.00546 -1.30830e-03
 28 -0.00112 -6.69304e-04 | 29 -0.00553 -4.19997e-03 | 30  0.00043  5.80451e-04
 31 -0.00396 -1.35032e-03 | 32  0.00054  5.93431e-03 | 33  0.00259  5.23497e-03
 34  0.00357  2.37739e-03 | 35  0.00393  2.17028e-03 | 36  0.00426  2.93483e-03
 37  0.00643  5.68838e-03 | 38  0.00319  5.81948e-04 | 39  0.00488  1.67161e-03
 40  0.00470  1.72966e-04 | 41  0.00513  9.11274e-04 | 42  0.00596  1.46802e-03
 43  0.00718  2.76200e-03 | 44  0.00829  3.12417e-03 | 45  0.00928  2.21136e-03
 46  0.00056 -1.22657e-02 | 47  0.14167 -1.99298e-01 | 48 -0.07682  5.36021e-03
 49 -0.06672  4.68196e-03 | 50 -0.05402  3.39360e-03 | 51 -0.04345 -4.75788e-04
 52 -0.04588 -8.50879e-04 | 53 -0.04380  3.09828e-03 | 54 -0.02866  4.55830e-03
 55 -0.01482  3.09330e-03 | 56 -0.00748  1.61346e-03 | 57 -0.00022  3.38535e-03
 58  0.01189  1.16162e-03 | 59  0.01865  9.46172e-04 | 60  0.02600 -3.48580e-03
 61  0.02124 -5.02697e-03 | 62  0.01740 -3.64608e-03 | 63  0.01761 -3.02337e-03
 64  0.01839 -3.64208e-03 | 65  0.01785 -5.71768e-03 | 66  0.01487 -3.40465e-03
 67  0.01653 -2.30439e-03 | 68  0.01849 -1.40193e-03 | 69  0.02243 -1.49471e-03
 70  0.02539 -2.56604e-03 | 71  0.02756 -3.09339e-03 | 72  0.02766 -3.78701e-03
 73  0.02654 -3.74351e-03 | 74  0.02647  6.47632e-03 | 75  0.02647  9.71949e-03
 76 -0.66692 -6.47609e-01 | 77 -0.73333  5.07941e-02 |
2 0 19548.2
2 0 19548.2
2 0 19548.2
2 0 19548.2
2 0 19548.2
2 0 19548.2
2 0 19548.2
2 0 19548.2
2 0 19548.2
2 0 19548.2
2 0 19548.2
2 0 19548.2
2 0 19548.2
77 variables; iteration 140; function evaluation 184; phase 2
Function value   1.9548166e+04; maximum gradient component mag  -3.5327e-01
Var   Value    Gradient   |Var   Value    Gradient   |Var   Value    Gradient
  1 -0.67587  1.03793e-02 |  2 -0.74004  3.37611e-03 |  3  0.23888 -1.14953e-03
  4  0.18585 -1.14910e-04 |  5  0.12263 -3.61498e-05 |  6  0.08023 -1.96107e-05
  7  0.05179 -1.42488e-05 |  8  0.03096 -1.21073e-05 |  9  0.01490 -8.12183e-06
 10  0.00221 -6.57028e-06 | 11 -0.00795 -6.54996e-06 | 12 -0.01607 -6.07586e-06
 13 -0.02249 -5.40633e-06 | 14 -0.02741 -4.21937e-06 | 15 -0.03100 -2.07645e-06
 16 -0.03334 -3.27599e-06 | 17 -0.03451 -1.72273e-06 | 18  0.09434  2.99446e-02
 19 -0.01677 -3.26728e-03 | 20 -0.00619 -4.68049e-04 | 21 -0.00775 -1.76116e-03
 22 -0.00887 -1.23600e-03 | 23 -0.00666  1.13967e-03 | 24 -0.00109  5.20599e-04
 25 -0.00297 -3.06105e-03 | 26 -0.00457 -1.64876e-03 | 27 -0.00546 -6.72183e-04
 28 -0.00112 -3.63967e-04 | 29 -0.00553 -2.22399e-03 | 30  0.00043  3.39423e-04
 31 -0.00396 -6.84531e-04 | 32  0.00054  3.13422e-03 | 33  0.00259  2.76954e-03
 34  0.00357  1.25870e-03 | 35  0.00393  1.13211e-03 | 36  0.00426  1.54693e-03
 37  0.00643  3.06568e-03 | 38  0.00319  3.09375e-04 | 39  0.00488  9.01668e-04
 40  0.00470  8.30813e-05 | 41  0.00513  5.07757e-04 | 42  0.00596  8.15699e-04
 43  0.00718  1.50092e-03 | 44  0.00829  1.66768e-03 | 45  0.00928  1.16997e-03
 46  0.00056 -6.47213e-03 | 47  0.14167 -1.08656e-01 | 48 -0.07682  2.84690e-03
 49 -0.06672  2.50548e-03 | 50 -0.05402  1.82677e-03 | 51 -0.04345 -2.56596e-04
 52 -0.04588 -4.45251e-04 | 53 -0.04380  1.64744e-03 | 54 -0.02866  2.42073e-03
 55 -0.01482  1.65794e-03 | 56 -0.00748  8.84460e-04 | 57 -0.00022  1.80836e-03
 58  0.01189  6.15243e-04 | 59  0.01865  4.89233e-04 | 60  0.02600 -1.83946e-03
 61  0.02124 -2.67778e-03 | 62  0.01740 -1.94200e-03 | 63  0.01761 -1.60145e-03
 64  0.01839 -1.94913e-03 | 65  0.01785 -3.08658e-03 | 66  0.01487 -1.79059e-03
 67  0.01653 -1.25316e-03 | 68  0.01849 -7.39324e-04 | 69  0.02243 -8.35581e-04
 70  0.02539 -1.39559e-03 | 71  0.02756 -1.65477e-03 | 72  0.02766 -2.03288e-03
 73  0.02654 -1.98652e-03 | 74  0.02647  3.44625e-03 | 75  0.02647  5.29773e-03
 76 -0.66703 -3.53271e-01 | 77 -0.73475  2.75771e-02 |
2 0 19548.2
2 0 19548.2
2 0 19548.2
2 0 19548.2
2 0 19548.2
2 0 19548.2
2 0 19548.2
2 0 19548.2
2 0 19548.2
2 0 19548.2
2 0 19548.2
2 0 19548.2
77 variables; iteration 150; function evaluation 196; phase 2
Function value   1.9548166e+04; maximum gradient component mag  -2.2192e-01
Var   Value    Gradient   |Var   Value    Gradient   |Var   Value    Gradient
  1 -0.67563  6.89202e-03 |  2 -0.74079  2.22925e-03 |  3  0.23888 -6.90304e-04
  4  0.18585 -7.02491e-05 |  5  0.12263 -2.31154e-05 |  6  0.08023 -1.31365e-05
  7  0.05179 -9.45884e-06 |  8  0.03096 -7.65975e-06 |  9  0.01490 -5.38601e-06
 10  0.00221 -4.13261e-06 | 11 -0.00795 -3.69989e-06 | 12 -0.01607 -3.23226e-06
 13 -0.02249 -2.63597e-06 | 14 -0.02741 -2.08682e-06 | 15 -0.03100 -1.98082e-06
 16 -0.03334 -2.20092e-06 | 17 -0.03451 -2.08050e-06 | 18  0.09434  1.79836e-02
 19 -0.01677 -1.95913e-03 | 20 -0.00619 -2.90545e-04 | 21 -0.00775 -1.05867e-03
 22 -0.00887 -7.50276e-04 | 23 -0.00666  6.83202e-04 | 24 -0.00109  3.17804e-04
 25 -0.00297 -1.84653e-03 | 26 -0.00457 -9.92168e-04 | 27 -0.00546 -4.06504e-04
 28 -0.00112 -2.17009e-04 | 29 -0.00553 -1.33828e-03 | 30  0.00043  2.05399e-04
 31 -0.00396 -4.15918e-04 | 32  0.00054  1.88699e-03 | 33  0.00259  1.67152e-03
 34  0.00357  7.56461e-04 | 35  0.00393  6.78055e-04 | 36  0.00426  9.30761e-04
 37  0.00643  1.85329e-03 | 38  0.00319  1.85783e-04 | 39  0.00488  5.44858e-04
 40  0.00470  4.94702e-05 | 41  0.00513  3.06186e-04 | 42  0.00596  4.92142e-04
 43  0.00718  9.04370e-04 | 44  0.00829  1.00001e-03 | 45  0.00928  6.95794e-04
 46  0.00056 -3.88590e-03 | 47  0.14167 -6.57971e-02 | 48 -0.07682  1.71989e-03
 49 -0.06672  1.50632e-03 | 50 -0.05402  1.10015e-03 | 51 -0.04345 -1.44651e-04
 52 -0.04588 -2.74809e-04 | 53 -0.04380  9.86100e-04 | 54 -0.02866  1.45893e-03
 55 -0.01482  1.00255e-03 | 56 -0.00748  5.28708e-04 | 57 -0.00022  1.08768e-03
 58  0.01189  3.64836e-04 | 59  0.01865  3.01341e-04 | 60  0.02600 -1.10664e-03
 61  0.02124 -1.61981e-03 | 62  0.01740 -1.17101e-03 | 63  0.01761 -9.65190e-04
 64  0.01839 -1.17977e-03 | 65  0.01785 -1.87024e-03 | 66  0.01487 -1.07903e-03
 67  0.01653 -7.57305e-04 | 68  0.01849 -4.46048e-04 | 69  0.02243 -5.03657e-04
 70  0.02539 -8.42583e-04 | 71  0.02756 -9.96774e-04 | 72  0.02766 -1.21677e-03
 73  0.02654 -1.19302e-03 | 74  0.02647  2.07303e-03 | 75  0.02647  3.20858e-03
 76 -0.66711 -2.21915e-01 | 77 -0.73577  1.72640e-02 |
2 0 19548.2
2 0 19548.2
2 0 19548.2
2 0 19548.2
2 0 19548.2
2 0 19548.2
2 0 19548.2
2 0 19548.2
2 0 19548.2
2 0 19548.2
2 0 19548.2
2 0 19548.2
77 variables; iteration 160; function evaluation 208; phase 2
Function value   1.9548166e+04; maximum gradient component mag  -9.4199e-02
Var   Value    Gradient   |Var   Value    Gradient   |Var   Value    Gradient
  1 -0.67544  2.93612e-03 |  2 -0.74136  9.48670e-04 |  3  0.23888 -2.84392e-04
  4  0.18585 -2.58289e-05 |  5  0.12263 -6.30844e-06 |  6  0.08023 -3.38854e-06
  7  0.05179 -2.22959e-06 |  8  0.03096 -1.68874e-06 |  9  0.01490 -1.48790e-06
 10  0.00221 -1.50599e-06 | 11 -0.00795 -1.51895e-06 | 12 -0.01607 -1.51220e-06
 13 -0.02249 -1.46507e-06 | 14 -0.02741 -1.30332e-06 | 15 -0.03100 -8.59925e-07
 16 -0.03334 -7.18872e-07 | 17 -0.03451 -2.46238e-07 | 18  0.09434  7.39550e-03
 19 -0.01677 -8.16798e-04 | 20 -0.00619 -1.18767e-04 | 21 -0.00775 -4.32993e-04
 22 -0.00887 -3.10727e-04 | 23 -0.00666  2.81158e-04 | 24 -0.00109  1.35364e-04
 25 -0.00297 -7.61411e-04 | 26 -0.00457 -4.07568e-04 | 27 -0.00546 -1.67630e-04
 28 -0.00112 -8.72646e-05 | 29 -0.00553 -5.50176e-04 | 30  0.00043  8.50921e-05
 31 -0.00396 -1.72907e-04 | 32  0.00054  7.76384e-04 | 33  0.00259  6.90604e-04
 34  0.00357  3.12399e-04 | 35  0.00393  2.79277e-04 | 36  0.00426  3.83937e-04
 37  0.00643  7.64811e-04 | 38  0.00319  7.55261e-05 | 39  0.00488  2.23969e-04
 40  0.00470  2.01078e-05 | 41  0.00513  1.25843e-04 | 42  0.00596  2.02718e-04
 43  0.00718  3.72403e-04 | 44  0.00829  4.10320e-04 | 45  0.00928  2.83254e-04
 46  0.00056 -1.59689e-03 | 47  0.14167 -2.71301e-02 | 48 -0.07682  7.08871e-04
 49 -0.06672  6.16402e-04 | 50 -0.05402  4.50899e-04 | 51 -0.04345 -5.56410e-05
 52 -0.04588 -1.16895e-04 | 53 -0.04380  4.02890e-04 | 54 -0.02866  6.00523e-04
 55 -0.01482  4.13377e-04 | 56 -0.00748  2.15083e-04 | 57 -0.00022  4.47529e-04
 58  0.01189  1.47673e-04 | 59  0.01865  1.26493e-04 | 60  0.02600 -4.55457e-04
 61  0.02124 -6.68872e-04 | 62  0.01740 -4.82271e-04 | 63  0.01761 -3.97109e-04
 64  0.01839 -4.87410e-04 | 65  0.01785 -7.72830e-04 | 66  0.01487 -4.45611e-04
 67  0.01653 -3.12602e-04 | 68  0.01849 -1.84021e-04 | 69  0.02243 -2.06782e-04
 70  0.02539 -3.46326e-04 | 71  0.02756 -4.08712e-04 | 72  0.02766 -4.97299e-04
 73  0.02654 -4.87646e-04 | 74  0.02647  8.55759e-04 | 75  0.02647  1.32294e-03
 76 -0.66717 -9.41992e-02 | 77 -0.73653  7.30916e-03 |
2 0 19548.2
2 0 19548.2
2 0 19548.2
2 0 19548.2
2 0 19548.2
2 0 19548.2
2 0 19548.2
2 0 19548.2
2 0 19548.2
2 0 19548.2
2 0 19548.2
2 0 19548.2
77 variables; iteration 170; function evaluation 220; phase 2
Function value   1.9548166e+04; maximum gradient component mag  -7.8950e-02
Var   Value    Gradient   |Var   Value    Gradient   |Var   Value    Gradient
  1 -0.67529  2.51377e-03 |  2 -0.74186  8.08350e-04 |  3  0.23888 -2.28550e-04
  4  0.18585 -1.99159e-05 |  5  0.12263 -3.01599e-06 |  6  0.08023 -1.32818e-06
  7  0.05179 -6.61245e-07 |  8  0.03096 -3.16078e-07 |  9  0.01490 -6.66377e-07
 10  0.00221 -1.00668e-06 | 11 -0.00795 -1.08920e-06 | 12 -0.01607 -1.18583e-06
 13 -0.02249 -1.35559e-06 | 14 -0.02741 -1.40515e-06 | 15 -0.03100 -8.97272e-07
 16 -0.03334 -5.63693e-07 | 17 -0.03451  4.20091e-08 | 18  0.09434  6.01356e-03
 19 -0.01677 -6.73468e-04 | 20 -0.00619 -9.36533e-05 | 21 -0.00775 -3.54501e-04
 22 -0.00887 -2.50891e-04 | 23 -0.00666  2.28708e-04 | 24 -0.00109  1.08012e-04
 25 -0.00297 -6.18884e-04 | 26 -0.00457 -3.31782e-04 | 27 -0.00546 -1.35880e-04
 28 -0.00112 -7.14655e-05 | 29 -0.00553 -4.47876e-04 | 30  0.00043  6.97991e-05
 31 -0.00396 -1.38674e-04 | 32  0.00054  6.32696e-04 | 33  0.00259  5.62792e-04
 34  0.00357  2.54591e-04 | 35  0.00393  2.26949e-04 | 36  0.00426  3.12586e-04
 37  0.00643  6.24170e-04 | 38  0.00319  6.22831e-05 | 39  0.00488  1.83218e-04
 40  0.00470  1.63743e-05 | 41  0.00513  1.03212e-04 | 42  0.00596  1.65471e-04
 43  0.00718  3.03735e-04 | 44  0.00829  3.33682e-04 | 45  0.00928  2.26930e-04
 46  0.00056 -1.29789e-03 | 47  0.14167 -2.21451e-02 | 48 -0.07682  5.76350e-04
 49 -0.06672  5.02707e-04 | 50 -0.05402  3.67166e-04 | 51 -0.04345 -4.65505e-05
 52 -0.04588 -9.37062e-05 | 53 -0.04380  3.29496e-04 | 54 -0.02866  4.89398e-04
 55 -0.01482  3.36683e-04 | 56 -0.00748  1.76007e-04 | 57 -0.00022  3.64872e-04
 58  0.01189  1.19940e-04 | 59  0.01865  1.01331e-04 | 60  0.02600 -3.71061e-04
 61  0.02124 -5.45217e-04 | 62  0.01740 -3.92970e-04 | 63  0.01761 -3.23486e-04
 64  0.01839 -3.97243e-04 | 65  0.01785 -6.29636e-04 | 66  0.01487 -3.61604e-04
 67  0.01653 -2.54825e-04 | 68  0.01849 -1.49796e-04 | 69  0.02243 -1.69144e-04
 70  0.02539 -2.83055e-04 | 71  0.02756 -3.33668e-04 | 72  0.02766 -4.04811e-04
 73  0.02654 -3.93941e-04 | 74  0.02647  6.99515e-04 | 75  0.02647  1.08023e-03
 76 -0.66722 -7.89497e-02 | 77 -0.73719  6.11234e-03 |
2 0 19548.2
2 0 19548.2
2 0 19548.2
2 0 19548.2
2 0 19548.2

 - final statistics:
77 variables; iteration 174; function evaluation 225
Function value   1.9548e+04; maximum gradient component mag  -6.9950e-04
Exit code = 1;  converg criter   1.0000e-03
Var   Value    Gradient   |Var   Value    Gradient   |Var   Value    Gradient
  1 -0.67524  1.88626e-04 |  2 -0.74201  6.34969e-05 |  3  0.23888 -1.98541e-06
  4  0.18585 -2.78431e-07 |  5  0.12263  4.23712e-07 |  6  0.08023  3.81517e-07
  7  0.05179  3.11085e-07 |  8  0.03096  2.02656e-07 |  9  0.01490  1.66035e-07
 10  0.00221  1.40476e-08 | 11 -0.00795 -1.66506e-07 | 12 -0.01607 -2.74466e-07
 13 -0.02249 -3.07768e-07 | 14 -0.02741 -2.31800e-07 | 15 -0.03100  8.35723e-08
 16 -0.03334  1.60510e-08 | 17 -0.03451  3.05942e-07 | 18  0.09434  6.67815e-05
 19 -0.01677 -1.12559e-05 | 20 -0.00619 -2.61482e-07 | 21 -0.00775 -4.63133e-06
 22 -0.00887 -4.43140e-06 | 23 -0.00666  2.42236e-06 | 24 -0.00109  6.35935e-07
 25 -0.00297 -8.80031e-06 | 26 -0.00457 -4.28136e-06 | 27 -0.00546 -1.87746e-06
 28 -0.00112 -1.08515e-06 | 29 -0.00553 -5.73098e-06 | 30  0.00043  1.71048e-06
 31 -0.00396 -2.52213e-06 | 32  0.00054  8.11611e-06 | 33  0.00259  6.45355e-06
 34  0.00357  2.45018e-06 | 35  0.00393  1.75440e-06 | 36  0.00426  3.31457e-06
 37  0.00643  9.59648e-06 | 38  0.00319  5.97297e-07 | 39  0.00488  3.21427e-06
 40  0.00470  2.81341e-07 | 41  0.00513  2.40540e-06 | 42  0.00596  3.70404e-06
 43  0.00718  5.46699e-06 | 44  0.00829  5.05866e-06 | 45  0.00928  3.76201e-06
 46  0.00056 -1.60387e-05 | 47  0.14167 -4.15401e-04 | 48 -0.07682  9.09210e-06
 49 -0.06672  7.66888e-06 | 50 -0.05402  6.80392e-06 | 51 -0.04345  5.79090e-07
 52 -0.04588 -1.72212e-06 | 53 -0.04380  3.68160e-06 | 54 -0.02866  6.39488e-06
 55 -0.01482  5.36601e-06 | 56 -0.00748  3.10631e-06 | 57 -0.00022  4.72220e-06
 58  0.01189  1.39345e-06 | 59  0.01865  1.90020e-06 | 60  0.02600 -4.32306e-06
 61  0.02124 -8.22992e-06 | 62  0.01740 -5.76547e-06 | 63  0.01761 -4.67895e-06
 64  0.01839 -6.54810e-06 | 65  0.01785 -1.13791e-05 | 66  0.01487 -4.79766e-06
 67  0.01653 -4.70259e-06 | 68  0.01849 -2.09120e-06 | 69  0.02243 -3.83795e-06
 70  0.02539 -4.96913e-06 | 71  0.02756 -5.24643e-06 | 72  0.02766 -6.62825e-06
 73  0.02654 -6.76602e-06 | 74  0.02647  8.29963e-06 | 75  0.02647  2.00264e-05
 76 -0.66724 -6.99499e-04 | 77 -0.73738  5.36451e-05 |
2 0 19548.2
B0234224
0.3 0.258598
0.221655 0.331865
0.21017 0.345692
0.207584 0.348944
0.206957 0.349739
0.206803 0.349936
0.206765 0.349984
0.206756 0.349996
0.206753 0.349999
0.206753 0.35
0.206753 0.35
0.206753 0.35
0.206753 0.35
0.206753 0.35
0.206753 0.35
0.206753 0.35
0.206753 0.35
0.206753 0.35
0.206753 0.35
0.206753 0.35
0.206753 0.35
Survey Bio40.9152
Survey len9752.47
CPUE81.9141
Catch9.56865
Catch len9641.98
initsmo_penal16.5377
F_pen1.11316
Rec_pen3.66691
M_pen0


Starting time: Fri Oct  5 17:56:44 2018
Finishing time: Fri Oct  5 17:56:50 2018
This run took: 0 hours, 0 minutes, 6 seconds.

