survYears 73 74 75 76 77 78 79 80 81 82 83 84 85 86 87 88 89 90 91 92 93 94 95 96 97 98 99 100
SurvLenYear 73 74 75 76 77 78 79 80 81 82 83 84 85 86 87 88 89 90 91 92 93 94 95 96 97 98 99 100
catchBiomass 8638.74 8328.96 7356.23 8916.39 12333.7 14689.3 13897.5 17576 24786.1 36582.8 47639.3 61769.1 72531.9 76019.6 123179 101237 92699.4 74819.2 70892.3 79744.6 79650.3 96581.9 114394 104372 112179 109930 111758 102632
steep0.999
25
Out
1 0 30601.5

Initial statistics: 73 variables; iteration 0; function evaluation 0; phase 1
Function value   3.0601547e+04; maximum gradient component mag  -1.2590e+05
Var   Value    Gradient   |Var   Value    Gradient   |Var   Value    Gradient
  1  0.24356  4.63072e+02 |  2  0.22089  6.02101e+02 |  3  0.20905  1.09316e+03
  4  0.21027  1.72062e+03 |  5  0.19301  1.36253e+03 |  6  0.17940  1.14114e+03
  7  0.16604  9.00458e+02 |  8  0.15935  8.85136e+02 |  9  0.13958  5.61086e+02
 10  0.12188  3.57398e+02 | 11  0.11556  3.38029e+02 | 12  0.11322  3.66250e+02
 13  0.10286  3.09609e+02 | 14  0.08123 -4.93832e+01 | 15  0.12606  6.15536e+02
 16 -0.02979 -8.75367e+03 | 17  0.00000 -7.92761e+03 | 18  0.00000 -3.24158e+03
 19  0.00000 -2.65477e+03 | 20  0.00000 -3.01841e+03 | 21  0.00000 -3.42374e+03
 22  0.00000 -3.36175e+03 | 23  0.00000 -6.80385e+02 | 24  0.00000  1.08534e+03
 25  0.00000  2.09728e+03 | 26  0.00000  2.48021e+03 | 27  0.00000  2.76170e+03
 28  0.00000  2.69183e+03 | 29  0.00000  2.66131e+03 | 30  0.00000  3.67140e+03
 31  0.00000  2.71968e+02 | 32  0.00000  3.82562e+02 | 33  0.00000 -1.88649e+01
 34  0.00000  1.00955e+03 | 35  0.00000  2.14536e+03 | 36  0.00000  2.11811e+03
 37  0.00000  3.07675e+03 | 38  0.00000  2.47869e+03 | 39  0.00000  1.68026e+03
 40  0.00000  1.91827e+03 | 41  0.00000  6.73284e+02 | 42  0.00000 -3.16444e+02
 43  0.00000 -2.76670e+03 | 44  0.00000 -5.79363e+03 | 45  0.08893 -1.25897e+05
 46  0.00000  1.98312e+04 | 47  0.00000  1.50608e+04 | 48  0.00000  1.17276e+04
 49  0.00000  1.14645e+04 | 50  0.00000  9.26960e+03 | 51  0.00000  6.14184e+03
 52  0.00000  2.59728e+03 | 53  0.00000  3.42194e+02 | 54  0.00000 -2.05399e+03
 55  0.00000 -3.42058e+03 | 56  0.00000 -4.53668e+03 | 57  0.00000 -6.03615e+03
 58  0.00000 -6.36588e+03 | 59  0.00000 -4.58310e+03 | 60  0.00000 -3.48397e+03
 61  0.00000 -3.53489e+03 | 62  0.00000 -3.91322e+03 | 63  0.00000 -4.72250e+03
 64  0.00000 -5.31030e+03 | 65  0.00000 -6.22988e+03 | 66  0.00000 -6.61083e+03
 67  0.00000 -6.59779e+03 | 68  0.00000 -6.40904e+03 | 69  0.00000 -5.53521e+03
 70  0.00000 -4.11154e+03 | 71  0.00000 -1.61024e+03 | 72  0.00000  2.57673e+03
 73  0.00000  6.05408e+03 |
1 0 30601.5
1 0 30601.3
1 0 30599.3
1 0 30579.4
1 0 30384.7
1 0 28912.1
1 0 26251.1
1 0 28368.8
1 0 25405.7
1 0 26254.3
1 0 25208.1
1 0 25557.4
1 0 25154.7
1 0 25108.9
1 0 25153.1
1 0 25093.6
1 0 25073.4
1 0 25076.8
1 0 25064.3
1 0 25051.8

Intermediate statistics: 73 variables; iteration 10; function evaluation 20; phase 1
Function value   2.5052789e+04; maximum gradient component mag  -5.2521e+04
Var   Value    Gradient   |Var   Value    Gradient   |Var   Value    Gradient
  1  0.31177  1.23461e+03 |  2  0.26795  1.42221e+02 |  3  0.24376  2.29617e+02
  4  0.23765  4.71544e+02 |  5  0.21385  3.34476e+02 |  6  0.19425  2.66188e+02
  7  0.17787  2.06668e+02 |  8  0.16586  2.11559e+02 |  9  0.14569  1.18845e+02
 10  0.12831  6.30471e+01 | 11  0.11969  6.81302e+01 | 12  0.11416  8.69198e+01
 13  0.10376  4.40270e+01 | 14  0.09756 -4.23325e+01 | 15  0.12009  1.59303e+02
 16  0.10363  3.87584e+03 | 17  0.01461 -3.04101e+03 | 18  0.01751 -2.07729e+03
 19 -0.01596 -2.89678e+03 | 20 -0.02229 -3.03196e+03 | 21 -0.02136 -3.07269e+03
 22 -0.01133 -2.45223e+03 | 23 -0.01392 -1.17848e+03 | 24 -0.00527  6.13652e+02
 25  0.00111  1.63785e+03 | 26  0.00603  2.03555e+03 | 27  0.00728  2.28959e+03
 28  0.00749  2.27570e+03 | 29  0.01187  2.26413e+03 | 30  0.00436  2.40227e+03
 31 -0.00459  2.12864e+01 | 32 -0.00527  2.24724e+02 | 33  0.00040  4.19738e+02
 34  0.00397  1.35439e+03 | 35  0.00732  2.09805e+03 | 36  0.00907  2.13713e+03
 37  0.01439  2.71926e+03 | 38  0.01515  2.31966e+03 | 39  0.01328  1.77709e+03
 40  0.01442  1.67072e+03 | 41  0.01089  6.80635e+02 | 42  0.00523 -5.35731e+02
 43 -0.00883 -1.23998e+03 | 44 -0.04760 -3.76223e+03 | 45  0.12800 -5.25212e+04
 46 -0.02120  1.36802e+04 | 47 -0.03363  8.76829e+03 | 48 -0.03341  5.88556e+03
 49 -0.03544  5.06382e+03 | 50 -0.03269  3.95781e+03 | 51 -0.03306  1.97505e+03
 52 -0.02409  2.83308e+02 | 53 -0.01796 -8.46681e+02 | 54 -0.00740 -1.79267e+03
 55  0.00018 -2.36985e+03 | 56 -0.00085 -2.87698e+03 | 57  0.00687 -3.14341e+03
 58  0.02278 -2.81661e+03 | 59  0.00539 -2.13623e+03 | 60 -0.00015 -1.74854e+03
 61  0.00271 -1.83162e+03 | 62 -0.00299 -2.34128e+03 | 63  0.00528 -2.76887e+03
 64  0.00005 -3.19562e+03 | 65  0.00679 -3.44052e+03 | 66  0.01845 -3.43908e+03
 67  0.00950 -3.25340e+03 | 68  0.02272 -2.76240e+03 | 69  0.01824 -1.91419e+03
 70  0.02713 -3.14810e+02 | 71  0.03683  9.39561e+02 | 72  0.04981  2.38244e+03
 73  0.01356  2.42365e+03 |
1 0 25034.2
1 0 25024.2
1 0 25014.7
1 0 25031.1
1 0 25012
1 0 25009
1 0 25005.7
1 0 25002.7
1 0 25000.8
1 0 24999.6
1 0 24998.5
73 variables; iteration 20; function evaluation 31; phase 1
Function value   2.5000137e+04; maximum gradient component mag  -5.1036e+04
Var   Value    Gradient   |Var   Value    Gradient   |Var   Value    Gradient
  1  0.31710  3.82506e+02 |  2  0.30624  1.76893e+02 |  3  0.29660  4.50617e+02
  4  0.28404  5.66144e+02 |  5  0.26639  5.18355e+02 |  6  0.24845  4.40124e+02
  7  0.22801  3.13033e+02 |  8  0.21067  2.72148e+02 |  9  0.18443  1.40771e+02
 10  0.16111  6.76910e+01 | 11  0.14637  5.39436e+01 | 12  0.13698  4.74507e+01
 13  0.13130  6.51009e+01 | 14  0.12201 -5.01039e+01 | 15  0.14218  1.35170e+02
 16  0.11081  5.33998e+03 | 17  0.02364 -1.37435e+03 | 18  0.01237 -2.10710e+03
 19 -0.01869 -3.11651e+03 | 20 -0.02522 -3.19752e+03 | 21 -0.02542 -3.61801e+03
 22 -0.00890 -2.28620e+03 | 23 -0.01440 -1.11341e+03 | 24 -0.00872  1.91081e+02
 25 -0.00182  9.97307e+02 | 26  0.00443  1.46100e+03 | 27  0.00645  1.85855e+03
 28  0.00813  2.06006e+03 | 29  0.01272  2.14954e+03 | 30  0.00463  2.63500e+03
 31 -0.00143  1.13569e+03 | 32 -0.00792 -4.62977e+02 | 33 -0.00120 -1.46240e+02
 34  0.00284  8.76573e+02 | 35  0.00641  1.58372e+03 | 36  0.01019  1.77510e+03
 37  0.01381  2.31949e+03 | 38  0.01482  1.91260e+03 | 39  0.01690  1.87065e+03
 40  0.01363  1.31830e+03 | 41  0.01083  1.08593e+02 | 42  0.00656 -3.14750e+02
 43 -0.00910 -1.70963e+03 | 44 -0.04397 -3.67426e+03 | 45  0.13030 -5.10355e+04
 46 -0.02683  1.26408e+04 | 47 -0.03756  7.97593e+03 | 48 -0.03804  5.05508e+03
 49 -0.03314  6.07693e+03 | 50 -0.03300  3.94483e+03 | 51 -0.03686  1.41921e+03
 52 -0.02888 -2.51160e+02 | 53 -0.02063 -8.59239e+02 | 54 -0.00752 -1.34388e+03
 55  0.00022 -1.77895e+03 | 56 -0.00096 -2.37926e+03 | 57  0.00993 -2.58665e+03
 58  0.01999 -2.88482e+03 | 59  0.00696 -2.60532e+03 | 60 -0.00362 -1.83888e+03
 61  0.00249 -1.51581e+03 | 62 -0.00245 -1.88288e+03 | 63  0.00444 -2.17872e+03
 64  0.00266 -2.46007e+03 | 65  0.01102 -2.58625e+03 | 66  0.01516 -2.66513e+03
 67  0.01742 -2.40323e+03 | 68  0.02148 -2.16690e+03 | 69  0.02143 -1.01471e+03
 70  0.02714  7.61260e+01 | 71  0.03338  1.04494e+03 | 72  0.04674  2.41326e+03
 73  0.04041  2.72589e+03 |
1 0 24997.1
1 0 24996.3
1 0 24995.4
1 0 24994.3
1 0 24993.1
1 0 24992.7
1 0 24992.1
1 0 24991.9
1 0 24991.7
1 0 24991.3
73 variables; iteration 30; function evaluation 41; phase 1
Function value   2.4993069e+04; maximum gradient component mag  -5.0758e+04
Var   Value    Gradient   |Var   Value    Gradient   |Var   Value    Gradient
  1  0.31960  2.99190e+02 |  2  0.31735  2.56097e+02 |  3  0.29690  3.89452e+02
  4  0.28292  5.07272e+02 |  5  0.26152  4.15523e+02 |  6  0.24244  3.31935e+02
  7  0.22775  2.73494e+02 |  8  0.21854  2.81927e+02 |  9  0.20303  2.02713e+02
 10  0.18776  1.42163e+02 | 11  0.17651  1.19769e+02 | 12  0.16730  1.07144e+02
 13  0.15783  7.16442e+01 | 14  0.15373  2.98900e+01 | 15  0.16638  1.50629e+02
 16  0.11169  5.55366e+03 | 17  0.02532 -7.74497e+02 | 18  0.01139 -2.14153e+03
 19 -0.01958 -3.16331e+03 | 20 -0.02743 -3.42008e+03 | 21 -0.02584 -3.62418e+03
 22 -0.00984 -2.52863e+03 | 23 -0.01364 -9.68010e+02 | 24 -0.00803  2.65362e+02
 25 -0.00197  9.44195e+02 | 26  0.00427  1.40700e+03 | 27  0.00641  1.87815e+03
 28  0.00826  2.00698e+03 | 29  0.01261  2.15525e+03 | 30  0.00434  2.54039e+03
 31 -0.00084  1.22587e+03 | 32 -0.00721 -3.19199e+02 | 33 -0.00159 -3.29143e+02
 34  0.00312  8.77125e+02 | 35  0.00619  1.50141e+03 | 36  0.01029  1.82735e+03
 37  0.01404  2.26133e+03 | 38  0.01416  1.68627e+03 | 39  0.01705  2.05639e+03
 40  0.01444  1.54122e+03 | 41  0.01029 -1.59832e+01 | 42  0.00659 -3.55728e+02
 43 -0.00850 -1.75467e+03 | 44 -0.04257 -3.53344e+03 | 45  0.12994 -5.07577e+04
 46 -0.02733  1.24564e+04 | 47 -0.03826  7.72938e+03 | 48 -0.03781  5.13580e+03
 49 -0.03426  5.73886e+03 | 50 -0.03138  4.33730e+03 | 51 -0.03743  1.24611e+03
 52 -0.02778 -2.04246e+02 | 53 -0.02052 -8.78292e+02 | 54 -0.00674 -1.28049e+03
 55  0.00007 -1.80030e+03 | 56  0.00010 -2.31004e+03 | 57  0.01050 -2.54885e+03
 58  0.01998 -2.83459e+03 | 59  0.00788 -2.58828e+03 | 60 -0.00258 -1.83872e+03
 61  0.00293 -1.42755e+03 | 62 -0.00134 -1.77656e+03 | 63  0.00528 -2.06274e+03
 64  0.00254 -2.45944e+03 | 65  0.01187 -2.50520e+03 | 66  0.01682 -2.43758e+03
 67  0.01666 -2.44475e+03 | 68  0.02181 -2.37962e+03 | 69  0.02134 -1.11719e+03
 70  0.02716  8.05279e+01 | 71  0.03413  1.21630e+03 | 72  0.04589  2.42376e+03
 73  0.03208  2.67614e+03 |
1 0 24991.3
1 0 24991.1
1 0 24991
1 0 24990.9
1 0 24990.8
1 0 24990.7
1 0 24990.5
1 0 24990.3
1 0 24990.1
1 0 24990.1
1 0 24990
1 0 24989.8
1 0 24989.5
73 variables; iteration 40; function evaluation 54; phase 1
Function value   2.4991245e+04; maximum gradient component mag  -5.0667e+04
Var   Value    Gradient   |Var   Value    Gradient   |Var   Value    Gradient
  1  0.32000  3.00575e+02 |  2  0.31720  2.56244e+02 |  3  0.29426  3.46797e+02
  4  0.28455  5.33017e+02 |  5  0.26254  4.19375e+02 |  6  0.24369  3.41417e+02
  7  0.22833  2.86869e+02 |  8  0.21452  2.54388e+02 |  9  0.19585  1.60047e+02
 10  0.18141  1.07195e+02 | 11  0.17549  1.08383e+02 | 12  0.17408  1.36618e+02
 13  0.16820  1.06607e+02 | 14  0.16369  4.97299e+01 | 15  0.17611  1.75592e+02
 16  0.11172  5.55217e+03 | 17  0.02546 -7.38493e+02 | 18  0.01128 -2.15708e+03
 19 -0.01973 -3.18813e+03 | 20 -0.02719 -3.39079e+03 | 21 -0.02525 -3.55951e+03
 22 -0.00988 -2.51561e+03 | 23 -0.01424 -1.04601e+03 | 24 -0.00845  1.89119e+02
 25 -0.00207  1.00936e+03 | 26  0.00413  1.39250e+03 | 27  0.00673  1.93436e+03
 28  0.00822  1.95525e+03 | 29  0.01315  2.31542e+03 | 30  0.00409  2.45397e+03
 31 -0.00096  1.20789e+03 | 32 -0.00730 -3.06133e+02 | 33 -0.00166 -3.53205e+02
 34  0.00318  8.97522e+02 | 35  0.00630  1.44574e+03 | 36  0.01035  1.81595e+03
 37  0.01389  2.26507e+03 | 38  0.01429  1.68883e+03 | 39  0.01686  1.98176e+03
 40  0.01436  1.52003e+03 | 41  0.01033  1.68207e+01 | 42  0.00665 -3.07537e+02
 43 -0.00851 -1.81034e+03 | 44 -0.04233 -3.47646e+03 | 45  0.13008 -5.06672e+04
 46 -0.02749  1.24518e+04 | 47 -0.03823  7.77242e+03 | 48 -0.03800  5.07513e+03
 49 -0.03427  5.73516e+03 | 50 -0.03145  4.35031e+03 | 51 -0.03787  1.21843e+03
 52 -0.02752 -1.28281e+02 | 53 -0.02104 -9.41744e+02 | 54 -0.00735 -1.35766e+03
 55  0.00006 -1.83879e+03 | 56  0.00001 -2.30012e+03 | 57  0.01044 -2.60668e+03
 58  0.01980 -2.87731e+03 | 59  0.00778 -2.58948e+03 | 60 -0.00300 -1.86514e+03
 61  0.00290 -1.42390e+03 | 62 -0.00170 -1.79607e+03 | 63  0.00553 -1.99468e+03
 64  0.00323 -2.37971e+03 | 65  0.01135 -2.49998e+03 | 66  0.01695 -2.42200e+03
 67  0.01680 -2.38613e+03 | 68  0.02188 -2.30925e+03 | 69  0.02135 -1.11105e+03
 70  0.02655 -1.48643e+01 | 71  0.03431  1.26578e+03 | 72  0.04599  2.42873e+03
 73  0.03459  2.68531e+03 |
1 0 24989
1 0 24988.6
1 0 24987.8
1 0 24986.7
1 0 24984.8
1 0 24981.3
1 0 24976.3
1 0 24968.1
1 0 24960.8
1 0 24947.5
73 variables; iteration 50; function evaluation 64; phase 1
Function value   2.4949162e+04; maximum gradient component mag  -4.9047e+04
Var   Value    Gradient   |Var   Value    Gradient   |Var   Value    Gradient
  1  0.31716  2.38458e+02 |  2  0.30996  1.82794e+02 |  3  0.29282  3.33619e+02
  4  0.29003  6.41889e+02 |  5  0.26030  4.02147e+02 |  6  0.23615  2.77542e+02
  7  0.22175  2.40579e+02 |  8  0.21323  2.41313e+02 |  9  0.20351  2.46447e+02
 10  0.18105  1.48462e+02 | 11  0.15436  2.33559e+01 | 12  0.14513 -2.65158e+01
 13  0.16506  1.17695e+02 | 14  0.18110  1.30493e+02 | 15  0.20487  3.34957e+02
 16  0.11118  5.27124e+03 | 17  0.02468 -8.05028e+02 | 18  0.01028 -2.11828e+03
 19 -0.02027 -3.18819e+03 | 20 -0.02579 -3.22677e+03 | 21 -0.02478 -3.49006e+03
 22 -0.00965 -2.46247e+03 | 23 -0.01383 -9.83366e+02 | 24 -0.00842  2.30370e+02
 25 -0.00342  7.13295e+02 | 26  0.00665  2.15790e+03 | 27  0.00744  2.04356e+03
 28  0.00645  1.42575e+03 | 29  0.01211  2.14537e+03 | 30  0.00358  2.39398e+03
 31  0.00083  1.12539e+03 | 32 -0.00672  2.12883e+02 | 33 -0.00260 -8.16579e+02
 34  0.00434  6.45001e+02 | 35  0.00737  2.13534e+03 | 36  0.01025  1.84204e+03
 37  0.01295  1.84308e+03 | 38  0.01460  1.68035e+03 | 39  0.01519  1.79826e+03
 40  0.01348  1.15934e+03 | 41  0.01144  1.52742e+02 | 42  0.00782 -7.65238e+01
 43 -0.00836 -1.70090e+03 | 44 -0.04389 -3.58652e+03 | 45  0.13032 -4.90473e+04
 46 -0.02866  1.21745e+04 | 47 -0.03880  7.56582e+03 | 48 -0.03779  5.03405e+03
 49 -0.03442  5.65268e+03 | 50 -0.03153  4.28519e+03 | 51 -0.03754  1.20455e+03
 52 -0.02731 -1.54192e+02 | 53 -0.02135 -8.91181e+02 | 54 -0.00910 -1.82323e+03
 55 -0.00002 -2.26115e+03 | 56 -0.00032 -2.23885e+03 | 57  0.01242 -2.29923e+03
 58  0.01690 -2.77702e+03 | 59  0.01307 -2.27075e+03 | 60 -0.00645 -2.13870e+03
 61  0.00242 -1.30716e+03 | 62  0.00395 -1.07337e+03 | 63  0.00365 -2.29766e+03
 64  0.00257 -2.67783e+03 | 65  0.01049 -2.43656e+03 | 66  0.01988 -2.07426e+03
 67  0.01523 -2.37080e+03 | 68  0.02216 -2.02185e+03 | 69  0.02263 -8.62620e+02
 70  0.02691 -4.22387e+01 | 71  0.03507  1.19817e+03 | 72  0.04641  2.35077e+03
 73  0.03095  2.57958e+03 |
1 0 24925.7
1 0 24887.4
1 0 24822.2
1 0 24742.8
1 0 24600.8
1 0 24380
1 0 24167.3
1 0 24376.3
1 0 24089.6
1 0 23983.1
1 0 24703.6
1 0 23969.9
73 variables; iteration 60; function evaluation 76; phase 1
Function value   2.3969962e+04; maximum gradient component mag  -1.1405e+04
Var   Value    Gradient   |Var   Value    Gradient   |Var   Value    Gradient
  1  0.27270  2.12232e+02 |  2  0.22991 -4.80124e+01 |  3  0.22600  3.54601e+02
  4  0.21896  5.73602e+02 |  5  0.19898  5.29807e+02 |  6  0.15684  2.08640e+01
  7  0.17676  4.88677e+02 |  8  0.15928  2.79332e+02 |  9  0.14022  2.12441e+02
 10  0.11418 -5.36926e+00 | 11  0.12401  2.26935e+02 | 12  0.10767  3.63946e+01
 13  0.11138  1.34954e+02 | 14  0.10821  2.02829e+01 | 15  0.13180  2.60155e+02
 16  0.10897 -2.87758e+02 | 17 -0.00146 -4.03822e+03 | 18 -0.00414 -1.04502e+03
 19 -0.01324 -8.25714e+02 | 20 -0.00568  5.47865e+02 | 21 -0.00979 -1.68546e+02
 22 -0.00792 -1.09150e+03 | 23 -0.00831 -2.17196e+02 | 24 -0.00688  3.61891e+02
 25 -0.01071  5.39198e+01 | 26 -0.00672 -3.40741e+01 | 27 -0.00991 -1.38472e+01
 28  0.00482  1.33425e+03 | 29  0.00447  3.31172e+02 | 30  0.00263  1.97539e+03
 31  0.01035  3.47511e+02 | 32  0.00814  1.26595e+03 | 33  0.00924  8.41913e+02
 34  0.00350 -5.80300e+02 | 35  0.00848  3.96942e+02 | 36  0.01284  1.60501e+03
 37  0.00758  1.55007e+03 | 38  0.00304 -2.79772e+02 | 39  0.00864 -1.48445e+02
 40  0.00377 -1.63753e+02 | 41  0.00912  2.92205e+02 | 42  0.01160  3.95487e+02
 43 -0.00066 -8.27747e+02 | 44 -0.02212 -1.37578e+03 | 45  0.13619 -1.14053e+04
 46 -0.05050  5.72082e+03 | 47 -0.04903  3.01903e+03 | 48 -0.04228  1.14522e+03
 49 -0.04533  1.08019e+03 | 50 -0.03984  1.18687e+03 | 51 -0.03375  7.11775e+02
 52 -0.02072  2.31330e+02 | 53 -0.02137 -1.31524e+03 | 54  0.00097  4.51321e+02
 55 -0.01326 -2.57330e+03 | 56  0.00760 -1.13824e+03 | 57  0.01709 -4.72073e+02
 58  0.01440 -1.90713e+03 | 59  0.02856  1.11652e+03 | 60  0.01461 -4.09709e+02
 61  0.01248 -7.66841e+02 | 62  0.00896 -1.54849e+02 | 63  0.01989  1.31345e+03
 64  0.01729 -3.67625e+02 | 65  0.01488 -1.71389e+03 | 66  0.01651 -1.44592e+03
 67  0.02691  2.24533e+02 | 68  0.02153 -9.86557e+02 | 69  0.01831 -1.54312e+03
 70  0.02980  7.94610e+01 | 71  0.02523 -3.47304e+02 | 72  0.02954  2.56216e+02
 73 -0.00601  4.10967e+02 |
1 0 23954.7
1 0 23959
1 0 23948
1 0 24004.8
1 0 23947.4
1 0 23946.4
1 0 23946.7
1 0 23946
1 0 23946.4
1 0 23945.8
1 0 23945.8
1 0 23945.7
1 0 23945.7
1 0 23945.3
1 0 23945.3
1 0 23945.1
73 variables; iteration 70; function evaluation 92; phase 1
Function value   2.3945195e+04; maximum gradient component mag  -1.0350e+04
Var   Value    Gradient   |Var   Value    Gradient   |Var   Value    Gradient
  1  0.26935  1.00654e+02 |  2  0.22585 -5.59604e+01 |  3  0.20874  1.95563e+02
  4  0.20603  4.58365e+02 |  5  0.19504  5.40512e+02 |  6  0.15835  1.53883e+02
  7  0.15010  1.86858e+02 |  8  0.15386  2.71388e+02 |  9  0.15560  3.87332e+02
 10  0.12737  1.17706e+02 | 11  0.11316  7.70895e+01 | 12  0.11275  1.07601e+02
 13  0.11738  2.10104e+02 | 14  0.10051 -3.59115e+01 | 15  0.12475  2.49031e+02
 16  0.10762 -3.35422e+02 | 17 -0.00325 -3.50148e+03 | 18 -0.00388 -9.60324e+02
 19 -0.01254 -7.58854e+02 | 20 -0.00528  5.77477e+02 | 21 -0.00951 -1.69345e+02
 22 -0.00742 -1.06608e+03 | 23 -0.00774 -2.03107e+02 | 24 -0.00638  3.71700e+02
 25 -0.01047  2.21099e+01 | 26 -0.00775 -1.86914e+02 | 27 -0.01004 -4.98742e+01
 28  0.00522  1.30019e+03 | 29  0.00465  2.99331e+02 | 30  0.00269  1.93558e+03
 31  0.01035  3.05252e+02 | 32  0.00830  1.21417e+03 | 33  0.01001  8.55422e+02
 34  0.00445 -5.43055e+02 | 35  0.00846  3.50317e+02 | 36  0.01239  1.41244e+03
 37  0.00658  1.36629e+03 | 38  0.00281 -2.96492e+02 | 39  0.00904 -1.32841e+02
 40  0.00452 -1.36674e+02 | 41  0.00942  2.63362e+02 | 42  0.01108  2.88580e+02
 43 -0.00123 -8.87101e+02 | 44 -0.02391 -1.27140e+03 | 45  0.13955 -1.03498e+04
 46 -0.05325  5.59441e+03 | 47 -0.05166  2.89942e+03 | 48 -0.04486  1.04404e+03
 49 -0.04797  9.87045e+02 | 50 -0.04231  1.12025e+03 | 51 -0.03595  7.05957e+02
 52 -0.02304  2.14343e+02 | 53 -0.02246 -1.15820e+03 | 54 -0.00228  3.21609e+02
 55 -0.01634 -2.66128e+03 | 56  0.00581 -1.04950e+03 | 57  0.01481 -4.48017e+02
 58  0.01212 -1.90949e+03 | 59  0.02591  1.07735e+03 | 60  0.01202 -4.47167e+02
 61  0.01050 -7.28570e+02 | 62  0.00764 -2.24499e+01 | 63  0.01729  1.25952e+03
 64  0.01547 -2.14466e+02 | 65  0.01200 -1.70657e+03 | 66  0.01343 -1.53555e+03
 67  0.02432  1.54238e+02 | 68  0.01961 -9.57772e+02 | 69  0.01657 -1.48601e+03
 70  0.02692  1.20411e+01 | 71  0.02357 -3.18687e+02 | 72  0.03241  2.14243e+02
 73  0.05195  6.77992e+02 |
1 0 23944.7
1 0 23942.2
1 0 23937
1 0 23926.6
1 0 23839.4
1 0 23809.8
1 0 23872.1
1 0 23802.8
1 0 23789.3
1 0 23697.4
1 0 23668.6
1 0 23637
1 0 23634.4
1 0 23630.5
73 variables; iteration 80; function evaluation 106; phase 1
Function value   2.3630548e+04; maximum gradient component mag   4.7049e+02
Var   Value    Gradient   |Var   Value    Gradient   |Var   Value    Gradient
  1  0.26662 -1.57851e+02 |  2  0.22289 -7.20764e+01 |  3  0.16184 -3.94593e+01
  4  0.12257 -6.26197e+00 |  5  0.09927  2.52809e+01 |  6  0.08126  2.27483e+01
  7  0.06684  1.72710e+01 |  8  0.05550  1.38861e+01 |  9  0.04671  2.16879e+01
 10  0.03709  1.02086e+01 | 11  0.02908  2.75888e+00 | 12  0.02420  1.76869e+00
 13  0.02239  6.54153e+00 | 14  0.02210  8.70818e+00 | 15  0.02270  1.39408e+01
 16  0.11530 -8.63263e+01 | 17 -0.01723  2.53420e+02 | 18 -0.00961 -2.16644e+02
 19 -0.01303 -1.63148e+00 | 20 -0.01017  3.54861e+01 | 21 -0.00980  8.09328e+01
 22 -0.00297  5.42408e+00 | 23 -0.00616  2.51685e+01 | 24 -0.00711  1.65995e+01
 25 -0.00775  8.64793e+00 | 26 -0.00564 -1.36041e+01 | 27 -0.00403 -6.08719e+01
 28 -0.00162  5.27927e+01 | 29  0.00155  8.12303e+00 | 30 -0.00701 -3.83500e+01
 31  0.00333 -8.77286e+01 | 32  0.00229  6.93096e+01 | 33  0.00733 -3.98233e+01
 34  0.00629  7.94759e+01 | 35  0.00333  5.02838e+01 | 36  0.00549 -6.53048e+01
 37  0.00241 -5.87080e+01 | 38  0.00687  6.31151e+01 | 39  0.01039 -1.15160e+02
 40  0.00852 -1.10847e+01 | 41  0.01246  5.04548e+01 | 42  0.01125  3.43173e+01
 43  0.01256  5.15600e+01 | 44  0.00806 -1.62866e+02 | 45  0.14006  4.70495e+02
 46 -0.07234  3.25668e+02 | 47 -0.06052 -6.33796e+01 | 48 -0.04715  3.93366e+00
 49 -0.04962 -3.47782e+01 | 50 -0.04270 -2.65853e+00 | 51 -0.03579  3.53255e+01
 52 -0.02278  2.12688e+01 | 53 -0.01399 -8.42987e+00 | 54 -0.00337 -3.22335e+01
 55  0.00453  1.06972e+02 | 56  0.00832 -2.49268e+02 | 57  0.01697  7.97893e+01
 58  0.02053  3.73811e+01 | 59  0.01971  9.38154e+01 | 60  0.01199 -3.34623e+02
 61  0.01467  1.38134e+02 | 62  0.01060 -1.61777e+02 | 63  0.01302 -5.47801e+00
 64  0.01634  3.02923e+02 | 65  0.01789 -4.72244e+01 | 66  0.02231 -1.84237e+02
 67  0.02661  3.05077e+02 | 68  0.02633 -1.75247e+02 | 69  0.02679 -7.03917e+01
 70  0.02700  6.57483e+00 | 71  0.02433 -9.83671e+01 | 72  0.02038 -9.16861e+00
 73  0.01952 -2.97622e+01 |
1 0 23629.4
1 0 23627.5
1 0 23626.5
1 0 23626
1 0 23625.8
1 0 23625.7
1 0 23625.6
1 0 23625.6
1 0 23625.6
1 0 23625.6
73 variables; iteration 90; function evaluation 116; phase 1
Function value   2.3625560e+04; maximum gradient component mag   1.8219e+01
Var   Value    Gradient   |Var   Value    Gradient   |Var   Value    Gradient
  1  0.26766 -6.06105e+00 |  2  0.22496 -3.26700e+00 |  3  0.16403 -1.04032e+00
  4  0.11674  5.60913e-01 |  5  0.08235  6.03828e-01 |  6  0.05680 -1.26806e+00
  7  0.03764 -1.04295e+00 |  8  0.02296 -8.95793e-01 |  9  0.01166 -1.33255e-01
 10  0.00285  2.82818e-01 | 11 -0.00400 -1.88328e-02 | 12 -0.00908  1.73999e-01
 13 -0.01262  6.37646e-01 | 14 -0.01487  5.64753e-01 | 15 -0.01588  1.27226e+00
 16  0.11684 -7.99012e-01 | 17 -0.02077  3.86014e+00 | 18 -0.00933 -8.64446e+00
 19 -0.01320 -2.53655e+00 | 20 -0.01069  4.00302e+00 | 21 -0.01056  8.37399e-02
 22 -0.00346 -1.55707e+00 | 23 -0.00678 -2.23892e-01 | 24 -0.00760 -2.18875e-01
 25 -0.00808  4.92738e-01 | 26 -0.00578  1.70687e+00 | 27 -0.00407 -2.28573e-01
 28 -0.00173 -6.22207e-01 | 29  0.00096 -1.04720e+00 | 30 -0.00719 -2.52651e+00
 31  0.00324 -7.03472e-01 | 32  0.00240  6.80138e-01 | 33  0.00686  9.51648e-01
 34  0.00581  7.98317e-01 | 35  0.00249 -1.30914e+00 | 36  0.00481  1.78060e-01
 37  0.00268 -2.50052e+00 | 38  0.00655 -3.25375e-01 | 39  0.01006  2.61610e+00
 40  0.00882  1.74054e-01 | 41  0.01200  1.38738e+00 | 42  0.01076 -1.02895e+00
 43  0.01344  3.34432e+00 | 44  0.01837  3.99112e+00 | 45  0.13958  1.09449e+01
 46 -0.07344  1.82185e+01 | 47 -0.05979 -4.81372e+00 | 48 -0.04695 -2.50811e+00
 49 -0.04933 -1.84376e+00 | 50 -0.04246  1.58551e-01 | 51 -0.03574  5.54235e-01
 52 -0.02262  6.13390e-01 | 53 -0.01372 -4.47579e+00 | 54 -0.00290 -3.32027e+00
 55  0.00443  3.62925e+00 | 56  0.00981  1.56021e+00 | 57  0.01679 -1.32272e+00
 58  0.02077  2.53113e+00 | 59  0.01967 -4.05591e+00 | 60  0.01402 -4.74231e-01
 61  0.01427  6.84913e-01 | 62  0.01154 -1.35396e+00 | 63  0.01320  4.04550e+00
 64  0.01519 -1.63674e+00 | 65  0.01862  2.99719e+00 | 66  0.02344 -2.72587e+00
 67  0.02553 -3.49117e+00 | 68  0.02767  2.37434e+00 | 69  0.02730 -1.25864e+00
 70  0.02706  1.55941e+00 | 71  0.02427 -4.29534e+00 | 72  0.01652 -7.81862e-01
 73  0.01653 -4.72094e-01 |
1 0 23625.6
1 0 23625.6
1 0 23625.6
1 0 23625.6
1 0 23625.6
1 0 23625.6
1 0 23625.6
1 0 23625.6
1 0 23625.6
1 0 23625.6
73 variables; iteration 100; function evaluation 126; phase 1
Function value   2.3625553e+04; maximum gradient component mag  -1.2841e+00
Var   Value    Gradient   |Var   Value    Gradient   |Var   Value    Gradient
  1  0.26780  4.72131e-01 |  2  0.22516  1.76828e-01 |  3  0.16422  1.19640e-01
  4  0.11679 -4.57374e-03 |  5  0.08251 -4.13806e-02 |  6  0.05731  3.18574e-02
  7  0.03817  8.76591e-03 |  8  0.02327 -6.83265e-03 |  9  0.01151 -1.75875e-02
 10  0.00220  1.77660e-02 | 11 -0.00511  2.11578e-02 | 12 -0.01069  3.28774e-02
 13 -0.01475 -2.02993e-02 | 14 -0.01740  2.33160e-02 | 15 -0.01872 -3.81214e-02
 16  0.11680 -3.96182e-01 | 17 -0.02067 -1.28414e+00 | 18 -0.00930 -3.02654e-01
 19 -0.01316  2.21513e-01 | 20 -0.01070 -3.88586e-02 | 21 -0.01055  5.10790e-02
 22 -0.00344  7.42684e-02 | 23 -0.00677  6.82462e-02 | 24 -0.00759  8.40371e-02
 25 -0.00807  4.06069e-02 | 26 -0.00578  2.59348e-02 | 27 -0.00407  8.79442e-02
 28 -0.00172  3.00041e-02 | 29  0.00098  1.42991e-01 | 30 -0.00717  4.68415e-03
 31  0.00326  2.74918e-01 | 32  0.00241 -2.61229e-02 | 33  0.00686  1.62330e-02
 34  0.00581 -2.50531e-03 | 35  0.00250  1.36812e-01 | 36  0.00482  7.86188e-02
 37  0.00270  1.23322e-01 | 38  0.00657  1.63112e-01 | 39  0.01006 -5.55656e-02
 40  0.00882  8.84539e-02 | 41  0.01200  3.74796e-02 | 42  0.01077  1.24398e-01
 43  0.01341  5.32184e-02 | 44  0.01803 -2.45175e-01 | 45  0.13959  1.98628e-01
 46 -0.07354  5.99374e-01 | 47 -0.05977 -2.69248e-01 | 48 -0.04696  4.32901e-02
 49 -0.04933  7.22198e-02 | 50 -0.04247 -1.63836e-02 | 51 -0.03575 -4.10360e-02
 52 -0.02263 -9.25192e-02 | 53 -0.01371  2.03329e-01 | 54 -0.00290  1.02850e-01
 55  0.00440 -7.81468e-02 | 56  0.00979  2.39864e-02 | 57  0.01679  3.12925e-02
 58  0.02075 -1.86547e-01 | 59  0.01969  1.44408e-01 | 60  0.01401  4.61066e-02
 61  0.01425 -1.44974e-01 | 62  0.01153  5.92908e-02 | 63  0.01317 -1.95682e-01
 64  0.01519 -1.00685e-02 | 65  0.01860 -1.05152e-01 | 66  0.02345  6.70059e-03
 67  0.02554  3.09619e-02 | 68  0.02764 -1.28284e-01 | 69  0.02729 -2.37450e-02
 70  0.02704 -8.65715e-02 | 71  0.02429  7.08102e-02 | 72  0.01664 -2.95607e-02
 73  0.01663 -2.16269e-02 |
1 0 23625.6
1 0 23625.6
1 0 23625.6
1 0 23625.6
1 0 23625.6

 - final statistics:
73 variables; iteration 105; function evaluation 131
Function value   2.3626e+04; maximum gradient component mag  -9.6516e-02
Exit code = 1;  converg criter   1.0000e-01
Var   Value    Gradient   |Var   Value    Gradient   |Var   Value    Gradient
  1  0.26781  1.45292e-02 |  2  0.22517  1.29353e-03 |  3  0.16423 -4.47173e-03
  4  0.11682  2.49035e-02 |  5  0.08254  3.43882e-02 |  6  0.05733 -1.47706e-02
  7  0.03819 -1.11548e-02 |  8  0.02329 -9.91319e-04 |  9  0.01152  7.42368e-03
 10  0.00220 -5.30948e-03 | 11 -0.00511 -4.00013e-03 | 12 -0.01069 -8.37335e-03
 13 -0.01474  1.80141e-03 | 14 -0.01738 -1.03682e-03 | 15 -0.01868  1.16037e-02
 16  0.11681 -1.65404e-04 | 17 -0.02065 -5.20494e-02 | 18 -0.00930  7.56533e-02
 19 -0.01316  2.71912e-02 | 20 -0.01070 -1.58772e-02 | 21 -0.01055  6.32346e-03
 22 -0.00345 -3.84050e-03 | 23 -0.00677  3.54634e-03 | 24 -0.00759 -2.92900e-03
 25 -0.00807 -1.39887e-03 | 26 -0.00579 -1.53519e-03 | 27 -0.00407 -1.68274e-03
 28 -0.00172  9.60403e-03 | 29  0.00098 -1.74495e-02 | 30 -0.00717  1.60600e-02
 31  0.00326 -2.44882e-02 | 32  0.00241 -1.36462e-03 | 33  0.00686  9.27104e-03
 34  0.00581  9.76242e-03 | 35  0.00250  7.73486e-05 | 36  0.00482 -1.48607e-03
 37  0.00270 -6.27834e-03 | 38  0.00657 -7.80587e-03 | 39  0.01006  2.38695e-03
 40  0.00882 -3.09248e-03 | 41  0.01199  1.17418e-02 | 42  0.01076  3.42707e-03
 43  0.01341 -8.60929e-04 | 44  0.01804 -3.11634e-02 | 45  0.13959 -9.54683e-02
 46 -0.07355 -9.65157e-02 | 47 -0.05976  3.79129e-02 | 48 -0.04696 -7.45178e-04
 49 -0.04933 -1.19499e-02 | 50 -0.04247  2.75168e-03 | 51 -0.03575  4.26334e-04
 52 -0.02263  9.38890e-03 | 53 -0.01371 -1.32109e-02 | 54 -0.00290  6.24293e-04
 55  0.00440  4.68852e-03 | 56  0.00979  2.49672e-03 | 57  0.01679  9.15889e-03
 58  0.02075 -8.35330e-03 | 59  0.01969  2.15747e-02 | 60  0.01401  1.40326e-02
 61  0.01426 -7.88103e-03 | 62  0.01153  2.66783e-02 | 63  0.01317 -7.09345e-03
 64  0.01519 -3.24283e-03 | 65  0.01860  1.93542e-02 | 66  0.02345  1.22494e-04
 67  0.02554  8.04064e-03 | 68  0.02765 -1.39301e-02 | 69  0.02729 -5.07838e-03
 70  0.02705 -3.09499e-03 | 71  0.02429  6.76894e-03 | 72  0.01663  2.47240e-03
 73  0.01663  2.32852e-03 |
1 0 23625.6
B0234224
0.3 0.29425
0.252214 0.334688
0.24118 0.345585
0.238137 0.348709
0.237259 0.349621
0.237002 0.349889
0.236927 0.349967
0.236904 0.34999
0.236898 0.349997
0.236896 0.349999
0.236895 0.35
0.236895 0.35
0.236895 0.35
0.236895 0.35
0.236895 0.35
0.236895 0.35
0.236895 0.35
0.236895 0.35
0.236895 0.35
0.236895 0.35
0.236895 0.35
2 0 23625.6

Initial statistics: 77 variables; iteration 0; function evaluation 0; phase 2
Function value   2.3625553e+04; maximum gradient component mag   3.9365e+03
Var   Value    Gradient   |Var   Value    Gradient   |Var   Value    Gradient
  1 -0.80928 -1.04889e+02 |  2 -0.70889 -3.59389e+02 |  3  0.26781  1.45292e-02
  4  0.22517  1.29353e-03 |  5  0.16423 -4.47173e-03 |  6  0.11682  2.49035e-02
  7  0.08254  3.43882e-02 |  8  0.05733 -1.47706e-02 |  9  0.03819 -1.11548e-02
 10  0.02329 -9.91319e-04 | 11  0.01152  7.42368e-03 | 12  0.00220 -5.30948e-03
 13 -0.00511 -4.00013e-03 | 14 -0.01069 -8.37335e-03 | 15 -0.01474  1.80141e-03
 16 -0.01738 -1.03682e-03 | 17 -0.01868  1.16037e-02 | 18  0.11681 -1.65404e-04
 19 -0.02065 -5.21108e-02 | 20 -0.00930  7.55919e-02 | 21 -0.01316  2.71299e-02
 22 -0.01070 -1.59386e-02 | 23 -0.01055  6.26210e-03 | 24 -0.00345 -3.90187e-03
 25 -0.00677  3.48497e-03 | 26 -0.00759 -2.99037e-03 | 27 -0.00807 -1.46024e-03
 28 -0.00579 -1.59656e-03 | 29 -0.00407 -1.74411e-03 | 30 -0.00172  9.54266e-03
 31  0.00098 -1.75108e-02 | 32 -0.00717  1.59986e-02 | 33  0.00326 -2.45496e-02
 34  0.00241 -1.42599e-03 | 35  0.00686  9.20967e-03 | 36  0.00581  9.70105e-03
 37  0.00250  1.59785e-05 | 38  0.00482 -1.54744e-03 | 39  0.00270 -6.33971e-03
 40  0.00657 -7.86724e-03 | 41  0.01006  2.32558e-03 | 42  0.00882 -3.15385e-03
 43  0.01199  1.16804e-02 | 44  0.01076  3.36571e-03 | 45  0.01341 -9.22286e-04
 46  0.01804 -3.12247e-02 | 47  0.13959 -9.54683e-02 | 48 -0.07355 -9.64174e-02
 49 -0.05976  3.80114e-02 | 50 -0.04696 -6.46539e-04 | 51 -0.04933 -1.18513e-02
 52 -0.04247  2.85037e-03 | 53 -0.03575  5.25087e-04 | 54 -0.02263  9.48775e-03
 55 -0.01371 -1.31120e-02 | 56 -0.00290  7.23201e-04 | 57  0.00440  4.78742e-03
 58  0.00979  2.59562e-03 | 59  0.01679  9.25776e-03 | 60  0.02075 -8.25445e-03
 61  0.01969  2.16735e-02 | 62  0.01401  1.41315e-02 | 63  0.01426 -7.78214e-03
 64  0.01153  2.67772e-02 | 65  0.01317 -6.99456e-03 | 66  0.01519 -3.14395e-03
 67  0.01860  1.94531e-02 | 68  0.02345  2.21335e-04 | 69  0.02554  8.13946e-03
 70  0.02765 -1.38313e-02 | 71  0.02729 -4.97956e-03 | 72  0.02705 -2.99617e-03
 73  0.02429  6.86778e-03 | 74  0.01663  2.57127e-03 | 75  0.01663  2.42740e-03
 76 -0.58013  3.93653e+03 | 77 -0.47245 -5.24569e+02 |
2 0 23625.5
2 0 23625.3
2 0 23623.5
2 0 23620.9
2 0 23616
2 0 23594.4
2 0 23603.2
2 0 23583.1
2 0 23562.7
2 0 23531.2
2 0 23565.1
2 0 23520.6
2 0 23525
2 0 23519.2
2 0 23518.5
2 0 23518
2 0 23515.6

Intermediate statistics: 77 variables; iteration 10; function evaluation 17; phase 2
Function value   2.3515890e+04; maximum gradient component mag  -2.5852e+03
Var   Value    Gradient   |Var   Value    Gradient   |Var   Value    Gradient
  1 -0.78009 -2.19068e+02 |  2 -0.64752 -2.12754e+02 |  3  0.26729 -8.35016e+01
  4  0.22777  5.70864e+01 |  5  0.16381  1.62161e+01 |  6  0.11570  9.04415e+00
  7  0.08172  6.19695e+00 |  8  0.05680  3.70692e+00 |  9  0.03783  2.18740e+00
 10  0.02303  1.36520e+00 | 11  0.01131  9.15296e-01 | 12  0.00203  6.49880e-01
 13 -0.00525  4.90617e-01 | 14 -0.01082  3.89678e-01 | 15 -0.01486  3.30137e-01
 16 -0.01749  2.91833e-01 | 17 -0.01879  2.86171e-01 | 18  0.07660 -3.38045e+02
 19 -0.01825  9.74367e+00 | 20 -0.01165 -4.77566e+02 | 21 -0.01567 -5.66867e+02
 22 -0.01210 -9.13386e+01 | 23 -0.01129 -2.12102e+02 | 24 -0.00339 -7.40063e+01
 25 -0.00497  9.09864e+01 | 26 -0.00378  4.67362e+02 | 27 -0.00441  3.15874e+02
 28 -0.00303  2.98184e+02 | 29 -0.00236  1.66775e+02 | 30 -0.00118 -2.37799e+01
 31  0.00027 -1.11322e+02 | 32 -0.00881 -2.35448e+02 | 33  0.00156 -6.88647e+01
 34  0.00079 -9.45465e+01 | 35  0.00537  5.82039e+00 | 36  0.00432 -1.10477e+02
 37  0.00152 -1.23543e+02 | 38  0.00446 -7.27162e+01 | 39  0.00291  7.51086e+00
 40  0.00671  2.23893e+01 | 41  0.00963 -3.20433e+01 | 42  0.00866  7.10467e+01
 43  0.01138  1.23390e+02 | 44  0.00998  1.80026e+02 | 45  0.01282  2.73503e+02
 46  0.02012 -2.51120e+01 | 47  0.13804 -2.58515e+03 | 48 -0.07708 -3.03017e+02
 49 -0.05952  2.85166e+02 | 50 -0.04746  9.72925e+01 | 51 -0.05035 -2.72126e+01
 52 -0.04318 -1.64631e+01 | 53 -0.03490  2.38336e+02 | 54 -0.02124  2.47058e+02
 55 -0.01126  4.35855e+02 | 56 -0.00119  2.68983e+02 | 57  0.00585  2.45241e+02
 58  0.01136  3.31217e+02 | 59  0.01826  3.82296e+02 | 60  0.02123  2.70901e+02
 61  0.01758 -3.09365e+02 | 62  0.01209 -2.80507e+02 | 63  0.01279 -2.67640e+02
 64  0.01130  1.74056e+01 | 65  0.01355  2.02136e+02 | 66  0.01624  2.99985e+02
 67  0.01983  3.24851e+02 | 68  0.02484  3.25564e+02 | 69  0.02692  3.06801e+02
 70  0.02896  2.78476e+02 | 71  0.02815  1.20582e+02 | 72  0.02702 -5.04771e+01
 73  0.02345 -2.52732e+02 | 74  0.01504  9.11258e+01 | 75  0.01636  2.59549e+02
 76 -0.63387 -5.31569e+02 | 77 -0.57247  4.91357e+02 |
2 0 23510.5
2 0 23502.9
2 0 23502.1
2 0 23498.7
2 0 23496
2 0 23496.4
2 0 23494.7
2 0 23495.4
2 0 23493.9
2 0 23498.6
2 0 23493.7
2 0 23493.8
2 0 23493.7
2 0 23493.7
2 0 23493.6
77 variables; iteration 20; function evaluation 32; phase 2
Function value   2.3493956e+04; maximum gradient component mag  -5.1378e+03
Var   Value    Gradient   |Var   Value    Gradient   |Var   Value    Gradient
  1 -0.70767  6.00681e+01 |  2 -0.58209  1.52002e+02 |  3  0.26371 -1.61135e+02
  4  0.23055  9.23956e+01 |  5  0.16380  1.85125e+01 |  6  0.11348 -1.53299e+00
  7  0.07937  8.01016e-02 |  8  0.05506  1.47358e+00 |  9  0.03665  1.12805e+00
 10  0.02220  5.00330e-01 | 11  0.01069  9.58940e-02 | 12  0.00154 -1.31527e-01
 13 -0.00566 -2.38989e-01 | 14 -0.01117 -3.06982e-01 | 15 -0.01518 -3.36104e-01
 16 -0.01779 -3.68092e-01 | 17 -0.01908 -3.61515e-01 | 18  0.07731 -5.12975e+02
 19 -0.01936 -5.27191e+01 | 20 -0.01133 -5.14865e+02 | 21 -0.01549 -5.89852e+02
 22 -0.01141 -6.51933e+01 | 23 -0.01117 -2.71052e+02 | 24 -0.00340 -1.54284e+02
 25 -0.00492  7.84500e+01 | 26 -0.00400  4.44131e+02 | 27 -0.00483  2.45033e+02
 28 -0.00333  2.26011e+02 | 29 -0.00245  1.04893e+02 | 30 -0.00112 -5.31508e+01
 31  0.00085 -5.31127e+01 | 32 -0.00838 -2.08807e+02 | 33  0.00217  2.21361e+01
 34  0.00116 -1.26534e+02 | 35  0.00574 -1.25969e+01 | 36  0.00472 -8.11530e+01
 37  0.00176 -1.10463e+02 | 38  0.00468 -6.50973e+01 | 39  0.00306 -7.07984e+00
 40  0.00693  1.16902e+01 | 41  0.00980  1.11036e+01 | 42  0.00877  9.65275e+01
 43  0.01128  9.11293e+01 | 44  0.00981  1.06990e+02 | 45  0.01230  1.30285e+02
 46  0.01704  1.02003e+01 | 47  0.13885 -5.13781e+03 | 48 -0.07646 -2.20450e+02
 49 -0.05987  2.58069e+02 | 50 -0.04726  2.43797e+02 | 51 -0.05038 -9.85391e-01
 52 -0.04319  4.23810e+01 | 53 -0.03502  2.45088e+02 | 54 -0.02155  2.23632e+02
 55 -0.01191  3.96124e+02 | 56 -0.00151  2.66117e+02 | 57  0.00555  2.75453e+02
 58  0.01122  3.31280e+02 | 59  0.01785  3.33896e+02 | 60  0.02088  1.94327e+02
 61  0.01731 -3.85866e+02 | 62  0.01237 -2.52112e+02 | 63  0.01303 -2.13098e+02
 64  0.01128  4.41180e+00 | 65  0.01333  1.69455e+02 | 66  0.01593  2.50668e+02
 67  0.01960  2.91034e+02 | 68  0.02460  2.96872e+02 | 69  0.02671  2.02113e+02
 70  0.02851  1.97029e+02 | 71  0.02798  9.14197e+01 | 72  0.02700  1.06575e+01
 73  0.02376 -1.31365e+02 | 74  0.01704  1.28334e+02 | 75  0.01797  3.85765e+02
 76 -0.63515 -4.85387e+02 | 77 -0.57528  4.87723e+02 |
2 0 23493.9
2 0 23493.6
2 0 23493.6
2 0 23493.6
2 0 23493.6
2 0 23493.6
2 0 23493.6
2 0 23493.6
2 0 23493.6
2 0 23493.6
2 0 23493.6
2 0 23493.6
2 0 23493.6
77 variables; iteration 30; function evaluation 45; phase 2
Function value   2.3493911e+04; maximum gradient component mag  -5.1063e+03
Var   Value    Gradient   |Var   Value    Gradient   |Var   Value    Gradient
  1 -0.70814  5.31400e+01 |  2 -0.58142  1.51167e+02 |  3  0.26382 -1.55173e+02
  4  0.22985  8.25797e+01 |  5  0.16510  2.69531e+01 |  6  0.11490  6.42085e+00
  7  0.07911 -1.18378e+00 |  8  0.05351 -2.20316e+00 |  9  0.03471 -1.71985e+00
 10  0.02053 -3.75708e-01 | 11  0.00945  1.85719e-01 | 12  0.00062  1.07038e-01
 13 -0.00638 -7.14837e-02 | 14 -0.01176 -2.11655e-01 | 15 -0.01569 -2.81364e-01
 16 -0.01825 -3.36356e-01 | 17 -0.01952 -3.39400e-01 | 18  0.07717 -5.13452e+02
 19 -0.01943 -5.94741e+01 | 20 -0.01136 -5.25795e+02 | 21 -0.01567 -6.23453e+02
 22 -0.01140 -6.48557e+01 | 23 -0.01117 -2.84212e+02 | 24 -0.00331 -1.37478e+02
 25 -0.00495  7.60224e+01 | 26 -0.00413  4.14193e+02 | 27 -0.00479  2.51188e+02
 28 -0.00326  2.35189e+02 | 29 -0.00250  9.28525e+01 | 30 -0.00101 -3.85676e+01
 31  0.00077 -7.67229e+01 | 32 -0.00841 -2.19020e+02 | 33  0.00225  2.38772e+01
 34  0.00124 -1.12634e+02 | 35  0.00577 -7.73664e+00 | 36  0.00476 -8.28491e+01
 37  0.00181 -1.08914e+02 | 38  0.00484 -4.40318e+01 | 39  0.00316 -5.84602e-01
 40  0.00707  2.53421e+01 | 41  0.00998  2.93768e+01 | 42  0.00882  9.61063e+01
 43  0.01139  9.26387e+01 | 44  0.00982  1.00188e+02 | 45  0.01234  1.41292e+02
 46  0.01625  4.00838e+00 | 47  0.13899 -5.10630e+03 | 48 -0.07652 -2.11575e+02
 49 -0.06008  2.46790e+02 | 50 -0.04739  2.41340e+02 | 51 -0.05039  1.85003e+01
 52 -0.04327  3.84458e+01 | 53 -0.03524  2.17308e+02 | 54 -0.02164  2.34424e+02
 55 -0.01205  3.89245e+02 | 56 -0.00161  2.60820e+02 | 57  0.00537  2.60596e+02
 58  0.01114  3.29217e+02 | 59  0.01774  3.38286e+02 | 60  0.02075  1.93475e+02
 61  0.01730 -3.73108e+02 | 62  0.01226 -2.60674e+02 | 63  0.01287 -2.29547e+02
 64  0.01121  8.60698e+00 | 65  0.01320  1.61812e+02 | 66  0.01586  2.45418e+02
 67  0.01952  2.87832e+02 | 68  0.02451  2.90240e+02 | 69  0.02673  2.12880e+02
 70  0.02838  1.89214e+02 | 71  0.02802  1.15522e+02 | 72  0.02689  1.12003e+01
 73  0.02377 -1.24649e+02 | 74  0.01751  1.43781e+02 | 75  0.01996  3.93053e+02
 76 -0.63511 -4.88827e+02 | 77 -0.57518  4.88592e+02 |
2 0 23493.6
2 0 23493.5
2 0 23493.5
2 0 23493.4
2 0 23493.4
2 0 23493.4
2 0 23493.4
2 0 23493.3
2 0 23493.3
2 0 23493.3
2 0 23493.3
77 variables; iteration 40; function evaluation 56; phase 2
Function value   2.3493647e+04; maximum gradient component mag  -5.1191e+03
Var   Value    Gradient   |Var   Value    Gradient   |Var   Value    Gradient
  1 -0.70786  5.48295e+01 |  2 -0.58226  1.51295e+02 |  3  0.26407 -1.51970e+02
  4  0.23166  1.02214e+02 |  5  0.16435  1.70337e+01 |  6  0.11404  8.01189e+00
  7  0.07685  6.27019e+00 |  8  0.04685 -5.61661e+00 |  9  0.02365 -1.38713e+01
 10  0.00771 -1.22966e+01 | 11 -0.00240 -5.74188e+00 | 12 -0.00910 -9.73097e-01
 13 -0.01406  7.76388e-01 | 14 -0.01798  8.04757e-01 | 15 -0.02097  4.14179e-01
 16 -0.02300  9.13427e-02 | 17 -0.02403 -4.27331e-02 | 18  0.07726 -4.87311e+02
 19 -0.01929 -6.07350e+01 | 20 -0.01124 -5.17193e+02 | 21 -0.01546 -5.94318e+02
 22 -0.01138 -6.43574e+01 | 23 -0.01132 -2.99840e+02 | 24 -0.00324 -9.80038e+01
 25 -0.00482  1.05093e+02 | 26 -0.00430  3.95999e+02 | 27 -0.00521  1.88519e+02
 28 -0.00311  2.57453e+02 | 29 -0.00255  8.37790e+01 | 30 -0.00096 -3.13877e+01
 31  0.00063 -7.54339e+01 | 32 -0.00845 -2.19934e+02 | 33  0.00232  4.44886e+01
 34  0.00118 -1.44783e+02 | 35  0.00586  3.80588e+01 | 36  0.00454 -1.31021e+02
 37  0.00177 -1.03081e+02 | 38  0.00495 -1.76486e+01 | 39  0.00324  2.67215e+01
 40  0.00669 -5.56615e+01 | 41  0.00994  3.38234e+01 | 42  0.00881  1.22370e+02
 43  0.01143  1.05344e+02 | 44  0.00975  8.92490e+01 | 45  0.01235  1.46026e+02
 46  0.01675 -4.00762e+00 | 47  0.13887 -5.11907e+03 | 48 -0.07647 -2.34534e+02
 49 -0.05984  2.64684e+02 | 50 -0.04717  2.65024e+02 | 51 -0.05044 -2.06432e+00
 52 -0.04336 -1.07876e+01 | 53 -0.03513  2.02396e+02 | 54 -0.02152  2.34465e+02
 55 -0.01221  3.64642e+02 | 56 -0.00126  3.16673e+02 | 57  0.00546  2.66406e+02
 58  0.01145  3.70534e+02 | 59  0.01759  2.87834e+02 | 60  0.02084  1.89814e+02
 61  0.01746 -3.68524e+02 | 62  0.01260 -2.08025e+02 | 63  0.01288 -2.59489e+02
 64  0.01135  3.24295e+01 | 65  0.01322  1.53391e+02 | 66  0.01603  2.46732e+02
 67  0.01961  2.73670e+02 | 68  0.02463  3.27878e+02 | 69  0.02692  2.38361e+02
 70  0.02826  1.38153e+02 | 71  0.02818  1.17406e+02 | 72  0.02701  1.82379e+01
 73  0.02385 -1.23142e+02 | 74  0.01698  1.13914e+02 | 75  0.01782  3.83139e+02
 76 -0.63537 -5.31614e+02 | 77 -0.57590  4.93495e+02 |
2 0 23493.3
2 0 23493.3
2 0 23493.2
2 0 23493.2
2 0 23493.2
2 0 23493.1
2 0 23493.2
2 0 23493.1
2 0 23493
2 0 23492.9
2 0 23492.6
2 0 23492.9
2 0 23492.4
2 0 23492.3
77 variables; iteration 50; function evaluation 70; phase 2
Function value   2.3492575e+04; maximum gradient component mag  -5.0866e+03
Var   Value    Gradient   |Var   Value    Gradient   |Var   Value    Gradient
  1 -0.70723  5.30156e+01 |  2 -0.58328  1.51274e+02 |  3  0.26424 -1.47200e+02
  4  0.23213  1.03781e+02 |  5  0.16449  1.36622e+01 |  6  0.11506  1.47547e+01
  7  0.07704 -4.38996e+00 |  8  0.04949  2.41396e+01 |  9  0.02010 -4.64868e+01
 10  0.00753 -2.05205e-02 | 11 -0.00291  2.79877e+01 | 12 -0.02008 -2.31024e+00
 13 -0.03545 -2.14685e+01 | 14 -0.04359 -1.84547e+01 | 15 -0.04552 -6.45828e+00
 16 -0.04490  1.72146e+00 | 17 -0.04417  4.50920e+00 | 18  0.07727 -4.12908e+02
 19 -0.01930 -8.02061e+01 | 20 -0.01074 -4.61923e+02 | 21 -0.01513 -5.54949e+02
 22 -0.01114 -4.92781e+01 | 23 -0.01082 -2.33016e+02 | 24 -0.00299 -6.15222e+01
 25 -0.00469  1.34696e+02 | 26 -0.00421  4.03604e+02 | 27 -0.00542  1.45085e+02
 28 -0.00326  2.47313e+02 | 29 -0.00298  4.07750e+01 | 30 -0.00135 -8.18434e+01
 31  0.00012 -1.24686e+02 | 32 -0.00863 -2.31666e+02 | 33  0.00198 -1.16763e+01
 34  0.00121 -1.27138e+02 | 35  0.00575  1.12529e+01 | 36  0.00438 -1.43771e+02
 37  0.00204 -6.05657e+01 | 38  0.00533  2.81834e+01 | 39  0.00369  6.83515e+01
 40  0.00704  1.62841e+01 | 41  0.00953 -4.20290e+01 | 42  0.00874  1.27625e+02
 43  0.01136  1.30640e+02 | 44  0.00953  1.82286e+01 | 45  0.01230  1.60498e+02
 46  0.01657 -1.50161e+01 | 47  0.13895 -5.08657e+03 | 48 -0.07590 -1.78507e+02
 49 -0.05985  2.55422e+02 | 50 -0.04706  2.82693e+02 | 51 -0.04997  5.62700e+01
 52 -0.04324 -7.27962e+00 | 53 -0.03539  1.37449e+02 | 54 -0.02154  2.23531e+02
 55 -0.01215  3.92077e+02 | 56 -0.00124  3.30434e+02 | 57  0.00508  2.13822e+02
 58  0.01138  3.81864e+02 | 59  0.01709  2.14761e+02 | 60  0.02065  1.64031e+02
 61  0.01714 -3.96704e+02 | 62  0.01257 -2.14955e+02 | 63  0.01293 -2.39393e+02
 64  0.01101 -1.77220e+01 | 65  0.01327  1.50511e+02 | 66  0.01617  2.55467e+02
 67  0.02002  3.34967e+02 | 68  0.02475  3.15320e+02 | 69  0.02667  2.14675e+02
 70  0.02822  1.35879e+02 | 71  0.02778  3.52303e+01 | 72  0.02720  8.05843e+01
 73  0.02371 -1.44006e+02 | 74  0.01703  1.12861e+02 | 75  0.01825  3.79130e+02
 76 -0.63604 -6.61156e+02 | 77 -0.57796  5.06610e+02 |
2 0 23492
2 0 23491.7
2 0 23492.7
2 0 23491.6
2 0 23491.5
2 0 23491.4
2 0 23491.3
2 0 23491.3
2 0 23491.2
2 0 23490.9
2 0 23491.1
2 0 23490.7
2 0 23490.8
2 0 23490.7
77 variables; iteration 60; function evaluation 84; phase 2
Function value   2.3490950e+04; maximum gradient component mag  -5.0139e+03
Var   Value    Gradient   |Var   Value    Gradient   |Var   Value    Gradient
  1 -0.70676  4.33443e+01 |  2 -0.58367  1.50325e+02 |  3  0.26494 -1.30456e+02
  4  0.23248  1.06235e+02 |  5  0.16567  1.55940e+01 |  6  0.11785  1.26450e+01
  7  0.08354  1.47872e+01 |  8  0.05556  2.50570e+01 |  9  0.02643 -6.46378e+00
 10  0.00265 -4.59689e+01 | 11 -0.00537  5.53648e+01 | 12 -0.02839 -2.99864e+01
 13 -0.04146 -1.02989e+01 | 14 -0.05073  1.43022e+01 | 15 -0.06378 -4.88841e+00
 16 -0.07494 -1.64799e+01 | 17 -0.08079 -1.82342e+01 | 18  0.07736 -3.00089e+02
 19 -0.01864 -1.06176e+02 | 20 -0.01054 -4.32026e+02 | 21 -0.01501 -5.36918e+02
 22 -0.01116 -4.97580e+01 | 23 -0.01080 -2.30669e+02 | 24 -0.00302 -7.35074e+01
 25 -0.00448  1.59672e+02 | 26 -0.00436  3.81389e+02 | 27 -0.00563  1.31919e+02
 28 -0.00402  1.48938e+02 | 29 -0.00310  3.22485e+01 | 30 -0.00091 -1.72123e+01
 31 -0.00036 -1.94524e+02 | 32 -0.00822 -1.65474e+02 | 33  0.00232  3.17300e+01
 34  0.00141 -1.12417e+02 | 35  0.00595  4.06550e+01 | 36  0.00457 -1.09911e+02
 37  0.00202 -8.19732e+01 | 38  0.00505  1.12671e+01 | 39  0.00321  2.21726e+01
 40  0.00705  3.29324e+01 | 41  0.00963 -3.32727e+01 | 42  0.00917  1.98554e+02
 43  0.01120  9.27410e+01 | 44  0.00962  5.76849e+01 | 45  0.01222  1.52315e+02
 46  0.01588 -3.41783e+01 | 47  0.13913 -5.01387e+03 | 48 -0.07582 -1.67318e+02
 49 -0.05997  2.38618e+02 | 50 -0.04723  2.56118e+02 | 51 -0.05002  5.49794e+01
 52 -0.04341 -2.17383e+01 | 53 -0.03525  1.69488e+02 | 54 -0.02164  2.21008e+02
 55 -0.01217  4.02745e+02 | 56 -0.00188  2.49125e+02 | 57  0.00472  1.69897e+02
 58  0.01179  4.49214e+02 | 59  0.01644  1.19407e+02 | 60  0.02076  1.79155e+02
 61  0.01752 -3.46640e+02 | 62  0.01277 -1.81667e+02 | 63  0.01304 -2.26829e+02
 64  0.01101 -2.68517e+01 | 65  0.01348  2.03388e+02 | 66  0.01588  2.17051e+02
 67  0.01939  2.39539e+02 | 68  0.02454  2.79773e+02 | 69  0.02658  2.03027e+02
 70  0.02844  1.54428e+02 | 71  0.02771  3.72416e+01 | 72  0.02703  4.47682e+01
 73  0.02374 -1.37137e+02 | 74  0.01725  1.09739e+02 | 75  0.01959  3.74964e+02
 76 -0.63687 -8.63967e+02 | 77 -0.58071  5.28446e+02 |
2 0 23490.5
2 0 23490.3
2 0 23490
2 0 23489.4
2 0 23489.2
2 0 23488.7
2 0 23488.1
2 0 23487
2 0 23485.1
2 0 23484.6
77 variables; iteration 70; function evaluation 94; phase 2
Function value   2.3484756e+04; maximum gradient component mag  -4.9348e+03
Var   Value    Gradient   |Var   Value    Gradient   |Var   Value    Gradient
  1 -0.70275  3.19026e+01 |  2 -0.58869  1.52352e+02 |  3  0.26439 -1.87378e+02
  4  0.23049  5.38770e+01 |  5  0.16132 -1.04527e+01 |  6  0.11289 -4.01562e+00
  7  0.08009  1.07059e+01 |  8  0.05360  1.88803e+01 |  9  0.02735 -1.25698e+01
 10  0.00825 -3.98737e+01 | 11  0.00329  3.76645e+01 | 12 -0.01104 -9.48741e+00
 13 -0.02114  1.16724e+01 | 14 -0.03367 -5.61103e+00 | 15 -0.04371 -2.87814e+00
 16 -0.05225 -2.47407e+01 | 17 -0.05279 -7.83548e-02 | 18  0.07724  2.20629e+02
 19 -0.01934 -7.72209e+01 | 20 -0.00953 -3.01969e+02 | 21 -0.01356 -3.32678e+02
 22 -0.01143 -9.94886e+01 | 23 -0.01202 -4.12426e+02 | 24 -0.00167  1.13772e+02
 25 -0.00599 -6.31744e+01 | 26 -0.00588  1.60885e+02 | 27 -0.00496  2.39817e+02
 28 -0.00417  1.22965e+02 | 29 -0.00442 -1.53588e+02 | 30 -0.00091  1.33661e+01
 31 -0.00060 -2.07797e+02 | 32 -0.00914 -3.07213e+02 | 33  0.00280  6.49059e+01
 34  0.00243 -8.10634e+00 | 35  0.00848  3.41061e+02 | 36  0.00530 -3.86335e+01
 37  0.00402  1.94293e+02 | 38  0.00520  3.24839e+01 | 39  0.00275 -3.25864e+01
 40  0.00622 -5.13455e+01 | 41  0.00884 -1.02370e+02 | 42  0.00880  1.56633e+02
 43  0.01102  8.06839e+01 | 44  0.00954  4.63593e+01 | 45  0.01307  2.71617e+02
 46  0.01450 -1.16777e+02 | 47  0.13967 -4.93480e+03 | 48 -0.07518 -1.06901e+02
 49 -0.05961  2.64434e+02 | 50 -0.04760  1.74927e+02 | 51 -0.05222 -2.59906e+02
 52 -0.04161  2.50381e+02 | 53 -0.03618  5.70332e+01 | 54 -0.02306  5.52934e+01
 55 -0.01222  4.09495e+02 | 56 -0.00190  2.57367e+02 | 57  0.00335 -1.55605e+01
 58  0.01132  3.67605e+02 | 59  0.01608  5.50174e+01 | 60  0.01950 -1.23859e+01
 61  0.01805 -2.63947e+02 | 62  0.01304 -1.62051e+02 | 63  0.01588  1.45491e+02
 64  0.01069 -1.22291e+02 | 65  0.01487  3.59864e+02 | 66  0.01572  1.49950e+02
 67  0.01884  1.46647e+02 | 68  0.02360  1.39624e+02 | 69  0.02544  2.52161e+01
 70  0.02790  8.04474e+01 | 71  0.02739 -1.03041e+01 | 72  0.02632 -6.70377e+01
 73  0.02492  9.16421e+00 | 74  0.01767  9.61137e+01 | 75  0.02202  3.51131e+02
 76 -0.64063 -1.87708e+03 | 77 -0.59296  6.45115e+02 |
2 0 23483.6
2 0 23485.3
2 0 23483.3
2 0 23482.8
2 0 23484.6
2 0 23482.8
2 0 23482.9
2 0 23482.7
2 0 23482.7
2 0 23482.7
2 0 23482.8
2 0 23482.7
2 0 23482.7
2 0 23482.7
2 0 23482.3
2 0 23479.6
2 0 23474
2 0 23465.1
77 variables; iteration 80; function evaluation 112; phase 2
Function value   2.3465084e+04; maximum gradient component mag  -2.0573e+03
Var   Value    Gradient   |Var   Value    Gradient   |Var   Value    Gradient
  1 -0.69225  5.05448e+01 |  2 -0.61574  1.07214e+02 |  3  0.26538 -1.24528e+02
  4  0.23097  3.71773e+01 |  5  0.16492  9.40294e+00 |  6  0.11389 -1.34282e+00
  7  0.07834 -1.45158e+00 |  8  0.05283 -3.36000e-01 |  9  0.03359 -1.08945e+00
 10  0.01888 -1.33842e+00 | 11  0.00763  3.87144e+00 | 12 -0.00239 -5.59184e-01
 13 -0.01033  1.78993e+00 | 14 -0.01720 -1.81293e+00 | 15 -0.02216  2.67000e+00
 16 -0.02669 -6.77738e+00 | 17 -0.02807 -1.01871e+00 | 18  0.08452  3.09208e+02
 19 -0.01837 -6.34311e+01 | 20 -0.00798 -9.71504e+00 | 21 -0.01192  1.93241e+01
 22 -0.01064 -1.54675e+01 | 23 -0.01016 -6.51329e+01 | 24 -0.00219  3.74527e+01
 25 -0.00647 -6.12637e+01 | 26 -0.00767 -3.69871e+01 | 27 -0.00738  2.78913e+01
 28 -0.00552 -2.37175e+01 | 29 -0.00401 -5.56111e+01 | 30 -0.00125  2.20311e+01
 31  0.00085 -1.29967e+01 | 32 -0.00744 -3.90678e+01 | 33  0.00354  3.39149e+01
 34  0.00292  3.34653e+01 | 35  0.00740  9.31186e+01 | 36  0.00550  8.23399e+00
 37  0.00276  6.56900e+01 | 38  0.00499  3.45315e+01 | 39  0.00251 -3.53791e+01
 40  0.00637 -2.54512e+01 | 41  0.01009  8.55126e+01 | 42  0.00808  3.26934e+00
 43  0.01095  1.34489e+01 | 44  0.01031  1.04555e+02 | 45  0.01197  1.77792e+01
 46  0.01296 -1.80174e+01 | 47  0.14072 -2.05730e+03 | 48 -0.07307  5.26653e+01
 49 -0.06006  2.51168e+01 | 50 -0.04787  2.51118e+01 | 51 -0.04970 -1.99641e+01
 52 -0.04212  1.08643e+02 | 53 -0.03627 -1.15872e+01 | 54 -0.02353 -1.91261e+01
 55 -0.01432  4.18282e+01 | 56 -0.00331  2.03621e+01 | 57  0.00362 -2.17297e+01
 58  0.00988  2.61300e+01 | 59  0.01621 -2.37963e+01 | 60  0.01999 -5.41913e+01
 61  0.01988 -1.27369e+00 | 62  0.01438 -4.91892e+00 | 63  0.01497  4.49472e+01
 64  0.01122 -7.23465e+01 | 65  0.01313  2.37468e+01 | 66  0.01516  1.96789e+00
 67  0.01817 -3.32423e+01 | 68  0.02279 -7.05310e+01 | 69  0.02617  1.59859e+01
 70  0.02714 -6.99298e+01 | 71  0.02681 -1.07833e+02 | 72  0.02722  3.85610e+01
 73  0.02406 -8.80290e+01 | 74  0.01936  6.79058e+01 | 75  0.01975  1.02594e+02
 76 -0.64138 -1.25886e+03 | 77 -0.61096  4.35627e+02 |
2 0 23459.3
2 0 23458.4
2 0 23457.8
2 0 23457.1
2 0 23456.7
2 0 23456.3
2 0 23456.1
2 0 23456
2 0 23456
2 0 23456
77 variables; iteration 90; function evaluation 122; phase 2
Function value   2.3455984e+04; maximum gradient component mag   6.1071e+01
Var   Value    Gradient   |Var   Value    Gradient   |Var   Value    Gradient
  1 -0.67341  6.10707e+01 |  2 -0.73131  9.12733e+00 |  3  0.26846  2.41162e+00
  4  0.22860  1.97256e+00 |  5  0.16506  4.89600e-01 |  6  0.11527 -1.37654e-01
  7  0.08005 -1.65959e-01 |  8  0.05457 -2.65517e-02 |  9  0.03544  9.34172e-02
 10  0.02063  2.63360e-01 | 11  0.00894 -3.07384e-01 | 12 -0.00019  2.58392e-01
 13 -0.00737  1.00178e-01 | 14 -0.01285 -8.29902e-02 | 15 -0.01676  1.27109e-01
 16 -0.01930  1.50803e-01 | 17 -0.02055  1.98923e-01 | 18  0.08607  3.54156e+00
 19 -0.01713 -5.97145e+00 | 20 -0.00824  3.98328e+00 | 21 -0.01220  2.11239e+00
 22 -0.01062  7.41650e-01 | 23 -0.01005  3.16220e+00 | 24 -0.00254 -2.41183e+00
 25 -0.00606  5.12082e-01 | 26 -0.00736 -1.78656e+00 | 27 -0.00764 -3.58440e+00
 28 -0.00535 -2.00583e+00 | 29 -0.00357  1.30024e+00 | 30 -0.00132 -6.63366e-01
 31  0.00118  2.14215e+00 | 32 -0.00714  3.02941e+00 | 33  0.00340  1.99275e-01
 34  0.00269  6.25381e-01 | 35  0.00696 -9.86276e-01 | 36  0.00568  2.54752e+00
 37  0.00241 -1.91255e+00 | 38  0.00494 -1.12511e-01 | 39  0.00293  8.85005e-01
 40  0.00681  4.77627e-01 | 41  0.00989  2.11526e+00 | 42  0.00844 -2.76419e-01
 43  0.01130  1.44186e+00 | 44  0.00991  9.07848e-01 | 45  0.01203  7.13195e-01
 46  0.01068  1.85821e-01 | 47  0.14107 -5.15512e+01 | 48 -0.07343  6.02177e-01
 49 -0.06024 -1.97549e+00 | 50 -0.04808 -2.57079e-03 | 51 -0.04944  2.17743e+00
 52 -0.04279 -1.05845e+00 | 53 -0.03619 -3.57020e-01 | 54 -0.02343 -1.13843e+00
 55 -0.01463 -2.87178e+00 | 56 -0.00345 -1.71704e+00 | 57  0.00382  8.22173e-01
 58  0.00968 -3.19422e+00 | 59  0.01624 -3.33774e-02 | 60  0.02025 -1.78813e-01
 61  0.01977  9.25354e-01 | 62  0.01430  1.99862e-01 | 63  0.01443 -8.29394e-01
 64  0.01148  9.36251e-02 | 65  0.01279 -2.64530e+00 | 66  0.01496 -1.14708e+00
 67  0.01832 -1.05235e+00 | 68  0.02316 -1.18495e+00 | 69  0.02581 -2.43287e+00
 70  0.02736 -1.32136e+00 | 71  0.02726 -1.55056e+00 | 72  0.02670 -8.92102e-01
 73  0.02447 -8.75522e-01 | 74  0.02027 -7.86390e-01 | 75  0.02026  1.68572e+00
 76 -0.65597 -5.22691e+01 | 77 -0.68641  1.20312e+01 |
2 0 23456
2 0 23456
2 0 23456
2 0 23456
2 0 23456
2 0 23456
2 0 23456
2 0 23456
2 0 23456
2 0 23456
2 0 23456
2 0 23456
77 variables; iteration 100; function evaluation 134; phase 2
Function value   2.3455968e+04; maximum gradient component mag   2.1246e+01
Var   Value    Gradient   |Var   Value    Gradient   |Var   Value    Gradient
  1 -0.67015  2.12461e+01 |  2 -0.75425  2.92445e+00 |  3  0.26846  5.90150e-02
  4  0.22852 -1.34452e-01 |  5  0.16510  3.82474e-03 |  6  0.11540  4.62732e-02
  7  0.08017  2.52616e-02 |  8  0.05464  1.72742e-02 |  9  0.03543 -1.06515e-02
 10  0.02056 -1.87587e-02 | 11  0.00887  4.26796e-02 | 12 -0.00037 -1.25059e-02
 13 -0.00760 -3.77946e-03 | 14 -0.01310  1.34706e-02 | 15 -0.01709  2.98549e-02
 16 -0.01969  8.68171e-03 | 17 -0.02097  2.64658e-02 | 18  0.08616  2.91253e+00
 19 -0.01712 -5.87712e-01 | 20 -0.00827 -1.69071e-01 | 21 -0.01221 -3.95194e-01
 22 -0.01063 -1.39321e-01 | 23 -0.01008 -4.41515e-01 | 24 -0.00252  3.61999e-01
 25 -0.00606 -3.00654e-01 | 26 -0.00733  1.03443e-02 | 27 -0.00760  2.64530e-01
 28 -0.00533  1.42148e-01 | 29 -0.00358 -2.25861e-01 | 30 -0.00131  7.36964e-02
 31  0.00116 -2.11953e-01 | 32 -0.00716 -4.13900e-01 | 33  0.00340  3.34835e-01
 34  0.00268  1.07200e-01 | 35  0.00697  4.12570e-01 | 36  0.00567 -1.62424e-01
 37  0.00243  3.08220e-01 | 38  0.00495  1.07133e-01 | 39  0.00293 -1.34164e-01
 40  0.00681 -2.73443e-02 | 41  0.00989 -7.65915e-03 | 42  0.00845  1.26232e-01
 43  0.01131  8.42581e-02 | 44  0.00992  2.26246e-01 | 45  0.01203  1.78729e-01
 46  0.01062 -5.55051e-01 | 47  0.14108 -3.69898e+00 | 48 -0.07344 -1.75290e-01
 49 -0.06024  4.49799e-01 | 50 -0.04808  2.37697e-03 | 51 -0.04946 -1.33214e-01
 52 -0.04279  1.30977e-01 | 53 -0.03619  1.78991e-01 | 54 -0.02343  2.08833e-01
 55 -0.01461  4.82333e-01 | 56 -0.00344  2.14105e-01 | 57  0.00381 -6.88212e-02
 58  0.00969  3.33908e-01 | 59  0.01623 -3.00708e-02 | 60  0.02024  6.75501e-02
 61  0.01976 -2.21888e-01 | 62  0.01429 -9.32784e-02 | 63  0.01443 -8.93232e-02
 64  0.01146 -1.22594e-01 | 65  0.01280  2.25376e-01 | 66  0.01496  2.96581e-02
 67  0.01831  7.69494e-02 | 68  0.02316  3.10121e-02 | 69  0.02581  9.58243e-02
 70  0.02736 -5.13707e-04 | 71  0.02726 -6.78253e-02 | 72  0.02670 -6.96322e-02
 73  0.02447 -1.10234e-01 | 74  0.02031  5.07687e-01 | 75  0.02031  2.62669e-01
 76 -0.65924 -3.38981e+00 | 77 -0.70394  7.22285e-01 |
2 0 23456
2 0 23456
2 0 23456
2 0 23456
2 0 23456
2 0 23456
2 0 23456
2 0 23456
2 0 23456
2 0 23456
2 0 23456
2 0 23456
2 0 23456
2 0 23456
77 variables; iteration 110; function evaluation 148; phase 2
Function value   2.3455968e+04; maximum gradient component mag   3.8981e+01
Var   Value    Gradient   |Var   Value    Gradient   |Var   Value    Gradient
  1 -0.66926  3.89809e+01 |  2 -0.76083  5.22290e+00 |  3  0.26847  6.58542e-02
  4  0.22854  1.88640e-02 |  5  0.16509  1.53633e-03 |  6  0.11538  6.09005e-03
  7  0.08015  3.92561e-03 |  8  0.05462  2.24490e-03 |  9  0.03541 -2.52739e-04
 10  0.02053 -2.41632e-03 | 11  0.00883  4.92103e-03 | 12 -0.00042 -1.83331e-03
 13 -0.00765 -3.71793e-04 | 14 -0.01317  2.91579e-03 | 15 -0.01717  1.54478e-03
 16 -0.01977  1.32024e-03 | 17 -0.02106  2.27061e-03 | 18  0.08612  1.95182e-02
 19 -0.01711 -9.84253e-02 | 20 -0.00826 -7.11545e-02 | 21 -0.01221 -3.41186e-02
 22 -0.01063 -1.20309e-02 | 23 -0.01008 -5.83500e-02 | 24 -0.00253  2.15998e-02
 25 -0.00606 -2.30337e-02 | 26 -0.00733  1.96498e-02 | 27 -0.00761  2.54437e-02
 28 -0.00533  1.75996e-02 | 29 -0.00358 -2.33402e-02 | 30 -0.00131  1.19421e-02
 31  0.00116 -2.42611e-02 | 32 -0.00716 -4.40896e-02 | 33  0.00340  9.38258e-03
 34  0.00268 -8.68199e-03 | 35  0.00697  2.40065e-02 | 36  0.00567 -1.39890e-02
 37  0.00243  2.97194e-02 | 38  0.00495  1.10821e-02 | 39  0.00293 -5.23100e-03
 40  0.00681 -4.59415e-03 | 41  0.00989  1.01208e-02 | 42  0.00845  2.85518e-02
 43  0.01130  2.55237e-02 | 44  0.00991  3.36636e-02 | 45  0.01203  7.27417e-02
 46  0.01063 -2.18330e-02 | 47  0.14108 -1.43368e+00 | 48 -0.07344  2.93265e-03
 49 -0.06024  4.42211e-02 | 50 -0.04808  3.87335e-02 | 51 -0.04946 -1.70409e-02
 52 -0.04279  2.17998e-02 | 53 -0.03619  1.91212e-02 | 54 -0.02343  2.32771e-02
 55 -0.01461  6.74074e-02 | 56 -0.00344  2.82622e-02 | 57  0.00381  6.60215e-03
 58  0.00969  3.19990e-02 | 59  0.01623  9.99531e-03 | 60  0.02024  7.19691e-03
 61  0.01976 -1.71630e-02 | 62  0.01429 -1.68650e-02 | 63  0.01443 -6.43358e-03
 64  0.01146 -1.99197e-02 | 65  0.01280  2.49674e-02 | 66  0.01496  8.24946e-03
 67  0.01831  7.62943e-03 | 68  0.02316  1.23185e-02 | 69  0.02581 -1.63389e-02
 70  0.02736  3.29755e-03 | 71  0.02726 -1.92496e-02 | 72  0.02670 -1.28112e-02
 73  0.02447 -3.04219e-02 | 74  0.02030 -6.65016e-03 | 75  0.02030  7.94441e-02
 76 -0.66018  3.37551e-01 | 77 -0.70907 -3.38093e-02 |
2 0 23456
2 0 23456
2 0 23456
2 0 23456.1
2 0 23456
2 0 23456
2 0 23456
2 0 23456
2 0 28330.9
2 0 23456
2 0 23456
2 0 23456
2 0 23456
2 0 23456
2 0 23456
2 0 23456
2 0 23456
2 0 23456
2 0 23456
2 0 23456
2 0 23456
2 0 23456
2 0 23456
2 0 23456
2 0 23456
2 0 23456
2 0 23456
2 0 23456
2 0 23456
2 0 23456
2 0 23456
2 0 23456
2 0 23456
2 0 23456
2 0 23456
2 0 23456
2 0 23456
2 0 23456
  ic > imax  in fminim is answer attained ?
Var   Value    Gradient   |Var   Value    Gradient   |Var   Value    Gradient
  1 -0.66911 -6.88609e+01 |  2 -0.76194 -9.18992e+00 |  3  0.26847 -1.38981e-01
  4  0.22854 -8.51840e-02 |  5  0.16509 -1.33081e-02 |  6  0.11537 -1.96843e-02
  7  0.08014 -1.29128e-02 |  8  0.05461 -7.41723e-03 |  9  0.03540 -1.09751e-03
 10  0.02052  5.43610e-03 | 11  0.00881 -1.31871e-02 | 12 -0.00043  4.33919e-03
 13 -0.00767  6.38348e-04 | 14 -0.01319 -8.99879e-03 | 15 -0.01719 -3.29366e-03
 16 -0.01980 -4.21452e-03 | 17 -0.02108 -5.84221e-03 | 18  0.08612  4.36991e-01
 19 -0.01711  1.88913e-01 | 20 -0.00826  1.44303e-01 | 21 -0.01221  4.69781e-02
 22 -0.01063  8.97893e-03 | 23 -0.01008  1.06828e-01 | 24 -0.00253 -6.16516e-02
 25 -0.00606  1.55966e-02 | 26 -0.00734 -6.70802e-02 | 27 -0.00761 -1.03680e-01
 28 -0.00533 -5.45009e-02 | 29 -0.00358  3.96866e-02 | 30 -0.00132 -3.54500e-02
 31  0.00116  5.21710e-02 | 32 -0.00716  8.76607e-02 | 33  0.00340  2.00811e-04
 34  0.00268  4.15683e-02 | 35  0.00697 -1.16844e-02 | 36  0.00567  6.33290e-02
 37  0.00243 -6.36207e-02 | 38  0.00495 -1.67015e-02 | 39  0.00293  8.73271e-03
 40  0.00681  1.27002e-02 | 41  0.00989  3.16888e-02 | 42  0.00845 -4.03945e-02
 43  0.01130  9.54482e-03 | 44  0.00991 -1.99303e-02 | 45  0.01203 -1.63543e-01
 46  0.01063 -2.74923e-02 | 47  0.14108  2.26185e-01 | 48 -0.07344  4.08897e-02
 49 -0.06024 -1.00746e-01 | 50 -0.04808 -5.14090e-02 | 51 -0.04946  6.31413e-02
 52 -0.04279 -3.98916e-02 | 53 -0.03619 -3.01766e-02 | 54 -0.02343 -4.60117e-02
 55 -0.01461 -1.21146e-01 | 56 -0.00344 -6.90056e-02 | 57  0.00381  6.30548e-03
 58  0.00969 -9.83707e-02 | 59  0.01623 -1.10467e-02 | 60  0.02024 -1.02530e-02
 61  0.01976  3.05548e-02 | 62  0.01429  2.29171e-03 | 63  0.01443 -3.18246e-02
 64  0.01146  6.58845e-03 | 65  0.01280 -7.75351e-02 | 66  0.01496 -3.60242e-02
 67  0.01831 -3.08372e-02 | 68  0.02316 -3.91432e-02 | 69  0.02581 -4.07302e-02
 70  0.02736 -3.65872e-02 | 71  0.02726 -2.82655e-02 | 72  0.02670 -1.47319e-02
 73  0.02447  3.97157e-02 | 74  0.02030  6.22488e-02 | 75  0.02030 -3.58136e-02
 76 -0.66036 -3.11750e+00 | 77 -0.71005  5.84503e-01 |
Function minimizer not making progress ... is minimum attained?
Minimprove criterion =   0.0000e+00

 - final statistics:
77 variables; iteration 115; function evaluation 185
Function value   2.3456e+04; maximum gradient component mag  -6.8861e+01
Exit code = 1;  converg criter   1.0000e-03
Var   Value    Gradient   |Var   Value    Gradient   |Var   Value    Gradient
  1 -0.66911 -6.88609e+01 |  2 -0.76194 -9.18992e+00 |  3  0.26847 -1.38981e-01
  4  0.22854 -8.51840e-02 |  5  0.16509 -1.33081e-02 |  6  0.11537 -1.96843e-02
  7  0.08014 -1.29128e-02 |  8  0.05461 -7.41723e-03 |  9  0.03540 -1.09751e-03
 10  0.02052  5.43610e-03 | 11  0.00881 -1.31871e-02 | 12 -0.00043  4.33919e-03
 13 -0.00767  6.38348e-04 | 14 -0.01319 -8.99879e-03 | 15 -0.01719 -3.29366e-03
 16 -0.01980 -4.21452e-03 | 17 -0.02108 -5.84221e-03 | 18  0.08612  4.36991e-01
 19 -0.01711  1.88913e-01 | 20 -0.00826  1.44303e-01 | 21 -0.01221  4.69781e-02
 22 -0.01063  8.97893e-03 | 23 -0.01008  1.06828e-01 | 24 -0.00253 -6.16516e-02
 25 -0.00606  1.55966e-02 | 26 -0.00734 -6.70802e-02 | 27 -0.00761 -1.03680e-01
 28 -0.00533 -5.45009e-02 | 29 -0.00358  3.96866e-02 | 30 -0.00132 -3.54500e-02
 31  0.00116  5.21710e-02 | 32 -0.00716  8.76607e-02 | 33  0.00340  2.00811e-04
 34  0.00268  4.15683e-02 | 35  0.00697 -1.16844e-02 | 36  0.00567  6.33290e-02
 37  0.00243 -6.36207e-02 | 38  0.00495 -1.67015e-02 | 39  0.00293  8.73271e-03
 40  0.00681  1.27002e-02 | 41  0.00989  3.16888e-02 | 42  0.00845 -4.03945e-02
 43  0.01130  9.54482e-03 | 44  0.00991 -1.99303e-02 | 45  0.01203 -1.63543e-01
 46  0.01063 -2.74923e-02 | 47  0.14108  2.26185e-01 | 48 -0.07344  4.08897e-02
 49 -0.06024 -1.00746e-01 | 50 -0.04808 -5.14090e-02 | 51 -0.04946  6.31413e-02
 52 -0.04279 -3.98916e-02 | 53 -0.03619 -3.01766e-02 | 54 -0.02343 -4.60117e-02
 55 -0.01461 -1.21146e-01 | 56 -0.00344 -6.90056e-02 | 57  0.00381  6.30548e-03
 58  0.00969 -9.83707e-02 | 59  0.01623 -1.10467e-02 | 60  0.02024 -1.02530e-02
 61  0.01976  3.05548e-02 | 62  0.01429  2.29171e-03 | 63  0.01443 -3.18246e-02
 64  0.01146  6.58845e-03 | 65  0.01280 -7.75351e-02 | 66  0.01496 -3.60242e-02
 67  0.01831 -3.08372e-02 | 68  0.02316 -3.91432e-02 | 69  0.02581 -4.07302e-02
 70  0.02736 -3.65872e-02 | 71  0.02726 -2.82655e-02 | 72  0.02670 -1.47319e-02
 73  0.02447  3.97157e-02 | 74  0.02030  6.22488e-02 | 75  0.02030 -3.58136e-02
 76 -0.66036 -3.11750e+00 | 77 -0.71005  5.84503e-01 |
2 0 23456
B0234224
0.3 0.266789
0.228676 0.331781
0.216773 0.345449
0.213955 0.348832
0.213241 0.349698
0.213057 0.349922
0.213009 0.34998
0.212997 0.349995
0.212994 0.349999
0.212993 0.35
0.212993 0.35
0.212993 0.35
0.212993 0.35
0.212993 0.35
0.212993 0.35
0.212993 0.35
0.212993 0.35
0.212993 0.35
0.212993 0.35
0.212993 0.35
0.212993 0.35
Survey Bio21.3221
Survey len11667.7
CPUE44.9004
Catch20.1474
Catch len11680.6
initsmo_penal16.8876
F_pen1.34047
Rec_pen3.0544
M_pen0


Starting time: Mon Oct 15 14:56:02 2018
Finishing time: Mon Oct 15 14:56:09 2018
This run took: 0 hours, 0 minutes, 7 seconds.

