survYears 73 74 75 76 77 78 79 80 81 82 83 84 85 86 87 88 89 90 91 92 93 94 95 96 97 98 99 100
SurvLenYear 73 74 75 76 77 78 79 80 81 82 83 84 85 86 87 88 89 90 91 92 93 94 95 96 97 98 99 100
catchBiomass 2326.62 2141.96 2982.33 5309.88 8757.92 15167.5 16410.5 13566.4 22913.5 43964.8 52585.6 44425.7 79342.3 102838 118323 97308 70515 78242.4 86666.3 87342 96363.1 84436.2 85728.1 126660 100223 119490 91718.4 112864
steep0.999
25
Out
1 0 33989.2

Initial statistics: 73 variables; iteration 0; function evaluation 0; phase 1
Function value   3.3989219e+04; maximum gradient component mag  -2.1651e+05
Var   Value    Gradient   |Var   Value    Gradient   |Var   Value    Gradient
  1  0.19564  1.28071e+02 |  2  0.17951  3.15652e+02 |  3  0.17119  8.59108e+02
  4  0.14664  6.12263e+02 |  5  0.14798  9.37946e+02 |  6  0.13303  7.24061e+02
  7  0.11928  5.63581e+02 |  8  0.11354  6.07456e+02 |  9  0.09262  3.34566e+02
 10  0.08143  2.91016e+02 | 11  0.07180  2.37019e+02 | 12  0.06472  2.13979e+02
 13  0.05765  2.37507e+02 | 14  0.03486 -1.16493e+02 | 15  0.08062  4.73830e+02
 16 -0.02963 -8.86488e+03 | 17  0.00000 -3.34992e+03 | 18  0.00000  1.88493e+03
 19  0.00000  1.97287e+03 | 20  0.00000  1.69768e+03 | 21  0.00000  1.57413e+03
 22  0.00000 -5.30214e+02 | 23  0.00000 -1.92341e+02 | 24  0.00000  3.02904e+03
 25  0.00000  2.85243e+03 | 26  0.00000  7.14186e+02 | 27  0.00000  2.86349e+02
 28  0.00000  3.24574e+03 | 29  0.00000  1.43950e+03 | 30  0.00000  3.19154e+02
 31  0.00000 -1.26339e+03 | 32  0.00000 -1.01276e+03 | 33  0.00000  7.47550e+02
 34  0.00000  4.05454e+02 | 35  0.00000  2.65714e+02 | 36  0.00000  1.28938e+02
 37  0.00000 -3.16648e+02 | 38  0.00000  7.00751e+02 | 39  0.00000  1.40536e+03
 40  0.00000 -1.08571e+03 | 41  0.00000 -2.01920e+02 | 42  0.00000 -2.53581e+03
 43  0.00000 -2.76967e+03 | 44  0.00000 -9.41140e+03 | 45  0.09234 -2.16506e+05
 46  0.00000  2.62955e+04 | 47  0.00000  1.81005e+04 | 48  0.00000  1.27176e+04
 49  0.00000  8.31563e+03 | 50  0.00000  9.31358e+03 | 51  0.00000  9.31523e+03
 52  0.00000  3.63676e+03 | 53  0.00000 -3.67177e+02 | 54  0.00000 -1.71953e+03
 55  0.00000 -2.62962e+03 | 56  0.00000 -5.58042e+03 | 57  0.00000 -7.99466e+03
 58  0.00000 -7.63967e+03 | 59  0.00000 -5.86659e+03 | 60  0.00000 -4.87393e+03
 61  0.00000 -5.20776e+03 | 62  0.00000 -5.73151e+03 | 63  0.00000 -6.23529e+03
 64  0.00000 -6.44977e+03 | 65  0.00000 -6.56443e+03 | 66  0.00000 -7.37553e+03
 67  0.00000 -8.17450e+03 | 68  0.00000 -7.78667e+03 | 69  0.00000 -7.00813e+03
 70  0.00000 -4.97806e+03 | 71  0.00000 -1.28295e+03 | 72  0.00000  5.35226e+03
 73  0.00000  1.04192e+04 |
1 0 33989.2
1 0 33989
1 0 33987
1 0 33967
1 0 33769.1
1 0 31975.3
1 0 28953.1
1 0 36080.5
1 0 28249.5
1 0 28340.2
1 0 27834.1
1 0 27627.6
1 0 27622.5
1 0 27512.8
1 0 27498.9
1 0 27474.3
1 0 27432.4
1 0 27360.1

Intermediate statistics: 73 variables; iteration 10; function evaluation 18; phase 1
Function value   2.7360161e+04; maximum gradient component mag  -5.9205e+04
Var   Value    Gradient   |Var   Value    Gradient   |Var   Value    Gradient
  1  0.24025  1.21026e+03 |  2  0.18914  2.91492e+02 |  3  0.15958  2.65466e+02
  4  0.13955  2.53206e+02 |  5  0.12977  2.99561e+02 |  6  0.11923  2.76647e+02
  7  0.10873  2.42469e+02 |  8  0.09904  2.24036e+02 |  9  0.08637  1.66360e+02
 10  0.07515  1.30058e+02 | 11  0.06666  1.14528e+02 | 12  0.05944  1.09625e+02
 13  0.05040  6.37380e+01 | 14  0.04807  2.68272e+01 | 15  0.06271  1.66363e+02
 16  0.10019 -2.73175e+03 | 17 -0.00085 -3.22601e+03 | 18  0.00896  3.79197e+03
 19 -0.00852  4.89990e+02 | 20 -0.00921  8.73633e+02 | 21 -0.01026  1.10309e+03
 22 -0.01873 -1.25753e+03 | 23 -0.01665 -1.11928e+03 | 24  0.11165  1.59567e+03
 25  0.02528  3.66617e+03 | 26 -0.00284  2.26124e+03 | 27 -0.00566  4.16359e+03
 28  0.13651  1.85146e+03 | 29  0.01494 -1.32249e+03 | 30 -0.02250 -2.69134e+03
 31 -0.04080 -4.13912e+03 | 32 -0.04069 -2.91944e+03 | 33 -0.02244  3.75582e+02
 34 -0.00337  6.82104e+02 | 35 -0.00100 -5.25188e+01 | 36 -0.01119 -4.86677e+02
 37 -0.01352 -4.88928e+02 | 38  0.02496  1.10759e+03 | 39  0.01378  1.37142e+03
 40  0.00067  4.39924e+02 | 41  0.00334  1.01644e+03 | 42  0.01082  2.58643e+02
 43 -0.02676 -8.28501e+02 | 44 -0.09472 -6.49509e+03 | 45  0.11719 -5.92051e+04
 46 -0.06313  3.11697e+03 | 47 -0.04164  3.12786e+03 | 48 -0.03650  1.34412e+03
 49 -0.00866  2.33078e+03 | 50 -0.01751  2.11674e+03 | 51 -0.09001 -1.07578e+03
 52 -0.07277 -1.10973e+03 | 53  0.02821  5.50237e+02 | 54  0.03060 -2.72419e+03
 55 -0.12983 -4.61845e+02 | 56 -0.06921 -3.33785e+03 | 57  0.07819  9.53826e+03
 58  0.05946  5.50330e+03 | 59 -0.05135 -1.69538e+03 | 60 -0.03612 -5.07962e+03
 61  0.00334 -3.24188e+03 | 62  0.01199 -2.29005e+03 | 63  0.03795 -1.08516e+03
 64  0.03371 -1.31011e+03 | 65 -0.01225 -3.05911e+03 | 66 -0.01115 -2.60222e+03
 67  0.05984 -7.66114e+02 | 68  0.02509 -2.34559e+03 | 69  0.03418 -2.14444e+03
 70  0.02707 -1.64930e+03 | 71  0.08269  1.58338e+03 | 72  0.11573  3.61309e+03
 73  0.01052  2.21901e+03 |
1 0 27231.9
1 0 27147.7
1 0 27303.4
1 0 27125.6
1 0 27120
1 0 27116.4
1 0 27108.8
1 0 27112.1
1 0 27110.5
1 0 27106.2
1 0 27101.4
1 0 27099.9
1 0 27098.7
73 variables; iteration 20; function evaluation 31; phase 1
Function value   2.7100500e+04; maximum gradient component mag  -3.0820e+04
Var   Value    Gradient   |Var   Value    Gradient   |Var   Value    Gradient
  1  0.24266  1.52278e+03 |  2  0.19678  5.88201e+02 |  3  0.15296  2.39027e+02
  4  0.12977  2.51674e+02 |  5  0.10831  1.61833e+02 |  6  0.09875  1.84886e+02
  7  0.09018  1.86946e+02 |  8  0.07724  1.11099e+02 |  9  0.07280  1.50563e+02
 10  0.06321  1.04749e+02 | 11  0.05592  9.88389e+01 | 12  0.04852  8.25570e+01
 13  0.04194 -5.11761e+00 | 14  0.05951  2.50611e+02 | 15  0.03605 -1.06298e+01
 16  0.11945 -5.07146e+03 | 17 -0.00856 -2.41245e+03 | 18 -0.00465  3.72751e+03
 19 -0.01495  7.49926e+02 | 20 -0.02560  9.29990e+01 | 21 -0.02635  4.46514e+02
 22 -0.01975 -1.30310e+02 | 23 -0.01535 -8.53572e+02 | 24  0.19408  3.04594e+03
 25  0.01377  2.46712e+03 | 26 -0.01603  1.32003e+03 | 27 -0.01450  1.63173e+03
 28  0.23944  3.41870e+03 | 29  0.01669 -2.85884e+02 | 30 -0.02771 -3.00422e+03
 31 -0.04871 -4.94243e+03 | 32 -0.04001 -2.85616e+03 | 33 -0.01864  1.14311e+03
 34 -0.00752  1.43537e+03 | 35 -0.01105  9.85724e+01 | 36 -0.01431 -3.29158e+02
 37 -0.01206 -5.59134e+00 | 38  0.00011  6.47308e+02 | 39  0.00174  6.33282e+02
 40  0.00506  1.43495e+03 | 41  0.00237  1.70950e+03 | 42  0.00144  4.88946e+02
 43 -0.03215  1.38390e+02 | 44 -0.10145 -4.99650e+03 | 45  0.12230 -3.08205e+04
 46 -0.08921 -1.49430e+03 | 47 -0.04281  1.39847e+03 | 48 -0.03099  1.44231e+03
 49 -0.01771  5.60527e+02 | 50 -0.02069  1.23912e+03 | 51 -0.05612 -1.23252e+03
 52 -0.05745 -1.14438e+03 | 53  0.03143  1.59366e+03 | 54  0.02342 -3.23606e+03
 55 -0.27481 -1.58447e+03 | 56 -0.06005 -3.55828e+03 | 57  0.07149  6.19342e+03
 58  0.06378  7.44501e+03 | 59 -0.13641 -1.30656e+03 | 60  0.00522 -3.83937e+03
 61  0.01865 -1.35566e+03 | 62  0.02541 -1.49140e+03 | 63  0.03096 -1.27634e+03
 64  0.03036 -1.32422e+03 | 65  0.01585 -2.77997e+03 | 66  0.01751 -2.41936e+03
 67  0.05447  1.94451e+03 | 68  0.03811 -1.43429e+03 | 69  0.03682 -2.07244e+03
 70  0.03779 -1.87660e+03 | 71  0.07530  8.75118e+02 | 72  0.12786  3.23740e+03
 73  0.06384  8.76801e+02 |
1 0 27096.3
1 0 27094.4
1 0 27091.2
1 0 27089.2
1 0 27087.7
1 0 27085.5
1 0 27081.4
1 0 27073.4
1 0 27142.9
1 0 27056.5
1 0 27159.6
1 0 27052.1
1 0 27058.1
1 0 27050.8
73 variables; iteration 30; function evaluation 45; phase 1
Function value   2.7052973e+04; maximum gradient component mag  -2.6804e+04
Var   Value    Gradient   |Var   Value    Gradient   |Var   Value    Gradient
  1  0.22667  8.87535e+02 |  2  0.13587  3.03649e+01 |  3  0.06724 -1.32931e+02
  4  0.05207  9.39969e+01 |  5  0.02710  1.14883e+00 |  6  0.01626  3.42426e+01
  7  0.00815  4.54245e+01 |  8 -0.00198 -1.09882e+01 |  9  0.00082  5.42225e+01
 10 -0.00200  2.64505e+01 | 11 -0.00252  2.77249e+01 | 12 -0.00102  4.51119e+01
 13 -0.00217 -7.78880e-02 | 14  0.00743  1.89367e+02 | 15 -0.02621 -9.13358e+01
 16  0.10669 -5.31494e+03 | 17 -0.05637  1.45082e+02 | 18 -0.01404  2.25013e+03
 19 -0.01931  1.50731e+02 | 20 -0.02236  1.86924e+02 | 21 -0.02461  1.47433e+02
 22 -0.01646 -1.07104e-01 | 23 -0.01341 -1.37738e+03 | 24  0.20621  2.90702e+03
 25  0.01689  2.29027e+03 | 26 -0.01618  2.45768e+02 | 27 -0.01177  1.26768e+03
 28  0.22405  3.04854e+03 | 29  0.01789 -6.67039e+02 | 30 -0.02791 -3.60660e+03
 31 -0.04958 -5.69848e+03 | 32 -0.03790 -3.31440e+03 | 33 -0.01020  1.71622e+03
 34 -0.00409  1.13026e+03 | 35 -0.00973 -5.02835e+02 | 36 -0.01311 -9.64780e+02
 37 -0.01258 -1.13954e+03 | 38  0.00397  5.20115e+02 | 39  0.00989  1.24531e+03
 40  0.00694  7.08889e+02 | 41  0.00577  1.59063e+03 | 42  0.00146 -3.65443e+00
 43 -0.03076 -1.84921e+02 | 44 -0.09839 -4.68239e+03 | 45  0.12550 -2.68041e+04
 46 -0.08550 -1.16147e+03 | 47 -0.04867  9.48821e+02 | 48 -0.03392  9.88593e+02
 49 -0.02250 -4.52846e+02 | 50 -0.02580  2.19923e+02 | 51 -0.05731 -1.40272e+03
 52 -0.05963 -1.39674e+03 | 53  0.03031  1.93195e+03 | 54  0.02105 -2.98796e+03
 55 -0.27026 -1.78657e+03 | 56 -0.06077 -3.76117e+03 | 57  0.06822  5.63846e+03
 58  0.06075  7.36235e+03 | 59 -0.17159 -1.59168e+03 | 60  0.00222 -3.98179e+03
 61  0.01961 -1.35467e+03 | 62  0.02426 -1.62691e+03 | 63  0.02937 -1.17056e+03
 64  0.03020 -7.57637e+02 | 65  0.01574 -2.27371e+03 | 66  0.01635 -2.22870e+03
 67  0.05467  2.32723e+03 | 68  0.03665 -1.38665e+03 | 69  0.03687 -1.89645e+03
 70  0.03703 -1.90735e+03 | 71  0.07177  7.44663e+02 | 72  0.12991  3.20558e+03
 73  0.12999  9.63423e+02 |
1 0 27049.8
1 0 27049.2
1 0 27048.4
1 0 27047.3
1 0 27046.1
1 0 27045.1
1 0 27045.6
1 0 27044.7
1 0 27044.3
1 0 27043.8
1 0 27043.2
73 variables; iteration 40; function evaluation 56; phase 1
Function value   2.7045229e+04; maximum gradient component mag  -2.5844e+04
Var   Value    Gradient   |Var   Value    Gradient   |Var   Value    Gradient
  1  0.23070  1.10981e+03 |  2  0.14531  1.17958e+02 |  3  0.08332 -1.01475e+01
  4  0.04835  7.87278e+01 |  5  0.00771 -4.78848e+01 |  6 -0.00932  6.30205e-01
  7 -0.01944  1.96097e+01 |  8 -0.02939 -3.05037e+01 |  9 -0.02513  3.38653e+01
 10 -0.02528  1.72666e+01 | 11 -0.02470  2.08098e+01 | 12 -0.02425  1.92791e+01
 13 -0.02329 -1.85228e+01 | 14 -0.01024  1.97822e+02 | 15 -0.04766 -1.11763e+02
 16  0.10607 -5.37346e+03 | 17 -0.05683  1.28943e+02 | 18 -0.01365  2.32666e+03
 19 -0.02007  9.35963e+01 | 20 -0.02286  1.79153e+02 | 21 -0.02608 -6.68907e+01
 22 -0.01637 -4.13129e+01 | 23 -0.01276 -1.32020e+03 | 24  0.20817  2.92302e+03
 25  0.01741  2.31932e+03 | 26 -0.01531  3.73068e+02 | 27 -0.01148  1.35557e+03
 28  0.21760  2.99113e+03 | 29  0.01850 -6.29794e+02 | 30 -0.02848 -3.75229e+03
 31 -0.04858 -5.58845e+03 | 32 -0.03815 -3.35913e+03 | 33 -0.01061  1.60661e+03
 34 -0.00434  1.13173e+03 | 35 -0.01037 -5.58595e+02 | 36 -0.01354 -1.02754e+03
 37 -0.01220 -1.03616e+03 | 38  0.00416  5.62012e+02 | 39  0.00905  1.02722e+03
 40  0.00745  7.60446e+02 | 41  0.00617  1.68770e+03 | 42  0.00230  3.24945e+01
 43 -0.02815 -7.29397e+01 | 44 -0.09705 -4.72446e+03 | 45  0.12434 -2.58441e+04
 46 -0.08415 -1.23115e+03 | 47 -0.04773  9.37136e+02 | 48 -0.03233  1.09841e+03
 49 -0.02193 -4.38453e+02 | 50 -0.02439  3.56786e+02 | 51 -0.05533 -1.34767e+03
 52 -0.05737 -1.31384e+03 | 53  0.03101  1.85958e+03 | 54  0.02253 -2.93377e+03
 55 -0.26794 -1.82451e+03 | 56 -0.05821 -3.69301e+03 | 57  0.06973  5.94713e+03
 58  0.06221  7.75302e+03 | 59 -0.17930 -1.66711e+03 | 60  0.00335 -3.93626e+03
 61  0.02115 -1.23658e+03 | 62  0.02563 -1.54899e+03 | 63  0.02990 -1.20082e+03
 64  0.03084 -7.95066e+02 | 65  0.01630 -2.37481e+03 | 66  0.01646 -2.37828e+03
 67  0.05536  2.28541e+03 | 68  0.03819 -1.30735e+03 | 69  0.03745 -2.00381e+03
 70  0.03661 -2.07611e+03 | 71  0.07052  5.13569e+02 | 72  0.13035  3.22098e+03
 73  0.11014  8.15906e+02 |
1 0 27042.4
1 0 27042.3
1 0 27042
1 0 27041.6
1 0 27040.8
1 0 27040.3
1 0 27039.6
1 0 27038.2
1 0 27036
1 0 27035.3
73 variables; iteration 50; function evaluation 66; phase 1
Function value   2.7037393e+04; maximum gradient component mag  -2.5637e+04
Var   Value    Gradient   |Var   Value    Gradient   |Var   Value    Gradient
  1  0.22937  1.05858e+03 |  2  0.15068  1.97086e+02 |  3  0.08936 -9.86969e+00
  4  0.06365  1.02879e+02 |  5  0.03537  4.91118e+01 |  6  0.01129  6.11780e+01
  7 -0.01890 -4.72638e+00 |  8 -0.04119 -4.93441e+01 |  9 -0.04456  1.15216e+01
 10 -0.04751 -1.04419e+00 | 11 -0.04639  1.53362e+01 | 12 -0.04594  1.08864e+01
 13 -0.04472 -3.27586e+01 | 14 -0.02939  1.91443e+02 | 15 -0.06558 -1.10834e+02
 16  0.10618 -5.46468e+03 | 17 -0.05457  6.95582e+01 | 18 -0.01086  2.87565e+03
 19 -0.02155 -1.86335e+02 | 20 -0.02486 -1.82347e+02 | 21 -0.02584 -2.15671e+01
 22 -0.01597  1.31236e+02 | 23 -0.01345 -1.34441e+03 | 24  0.20594  2.93325e+03
 25  0.01493  1.77655e+03 | 26 -0.01538  4.78614e+02 | 27 -0.01177  1.27333e+03
 28  0.21656  2.99484e+03 | 29  0.01871 -6.33129e+02 | 30 -0.02653 -3.52008e+03
 31 -0.04774 -5.51231e+03 | 32 -0.03766 -3.34874e+03 | 33 -0.00870  1.83044e+03
 34 -0.00344  1.13863e+03 | 35 -0.00973 -3.80516e+02 | 36 -0.01463 -1.21668e+03
 37 -0.01226 -1.09585e+03 | 38  0.00514  7.12345e+02 | 39  0.00904  9.79441e+02
 40  0.00827  9.26843e+02 | 41  0.00641  1.72505e+03 | 42  0.00024 -1.85080e+02
 43 -0.02869 -1.96786e+01 | 44 -0.09784 -4.86580e+03 | 45  0.12456 -2.56372e+04
 46 -0.08305 -1.29095e+03 | 47 -0.04904  4.81602e+02 | 48 -0.03240  1.20492e+03
 49 -0.01968  1.86212e+02 | 50 -0.02518  2.42819e+02 | 51 -0.05700 -1.48675e+03
 52 -0.05832 -1.38348e+03 | 53  0.03074  1.85039e+03 | 54  0.02186 -2.92329e+03
 55 -0.26852 -1.83005e+03 | 56 -0.05961 -3.79101e+03 | 57  0.06975  6.06570e+03
 58  0.06248  7.84202e+03 | 59 -0.17894 -1.68015e+03 | 60  0.00333 -3.91193e+03
 61  0.02120 -1.27392e+03 | 62  0.02664 -1.45656e+03 | 63  0.02984 -1.27481e+03
 64  0.03001 -8.62479e+02 | 65  0.01685 -2.25286e+03 | 66  0.01637 -2.37318e+03
 67  0.05547  2.34799e+03 | 68  0.03780 -1.38532e+03 | 69  0.03863 -1.89952e+03
 70  0.03669 -2.05917e+03 | 71  0.06962  4.02137e+02 | 72  0.13022  3.10142e+03
 73  0.11316  8.20851e+02 |
1 0 27034.3
1 0 27032.4
1 0 27029
1 0 27028.2
1 0 27027
1 0 27024.4
1 0 27003.7
1 0 27017
1 0 26994.7
1 0 26979.5
1 0 26954.3
1 0 26925.6
73 variables; iteration 60; function evaluation 78; phase 1
Function value   2.6927602e+04; maximum gradient component mag  -2.6249e+04
Var   Value    Gradient   |Var   Value    Gradient   |Var   Value    Gradient
  1  0.23394  1.42936e+03 |  2  0.15392  2.68291e+02 |  3  0.10125  9.37340e+01
  4  0.07337  1.69216e+02 |  5  0.03645 -7.78944e+01 |  6  0.04549  2.07753e+02
  7  0.02357 -9.39235e+01 |  8  0.05050  2.71375e+02 |  9  0.03678  3.05899e+02
 10 -0.03771 -6.47184e+01 | 11 -0.08735 -6.62568e+01 | 12 -0.11522 -5.73018e+01
 13 -0.12444 -5.25093e+01 | 14 -0.11650  1.80447e+02 | 15 -0.16399 -1.48183e+02
 16  0.10539 -5.25793e+03 | 17 -0.05178 -1.62647e+02 | 18 -0.01698  2.45132e+03
 19 -0.02703 -4.14508e+02 | 20 -0.02789 -4.00464e+02 | 21 -0.02551  5.96619e+01
 22 -0.01566  7.05686e+01 | 23 -0.01191 -1.13950e+03 | 24  0.19941  2.83112e+03
 25  0.01554  1.89768e+03 | 26 -0.01550  3.70450e+02 | 27 -0.01135  1.37759e+03
 28  0.20891  2.89251e+03 | 29  0.01878 -5.74953e+02 | 30 -0.02430 -3.25010e+03
 31 -0.04530 -5.28222e+03 | 32 -0.03552 -3.27299e+03 | 33 -0.00572  2.06739e+03
 34 -0.00090  1.00767e+03 | 35 -0.00517  5.35423e+02 | 36 -0.02126 -2.41164e+03
 37 -0.01124 -8.45729e+02 | 38  0.00708  8.11540e+02 | 39  0.01081  1.12030e+03
 40  0.00857  7.79072e+02 | 41  0.00452  1.44055e+03 | 42  0.00230 -1.04952e+02
 43 -0.02664  1.93050e+02 | 44 -0.09327 -4.73719e+03 | 45  0.12537 -2.62488e+04
 46 -0.08138 -9.56903e+02 | 47 -0.04978  6.20381e+02 | 48 -0.03554  7.43829e+02
 49 -0.02200 -2.40194e+02 | 50 -0.02554  2.56202e+02 | 51 -0.05553 -1.33125e+03
 52 -0.05663 -1.15667e+03 | 53  0.03029  1.90972e+03 | 54  0.02114 -2.96360e+03
 55 -0.26224 -1.73960e+03 | 56 -0.06220 -3.92282e+03 | 57  0.06844  5.71457e+03
 58  0.06169  7.43937e+03 | 59 -0.17511 -1.64000e+03 | 60  0.00501 -3.56241e+03
 61  0.01940 -1.43372e+03 | 62  0.02758 -1.18810e+03 | 63  0.03346 -1.00927e+03
 64  0.02482 -1.32318e+03 | 65  0.01600 -2.26924e+03 | 66  0.01635 -2.26370e+03
 67  0.05490  2.29440e+03 | 68  0.04120 -7.71273e+02 | 69  0.03345 -2.25463e+03
 70  0.03891 -1.63284e+03 | 71  0.06830  5.29093e+02 | 72  0.12417  2.78983e+03
 73  0.12066  9.31899e+02 |
1 0 26883.3
1 0 26815
1 0 26798.2
1 0 26766.2
1 0 26717.4
1 0 26637
1 0 26512.7
1 0 26331.5
1 0 26165.6
1 0 25970.2
73 variables; iteration 70; function evaluation 88; phase 1
Function value   2.5971330e+04; maximum gradient component mag  -3.6924e+04
Var   Value    Gradient   |Var   Value    Gradient   |Var   Value    Gradient
  1  0.22535  6.87852e+02 |  2  0.16455  1.55047e+02 |  3  0.13167  2.60833e+02
  4  0.09127 -1.75464e+00 |  5  0.09689  2.37245e+02 |  6  0.09565  3.40342e+02
  7  0.06405  8.91178e+01 |  8  0.04427 -3.89852e+01 |  9  0.06238  1.47204e+02
 10  0.07814  5.18210e+02 | 11  0.00030 -4.38462e+02 | 12  0.06491  3.87431e+02
 13  0.06183  7.97178e+02 | 14 -0.13595 -1.43091e+02 | 15 -0.29791 -4.52541e+02
 16  0.09647 -3.05747e+03 | 17 -0.02285 -1.21353e+03 | 18 -0.02202  4.81730e+02
 19 -0.01992  2.84318e+02 | 20 -0.02203 -4.89553e+02 | 21 -0.02034 -1.06370e+02
 22 -0.00548  7.53934e+02 | 23 -0.00555 -1.12909e+03 | 24  0.10733  1.54178e+03
 25  0.00684 -1.58827e+01 | 26 -0.01368  5.79777e+02 | 27 -0.01338  5.45223e+02
 28  0.11115  1.43179e+03 | 29  0.01612 -6.21272e+02 | 30 -0.00814 -3.67699e+02
 31 -0.02344 -1.66141e+03 | 32 -0.01420 -1.71017e+03 | 33  0.00098  9.71964e+02
 34  0.00597  1.30160e+03 | 35 -0.00443 -1.01876e+02 | 36 -0.01005 -1.72626e+03
 37 -0.00325 -9.63733e+02 | 38  0.02360  2.16491e+03 | 39  0.00440  2.26217e+02
 40 -0.00124 -6.64354e+02 | 41 -0.00225  2.11102e+02 | 42 -0.00571 -2.51225e+03
 43 -0.01114  6.18064e+02 | 44 -0.05412 -3.38762e+03 | 45  0.12482 -3.69237e+04
 46 -0.07101  1.81985e+03 | 47 -0.05143  1.50575e+03 | 48 -0.03233  2.09981e+03
 49 -0.02389 -1.43376e+01 | 50 -0.02085  1.24756e+03 | 51 -0.04140  6.37917e+02
 52 -0.03431  1.70249e+03 | 53  0.02537 -9.01408e+02 | 54  0.01540 -4.23118e+03
 55 -0.21068 -9.08920e+02 | 56 -0.05641 -3.07945e+03 | 57  0.05706 -2.42543e+01
 58  0.05695  2.08634e+03 | 59 -0.10321 -1.44856e+03 | 60  0.01899 -1.42437e+03
 61  0.02210 -4.79325e+02 | 62  0.03412 -1.44710e+02 | 63  0.02431 -1.60981e+03
 64  0.03035 -4.15518e+02 | 65  0.00215 -2.62226e+03 | 66  0.04312  1.10177e+03
 67  0.05039  1.48075e+03 | 68  0.03218 -1.49170e+03 | 69  0.02741 -2.19291e+03
 70  0.04176  4.12741e+02 | 71  0.03861 -8.94874e+02 | 72  0.09612  2.82226e+03
 73  0.01987  1.20763e+03 |
1 0 25844.8
1 0 25643.4
1 0 25498.5
1 0 25463.5
1 0 168607
1 0 25463
1 0 25462.1
1 0 25453
1 0 25366.1
1 0 26832
1 0 25209.9
1 0 25131.4
1 0 24994.1
1 0 24741.1
1 0 24279.9
1 0 24114
1 0 23865.4
73 variables; iteration 80; function evaluation 105; phase 1
Function value   2.3867108e+04; maximum gradient component mag  -4.0017e+04
Var   Value    Gradient   |Var   Value    Gradient   |Var   Value    Gradient
  1  0.21175 -1.64269e+02 |  2  0.16669 -9.60719e+01 |  3  0.14297  2.35673e+02
  4  0.09392  2.34544e+01 |  5  0.06838  1.97893e+01 |  6  0.05942  6.99792e+01
  7  0.05084  8.69328e+01 |  8  0.03567  9.43603e+01 |  9  0.00699 -4.07554e+01
 10 -0.00140  3.41674e+01 | 11 -0.01315  4.17953e+01 | 12 -0.03204  1.48963e+01
 13 -0.05186 -1.80884e+02 | 14 -0.01481 -2.27664e+00 | 15  0.02846  1.95949e+02
 16  0.09520  1.78311e+03 | 17 -0.01416 -2.88007e+02 | 18 -0.01980 -1.47668e+03
 19 -0.01157  4.46521e+02 | 20 -0.00386  8.45578e+02 | 21 -0.00409  9.12490e+02
 22 -0.00043  8.76072e+02 | 23  0.00171  2.00351e+03 | 24 -0.02091 -3.05024e+03
 25  0.00553  1.10934e+03 | 26 -0.00091 -2.21467e+02 | 27 -0.01312 -9.98650e+02
 28 -0.03856 -4.86776e+03 | 29 -0.00035  4.38892e+02 | 30  0.00503  1.11598e+03
 31  0.00482  8.77885e+02 | 32  0.01049  6.60876e+02 | 33 -0.00040  5.22436e+02
 34  0.00536  2.04014e+02 | 35  0.00925  6.33399e+02 | 36  0.01311  7.48246e+02
 37  0.01293  2.12398e+01 | 38  0.00291 -3.76736e+02 | 39 -0.00134  9.90981e+01
 40  0.00588 -1.15253e+03 | 41  0.00676 -1.79774e+02 | 42  0.01103 -8.73661e+01
 43  0.00089 -7.79112e+02 | 44  0.02938 -1.11892e+03 | 45  0.14052 -4.00173e+04
 46 -0.06551  6.50464e+03 | 47 -0.06312  2.60968e+03 | 48 -0.04968  1.56436e+03
 49 -0.03086  4.67414e+02 | 50 -0.03230  5.87280e+02 | 51 -0.03651  6.53682e+02
 52 -0.04198 -1.33231e+03 | 53  0.00039  1.59233e+03 | 54  0.01611  2.20189e+03
 55 -0.01578 -1.48561e+03 | 56  0.02703  4.64499e+03 | 57  0.02520  1.01885e+03
 58  0.03195  5.50255e+02 | 59  0.00449 -2.01246e+03 | 60  0.02451  2.94805e+02
 61  0.00204 -1.84969e+03 | 62  0.01055 -1.43454e+03 | 63  0.01596 -1.30800e+03
 64  0.01408 -1.52474e+03 | 65  0.02622 -1.13510e+01 | 66  0.02215 -4.18390e+02
 67  0.01460 -2.08705e+03 | 68  0.02241 -1.28672e+03 | 69  0.02646 -4.98578e+02
 70  0.02448 -7.54548e+02 | 71  0.01694 -8.39401e+02 | 72 -0.00230 -5.74774e+02
 73  0.02312  2.37711e+03 |
1 0 26937.8
1 0 23784.1
1 0 23653.6
1 0 23486
1 0 23375.3
1 0 23301.3
1 0 23240.7
1 0 23199.5
1 0 23189.5
1 0 23184.2
1 0 23181.3
73 variables; iteration 90; function evaluation 116; phase 1
Function value   2.3181347e+04; maximum gradient component mag  -5.0021e+02
Var   Value    Gradient   |Var   Value    Gradient   |Var   Value    Gradient
  1  0.21783  1.25181e+01 |  2  0.16319 -2.73006e+00 |  3  0.11013  2.44806e+01
  4  0.06861  7.73230e+00 |  5  0.03986  7.66078e+00 |  6  0.01929  9.36519e+00
  7  0.00338  7.81721e+00 |  8 -0.00930  8.32265e+00 |  9 -0.02013  3.65339e+00
 10 -0.02854 -5.57328e+00 | 11 -0.03231  4.00446e+00 | 12 -0.03450  1.12197e+01
 13 -0.03737 -4.59452e+00 | 14 -0.03631  1.19913e+01 | 15 -0.03621  9.21795e+00
 16  0.10088  1.28626e+02 | 17 -0.02896 -1.21023e+02 | 18 -0.01610  7.04918e+01
 19 -0.01598 -1.74494e+01 | 20 -0.01416  5.41516e+00 | 21 -0.01514 -2.90835e+01
 22 -0.00824 -5.13098e+01 | 23 -0.00603  6.15738e+01 | 24 -0.01122 -1.05496e+02
 25 -0.00906 -4.70640e+01 | 26 -0.00021  2.32680e+01 | 27  0.00476  6.23386e+01
 28 -0.00601 -5.14390e+01 | 29  0.00084 -1.25764e+01 | 30  0.00167  7.10804e+01
 31  0.00663  1.01887e+02 | 32  0.00633 -1.00853e+02 | 33  0.00089 -7.06789e+01
 34  0.00445 -2.33582e+01 | 35  0.00613  1.60179e+01 | 36  0.00854 -3.13582e+01
 37  0.01132  3.00831e+01 | 38  0.00900 -8.95341e+01 | 39  0.00514 -1.08857e+01
 40  0.01562 -5.39913e+01 | 41  0.01100  2.36518e+01 | 42  0.01837  8.86969e+01
 43  0.00813  5.48585e+01 | 44  0.01223  1.82071e+02 | 45  0.15283 -5.00212e+02
 46 -0.09111 -6.05902e+00 | 47 -0.07167  4.83451e+01 | 48 -0.05571 -3.78453e+00
 49 -0.03592  7.23909e+01 | 50 -0.03938  5.14385e+01 | 51 -0.04687  9.17956e+00
 52 -0.02756  5.43261e+01 | 53 -0.00942  3.12564e+01 | 54 -0.00068 -7.01399e+00
 55 -0.00047 -5.56352e+01 | 56  0.00699 -3.01946e+01 | 57  0.02293  1.55266e+01
 58  0.02390 -3.04576e+02 | 59  0.02033 -1.55008e+02 | 60  0.01527  1.53297e+02
 61  0.01248  7.66920e+01 | 62  0.01448 -3.29319e+01 | 63  0.01753 -4.47047e+01
 64  0.02000  8.52621e+01 | 65  0.01923 -9.73045e+01 | 66  0.02057  6.96040e+01
 67  0.02453  2.22964e+00 | 68  0.02852  7.63725e+00 | 69  0.02635 -8.56139e+01
 70  0.02634 -4.19384e+01 | 71  0.02295 -2.87397e+01 | 72  0.02952  2.02701e+02
 73  0.02630  5.18518e+00 |
1 0 23180.5
1 0 23180
1 0 23179.8
1 0 23179.7
1 0 23179.6
1 0 23179.5
1 0 23179.5
1 0 23179.4
1 0 23179.4
1 0 23179.4
73 variables; iteration 100; function evaluation 126; phase 1
Function value   2.3179370e+04; maximum gradient component mag  -3.8085e+01
Var   Value    Gradient   |Var   Value    Gradient   |Var   Value    Gradient
  1  0.21995 -3.52800e-01 |  2  0.16678  1.16731e+00 |  3  0.10918  2.09743e+00
  4  0.06579 -4.38991e-01 |  5  0.03445 -7.99083e-01 |  6  0.01131  6.95602e-01
  7 -0.00666  7.83263e-01 |  8 -0.02103 -8.73556e-01 |  9 -0.03227 -1.89200e-01
 10 -0.04116  3.56817e-01 | 11 -0.04823 -3.11403e-02 | 12 -0.05364 -1.78538e+00
 13 -0.05701 -2.82764e-01 | 14 -0.05890  1.71952e+00 | 15 -0.05994  9.55004e-01
 16  0.09975 -1.10574e+01 | 17 -0.02573 -7.09425e+00 | 18 -0.01583  7.60030e-01
 19 -0.01587  1.27847e+00 | 20 -0.01418 -3.94351e+00 | 21 -0.01496 -4.00679e+00
 22 -0.00782  8.27661e+00 | 23 -0.00596  1.09381e+01 | 24 -0.01031 -3.52312e+00
 25 -0.00849 -6.30187e+00 | 26 -0.00016 -2.09838e-01 | 27  0.00452 -2.15888e+01
 28 -0.00572  3.36579e+00 | 29  0.00117  5.99780e+00 | 30  0.00199  1.17920e+01
 31  0.00646 -2.21577e+00 | 32  0.00664  1.58359e+00 | 33  0.00153 -3.77661e+00
 34  0.00499  3.39697e+00 | 35  0.00627  1.81479e-01 | 36  0.00876  1.33206e+00
 37  0.01163  3.89003e+00 | 38  0.00961  4.62503e-01 | 39  0.00552 -4.74777e+00
 40  0.01620  4.57662e+00 | 41  0.01108 -2.61601e+00 | 42  0.01771 -9.39189e-01
 43  0.00613 -4.49576e-01 | 44  0.00483 -1.46052e+01 | 45  0.15334 -3.41598e+01
 46 -0.09111 -1.13726e+01 | 47 -0.07216 -2.12748e+00 | 48 -0.05588  1.20977e+01
 49 -0.03651 -3.66372e-01 | 50 -0.03984 -9.15679e-01 | 51 -0.04735 -4.43855e+00
 52 -0.02806  1.05143e+01 | 53 -0.00964  1.72906e+01 | 54 -0.00096 -2.97771e+00
 55 -0.00065  8.01534e+00 | 56  0.00673 -9.67426e+00 | 57  0.02238 -1.98309e+01
 58  0.02470 -3.80854e+01 | 59  0.02047  4.20583e+00 | 60  0.01424 -3.74567e-01
 61  0.01201  7.88647e+00 | 62  0.01447 -5.39234e-01 | 63  0.01746  2.91860e+00
 64  0.01923 -4.66360e+00 | 65  0.01944  1.27997e+01 | 66  0.02000  1.38523e-02
 67  0.02427 -4.12732e+00 | 68  0.02828 -3.41884e+00 | 69  0.02649 -1.09820e+00
 70  0.02616  5.46199e+00 | 71  0.02359  8.60757e+00 | 72  0.03089 -3.96543e+00
 73  0.03076  2.58538e-01 |
1 0 23179.4
1 0 23179.4
1 0 23179.4
1 0 23179.4
1 0 23179.4
1 0 23179.4
1 0 23179.4
1 0 23179.4
1 0 23179.4
1 0 23179.4
73 variables; iteration 110; function evaluation 136; phase 1
Function value   2.3179352e+04; maximum gradient component mag  -2.5173e-01
Var   Value    Gradient   |Var   Value    Gradient   |Var   Value    Gradient
  1  0.22017 -3.30485e-02 |  2  0.16689 -3.40108e-02 |  3  0.10913 -3.29685e-02
  4  0.06598 -1.02193e-02 |  5  0.03468 -2.34331e-03 |  6  0.01133 -8.42658e-03
  7 -0.00666 -1.41230e-02 |  8 -0.02084 -6.12781e-03 |  9 -0.03215 -8.75660e-03
 10 -0.04116 -1.27527e-02 | 11 -0.04826 -1.42154e-03 | 12 -0.05370  7.13139e-03
 13 -0.05766  6.35932e-02 | 14 -0.06026 -2.28908e-02 | 15 -0.06155  5.99487e-03
 16  0.09998  4.02188e-02 | 17 -0.02537  1.44005e-01 | 18 -0.01582 -4.18966e-02
 19 -0.01593 -1.70271e-02 | 20 -0.01420  1.08741e-02 | 21 -0.01497  5.79733e-03
 22 -0.00792 -1.39069e-03 | 23 -0.00608 -7.21439e-03 | 24 -0.01035 -1.88566e-02
 25 -0.00848  9.74533e-02 | 26 -0.00015 -6.85734e-02 | 27  0.00462  3.61285e-02
 28 -0.00572 -8.01321e-03 | 29  0.00113  6.15035e-02 | 30  0.00192  2.38438e-02
 31  0.00639 -4.20318e-02 | 32  0.00657 -6.30043e-02 | 33  0.00149  2.57800e-02
 34  0.00493 -4.18594e-02 | 35  0.00621 -3.88651e-02 | 36  0.00870 -4.27092e-02
 37  0.01153 -6.57090e-02 | 38  0.00957  2.93949e-02 | 39  0.00551  5.12958e-02
 40  0.01614 -4.20773e-02 | 41  0.01105  5.30542e-02 | 42  0.01767  5.71062e-02
 43  0.00620 -2.05869e-02 | 44  0.00534  2.08497e-02 | 45  0.15333 -2.51735e-01
 46 -0.09102  1.14468e-01 | 47 -0.07214  5.38963e-02 | 48 -0.05593 -1.20617e-02
 49 -0.03648 -2.06541e-02 | 50 -0.03983 -2.74754e-02 | 51 -0.04733  1.02881e-02
 52 -0.02811 -4.13088e-02 | 53 -0.00970  1.80584e-02 | 54 -0.00092  1.84234e-02
 55 -0.00064  2.67794e-02 | 56  0.00680  2.91897e-02 | 57  0.02246 -1.86198e-01
 58  0.02486 -2.25994e-01 | 59  0.02045 -2.10989e-02 | 60  0.01425  1.69548e-02
 61  0.01199 -3.86136e-02 | 62  0.01448  2.25713e-02 | 63  0.01746  3.28674e-02
 64  0.01928  5.06632e-02 | 65  0.01938  5.02321e-02 | 66  0.02001  1.39011e-02
 67  0.02431  1.13384e-01 | 68  0.02830  1.22395e-02 | 69  0.02651 -1.76050e-02
 70  0.02614 -1.78477e-02 | 71  0.02349 -8.02390e-04 | 72  0.03069  2.40719e-02
 73  0.03069  2.54734e-02 |
1 0 23179.4
1 0 23179.4
1 0 23179.4

 - final statistics:
73 variables; iteration 113; function evaluation 139
Function value   2.3179e+04; maximum gradient component mag  -7.4835e-02
Exit code = 1;  converg criter   1.0000e-01
Var   Value    Gradient   |Var   Value    Gradient   |Var   Value    Gradient
  1  0.22017  1.51425e-02 |  2  0.16689 -3.69879e-03 |  3  0.10914 -6.64365e-03
  4  0.06598 -1.88268e-03 |  5  0.03468 -2.92492e-03 |  6  0.01134 -2.27511e-03
  7 -0.00666 -1.33900e-03 |  8 -0.02084 -1.88334e-03 |  9 -0.03215 -2.46892e-04
 10 -0.04117 -2.42917e-03 | 11 -0.04828 -1.07844e-03 | 12 -0.05373 -4.61954e-03
 13 -0.05770 -7.31530e-03 | 14 -0.06029  7.98210e-03 | 15 -0.06157  1.14605e-02
 16  0.09998 -2.77587e-02 | 17 -0.02537  3.81833e-02 | 18 -0.01582 -2.70120e-02
 19 -0.01593  1.15165e-02 | 20 -0.01420 -7.14342e-04 | 21 -0.01497 -2.82766e-03
 22 -0.00792  9.17986e-03 | 23 -0.00608 -3.78951e-02 | 24 -0.01035  7.90578e-03
 25 -0.00848 -7.48352e-02 | 26 -0.00015  1.77714e-02 | 27  0.00462  2.94518e-02
 28 -0.00572  1.48789e-02 | 29  0.00113 -1.11136e-02 | 30  0.00192  2.29889e-03
 31  0.00639 -9.07191e-03 | 32  0.00657  6.52050e-03 | 33  0.00149  5.03812e-03
 34  0.00493  1.00197e-02 | 35  0.00621 -4.07548e-03 | 36  0.00870 -5.69113e-03
 37  0.01153 -1.24655e-02 | 38  0.00957  4.74855e-03 | 39  0.00551  7.98071e-03
 40  0.01614 -4.16459e-03 | 41  0.01105 -2.25408e-03 | 42  0.01767 -2.52513e-02
 43  0.00620  1.09762e-03 | 44  0.00534  4.16796e-03 | 45  0.15333 -2.95148e-02
 46 -0.09102  1.04560e-02 | 47 -0.07214  9.37925e-03 | 48 -0.05593  1.21822e-02
 49 -0.03648 -1.26673e-02 | 50 -0.03983  2.97354e-03 | 51 -0.04733  1.21099e-02
 52 -0.02811  8.15542e-03 | 53 -0.00970 -4.93731e-03 | 54 -0.00092 -1.57737e-02
 55 -0.00064  8.31410e-03 | 56  0.00680 -1.79424e-02 | 57  0.02246 -6.12415e-02
 58  0.02486  4.84013e-02 | 59  0.02045 -1.14985e-02 | 60  0.01425 -1.79845e-02
 61  0.01199  9.88822e-03 | 62  0.01448  7.03077e-03 | 63  0.01746  2.47886e-03
 64  0.01928  8.91719e-03 | 65  0.01938 -1.14055e-03 | 66  0.02001 -5.35265e-03
 67  0.02431 -2.26990e-02 | 68  0.02830 -8.53034e-03 | 69  0.02651  1.58210e-02
 70  0.02614  1.80888e-05 | 71  0.02349  1.18818e-02 | 72  0.03069 -3.58561e-03
 73  0.03069  1.89627e-03 |
1 0 23179.4
B050895.7
0.3 0.589604
0.505375 0.470548
0.679438 0.407008
0.790105 0.376792
0.850586 0.36265
0.881328 0.355997
0.896429 0.352849
0.903727 0.351356
0.907227 0.350645
0.908899 0.350307
0.909697 0.350146
0.910078 0.35007
0.910259 0.350033
0.910345 0.350016
0.910386 0.350008
0.910406 0.350004
0.910415 0.350002
0.910419 0.350001
0.910422 0.35
0.910423 0.35
0.910423 0.35
2 0 23179.4

Initial statistics: 77 variables; iteration 0; function evaluation 0; phase 2
Function value   2.3179352e+04; maximum gradient component mag   5.0328e+03
Var   Value    Gradient   |Var   Value    Gradient   |Var   Value    Gradient
  1 -0.81181 -1.22993e+02 |  2 -0.70384 -4.30807e+02 |  3  0.22017  1.51425e-02
  4  0.16689 -3.69879e-03 |  5  0.10914 -6.64365e-03 |  6  0.06598 -1.88268e-03
  7  0.03468 -2.92492e-03 |  8  0.01134 -2.27511e-03 |  9 -0.00666 -1.33900e-03
 10 -0.02084 -1.88334e-03 | 11 -0.03215 -2.46892e-04 | 12 -0.04117 -2.42917e-03
 13 -0.04828 -1.07844e-03 | 14 -0.05373 -4.61954e-03 | 15 -0.05770 -7.31530e-03
 16 -0.06029  7.98210e-03 | 17 -0.06157  1.14605e-02 | 18  0.09998 -2.77587e-02
 19 -0.02537  3.98465e-02 | 20 -0.01582 -2.53480e-02 | 21 -0.01593  1.31805e-02
 22 -0.01420  9.49737e-04 | 23 -0.01497 -1.16363e-03 | 24 -0.00792  1.08442e-02
 25 -0.00608 -3.62307e-02 | 26 -0.01035  9.57005e-03 | 27 -0.00848 -7.31708e-02
 28 -0.00015  1.94359e-02 | 29  0.00462  3.11162e-02 | 30 -0.00572  1.65433e-02
 31  0.00113 -9.44915e-03 | 32  0.00192  3.96338e-03 | 33  0.00639 -7.40750e-03
 34  0.00657  8.18491e-03 | 35  0.00149  6.70260e-03 | 36  0.00493  1.16842e-02
 37  0.00621 -2.41106e-03 | 38  0.00870 -4.02679e-03 | 39  0.01153 -1.08013e-02
 40  0.00957  6.41285e-03 | 41  0.00551  9.64514e-03 | 42  0.01614 -2.50063e-03
 43  0.01105 -5.89840e-04 | 44  0.01767 -2.35875e-02 | 45  0.00620  2.76203e-03
 46  0.00534  5.83239e-03 | 47  0.15333 -2.95148e-02 | 48 -0.09102  1.09234e-02
 49 -0.07214  9.84838e-03 | 50 -0.05593  1.26526e-02 | 51 -0.03648 -1.21959e-02
 52 -0.03983  3.44477e-03 | 53 -0.04733  1.25808e-02 | 54 -0.02811  8.62712e-03
 55 -0.00970 -4.46521e-03 | 56 -0.00092 -1.53016e-02 | 57 -0.00064  8.78626e-03
 58  0.00680 -1.74702e-02 | 59  0.02246 -6.07696e-02 | 60  0.02486  4.88731e-02
 61  0.02045 -1.10266e-02 | 62  0.01425 -1.75125e-02 | 63  0.01199  1.03603e-02
 64  0.01448  7.50280e-03 | 65  0.01746  2.95084e-03 | 66  0.01928  9.38913e-03
 67  0.01938 -6.68610e-04 | 68  0.02001 -4.88073e-03 | 69  0.02431 -2.22272e-02
 70  0.02830 -8.05865e-03 | 71  0.02651  1.62927e-02 | 72  0.02614  4.89847e-04
 73  0.02349  1.23537e-02 | 74  0.03069 -3.11400e-03 | 75  0.03069  2.36788e-03
 76 -0.57988  5.03284e+03 | 77 -0.46165 -8.96508e+02 |
2 0 23179.3
2 0 23179.1
2 0 23177.2
2 0 23162.8
2 0 23219
2 0 23159.7
2 0 23153.8
2 0 23122.9
2 0 23128.4
2 0 23105.8
2 0 23084.3
2 0 23049.6
2 0 23019.9
2 0 23022.7
2 0 23034.4
2 0 23020.5
2 0 23017.7

Intermediate statistics: 77 variables; iteration 10; function evaluation 17; phase 2
Function value   2.3028335e+04; maximum gradient component mag  -5.8409e+03
Var   Value    Gradient   |Var   Value    Gradient   |Var   Value    Gradient
  1 -0.77325 -2.92356e+02 |  2 -0.60868 -1.75758e+02 |  3  0.22362  1.22602e+02
  4  0.16641  3.24645e+01 |  5  0.10762  1.57047e+01 |  6  0.06472  1.27708e+01
  7  0.03387  9.08845e+00 |  8  0.01080  6.09708e+00 |  9 -0.00703  4.27093e+00
 10 -0.02112  3.18974e+00 | 11 -0.03238  2.51979e+00 | 12 -0.04136  2.08843e+00
 13 -0.04844  1.79829e+00 | 14 -0.05388  1.60627e+00 | 15 -0.05783  1.48587e+00
 16 -0.06042  1.40775e+00 | 17 -0.06169  1.36678e+00 | 18  0.05224  2.25382e+03
 19 -0.02351 -4.65684e+02 | 20 -0.01461 -5.14541e+01 | 21 -0.01597 -1.62353e+02
 22 -0.01425 -1.98097e+02 | 23 -0.01530  2.95412e+01 | 24 -0.00660  3.14927e+02
 25 -0.00415 -2.98584e+02 | 26 -0.00966 -2.91288e+02 | 27 -0.00835 -8.81201e+01
 28  0.00001  7.29894e+01 | 29  0.00467  7.30226e+01 | 30 -0.00631 -3.13730e+02
 31  0.00051  4.87430e+01 | 32  0.00176  1.85860e+02 | 33  0.00635  1.79349e+02
 34  0.00640  3.40595e+01 | 35  0.00151 -1.01745e+01 | 36  0.00469  3.02432e+01
 37  0.00599  1.03364e+02 | 38  0.00837  1.50318e+02 | 39  0.01131  2.45129e+02
 40  0.00892  2.17714e+01 | 41  0.00475 -1.13240e+02 | 42  0.01583  4.24751e+02
 43  0.01018  4.28799e+01 | 44  0.01668  2.74123e+02 | 45  0.00524 -2.07388e+02
 46  0.00499 -3.97059e+02 | 47  0.15153 -5.84092e+03 | 48 -0.08932  1.32010e+03
 49 -0.07059  1.17314e+03 | 50 -0.05407  1.15800e+03 | 51 -0.03553  7.03311e+02
 52 -0.03954  5.07888e+02 | 53 -0.04541  9.56597e+02 | 54 -0.02645  1.15081e+03
 55 -0.00840  1.03400e+03 | 56  0.00032  7.24610e+02 | 57  0.00090  6.93872e+02
 58  0.00832  1.01761e+03 | 59  0.02332  7.40345e+02 | 60  0.02579  5.23696e+02
 61  0.02206  5.66211e+02 | 62  0.01615  6.42265e+02 | 63  0.01356  6.91441e+02
 64  0.01544  6.27288e+02 | 65  0.01816  5.32611e+02 | 66  0.01978  3.98023e+02
 67  0.01966  3.35873e+02 | 68  0.02073  4.31932e+02 | 69  0.02499  6.27299e+02
 70  0.02862  2.89548e+02 | 71  0.02722  3.79908e+02 | 72  0.02691  3.80860e+02
 73  0.02490  7.57370e+02 | 74  0.03156  1.08818e+03 | 75  0.02947  1.00471e+03
 76 -0.65820 -4.27917e+03 | 77 -0.61426  5.26643e+02 |
2 0 23013
2 0 23006.1
2 0 23001.2
2 0 23002.4
2 0 23000.9
2 0 23002.9
2 0 23000.1
2 0 23000.4
2 0 22999.8
2 0 22999.5
2 0 22999.1
2 0 22999.4
2 0 22999
2 0 22998.9
77 variables; iteration 20; function evaluation 31; phase 2
Function value   2.3009347e+04; maximum gradient component mag  -8.0414e+03
Var   Value    Gradient   |Var   Value    Gradient   |Var   Value    Gradient
  1 -0.70562 -3.11855e+01 |  2 -0.54830  1.55169e+02 |  3  0.22590  2.25184e+02
  4  0.16815  5.52180e+01 |  5  0.10789  1.25892e+01 |  6  0.06404  6.06139e+00
  7  0.03302  4.54910e+00 |  8  0.01018  3.74952e+00 |  9 -0.00743  2.81099e+00
 10 -0.02138  2.02506e+00 | 11 -0.03255  1.50122e+00 | 12 -0.04148  1.17550e+00
 13 -0.04854  9.67656e-01 | 14 -0.05395  8.36751e-01 | 15 -0.05790  7.55751e-01
 16 -0.06047  6.99583e-01 | 17 -0.06175  6.70304e-01 | 18  0.05209  1.97375e+03
 19 -0.02352 -5.24251e+02 | 20 -0.01582 -1.36414e+02 | 21 -0.01729 -2.49284e+02
 22 -0.01531 -3.06717e+02 | 23 -0.01568 -3.47952e+01 | 24 -0.00619  3.65078e+02
 25 -0.00456 -4.32544e+02 | 26 -0.01000 -3.28180e+02 | 27 -0.00827 -8.35781e+01
 28 -0.00007 -2.24732e+01 | 29  0.00537  1.75549e+02 | 30 -0.00597 -3.29021e+02
 31  0.00151  1.54243e+02 | 32  0.00235  2.00674e+02 | 33  0.00703  2.08674e+02
 34  0.00715  6.26371e+01 | 35  0.00217 -1.95418e+01 | 36  0.00583  1.15683e+02
 37  0.00695  1.70343e+02 | 38  0.00929  2.07132e+02 | 39  0.01188  2.37295e+02
 40  0.00960  5.70851e+01 | 41  0.00554 -6.22011e+01 | 42  0.01644  4.18539e+02
 43  0.01072  5.63532e+01 | 44  0.01702  2.02408e+02 | 45  0.00451 -1.71545e+02
 46 -0.00141 -4.46195e+02 | 47  0.15242 -8.04140e+03 | 48 -0.08945  1.29442e+03
 49 -0.07128  1.05052e+03 | 50 -0.05463  1.10301e+03 | 51 -0.03609  6.97758e+02
 52 -0.04060  3.84223e+02 | 53 -0.04561  9.03875e+02 | 54 -0.02655  1.18288e+03
 55 -0.00891  1.00543e+03 | 56 -0.00011  7.01054e+02 | 57  0.00019  5.59415e+02
 58  0.00803  9.85116e+02 | 59  0.02311  7.54232e+02 | 60  0.02529  4.46429e+02
 61  0.02150  4.72449e+02 | 62  0.01568  5.45241e+02 | 63  0.01331  6.55431e+02
 64  0.01532  6.26239e+02 | 65  0.01820  5.23391e+02 | 66  0.01972  4.06165e+02
 67  0.01976  3.56371e+02 | 68  0.02078  4.87347e+02 | 69  0.02501  6.89178e+02
 70  0.02894  3.70739e+02 | 71  0.02734  4.59789e+02 | 72  0.02725  5.15891e+02
 73  0.02592  8.31514e+02 | 74  0.03565  1.16721e+03 | 75  0.03054  1.08775e+03
 76 -0.65727 -3.93277e+03 | 77 -0.61104  5.28881e+02 |
2 0 22998.8
2 0 22998.9
2 0 22998.8
2 0 22998.9
2 0 22998.8
2 0 22998.8
2 0 22998.8
2 0 22998.8
2 0 22998.8
2 0 22998.8
2 0 22998.8
2 0 22998.8
2 0 22998.8
2 0 22998.8
77 variables; iteration 30; function evaluation 45; phase 2
Function value   2.3009188e+04; maximum gradient component mag  -8.1680e+03
Var   Value    Gradient   |Var   Value    Gradient   |Var   Value    Gradient
  1 -0.70371 -8.88519e+00 |  2 -0.54889  1.60635e+02 |  3  0.22677  2.30534e+02
  4  0.16929  5.87439e+01 |  5  0.10941  1.71431e+01 |  6  0.06522  7.71568e+00
  7  0.03369  4.38521e+00 |  8  0.01047  3.11923e+00 |  9 -0.00731  2.40421e+00
 10 -0.02128  1.94246e+00 | 11 -0.03244  1.56269e+00 | 12 -0.04136  1.25976e+00
 13 -0.04841  1.04293e+00 | 14 -0.05383  9.03153e-01 | 15 -0.05777  8.17773e-01
 16 -0.06035  7.60257e-01 | 17 -0.06163  7.30563e-01 | 18  0.05254  1.98617e+03
 19 -0.02197 -5.18172e+02 | 20 -0.01589 -1.47328e+02 | 21 -0.01749 -2.68759e+02
 22 -0.01526 -2.87767e+02 | 23 -0.01564 -1.88101e+01 | 24 -0.00623  3.71257e+02
 25 -0.00452 -4.11022e+02 | 26 -0.01002 -3.31006e+02 | 27 -0.00827 -7.83409e+01
 28 -0.00014 -2.46893e+01 | 29  0.00519  1.66453e+02 | 30 -0.00616 -3.36518e+02
 31  0.00138  1.49185e+02 | 32  0.00227  1.98825e+02 | 33  0.00706  2.27421e+02
 34  0.00716  7.63330e+01 | 35  0.00212 -1.23445e+01 | 36  0.00565  1.00715e+02
 37  0.00676  1.63175e+02 | 38  0.00908  1.95616e+02 | 39  0.01166  2.24445e+02
 40  0.00936  4.42189e+01 | 41  0.00530 -7.83282e+01 | 42  0.01622  4.00206e+02
 43  0.01057  5.51378e+01 | 44  0.01693  2.00890e+02 | 45  0.00462 -1.70011e+02
 46 -0.00052 -4.21498e+02 | 47  0.15245 -8.16796e+03 | 48 -0.08933  1.31625e+03
 49 -0.07135  1.04869e+03 | 50 -0.05472  1.09900e+03 | 51 -0.03608  7.03146e+02
 52 -0.04062  3.82114e+02 | 53 -0.04562  8.97489e+02 | 54 -0.02667  1.16321e+03
 55 -0.00889  1.01427e+03 | 56 -0.00000  7.24736e+02 | 57  0.00019  5.62325e+02
 58  0.00796  9.76723e+02 | 59  0.02303  7.45867e+02 | 60  0.02528  4.49636e+02
 61  0.02155  4.80783e+02 | 62  0.01577  5.56735e+02 | 63  0.01334  6.59210e+02
 64  0.01535  6.33427e+02 | 65  0.01814  5.16666e+02 | 66  0.01962  3.93603e+02
 67  0.01971  3.51168e+02 | 68  0.02071  4.78353e+02 | 69  0.02493  6.80422e+02
 70  0.02889  3.70357e+02 | 71  0.02727  4.54261e+02 | 72  0.02718  5.10236e+02
 73  0.02573  8.21193e+02 | 74  0.03504  1.14220e+03 | 75  0.03187  1.10430e+03
 76 -0.65737 -3.94678e+03 | 77 -0.61135  5.26997e+02 |
2 0 22998.8
2 0 22998.8
2 0 22998.7
2 0 22998.7
2 0 22998.7
2 0 22998.8
2 0 22998.7
2 0 22998.7
2 0 22998.7
2 0 22998.6
2 0 22998.6
77 variables; iteration 40; function evaluation 56; phase 2
Function value   2.3008891e+04; maximum gradient component mag  -8.1316e+03
Var   Value    Gradient   |Var   Value    Gradient   |Var   Value    Gradient
  1 -0.70348 -7.66840e+00 |  2 -0.54882  1.60575e+02 |  3  0.22698  2.35202e+02
  4  0.16919  5.87355e+01 |  5  0.10994  1.87374e+01 |  6  0.06661  3.65044e+00
  7  0.03794  1.60516e+01 |  8  0.01525  1.17951e+01 |  9 -0.00371  4.67856e+00
 10 -0.01907  9.99729e-01 | 11 -0.03106  1.25230e-01 | 12 -0.04025  7.26944e-01
 13 -0.04728  1.23066e+00 | 14 -0.05264  1.29843e+00 | 15 -0.05655  1.18749e+00
 16 -0.05912  1.07315e+00 | 17 -0.06039  1.01468e+00 | 18  0.05271  1.97262e+03
 19 -0.02142 -5.20133e+02 | 20 -0.01588 -1.47379e+02 | 21 -0.01722 -2.29242e+02
 22 -0.01522 -2.93322e+02 | 23 -0.01563 -1.22872e+01 | 24 -0.00648  3.28254e+02
 25 -0.00445 -3.98615e+02 | 26 -0.01012 -3.30839e+02 | 27 -0.00846 -1.08751e+02
 28 -0.00011 -7.13383e+00 | 29  0.00515  1.61979e+02 | 30 -0.00604 -3.12563e+02
 31  0.00143  1.74898e+02 | 32  0.00218  1.79561e+02 | 33  0.00700  2.20337e+02
 34  0.00717  8.33884e+01 | 35  0.00204 -3.03444e+01 | 36  0.00570  1.11140e+02
 37  0.00679  1.69049e+02 | 38  0.00913  2.08508e+02 | 39  0.01157  2.17945e+02
 40  0.00922  3.66760e+01 | 41  0.00520 -8.65367e+01 | 42  0.01621  4.03398e+02
 43  0.01042  2.33339e+01 | 44  0.01700  2.25110e+02 | 45  0.00449 -1.93496e+02
 46 -0.00045 -4.06589e+02 | 47  0.15242 -8.13155e+03 | 48 -0.08943  1.30048e+03
 49 -0.07140  1.02646e+03 | 50 -0.05476  1.07496e+03 | 51 -0.03594  7.14903e+02
 52 -0.04092  3.36129e+02 | 53 -0.04516  9.57574e+02 | 54 -0.02676  1.13852e+03
 55 -0.00876  1.04217e+03 | 56  0.00012  7.45882e+02 | 57  0.00003  5.34219e+02
 58  0.00815  9.97403e+02 | 59  0.02287  6.91213e+02 | 60  0.02526  4.29478e+02
 61  0.02155  4.74690e+02 | 62  0.01579  5.52211e+02 | 63  0.01339  6.65968e+02
 64  0.01542  6.42639e+02 | 65  0.01820  5.19492e+02 | 66  0.01972  3.98535e+02
 67  0.01977  3.50361e+02 | 68  0.02061  4.53589e+02 | 69  0.02483  6.53805e+02
 70  0.02893  3.67659e+02 | 71  0.02734  4.69007e+02 | 72  0.02727  5.19938e+02
 73  0.02577  8.22934e+02 | 74  0.03503  1.14645e+03 | 75  0.03118  1.09441e+03
 76 -0.65728 -3.92523e+03 | 77 -0.61116  5.27982e+02 |
2 0 22998.6
2 0 22998.5
2 0 22998.3
2 0 22998.3
2 0 22998.2
2 0 22997.9
2 0 22997.7
2 0 22998.4
2 0 22997.7
2 0 22997.5
2 0 22997.1
77 variables; iteration 50; function evaluation 67; phase 2
Function value   2.3006048e+04; maximum gradient component mag  -7.7513e+03
Var   Value    Gradient   |Var   Value    Gradient   |Var   Value    Gradient
  1 -0.70239  1.24453e+00 |  2 -0.54956  1.57517e+02 |  3  0.22574  2.14624e+02
  4  0.16740  5.09222e+01 |  5  0.10996  2.46230e+01 |  6  0.06792  1.68233e+01
  7  0.03794  2.67967e+00 |  8  0.01855 -5.42516e+00 |  9  0.00910  1.69107e+01
 10  0.00173  3.78021e+01 | 11 -0.01065  2.04938e+01 | 12 -0.02428  3.07669e+00
 13 -0.03518 -3.10170e+00 | 14 -0.04225 -1.56020e+00 | 15 -0.04635  1.62090e+00
 16 -0.04863  3.26372e+00 | 17 -0.04970  3.64855e+00 | 18  0.05309  1.85016e+03
 19 -0.02169 -5.09265e+02 | 20 -0.01550 -5.99397e+01 | 21 -0.01745 -2.92320e+02
 22 -0.01524 -2.84388e+02 | 23 -0.01521  7.22854e+01 | 24 -0.00664  2.96863e+02
 25 -0.00408 -3.45806e+02 | 26 -0.00984 -2.93288e+02 | 27 -0.00813 -3.46644e+01
 28 -0.00062 -9.85433e+01 | 29  0.00482  1.08153e+02 | 30 -0.00589 -2.59843e+02
 31  0.00117  1.17367e+02 | 32  0.00230  1.81342e+02 | 33  0.00725  2.44868e+02
 34  0.00693  3.48939e+01 | 35  0.00194 -3.35355e+01 | 36  0.00604  1.83953e+02
 37  0.00643  9.30570e+01 | 38  0.00857  1.02966e+02 | 39  0.01187  2.45897e+02
 40  0.00994  1.35664e+02 | 41  0.00515 -1.00740e+02 | 42  0.01582  3.26337e+02
 43  0.01023  2.23219e+01 | 44  0.01680  1.68119e+02 | 45  0.00484 -1.12137e+02
 46 -0.00052 -4.05052e+02 | 47  0.15258 -7.75126e+03 | 48 -0.09017  1.14420e+03
 49 -0.07095  1.08157e+03 | 50 -0.05488  1.05754e+03 | 51 -0.03576  7.41752e+02
 52 -0.04161  2.02147e+02 | 53 -0.04496  9.48564e+02 | 54 -0.02677  1.10981e+03
 55 -0.00887  9.65963e+02 | 56 -0.00016  6.64303e+02 | 57 -0.00039  4.55717e+02
 58  0.00811  9.59365e+02 | 59  0.02259  6.23331e+02 | 60  0.02517  4.09460e+02
 61  0.02188  5.02500e+02 | 62  0.01561  5.07439e+02 | 63  0.01286  5.54670e+02
 64  0.01534  5.74197e+02 | 65  0.01825  4.96034e+02 | 66  0.01936  3.57993e+02
 67  0.01941  2.97947e+02 | 68  0.02116  5.04347e+02 | 69  0.02479  6.11538e+02
 70  0.02898  3.67475e+02 | 71  0.02673  3.57617e+02 | 72  0.02721  4.95156e+02
 73  0.02522  6.91952e+02 | 74  0.03519  1.07609e+03 | 75  0.03288  1.03749e+03
 76 -0.65646 -3.71299e+03 | 77 -0.60930  5.33799e+02 |
2 0 22996.6
2 0 22997.4
2 0 22996.5
2 0 22996.1
2 0 22995.4
2 0 22996.2
2 0 22995.2
2 0 22994.6
2 0 22993.8
2 0 22995.9
2 0 22993.6
2 0 22993.1
2 0 22992.2
77 variables; iteration 60; function evaluation 80; phase 2
Function value   2.2998106e+04; maximum gradient component mag  -6.8098e+03
Var   Value    Gradient   |Var   Value    Gradient   |Var   Value    Gradient
  1 -0.69999  2.45259e+01 |  2 -0.55267  1.48305e+02 |  3  0.22413  1.71255e+02
  4  0.16665  4.84147e+01 |  5  0.10736  9.71555e+00 |  6  0.06605  1.70774e+01
  7  0.03587  7.03046e+00 |  8  0.01446 -6.12341e+00 |  9  0.00246  3.84088e+00
 10 -0.00452  1.85703e+01 | 11 -0.01156  7.31923e+00 | 12 -0.01595 -1.33390e+01
 13 -0.01185  3.35008e+01 | 14 -0.01274  3.52370e+01 | 15 -0.01917  1.63183e+01
 16 -0.02612  2.85095e+00 | 17 -0.03015 -1.91255e+00 | 18  0.05424  1.54689e+03
 19 -0.02169 -4.37284e+02 | 20 -0.01493  1.46968e+01 | 21 -0.01668 -2.01880e+02
 22 -0.01495 -2.37618e+02 | 23 -0.01514  8.27983e+01 | 24 -0.00675  2.43317e+02
 25 -0.00442 -3.31093e+02 | 26 -0.00976 -2.62902e+02 | 27 -0.00779  1.42448e+01
 28 -0.00035 -6.17225e+01 | 29  0.00491  9.91132e+01 | 30 -0.00589 -2.18458e+02
 31  0.00073  5.49273e+01 | 32  0.00203  1.51748e+02 | 33  0.00712  1.82428e+02
 34  0.00717  5.50376e+01 | 35  0.00186 -5.73262e+01 | 36  0.00607  1.88960e+02
 37  0.00623  6.54710e+01 | 38  0.00895  1.72778e+02 | 39  0.01145  1.44449e+02
 40  0.00934  5.07958e+01 | 41  0.00522 -7.52477e+01 | 42  0.01619  2.96134e+02
 43  0.01083  1.51960e+02 | 44  0.01662  1.04543e+02 | 45  0.00319 -3.59814e+02
 46 -0.00017 -2.47880e+02 | 47  0.15290 -6.80978e+03 | 48 -0.09082  9.35312e+02
 49 -0.07120  9.25735e+02 | 50 -0.05505  9.05999e+02 | 51 -0.03637  5.28695e+02
 52 -0.04116  1.91418e+02 | 53 -0.04595  6.93981e+02 | 54 -0.02739  8.97884e+02
 55 -0.00908  8.31284e+02 | 56 -0.00044  5.21146e+02 | 57 -0.00042  3.62931e+02
 58  0.00814  8.75293e+02 | 59  0.02240  5.22988e+02 | 60  0.02454  2.38263e+02
 61  0.02145  3.78663e+02 | 62  0.01571  4.52781e+02 | 63  0.01255  4.36525e+02
 64  0.01555  5.32737e+02 | 65  0.01742  2.84652e+02 | 66  0.01934  2.54545e+02
 67  0.01920  1.91659e+02 | 68  0.02117  4.69602e+02 | 69  0.02352  3.45616e+02
 70  0.03000  4.71771e+02 | 71  0.02587  1.25749e+02 | 72  0.02774  4.77346e+02
 73  0.02468  5.71843e+02 | 74  0.03469  9.23674e+02 | 75  0.03503  8.79433e+02
 76 -0.65432 -3.15439e+03 | 77 -0.60425  5.37548e+02 |
2 0 22993.7
2 0 22992
2 0 22991.4
2 0 22990.5
2 0 22990.4
2 0 22989.6
2 0 22988.6
2 0 22994.4
2 0 22988.5
2 0 22988.1
2 0 22988.3
2 0 22987.9
2 0 22987.6
2 0 22986
77 variables; iteration 70; function evaluation 94; phase 2
Function value   2.2988155e+04; maximum gradient component mag  -5.3257e+03
Var   Value    Gradient   |Var   Value    Gradient   |Var   Value    Gradient
  1 -0.69590  8.81529e+01 |  2 -0.55894  1.36211e+02 |  3  0.22075  2.57109e+01
  4  0.16591 -9.76035e+00 |  5  0.11221  3.33436e+01 |  6  0.06621  3.68371e+00
  7  0.03284 -2.07835e+01 |  8  0.01418  2.80885e+01 |  9 -0.00673 -1.09853e+01
 10 -0.02033 -1.30457e+01 | 11 -0.02698  2.15724e+01 | 12 -0.03746 -5.40391e+00
 13 -0.04421  2.37453e+01 | 14 -0.05629 -6.09219e+01 | 15 -0.04856  5.43049e+01
 16 -0.05554 -4.41572e+01 | 17 -0.04772  3.16666e+01 | 18  0.05581  1.03751e+03
 19 -0.02302 -2.58728e+02 | 20 -0.01422  2.40775e+01 | 21 -0.01563 -7.70312e+01
 22 -0.01412 -1.13071e+02 | 23 -0.01491  9.27430e+01 | 24 -0.00673  1.98531e+02
 25 -0.00433 -2.66877e+02 | 26 -0.00964 -2.05890e+02 | 27 -0.00704  1.23554e+02
 28  0.00006  3.96511e+00 | 29  0.00358 -9.41014e+01 | 30 -0.00679 -2.89077e+02
 31  0.00232  2.46272e+02 | 32  0.00364  3.22692e+02 | 33  0.00657  3.29110e+01
 34  0.00597 -1.31159e+02 | 35  0.00091 -1.37604e+02 | 36  0.00522  5.34178e+01
 37  0.00633  4.87149e+01 | 38  0.01005  3.02484e+02 | 39  0.01139  6.83335e+01
 40  0.00967  1.11055e+02 | 41  0.00476 -1.11122e+02 | 42  0.01601  2.21653e+02
 43  0.01096  1.43802e+02 | 44  0.01609 -9.31339e+00 | 45  0.00241 -4.06857e+02
 46  0.00010 -1.58045e+02 | 47  0.15333 -5.32574e+03 | 48 -0.09125  6.15196e+02
 49 -0.07160  6.75589e+02 | 50 -0.05551  6.29002e+02 | 51 -0.03681  2.97984e+02
 52 -0.04116  5.43581e+01 | 53 -0.04591  5.10741e+02 | 54 -0.02832  5.64371e+02
 55 -0.00954  5.79979e+02 | 56 -0.00011  4.00362e+02 | 57 -0.00071  1.78152e+02
 58  0.00628  4.20826e+02 | 59  0.02185  2.96922e+02 | 60  0.02623  3.72199e+02
 61  0.02122  2.34609e+02 | 62  0.01454  1.71282e+02 | 63  0.01148  1.28488e+02
 64  0.01467  2.78545e+02 | 65  0.01655  3.92458e+01 | 66  0.02011  2.39157e+02
 67  0.01893  2.26341e+01 | 68  0.02125  3.54397e+02 | 69  0.02308  1.12215e+02
 70  0.02900  1.95314e+02 | 71  0.02623  6.88848e+01 | 72  0.02756  3.58929e+02
 73  0.02359  2.40769e+02 | 74  0.03355  5.39676e+02 | 75  0.03735  6.11508e+02
 76 -0.65086 -2.22111e+03 | 77 -0.59603  5.09484e+02 |
2 0 22988.4
2 0 22985.2
2 0 22985.7
2 0 22984.8
2 0 22984.2
2 0 23010.2
2 0 22984.2
2 0 22984.1
2 0 22985
2 0 22984.1
2 0 22984.1
2 0 22984.1
2 0 22984.1
2 0 22984.1
2 0 22984.1
2 0 22984
2 0 22983
2 0 22975.4
2 0 22970.4
77 variables; iteration 80; function evaluation 113; phase 2
Function value   2.2970594e+04; maximum gradient component mag  -3.3097e+02
Var   Value    Gradient   |Var   Value    Gradient   |Var   Value    Gradient
  1 -0.68915  1.11930e+02 |  2 -0.59827  6.67228e+01 |  3  0.22010 -5.79328e+01
  4  0.16832 -1.44834e+01 |  5  0.10938 -1.41508e+01 |  6  0.06674 -3.98738e+00
  7  0.03677  4.83294e+00 |  8  0.01336 -5.44015e+00 |  9 -0.00313  1.01283e+00
 10 -0.01609  1.63680e+00 | 11 -0.02662 -2.12755e+00 | 12 -0.03415  4.00278e+00
 13 -0.04088 -7.08435e+00 | 14 -0.04375  1.22840e+01 | 15 -0.04866 -7.67254e+00
 16 -0.04979 -2.67822e+00 | 17 -0.04865  8.76094e+00 | 18  0.06076 -2.07376e+01
 19 -0.01979  5.67729e+01 | 20 -0.01447  1.56402e+01 | 21 -0.01555  2.60628e+01
 22 -0.01403 -6.72071e+00 | 23 -0.01555 -1.71108e+01 | 24 -0.00734 -7.77431e+00
 25 -0.00383  7.12078e+01 | 26 -0.00962 -1.25972e+01 | 27 -0.00867 -5.03916e+01
 28 -0.00005  2.30339e+00 | 29  0.00432 -1.98683e+01 | 30 -0.00616 -1.33550e+01
 31  0.00042 -3.02219e+01 | 32  0.00170 -7.54082e+00 | 33  0.00711  6.30844e+01
 34  0.00758  5.34147e+01 | 35  0.00198  7.56497e+00 | 36  0.00494 -2.98746e+01
 37  0.00596 -2.33386e+01 | 38  0.00841 -1.71086e+01 | 39  0.01116 -3.73945e+00
 40  0.00869 -3.14773e+01 | 41  0.00490 -3.28211e+01 | 42  0.01524 -9.71552e+00
 43  0.01025 -1.37379e+01 | 44  0.01707  6.22144e+01 | 45  0.00520  5.07125e+01
 46  0.00022 -1.58788e+01 | 47  0.15414 -3.30971e+02 | 48 -0.09243 -1.19271e+02
 49 -0.07336 -1.23536e+02 | 50 -0.05711 -1.29868e+02 | 51 -0.03756 -1.14853e+02
 52 -0.04010  8.70749e+00 | 53 -0.04667 -8.71297e+01 | 54 -0.02939 -1.30808e+02
 55 -0.01116 -1.42472e+02 | 56 -0.00125 -1.18375e+02 | 57 -0.00022 -6.84621e+01
 58  0.00574 -1.19601e+02 | 59  0.02139 -1.05469e+02 | 60  0.02441 -1.25019e+02
 61  0.02075 -1.07943e+02 | 62  0.01504 -8.58153e+01 | 63  0.01228 -8.73243e+01
 64  0.01417 -1.06499e+02 | 65  0.01753 -7.21631e+01 | 66  0.01897 -1.12188e+02
 67  0.02005 -2.66458e-01 | 68  0.01973 -1.19904e+02 | 69  0.02370 -7.41265e+01
 70  0.02827 -1.47916e+02 | 71  0.02658 -6.28447e+01 | 72  0.02590 -1.71653e+02
 73  0.02416 -8.83856e+01 | 74  0.03288 -1.41638e+02 | 75  0.03309 -8.40073e+01
 76 -0.64672 -1.05866e+02 | 77 -0.60206  2.12711e+02 |
2 0 22968.2
2 0 22965.9
2 0 22963.3
2 0 22962.9
2 0 22962.4
2 0 22961.9
2 0 22961.7
2 0 22961.6
2 0 22961.5
2 0 22961.5
2 0 22961.5
2 0 22961.4
77 variables; iteration 90; function evaluation 125; phase 2
Function value   2.2961450e+04; maximum gradient component mag  -6.2233e+01
Var   Value    Gradient   |Var   Value    Gradient   |Var   Value    Gradient
  1 -0.67116 -3.61224e+01 |  2 -0.74489 -4.49753e+00 |  3  0.22016 -1.59679e-03
  4  0.16845  4.61083e-01 |  5  0.11069 -2.60859e-01 |  6  0.06695  1.02271e-01
  7  0.03553  3.45307e-01 |  8  0.01222 -9.26716e-02 |  9 -0.00561  4.10594e-02
 10 -0.01963 -1.91097e-02 | 11 -0.03079 -9.49202e-02 | 12 -0.03965  1.29174e-01
 13 -0.04668 -2.79948e-01 | 14 -0.05201  1.96277e-01 | 15 -0.05595 -3.27332e-01
 16 -0.05845 -1.87660e-03 | 17 -0.05969  2.17391e-02 | 18  0.06145  3.54891e+01
 19 -0.02075 -4.80000e+00 | 20 -0.01482 -3.60207e+00 | 21 -0.01575 -1.83196e+00
 22 -0.01400 -1.76743e+00 | 23 -0.01552 -6.57395e-01 | 24 -0.00775  9.59762e-01
 25 -0.00434 -2.45104e+00 | 26 -0.00929 -1.48502e+00 | 27 -0.00815 -1.55110e+00
 28  0.00002  5.41516e-01 | 29  0.00449  3.03249e-01 | 30 -0.00582 -7.51064e-01
 31  0.00074 -3.62584e-01 | 32  0.00170  2.20749e-01 | 33  0.00664  3.87675e+00
 34  0.00712  3.86031e+00 | 35  0.00184 -2.97641e-02 | 36  0.00511 -5.28341e-01
 37  0.00612  7.31354e-01 | 38  0.00853 -5.43747e-01 | 39  0.01116  3.65724e+00
 40  0.00910 -6.30734e-01 | 41  0.00530 -1.09218e-01 | 42  0.01550  2.18531e+00
 43  0.01036  9.96832e-01 | 44  0.01692  3.50398e+00 | 45  0.00502  8.06843e-01
 46  0.00050 -5.08956e+00 | 47  0.15387 -1.69985e+01 | 48 -0.09227  4.13207e+00
 49 -0.07327  1.41655e+00 | 50 -0.05690  1.92379e+00 | 51 -0.03732 -3.86776e-01
 52 -0.04042 -7.13965e-01 | 53 -0.04673 -1.62914e+00 | 54 -0.02928  1.15295e-01
 55 -0.01085  1.48134e+00 | 56 -0.00097 -8.78681e-01 | 57 -0.00025 -1.88210e+00
 58  0.00597 -5.94029e-01 | 59  0.02164  1.27192e+00 | 60  0.02476 -2.84754e+00
 61  0.02086 -4.17468e+00 | 62  0.01499 -5.18798e+00 | 63  0.01232 -2.93379e+00
 64  0.01438 -2.67143e+00 | 65  0.01764 -2.40017e+00 | 66  0.01928 -2.21367e+00
 67  0.01976 -2.71564e+00 | 68  0.02005 -3.82194e+00 | 69  0.02381 -8.52004e-01
 70  0.02878 -2.94163e+00 | 71  0.02660 -1.72177e+00 | 72  0.02636 -3.33658e+00
 73  0.02402 -9.55525e-01 | 74  0.03321  1.08563e+00 | 75  0.03320 -4.27253e-01
 76 -0.65983 -6.22329e+01 | 77 -0.68843  1.11530e+01 |
2 0 22961.5
2 0 22961.4
2 0 22961.4
2 0 22961.4
2 0 22961.4
2 0 22961.4
2 0 26145.4
2 0 22961.4
2 0 22961.4
2 0 22961.4
2 0 22961.4
2 0 22961.4
2 0 22961.4
2 0 22961.4
2 0 22961.4
2 0 22961.4
2 0 22961.4
2 0 22961.4
2 0 26170.5
2 0 22961.4
2 0 22961.4
2 0 22961.4
2 0 22961.4
2 0 22961.4
2 0 22961.4
2 0 22961.4
2 0 22961.4
2 0 26170.4
2 0 22961.4
2 0 22961.4
2 0 22961.4
2 0 22961.4
2 0 22961.4
2 0 22961.4
2 0 22961.4
2 0 26170.6
2 0 22961.4
2 0 22961.4
2 0 22961.4
2 0 22961.4
2 0 22961.4
2 0 22961.4
2 0 22961.4
2 0 26169
2 0 22961.4
2 0 22961.4
2 0 22961.4
2 0 22961.4
2 0 22961.4
  ic > imax  in fminim is answer attained ?
Var   Value    Gradient   |Var   Value    Gradient   |Var   Value    Gradient
  1 -0.66911 -6.96223e+02 |  2 -0.76190 -8.11770e+01 |  3  0.22019  1.49470e-01
  4  0.16837  5.07085e-02 |  5  0.11064  1.85239e-02 |  6  0.06686  8.97981e-03
  7  0.03541  6.97756e-03 |  8  0.01218 -1.47669e-03 |  9 -0.00561  9.80231e-03
 10 -0.01958  9.87169e-03 | 11 -0.03068 -1.68394e-03 | 12 -0.03951  5.78713e-03
 13 -0.04646  7.69619e-03 | 14 -0.05178  1.28295e-02 | 15 -0.05565  2.28941e-03
 16 -0.05818  1.12605e-02 | 17 -0.05943 -1.35540e-03 | 18  0.06094 -1.30820e+00
 19 -0.02075  3.23231e-02 | 20 -0.01480  1.46188e-02 | 21 -0.01573  1.12112e-01
 22 -0.01398  1.25926e-01 | 23 -0.01552  1.20778e-02 | 24 -0.00773 -4.14632e-02
 25 -0.00431 -4.50393e-02 | 26 -0.00929  1.50560e-01 | 27 -0.00815  1.89711e-02
 28  0.00002 -8.03749e-02 | 29  0.00448 -3.91787e-02 | 30 -0.00583  1.36494e-01
 31  0.00073 -9.21576e-02 | 32  0.00171 -5.54180e-02 | 33  0.00664 -1.70370e-01
 34  0.00712 -1.29464e-01 | 35  0.00185 -6.32917e-02 | 36  0.00512 -2.82441e-02
 37  0.00611 -3.28937e-02 | 38  0.00853 -7.15002e-03 | 39  0.01114 -8.27104e-02
 40  0.00909  1.60630e-03 | 41  0.00529  5.56712e-03 | 42  0.01548 -3.22012e-02
 43  0.01035 -5.42081e-02 | 44  0.01689 -1.30003e-01 | 45  0.00500  5.03974e-02
 46  0.00055  2.09783e-01 | 47  0.15386  2.43728e+00 | 48 -0.09229 -7.38428e-03
 49 -0.07326 -1.57960e-02 | 50 -0.05690  1.75749e-02 | 51 -0.03731  1.27172e-01
 52 -0.04042  5.10811e-02 | 53 -0.04672 -1.66857e-01 | 54 -0.02927 -9.61234e-02
 55 -0.01085  7.65376e-02 | 56 -0.00097  6.22218e-02 | 57 -0.00024 -2.99346e-02
 58  0.00598 -8.58133e-02 | 59  0.02164  1.51929e-01 | 60  0.02477  6.68360e-02
 61  0.02087 -1.53033e-02 | 62  0.01500 -4.84521e-02 | 63  0.01232 -1.55605e-02
 64  0.01439  1.43071e-02 | 65  0.01764 -8.80230e-03 | 66  0.01929  1.73133e-02
 67  0.01976 -2.57862e-02 | 68  0.02006 -1.46650e-02 | 69  0.02381  1.77160e-02
 70  0.02879  2.93366e-02 | 71  0.02660  2.44176e-02 | 72  0.02637  6.29592e-02
 73  0.02402 -5.86000e-02 | 74  0.03318 -2.23594e-01 | 75  0.03318 -1.38360e-01
 76 -0.66146 -6.67050e+00 | 77 -0.69980  1.38156e+00 |
Function minimizer not making progress ... is minimum attained?
Minimprove criterion =   0.0000e+00

 - final statistics:
77 variables; iteration 100; function evaluation 173
Function value   2.2961e+04; maximum gradient component mag  -6.9622e+02
Exit code = 1;  converg criter   1.0000e-03
Var   Value    Gradient   |Var   Value    Gradient   |Var   Value    Gradient
  1 -0.66911 -6.96223e+02 |  2 -0.76190 -8.11770e+01 |  3  0.22019  1.49470e-01
  4  0.16837  5.07085e-02 |  5  0.11064  1.85239e-02 |  6  0.06686  8.97981e-03
  7  0.03541  6.97756e-03 |  8  0.01218 -1.47669e-03 |  9 -0.00561  9.80231e-03
 10 -0.01958  9.87169e-03 | 11 -0.03068 -1.68394e-03 | 12 -0.03951  5.78713e-03
 13 -0.04646  7.69619e-03 | 14 -0.05178  1.28295e-02 | 15 -0.05565  2.28941e-03
 16 -0.05818  1.12605e-02 | 17 -0.05943 -1.35540e-03 | 18  0.06094 -1.30820e+00
 19 -0.02075  3.23231e-02 | 20 -0.01480  1.46188e-02 | 21 -0.01573  1.12112e-01
 22 -0.01398  1.25926e-01 | 23 -0.01552  1.20778e-02 | 24 -0.00773 -4.14632e-02
 25 -0.00431 -4.50393e-02 | 26 -0.00929  1.50560e-01 | 27 -0.00815  1.89711e-02
 28  0.00002 -8.03749e-02 | 29  0.00448 -3.91787e-02 | 30 -0.00583  1.36494e-01
 31  0.00073 -9.21576e-02 | 32  0.00171 -5.54180e-02 | 33  0.00664 -1.70370e-01
 34  0.00712 -1.29464e-01 | 35  0.00185 -6.32917e-02 | 36  0.00512 -2.82441e-02
 37  0.00611 -3.28937e-02 | 38  0.00853 -7.15002e-03 | 39  0.01114 -8.27104e-02
 40  0.00909  1.60630e-03 | 41  0.00529  5.56712e-03 | 42  0.01548 -3.22012e-02
 43  0.01035 -5.42081e-02 | 44  0.01689 -1.30003e-01 | 45  0.00500  5.03974e-02
 46  0.00055  2.09783e-01 | 47  0.15386  2.43728e+00 | 48 -0.09229 -7.38428e-03
 49 -0.07326 -1.57960e-02 | 50 -0.05690  1.75749e-02 | 51 -0.03731  1.27172e-01
 52 -0.04042  5.10811e-02 | 53 -0.04672 -1.66857e-01 | 54 -0.02927 -9.61234e-02
 55 -0.01085  7.65376e-02 | 56 -0.00097  6.22218e-02 | 57 -0.00024 -2.99346e-02
 58  0.00598 -8.58133e-02 | 59  0.02164  1.51929e-01 | 60  0.02477  6.68360e-02
 61  0.02087 -1.53033e-02 | 62  0.01500 -4.84521e-02 | 63  0.01232 -1.55605e-02
 64  0.01439  1.43071e-02 | 65  0.01764 -8.80230e-03 | 66  0.01929  1.73133e-02
 67  0.01976 -2.57862e-02 | 68  0.02006 -1.46650e-02 | 69  0.02381  1.77160e-02
 70  0.02879  2.93366e-02 | 71  0.02660  2.44176e-02 | 72  0.02637  6.29592e-02
 73  0.02402 -5.86000e-02 | 74  0.03318 -2.23594e-01 | 75  0.03318 -1.38360e-01
 76 -0.66146 -6.67050e+00 | 77 -0.69980  1.38156e+00 |
2 0 22961.4
B050895.7
0.3 0.53819
0.461306 0.433138
0.570884 0.384226
0.626709 0.363901
0.6516 0.355641
0.662102 0.35229
0.666434 0.35093
0.668205 0.350378
0.668926 0.350153
0.669219 0.350062
0.669338 0.350025
0.669387 0.35001
0.669406 0.350004
0.669414 0.350002
0.669418 0.350001
0.669419 0.35
0.669419 0.35
0.66942 0.35
0.66942 0.35
0.66942 0.35
0.66942 0.35
Survey Bio23.7566
Survey len11406.4
CPUE45.8644
Catch10.4833
Catch len11449.4
initsmo_penal16.3653
F_pen2.38885
Rec_pen6.7889
M_pen0


Starting time: Mon Oct 15 15:02:10 2018
Finishing time: Mon Oct 15 15:02:18 2018
This run took: 0 hours, 0 minutes, 8 seconds.

